initialized model with 386 latches, 296 inputs and 1 properties
tsim: performed 6 steps
tsim: found cycle from 4
checking bound 0
checking bound 1
checking bound 2
tdecomp: unrolling 2 cycles
tsim: performed 4 steps
tsim: found cycle from 2
tsim: found 2 constants and 0 latch equivalences
tdecomp: (386, 1184) -> (384, 883)
tdecomp: completing cex trace with 2 initial steps
seqsimpl: completing cex trace with simulation
num_solve_calls = 3
num_solve_sat_calls = 1
num_solve_unsat_calls = 0
num_solve_approx_calls = 0
num_solve_approx_unsat_calls = 0
num_solve_conflicts = 359
num_solve_decisions = 2103
num_solve_propagations = 203533
avg_solve_conflicts = 120
avg_solve_decisions = 701
avg_solve_propagations = 67845
avg_solve_unsat_decisions = 0.000
stddev_solve_unsat_decisions = 0.000
num_added_cubes = 0
num_subsumed_cubes = 0
num_gc_frame = 0
num_reset = 0
num_try_blocking = 0
get_bad_cube_time = 0.000
rec_block_cube_time = 0.000
propagate_forward_time = 0.000
generalize_model_time = 0.000
generalize_and_push_time = 0.000
try_blocking_time = 0.000
reset_time = 0.000
clausify_time = 0.268
preprocess_time = 0.088
solve_time = 0.049
solve_sat_time = 0.045
solve_unsat_time = 0.004
prove_time = 0.420
memory_used_mb = 33
total_time = 0.689
Unsafe
