initialized model with 157 latches, 207 inputs and 1 properties
tsim: performed 14 steps
tsim: found cycle from 11
checking bound 0
checking bound 1
checking bound 2
tdecomp: unrolling 2 cycles
tsim: performed 12 steps
tsim: found cycle from 9
tsim: found 2 constants and 0 latch equivalences
tdecomp: (157, 828) -> (155, 340)
   2 : 8 4
   3 : 10 12 6
   4 : 8 12 8 14
 ... : 8 12 10 180
 ... : 8 12 10 358
   5 : 8 12 10 161 328
 ... : 8 12 12 172 447
 ... : 8 12 14 173 547
 ... : 8 12 14 166 620
 ... : 8 12 14 139 753
 ... : 8 12 14 151 818
 ... : 11 12 15 149 926
   6 : 11 12 15 58 763 337
 ... : 13 12 15 58 792 410
 ... : 13 12 15 58 804 537
 ... : 13 12 15 57 828 619
 ... : 13 12 15 58 849 695
 ... : 13 12 15 62 873 762
 ... : 13 12 15 67 902 812
 ... : 13 12 15 69 938 869
 ... : 13 12 15 74 975 915
 ... : 13 12 15 81 1001 979
 ... : 13 12 15 83 1034 1058
 ... : 13 12 15 86 1065 1113
 ... : 13 12 15 90 1082 1178
 ... : 13 12 15 95 1105 1213
 ... : 13 12 15 95 1127 1309
 ... : 13 12 15 102 1145 1393
 ... : 13 12 15 104 1168 1426
 ... : 13 12 15 101 1192 1452
 ... : 13 12 15 102 1215 1515
 ... : 13 12 15 109 1235 1556
 ... : 13 12 15 113 1249 1594
 ... : 13 12 15 113 1249 1582
 ... : 13 12 15 113 1213 1751
 ... : 13 12 15 113 1247 1800
 ... : 13 12 15 113 1256 1899
 ... : 13 12 15 112 1273 1997
 ... : 13 12 15 111 1260 2193
 ... : 13 12 15 115 1294 2224
 ... : 13 12 15 115 1338 2305
 ... : 13 12 15 116 1383 2361
 ... : 13 12 15 121 1417 2401
 ... : 13 12 15 125 1455 2453
 ... : 13 12 15 124 1468 2565
 ... : 13 12 15 123 1495 2667
 ... : 13 12 15 120 1512 2714
 ... : 13 12 15 120 1528 2773
 ... : 13 12 15 119 1532 2830
 ... : 13 12 15 118 1536 2916
 ... : 13 12 15 117 1558 2945
 ... : 13 12 15 114 1552 3051
 ... : 13 12 15 110 1514 3119
   7 : 13 12 15 69 1243 2419 744
 ... : 13 12 15 70 1250 2447 823
 ... : 13 12 15 72 1251 2479 859
 ... : 13 12 15 72 1258 2534 920
 ... : 13 12 15 72 1276 2574 962
 ... : 13 12 15 74 1287 2616 1008
 ... : 13 12 15 75 1303 2664 1048
 ... : 13 12 15 75 1314 2717 1101
 ... : 13 12 15 75 1327 2756 1149
 ... : 13 12 15 75 1324 2753 1307
 ... : 13 12 15 75 1324 2742 1430
 ... : 13 12 15 75 1324 2760 1576
 ... : 13 12 15 75 1324 2788 1684
 ... : 13 12 15 75 1331 2824 1767
 ... : 13 12 15 75 1336 2856 1847
 ... : 13 12 15 76 1352 2907 1886
 ... : 13 12 15 78 1367 2950 1934
 ... : 13 12 15 78 1382 2998 1986
 ... : 13 12 15 78 1400 3049 2030
 ... : 13 12 15 78 1412 3090 2085
 ... : 13 12 15 81 1425 3133 2129
 ... : 13 12 15 83 1438 3174 2177
 ... : 13 12 15 84 1449 3222 2216
 ... : 13 12 15 86 1457 3260 2248
 ... : 13 12 15 86 1460 3288 2320
 ... : 13 12 15 86 1463 3308 2405
 ... : 13 12 15 86 1464 3350 2498
 ... : 13 12 15 86 1466 3351 2615
 ... : 13 12 15 88 1474 3374 2696
 ... : 13 12 15 88 1482 3413 2734
 ... : 13 12 15 85 1484 3441 2759
 ... : 13 12 15 80 1487 3485 2797
 ... : 13 12 15 78 1492 3519 2825
 ... : 13 12 15 79 1496 3556 2859
 ... : 13 12 15 79 1497 3600 2895
 ... : 13 12 15 79 1511 3649 2928
 ... : 13 12 15 79 1512 3682 3019
 ... : 13 12 15 79 1525 3720 3070
 ... : 13 12 15 79 1527 3740 3158
 ... : 13 12 15 77 1530 3766 3230
 ... : 13 12 15 75 1531 3796 3279
 ... : 13 12 15 74 1532 3821 3351
 ... : 13 12 15 74 1547 3858 3391
 ... : 13 12 15 74 1554 3899 3437
 ... : 13 12 15 74 1547 3912 3506
 ... : 13 12 15 74 1549 3933 3552
 ... : 13 12 15 72 1548 3960 3596
 ... : 13 12 15 70 1533 3982 3624
 ... : 13 12 15 70 1516 3990 3662
 ... : 13 12 15 69 1514 4016 3702
 ... : 13 12 15 69 1511 4023 3797
 ... : 13 12 15 69 1506 4033 3876
 ... : 13 12 15 69 1506 4054 3992
 ... : 13 12 15 69 1506 4055 4144
 ... : 13 12 15 69 1506 4092 4244
 ... : 13 12 15 69 1505 4082 4351
 ... : 13 12 15 69 1505 4074 4519
 ... : 13 12 15 69 1491 4069 4640
 ... : 13 12 15 69 1491 4061 4824
   8 : 13 12 15 60 1029 3114 4381 827
 ... : 13 12 15 60 1029 3121 4415 915
 ... : 13 12 15 60 1028 3129 4451 963
 ... : 13 12 15 60 1029 3135 4474 1081
 ... : 13 12 15 60 1030 3140 4525 1132
 ... : 13 12 15 60 1031 3152 4578 1179
 ... : 13 12 15 60 1032 3157 4631 1236
 ... : 13 12 15 60 1034 3168 4690 1280
 ... : 13 12 15 60 1035 3175 4740 1325
 ... : 13 12 15 60 1035 3163 4730 1474
 ... : 13 12 15 60 1032 3176 4774 1521
 ... : 13 12 15 60 1025 3166 4820 1572
 ... : 13 12 15 60 1025 3157 4832 1699
 ... : 13 12 15 60 1026 3157 4853 1788
 ... : 13 12 15 60 1022 3151 4874 1852
 ... : 13 12 15 61 1018 3139 4892 1922
 ... : 13 12 15 61 1018 3141 4917 2024
 ... : 13 12 15 61 1017 3139 4931 2171
 ... : 13 12 15 61 1017 3136 4968 2272
 ... : 13 12 15 61 1017 3131 4986 2392
 ... : 13 12 15 61 1017 3131 5007 2512
 ... : 13 12 15 61 1016 3134 5038 2635
 ... : 13 12 15 61 1014 3133 5078 2717
 ... : 13 12 15 61 1014 3135 5100 2860
 ... : 13 12 15 61 1014 3140 5150 2948
 ... : 13 12 15 61 1014 3139 5192 3031
 ... : 13 12 15 61 1017 3144 5230 3087
 ... : 13 12 15 61 1014 3143 5280 3139
 ... : 13 12 15 61 1013 3147 5326 3192
 ... : 13 12 15 61 1008 3134 5356 3227
 ... : 13 12 15 61 1001 3117 5380 3275
 ... : 13 12 15 61 999 3113 5412 3319
 ... : 13 12 15 61 996 3101 5444 3385
 ... : 13 12 15 61 992 3102 5479 3464
 ... : 13 12 15 61 992 3105 5494 3573
 ... : 13 12 15 61 992 3111 5538 3627
 ... : 13 12 15 61 991 3108 5573 3676
 ... : 13 12 15 61 992 3117 5600 3726
 ... : 13 12 15 61 988 3111 5640 3785
 ... : 13 12 15 61 988 3108 5669 3872
 ... : 13 12 15 61 990 3115 5707 3946
 ... : 13 12 15 61 989 3114 5708 4085
 ... : 13 12 15 61 989 3114 5739 4193
 ... : 13 12 15 61 989 3117 5785 4274
 ... : 13 12 15 61 989 3115 5770 4434
 ... : 13 12 15 61 989 3108 5809 4506
 ... : 13 12 15 61 989 3100 5816 4626
 ... : 13 12 15 61 989 3085 5849 4718
 ... : 13 12 15 61 989 3084 5867 4831
 ... : 13 12 15 61 987 3082 5894 4928
 ... : 13 12 15 61 984 3078 5925 4977
 ... : 13 12 15 61 985 3074 5924 5060
 ... : 13 12 15 61 985 3067 5898 5224
 ... : 13 12 15 61 985 3065 5935 5326
 ... : 13 12 15 61 983 3056 5950 5381
 ... : 13 12 15 61 983 3048 5955 5490
 ... : 13 12 15 61 982 3028 5961 5608
 ... : 13 12 15 61 982 3025 5967 5728
 ... : 13 12 15 61 981 3023 5974 5852
 ... : 13 12 15 61 981 3014 5940 5972
   9 : 13 12 15 61 888 2456 4390 5714 1530
 ... : 13 12 15 61 888 2456 4393 5774 1580
 ... : 13 12 15 61 888 2456 4395 5827 1641
 ... : 13 12 15 61 888 2456 4398 5883 1698
 ... : 13 12 15 61 888 2456 4404 5941 1755
 ... : 13 12 15 61 888 2456 4409 5995 1809
 ... : 13 12 15 61 888 2456 4411 6028 1919
 ... : 13 12 15 61 888 2456 4410 6060 2029
 ... : 13 12 15 61 888 2456 4410 6100 2099
 ... : 13 12 15 61 888 2456 4416 6157 2148
 ... : 13 12 15 61 888 2457 4415 6177 2285
 ... : 13 12 15 61 888 2457 4415 6222 2374
 ... : 13 12 15 61 888 2457 4415 6278 2436
 ... : 13 12 15 61 888 2457 4415 6325 2514
 ... : 13 12 15 61 888 2457 4417 6369 2577
 ... : 13 12 15 61 888 2457 4416 6386 2698
 ... : 13 12 15 61 888 2457 4417 6417 2782
 ... : 13 12 15 61 888 2457 4419 6458 2866
 ... : 13 12 15 61 888 2457 4420 6505 2930
 ... : 13 12 15 61 888 2457 4421 6539 3004
 ... : 13 12 15 61 888 2457 4424 6593 3064
 ... : 13 12 15 61 888 2457 4423 6647 3120
 ... : 13 12 15 61 888 2457 4420 6695 3181
 ... : 13 12 15 61 888 2456 4416 6733 3242
 ... : 13 12 15 61 888 2456 4413 6781 3291
 ... : 13 12 15 61 888 2455 4409 6831 3346
 ... : 13 12 15 61 888 2455 4408 6865 3430
 ... : 13 12 15 61 888 2453 4392 6901 3502
 ... : 13 12 15 61 888 2453 4392 6932 3594
 ... : 13 12 15 61 888 2453 4391 6988 3663
 ... : 13 12 15 61 888 2453 4393 7037 3724
 ... : 13 12 15 61 888 2453 4392 7079 3777
 ... : 13 12 15 61 888 2453 4390 7122 3838
 ... : 13 12 15 61 888 2453 4388 7153 3895
 ... : 13 12 15 61 888 2453 4380 7181 3977
 ... : 13 12 15 61 888 2453 4380 7192 4087
 ... : 13 12 15 61 888 2453 4380 7212 4184
 ... : 13 12 15 61 888 2453 4377 7211 4335
 ... : 13 12 15 61 888 2453 4372 7226 4422
 ... : 13 12 15 61 888 2453 4369 7243 4566
 ... : 13 12 15 61 888 2453 4365 7271 4652
 ... : 13 12 15 61 888 2453 4362 7275 4791
 ... : 13 12 15 61 888 2453 4362 7284 4924
 ... : 13 12 15 61 888 2452 4362 7318 5040
 ... : 13 12 15 61 888 2452 4362 7326 5147
 ... : 13 12 15 61 888 2452 4359 7329 5291
 ... : 13 12 15 61 888 2452 4344 7331 5390
 ... : 13 12 15 61 888 2452 4329 7350 5486
 ... : 13 12 15 61 888 2452 4321 7366 5561
 ... : 13 12 15 61 888 2452 4311 7381 5682
 ... : 13 12 15 61 888 2452 4306 7398 5782
 ... : 13 12 15 61 888 2452 4300 7393 5917
 ... : 13 12 15 61 888 2453 4284 7410 5973
 ... : 13 12 15 61 888 2452 4271 7409 6030
 ... : 13 12 15 61 888 2452 4265 7420 6136
 ... : 13 12 15 61 888 2452 4265 7446 6258
 ... : 13 12 15 61 888 2452 4265 7487 6337
 ... : 13 12 15 61 888 2452 4264 7507 6431
 ... : 13 12 15 61 888 2452 4253 7494 6558
 ... : 13 12 15 61 888 2452 4237 7521 6635
 ... : 13 12 15 61 888 2452 4225 7534 6739
 ... : 13 12 15 61 888 2452 4212 7529 6849
 ... : 13 12 15 61 888 2452 4212 7550 6960
 ... : 13 12 15 61 888 2452 4212 7577 7042
 ... : 13 12 15 61 888 2452 4212 7622 7146
 ... : 13 12 15 61 888 2452 4212 7651 7277
  10 : 13 12 15 61 888 2430 3120 6088 6594 1727
 ... : 13 12 15 61 888 2430 3120 6087 6596 1896
 ... : 13 12 15 61 888 2430 3120 6087 6617 2022
 ... : 13 12 15 61 888 2430 3120 6088 6643 2126
 ... : 13 12 15 61 888 2430 3120 6088 6671 2212
 ... : 13 12 15 61 888 2430 3120 6089 6711 2306
 ... : 13 12 15 61 888 2430 3119 6092 6742 2386
 ... : 13 12 15 61 888 2430 3119 6093 6770 2452
 ... : 13 12 15 61 888 2430 3119 6094 6811 2525
 ... : 13 12 15 61 888 2430 3119 6094 6823 2619
 ... : 13 12 15 61 888 2430 3118 6100 6867 2686
 ... : 13 12 15 61 888 2430 3118 6101 6897 2744
 ... : 13 12 15 61 888 2430 3118 6100 6923 2864
 ... : 13 12 15 61 888 2430 3118 6102 6956 2947
 ... : 13 12 15 61 888 2430 3118 6101 6992 3024
 ... : 13 12 15 61 888 2430 3118 6101 7002 3177
 ... : 13 12 15 61 888 2430 3117 6100 7052 3231
 ... : 13 12 15 61 888 2430 3116 6114 7095 3280
 ... : 13 12 15 61 888 2430 3116 6115 7149 3340
 ... : 13 12 15 61 888 2430 3114 6111 7202 3395
 ... : 13 12 15 61 888 2430 3114 6109 7249 3454
 ... : 13 12 15 61 888 2430 3114 6112 7294 3545
 ... : 13 12 15 61 888 2430 3114 6111 7314 3657
 ... : 13 12 15 61 888 2430 3115 6117 7341 3770
 ... : 13 12 15 61 888 2430 3115 6117 7358 3896
 ... : 13 12 15 61 888 2430 3114 6120 7410 3949
 ... : 13 12 15 61 888 2430 3113 6116 7453 4020
 ... : 13 12 15 61 888 2430 3113 6116 7455 4178
 ... : 13 12 15 61 888 2430 3113 6118 7500 4251
 ... : 13 12 15 61 888 2430 3113 6119 7523 4325
 ... : 13 12 15 61 888 2430 3113 6122 7568 4373
 ... : 13 12 15 61 888 2430 3112 6124 7589 4479
 ... : 13 12 15 61 888 2430 3112 6124 7576 4645
 ... : 13 12 15 61 888 2430 3112 6131 7616 4721
 ... : 13 12 15 61 888 2430 3109 6123 7651 4781
 ... : 13 12 15 61 888 2430 3106 6113 7678 4848
 ... : 13 12 15 61 888 2430 3106 6110 7727 4920
 ... : 13 12 15 61 888 2430 3106 6109 7763 4986
 ... : 13 12 15 61 888 2430 3106 6107 7780 5091
 ... : 13 12 15 61 888 2430 3105 6112 7834 5155
 ... : 13 12 15 61 888 2430 3106 6117 7866 5222
 ... : 13 12 15 61 888 2430 3104 6106 7902 5274
 ... : 13 12 15 61 888 2430 3104 6108 7930 5383
 ... : 13 12 15 61 888 2430 3104 6107 7966 5479
 ... : 13 12 15 61 888 2430 3103 6091 7983 5558
 ... : 13 12 15 61 888 2430 3103 6091 8008 5655
 ... : 13 12 15 61 888 2430 3103 6089 8001 5762
 ... : 13 12 15 61 888 2430 3103 6089 7995 5916
 ... : 13 12 15 61 888 2430 3103 6090 8039 5993
 ... : 13 12 15 61 888 2430 3103 6092 8078 6065
 ... : 13 12 15 61 888 2430 3101 6090 8110 6150
 ... : 13 12 15 61 888 2430 3101 6089 8126 6245
 ... : 13 12 15 61 888 2430 3100 6090 8146 6338
 ... : 13 12 15 61 888 2430 3096 6083 8169 6395
 ... : 13 12 15 61 888 2430 3094 6077 8190 6497
 ... : 13 12 15 61 888 2430 3093 6070 8211 6575
 ... : 13 12 15 61 888 2430 3093 6064 8236 6649
 ... : 13 12 15 61 888 2430 3092 6064 8284 6712
 ... : 13 12 15 61 888 2430 3089 6054 8315 6793
 ... : 13 12 15 61 888 2430 3089 6050 8343 6879
 ... : 13 12 15 61 888 2430 3089 6048 8359 6968
 ... : 13 12 15 61 888 2430 3089 6047 8364 7054
 ... : 13 12 15 61 888 2430 3088 6048 8355 7195
 ... : 13 12 15 61 888 2430 3087 6046 8356 7295
 ... : 13 12 15 61 888 2430 3087 6037 8366 7391
 ... : 13 12 15 61 888 2430 3088 6028 8365 7488
 ... : 13 12 15 61 888 2430 3087 6014 8341 7568
 ... : 13 12 15 61 888 2430 3087 6017 8368 7638
 ... : 13 12 15 61 888 2430 3087 6023 8404 7705
 ... : 13 12 15 61 888 2430 3087 6019 8400 7838
  11 : 13 12 15 61 888 2425 2932 5057 6356 7261 2101
 ... : 13 12 15 61 902 2461 2956 5062 6358 7262 2113
 ... : 13 12 15 62 906 2463 2966 5092 6382 7267 2114
 ... : 13 12 15 75 906 2483 3001 5106 6383 7267 2114
 ... : 13 12 15 75 908 2483 3006 5123 6424 7303 2115
 ... : 13 12 15 86 911 2511 3024 5129 6424 7303 2120
 ... : 13 12 15 86 911 2511 3054 5156 6452 7316 2120
 ... : 13 12 15 86 911 2512 3061 5173 6479 7359 2122
 ... : 13 12 15 96 915 2538 3081 5181 6479 7359 2122
 ... : 13 12 15 96 915 2542 3117 5209 6505 7361 2122
 ... : 13 12 15 96 917 2552 3095 5182 6481 7310 2118
 ... : 13 12 15 96 917 2553 3094 5189 6510 7358 2127
 ... : 13 12 15 96 915 2554 3100 5202 6523 7380 2159
 ... : 13 12 15 96 912 2552 3104 5213 6527 7397 2224
 ... : 13 12 15 96 912 2554 3105 5219 6543 7419 2248
 ... : 13 12 15 96 912 2555 3105 5214 6539 7433 2308
 ... : 13 12 15 96 912 2555 3105 5212 6542 7461 2393
 ... : 13 12 15 96 912 2555 3105 5212 6543 7493 2483
 ... : 13 12 15 96 912 2555 3105 5212 6545 7535 2548
 ... : 13 12 15 96 912 2555 3105 5213 6558 7575 2611
 ... : 13 12 15 96 912 2555 3105 5213 6562 7617 2685
 ... : 13 12 15 96 912 2555 3105 5213 6567 7673 2744
 ... : 13 12 15 96 912 2555 3105 5213 6570 7717 2815
 ... : 13 12 15 96 912 2555 3105 5213 6584 7759 2886
 ... : 13 12 15 96 912 2555 3105 5214 6593 7803 2953
 ... : 13 12 15 96 912 2555 3104 5212 6601 7858 3008
 ... : 13 12 15 96 912 2555 3103 5213 6612 7901 3064
 ... : 13 12 15 96 912 2555 3103 5213 6614 7930 3155
 ... : 13 12 15 96 912 2555 3103 5213 6617 7983 3215
 ... : 13 12 15 96 912 2555 3102 5212 6624 8018 3284
 ... : 13 12 15 96 912 2555 3102 5212 6629 8049 3356
 ... : 13 12 15 96 912 2555 3102 5212 6628 8080 3408
 ... : 13 12 15 96 912 2555 3102 5211 6629 8114 3501
 ... : 13 12 15 96 912 2555 3102 5211 6628 8117 3641
 ... : 13 12 15 96 912 2555 3102 5211 6633 8159 3731
 ... : 13 12 15 96 912 2555 3102 5211 6631 8166 3860
 ... : 13 12 15 96 912 2555 3102 5212 6644 8206 3937
 ... : 13 12 15 96 912 2555 3103 5217 6663 8258 3978
 ... : 13 12 15 96 912 2555 3103 5217 6665 8300 4063
 ... : 13 12 15 96 912 2555 3103 5214 6664 8306 4133
 ... : 13 12 15 96 912 2555 3103 5214 6664 8355 4207
 ... : 13 12 15 96 912 2555 3103 5214 6667 8384 4278
 ... : 13 12 15 96 912 2555 3103 5214 6673 8404 4359
 ... : 13 12 15 96 912 2555 3102 5214 6682 8446 4410
 ... : 13 12 15 96 912 2555 3102 5211 6684 8467 4492
 ... : 13 12 15 96 912 2555 3102 5211 6684 8496 4555
 ... : 13 12 15 96 912 2555 3102 5211 6686 8520 4646
 ... : 13 12 15 96 912 2555 3102 5211 6691 8547 4728
 ... : 13 12 15 96 912 2555 3102 5213 6697 8561 4815
 ... : 13 12 15 96 912 2555 3102 5213 6700 8554 4974
 ... : 13 12 15 96 912 2555 3102 5213 6699 8574 5064
 ... : 13 12 15 96 912 2555 3102 5213 6697 8607 5148
 ... : 13 12 15 96 912 2555 3102 5213 6697 8620 5254
 ... : 13 12 15 96 912 2555 3102 5213 6697 8642 5325
 ... : 13 12 15 96 912 2555 3102 5213 6693 8673 5398
 ... : 13 12 15 96 912 2555 3102 5213 6695 8696 5464
 ... : 13 12 15 96 912 2555 3102 5212 6702 8731 5518
 ... : 13 12 15 96 912 2555 3099 5209 6704 8747 5567
 ... : 13 12 15 96 912 2555 3099 5209 6708 8762 5679
 ... : 13 12 15 96 912 2555 3099 5209 6715 8793 5747
 ... : 13 12 15 96 912 2555 3099 5209 6710 8818 5838
 ... : 13 12 15 96 912 2555 3099 5209 6714 8858 5910
 ... : 13 12 15 96 912 2555 3099 5209 6718 8892 5987
 ... : 13 12 15 96 912 2555 3099 5209 6717 8926 6035
 ... : 13 12 15 96 912 2555 3099 5209 6719 8923 6148
 ... : 13 12 15 96 912 2555 3099 5209 6717 8922 6265
 ... : 13 12 15 96 912 2555 3099 5208 6716 8956 6323
 ... : 13 12 15 96 912 2555 3099 5207 6720 8983 6396
 ... : 13 12 15 96 912 2555 3099 5204 6714 9010 6462
 ... : 13 12 15 96 912 2555 3099 5203 6721 9048 6518
 ... : 13 12 15 96 912 2555 3099 5201 6721 9085 6579
 ... : 13 12 15 96 912 2555 3099 5199 6717 9105 6628
 ... : 13 12 15 96 912 2555 3099 5198 6713 9113 6726
 ... : 13 12 15 96 912 2555 3099 5199 6717 9140 6810
 ... : 13 12 15 96 912 2555 3099 5199 6717 9173 6896
 ... : 13 12 15 96 912 2555 3099 5199 6709 9172 7011
 ... : 13 12 15 96 912 2555 3099 5199 6708 9175 7124
 ... : 13 12 15 96 912 2555 3099 5199 6706 9170 7214
 ... : 13 12 15 96 912 2555 3099 5199 6704 9194 7295
 ... : 13 12 15 96 912 2555 3099 5199 6700 9162 7415
 ... : 13 12 15 96 912 2555 3099 5199 6700 9141 7532
  12 : 13 12 15 96 844 2476 2889 4732 5700 7694 6767 2151
 ... : 13 12 15 96 844 2476 2889 4734 5709 7722 6802 2199
 ... : 13 12 15 96 844 2476 2889 4734 5710 7752 6860 2214
 ... : 13 12 15 96 844 2476 2889 4732 5711 7764 6903 2262
 ... : 13 12 15 96 844 2476 2889 4732 5713 7768 6928 2312
 ... : 13 12 15 96 844 2476 2888 4730 5708 7774 6963 2345
 ... : 13 12 15 96 844 2476 2887 4720 5705 7795 7005 2369
 ... : 13 12 15 96 844 2476 2887 4719 5707 7814 7057 2408
 ... : 13 12 15 96 844 2476 2886 4715 5707 7823 7093 2453
 ... : 13 12 15 96 844 2476 2886 4714 5705 7825 7118 2486
 ... : 13 12 15 96 844 2476 2886 4712 5700 7827 7155 2541
 ... : 13 12 15 96 844 2476 2885 4703 5691 7819 7176 2593
 ... : 13 12 15 96 844 2476 2885 4699 5692 7826 7219 2636
 ... : 13 12 15 96 844 2476 2885 4699 5692 7839 7242 2673
 ... : 13 12 15 96 844 2476 2885 4696 5691 7840 7268 2710
 ... : 13 12 15 96 844 2476 2883 4691 5691 7847 7310 2739
 ... : 13 12 15 96 844 2476 2883 4690 5688 7853 7349 2773
 ... : 13 12 15 96 844 2476 2882 4687 5685 7851 7381 2812
 ... : 13 12 15 96 844 2476 2881 4680 5677 7842 7410 2852
 ... : 13 12 15 96 844 2476 2881 4678 5675 7835 7443 2904
 ... : 13 12 15 96 844 2476 2881 4677 5670 7836 7477 2940
 ... : 13 12 15 96 844 2476 2881 4673 5663 7828 7500 2986
 ... : 13 12 15 96 844 2476 2881 4671 5650 7805 7508 3046
 ... : 13 12 15 96 844 2476 2881 4671 5648 7812 7547 3087
 ... : 13 12 15 96 844 2476 2881 4670 5648 7828 7596 3111
 ... : 13 12 15 96 844 2476 2881 4669 5649 7846 7648 3131
 ... : 13 12 15 96 844 2476 2881 4669 5650 7851 7686 3194
 ... : 13 12 15 96 844 2476 2881 4668 5655 7861 7718 3247
 ... : 13 12 15 96 844 2476 2881 4668 5655 7877 7770 3300
 ... : 13 12 15 96 844 2476 2881 4668 5655 7881 7825 3345
 ... : 13 12 15 96 844 2476 2881 4669 5656 7893 7872 3401
 ... : 13 12 15 96 844 2476 2881 4669 5656 7900 7915 3454
 ... : 13 12 15 96 844 2476 2878 4664 5658 7910 7947 3468
 ... : 13 12 15 96 844 2476 2879 4664 5659 7925 7988 3484
 ... : 13 12 15 96 844 2476 2878 4658 5651 7927 8033 3506
 ... : 13 12 15 96 844 2476 2878 4655 5638 7918 8058 3551
 ... : 13 12 15 96 844 2476 2878 4653 5634 7921 8105 3599
 ... : 13 12 15 96 844 2476 2878 4650 5626 7914 8123 3641
 ... : 13 12 15 96 844 2476 2878 4649 5618 7906 8142 3690
 ... : 13 12 15 96 844 2476 2878 4649 5615 7902 8176 3747
 ... : 13 12 15 96 844 2476 2878 4646 5609 7889 8186 3807
 ... : 13 12 15 96 844 2476 2878 4639 5600 7886 8193 3859
 ... : 13 12 15 96 844 2476 2878 4640 5599 7897 8240 3900
 ... : 13 12 15 96 844 2476 2877 4634 5590 7902 8283 3928
 ... : 13 12 15 96 844 2476 2876 4629 5587 7914 8319 3973
 ... : 13 12 15 96 844 2476 2872 4622 5570 7902 8338 3993
 ... : 13 12 15 96 844 2476 2872 4622 5567 7898 8365 4041
 ... : 13 12 15 96 844 2476 2872 4618 5555 7893 8391 4085
 ... : 13 12 15 96 844 2476 2872 4614 5549 7870 8382 4141
 ... : 13 12 15 96 844 2476 2870 4608 5539 7860 8380 4194
 ... : 13 12 15 96 844 2476 2870 4598 5529 7857 8412 4237
 ... : 13 12 15 96 844 2476 2870 4597 5528 7865 8436 4270
 ... : 13 12 15 96 844 2476 2869 4593 5523 7860 8439 4315
 ... : 13 12 15 96 844 2476 2869 4593 5521 7855 8452 4359
 ... : 13 12 15 96 844 2476 2869 4594 5521 7859 8486 4409
 ... : 13 12 15 96 844 2476 2869 4593 5519 7873 8532 4450
 ... : 13 12 15 96 844 2476 2869 4593 5521 7879 8572 4497
 ... : 13 12 15 96 844 2476 2869 4593 5518 7874 8608 4560
 ... : 13 12 15 96 844 2476 2868 4586 5514 7875 8645 4604
 ... : 13 12 15 96 844 2476 2868 4584 5513 7873 8659 4655
 ... : 13 12 15 96 844 2476 2867 4578 5501 7854 8686 4688
 ... : 13 12 15 96 844 2476 2866 4571 5487 7851 8702 4732
 ... : 13 12 15 96 845 2476 2865 4565 5477 7836 8717 4789
 ... : 13 12 15 108 846 2497 2889 4584 5477 7836 8717 4789
 ... : 13 12 15 108 846 2498 2895 4597 5500 7848 8735 4770
 ... : 13 12 15 108 847 2498 2905 4612 5512 7857 8751 4748
 ... : 13 12 15 108 853 2516 2914 4632 5534 7858 8751 4749
 ... : 13 12 15 108 852 2512 2907 4620 5525 7887 8778 4751
 ... : 13 12 15 108 852 2508 2901 4612 5520 7886 8793 4767
 ... : 13 12 15 108 852 2504 2893 4605 5515 7873 8802 4814
 ... : 13 12 15 108 852 2504 2890 4592 5502 7857 8801 4857
 ... : 13 12 15 108 855 2509 2898 4587 5499 7856 8803 4881
 ... : 13 12 15 108 855 2510 2912 4612 5529 7858 8803 4881
 ... : 13 12 15 108 855 2510 2910 4615 5559 7888 8808 4881
 ... : 13 12 15 108 855 2518 2928 4637 5587 7899 8810 4882
 ... : 13 12 15 108 855 2517 2925 4637 5600 7926 8839 4884
 ... : 13 12 15 108 853 2523 2934 4647 5593 7935 8873 4886
 ... : 13 12 15 108 853 2523 2934 4657 5642 7972 8887 4886
 ... : 13 12 15 108 853 2534 2957 4673 5647 7971 8918 4896
 ... : 13 12 15 108 857 2543 2962 4674 5662 8000 8937 4896
 ... : 13 12 15 109 858 2551 2981 4698 5689 8018 8937 4896
 ... : 13 12 15 109 861 2559 2996 4722 5712 8025 8938 4896
 ... : 13 12 15 109 860 2556 2996 4728 5743 8056 8944 4897
 ... : 13 12 15 109 860 2556 2987 4720 5738 8080 8983 4897
 ... : 13 12 15 109 858 2551 2979 4704 5725 8079 9039 4901
 ... : 13 12 15 109 858 2546 2969 4698 5728 8090 9062 4922
 ... : 13 12 15 109 857 2542 2970 4706 5732 8099 9085 4929
 ... : 13 12 15 109 857 2540 2967 4703 5733 8118 9115 4938
 ... : 13 12 15 109 857 2537 2963 4701 5732 8123 9145 4978
 ... : 13 12 15 109 857 2527 2944 4691 5727 8117 9163 5009
 ... : 13 12 15 109 857 2525 2936 4681 5717 8098 9156 5051
 ... : 13 12 15 109 857 2524 2935 4679 5718 8082 9152 5105
 ... : 13 12 15 109 857 2521 2927 4666 5709 8079 9152 5156
 ... : 13 12 15 109 857 2519 2924 4659 5700 8083 9171 5182
 ... : 13 12 15 109 857 2515 2910 4660 5696 8076 9181 5219
 ... : 13 12 15 109 856 2512 2903 4652 5675 8059 9160 5251
 ... : 13 12 15 109 857 2521 2916 4662 5675 8055 9170 5289
 ... : 13 12 15 109 858 2520 2932 4688 5700 8059 9170 5289
 ... : 13 12 15 109 861 2531 2937 4690 5725 8084 9173 5290
 ... : 13 12 15 109 858 2530 2959 4717 5752 8085 9173 5279
 ... : 13 12 15 109 859 2545 2986 4744 5766 8102 9174 5279
 ... : 13 12 15 109 859 2547 2994 4756 5812 8135 9178 5280
 ... : 13 12 15 108 860 2551 3010 4778 5824 8146 9179 5280
 ... : 13 12 15 108 861 2554 3015 4791 5850 8165 9181 5280
 ... : 13 12 15 108 864 2565 3033 4813 5871 8176 9181 5281
 ... : 13 12 15 108 861 2565 3049 4845 5901 8189 9183 5282
 ... : 13 12 15 108 863 2570 3058 4853 5911 8207 9185 5282
 ... : 13 12 15 108 858 2567 3065 4878 5943 8239 9186 5282
 ... : 13 12 15 108 857 2564 3059 4886 5970 8286 9191 5285
 ... : 13 12 15 108 857 2561 3057 4893 5982 8333 9198 5285
 ... : 13 12 15 108 857 2555 3049 4892 5981 8364 9240 5285
 ... : 13 12 15 108 857 2555 3050 4897 5996 8392 9282 5285
 ... : 13 12 15 108 857 2553 3047 4890 5991 8399 9317 5287
 ... : 13 12 15 108 857 2551 3042 4891 5994 8420 9369 5288
 ... : 13 12 15 108 857 2548 3034 4871 5971 8417 9408 5292
 ... : 13 12 15 108 857 2546 3030 4875 5976 8428 9451 5292
 ... : 13 12 15 108 853 2537 3018 4853 5956 8416 9513 5295
 ... : 13 12 15 108 853 2535 3013 4839 5938 8395 9539 5318
 ... : 13 12 15 108 853 2533 3010 4832 5914 8363 9527 5363
 ... : 13 12 15 108 853 2530 3005 4824 5910 8353 9527 5399
 ... : 13 12 15 108 853 2526 2991 4805 5885 8338 9518 5447
 ... : 13 12 15 108 853 2521 2981 4785 5867 8308 9511 5504
 ... : 13 12 15 108 853 2521 2978 4776 5850 8270 9471 5530
 ... : 13 12 15 108 853 2521 2976 4770 5836 8261 9461 5557
 ... : 13 12 15 108 853 2539 3000 4807 5851 8264 9463 5566
 ... : 13 12 15 108 853 2538 3002 4811 5907 8291 9464 5566
 ... : 13 12 15 108 853 2538 3005 4817 5928 8309 9506 5566
 ... : 13 12 15 108 852 2535 3014 4845 5961 8326 9511 5572
 ... : 13 12 15 108 852 2535 3012 4848 5986 8356 9531 5569
 ... : 13 12 15 108 850 2533 3018 4854 5993 8360 9568 5578
 ... : 13 12 15 108 850 2532 3015 4857 6004 8379 9585 5592
 ... : 13 12 15 107 849 2534 3022 4859 6019 8392 9604 5605
 ... : 13 12 15 107 849 2533 3024 4861 6025 8387 9602 5617
 ... : 13 12 15 107 848 2535 3033 4880 6047 8393 9607 5623
 ... : 13 12 15 107 846 2534 3039 4897 6079 8419 9611 5624
 ... : 13 12 15 107 846 2532 3036 4895 6091 8449 9640 5624
 ... : 13 12 15 107 846 2538 3054 4909 6098 8451 9669 5625
 ... : 13 12 15 107 845 2537 3054 4920 6134 8483 9678 5627
 ... : 13 12 15 107 843 2530 3056 4935 6152 8495 9714 5632
 ... : 13 12 15 107 842 2528 3052 4942 6173 8524 9743 5637
 ... : 13 12 15 107 838 2518 3049 4940 6178 8528 9758 5653
 ... : 13 12 15 107 836 2509 3030 4915 6150 8519 9789 5668
 ... : 13 12 15 107 834 2501 3018 4914 6142 8512 9800 5683
 ... : 13 12 15 107 830 2491 3006 4894 6122 8528 9823 5687
 ... : 13 12 15 107 829 2488 3002 4886 6100 8513 9831 5725
 ... : 13 12 15 107 829 2484 2989 4866 6077 8512 9847 5768
 ... : 13 12 15 107 827 2479 2978 4850 6061 8509 9858 5805
 ... : 13 12 15 107 825 2475 2969 4840 6043 8496 9840 5844
 ... : 13 12 15 107 823 2473 2963 4834 6026 8479 9818 5866
 ... : 13 12 15 107 823 2468 2947 4810 5988 8458 9800 5881
 ... : 13 12 15 107 823 2467 2944 4805 5975 8448 9793 5914
 ... : 13 12 15 107 821 2453 2923 4772 5938 8437 9804 5945
 ... : 13 12 15 110 825 2463 2926 4769 5928 8434 9805 5962
 ... : 13 12 15 110 827 2468 2940 4794 5958 8452 9808 5962
 ... : 13 12 15 116 826 2484 2963 4805 5965 8459 9811 5960
 ... : 13 12 15 117 828 2486 2988 4827 5994 8465 9811 5960
 ... : 13 12 15 124 828 2501 3016 4840 5994 8465 9811 5960
 ... : 13 12 15 124 828 2501 3010 4859 6045 8487 9813 5963
 ... : 13 12 15 124 828 2501 3006 4859 6076 8537 9819 5963
 ... : 13 12 15 124 825 2513 3027 4874 6089 8544 9825 5963
 ... : 13 12 15 126 821 2522 3029 4880 6117 8579 9829 5963
 ... : 13 12 15 129 820 2530 3047 4899 6138 8592 9829 5963
 ... : 13 12 15 132 820 2534 3078 4921 6166 8600 9829 5963
 ... : 13 12 15 132 819 2533 3079 4924 6187 8649 9844 5963
 ... : 13 12 15 132 819 2533 3074 4915 6183 8654 9878 5963
 ... : 13 12 15 132 819 2543 3084 4931 6199 8673 9881 5963
 ... : 13 12 15 138 817 2550 3098 4948 6213 8681 9891 5963
 ... : 13 12 15 143 814 2552 3106 4953 6213 8691 9917 5963
 ... : 13 12 15 143 813 2547 3102 4953 6219 8698 9988 5963
 ... : 13 12 15 143 812 2543 3092 4942 6201 8694 10048 5969
 ... : 13 12 15 143 806 2532 3081 4934 6186 8687 10044 5989
 ... : 13 12 15 143 804 2532 3080 4942 6195 8696 10057 6015
 ... : 13 12 15 143 803 2527 3074 4937 6185 8691 10062 6038
 ... : 13 12 15 143 803 2523 3065 4917 6154 8662 10051 6072
 ... : 13 12 15 143 801 2517 3056 4891 6104 8616 10026 6097
 ... : 13 12 15 143 801 2511 3035 4878 6080 8603 10029 6125
 ... : 13 12 15 143 801 2500 3018 4859 6054 8563 9984 6137
 ... : 13 12 15 143 801 2493 3011 4853 6040 8554 9990 6151
 ... : 13 12 15 133 804 2505 3012 4851 6031 8530 9968 6161
 ... : 13 12 15 131 803 2515 3057 4868 6031 8530 9968 6162
 ... : 13 12 15 131 801 2516 3056 4880 6078 8566 9974 6162
 ... : 13 12 15 127 803 2531 3068 4891 6089 8583 9974 6162
 ... : 13 12 15 127 807 2535 3074 4916 6125 8621 9977 6162
 ... : 13 12 15 112 799 2541 3083 4936 6133 8630 9977 6162
 ... : 13 12 15 102 798 2555 3095 4961 6145 8642 9978 6162
 ... : 13 12 15 94 798 2572 3129 4975 6146 8643 9978 6161
 ... : 13 12 15 92 795 2573 3135 4993 6179 8662 9980 6161
 ... : 13 12 15 86 792 2576 3164 5009 6198 8684 9980 6161
 ... : 13 12 15 85 789 2573 3160 5012 6232 8728 9982 6161
 ... : 13 12 15 85 786 2576 3175 5023 6257 8753 9986 6161
 ... : 13 12 15 85 783 2573 3178 5036 6294 8793 9991 6161
 ... : 13 12 15 85 780 2572 3180 5045 6313 8819 10026 6162
 ... : 13 12 15 85 777 2569 3177 5039 6317 8837 10098 6165
 ... : 13 12 15 84 777 2565 3172 5027 6309 8848 10172 6168
 ... : 13 12 15 76 774 2572 3199 5042 6324 8855 10176 6168
 ... : 13 12 15 76 773 2568 3190 5041 6330 8896 10223 6170
 ... : 13 12 15 75 769 2568 3197 5044 6333 8913 10273 6174
 ... : 13 12 15 74 767 2565 3202 5050 6345 8927 10306 6177
 ... : 13 12 15 74 767 2563 3203 5052 6348 8945 10351 6179
 ... : 13 12 15 74 765 2561 3206 5060 6347 8949 10396 6184
 ... : 13 12 15 74 765 2561 3203 5051 6347 8961 10437 6217
 ... : 13 12 15 74 765 2559 3193 5047 6346 8966 10473 6251
 ... : 13 12 15 74 765 2556 3191 5045 6348 8963 10501 6288
 ... : 13 12 15 74 765 2555 3184 5043 6339 8962 10540 6323
 ... : 13 12 15 74 764 2554 3175 5037 6333 8962 10559 6331
 ... : 13 12 15 74 764 2552 3168 5028 6313 8953 10571 6374
 ... : 13 12 15 74 763 2547 3162 5014 6296 8933 10592 6416
 ... : 13 12 15 73 763 2542 3149 5006 6282 8926 10603 6462
 ... : 13 12 15 73 763 2538 3135 5000 6268 8929 10620 6500
 ... : 13 12 15 72 762 2533 3127 4988 6254 8914 10635 6545
 ... : 13 12 15 70 762 2523 3117 4969 6230 8893 10613 6569
 ... : 13 12 15 70 762 2522 3113 4963 6221 8874 10610 6605
 ... : 13 12 15 69 762 2515 3100 4950 6198 8847 10597 6652
 ... : 13 12 15 69 762 2513 3092 4943 6182 8826 10577 6713
 ... : 13 12 15 69 762 2512 3089 4930 6160 8792 10535 6754
 ... : 13 12 15 69 766 2524 3100 4936 6156 8780 10517 6775
 ... : 13 12 15 69 766 2541 3132 4956 6156 8780 10517 6775
 ... : 13 12 15 69 770 2546 3143 4973 6193 8809 10517 6775
 ... : 13 12 15 69 778 2575 3177 4996 6193 8809 10517 6775
 ... : 13 12 15 69 781 2582 3187 5010 6234 8832 10517 6775
 ... : 13 12 15 69 785 2605 3213 5023 6234 8832 10517 6775
 ... : 13 12 15 69 785 2604 3223 5044 6278 8870 10520 6775
 ... : 13 12 15 69 785 2604 3223 5057 6293 8915 10547 6775
 ... : 13 12 15 69 786 2616 3227 5058 6295 8919 10583 6775
 ... : 13 12 15 69 789 2629 3269 5077 6295 8919 10583 6775
 ... : 13 12 15 69 792 2639 3280 5094 6331 8935 10585 6775
 ... : 13 12 15 69 792 2644 3299 5114 6365 8952 10587 6775
 ... : 13 12 15 69 794 2651 3303 5123 6387 8987 10603 6775
 ... : 13 12 15 69 795 2660 3326 5137 6408 9004 10619 6776
 ... : 13 12 15 69 795 2660 3325 5145 6419 9004 10674 6783
 ... : 13 12 15 69 795 2663 3328 5159 6425 9010 10714 6786
 ... : 13 12 15 69 800 2676 3346 5175 6430 9015 10726 6786
 ... : 13 12 15 69 805 2691 3360 5186 6446 9042 10731 6786
 ... : 13 12 15 69 805 2692 3365 5199 6467 9065 10746 6786
 ... : 13 12 15 69 804 2690 3357 5198 6475 9083 10785 6787
 ... : 13 12 15 69 804 2687 3343 5188 6474 9099 10826 6788
 ... : 13 12 15 69 803 2682 3331 5173 6474 9095 10892 6792
 ... : 13 12 15 69 803 2682 3327 5166 6469 9108 10919 6824
 ... : 13 12 15 69 803 2680 3322 5154 6453 9100 10934 6858
 ... : 13 12 15 69 803 2678 3310 5141 6433 9094 10935 6897
 ... : 13 12 15 69 803 2678 3299 5122 6406 9086 10948 6930
 ... : 13 12 15 69 803 2677 3294 5114 6394 9046 10912 6982
 ... : 13 12 15 69 803 2676 3285 5109 6385 9028 10900 7004
 ... : 13 12 15 69 803 2673 3272 5102 6374 9027 10908 7028
 ... : 13 12 15 69 803 2672 3264 5097 6363 9029 10910 7066
 ... : 13 12 15 69 803 2669 3250 5083 6334 8999 10879 7112
 ... : 13 12 15 69 804 2684 3261 5092 6340 9001 10886 7124
 ... : 13 12 15 69 807 2696 3272 5102 6351 9011 10904 7134
 ... : 13 12 15 69 809 2704 3288 5110 6363 9021 10922 7139
 ... : 13 12 15 69 808 2710 3291 5112 6375 9025 10935 7152
 ... : 13 12 15 69 807 2711 3290 5115 6377 9028 10945 7175
 ... : 13 12 15 69 807 2708 3280 5106 6366 9030 10944 7198
 ... : 13 12 15 69 805 2717 3324 5132 6367 9030 10944 7198
 ... : 13 12 15 69 805 2717 3326 5145 6396 9078 10962 7198
 ... : 13 12 15 69 805 2726 3359 5156 6397 9079 10989 7197
 ... : 13 12 15 69 805 2728 3372 5181 6432 9103 10989 7197
 ... : 13 12 15 69 805 2728 3369 5180 6455 9154 11031 7199
 ... : 13 12 15 69 805 2727 3370 5184 6461 9181 11095 7201
 ... : 13 12 15 69 805 2732 3382 5208 6473 9201 11113 7212
 ... : 13 12 15 69 805 2734 3389 5215 6487 9219 11134 7228
 ... : 13 12 15 69 805 2734 3390 5215 6490 9230 11160 7252
 ... : 13 12 15 69 805 2735 3391 5216 6500 9243 11187 7283
 ... : 13 12 15 69 805 2736 3396 5228 6509 9252 11205 7318
 ... : 13 12 15 69 805 2743 3413 5241 6512 9258 11210 7343
 ... : 13 12 15 69 805 2747 3430 5264 6549 9273 11211 7343
 ... : 13 12 15 69 805 2749 3428 5264 6566 9312 11240 7343
 ... : 13 12 15 69 802 2751 3432 5276 6585 9314 11241 7343
 ... : 13 12 15 69 802 2751 3430 5266 6582 9334 11260 7345
 ... : 13 12 15 69 801 2760 3463 5287 6582 9337 11279 7346
 ... : 13 12 15 69 800 2765 3473 5308 6614 9353 11279 7347
 ... : 13 12 15 69 800 2774 3499 5324 6629 9370 11281 7347
 ... : 13 12 15 69 798 2772 3494 5322 6666 9412 11286 7347
 ... : 13 12 15 69 798 2771 3488 5313 6675 9455 11324 7347
 ... : 13 12 15 69 798 2773 3485 5308 6660 9470 11379 7352
 ... : 13 12 15 69 798 2773 3485 5308 6660 9481 11448 7378
 ... : 13 12 15 69 797 2780 3513 5324 6672 9481 11447 7385
 ... : 13 12 15 69 796 2781 3509 5323 6695 9508 11486 7390
