initialized model with 97598 latches, 29540 inputs and 1 properties
tsim: performed 216 steps
tsim: found 21 constants and 13 latch equivalences
seqsimpl: (97598, 29540) -> (97564, 29540)
checking bound 0
checking bound 1
checking bound 2
tdecomp: unrolling 2 cycles
tsim: performed 216 steps
tsim: found 11 constants and 5 latch equivalences
seqsimpl: found 9 latch equivalences
tdecomp: (97564, 118160) -> (97539, 30786)
   2 : 7 2
   3 : 12 8 19
   4 : 16 12 34 15
   5 : 16 14 23 17 52
   6 : 21 19 28 27 28 67
   7 : 21 19 28 27 26 42 31
 ... : 19 19 29 33 33 54 88
 ... : 21 21 34 39 41 72 119
   8 : 20 19 32 22 28 23 86 93
   9 : 20 19 32 22 28 23 86 27 73
 ... : 20 20 32 21 32 28 73 40 109
 ... : 20 20 33 23 36 33 84 65 148
  10 : 17 17 18 21 38 20 19 24 18 233
  11 : 18 18 18 21 36 17 18 22 27 33 229
  12 : 18 18 18 21 36 17 17 22 28 50 40 223
  13 : 18 18 18 21 36 17 17 22 28 48 45 39 199
 ... : 18 18 18 21 36 17 17 22 28 52 51 74 253
  14 : 18 18 18 21 35 16 14 20 25 43 40 52 59 216
 ... : 18 18 18 21 35 16 14 20 25 44 43 66 86 252
  15 : 18 18 18 21 35 15 12 19 21 39 40 66 65 53 232
 ... : 18 18 18 21 35 15 12 19 21 39 44 75 81 79 273
 ... : 18 18 18 21 36 15 14 19 28 49 53 82 78 79 293
 ... : 18 18 18 21 36 15 14 18 21 43 62 93 97 92 314
  16 : 18 18 18 21 36 15 12 17 13 23 49 74 70 84 60 298
  17 : 18 18 18 21 36 15 12 17 13 23 47 68 70 76 61 38 279
 ... : 18 18 18 21 38 17 12 18 14 27 53 74 78 80 62 41 303
 ... : 19 19 19 22 38 16 11 16 14 26 50 68 74 87 70 50 313
 ... : 19 19 19 22 38 19 13 18 19 31 56 78 79 93 76 52 334
 ... : 19 19 21 23 41 23 16 21 22 32 64 81 80 93 76 52 368
 ... : 19 19 21 24 45 32 20 29 30 42 72 83 82 94 76 53 392
 ... : 19 19 21 24 45 32 23 34 36 48 77 95 88 96 79 56 420
 ... : 19 19 21 24 46 32 26 28 31 42 75 98 91 100 82 61 431
 ... : 19 19 21 24 46 34 26 29 35 46 77 100 88 105 86 67 444
 ... : 19 19 21 24 45 30 21 25 26 33 41 73 55 72 71 67 470
  18 : 19 19 21 23 44 27 19 22 20 32 30 54 27 26 20 42 105 483
  19 : 19 19 21 23 44 27 19 22 20 32 29 51 27 28 21 34 38 29 526
  20 : 19 19 21 23 44 27 19 22 20 32 29 51 27 28 21 34 38 29 89 439
  21 : 19 19 21 23 44 27 19 22 20 32 29 50 26 25 19 32 38 20 23 10 511
  22 : 19 19 21 23 44 27 19 22 20 32 29 49 25 19 17 28 39 22 29 21 33 516
  23 : 19 19 21 23 44 27 19 22 20 32 29 49 25 19 17 28 39 22 29 21 33 23 490
 ... : 19 19 21 23 44 27 19 22 20 32 29 49 25 21 17 30 44 28 35 28 39 39 502
  24 : 19 19 21 23 44 27 19 22 20 32 29 49 25 20 17 30 43 28 37 30 43 34 31 490
  25 : 19 19 21 23 44 27 19 22 20 32 29 47 24 19 19 28 42 27 36 32 43 35 32 30 482
 ... : 19 19 21 23 44 27 19 22 20 32 29 47 24 19 19 28 42 28 36 33 45 37 43 34 531
 ... : 19 19 21 23 44 27 18 20 20 32 29 47 24 21 22 28 44 40 43 39 52 40 46 35 536
 ... : 19 19 21 23 44 27 18 20 20 32 29 47 24 21 22 29 46 45 46 42 53 43 52 38 548
 ... : 19 19 21 23 44 27 18 20 20 32 29 47 24 21 22 29 47 41 47 39 58 45 55 42 560
 ... : 19 19 21 23 44 27 18 20 20 32 29 47 24 21 22 29 47 41 48 44 63 52 67 45 581
  26 : 19 19 21 23 44 27 18 20 20 32 28 46 23 21 23 27 42 31 40 45 62 48 56 41 107 513
 ... : 19 19 21 23 44 27 18 20 20 32 28 46 23 21 23 27 42 31 40 48 66 56 69 50 118 540
  27 : 19 19 21 23 44 27 18 20 20 32 27 42 22 21 22 26 40 25 37 42 61 51 59 39 44 40 606
 ... : 19 19 21 23 44 27 18 20 20 32 27 42 22 21 22 27 41 26 38 45 66 52 68 46 52 41 625
 ... : 19 19 21 23 44 27 18 20 20 32 27 42 22 21 22 27 41 27 41 50 74 59 78 61 64 43 638
 ... : 19 19 21 23 44 27 18 20 20 32 27 42 23 21 23 29 42 32 47 55 84 67 80 60 64 43 653
 ... : 19 19 21 23 44 27 17 20 20 32 27 42 24 23 24 29 42 36 49 57 86 74 91 70 70 46 666
 ... : 19 19 21 23 44 27 17 20 20 32 27 42 25 23 24 30 43 38 51 58 85 78 98 77 81 51 669
 ... : 19 19 21 23 44 27 17 20 20 32 27 42 25 23 24 30 43 38 51 58 85 78 97 82 94 68 700
 ... : 19 19 21 23 44 27 17 20 20 32 27 42 26 24 24 31 43 41 56 63 94 78 95 79 96 70 706
 ... : 19 19 21 23 44 27 17 20 20 32 27 42 26 24 24 33 45 45 64 74 110 88 100 79 96 70 711
 ... : 19 19 21 23 44 27 17 20 20 32 27 42 26 24 24 33 45 46 67 78 112 90 116 84 98 72 713
 ... : 19 19 21 23 44 27 16 19 18 26 24 39 25 24 24 33 45 46 68 75 112 91 118 99 101 74 726
 ... : 19 19 21 23 44 27 16 19 18 26 24 39 25 24 24 33 45 46 68 80 120 110 124 102 102 74 748
 ... : 19 19 21 23 44 27 16 19 18 26 24 39 25 24 24 33 45 46 68 80 120 111 129 105 112 85 769
 ... : 19 19 21 23 44 27 16 19 18 26 24 39 25 24 24 33 46 45 67 78 121 116 135 113 120 96 786
 ... : 19 19 21 23 44 27 16 19 18 26 24 38 25 24 23 33 46 45 67 80 122 117 141 121 132 106 791
 ... : 19 19 21 23 44 27 16 19 18 26 24 38 25 24 23 33 47 46 69 83 124 119 138 120 129 106 829
 ... : 19 19 21 23 44 27 16 19 18 26 24 38 25 24 23 33 47 46 69 82 126 118 143 133 147 113 839
 ... : 19 19 21 23 44 27 16 19 18 26 24 38 25 24 23 32 49 49 72 83 127 115 142 138 158 128 857
 ... : 19 19 21 23 44 27 16 19 18 26 24 38 25 24 23 32 49 47 71 81 129 117 134 122 149 127 876
 ... : 19 19 21 23 44 27 16 19 18 26 24 38 25 24 23 31 48 46 70 81 131 125 143 135 168 139 888
 ... : 19 19 21 23 44 27 16 19 18 26 24 38 25 24 23 31 48 46 67 79 130 122 135 128 164 145 921
 ... : 19 19 21 23 44 27 16 19 18 26 26 41 27 27 26 35 53 54 74 80 131 125 138 129 166 146 925
 ... : 19 19 21 23 44 27 16 19 18 26 26 41 27 30 27 36 54 58 81 90 139 137 141 132 167 146 941
 ... : 19 19 21 23 44 27 16 19 18 26 26 41 27 30 30 47 60 70 93 103 146 144 144 132 167 146 947
 ... : 19 19 21 23 44 27 16 19 18 26 26 41 27 30 30 47 59 69 92 104 150 145 154 148 182 149 951
 ... : 20 21 23 24 44 27 18 20 19 26 26 41 27 30 30 47 60 71 90 102 143 139 153 149 184 161 958
 ... : 19 19 22 24 46 28 21 23 24 29 29 44 29 31 31 46 59 69 89 100 146 140 153 149 184 169 974
 ... : 19 19 22 24 46 28 21 23 24 29 29 44 30 32 34 46 59 68 85 98 142 139 153 151 187 172 978
 ... : 19 19 22 24 46 28 21 23 23 28 28 42 31 33 32 46 61 69 86 96 138 138 156 152 187 171 988
 ... : 19 19 22 24 46 28 20 23 23 27 29 42 31 33 32 45 59 72 88 96 136 136 157 149 190 173 992
 ... : 19 19 22 24 46 28 20 23 23 27 29 41 31 33 32 44 56 70 85 91 133 132 155 148 188 171 998
  28 : 18 19 21 22 41 14 19 6 11 6 17 14 20 16 25 20 34 27 38 38 52 46 51 42 68 44 47 791
  29 : 18 19 21 22 41 14 19 6 11 6 17 14 20 16 25 20 34 27 38 37 50 38 46 45 72 40 47 103 692
 ... : 18 19 21 22 41 14 19 6 11 6 17 14 20 16 25 20 34 27 38 37 50 38 45 45 71 41 50 108 720
  30 : 18 19 21 22 41 14 19 6 11 6 17 14 20 16 25 20 34 27 38 37 50 38 45 45 68 40 40 21 33 773
  31 : 18 19 21 22 41 14 19 6 11 6 17 14 20 16 25 20 34 27 38 37 50 38 45 45 68 40 40 21 33 94 681
 ... : 18 19 21 22 41 14 19 6 11 6 17 14 20 16 25 20 34 26 37 37 50 38 46 47 71 41 46 23 30 98 705
  32 : 18 19 21 22 41 14 19 6 11 6 17 14 20 15 25 19 32 24 34 34 49 37 45 39 70 40 38 22 29 15 25 770
  33 : 18 19 21 22 41 14 19 6 11 6 17 14 20 15 25 19 32 24 34 34 49 37 45 39 70 40 38 22 28 14 25 89 687
 ... : 18 19 21 22 41 14 19 6 11 6 17 14 20 15 25 19 32 24 34 34 49 37 46 40 71 40 42 22 26 13 27 91 709
  34 : 18 19 21 22 41 14 19 6 11 6 17 14 20 15 25 19 32 24 34 34 49 37 46 40 71 39 42 23 25 14 19 9 19 781
 ... : 18 19 21 22 41 14 19 6 11 6 17 14 20 15 25 19 32 24 33 34 51 39 48 42 73 40 44 25 27 16 20 13 22 792
 ... : 18 19 21 22 41 14 19 6 11 6 17 14 20 15 25 19 32 24 33 31 43 31 47 41 72 41 43 23 26 17 20 12 23 813
 ... : 18 19 21 22 41 14 19 6 11 6 17 14 20 15 25 19 32 24 33 31 43 31 49 44 74 42 45 25 34 18 27 14 24 826
 ... : 18 19 21 22 41 14 19 6 11 6 17 14 20 15 25 19 32 24 33 31 43 32 55 49 84 50 53 30 37 20 30 14 25 832
  35 : 18 19 21 22 41 14 19 6 11 6 17 14 20 15 25 18 32 24 30 28 40 29 48 49 77 58 52 27 30 17 25 13 22 91 780
 ... : 18 19 21 22 41 14 19 6 11 6 17 14 20 15 25 18 32 24 30 28 40 29 48 49 77 58 53 28 36 19 26 16 25 93 801
  36 : 18 19 21 22 41 14 19 6 11 6 17 14 20 15 25 18 32 24 30 28 39 29 48 49 77 58 53 28 33 19 19 15 16 13 21 887
  37 : 18 19 21 22 41 14 19 6 11 6 17 14 20 15 25 18 32 24 30 28 39 29 48 49 77 58 53 28 33 19 19 15 16 13 21 91 798
 ... : 18 19 21 22 41 14 19 6 11 6 17 14 20 15 25 18 32 24 30 28 39 29 48 49 77 58 54 29 33 19 22 19 20 16 28 100 822
 ... : 18 19 21 22 41 14 19 6 11 6 17 14 20 15 25 18 32 24 30 28 39 29 48 49 77 58 54 28 33 19 20 18 19 16 29 100 833
  38 : 18 19 21 22 41 14 19 6 11 6 17 14 20 15 25 18 32 24 30 28 39 29 48 49 77 57 56 32 34 20 21 19 18 15 25 96 77 767
  39 : 16 17 21 22 41 14 19 6 11 6 17 14 20 15 25 18 32 24 30 28 39 29 48 49 77 57 56 32 34 20 21 19 18 15 24 15 132 97 700
 ... : 16 17 21 22 41 14 19 6 11 6 17 14 20 15 25 18 32 24 30 28 39 28 47 48 76 57 56 31 32 20 21 17 16 13 22 16 133 96 720
 ... : 16 17 21 22 41 14 19 6 11 6 17 14 20 15 25 18 32 24 30 28 39 28 47 48 76 56 54 31 35 20 21 17 15 14 22 15 130 98 738
  40 : 16 17 21 22 41 10 18 6 10 6 17 14 20 13 23 17 32 24 30 28 38 28 46 47 75 54 50 28 33 21 20 15 12 13 12 8 11 9 23 946
  41 : 16 17 21 22 41 10 18 6 10 6 17 14 20 13 23 17 32 24 30 28 38 28 46 47 75 54 50 28 33 21 20 15 12 13 12 8 11 8 22 88 863
 ... : 16 17 21 22 41 10 18 6 10 6 17 14 20 13 23 17 32 24 30 28 38 28 46 47 75 55 52 30 40 27 24 14 14 13 12 10 14 11 30 93 885
 ... : 16 17 21 22 41 10 18 6 10 6 17 14 20 13 23 17 32 24 30 28 38 28 46 47 75 55 54 33 43 28 25 19 19 18 16 13 15 12 33 95 891
 ... : 16 17 21 22 41 10 18 6 10 6 17 14 20 13 23 17 32 24 30 28 38 28 46 47 75 54 54 34 45 30 27 21 22 18 18 14 15 12 33 95 897
  42 : 16 17 21 22 41 10 18 6 10 6 17 14 20 13 23 17 32 24 30 28 38 27 45 47 74 54 52 33 44 27 22 17 20 19 15 15 14 11 28 17 134 862
 ... : 16 17 21 22 41 10 18 6 10 6 17 14 20 13 23 17 32 24 30 28 38 27 45 47 76 58 56 37 50 31 29 19 21 20 17 17 14 11 28 19 134 873
  43 : 16 17 21 22 41 10 18 6 10 6 17 14 20 13 23 17 32 24 30 28 38 27 45 47 74 57 54 35 47 29 22 16 20 18 14 15 15 12 28 16 132 85 802
 ... : 16 17 21 22 41 10 18 6 10 6 17 14 20 13 23 17 32 24 30 28 38 27 45 47 74 57 55 35 49 29 24 17 23 19 15 15 15 12 28 16 133 87 819
 ... : 16 17 21 22 41 10 18 6 10 6 17 14 20 13 23 17 32 24 30 28 38 27 46 48 74 58 56 36 48 30 22 17 22 20 15 13 13 10 24 15 125 80 829
 ... : 16 17 21 22 41 10 18 6 10 6 17 14 20 13 23 17 32 24 30 28 38 27 46 48 74 59 62 39 49 33 24 18 24 21 18 13 15 10 24 14 124 81 842
 ... : 16 17 21 22 41 10 18 6 10 6 17 14 20 13 23 17 32 24 30 28 38 27 43 47 72 55 60 37 50 33 24 19 25 21 18 14 14 13 25 15 125 83 840
