initialized model with 151 latches, 49 inputs and 1 properties
tsim: performed 11 steps
tsim: found cycle from 9
checking bound 0
checking bound 1
checking bound 2
tdecomp: unrolling 2 cycles
tsim: performed 9 steps
tsim: found cycle from 7
tsim: found 1 constants and 0 latch equivalences
tdecomp: (151, 196) -> (150, 97)
   2 : 6 3
   3 : 6 4 4
   4 : 10 7 6 15
 ... : 22 39 44 30
 ... : 26 53 71 73
 ... : 35 77 104 108
 ... : 44 101 133 154
 ... : 49 110 149 187
 ... : 77 134 167 215
 ... : 85 155 213 250
 ... : 92 174 232 297
   5 : 93 170 178 215 141
 ... : 93 176 198 239 213
 ... : 94 183 213 273 256
 ... : 103 200 237 296 293
 ... : 105 219 270 338 350
 ... : 114 236 297 377 399
 ... : 117 249 320 411 451
   6 : 120 262 330 368 345 211
 ... : 122 265 332 372 364 269
 ... : 128 274 345 387 388 328
 ... : 129 278 351 399 424 390
 ... : 135 288 368 426 449 431
 ... : 142 298 381 448 472 481
 ... : 147 315 405 479 506 504
 ... : 150 325 422 497 526 528
 ... : 155 335 439 519 549 573
 ... : 163 346 463 546 569 605
 ... : 169 354 479 572 608 651
 ... : 171 365 501 605 651 683
   7 : 166 351 506 612 596 521 275
 ... : 167 353 512 624 607 546 351
 ... : 168 355 514 629 622 572 397
 ... : 169 358 520 640 634 587 448
 ... : 174 367 534 660 659 614 474
 ... : 176 376 548 680 684 629 506
   8 : 175 372 523 668 677 561 276 323
 ... : 175 372 524 671 683 575 296 395
 ... : 175 372 524 671 682 576 307 473
 ... : 175 373 528 678 693 596 348 505
 ... : 175 374 531 681 700 607 368 567
 ... : 175 375 537 695 719 628 394 609
 ... : 175 376 539 699 729 647 420 646
 ... : 175 380 547 712 743 669 448 671
 ... : 175 386 555 716 747 674 484 708
 ... : 176 388 561 728 767 694 502 737
   9 : 174 369 548 701 754 678 359 569 371
 ... : 174 368 549 701 749 681 368 594 435
 ... : 174 368 548 700 749 686 377 639 501
 ... : 174 368 550 704 755 695 394 668 534
 ... : 174 368 550 704 757 704 410 706 565
 ... : 174 368 551 707 761 711 424 741 615
 ... : 174 367 548 701 752 702 430 755 682
 ... : 174 369 548 699 747 700 434 770 721
 ... : 174 370 553 709 762 720 446 795 743
 ... : 175 370 546 697 749 712 446 809 784
 ... : 175 370 547 700 755 719 459 837 816
 ... : 175 370 547 695 747 711 473 854 840
 ... : 175 371 551 700 752 719 492 885 868
 ... : 176 375 559 712 774 746 508 904 878
 ... : 178 381 569 731 794 761 527 920 888
 ... : 178 381 569 731 795 763 528 933 931
 ... : 178 381 570 733 798 768 541 952 976
 ... : 178 384 575 741 807 781 558 976 1014
 ... : 178 386 577 739 807 786 567 990 1032
 ... : 178 388 580 740 805 787 574 1021 1081
 ... : 178 392 590 756 827 810 595 1037 1092
 ... : 180 397 600 772 845 828 609 1063 1122
 ... : 180 399 602 778 853 832 618 1087 1154
 ... : 180 399 605 781 864 841 622 1109 1195
  10 : 177 372 570 732 799 772 515 1037 732 612
 ... : 177 372 570 733 798 778 520 1046 756 670
 ... : 177 372 570 733 798 779 525 1065 777 711
 ... : 177 372 569 731 795 779 529 1086 797 743
 ... : 177 372 569 731 795 782 526 1085 816 784
 ... : 177 372 569 731 795 783 524 1087 838 830
 ... : 178 373 573 738 801 787 529 1102 857 856
 ... : 178 373 573 739 804 786 528 1114 901 896
 ... : 178 373 573 739 804 786 528 1127 953 940
 ... : 178 373 573 739 804 787 528 1133 974 1008
 ... : 178 373 574 742 814 801 537 1141 995 1047
 ... : 178 374 574 742 818 802 552 1154 1017 1066
 ... : 178 374 574 743 819 803 554 1155 1049 1119
 ... : 178 375 575 746 826 807 561 1169 1075 1153
 ... : 179 378 578 751 835 824 583 1185 1090 1157
 ... : 179 378 583 758 846 841 598 1192 1115 1195
 ... : 179 378 578 757 847 843 592 1204 1122 1236
 ... : 179 378 578 757 845 839 591 1207 1141 1293
 ... : 179 378 578 758 845 837 580 1190 1150 1327
 ... : 179 378 578 758 845 837 580 1206 1198 1389
 ... : 179 378 579 760 848 840 587 1198 1225 1427
 ... : 179 378 579 760 848 838 583 1198 1240 1485
 ... : 178 374 588 770 860 844 584 1197 1245 1501
 ... : 178 374 588 770 860 844 584 1197 1259 1574
 ... : 178 375 591 776 867 852 595 1214 1274 1599
 ... : 178 375 592 776 866 849 590 1212 1290 1686
 ... : 178 375 591 770 860 840 590 1213 1301 1729
 ... : 178 375 591 772 867 850 592 1225 1322 1767
  11 : 167 314 455 589 636 625 335 912 1133 972 1101
 ... : 167 314 455 589 636 625 334 912 1134 999 1183
 ... : 167 314 455 589 636 625 334 914 1155 1042 1228
 ... : 168 317 460 598 647 638 345 923 1166 1052 1240
 ... : 168 318 461 601 656 649 366 936 1163 1053 1261
 ... : 168 318 461 601 656 650 370 980 1208 1070 1265
 ... : 168 318 461 601 656 650 370 984 1235 1124 1282
 ... : 168 318 461 601 655 651 369 996 1278 1164 1290
 ... : 168 318 461 601 655 651 369 998 1290 1207 1334
 ... : 168 318 461 601 655 651 369 1000 1297 1245 1400
 ... : 168 318 461 601 655 651 368 1000 1299 1268 1466
 ... : 168 318 461 603 657 654 371 1013 1306 1276 1495
 ... : 168 318 461 606 657 654 371 1018 1330 1303 1517
 ... : 168 318 461 606 657 654 371 1019 1339 1330 1572
 ... : 168 318 461 606 657 654 371 1019 1329 1349 1646
 ... : 168 318 461 606 659 654 373 1024 1339 1369 1681
 ... : 168 318 461 606 663 659 374 1024 1346 1377 1700
 ... : 168 318 461 609 669 666 376 1019 1358 1396 1716
 ... : 168 318 461 609 674 674 376 1023 1363 1414 1757
 ... : 168 318 461 609 674 674 376 1024 1381 1441 1816
 ... : 168 318 461 609 674 674 376 1023 1383 1443 1873
 ... : 168 318 461 610 674 674 376 1024 1384 1453 1915
  12 : 163 302 400 503 538 509 327 982 1167 1238 1009 1178
 ... : 163 302 400 503 537 507 324 976 1168 1247 1033 1232
 ... : 163 302 400 503 537 507 324 976 1175 1271 1069 1264
 ... : 163 302 400 503 537 507 324 977 1187 1300 1101 1305
 ... : 166 307 403 505 539 508 326 981 1188 1301 1121 1355
 ... : 167 311 414 520 549 515 332 993 1198 1309 1121 1361
 ... : 167 308 410 520 555 522 342 1004 1213 1313 1121 1367
 ... : 168 310 416 528 564 533 355 1019 1227 1326 1129 1373
 ... : 168 310 417 532 573 548 370 1038 1239 1338 1140 1375
 ... : 168 310 419 532 575 554 374 1043 1250 1351 1137 1370
 ... : 169 312 419 532 574 555 370 1043 1249 1350 1135 1397
 ... : 169 312 421 534 576 556 372 1049 1249 1353 1168 1407
 ... : 169 314 423 540 584 564 383 1061 1261 1359 1175 1411
 ... : 169 315 424 539 582 563 383 1064 1265 1369 1186 1435
 ... : 169 315 424 539 582 564 383 1065 1263 1359 1180 1495
 ... : 169 315 424 539 582 564 383 1065 1265 1377 1212 1561
 ... : 169 315 424 539 582 564 383 1065 1267 1379 1249 1626
 ... : 169 315 424 539 582 564 383 1065 1270 1390 1280 1680
 ... : 169 315 424 539 582 564 383 1065 1273 1409 1309 1730
 ... : 169 315 424 539 582 564 383 1065 1277 1421 1336 1780
 ... : 169 315 424 539 582 564 383 1066 1286 1447 1361 1818
 ... : 169 315 424 539 582 564 383 1066 1290 1464 1393 1867
 ... : 169 315 424 539 582 564 383 1066 1295 1488 1421 1917
 ... : 169 315 424 539 582 564 383 1066 1298 1503 1452 1977
 ... : 169 315 424 539 582 564 383 1066 1300 1527 1484 2023
 ... : 169 315 424 539 582 564 383 1066 1301 1539 1513 2087
 ... : 169 315 424 539 581 562 382 1057 1281 1534 1491 2104
 ... : 169 315 424 539 581 562 382 1057 1284 1545 1509 2168
 ... : 169 315 424 539 581 562 382 1057 1284 1557 1535 2225
 ... : 169 315 424 539 581 562 382 1057 1290 1573 1567 2280
 ... : 169 315 424 539 581 562 382 1057 1297 1592 1616 2323
 ... : 169 315 424 539 581 562 382 1057 1298 1598 1627 2369
 ... : 169 315 424 539 581 562 382 1057 1302 1608 1656 2420
 ... : 169 315 424 539 581 562 382 1057 1309 1626 1683 2473
 ... : 169 315 424 539 581 562 382 1057 1309 1636 1719 2533
 ... : 169 315 424 539 581 562 382 1057 1312 1651 1753 2586
 ... : 169 315 424 539 581 562 382 1057 1313 1661 1788 2640
 ... : 169 315 424 539 581 562 382 1057 1315 1670 1830 2689
 ... : 169 315 424 539 581 562 382 1057 1323 1694 1869 2728
 ... : 169 315 424 539 581 562 382 1057 1324 1700 1904 2788
 ... : 169 315 424 539 581 562 382 1057 1326 1712 1933 2837
 ... : 169 315 424 539 581 562 382 1057 1327 1717 1969 2892
  13 : 165 302 407 509 544 505 328 990 1123 1459 1677 1394 2062
 ... : 165 302 407 509 544 505 328 990 1127 1480 1699 1407 2108
 ... : 165 302 407 509 544 505 328 990 1127 1485 1713 1448 2164
 ... : 165 302 407 509 544 505 328 990 1129 1491 1730 1475 2226
 ... : 165 302 407 509 544 505 328 990 1133 1505 1745 1489 2270
 ... : 165 302 407 509 544 505 328 990 1135 1513 1759 1507 2314
 ... : 165 302 407 509 544 505 328 990 1135 1523 1779 1532 2351
 ... : 165 302 407 509 544 505 328 990 1137 1533 1798 1564 2387
 ... : 165 302 407 509 544 505 328 989 1134 1542 1819 1583 2431
 ... : 165 302 407 509 544 505 328 989 1134 1548 1838 1612 2479
 ... : 165 302 407 509 544 505 328 989 1135 1551 1858 1634 2531
 ... : 165 302 407 509 544 505 328 989 1135 1555 1871 1655 2582
 ... : 165 302 407 509 544 505 328 989 1136 1570 1891 1679 2620
 ... : 165 302 407 509 544 505 328 989 1136 1572 1901 1717 2678
 ... : 165 302 407 509 544 505 328 989 1138 1577 1916 1748 2729
 ... : 165 302 407 509 544 505 328 989 1138 1583 1933 1778 2782
 ... : 165 302 407 509 544 505 328 989 1140 1592 1952 1805 2829
 ... : 165 302 407 509 544 505 328 989 1144 1601 1974 1838 2870
 ... : 165 302 407 509 544 505 328 989 1144 1604 1990 1877 2923
 ... : 165 302 407 509 544 505 328 989 1145 1613 2006 1898 2963
 ... : 165 302 407 509 544 505 328 989 1146 1620 2021 1928 3018
 ... : 165 302 407 509 544 505 328 989 1146 1629 2051 1950 3052
 ... : 165 302 407 509 544 505 328 989 1146 1631 2065 1987 3111
 ... : 165 302 407 509 544 505 328 989 1146 1635 2087 2014 3162
 ... : 165 302 407 509 544 505 328 989 1146 1641 2108 2039 3202
 ... : 165 302 407 509 544 505 328 989 1146 1648 2128 2065 3249
 ... : 165 302 407 509 544 505 327 986 1142 1645 2136 2087 3300
 ... : 165 302 407 509 544 505 327 986 1145 1649 2156 2108 3353
 ... : 165 302 407 509 544 505 327 986 1149 1673 2183 2131 3390
 ... : 165 302 407 509 544 505 327 986 1149 1674 2206 2172 3435
 ... : 165 302 407 509 544 505 327 986 1149 1676 2221 2192 3488
 ... : 165 302 407 509 544 505 327 986 1149 1679 2237 2222 3539
 ... : 165 302 407 509 544 505 327 986 1149 1683 2249 2253 3584
 ... : 165 302 407 509 544 505 327 986 1150 1690 2260 2280 3625
 ... : 165 302 407 509 544 505 327 986 1152 1698 2275 2309 3676
 ... : 165 302 407 509 544 505 327 986 1153 1702 2293 2346 3723
 ... : 165 302 407 509 544 505 327 986 1155 1713 2319 2373 3771
 ... : 165 302 407 509 544 505 327 986 1155 1714 2338 2398 3818
 ... : 165 302 407 509 544 505 327 986 1156 1725 2348 2412 3867
 ... : 165 302 407 509 544 505 327 986 1158 1731 2362 2435 3919
 ... : 165 302 407 509 544 505 327 986 1160 1741 2375 2466 3972
 ... : 165 302 407 509 544 505 327 986 1162 1748 2394 2503 4010
 ... : 165 302 407 509 544 505 327 986 1162 1756 2401 2532 4064
 ... : 165 302 407 509 544 505 327 986 1163 1760 2423 2566 4110
 ... : 165 302 407 509 544 505 327 986 1163 1768 2446 2592 4156
 ... : 165 302 407 509 544 505 327 986 1164 1772 2466 2630 4202
 ... : 165 302 407 509 544 505 327 986 1165 1776 2483 2662 4245
 ... : 165 302 407 509 544 505 327 986 1165 1779 2493 2695 4297
 ... : 165 302 407 509 544 505 327 986 1165 1783 2510 2734 4349
 ... : 165 302 407 509 544 505 327 986 1165 1788 2526 2765 4403
 ... : 165 302 407 509 544 505 327 986 1165 1792 2542 2800 4455
 ... : 165 302 407 509 544 505 327 986 1167 1797 2558 2819 4505
 ... : 165 302 407 509 544 505 327 986 1168 1802 2571 2834 4548
 ... : 165 302 407 509 544 505 327 986 1169 1803 2585 2857 4597
 ... : 165 302 407 509 544 505 327 986 1169 1811 2602 2889 4641
 ... : 165 302 407 509 544 505 327 986 1172 1822 2626 2925 4677
 ... : 165 302 407 509 544 505 327 986 1174 1830 2646 2951 4733
 ... : 165 302 407 509 544 505 327 986 1174 1838 2660 2976 4782
 ... : 165 302 407 509 544 505 327 986 1174 1843 2676 3007 4835
 ... : 165 302 407 509 544 505 327 986 1175 1852 2698 3045 4872
 ... : 165 302 407 509 544 505 327 986 1175 1860 2718 3077 4921
 ... : 165 302 407 509 544 505 327 986 1176 1871 2736 3102 4967
 ... : 165 302 407 509 544 505 327 986 1176 1873 2752 3131 5019
 ... : 165 302 407 509 544 505 327 986 1176 1878 2771 3170 5067
 ... : 165 302 407 509 544 505 327 986 1176 1887 2791 3207 5109
 ... : 165 302 407 509 544 505 327 986 1177 1889 2816 3236 5152
 ... : 165 302 407 509 544 505 327 986 1178 1894 2843 3267 5203
 ... : 165 302 407 509 544 505 327 986 1179 1902 2858 3295 5243
 ... : 165 302 407 509 544 505 327 986 1179 1906 2876 3322 5290
 ... : 165 302 407 509 544 505 327 986 1179 1909 2885 3360 5343
 ... : 165 302 407 509 544 505 327 986 1179 1911 2913 3394 5388
 ... : 165 302 407 509 544 505 327 986 1182 1920 2927 3409 5432
 ... : 165 302 407 509 544 505 327 986 1183 1929 2947 3434 5485
 ... : 165 302 407 509 544 505 327 986 1184 1937 2962 3462 5527
 ... : 165 302 407 509 544 505 327 986 1185 1940 2972 3492 5584
 ... : 165 302 407 509 544 505 327 986 1186 1946 2988 3517 5637
 ... : 165 302 407 509 544 505 327 986 1190 1958 3011 3542 5675
 ... : 165 302 407 509 544 505 327 986 1191 1969 3033 3567 5722
 ... : 165 302 407 509 544 505 327 986 1193 1979 3057 3599 5770
 ... : 165 302 407 509 544 505 327 986 1194 1987 3070 3621 5827
 ... : 165 302 407 509 544 505 327 986 1195 1997 3085 3646 5873
 ... : 165 302 407 509 544 505 327 986 1196 2002 3108 3678 5920
 ... : 165 302 407 509 544 505 327 986 1200 2009 3130 3710 5960
 ... : 165 302 407 509 544 505 327 986 1200 2010 3141 3746 6016
 ... : 165 302 407 509 544 505 327 986 1201 2013 3163 3776 6070
 ... : 165 302 407 509 544 505 327 986 1200 2019 3180 3802 6122
 ... : 165 302 407 509 544 505 327 986 1203 2037 3207 3823 6152
 ... : 165 302 407 509 544 505 327 987 1206 2041 3220 3844 6201
 ... : 165 302 407 509 544 505 327 987 1206 2048 3236 3865 6244
 ... : 165 302 407 509 544 505 327 987 1208 2052 3244 3879 6306
 ... : 165 302 407 509 544 505 327 987 1208 2055 3257 3905 6370
 ... : 165 302 407 509 544 505 327 987 1210 2062 3281 3934 6406
 ... : 165 302 407 509 544 505 327 987 1217 2076 3305 3964 6455
 ... : 165 302 407 509 544 505 327 987 1217 2078 3323 3996 6502
  14 : 157 270 386 495 538 509 323 977 1153 1982 3074 3502 3253 3787
 ... : 157 270 386 495 538 509 323 977 1153 1983 3078 3511 3284 3866
 ... : 157 270 386 495 538 509 323 977 1155 1992 3090 3529 3302 3916
 ... : 157 270 386 495 538 509 323 977 1155 1996 3105 3555 3321 3946
 ... : 157 270 386 495 538 509 323 977 1155 2001 3125 3576 3339 3983
 ... : 157 270 386 495 538 509 323 977 1155 2003 3133 3601 3354 4032
 ... : 157 270 386 495 538 509 323 977 1156 2006 3143 3621 3377 4077
 ... : 157 270 386 495 538 509 323 977 1158 2017 3156 3640 3403 4093
 ... : 157 270 386 495 538 509 323 977 1159 2023 3172 3656 3427 4130
 ... : 157 270 386 495 538 509 323 977 1159 2028 3183 3673 3450 4168
 ... : 157 270 386 495 538 509 323 977 1159 2029 3198 3697 3474 4206
 ... : 157 270 386 495 538 509 323 977 1159 2030 3201 3713 3490 4240
 ... : 157 270 386 495 538 509 323 977 1159 2035 3207 3728 3502 4297
 ... : 157 270 386 495 538 509 323 977 1159 2040 3226 3749 3523 4330
 ... : 157 270 386 495 538 509 323 977 1159 2040 3231 3772 3562 4375
 ... : 157 270 386 495 538 509 323 977 1159 2041 3241 3789 3593 4426
 ... : 157 270 386 495 538 509 323 977 1161 2043 3255 3809 3615 4467
 ... : 157 270 386 495 538 509 323 977 1162 2048 3270 3818 3636 4499
 ... : 157 270 386 495 538 509 323 977 1162 2051 3283 3832 3666 4532
 ... : 157 270 386 495 538 509 323 977 1163 2056 3302 3854 3691 4563
 ... : 157 270 386 495 538 509 323 977 1163 2057 3309 3869 3731 4611
 ... : 157 270 386 495 538 509 323 977 1164 2061 3326 3894 3758 4641
 ... : 157 270 386 495 538 509 323 977 1165 2062 3338 3906 3776 4688
 ... : 157 270 386 495 538 509 323 977 1166 2070 3360 3929 3800 4720
 ... : 157 270 386 495 538 509 323 977 1166 2072 3372 3942 3823 4770
 ... : 157 270 386 495 538 509 323 977 1166 2072 3376 3956 3854 4834
 ... : 157 270 386 495 538 509 323 977 1166 2081 3398 3977 3871 4870
 ... : 157 270 386 495 538 509 323 977 1166 2088 3414 3990 3885 4919
 ... : 157 270 386 495 538 509 323 977 1166 2093 3421 4014 3914 4950
 ... : 157 270 386 495 538 509 323 977 1166 2095 3428 4030 3937 5001
 ... : 157 270 386 495 538 509 323 977 1166 2094 3434 4039 3953 5035
 ... : 157 270 386 495 538 509 323 977 1167 2093 3445 4063 3992 5080
 ... : 157 270 386 495 538 509 323 977 1167 2094 3455 4076 4020 5122
 ... : 157 270 386 495 538 509 323 977 1168 2101 3461 4086 4048 5171
 ... : 157 270 386 495 538 509 323 977 1168 2107 3483 4105 4071 5204
 ... : 157 270 386 495 538 509 323 977 1169 2111 3495 4115 4083 5250
 ... : 157 270 386 495 538 509 323 977 1169 2114 3503 4139 4103 5292
 ... : 157 270 386 495 538 509 323 977 1169 2124 3527 4161 4117 5319
 ... : 157 270 386 495 538 509 323 977 1170 2130 3543 4177 4137 5369
 ... : 157 270 386 495 538 509 323 977 1170 2131 3553 4192 4164 5420
 ... : 157 270 386 495 538 509 323 977 1170 2140 3577 4218 4178 5448
 ... : 157 270 386 495 538 509 323 977 1170 2142 3587 4252 4214 5467
 ... : 157 270 386 495 538 509 323 977 1170 2142 3587 4255 4239 5520
 ... : 157 270 386 495 538 509 323 977 1170 2146 3590 4263 4269 5561
 ... : 157 270 386 495 538 509 323 977 1170 2148 3597 4279 4301 5599
 ... : 157 270 386 495 538 509 323 977 1171 2151 3606 4295 4327 5645
 ... : 157 270 386 495 538 509 323 977 1171 2153 3613 4312 4353 5693
 ... : 157 270 386 495 538 509 323 977 1171 2154 3619 4320 4377 5734
 ... : 157 270 386 495 538 509 323 977 1171 2158 3631 4338 4405 5773
 ... : 157 270 386 495 538 509 323 977 1171 2157 3636 4349 4428 5811
 ... : 157 270 386 495 538 509 323 977 1172 2161 3647 4366 4446 5856
 ... : 157 270 386 495 538 509 323 977 1173 2167 3662 4387 4473 5898
 ... : 157 270 386 495 538 509 323 977 1174 2172 3671 4401 4499 5956
 ... : 157 270 386 495 538 509 323 977 1174 2173 3684 4418 4519 5998
 ... : 157 270 386 495 538 509 323 977 1175 2178 3700 4442 4539 6038
 ... : 157 270 386 495 538 509 323 977 1178 2190 3719 4465 4567 6071
 ... : 157 270 386 495 538 509 323 977 1182 2202 3741 4473 4576 6107
 ... : 157 270 386 495 538 509 323 977 1182 2203 3753 4499 4600 6140
 ... : 157 270 386 495 538 509 323 977 1182 2203 3758 4512 4628 6181
 ... : 157 270 386 495 538 509 323 977 1182 2205 3769 4532 4646 6212
 ... : 157 270 386 495 538 509 323 977 1183 2209 3781 4552 4673 6243
 ... : 157 270 386 495 538 509 323 977 1184 2210 3790 4565 4687 6289
 ... : 157 270 386 495 538 509 323 977 1184 2212 3799 4579 4714 6336
 ... : 157 270 386 495 538 509 323 977 1184 2213 3808 4597 4744 6383
 ... : 157 270 386 495 538 509 323 977 1184 2215 3822 4617 4769 6425
 ... : 157 270 386 495 538 509 323 977 1189 2221 3829 4640 4801 6451
 ... : 157 270 386 495 538 509 323 977 1189 2221 3832 4652 4833 6496
 ... : 157 270 386 495 538 509 323 977 1190 2222 3839 4666 4862 6540
 ... : 157 270 386 495 538 509 323 977 1190 2222 3843 4680 4883 6589
 ... : 157 270 386 495 538 509 323 977 1190 2223 3848 4692 4912 6640
 ... : 157 270 386 495 538 509 323 977 1190 2224 3850 4704 4941 6690
 ... : 157 270 386 495 538 509 323 977 1190 2225 3855 4723 4974 6742
 ... : 157 270 386 495 538 509 323 977 1190 2230 3868 4738 5006 6779
 ... : 157 270 386 495 538 509 323 977 1190 2231 3876 4754 5039 6821
 ... : 157 270 386 495 538 509 323 977 1191 2233 3883 4772 5077 6849
 ... : 157 270 386 495 538 509 323 977 1191 2236 3886 4790 5108 6895
 ... : 157 270 386 495 538 509 323 977 1191 2241 3902 4808 5133 6934
 ... : 157 270 386 495 538 509 323 977 1191 2241 3917 4838 5170 6962
 ... : 157 270 386 495 538 509 323 977 1191 2244 3933 4854 5186 6995
 ... : 157 270 386 495 538 509 323 977 1191 2250 3949 4872 5213 7036
 ... : 157 270 386 495 538 509 323 977 1191 2259 3962 4891 5240 7081
 ... : 157 270 386 495 538 509 323 977 1190 2265 3976 4906 5271 7124
 ... : 157 270 386 495 538 509 323 977 1190 2270 3990 4931 5303 7166
 ... : 157 270 386 495 538 509 323 977 1190 2274 3999 4945 5333 7214
 ... : 157 270 386 495 538 509 323 977 1193 2287 4016 4958 5343 7247
 ... : 157 270 386 495 538 509 323 977 1193 2293 4027 4986 5384 7259
 ... : 157 270 386 495 538 509 323 977 1193 2293 4032 4999 5400 7308
 ... : 157 270 386 495 538 509 323 977 1196 2297 4046 5016 5417 7345
 ... : 157 270 386 495 538 509 323 977 1195 2299 4054 5035 5449 7382
 ... : 157 270 386 495 538 509 323 977 1195 2304 4067 5051 5470 7430
 ... : 157 270 386 495 538 509 323 977 1195 2307 4078 5063 5486 7482
 ... : 157 270 386 495 538 509 323 977 1196 2310 4092 5080 5510 7518
 ... : 157 270 386 495 538 509 323 977 1196 2313 4099 5094 5546 7568
 ... : 157 270 386 495 538 509 323 977 1203 2339 4134 5112 5560 7579
 ... : 157 270 386 495 538 509 323 977 1203 2339 4137 5141 5613 7611
 ... : 157 270 386 495 538 509 323 977 1203 2340 4139 5152 5645 7662
 ... : 157 270 386 495 538 509 323 977 1203 2345 4151 5166 5658 7698
 ... : 157 270 386 495 538 509 323 977 1202 2347 4156 5184 5692 7744
 ... : 157 270 386 495 538 509 323 977 1202 2350 4169 5207 5723 7778
 ... : 157 270 386 495 538 509 323 977 1202 2350 4172 5220 5742 7823
 ... : 157 270 386 495 538 509 323 977 1202 2354 4181 5231 5763 7860
 ... : 157 270 386 495 538 509 323 977 1202 2357 4191 5254 5792 7897
 ... : 157 270 386 495 538 509 323 977 1203 2360 4197 5271 5822 7937
 ... : 157 270 386 495 538 509 323 977 1203 2371 4203 5276 5835 7964
 ... : 157 270 386 495 538 509 323 977 1203 2373 4210 5286 5859 7991
 ... : 157 270 386 495 538 509 323 977 1203 2376 4223 5306 5888 8034
 ... : 157 270 386 495 538 509 323 977 1206 2387 4242 5326 5911 8052
 ... : 157 270 386 495 538 509 323 977 1207 2390 4248 5337 5931 8097
 ... : 157 270 386 495 538 509 323 977 1208 2391 4257 5355 5952 8135
 ... : 157 270 386 495 538 509 323 977 1208 2400 4268 5371 5972 8159
 ... : 157 270 386 495 538 509 323 977 1208 2405 4277 5382 5996 8185
 ... : 157 270 386 495 538 509 323 977 1208 2407 4285 5395 6032 8224
 ... : 157 270 386 495 538 509 323 977 1208 2412 4302 5412 6051 8245
 ... : 157 270 386 495 538 509 323 977 1208 2413 4305 5424 6080 8283
 ... : 157 270 386 495 538 509 323 977 1208 2413 4302 5427 6099 8327
 ... : 157 270 386 495 538 509 323 977 1208 2412 4296 5427 6124 8361
 ... : 157 270 386 495 538 509 323 977 1208 2413 4304 5449 6156 8397
 ... : 157 270 386 495 538 509 323 977 1208 2414 4317 5462 6191 8437
 ... : 157 270 386 495 538 509 323 977 1208 2414 4320 5477 6229 8487
 ... : 157 270 386 495 538 509 323 977 1208 2418 4324 5488 6245 8511
 ... : 157 270 386 495 538 509 323 977 1209 2425 4325 5495 6267 8557
 ... : 157 270 386 495 538 509 323 977 1212 2433 4343 5516 6298 8586
 ... : 157 270 386 495 538 509 323 977 1213 2437 4347 5521 6319 8621
 ... : 157 270 386 495 538 509 323 977 1213 2437 4342 5530 6353 8677
 ... : 157 270 386 495 538 509 323 977 1214 2439 4352 5544 6383 8715
 ... : 157 270 386 495 538 509 323 977 1216 2445 4367 5567 6415 8750
 ... : 157 270 386 495 538 509 323 977 1216 2448 4367 5577 6441 8797
 ... : 157 270 386 495 538 509 323 977 1216 2448 4374 5590 6473 8839
 ... : 157 270 386 495 538 509 323 977 1215 2449 4382 5607 6501 8875
 ... : 157 270 386 495 538 509 323 977 1215 2453 4387 5620 6529 8902
 ... : 157 270 386 495 538 509 323 977 1215 2456 4398 5643 6557 8941
 ... : 157 270 386 495 538 509 323 977 1215 2457 4405 5663 6593 8989
 ... : 157 270 386 495 538 509 323 977 1215 2458 4405 5669 6623 9023
 ... : 157 270 386 495 538 509 323 977 1216 2462 4411 5684 6655 9060
 ... : 157 270 386 495 538 509 323 977 1216 2465 4421 5706 6692 9097
 ... : 157 270 386 495 538 509 323 977 1216 2471 4431 5718 6716 9129
 ... : 157 270 386 495 538 509 323 977 1217 2477 4444 5737 6741 9164
 ... : 157 270 386 495 538 509 323 977 1219 2481 4452 5750 6752 9194
 ... : 157 270 386 495 538 509 323 977 1219 2483 4459 5761 6767 9235
 ... : 157 270 386 495 538 509 323 977 1220 2486 4470 5779 6797 9271
 ... : 157 270 386 495 538 509 323 977 1219 2489 4479 5800 6823 9296
 ... : 157 270 386 495 538 509 323 977 1219 2492 4483 5818 6851 9341
 ... : 157 270 386 495 538 509 323 977 1219 2495 4497 5838 6886 9389
