initialized model with 1121 latches, 72 inputs and 1 properties
tsim: performed 12 steps
tsim: found cycle from 10
checking bound 0
checking bound 1
checking bound 2
tdecomp: unrolling 2 cycles
tsim: performed 10 steps
tsim: found cycle from 8
tsim: found 2 constants and 0 latch equivalences
seqsimpl: found 4 latch equivalences
tdecomp: (1121, 288) -> (1115, 193)
 ... : 200
   2 : 188 137
   3 : 195 83 83
   4 : 192 99 62 117
   5 : 192 99 66 24 119
   6 : 189 101 73 43 21 168
   7 : 189 101 73 43 21 2 166
 ... : 189 101 73 43 24 4 232
 ... : 189 101 73 57 53 16 276
 ... : 189 101 73 60 67 38 323
 ... : 189 101 73 67 87 52 366
 ... : 189 101 73 71 115 75 407
 ... : 189 101 73 71 139 108 439
 ... : 189 101 73 77 161 128 476
 ... : 189 101 73 77 170 157 535
 ... : 189 101 73 77 171 195 601
 ... : 189 101 73 77 178 254 660
 ... : 189 101 73 77 172 288 723
 ... : 189 101 73 80 192 303 765
 ... : 189 101 73 83 205 326 822
 ... : 189 101 73 83 215 370 872
 ... : 189 101 73 83 219 379 905
 ... : 189 101 72 87 231 397 947
 ... : 189 101 72 94 261 426 979
 ... : 189 101 72 94 299 487 997
 ... : 189 101 72 94 297 512 1046
 ... : 189 101 72 98 302 536 1099
 ... : 189 101 72 99 311 565 1149
 ... : 189 101 71 104 325 582 1194
 ... : 189 101 71 107 325 609 1245
 ... : 189 101 72 110 334 627 1294
 ... : 189 101 78 115 312 612 1318
 ... : 189 101 78 115 317 612 1350
 ... : 189 101 78 115 325 639 1394
 ... : 189 101 78 116 330 669 1450
 ... : 189 101 78 118 334 689 1502
 ... : 189 101 78 118 340 702 1557
 ... : 189 101 78 122 340 706 1609
 ... : 189 101 78 123 343 741 1669
 ... : 189 101 78 123 348 773 1722
 ... : 189 101 78 123 349 805 1788
 ... : 189 101 78 124 373 836 1823
 ... : 189 101 78 124 378 849 1884
 ... : 189 101 78 126 386 858 1936
 ... : 189 101 81 137 408 886 1966
 ... : 189 101 80 134 421 925 2005
 ... : 189 101 80 133 427 948 2061
 ... : 189 101 82 143 423 905 2111
 ... : 189 102 92 164 428 919 2156
 ... : 189 102 97 173 430 931 2183
 ... : 189 102 107 201 441 941 2215
 ... : 189 102 107 199 434 933 2228
   8 : 185 99 92 131 168 459 418 2003
   9 : 185 98 93 129 158 439 375 304 1767
  10 : 185 98 93 129 158 438 375 298 153 1620
  11 : 185 98 93 129 158 438 361 302 123 32 1636
  12 : 185 98 93 129 158 431 359 298 113 8 30 1652
  13 : 185 98 93 129 141 442 357 298 111 6 27 15 1650
  14 : 185 98 93 129 141 442 357 298 111 6 26 10 44 1613
  15 : 185 98 93 129 141 442 356 299 111 6 24 8 21 27 1623
 ... : 185 98 93 129 141 442 355 299 111 6 24 8 21 27 1689
 ... : 185 98 93 129 141 442 355 299 111 6 24 22 22 27 1744
 ... : 185 98 93 129 141 442 355 299 111 6 24 24 22 27 1809
 ... : 185 98 93 129 141 442 355 299 111 6 24 25 22 27 1875
 ... : 185 98 93 129 141 442 355 299 111 6 24 25 22 27 1941
 ... : 185 98 93 129 141 442 355 299 111 6 24 27 22 27 1987
 ... : 185 98 93 129 141 442 355 299 111 7 24 31 22 27 2049
 ... : 185 98 93 129 141 442 355 299 111 7 24 47 22 28 2099
 ... : 185 98 93 129 141 442 355 299 111 7 24 68 24 31 2133
 ... : 185 98 93 129 141 442 355 299 111 7 24 96 24 32 2171
 ... : 185 98 93 129 141 442 355 299 111 7 27 110 24 32 2221
 ... : 185 98 93 129 141 442 355 299 111 7 37 117 24 32 2271
 ... : 185 98 93 129 141 442 355 299 111 7 39 150 25 32 2302
 ... : 185 98 93 129 141 442 355 299 111 7 39 200 28 33 2315
 ... : 185 98 93 129 141 442 355 299 111 7 42 209 30 32 2365
 ... : 185 98 93 129 141 442 355 299 111 7 48 219 38 42 2398
 ... : 185 98 93 129 141 442 355 299 111 7 48 266 38 42 2418
 ... : 185 98 93 129 141 442 355 299 116 8 58 277 40 44 2440
 ... : 185 98 93 129 141 442 355 300 121 11 65 300 42 44 2470
 ... : 185 98 93 129 141 442 355 300 124 20 73 327 42 45 2504
 ... : 185 98 93 129 141 442 355 300 124 24 112 342 47 45 2513
 ... : 185 98 93 129 141 442 355 300 125 33 146 366 47 45 2522
 ... : 185 98 93 129 141 442 355 300 127 41 175 393 47 45 2527
 ... : 185 98 93 129 141 442 355 300 128 45 217 422 47 45 2535
 ... : 185 98 93 129 141 442 355 300 129 58 256 439 47 45 2536
 ... : 185 98 93 129 141 442 355 300 130 64 275 468 48 45 2552
 ... : 185 98 93 129 141 442 355 300 130 64 275 489 48 45 2599
 ... : 185 98 93 129 141 442 355 300 130 64 275 541 59 65 2612
 ... : 185 98 93 129 141 442 355 300 130 64 275 581 71 94 2644
 ... : 185 98 93 129 141 442 355 300 130 64 275 584 75 116 2686
 ... : 185 98 93 129 141 442 355 300 130 64 275 593 80 140 2726
 ... : 185 98 93 129 141 442 355 300 130 64 275 599 84 170 2761
 ... : 185 98 93 129 141 442 355 300 130 64 275 599 108 176 2804
 ... : 185 98 93 129 141 442 355 300 130 61 278 611 114 183 2846
 ... : 185 98 93 129 141 442 355 300 130 61 278 623 119 184 2905
 ... : 185 98 93 129 141 442 355 300 130 61 284 652 133 190 2943
 ... : 185 98 93 129 141 442 355 300 130 61 290 694 147 191 2984
 ... : 185 98 93 129 141 442 355 300 130 61 290 703 161 197 3020
 ... : 185 98 93 129 141 442 355 300 130 61 293 716 179 212 3062
 ... : 185 98 93 129 141 442 355 300 130 61 293 738 186 213 3114
 ... : 185 98 93 129 141 442 355 300 130 61 292 745 188 231 3154
 ... : 185 98 93 129 141 442 355 300 130 63 294 753 190 231 3207
 ... : 185 98 93 129 141 442 355 300 130 91 297 757 190 231 3262
 ... : 185 98 93 129 141 442 355 300 130 93 296 758 190 231 3325
 ... : 185 98 93 129 141 442 355 300 130 93 300 795 191 231 3354
 ... : 185 98 93 129 141 442 355 300 130 93 301 816 193 231 3400
 ... : 185 98 93 129 141 442 355 300 130 93 301 832 196 231 3454
 ... : 185 98 93 129 141 442 355 300 130 93 301 844 196 231 3521
 ... : 185 98 93 129 141 442 355 300 130 93 301 848 196 232 3586
 ... : 185 98 93 129 141 442 355 300 130 93 301 855 200 232 3646
 ... : 185 98 93 129 141 442 355 299 130 95 302 861 200 233 3696
 ... : 185 98 93 129 141 442 355 299 130 95 302 863 201 236 3752
 ... : 185 98 93 129 141 442 355 299 130 95 302 884 203 237 3801
 ... : 185 98 93 129 141 442 355 299 130 95 302 891 205 240 3851
 ... : 185 98 93 129 141 442 355 299 130 95 304 902 210 242 3902
 ... : 185 98 93 129 141 442 355 299 130 95 304 922 225 244 3951
 ... : 185 98 93 129 141 442 355 299 130 95 307 944 228 247 4003
 ... : 185 98 93 129 141 442 355 299 130 95 307 967 234 247 4053
 ... : 185 98 93 129 141 442 355 299 130 95 307 972 242 249 4110
 ... : 185 98 93 129 141 442 355 299 130 96 312 980 251 249 4162
 ... : 185 98 93 129 141 442 355 299 130 96 313 1003 257 252 4213
 ... : 185 98 93 129 141 442 355 299 130 96 323 1006 257 252 4275
 ... : 185 98 93 129 141 442 355 299 130 96 327 1017 258 252 4333
 ... : 185 98 93 129 141 442 355 299 130 96 327 1035 270 252 4375
 ... : 185 98 93 129 141 442 355 299 130 96 327 1038 290 252 4422
 ... : 185 98 93 129 141 442 355 299 130 96 327 1045 315 252 4464
 ... : 185 98 93 129 141 442 355 299 130 96 328 1054 320 253 4522
 ... : 185 98 93 129 141 442 355 299 130 96 337 1069 321 253 4574
 ... : 185 98 93 129 141 442 355 299 130 96 340 1095 331 253 4611
 ... : 185 98 93 129 141 442 355 299 130 96 340 1113 344 253 4661
 ... : 185 98 93 129 141 442 355 299 130 96 340 1130 356 256 4711
 ... : 185 98 93 129 141 442 355 299 130 96 341 1146 357 256 4767
 ... : 185 98 93 129 141 442 355 299 130 96 343 1164 358 256 4816
 ... : 185 98 93 129 141 442 355 299 130 96 343 1196 366 256 4866
 ... : 185 98 93 129 141 442 355 299 130 96 343 1224 374 256 4925
 ... : 185 98 93 129 141 442 355 299 130 96 343 1249 383 256 4983
 ... : 185 98 93 129 141 442 355 299 130 96 343 1271 384 256 5049
 ... : 185 98 93 129 141 442 355 299 130 96 343 1293 389 256 5105
 ... : 185 98 93 129 141 442 355 299 130 96 343 1312 398 256 5163
 ... : 185 98 93 129 141 442 355 299 130 96 343 1334 411 260 5213
 ... : 185 98 93 129 141 442 355 299 130 96 343 1346 414 260 5270
 ... : 185 98 93 129 141 442 355 299 130 96 345 1364 418 261 5312
 ... : 185 98 93 129 141 442 355 299 130 96 345 1388 429 261 5353
 ... : 185 98 93 129 141 442 355 299 130 96 345 1397 442 264 5406
 ... : 185 98 93 129 141 442 355 299 129 85 320 1086 303 149 5075
 ... : 185 98 93 129 141 442 355 299 129 85 320 1086 303 149 5075
 ... : 185 98 93 129 141 442 355 299 129 85 320 1094 303 159 5091
 ... : 185 98 93 129 141 442 355 299 129 85 320 1094 303 160 5157
 ... : 185 98 93 129 141 442 355 299 129 85 321 1096 304 162 5184
 ... : 185 98 93 129 141 442 355 299 129 85 322 1098 304 162 5231
 ... : 185 98 93 129 141 442 355 299 130 88 324 1098 305 164 5292
 ... : 185 98 93 129 141 442 355 299 130 89 325 1109 312 164 5345
 ... : 185 98 93 129 141 442 355 299 130 89 325 1116 314 170 5397
 ... : 185 98 93 129 141 442 355 299 130 89 326 1121 348 183 5412
 ... : 185 98 93 129 141 442 355 299 130 89 326 1141 374 203 5412
 ... : 185 98 93 129 141 442 355 299 130 90 326 1159 413 203 5419
 ... : 185 98 93 129 141 442 355 299 130 90 326 1167 460 205 5422
 ... : 185 98 93 129 141 442 355 299 129 89 325 1184 511 205 5424
 ... : 185 98 93 129 141 442 355 299 129 89 325 1194 566 205 5428
 ... : 185 98 93 129 141 442 355 299 129 89 326 1206 579 214 5462
 ... : 185 98 93 129 141 442 355 299 129 89 326 1207 599 239 5484
 ... : 185 98 93 129 141 442 355 299 129 89 326 1220 635 246 5495
 ... : 185 98 93 129 141 442 355 299 129 89 326 1234 656 263 5512
 ... : 185 98 93 129 141 442 355 299 129 89 326 1239 682 275 5537
 ... : 185 98 93 129 141 442 355 299 129 90 332 1266 692 285 5552
 ... : 185 98 93 129 141 442 355 299 129 90 332 1300 716 285 5568
 ... : 185 98 93 129 141 442 355 299 129 90 332 1332 750 285 5581
 ... : 185 98 93 129 141 442 355 299 129 90 332 1372 762 287 5595
 ... : 185 98 93 129 141 442 355 299 129 90 332 1426 771 287 5599
 ... : 185 98 93 129 141 442 355 299 129 90 332 1459 791 288 5610
 ... : 185 98 93 129 141 442 355 299 129 90 332 1500 817 289 5618
 ... : 185 98 93 129 141 442 355 299 129 90 332 1548 850 290 5623
 ... : 185 98 93 129 141 442 355 299 129 90 332 1593 874 290 5624
 ... : 185 98 93 129 141 442 355 298 129 90 332 1627 917 290 5632
 ... : 185 98 93 129 141 442 355 298 129 90 332 1658 957 290 5650
 ... : 185 98 93 129 141 442 355 298 129 90 332 1707 998 290 5651
 ... : 185 98 93 129 141 442 355 298 129 90 332 1747 1055 290 5652
 ... : 185 98 93 129 141 442 355 298 129 90 331 1783 1097 290 5664
 ... : 185 98 93 129 141 442 355 298 129 90 331 1803 1097 290 5710
 ... : 185 98 93 129 141 442 355 298 129 90 331 1819 1097 290 5761
 ... : 185 98 93 129 141 442 355 298 129 90 331 1848 1105 290 5791
 ... : 185 98 93 129 141 442 355 298 129 90 331 1874 1129 290 5808
 ... : 185 98 93 129 141 442 355 298 129 90 334 1902 1140 290 5833
 ... : 185 98 93 129 141 442 355 298 129 90 335 1955 1141 290 5846
 ... : 185 98 93 129 141 442 355 298 129 90 343 1987 1144 290 5878
 ... : 185 98 93 129 141 442 355 298 129 95 346 2012 1148 290 5913
 ... : 185 98 93 129 141 442 355 298 129 95 346 2027 1190 290 5923
 ... : 185 98 93 129 141 442 355 298 129 97 346 2071 1198 290 5937
 ... : 185 98 93 129 141 442 355 298 129 101 346 2118 1198 290 5957
 ... : 185 98 93 129 141 442 355 298 129 101 351 2163 1202 290 5968
 ... : 185 98 93 129 141 442 355 298 129 104 354 2178 1205 290 6009
 ... : 185 98 93 129 141 442 355 298 129 104 380 2192 1207 290 6035
 ... : 185 98 93 129 141 442 355 298 130 104 385 2236 1210 290 6050
 ... : 185 98 93 129 141 442 355 298 130 104 386 2262 1232 291 6068
 ... : 185 98 93 129 141 442 355 298 130 104 386 2306 1245 291 6078
 ... : 185 98 93 129 141 442 355 298 130 104 386 2316 1252 291 6126
 ... : 185 98 93 129 141 442 355 298 130 104 386 2327 1257 291 6177
 ... : 185 98 93 129 141 442 355 298 130 104 387 2360 1265 291 6202
 ... : 185 98 93 129 141 442 355 298 130 104 392 2406 1268 291 6216
 ... : 185 98 93 129 141 442 355 298 130 104 392 2459 1268 291 6229
 ... : 185 98 93 129 141 442 355 298 130 104 392 2523 1268 291 6232
 ... : 185 98 93 129 141 442 355 298 130 104 390 2552 1276 291 6219
 ... : 185 98 93 129 141 442 355 304 144 121 408 2558 1279 291 6237
 ... : 185 98 93 129 141 442 355 304 144 121 408 2600 1288 291 6249
 ... : 185 98 93 129 141 442 355 304 144 121 409 2643 1303 291 6258
 ... : 185 98 93 129 141 442 355 304 144 121 411 2682 1318 291 6270
 ... : 185 98 93 129 141 442 355 304 144 121 411 2737 1319 291 6282
 ... : 185 98 93 129 141 442 355 304 144 122 425 2780 1321 291 6290
 ... : 185 98 93 129 141 442 355 304 144 123 425 2822 1332 291 6303
 ... : 185 98 93 129 141 442 355 304 144 143 457 2848 1336 291 6308
 ... : 185 98 93 129 141 442 355 304 144 146 465 2884 1347 291 6319
 ... : 185 98 93 129 141 442 355 304 144 146 465 2927 1365 291 6325
 ... : 185 98 93 129 141 442 355 304 145 146 465 2982 1365 291 6336
 ... : 185 98 93 129 141 442 355 304 145 146 475 3020 1371 291 6349
 ... : 185 98 93 129 141 442 355 311 151 155 490 3031 1371 291 6379
 ... : 185 98 93 129 141 442 355 311 152 160 510 3017 1375 291 6389
 ... : 185 98 93 129 141 442 355 311 153 161 514 3026 1404 291 6414
 ... : 185 98 93 129 141 442 355 311 155 173 547 3062 1410 291 6422
 ... : 185 98 93 129 141 442 355 311 155 173 564 3107 1411 291 6438
 ... : 185 98 93 129 141 442 355 311 156 177 598 3130 1411 291 6444
 ... : 185 98 93 129 141 442 355 311 156 181 628 3158 1411 291 6461
 ... : 185 98 93 129 141 442 355 311 156 185 632 3210 1414 291 6466
 ... : 185 98 93 129 141 442 355 311 156 185 633 3253 1414 291 6489
 ... : 185 98 93 129 141 442 355 311 156 185 633 3291 1414 291 6518
 ... : 185 98 93 129 141 442 355 311 156 185 633 3341 1414 291 6535
 ... : 185 98 93 129 141 442 355 311 156 185 633 3390 1414 291 6553
 ... : 185 98 93 129 141 442 355 311 156 185 633 3405 1414 291 6605
 ... : 185 98 93 129 141 442 355 311 156 185 633 3405 1414 291 6672
 ... : 185 98 93 129 141 442 355 311 156 185 635 3407 1416 291 6735
 ... : 185 98 93 129 141 442 355 311 156 185 637 3437 1431 291 6757
 ... : 185 98 93 129 141 442 355 311 156 186 652 3482 1441 291 6767
 ... : 185 98 93 129 141 442 355 311 156 186 657 3499 1443 291 6814
 ... : 185 98 93 129 141 442 355 311 158 190 662 3526 1446 291 6844
 ... : 185 98 93 129 141 442 355 311 158 194 704 3542 1461 291 6861
 ... : 185 98 93 129 141 442 355 311 158 199 731 3563 1472 291 6877
 ... : 185 98 93 129 141 442 355 311 158 201 755 3611 1474 291 6891
 ... : 185 98 93 129 141 442 355 311 158 201 759 3662 1476 291 6904
 ... : 185 98 93 129 141 442 355 311 158 201 760 3568 1489 291 6916
 ... : 185 98 93 129 141 442 355 311 158 201 771 3583 1507 291 6953
 ... : 185 98 93 129 141 442 355 310 152 166 758 3602 1518 291 6985
 ... : 185 98 93 129 141 442 355 310 152 166 761 3615 1555 291 7012
 ... : 185 98 93 129 141 442 355 310 152 166 761 3649 1603 291 7028
 ... : 185 98 93 129 141 442 355 310 152 166 761 3668 1624 291 7074
 ... : 185 98 93 129 141 442 355 310 152 166 761 3672 1656 291 7109
 ... : 185 98 93 129 141 442 355 310 152 167 761 3685 1677 291 7145
 ... : 185 98 93 129 141 442 355 310 151 165 767 3704 1699 291 7184
 ... : 185 98 93 129 141 442 355 310 151 165 762 3724 1732 291 7210
 ... : 185 98 93 129 141 442 355 310 151 165 758 3720 1772 291 7227
 ... : 185 98 93 129 141 442 355 309 151 165 759 3727 1773 291 7283
 ... : 185 98 93 129 141 442 355 309 151 165 760 3729 1784 290 7336
 ... : 185 98 93 129 141 442 355 309 151 165 772 3733 1790 291 7378
 ... : 185 98 93 129 141 442 355 309 151 164 771 3429 1639 299 7432
 ... : 185 98 93 129 141 442 355 309 151 164 788 3461 1644 301 7473
 ... : 185 98 93 129 141 442 355 309 151 164 798 3480 1653 304 7522
 ... : 185 98 93 129 141 442 355 309 149 156 750 3468 1659 304 7565
 ... : 185 98 93 129 141 442 355 309 149 156 785 3488 1660 305 7582
 ... : 185 98 93 129 141 442 355 309 149 156 786 3504 1671 307 7636
 ... : 185 98 93 129 141 442 355 309 149 159 791 3527 1681 309 7675
 ... : 185 98 93 129 141 442 355 309 149 161 793 3533 1681 318 7725
 ... : 185 98 93 129 141 442 355 309 149 161 796 3546 1682 323 7775
 ... : 185 98 93 129 141 442 355 309 149 161 827 3555 1682 324 7806
 ... : 185 98 93 129 141 442 355 309 149 161 841 3569 1682 324 7851
 ... : 185 98 93 129 141 442 355 309 149 161 854 3597 1686 324 7886
 ... : 185 98 93 129 141 442 355 309 149 161 883 3604 1701 330 7913
 ... : 185 98 93 129 141 442 355 309 149 161 928 3620 1717 331 7923
 ... : 185 98 93 129 141 442 355 309 149 161 930 3629 1722 341 7961
 ... : 185 98 93 129 141 442 355 309 149 161 948 3642 1726 342 8000
 ... : 185 98 93 129 141 442 355 309 149 161 962 3669 1730 342 8040
 ... : 185 98 93 129 141 442 355 309 149 161 965 3690 1740 342 8092
 ... : 185 98 93 129 141 442 355 309 149 161 980 3709 1750 359 8118
 ... : 185 98 93 129 141 442 355 309 149 161 996 3732 1758 370 8148
 ... : 185 98 93 129 141 442 355 309 149 161 1000 3745 1771 392 8176
 ... : 185 98 93 129 141 442 355 309 149 161 1014 3753 1772 392 8228
 ... : 185 98 93 129 141 442 355 309 149 172 1041 3765 1783 397 8250
 ... : 185 98 93 129 141 442 355 309 149 185 1074 3794 1783 397 8268
 ... : 185 98 93 129 141 442 355 309 149 205 1114 3824 1783 397 8284
 ... : 185 98 93 129 141 442 355 309 149 209 1147 3865 1784 397 8298
 ... : 185 98 93 129 141 442 355 309 149 209 1147 3865 1784 412 8354
 ... : 185 98 93 129 141 442 355 309 149 210 1160 3885 1790 419 8388
 ... : 185 98 93 129 141 442 355 309 149 210 1174 3925 1805 427 8407
 ... : 185 98 93 129 141 442 355 309 149 210 1183 3950 1824 440 8431
 ... : 185 98 93 129 141 442 355 309 149 210 1185 3975 1833 459 8465
 ... : 185 98 93 129 141 442 355 309 149 233 1222 3991 1833 459 8482
 ... : 185 98 93 129 141 442 355 309 149 233 1237 4032 1840 460 8506
 ... : 185 98 93 129 141 442 355 309 149 244 1266 4069 1842 462 8523
 ... : 185 98 93 129 141 442 355 309 149 249 1281 4101 1847 465 8549
 ... : 185 98 93 129 141 442 355 309 149 249 1280 4108 1850 470 8608
 ... : 185 98 93 129 141 442 355 309 149 249 1292 4131 1873 482 8628
 ... : 185 98 93 129 141 442 355 309 149 249 1302 4165 1894 495 8647
 ... : 185 98 93 129 141 442 355 309 149 249 1310 4181 1900 506 8684
 ... : 185 98 93 129 141 442 355 309 149 249 1313 4217 1922 508 8708
 ... : 185 98 93 129 141 442 355 309 149 249 1317 4236 1925 514 8748
 ... : 185 98 93 129 141 442 355 309 149 249 1322 4257 1942 518 8780
 ... : 185 98 93 129 141 442 355 309 149 249 1324 4289 1971 523 8798
 ... : 185 98 93 129 141 442 355 309 149 250 1330 4317 1992 524 8832
 ... : 185 98 93 129 141 442 355 309 149 250 1339 4332 2017 533 8854
 ... : 185 98 93 129 141 442 355 309 149 250 1344 4373 2050 541 8869
 ... : 185 98 93 129 141 442 355 309 149 250 1361 4401 2074 552 8889
 ... : 185 98 93 129 141 442 355 309 148 248 1362 4404 2099 552 8929
 ... : 185 98 93 129 141 442 355 309 147 219 1349 4398 2105 558 8976
 ... : 185 98 93 129 141 442 355 309 147 219 1351 4399 2140 560 9005
 ... : 185 98 93 129 141 442 355 309 147 219 1388 4404 2146 564 9021
 ... : 185 98 93 129 141 442 355 309 147 219 1422 4412 2159 565 9036
 ... : 185 98 93 129 141 442 355 309 149 222 1440 4429 2169 572 9054
 ... : 185 98 93 129 141 442 355 309 149 222 1441 4441 2184 583 9083
 ... : 185 98 93 129 141 442 355 309 149 222 1451 4450 2205 589 9105
 ... : 185 98 93 129 141 442 355 309 149 222 1463 4495 2212 592 9115
 ... : 185 98 93 129 141 442 355 309 153 223 1463 4515 2236 594 9134
 ... : 185 98 93 129 141 442 355 309 153 223 1479 4543 2252 595 9152
 ... : 185 98 93 129 141 442 355 309 155 230 1504 4568 2264 595 9168
 ... : 185 98 93 129 141 442 355 309 155 232 1518 4620 2272 596 9171
 ... : 185 98 93 129 141 442 355 309 155 233 1545 4671 2281 596 9177
 ... : 185 98 93 129 141 442 355 309 155 233 1550 4688 2332 601 9201
 ... : 185 98 93 129 141 442 355 309 155 233 1551 4696 2351 605 9234
 ... : 185 98 93 129 141 442 355 309 155 233 1576 4700 2374 624 9249
 ... : 185 98 93 129 141 442 355 309 155 233 1585 4708 2376 628 9308
 ... : 185 98 93 129 141 442 355 309 155 235 1598 4710 2389 639 9350
 ... : 185 98 93 129 141 442 355 309 155 235 1600 4723 2394 648 9388
 ... : 185 98 93 129 141 442 355 309 155 235 1610 4724 2397 651 9435
 ... : 185 98 93 129 141 442 355 309 159 236 1622 4734 2401 651 9478
 ... : 185 98 93 129 141 442 355 309 160 236 1651 4738 2406 652 9507
 ... : 185 98 93 129 141 442 355 309 160 236 1659 4748 2412 668 9534
 ... : 185 98 93 129 141 442 355 309 161 236 1678 4755 2412 680 9559
 ... : 185 98 93 129 141 442 355 309 162 244 1694 4755 2415 693 9594
 ... : 185 98 93 129 141 442 355 309 162 249 1708 4757 2425 708 9619
 ... : 185 98 93 129 141 442 355 309 164 250 1712 4773 2429 710 9663
 ... : 185 98 93 129 141 442 355 309 166 265 1713 4773 2430 713 9720
 ... : 185 98 93 129 141 442 355 309 166 265 1715 4782 2432 724 9763
 ... : 185 98 93 129 141 442 355 309 167 270 1717 4790 2435 726 9814
 ... : 185 98 93 129 141 442 355 309 167 272 1740 4809 2437 730 9848
 ... : 185 98 93 129 141 442 355 309 167 277 1767 4810 2443 740 9870
 ... : 185 98 93 129 141 442 355 309 167 283 1778 4815 2447 753 9908
 ... : 185 98 93 129 141 442 355 309 167 286 1783 4823 2450 762 9949
 ... : 185 98 93 129 141 442 355 309 169 297 1803 4834 2455 766 9977
 ... : 185 98 93 129 141 442 355 309 173 304 1813 4841 2455 770 10022
 ... : 185 98 93 129 141 442 355 309 173 304 1829 4856 2455 778 10052
 ... : 185 98 93 129 141 442 355 309 174 308 1843 4873 2462 784 10078
 ... : 185 98 93 129 141 442 355 309 174 308 1845 4884 2483 784 10113
 ... : 185 98 93 129 141 442 355 309 174 308 1850 4899 2487 791 10154
 ... : 185 98 93 129 141 442 355 309 174 309 1867 4913 2488 797 10192
 ... : 185 98 93 129 141 442 355 309 174 310 1884 4929 2488 803 10221
 ... : 185 98 93 129 141 442 355 309 175 313 1909 4954 2491 806 10243
 ... : 185 98 93 129 141 442 355 309 175 327 1924 4968 2494 814 10267
 ... : 185 98 93 129 141 442 355 309 175 330 1925 4988 2494 819 10307
 ... : 185 98 93 129 141 442 355 309 175 333 1946 5005 2495 825 10334
 ... : 185 98 93 129 141 442 355 309 175 338 1961 5026 2502 836 10352
 ... : 185 98 93 129 141 442 355 309 176 339 1974 5042 2503 838 10387
 ... : 185 98 93 129 141 442 355 309 177 340 1977 5049 2503 838 10443
 ... : 185 98 93 129 141 442 355 309 178 345 1981 5055 2503 838 10498
 ... : 185 98 93 129 141 442 355 309 178 346 1981 5077 2508 846 10529
 ... : 185 98 93 129 141 442 355 309 178 346 1989 5101 2522 850 10552
 ... : 185 98 93 129 141 442 355 309 178 347 1994 5128 2529 859 10573
 ... : 185 98 93 129 141 442 355 309 178 347 2009 5150 2532 869 10594
 ... : 185 98 93 129 141 442 355 309 179 348 2036 5176 2540 872 10614
 ... : 185 98 93 129 141 442 355 309 179 349 2058 5188 2541 875 10647
 ... : 185 98 93 129 141 442 355 309 179 349 2077 5207 2542 879 10678
 ... : 185 98 93 129 141 442 355 309 179 351 2079 5225 2544 886 10716
 ... : 185 98 93 129 141 442 355 309 179 355 2092 5253 2545 893 10743
 ... : 185 98 93 129 141 442 355 309 179 356 2121 5264 2546 894 10775
 ... : 185 98 93 129 141 442 355 309 179 359 2148 5284 2554 898 10794
 ... : 185 98 93 129 141 442 355 309 179 359 2172 5309 2565 899 10808
 ... : 185 98 93 129 141 442 355 309 179 365 2191 5339 2565 901 10836
 ... : 185 98 93 129 141 442 355 309 179 366 2213 5352 2566 901 10876
 ... : 185 98 93 129 141 442 355 309 179 373 2232 5376 2570 908 10902
 ... : 185 98 93 129 141 442 355 309 181 376 2248 5393 2574 915 10926
 ... : 185 98 93 129 141 442 355 309 181 377 2256 5432 2574 922 10942
 ... : 185 98 93 129 141 442 355 309 181 379 2283 5451 2575 925 10970
 ... : 185 98 93 129 141 442 355 309 186 379 2286 5451 2576 926 11029
 ... : 185 98 93 129 141 442 355 309 187 380 2296 5451 2576 926 11085
 ... : 185 98 93 129 141 442 355 309 188 380 2299 5467 2576 929 11133
 ... : 185 98 93 129 141 442 355 309 191 384 2305 5470 2584 929 11183
 ... : 185 98 93 129 141 442 355 309 191 384 2312 5496 2584 929 11222
 ... : 185 98 93 129 141 442 355 309 191 386 2323 5512 2585 930 11269
 ... : 185 98 93 129 141 442 355 309 191 387 2326 5523 2585 930 11323
 ... : 185 98 93 129 141 442 355 309 191 387 2348 5551 2585 930 11353
 ... : 185 98 93 129 141 442 355 309 191 387 2378 5581 2585 930 11376
 ... : 185 98 93 129 141 442 355 309 191 387 2397 5623 2585 930 11401
 ... : 185 98 93 129 141 442 355 309 192 387 2416 5660 2586 930 11429
 ... : 185 98 93 129 141 442 355 309 192 387 2441 5693 2589 930 11457
 ... : 185 98 93 129 141 442 355 309 192 387 2461 5734 2589 930 11480
 ... : 185 98 93 129 141 442 355 309 192 387 2484 5767 2591 936 11503
 ... : 185 98 93 129 141 442 355 309 192 387 2517 5820 2591 936 11517
 ... : 185 98 93 129 141 442 355 309 192 390 2538 5846 2591 936 11557
 ... : 185 98 93 129 141 442 355 309 192 390 2570 5891 2591 936 11576
 ... : 185 98 93 129 141 442 355 309 192 390 2610 5930 2591 936 11589
 ... : 185 98 93 129 141 442 355 309 192 390 2610 5931 2591 937 11655
 ... : 185 98 93 129 141 442 355 309 192 390 2610 5952 2593 937 11707
 ... : 185 98 93 129 141 442 355 309 192 390 2617 5973 2602 937 11757
 ... : 185 98 93 129 141 442 355 309 192 390 2617 5982 2617 947 11797
 ... : 185 98 93 129 141 442 355 309 192 390 2620 5985 2621 950 11856
 ... : 185 98 93 129 141 442 355 309 192 390 2620 5986 2623 953 11918
 ... : 185 98 93 129 141 442 355 309 192 390 2620 5986 2623 970 11968
 ... : 185 98 93 129 141 442 355 309 192 390 2620 5988 2625 975 12028
 ... : 185 98 93 129 141 442 355 309 192 390 2625 5990 2627 980 12087
 ... : 185 98 93 129 141 442 355 309 192 391 2629 5999 2649 981 12128
 ... : 185 98 93 129 141 442 355 309 192 392 2640 6006 2673 988 12157
