initialized model with 18833 latches, 579 inputs and 1 properties
tsim: performed 220 steps
tsim: found 1787 constants and 14 latch equivalences
seqsimpl: found 1 latch equivalences
seqsimpl: (18833, 579) -> (16386, 416)
checking bound 0
checking bound 1
checking bound 2
tdecomp: unrolling 2 cycles
tsim: performed 68 steps
tsim: found cycle from 47
tsim: found 1 constants and 5 latch equivalences
tdecomp: (16386, 1664) -> (16380, 416)
   2 : 28 70
   3 : 28 50 21
   4 : 13 51 43 21
 ... : 16 55 73 93
 ... : 16 55 102 118
   5 : 16 53 119 104 34
 ... : 16 53 120 143 126
 ... : 16 53 120 210 193
 ... : 16 53 120 277 260
 ... : 16 53 120 344 327
 ... : 16 53 120 411 394
 ... : 17 57 128 423 196
 ... : 18 59 139 439 267
 ... : 19 61 143 438 398
   6 : 19 61 135 391 307 223
 ... : 19 61 135 403 321 302
 ... : 19 61 140 408 330 342
   7 : 19 61 134 392 212 130 294
 ... : 19 61 134 392 216 149 365
 ... : 19 61 134 392 218 175 426
 ... : 19 61 134 392 231 191 486
 ... : 19 61 134 392 237 212 543
 ... : 19 61 134 392 249 246 602
 ... : 19 61 134 392 259 261 658
 ... : 19 61 134 392 274 287 713
 ... : 19 61 134 391 278 295 766
 ... : 19 61 134 391 278 328 827
 ... : 19 61 134 391 292 343 878
 ... : 19 61 134 391 302 376 926
 ... : 19 61 134 391 304 408 993
 ... : 19 61 134 391 312 433 1043
 ... : 19 61 134 391 320 460 1098
 ... : 19 61 134 391 331 481 1149
 ... : 19 61 134 391 338 493 1189
 ... : 19 61 134 391 351 517 1234
 ... : 19 61 134 391 353 545 1269
 ... : 19 61 134 390 361 558 1305
 ... : 19 61 134 390 363 590 1374
 ... : 19 61 134 390 372 612 1429
 ... : 19 61 134 390 378 643 1470
 ... : 19 61 134 390 388 674 1520
 ... : 19 61 134 390 399 707 1564
 ... : 19 61 134 390 407 738 1616
 ... : 19 61 134 390 407 738 1683
 ... : 19 61 134 390 408 744 1749
 ... : 19 61 134 390 415 770 1779
 ... : 19 61 134 390 427 808 1824
 ... : 19 61 134 390 442 818 1874
 ... : 19 61 134 390 452 839 1945
 ... : 19 61 134 390 464 864 1995
 ... : 19 61 134 390 479 883 2040
 ... : 19 61 134 390 498 911 2091
 ... : 19 61 134 390 515 947 2135
 ... : 19 61 134 390 528 964 2185
 ... : 19 61 134 390 539 984 2248
   8 : 19 61 134 389 342 512 420 1989
 ... : 19 61 134 389 342 528 430 2061
 ... : 19 61 134 389 342 538 454 2118
 ... : 19 61 134 389 342 541 479 2170
 ... : 19 61 134 389 342 536 482 2161
 ... : 19 61 134 389 342 544 500 2224
 ... : 19 61 134 389 341 554 516 2270
 ... : 19 61 134 389 339 563 529 2328
 ... : 19 61 134 389 339 571 559 2384
 ... : 19 61 134 389 351 588 589 2421
 ... : 19 61 134 389 355 597 609 2467
 ... : 19 61 134 389 357 605 640 2517
 ... : 19 61 134 389 360 616 663 2573
 ... : 19 61 134 389 361 633 695 2619
 ... : 19 61 134 389 364 645 715 2672
 ... : 19 61 134 389 365 654 751 2719
 ... : 19 61 134 389 365 677 819 2719
 ... : 19 61 134 389 365 725 884 2721
 ... : 19 61 134 389 378 726 888 2778
 ... : 19 61 134 389 381 731 916 2837
 ... : 19 61 134 389 385 748 941 2880
 ... : 19 61 134 389 385 752 986 2940
 ... : 19 61 134 389 385 752 1044 3007
 ... : 19 61 134 389 385 752 1085 3074
 ... : 19 61 134 389 385 752 1152 3141
 ... : 19 61 134 389 385 752 1213 3208
 ... : 19 61 134 389 386 757 1254 3263
 ... : 19 61 134 389 386 757 1275 3326
 ... : 19 61 134 389 386 761 1318 3385
 ... : 19 61 134 389 386 761 1321 3452
 ... : 19 61 134 389 386 761 1331 3519
 ... : 19 61 134 389 386 761 1389 3586
 ... : 19 61 134 389 390 765 1440 3647
 ... : 19 61 134 389 392 778 1476 3683
 ... : 19 61 134 389 393 793 1508 3731
 ... : 19 61 134 389 393 805 1543 3779
 ... : 19 61 134 389 393 805 1604 3846
 ... : 19 61 134 389 393 805 1666 3913
 ... : 19 61 134 389 393 805 1733 3980
 ... : 19 61 134 389 393 805 1799 4047
 ... : 19 61 134 389 393 810 1843 4049
 ... : 19 61 134 389 402 831 1856 4094
 ... : 19 61 134 389 403 832 1873 4145
 ... : 19 61 134 389 405 850 1897 4189
 ... : 19 61 134 389 405 864 1931 4229
 ... : 19 61 134 389 405 869 1964 4285
 ... : 19 61 134 389 405 871 2006 4343
 ... : 19 61 134 389 409 880 2033 4394
 ... : 19 61 134 389 413 893 2063 4426
 ... : 19 61 134 389 414 901 2098 4475
 ... : 19 61 134 389 417 911 2128 4527
 ... : 19 61 134 389 417 911 2185 4594
 ... : 19 61 134 389 417 913 2228 4655
 ... : 19 61 134 389 417 913 2286 4722
 ... : 19 61 134 389 417 913 2350 4789
 ... : 19 61 134 389 417 913 2401 4856
 ... : 19 61 134 389 417 913 2455 4920
 ... : 19 61 134 389 417 917 2356 4971
 ... : 19 61 134 389 417 916 2391 5033
 ... : 19 61 134 389 417 916 2400 5100
 ... : 19 61 134 389 417 916 2415 5167
 ... : 19 61 134 389 417 916 2426 5234
 ... : 19 61 134 389 417 916 2426 5301
 ... : 19 61 134 389 421 927 2437 5355
 ... : 19 61 134 389 421 928 2477 5412
 ... : 19 61 134 389 421 930 2522 5467
 ... : 19 61 134 389 421 930 2567 5530
 ... : 19 61 134 389 421 930 2610 5593
 ... : 19 61 134 389 421 930 2611 5660
 ... : 19 61 134 389 421 930 2619 5727
 ... : 19 61 134 389 421 933 2656 5663
 ... : 19 61 134 389 425 942 2690 5707
 ... : 19 61 134 389 429 953 2719 5751
   9 : 19 61 134 389 324 583 708 258 3810
  10 : 19 61 134 389 324 583 707 258 195 3617
  11 : 19 61 134 389 324 583 707 258 195 192 3429
  12 : 19 61 134 389 324 583 707 258 195 192 322 3108
 ... : 19 61 134 389 324 583 707 258 200 206 338 3162
 ... : 19 61 134 389 324 583 707 258 200 211 361 3225
 ... : 19 61 134 389 324 583 707 258 200 215 382 3284
 ... : 19 61 134 389 324 583 707 258 200 220 406 3337
 ... : 19 61 134 389 324 583 707 258 200 225 433 3387
 ... : 19 61 134 389 324 583 707 258 203 236 455 3424
 ... : 19 61 134 389 324 583 707 258 210 264 476 3457
 ... : 19 61 134 389 324 583 707 257 217 280 495 3499
 ... : 19 61 134 389 324 583 710 269 229 306 515 3517
 ... : 19 61 134 389 324 583 710 275 231 306 571 3525
 ... : 19 61 134 389 324 583 710 275 232 291 589 3561
 ... : 19 61 134 389 324 583 710 275 232 300 647 3575
 ... : 19 61 134 389 324 583 710 275 232 301 658 3629
 ... : 19 61 134 389 324 583 710 275 235 311 661 3687
 ... : 19 61 134 389 324 583 710 275 241 323 667 3742
 ... : 19 61 134 389 324 583 710 275 251 328 689 3792
 ... : 19 61 134 389 324 583 710 275 258 333 705 3848
 ... : 19 61 134 389 324 583 710 276 270 335 710 3900
 ... : 19 61 134 389 324 583 710 276 270 337 724 3952
 ... : 19 61 134 389 324 583 710 275 270 342 747 4013
 ... : 19 61 134 389 324 583 710 275 272 347 780 4055
 ... : 19 61 134 389 324 583 710 275 272 359 800 4104
 ... : 19 61 134 389 324 583 710 275 279 361 807 4151
 ... : 19 61 134 389 324 583 710 275 285 369 832 4173
 ... : 19 61 134 389 324 583 710 284 296 377 840 4221
 ... : 19 61 134 389 324 583 710 289 296 379 851 4273
 ... : 19 61 134 389 324 583 710 289 295 388 894 4327
 ... : 19 61 134 389 324 583 710 289 295 394 931 4376
 ... : 19 61 134 389 324 583 710 293 307 406 941 4419
 ... : 19 61 134 389 324 583 710 296 319 424 959 4459
 ... : 19 61 134 389 324 583 710 296 332 438 974 4498
 ... : 19 61 134 389 324 583 710 296 335 443 1013 4538
 ... : 19 61 134 389 324 583 710 308 374 461 1014 4566
 ... : 19 61 134 389 324 583 710 312 394 476 1020 4589
 ... : 19 61 134 389 324 583 710 312 412 494 1047 4607
 ... : 19 61 134 389 324 583 710 313 412 504 1067 4641
 ... : 19 61 134 389 324 583 710 313 410 516 1098 4690
 ... : 19 61 134 389 324 583 710 320 418 520 1120 4731
  13 : 19 61 134 389 316 554 629 273 333 282 1055 499 4558
 ... : 19 61 134 389 316 554 629 273 333 282 1062 509 4623
 ... : 19 61 134 389 316 554 629 273 333 282 1065 510 4688
 ... : 19 61 134 389 316 554 629 273 333 282 1066 515 4753
 ... : 19 61 134 389 316 554 629 273 333 280 1074 536 4808
 ... : 19 61 134 389 316 554 629 273 333 282 1088 557 4857
 ... : 19 61 134 389 316 554 629 273 333 286 1103 571 4904
 ... : 19 61 134 389 316 554 629 273 333 287 1106 592 4950
 ... : 19 61 134 389 316 554 629 273 333 287 1106 595 5014
 ... : 19 61 134 389 316 554 629 273 333 297 1136 620 5041
 ... : 19 61 134 389 316 554 629 273 333 308 1147 633 5089
 ... : 19 61 134 389 316 554 629 273 333 309 1155 638 5151
 ... : 19 61 134 389 316 554 629 273 333 312 1184 666 5182
 ... : 19 61 134 389 316 554 629 273 334 316 1204 699 5228
 ... : 19 61 134 389 316 554 629 273 334 326 1235 718 5262
 ... : 19 61 134 389 316 554 629 273 334 334 1272 747 5285
 ... : 19 61 134 389 316 554 629 273 334 338 1282 777 5319
 ... : 19 61 134 389 316 554 629 273 334 347 1310 824 5326
 ... : 19 61 134 389 316 554 629 273 334 350 1338 853 5359
 ... : 19 61 134 389 316 554 629 273 334 363 1389 892 5372
 ... : 19 61 134 389 316 554 629 273 334 363 1415 918 5413
 ... : 19 61 134 389 316 554 629 273 334 372 1439 949 5437
 ... : 19 61 134 389 316 554 629 273 334 380 1471 982 5466
 ... : 19 61 134 389 316 554 629 273 334 380 1473 994 5525
 ... : 19 61 134 389 316 554 629 273 334 380 1480 1028 5578
 ... : 19 61 134 389 316 554 629 273 334 380 1480 1034 5644
 ... : 19 61 134 389 316 554 629 273 334 380 1480 1041 5680
 ... : 19 61 134 389 316 554 629 273 334 382 1494 1054 5704
 ... : 19 61 134 389 316 554 629 273 334 384 1497 1057 5767
 ... : 19 61 134 389 316 554 629 273 334 384 1511 1086 5813
 ... : 19 61 134 389 316 554 629 273 334 385 1528 1125 5855
 ... : 19 61 134 389 316 554 629 273 334 386 1536 1146 5915
 ... : 19 61 134 389 316 554 629 273 334 387 1542 1172 5975
 ... : 19 61 134 389 316 554 629 273 334 387 1549 1214 6026
 ... : 19 61 134 389 316 554 629 273 334 387 1557 1245 6079
 ... : 19 61 134 389 316 554 629 273 334 387 1566 1279 6127
 ... : 19 61 134 389 316 554 629 273 334 388 1564 1303 6201
 ... : 19 61 134 389 316 554 629 273 334 391 1588 1327 6244
 ... : 19 61 134 389 316 554 629 273 335 397 1622 1365 6259
 ... : 19 61 134 389 316 554 629 273 336 400 1632 1393 6309
 ... : 19 61 134 389 316 554 629 273 338 403 1645 1422 6361
 ... : 19 61 134 389 316 554 629 273 338 403 1646 1430 6424
 ... : 19 61 134 389 316 554 629 273 338 403 1650 1466 6480
 ... : 19 61 134 389 316 554 629 273 338 395 1665 1497 6511
 ... : 19 61 134 389 316 554 629 273 338 396 1674 1521 6559
 ... : 19 61 134 389 316 554 629 273 338 396 1679 1555 6608
 ... : 19 61 134 389 316 554 629 273 338 394 1672 1571 6671
 ... : 19 61 134 389 316 554 629 273 338 394 1671 1575 6730
 ... : 19 61 134 389 316 554 629 273 338 394 1672 1580 6790
 ... : 19 61 134 389 316 554 629 273 338 394 1673 1591 6855
 ... : 19 61 134 389 316 554 629 273 338 394 1674 1605 6904
 ... : 19 61 134 389 316 554 629 273 338 393 1682 1613 6967
 ... : 19 61 134 389 316 554 629 273 338 394 1696 1641 7019
 ... : 19 61 134 389 316 554 629 273 338 394 1697 1680 7080
 ... : 19 61 134 389 316 554 629 273 338 396 1706 1712 7140
 ... : 19 61 134 389 316 554 629 273 338 397 1708 1710 7201
 ... : 19 61 134 389 316 554 629 273 338 398 1715 1720 7258
 ... : 19 61 134 389 316 554 629 273 338 398 1718 1735 7298
 ... : 19 61 134 389 316 554 629 273 338 399 1726 1768 7316
 ... : 19 61 134 389 316 554 629 273 348 416 1743 1789 7337
 ... : 19 61 134 389 316 554 629 273 350 423 1757 1822 7359
 ... : 19 61 134 389 316 554 629 273 350 436 1784 1857 7371
 ... : 19 61 134 389 316 554 629 273 350 440 1800 1893 7416
 ... : 19 61 134 389 316 554 629 273 350 442 1802 1926 7478
 ... : 19 61 134 389 316 554 629 273 350 442 1812 1963 7523
 ... : 19 61 134 389 316 554 629 273 350 443 1821 2007 7578
 ... : 19 61 134 389 316 554 629 273 350 443 1830 2056 7629
 ... : 19 61 134 389 316 554 629 273 350 443 1836 2101 7688
 ... : 19 61 134 389 316 554 629 273 350 443 1834 2142 7745
 ... : 19 61 134 389 316 554 629 273 350 452 1840 2176 7778
 ... : 19 61 134 389 316 554 629 273 350 452 1840 2243 7778
 ... : 19 61 134 389 316 554 629 273 350 452 1840 2310 7778
 ... : 19 61 134 389 316 554 629 273 350 452 1840 2377 7778
 ... : 19 61 134 389 316 554 629 273 350 452 1840 2444 7778
 ... : 19 61 134 389 316 554 629 273 350 452 1840 2511 7778
 ... : 19 61 134 389 316 554 629 273 350 454 1839 2558 7812
 ... : 19 61 134 389 316 554 629 273 350 454 1840 2560 7878
 ... : 19 61 134 389 316 554 629 273 350 454 1812 2564 7941
 ... : 19 61 134 389 316 554 629 273 350 453 1811 2590 7996
 ... : 19 61 134 389 316 554 629 273 351 460 1827 2586 8034
 ... : 19 61 134 389 316 554 629 267 354 466 1834 2584 8030
 ... : 19 61 134 389 316 554 639 290 362 474 1839 2587 8030
 ... : 19 61 134 389 316 554 641 292 369 471 1853 2603 8045
 ... : 19 61 134 389 316 554 641 292 368 464 1710 2377 8021
 ... : 19 61 134 389 316 554 641 292 368 464 1710 2305 8084
 ... : 19 61 134 389 316 554 641 292 368 464 1718 2321 8140
  14 : 19 61 134 389 316 545 560 363 327 362 1130 1496 1144 7627
  15 : 19 61 134 389 316 545 560 363 327 362 1128 1495 1137 850 6786
 ... : 19 61 134 389 316 545 560 363 327 362 1128 1495 1142 855 6852
 ... : 19 61 134 389 316 545 560 363 327 362 1128 1499 1152 867 6904
 ... : 19 61 134 389 316 545 560 363 327 362 1128 1502 1171 883 6932
 ... : 19 61 134 389 316 545 560 362 327 362 1128 1507 1178 881 6988
 ... : 19 61 134 389 316 545 560 362 327 362 1128 1510 1180 886 7046
 ... : 19 61 134 389 316 545 560 362 327 362 1128 1511 1180 887 7112
 ... : 19 61 134 389 316 545 560 362 327 361 1128 1511 1180 895 7172
 ... : 19 61 134 389 316 545 560 362 327 361 1128 1511 1180 895 7237
 ... : 19 61 134 389 316 545 560 362 327 361 1128 1511 1180 896 7303
 ... : 19 61 134 389 316 545 560 362 327 361 1128 1511 1188 909 7356
 ... : 19 61 134 389 316 545 560 362 326 361 1128 1517 1219 929 7396
 ... : 19 61 134 389 316 545 560 362 326 361 1128 1524 1239 946 7434
 ... : 19 61 134 389 316 545 559 362 326 360 1132 1554 1245 964 7463
 ... : 19 61 134 389 316 545 559 362 326 360 1146 1570 1253 964 7514
 ... : 19 61 134 389 316 545 559 362 326 360 1176 1574 1253 995 7549
 ... : 19 61 134 389 316 545 559 362 326 360 1176 1577 1255 1004 7596
 ... : 19 61 134 389 316 545 559 362 326 360 1176 1587 1269 1028 7612
 ... : 19 61 134 389 316 545 559 362 326 360 1176 1606 1305 1044 7640
 ... : 19 61 134 389 316 545 559 362 326 360 1178 1619 1322 1063 7667
 ... : 19 61 134 389 316 545 559 362 326 360 1178 1640 1336 1089 7691
 ... : 19 61 134 389 316 545 559 362 326 360 1178 1648 1355 1118 7710
 ... : 19 61 134 389 316 545 559 362 326 360 1178 1658 1362 1136 7750
 ... : 19 61 134 389 316 545 559 362 326 360 1178 1658 1369 1148 7802
 ... : 19 61 134 389 316 545 559 362 326 360 1179 1682 1382 1177 7826
 ... : 19 61 134 389 316 545 559 362 326 360 1179 1712 1391 1207 7844
 ... : 19 61 134 389 316 545 559 362 326 360 1179 1719 1406 1222 7881
 ... : 19 61 134 389 316 545 559 362 326 360 1179 1727 1430 1257 7902
 ... : 19 61 134 389 316 545 559 362 326 360 1183 1729 1444 1280 7939
 ... : 19 61 134 389 316 545 559 362 326 360 1183 1740 1452 1303 7970
 ... : 19 61 134 389 316 545 559 362 326 360 1183 1742 1460 1330 8000
 ... : 19 61 134 389 316 545 559 362 326 360 1183 1742 1463 1353 8041
 ... : 19 61 134 389 316 545 559 362 326 360 1183 1755 1492 1377 8072
 ... : 19 61 134 389 316 545 559 362 326 360 1183 1760 1508 1393 8110
 ... : 19 61 134 389 316 545 559 362 326 360 1183 1782 1525 1416 8146
 ... : 19 61 134 389 316 545 559 362 326 360 1191 1796 1534 1425 8173
 ... : 19 61 134 389 316 545 559 362 326 360 1234 1807 1535 1457 8203
 ... : 19 61 134 389 316 545 559 362 326 360 1243 1815 1538 1465 8240
 ... : 19 61 134 389 316 545 559 362 326 360 1245 1823 1546 1492 8272
 ... : 19 61 134 389 316 545 559 362 326 360 1247 1834 1571 1509 8299
 ... : 19 61 134 389 316 545 559 362 326 360 1247 1855 1582 1519 8329
 ... : 19 61 134 389 316 545 559 362 326 360 1247 1856 1600 1572 8339
 ... : 19 61 134 389 316 545 559 362 326 360 1247 1861 1619 1604 8369
 ... : 19 61 134 389 316 545 559 362 326 360 1247 1866 1636 1650 8385
 ... : 19 61 134 389 316 545 559 362 326 360 1247 1871 1649 1689 8406
 ... : 19 61 134 389 316 545 559 362 326 360 1247 1871 1657 1704 8457
 ... : 19 61 134 389 316 545 559 362 326 360 1247 1871 1658 1718 8508
 ... : 19 61 134 389 316 545 559 362 326 360 1247 1871 1658 1722 8571
 ... : 19 61 134 389 316 545 559 362 326 360 1256 1879 1676 1735 8602
 ... : 19 61 134 389 316 545 559 362 326 360 1258 1895 1688 1753 8640
 ... : 19 61 134 389 316 545 559 362 326 360 1258 1898 1690 1756 8700
 ... : 19 61 134 389 316 545 559 362 326 360 1258 1899 1693 1778 8745
 ... : 19 61 134 389 316 545 559 362 326 360 1258 1899 1698 1792 8795
 ... : 19 61 134 389 316 545 559 362 326 360 1258 1900 1705 1821 8834
 ... : 19 61 134 389 316 545 559 362 326 360 1258 1900 1712 1846 8875
 ... : 19 61 134 389 316 545 559 362 326 360 1258 1900 1721 1871 8916
 ... : 19 61 134 389 316 545 559 362 326 360 1258 1901 1724 1890 8954
 ... : 19 61 134 389 316 545 559 362 326 360 1258 1901 1726 1934 8983
 ... : 19 61 134 389 316 545 559 362 326 360 1258 1901 1727 1977 9014
 ... : 19 61 134 389 316 545 559 362 326 360 1258 1901 1731 1999 9059
 ... : 19 61 134 389 316 545 559 362 326 360 1258 1901 1732 2030 9099
 ... : 19 61 134 389 316 545 559 362 326 360 1258 1901 1736 2047 9157
 ... : 19 61 134 389 316 545 559 362 326 360 1258 1904 1745 2101 9177
 ... : 19 61 134 389 316 545 559 362 326 360 1258 1904 1745 2168 9177
 ... : 19 61 134 389 316 545 559 362 326 360 1258 1904 1747 2213 9201
 ... : 19 61 134 389 316 545 559 362 326 360 1258 1907 1760 2235 9246
 ... : 19 61 134 389 316 545 559 362 326 360 1258 1908 1766 2267 9283
 ... : 19 61 134 389 316 545 559 362 326 360 1258 1910 1773 2293 9329
 ... : 19 61 134 389 316 545 559 362 326 360 1258 1910 1774 2317 9375
 ... : 19 61 134 389 316 545 559 362 326 360 1258 1911 1774 2343 9403
 ... : 19 61 134 389 316 545 559 362 326 360 1258 1911 1780 2366 9437
 ... : 19 61 134 389 316 545 559 362 326 360 1258 1911 1782 2402 9471
 ... : 19 61 134 389 316 545 559 362 326 360 1258 1912 1782 2417 9518
 ... : 19 61 134 389 316 545 559 362 326 360 1258 1912 1784 2443 9561
 ... : 19 61 134 389 316 545 559 362 326 360 1258 1912 1784 2484 9577
 ... : 19 61 134 389 316 545 559 362 326 360 1258 1912 1792 2494 9584
 ... : 19 61 134 389 316 545 559 362 326 360 1258 1912 1792 2495 9649
 ... : 19 61 134 389 316 545 559 362 326 360 1258 1912 1793 2496 9715
 ... : 19 61 134 389 316 545 559 362 326 360 1258 1912 1791 2523 9753
 ... : 19 61 134 389 316 545 559 362 326 360 1258 1912 1787 2518 9746
 ... : 19 61 134 389 316 545 559 362 326 360 1258 1912 1789 2523 9758
 ... : 19 61 134 389 316 545 559 362 326 360 1257 1913 1809 2536 9807
 ... : 19 61 134 389 316 545 559 362 326 360 1257 1932 1843 2553 9837
 ... : 19 61 134 389 316 545 559 362 326 360 1257 1933 1854 2565 9881
 ... : 19 61 134 389 316 545 559 362 326 360 1257 1933 1863 2578 9932
 ... : 19 61 134 389 316 545 559 362 326 360 1257 1936 1883 2602 9982
 ... : 19 61 134 389 316 545 559 362 326 360 1257 1936 1886 2632 10039
 ... : 19 61 134 389 316 545 559 362 326 360 1257 1936 1893 2655 10092
 ... : 19 61 134 389 316 545 559 362 326 360 1257 1940 1924 2663 10114
 ... : 19 61 134 389 316 545 559 362 326 360 1258 1946 1956 2703 10144
 ... : 19 61 134 389 316 545 559 362 326 360 1258 1945 1959 2725 10200
 ... : 19 61 134 389 316 545 559 362 326 360 1258 1945 1962 2734 10263
 ... : 19 61 134 389 316 545 559 362 326 360 1258 1956 1983 2749 10314
 ... : 19 61 134 389 316 545 559 362 326 360 1258 1965 2022 2768 10351
 ... : 19 61 134 389 316 545 559 362 326 360 1258 1968 2049 2792 10400
 ... : 19 61 134 389 316 545 559 362 326 360 1258 1968 2076 2815 10455
 ... : 19 61 134 389 316 545 559 362 326 360 1258 1968 2090 2842 10498
 ... : 19 61 134 389 316 545 559 362 326 360 1258 1968 2108 2867 10538
 ... : 19 61 134 389 316 545 559 362 326 360 1258 1969 2126 2873 10577
 ... : 19 61 134 389 316 545 559 362 326 360 1258 1969 2142 2888 10628
 ... : 19 61 134 389 316 545 559 362 326 360 1258 1969 2150 2910 10684
 ... : 19 61 134 389 316 545 559 362 326 360 1258 1969 2150 2910 10751
 ... : 19 61 134 389 316 545 559 362 326 360 1258 1969 2150 2910 10818
 ... : 19 61 134 389 316 545 559 362 326 360 1258 1969 2151 2911 10884
 ... : 19 61 134 389 316 545 559 362 326 360 1258 1969 2151 2911 10951
 ... : 19 61 134 389 316 545 559 362 326 360 1258 1969 2151 2911 11018
