initialized model with 12781 latches, 713 inputs and 1 properties
tsim: performed 227 steps
tsim: found 0 constants and 1 latch equivalences
seqsimpl: (12781, 713) -> (12780, 713)
checking bound 0
checking bound 1
checking bound 2
tdecomp: unrolling 2 cycles
tsim: performed 225 steps
tsim: found 2 constants and 0 latch equivalences
seqsimpl: found 48 latch equivalences
tdecomp: (12780, 2852) -> (12729, 1295)
   2 : 1 0
   3 : 1 1 0
   4 : 1 1 1 0
   5 : 1 1 1 1 0
   6 : 1 1 1 1 1 3
   7 : 1 1 1 1 1 1 3
 ... : 1 1 1 1 1 3 71
 ... : 1 1 1 1 1 3 138
 ... : 1 1 1 1 1 3 205
 ... : 1 1 1 1 1 3 272
 ... : 1 1 1 1 1 3 337
 ... : 1 1 1 1 1 3 404
 ... : 1 1 1 1 1 3 471
 ... : 1 1 1 1 1 3 539
 ... : 1 1 1 1 1 3 605
   8 : 1 1 1 1 1 1 1 660
   9 : 1 1 1 1 1 1 1 77 584
 ... : 1 1 1 1 1 1 1 77 652
 ... : 1 1 1 1 1 1 1 77 719
 ... : 1 1 1 1 1 1 1 77 785
 ... : 1 1 1 1 1 1 1 77 851
 ... : 1 1 1 1 1 1 1 77 918
 ... : 1 1 1 1 1 1 1 77 985
 ... : 1 1 1 1 1 1 1 77 1051
 ... : 1 1 1 1 1 1 1 77 1118
 ... : 1 1 1 1 1 1 1 77 1184
 ... : 1 1 1 1 1 1 1 77 1251
 ... : 1 1 1 1 1 1 1 77 1318
 ... : 1 1 1 1 1 1 1 77 1385
 ... : 1 1 1 1 1 1 1 77 1452
 ... : 1 1 1 1 1 1 1 77 1519
 ... : 1 1 1 1 1 1 1 77 1586
 ... : 1 1 1 1 1 1 1 77 1650
 ... : 1 1 1 1 1 1 1 77 1717
 ... : 1 1 1 1 1 1 1 77 1784
 ... : 1 1 1 1 1 1 1 77 1851
 ... : 1 1 1 1 1 1 1 77 1913
 ... : 1 1 1 1 1 1 1 77 1980
 ... : 1 1 1 1 1 1 1 77 2047
 ... : 1 1 1 1 1 1 1 77 2114
 ... : 1 1 1 1 1 1 1 77 2181
 ... : 1 1 1 1 1 1 1 78 2247
 ... : 1 1 1 1 1 1 1 78 2314
 ... : 1 1 1 1 1 1 1 78 2381
 ... : 1 1 1 1 1 1 1 78 2448
 ... : 1 1 1 1 1 1 1 78 2515
 ... : 1 1 1 1 1 1 1 78 2581
 ... : 1 1 1 1 1 1 1 78 2648
 ... : 1 1 1 1 1 1 1 78 2716
 ... : 1 1 1 1 1 1 1 78 2779
 ... : 1 1 1 1 1 1 1 78 2846
 ... : 1 1 1 1 1 1 1 78 2914
 ... : 1 1 1 1 1 1 1 79 2980
 ... : 1 1 1 1 1 1 1 79 3046
 ... : 1 1 1 1 1 1 1 79 3113
 ... : 1 1 1 1 1 1 1 79 3180
 ... : 1 1 1 1 1 1 1 79 3247
 ... : 1 1 1 1 1 1 1 79 3314
 ... : 1 1 1 1 1 1 1 79 3380
 ... : 1 1 1 1 1 1 1 79 3447
 ... : 1 1 1 1 1 1 1 81 3512
 ... : 1 1 1 1 1 1 1 81 3579
 ... : 1 1 1 1 1 1 1 81 3644
 ... : 1 1 1 1 1 1 1 81 3711
 ... : 1 1 1 1 1 1 1 81 3766
 ... : 1 1 1 1 1 1 1 81 3833
 ... : 1 1 1 1 1 1 1 81 3900
 ... : 1 1 1 1 1 1 1 81 3961
 ... : 1 1 1 1 1 1 1 81 4023
 ... : 1 1 1 1 1 1 1 81 4090
 ... : 1 1 1 1 1 1 1 81 4156
 ... : 1 1 1 1 1 1 1 81 4223
 ... : 1 1 1 1 1 1 1 81 4290
 ... : 1 1 1 1 1 1 1 82 4355
 ... : 1 1 1 1 1 1 1 82 4421
 ... : 1 1 1 1 1 1 1 82 4489
 ... : 1 1 1 1 1 1 1 82 4555
 ... : 1 1 1 1 1 1 1 82 4622
 ... : 1 1 1 1 1 1 1 82 4689
 ... : 1 1 1 1 1 1 1 82 4754
 ... : 1 1 1 1 1 1 1 82 4821
 ... : 1 1 1 1 1 1 1 82 4887
 ... : 1 1 1 1 1 1 1 82 4954
 ... : 1 1 1 1 1 1 1 82 5021
 ... : 1 1 1 1 1 1 1 82 5085
 ... : 1 1 1 1 1 1 1 82 5152
 ... : 1 1 1 1 1 1 1 82 5217
 ... : 1 1 1 1 1 1 1 82 5284
 ... : 1 1 1 1 1 1 1 82 5351
 ... : 1 1 1 1 1 1 1 82 5417
 ... : 1 1 1 1 1 1 1 82 5484
 ... : 1 1 1 1 1 1 1 82 5550
 ... : 1 1 1 1 1 1 1 82 5618
 ... : 1 1 1 1 1 1 1 82 5684
 ... : 1 1 1 1 1 1 1 82 5747
 ... : 1 1 1 1 1 1 1 82 5813
 ... : 1 1 1 1 1 1 1 82 5880
 ... : 1 1 1 1 1 1 1 82 5946
 ... : 1 1 1 1 1 1 1 82 6010
 ... : 1 1 1 1 1 1 1 82 6077
 ... : 1 1 1 1 1 1 1 82 6144
 ... : 1 1 1 1 1 1 1 82 6207
 ... : 1 1 1 1 1 1 1 82 6273
 ... : 1 1 1 1 1 1 1 81 6335
 ... : 1 1 1 1 1 1 1 81 6401
 ... : 1 1 1 1 1 1 1 81 6468
 ... : 1 1 1 1 1 1 1 81 6534
 ... : 1 1 1 1 1 1 1 81 6601
 ... : 1 1 1 1 1 1 1 81 6667
 ... : 1 1 1 1 1 1 1 81 6734
 ... : 1 1 1 1 1 1 1 81 6801
 ... : 1 1 1 1 1 1 1 81 6862
 ... : 1 1 1 1 1 1 1 81 6929
 ... : 1 1 1 1 1 1 1 81 6996
 ... : 1 1 1 1 1 1 1 81 7063
 ... : 1 1 1 1 1 1 1 81 7126
 ... : 1 1 1 1 1 1 1 81 7193
 ... : 1 1 1 1 1 1 1 81 7260
 ... : 1 1 1 1 1 1 1 81 7323
 ... : 1 1 1 1 1 1 1 81 7390
 ... : 1 1 1 1 1 1 1 81 7458
 ... : 1 1 1 1 1 1 1 81 7521
 ... : 1 1 1 1 1 1 1 81 7588
 ... : 1 1 1 1 1 1 1 81 7637
 ... : 1 1 1 1 1 1 1 81 7703
 ... : 1 1 1 1 1 1 1 81 7769
 ... : 1 1 1 1 1 1 1 81 7837
 ... : 1 1 1 1 1 1 1 81 7902
 ... : 1 1 1 1 1 1 1 81 7969
 ... : 1 1 1 1 1 1 1 81 8035
 ... : 1 1 1 1 1 1 1 81 8102
 ... : 1 1 1 1 1 1 1 81 8169
 ... : 1 1 1 1 1 1 1 81 8236
 ... : 1 1 1 1 1 1 1 81 8303
 ... : 1 1 1 1 1 1 1 81 8370
 ... : 1 1 1 1 1 1 1 81 8436
 ... : 1 1 1 1 1 1 1 81 8503
 ... : 1 1 1 1 1 1 1 81 8569
 ... : 1 1 1 1 1 1 1 82 8635
 ... : 1 1 1 1 1 1 1 82 8702
 ... : 1 1 1 1 1 1 1 82 8769
 ... : 1 1 1 1 1 1 1 82 8832
 ... : 1 1 1 1 1 1 1 82 8899
 ... : 1 1 1 1 1 1 1 82 8966
 ... : 1 1 1 1 1 1 1 82 9033
 ... : 1 1 1 1 1 1 1 82 9100
 ... : 1 1 1 1 1 1 1 82 9167
 ... : 1 1 1 1 1 1 1 82 9234
 ... : 1 1 1 1 1 1 1 82 9301
 ... : 1 1 1 1 1 1 1 82 9368
 ... : 1 1 1 1 1 1 1 82 9435
 ... : 1 1 1 1 1 1 1 82 9500
 ... : 1 1 1 1 1 1 1 82 9565
 ... : 1 1 1 1 1 1 1 82 9632
 ... : 1 1 1 1 1 1 1 82 9699
 ... : 1 1 1 1 1 1 1 82 9766
 ... : 1 1 1 1 1 1 1 82 9833
 ... : 1 1 1 1 1 1 1 82 9900
 ... : 1 1 1 1 1 1 1 82 9967
 ... : 1 1 1 1 1 1 1 82 10030
 ... : 1 1 1 1 1 1 1 82 10098
 ... : 1 1 1 1 1 1 1 82 10164
 ... : 1 1 1 1 1 1 1 82 10229
 ... : 1 1 1 1 1 1 1 82 10296
 ... : 1 1 1 1 1 1 1 82 10363
 ... : 1 1 1 1 1 1 1 82 10429
 ... : 1 1 1 1 1 1 1 82 10496
 ... : 1 1 1 1 1 1 1 82 10563
 ... : 1 1 1 1 1 1 1 82 10630
 ... : 1 1 1 1 1 1 1 82 10697
 ... : 1 1 1 1 1 1 1 82 10764
 ... : 1 1 1 1 1 1 1 82 10831
 ... : 1 1 1 1 1 1 1 82 10897
 ... : 1 1 1 1 1 1 1 82 10964
 ... : 1 1 1 1 1 1 1 82 11030
 ... : 1 1 1 1 1 1 1 82 11095
 ... : 1 1 1 1 1 1 1 82 11161
 ... : 1 1 1 1 1 1 1 82 11228
 ... : 1 1 1 1 1 1 1 82 11294
 ... : 1 1 1 1 1 1 1 82 11360
 ... : 1 1 1 1 1 1 1 82 11427
 ... : 1 1 1 1 1 1 1 82 11494
 ... : 1 1 1 1 1 1 1 82 11561
 ... : 1 1 1 1 1 1 1 82 11623
 ... : 1 1 1 1 1 1 1 82 11690
 ... : 1 1 1 1 1 1 1 82 11756
 ... : 1 1 1 1 1 1 1 82 11823
 ... : 1 1 1 1 1 1 1 82 11889
 ... : 1 1 1 1 1 1 1 82 11956
 ... : 1 1 1 1 1 1 1 82 12023
 ... : 1 1 1 1 1 1 1 82 12090
 ... : 1 1 1 1 1 1 1 82 12157
 ... : 1 1 1 1 1 1 1 82 12224
 ... : 1 1 1 1 1 1 1 82 12291
 ... : 1 1 1 1 1 1 1 82 12357
 ... : 1 1 1 1 1 1 1 82 12423
 ... : 1 1 1 1 1 1 1 82 12490
 ... : 1 1 1 1 1 1 1 82 12557
 ... : 1 1 1 1 1 1 1 82 12623
 ... : 1 1 1 1 1 1 1 82 12689
 ... : 1 1 1 1 1 1 1 82 12756
 ... : 1 1 1 1 1 1 1 82 12823
 ... : 1 1 1 1 1 1 1 82 12889
 ... : 1 1 1 1 1 1 1 82 12955
 ... : 1 1 1 1 1 1 1 83 13019
 ... : 1 1 1 1 1 1 1 83 13086
 ... : 1 1 1 1 1 1 1 83 13152
 ... : 1 1 1 1 1 1 1 83 13219
 ... : 1 1 1 1 1 1 1 83 13286
 ... : 1 1 1 1 1 1 1 83 13353
 ... : 1 1 1 1 1 1 1 83 13420
 ... : 1 1 1 1 1 1 1 83 13483
 ... : 1 1 1 1 1 1 1 83 13548
 ... : 1 1 1 1 1 1 1 83 13613
 ... : 1 1 1 1 1 1 1 83 13679
 ... : 1 1 1 1 1 1 1 83 13746
 ... : 1 1 1 1 1 1 1 83 13813
 ... : 1 1 1 1 1 1 1 83 13880
 ... : 1 1 1 1 1 1 1 83 13944
 ... : 1 1 1 1 1 1 1 83 14010
 ... : 1 1 1 1 1 1 1 83 14076
 ... : 1 1 1 1 1 1 1 83 14143
 ... : 1 1 1 1 1 1 1 83 14210
 ... : 1 1 1 1 1 1 1 83 14274
 ... : 1 1 1 1 1 1 1 83 14339
 ... : 1 1 1 1 1 1 1 83 14406
 ... : 1 1 1 1 1 1 1 83 14472
 ... : 1 1 1 1 1 1 1 83 14539
 ... : 1 1 1 1 1 1 1 83 14606
 ... : 1 1 1 1 1 1 1 83 14673
  10 : 1 1 1 1 1 1 1 58 1993 12710
  11 : 1 1 1 1 1 1 1 55 1964 2234 10507
 ... : 1 1 1 1 1 1 1 54 1963 2236 10573
 ... : 1 1 1 1 1 1 1 53 1962 2246 10634
 ... : 1 1 1 1 1 1 1 53 1962 2252 10695
 ... : 1 1 1 1 1 1 1 52 1962 2256 10758
 ... : 1 1 1 1 1 1 1 52 1962 2263 10818
 ... : 1 1 1 1 1 1 1 52 1962 2270 10877
 ... : 1 1 1 1 1 1 1 52 1962 2274 10935
 ... : 1 1 1 1 1 1 1 52 1962 2280 10996
 ... : 1 1 1 1 1 1 1 52 1962 2287 11055
 ... : 1 1 1 1 1 1 1 52 1962 2298 11111
 ... : 1 1 1 1 1 1 1 52 1962 2307 11167
 ... : 1 1 1 1 1 1 1 52 1962 2331 11208
 ... : 1 1 1 1 1 1 1 52 1962 2338 11266
 ... : 1 1 1 1 1 1 1 52 1963 2365 11305
 ... : 1 1 1 1 1 1 1 52 1963 2383 11341
 ... : 1 1 1 1 1 1 1 52 1965 2400 11389
 ... : 1 1 1 1 1 1 1 51 1965 2405 11450
 ... : 1 1 1 1 1 1 1 51 1965 2410 11511
 ... : 1 1 1 1 1 1 1 51 1965 2435 11553
 ... : 1 1 1 1 1 1 1 51 1965 2497 11558
 ... : 1 1 1 1 1 1 1 51 1965 2520 11591
 ... : 1 1 1 1 1 1 1 51 1963 2534 11649
 ... : 1 1 1 1 1 1 1 50 1962 2547 11715
 ... : 1 1 1 1 1 1 1 50 1962 2557 11771
 ... : 1 1 1 1 1 1 1 50 1962 2568 11817
 ... : 1 1 1 1 1 1 1 50 1962 2575 11877
 ... : 1 1 1 1 1 1 1 50 1962 2583 11936
 ... : 1 1 1 1 1 1 1 50 1961 2587 11998
 ... : 1 1 1 1 1 1 1 50 1961 2593 12059
 ... : 1 1 1 1 1 1 1 50 1961 2596 12120
 ... : 1 1 1 1 1 1 1 50 1961 2604 12179
 ... : 1 1 1 1 1 1 1 50 1961 2608 12239
 ... : 1 1 1 1 1 1 1 50 1961 2613 12291
 ... : 1 1 1 1 1 1 1 50 1961 2625 12345
 ... : 1 1 1 1 1 1 1 50 1961 2639 12398
 ... : 1 1 1 1 1 1 1 50 1961 2635 12448
 ... : 1 1 1 1 1 1 1 50 1960 2644 12508
 ... : 1 1 1 1 1 1 1 50 1960 2653 12565
 ... : 1 1 1 1 1 1 1 50 1960 2654 12631
 ... : 1 1 1 1 1 1 1 50 1960 2665 12687
 ... : 1 1 1 1 1 1 1 50 1960 2680 12739
 ... : 1 1 1 1 1 1 1 50 1960 2693 12793
 ... : 1 1 1 1 1 1 1 50 1960 2718 12835
 ... : 1 1 1 1 1 1 1 50 1946 2725 12890
 ... : 1 1 1 1 1 1 1 50 1946 2767 12912
 ... : 1 1 1 1 1 1 1 50 1946 2769 12973
 ... : 1 1 1 1 1 1 1 50 1946 2796 13012
 ... : 1 1 1 1 1 1 1 50 1946 2821 13054
 ... : 1 1 1 1 1 1 1 50 1946 2849 13093
 ... : 1 1 1 1 1 1 1 50 1946 2860 13149
 ... : 1 1 1 1 1 1 1 50 1946 2870 13202
 ... : 1 1 1 1 1 1 1 50 1946 2869 13263
 ... : 1 1 1 1 1 1 1 50 1946 2872 13327
 ... : 1 1 1 1 1 1 1 50 1946 2895 13371
