initialized model with 21343 latches, 942 inputs and 1 properties
tsim: performed 19 steps
tsim: found cycle from 17
tsim: found 3398 constants and 273 latch equivalences
seqsimpl: found 21 latch equivalences
seqsimpl: found 1 latch equivalences
seqsimpl: (21343, 942) -> (1611, 25)
checking bound 0
checking bound 1
checking bound 2
tdecomp: unrolling 2 cycles
tsim: performed 11 steps
tsim: found cycle from 9
tsim: found 2 constants and 0 latch equivalences
tdecomp: (1611, 100) -> (1609, 70)
   2 : 26 4
 ... : 58 91
   3 : 59 68 84
 ... : 80 101 125
 ... : 97 131 165
 ... : 114 156 213
 ... : 121 172 271
 ... : 129 194 340
 ... : 145 227 391
   4 : 130 169 292 170
 ... : 128 166 318 241
 ... : 128 173 361 289
 ... : 128 190 400 333
 ... : 127 194 421 389
 ... : 127 210 467 434
 ... : 127 215 503 486
 ... : 127 226 546 552
   5 : 114 198 488 309 357
 ... : 114 198 493 359 420
 ... : 114 198 488 400 479
 ... : 114 197 494 440 531
 ... : 114 197 495 478 584
 ... : 114 197 500 528 639
 ... : 114 196 501 552 664
 ... : 114 196 505 597 722
 ... : 114 196 511 651 783
 ... : 114 196 516 703 838
 ... : 114 196 524 734 867
 ... : 114 196 527 787 926
 ... : 114 196 529 840 985
 ... : 114 196 536 890 1037
 ... : 114 196 548 942 1091
 ... : 114 196 548 993 1151
 ... : 114 196 541 1000 1180
 ... : 114 196 543 1039 1202
 ... : 114 196 544 1091 1264
 ... : 113 198 556 1149 1316
 ... : 113 207 586 1195 1339
 ... : 113 207 586 1258 1406
 ... : 113 207 586 1325 1474
 ... : 113 207 586 1375 1539
 ... : 113 208 593 1411 1585
 ... : 113 208 595 1461 1642
 ... : 113 208 618 1503 1682
 ... : 113 206 635 1549 1733
 ... : 111 204 628 1547 1733
 ... : 111 204 618 1554 1746
 ... : 111 206 628 1598 1782
 ... : 111 209 639 1628 1796
 ... : 111 209 641 1669 1852
 ... : 111 209 647 1703 1887
 ... : 111 209 647 1766 1954
 ... : 111 209 670 1819 1992
 ... : 111 209 673 1848 2053
 ... : 111 209 677 1899 2108
 ... : 111 210 683 1942 2164
 ... : 111 210 683 2006 2231
 ... : 111 210 684 2068 2297
 ... : 111 210 703 2123 2344
 ... : 111 210 704 2170 2411
 ... : 111 210 709 2209 2456
 ... : 111 210 713 2273 2519
 ... : 111 210 713 2318 2537
 ... : 111 210 715 2367 2603
 ... : 111 210 716 2424 2669
 ... : 111 209 717 2470 2733
 ... : 111 209 720 2530 2798
 ... : 111 209 730 2591 2854
 ... : 111 209 760 2630 2893
 ... : 111 210 788 2673 2931
 ... : 111 210 798 2716 2982
 ... : 111 211 800 2768 3037
 ... : 111 211 802 2818 3099
 ... : 111 216 813 2794 3141
 ... : 111 216 816 2847 3206
 ... : 111 216 817 2902 3267
 ... : 111 216 820 2954 3315
 ... : 111 216 826 2992 3346
 ... : 111 215 826 3054 3407
 ... : 111 215 828 3116 3457
 ... : 111 215 837 3178 3516
 ... : 111 215 840 3234 3580
 ... : 110 215 850 3272 3630
 ... : 110 215 851 3306 3613
 ... : 109 210 840 3333 3671
 ... : 109 214 858 3371 3709
 ... : 109 217 866 3418 3752
 ... : 109 215 882 3442 3786
 ... : 109 215 879 3482 3849
 ... : 109 214 879 3526 3908
 ... : 109 213 873 3560 3954
 ... : 109 213 871 3489 3977
 ... : 109 213 872 3531 4019
 ... : 109 213 871 3544 4078
   6 : 102 187 782 2797 2828 1162
 ... : 102 187 782 2802 2866 1220
 ... : 102 187 782 2815 2914 1264
 ... : 102 187 782 2818 2964 1319
 ... : 102 187 782 2816 3016 1383
 ... : 102 187 775 2791 3042 1387
 ... : 102 187 775 2795 3098 1444
 ... : 102 187 775 2804 3127 1500
 ... : 102 187 777 2810 3173 1552
 ... : 102 187 777 2813 3227 1625
 ... : 102 187 772 2815 3264 1620
 ... : 102 187 771 2830 3308 1662
 ... : 102 187 771 2842 3364 1715
 ... : 102 187 765 2775 3348 1761
 ... : 102 187 760 2763 3363 1805
 ... : 102 187 760 2764 3393 1847
 ... : 102 187 773 2787 3434 1888
 ... : 102 187 781 2827 3493 1908
 ... : 102 187 781 2845 3546 1965
 ... : 102 187 782 2852 3591 2033
 ... : 102 187 784 2885 3649 2072
 ... : 102 186 790 2914 3698 2072
 ... : 102 186 797 2957 3759 2088
 ... : 102 186 797 2991 3816 2109
 ... : 102 186 797 2999 3868 2166
 ... : 102 186 797 3003 3920 2234
 ... : 102 186 797 3009 3980 2294
 ... : 102 186 796 3005 4027 2347
 ... : 102 186 796 3009 4088 2415
 ... : 102 186 796 3016 4148 2468
 ... : 102 186 797 3030 4213 2520
 ... : 102 186 799 3072 4272 2540
 ... : 102 186 800 3096 4330 2585
 ... : 102 186 801 3122 4394 2625
 ... : 102 186 801 3125 4448 2698
 ... : 102 186 801 3125 4498 2765
 ... : 102 186 801 3125 4558 2832
 ... : 102 186 801 3126 4612 2899
 ... : 102 186 801 3126 4666 2965
 ... : 102 186 801 3131 4652 2972
 ... : 102 186 801 3142 4711 3031
 ... : 102 186 801 3142 4742 3080
 ... : 102 186 801 3145 4792 3143
 ... : 102 186 800 3170 4837 3175
 ... : 102 186 800 3155 4466 2647
 ... : 102 186 799 3141 4508 2694
 ... : 102 186 799 3141 4557 2759
 ... : 102 186 799 3144 4617 2821
 ... : 102 186 799 3148 4668 2877
 ... : 102 186 799 3149 4734 2941
 ... : 102 185 798 3147 4777 2982
 ... : 102 185 798 3149 4833 3039
 ... : 102 185 798 3153 4885 3094
 ... : 102 185 798 3176 4939 3133
 ... : 102 185 798 3182 4997 3191
 ... : 102 185 802 3201 5038 3226
 ... : 102 185 803 3235 5091 3258
 ... : 102 185 803 3242 5154 3317
 ... : 102 185 801 3206 5075 3262
 ... : 102 185 802 3216 5120 3278
 ... : 102 185 801 3213 5159 3336
 ... : 102 185 801 3218 5215 3395
 ... : 102 185 800 3208 5223 3444
 ... : 102 185 800 3213 5287 3504
 ... : 102 185 800 3219 5349 3564
 ... : 102 185 800 3224 5409 3617
 ... : 102 185 800 3240 5459 3651
 ... : 102 185 800 3243 5521 3713
 ... : 102 185 800 3248 5587 3775
 ... : 102 185 800 3251 5640 3838
 ... : 102 185 800 3265 5701 3889
 ... : 102 185 800 3282 5759 3940
 ... : 102 185 800 3290 5817 3994
 ... : 102 185 800 3292 5875 4057
 ... : 102 185 800 3295 5931 4119
 ... : 102 185 800 3314 5987 4163
 ... : 102 185 800 3326 6041 4221
 ... : 102 185 800 3333 6095 4251
 ... : 102 185 800 3334 6146 4299
 ... : 102 185 800 3337 6204 4366
 ... : 102 185 800 3343 6264 4421
 ... : 102 185 800 3349 6311 4466
 ... : 102 185 800 3354 6354 4521
 ... : 102 185 800 3362 6418 4577
 ... : 102 185 800 3376 6474 4629
 ... : 102 185 800 3389 6533 4684
 ... : 102 185 800 3389 6598 4750
 ... : 102 185 800 3401 6655 4805
 ... : 102 185 800 3401 6713 4872
 ... : 102 185 800 3402 6769 4919
 ... : 102 185 800 3407 6813 4973
 ... : 102 185 800 3414 6867 5030
 ... : 102 185 801 3414 6910 5070
 ... : 102 185 801 3441 6973 5105
 ... : 102 185 802 3453 7035 5156
 ... : 102 185 801 3455 7084 5215
 ... : 102 185 805 3497 7137 5238
 ... : 102 185 816 3544 7155 5238
 ... : 102 185 816 3553 7217 5300
 ... : 102 185 816 3553 7257 5369
 ... : 102 185 816 3556 7317 5437
 ... : 102 185 816 3566 7375 5485
 ... : 102 185 816 3561 7417 5543
 ... : 102 185 816 3563 7479 5605
 ... : 102 185 816 3563 7525 5672
 ... : 102 185 816 3564 7578 5742
 ... : 102 185 816 3570 7632 5798
 ... : 102 185 819 3594 7689 5838
 ... : 102 185 819 3601 7753 5901
 ... : 102 185 819 3618 7798 5931
 ... : 102 185 819 3631 7855 5983
 ... : 102 185 819 3640 7916 6041
 ... : 102 185 822 3658 7966 6092
 ... : 102 185 822 3683 8031 6132
 ... : 102 185 822 3691 8088 6188
 ... : 102 185 822 3706 8146 6240
 ... : 102 185 822 3730 8206 6283
 ... : 102 185 825 3769 8262 6311
 ... : 102 185 830 3782 8312 6366
 ... : 102 185 830 3791 8372 6424
 ... : 102 185 830 3792 8426 6487
 ... : 102 185 830 3809 8489 6536
 ... : 102 185 830 3810 8551 6602
 ... : 102 185 830 3831 8608 6647
 ... : 102 185 831 3858 8663 6680
 ... : 102 185 831 3867 8725 6736
 ... : 102 185 831 3875 8779 6801
 ... : 102 185 831 3877 8843 6866
 ... : 102 185 831 3894 8904 6921
 ... : 102 185 831 3911 8963 6974
 ... : 102 185 832 3938 9022 7015
 ... : 102 185 837 3953 9081 7065
 ... : 102 185 837 3970 9127 7119
 ... : 102 185 837 3970 9189 7186
 ... : 102 185 837 3981 9242 7243
 ... : 102 185 837 3985 9300 7306
 ... : 102 185 846 4023 9348 7335
 ... : 102 185 847 4031 9413 7390
 ... : 102 185 847 4048 9469 7440
 ... : 102 185 847 4060 9527 7496
 ... : 102 185 847 4062 9594 7561
 ... : 102 185 847 4067 9658 7624
 ... : 102 185 847 4080 9716 7681
 ... : 102 185 847 4088 9771 7741
 ... : 102 186 852 4132 9821 7748
 ... : 102 186 860 4166 9883 7782
 ... : 102 186 860 4180 9922 7836
 ... : 102 186 873 4207 9963 7868
 ... : 102 187 883 4256 10012 7883
 ... : 102 187 884 4260 10073 7944
 ... : 102 187 884 4274 10133 8001
 ... : 102 187 884 4280 10188 8063
 ... : 102 187 884 4291 10250 8122
 ... : 102 187 884 4293 10308 8184
 ... : 102 187 884 4297 10372 8250
 ... : 102 187 884 4301 10438 8314
 ... : 102 187 884 4324 10501 8355
 ... : 102 187 884 4325 10558 8418
 ... : 102 187 884 4325 10618 8485
 ... : 102 187 884 4327 10683 8550
 ... : 102 187 884 4338 10746 8596
 ... : 102 187 884 4364 10803 8633
 ... : 102 187 884 4368 10859 8696
 ... : 102 187 884 4370 10922 8761
 ... : 102 187 884 4375 10981 8826
 ... : 102 187 884 4384 11044 8878
 ... : 102 187 884 4395 11098 8937
 ... : 102 187 884 4402 11157 8996
 ... : 102 187 888 4422 11210 9047
 ... : 102 187 912 4457 11234 9047
 ... : 102 187 914 4487 11297 9083
 ... : 102 187 913 4496 11334 9147
 ... : 102 187 922 4522 11380 9183
 ... : 102 187 950 4580 11419 9183
 ... : 102 187 976 4644 11455 9183
 ... : 102 187 976 4655 11522 9232
 ... : 102 187 976 4662 11554 9303
 ... : 102 187 977 4689 11616 9339
 ... : 102 187 977 4692 11681 9400
 ... : 102 187 977 4702 11741 9461
 ... : 102 187 979 4735 11802 9492
 ... : 102 187 979 4737 11865 9560
 ... : 102 187 979 4737 11929 9627
 ... : 102 187 979 4742 11992 9692
 ... : 102 187 984 4762 12044 9741
 ... : 102 187 1005 4803 12086 9763
 ... : 102 187 1007 4827 12146 9798
 ... : 102 187 1007 4830 12207 9864
 ... : 102 187 1007 4834 12266 9932
 ... : 102 187 1010 4843 12317 9992
 ... : 102 187 1010 4872 12379 10027
 ... : 102 187 1010 4874 12445 10092
 ... : 102 187 1010 4904 12501 10133
 ... : 102 187 1010 4930 12564 10166
 ... : 102 187 1010 4947 12601 10167
 ... : 102 187 1010 4958 12664 10228
 ... : 102 187 1010 4969 12726 10284
 ... : 102 187 1010 4985 12784 10341
 ... : 102 187 1011 5017 12830 10370
 ... : 102 187 1011 5018 12892 10434
 ... : 102 187 1012 5026 12954 10494
 ... : 102 187 1013 5031 13011 10561
 ... : 102 187 1077 5097 13012 10561
 ... : 102 187 1120 5144 13044 10561
 ... : 102 187 1153 5186 13092 10561
 ... : 102 187 1176 5236 13152 10570
 ... : 102 187 1176 5236 13174 10608
 ... : 102 187 1176 5240 13237 10675
 ... : 102 187 1176 5241 13304 10741
 ... : 102 187 1176 5255 13363 10793
 ... : 102 187 1176 5272 13424 10845
 ... : 102 187 1176 5291 13483 10891
 ... : 102 187 1176 5313 13525 10925
 ... : 102 187 1176 5328 13583 10977
 ... : 102 187 1176 5330 13644 11039
 ... : 102 187 1176 5337 13699 11099
 ... : 102 187 1176 5347 13759 11161
 ... : 102 187 1176 5351 13819 11215
 ... : 102 187 1176 5372 13877 11262
 ... : 102 187 1176 5384 13934 11319
 ... : 102 187 1176 5391 13991 11381
 ... : 102 187 1176 5395 14054 11434
 ... : 102 187 1176 5403 14113 11497
 ... : 102 187 1176 5422 14171 11542
 ... : 102 187 1176 5430 14236 11602
 ... : 102 187 1176 5435 14298 11668
 ... : 102 187 1176 5435 14364 11735
 ... : 102 187 1176 5437 14426 11802
 ... : 102 187 1176 5447 14487 11857
 ... : 102 187 1176 5452 14549 11920
 ... : 102 187 1176 5465 14607 11970
 ... : 102 187 1176 5479 14662 12026
 ... : 102 187 1176 5483 14725 12088
 ... : 102 187 1176 5485 14791 12153
 ... : 102 187 1176 5488 14857 12217
 ... : 102 187 1176 5499 14909 12270
 ... : 102 187 1176 5505 14948 12332
 ... : 102 187 1176 5508 15014 12394
 ... : 102 187 1176 5514 15074 12460
 ... : 102 187 1176 5521 15137 12519
 ... : 102 187 1176 5525 15202 12583
 ... : 102 187 1176 5532 15261 12640
 ... : 102 187 1176 5543 15316 12699
 ... : 102 187 1176 5550 15378 12756
 ... : 102 187 1176 5556 15440 12817
 ... : 102 187 1176 5562 15504 12880
 ... : 102 187 1176 5576 15563 12936
 ... : 102 187 1176 5589 15618 12986
 ... : 102 187 1176 5603 15678 13033
 ... : 102 187 1176 5624 15731 13082
 ... : 102 187 1176 5628 15794 13143
 ... : 102 187 1176 5632 15853 13204
 ... : 102 187 1176 5635 15913 13270
 ... : 102 187 1176 5647 15970 13325
 ... : 102 187 1176 5649 16026 13387
 ... : 102 187 1176 5666 16079 13431
 ... : 102 187 1176 5687 16132 13476
 ... : 102 187 1176 5688 16194 13542
 ... : 102 187 1176 5688 16257 13604
 ... : 102 187 1176 5695 16319 13667
 ... : 102 187 1176 5705 16377 13720
 ... : 102 187 1176 5713 16439 13780
 ... : 102 187 1176 5725 16502 13837
 ... : 102 187 1176 5727 16567 13902
 ... : 102 187 1176 5741 16628 13955
 ... : 102 187 1176 5756 16689 14008
 ... : 102 187 1176 5764 16750 14070
 ... : 102 187 1176 5787 16817 14113
 ... : 102 187 1176 5807 16873 14170
 ... : 102 187 1176 5813 16935 14232
 ... : 102 187 1176 5843 17002 14268
 ... : 102 187 1176 5846 17067 14334
 ... : 102 187 1176 5846 17121 14400
 ... : 102 187 1176 5856 17185 14456
 ... : 102 187 1176 5863 17247 14516
 ... : 102 187 1176 5871 17310 14579
 ... : 102 187 1176 5903 17369 14607
 ... : 102 187 1176 5950 17433 14626
 ... : 102 187 1176 5950 17489 14686
 ... : 102 187 1176 5952 17551 14756
 ... : 102 187 1176 5953 17596 14827
 ... : 102 187 1176 5958 17657 14890
 ... : 102 187 1176 5991 17720 14923
 ... : 102 187 1176 6058 17788 14923
 ... : 102 187 1176 6075 17853 14966
 ... : 102 187 1176 6081 17916 15027
 ... : 102 187 1176 6083 17980 15095
 ... : 102 187 1176 6083 18017 15155
 ... : 102 187 1176 6085 18066 15220
 ... : 102 187 1176 6086 18130 15287
 ... : 102 187 1176 6089 18196 15353
 ... : 102 187 1176 6095 18256 15418
 ... : 102 187 1176 6096 18322 15484
 ... : 102 187 1177 6109 18389 15534
 ... : 102 187 1177 6121 18451 15594
 ... : 102 187 1177 6122 18514 15664
 ... : 102 187 1177 6126 18571 15727
 ... : 102 187 1177 6143 18629 15780
 ... : 102 187 1177 6150 18691 15843
 ... : 102 187 1177 6153 18752 15910
 ... : 102 187 1177 6164 18815 15972
 ... : 102 187 1177 6171 18870 16035
 ... : 102 187 1177 6175 18928 16097
 ... : 102 187 1177 6178 18994 16163
 ... : 102 187 1177 6178 19050 16232
 ... : 102 187 1177 6183 19100 16299
 ... : 102 187 1177 6202 19156 16354
 ... : 102 187 1177 6232 19218 16396
 ... : 102 187 1177 6232 19281 16463
 ... : 102 187 1177 6272 19333 16481
 ... : 102 187 1177 6298 19394 16519
 ... : 102 187 1177 6328 19452 16554
 ... : 102 187 1177 6364 19501 16585
 ... : 102 187 1177 6367 19564 16650
 ... : 102 187 1177 6375 19629 16705
 ... : 102 187 1177 6381 19692 16766
 ... : 102 187 1177 6389 19749 16822
