initialized model with 72720 latches, 384 inputs and 1 properties
tsim: performed 363 steps
tsim: found 4477 constants and 7 latch equivalences
seqsimpl: found 6 latch equivalences
seqsimpl: (72720, 384) -> (54614, 384)
checking bound 0
checking bound 1
checking bound 2
tdecomp: unrolling 2 cycles
tsim: performed 225 steps
tsim: found 18 constants and 0 latch equivalences
tdecomp: (54614, 1536) -> (54596, 384)
   2 : 8 8
   3 : 10 8 18
   4 : 11 9 8 36
   5 : 11 9 8 8 28
   6 : 11 9 9 9 9 53
   7 : 11 9 9 9 9 9 44
 ... : 11 9 8 8 9 17 66
   8 : 11 9 8 8 8 8 8 68
   9 : 11 9 8 8 8 8 8 8 60
 ... : 12 12 11 13 10 11 10 13 105
 ... : 12 11 13 16 14 18 14 19 140
  10 : 12 11 13 16 11 14 10 10 12 158
  11 : 12 11 13 16 11 14 10 10 11 5 155
  12 : 12 11 13 16 11 14 10 10 11 5 3 152
  13 : 12 11 13 16 11 14 10 10 11 5 3 1 151
  14 : 12 11 13 16 11 14 10 10 11 4 3 3 3 153
  15 : 12 11 13 16 11 14 10 10 11 4 3 3 3 2 151
  16 : 12 11 13 16 11 14 10 10 10 3 2 2 2 2 2 158
  17 : 12 11 13 16 11 14 10 10 10 3 2 2 2 2 2 1 157
  18 : 11 11 13 16 11 14 10 10 10 3 1 1 1 1 1 1 1 172
 ... : 11 11 13 16 11 14 10 10 10 4 2 2 2 2 2 1 3 236
 ... : 11 11 13 16 11 14 10 10 10 4 2 2 2 3 3 4 4 302
 ... : 11 11 13 16 11 14 10 10 10 4 2 8 9 14 15 5 4 352
 ... : 11 11 13 16 11 14 10 10 10 4 2 8 20 33 25 11 6 389
 ... : 11 11 13 16 11 14 10 10 10 4 2 10 30 58 44 23 10 421
 ... : 11 11 13 16 11 14 10 10 10 4 2 10 33 74 62 47 19 452
 ... : 11 11 13 16 11 14 10 10 10 4 2 16 47 90 71 49 20 499
 ... : 11 11 13 16 11 14 10 10 10 4 2 16 65 130 93 54 22 530
 ... : 11 11 13 16 11 14 10 10 10 4 2 18 70 138 110 75 31 552
 ... : 11 11 13 16 11 14 10 10 10 4 2 18 72 143 118 85 37 607
 ... : 11 11 14 20 16 16 13 10 10 4 7 23 74 145 119 85 37 646
  19 : 11 11 14 18 12 14 10 10 10 4 8 7 1 1 1 1 1 1 524
  20 : 11 11 14 18 12 14 10 10 10 4 8 7 1 1 1 1 1 1 1 522
  21 : 11 11 14 18 12 14 10 10 10 4 8 7 1 1 1 1 1 1 1 1 521
  22 : 11 11 14 18 12 14 10 10 10 4 8 7 1 1 1 1 1 1 1 1 1 520
 ... : 11 11 14 18 12 14 10 10 10 4 8 7 1 2 2 4 2 2 2 3 2 577
 ... : 11 11 14 18 12 14 10 10 10 4 8 7 1 2 2 4 2 2 2 3 2 644
 ... : 11 11 14 18 12 14 10 10 10 4 8 7 1 2 2 4 2 2 2 3 2 710
 ... : 11 11 14 18 12 14 10 10 10 4 8 7 1 2 2 4 2 2 2 3 2 778
 ... : 11 11 14 18 12 14 10 10 10 4 8 7 1 2 2 4 2 2 2 3 2 845
 ... : 11 11 14 18 12 14 10 10 10 4 8 7 1 2 2 4 2 2 2 3 2 912
