initialized model with 185 latches, 33 inputs and 1 properties
tsim: performed 17 steps
tsim: found cycle from 15
checking bound 0
checking bound 1
checking bound 2
tdecomp: unrolling 2 cycles
tsim: performed 15 steps
tsim: found cycle from 13
tsim: found 1 constants and 0 latch equivalences
tdecomp: (185, 132) -> (184, 88)
   2 : 34 33
   3 : 34 53 52
   4 : 34 53 93 47
   5 : 34 53 93 116 85
 ... : 34 53 93 154 206
   6 : 34 53 93 151 169 125
 ... : 34 53 93 151 238 179
 ... : 34 53 93 151 269 273
   7 : 34 53 93 150 239 249 130
 ... : 34 53 93 150 239 304 210
 ... : 34 53 93 150 240 379 231
 ... : 34 53 93 150 240 451 267
 ... : 34 53 93 150 240 518 311
 ... : 34 53 93 150 240 566 389
 ... : 34 53 93 150 240 565 502
   8 : 34 53 93 150 240 437 513 151
 ... : 34 53 93 150 240 437 579 206
 ... : 34 53 93 150 240 437 650 258
 ... : 34 53 93 150 240 436 712 323
 ... : 34 53 93 150 240 433 755 414
 ... : 34 53 93 150 240 436 825 458
 ... : 34 53 93 150 240 435 884 513
 ... : 34 53 93 150 240 435 954 566
 ... : 34 53 93 150 240 435 1021 610
 ... : 34 53 93 150 240 439 1088 662
 ... : 34 53 93 150 240 437 1134 736
 ... : 34 53 93 150 240 436 1202 792
 ... : 34 53 93 150 240 435 1235 891
 ... : 34 53 93 150 240 434 1275 958
   9 : 34 53 93 150 240 423 1038 1066 150
 ... : 34 53 93 150 240 423 1038 1124 205
 ... : 34 53 93 150 240 423 1038 1194 260
 ... : 34 53 93 150 240 423 1038 1260 316
 ... : 34 53 93 150 240 423 1038 1322 372
 ... : 34 53 93 150 240 423 1038 1377 454
 ... : 34 53 93 150 240 423 1038 1444 516
 ... : 34 53 93 150 240 423 1038 1511 563
 ... : 34 53 93 150 240 423 1038 1575 619
 ... : 34 53 93 150 240 423 1038 1632 692
 ... : 34 53 93 150 240 423 1038 1697 748
 ... : 34 53 93 150 240 423 1038 1755 823
 ... : 34 53 93 150 240 423 1042 1800 900
 ... : 34 53 93 150 240 423 1045 1881 917
 ... : 34 53 93 150 240 423 1045 1945 984
 ... : 34 53 93 150 240 423 1047 2006 1046
 ... : 34 53 93 150 240 423 1062 2066 1087
 ... : 34 53 93 150 240 423 1062 2141 1128
 ... : 34 53 93 150 240 423 1053 2201 1174
 ... : 34 53 93 150 240 423 1054 2274 1220
 ... : 34 53 93 150 240 423 1053 2339 1268
 ... : 34 53 93 150 240 423 1055 2407 1316
 ... : 34 53 93 150 240 423 1059 2479 1363
 ... : 34 53 93 150 240 423 1059 2544 1413
 ... : 34 53 93 150 240 423 1057 2609 1475
 ... : 34 53 93 150 240 423 1060 2675 1525
 ... : 34 53 93 150 240 423 1057 2737 1549
 ... : 34 53 93 150 240 423 1058 2800 1593
 ... : 34 53 93 150 240 423 1058 2864 1658
 ... : 34 53 93 150 240 423 1058 2929 1701
 ... : 34 53 93 150 240 423 1059 2988 1766
 ... : 34 53 93 150 240 423 1059 3045 1835
 ... : 34 53 93 150 240 423 1060 3096 1887
 ... : 34 53 93 150 240 423 1061 3149 1941
 ... : 34 53 93 150 240 423 1058 3205 2006
 ... : 34 53 93 150 240 423 1051 3254 2054
 ... : 34 53 93 150 240 423 1047 3312 2113
 ... : 34 53 93 150 240 423 1047 3350 2152
 ... : 34 53 93 150 240 423 1044 3393 2206
 ... : 34 53 93 150 240 423 1036 3432 2266
 ... : 34 53 93 150 240 423 1036 3474 2335
 ... : 34 53 93 150 240 423 1034 3504 2396
 ... : 34 53 93 150 240 423 1035 3506 2439
 ... : 34 53 93 150 240 423 1032 3546 2507
 ... : 34 53 93 150 240 423 1027 3549 2556
 ... : 34 53 93 150 240 423 1029 3604 2605
 ... : 34 53 93 150 240 423 1031 3644 2656
 ... : 34 53 93 150 240 423 1030 3657 2723
 ... : 34 53 93 150 240 423 1030 3665 2804
 ... : 34 53 93 150 240 423 1029 3670 2881
 ... : 34 53 93 150 240 423 1024 3653 2916
 ... : 34 53 93 150 240 423 1017 3578 3049
  10 : 34 53 93 150 240 421 930 2498 3471 240
 ... : 34 53 93 150 240 421 930 2500 3538 296
 ... : 34 53 93 150 240 421 930 2500 3597 352
 ... : 34 53 93 150 240 421 930 2503 3654 424
 ... : 34 53 93 150 240 421 930 2512 3712 477
 ... : 34 53 93 150 240 421 930 2517 3778 527
 ... : 34 53 93 150 240 421 930 2517 3829 602
 ... : 34 53 93 150 240 421 930 2517 3889 654
 ... : 34 53 93 150 240 421 930 2520 3956 689
 ... : 34 53 93 150 240 421 930 2518 4014 750
 ... : 34 53 93 150 240 421 930 2518 4084 800
 ... : 34 53 93 150 240 421 930 2516 4139 861
 ... : 34 53 93 150 240 421 930 2516 4208 905
 ... : 34 53 93 150 240 421 930 2515 4280 947
 ... : 34 53 93 150 240 421 930 2513 4331 1006
 ... : 34 53 93 150 240 421 930 2512 4401 1044
 ... : 34 53 93 150 240 421 930 2510 4440 1104
 ... : 34 53 93 150 240 421 930 2511 4506 1142
 ... : 34 53 93 150 240 421 931 2512 4557 1204
 ... : 34 53 93 150 240 421 931 2510 4613 1269
 ... : 34 53 93 150 240 421 931 2507 4667 1321
 ... : 34 53 93 150 240 421 931 2508 4719 1386
 ... : 34 53 93 150 240 421 931 2501 4778 1431
 ... : 34 53 93 150 240 421 931 2493 4813 1484
 ... : 34 53 93 150 240 421 931 2493 4832 1538
 ... : 34 53 93 150 240 421 931 2488 4866 1587
 ... : 34 53 93 150 240 421 931 2479 4895 1648
 ... : 34 53 93 150 240 421 931 2476 4930 1716
 ... : 34 53 93 150 240 421 931 2472 4959 1770
 ... : 34 53 93 150 240 421 931 2461 4963 1840
 ... : 34 53 93 150 240 421 931 2460 4979 1926
 ... : 34 53 93 150 240 421 931 2459 4996 2034
 ... : 34 53 93 150 240 421 931 2459 5039 2114
 ... : 34 53 93 150 240 421 931 2447 5061 2177
 ... : 34 53 93 150 240 421 931 2445 5089 2233
 ... : 34 53 93 150 240 421 931 2440 5122 2304
 ... : 34 53 93 150 240 421 932 2443 5117 2382
 ... : 34 53 93 150 240 421 934 2452 5156 2436
 ... : 34 53 93 150 240 421 934 2457 5196 2491
 ... : 34 53 93 150 240 421 934 2458 5134 2601
  11 : 34 53 93 150 240 421 934 2389 4023 3351 219
 ... : 34 53 93 150 240 421 934 2389 4023 3417 265
 ... : 34 53 93 150 240 421 934 2389 4023 3484 323
 ... : 34 53 93 150 240 421 934 2389 4023 3551 382
 ... : 34 53 93 150 240 421 934 2389 4023 3618 432
 ... : 34 53 93 150 240 421 934 2389 4023 3682 502
 ... : 34 53 93 150 240 421 934 2389 4023 3748 565
 ... : 34 53 93 150 240 421 934 2389 4023 3811 631
 ... : 34 53 93 150 240 421 934 2388 4022 3836 693
 ... : 34 53 93 150 240 421 934 2388 4022 3906 744
 ... : 34 53 93 150 240 421 934 2388 4022 3958 805
 ... : 34 53 93 150 240 421 934 2388 4022 4022 867
 ... : 34 53 93 150 240 421 934 2388 4023 4087 913
 ... : 34 53 93 150 240 421 934 2388 4025 4140 988
 ... : 34 53 93 150 240 421 934 2388 4027 4208 1041
 ... : 34 53 93 150 240 421 934 2388 4027 4266 1108
 ... : 34 53 93 150 240 421 934 2388 4027 4333 1163
 ... : 34 53 93 150 240 421 934 2388 4027 4393 1228
 ... : 34 53 93 150 240 421 934 2388 4027 4456 1291
 ... : 34 53 93 150 240 421 934 2388 4028 4524 1339
 ... : 34 53 93 150 240 421 934 2388 4028 4576 1412
 ... : 34 53 93 150 240 421 934 2388 4025 4632 1469
 ... : 34 53 93 150 240 421 934 2388 4029 4665 1510
 ... : 34 53 93 150 240 421 934 2388 4030 4711 1570
 ... : 34 53 93 150 240 421 934 2388 4030 4750 1636
 ... : 34 53 93 150 240 421 934 2388 4030 4810 1696
 ... : 34 53 93 150 240 421 934 2388 4030 4864 1751
 ... : 34 53 93 150 240 421 934 2388 4030 4921 1811
 ... : 34 53 93 150 240 421 934 2388 4030 4986 1868
 ... : 34 53 93 150 240 421 934 2388 4029 5045 1936
 ... : 34 53 93 150 240 421 934 2388 4029 5108 1999
 ... : 34 53 93 150 240 421 934 2388 4029 5178 2058
 ... : 34 53 93 150 240 421 934 2388 4027 5240 2120
 ... : 34 53 93 150 240 421 934 2388 4027 5304 2177
 ... : 34 53 93 150 240 421 934 2388 4027 5368 2237
 ... : 34 53 93 150 240 421 934 2388 4064 5419 2272
 ... : 34 53 93 150 240 421 934 2389 4107 5491 2276
 ... : 34 53 93 150 240 421 934 2389 4107 5543 2349
 ... : 34 53 93 150 240 421 934 2389 4108 5598 2412
 ... : 34 53 93 150 240 421 934 2389 4109 5652 2474
 ... : 34 53 93 150 240 421 934 2389 4110 5716 2538
 ... : 34 53 93 150 240 421 934 2389 4111 5780 2596
 ... : 34 53 93 150 240 421 934 2389 4113 5822 2649
 ... : 34 53 93 150 240 421 934 2391 4122 5874 2698
 ... : 34 53 93 150 240 421 934 2391 4124 5939 2752
 ... : 34 53 93 150 240 421 934 2391 4124 5994 2825
 ... : 34 53 93 150 240 421 934 2392 4137 6047 2877
 ... : 34 53 93 150 240 421 934 2393 4150 6108 2925
 ... : 34 53 93 150 240 421 934 2394 4169 6154 2948
 ... : 34 53 93 150 240 421 934 2394 4177 6191 3005
 ... : 34 53 93 150 240 421 934 2394 4177 6212 3058
 ... : 34 53 93 150 240 421 934 2394 4183 6266 3121
 ... : 34 53 93 150 240 421 934 2394 4198 6310 3158
 ... : 34 53 93 150 240 421 934 2394 4201 6369 3216
 ... : 34 53 93 150 240 421 934 2394 4201 6418 3284
 ... : 34 53 93 150 240 421 934 2394 4211 6483 3329
 ... : 34 53 93 150 240 421 934 2395 4226 6531 3367
 ... : 34 53 93 150 240 421 934 2395 4228 6554 3409
 ... : 34 53 93 150 240 421 934 2395 4230 6587 3453
 ... : 34 53 93 150 240 421 934 2395 4234 6654 3507
 ... : 34 53 93 150 240 421 934 2395 4235 6715 3571
 ... : 34 53 93 150 240 421 934 2395 4236 6773 3643
 ... : 34 53 93 150 240 421 934 2395 4241 6831 3693
 ... : 34 53 93 150 240 421 934 2395 4246 6858 3745
 ... : 34 53 93 150 240 421 934 2395 4249 6899 3789
 ... : 34 53 93 150 240 421 934 2395 4259 6929 3839
 ... : 34 53 93 150 240 421 934 2395 4260 6989 3908
 ... : 34 53 93 150 240 421 934 2395 4261 7046 3973
 ... : 34 53 93 150 240 421 934 2398 4294 7084 3985
 ... : 34 53 93 150 240 421 934 2398 4300 7086 4022
 ... : 34 53 93 150 240 421 934 2399 4320 7117 4055
 ... : 34 53 93 150 240 421 934 2399 4324 7149 4095
 ... : 34 53 93 150 240 421 934 2399 4330 7202 4125
 ... : 34 53 93 150 240 421 934 2399 4329 7228 4172
 ... : 34 53 93 150 240 421 934 2399 4329 7271 4241
 ... : 34 53 93 150 240 421 934 2399 4333 7338 4291
 ... : 34 53 93 150 240 421 934 2399 4335 7388 4358
 ... : 34 53 93 150 240 421 934 2399 4336 7457 4419
 ... : 34 53 93 150 240 421 934 2399 4337 7491 4480
 ... : 34 53 93 150 240 421 934 2399 4337 7544 4549
 ... : 34 53 93 150 240 421 934 2399 4336 7610 4611
 ... : 34 53 93 150 240 421 934 2399 4335 7619 4659
 ... : 34 53 93 150 240 421 934 2399 4335 7658 4720
 ... : 34 53 93 150 240 421 934 2399 4335 7718 4765
 ... : 34 53 93 150 240 421 934 2399 4334 7758 4816
 ... : 34 53 93 150 240 421 934 2399 4335 7819 4874
 ... : 34 53 93 150 240 421 934 2399 4335 7865 4938
 ... : 34 53 93 150 240 421 934 2399 4336 7840 4975
 ... : 34 53 93 150 240 421 934 2399 4340 7839 4997
 ... : 34 53 93 150 240 421 934 2402 4345 7839 5043
 ... : 34 53 93 150 240 421 934 2404 4368 7899 5045
 ... : 34 53 93 150 240 421 934 2404 4369 7959 5099
 ... : 34 53 93 150 240 421 934 2404 4368 8017 5149
 ... : 34 53 93 150 240 421 934 2404 4367 8072 5177
 ... : 34 53 93 150 240 421 934 2404 4364 8129 5237
 ... : 34 53 93 150 240 421 934 2404 4364 8194 5294
 ... : 34 53 93 150 240 421 934 2404 4368 8255 5343
 ... : 34 53 93 150 240 421 934 2404 4368 8314 5399
 ... : 34 53 93 150 240 421 934 2404 4371 8388 5432
 ... : 34 53 93 150 240 421 934 2404 4371 8449 5492
 ... : 34 53 93 150 240 421 934 2404 4371 8505 5547
 ... : 34 53 93 150 240 421 934 2404 4373 8565 5608
 ... : 34 53 93 150 240 421 934 2404 4373 8624 5682
 ... : 34 53 93 150 240 421 934 2404 4373 8685 5738
 ... : 34 53 93 150 240 421 934 2404 4374 8752 5792
 ... : 34 53 93 150 240 421 934 2404 4374 8818 5849
 ... : 34 53 93 150 240 421 934 2404 4374 8882 5908
 ... : 34 53 93 150 240 421 934 2404 4372 8945 5972
 ... : 34 53 93 150 240 421 934 2404 4372 9011 6027
 ... : 34 53 93 150 240 421 934 2404 4371 9082 6066
 ... : 34 53 93 150 240 421 934 2404 4371 9139 6136
 ... : 34 53 93 150 240 421 934 2404 4371 9203 6201
 ... : 34 53 93 150 240 421 934 2404 4368 9257 6266
 ... : 34 53 93 150 240 421 934 2404 4367 9330 6313
 ... : 34 53 93 150 240 421 934 2404 4367 9376 6362
 ... : 34 53 93 150 240 421 934 2404 4369 9439 6418
 ... : 34 53 93 150 240 421 934 2404 4372 9496 6459
 ... : 34 53 93 150 240 421 934 2404 4371 9548 6513
 ... : 34 53 93 150 240 421 934 2404 4369 9581 6584
 ... : 34 53 93 150 240 421 934 2404 4365 9638 6635
 ... : 34 53 93 150 240 421 934 2404 4361 9674 6712
 ... : 34 53 93 150 240 421 934 2404 4364 9689 6764
 ... : 34 53 93 150 240 421 934 2404 4361 9723 6816
 ... : 34 53 93 150 240 421 934 2404 4359 9736 6869
 ... : 34 53 93 150 240 421 934 2404 4357 9791 6929
 ... : 34 53 93 150 240 421 934 2404 4352 9845 6990
 ... : 34 53 93 150 240 421 934 2402 4339 9901 7043
 ... : 34 53 93 150 240 421 934 2402 4330 9946 7116
 ... : 34 53 93 150 240 421 934 2401 4318 9994 7182
 ... : 34 53 93 150 240 421 934 2400 4292 10018 7242
 ... : 34 53 93 150 240 421 934 2400 4286 10037 7324
 ... : 34 53 93 150 240 421 934 2400 4281 10087 7398
 ... : 34 53 93 150 240 421 934 2400 4270 10121 7453
 ... : 34 53 93 150 240 421 934 2399 4253 10140 7497
 ... : 34 53 93 150 240 421 934 2399 4249 10138 7557
 ... : 34 53 93 150 240 421 934 2399 4243 10112 7589
 ... : 34 53 93 150 240 421 934 2398 4236 10117 7643
 ... : 34 53 93 150 240 421 934 2396 4214 10068 7674
 ... : 34 53 93 150 240 421 934 2396 4212 10089 7745
 ... : 34 53 93 150 240 421 934 2396 4206 10116 7808
 ... : 34 53 93 150 240 421 934 2396 4204 10149 7880
 ... : 34 53 93 150 240 421 934 2396 4201 10122 7934
 ... : 34 53 93 150 240 421 934 2397 4204 10164 7973
 ... : 34 53 93 150 240 421 934 2397 4205 10207 8025
 ... : 34 53 93 150 240 421 934 2400 4213 10253 8058
 ... : 34 53 93 150 240 421 934 2400 4226 10223 8049
 ... : 34 53 93 150 240 421 934 2400 4226 10265 8086
 ... : 34 53 93 150 240 421 934 2400 4228 10284 8130
 ... : 34 53 93 150 240 421 934 2400 4252 10342 8164
 ... : 34 53 93 150 240 421 934 2400 4255 10376 8220
 ... : 34 53 93 150 240 421 934 2400 4260 10423 8277
 ... : 34 53 93 150 240 421 934 2400 4261 10470 8328
 ... : 34 53 93 150 240 421 934 2400 4260 10517 8394
 ... : 34 53 93 150 240 421 934 2400 4260 10554 8429
 ... : 34 53 93 150 240 421 934 2400 4267 10612 8474
 ... : 34 53 93 150 240 421 934 2400 4270 10647 8525
 ... : 34 53 93 150 240 421 934 2400 4274 10653 8557
 ... : 34 53 93 150 240 421 934 2400 4277 10692 8600
 ... : 34 53 93 150 240 421 934 2400 4278 10718 8653
 ... : 34 53 93 150 240 421 934 2402 4284 10710 8661
 ... : 34 53 93 150 240 421 934 2402 4286 10743 8712
 ... : 34 53 93 150 240 421 934 2402 4288 10750 8733
 ... : 34 53 93 150 240 421 934 2402 4289 10754 8753
 ... : 34 53 93 150 240 421 934 2402 4289 10799 8813
 ... : 34 53 93 150 240 421 934 2402 4289 10799 8831
 ... : 34 53 93 150 240 421 934 2402 4289 10834 8887
 ... : 34 53 93 150 240 421 934 2402 4286 10871 8934
 ... : 34 53 93 150 240 421 934 2402 4285 10870 8966
 ... : 34 53 93 150 240 421 934 2402 4285 10931 9028
 ... : 34 53 93 150 240 421 934 2402 4290 10970 9047
 ... : 34 53 93 150 240 421 934 2402 4290 10988 9050
 ... : 34 53 93 150 240 421 934 2406 4295 10989 9107
 ... : 34 53 93 150 240 421 934 2408 4301 10970 9123
 ... : 34 53 93 150 240 421 934 2408 4301 10967 9137
 ... : 34 53 93 150 240 421 934 2408 4302 10962 9115
 ... : 34 53 93 150 240 421 934 2408 4302 10960 9146
 ... : 34 53 93 150 240 421 934 2408 4298 10874 9091
 ... : 34 53 93 150 240 421 934 2408 4282 10860 9092
 ... : 34 53 93 150 240 421 934 2408 4274 10875 9132
 ... : 34 53 93 150 240 421 934 2408 4271 10881 9175
 ... : 34 53 93 150 240 421 934 2408 4263 10899 9212
 ... : 34 53 93 150 240 421 934 2408 4259 10930 9270
 ... : 34 53 93 150 240 421 934 2408 4258 10968 9328
 ... : 34 53 93 150 240 421 934 2408 4254 10983 9381
 ... : 34 53 93 150 240 421 934 2408 4250 11006 9419
 ... : 34 53 93 150 240 421 934 2408 4237 10975 9489
  12 : 34 53 93 150 240 421 933 2397 3454 7621 10956 517
 ... : 34 53 93 150 240 421 933 2397 3454 7621 11005 572
 ... : 34 53 93 150 240 421 933 2397 3454 7607 11041 624
 ... : 34 53 93 150 240 421 933 2397 3454 7607 11082 697
 ... : 34 53 93 150 240 421 933 2397 3454 7607 11130 763
 ... : 34 53 93 150 240 421 933 2397 3454 7607 11183 822
 ... : 34 53 93 150 240 421 933 2397 3454 7615 11224 883
 ... : 34 53 93 150 240 421 933 2397 3454 7618 11265 943
 ... : 34 53 93 150 240 421 933 2397 3454 7618 11295 1000
 ... : 34 53 93 150 240 421 933 2397 3454 7618 11328 1068
 ... : 34 53 93 150 240 421 933 2397 3454 7619 11360 1129
 ... : 34 53 93 150 240 421 933 2397 3454 7619 11408 1190
 ... : 34 53 93 150 240 421 933 2397 3454 7618 11444 1261
 ... : 34 53 93 150 240 421 933 2397 3454 7618 11480 1319
 ... : 34 53 93 150 240 421 933 2397 3454 7619 11521 1382
 ... : 34 53 93 150 240 421 933 2397 3454 7619 11569 1447
 ... : 34 53 93 150 240 421 933 2397 3454 7619 11617 1513
 ... : 34 53 93 150 240 421 933 2397 3454 7622 11659 1568
 ... : 34 53 93 150 240 421 933 2397 3454 7622 11696 1641
 ... : 34 53 93 150 240 421 933 2397 3454 7620 11738 1703
 ... : 34 53 93 150 240 421 933 2397 3454 7621 11777 1767
 ... : 34 53 93 150 240 421 933 2397 3454 7622 11825 1837
 ... : 34 53 93 150 240 421 933 2397 3454 7623 11888 1865
 ... : 34 53 93 150 240 421 933 2397 3454 7623 11948 1915
 ... : 34 53 93 150 240 421 933 2397 3454 7619 12013 1962
 ... : 34 53 93 150 240 421 933 2397 3454 7618 12077 2009
 ... : 34 53 93 150 240 421 933 2397 3454 7614 12133 2065
 ... : 34 53 93 150 240 421 933 2397 3454 7614 12185 2116
 ... : 34 53 93 150 240 421 933 2397 3454 7612 12242 2173
 ... : 34 53 93 150 240 421 933 2397 3454 7612 12299 2234
 ... : 34 53 93 150 240 421 933 2397 3454 7614 12355 2297
 ... : 34 53 93 150 240 421 933 2397 3454 7614 12412 2352
 ... : 34 53 93 150 240 421 933 2397 3454 7612 12454 2412
 ... : 34 53 93 150 240 421 933 2397 3454 7614 12514 2465
 ... : 34 53 93 150 240 421 933 2397 3454 7613 12567 2526
 ... : 34 53 93 150 240 421 933 2397 3454 7614 12617 2586
 ... : 34 53 93 150 240 421 933 2397 3454 7613 12672 2648
 ... : 34 53 93 150 240 421 933 2397 3454 7613 12724 2712
 ... : 34 53 93 150 240 421 933 2397 3454 7613 12786 2774
 ... : 34 53 93 150 240 421 933 2397 3454 7607 12842 2835
 ... : 34 53 93 150 240 421 933 2397 3454 7604 12890 2905
 ... : 34 53 93 150 240 421 933 2397 3454 7612 12949 2954
 ... : 34 53 93 150 240 421 933 2397 3454 7609 13000 3015
 ... : 34 53 93 150 240 421 933 2397 3454 7614 13062 3047
 ... : 34 53 93 150 240 421 933 2397 3454 7614 13119 3110
 ... : 34 53 93 150 240 421 933 2397 3454 7611 13178 3170
 ... : 34 53 93 150 240 421 933 2397 3454 7610 13213 3237
 ... : 34 53 93 150 240 421 933 2397 3454 7605 13252 3284
 ... : 34 53 93 150 240 421 933 2397 3454 7601 13288 3348
 ... : 34 53 93 150 240 421 933 2397 3454 7595 13336 3398
 ... : 34 53 93 150 240 421 933 2397 3454 7593 13393 3450
 ... : 34 53 93 150 240 421 933 2397 3454 7577 13429 3493
 ... : 34 53 93 150 240 421 933 2397 3454 7570 13474 3559
 ... : 34 53 93 150 240 421 933 2397 3454 7564 13527 3615
 ... : 34 53 93 150 240 421 933 2397 3454 7550 13571 3678
 ... : 34 53 93 150 240 421 933 2397 3454 7541 13602 3738
 ... : 34 53 93 150 240 421 933 2397 3454 7537 13655 3800
 ... : 34 53 93 150 240 421 933 2397 3454 7529 13694 3854
 ... : 34 53 93 150 240 421 933 2397 3454 7539 13738 3898
 ... : 34 53 93 150 240 421 933 2397 3454 7542 13796 3961
 ... : 34 53 93 150 240 421 933 2397 3454 7524 13813 4001
 ... : 34 53 93 150 240 421 933 2397 3454 7514 13842 4070
 ... : 34 53 93 150 240 421 933 2397 3454 7494 13873 4136
 ... : 34 53 93 150 240 421 933 2397 3454 7480 13890 4202
 ... : 34 53 93 150 240 421 933 2397 3454 7481 13919 4266
 ... : 34 53 93 150 240 421 933 2397 3454 7470 13936 4333
 ... : 34 53 93 150 240 421 933 2397 3448 7439 13857 4364
 ... : 34 53 93 150 240 421 933 2397 3448 7424 13748 4393
 ... : 34 53 93 150 240 421 933 2397 3448 7403 13677 4435
 ... : 34 53 93 150 240 421 933 2397 3446 7349 13552 4460
 ... : 34 53 93 150 240 421 933 2397 3446 7334 13522 4509
 ... : 34 53 93 150 240 421 933 2397 3446 7325 13538 4574
 ... : 34 53 93 150 240 421 933 2397 3446 7320 13554 4657
 ... : 34 53 93 150 240 421 933 2397 3446 7313 13557 4721
 ... : 34 53 93 150 240 421 933 2397 3446 7313 13568 4813
 ... : 34 53 93 150 240 421 933 2397 3446 7313 13595 4879
 ... : 34 53 93 150 240 421 933 2397 3446 7311 13608 4935
 ... : 34 53 93 150 240 421 933 2397 3446 7310 13638 4999
 ... : 34 53 93 150 240 421 933 2397 3446 7306 13672 5061
 ... : 34 53 93 150 240 421 933 2397 3446 7306 13730 5124
 ... : 34 53 93 150 240 421 933 2397 3446 7309 13787 5186
 ... : 34 53 93 150 240 421 933 2397 3446 7305 13831 5250
 ... : 34 53 93 150 240 421 933 2397 3446 7286 13841 5305
 ... : 34 53 93 150 240 421 933 2397 3446 7276 13865 5362
