initialized model with 128 latches, 67 inputs and 1 properties
tsim: performed 14 steps
tsim: found cycle from 12
checking bound 0
checking bound 1
checking bound 2
tdecomp: unrolling 2 cycles
tsim: performed 12 steps
tsim: found cycle from 10
tsim: found 1 constants and 0 latch equivalences
tdecomp: (128, 268) -> (127, 104)
 ... : 200
 ... : 401
 ... : 602
 ... : 803
   2 : 279 613
 ... : 272 812
 ... : 270 1013
 ... : 270 1211
   3 : 261 315 987
 ... : 261 297 1186
 ... : 261 286 1382
   4 : 243 257 209 1270
 ... : 243 254 192 1463
   5 : 243 229 146 237 1315
 ... : 243 229 146 218 1512
   6 : 242 214 132 150 146 1511
   7 : 242 208 123 133 93 122 1601
   8 : 242 203 117 131 86 90 110 1629
   9 : 242 202 112 129 49 32 66 105 1733
  10 : 242 200 112 114 43 33 41 46 99 1812
  11 : 242 199 112 106 38 36 33 29 53 109 1817
  12 : 242 199 112 106 38 35 31 27 43 63 116 1792
  13 : 242 199 111 106 33 33 29 23 13 44 68 66 1857
  14 : 242 199 110 106 33 33 28 19 9 37 49 29 73 1871
  15 : 242 198 110 107 33 33 27 18 9 37 40 20 28 75 1877
  16 : 242 198 110 106 30 35 25 17 8 35 37 16 20 26 65 1905
  17 : 242 196 109 107 31 33 25 16 8 35 37 13 15 15 31 66 1916
  18 : 242 196 109 107 30 34 25 16 7 34 36 12 14 13 23 28 58 1928
  19 : 242 196 109 104 30 35 25 16 8 33 32 10 15 10 17 14 28 86 1921
  20 : 242 196 109 104 30 34 24 16 7 33 32 10 14 9 12 6 18 40 90 1919
  21 : 242 196 109 104 30 34 23 16 6 31 32 8 12 5 5 3 6 21 34 77 1971
  22 : 242 196 109 104 30 33 21 16 6 30 31 7 7 3 5 2 3 11 10 32 64 2028
  23 : 242 196 109 104 30 32 21 16 6 30 31 8 7 3 3 2 1 7 12 21 28 74 2011
  24 : 237 200 108 94 41 32 21 16 6 30 31 7 7 3 1 2 1 6 9 20 17 29 57 2023
  25 : 236 197 107 94 40 32 22 16 6 30 31 7 6 2 2 2 1 5 8 10 16 21 34 69 2005
  26 : 235 198 107 94 40 32 21 16 7 30 31 7 6 2 2 2 1 4 9 10 11 19 21 33 72 1997
  27 : 235 198 105 94 38 32 21 16 7 30 31 7 6 2 2 2 1 3 8 10 11 18 17 14 32 116 1957
  28 : 235 198 105 92 39 32 22 16 6 30 30 7 6 1 1 2 1 3 7 8 5 18 15 9 17 34 56 2032
  29 : 235 198 105 92 39 32 22 16 6 30 30 7 6 1 1 2 1 2 5 9 5 17 13 5 19 28 28 78 2004
  30 : 235 198 105 92 39 30 21 16 7 30 30 7 6 1 1 2 1 2 2 9 4 10 17 4 13 25 21 40 57 2023
  31 : 235 198 104 90 37 29 19 16 7 29 32 7 6 1 1 2 1 2 2 8 3 5 6 4 14 18 12 17 29 61 2058
  32 : 235 198 104 90 37 29 19 16 7 29 32 7 6 1 1 2 1 2 2 8 3 4 4 5 10 17 7 14 17 20 58 2073
  33 : 234 198 105 90 37 29 19 16 7 29 31 7 5 1 1 2 1 2 2 7 3 4 4 5 9 15 5 15 14 15 34 65 2050
  34 : 234 197 105 90 37 24 17 16 8 29 20 0 27 1 1 2 1 2 3 7 4 4 4 5 10 15 4 15 14 14 33 55 2074 0
num_solve_calls = 327426
num_solve_sat_calls = 74237
num_solve_unsat_calls = 3807
num_solve_approx_calls = 244686
num_solve_approx_unsat_calls = 175413
num_solve_conflicts = 1442921
num_solve_decisions = 10901335
num_solve_propagations = 474854113
avg_solve_conflicts = 5
avg_solve_decisions = 34
avg_solve_propagations = 1451
avg_solve_unsat_decisions = 7.848
stddev_solve_unsat_decisions = 43.473
num_added_cubes = 65522
num_subsumed_cubes = 62450
num_gc_frame = 370
num_reset = 38
num_try_blocking = 158949
get_bad_cube_time = 96.122
rec_block_cube_time = 27.852
propagate_forward_time = 58.783
generalize_model_time = 5.809
generalize_and_push_time = 24.654
try_blocking_time = 82.162
reset_time = 1.337
clausify_time = 0.884
preprocess_time = 1.035
solve_time = 177.230
solve_sat_time = 120.031
solve_unsat_time = 57.199
prove_time = 184.047
memory_used_mb = 14
total_time = 184.093
Safe
