initialized model with 372 latches, 38 inputs and 1 properties
tsim: performed 20 steps
tsim: found cycle from 18
checking bound 0
checking bound 1
checking bound 2
tdecomp: unrolling 2 cycles
tsim: performed 18 steps
tsim: found cycle from 16
tsim: found 1 constants and 0 latch equivalences
tdecomp: (372, 152) -> (371, 49)
   2 : 68 85
   3 : 61 45 97
 ... : 60 51 264
 ... : 66 76 344
 ... : 69 97 396
 ... : 74 111 506
 ... : 76 121 655
   4 : 73 106 461 216
 ... : 74 106 471 352
 ... : 74 107 484 469
 ... : 74 107 511 580
 ... : 79 114 540 630
   5 : 79 106 406 515 297
 ... : 79 106 406 537 437
 ... : 80 107 411 560 563
 ... : 78 106 415 605 615
 ... : 78 107 425 640 710
 ... : 78 107 428 682 778
 ... : 78 107 430 719 857
   6 : 78 107 392 583 674 340
 ... : 78 111 398 600 697 377
 ... : 78 111 400 619 740 423
 ... : 78 111 410 638 799 450
 ... : 78 111 411 647 846 513
 ... : 78 111 414 662 872 552
 ... : 78 111 416 675 911 603
 ... : 78 114 441 716 939 627
 ... : 78 117 461 759 990 630
 ... : 78 117 463 779 1041 670
 ... : 78 117 467 794 1091 719
 ... : 78 117 468 824 1142 766
 ... : 79 117 468 824 1163 857
 ... : 78 118 479 844 1191 885
 ... : 78 118 477 850 1228 943
 ... : 78 118 478 860 1273 992
 ... : 78 117 483 874 1310 1029
 ... : 78 118 489 880 1353 1078
 ... : 76 119 494 899 1369 1096
 ... : 76 119 494 900 1403 1178
 ... : 76 119 494 918 1452 1221
 ... : 76 120 499 934 1497 1272
 ... : 76 120 506 944 1532 1318
 ... : 76 120 506 948 1575 1374
 ... : 76 120 506 949 1594 1493
 ... : 76 122 511 960 1637 1550
 ... : 76 120 504 973 1686 1567
 ... : 76 120 502 978 1713 1643
 ... : 76 120 502 985 1748 1732
 ... : 76 120 502 984 1780 1793
   7 : 75 118 405 793 1226 1600 724
 ... : 75 118 405 796 1247 1629 775
 ... : 75 118 405 796 1254 1665 825
 ... : 75 118 405 799 1273 1701 870
 ... : 75 118 405 799 1281 1732 955
 ... : 75 118 407 819 1314 1749 979
 ... : 75 118 405 833 1344 1783 982
 ... : 75 118 405 831 1336 1829 1017
 ... : 75 118 405 831 1350 1886 1072
 ... : 75 118 405 827 1356 1930 1115
 ... : 75 117 402 827 1364 1962 1181
 ... : 76 121 410 823 1399 1966 1183
 ... : 76 121 410 823 1399 2009 1208
 ... : 76 121 409 821 1402 2049 1264
 ... : 76 121 409 822 1403 2066 1395
 ... : 76 121 410 826 1425 2110 1410
 ... : 76 121 411 834 1444 2157 1434
 ... : 76 121 411 839 1470 2206 1472
 ... : 76 121 411 845 1498 2252 1508
 ... : 76 121 411 847 1517 2302 1562
 ... : 76 121 411 856 1533 2333 1623
 ... : 76 121 414 863 1585 2388 1629
 ... : 76 121 414 863 1601 2441 1680
 ... : 76 121 414 864 1623 2496 1720
 ... : 76 121 414 865 1649 2550 1755
 ... : 76 121 414 865 1679 2594 1798
 ... : 76 121 414 865 1693 2622 1823
 ... : 76 121 413 864 1708 2653 1865
 ... : 76 121 413 871 1723 2693 1902
 ... : 76 121 413 887 1752 2716 1902
 ... : 76 121 413 894 1773 2748 1940
 ... : 76 121 413 896 1782 2775 1998
 ... : 76 121 413 897 1805 2826 2048
 ... : 76 121 413 899 1824 2880 2103
 ... : 76 121 413 905 1841 2927 2152
 ... : 76 121 413 906 1860 2968 2196
 ... : 76 121 416 914 1876 2993 2234
 ... : 76 121 416 910 1890 3037 2260
 ... : 76 121 416 910 1899 3090 2314
 ... : 76 121 416 910 1904 3143 2370
 ... : 76 121 416 912 1918 3183 2430
 ... : 76 121 417 911 1924 3234 2473
 ... : 76 121 421 917 1936 3274 2524
 ... : 75 121 423 898 1926 3281 2556
 ... : 75 121 422 877 1923 3291 2588
 ... : 75 121 422 877 1924 3283 2651
 ... : 75 121 422 877 1944 3316 2694
 ... : 76 123 426 883 1954 3341 2748
 ... : 76 123 424 890 1964 3371 2797
 ... : 76 123 424 887 1968 3387 2863
 ... : 76 123 424 888 1977 3422 2922
 ... : 76 123 424 890 1973 3456 2966
   8 : 76 122 392 693 1439 2694 2860 765
 ... : 76 122 392 696 1447 2704 2891 834
 ... : 76 122 392 696 1447 2708 2926 944
 ... : 76 122 392 696 1447 2717 2977 1004
 ... : 76 122 392 696 1447 2724 3038 1056
 ... : 76 122 392 696 1447 2724 3097 1114
 ... : 76 122 392 695 1447 2727 3149 1167
 ... : 76 122 392 696 1446 2732 3178 1208
 ... : 76 122 392 696 1447 2739 3229 1267
 ... : 76 122 393 698 1457 2750 3243 1299
 ... : 76 121 398 708 1473 2779 3259 1302
 ... : 76 121 398 708 1468 2759 3274 1307
 ... : 77 124 419 732 1497 2760 3275 1309
 ... : 77 124 415 721 1495 2782 3295 1309
 ... : 77 128 416 722 1503 2802 3324 1309
 ... : 77 128 417 725 1514 2841 3357 1315
 ... : 77 128 417 724 1526 2886 3394 1320
 ... : 77 128 417 724 1537 2924 3439 1325
 ... : 77 128 417 724 1538 2938 3499 1367
 ... : 77 128 417 725 1550 2972 3533 1389
 ... : 77 128 417 725 1554 2999 3587 1411
 ... : 77 128 417 725 1560 3021 3643 1450
 ... : 77 128 417 723 1567 3034 3689 1494
 ... : 77 128 417 723 1569 3041 3712 1562
 ... : 77 128 417 723 1569 3050 3772 1615
 ... : 77 128 417 723 1569 3059 3837 1657
 ... : 77 128 417 723 1567 3066 3886 1704
 ... : 77 128 417 723 1568 3075 3938 1756
 ... : 77 128 417 723 1568 3076 3987 1816
 ... : 77 128 417 723 1567 3092 4048 1861
 ... : 77 128 417 723 1567 3105 4108 1921
 ... : 77 128 417 723 1567 3113 4148 1974
 ... : 77 128 417 723 1566 3124 4203 2023
 ... : 77 128 417 723 1565 3126 4249 2075
 ... : 77 128 417 723 1565 3140 4307 2120
 ... : 77 128 417 724 1570 3147 4351 2174
 ... : 77 128 417 724 1571 3161 4403 2215
 ... : 77 128 417 725 1572 3175 4455 2266
 ... : 77 128 417 725 1574 3183 4504 2314
 ... : 77 128 417 725 1574 3182 4540 2384
 ... : 77 128 416 724 1572 3185 4557 2443
 ... : 77 128 416 722 1572 3190 4582 2477
 ... : 77 128 416 723 1577 3224 4630 2497
 ... : 77 128 416 722 1579 3240 4676 2540
 ... : 77 128 416 722 1579 3240 4735 2594
 ... : 77 128 416 723 1578 3243 4778 2659
 ... : 77 128 416 723 1575 3231 4813 2681
 ... : 77 128 415 719 1553 3182 4789 2729
 ... : 77 128 407 714 1530 3126 4782 2731
 ... : 77 128 403 703 1511 3090 4691 2704
 ... : 77 128 405 709 1513 3052 4535 2633
 ... : 77 128 409 703 1514 3062 4567 2637
 ... : 77 128 408 700 1502 3047 4552 2667
 ... : 77 128 407 704 1507 3068 4589 2667
 ... : 77 128 406 701 1520 3090 4617 2668
 ... : 77 128 406 701 1509 3027 4586 2700
 ... : 77 128 406 698 1488 3012 4482 2735
 ... : 77 128 406 698 1485 3016 4533 2790
 ... : 77 128 406 698 1481 3010 4563 2833
 ... : 77 128 406 698 1481 3019 4607 2867
 ... : 77 128 406 696 1479 3017 4619 2919
 ... : 77 128 406 696 1477 3022 4625 2927
 ... : 77 128 406 696 1486 3042 4638 2939
 ... : 77 128 406 695 1480 3024 4598 2938
 ... : 77 129 411 700 1479 3024 4594 2967
 ... : 77 129 411 700 1474 2999 4582 2985
 ... : 77 129 411 700 1473 3002 4610 3040
 ... : 77 129 411 700 1473 3003 4646 3112
 ... : 77 129 411 700 1476 3017 4677 3172
 ... : 77 129 411 700 1476 3019 4713 3243
 ... : 77 129 411 700 1477 3024 4739 3317
 ... : 77 129 411 702 1479 3023 4753 3369
 ... : 77 129 411 702 1482 3038 4789 3421
 ... : 77 129 411 701 1483 3045 4813 3462
 ... : 77 129 411 701 1480 3051 4828 3522
 ... : 77 129 411 701 1483 3053 4834 3585
 ... : 77 131 415 712 1495 3077 4851 3591
   9 : 77 131 381 589 1066 1713 3171 3562 1000
 ... : 77 131 381 589 1058 1709 3174 3577 1062
 ... : 77 131 381 589 1058 1712 3188 3613 1129
 ... : 77 131 382 595 1080 1754 3204 3616 1130
 ... : 77 131 383 596 1084 1769 3257 3641 1134
 ... : 77 132 384 597 1086 1767 3264 3710 1158
 ... : 77 132 386 599 1090 1780 3287 3722 1162
 ... : 77 132 386 599 1090 1778 3294 3762 1211
 ... : 77 132 386 599 1090 1778 3299 3813 1268
 ... : 77 132 386 599 1087 1775 3293 3848 1332
 ... : 77 132 386 599 1087 1776 3301 3887 1386
 ... : 77 132 386 599 1087 1776 3327 3905 1430
 ... : 77 132 384 584 1086 1794 3344 3905 1442
 ... : 77 132 384 585 1089 1808 3386 3939 1444
 ... : 77 132 384 584 1087 1810 3395 3987 1461
 ... : 77 132 384 584 1087 1809 3396 4040 1516
 ... : 77 132 384 584 1087 1808 3397 4086 1571
 ... : 77 132 384 584 1087 1805 3397 4120 1642
 ... : 77 133 388 601 1111 1830 3409 4127 1655
 ... : 77 132 386 602 1121 1849 3420 4136 1657
 ... : 77 132 386 606 1127 1867 3462 4149 1657
 ... : 77 131 379 574 1079 1814 3438 4184 1660
 ... : 77 131 379 574 1077 1810 3433 4211 1709
 ... : 77 131 379 574 1077 1810 3433 4218 1833
 ... : 77 131 379 574 1077 1810 3441 4244 1946
 ... : 77 131 379 575 1077 1821 3452 4298 1951
 ... : 77 131 379 575 1077 1821 3449 4355 2013
 ... : 77 131 379 575 1077 1820 3449 4416 2076
 ... : 77 131 379 575 1077 1821 3456 4466 2130
 ... : 77 131 378 576 1078 1821 3463 4487 2142
 ... : 77 130 380 571 1078 1824 3479 4487 2144
 ... : 77 130 379 571 1078 1828 3488 4518 2182
 ... : 77 130 379 571 1078 1827 3505 4560 2211
 ... : 77 130 379 571 1078 1826 3508 4598 2263
 ... : 77 130 379 571 1078 1824 3500 4618 2321
 ... : 77 130 379 571 1077 1824 3496 4653 2392
 ... : 77 130 379 571 1077 1823 3488 4655 2497
 ... : 77 130 379 571 1077 1823 3488 4672 2576
 ... : 77 130 379 571 1075 1823 3484 4703 2652
 ... : 77 130 379 571 1072 1819 3468 4719 2707
 ... : 77 130 379 571 1072 1819 3464 4729 2798
  10 : 77 130 372 543 895 1367 2464 4010 2445 1198
 ... : 77 130 372 543 895 1367 2464 4013 2468 1289
 ... : 77 130 372 543 895 1367 2464 4010 2529 1340
 ... : 77 130 372 543 895 1367 2463 4016 2585 1388
 ... : 77 130 372 543 895 1367 2463 4018 2642 1453
 ... : 77 130 372 543 895 1367 2463 4033 2691 1480
 ... : 77 130 372 543 895 1367 2462 4036 2733 1547
 ... : 77 130 372 543 895 1367 2462 4039 2783 1625
 ... : 77 130 372 543 895 1367 2461 4046 2835 1671
 ... : 77 130 372 543 895 1367 2461 4053 2880 1703
 ... : 77 130 372 543 895 1367 2464 4061 2942 1747
 ... : 77 130 372 543 895 1367 2461 4056 3002 1808
 ... : 77 130 372 543 895 1367 2461 4059 3050 1878
 ... : 77 130 372 543 895 1367 2461 4059 3100 1932
 ... : 77 130 372 543 895 1367 2460 4063 3164 1979
 ... : 77 130 372 543 895 1367 2460 4064 3223 2048
 ... : 77 130 372 543 895 1367 2460 4064 3283 2098
 ... : 77 130 372 543 895 1367 2460 4063 3334 2161
 ... : 77 130 372 543 895 1367 2464 4091 3396 2181
 ... : 77 130 372 544 896 1367 2462 4081 3435 2218
 ... : 77 130 372 544 894 1366 2450 4073 3470 2273
 ... : 77 130 372 544 894 1366 2450 4072 3510 2343
 ... : 77 130 372 544 894 1366 2448 4067 3546 2403
 ... : 77 130 372 544 894 1366 2448 4052 3571 2452
 ... : 77 130 372 544 894 1366 2447 4043 3631 2507
 ... : 77 130 372 544 894 1366 2447 4043 3670 2587
 ... : 77 130 372 544 894 1366 2447 4042 3709 2685
 ... : 77 130 372 544 894 1366 2447 4043 3760 2743
 ... : 77 130 372 544 894 1366 2447 4047 3807 2809
 ... : 77 130 372 544 894 1366 2448 4050 3854 2876
 ... : 77 130 372 544 894 1366 2448 4053 3901 2949
 ... : 77 130 372 544 894 1366 2448 4053 3942 3018
 ... : 77 130 372 544 894 1366 2447 4025 3961 3092
 ... : 77 130 372 544 894 1366 2447 4026 4009 3173
 ... : 77 130 372 544 894 1366 2447 4027 4049 3250
 ... : 77 130 372 544 894 1366 2447 4034 4098 3308
 ... : 77 130 372 544 894 1366 2448 4031 4146 3365
 ... : 77 130 372 544 894 1366 2448 4030 4183 3409
  11 : 76 131 372 532 883 1329 2170 3385 4079 2557 1342
 ... : 76 131 371 542 902 1355 2191 3388 4082 2566 1350
 ... : 76 131 371 543 918 1394 2236 3392 4082 2566 1350
 ... : 76 131 371 548 937 1438 2283 3395 4082 2566 1350
 ... : 76 131 371 555 969 1463 2312 3399 4083 2566 1350
 ... : 76 131 371 556 981 1503 2367 3406 4083 2566 1350
 ... : 76 131 371 556 981 1512 2412 3459 4085 2566 1351
 ... : 76 131 371 556 988 1527 2460 3507 4085 2566 1351
 ... : 76 131 371 556 990 1545 2510 3558 4085 2566 1351
 ... : 76 131 371 556 994 1557 2524 3609 4088 2566 1351
 ... : 76 131 371 556 994 1556 2519 3688 4089 2566 1351
 ... : 76 131 371 556 993 1549 2521 3733 4116 2570 1352
 ... : 76 131 371 556 994 1552 2537 3789 4159 2570 1355
 ... : 76 131 373 562 1001 1549 2530 3825 4201 2572 1355
 ... : 76 134 380 575 1023 1565 2532 3825 4201 2572 1355
 ... : 76 134 379 575 1017 1548 2530 3843 4205 2572 1357
 ... : 76 134 379 574 1014 1548 2530 3853 4255 2572 1358
 ... : 76 134 379 574 1015 1547 2528 3865 4295 2573 1360
 ... : 76 134 379 574 1015 1546 2520 3875 4346 2573 1360
 ... : 76 134 379 574 1015 1544 2515 3873 4393 2580 1360
 ... : 76 134 378 571 1021 1559 2528 3874 4419 2585 1360
 ... : 76 134 377 571 1020 1555 2520 3841 4447 2589 1361
 ... : 76 134 377 571 1020 1555 2516 3834 4497 2636 1368
 ... : 76 134 378 573 1021 1557 2523 3846 4531 2665 1368
 ... : 76 134 378 573 1021 1549 2520 3842 4564 2736 1368
 ... : 76 134 378 573 1021 1549 2520 3846 4567 2800 1373
 ... : 76 134 378 573 1021 1549 2520 3846 4572 2861 1380
 ... : 76 134 378 573 1021 1549 2519 3847 4574 2902 1389
 ... : 76 134 378 573 1021 1549 2519 3847 4597 2944 1430
 ... : 76 134 378 573 1021 1549 2519 3846 4598 2998 1491
 ... : 76 134 378 573 1021 1549 2519 3846 4598 3052 1552
 ... : 76 134 378 573 1021 1549 2519 3849 4604 3100 1602
 ... : 76 134 378 573 1021 1549 2519 3850 4606 3149 1673
 ... : 76 134 378 573 1021 1549 2519 3855 4622 3188 1715
 ... : 76 134 378 573 1021 1549 2519 3856 4626 3209 1754
 ... : 76 134 378 573 1021 1549 2519 3856 4629 3230 1838
 ... : 76 134 378 573 1021 1549 2519 3856 4635 3283 1896
 ... : 76 134 378 573 1021 1549 2519 3856 4641 3317 1964
 ... : 76 134 378 573 1021 1549 2519 3855 4643 3337 2014
 ... : 76 134 378 573 1021 1549 2519 3855 4654 3398 2067
 ... : 76 134 378 573 1021 1549 2519 3855 4646 3423 2121
 ... : 76 134 378 573 1021 1549 2519 3855 4651 3476 2177
 ... : 76 134 378 573 1021 1549 2519 3854 4648 3470 2250
 ... : 76 134 378 573 1021 1549 2517 3851 4663 3515 2289
 ... : 76 134 378 573 1021 1549 2517 3858 4685 3555 2325
 ... : 76 134 378 573 1021 1549 2517 3863 4707 3590 2371
 ... : 76 134 378 573 1021 1549 2517 3863 4718 3628 2430
 ... : 76 134 378 573 1021 1549 2517 3865 4722 3667 2472
 ... : 76 134 378 573 1021 1549 2517 3865 4722 3695 2531
 ... : 76 134 378 573 1021 1549 2517 3865 4727 3759 2577
 ... : 76 134 378 573 1021 1548 2520 3869 4752 3780 2598
 ... : 76 134 378 573 1021 1548 2520 3869 4758 3820 2650
 ... : 76 134 378 573 1021 1548 2520 3869 4758 3861 2714
 ... : 76 134 378 573 1021 1548 2520 3870 4770 3921 2764
 ... : 76 134 378 573 1021 1548 2520 3870 4772 3979 2828
 ... : 76 134 378 573 1021 1548 2520 3870 4780 4040 2883
 ... : 76 134 378 573 1021 1548 2520 3870 4784 4097 2945
 ... : 76 134 378 573 1021 1548 2520 3871 4796 4145 2999
 ... : 76 134 378 573 1021 1548 2520 3873 4813 4186 3024
 ... : 76 134 378 573 1021 1548 2520 3874 4807 4238 3061
 ... : 76 134 378 573 1021 1548 2522 3876 4817 4277 3099
 ... : 76 134 378 573 1021 1548 2521 3885 4824 4297 3144
 ... : 76 134 378 573 1021 1548 2522 3893 4838 4323 3155
 ... : 76 134 378 573 1021 1548 2521 3896 4838 4322 3198
 ... : 76 134 378 573 1021 1548 2521 3895 4841 4380 3247
 ... : 76 134 378 573 1021 1548 2521 3895 4844 4433 3287
 ... : 76 134 378 573 1021 1548 2521 3892 4853 4456 3319
 ... : 76 134 378 573 1021 1548 2520 3894 4839 4486 3365
 ... : 76 134 378 573 1021 1548 2520 3894 4842 4528 3419
 ... : 76 134 378 573 1021 1548 2520 3894 4831 4560 3464
 ... : 76 134 378 573 1021 1548 2520 3894 4814 4525 3521
 ... : 76 134 378 573 1021 1548 2520 3894 4819 4576 3590
 ... : 76 134 378 573 1021 1548 2520 3894 4824 4631 3645
 ... : 76 134 378 573 1021 1548 2520 3894 4830 4688 3688
 ... : 76 134 378 573 1021 1548 2518 3894 4810 4735 3757
 ... : 76 134 378 573 1021 1548 2516 3888 4814 4778 3803
 ... : 76 134 378 573 1021 1548 2516 3894 4843 4823 3829
 ... : 76 134 378 573 1021 1548 2516 3894 4847 4842 3896
 ... : 76 134 378 573 1021 1548 2516 3893 4857 4884 3946
 ... : 76 134 378 573 1021 1548 2516 3892 4848 4890 3965
 ... : 76 134 378 573 1021 1548 2516 3891 4840 4900 4007
 ... : 76 134 378 573 1021 1548 2516 3891 4837 4937 4039
 ... : 76 134 378 573 1021 1548 2516 3891 4831 4975 4092
 ... : 76 134 378 573 1021 1548 2516 3890 4835 5012 4146
 ... : 76 134 378 573 1021 1548 2516 3888 4836 5062 4187
 ... : 76 134 378 573 1021 1548 2516 3888 4836 5111 4252
 ... : 76 134 378 573 1021 1548 2516 3888 4832 5157 4302
 ... : 76 134 378 573 1021 1548 2516 3885 4815 5204 4359
 ... : 76 134 378 573 1021 1548 2516 3885 4814 5254 4420
 ... : 76 134 378 573 1021 1548 2516 3885 4814 5294 4478
 ... : 76 134 378 573 1021 1548 2516 3886 4818 5322 4530
 ... : 76 134 378 573 1021 1548 2516 3885 4838 5360 4564
 ... : 76 134 378 573 1021 1548 2516 3885 4849 5412 4611
 ... : 76 134 378 573 1021 1548 2516 3885 4859 5441 4666
 ... : 76 134 378 573 1021 1548 2516 3883 4861 5485 4730
 ... : 76 134 378 573 1021 1548 2516 3883 4865 5524 4776
 ... : 76 134 378 573 1021 1548 2516 3883 4873 5577 4832
 ... : 76 134 378 573 1021 1548 2516 3883 4877 5626 4886
 ... : 76 134 378 573 1021 1548 2516 3883 4880 5679 4943
 ... : 76 134 378 573 1021 1548 2516 3882 4883 5729 5008
 ... : 76 134 378 573 1021 1548 2516 3882 4881 5751 5102
 ... : 76 134 378 573 1021 1548 2516 3882 4887 5791 5157
 ... : 76 134 378 573 1021 1548 2516 3877 4873 5803 5240
 ... : 76 134 378 573 1021 1548 2517 3873 4866 5842 5307
 ... : 76 134 378 573 1021 1548 2517 3871 4862 5864 5398
 ... : 76 134 378 573 1021 1548 2517 3871 4854 5896 5464
 ... : 76 134 378 573 1021 1548 2517 3870 4852 5931 5511
 ... : 76 134 378 573 1021 1548 2517 3868 4855 5966 5538
 ... : 76 134 378 573 1021 1548 2517 3864 4842 5960 5591
  12 : 76 129 344 533 985 1407 2256 3365 3479 4535 4575 2311
 ... : 76 129 344 533 985 1407 2256 3365 3480 4549 4630 2353
 ... : 76 129 344 533 985 1407 2256 3365 3480 4554 4692 2404
 ... : 76 129 344 533 985 1407 2256 3365 3480 4565 4750 2457
 ... : 76 129 344 533 985 1407 2256 3365 3480 4579 4805 2510
 ... : 76 129 344 533 985 1407 2256 3365 3480 4585 4862 2569
 ... : 76 129 344 533 985 1407 2256 3365 3480 4591 4913 2625
 ... : 76 129 344 533 985 1407 2256 3365 3480 4593 4964 2680
 ... : 76 129 344 533 985 1407 2256 3365 3484 4626 5005 2713
 ... : 76 129 344 533 985 1407 2256 3365 3497 4682 5055 2715
 ... : 76 129 344 533 985 1407 2256 3365 3508 4741 5106 2715
 ... : 76 129 344 533 985 1407 2256 3365 3514 4797 5157 2716
 ... : 76 129 344 533 985 1407 2256 3366 3518 4828 5216 2729
 ... : 76 129 344 533 985 1407 2256 3366 3521 4836 5264 2779
 ... : 76 129 344 533 985 1407 2256 3366 3521 4835 5314 2840
 ... : 76 129 344 533 985 1407 2256 3365 3521 4842 5359 2889
 ... : 76 129 344 533 985 1407 2256 3365 3521 4851 5410 2947
 ... : 76 129 344 533 985 1407 2256 3366 3524 4850 5453 2988
 ... : 76 129 344 533 985 1407 2256 3366 3523 4853 5502 3039
 ... : 76 129 344 533 985 1407 2256 3366 3525 4867 5559 3089
 ... : 76 129 344 533 985 1407 2256 3366 3525 4875 5614 3137
 ... : 76 129 344 533 985 1407 2256 3366 3525 4879 5661 3190
 ... : 76 129 344 533 985 1407 2256 3366 3525 4880 5696 3240
 ... : 76 129 344 533 985 1407 2256 3366 3524 4880 5744 3300
 ... : 76 129 344 533 985 1407 2256 3366 3522 4872 5771 3346
 ... : 76 129 344 533 985 1406 2256 3367 3524 4884 5830 3381
 ... : 76 129 344 533 985 1406 2256 3367 3530 4923 5877 3398
 ... : 76 129 344 533 985 1406 2256 3367 3532 4939 5917 3448
 ... : 76 129 344 533 985 1406 2256 3367 3533 4955 5961 3499
 ... : 76 129 344 533 985 1406 2256 3367 3533 4970 6024 3548
 ... : 76 129 344 533 985 1406 2256 3367 3535 4986 6076 3589
 ... : 76 129 344 533 985 1406 2256 3367 3536 4996 6133 3644
 ... : 76 129 344 533 985 1406 2256 3367 3536 4999 6187 3706
 ... : 76 129 344 533 985 1406 2256 3367 3536 5002 6244 3769
 ... : 76 129 344 533 985 1406 2256 3367 3536 5006 6294 3836
 ... : 76 129 344 533 985 1406 2256 3367 3536 5022 6351 3886
 ... : 76 129 344 533 985 1406 2256 3368 3530 5007 6367 3923
 ... : 76 129 344 533 985 1406 2256 3368 3529 5005 6410 3979
 ... : 76 129 344 533 985 1406 2256 3368 3529 4990 6409 4032
 ... : 76 129 344 533 985 1406 2256 3368 3526 4982 6435 4093
 ... : 76 129 344 533 985 1406 2256 3368 3526 4977 6436 4165
 ... : 76 129 344 533 985 1406 2256 3368 3526 4972 6439 4224
 ... : 76 129 344 533 985 1406 2256 3368 3526 4978 6488 4282
 ... : 76 129 344 533 985 1406 2256 3368 3526 4978 6548 4347
 ... : 76 129 344 533 985 1406 2256 3368 3526 4986 6609 4402
 ... : 76 129 344 533 985 1406 2256 3368 3526 4990 6670 4465
 ... : 76 129 344 533 985 1406 2256 3368 3526 4996 6725 4526
 ... : 76 129 344 533 985 1406 2256 3368 3526 4999 6784 4594
 ... : 76 129 344 533 985 1406 2256 3368 3526 5002 6840 4663
 ... : 76 129 344 533 985 1406 2256 3369 3528 5024 6892 4696
 ... : 76 129 344 533 985 1406 2256 3369 3528 5028 6950 4754
 ... : 76 129 344 533 985 1406 2256 3369 3528 5036 7011 4810
 ... : 76 129 344 533 985 1406 2256 3369 3528 5042 7060 4887
 ... : 76 129 344 533 985 1406 2256 3369 3528 5042 7085 4945
 ... : 76 129 344 533 985 1406 2256 3369 3535 5086 7134 4953
 ... : 76 129 344 533 985 1406 2256 3369 3535 5092 7186 5007
 ... : 76 129 344 533 985 1406 2256 3369 3536 5094 7205 5060
 ... : 76 129 344 533 985 1406 2256 3369 3549 5142 7250 5066
 ... : 76 129 344 533 985 1406 2256 3369 3559 5194 7311 5069
 ... : 76 129 344 533 985 1406 2256 3369 3558 5195 7358 5124
 ... : 76 129 344 533 985 1406 2256 3369 3558 5202 7404 5180
 ... : 76 129 344 533 985 1406 2256 3369 3558 5207 7457 5229
 ... : 76 129 344 533 985 1406 2256 3369 3558 5226 7494 5270
 ... : 76 129 344 533 985 1406 2256 3369 3556 5222 7523 5334
 ... : 76 129 344 533 985 1406 2256 3368 3556 5223 7584 5400
 ... : 76 129 344 533 985 1406 2256 3368 3556 5228 7623 5461
 ... : 76 129 344 533 985 1406 2256 3368 3556 5232 7660 5538
 ... : 76 129 344 533 985 1406 2256 3368 3556 5241 7711 5574
 ... : 76 129 344 533 985 1406 2256 3368 3556 5243 7731 5632
 ... : 76 129 344 533 985 1406 2256 3368 3554 5240 7758 5712
 ... : 76 129 344 533 985 1406 2256 3368 3554 5255 7804 5755
 ... : 76 129 344 533 985 1406 2256 3368 3554 5253 7862 5801
 ... : 76 129 344 533 985 1406 2256 3368 3551 5240 7905 5862
 ... : 76 129 344 533 985 1406 2256 3368 3547 5267 7935 5888
 ... : 76 129 344 533 985 1406 2256 3368 3549 5284 7985 5930
 ... : 76 129 344 533 985 1406 2256 3368 3551 5298 8037 5982
 ... : 76 129 344 533 985 1406 2256 3368 3551 5304 8073 6034
 ... : 76 129 344 533 985 1406 2256 3368 3551 5304 8096 6111
 ... : 76 129 344 533 985 1406 2256 3368 3549 5297 8125 6186
 ... : 76 129 344 533 985 1406 2256 3368 3548 5313 8156 6235
 ... : 76 129 344 533 985 1406 2258 3373 3559 5329 8197 6257
 ... : 76 129 344 533 985 1405 2257 3374 3557 5344 8241 6310
 ... : 76 129 344 533 985 1405 2257 3374 3555 5307 8177 6342
 ... : 76 129 344 533 985 1405 2257 3374 3553 5294 8189 6397
 ... : 76 129 344 533 985 1405 2257 3374 3551 5292 8202 6435
  13 : 75 129 342 534 974 1398 2257 3339 3369 3934 6294 5354 2785
 ... : 75 129 342 534 974 1398 2257 3339 3369 3934 6296 5412 2839
 ... : 75 129 342 534 974 1398 2257 3339 3369 3934 6304 5469 2891
 ... : 75 129 342 534 974 1398 2257 3339 3369 3934 6308 5532 2952
 ... : 75 129 342 534 974 1398 2257 3339 3369 3934 6308 5589 3022
 ... : 75 129 342 534 974 1398 2257 3339 3369 3933 6316 5649 3070
 ... : 75 129 342 534 974 1398 2257 3339 3369 3933 6316 5715 3135
 ... : 75 129 342 534 974 1398 2257 3339 3369 3933 6317 5776 3193
 ... : 75 129 342 534 974 1398 2257 3339 3369 3933 6324 5831 3251
 ... : 75 129 342 534 974 1398 2257 3339 3369 3933 6323 5893 3314
 ... : 75 129 342 534 974 1398 2257 3339 3369 3933 6325 5949 3375
 ... : 75 129 342 534 974 1398 2257 3339 3369 3933 6329 6011 3425
 ... : 75 129 342 534 974 1398 2257 3339 3369 3933 6331 6044 3474
 ... : 75 129 342 534 974 1398 2257 3339 3369 3933 6336 6100 3533
 ... : 75 129 342 534 974 1398 2257 3339 3369 3933 6341 6160 3595
 ... : 75 129 342 534 974 1398 2257 3339 3369 3933 6344 6216 3662
 ... : 75 129 342 534 974 1398 2257 3343 3378 3953 6375 6238 3674
 ... : 75 129 342 537 980 1402 2266 3355 3397 3956 6386 6254 3689
 ... : 75 129 343 536 969 1396 2297 3397 3417 3956 6386 6254 3691
 ... : 75 129 343 536 969 1396 2305 3433 3471 3964 6386 6256 3692
 ... : 75 129 343 536 970 1404 2321 3454 3508 3988 6388 6257 3696
 ... : 75 129 343 536 970 1404 2330 3483 3548 4027 6388 6257 3696
 ... : 75 129 343 537 972 1411 2348 3502 3580 4054 6388 6257 3697
 ... : 75 129 343 537 972 1411 2348 3506 3635 4116 6388 6257 3698
 ... : 75 129 343 537 974 1413 2349 3515 3689 4183 6388 6257 3698
 ... : 75 129 344 537 966 1408 2367 3544 3709 4184 6388 6257 3698
 ... : 75 129 344 537 966 1408 2369 3551 3767 4227 6388 6257 3699
 ... : 75 129 344 537 966 1408 2371 3570 3805 4275 6389 6257 3699
 ... : 75 129 344 537 966 1407 2375 3587 3861 4328 6389 6257 3699
 ... : 75 129 344 537 966 1407 2376 3595 3897 4410 6389 6257 3699
 ... : 75 129 344 537 966 1407 2375 3601 3928 4468 6402 6259 3705
 ... : 75 129 344 537 966 1407 2373 3599 3958 4493 6390 6263 3715
 ... : 75 129 344 537 966 1407 2373 3598 3960 4556 6441 6268 3722
 ... : 75 129 344 537 966 1407 2373 3598 3963 4618 6495 6275 3724
 ... : 75 129 344 537 966 1407 2373 3598 3966 4674 6562 6277 3725
 ... : 75 129 344 537 966 1407 2373 3598 3971 4730 6618 6281 3726
 ... : 75 129 344 537 966 1407 2373 3598 3973 4793 6674 6287 3727
 ... : 75 129 344 537 966 1407 2373 3598 3971 4856 6719 6288 3732
 ... : 75 129 344 537 966 1407 2377 3609 3992 4892 6755 6288 3732
 ... : 75 129 344 537 966 1407 2382 3617 4007 4929 6799 6289 3732
 ... : 75 129 344 537 966 1407 2382 3619 4014 4962 6858 6290 3734
 ... : 75 129 344 537 966 1407 2382 3619 4017 4993 6915 6291 3734
 ... : 75 129 344 537 966 1407 2382 3618 4015 4995 6980 6292 3735
 ... : 75 129 344 537 966 1407 2382 3618 4014 5000 7008 6294 3735
 ... : 75 129 344 537 966 1407 2382 3618 4018 5048 7070 6299 3737
 ... : 75 129 344 537 966 1407 2382 3618 4021 5065 7127 6326 3738
 ... : 75 129 344 537 966 1407 2382 3618 4024 5089 7183 6350 3744
 ... : 75 129 344 537 966 1407 2382 3618 4024 5112 7238 6397 3745
 ... : 75 129 344 537 966 1407 2382 3618 4025 5122 7283 6467 3745
 ... : 75 129 344 537 966 1407 2382 3618 4027 5127 7320 6508 3746
 ... : 75 129 344 537 966 1407 2382 3618 4033 5152 7357 6559 3748
 ... : 75 129 344 537 966 1407 2382 3618 4033 5170 7412 6609 3749
 ... : 75 129 344 537 966 1407 2382 3618 4033 5178 7462 6664 3751
 ... : 75 129 344 537 966 1407 2382 3621 4048 5219 7515 6674 3753
 ... : 75 129 344 537 966 1407 2382 3621 4048 5228 7544 6752 3753
 ... : 75 129 344 537 966 1407 2382 3621 4050 5234 7567 6825 3754
 ... : 75 129 344 537 966 1407 2385 3626 4063 5257 7607 6860 3754
 ... : 75 129 344 537 966 1407 2385 3628 4074 5289 7658 6884 3755
 ... : 75 129 344 537 966 1407 2385 3628 4077 5309 7705 6930 3756
 ... : 75 129 344 537 966 1407 2385 3627 4082 5335 7748 6984 3757
 ... : 75 129 344 537 966 1407 2385 3627 4082 5345 7780 7084 3757
 ... : 75 129 344 537 966 1407 2385 3627 4082 5344 7809 7161 3757
 ... : 75 129 344 537 966 1407 2385 3626 4081 5344 7804 7216 3759
 ... : 75 129 344 537 966 1407 2385 3626 4081 5344 7799 7238 3759
 ... : 75 129 344 537 966 1407 2385 3626 4081 5349 7802 7251 3759
 ... : 75 129 344 537 966 1407 2385 3628 4086 5379 7835 7283 3761
 ... : 75 129 344 537 966 1407 2385 3628 4094 5419 7887 7296 3761
 ... : 75 129 344 537 966 1407 2385 3628 4090 5457 7941 7309 3764
 ... : 75 129 344 537 966 1407 2385 3628 4091 5460 7981 7359 3766
 ... : 75 129 344 537 966 1407 2385 3628 4090 5461 8019 7405 3769
 ... : 75 129 344 537 966 1407 2385 3628 4090 5483 8041 7458 3774
 ... : 75 129 344 537 966 1407 2385 3628 4090 5483 8074 7520 3776
 ... : 75 129 344 537 966 1407 2385 3631 4087 5473 8077 7553 3778
 ... : 75 129 344 537 966 1407 2385 3629 4103 5528 8099 7553 3778
 ... : 75 129 344 537 966 1407 2385 3625 4098 5528 8151 7592 3781
 ... : 75 129 344 537 966 1407 2385 3623 4097 5503 8102 7624 3782
 ... : 75 129 344 537 966 1407 2385 3623 4097 5500 8055 7593 3817
 ... : 75 129 344 537 966 1407 2385 3623 4097 5496 8030 7532 3871
 ... : 75 129 344 537 966 1407 2385 3623 4098 5519 8072 7556 3879
 ... : 75 129 344 537 966 1407 2385 3622 4095 5520 8085 7599 3910
 ... : 75 129 344 537 966 1407 2385 3622 4095 5519 8086 7614 3974
 ... : 75 129 344 537 966 1407 2385 3622 4095 5519 8085 7637 4028
 ... : 75 129 344 537 966 1407 2385 3622 4095 5519 8088 7669 4091
 ... : 75 129 344 537 966 1407 2385 3622 4094 5519 8087 7661 4150
 ... : 75 129 344 537 966 1407 2385 3622 4094 5551 8126 7666 4167
 ... : 75 129 344 537 966 1407 2385 3622 4094 5563 8165 7730 4167
 ... : 75 129 344 537 966 1407 2385 3622 4094 5576 8213 7788 4169
 ... : 75 129 344 537 966 1407 2385 3622 4094 5582 8242 7848 4194
 ... : 75 129 344 537 966 1407 2385 3622 4094 5590 8277 7903 4209
 ... : 75 129 344 537 966 1407 2385 3622 4094 5590 8290 7965 4259
 ... : 75 129 344 537 966 1407 2385 3622 4094 5592 8300 8013 4316
 ... : 75 129 344 537 966 1407 2385 3622 4094 5592 8306 8051 4391
 ... : 75 129 344 537 966 1407 2385 3622 4094 5592 8317 8099 4462
 ... : 75 129 344 537 966 1407 2385 3622 4094 5595 8325 8135 4515
 ... : 75 129 344 537 966 1407 2385 3621 4100 5608 8345 8176 4549
 ... : 75 129 344 537 966 1407 2385 3621 4101 5617 8366 8226 4593
 ... : 75 129 344 537 966 1407 2385 3621 4101 5626 8395 8277 4614
 ... : 75 129 344 537 966 1407 2385 3621 4101 5629 8404 8324 4679
 ... : 75 129 344 537 966 1407 2385 3621 4101 5629 8415 8368 4737
 ... : 75 129 344 537 966 1407 2385 3621 4101 5638 8435 8412 4780
 ... : 75 129 344 537 966 1407 2385 3621 4101 5639 8442 8456 4847
 ... : 75 129 344 537 966 1407 2385 3621 4101 5645 8463 8493 4891
 ... : 75 129 344 537 966 1407 2385 3621 4101 5645 8453 8512 4964
 ... : 75 129 344 537 966 1407 2385 3621 4101 5650 8466 8533 5022
 ... : 75 129 344 537 966 1407 2385 3621 4101 5650 8476 8566 5089
 ... : 75 129 344 537 966 1407 2385 3621 4101 5648 8472 8617 5162
 ... : 75 129 344 537 966 1407 2385 3621 4101 5649 8479 8671 5223
 ... : 75 129 344 537 966 1407 2385 3621 4101 5649 8485 8725 5278
 ... : 75 129 344 537 966 1407 2385 3621 4101 5649 8488 8786 5336
 ... : 75 129 344 537 966 1407 2385 3621 4101 5649 8497 8849 5380
 ... : 75 129 344 537 966 1407 2385 3621 4101 5649 8498 8897 5444
 ... : 75 129 344 537 966 1407 2384 3621 4101 5651 8523 8963 5475
 ... : 75 129 344 537 966 1407 2384 3621 4101 5650 8521 9017 5546
 ... : 75 129 344 537 966 1407 2384 3621 4101 5651 8525 9077 5604
 ... : 75 129 344 537 966 1407 2384 3621 4101 5651 8533 9140 5670
 ... : 75 129 344 537 966 1407 2384 3621 4101 5651 8534 9199 5744
 ... : 75 129 344 537 966 1407 2384 3621 4101 5650 8541 9255 5803
 ... : 75 129 344 537 966 1407 2384 3621 4101 5650 8555 9312 5862
 ... : 75 129 344 537 966 1407 2384 3621 4101 5650 8564 9376 5921
 ... : 75 129 344 537 966 1407 2384 3621 4101 5650 8562 9432 5984
 ... : 75 129 344 537 966 1407 2384 3621 4101 5650 8565 9486 6047
 ... : 75 129 344 537 966 1407 2384 3621 4101 5650 8567 9543 6103
 ... : 75 129 344 537 966 1407 2384 3621 4101 5649 8578 9607 6153
 ... : 75 129 344 537 966 1407 2384 3621 4101 5649 8588 9664 6208
 ... : 75 129 344 537 966 1407 2384 3621 4101 5650 8603 9720 6256
 ... : 75 129 344 537 966 1407 2384 3621 4101 5652 8613 9784 6300
 ... : 75 129 344 537 966 1407 2384 3621 4101 5653 8619 9841 6361
 ... : 75 129 344 537 966 1407 2384 3621 4101 5655 8637 9892 6402
 ... : 75 129 344 537 966 1407 2383 3621 4101 5651 8631 9922 6465
 ... : 75 129 344 537 966 1407 2383 3621 4101 5654 8634 9980 6508
 ... : 75 129 344 537 966 1407 2383 3621 4101 5655 8642 10038 6569
 ... : 75 129 344 537 966 1407 2383 3621 4101 5653 8646 10090 6612
 ... : 75 129 344 537 966 1407 2383 3621 4101 5653 8648 10145 6676
 ... : 75 129 344 537 966 1407 2383 3621 4100 5652 8652 10199 6735
 ... : 75 129 344 537 966 1407 2383 3621 4100 5649 8653 10243 6791
 ... : 75 129 344 537 966 1407 2383 3621 4100 5649 8659 10292 6848
 ... : 75 129 344 537 966 1407 2383 3621 4100 5650 8660 10352 6913
 ... : 75 129 344 537 966 1407 2383 3621 4100 5650 8661 10406 6985
 ... : 75 129 344 537 966 1407 2383 3621 4100 5649 8654 10462 7049
 ... : 75 129 344 537 966 1407 2383 3621 4100 5647 8655 10519 7104
 ... : 75 129 344 537 966 1407 2383 3621 4100 5648 8664 10581 7157
 ... : 75 129 344 537 966 1407 2383 3621 4100 5653 8691 10640 7199
 ... : 75 129 344 537 966 1407 2383 3621 4100 5654 8710 10691 7251
 ... : 75 129 344 537 966 1407 2383 3621 4100 5654 8723 10746 7310
 ... : 75 129 344 537 966 1407 2383 3621 4100 5655 8729 10806 7354
 ... : 75 129 344 537 966 1407 2383 3621 4100 5654 8729 10859 7414
 ... : 75 129 344 537 966 1407 2383 3621 4100 5652 8736 10906 7458
 ... : 75 129 344 537 966 1407 2383 3621 4100 5652 8736 10955 7535
 ... : 75 129 344 537 966 1407 2383 3621 4100 5656 8729 10991 7598
 ... : 75 129 344 537 966 1407 2383 3621 4101 5672 8788 11030 7598
 ... : 75 129 344 537 966 1407 2383 3621 4103 5696 8838 11068 7599
 ... : 75 129 344 537 966 1407 2384 3624 4111 5709 8871 11115 7603
 ... : 75 129 344 537 966 1407 2384 3624 4116 5727 8912 11172 7603
 ... : 75 129 344 537 966 1407 2384 3624 4117 5721 8893 11212 7620
 ... : 75 129 344 537 966 1407 2384 3624 4117 5737 8933 11255 7636
 ... : 75 129 344 537 966 1407 2384 3624 4118 5744 8949 11305 7675
 ... : 75 129 344 537 966 1407 2384 3624 4118 5747 8963 11345 7749
 ... : 75 129 344 537 966 1407 2384 3624 4115 5743 8967 11403 7787
 ... : 75 129 344 537 966 1407 2384 3624 4115 5744 8974 11452 7838
 ... : 75 129 344 537 966 1407 2384 3624 4114 5734 8908 11499 7900
 ... : 75 129 344 537 966 1407 2384 3624 4114 5733 8910 11556 7961
 ... : 75 129 344 537 966 1407 2384 3624 4114 5734 8920 11613 8006
 ... : 75 129 344 537 966 1407 2384 3624 4114 5738 8933 11660 8054
 ... : 75 129 344 537 966 1407 2384 3624 4114 5742 8947 11711 8103
 ... : 75 129 344 537 966 1407 2384 3624 4114 5742 8954 11759 8160
 ... : 75 129 344 537 966 1407 2384 3624 4114 5740 8949 11814 8226
 ... : 75 129 344 537 966 1407 2384 3624 4115 5739 8937 11830 8279
 ... : 75 129 344 537 966 1407 2384 3624 4115 5752 8957 11881 8298
 ... : 75 129 344 537 966 1407 2384 3624 4115 5758 8972 11902 8323
 ... : 75 129 344 537 966 1407 2384 3624 4116 5764 8984 11928 8351
 ... : 75 129 344 537 966 1407 2384 3624 4116 5768 9009 11963 8391
 ... : 75 129 344 537 966 1407 2384 3624 4116 5773 9054 12018 8405
 ... : 75 129 344 537 966 1407 2384 3624 4116 5774 9067 12072 8450
 ... : 75 129 344 537 966 1407 2384 3624 4116 5779 9082 12119 8496
 ... : 75 129 344 537 966 1407 2384 3624 4116 5780 9088 12150 8572
 ... : 75 129 344 537 966 1407 2384 3624 4116 5781 9103 12188 8629
 ... : 75 129 344 537 966 1407 2384 3624 4117 5783 9108 12220 8696
 ... : 75 129 344 537 966 1407 2384 3624 4117 5782 9111 12256 8770
 ... : 75 129 344 537 966 1407 2384 3624 4117 5782 9099 12265 8854
 ... : 75 129 344 537 966 1407 2384 3625 4130 5808 9127 12299 8872
 ... : 75 129 344 537 966 1407 2385 3629 4138 5818 9139 12331 8881
 ... : 75 129 344 537 966 1407 2385 3628 4138 5816 9132 12345 8922
 ... : 75 129 344 537 966 1407 2385 3628 4140 5819 9126 12373 8976
 ... : 75 129 344 537 966 1407 2385 3628 4141 5820 9127 12425 9026
 ... : 75 129 344 537 966 1407 2385 3628 4142 5819 9124 12428 9115
 ... : 75 129 344 537 966 1407 2384 3628 4142 5820 9126 12446 9210
 ... : 75 129 344 537 966 1407 2384 3628 4142 5820 9127 12467 9303
 ... : 75 129 344 537 966 1407 2384 3628 4142 5820 9126 12470 9392
 ... : 75 129 344 537 966 1407 2384 3628 4142 5820 9126 12471 9446
 ... : 75 129 344 537 966 1407 2384 3628 4142 5820 9126 12471 9479
 ... : 75 129 344 537 966 1407 2384 3628 4144 5826 9137 12480 9520
 ... : 75 129 344 537 966 1407 2384 3628 4145 5834 9155 12517 9541
 ... : 75 129 344 537 966 1407 2384 3627 4146 5836 9170 12568 9579
 ... : 75 129 344 537 966 1407 2384 3627 4144 5840 9186 12623 9616
 ... : 75 129 344 537 966 1407 2384 3627 4133 5846 9200 12653 9644
 ... : 75 129 344 537 966 1407 2384 3627 4133 5848 9208 12708 9697
 ... : 75 129 344 537 966 1407 2384 3627 4133 5845 9208 12764 9769
 ... : 75 129 344 537 966 1407 2384 3627 4138 5857 9223 12792 9822
 ... : 75 129 344 537 966 1407 2384 3627 4137 5863 9264 12839 9822
 ... : 75 129 344 537 966 1407 2384 3626 4134 5861 9296 12878 9825
 ... : 75 129 344 537 966 1407 2383 3626 4134 5868 9339 12916 9826
 ... : 75 129 344 537 966 1407 2383 3626 4135 5877 9364 12951 9827
 ... : 75 129 344 537 966 1407 2383 3626 4136 5888 9414 13012 9827
 ... : 75 129 344 537 966 1407 2383 3626 4137 5908 9459 13059 9828
 ... : 75 129 344 537 966 1407 2383 3626 4137 5918 9508 13112 9828
 ... : 75 129 344 537 966 1407 2383 3626 4137 5919 9529 13169 9846
 ... : 75 129 344 537 966 1407 2383 3626 4136 5914 9519 13204 9895
 ... : 75 129 344 537 966 1407 2383 3626 4136 5912 9522 13242 9951
 ... : 75 129 344 537 966 1407 2383 3626 4136 5909 9515 13270 10002
 ... : 75 129 344 537 966 1407 2383 3626 4136 5908 9524 13310 10048
 ... : 75 129 344 537 966 1407 2383 3626 4136 5907 9525 13355 10103
 ... : 75 129 344 537 966 1407 2383 3626 4136 5907 9531 13393 10153
 ... : 75 129 344 537 966 1407 2383 3626 4136 5908 9524 13406 10211
 ... : 75 129 344 537 966 1407 2383 3626 4136 5908 9522 13418 10292
 ... : 75 129 344 537 966 1407 2383 3626 4136 5908 9514 13405 10378
 ... : 75 129 344 537 966 1407 2383 3626 4136 5907 9511 13402 10429
 ... : 75 129 344 537 966 1407 2383 3626 4137 5915 9533 13427 10455
 ... : 75 129 344 537 966 1407 2383 3626 4140 5935 9562 13458 10463
 ... : 75 129 344 537 966 1407 2383 3626 4140 5932 9558 13499 10520
 ... : 75 129 344 537 966 1407 2383 3626 4139 5941 9576 13532 10544
 ... : 75 129 344 537 966 1407 2383 3626 4135 5953 9598 13550 10575
 ... : 75 129 344 537 966 1407 2383 3626 4134 5959 9647 13598 10579
 ... : 75 129 344 537 966 1407 2383 3626 4133 5969 9671 13639 10582
 ... : 75 129 344 537 966 1407 2383 3626 4133 5989 9695 13672 10585
 ... : 75 129 344 537 966 1407 2383 3626 4133 5989 9707 13716 10626
 ... : 75 129 344 537 966 1407 2383 3626 4133 5994 9723 13755 10661
 ... : 75 129 344 537 966 1407 2383 3626 4133 5993 9723 13764 10731
 ... : 75 129 344 537 966 1407 2383 3626 4133 5994 9731 13792 10788
 ... : 75 129 344 537 966 1407 2383 3626 4133 5996 9734 13813 10848
 ... : 75 129 344 537 966 1407 2383 3626 4133 5996 9741 13830 10878
 ... : 75 129 344 537 966 1407 2383 3626 4132 6003 9796 13868 10885
 ... : 75 129 344 537 966 1407 2383 3626 4132 6010 9848 13927 10887
 ... : 75 129 344 537 966 1407 2383 3626 4132 6012 9846 13968 10936
 ... : 75 129 344 537 966 1407 2383 3626 4132 6012 9854 14003 11003
 ... : 75 129 344 537 966 1407 2383 3626 4132 6012 9856 14034 11073
 ... : 75 129 344 537 966 1407 2383 3626 4126 6033 9869 14032 11106
 ... : 75 129 344 537 966 1407 2383 3625 4124 6042 9896 14084 11109
 ... : 75 129 344 537 966 1407 2383 3625 4132 6058 9924 14128 11111
 ... : 75 129 344 537 966 1407 2383 3625 4129 6054 9925 14158 11143
 ... : 75 129 344 537 966 1407 2383 3625 4126 6053 9939 14197 11193
 ... : 75 129 344 537 966 1407 2383 3625 4125 6052 9947 14211 11230
 ... : 75 129 344 537 966 1407 2383 3625 4124 6044 9927 14170 11278
 ... : 75 129 344 537 966 1407 2383 3634 4172 6089 9927 14169 11284
 ... : 75 129 344 537 966 1407 2390 3667 4223 6117 9928 14169 11284
 ... : 75 129 344 537 966 1407 2390 3675 4259 6183 9937 14173 11285
 ... : 75 129 344 537 966 1407 2390 3677 4281 6239 9980 14175 11285
 ... : 75 129 344 537 971 1410 2397 3684 4312 6272 9984 14176 11286
 ... : 75 129 344 537 971 1410 2397 3693 4350 6328 10008 14176 11286
 ... : 75 129 344 537 971 1410 2397 3695 4363 6399 10047 14176 11287
 ... : 75 129 344 537 971 1410 2397 3696 4365 6432 10128 14176 11288
 ... : 75 129 344 537 971 1410 2397 3698 4384 6482 10165 14176 11290
 ... : 75 129 344 537 971 1410 2402 3715 4416 6523 10184 14177 11290
 ... : 75 129 344 537 971 1410 2401 3719 4430 6572 10240 14177 11290
 ... : 75 129 344 537 971 1410 2402 3726 4452 6624 10271 14178 11291
 ... : 75 129 344 537 971 1410 2402 3726 4466 6678 10328 14179 11292
 ... : 75 129 344 537 972 1411 2403 3732 4504 6714 10345 14165 11293
 ... : 75 129 344 537 972 1411 2403 3733 4498 6730 10379 14167 11296
 ... : 75 129 344 537 972 1411 2403 3732 4498 6747 10450 14169 11297
 ... : 75 129 344 537 972 1411 2403 3734 4505 6766 10492 14173 11297
 ... : 75 129 344 537 972 1411 2403 3734 4507 6797 10557 14198 11297
 ... : 75 129 344 537 972 1411 2403 3734 4509 6812 10612 14247 11298
 ... : 75 129 344 537 972 1411 2403 3734 4513 6827 10649 14293 11302
 ... : 75 129 344 537 972 1411 2403 3735 4521 6856 10712 14303 11304
 ... : 75 129 344 537 972 1411 2403 3736 4531 6893 10767 14315 11305
 ... : 75 129 344 537 972 1411 2403 3736 4531 6893 10788 14401 11305
 ... : 75 129 344 537 972 1411 2403 3734 4530 6909 10857 14439 11305
 ... : 75 129 344 537 972 1411 2403 3734 4530 6916 10911 14502 11305
 ... : 75 129 344 537 972 1411 2403 3734 4527 6924 10946 14543 11305
 ... : 75 129 344 537 972 1411 2403 3734 4527 6936 10999 14598 11311
 ... : 75 129 344 537 972 1411 2403 3735 4538 6951 11019 14651 11311
 ... : 75 129 344 537 972 1411 2403 3735 4541 6968 11050 14702 11311
 ... : 75 129 344 537 972 1411 2403 3735 4540 6963 11051 14774 11311
 ... : 75 129 344 537 972 1411 2403 3734 4537 6959 11050 14844 11312
 ... : 75 129 344 537 972 1411 2403 3734 4537 6959 11050 14890 11312
 ... : 75 129 344 537 972 1411 2403 3734 4537 6959 11054 14953 11312
 ... : 75 129 345 538 972 1411 2405 3735 4531 6920 11064 14969 11312
 ... : 75 129 345 538 972 1411 2405 3735 4531 6933 11121 15013 11312
 ... : 75 129 345 538 972 1411 2405 3734 4530 6944 11150 15064 11315
 ... : 75 129 345 538 972 1411 2405 3734 4530 6947 11156 15084 11341
 ... : 75 129 345 538 972 1411 2405 3734 4526 6946 11143 15102 11367
 ... : 75 129 345 538 972 1411 2405 3734 4529 6919 11023 15002 11390
 ... : 75 129 345 538 972 1411 2406 3740 4541 6930 11070 15045 11390
 ... : 75 129 345 538 972 1411 2407 3742 4550 6943 11106 15081 11390
 ... : 75 129 345 538 972 1411 2407 3742 4550 6939 11093 15103 11473
 ... : 75 129 345 538 972 1411 2407 3742 4550 6937 10988 14915 11338
 ... : 75 129 345 538 972 1411 2407 3742 4548 6932 11030 14970 11338
 ... : 75 129 345 538 972 1411 2407 3742 4550 6937 11050 15011 11376
 ... : 75 129 345 538 972 1411 2407 3742 4550 6938 11062 15064 11431
 ... : 75 129 345 538 972 1411 2407 3742 4549 6938 11074 15115 11485
 ... : 75 129 345 538 972 1411 2407 3742 4549 6939 11077 15175 11548
 ... : 75 129 345 538 972 1411 2407 3742 4549 6939 11078 15214 11620
 ... : 75 129 345 538 972 1411 2407 3742 4549 6941 11082 15260 11678
 ... : 75 129 345 538 972 1411 2407 3741 4549 6942 11092 15305 11726
 ... : 75 129 345 538 972 1411 2407 3741 4549 6945 11124 15348 11773
 ... : 75 129 345 538 972 1411 2407 3741 4551 6951 11138 15372 11795
 ... : 75 129 345 538 972 1411 2407 3741 4550 6951 11132 15384 11870
 ... : 75 129 345 538 972 1411 2407 3741 4550 6950 11126 15383 11949
 ... : 75 129 345 538 972 1411 2407 3741 4550 6950 11126 15384 12015
 ... : 75 129 345 538 972 1411 2407 3741 4550 6950 11126 15389 12103
 ... : 75 129 345 538 972 1411 2407 3741 4550 6950 11126 15392 12174
