initialized model with 372 latches, 38 inputs and 1 properties
tsim: performed 20 steps
tsim: found cycle from 18
checking bound 0
checking bound 1
checking bound 2
tdecomp: unrolling 2 cycles
tsim: performed 18 steps
tsim: found cycle from 16
tsim: found 1 constants and 0 latch equivalences
tdecomp: (372, 152) -> (371, 49)
   2 : 33 20
   3 : 50 23 35
 ... : 61 44 78
 ... : 65 72 125
 ... : 69 99 183
   4 : 67 94 162 93
 ... : 65 101 203 156
 ... : 66 103 243 198
 ... : 66 111 275 248
 ... : 72 123 301 289
 ... : 72 127 340 354
 ... : 72 131 366 426
 ... : 73 136 403 481
 ... : 77 142 443 522
 ... : 79 146 463 571
   5 : 75 126 351 464 172
 ... : 74 122 348 511 249
 ... : 74 122 351 554 306
 ... : 74 122 365 600 353
 ... : 74 122 367 618 405
 ... : 75 123 373 662 463
 ... : 76 131 379 692 526
 ... : 76 131 378 722 615
 ... : 76 131 384 767 684
 ... : 76 131 383 793 741
   6 : 76 125 314 674 687 239
 ... : 76 125 316 680 731 307
 ... : 76 125 316 679 787 377
 ... : 76 125 316 683 837 455
 ... : 76 127 330 722 870 472
 ... : 76 125 300 715 913 497
 ... : 76 125 300 726 957 548
 ... : 76 125 300 731 972 591
 ... : 76 125 300 737 1018 656
 ... : 76 126 288 738 1060 708
 ... : 76 126 288 736 1086 769
 ... : 76 126 289 737 1119 833
 ... : 76 126 289 739 1141 909
   7 : 76 126 259 583 981 883 263
 ... : 76 126 259 583 1003 924 314
 ... : 76 126 259 585 1026 975 357
 ... : 76 126 259 585 1031 1015 421
 ... : 76 126 259 585 1055 1061 477
 ... : 76 126 259 587 1078 1111 522
 ... : 76 126 259 587 1087 1159 583
 ... : 76 126 259 587 1095 1199 652
 ... : 76 126 259 591 1112 1242 707
 ... : 76 126 259 591 1123 1283 751
 ... : 76 126 259 594 1160 1338 773
 ... : 76 126 259 594 1166 1389 830
 ... : 76 126 259 594 1174 1445 883
 ... : 76 126 259 594 1187 1496 935
 ... : 76 126 259 597 1198 1545 991
 ... : 76 126 259 597 1210 1593 1046
 ... : 76 126 259 600 1237 1641 1080
 ... : 76 126 259 604 1262 1705 1106
 ... : 76 126 259 607 1280 1762 1149
 ... : 76 126 259 610 1301 1814 1188
 ... : 76 126 260 614 1316 1858 1232
 ... : 76 126 261 634 1351 1903 1255
 ... : 76 126 261 637 1371 1959 1303
 ... : 76 126 261 638 1389 2004 1343
 ... : 76 126 261 638 1403 2037 1406
 ... : 76 126 261 639 1419 2095 1450
 ... : 76 126 262 644 1437 2149 1487
 ... : 76 126 266 667 1487 2183 1491
 ... : 76 126 266 670 1501 2212 1526
 ... : 76 126 266 670 1508 2257 1576
 ... : 76 126 266 670 1518 2303 1631
 ... : 76 126 266 673 1547 2364 1658
 ... : 76 126 266 673 1553 2391 1731
 ... : 76 126 266 672 1546 2401 1793
 ... : 76 126 266 667 1528 2366 1806
 ... : 76 126 266 672 1538 2404 1851
 ... : 76 126 266 672 1549 2438 1903
 ... : 76 127 271 681 1579 2474 1924
 ... : 76 127 275 689 1610 2527 1951
 ... : 76 128 287 732 1650 2535 1964
 ... : 76 129 305 784 1695 2538 1968
 ... : 76 129 310 810 1746 2575 1970
 ... : 76 129 310 827 1800 2622 1974
 ... : 76 129 310 830 1829 2704 1978
 ... : 76 129 310 834 1843 2773 2002
 ... : 76 129 310 834 1843 2800 2102
 ... : 76 129 310 838 1856 2844 2149
 ... : 76 129 310 846 1888 2887 2189
 ... : 76 129 310 854 1909 2936 2229
 ... : 76 129 310 854 1916 2986 2289
 ... : 76 129 310 860 1946 3034 2314
 ... : 76 129 312 874 1977 3081 2337
 ... : 76 129 312 874 1979 3132 2398
 ... : 76 129 312 881 1998 3167 2446
 ... : 76 129 312 884 2020 3227 2483
 ... : 76 129 312 885 2031 3258 2549
 ... : 76 129 312 888 2048 3291 2596
 ... : 76 129 312 890 2062 3347 2647
 ... : 76 129 312 891 2064 3385 2703
 ... : 76 129 312 891 2073 3429 2768
 ... : 76 129 312 900 2125 3472 2783
 ... : 76 129 312 901 2141 3532 2833
 ... : 76 129 312 901 2147 3595 2885
 ... : 76 129 312 901 2156 3631 2958
 ... : 76 129 312 911 2176 3667 3003
 ... : 76 129 312 911 2180 3727 3063
 ... : 76 129 312 914 2203 3765 3111
 ... : 76 129 312 914 2219 3820 3164
 ... : 76 129 311 918 2233 3863 3213
 ... : 76 129 312 917 2235 3887 3267
 ... : 76 130 312 923 2245 3913 3307
 ... : 76 130 312 939 2292 3955 3320
 ... : 76 130 312 939 2302 4015 3374
 ... : 76 130 312 945 2329 4056 3415
 ... : 76 130 312 946 2345 4109 3467
 ... : 76 130 312 947 2366 4170 3508
 ... : 76 130 312 947 2380 4219 3570
 ... : 76 130 312 947 2390 4272 3627
 ... : 76 130 312 947 2400 4320 3675
 ... : 76 130 313 949 2421 4361 3712
 ... : 76 130 313 955 2480 4420 3716
 ... : 76 130 312 953 2519 4472 3737
 ... : 76 130 312 953 2531 4529 3796
 ... : 76 130 312 954 2554 4578 3840
 ... : 76 130 312 954 2571 4632 3896
 ... : 76 130 310 952 2583 4685 3946
 ... : 76 130 310 953 2602 4733 4005
 ... : 76 130 310 953 2609 4761 4084
 ... : 76 130 310 953 2619 4812 4136
 ... : 76 130 310 954 2629 4867 4189
 ... : 76 130 310 954 2636 4927 4240
 ... : 76 130 310 957 2651 4982 4300
 ... : 76 130 310 957 2657 5024 4360
 ... : 76 130 312 965 2679 5050 4396
 ... : 76 130 312 970 2689 5076 4404
 ... : 76 130 313 966 2683 5087 4425
 ... : 76 130 313 967 2697 5124 4463
 ... : 76 130 313 971 2721 5175 4507
 ... : 76 130 314 976 2735 5212 4571
 ... : 76 130 315 963 2726 5192 4607
 ... : 76 130 315 962 2735 5201 4659
 ... : 76 130 315 962 2739 5245 4714
 ... : 76 130 328 993 2779 5253 4716
 ... : 76 130 330 1013 2829 5299 4716
 ... : 75 133 343 1039 2877 5315 4716
 ... : 75 133 343 1057 2920 5362 4717
 ... : 75 133 343 1069 2973 5415 4717
 ... : 74 137 343 1077 3016 5476 4717
 ... : 73 133 315 1024 2957 5514 4717
 ... : 73 133 316 993 2965 5549 4723
 ... : 73 133 316 988 2908 5448 4755
 ... : 73 133 316 990 2911 5488 4807
 ... : 73 133 316 988 2914 5490 4880
 ... : 73 133 316 987 2895 5465 4881
 ... : 73 133 316 985 2891 5485 4942
 ... : 73 133 316 979 2874 5506 4987
 ... : 73 133 318 988 2891 5547 5023
 ... : 73 136 322 995 2908 5575 5033
 ... : 72 131 318 991 2910 5617 5088
 ... : 72 131 322 1002 2954 5656 5093
 ... : 72 131 331 1017 2997 5696 5094
 ... : 72 131 331 1023 3023 5738 5094
 ... : 72 133 341 1039 3025 5750 5094
 ... : 72 133 345 1047 3027 5774 5102
 ... : 72 133 345 1047 3019 5795 5165
 ... : 72 133 345 1047 3022 5842 5226
 ... : 72 133 346 1052 3034 5876 5264
 ... : 72 134 346 1054 3036 5897 5310
 ... : 74 135 345 1053 2916 5594 5134
 ... : 74 135 346 1059 2931 5634 5187
 ... : 74 135 347 1062 2938 5687 5235
 ... : 74 135 347 1065 2942 5699 5290
 ... : 74 135 347 1067 2948 5722 5351
 ... : 74 135 347 1066 2944 5742 5429
 ... : 74 135 347 1066 2949 5767 5507
 ... : 74 135 347 1064 2923 5739 5597
 ... : 74 135 347 1063 2919 5747 5679
 ... : 74 135 347 1065 2929 5783 5711
   8 : 69 124 293 570 1460 3121 5017 1589
 ... : 69 124 293 573 1466 3126 5035 1597
 ... : 69 124 293 574 1474 3142 5063 1640
 ... : 71 128 297 577 1480 3147 5078 1678
 ... : 71 129 298 602 1511 3158 5081 1678
 ... : 71 129 300 603 1507 3184 5097 1678
 ... : 71 129 300 600 1519 3202 5119 1678
 ... : 71 129 300 598 1513 3197 5162 1718
 ... : 71 129 300 598 1511 3196 5192 1779
 ... : 71 129 300 598 1520 3206 5201 1797
 ... : 71 129 300 597 1518 3197 5222 1876
 ... : 71 129 300 597 1517 3204 5250 1953
 ... : 69 132 305 600 1507 3211 5266 1973
 ... : 69 131 303 595 1505 3206 5288 2053
 ... : 69 131 303 595 1504 3206 5299 2102
 ... : 69 131 303 595 1504 3199 5343 2175
 ... : 69 131 304 597 1510 3209 5349 2221
 ... : 69 131 304 597 1508 3220 5387 2266
 ... : 70 134 309 608 1523 3230 5407 2304
 ... : 70 137 314 613 1534 3251 5432 2304
 ... : 70 137 314 611 1532 3259 5456 2339
 ... : 70 137 315 612 1531 3262 5486 2390
 ... : 70 137 315 615 1540 3286 5530 2422
 ... : 70 137 315 615 1540 3306 5576 2458
 ... : 70 137 315 615 1540 3297 5554 2517
 ... : 72 141 327 643 1560 3295 5537 2533
 ... : 72 141 326 636 1558 3311 5550 2535
 ... : 72 141 327 640 1566 3331 5572 2535
 ... : 72 141 323 627 1531 3311 5601 2535
 ... : 72 141 323 625 1522 3298 5658 2568
 ... : 72 141 322 625 1507 3291 5692 2628
 ... : 72 141 322 625 1497 3274 5655 2676
 ... : 72 141 322 622 1481 3200 5668 2723
 ... : 72 141 322 622 1479 3196 5674 2808
   9 : 71 136 307 499 1017 1888 3794 2852 1568
 ... : 71 136 307 499 1017 1889 3801 2895 1645
 ... : 71 136 306 498 1010 1898 3825 2913 1649
 ... : 71 136 306 498 1009 1896 3841 2976 1670
 ... : 71 136 306 498 1009 1896 3851 3035 1722
 ... : 71 136 306 498 1009 1896 3851 3096 1771
 ... : 71 136 306 498 1009 1896 3851 3159 1827
 ... : 71 136 306 498 1009 1896 3852 3211 1894
 ... : 71 136 306 498 1009 1896 3846 3260 1950
 ... : 71 136 306 498 1009 1896 3855 3317 2002
 ... : 71 136 306 498 1018 1898 3879 3349 2022
 ... : 71 136 306 498 1021 1904 3898 3393 2058
 ... : 71 136 306 498 1021 1910 3911 3434 2113
 ... : 71 136 306 498 1021 1910 3912 3492 2171
 ... : 71 136 306 498 1021 1910 3923 3547 2229
 ... : 71 136 306 498 1021 1910 3932 3608 2281
 ... : 71 136 306 498 1021 1942 3974 3638 2298
 ... : 71 136 306 498 1021 1942 3979 3686 2357
 ... : 71 136 306 498 1022 1959 4024 3726 2361
 ... : 71 136 306 498 1022 1962 4057 3774 2386
 ... : 71 136 306 498 1022 1965 4072 3822 2429
 ... : 71 136 306 498 1021 1970 4095 3862 2457
 ... : 71 136 306 498 1022 1973 4105 3897 2512
 ... : 71 136 306 498 1023 1984 4132 3936 2539
 ... : 71 136 306 498 1023 1987 4156 3972 2571
 ... : 71 136 306 499 1026 1998 4191 4006 2594
 ... : 71 136 306 496 1043 2047 4228 4012 2594
 ... : 71 136 306 496 1046 2068 4285 4046 2595
 ... : 71 136 306 496 1048 2081 4340 4094 2595
 ... : 71 136 306 496 1050 2099 4387 4143 2597
 ... : 71 136 306 496 1050 2103 4422 4204 2598
 ... : 71 136 306 496 1050 2107 4465 4263 2608
 ... : 71 136 306 496 1050 2113 4489 4322 2632
 ... : 71 136 306 496 1050 2113 4496 4368 2696
 ... : 71 136 306 496 1050 2116 4517 4431 2734
 ... : 71 136 306 496 1050 2119 4525 4478 2800
 ... : 71 136 306 496 1050 2119 4529 4527 2877
 ... : 71 136 306 496 1050 2119 4546 4585 2929
 ... : 71 136 306 496 1050 2121 4574 4645 2961
 ... : 71 136 306 496 1050 2126 4600 4683 3010
 ... : 71 136 306 496 1050 2127 4625 4735 3047
 ... : 71 136 306 496 1050 2127 4634 4785 3103
 ... : 71 136 306 496 1050 2129 4644 4841 3151
 ... : 71 136 306 496 1050 2129 4652 4894 3207
 ... : 71 136 306 496 1050 2129 4653 4948 3273
 ... : 71 136 306 496 1050 2129 4654 4989 3357
 ... : 71 136 308 496 1053 2129 4655 4993 3425
 ... : 71 136 310 498 1060 2134 4666 5002 3425
 ... : 71 136 310 501 1058 2129 4642 5041 3431
 ... : 71 136 310 501 1058 2129 4668 5086 3458
 ... : 71 136 310 501 1056 2119 4649 5113 3496
 ... : 71 136 310 501 1056 2113 4631 5115 3541
 ... : 71 136 310 501 1055 2098 4619 5141 3574
 ... : 71 136 310 501 1054 2094 4602 5127 3607
 ... : 71 136 310 501 1053 2091 4605 5162 3658
 ... : 71 136 309 496 1067 2116 4608 5171 3678
 ... : 71 136 308 483 1002 2019 4584 5171 3678
 ... : 71 136 308 484 994 1932 4330 5009 3681
 ... : 71 136 308 484 993 1930 4302 4978 3689
 ... : 71 136 308 484 993 1929 4301 4956 3702
 ... : 71 136 308 484 992 1929 4296 4988 3722
 ... : 71 136 308 484 992 1929 4294 5038 3777
 ... : 71 136 308 484 992 1929 4288 5086 3835
 ... : 71 136 308 484 992 1926 4284 5135 3895
 ... : 71 136 308 484 986 1921 4269 5148 3945
 ... : 71 139 312 484 986 1920 4254 5159 4018
 ... : 71 139 318 489 997 1937 4258 5159 4019
 ... : 71 138 316 491 999 1936 4297 5186 4019
 ... : 71 138 315 490 998 1937 4308 5212 4088
 ... : 71 139 319 495 1008 1948 4318 5221 4107
 ... : 71 139 319 496 1007 1946 4337 5193 4103
 ... : 71 139 319 496 1005 1941 4341 5223 4134
 ... : 71 139 319 496 1006 1943 4352 5252 4172
 ... : 71 139 319 496 1008 1946 4364 5294 4226
 ... : 71 139 319 496 1008 1947 4371 5285 4275
 ... : 71 139 319 498 1012 1945 4367 5315 4313
 ... : 71 139 319 498 1012 1944 4364 5355 4388
 ... : 71 139 319 498 1012 1946 4365 5410 4456
 ... : 71 139 319 498 1012 1947 4360 5431 4490
 ... : 71 139 319 498 1013 1946 4357 5471 4567
 ... : 70 141 328 507 1037 1961 4366 5473 4577
 ... : 70 141 327 506 1042 1979 4393 5473 4577
 ... : 70 141 327 507 1041 1985 4423 5495 4578
 ... : 70 141 327 506 1036 1973 4428 5547 4641
 ... : 70 141 327 506 1036 1973 4428 5587 4711
 ... : 70 141 327 506 1035 1974 4427 5631 4771
 ... : 70 141 327 506 1034 1967 4419 5667 4810
  10 : 69 136 306 465 892 1465 3337 4528 3968 1819
 ... : 69 136 306 465 892 1465 3337 4529 4017 1876
 ... : 69 136 306 465 892 1465 3337 4530 4077 1936
 ... : 69 136 306 465 892 1465 3337 4532 4112 1997
 ... : 69 136 306 465 892 1465 3337 4537 4159 2056
 ... : 69 136 306 465 892 1465 3338 4551 4222 2104
 ... : 69 136 306 465 892 1465 3338 4555 4275 2166
 ... : 69 136 306 465 892 1465 3341 4562 4326 2208
 ... : 71 137 311 477 914 1482 3341 4564 4328 2211
 ... : 71 137 312 483 911 1512 3368 4564 4328 2212
 ... : 71 137 312 485 914 1524 3416 4596 4328 2212
 ... : 71 137 312 488 916 1524 3431 4652 4329 2213
 ... : 71 137 312 486 915 1531 3444 4694 4341 2213
 ... : 71 137 312 486 915 1527 3434 4744 4400 2214
 ... : 71 137 312 484 910 1525 3432 4770 4439 2215
 ... : 71 137 312 483 909 1517 3419 4772 4496 2217
 ... : 71 137 312 483 909 1517 3417 4781 4549 2257
 ... : 71 137 312 483 909 1520 3421 4801 4604 2284
 ... : 71 137 312 483 909 1520 3421 4803 4658 2343
 ... : 71 137 312 483 909 1520 3421 4807 4714 2402
 ... : 71 137 312 483 909 1521 3435 4827 4738 2453
 ... : 71 137 312 483 908 1522 3448 4855 4776 2456
 ... : 71 137 312 483 908 1526 3448 4868 4800 2479
 ... : 71 137 312 483 908 1526 3449 4870 4857 2545
 ... : 71 137 312 483 908 1526 3447 4875 4894 2608
 ... : 71 137 312 483 908 1526 3446 4874 4909 2666
 ... : 71 137 314 485 908 1521 3438 4852 4947 2718
 ... : 71 137 314 485 908 1519 3437 4835 4995 2780
 ... : 71 137 318 489 912 1520 3438 4840 5006 2828
 ... : 71 138 322 498 919 1523 3436 4847 5018 2836
 ... : 71 138 322 498 919 1522 3436 4863 5068 2863
 ... : 71 138 322 498 919 1521 3435 4862 5100 2924
 ... : 71 138 322 498 919 1518 3431 4863 5148 2981
 ... : 71 138 322 498 919 1518 3431 4863 5182 3054
 ... : 71 138 322 498 921 1528 3444 4857 5191 3068
 ... : 71 138 322 500 937 1547 3472 4884 5191 3069
 ... : 71 138 322 501 942 1573 3514 4920 5192 3070
 ... : 71 138 322 501 941 1574 3548 4982 5195 3072
 ... : 71 138 322 507 956 1616 3590 4999 5195 3072
 ... : 71 138 323 510 958 1637 3637 5022 5197 3072
 ... : 71 138 323 510 958 1638 3668 5102 5198 3073
 ... : 71 138 323 511 966 1671 3713 5129 5199 3074
 ... : 71 138 323 513 970 1688 3749 5142 5200 3074
 ... : 71 138 323 513 969 1701 3785 5194 5207 3075
 ... : 71 138 323 513 969 1702 3790 5241 5228 3075
 ... : 71 138 323 513 968 1700 3787 5277 5294 3076
 ... : 71 138 323 513 968 1697 3777 5304 5350 3076
 ... : 71 138 323 513 972 1696 3788 5316 5362 3076
 ... : 71 138 323 513 970 1687 3771 5311 5387 3078
 ... : 71 138 323 513 970 1687 3781 5359 5452 3079
 ... : 71 138 323 513 970 1689 3792 5415 5506 3081
 ... : 71 138 323 513 970 1689 3806 5470 5554 3083
 ... : 71 138 323 513 970 1689 3803 5473 5625 3086
 ... : 71 138 323 513 970 1687 3793 5493 5692 3089
 ... : 71 138 323 513 970 1689 3798 5529 5775 3090
 ... : 71 138 323 513 970 1692 3805 5580 5825 3090
 ... : 71 138 323 512 970 1697 3825 5605 5868 3090
 ... : 71 138 323 512 970 1698 3825 5630 5921 3091
 ... : 71 138 323 512 969 1697 3819 5639 5981 3093
 ... : 71 138 323 512 969 1696 3818 5639 6039 3131
 ... : 71 138 323 512 969 1696 3816 5646 6090 3185
 ... : 71 138 323 512 969 1696 3815 5652 6131 3229
 ... : 71 138 323 512 969 1696 3812 5660 6176 3285
 ... : 71 138 323 512 969 1696 3810 5664 6219 3339
 ... : 71 138 323 512 969 1696 3804 5665 6268 3391
 ... : 71 138 323 512 969 1696 3803 5673 6311 3451
 ... : 71 138 323 512 969 1700 3811 5690 6316 3480
 ... : 71 138 323 512 969 1698 3811 5724 6355 3484
 ... : 71 138 323 512 969 1696 3811 5733 6400 3532
 ... : 71 138 323 512 969 1696 3809 5729 6438 3586
 ... : 71 138 323 512 969 1696 3807 5735 6477 3641
 ... : 71 138 323 512 969 1695 3807 5734 6475 3727
 ... : 71 138 323 512 969 1695 3806 5752 6514 3780
 ... : 71 138 323 512 969 1694 3805 5753 6542 3850
 ... : 71 138 323 512 969 1693 3804 5746 6561 3907
 ... : 71 138 323 512 969 1692 3803 5747 6575 3989
 ... : 71 138 323 512 969 1692 3803 5743 6553 4085
 ... : 71 138 323 512 969 1691 3797 5731 6542 4175
 ... : 71 138 323 512 969 1691 3795 5722 6547 4248
 ... : 71 138 323 512 969 1691 3795 5721 6550 4330
 ... : 71 138 323 512 969 1691 3793 5713 6520 4410
 ... : 71 138 323 512 970 1689 3788 5720 6544 4428
 ... : 69 136 317 499 945 1581 3622 5554 6363 4404
 ... : 69 136 317 499 945 1579 3618 5554 6381 4481
 ... : 69 136 317 499 945 1579 3617 5553 6416 4554
 ... : 69 136 317 499 945 1579 3618 5561 6463 4593
 ... : 69 136 318 498 941 1575 3613 5545 6505 4632
 ... : 69 136 318 498 937 1565 3603 5522 6518 4670
 ... : 69 136 318 498 933 1560 3585 5516 6526 4716
 ... : 69 136 318 498 933 1560 3586 5535 6585 4755
 ... : 69 136 318 498 933 1560 3587 5538 6637 4819
 ... : 69 136 318 498 930 1561 3587 5529 6662 4865
 ... : 69 136 318 498 928 1561 3587 5539 6695 4913
 ... : 69 136 318 498 927 1559 3582 5539 6713 4961
 ... : 69 136 318 498 926 1559 3579 5540 6741 5001
 ... : 69 136 318 498 926 1558 3588 5541 6778 5018
 ... : 69 136 318 498 926 1558 3584 5536 6812 5077
 ... : 69 136 318 498 926 1558 3580 5531 6834 5131
 ... : 69 136 318 498 926 1558 3580 5531 6866 5211
 ... : 69 136 318 498 926 1558 3580 5524 6921 5268
 ... : 69 136 318 498 926 1558 3580 5524 6973 5336
 ... : 69 136 318 498 926 1558 3580 5532 7042 5385
 ... : 69 136 318 498 926 1558 3580 5533 7108 5450
 ... : 69 136 318 498 926 1558 3579 5528 7160 5514
 ... : 69 136 318 498 926 1558 3579 5527 7225 5574
 ... : 69 136 318 498 926 1558 3579 5529 7289 5626
 ... : 69 136 318 498 926 1558 3579 5533 7332 5690
 ... : 69 136 318 498 926 1558 3578 5533 7383 5756
 ... : 69 136 318 498 926 1558 3578 5532 7436 5822
 ... : 69 136 318 498 926 1559 3578 5540 7478 5870
 ... : 69 136 318 498 926 1559 3570 5537 7522 5932
 ... : 69 136 318 498 926 1559 3568 5531 7574 5984
 ... : 69 136 318 498 926 1559 3562 5526 7628 6039
 ... : 69 136 318 498 926 1559 3561 5523 7674 6098
 ... : 69 136 318 498 926 1559 3561 5506 7680 6163
 ... : 69 136 318 498 926 1558 3555 5485 7689 6210
 ... : 69 136 318 497 923 1556 3550 5486 7730 6255
 ... : 69 136 318 497 923 1556 3548 5484 7766 6321
 ... : 69 136 318 497 923 1556 3546 5478 7786 6393
 ... : 69 136 318 497 923 1556 3544 5470 7802 6425
  11 : 69 135 313 458 727 1246 2483 3916 5946 6087 2452
 ... : 69 135 313 458 727 1246 2483 3916 5947 6144 2506
 ... : 69 135 313 458 727 1246 2483 3916 5948 6201 2557
 ... : 69 135 313 458 727 1246 2483 3916 5955 6272 2599
 ... : 69 135 313 458 727 1246 2483 3916 5958 6331 2654
 ... : 69 135 313 458 727 1246 2483 3916 5959 6383 2725
 ... : 69 135 313 458 727 1246 2483 3916 5960 6441 2790
 ... : 69 135 313 458 727 1246 2483 3916 5955 6504 2849
 ... : 69 135 313 458 727 1246 2483 3915 5952 6549 2898
 ... : 69 135 313 458 727 1246 2483 3916 5954 6611 2949
 ... : 69 135 313 458 727 1246 2483 3916 5954 6655 2991
 ... : 69 135 313 458 727 1246 2483 3916 5967 6705 3040
 ... : 69 135 313 458 727 1246 2483 3917 5964 6732 3089
 ... : 69 135 313 458 727 1246 2483 3918 5972 6786 3132
 ... : 69 135 313 458 727 1246 2483 3918 5976 6837 3197
 ... : 69 135 313 458 727 1246 2483 3918 5980 6888 3251
 ... : 69 135 313 458 727 1246 2483 3917 5983 6926 3319
 ... : 69 135 313 458 727 1246 2483 3917 5982 6967 3384
 ... : 69 135 313 458 727 1246 2483 3917 5980 7004 3457
 ... : 69 135 313 458 727 1246 2482 3920 5988 7049 3498
 ... : 69 135 313 458 727 1246 2480 3911 5973 7075 3502
 ... : 69 135 313 458 727 1246 2480 3911 5974 7122 3561
 ... : 69 135 313 458 727 1246 2480 3911 5968 7131 3624
 ... : 69 135 313 458 727 1246 2480 3911 5966 7156 3691
 ... : 69 135 313 458 727 1246 2480 3911 5968 7202 3740
 ... : 69 135 313 458 727 1246 2480 3911 5969 7260 3790
 ... : 69 135 313 458 727 1246 2480 3911 5977 7322 3846
 ... : 69 135 313 458 727 1246 2480 3911 5980 7382 3903
 ... : 69 135 313 458 727 1246 2480 3911 5999 7433 3940
 ... : 69 135 313 458 727 1246 2480 3911 6002 7483 3996
 ... : 69 135 313 458 727 1246 2479 3911 6004 7535 4048
 ... : 69 135 313 458 727 1246 2479 3908 5995 7571 4116
 ... : 69 135 313 458 727 1246 2479 3908 5996 7618 4179
 ... : 69 135 313 458 727 1246 2479 3908 5996 7673 4224
 ... : 69 135 313 458 727 1246 2479 3908 5996 7733 4274
 ... : 69 135 313 458 727 1246 2479 3908 6000 7788 4336
 ... : 69 135 313 458 727 1246 2479 3908 6001 7847 4393
 ... : 69 135 313 458 727 1246 2479 3908 6001 7879 4489
 ... : 69 135 313 458 727 1246 2479 3908 6004 7909 4569
 ... : 69 135 313 458 727 1246 2478 3909 6010 7947 4638
  12 : 69 135 313 457 726 1246 2464 3839 5442 7574 3306 1911
 ... : 69 135 313 457 726 1246 2464 3838 5450 7601 3360 1935
 ... : 69 135 313 457 726 1246 2464 3838 5450 7602 3414 1991
 ... : 69 135 313 457 726 1246 2464 3838 5450 7607 3476 2054
 ... : 69 135 313 457 726 1246 2464 3838 5450 7609 3526 2114
 ... : 69 135 313 457 726 1246 2464 3838 5450 7616 3575 2170
 ... : 69 135 313 457 726 1246 2464 3838 5449 7628 3609 2226
 ... : 69 135 313 457 726 1246 2464 3839 5469 7652 3633 2267
 ... : 69 135 313 457 726 1246 2464 3840 5480 7676 3679 2268
 ... : 69 135 313 457 726 1246 2464 3840 5479 7682 3715 2298
 ... : 69 135 313 457 726 1246 2464 3839 5515 7727 3735 2305
 ... : 69 135 313 457 726 1246 2464 3839 5540 7780 3776 2305
 ... : 69 135 313 457 726 1246 2464 3839 5551 7840 3820 2305
 ... : 69 135 313 457 726 1246 2464 3839 5558 7866 3875 2308
 ... : 69 135 313 457 726 1246 2464 3839 5559 7874 3936 2351
 ... : 69 135 313 457 726 1246 2464 3839 5560 7882 3973 2418
 ... : 69 135 313 457 726 1246 2464 3839 5560 7885 3985 2474
 ... : 69 135 313 457 726 1246 2464 3839 5560 7888 4044 2524
 ... : 69 135 313 457 726 1246 2464 3839 5560 7896 4111 2576
 ... : 69 135 313 457 726 1246 2464 3839 5560 7896 4179 2633
 ... : 69 135 313 457 726 1246 2464 3839 5560 7896 4245 2691
 ... : 69 135 313 457 726 1246 2464 3839 5560 7899 4304 2754
 ... : 69 135 313 457 726 1246 2464 3839 5560 7899 4369 2818
 ... : 69 135 313 457 726 1246 2464 3839 5560 7913 4416 2868
 ... : 69 135 313 457 726 1246 2464 3839 5560 7921 4466 2927
 ... : 69 135 313 457 726 1246 2464 3839 5560 7939 4517 2974
 ... : 69 135 313 457 726 1246 2464 3839 5561 7950 4563 3022
 ... : 69 135 313 457 726 1246 2464 3839 5561 7959 4623 3076
 ... : 69 135 313 457 726 1246 2464 3839 5560 8015 4674 3076
 ... : 69 135 313 457 726 1246 2464 3839 5563 8045 4737 3096
 ... : 69 135 313 457 726 1246 2464 3839 5563 8044 4800 3163
 ... : 69 135 313 457 726 1246 2464 3839 5563 8046 4865 3220
 ... : 69 135 313 457 726 1246 2464 3839 5563 8055 4925 3277
 ... : 69 135 313 457 726 1246 2464 3839 5565 8077 4997 3304
 ... : 69 135 313 457 726 1246 2464 3839 5565 8076 5059 3352
 ... : 69 135 313 457 726 1246 2464 3839 5565 8075 5122 3407
 ... : 69 135 313 457 726 1246 2464 3839 5565 8073 5179 3476
 ... : 69 135 313 457 726 1246 2464 3839 5565 8073 5242 3527
 ... : 69 135 313 457 726 1246 2464 3839 5565 8076 5303 3574
 ... : 69 135 313 457 726 1246 2464 3839 5566 8078 5368 3630
 ... : 69 135 313 457 726 1246 2464 3839 5565 8084 5427 3694
 ... : 69 135 313 457 726 1246 2464 3839 5565 8092 5489 3748
 ... : 69 135 313 457 726 1246 2464 3839 5565 8100 5544 3808
 ... : 69 135 313 457 726 1246 2464 3838 5567 8107 5597 3862
 ... : 69 135 313 457 726 1246 2464 3838 5567 8111 5655 3914
 ... : 69 135 313 457 726 1246 2464 3838 5567 8112 5699 3986
 ... : 69 135 313 457 726 1246 2464 3838 5567 8123 5748 4055
 ... : 69 135 313 457 726 1246 2464 3838 5565 8130 5791 4116
 ... : 69 135 313 457 726 1246 2464 3838 5566 8164 5830 4142
 ... : 69 135 313 457 726 1246 2464 3838 5566 8164 5884 4194
 ... : 69 135 313 457 726 1246 2464 3838 5566 8167 5942 4254
 ... : 69 135 313 457 726 1246 2464 3838 5566 8174 6001 4310
 ... : 69 135 313 457 726 1246 2464 3838 5566 8175 6063 4372
 ... : 69 135 313 457 726 1245 2464 3838 5563 8176 6041 4320
 ... : 69 135 313 457 726 1245 2464 3838 5563 8185 6101 4375
 ... : 69 135 313 457 726 1245 2464 3838 5563 8192 6145 4435
 ... : 69 135 313 457 726 1245 2464 3838 5563 8197 6191 4501
 ... : 69 135 313 457 726 1245 2464 3838 5563 8201 6204 4566
 ... : 69 135 313 457 726 1245 2464 3838 5574 8220 6246 4605
 ... : 69 135 313 457 726 1245 2464 3838 5589 8274 6305 4607
 ... : 69 135 313 457 726 1245 2464 3839 5596 8305 6358 4631
 ... : 69 135 313 457 726 1245 2464 3840 5608 8346 6398 4637
 ... : 69 135 313 457 726 1245 2464 3840 5610 8401 6454 4645
 ... : 69 135 313 457 726 1239 2456 3788 5598 8424 6502 4664
 ... : 69 135 313 457 726 1239 2456 3788 5604 8477 6547 4672
 ... : 69 135 313 457 726 1239 2456 3788 5636 8534 6581 4673
 ... : 69 135 313 457 726 1239 2456 3789 5647 8593 6637 4674
 ... : 69 135 313 457 726 1239 2456 3789 5649 8624 6710 4675
 ... : 69 135 313 457 726 1239 2456 3789 5645 8623 6776 4731
 ... : 69 135 313 457 726 1237 2456 3788 5637 8576 6719 4683
 ... : 69 135 313 457 726 1237 2456 3788 5635 8575 6778 4740
 ... : 69 135 313 457 726 1237 2456 3788 5634 8573 6831 4796
 ... : 69 135 313 457 726 1237 2456 3788 5634 8580 6880 4848
 ... : 69 135 313 457 726 1237 2456 3788 5635 8586 6920 4881
 ... : 69 135 313 457 726 1237 2456 3788 5635 8592 6972 4939
 ... : 69 135 313 457 726 1237 2456 3788 5635 8600 7027 4988
 ... : 69 135 313 457 726 1237 2456 3788 5635 8601 7066 5050
 ... : 69 135 313 457 726 1237 2456 3788 5631 8601 7123 5089
 ... : 69 135 313 457 726 1237 2456 3788 5632 8637 7174 5108
 ... : 69 135 313 457 726 1237 2456 3788 5632 8637 7236 5168
 ... : 69 135 313 457 726 1237 2456 3788 5630 8641 7299 5226
 ... : 69 135 313 457 726 1237 2456 3787 5627 8643 7362 5282
 ... : 69 135 313 457 726 1237 2456 3787 5626 8651 7411 5346
 ... : 69 135 313 457 726 1237 2456 3787 5626 8654 7451 5428
 ... : 69 135 313 457 726 1237 2456 3787 5626 8658 7514 5488
 ... : 69 135 313 457 726 1237 2456 3787 5625 8659 7572 5555
 ... : 69 135 313 457 726 1237 2456 3787 5624 8661 7634 5608
 ... : 69 135 313 457 726 1237 2456 3787 5623 8656 7683 5660
 ... : 69 135 313 457 726 1237 2456 3787 5623 8658 7739 5723
 ... : 69 135 313 457 726 1237 2456 3787 5624 8672 7791 5772
 ... : 69 135 313 457 726 1237 2456 3787 5625 8677 7848 5830
 ... : 69 135 313 457 726 1237 2456 3787 5625 8684 7898 5888
 ... : 69 135 313 457 726 1237 2456 3786 5624 8685 7943 5936
 ... : 69 135 313 457 726 1237 2456 3786 5623 8674 7944 5982
 ... : 69 135 313 457 726 1237 2456 3786 5622 8677 7982 6037
 ... : 69 135 313 457 726 1237 2456 3786 5621 8672 8007 6130
 ... : 69 135 313 457 726 1237 2456 3786 5621 8676 8061 6198
 ... : 69 135 313 457 726 1237 2456 3786 5621 8677 8079 6290
 ... : 69 135 313 457 726 1237 2456 3786 5621 8677 8080 6367
 ... : 69 135 313 457 726 1236 2456 3786 5621 8676 8093 6432
 ... : 69 135 313 457 726 1236 2456 3786 5618 8680 8147 6474
 ... : 69 135 313 457 726 1236 2456 3786 5618 8694 8191 6508
 ... : 69 135 313 457 726 1236 2456 3786 5616 8712 8240 6548
 ... : 69 135 313 457 726 1236 2456 3786 5616 8711 8289 6599
 ... : 69 135 313 457 726 1236 2456 3786 5615 8715 8333 6650
 ... : 69 135 313 457 726 1236 2456 3786 5615 8730 8385 6681
 ... : 69 135 313 457 726 1236 2456 3786 5617 8743 8439 6723
 ... : 69 135 313 457 726 1236 2456 3786 5614 8756 8487 6741
 ... : 69 135 313 457 726 1236 2456 3786 5614 8755 8541 6801
 ... : 69 135 313 457 726 1236 2456 3786 5615 8765 8589 6853
 ... : 69 135 313 457 726 1236 2456 3786 5616 8795 8649 6877
 ... : 69 135 313 457 726 1236 2456 3786 5613 8791 8705 6940
 ... : 69 135 313 457 726 1236 2456 3786 5613 8792 8758 7003
 ... : 69 135 313 457 726 1236 2456 3786 5613 8797 8793 7063
 ... : 69 135 313 457 726 1236 2456 3786 5613 8796 8842 7139
 ... : 69 135 313 457 726 1236 2456 3786 5612 8794 8851 7217
 ... : 69 135 313 457 726 1236 2456 3786 5612 8792 8867 7275
 ... : 69 135 313 457 726 1236 2456 3786 5614 8823 8912 7296
 ... : 69 135 313 457 726 1236 2456 3785 5598 8824 8969 7315
 ... : 69 135 313 457 726 1236 2456 3785 5598 8824 9033 7372
 ... : 69 135 313 457 726 1236 2456 3785 5597 8824 9085 7432
 ... : 69 135 313 457 726 1236 2456 3785 5596 8821 9123 7484
 ... : 69 135 313 457 726 1236 2456 3785 5594 8799 9150 7545
 ... : 69 135 313 457 726 1236 2456 3785 5594 8818 9195 7564
 ... : 69 135 313 457 726 1236 2456 3785 5594 8821 9253 7627
 ... : 69 135 313 457 726 1236 2456 3785 5594 8828 9310 7691
 ... : 69 135 313 457 726 1236 2456 3785 5594 8835 9369 7740
 ... : 69 135 313 457 726 1236 2456 3785 5595 8858 9430 7769
 ... : 69 135 313 457 726 1236 2456 3784 5595 8867 9484 7814
 ... : 69 135 313 457 726 1236 2456 3784 5593 8868 9537 7863
 ... : 69 135 313 457 726 1236 2456 3784 5593 8871 9601 7922
 ... : 69 135 313 457 726 1236 2456 3784 5593 8879 9661 7978
 ... : 69 135 313 457 726 1236 2456 3784 5593 8881 9716 8040
 ... : 69 135 313 457 726 1236 2456 3781 5583 8839 9745 8067
 ... : 69 135 313 457 726 1236 2456 3781 5583 8842 9768 8141
 ... : 69 135 313 457 726 1236 2456 3781 5583 8825 9748 8214
 ... : 69 135 313 457 726 1236 2456 3781 5583 8828 9777 8300
 ... : 69 135 313 457 726 1236 2456 3781 5582 8837 9827 8352
 ... : 69 135 313 457 726 1236 2456 3781 5582 8835 9869 8415
 ... : 69 135 313 457 726 1236 2456 3781 5582 8840 9918 8469
 ... : 69 135 313 457 726 1236 2456 3781 5580 8835 9947 8539
 ... : 69 135 313 457 726 1236 2456 3781 5579 8829 9985 8594
 ... : 69 135 313 457 726 1236 2456 3781 5578 8824 10012 8656
 ... : 69 135 313 457 726 1236 2456 3781 5582 8828 10023 8706
 ... : 69 135 313 457 726 1236 2456 3781 5575 8869 10084 8725
 ... : 69 135 313 457 726 1236 2456 3781 5576 8881 10131 8779
 ... : 69 135 313 457 726 1236 2456 3781 5576 8886 10179 8846
 ... : 69 135 313 457 726 1236 2456 3780 5579 8889 10200 8900
 ... : 69 135 313 457 726 1236 2456 3778 5570 8919 10250 8906
 ... : 69 135 313 457 726 1236 2456 3778 5568 8913 10296 8957
 ... : 69 135 313 457 726 1236 2456 3778 5567 8929 10346 9006
 ... : 69 135 313 457 726 1236 2456 3778 5567 8941 10398 9061
 ... : 69 135 313 457 726 1236 2456 3778 5568 8935 10436 9139
 ... : 69 135 313 457 726 1236 2456 3778 5563 8925 10297 9109
 ... : 69 135 313 457 726 1236 2456 3778 5556 8928 10287 9144
 ... : 69 135 313 457 726 1236 2456 3778 5556 8942 10330 9163
 ... : 69 135 313 457 726 1236 2456 3778 5555 8946 10379 9232
 ... : 69 135 313 457 726 1236 2456 3778 5555 8954 10433 9279
 ... : 69 135 313 457 726 1236 2456 3778 5556 8971 10489 9318
 ... : 69 135 313 457 726 1236 2456 3778 5551 9003 10523 9346
 ... : 69 135 313 457 726 1236 2456 3778 5550 9024 10576 9387
 ... : 69 135 313 457 726 1236 2456 3778 5550 9041 10622 9443
 ... : 69 135 313 457 726 1235 2455 3776 5534 9015 10633 9483
 ... : 69 135 313 457 726 1235 2455 3776 5529 9009 10633 9528
 ... : 69 135 313 457 726 1235 2455 3776 5525 9008 10635 9578
 ... : 69 135 313 457 726 1235 2455 3776 5525 9001 10651 9633
 ... : 69 135 313 457 726 1235 2455 3776 5525 9014 10704 9673
 ... : 69 135 313 457 726 1235 2455 3776 5524 9018 10734 9725
 ... : 69 135 313 457 726 1235 2455 3775 5514 8980 10654 9775
 ... : 69 135 313 457 726 1235 2455 3775 5513 8997 10702 9820
 ... : 69 135 313 457 726 1235 2455 3775 5512 9007 10751 9860
 ... : 69 135 313 457 726 1235 2455 3775 5510 9018 10793 9920
 ... : 69 135 313 457 726 1235 2455 3775 5509 9036 10827 9962
 ... : 69 135 313 457 726 1235 2455 3775 5509 9054 10873 10011
 ... : 69 135 313 457 726 1235 2455 3775 5508 9064 10892 10052
 ... : 69 135 313 457 726 1235 2455 3775 5508 9073 10936 10104
 ... : 69 135 313 457 726 1235 2456 3787 5524 9086 10964 10113
 ... : 69 135 313 457 726 1235 2453 3785 5506 9050 10972 10127
 ... : 69 135 313 457 726 1235 2453 3785 5500 9023 10949 10204
 ... : 69 135 313 457 726 1235 2453 3784 5499 9011 10950 10290
 ... : 69 135 313 457 726 1235 2452 3784 5498 9010 10973 10359
 ... : 69 135 313 457 726 1235 2452 3784 5496 9009 10976 10379
 ... : 69 135 313 457 726 1235 2452 3784 5495 9014 11015 10417
 ... : 69 135 313 457 726 1235 2452 3784 5496 9020 11082 10467
 ... : 69 135 313 457 726 1235 2452 3784 5497 9032 11139 10525
 ... : 69 135 313 457 726 1235 2452 3784 5494 9058 11186 10563
 ... : 69 135 313 457 726 1235 2452 3784 5499 9074 11237 10596
 ... : 69 135 313 457 726 1235 2452 3784 5501 9082 11260 10652
 ... : 69 135 313 457 726 1235 2452 3784 5506 9093 11315 10692
 ... : 69 135 313 457 726 1235 2452 3784 5508 9100 11356 10747
 ... : 69 135 313 457 726 1235 2452 3784 5508 9102 11395 10819
 ... : 69 135 313 457 726 1235 2452 3784 5508 9109 11440 10873
 ... : 69 135 313 457 726 1235 2452 3783 5500 9126 11487 10925
 ... : 69 135 313 457 726 1235 2452 3782 5496 9147 11525 10933
 ... : 69 135 313 457 726 1235 2452 3782 5498 9181 11574 10956
 ... : 69 135 313 457 726 1235 2452 3778 5492 9203 11623 10976
 ... : 69 135 313 457 726 1235 2452 3779 5488 9199 11669 11018
 ... : 69 135 313 457 726 1235 2452 3779 5488 9198 11702 11088
 ... : 69 135 313 457 726 1235 2452 3779 5487 9199 11756 11154
 ... : 69 135 313 457 726 1235 2452 3779 5487 9210 11800 11210
 ... : 69 135 313 457 726 1235 2452 3779 5487 9206 11846 11279
 ... : 69 135 313 457 726 1235 2452 3774 5471 9166 11827 11354
 ... : 69 135 313 457 726 1235 2452 3774 5470 9150 11838 11411
 ... : 69 135 313 457 726 1234 2450 3774 5470 9140 11838 11442
  13 : 69 135 305 451 700 1151 2330 3578 4393 6551 8958 10916 3162
 ... : 69 135 305 451 700 1151 2330 3578 4393 6539 8961 10927 3193
 ... : 69 135 305 451 700 1151 2330 3577 4391 6534 8951 10956 3220
 ... : 69 135 305 451 700 1151 2330 3577 4391 6540 8961 11008 3267
 ... : 69 135 305 451 700 1151 2330 3577 4391 6549 9002 11052 3267
 ... : 69 135 305 451 700 1151 2330 3577 4391 6549 9003 11110 3323
 ... : 69 135 305 451 700 1151 2330 3577 4394 6568 9023 11151 3350
 ... : 69 135 305 451 700 1151 2330 3577 4394 6568 9028 11219 3401
 ... : 69 135 305 451 700 1151 2330 3577 4394 6568 9029 11266 3461
 ... : 69 135 305 451 700 1151 2330 3577 4394 6568 9033 11323 3518
 ... : 69 135 305 451 700 1151 2330 3577 4394 6569 9047 11384 3563
 ... : 69 135 305 451 700 1151 2330 3577 4394 6569 9045 11440 3621
 ... : 69 135 305 451 700 1151 2330 3577 4394 6569 9042 11493 3673
 ... : 69 135 305 451 700 1151 2330 3577 4394 6568 9046 11545 3730
 ... : 69 135 305 451 700 1151 2330 3577 4394 6568 9048 11606 3797
 ... : 69 135 305 451 700 1151 2330 3577 4394 6568 9048 11672 3862
 ... : 69 135 305 451 700 1151 2330 3577 4394 6568 9033 11732 3921
 ... : 69 135 305 451 700 1151 2330 3577 4394 6570 9036 11784 3956
 ... : 69 135 305 451 700 1151 2330 3577 4394 6570 9046 11843 4003
 ... : 69 135 305 451 700 1151 2330 3577 4394 6570 9060 11904 4051
 ... : 69 135 305 451 700 1151 2330 3577 4394 6570 9069 11964 4108
 ... : 69 135 305 451 700 1151 2330 3577 4394 6570 9075 12022 4153
 ... : 69 135 305 451 700 1151 2330 3577 4394 6570 9079 12075 4233
 ... : 69 135 305 451 700 1151 2330 3577 4394 6573 9111 12134 4262
 ... : 69 135 305 451 700 1151 2330 3577 4394 6576 9131 12176 4299
 ... : 69 135 305 451 700 1151 2330 3577 4394 6576 9143 12231 4350
 ... : 69 135 305 451 700 1151 2330 3577 4394 6576 9147 12288 4411
 ... : 69 135 305 451 700 1151 2330 3577 4394 6576 9152 12329 4498
 ... : 69 135 305 451 700 1151 2330 3577 4394 6576 9159 12394 4554
 ... : 69 135 305 451 700 1151 2330 3577 4394 6576 9158 12449 4618
 ... : 69 135 305 451 700 1151 2330 3577 4394 6576 9159 12492 4684
 ... : 69 135 305 451 700 1151 2330 3577 4394 6576 9159 12556 4736
 ... : 69 135 305 451 700 1151 2330 3577 4394 6576 9162 12609 4798
 ... : 69 135 305 451 700 1151 2330 3577 4394 6576 9162 12663 4863
 ... : 69 135 305 451 700 1151 2330 3577 4394 6576 9159 12716 4923
 ... : 69 135 305 451 700 1151 2330 3577 4394 6576 9169 12774 4975
 ... : 69 135 305 451 700 1151 2330 3577 4394 6576 9151 12800 5030
 ... : 69 135 305 451 700 1151 2330 3577 4394 6576 9150 12864 5086
 ... : 69 135 305 451 700 1151 2330 3577 4394 6576 9147 12904 5156
 ... : 69 135 305 451 700 1151 2330 3577 4394 6576 9151 12936 5221
 ... : 69 135 305 451 700 1151 2330 3577 4394 6580 9161 12984 5272
 ... : 69 135 305 451 700 1151 2330 3577 4394 6579 9163 13040 5320
 ... : 69 135 305 451 700 1151 2330 3577 4394 6579 9164 13102 5368
 ... : 69 135 305 451 700 1151 2330 3577 4394 6580 9172 13159 5429
 ... : 69 135 305 451 700 1151 2330 3577 4394 6582 9171 13201 5496
 ... : 69 135 305 451 700 1151 2330 3577 4394 6582 9177 13259 5556
 ... : 69 135 305 451 700 1151 2330 3577 4394 6584 9193 13314 5596
 ... : 69 135 305 451 700 1151 2330 3577 4394 6590 9214 13374 5632
 ... : 69 135 305 451 700 1151 2330 3577 4394 6590 9222 13427 5690
 ... : 69 135 305 451 700 1151 2330 3577 4394 6590 9228 13467 5761
 ... : 69 135 305 451 700 1151 2330 3577 4394 6583 9220 13521 5825
 ... : 69 135 305 451 700 1151 2330 3577 4394 6591 9244 13566 5860
 ... : 69 135 305 451 700 1151 2330 3577 4394 6593 9259 13612 5913
 ... : 69 135 305 451 700 1151 2330 3577 4394 6593 9260 13643 5984
 ... : 69 135 305 451 700 1151 2330 3577 4394 6592 9260 13684 6033
 ... : 69 135 305 451 700 1151 2330 3577 4394 6591 9258 13697 6104
 ... : 69 135 305 451 700 1151 2330 3577 4394 6592 9253 13730 6142
 ... : 69 135 305 451 700 1151 2330 3577 4394 6594 9258 13768 6177
 ... : 69 135 305 451 700 1151 2330 3577 4394 6594 9260 13805 6233
 ... : 69 135 305 451 700 1151 2330 3577 4394 6594 9260 13835 6293
 ... : 69 135 305 451 700 1151 2330 3577 4393 6589 9256 13884 6348
 ... : 69 135 305 451 700 1151 2330 3577 4393 6589 9256 13928 6422
 ... : 69 135 305 451 700 1151 2330 3577 4392 6589 9220 13965 6466
 ... : 69 135 305 451 700 1151 2330 3577 4392 6589 9223 14002 6525
 ... : 69 135 305 451 700 1151 2330 3577 4392 6591 9244 14056 6569
 ... : 69 135 305 451 700 1151 2330 3577 4389 6608 9260 14082 6599
 ... : 69 135 305 451 700 1151 2330 3577 4389 6608 9276 14136 6640
 ... : 69 135 305 451 700 1151 2330 3577 4389 6609 9309 14199 6664
 ... : 69 135 305 451 700 1151 2330 3577 4389 6609 9313 14202 6719
 ... : 69 135 305 451 700 1151 2330 3577 4389 6611 9327 14248 6768
 ... : 69 135 305 451 700 1151 2330 3577 4389 6614 9337 14291 6831
 ... : 69 135 305 451 700 1151 2330 3577 4389 6614 9358 14345 6879
 ... : 69 135 305 451 700 1151 2330 3577 4389 6616 9368 14399 6934
 ... : 69 135 305 451 700 1151 2330 3577 4389 6624 9386 14441 6985
 ... : 69 135 305 451 700 1151 2330 3577 4389 6624 9385 14501 7055
 ... : 69 135 305 451 700 1151 2330 3577 4389 6624 9392 14538 7121
 ... : 69 135 305 451 700 1151 2330 3577 4389 6624 9393 14588 7187
 ... : 69 135 305 451 700 1151 2330 3577 4389 6624 9396 14627 7253
 ... : 69 135 305 451 700 1151 2330 3577 4389 6620 9364 14618 7306
 ... : 69 135 305 451 700 1151 2330 3577 4389 6620 9362 14676 7360
 ... : 69 135 305 451 700 1151 2330 3577 4389 6619 9365 14726 7424
 ... : 69 135 305 451 700 1151 2330 3577 4388 6612 9342 14740 7475
 ... : 69 135 305 451 700 1151 2330 3577 4388 6612 9343 14794 7532
 ... : 69 135 305 451 700 1151 2330 3577 4388 6612 9346 14845 7596
 ... : 69 135 305 451 700 1151 2330 3577 4388 6609 9343 14855 7661
 ... : 69 135 305 451 700 1151 2330 3577 4388 6609 9340 14858 7726
 ... : 69 135 305 451 700 1151 2330 3577 4389 6605 9296 14772 7783
 ... : 69 135 305 451 700 1151 2330 3577 4389 6596 9250 14620 7844
 ... : 69 135 305 451 700 1151 2330 3577 4389 6599 9272 14677 7882
 ... : 69 135 305 451 700 1151 2330 3577 4389 6610 9306 14709 7912
 ... : 69 135 305 451 700 1151 2330 3577 4389 6610 9321 14772 7950
 ... : 69 135 305 451 700 1151 2330 3577 4389 6604 9324 14828 8003
 ... : 69 135 305 451 700 1151 2330 3577 4388 6613 9356 14871 8021
 ... : 69 135 305 451 700 1151 2330 3577 4388 6612 9364 14928 8069
 ... : 69 135 305 451 700 1151 2330 3577 4388 6612 9373 14973 8128
 ... : 69 135 305 451 700 1151 2330 3577 4388 6613 9392 15031 8176
 ... : 69 135 305 451 700 1151 2330 3577 4388 6613 9377 15058 8233
 ... : 69 135 305 451 700 1151 2330 3577 4388 6613 9392 15115 8284
 ... : 69 135 305 451 700 1151 2330 3577 4388 6613 9400 15178 8343
 ... : 69 135 305 451 700 1151 2330 3577 4388 6613 9407 15235 8408
 ... : 69 135 305 451 700 1151 2330 3577 4388 6613 9421 15294 8455
 ... : 69 135 305 451 700 1151 2330 3577 4388 6613 9424 15352 8512
 ... : 69 135 305 451 700 1151 2330 3577 4388 6611 9429 15413 8575
 ... : 69 135 305 451 700 1151 2330 3577 4388 6611 9437 15470 8634
 ... : 69 135 305 451 700 1151 2330 3577 4388 6611 9458 15526 8681
 ... : 69 135 305 451 700 1151 2330 3577 4388 6611 9470 15584 8741
 ... : 69 135 305 451 700 1151 2330 3577 4388 6611 9473 15631 8812
 ... : 69 135 305 451 700 1151 2330 3577 4388 6611 9477 15670 8873
 ... : 69 135 305 451 700 1151 2330 3577 4388 6610 9480 15730 8930
 ... : 69 135 305 451 700 1151 2330 3577 4388 6610 9479 15780 8993
 ... : 69 135 305 451 700 1151 2330 3577 4388 6610 9494 15836 9042
 ... : 69 135 305 451 700 1151 2330 3577 4388 6613 9521 15886 9083
 ... : 69 135 305 451 700 1151 2330 3577 4388 6614 9538 15940 9121
 ... : 69 135 305 451 700 1151 2330 3577 4388 6613 9533 15967 9186
 ... : 69 135 305 451 700 1151 2330 3577 4388 6613 9549 16014 9227
 ... : 69 135 305 451 700 1151 2330 3577 4388 6611 9561 16080 9268
 ... : 69 135 305 451 700 1151 2330 3577 4388 6610 9568 16129 9332
 ... : 69 135 305 451 700 1151 2330 3577 4388 6611 9579 16174 9376
 ... : 69 135 305 451 700 1151 2330 3577 4388 6611 9590 16215 9429
 ... : 69 135 305 451 700 1151 2330 3577 4388 6617 9602 16260 9483
 ... : 69 135 305 451 700 1151 2330 3577 4388 6615 9622 16313 9520
 ... : 69 135 305 451 700 1151 2330 3577 4388 6616 9624 16366 9573
 ... : 69 135 305 451 700 1151 2330 3577 4388 6615 9626 16421 9626
 ... : 69 135 305 451 700 1151 2330 3577 4388 6614 9635 16472 9680
 ... : 69 135 305 451 700 1151 2330 3577 4388 6617 9648 16501 9748
 ... : 69 135 305 451 700 1151 2330 3577 4388 6617 9646 16533 9840
 ... : 69 135 305 451 700 1151 2330 3577 4388 6617 9623 16559 9888
 ... : 69 135 305 451 700 1151 2330 3577 4388 6617 9636 16623 9936
 ... : 69 135 305 451 700 1151 2330 3577 4388 6617 9646 16671 9999
 ... : 69 135 305 451 700 1151 2330 3577 4388 6618 9649 16722 10059
 ... : 69 135 305 451 700 1151 2330 3577 4387 6627 9642 16757 10088
 ... : 69 135 305 451 700 1151 2330 3577 4386 6637 9690 16798 10088
 ... : 69 135 305 451 700 1151 2330 3577 4386 6639 9704 16858 10135
 ... : 69 135 305 451 700 1151 2330 3577 4386 6639 9708 16917 10198
 ... : 69 135 305 451 700 1151 2330 3577 4386 6639 9716 16974 10263
 ... : 69 135 305 451 700 1151 2330 3577 4386 6642 9730 17023 10316
 ... : 69 135 305 451 700 1151 2330 3577 4386 6646 9732 17047 10370
 ... : 69 135 305 451 700 1151 2330 3577 4386 6647 9740 17096 10430
 ... : 69 135 305 451 700 1151 2330 3577 4386 6647 9769 17109 10446
