initialized model with 1079 latches, 74 inputs and 1 properties
tsim: performed 29 steps
tsim: found cycle from 24
checking bound 0
checking bound 1
checking bound 2
tdecomp: unrolling 2 cycles
tsim: performed 27 steps
tsim: found cycle from 22
tsim: found 2 constants and 0 latch equivalences
tdecomp: (1079, 296) -> (1077, 93)
   2 : 5 1
   3 : 5 49 0
 ... : 7 83 88
   4 : 4 14 109 16
   5 : 2 7 13 11 130
   6 : 2 7 13 11 43 87
   7 : 2 7 13 11 43 1 86
   8 : 2 7 13 11 43 1 1 85
 ... : 2 7 13 10 51 15 14 107
   9 : 2 6 7 11 45 14 9 5 116
  10 : 2 6 7 11 45 14 9 5 5 114
  11 : 2 6 7 11 45 14 9 5 5 13 108
 ... : 2 6 11 18 49 23 17 8 11 21 123
 ... : 2 5 12 13 46 18 15 14 18 29 135
 ... : 2 5 12 12 46 17 20 19 22 31 162
 ... : 2 5 12 12 46 17 21 16 21 32 177
 ... : 2 5 12 12 47 16 21 15 31 58 206
 ... : 2 5 12 9 52 17 24 15 36 62 214
 ... : 2 5 12 9 56 21 28 16 41 68 221
 ... : 2 5 12 9 58 24 27 14 43 69 241
  12 : 2 5 8 9 62 17 23 8 40 55 132 156
 ... : 2 5 8 9 62 17 23 8 40 56 145 269
  13 : 2 5 8 9 62 17 23 8 40 56 133 103 183
 ... : 2 5 8 9 62 17 23 8 40 57 132 94 280
  14 : 2 5 8 9 62 17 23 8 40 55 124 110 294 61
 ... : 2 5 8 9 62 17 24 10 41 56 124 112 303 196
 ... : 2 5 8 9 62 17 24 10 41 56 124 112 303 397
 ... : 2 5 8 9 62 17 24 10 41 56 124 122 346 475
  15 : 2 5 8 9 62 17 23 8 5 8 54 82 384 433 97
 ... : 2 5 8 9 62 17 23 8 5 7 53 81 386 458 182
 ... : 2 5 8 9 62 17 23 8 5 7 53 81 392 477 295
 ... : 2 5 8 9 62 17 23 8 5 7 53 81 392 510 382
 ... : 2 5 8 9 62 17 23 8 5 7 52 81 413 536 441
 ... : 2 5 8 9 62 17 23 8 5 7 52 81 420 559 541
 ... : 2 5 8 9 62 17 23 8 5 7 50 80 427 565 672
 ... : 2 5 8 9 62 17 23 8 5 7 48 80 442 601 728
 ... : 2 5 8 9 62 17 23 8 5 7 46 79 450 626 800
 ... : 2 5 8 9 62 17 23 8 5 7 41 77 462 665 842
 ... : 2 5 8 9 62 17 23 8 5 7 39 73 484 699 884
  16 : 2 5 8 9 62 17 23 8 5 7 5 77 500 595 509 411
 ... : 2 5 8 9 62 17 23 8 5 7 5 77 492 599 525 491
 ... : 2 5 8 9 62 17 23 8 5 7 5 77 492 597 551 590
 ... : 2 5 8 9 62 17 23 8 5 7 5 77 492 598 566 672
  17 : 2 5 8 9 62 17 22 8 6 6 5 77 493 576 497 451 356
 ... : 2 5 8 9 62 17 22 8 6 6 5 77 493 576 502 480 424
 ... : 2 5 8 9 62 17 22 8 6 6 5 77 498 581 506 494 462
 ... : 2 5 8 9 62 17 22 8 6 6 5 77 498 579 487 494 532
 ... : 2 5 8 9 62 17 22 8 6 6 5 77 498 579 481 512 590
 ... : 2 5 8 9 62 17 22 8 6 6 5 77 498 577 473 522 644
 ... : 2 5 8 9 62 17 22 8 6 6 5 77 498 576 474 543 718
 ... : 2 5 8 9 62 17 22 8 6 6 5 77 499 572 473 544 815
  18 : 2 5 8 9 62 17 22 8 6 6 5 77 498 539 355 372 403 559
 ... : 2 5 9 10 63 19 22 8 6 7 5 77 498 539 358 375 412 654
 ... : 2 5 9 11 65 18 21 7 6 4 4 77 500 543 365 387 420 665
 ... : 2 5 9 11 65 18 21 7 6 4 4 77 499 539 367 378 426 717
 ... : 2 5 9 11 65 18 21 7 6 4 4 77 499 529 359 372 417 782
 ... : 2 5 9 11 65 18 21 7 6 4 4 77 498 528 357 381 434 809
  19 : 1 3 6 7 62 18 22 7 6 4 4 38 326 351 214 230 174 178 631
 ... : 1 3 6 7 62 18 22 7 6 4 4 38 326 328 198 223 172 174 695
  20 : 1 3 6 7 62 18 22 7 6 4 4 38 326 324 191 217 165 169 245 516
 ... : 1 3 6 7 62 18 22 7 6 4 4 38 326 324 191 217 166 179 275 573
 ... : 1 3 6 7 62 18 22 7 6 4 4 38 326 324 190 217 171 189 277 585
 ... : 1 3 6 7 62 18 22 7 6 4 4 38 326 324 190 216 168 193 288 719
  21 : 1 3 6 7 62 18 22 7 6 4 4 38 319 254 187 215 154 175 275 358 446
 ... : 1 3 6 7 62 18 22 7 6 4 4 38 319 254 187 215 154 175 275 381 543
 ... : 1 3 6 7 62 18 22 7 6 4 4 38 319 254 187 215 154 175 275 430 628
 ... : 1 3 6 7 62 18 22 7 6 4 4 38 319 254 187 215 154 175 275 452 699
 ... : 1 3 6 7 62 18 22 7 6 4 4 38 319 254 187 215 154 176 284 483 769
 ... : 1 3 6 7 62 18 22 7 6 4 4 38 319 254 187 215 154 179 300 507 789
 ... : 1 3 6 7 62 18 22 7 6 4 4 38 319 254 188 217 154 179 301 526 863
  22 : 1 3 6 7 62 18 22 7 6 4 4 38 319 254 188 215 152 169 282 457 510 397
 ... : 1 3 6 7 62 18 22 7 6 4 4 38 319 254 188 215 152 169 282 456 530 493
 ... : 1 3 6 7 62 18 22 7 6 4 4 38 319 254 188 215 152 169 282 463 550 542
 ... : 1 3 6 7 62 18 22 7 6 4 4 38 319 254 188 215 152 169 282 466 547 617
 ... : 1 3 6 7 62 18 22 7 6 4 4 38 319 254 188 215 152 169 284 477 573 656
 ... : 1 3 6 7 62 18 22 7 6 4 4 38 319 254 188 215 152 169 283 480 590 702
 ... : 1 3 6 7 62 18 22 7 6 4 4 38 319 254 188 215 152 169 283 485 607 792
 ... : 1 3 6 7 62 18 22 7 6 4 4 38 319 254 188 215 152 169 283 498 636 852
 ... : 1 3 6 7 62 18 22 7 6 4 4 38 319 254 188 214 152 169 287 514 659 879
 ... : 1 3 6 7 62 18 22 7 6 4 4 38 319 254 188 214 152 171 287 514 649 937
  23 : 1 3 6 7 62 18 22 7 6 4 4 38 319 252 186 207 148 164 263 452 522 413 634
 ... : 1 3 6 7 62 18 22 7 6 4 4 38 319 252 186 207 148 164 263 457 538 429 680
 ... : 1 3 6 7 62 18 22 7 6 4 4 38 319 252 186 207 148 164 263 459 548 460 716
 ... : 1 3 6 7 62 18 22 7 6 4 4 38 319 252 186 207 148 164 263 460 555 473 761
 ... : 1 3 6 7 62 18 22 7 6 4 4 38 319 252 186 207 148 164 265 462 557 492 824
 ... : 1 3 6 7 62 18 22 7 6 4 4 38 319 252 186 207 148 164 265 468 570 509 878
 ... : 1 3 6 7 62 18 22 7 6 4 4 38 319 252 186 207 148 164 264 470 571 530 908
 ... : 1 3 6 7 62 18 22 7 6 4 4 38 319 252 186 207 148 164 265 477 582 555 961
 ... : 1 3 6 7 62 18 22 7 6 4 4 38 319 252 186 209 154 166 273 487 585 565 986
 ... : 1 3 6 7 62 18 22 7 6 4 4 38 319 252 186 212 158 168 276 493 593 577 991
 ... : 1 3 6 7 62 18 22 7 6 4 4 38 319 252 186 212 159 168 278 492 601 596 1009
 ... : 1 3 6 7 62 18 22 7 6 4 4 38 319 252 186 212 159 168 278 493 604 615 1043
 ... : 1 3 6 7 62 18 22 7 6 4 4 38 319 252 186 212 158 167 259 444 508 527 1007
 ... : 1 3 6 7 62 18 22 7 6 4 4 38 319 252 186 212 158 167 259 447 523 561 1055
 ... : 1 3 6 7 62 18 22 7 6 4 4 38 319 252 186 212 158 168 259 447 534 579 1091
  24 : 1 3 6 7 62 18 22 7 6 4 4 38 319 223 165 202 147 117 130 206 251 282 351 971
 ... : 1 3 6 7 62 18 22 7 6 4 4 38 319 223 165 202 147 117 131 206 250 283 343 1029
 ... : 1 3 6 7 62 18 22 7 6 4 4 38 319 223 165 204 152 118 132 208 248 286 346 1058
 ... : 1 3 6 7 62 18 22 7 6 4 4 38 319 223 165 204 152 119 137 206 252 293 364 1078
 ... : 1 3 6 7 62 18 22 7 6 4 4 38 319 223 165 204 152 120 139 205 245 302 360 1086
 ... : 1 3 6 7 62 18 22 7 6 4 4 38 319 223 167 204 150 120 143 202 247 308 361 1090
  25 : 1 3 6 7 62 18 22 7 6 4 4 38 319 223 164 194 122 131 126 175 172 165 162 222 1046
 ... : 1 3 6 7 62 18 22 7 6 4 4 38 319 221 171 193 126 134 126 175 173 169 168 231 1069
 ... : 1 3 6 7 62 18 22 7 6 4 4 38 319 221 171 189 124 140 131 178 184 174 170 236 1085
 ... : 1 3 6 7 62 18 22 7 6 4 4 38 319 221 174 199 126 140 133 183 179 171 174 244 1098
 ... : 1 3 6 7 62 18 22 7 6 4 4 38 319 220 172 200 127 145 136 185 180 171 174 244 1115
 ... : 1 3 6 7 62 18 22 7 6 4 4 38 319 225 182 200 128 145 136 185 180 177 180 241 1128
 ... : 1 3 6 7 62 18 22 7 6 4 4 38 319 225 182 200 130 151 148 192 192 179 183 246 1131
 ... : 1 3 6 7 62 18 22 7 6 4 4 38 319 225 182 202 135 155 144 191 193 180 186 249 1132
 ... : 1 3 6 7 62 18 22 7 6 4 4 38 319 225 182 208 150 156 146 192 195 181 183 249 1133
 ... : 1 3 6 7 62 18 22 7 6 4 4 38 319 225 182 208 150 156 146 193 204 187 183 255 1154
 ... : 1 3 6 7 62 18 22 7 6 4 4 38 319 225 182 211 151 158 146 199 216 188 182 250 1161
 ... : 1 3 6 7 62 18 22 7 6 4 4 38 319 225 183 219 154 161 152 202 216 189 182 250 1161
 ... : 1 3 6 7 62 18 22 7 6 4 4 38 319 225 183 222 150 156 145 197 208 187 182 252 1174
 ... : 1 3 6 7 62 18 22 7 6 4 4 38 319 225 183 222 150 156 145 198 205 190 185 262 1183
 ... : 1 3 6 7 62 18 22 7 6 4 4 38 319 225 183 222 150 156 146 200 202 190 184 263 1199
 ... : 1 3 6 7 62 18 22 7 6 4 4 38 319 225 180 218 149 154 152 206 211 193 185 264 1203
  26 : 1 3 6 7 62 18 22 7 6 4 4 38 319 218 163 179 127 150 137 165 153 173 143 215 374 931
 ... : 1 3 6 7 62 18 22 7 6 4 4 38 319 218 163 179 127 151 140 168 164 177 152 219 380 962
 ... : 1 3 6 7 62 18 22 7 6 4 4 38 319 218 163 179 127 153 140 165 161 173 150 229 397 1008
 ... : 1 3 6 7 62 18 22 7 6 4 4 38 319 218 163 179 127 154 140 163 161 177 159 235 401 1023
 ... : 1 3 6 7 62 18 22 7 6 4 4 38 319 218 163 179 127 151 136 162 165 184 173 245 406 1036
 ... : 1 3 6 7 62 18 22 7 6 4 4 38 319 218 163 179 127 151 137 168 163 182 172 246 420 1040
 ... : 1 3 6 7 62 18 22 7 6 4 4 38 319 218 163 179 127 151 138 166 164 186 193 257 431 1053
 ... : 1 3 6 7 62 18 22 7 6 4 4 38 319 218 163 179 127 149 143 163 169 193 198 259 436 1061
 ... : 1 3 6 7 62 18 22 7 6 4 4 38 319 218 163 179 128 148 137 174 167 186 193 260 433 1065
 ... : 1 3 6 7 62 18 22 7 6 4 4 38 319 218 163 179 128 147 136 167 170 194 201 276 453 1078
 ... : 1 3 6 7 62 18 22 7 6 4 4 38 319 218 163 178 128 148 139 176 169 194 200 282 464 1087
  27 : 1 3 6 7 62 18 22 7 6 4 4 38 319 206 151 166 104 123 116 138 130 156 143 215 365 488 801
 ... : 1 3 6 7 62 18 22 7 6 4 4 38 319 206 151 166 104 123 117 140 131 156 143 218 373 515 874
 ... : 1 3 6 7 62 18 22 7 6 4 4 38 319 206 151 166 104 123 119 144 141 167 157 222 375 518 895
 ... : 1 3 6 7 62 18 22 7 6 4 4 38 319 206 151 166 104 124 120 148 152 174 160 222 375 535 932
 ... : 1 3 6 7 62 18 22 7 6 4 4 38 319 206 151 166 104 124 120 148 154 175 171 224 375 550 973
 ... : 1 3 6 7 62 18 22 7 6 4 4 38 319 206 151 166 104 124 121 147 156 176 184 225 375 565 1002
 ... : 1 3 6 7 62 18 22 7 6 4 4 38 319 206 151 166 104 125 121 151 158 175 187 227 375 599 1006
 ... : 1 3 6 7 62 18 22 7 6 4 4 38 319 206 151 166 104 126 119 150 158 174 179 230 384 607 1009
 ... : 1 3 6 7 62 18 22 7 6 4 4 38 319 206 151 166 104 126 119 150 158 174 179 230 384 627 1073
 ... : 1 3 6 7 62 18 22 7 6 4 4 38 319 206 151 166 104 126 119 150 158 174 179 230 389 654 1122
 ... : 1 3 6 7 62 18 22 7 6 4 4 38 319 206 151 166 105 127 122 156 167 185 178 232 395 665 1137
 ... : 1 3 6 7 62 18 22 7 6 4 4 38 319 206 151 166 104 126 122 155 163 187 187 244 405 675 1143
 ... : 1 3 6 7 62 18 22 7 6 4 4 38 319 206 151 166 104 127 122 150 164 183 184 241 406 676 1147
 ... : 1 3 6 7 62 18 22 7 6 4 4 38 319 206 151 166 105 129 125 155 170 189 197 244 408 679 1147
 ... : 1 3 6 7 62 18 22 7 6 4 4 38 319 206 151 166 105 129 124 155 174 197 214 260 411 686 1151
 ... : 1 3 6 7 62 18 22 7 6 4 4 38 319 206 151 166 105 129 122 159 174 189 204 260 417 692 1151
 ... : 1 3 6 7 62 18 22 7 6 4 4 38 319 206 151 166 105 129 122 158 178 192 208 256 425 706 1177
 ... : 1 3 6 7 62 18 22 7 6 4 4 38 319 206 151 166 105 129 122 163 185 197 218 266 428 710 1181
 ... : 1 3 6 7 62 18 22 7 6 4 4 38 319 206 151 166 105 129 121 161 179 192 214 266 440 731 1187
 ... : 1 3 6 7 62 18 22 7 6 4 4 38 319 206 151 166 105 129 124 171 183 197 221 266 441 735 1199
 ... : 1 3 6 7 62 18 22 7 6 4 4 38 319 206 151 166 105 129 124 172 186 193 220 268 451 747 1212
  28 : 1 3 6 7 62 18 22 7 6 4 4 38 319 198 136 155 95 119 105 124 136 147 147 193 349 486 352 1032
 ... : 1 3 6 7 62 18 22 7 6 4 4 38 319 198 136 155 95 119 105 124 136 147 145 193 352 496 378 1074
 ... : 1 3 6 7 62 18 22 7 6 4 4 38 319 198 136 155 95 119 104 127 138 146 148 201 357 496 380 1074
 ... : 1 3 6 7 62 18 22 7 6 4 4 38 319 202 142 157 99 120 108 130 138 145 148 201 357 505 397 1079
 ... : 1 3 6 7 62 18 22 7 6 4 4 38 319 201 142 157 99 120 108 130 138 145 148 203 355 515 414 1110
 ... : 1 3 6 7 62 18 22 7 6 4 4 38 319 201 142 157 99 120 108 130 137 144 148 203 352 520 428 1191
 ... : 1 3 6 7 62 18 22 7 6 4 4 38 319 201 142 157 99 120 108 130 137 144 148 203 352 534 435 1252
  29 : 1 3 6 7 62 18 22 7 6 4 4 38 319 193 130 159 94 108 90 116 116 132 127 157 343 448 342 434 917
 ... : 1 3 6 7 62 18 22 7 6 4 4 38 319 193 130 159 94 108 90 116 116 132 127 157 343 453 355 448 961
 ... : 1 3 6 7 62 18 22 7 6 4 4 38 319 193 130 159 94 108 90 116 116 132 127 157 344 468 379 475 995
 ... : 1 3 6 7 62 18 22 7 6 4 4 38 319 193 130 159 94 108 90 116 116 132 127 163 358 477 387 476 997
 ... : 1 3 6 7 62 18 22 7 6 4 4 38 319 193 130 159 94 108 90 116 117 134 128 162 366 490 399 488 1011
 ... : 1 3 6 7 62 18 22 7 6 4 4 38 319 193 130 159 94 108 90 116 117 134 129 179 369 495 402 488 1011
 ... : 1 3 6 7 62 18 22 7 6 4 4 38 319 193 130 159 94 108 90 116 117 134 128 173 358 487 404 517 1019
 ... : 1 3 6 7 62 18 22 7 6 4 4 38 319 193 130 159 94 108 90 116 117 134 125 172 363 497 411 523 1021
 ... : 1 3 6 7 62 18 22 7 6 4 4 38 319 193 130 159 94 108 90 116 117 134 123 177 362 494 422 539 1028
 ... : 1 3 6 7 62 18 22 7 6 4 4 38 319 193 130 159 94 108 90 115 117 134 127 183 366 498 419 539 1027
 ... : 1 3 6 7 62 18 22 7 6 4 4 38 319 193 130 159 94 108 90 115 117 134 127 182 379 505 422 544 1031
 ... : 1 3 6 7 62 18 22 7 6 4 4 38 319 193 130 159 94 108 90 115 117 134 128 189 389 513 437 554 1034
 ... : 1 3 6 7 62 18 22 7 6 4 4 38 319 193 130 159 94 108 90 115 117 134 128 197 407 529 442 559 1040
 ... : 1 3 6 7 62 18 22 7 6 4 4 38 319 193 130 159 94 108 90 116 126 154 137 201 408 529 442 559 1040
 ... : 1 3 6 7 62 18 22 7 6 4 4 38 319 193 130 159 94 108 90 118 129 153 140 201 409 534 452 568 1056
 ... : 1 3 6 7 62 18 22 7 6 4 4 38 319 193 130 159 94 108 90 118 129 153 140 201 407 535 454 573 1098
  30 : 1 3 6 7 62 18 22 7 6 4 4 38 319 169 110 153 84 96 80 103 103 112 109 82 98 148 164 322 192 1343
 ... : 1 3 6 7 62 18 22 7 6 4 4 38 319 169 111 160 90 101 91 105 103 113 112 92 103 158 167 323 194 1380
 ... : 1 3 6 7 62 18 22 7 6 4 4 38 319 169 110 160 90 101 91 105 103 114 112 93 104 160 168 332 205 1395
 ... : 1 3 6 7 62 18 22 7 6 4 4 38 319 169 110 160 90 101 92 106 103 116 114 94 109 162 168 335 209 1416
 ... : 1 3 6 7 62 18 22 7 6 4 4 38 319 169 110 161 93 104 93 110 108 119 116 100 116 166 171 343 215 1417
 ... : 1 3 6 7 62 18 22 7 6 4 4 38 319 169 110 163 100 108 104 108 104 118 115 96 113 166 171 354 219 1417
 ... : 1 3 6 7 62 18 22 7 6 4 4 38 319 173 113 168 104 116 119 125 114 122 115 96 113 166 171 358 220 1418
 ... : 1 3 6 7 62 18 22 7 6 4 4 38 319 173 113 168 104 115 120 127 127 140 118 97 113 166 171 359 220 1427
 ... : 1 3 6 7 62 18 22 7 6 4 4 38 319 173 113 168 104 115 120 127 127 140 118 97 123 173 191 365 227 1443
 ... : 1 3 6 7 62 18 22 7 6 4 4 38 319 173 113 168 104 115 120 127 127 140 118 97 124 173 185 372 235 1459
  31 : 1 3 6 7 62 18 22 7 6 4 4 38 319 145 94 122 94 86 89 104 101 100 101 94 94 142 128 307 214 283 1323
 ... : 1 3 6 7 62 18 22 7 6 4 4 38 319 145 94 122 94 86 89 104 101 100 104 105 111 150 129 309 217 284 1332
 ... : 1 3 6 7 62 18 22 7 6 4 4 38 319 145 94 122 94 86 89 104 102 101 108 115 115 150 132 312 222 287 1335
 ... : 1 3 6 7 62 18 22 7 6 4 4 38 319 145 94 122 94 86 89 105 111 113 115 124 131 153 134 319 222 287 1335
 ... : 1 3 6 7 62 18 22 7 6 4 4 38 319 145 94 122 94 86 88 108 115 115 114 123 131 151 136 328 223 294 1340
 ... : 1 3 6 7 62 18 22 7 6 4 4 38 319 145 94 122 94 86 93 129 134 117 114 125 133 153 137 330 223 295 1340
 ... : 1 3 6 7 62 18 22 7 6 4 4 38 319 145 94 122 94 86 93 129 134 117 114 125 133 153 137 331 223 295 1448
  32 : 1 3 6 7 62 18 22 7 6 4 4 38 319 141 86 106 79 82 85 102 109 104 84 107 120 132 121 307 215 267 392 1185
 ... : 1 3 6 7 62 18 22 7 6 4 4 38 319 141 86 106 79 82 85 102 109 104 84 108 122 135 117 308 220 274 399 1235
 ... : 1 3 6 7 62 18 22 7 6 4 4 38 319 141 86 106 79 82 85 102 109 104 85 110 126 141 129 327 229 276 399 1235
 ... : 1 3 6 7 62 18 22 7 6 4 4 38 319 141 86 106 79 82 85 102 109 102 83 118 126 145 131 328 229 277 407 1242
 ... : 1 3 6 7 62 18 22 7 6 4 4 38 319 141 86 106 79 82 85 101 112 107 82 119 126 145 131 328 229 277 409 1346
 ... : 1 3 6 7 62 18 22 7 6 4 4 38 319 141 86 106 79 82 85 101 112 107 82 119 126 145 131 328 229 277 414 1493
 ... : 1 3 6 7 62 18 22 7 6 4 4 38 319 141 86 106 79 82 85 101 112 107 82 119 126 145 133 336 249 290 420 1498
 ... : 1 3 6 7 62 18 22 7 6 4 4 38 319 141 86 106 79 82 85 101 112 107 82 119 126 145 135 345 260 298 441 1508
 ... : 1 3 6 7 62 18 22 7 6 4 4 38 319 141 86 106 79 82 85 101 112 107 82 119 126 145 137 343 268 299 446 1581
  33 : 1 3 6 7 62 18 22 7 6 4 4 38 319 130 75 77 65 69 63 76 82 82 62 76 83 97 85 278 193 244 372 1016 671
 ... : 1 3 6 7 62 18 22 7 6 4 4 38 319 130 75 77 65 69 63 76 82 82 62 76 83 97 85 278 193 244 373 1014 826
 ... : 1 3 6 7 62 18 22 7 6 4 4 38 319 130 75 77 65 69 63 76 82 82 62 76 83 97 85 280 196 247 380 1037 844
 ... : 1 3 6 7 62 18 22 7 6 4 4 38 319 130 75 77 65 69 63 76 82 82 62 76 87 102 89 282 200 247 380 1047 889
 ... : 1 3 6 7 62 18 22 7 6 4 4 38 319 130 75 77 65 69 63 76 82 82 62 76 87 105 90 284 211 257 392 1054 889
 ... : 1 3 6 7 62 18 22 7 6 4 4 38 319 130 75 77 65 69 63 76 81 82 62 76 87 107 91 286 210 257 395 1062 912
 ... : 1 3 6 7 62 18 22 7 6 4 4 38 319 130 75 77 65 69 63 76 81 82 62 76 87 107 91 286 210 257 398 1064 1010
 ... : 1 3 6 7 62 18 22 7 6 4 4 38 319 130 75 77 65 69 63 76 81 82 62 76 86 107 91 285 209 255 396 1059 1150
 ... : 1 3 6 7 62 18 22 7 6 4 4 38 319 130 75 77 65 69 63 76 81 82 62 76 86 107 91 285 209 255 395 1059 1271
 ... : 1 3 6 7 62 18 22 7 6 4 4 38 319 130 75 77 65 69 63 76 81 82 62 76 87 108 96 286 210 255 396 1056 1384
 ... : 1 3 6 7 62 18 22 7 6 4 4 38 319 130 75 77 65 69 65 79 82 84 65 82 91 108 100 247 214 254 397 1056 1384
 ... : 1 3 6 7 62 18 22 7 6 4 4 38 319 130 75 77 65 68 62 81 85 85 66 83 94 110 99 255 222 254 397 1056 1384
 ... : 1 3 6 7 62 18 22 7 6 4 4 38 319 130 75 77 65 68 62 81 85 85 66 83 94 108 101 259 231 273 406 1059 1384
 ... : 1 3 6 7 62 18 22 7 6 4 4 38 319 130 75 77 65 68 62 82 85 85 67 87 94 109 103 262 242 277 408 1059 1386
 ... : 1 3 6 7 62 18 22 7 6 4 4 38 319 130 75 77 66 68 62 82 83 87 66 85 92 107 104 257 244 275 414 1062 1386
 ... : 1 3 6 7 62 18 22 7 6 4 4 38 319 130 75 77 66 69 63 78 84 87 67 88 94 109 104 262 238 276 415 1064 1386
 ... : 1 3 6 7 62 18 22 7 6 4 4 38 319 130 75 77 66 70 61 77 83 87 63 83 91 105 101 253 225 266 409 1066 1395
 ... : 1 3 6 7 62 18 22 7 6 4 4 38 319 130 75 77 66 70 61 77 83 87 63 83 91 105 100 252 211 263 404 1071 1433
  34 : 1 3 6 7 62 18 22 7 6 4 4 38 319 130 75 77 65 68 42 66 59 67 39 58 70 96 87 223 160 231 277 1048 994 643
 ... : 1 3 6 7 62 18 22 7 6 4 4 38 319 130 75 77 65 68 42 66 59 67 39 58 70 96 87 223 155 231 277 1047 997 791
 ... : 1 3 6 7 62 18 22 7 6 4 4 38 319 130 75 77 65 68 42 66 59 67 39 58 70 96 87 223 155 231 277 1042 982 898
 ... : 1 3 6 7 62 18 22 7 6 4 4 38 319 130 75 77 65 68 42 66 59 67 39 58 70 96 87 223 155 231 282 1002 913 939
 ... : 1 3 6 7 62 18 22 7 6 4 4 38 319 130 75 77 65 68 42 66 59 67 39 58 70 96 87 223 155 231 282 1001 922 1040
 ... : 1 3 6 7 62 18 22 7 6 4 4 38 319 130 75 77 65 68 42 66 59 67 39 58 70 96 87 225 165 241 296 1013 926 1042
 ... : 1 3 6 7 62 18 22 7 6 4 4 38 319 130 75 77 65 68 42 66 59 67 39 58 70 96 87 231 176 241 297 1012 941 1043
 ... : 1 3 6 7 62 18 22 7 6 4 4 38 319 130 75 77 65 68 42 66 59 67 39 58 70 96 87 231 176 240 298 1024 966 1057
 ... : 1 3 6 7 62 18 22 7 6 4 4 38 319 130 75 77 65 68 42 66 59 69 42 59 70 96 89 233 179 248 313 1033 982 1057
 ... : 1 3 6 7 62 18 22 7 6 4 4 38 319 130 75 77 65 68 42 65 59 69 42 59 70 96 89 233 177 258 324 1049 1009 1067
 ... : 1 3 6 7 62 18 22 7 6 4 4 38 319 130 75 77 65 68 42 65 59 69 42 59 70 96 89 234 181 264 338 1060 1014 1067
 ... : 1 3 6 7 62 18 22 7 6 4 4 38 319 130 75 77 65 68 42 65 59 69 42 59 70 96 89 234 180 264 339 1065 1034 1100
 ... : 1 3 6 7 62 18 22 7 6 4 4 38 319 130 75 77 65 68 42 65 59 69 42 59 70 96 89 234 180 265 341 1074 1055 1117
 ... : 1 3 6 7 62 18 22 7 6 4 4 38 319 130 75 77 65 68 42 65 59 69 42 59 70 96 90 237 188 281 353 1085 1064 1117
 ... : 1 3 6 7 62 18 22 7 6 4 4 38 319 130 75 77 65 68 42 65 59 69 42 59 70 96 90 237 188 281 359 1097 1070 1125
 ... : 1 3 6 7 62 18 22 7 6 4 4 38 319 130 75 77 65 68 42 65 59 69 42 59 70 96 90 237 188 281 359 1092 1040 1212
 ... : 1 3 6 7 62 18 22 7 6 4 4 38 319 130 75 77 65 68 42 65 59 69 42 59 70 96 90 237 188 281 359 1081 1039 1335
 ... : 1 3 6 7 62 18 22 7 6 4 4 38 319 130 75 77 65 68 42 65 59 69 44 62 83 104 97 239 190 283 360 1077 1049 1348
 ... : 1 3 6 7 62 18 22 7 6 4 4 38 319 130 75 77 65 68 42 65 59 69 42 59 83 99 88 234 187 280 361 1080 1067 1367
 ... : 1 3 6 7 62 18 22 7 6 4 4 38 319 130 75 77 65 68 42 65 59 69 42 59 83 99 88 234 187 278 356 1075 1067 1436
 ... : 1 3 6 7 62 18 22 7 6 4 4 38 319 130 75 77 65 68 42 65 59 69 42 59 83 100 92 242 193 288 360 1080 1069 1481
 ... : 1 3 6 7 62 18 22 7 6 4 4 38 319 130 75 77 65 68 42 65 59 69 42 56 84 103 93 247 211 295 362 1081 1069 1481
  35 : 1 3 6 7 62 18 22 7 6 4 4 38 319 129 74 71 61 69 39 57 52 56 34 51 51 69 70 199 158 234 306 956 935 881 754
 ... : 1 3 6 7 62 18 22 7 6 4 4 38 319 129 74 71 61 69 39 57 52 56 34 51 51 69 70 199 158 234 306 957 941 887 886
 ... : 1 3 6 7 62 18 22 7 6 4 4 38 319 129 74 71 61 69 39 57 52 56 34 51 51 69 70 199 158 234 306 958 943 909 978
 ... : 1 3 6 7 62 18 22 7 6 4 4 38 319 129 74 71 61 69 39 57 52 56 34 51 51 69 70 199 158 234 306 958 944 932 1077
 ... : 1 3 6 7 62 18 22 7 6 4 4 38 319 129 74 71 61 69 39 57 52 56 34 51 51 69 70 199 158 234 306 958 949 945 1180
 ... : 1 3 6 7 62 18 22 7 6 4 4 38 319 129 74 71 61 69 39 57 52 56 34 51 51 69 70 199 158 234 306 958 953 954 1254
 ... : 1 3 6 7 62 18 22 7 6 4 4 38 319 129 74 71 61 69 39 57 52 56 34 51 51 69 70 199 158 234 306 959 966 980 1262
 ... : 1 3 6 7 62 18 22 7 6 4 4 38 319 129 74 71 61 69 39 57 52 56 34 51 51 69 70 199 158 234 307 957 978 1007 1278
 ... : 1 3 6 7 62 18 22 7 6 4 4 38 319 129 74 71 61 69 39 57 52 56 34 51 51 69 70 199 158 234 307 957 987 1023 1293
 ... : 1 3 6 7 62 18 22 7 6 4 4 38 319 129 74 71 61 69 39 57 52 56 34 51 51 69 70 199 158 234 307 961 999 1056 1308
 ... : 1 3 6 7 62 18 22 7 6 4 4 38 319 129 74 71 61 69 39 57 52 56 34 51 51 69 70 199 158 234 307 959 1017 1064 1327
 ... : 1 3 6 7 62 18 22 7 6 4 4 38 319 129 74 71 61 69 39 57 52 56 34 51 51 69 70 199 158 234 307 960 1017 1079 1339
 ... : 1 3 6 7 62 18 22 7 6 4 4 38 319 129 74 71 61 69 39 57 52 56 34 51 51 69 70 199 158 234 307 962 1031 1099 1360
 ... : 1 3 6 7 62 18 22 7 6 4 4 38 319 129 74 71 61 69 39 57 52 56 34 51 51 69 70 199 158 234 307 964 1034 1122 1413
 ... : 1 3 6 7 62 18 22 7 6 4 4 38 319 129 74 71 61 69 39 57 52 56 34 51 51 69 70 199 158 234 312 966 1042 1121 1458
 ... : 1 3 6 7 62 18 22 7 6 4 4 38 319 129 74 73 64 77 46 67 60 61 34 51 52 70 70 199 159 235 315 968 1040 1121 1458
 ... : 1 3 6 7 62 18 22 7 6 4 4 38 319 129 74 74 66 78 43 66 61 62 32 49 51 69 69 199 159 235 321 974 1053 1122 1458
 ... : 1 3 6 7 62 18 22 7 6 4 4 38 319 129 74 74 66 78 43 66 61 62 32 49 51 69 69 199 160 235 319 981 1068 1134 1460
 ... : 1 3 6 7 62 18 22 7 6 4 4 38 319 129 74 74 66 78 43 66 61 62 32 49 50 76 72 199 161 237 327 992 1079 1140 1460
 ... : 1 3 6 7 62 18 22 7 6 4 4 38 319 129 74 74 66 78 43 66 61 62 32 49 50 75 72 203 157 234 328 1001 1079 1150 1460
 ... : 1 3 6 7 62 18 22 7 6 4 4 38 319 129 74 74 66 78 43 66 61 62 32 49 50 75 72 203 157 235 334 1007 1087 1161 1460
 ... : 1 3 6 7 62 18 22 7 6 4 4 38 319 129 74 74 66 80 48 73 65 64 33 51 54 78 80 213 157 234 334 1012 1094 1162 1460
 ... : 1 3 6 7 62 18 22 7 6 4 4 38 319 129 74 74 66 80 48 73 65 64 33 51 54 78 80 213 163 238 349 1036 1119 1168 1460
 ... : 1 3 6 7 62 18 22 7 6 4 4 38 319 129 74 74 66 80 48 73 65 64 33 51 54 78 80 213 163 238 352 1041 1143 1172 1461
 ... : 1 3 6 7 62 18 22 7 6 4 4 38 319 129 74 74 65 79 48 73 64 64 33 51 54 78 80 213 157 238 353 1049 1178 1199 1467
 ... : 1 3 6 7 62 18 22 7 6 4 4 38 319 129 74 74 65 79 48 73 64 64 33 51 54 78 80 213 157 238 352 1058 1191 1225 1475
 ... : 1 3 6 7 62 18 22 7 6 4 4 38 319 129 74 74 65 79 48 73 64 64 33 51 54 78 80 213 157 238 363 1087 1217 1239 1475
 ... : 1 3 6 7 62 18 22 7 6 4 4 38 319 129 74 74 65 79 48 73 64 64 33 51 54 78 80 213 157 238 365 1099 1249 1257 1476
 ... : 1 3 6 7 62 18 22 7 6 4 4 38 319 129 74 74 65 79 48 73 64 64 33 51 54 78 80 213 157 238 367 1104 1274 1277 1491
 ... : 1 3 6 7 62 18 22 7 6 4 4 38 319 129 74 74 65 79 48 73 64 64 33 51 54 78 80 213 157 238 366 1105 1281 1293 1541
 ... : 1 3 6 7 62 18 22 7 6 4 4 38 319 129 74 74 65 79 48 73 64 64 33 51 54 78 79 212 156 242 373 1120 1287 1311 1552
 ... : 1 3 6 7 62 18 22 7 6 4 4 38 319 129 74 74 65 79 48 73 64 64 33 51 54 78 79 212 156 242 373 1127 1309 1331 1565
 ... : 1 3 6 7 62 18 22 7 6 4 4 38 319 129 74 74 65 79 48 73 64 65 34 54 55 82 80 219 164 253 377 1127 1309 1331 1565
 ... : 1 3 6 7 62 18 22 7 6 4 4 38 319 129 74 74 65 79 48 73 64 65 35 56 56 82 81 222 166 248 390 1151 1326 1336 1567
 ... : 1 3 6 7 62 18 22 7 6 4 4 38 319 129 74 74 65 79 48 73 64 65 35 56 56 82 81 222 166 248 391 1166 1357 1362 1576
 ... : 1 3 6 7 62 18 22 7 6 4 4 38 319 129 74 74 65 79 48 73 64 65 35 56 56 82 81 222 166 248 399 1162 1383 1374 1577
 ... : 1 3 6 7 62 18 22 7 6 4 4 38 319 129 74 74 65 79 48 73 64 65 35 56 58 84 84 224 166 249 401 1166 1400 1393 1582
 ... : 1 3 6 7 62 18 22 7 6 4 4 38 319 129 74 74 65 79 48 73 64 65 35 56 58 84 84 224 166 249 401 1170 1408 1426 1613
 ... : 1 3 6 7 62 18 22 7 6 4 4 38 319 129 74 74 65 79 48 73 64 65 35 56 58 84 84 224 166 249 402 1170 1424 1463 1649
 ... : 1 3 6 7 62 18 22 7 6 4 4 38 319 129 74 74 65 79 48 73 64 65 35 56 58 84 83 223 166 249 402 1171 1440 1493 1688
 ... : 1 3 6 7 62 18 22 7 6 4 4 38 319 129 74 74 65 79 48 73 64 65 35 56 58 84 83 223 166 249 402 1174 1457 1504 1707
 ... : 1 3 6 7 62 18 22 7 6 4 4 38 319 129 74 74 65 79 48 73 64 65 35 56 58 84 83 223 166 249 402 1172 1465 1512 1744
 ... : 1 3 6 7 62 18 22 7 6 4 4 38 319 129 74 74 65 79 48 73 64 65 35 56 58 84 83 223 166 249 409 1182 1475 1523 1744
 ... : 1 3 6 7 62 18 22 7 6 4 4 38 319 129 74 74 65 79 48 73 64 65 35 56 58 84 83 223 166 249 410 1196 1508 1562 1750
 ... : 1 3 6 7 62 18 22 7 6 4 4 38 319 129 74 74 65 79 48 73 64 65 35 56 58 84 83 223 166 249 411 1202 1532 1592 1759
 ... : 1 3 6 7 62 18 22 7 6 4 4 38 319 129 74 74 65 79 48 73 64 65 35 56 58 84 83 223 166 249 411 1204 1541 1613 1772
 ... : 1 3 6 7 62 18 22 7 6 4 4 38 319 129 74 74 65 79 48 73 64 65 35 56 58 84 83 223 166 249 411 1208 1564 1636 1779
 ... : 1 3 6 7 62 18 22 7 6 4 4 38 319 129 74 74 65 79 48 73 64 65 35 56 58 84 83 223 166 249 410 1213 1575 1663 1786
 ... : 1 3 6 7 62 18 22 7 6 4 4 38 319 129 74 74 65 79 48 73 64 65 35 56 58 84 83 223 166 249 418 1223 1597 1670 1793
 ... : 1 3 6 7 62 18 22 7 6 4 4 38 319 129 74 74 65 79 48 73 64 65 35 56 58 84 83 223 166 249 419 1246 1645 1681 1800
 ... : 1 3 6 7 62 18 22 7 6 4 4 38 319 129 74 74 65 79 48 73 64 65 35 56 58 84 83 223 166 249 419 1246 1675 1693 1807
 ... : 1 3 6 7 62 18 22 7 6 4 4 38 319 129 74 74 65 79 48 73 64 65 35 56 58 84 83 223 166 249 418 1244 1672 1704 1836
 ... : 1 3 6 7 62 18 22 7 6 4 4 38 319 129 74 74 65 79 48 73 64 65 35 56 58 84 83 223 166 249 418 1243 1669 1696 1852
 ... : 1 3 6 7 62 18 22 7 6 4 4 38 319 129 74 74 65 79 48 73 64 65 35 56 58 84 83 223 166 249 418 1242 1665 1693 1918
  36 : 1 3 6 7 62 18 22 7 6 4 4 38 319 128 73 60 54 65 34 62 44 50 22 45 35 58 52 182 134 222 297 1123 1390 1391 1243 969
 ... : 1 3 6 7 62 18 22 7 6 4 4 38 319 128 73 60 54 65 34 62 44 50 22 45 35 58 52 182 134 222 297 1123 1390 1392 1247 1113
 ... : 1 3 6 7 62 18 22 7 6 4 4 38 319 128 73 60 54 65 34 62 44 50 22 45 35 58 52 182 134 222 297 1123 1393 1405 1275 1180
 ... : 1 3 6 7 62 18 22 7 6 4 4 38 319 128 73 60 54 65 34 62 44 50 22 45 35 58 52 182 134 222 297 1123 1398 1431 1316 1207
 ... : 1 3 6 7 62 18 22 7 6 4 4 38 319 128 73 60 54 65 34 62 44 50 22 45 35 58 52 182 134 222 297 1123 1398 1433 1346 1261
 ... : 1 3 6 7 62 18 22 7 6 4 4 38 319 128 73 60 54 65 34 62 44 50 22 45 35 58 52 182 134 222 297 1123 1405 1462 1385 1274
 ... : 1 3 6 7 62 18 22 7 6 4 4 38 319 128 73 60 54 65 34 62 44 50 22 45 35 58 52 182 134 222 297 1123 1412 1499 1424 1300
 ... : 1 3 6 7 62 18 22 7 6 4 4 38 319 128 73 60 54 65 34 62 44 50 22 45 35 58 52 182 134 222 297 1123 1413 1502 1446 1360
 ... : 1 3 6 7 62 18 22 7 6 4 4 38 319 128 73 60 54 65 34 62 44 50 22 45 35 58 52 182 134 222 297 1124 1412 1505 1468 1426
 ... : 1 3 6 7 62 18 22 7 6 4 4 38 319 128 73 60 54 65 34 62 44 50 22 45 35 58 52 182 134 222 297 1124 1414 1511 1498 1455
 ... : 1 3 6 7 62 18 22 7 6 4 4 38 319 128 73 60 54 65 34 62 44 50 22 45 35 58 52 182 134 222 297 1124 1416 1531 1544 1477
 ... : 1 3 6 7 62 18 22 7 6 4 4 38 319 128 73 60 54 65 34 62 44 50 22 45 35 58 52 182 134 222 297 1124 1418 1536 1554 1500
 ... : 1 3 6 7 62 18 22 7 6 4 4 38 319 128 73 60 54 65 34 62 44 50 22 45 35 58 52 182 134 222 297 1124 1423 1569 1591 1519
 ... : 1 3 6 7 62 18 22 7 6 4 4 38 319 128 73 60 54 65 34 62 44 50 22 45 35 58 52 182 134 222 297 1124 1424 1579 1627 1569
 ... : 1 3 6 7 62 18 22 7 6 4 4 38 319 128 73 60 54 65 34 62 44 50 22 45 35 58 52 182 134 222 297 1124 1424 1579 1639 1658
 ... : 1 3 6 7 62 18 22 7 6 4 4 38 319 128 73 60 54 65 34 62 44 50 22 45 35 58 52 182 134 222 297 1124 1424 1581 1649 1718
 ... : 1 3 6 7 62 18 22 7 6 4 4 38 319 128 73 60 54 65 34 62 44 50 22 45 35 58 52 182 134 222 297 1124 1428 1587 1659 1804
 ... : 1 3 6 7 62 18 22 7 6 4 4 38 319 128 73 60 54 65 34 62 44 50 22 45 35 58 52 182 134 222 297 1124 1432 1603 1686 1823
 ... : 1 3 6 7 62 18 22 7 6 4 4 38 319 128 73 60 54 65 34 62 44 50 22 45 35 58 52 182 134 222 297 1124 1433 1604 1694 1879
 ... : 1 3 6 7 62 18 22 7 6 4 4 38 319 128 73 60 54 65 34 62 44 50 22 45 35 58 52 182 134 222 297 1124 1450 1637 1726 1896
 ... : 1 3 6 7 62 18 22 7 6 4 4 38 319 128 73 60 54 65 34 62 44 50 22 45 35 58 52 182 134 222 297 1124 1453 1645 1753 1923
 ... : 1 3 6 7 62 18 22 7 6 4 4 38 319 128 73 60 54 65 34 62 44 50 22 45 35 58 52 182 134 222 297 1124 1465 1665 1778 1940
 ... : 1 3 6 7 62 18 22 7 6 4 4 38 319 128 73 60 54 65 34 62 44 50 22 45 35 58 52 182 134 222 297 1124 1467 1666 1801 1964
 ... : 1 3 6 7 62 18 22 7 6 4 4 38 319 128 73 60 54 65 34 62 44 50 22 45 35 58 52 182 134 222 295 1138 1496 1685 1813 1965
 ... : 1 3 6 7 62 18 22 7 6 4 4 38 319 128 73 60 54 65 34 62 44 50 22 45 35 58 52 182 134 222 296 1146 1502 1693 1833 1979
 ... : 1 3 6 7 62 18 22 7 6 4 4 38 319 128 73 60 54 65 34 62 44 50 22 45 35 58 52 182 134 222 296 1146 1504 1698 1853 2029
 ... : 1 3 6 7 62 18 22 7 6 4 4 38 319 128 73 60 54 65 34 62 44 50 22 45 35 58 52 182 134 222 297 1150 1507 1705 1878 2044
 ... : 1 3 6 7 62 18 22 7 6 4 4 38 319 128 73 60 54 65 34 62 44 50 22 45 35 58 52 182 134 222 297 1150 1511 1715 1900 2073
 ... : 1 3 6 7 62 18 22 7 6 4 4 38 319 128 73 60 54 65 34 62 44 50 22 45 35 58 52 182 134 222 297 1150 1510 1721 1916 2115
 ... : 1 3 6 7 62 18 22 7 6 4 4 38 319 128 73 60 54 65 34 62 44 50 22 45 35 58 52 182 134 222 297 1150 1517 1737 1925 2156
 ... : 1 3 6 7 62 18 22 7 6 4 4 38 319 128 73 60 54 65 34 62 44 50 22 45 35 58 52 182 134 222 297 1150 1529 1753 1940 2165
  37 : 1 3 6 7 62 18 22 7 6 4 4 38 319 128 73 60 54 65 34 62 44 50 22 45 35 58 52 182 134 222 290 1131 1430 1606 1725 1430 972
 ... : 1 3 6 7 62 18 22 7 6 4 4 38 319 128 73 60 54 65 34 62 44 50 22 45 35 58 52 182 134 222 290 1131 1430 1606 1726 1435 1147
 ... : 1 3 6 7 62 18 22 7 6 4 4 38 319 128 73 60 54 65 34 62 44 50 22 45 35 58 52 182 134 222 290 1131 1432 1619 1763 1453 1181
 ... : 1 3 6 7 62 18 22 7 6 4 4 38 319 128 73 60 54 65 34 62 44 50 22 45 35 58 52 182 134 222 290 1131 1431 1635 1788 1466 1186
 ... : 1 3 6 7 62 18 22 7 6 4 4 38 319 128 73 60 54 65 34 62 44 50 22 45 35 58 52 182 134 222 290 1131 1431 1637 1793 1484 1219
 ... : 1 3 6 7 62 18 22 7 6 4 4 38 319 128 73 60 54 65 34 62 44 50 22 45 35 58 52 182 134 222 290 1131 1435 1654 1820 1508 1226
 ... : 1 3 6 7 62 18 22 7 6 4 4 38 319 128 73 60 54 65 34 62 44 50 22 45 35 58 52 182 134 222 290 1132 1443 1661 1822 1507 1227
 ... : 1 3 6 7 62 18 22 7 6 4 4 38 319 128 73 60 54 65 34 62 44 50 22 45 35 58 52 182 134 222 290 1132 1443 1661 1826 1511 1320
 ... : 1 3 6 7 62 18 22 7 6 4 4 38 319 128 73 60 54 65 34 62 44 50 22 45 35 58 52 182 134 222 290 1134 1456 1678 1851 1520 1324
 ... : 1 3 6 7 62 18 22 7 6 4 4 38 319 128 73 60 54 65 34 62 44 50 22 45 35 58 52 182 134 222 290 1135 1464 1697 1860 1534 1339
 ... : 1 3 6 7 62 18 22 7 6 4 4 38 319 128 73 60 54 65 34 62 44 50 22 45 35 58 52 182 134 222 290 1135 1473 1713 1879 1539 1340
 ... : 1 3 6 7 62 18 22 7 6 4 4 38 319 128 73 60 54 65 34 62 44 50 22 45 35 58 52 182 134 222 290 1135 1473 1716 1895 1557 1359
 ... : 1 3 6 7 62 18 22 7 6 4 4 38 319 128 73 60 54 65 34 62 44 50 22 45 35 58 52 182 134 222 290 1136 1480 1732 1907 1563 1374
 ... : 1 3 6 7 62 18 22 7 6 4 4 38 319 128 73 60 54 65 34 62 44 50 22 45 35 58 52 182 134 222 290 1136 1484 1737 1910 1566 1401
 ... : 1 3 6 7 62 18 22 7 6 4 4 38 319 128 73 60 54 65 34 62 44 50 22 45 35 58 52 182 134 222 290 1136 1484 1737 1919 1593 1468
 ... : 1 3 6 7 62 18 22 7 6 4 4 38 319 128 73 60 54 65 34 62 44 50 22 45 35 58 52 182 134 222 290 1136 1494 1751 1933 1599 1485
 ... : 1 3 6 7 62 18 22 7 6 4 4 38 319 128 73 60 54 65 34 62 44 50 22 45 35 58 52 182 134 222 290 1137 1510 1767 1957 1620 1486
 ... : 1 3 6 7 62 18 22 7 6 4 4 38 319 128 73 60 54 65 34 62 44 50 22 45 35 58 52 182 134 222 290 1137 1509 1762 1965 1645 1508
 ... : 1 3 6 7 62 18 22 7 6 4 4 38 319 128 73 60 54 65 34 62 44 50 22 45 35 58 52 182 134 222 290 1137 1508 1761 1974 1661 1535
 ... : 1 3 6 7 62 18 22 7 6 4 4 38 319 128 73 60 54 65 34 62 44 50 22 45 35 58 52 182 134 222 290 1137 1508 1760 1973 1670 1572
 ... : 1 3 6 7 62 18 22 7 6 4 4 38 319 128 73 60 54 65 34 62 44 50 22 45 35 58 52 182 134 222 290 1137 1508 1760 1972 1648 1742
 ... : 1 3 6 7 62 18 22 7 6 4 4 38 319 128 73 60 54 65 34 62 44 50 22 45 35 58 52 182 134 222 290 1137 1508 1760 1979 1679 1802
 ... : 1 3 6 7 62 18 22 7 6 4 4 38 319 128 73 60 54 65 34 62 44 50 22 45 35 58 52 182 134 222 290 1137 1508 1763 1990 1713 1849
 ... : 1 3 6 7 62 18 22 7 6 4 4 38 319 128 73 60 54 65 34 62 44 50 22 45 35 58 52 182 134 222 290 1137 1510 1786 2037 1745 1855
 ... : 1 3 6 7 62 18 22 7 6 4 4 38 319 128 73 60 54 65 34 62 44 50 22 45 35 58 52 182 134 222 290 1137 1510 1789 2056 1783 1891
 ... : 1 3 6 7 62 18 22 7 6 4 4 38 319 128 73 60 54 65 34 62 44 50 22 45 35 58 52 182 134 222 290 1137 1512 1799 2093 1817 1914
 ... : 1 3 6 7 62 18 22 7 6 4 4 38 319 128 73 60 54 65 34 62 44 50 22 45 35 58 52 182 134 222 290 1137 1512 1806 2091 1854 1935
 ... : 1 3 6 7 62 18 22 7 6 4 4 38 319 128 73 60 54 65 34 62 44 50 22 45 35 58 52 182 134 222 290 1137 1512 1806 2103 1888 1960
 ... : 1 3 6 7 62 18 22 7 6 4 4 38 319 128 73 60 54 65 34 62 44 50 22 45 35 58 52 182 134 222 290 1137 1512 1807 2122 1943 1996
 ... : 1 3 6 7 62 18 22 7 6 4 4 38 319 128 73 60 54 65 34 62 44 50 22 45 35 58 52 182 134 222 290 1137 1515 1816 2138 1979 2037
 ... : 1 3 6 7 62 18 22 7 6 4 4 38 319 128 73 60 54 65 34 62 44 50 22 45 35 58 52 182 134 222 290 1137 1516 1818 2138 2005 2067
 ... : 1 3 6 7 62 18 22 7 6 4 4 38 319 128 73 60 54 65 34 62 44 50 22 45 35 58 52 182 134 222 290 1137 1518 1831 2154 2032 2074
 ... : 1 3 6 7 62 18 22 7 6 4 4 38 319 128 73 60 54 65 34 62 44 50 22 45 35 58 52 182 134 222 290 1137 1519 1835 2171 2053 2109
 ... : 1 3 6 7 62 18 22 7 6 4 4 38 319 128 73 60 54 65 34 62 44 50 22 45 35 58 52 182 134 222 290 1137 1519 1837 2189 2090 2127
 ... : 1 3 6 7 62 18 22 7 6 4 4 38 319 128 73 60 54 65 34 62 44 50 22 45 35 58 52 182 134 222 290 1137 1519 1837 2199 2112 2155
 ... : 1 3 6 7 62 18 22 7 6 4 4 38 319 128 73 60 54 65 34 62 44 50 22 45 35 58 52 182 134 222 290 1137 1520 1841 2224 2165 2171
 ... : 1 3 6 7 62 18 22 7 6 4 4 38 319 128 73 60 54 65 34 62 44 50 22 45 35 58 52 182 134 222 290 1137 1520 1841 2232 2192 2220
 ... : 1 3 6 7 62 18 22 7 6 4 4 38 319 128 73 60 54 65 34 62 44 50 22 45 35 58 52 182 134 222 290 1137 1525 1856 2252 2199 2225
 ... : 1 3 6 7 62 18 22 7 6 4 4 38 319 128 73 60 54 65 34 62 44 50 22 45 35 58 52 182 134 222 290 1137 1525 1857 2257 2210 2257
 ... : 1 3 6 7 62 18 22 7 6 4 4 38 319 128 73 60 54 65 34 62 44 50 22 45 35 58 52 182 134 222 290 1137 1527 1863 2282 2236 2284
 ... : 1 3 6 7 62 18 22 7 6 4 4 38 319 128 73 60 54 65 34 62 44 50 22 45 35 58 52 182 134 222 290 1137 1529 1875 2312 2267 2285
 ... : 1 3 6 7 62 18 22 7 6 4 4 38 319 128 73 60 54 65 34 62 44 50 22 45 35 58 52 182 134 222 290 1137 1529 1875 2317 2294 2313
 ... : 1 3 6 7 62 18 22 7 6 4 4 38 319 128 73 60 54 65 34 62 44 50 22 45 35 58 52 182 134 222 290 1137 1529 1878 2326 2320 2340
 ... : 1 3 6 7 62 18 22 7 6 4 4 38 319 128 73 60 54 65 34 62 44 50 22 45 35 58 52 182 134 222 290 1137 1529 1878 2329 2329 2386
 ... : 1 3 6 7 62 18 22 7 6 4 4 38 319 128 73 60 54 65 34 62 44 50 22 45 35 58 52 182 134 222 290 1137 1529 1881 2336 2337 2413
 ... : 1 3 6 7 62 18 22 7 6 4 4 38 319 128 73 60 54 65 34 62 44 50 22 45 35 58 52 182 134 222 290 1137 1529 1883 2339 2339 2461
 ... : 1 3 6 7 62 18 22 7 6 4 4 38 319 128 73 60 54 65 34 62 44 50 22 45 35 58 52 182 134 222 290 1137 1530 1883 2338 2353 2502
 ... : 1 3 6 7 62 18 22 7 6 4 4 38 319 128 73 60 54 65 34 62 44 50 22 45 35 58 52 182 134 222 290 1137 1543 1900 2354 2349 2501
 ... : 1 3 6 7 62 18 22 7 6 4 4 38 319 128 73 60 54 65 34 62 44 50 22 45 35 58 52 182 134 222 290 1137 1542 1902 2357 2373 2528
 ... : 1 3 6 7 62 18 22 7 6 4 4 38 319 128 73 60 54 65 34 62 44 50 22 45 35 58 52 182 134 222 290 1137 1542 1904 2367 2386 2560
  38 : 1 3 6 7 62 18 22 7 6 4 4 38 319 128 73 60 54 65 34 62 44 50 22 45 35 58 52 182 134 222 290 1137 1501 1799 2118 2084 1784 1068
 ... : 1 3 6 7 62 18 22 7 6 4 4 38 319 128 73 60 54 65 34 62 44 50 22 45 35 58 52 182 134 222 290 1137 1505 1810 2131 2092 1790 1110
 ... : 1 3 6 7 62 18 22 7 6 4 4 38 319 128 73 60 54 62 34 67 44 50 24 48 39 66 55 182 136 224 288 1139 1506 1807 2132 2092 1790 1114
 ... : 1 3 6 7 62 18 22 7 6 4 4 38 319 126 73 60 54 63 38 73 46 49 27 47 39 66 55 182 136 225 288 1139 1506 1807 2132 2092 1790 1117
 ... : 1 3 6 7 62 18 22 7 6 4 4 38 319 126 73 60 54 63 37 73 46 49 27 45 36 60 45 176 129 215 281 1126 1523 1831 2139 2092 1790 1117
 ... : 1 3 6 7 62 18 22 7 6 4 4 38 319 126 73 60 54 63 37 73 46 49 26 41 36 57 44 176 129 215 284 1138 1529 1840 2154 2095 1790 1118
 ... : 1 3 6 7 62 18 22 7 6 4 4 38 319 126 73 60 54 63 37 73 46 49 26 41 36 57 44 176 128 212 282 1130 1526 1845 2170 2115 1795 1122
 ... : 1 3 6 7 62 18 22 7 6 4 4 38 319 126 73 60 54 63 37 73 46 49 26 41 36 57 44 176 128 212 281 1128 1529 1850 2181 2127 1792 1125
 ... : 1 3 6 7 62 18 22 7 6 4 4 38 319 126 73 60 54 63 37 73 46 49 26 41 36 57 44 176 128 212 282 1128 1531 1848 2177 2135 1832 1125
 ... : 1 3 6 7 62 18 22 7 6 4 4 38 319 126 73 60 54 63 37 71 46 49 26 41 36 57 44 176 128 212 290 1145 1539 1859 2181 2133 1836 1128
 ... : 1 3 6 7 62 18 22 7 6 4 4 38 319 126 73 60 54 63 37 71 46 49 26 41 36 57 44 176 128 212 290 1160 1577 1895 2185 2136 1836 1128
 ... : 1 3 6 7 62 18 22 7 6 4 4 38 319 126 73 60 54 63 37 71 46 49 26 41 36 57 44 176 128 212 291 1163 1586 1918 2219 2139 1836 1128
 ... : 1 3 6 7 62 18 22 7 6 4 4 38 319 126 73 60 54 63 37 71 46 49 26 41 36 57 44 176 128 212 291 1169 1608 1942 2242 2140 1836 1128
 ... : 1 3 6 7 62 18 22 7 6 4 4 38 319 126 73 60 54 63 37 71 46 49 26 41 36 57 44 176 128 212 291 1173 1617 1948 2272 2149 1836 1128
 ... : 1 3 6 7 62 18 22 7 6 4 4 38 319 126 73 60 54 63 37 71 46 49 26 41 36 57 44 176 128 212 295 1193 1659 1953 2277 2151 1836 1131
 ... : 1 3 6 7 62 18 22 7 6 4 4 38 319 126 73 60 54 63 37 71 46 49 26 41 36 57 44 176 128 212 297 1196 1664 1955 2278 2163 1838 1131
 ... : 1 3 6 7 62 18 22 7 6 4 4 38 319 126 73 60 54 63 37 71 46 49 26 41 36 57 44 176 128 212 297 1196 1665 1954 2278 2174 1875 1148
 ... : 1 3 6 7 62 18 22 7 6 4 4 38 319 126 73 60 54 63 37 71 46 49 26 41 36 57 44 176 128 212 297 1198 1684 1970 2303 2183 1878 1153
 ... : 1 3 6 7 62 18 22 7 6 4 4 38 319 126 73 60 54 63 37 71 46 49 26 41 36 57 44 176 128 212 296 1199 1721 2004 2311 2185 1882 1153
 ... : 1 3 6 7 62 18 22 7 6 4 4 38 319 126 73 60 54 63 37 71 46 49 26 41 36 57 44 176 128 212 296 1199 1721 2008 2314 2181 1896 1184
 ... : 1 3 6 7 62 18 22 7 6 4 4 38 319 126 73 60 54 63 37 71 46 49 26 41 36 57 44 176 128 212 296 1199 1721 2008 2311 2190 1929 1228
 ... : 1 3 6 7 62 18 22 7 6 4 4 38 319 126 73 60 54 63 37 71 46 49 26 41 36 57 44 176 128 212 296 1199 1721 2006 2310 2213 1969 1256
 ... : 1 3 6 7 62 18 22 7 6 4 4 38 319 126 73 60 54 63 37 71 46 49 26 41 36 57 44 176 128 212 296 1199 1721 2006 2320 2234 1994 1277
 ... : 1 3 6 7 62 18 22 7 6 4 4 38 319 126 73 60 54 63 37 71 46 49 26 41 36 57 44 176 128 212 296 1199 1720 2007 2318 2238 2015 1287
 ... : 1 3 6 7 62 18 22 7 6 4 4 38 319 126 73 60 54 63 37 71 46 49 26 41 36 57 44 176 128 212 296 1199 1721 2015 2324 2254 2028 1301
 ... : 1 3 6 7 62 18 22 7 6 4 4 38 319 126 73 60 54 63 37 71 46 49 26 41 36 57 44 176 128 212 296 1199 1720 2011 2321 2256 2040 1367
 ... : 1 3 6 7 62 18 22 7 6 4 4 38 319 126 73 60 54 63 37 71 46 49 26 41 36 57 44 176 128 212 296 1199 1720 2011 2323 2260 2071 1415
 ... : 1 3 6 7 62 18 22 7 6 4 4 38 319 126 73 60 54 63 37 71 46 49 26 41 36 57 44 176 128 212 296 1199 1721 2013 2328 2273 2098 1446
 ... : 1 3 6 7 62 18 22 7 6 4 4 38 319 126 73 60 54 63 37 71 46 49 26 41 36 57 44 176 128 212 296 1199 1725 2020 2352 2306 2116 1455
 ... : 1 3 6 7 62 18 22 7 6 4 4 38 319 126 73 60 54 63 37 71 46 49 26 41 36 57 44 176 128 212 296 1198 1728 2029 2356 2318 2131 1467
 ... : 1 3 6 7 62 18 22 7 6 4 4 38 319 126 73 60 54 63 37 71 46 49 26 41 36 57 44 176 128 212 296 1198 1728 2029 2355 2320 2140 1567
 ... : 1 3 6 7 62 18 22 7 6 4 4 38 319 126 73 60 54 63 37 71 46 49 26 41 36 57 44 176 128 212 296 1198 1728 2029 2355 2331 2194 1598
 ... : 1 3 6 7 62 18 22 7 6 4 4 38 319 126 73 60 54 63 37 71 46 49 26 41 36 57 44 176 128 212 296 1198 1728 2030 2364 2347 2217 1616
 ... : 1 3 6 7 62 18 22 7 6 4 4 38 319 126 73 60 54 63 37 71 46 49 26 41 36 57 44 176 128 212 296 1198 1728 2030 2367 2352 2250 1630
 ... : 1 3 6 7 62 18 22 7 6 4 4 38 319 126 73 60 54 63 37 71 46 49 26 41 36 57 44 176 128 212 296 1198 1728 2030 2377 2394 2286 1637
 ... : 1 3 6 7 62 18 22 7 6 4 4 38 319 126 73 60 54 63 37 71 46 49 26 41 36 57 44 176 128 212 296 1198 1728 2030 2387 2413 2316 1658
 ... : 1 3 6 7 62 18 22 7 6 4 4 38 319 126 73 60 54 63 37 71 46 49 26 41 36 57 44 176 128 212 296 1198 1728 2032 2407 2447 2347 1658
 ... : 1 3 6 7 62 18 22 7 6 4 4 38 319 126 73 60 54 63 37 71 46 49 26 41 36 57 44 176 128 212 296 1198 1728 2037 2422 2473 2385 1676
 ... : 1 3 6 7 62 18 22 7 6 4 4 38 319 126 73 60 54 63 37 71 46 49 26 41 36 57 44 176 128 212 296 1198 1728 2037 2431 2519 2426 1681
 ... : 1 3 6 7 62 18 22 7 6 4 4 38 319 126 73 60 54 63 37 71 46 49 26 41 36 57 44 176 128 212 296 1198 1728 2039 2434 2522 2454 1708
 ... : 1 3 6 7 62 18 22 7 6 4 4 38 319 126 73 60 54 63 37 71 46 49 26 41 36 57 44 176 128 212 296 1198 1728 2039 2434 2540 2482 1724
 ... : 1 3 6 7 62 18 22 7 6 4 4 38 319 126 73 60 54 63 37 71 46 49 26 41 36 57 44 176 128 212 296 1198 1728 2039 2436 2562 2529 1747
 ... : 1 3 6 7 62 18 22 7 6 4 4 38 319 126 73 60 54 63 37 71 46 49 26 41 36 57 44 176 128 212 296 1198 1728 2039 2440 2579 2573 1773
 ... : 1 3 6 7 62 18 22 7 6 4 4 38 319 126 73 60 54 63 37 71 46 49 26 41 36 57 44 176 128 212 296 1198 1728 2039 2445 2593 2619 1808
 ... : 1 3 6 7 62 18 22 7 6 4 4 38 319 126 73 60 54 63 37 71 46 49 26 41 36 57 44 176 128 212 296 1198 1728 2049 2468 2622 2633 1815
 ... : 1 3 6 7 62 18 22 7 6 4 4 38 319 126 73 60 54 63 37 71 46 49 26 41 36 57 44 176 128 212 296 1198 1728 2051 2483 2650 2657 1833
 ... : 1 3 6 7 62 18 22 7 6 4 4 38 319 126 73 60 54 63 37 71 46 49 26 41 36 57 44 176 128 212 296 1198 1728 2051 2484 2650 2684 1892
 ... : 1 3 6 7 62 18 22 7 6 4 4 38 319 126 73 60 54 63 37 71 46 49 26 41 36 57 44 176 128 212 296 1198 1730 2060 2496 2658 2682 1956
 ... : 1 3 6 7 62 18 22 7 6 4 4 38 319 126 73 60 54 63 37 71 46 49 26 41 36 57 44 176 128 212 296 1198 1741 2098 2518 2667 2684 1957
 ... : 1 3 6 7 62 18 22 7 6 4 4 38 319 126 73 60 54 63 37 71 46 49 26 41 36 57 44 176 128 212 296 1198 1743 2106 2521 2683 2704 1963
 ... : 1 3 6 7 62 18 22 7 6 4 4 38 319 126 73 60 54 63 37 71 46 49 26 41 36 57 44 176 128 212 296 1198 1744 2111 2531 2689 2728 2022
 ... : 1 3 6 7 62 18 22 7 6 4 4 38 319 126 73 60 54 63 37 71 46 49 26 41 36 57 44 176 128 212 296 1198 1743 2113 2550 2726 2736 2031
 ... : 1 3 6 7 62 18 22 7 6 4 4 38 319 126 73 60 54 63 37 71 46 49 26 41 36 57 44 176 128 212 296 1198 1743 2113 2548 2731 2766 2048
 ... : 1 3 6 7 62 18 22 7 6 4 4 38 319 126 73 60 54 63 37 71 46 49 26 41 36 57 44 176 128 212 296 1198 1743 2113 2550 2730 2767 2097
 ... : 1 3 6 7 62 18 22 7 6 4 4 38 319 126 73 60 54 63 37 71 46 49 26 41 36 57 44 176 128 212 296 1198 1740 2109 2546 2727 2781 2193
 ... : 1 3 6 7 62 18 22 7 6 4 4 38 319 126 73 60 54 63 37 71 46 49 26 41 36 57 44 176 128 212 296 1198 1740 2109 2574 2751 2789 2203
 ... : 1 3 6 7 62 18 22 7 6 4 4 38 319 126 73 60 54 63 37 71 46 49 26 41 36 57 44 176 128 212 296 1198 1743 2112 2586 2760 2800 2213
 ... : 1 3 6 7 62 18 22 7 6 4 4 38 319 126 73 60 54 63 37 71 46 49 26 41 36 57 44 176 128 212 296 1200 1758 2138 2594 2763 2813 2233
 ... : 1 3 6 7 62 18 22 7 6 4 4 38 319 126 73 60 54 63 37 71 46 49 26 41 36 57 44 176 128 212 296 1200 1763 2148 2613 2769 2813 2233
 ... : 1 3 6 7 62 18 22 7 6 4 4 38 319 126 73 60 54 63 37 71 46 49 26 41 36 57 44 176 128 212 296 1201 1766 2156 2630 2785 2818 2233
 ... : 1 3 6 7 62 18 22 7 6 4 4 38 319 126 73 60 54 63 37 71 46 49 26 41 36 57 44 176 128 212 296 1200 1763 2156 2648 2800 2831 2234
 ... : 1 3 6 7 62 18 22 7 6 4 4 38 319 126 73 60 54 63 37 71 46 49 26 41 36 57 44 176 128 212 296 1200 1773 2168 2666 2802 2833 2253
 ... : 1 3 6 7 62 18 22 7 6 4 4 38 319 126 73 60 54 63 37 71 46 49 26 41 36 57 44 176 128 212 296 1199 1769 2172 2668 2817 2849 2260
 ... : 1 3 6 7 62 18 22 7 6 4 4 38 319 126 73 60 54 63 37 71 46 49 26 41 36 57 44 176 128 212 296 1199 1767 2166 2666 2809 2850 2302
 ... : 1 3 6 7 62 18 22 7 6 4 4 38 319 126 73 60 54 63 37 71 46 49 26 41 36 57 44 176 128 210 294 1199 1768 2165 2675 2832 2877 2316
 ... : 1 3 6 7 62 18 22 7 6 4 4 38 319 126 73 60 54 63 37 71 46 49 26 41 36 57 44 176 128 210 294 1199 1768 2164 2675 2832 2884 2420
 ... : 1 3 6 7 62 18 22 7 6 4 4 38 319 126 73 60 54 63 37 71 46 49 26 41 36 57 44 176 128 210 294 1200 1772 2175 2680 2836 2888 2468
 ... : 1 3 6 7 62 18 22 7 6 4 4 38 319 126 73 60 54 63 37 71 46 49 26 41 36 57 44 176 128 210 294 1200 1772 2181 2690 2849 2911 2470
 ... : 1 3 6 7 62 18 22 7 6 4 4 38 319 126 73 60 54 63 37 71 46 49 26 41 36 57 44 176 128 210 294 1199 1778 2199 2719 2872 2920 2473
  39 : 1 3 6 7 62 18 22 7 6 4 4 38 319 121 61 56 52 55 31 54 39 45 16 31 25 46 41 174 124 198 255 1117 1544 1917 2367 2531 2630 1737 1321
 ... : 1 3 6 7 62 18 22 7 6 4 4 38 319 121 61 56 52 55 31 54 39 45 16 31 25 46 41 174 124 198 255 1117 1545 1922 2372 2535 2628 1744 1402
 ... : 1 3 6 7 62 18 22 7 6 4 4 38 319 121 61 56 52 55 31 54 39 45 16 31 25 46 41 174 124 198 255 1117 1543 1920 2369 2532 2631 1752 1415
 ... : 1 3 6 7 62 18 22 7 6 4 4 38 319 121 61 56 52 55 31 54 39 45 16 31 25 46 41 174 124 198 255 1117 1543 1924 2369 2533 2633 1772 1446
 ... : 1 3 6 7 62 18 22 7 6 4 4 38 319 121 61 56 52 55 31 54 39 45 16 31 25 46 41 174 124 198 255 1117 1543 1924 2369 2533 2645 1797 1517
 ... : 1 3 6 7 62 18 22 7 6 4 4 38 319 121 61 56 52 55 31 54 39 45 16 31 25 46 41 174 124 198 255 1117 1543 1924 2376 2561 2690 1808 1525
 ... : 1 3 6 7 62 18 22 7 6 4 4 38 319 121 61 56 52 55 31 54 39 45 16 31 25 46 41 174 124 198 255 1117 1543 1924 2380 2576 2729 1829 1527
 ... : 1 3 6 7 62 18 22 7 6 4 4 38 319 121 61 56 52 55 31 54 39 45 16 31 25 46 41 174 124 197 255 1117 1543 1923 2379 2592 2759 1854 1536
 ... : 1 3 6 7 62 18 22 7 6 4 4 38 319 121 61 56 52 55 31 54 39 45 16 31 25 46 41 174 124 197 255 1117 1543 1923 2384 2626 2808 1855 1537
 ... : 1 3 6 7 62 18 22 7 6 4 4 38 319 121 61 56 52 55 31 54 39 45 16 31 25 46 41 174 124 197 255 1117 1543 1923 2382 2616 2831 1890 1548
 ... : 1 3 6 7 62 18 22 7 6 4 4 38 319 121 61 56 52 55 31 54 39 45 16 31 25 46 41 174 124 197 255 1117 1543 1921 2377 2602 2826 1918 1580
 ... : 1 3 6 7 62 18 22 7 6 4 4 38 319 121 61 56 52 55 31 54 39 45 16 31 25 46 41 174 124 197 255 1117 1543 1921 2377 2602 2834 1942 1623
 ... : 1 3 6 7 62 18 22 7 6 4 4 38 319 121 61 56 52 55 31 54 39 45 16 31 25 46 41 174 124 197 255 1117 1543 1921 2379 2624 2887 1950 1625
 ... : 1 3 6 7 62 18 22 7 6 4 4 38 319 121 61 56 52 55 31 54 39 45 16 31 25 46 41 174 124 195 255 1115 1533 1921 2378 2638 2904 1971 1626
 ... : 1 3 6 7 62 18 22 7 6 4 4 38 319 121 61 56 52 55 31 54 39 45 16 31 25 46 41 174 124 195 255 1115 1533 1921 2378 2639 2921 1997 1633
 ... : 1 3 6 7 62 18 22 7 6 4 4 38 319 121 61 56 52 55 31 54 39 45 16 31 25 46 41 174 124 195 255 1115 1533 1921 2378 2642 2935 2029 1652
 ... : 1 3 6 7 62 18 22 7 6 4 4 38 319 121 61 56 52 55 31 54 39 45 16 31 25 46 41 174 124 195 254 1111 1500 1918 2345 2638 2935 2029 1621
 ... : 1 3 6 7 62 18 22 7 6 4 4 38 319 121 61 56 52 55 31 54 39 45 16 31 25 46 41 174 123 195 245 1106 1439 1902 2301 2601 2859 2014 1606
 ... : 1 3 6 7 62 18 22 7 6 4 4 38 319 121 61 56 52 55 31 54 39 45 16 31 25 46 41 174 123 195 245 1106 1439 1902 2303 2606 2874 2031 1625
 ... : 1 3 6 7 62 18 22 7 6 4 4 38 319 121 61 56 52 55 31 54 39 45 16 31 25 46 41 174 123 195 245 1106 1439 1902 2305 2609 2874 2066 1651
 ... : 1 3 6 7 62 18 22 7 6 4 4 38 319 121 61 56 52 55 31 54 39 45 16 31 25 46 41 174 123 195 245 1106 1439 1902 2304 2609 2874 2056 1738
 ... : 1 3 6 7 62 18 22 7 6 4 4 38 319 121 61 56 52 55 31 54 39 45 16 31 25 46 41 174 123 195 245 1106 1439 1902 2304 2615 2883 2071 1768
 ... : 1 3 6 7 62 18 22 7 6 4 4 38 319 121 61 56 52 55 31 54 39 45 16 31 25 46 41 174 123 195 245 1106 1441 1910 2317 2628 2904 2077 1770
 ... : 1 3 6 7 62 18 22 7 6 4 4 38 319 121 61 56 52 55 31 54 39 45 16 31 25 46 41 174 123 195 245 1106 1445 1912 2319 2631 2908 2081 1770
 ... : 1 3 6 7 62 18 22 7 6 4 4 38 319 121 61 56 52 55 31 54 39 45 16 31 25 46 41 174 123 195 245 1106 1445 1916 2340 2653 2923 2087 1771
 ... : 1 3 6 7 62 18 22 7 6 4 4 38 319 121 61 56 52 55 31 54 39 45 16 31 25 46 41 174 123 195 245 1106 1445 1918 2343 2657 2923 2096 1798
 ... : 1 3 6 7 62 18 22 7 6 4 4 38 319 121 61 56 52 55 31 54 39 45 16 31 25 46 41 174 123 195 245 1106 1446 1919 2342 2665 2938 2116 1807
 ... : 1 3 6 7 62 18 22 7 6 4 4 38 319 121 61 56 52 55 31 54 39 45 16 31 25 46 41 174 123 195 245 1106 1446 1919 2342 2681 2968 2137 1830
 ... : 1 3 6 7 62 18 22 7 6 4 4 38 319 121 61 56 52 55 31 54 39 45 16 31 25 46 41 174 123 195 245 1106 1446 1919 2347 2692 2986 2161 1859
 ... : 1 3 6 7 62 18 22 7 6 4 4 38 319 121 61 56 52 55 31 54 39 45 16 31 25 46 41 174 123 195 245 1106 1447 1921 2349 2694 2997 2191 1888
 ... : 1 3 6 7 62 18 22 7 6 4 4 38 319 121 61 56 52 55 31 54 39 45 16 31 25 46 41 174 123 195 245 1106 1447 1921 2349 2694 3014 2246 1920
 ... : 1 3 6 7 62 18 22 7 6 4 4 38 319 121 61 56 52 55 31 54 39 45 16 31 25 46 41 174 123 195 245 1106 1447 1921 2350 2698 3040 2278 1932
 ... : 1 3 6 7 62 18 22 7 6 4 4 38 319 121 61 56 52 55 31 54 39 45 16 31 25 46 41 174 123 195 245 1106 1447 1921 2350 2699 3054 2322 1967
 ... : 1 3 6 7 62 18 22 7 6 4 4 38 319 121 61 56 52 55 31 54 39 45 16 31 25 46 41 174 123 195 245 1106 1447 1921 2352 2702 3069 2351 1987
 ... : 1 3 6 7 62 18 22 7 6 4 4 38 319 121 61 56 52 55 31 54 39 45 16 31 25 46 41 174 123 195 245 1106 1447 1921 2351 2702 3055 2351 2015
 ... : 1 3 6 7 62 18 22 7 6 4 4 38 319 121 61 56 52 55 31 54 39 45 16 31 25 46 41 174 123 195 245 1106 1447 1921 2351 2688 3053 2363 2022
 ... : 1 3 6 7 62 18 22 7 6 4 4 38 319 121 61 56 52 55 31 54 39 45 16 31 25 46 41 174 123 195 245 1106 1447 1922 2355 2692 3074 2386 2037
 ... : 1 3 6 7 62 18 22 7 6 4 4 38 319 121 61 56 52 55 31 54 39 45 16 31 25 46 41 174 123 195 245 1106 1447 1922 2354 2691 3092 2416 2071
 ... : 1 3 6 7 62 18 22 7 6 4 4 38 319 121 61 56 52 55 31 54 39 45 16 31 25 46 41 174 123 195 245 1106 1447 1922 2354 2692 3103 2417 2080
 ... : 1 3 6 7 62 18 22 7 6 4 4 38 319 121 61 56 52 55 31 54 39 45 16 31 25 46 41 174 123 195 245 1106 1447 1922 2354 2692 3100 2422 2088
 ... : 1 3 6 7 62 18 22 7 6 4 4 38 319 121 61 56 52 55 31 54 39 45 16 31 25 46 41 174 123 195 245 1106 1447 1922 2360 2714 3139 2436 2091
 ... : 1 3 6 7 62 18 22 7 6 4 4 38 319 121 61 56 52 55 31 54 39 45 16 31 25 46 41 174 123 195 245 1106 1448 1922 2368 2731 3170 2444 2091
 ... : 1 3 6 7 62 18 22 7 6 4 4 38 319 121 61 56 52 55 31 54 39 45 16 31 25 46 41 174 123 195 245 1106 1448 1925 2372 2733 3184 2450 2106
 ... : 1 3 6 7 62 18 22 7 6 4 4 38 319 121 61 56 52 55 31 54 39 45 16 31 25 46 41 174 123 195 245 1106 1448 1922 2386 2736 3165 2443 2109
 ... : 1 3 6 7 62 18 22 7 6 4 4 38 319 121 61 56 52 55 31 54 39 45 16 31 25 46 41 174 123 195 245 1106 1448 1923 2392 2743 3169 2437 2129
 ... : 1 3 6 7 62 18 22 7 6 4 4 38 319 121 61 56 52 55 31 54 39 45 16 31 25 46 41 174 123 195 245 1106 1449 1924 2394 2749 3176 2451 2153
 ... : 1 3 6 7 62 18 22 7 6 4 4 38 319 121 61 56 52 55 31 54 39 45 16 31 25 46 41 174 123 195 245 1106 1450 1925 2398 2761 3199 2465 2171
 ... : 1 3 6 7 62 18 22 7 6 4 4 38 319 121 61 56 52 55 31 54 39 45 16 31 25 46 41 174 123 195 245 1106 1450 1925 2398 2763 3211 2486 2206
 ... : 1 3 6 7 62 18 22 7 6 4 4 38 319 121 61 56 52 55 31 54 39 45 16 31 25 46 41 174 123 195 245 1106 1450 1925 2400 2777 3249 2508 2218
 ... : 1 3 6 7 62 18 22 7 6 4 4 38 319 121 61 56 52 55 31 54 39 45 16 31 25 46 41 174 123 195 245 1106 1450 1925 2400 2781 3267 2534 2249
 ... : 1 3 6 7 62 18 22 7 6 4 4 38 319 121 61 56 52 55 31 54 39 45 16 31 25 46 41 174 123 195 245 1106 1450 1925 2404 2791 3279 2561 2270
 ... : 1 3 6 7 62 18 22 7 6 4 4 38 319 121 61 56 52 55 31 54 39 45 16 31 25 46 41 174 123 195 245 1106 1450 1925 2404 2793 3300 2578 2278
 ... : 1 3 6 7 62 18 22 7 6 4 4 38 319 121 61 56 52 55 31 54 39 45 16 31 25 46 41 174 123 195 245 1106 1450 1925 2404 2797 3315 2608 2298
 ... : 1 3 6 7 62 18 22 7 6 4 4 38 319 121 61 56 52 55 31 54 39 45 16 31 25 46 41 174 123 195 245 1106 1450 1925 2405 2795 3323 2616 2322
 ... : 1 3 6 7 62 18 22 7 6 4 4 38 319 121 61 56 52 55 31 54 39 45 16 31 25 46 41 174 123 195 245 1106 1450 1925 2404 2794 3327 2651 2368
 ... : 1 3 6 7 62 18 22 7 6 4 4 38 319 121 61 56 52 55 31 54 39 45 16 31 25 46 41 174 123 195 245 1106 1450 1925 2409 2804 3344 2682 2373
 ... : 1 3 6 7 62 18 22 7 6 4 4 38 319 121 61 56 52 55 31 54 39 45 16 31 25 46 41 174 123 195 245 1106 1450 1925 2410 2805 3353 2692 2406
 ... : 1 3 6 7 62 18 22 7 6 4 4 38 319 121 61 56 52 55 31 54 39 45 16 31 25 46 41 174 123 195 245 1106 1450 1925 2410 2794 3343 2715 2430
 ... : 1 3 6 7 62 18 22 7 6 4 4 38 319 121 61 56 52 55 31 54 39 45 16 31 25 46 41 174 123 195 245 1106 1450 1927 2420 2811 3362 2724 2443
 ... : 1 3 6 7 62 18 22 7 6 4 4 38 319 121 61 56 52 55 31 54 39 45 16 31 25 46 41 174 123 195 245 1106 1451 1929 2420 2820 3393 2734 2447
 ... : 1 3 6 7 62 18 22 7 6 4 4 38 319 121 61 56 52 55 31 54 39 45 16 31 25 46 41 174 123 195 245 1106 1451 1930 2435 2829 3393 2749 2454
 ... : 1 3 6 7 62 18 22 7 6 4 4 38 319 121 61 56 52 55 31 54 39 45 16 31 25 46 41 174 123 195 245 1106 1451 1930 2437 2842 3426 2766 2456
 ... : 1 3 6 7 62 18 22 7 6 4 4 38 319 121 61 56 52 55 31 54 39 45 16 31 25 46 41 174 123 195 245 1106 1453 1934 2448 2851 3433 2776 2459
 ... : 1 3 6 7 62 18 22 7 6 4 4 38 319 121 61 56 52 55 31 54 39 45 16 31 25 46 41 174 123 195 245 1106 1453 1931 2449 2849 3442 2780 2468
 ... : 1 3 6 7 62 18 22 7 6 4 4 38 319 121 61 56 52 55 31 54 39 45 16 31 25 46 41 174 123 195 245 1106 1453 1931 2449 2850 3439 2786 2490
 ... : 1 3 6 7 62 18 22 7 6 4 4 38 319 121 61 56 52 55 31 54 39 45 16 31 25 46 41 174 123 195 245 1106 1453 1931 2449 2847 3436 2804 2536
 ... : 1 3 6 7 62 18 22 7 6 4 4 38 319 121 61 56 52 55 31 54 39 45 16 31 25 46 41 174 123 195 245 1106 1453 1930 2447 2841 3429 2803 2558
 ... : 1 3 6 7 62 18 22 7 6 4 4 38 319 121 61 56 52 55 31 54 39 45 16 31 25 46 41 174 123 195 245 1106 1457 1940 2455 2855 3440 2812 2558
 ... : 1 3 6 7 62 18 22 7 6 4 4 38 319 121 61 56 52 55 31 54 39 45 16 31 25 46 41 174 123 195 245 1106 1458 1941 2465 2853 3453 2817 2561
 ... : 1 3 6 7 62 18 22 7 6 4 4 38 319 121 61 56 52 55 31 54 39 45 16 31 25 46 41 174 123 195 245 1106 1458 1940 2464 2843 3444 2823 2574
 ... : 1 3 6 7 62 18 22 7 6 4 4 38 319 121 61 56 52 55 31 54 39 45 16 31 25 46 41 174 123 195 245 1106 1458 1940 2465 2855 3460 2839 2589
 ... : 1 3 6 7 62 18 22 7 6 4 4 38 319 121 61 56 52 55 31 54 39 45 16 31 25 46 41 174 123 195 245 1106 1458 1940 2465 2857 3459 2843 2633
 ... : 1 3 6 7 62 18 22 7 6 4 4 38 319 121 61 56 52 55 31 54 39 45 16 31 25 46 41 174 123 195 245 1106 1458 1940 2465 2858 3456 2846 2738
 ... : 1 3 6 7 62 18 22 7 6 4 4 38 319 121 61 56 52 55 31 54 39 45 16 31 25 46 41 174 123 195 245 1106 1458 1941 2461 2860 3493 2864 2743
 ... : 1 3 6 7 62 18 22 7 6 4 4 38 319 121 61 56 52 55 31 54 39 45 16 31 25 46 41 174 123 195 245 1106 1458 1941 2461 2860 3509 2899 2768
 ... : 1 3 6 7 62 18 22 7 6 4 4 38 319 121 61 56 52 55 31 54 39 45 16 31 25 46 41 174 123 195 245 1106 1458 1941 2461 2860 3518 2917 2808
 ... : 1 3 6 7 62 18 22 7 6 4 4 38 319 121 61 56 52 55 31 54 39 45 16 31 25 46 41 174 123 195 245 1106 1458 1941 2461 2864 3537 2947 2832
 ... : 1 3 6 7 62 18 22 7 6 4 4 38 319 121 61 56 52 55 31 54 39 45 16 31 25 46 41 174 123 195 245 1106 1458 1941 2462 2867 3546 2954 2863
 ... : 1 3 6 7 62 18 22 7 6 4 4 38 319 121 61 56 52 55 31 54 39 45 16 31 25 46 41 174 123 195 245 1106 1458 1941 2461 2870 3557 2978 2887
 ... : 1 3 6 7 62 18 22 7 6 4 4 38 319 121 61 56 52 55 31 54 39 45 16 31 25 46 41 174 123 195 245 1106 1460 1949 2479 2886 3577 2989 2895
 ... : 1 3 6 7 62 18 22 7 6 4 4 38 319 121 61 56 52 55 31 54 39 45 16 31 25 46 41 174 123 195 245 1106 1460 1949 2479 2885 3581 3001 2919
  40 : 1 3 6 7 62 18 22 7 6 4 4 37 320 121 61 56 52 55 31 54 39 45 16 31 25 46 41 174 121 193 235 1053 1296 1815 2159 2222 2664 2468 2063 1467
 ... : 1 3 6 7 62 18 22 7 6 4 4 37 320 121 61 56 52 55 31 54 39 45 16 31 25 46 41 174 121 193 247 1065 1308 1815 2160 2224 2664 2468 2063 1559
 ... : 1 3 6 7 62 18 22 7 6 4 4 37 320 121 61 56 52 55 31 54 39 45 16 31 25 46 41 174 121 193 248 1066 1326 1843 2166 2230 2667 2471 2066 1559
 ... : 1 3 6 7 62 18 22 7 6 4 4 37 320 121 61 56 52 55 31 54 39 45 16 31 25 46 41 174 121 193 248 1066 1332 1853 2187 2261 2681 2475 2067 1559
 ... : 1 3 6 7 62 18 22 7 6 4 4 37 320 121 61 56 52 55 31 54 39 45 16 31 25 46 41 174 121 193 248 1066 1332 1855 2189 2270 2701 2498 2069 1559
 ... : 1 3 6 7 62 18 22 7 6 4 4 37 320 121 61 56 52 55 31 54 39 45 16 31 25 46 41 174 121 193 247 1069 1340 1865 2203 2281 2708 2501 2079 1559
 ... : 1 3 6 7 62 18 22 7 6 4 4 37 320 121 61 56 52 55 31 54 39 45 16 31 25 46 41 174 121 193 247 1069 1340 1865 2205 2296 2734 2509 2087 1562
 ... : 1 3 6 7 62 18 22 7 6 4 4 37 320 121 61 56 52 55 31 54 39 45 16 31 25 46 41 174 121 193 247 1069 1342 1868 2212 2299 2750 2524 2094 1564
 ... : 1 3 6 7 62 18 22 7 6 4 4 37 320 121 61 56 52 55 31 54 39 45 16 31 25 46 41 174 121 193 247 1069 1342 1868 2209 2292 2754 2540 2115 1581
 ... : 1 3 6 7 62 18 22 7 6 4 4 37 320 121 61 56 52 55 31 54 39 45 16 31 25 46 41 174 121 193 247 1069 1342 1868 2209 2292 2753 2543 2129 1652
 ... : 1 3 6 7 62 18 22 7 6 4 4 37 320 121 61 56 52 55 31 54 39 45 16 31 25 46 41 174 121 193 247 1069 1342 1868 2209 2292 2754 2549 2144 1736
 ... : 1 3 6 7 62 18 22 7 6 4 4 37 320 121 61 56 52 55 31 54 39 45 16 31 25 46 41 174 121 193 247 1069 1342 1868 2209 2291 2751 2557 2158 1764
 ... : 1 3 6 7 62 18 22 7 6 4 4 37 320 121 61 56 52 55 31 54 39 45 16 31 25 46 41 174 121 193 247 1069 1342 1868 2209 2293 2758 2563 2162 1842
 ... : 1 3 6 7 62 18 22 7 6 4 4 37 320 121 61 56 52 55 31 54 39 45 16 31 25 46 41 174 121 193 247 1069 1342 1870 2217 2304 2773 2593 2172 1842
 ... : 1 3 6 7 62 18 22 7 6 4 4 37 320 121 61 56 52 55 31 54 39 45 16 31 25 46 41 174 121 193 247 1069 1342 1871 2219 2314 2786 2605 2186 1842
 ... : 1 3 6 7 62 18 22 7 6 4 4 37 320 121 61 56 52 55 31 54 39 45 16 31 25 46 41 174 121 193 247 1069 1342 1871 2219 2326 2813 2628 2199 1843
 ... : 1 3 6 7 62 18 22 7 6 4 4 37 320 121 61 56 52 55 31 54 39 45 16 31 25 46 41 174 121 193 247 1069 1342 1875 2225 2339 2830 2648 2220 1853
 ... : 1 3 6 7 62 18 22 7 6 4 4 37 320 121 61 56 52 55 31 54 39 45 16 31 25 46 41 174 121 193 247 1069 1342 1877 2229 2343 2840 2656 2244 1888
 ... : 1 3 6 7 62 18 22 7 6 4 4 37 320 121 61 56 52 55 31 54 39 45 16 31 25 46 41 174 121 193 247 1069 1342 1877 2230 2341 2850 2656 2246 1910
 ... : 1 3 6 7 62 18 22 7 6 4 4 37 320 121 61 56 52 55 31 54 39 45 16 31 25 46 41 174 121 193 247 1069 1342 1878 2236 2353 2870 2677 2254 1911
 ... : 1 3 6 7 62 18 22 7 6 4 4 37 320 121 61 56 52 55 31 54 39 45 16 31 25 46 41 174 121 193 247 1069 1342 1879 2245 2370 2879 2684 2271 1917
 ... : 1 3 6 7 62 18 22 7 6 4 4 37 320 121 61 56 52 55 31 54 39 45 16 31 25 46 41 174 121 193 247 1069 1342 1881 2249 2369 2892 2707 2286 1919
 ... : 1 3 6 7 62 18 22 7 6 4 4 37 320 121 61 56 52 55 31 54 39 45 16 31 25 46 41 174 121 193 247 1069 1342 1881 2249 2369 2895 2721 2309 1951
 ... : 1 3 6 7 62 18 22 7 6 4 4 37 320 121 61 56 52 55 31 54 39 45 16 31 25 46 41 174 121 193 247 1069 1343 1883 2255 2377 2907 2742 2323 1958
 ... : 1 3 6 7 62 18 22 7 6 4 4 37 320 121 61 56 52 55 31 54 39 45 16 31 25 46 41 174 121 193 247 1069 1343 1884 2259 2389 2932 2764 2334 1958
 ... : 1 3 6 7 62 18 22 7 6 4 4 37 320 121 61 56 52 55 31 54 39 45 16 31 25 46 41 174 121 193 247 1069 1344 1889 2264 2400 2949 2776 2349 1959
 ... : 1 3 6 7 62 18 22 7 6 4 4 37 320 121 61 56 52 55 31 54 39 45 16 31 25 46 41 174 121 193 247 1069 1346 1893 2266 2408 2966 2791 2376 1961
 ... : 1 3 6 7 62 18 22 7 6 4 4 37 320 121 61 56 52 55 31 54 39 45 16 31 25 46 41 174 121 193 247 1069 1346 1895 2270 2416 2980 2807 2391 1982
 ... : 1 3 6 7 62 18 22 7 6 4 4 37 320 121 61 56 52 55 31 54 39 45 16 31 25 46 41 174 121 193 247 1069 1346 1896 2271 2420 2988 2822 2407 2027
 ... : 1 3 6 7 62 18 22 7 6 4 4 37 320 121 61 56 52 55 31 54 39 45 16 31 25 46 41 174 121 193 247 1069 1346 1896 2271 2420 2994 2854 2440 2037
 ... : 1 3 6 7 62 18 22 7 6 4 4 37 320 121 61 56 52 55 31 54 39 45 16 31 25 46 41 174 121 193 247 1069 1346 1896 2271 2420 3011 2877 2462 2038
 ... : 1 3 6 7 62 18 22 7 6 4 4 37 320 121 61 56 52 55 31 54 39 45 16 31 25 46 41 174 121 193 247 1069 1346 1896 2271 2420 3015 2871 2476 2043
 ... : 1 3 6 7 62 18 22 7 6 4 4 37 320 121 61 56 52 55 31 54 39 45 16 31 25 46 41 174 121 193 247 1069 1346 1896 2275 2428 3035 2890 2489 2045
 ... : 1 3 6 7 62 18 22 7 6 4 4 37 320 121 61 56 52 55 31 54 39 45 16 31 25 46 41 174 121 193 247 1069 1346 1897 2289 2445 3053 2899 2500 2046
 ... : 1 3 6 7 62 18 22 7 6 4 4 37 320 121 61 56 52 55 31 54 39 45 16 31 25 46 41 174 121 193 247 1069 1346 1897 2286 2449 3064 2913 2506 2051
 ... : 1 3 6 7 62 18 22 7 6 4 4 37 320 121 61 56 52 55 31 54 39 45 16 31 25 46 41 174 121 193 247 1069 1346 1897 2287 2459 3078 2940 2513 2064
 ... : 1 3 6 7 62 18 22 7 6 4 4 37 320 121 61 56 52 55 31 54 39 45 16 31 25 46 41 174 121 193 247 1069 1346 1897 2288 2461 3094 2969 2535 2073
 ... : 1 3 6 7 62 18 22 7 6 4 4 37 320 121 61 56 52 55 31 54 39 45 16 31 25 46 41 174 121 193 247 1069 1346 1898 2287 2473 3108 2985 2547 2077
 ... : 1 3 6 7 62 18 22 7 6 4 4 37 320 121 61 56 52 55 31 54 39 45 16 31 25 46 41 174 121 193 247 1070 1355 1924 2311 2477 3108 2985 2547 2079
 ... : 1 3 6 7 62 18 22 7 6 4 4 37 320 121 61 56 52 55 31 54 39 45 16 31 25 46 41 174 121 193 247 1070 1355 1923 2312 2486 3131 3013 2565 2080
 ... : 1 3 6 7 62 18 22 7 6 4 4 37 320 121 61 56 52 55 31 54 39 45 16 31 25 46 41 174 121 193 247 1070 1358 1930 2332 2509 3161 3022 2565 2080
 ... : 1 3 6 7 62 18 22 7 6 4 4 37 320 121 61 56 52 55 31 54 39 45 16 31 25 46 41 174 121 193 247 1070 1358 1931 2341 2529 3189 3042 2575 2081
 ... : 1 3 6 7 62 18 22 7 6 4 4 37 320 121 61 56 52 55 31 54 39 45 16 31 25 46 41 174 121 193 247 1070 1359 1933 2344 2545 3213 3048 2578 2082
 ... : 1 3 6 7 62 18 22 7 6 4 4 37 320 121 61 56 52 55 31 54 39 45 16 31 25 46 41 174 121 193 247 1070 1362 1947 2353 2562 3232 3057 2578 2082
 ... : 1 3 6 7 62 18 22 7 6 4 4 37 320 121 61 56 52 55 31 54 39 45 16 31 25 46 41 174 121 193 247 1070 1362 1944 2355 2568 3245 3077 2603 2083
 ... : 1 3 6 7 62 18 22 7 6 4 4 37 320 121 61 56 52 55 31 54 39 45 16 31 25 46 41 174 121 193 247 1070 1362 1944 2356 2574 3268 3099 2623 2094
 ... : 1 3 6 7 62 18 22 7 6 4 4 37 320 121 61 56 52 55 31 54 39 45 16 31 25 46 41 174 121 193 247 1070 1362 1944 2358 2574 3280 3115 2629 2118
 ... : 1 3 6 7 62 18 22 7 6 4 4 37 320 121 61 56 52 55 31 54 39 45 16 31 25 46 41 174 121 193 247 1070 1362 1944 2355 2577 3287 3120 2631 2151
 ... : 1 3 6 7 62 18 22 7 6 4 4 37 320 121 61 56 52 55 31 54 39 45 16 31 25 46 41 174 121 193 247 1069 1361 1949 2379 2589 3290 3119 2632 2151
 ... : 1 3 6 7 62 18 22 7 6 4 4 37 320 121 61 56 52 55 31 54 39 45 16 31 25 46 41 174 121 193 247 1069 1361 1949 2379 2588 3301 3143 2654 2155
 ... : 1 3 6 7 62 18 22 7 6 4 4 37 320 121 61 56 52 55 31 54 39 45 16 31 25 46 41 174 121 193 247 1069 1361 1949 2379 2587 3302 3150 2664 2179
 ... : 1 3 6 7 62 18 22 7 6 4 4 37 320 121 61 56 52 55 31 54 39 45 16 31 25 46 41 174 121 193 247 1069 1361 1949 2379 2587 3300 3140 2647 2215
 ... : 1 3 6 7 62 18 22 7 6 4 4 37 320 121 61 56 52 55 31 54 39 45 16 31 25 46 41 174 121 193 247 1069 1361 1949 2379 2595 3315 3146 2666 2263
 ... : 1 3 6 7 62 18 22 7 6 4 4 37 320 121 61 56 52 55 31 54 39 45 16 31 25 46 41 174 121 193 247 1069 1360 1935 2365 2562 3306 3157 2667 2264
 ... : 1 3 6 7 62 18 22 7 6 4 4 37 320 121 61 56 52 55 31 54 39 45 16 31 25 46 41 174 121 193 247 1069 1362 1934 2356 2558 3311 3166 2670 2264
 ... : 1 3 6 7 62 18 22 7 6 4 4 37 320 121 61 56 52 55 31 54 39 45 16 31 25 46 41 174 121 193 247 1069 1362 1936 2361 2572 3330 3168 2675 2269
 ... : 1 3 6 7 62 18 22 7 6 4 4 37 320 121 61 56 52 55 31 54 39 45 16 31 25 46 41 174 121 193 247 1069 1362 1932 2364 2596 3346 3177 2676 2269
 ... : 1 3 6 7 62 18 22 7 6 4 4 37 320 121 61 56 52 55 31 54 39 45 16 31 25 46 41 174 121 193 247 1069 1362 1934 2379 2619 3382 3183 2676 2269
 ... : 1 3 6 7 62 18 22 7 6 4 4 37 320 121 61 56 52 55 31 54 39 45 16 31 25 46 41 174 121 193 247 1069 1361 1934 2370 2599 3391 3217 2677 2270
 ... : 1 3 6 7 62 18 22 7 6 4 4 37 320 121 61 56 52 55 31 54 39 45 16 31 25 46 41 174 121 193 247 1069 1361 1934 2373 2614 3422 3242 2682 2270
 ... : 1 3 6 7 62 18 22 7 6 4 4 37 320 121 61 56 52 55 31 54 39 45 16 31 25 46 41 174 121 193 247 1069 1361 1934 2378 2621 3441 3271 2698 2271
 ... : 1 3 6 7 62 18 22 7 6 4 4 37 320 121 61 56 52 55 31 54 39 45 16 31 25 46 41 174 121 193 247 1069 1361 1934 2380 2643 3481 3291 2700 2271
 ... : 1 3 6 7 62 18 22 7 6 4 4 37 320 121 61 56 52 55 31 54 39 45 16 31 25 46 41 174 121 193 247 1069 1361 1934 2380 2644 3485 3319 2741 2273
 ... : 1 3 6 7 62 18 22 7 6 4 4 37 320 121 61 56 52 55 31 54 39 45 16 31 25 46 41 174 121 193 247 1069 1361 1934 2380 2644 3488 3360 2780 2273
 ... : 1 3 6 7 62 18 22 7 6 4 4 37 320 121 61 56 52 55 31 54 39 45 16 31 25 46 41 174 121 193 247 1069 1361 1934 2380 2644 3488 3384 2815 2284
 ... : 1 3 6 7 62 18 22 7 6 4 4 37 320 121 61 56 52 55 31 54 39 45 16 31 25 46 41 174 121 193 247 1069 1361 1934 2380 2644 3493 3391 2848 2313
 ... : 1 3 6 7 62 18 22 7 6 4 4 37 320 121 61 56 52 55 31 54 39 45 16 31 25 46 41 174 121 193 247 1069 1361 1934 2380 2644 3493 3393 2876 2357
 ... : 1 3 6 7 62 18 22 7 6 4 4 37 320 121 61 56 52 55 31 54 39 45 16 31 25 46 41 174 121 193 247 1069 1361 1934 2377 2643 3503 3421 2886 2367
 ... : 1 3 6 7 62 18 22 7 6 4 4 37 320 121 61 56 52 55 31 54 39 45 16 31 25 46 41 174 121 193 247 1069 1361 1934 2378 2646 3523 3461 2905 2367
 ... : 1 3 6 7 62 18 22 7 6 4 4 37 320 121 61 56 52 55 31 54 39 45 16 31 25 46 41 174 121 193 247 1069 1361 1934 2378 2642 3519 3468 2909 2370
 ... : 1 3 6 7 62 18 22 7 6 4 4 37 320 121 61 56 52 55 31 54 39 45 16 31 25 46 41 174 121 193 247 1069 1361 1934 2378 2640 3525 3473 2918 2381
 ... : 1 3 6 7 62 18 22 7 6 4 4 37 320 121 61 56 52 55 31 54 39 45 16 31 25 46 41 174 121 193 247 1069 1361 1934 2378 2641 3539 3483 2934 2405
 ... : 1 3 6 7 62 18 22 7 6 4 4 37 320 121 61 56 52 55 31 54 39 45 16 31 25 46 41 174 121 193 247 1069 1361 1934 2378 2639 3542 3492 2937 2417
 ... : 1 3 6 7 62 18 22 7 6 4 4 37 320 121 61 56 52 55 31 54 39 45 16 31 25 46 41 174 121 193 247 1069 1361 1934 2378 2639 3547 3516 2989 2428
 ... : 1 3 6 7 62 18 22 7 6 4 4 37 320 121 61 56 52 55 31 54 39 45 16 31 25 46 41 174 121 193 247 1069 1361 1934 2378 2643 3562 3507 2999 2441
 ... : 1 3 6 7 62 18 22 7 6 4 4 37 320 121 61 56 52 55 31 54 39 45 16 31 25 46 41 174 121 193 247 1069 1361 1934 2380 2655 3573 3515 3018 2454
 ... : 1 3 6 7 62 18 22 7 6 4 4 37 320 121 61 56 52 55 31 54 39 45 16 31 25 46 41 174 121 193 247 1069 1361 1934 2380 2662 3595 3534 3044 2457
 ... : 1 3 6 7 62 18 22 7 6 4 4 37 320 121 61 56 52 55 31 54 39 45 16 31 25 46 41 174 121 193 247 1069 1361 1934 2380 2664 3606 3543 3072 2481
  41 : 1 3 6 7 62 18 22 7 6 4 4 37 320 121 61 56 52 55 31 54 39 45 16 31 25 46 41 174 121 193 240 1058 1304 1753 2016 2276 3033 2979 2747 1675 1579
 ... : 1 3 6 7 62 18 22 7 6 4 4 37 320 121 61 56 52 55 31 54 39 45 16 31 25 46 41 174 121 193 240 1058 1304 1754 2016 2276 3033 2979 2764 1696 1661
 ... : 1 3 6 7 62 18 22 7 6 4 4 37 320 121 61 56 52 55 31 54 39 45 16 31 25 46 41 174 121 193 240 1058 1304 1755 2016 2276 3038 2999 2786 1713 1664
 ... : 1 3 6 7 62 18 22 7 6 4 4 37 320 121 61 56 52 55 31 54 39 45 16 31 25 46 41 174 121 193 240 1058 1304 1755 2016 2276 3038 3006 2804 1733 1688
 ... : 1 3 6 7 62 18 22 7 6 4 4 37 320 121 61 56 52 55 31 54 39 45 16 31 25 46 41 174 121 193 240 1058 1304 1755 2016 2276 3051 3032 2821 1735 1691
 ... : 1 3 6 7 62 18 22 7 6 4 4 37 320 121 61 56 52 55 31 54 39 45 16 31 25 46 41 174 121 193 240 1058 1304 1756 2016 2277 3064 3060 2839 1737 1691
 ... : 1 3 6 7 62 18 22 7 6 4 4 37 320 121 61 56 52 55 31 54 39 45 16 31 25 46 41 174 121 193 240 1058 1304 1756 2017 2279 3071 3064 2835 1737 1692
 ... : 1 3 6 7 62 18 22 7 6 4 4 37 320 121 61 56 52 55 31 54 39 45 16 31 25 46 41 174 121 193 240 1058 1304 1756 2018 2282 3077 3081 2850 1755 1696
 ... : 1 3 6 7 62 18 22 7 6 4 4 37 320 121 61 56 52 55 31 54 39 45 16 31 25 46 41 174 121 193 240 1058 1304 1757 2018 2281 3080 3081 2871 1774 1708
 ... : 1 3 6 7 62 18 22 7 6 4 4 37 320 121 61 56 52 55 31 54 39 45 16 31 25 46 41 174 121 193 240 1058 1304 1756 2017 2281 3082 3081 2878 1773 1717
 ... : 1 3 6 7 62 18 22 7 6 4 4 37 320 121 61 56 52 55 31 54 39 45 16 31 25 46 41 174 121 193 240 1058 1304 1756 2017 2281 3080 3071 2872 1786 1743
 ... : 1 3 6 7 62 18 22 7 6 4 4 37 320 121 61 56 52 55 31 54 39 45 16 31 25 46 41 174 121 193 240 1058 1304 1756 2017 2281 3081 3078 2880 1787 1768
 ... : 1 3 6 7 62 18 22 7 6 4 4 37 320 121 61 56 52 55 31 54 39 45 16 31 25 46 41 174 121 193 240 1058 1304 1756 2017 2280 3081 3079 2886 1817 1840
 ... : 1 3 6 7 62 18 22 7 6 4 4 37 320 121 61 56 52 55 31 54 39 45 16 31 25 46 41 174 121 193 240 1058 1304 1756 2017 2280 3080 3081 2907 1849 1877
 ... : 1 3 6 7 62 18 22 7 6 4 4 37 320 121 61 56 52 55 31 54 39 45 16 31 25 46 41 174 121 193 240 1058 1304 1756 2017 2280 3077 3090 2926 1865 1891
 ... : 1 3 6 7 62 18 22 7 6 4 4 37 320 121 61 56 52 55 31 54 39 45 16 31 25 46 41 174 121 193 240 1058 1304 1756 2017 2280 3074 3094 2937 1870 1908
 ... : 1 3 6 7 62 18 22 7 6 4 4 37 320 121 61 56 52 55 31 54 39 45 16 31 25 46 41 174 121 193 240 1058 1304 1756 2017 2280 3083 3102 2960 1890 1911
 ... : 1 3 6 7 62 18 22 7 6 4 4 37 320 121 61 56 52 55 31 54 39 45 16 31 25 46 41 174 121 193 240 1058 1303 1749 2016 2279 3089 3110 2966 1900 1926
 ... : 1 3 6 7 62 18 22 7 6 4 4 37 320 121 61 56 52 55 31 54 39 45 16 31 25 46 41 174 121 193 240 1058 1303 1749 2015 2281 3102 3133 2993 1908 1926
 ... : 1 3 6 7 62 18 22 7 6 4 4 37 320 121 61 56 52 55 31 54 39 45 16 31 25 46 41 174 121 193 240 1058 1303 1749 2014 2276 3109 3155 3011 1917 1931
 ... : 1 3 6 7 62 18 22 7 6 4 4 37 320 121 61 56 52 55 31 54 39 45 16 31 25 46 41 174 121 193 240 1058 1303 1749 2014 2270 3088 3137 3015 1932 1935
 ... : 1 3 6 7 62 18 22 7 6 4 4 37 320 121 61 56 52 55 31 54 39 45 16 31 25 46 41 174 121 193 240 1058 1303 1749 2014 2269 3090 3141 3027 1947 1974
 ... : 1 3 6 7 62 18 22 7 6 4 4 37 320 121 61 56 52 55 31 54 39 45 16 31 25 46 41 174 121 193 240 1058 1302 1747 2011 2254 3081 3151 3041 1945 1981
 ... : 1 3 6 7 62 18 22 7 6 4 4 37 320 121 61 56 52 55 31 54 39 45 16 31 25 46 41 174 121 193 240 1058 1302 1747 2011 2253 3081 3152 3038 1961 2036
 ... : 1 3 6 7 62 18 22 7 6 4 4 37 320 121 61 56 52 55 31 54 39 45 16 31 25 46 41 174 121 193 240 1058 1302 1747 2011 2253 3081 3150 3037 1971 2107
 ... : 1 3 6 7 62 18 22 7 6 4 4 37 320 121 61 56 52 55 31 54 39 45 16 31 25 46 41 174 121 193 240 1058 1302 1747 2011 2253 3082 3155 3050 1998 2144
 ... : 1 3 6 7 62 18 22 7 6 4 4 37 320 121 61 56 52 55 31 54 39 45 16 31 25 46 41 174 121 193 240 1058 1302 1747 2011 2253 3086 3171 3069 2018 2166
 ... : 1 3 6 7 62 18 22 7 6 4 4 37 320 121 61 56 52 55 31 54 39 45 16 31 25 46 41 174 121 193 240 1058 1302 1747 2011 2254 3097 3182 3093 2031 2176
 ... : 1 3 6 7 62 18 22 7 6 4 4 37 320 121 61 56 52 55 31 54 39 45 16 31 25 46 41 174 121 193 240 1058 1302 1747 2011 2254 3099 3188 3095 2036 2191
 ... : 1 3 6 7 62 18 22 7 6 4 4 37 320 121 61 56 52 55 31 54 39 45 16 31 25 46 41 174 121 193 240 1058 1302 1747 2013 2260 3108 3203 3111 2042 2192
 ... : 1 3 6 7 62 18 22 7 6 4 4 37 320 121 61 56 52 55 31 54 39 45 16 31 25 46 41 174 121 193 240 1058 1302 1747 2013 2261 3112 3225 3134 2050 2192
 ... : 1 3 6 7 62 18 22 7 6 4 4 37 320 121 61 56 52 55 31 54 39 45 16 31 25 46 41 174 121 193 240 1058 1302 1747 2014 2267 3124 3242 3145 2063 2195
 ... : 1 3 6 7 62 18 22 7 6 4 4 37 320 121 61 56 52 55 31 54 39 45 16 31 25 46 41 174 121 193 240 1058 1302 1747 2032 2290 3144 3257 3148 2063 2195
 ... : 1 3 6 7 62 18 22 7 6 4 4 37 320 121 61 56 52 55 31 54 39 45 16 31 25 46 41 174 121 193 240 1058 1302 1749 2036 2299 3166 3274 3152 2063 2195
 ... : 1 3 6 7 62 18 22 7 6 4 4 37 320 121 61 56 52 55 31 54 39 45 16 31 25 46 41 174 121 193 240 1058 1303 1751 2045 2322 3196 3283 3159 2064 2197
 ... : 1 3 6 7 62 18 22 7 6 4 4 37 320 121 61 56 52 55 31 54 39 45 16 31 25 46 41 174 121 193 240 1058 1304 1755 2058 2347 3218 3285 3160 2064 2197
 ... : 1 3 6 7 62 18 22 7 6 4 4 37 320 121 61 56 52 55 31 54 39 45 16 31 25 46 41 174 121 193 240 1058 1306 1765 2109 2386 3223 3286 3160 2064 2199
 ... : 1 3 6 7 62 18 22 7 6 4 4 37 320 121 61 56 52 55 31 54 39 45 16 31 25 46 41 174 121 193 240 1058 1306 1770 2138 2437 3236 3286 3160 2064 2202
 ... : 1 3 6 7 62 18 22 7 6 4 4 37 320 121 61 56 52 55 31 54 39 45 16 31 25 46 41 174 121 193 240 1058 1307 1773 2153 2460 3258 3286 3160 2064 2203
 ... : 1 3 6 7 62 18 22 7 6 4 4 37 320 121 61 56 52 55 31 54 39 45 16 31 25 46 41 174 121 193 240 1058 1307 1774 2149 2455 3266 3287 3160 2064 2205
 ... : 1 3 6 7 62 18 22 7 6 4 4 37 320 121 61 56 52 55 31 54 39 45 16 31 25 46 41 174 121 193 240 1058 1313 1792 2170 2455 3264 3296 3160 2064 2208
 ... : 1 3 6 7 62 18 22 7 6 4 4 37 320 121 61 56 52 55 31 54 39 45 16 31 25 46 41 174 121 193 240 1058 1313 1793 2175 2467 3276 3310 3161 2064 2208
 ... : 1 3 6 7 62 18 22 7 6 4 4 37 320 121 61 56 52 55 31 54 39 45 16 31 25 46 41 174 121 193 240 1058 1313 1795 2183 2474 3295 3335 3167 2064 2210
 ... : 1 3 6 7 62 18 22 7 6 4 4 37 320 121 61 56 52 55 31 54 39 45 16 31 25 46 41 174 121 193 240 1058 1315 1818 2215 2480 3297 3338 3168 2065 2216
 ... : 1 3 6 7 62 18 22 7 6 4 4 37 320 121 61 56 52 55 31 54 39 45 16 31 25 46 41 174 121 193 240 1058 1315 1819 2221 2496 3319 3343 3176 2065 2227
 ... : 1 3 6 7 62 18 22 7 6 4 4 37 320 121 61 56 52 55 31 54 39 45 16 31 25 46 41 174 121 193 240 1058 1315 1819 2223 2499 3334 3375 3187 2068 2232
 ... : 1 3 6 7 62 18 22 7 6 4 4 37 320 121 61 56 52 55 31 54 39 45 16 31 25 46 41 174 121 193 240 1058 1315 1823 2232 2505 3344 3378 3195 2070 2232
 ... : 1 3 6 7 62 18 22 7 6 4 4 37 320 121 61 56 52 55 31 54 39 45 16 31 25 46 41 174 121 193 240 1058 1319 1830 2252 2516 3362 3385 3196 2070 2232
 ... : 1 3 6 7 62 18 22 7 6 4 4 37 320 121 61 56 52 55 31 54 39 45 16 31 25 46 41 174 121 193 240 1058 1320 1836 2262 2522 3372 3406 3198 2070 2232
 ... : 1 3 6 7 62 18 22 7 6 4 4 37 320 121 61 56 52 55 31 54 39 45 16 31 25 46 41 174 121 193 240 1058 1330 1871 2287 2533 3372 3406 3198 2070 2232
 ... : 1 3 6 7 62 18 22 7 6 4 4 37 320 121 61 56 52 55 31 54 39 45 16 31 25 46 41 174 121 193 240 1058 1330 1878 2294 2539 3394 3425 3206 2070 2232
 ... : 1 3 6 7 62 18 22 7 6 4 4 37 320 121 61 56 52 55 31 54 39 45 16 31 25 46 41 174 121 193 240 1058 1330 1878 2295 2540 3398 3431 3241 2071 2232
 ... : 1 3 6 7 62 18 22 7 6 4 4 37 320 121 61 56 52 55 31 54 39 45 16 31 25 46 41 174 121 193 240 1058 1330 1879 2304 2550 3421 3443 3251 2072 2232
 ... : 1 3 6 7 62 18 22 7 6 4 4 37 320 121 61 56 52 55 31 54 39 45 16 31 25 46 41 174 121 193 240 1058 1330 1881 2309 2562 3433 3437 3253 2074 2233
 ... : 1 3 6 7 62 18 22 7 6 4 4 37 320 121 61 56 52 55 31 54 39 45 16 31 25 46 41 174 121 193 240 1058 1332 1891 2322 2571 3448 3441 3253 2074 2235
 ... : 1 3 6 7 62 18 22 7 6 4 4 37 320 121 61 56 52 55 31 54 39 45 16 31 25 46 41 174 121 193 240 1058 1333 1890 2319 2598 3458 3445 3254 2074 2235
 ... : 1 3 6 7 62 18 22 7 6 4 4 37 320 121 61 56 52 55 31 54 39 45 16 31 25 46 41 174 121 193 240 1060 1337 1895 2337 2607 3463 3445 3254 2074 2235
 ... : 1 3 6 7 62 18 22 7 6 4 4 37 320 121 61 56 52 55 31 54 39 45 16 31 25 46 41 174 121 193 240 1060 1338 1900 2360 2631 3474 3455 3263 2074 2235
 ... : 1 3 6 7 62 18 22 7 6 4 4 37 320 121 61 56 52 55 31 54 39 45 16 31 25 46 41 174 121 193 240 1060 1338 1901 2360 2621 3499 3470 3273 2077 2235
 ... : 1 3 6 7 62 18 22 7 6 4 4 37 320 121 61 56 52 55 31 54 39 45 16 31 25 46 41 174 121 193 240 1060 1337 1889 2331 2606 3486 3473 3278 2077 2235
 ... : 1 3 6 7 62 18 22 7 6 4 4 37 320 121 61 56 52 55 31 54 39 45 16 31 25 46 41 174 121 193 240 1060 1337 1889 2326 2605 3480 3472 3309 2078 2236
 ... : 1 3 6 7 62 18 22 7 6 4 4 37 320 121 61 56 52 55 31 54 39 45 16 31 25 46 41 174 121 193 240 1060 1337 1889 2326 2605 3482 3481 3340 2098 2242
 ... : 1 3 6 7 62 18 22 7 6 4 4 37 320 121 61 56 52 55 31 54 39 45 16 31 25 46 41 174 121 193 240 1060 1337 1889 2326 2602 3485 3509 3364 2118 2246
 ... : 1 3 6 7 62 18 22 7 6 4 4 37 320 121 61 56 52 55 31 54 39 45 16 31 25 46 41 174 121 193 240 1060 1337 1889 2326 2608 3495 3522 3392 2139 2254
 ... : 1 3 6 7 62 18 22 7 6 4 4 37 320 121 61 56 52 55 31 54 39 45 16 31 25 46 41 174 121 193 240 1060 1338 1891 2336 2628 3519 3534 3393 2139 2254
 ... : 1 3 6 7 62 18 22 7 6 4 4 37 320 121 61 56 52 55 31 54 39 45 16 31 25 46 41 174 121 193 240 1060 1345 1893 2359 2650 3529 3537 3393 2139 2254
 ... : 1 3 6 7 62 18 22 7 6 4 4 37 320 121 61 56 52 55 31 54 39 45 16 31 25 46 41 174 121 193 240 1060 1345 1893 2361 2660 3554 3557 3403 2140 2254
 ... : 1 3 6 7 62 18 22 7 6 4 4 37 320 121 61 56 52 55 31 54 39 45 16 31 25 46 41 174 121 193 240 1060 1345 1893 2368 2670 3568 3567 3414 2141 2254
 ... : 1 3 6 7 62 18 22 7 6 4 4 37 320 121 61 56 52 55 31 54 39 45 16 31 25 46 41 174 121 193 240 1060 1345 1895 2372 2684 3588 3575 3416 2141 2254
 ... : 1 3 6 7 62 18 22 7 6 4 4 37 320 121 61 56 52 55 31 54 39 45 16 31 25 46 41 174 121 193 240 1060 1345 1897 2384 2717 3620 3588 3419 2141 2254
 ... : 1 3 6 7 62 18 22 7 6 4 4 37 320 121 61 56 52 55 31 54 39 45 16 31 25 46 41 174 121 193 240 1060 1345 1899 2397 2733 3642 3597 3421 2141 2254
 ... : 1 3 6 7 62 18 22 7 6 4 4 37 320 121 61 56 52 55 31 54 39 45 16 31 25 46 41 174 121 193 240 1060 1345 1899 2397 2733 3639 3605 3443 2147 2255
 ... : 1 3 6 7 62 18 22 7 6 4 4 37 320 121 61 56 52 55 31 54 39 45 16 31 25 46 41 174 121 193 240 1060 1345 1900 2401 2744 3642 3603 3453 2154 2257
 ... : 1 3 6 7 62 18 22 7 6 4 4 37 320 121 61 56 52 55 31 54 39 45 16 31 25 46 41 174 121 193 240 1060 1345 1900 2401 2743 3648 3611 3468 2185 2272
 ... : 1 3 6 7 62 18 22 7 6 4 4 37 320 121 61 56 52 55 31 54 39 45 16 31 25 46 41 174 121 193 240 1060 1345 1903 2402 2747 3660 3631 3490 2202 2275
 ... : 1 3 6 7 62 18 22 7 6 4 4 37 320 121 61 56 52 55 31 54 39 45 16 31 25 46 41 174 121 193 240 1060 1345 1907 2407 2753 3666 3637 3506 2225 2282
 ... : 1 3 6 7 62 18 22 7 6 4 4 37 320 121 61 56 52 55 31 54 39 45 16 31 25 46 41 174 121 193 240 1060 1345 1907 2407 2753 3680 3658 3530 2238 2284
 ... : 1 3 6 7 62 18 22 7 6 4 4 37 320 121 61 56 52 55 31 54 39 45 16 31 25 46 41 174 121 193 240 1060 1345 1911 2441 2782 3686 3673 3534 2246 2294
 ... : 1 3 6 7 62 18 22 7 6 4 4 37 320 121 61 56 52 55 31 54 39 45 16 31 25 46 41 174 121 193 240 1060 1345 1914 2462 2831 3696 3673 3534 2246 2315
 ... : 1 3 6 7 62 18 22 7 6 4 4 37 320 121 61 56 52 55 31 54 39 45 16 31 25 46 41 174 121 193 240 1060 1345 1914 2470 2865 3709 3673 3534 2246 2336
 ... : 1 3 6 7 62 18 22 7 6 4 4 37 320 121 61 56 52 55 31 54 39 45 16 31 25 46 41 174 121 193 240 1060 1345 1914 2470 2887 3742 3678 3534 2246 2359
 ... : 1 3 6 7 62 18 22 7 6 4 4 37 320 121 61 56 52 55 31 54 39 45 16 31 25 46 41 174 121 193 240 1060 1348 1923 2498 2914 3757 3678 3534 2246 2362
 ... : 1 3 6 7 62 18 22 7 6 4 4 37 320 121 61 56 52 55 31 54 39 45 16 31 25 46 41 174 121 193 240 1060 1348 1923 2498 2907 3757 3700 3542 2246 2362
 ... : 1 3 6 7 62 18 22 7 6 4 4 37 320 121 61 56 52 55 31 54 39 45 16 31 25 46 41 174 121 193 240 1060 1348 1924 2500 2927 3775 3718 3551 2246 2377
 ... : 1 3 6 7 62 18 22 7 6 4 4 37 320 121 61 56 52 55 31 54 39 45 16 31 25 46 41 174 121 193 240 1060 1349 1926 2510 2944 3777 3722 3563 2246 2380
 ... : 1 3 6 7 62 18 22 7 6 4 4 37 320 121 61 56 52 55 31 54 39 45 16 31 25 46 41 174 121 193 240 1060 1351 1924 2491 2906 3756 3704 3560 2246 2380
 ... : 1 3 6 7 62 18 22 7 6 4 4 37 320 121 61 56 52 55 31 54 39 45 16 31 25 46 41 174 121 193 240 1060 1351 1924 2491 2909 3754 3694 3553 2258 2380
 ... : 1 3 6 7 62 18 22 7 6 4 4 37 320 121 61 56 52 55 31 54 39 45 16 31 25 46 41 174 121 193 240 1060 1354 1938 2499 2915 3762 3704 3560 2261 2383
 ... : 1 3 6 7 62 18 22 7 6 4 4 37 320 121 61 56 52 55 31 54 39 45 16 31 25 46 41 174 121 193 240 1060 1355 1940 2499 2919 3776 3713 3572 2274 2392
 ... : 1 3 6 7 62 18 22 7 6 4 4 37 320 121 61 56 52 55 31 54 39 45 16 31 25 46 41 174 121 193 240 1060 1355 1938 2493 2908 3757 3692 3570 2313 2393
 ... : 1 3 6 7 62 18 22 7 6 4 4 37 320 121 61 56 52 55 31 54 39 45 16 31 25 46 41 174 121 193 240 1060 1359 1952 2519 2924 3774 3701 3573 2316 2394
 ... : 1 3 6 7 62 18 22 7 6 4 4 37 320 121 61 56 52 55 31 54 39 45 16 31 25 46 41 174 121 193 240 1061 1364 1954 2536 2939 3789 3704 3575 2316 2394
 ... : 1 3 6 7 62 18 22 7 6 4 4 37 320 121 61 56 52 55 31 54 39 45 16 31 25 46 41 174 121 193 240 1061 1364 1954 2536 2942 3817 3733 3578 2316 2413
 ... : 1 3 6 7 62 18 22 7 6 4 4 37 320 121 61 56 52 55 31 54 39 45 16 31 25 46 41 174 121 193 240 1061 1364 1954 2536 2944 3840 3769 3597 2318 2418
 ... : 1 3 6 7 62 18 22 7 6 4 4 37 320 121 61 56 52 55 31 54 39 45 16 31 25 46 41 174 121 193 240 1061 1364 1954 2536 2945 3852 3808 3625 2320 2424
 ... : 1 3 6 7 62 18 22 7 6 4 4 37 320 121 61 56 52 55 31 54 39 45 16 31 25 46 41 174 121 193 240 1061 1364 1955 2539 2949 3844 3766 3627 2326 2428
 ... : 1 3 6 7 62 18 22 7 6 4 4 37 320 121 61 56 52 55 31 54 39 45 16 31 25 46 41 174 121 193 240 1061 1364 1956 2550 2954 3847 3756 3635 2337 2436
 ... : 1 3 6 7 62 18 22 7 6 4 4 37 320 121 61 56 52 55 31 54 39 45 16 31 25 46 41 174 121 193 240 1061 1364 1959 2568 2975 3865 3770 3642 2337 2436
 ... : 1 3 6 7 62 18 22 7 6 4 4 37 320 121 61 56 52 55 31 54 39 45 16 31 25 46 41 174 121 193 241 1070 1370 1973 2578 2978 3865 3770 3645 2337 2436
 ... : 1 3 6 7 62 18 22 7 6 4 4 37 320 121 61 56 52 55 31 54 39 45 16 31 25 46 41 174 121 193 241 1070 1369 1970 2579 2990 3882 3787 3646 2337 2436
 ... : 1 3 6 7 62 18 22 7 6 4 4 37 320 121 61 56 52 55 31 54 39 45 16 31 25 46 41 174 121 193 241 1069 1369 1969 2578 2980 3891 3795 3668 2337 2438
 ... : 1 3 6 7 62 18 22 7 6 4 4 37 320 121 61 56 52 55 31 54 39 45 17 34 26 47 42 175 122 193 243 1073 1380 1990 2597 2986 3892 3795 3668 2337 2438
 ... : 1 3 6 7 62 18 22 7 6 4 4 37 320 121 61 56 52 55 31 54 39 45 17 34 26 47 42 175 122 193 243 1072 1378 1986 2592 3010 3918 3814 3669 2337 2438
 ... : 1 3 6 7 62 18 22 7 6 4 4 37 320 121 61 56 52 55 31 54 39 45 17 34 26 47 42 175 122 193 243 1072 1378 1986 2592 3012 3917 3823 3694 2340 2438
 ... : 1 3 6 7 62 18 22 7 6 4 4 37 320 121 61 56 52 55 31 54 39 45 17 34 26 47 42 175 122 193 243 1072 1378 1986 2592 3013 3925 3835 3712 2357 2439
 ... : 1 3 6 7 62 18 22 7 6 4 4 37 320 121 61 56 52 55 31 54 39 45 17 34 26 47 42 175 122 193 243 1072 1378 1986 2592 3013 3929 3840 3720 2366 2444
 ... : 1 3 6 7 62 18 22 7 6 4 4 37 320 121 61 56 52 55 31 54 39 45 17 34 26 47 42 175 122 193 243 1072 1378 1986 2592 3013 3931 3851 3741 2390 2458
 ... : 1 3 6 7 62 18 22 7 6 4 4 37 320 121 61 56 52 55 31 54 39 45 17 34 26 47 42 175 122 193 243 1072 1380 1992 2595 3022 3937 3856 3742 2396 2461
 ... : 1 3 6 7 62 18 22 7 6 4 4 37 320 121 61 56 52 55 31 54 39 45 17 34 26 47 42 175 122 193 243 1072 1384 2010 2630 3046 3949 3868 3746 2396 2461
 ... : 1 3 6 7 62 18 22 7 6 4 4 37 320 121 61 56 52 55 31 54 39 45 17 34 26 47 42 175 122 193 243 1072 1383 2010 2626 3050 3962 3888 3759 2398 2466
 ... : 1 3 6 7 62 18 22 7 6 4 4 37 320 121 61 56 52 55 31 54 39 45 17 34 26 47 42 175 122 193 243 1072 1383 2010 2625 3050 3959 3895 3795 2426 2474
 ... : 1 3 6 7 62 18 22 7 6 4 4 37 320 121 61 56 52 55 31 54 39 45 17 34 26 47 42 175 122 193 243 1072 1383 2010 2625 3050 3957 3903 3815 2452 2481
 ... : 1 3 6 7 62 18 22 7 6 4 4 37 320 121 61 56 52 55 31 54 39 45 17 34 26 47 42 175 122 193 243 1072 1383 2010 2625 3050 3957 3902 3825 2488 2529
 ... : 1 3 6 7 62 18 22 7 6 4 4 37 320 121 61 56 52 55 31 54 39 45 17 34 26 47 42 175 122 193 243 1072 1383 2010 2625 3050 3956 3903 3828 2488 2595
 ... : 1 3 6 7 62 18 22 7 6 4 4 37 320 121 61 56 52 55 31 54 39 45 17 34 26 47 42 175 122 193 243 1072 1383 2010 2625 3050 3956 3905 3851 2522 2614
 ... : 1 3 6 7 62 18 22 7 6 4 4 37 320 121 61 56 52 55 31 54 39 45 17 34 26 47 42 175 122 193 243 1072 1383 2009 2625 3050 3963 3920 3874 2534 2623
 ... : 1 3 6 7 62 18 22 7 6 4 4 37 320 121 61 56 52 55 31 54 39 45 17 34 26 47 42 175 122 193 243 1072 1389 2025 2636 3057 3967 3924 3871 2542 2640
 ... : 1 3 6 7 62 18 22 7 6 4 4 37 320 121 61 56 52 55 31 54 39 45 17 34 26 47 42 175 122 193 243 1072 1393 2029 2641 3062 3978 3942 3879 2542 2640
 ... : 1 3 6 7 62 18 22 7 6 4 4 37 320 121 61 56 52 55 31 54 39 45 17 34 26 47 42 175 122 193 243 1072 1393 2033 2645 3066 3980 3940 3883 2563 2678
 ... : 1 3 6 7 62 18 22 7 6 4 4 37 320 121 61 56 52 55 31 54 39 45 17 34 26 47 42 175 122 193 243 1072 1393 2034 2648 3077 3994 3944 3886 2573 2692
 ... : 1 3 6 7 62 18 22 7 6 4 4 37 320 121 61 56 52 55 31 54 39 45 17 34 26 47 42 175 122 193 243 1072 1393 2039 2675 3089 3996 3944 3897 2583 2720
 ... : 1 3 6 7 62 18 22 7 6 4 4 37 320 121 61 56 52 55 31 54 39 45 17 34 26 47 42 175 122 193 243 1072 1393 2041 2686 3102 4027 3960 3900 2583 2726
 ... : 1 3 6 7 62 18 22 7 6 4 4 37 320 121 61 56 52 55 31 54 39 45 17 34 26 47 42 175 122 193 243 1072 1393 2041 2688 3103 4042 3996 3933 2595 2729
 ... : 1 3 6 7 62 18 22 7 6 4 4 37 320 121 61 56 52 55 31 54 39 45 17 34 26 47 42 175 122 193 243 1072 1393 2042 2693 3107 4055 4022 3967 2609 2729
 ... : 1 3 6 7 62 18 22 7 6 4 4 37 320 121 61 56 52 55 31 54 39 45 17 34 26 47 42 175 122 193 243 1072 1393 2042 2693 3114 4074 4048 3991 2609 2729
 ... : 1 3 6 7 62 18 22 7 6 4 4 37 320 121 61 56 52 55 31 54 39 45 17 34 26 47 42 175 122 193 243 1072 1393 2042 2693 3117 4048 4004 3984 2610 2729
 ... : 1 3 6 7 62 18 22 7 6 4 4 37 320 121 61 56 52 55 31 54 39 45 17 34 26 47 42 175 122 193 243 1072 1393 2042 2691 3119 4064 4013 3989 2614 2729
 ... : 1 3 6 7 62 18 22 7 6 4 4 37 320 121 61 56 52 55 31 54 39 45 17 34 26 47 42 175 122 193 243 1072 1393 2042 2691 3117 4060 4012 3984 2618 2729
 ... : 1 3 6 7 62 18 22 7 6 4 4 37 320 121 61 56 52 55 31 54 39 45 17 34 26 47 42 175 122 193 243 1072 1393 2042 2692 3120 4071 4025 3990 2622 2749
 ... : 1 3 6 7 62 18 22 7 6 4 4 37 320 121 61 56 52 55 31 54 39 45 17 34 26 47 42 175 122 193 243 1072 1393 2043 2690 3124 4067 4020 3994 2635 2768
 ... : 1 3 6 7 62 18 22 7 6 4 4 37 320 121 61 56 52 55 31 54 39 45 17 34 26 47 42 175 122 193 243 1072 1393 2043 2689 3123 4066 4016 3975 2615 2805
 ... : 1 3 6 7 62 18 22 7 6 4 4 37 320 121 61 56 52 55 31 54 39 45 17 34 26 47 42 175 122 193 243 1072 1393 2043 2689 3123 4066 4019 3984 2633 2829
 ... : 1 3 6 7 62 18 22 7 6 4 4 37 320 121 61 56 52 55 31 54 39 45 17 34 26 47 42 175 122 193 243 1072 1393 2042 2687 3123 4063 4017 3986 2638 2870
 ... : 1 3 6 7 62 18 22 7 6 4 4 37 320 121 61 56 52 55 31 54 39 45 17 34 26 47 42 175 122 193 243 1072 1393 2042 2687 3122 4062 4009 3977 2639 2886
 ... : 1 3 6 7 62 18 22 7 6 4 4 37 320 121 61 56 52 55 31 54 39 45 17 34 26 47 42 175 122 193 243 1072 1393 2042 2687 3117 4063 4010 3974 2636 2958
 ... : 1 3 6 7 62 18 22 7 6 4 4 37 320 121 61 56 52 55 31 54 39 45 17 34 26 47 42 175 122 193 243 1072 1393 2042 2688 3121 4086 4036 3998 2644 2962
 ... : 1 3 6 7 62 18 22 7 6 4 4 37 320 121 61 56 52 55 31 54 39 45 17 34 26 47 42 175 122 193 243 1072 1393 2042 2696 3126 4100 4058 4020 2645 2962
 ... : 1 3 6 7 62 18 22 7 6 4 4 37 320 121 61 56 52 55 31 54 39 45 17 34 26 47 42 175 122 193 243 1072 1393 2042 2700 3133 4118 4070 4037 2658 2963
 ... : 1 3 6 7 62 18 22 7 6 4 4 37 320 121 61 56 52 55 31 54 39 45 17 34 26 47 42 175 122 193 243 1072 1393 2042 2700 3133 4122 4080 4047 2677 2992
 ... : 1 3 6 7 62 18 22 7 6 4 4 37 320 121 61 56 52 55 31 54 39 45 17 34 26 47 42 175 122 193 243 1072 1392 2041 2696 3119 4104 4065 4057 2711 3006
 ... : 1 3 6 7 62 18 22 7 6 4 4 37 320 121 61 56 52 55 31 54 39 45 17 34 26 47 42 175 122 193 243 1072 1392 2041 2696 3118 4102 4060 4058 2711 3046
 ... : 1 3 6 7 62 18 22 7 6 4 4 37 320 121 61 56 52 55 31 54 39 45 17 34 26 47 42 175 122 193 243 1072 1392 2041 2696 3118 4104 4064 4068 2734 3094
 ... : 1 3 6 7 62 18 22 7 6 4 4 37 320 121 61 56 52 55 31 54 39 45 17 34 26 47 42 175 122 193 243 1072 1392 2041 2696 3119 4105 4067 4083 2749 3119
  42 : 1 3 6 7 62 18 22 7 6 4 4 37 320 121 61 56 52 55 31 54 38 45 17 34 26 47 42 175 122 192 241 1064 1333 1870 2466 2774 3640 3498 3631 2569 1841 1864
 ... : 1 3 6 7 62 18 22 7 6 4 4 37 320 121 61 56 52 55 31 54 38 45 17 34 26 47 42 175 122 192 241 1064 1333 1870 2466 2774 3640 3504 3638 2583 1868 1911
 ... : 1 3 6 7 62 18 22 7 6 4 4 37 320 121 61 56 52 55 31 54 38 45 17 34 26 47 42 175 122 192 241 1064 1333 1870 2466 2774 3639 3504 3645 2595 1887 1933
 ... : 1 3 6 7 62 18 22 7 6 4 4 37 320 121 61 56 52 55 31 54 38 45 17 34 26 47 42 175 122 192 241 1064 1333 1870 2466 2774 3649 3516 3665 2624 1896 1937
 ... : 1 3 6 7 62 18 22 7 6 4 4 37 320 121 61 56 52 55 31 54 38 45 17 34 26 47 42 175 122 192 241 1064 1333 1870 2466 2774 3649 3527 3682 2644 1913 1940
 ... : 1 3 6 7 62 18 22 7 6 4 4 37 320 121 61 56 52 55 31 54 38 45 17 34 26 47 42 175 122 192 241 1064 1333 1870 2466 2774 3650 3540 3693 2655 1931 1949
 ... : 1 3 6 7 62 18 22 7 6 4 4 37 320 121 61 56 52 55 31 54 38 45 17 34 26 47 42 175 122 192 241 1064 1333 1870 2466 2774 3651 3555 3714 2682 1934 1949
 ... : 1 3 6 7 62 18 22 7 6 4 4 37 320 121 61 56 52 55 31 54 38 45 17 34 26 47 42 175 122 192 241 1064 1333 1870 2466 2775 3658 3563 3722 2690 1950 1959
 ... : 1 3 6 7 62 18 22 7 6 4 4 37 320 121 61 56 52 55 31 54 38 45 17 34 26 47 42 175 122 192 241 1064 1333 1870 2466 2779 3669 3577 3729 2690 1964 1972
 ... : 1 3 6 7 62 18 22 7 6 4 4 37 320 121 61 56 52 55 31 54 38 45 17 34 26 47 42 175 122 192 241 1064 1333 1870 2466 2780 3672 3585 3758 2700 1975 1982
 ... : 1 3 6 7 62 18 22 7 6 4 4 37 320 121 61 56 52 55 31 54 38 45 17 34 26 47 42 175 122 192 241 1064 1333 1870 2467 2783 3689 3608 3777 2707 1975 1982
 ... : 1 3 6 7 62 18 22 7 6 4 4 37 320 121 61 56 52 55 31 54 38 45 17 34 26 47 42 175 122 192 241 1064 1333 1870 2467 2784 3693 3618 3793 2737 1985 1983
 ... : 1 3 6 7 62 18 22 7 6 4 4 37 320 121 61 56 52 55 31 54 38 45 17 34 26 47 42 175 122 192 241 1064 1333 1870 2467 2785 3700 3634 3811 2746 1991 1988
 ... : 1 3 6 7 62 18 22 7 6 4 4 37 320 121 61 56 52 55 31 54 38 45 17 34 26 47 42 175 122 192 241 1064 1333 1870 2470 2792 3704 3637 3820 2760 2004 1988
 ... : 1 3 6 7 62 18 22 7 6 4 4 37 320 121 61 56 52 55 31 54 38 45 17 34 26 47 42 175 122 192 241 1064 1333 1870 2470 2792 3706 3647 3837 2781 2025 1988
 ... : 1 3 6 7 62 18 22 7 6 4 4 37 320 121 61 56 52 55 31 54 38 45 17 34 26 47 42 175 122 192 241 1064 1333 1870 2476 2798 3716 3650 3835 2785 2030 1988
