initialized model with 28986 latches, 8456 inputs and 1 properties
tsim: performed 250 steps
tsim: found 5790 constants and 172 latch equivalences
seqsimpl: found 79 latch equivalences
seqsimpl: (28986, 8456) -> (2942, 689)
checking bound 0
checking bound 1
checking bound 2
tdecomp: unrolling 2 cycles
tsim: performed 220 steps
tsim: found 85 constants and 0 latch equivalences
seqsimpl: found 39 latch equivalences
tdecomp: (2942, 2756) -> (2356, 410)
   2 : 1 1
   3 : 6 7 4
 ... : 6 8 70
   4 : 6 7 48 46
   5 : 6 7 51 4 54
   6 : 6 7 51 4 1 53
   7 : 6 7 51 4 1 9 54
   8 : 6 7 51 4 1 1 9 56
   9 : 6 7 51 4 1 1 9 2 59
  10 : 6 7 51 4 1 1 8 0 72 0
num_solve_calls = 8160
num_solve_sat_calls = 3276
num_solve_unsat_calls = 244
num_solve_approx_calls = 4640
num_solve_approx_unsat_calls = 1544
num_solve_conflicts = 1425
num_solve_decisions = 871808
num_solve_propagations = 6437128
avg_solve_conflicts = 1
avg_solve_decisions = 107
avg_solve_propagations = 789
avg_solve_unsat_decisions = 0.016
stddev_solve_unsat_decisions = 0.256
num_added_cubes = 573
num_subsumed_cubes = 423
num_gc_frame = 45
num_reset = 0
num_try_blocking = 3825
get_bad_cube_time = 0.144
rec_block_cube_time = 0.817
propagate_forward_time = 0.105
generalize_model_time = 0.166
generalize_and_push_time = 0.514
try_blocking_time = 0.902
reset_time = 0.000
clausify_time = 0.161
preprocess_time = 0.085
solve_time = 0.980
solve_sat_time = 0.791
solve_unsat_time = 0.189
prove_time = 1.344
memory_used_mb = 57
total_time = 3.926
Safe
