initialized model with 1126 latches, 73 inputs and 1 properties
tsim: performed 12 steps
tsim: found cycle from 10
checking bound 0
checking bound 1
checking bound 2
tdecomp: unrolling 2 cycles
tsim: performed 11 steps
tsim: found cycle from 9
tsim: found 1 constants and 0 latch equivalences
tdecomp: (1126, 292) -> (1125, 137)
 ... : 200
   2 : 172 132
 ... : 169 328
 ... : 164 523
 ... : 163 696
   3 : 132 451 226
 ... : 132 449 422
 ... : 132 448 622
 ... : 132 448 818
 ... : 132 447 1016
 ... : 132 447 1209
 ... : 132 465 1345
 ... : 132 463 1480
   4 : 128 395 1118 408
 ... : 128 395 1118 608
 ... : 128 395 1118 809
 ... : 128 395 1117 1006
 ... : 128 395 1106 1204
 ... : 128 395 1105 1396
 ... : 128 395 1105 1596
 ... : 128 395 1103 1793
   5 : 115 398 1033 1608 305
 ... : 115 398 1033 1608 505
 ... : 115 398 1033 1606 704
 ... : 115 398 1033 1606 905
 ... : 115 398 1033 1605 1105
 ... : 115 398 1033 1604 1304
 ... : 115 398 1033 1603 1504
 ... : 115 398 1033 1602 1705
 ... : 115 398 1033 1601 1905
 ... : 115 398 1033 1600 2104
 ... : 115 398 1033 1599 2304
 ... : 115 398 1033 1599 2501
 ... : 115 398 1033 1597 2698
 ... : 115 398 1032 1596 2833
 ... : 115 398 1032 1596 3027
 ... : 115 398 1032 1596 3201
 ... : 115 398 1032 1594 3376
 ... : 115 398 1032 1594 3575
 ... : 115 398 1032 1591 3764
 ... : 115 398 1032 1591 3959
 ... : 115 398 1032 1594 4152
 ... : 115 398 1032 1592 4353
 ... : 115 398 1032 1593 4552
 ... : 115 398 1032 1600 4734
 ... : 115 398 1032 1624 4883
 ... : 115 398 1032 1638 5017
 ... : 115 398 1032 1644 5198
 ... : 115 401 1043 1671 5275
 ... : 115 401 1048 1686 5407
 ... : 115 400 1052 1693 5514
   6 : 110 372 966 1594 4337 910
 ... : 110 372 966 1594 4335 1110
 ... : 110 372 966 1594 4335 1311
 ... : 110 372 966 1594 4334 1512
 ... : 110 371 966 1594 4334 1712
 ... : 110 370 966 1593 4330 1912
 ... : 110 370 966 1593 4330 2110
 ... : 110 370 966 1593 4325 2307
 ... : 110 370 966 1593 4316 2488
 ... : 110 370 966 1593 4319 2680
 ... : 110 368 966 1593 4320 2879
 ... : 110 368 966 1593 4320 3080
 ... : 110 368 966 1593 4320 3230
 ... : 110 368 966 1593 4320 3430
 ... : 110 368 966 1593 4320 3631
 ... : 110 368 966 1593 4320 3832
 ... : 110 368 966 1593 4319 4028
 ... : 110 368 966 1593 4319 4228
 ... : 110 368 966 1593 4311 4410
 ... : 110 368 966 1593 4308 4595
 ... : 110 368 966 1593 4331 4725
 ... : 110 368 966 1593 4336 4910
 ... : 110 368 966 1593 4355 5062
 ... : 110 368 966 1593 4367 5234
 ... : 110 368 966 1593 4370 5423
 ... : 110 368 966 1593 4375 5614
 ... : 110 368 966 1593 4371 5809
 ... : 108 364 962 1580 4329 5936
 ... : 108 364 962 1580 4329 6137
 ... : 108 364 962 1580 4337 6314
 ... : 108 364 962 1581 4346 6486
 ... : 108 364 962 1581 4350 6664
 ... : 108 364 962 1581 4365 6832
 ... : 108 364 962 1583 4368 6940
 ... : 108 364 962 1583 4382 7089
 ... : 108 364 962 1583 4388 7263
 ... : 108 364 962 1583 4392 7446
 ... : 108 364 962 1583 4400 7607
 ... : 108 364 962 1583 4400 7801
 ... : 108 364 962 1583 4409 7977
 ... : 108 364 962 1583 4409 8176
 ... : 108 364 962 1583 4413 8367
 ... : 108 364 962 1584 4442 8417
 ... : 108 364 962 1584 4461 8559
 ... : 108 364 962 1584 4467 8735
 ... : 108 364 962 1584 4463 8904
 ... : 108 364 962 1584 4477 9057
 ... : 108 364 962 1585 4527 9123
 ... : 108 364 962 1587 4551 9213
 ... : 108 364 962 1586 4557 9392
 ... : 108 364 962 1586 4561 9575
 ... : 108 364 962 1586 4599 9671
 ... : 108 364 962 1586 4606 9850
 ... : 108 364 962 1586 4483 10016
 ... : 108 364 962 1586 4491 10123
 ... : 108 364 962 1588 4533 10187
 ... : 108 364 962 1588 4551 10344
 ... : 108 364 962 1590 4607 10416
 ... : 108 364 962 1590 4664 10492
 ... : 108 364 962 1590 4715 10574
 ... : 108 364 962 1591 4729 10683
 ... : 108 364 967 1598 4764 10751
 ... : 108 364 968 1608 4803 10821
 ... : 108 364 976 1625 4833 10841
 ... : 108 364 976 1625 4844 11007
 ... : 108 364 976 1623 4841 11178
 ... : 108 364 976 1624 4882 11273
 ... : 108 363 976 1640 4940 11328
 ... : 108 363 975 1653 4988 11389
 ... : 108 363 975 1656 5040 11474
 ... : 108 363 975 1662 5088 11555
 ... : 108 363 975 1662 5091 11742
 ... : 108 363 975 1662 5097 11927
 ... : 108 363 975 1662 5116 12060
 ... : 108 363 975 1663 5139 12210
 ... : 108 363 975 1664 5170 12329
 ... : 108 363 975 1668 5213 12419
 ... : 108 363 975 1673 5251 12536
 ... : 108 363 975 1673 5285 12654
 ... : 108 363 975 1675 5341 12734
 ... : 108 363 975 1677 5389 12803
 ... : 108 363 975 1677 5444 12876
 ... : 108 363 975 1678 5497 12957
 ... : 108 363 975 1683 5537 12974
 ... : 108 363 975 1683 5567 13077
 ... : 108 363 975 1683 5586 13226
 ... : 108 363 975 1683 5617 13348
 ... : 108 363 975 1684 5680 13406
 ... : 108 363 975 1696 5742 13448
 ... : 108 363 975 1742 5809 13449
 ... : 108 363 975 1758 5855 13521
 ... : 108 363 975 1793 5922 13531
 ... : 108 363 975 1801 5923 13608
 ... : 108 363 975 1801 5926 13787
 ... : 108 363 975 1801 5944 13924
 ... : 108 363 975 1801 5980 14043
 ... : 108 363 975 1803 6016 14128
 ... : 108 363 975 1806 6045 14253
 ... : 108 363 975 1806 6087 14357
 ... : 108 363 975 1806 6145 14433
 ... : 108 363 975 1806 6203 14507
 ... : 108 363 975 1807 6249 14593
 ... : 108 363 975 1807 6307 14661
 ... : 108 363 975 1808 6328 14814
 ... : 108 363 975 1808 6343 14976
 ... : 108 363 975 1810 6353 15142
 ... : 108 363 975 1810 6355 15333
 ... : 108 363 975 1810 6362 15513
 ... : 108 363 975 1810 6379 15668
 ... : 108 363 975 1814 6438 15739
 ... : 108 363 975 1816 6454 15846
 ... : 108 363 983 1833 6490 15883
   7 : 99 335 935 1355 3825 8760 2304
 ... : 99 335 935 1355 3825 8760 2503
 ... : 99 335 935 1355 3825 8759 2704
 ... : 99 335 935 1355 3825 8758 2901
 ... : 99 335 935 1355 3825 8758 3096
 ... : 99 335 935 1355 3825 8756 3294
 ... : 99 335 935 1355 3825 8756 3495
 ... : 99 335 935 1355 3825 8755 3675
 ... : 99 335 935 1355 3825 8755 3876
 ... : 99 335 935 1355 3825 8755 4073
 ... : 99 335 935 1355 3825 8755 4264
