initialized model with 157 latches, 207 inputs and 1 properties
tsim: performed 14 steps
tsim: found cycle from 11
checking bound 0
checking bound 1
checking bound 2
tdecomp: unrolling 2 cycles
tsim: performed 12 steps
tsim: found cycle from 9
tsim: found 2 constants and 0 latch equivalences
tdecomp: (157, 828) -> (155, 340)
   2 : 6 4
   3 : 9 11 9
   4 : 8 14 11 25
 ... : 8 14 13 159
 ... : 8 14 13 357
   5 : 8 14 10 82 409
 ... : 8 14 11 88 553
 ... : 8 14 11 99 683
 ... : 8 14 11 103 739
 ... : 8 14 12 126 804
 ... : 8 14 13 132 872
 ... : 8 14 14 134 1016
 ... : 8 14 14 117 1183
   6 : 8 13 13 40 840 443
 ... : 8 13 13 40 865 564
 ... : 8 13 13 38 892 624
 ... : 8 13 13 37 928 670
 ... : 8 13 13 36 948 737
 ... : 10 14 13 36 968 815
 ... : 10 14 13 35 1001 868
 ... : 10 14 13 35 1022 910
 ... : 10 14 13 36 1051 1004
 ... : 10 14 13 35 1076 1047
 ... : 10 14 13 34 1110 1099
 ... : 10 14 13 35 1140 1155
 ... : 10 14 13 34 1160 1215
 ... : 10 14 13 34 1156 1367
 ... : 10 14 13 34 1145 1471
 ... : 10 14 13 37 1178 1513
 ... : 10 14 13 37 1195 1618
 ... : 10 14 13 37 1224 1667
 ... : 10 14 13 37 1254 1732
 ... : 10 14 13 37 1258 1892
 ... : 10 14 13 38 1281 1943
 ... : 10 14 13 42 1306 2001
 ... : 10 14 13 41 1324 2047
 ... : 10 14 13 38 1343 2079
 ... : 10 14 13 34 1328 2096
 ... : 10 14 13 34 1334 2187
 ... : 10 14 13 37 1342 2234
 ... : 10 14 13 39 1370 2283
 ... : 10 14 13 39 1394 2411
 ... : 10 14 13 38 1430 2451
 ... : 10 14 13 36 1436 2483
 ... : 10 14 13 36 1382 2613
 ... : 10 14 13 36 1334 2786
   7 : 10 14 13 26 1076 2088 779
 ... : 10 14 13 26 1094 2113 837
 ... : 10 14 13 26 1102 2162 881
 ... : 10 14 13 26 1121 2203 907
 ... : 10 14 13 26 1126 2226 1014
 ... : 10 14 13 26 1126 2240 1130
 ... : 10 14 13 26 1134 2284 1180
 ... : 10 14 13 26 1137 2334 1231
 ... : 10 14 13 26 1138 2380 1301
 ... : 10 14 13 26 1147 2425 1338
 ... : 10 14 13 26 1152 2468 1377
 ... : 10 14 13 26 1157 2508 1433
 ... : 10 14 13 26 1164 2561 1483
 ... : 10 14 13 26 1165 2604 1537
 ... : 10 14 13 26 1167 2646 1581
 ... : 10 14 13 26 1172 2689 1607
 ... : 10 14 13 26 1169 2672 1752
 ... : 10 14 13 27 1181 2710 1779
 ... : 10 14 13 26 1195 2749 1806
 ... : 10 14 13 26 1205 2793 1845
 ... : 10 14 13 27 1209 2830 1880
 ... : 10 14 13 27 1210 2865 1911
 ... : 10 14 13 26 1212 2899 1934
 ... : 10 14 13 26 1226 2932 1959
 ... : 10 14 13 26 1233 2976 2003
 ... : 10 14 13 27 1250 3015 2033
 ... : 10 14 13 28 1262 3054 2081
 ... : 10 14 13 28 1272 3099 2118
 ... : 10 14 13 28 1273 3133 2158
 ... : 10 14 13 28 1286 3173 2206
 ... : 10 14 13 28 1292 3210 2230
 ... : 10 14 13 28 1290 3250 2250
 ... : 10 14 13 28 1299 3281 2279
 ... : 10 14 13 28 1301 3316 2373
 ... : 10 14 13 28 1301 3354 2442
 ... : 10 14 13 28 1301 3395 2516
 ... : 10 14 13 28 1301 3374 2503
 ... : 10 14 13 28 1301 3411 2566
 ... : 10 14 13 28 1300 3439 2631
 ... : 10 14 13 28 1304 3472 2681
 ... : 10 14 13 28 1310 3494 2716
 ... : 10 14 13 27 1308 3507 2803
 ... : 10 14 13 27 1308 3490 3004
 ... : 10 14 13 27 1308 3475 3176
 ... : 10 14 13 27 1312 3490 3289
 ... : 10 14 13 27 1306 3526 3344
 ... : 10 14 13 27 1303 3565 3387
 ... : 10 14 13 27 1320 3611 3417
 ... : 10 14 13 27 1322 3664 3455
 ... : 10 14 13 27 1332 3697 3500
 ... : 10 14 13 27 1343 3747 3555
 ... : 10 14 13 27 1344 3794 3594
 ... : 10 14 13 27 1339 3828 3659
 ... : 10 14 13 28 1333 3850 3738
 ... : 10 14 13 28 1318 3865 3798
 ... : 10 14 13 28 1307 3882 3887
 ... : 10 14 13 28 1302 3895 3974
 ... : 10 14 13 28 1298 3904 4030
 ... : 10 14 13 28 1296 3899 4129
 ... : 10 14 13 28 1288 3888 4213
 ... : 10 14 13 28 1284 3891 4340
 ... : 10 14 13 28 1280 3889 4480
   8 : 10 14 13 27 888 2868 3986 1106
 ... : 10 14 13 27 888 2870 4013 1221
 ... : 10 14 13 27 887 2870 4036 1351
 ... : 10 14 13 27 887 2871 4060 1486
 ... : 10 14 13 27 884 2871 4102 1529
 ... : 10 14 13 27 884 2873 4120 1669
 ... : 10 14 13 27 884 2873 4149 1795
 ... : 10 14 13 27 884 2876 4198 1865
 ... : 10 14 13 27 884 2881 4240 1953
 ... : 10 14 13 27 883 2878 4275 2037
 ... : 10 14 13 27 883 2881 4301 2120
 ... : 10 14 13 27 883 2884 4325 2223
 ... : 10 14 13 27 882 2882 4374 2288
 ... : 10 14 13 27 879 2881 4419 2349
 ... : 10 14 13 27 880 2888 4457 2423
 ... : 10 14 13 27 880 2889 4498 2522
 ... : 10 14 13 27 880 2889 4537 2627
 ... : 10 14 13 27 878 2889 4555 2764
 ... : 10 14 13 27 878 2893 4587 2868
 ... : 10 14 13 27 879 2897 4635 2948
 ... : 10 14 13 27 879 2897 4674 3061
 ... : 10 14 13 27 879 2898 4725 3147
 ... : 10 14 13 27 878 2900 4773 3212
 ... : 10 14 13 27 878 2895 4797 3325
 ... : 10 14 13 27 878 2900 4798 3475
 ... : 10 14 13 27 877 2903 4828 3587
 ... : 10 14 13 27 877 2902 4851 3708
 ... : 10 14 13 27 877 2902 4887 3812
 ... : 10 14 13 27 877 2902 4897 3945
 ... : 10 14 13 27 876 2901 4924 4045
 ... : 10 14 13 27 874 2896 4943 4099
 ... : 10 14 13 27 874 2892 4981 4153
 ... : 10 14 13 27 869 2892 4996 4211
 ... : 10 14 13 27 869 2889 5038 4278
 ... : 10 14 13 27 868 2877 5058 4349
 ... : 10 14 13 27 867 2880 5085 4403
 ... : 10 14 13 27 867 2882 5100 4497
 ... : 10 14 13 27 864 2877 5081 4633
 ... : 10 14 13 27 864 2877 5099 4751
 ... : 10 14 13 27 863 2874 5135 4833
 ... : 10 14 13 27 863 2872 5134 4967
 ... : 10 14 13 27 863 2859 5129 5094
 ... : 10 14 13 27 863 2855 5106 5228
 ... : 10 14 13 27 863 2855 5117 5372
 ... : 10 14 13 27 863 2855 5109 5495
 ... : 10 14 13 27 863 2851 5127 5619
   9 : 10 14 13 27 786 2376 3849 4933 1577
 ... : 10 14 13 27 786 2376 3849 4957 1713
 ... : 10 14 13 27 786 2376 3852 5006 1781
 ... : 10 14 13 27 786 2376 3855 5047 1881
 ... : 10 14 13 27 786 2376 3851 5077 1986
 ... : 10 14 13 27 786 2376 3851 5122 2052
 ... : 10 14 13 27 786 2376 3851 5159 2155
 ... : 10 14 13 27 786 2376 3860 5206 2227
 ... : 10 14 13 27 786 2377 3868 5249 2295
 ... : 10 14 13 27 786 2377 3866 5282 2369
 ... : 10 14 13 27 786 2378 3875 5319 2421
 ... : 10 14 13 27 786 2378 3883 5358 2501
 ... : 10 14 13 27 786 2378 3882 5395 2585
 ... : 10 14 13 27 786 2378 3882 5430 2660
 ... : 10 14 13 27 786 2378 3884 5464 2734
 ... : 10 14 13 27 786 2378 3884 5476 2869
 ... : 10 14 13 27 786 2378 3886 5502 3001
 ... : 10 14 13 27 786 2378 3884 5520 3127
 ... : 10 14 13 27 786 2378 3876 5531 3256
 ... : 10 14 13 27 786 2378 3879 5539 3357
 ... : 10 14 13 27 786 2379 3890 5592 3409
 ... : 10 14 13 27 786 2379 3896 5649 3465
 ... : 10 14 13 27 786 2379 3896 5675 3574
 ... : 10 14 13 27 786 2379 3897 5713 3682
 ... : 10 14 13 27 786 2379 3894 5770 3741
 ... : 10 14 13 27 786 2379 3893 5828 3806
 ... : 10 14 13 27 786 2379 3894 5889 3862
 ... : 10 14 13 27 786 2379 3894 5938 3929
 ... : 10 14 13 27 786 2379 3891 5995 3981
 ... : 10 14 13 27 786 2379 3896 6039 4051
 ... : 10 14 13 27 786 2379 3897 6091 4102
 ... : 10 14 13 27 786 2379 3898 6135 4159
 ... : 10 14 13 27 786 2378 3896 6194 4206
 ... : 10 14 13 27 786 2379 3895 6245 4256
 ... : 10 14 13 27 786 2379 3892 6297 4317
 ... : 10 14 13 27 786 2379 3881 6337 4381
 ... : 10 14 13 27 786 2379 3873 6383 4444
 ... : 10 14 13 27 786 2379 3877 6439 4486
 ... : 10 14 13 27 786 2379 3876 6470 4548
 ... : 10 14 13 27 786 2379 3871 6496 4616
 ... : 10 14 13 27 786 2379 3862 6505 4694
 ... : 10 14 13 27 786 2379 3848 6543 4741
 ... : 10 14 13 27 786 2379 3841 6580 4808
 ... : 10 14 13 27 786 2379 3834 6595 4899
 ... : 10 14 13 27 786 2379 3831 6595 5038
 ... : 10 14 13 27 786 2379 3819 6612 5134
 ... : 10 14 13 27 786 2379 3801 6641 5240
 ... : 10 14 13 27 786 2379 3801 6665 5346
 ... : 10 14 13 27 786 2379 3800 6683 5465
 ... : 10 14 13 27 786 2379 3795 6689 5569
 ... : 10 14 13 27 786 2379 3791 6703 5689
 ... : 10 14 13 27 786 2379 3781 6728 5762
 ... : 10 14 13 27 786 2379 3775 6741 5888
 ... : 10 14 13 27 786 2379 3764 6768 5979
 ... : 10 14 13 27 786 2379 3759 6790 6069
 ... : 10 14 13 27 786 2379 3755 6828 6164
 ... : 10 14 13 27 786 2379 3754 6850 6256
 ... : 10 14 13 27 786 2379 3745 6845 6352
 ... : 10 14 13 27 786 2379 3738 6836 6520
 ... : 10 14 13 27 786 2379 3735 6831 6683
 ... : 10 14 13 27 786 2379 3734 6828 6848
 ... : 10 14 13 27 786 2379 3731 6785 7016
  10 : 10 14 13 27 786 2373 2929 5588 6098 1799
 ... : 10 14 13 27 786 2373 2929 5588 6113 1933
 ... : 10 14 13 27 794 2378 2929 5590 6144 2002
 ... : 10 14 13 27 794 2378 2929 5592 6170 2084
 ... : 10 14 13 27 794 2377 2930 5600 6204 2159
 ... : 10 14 13 27 794 2377 2930 5601 6244 2247
 ... : 10 14 13 27 794 2377 2930 5603 6280 2348
 ... : 10 14 13 27 794 2377 2930 5603 6333 2411
 ... : 10 14 13 27 794 2377 2930 5606 6392 2463
 ... : 10 14 13 27 794 2377 2930 5608 6436 2520
 ... : 10 14 13 27 794 2377 2929 5618 6493 2560
 ... : 10 14 13 27 794 2377 2929 5626 6549 2610
 ... : 10 14 13 27 794 2377 2929 5627 6589 2692
 ... : 10 14 13 27 794 2377 2929 5630 6620 2767
 ... : 10 14 13 27 794 2377 2928 5626 6637 2855
 ... : 10 14 13 27 794 2377 2926 5626 6681 2906
 ... : 10 14 13 27 794 2377 2926 5620 6710 2981
 ... : 10 14 13 27 794 2377 2926 5619 6728 3104
 ... : 10 14 13 27 794 2377 2925 5612 6774 3163
 ... : 10 14 13 27 794 2377 2926 5605 6791 3237
 ... : 10 14 13 27 794 2377 2927 5609 6821 3297
 ... : 10 14 13 27 794 2377 2927 5618 6867 3358
 ... : 10 14 13 27 794 2377 2928 5629 6903 3428
 ... : 10 14 13 27 794 2377 2928 5628 6918 3541
 ... : 10 14 13 27 794 2377 2930 5633 6950 3610
 ... : 10 14 13 27 794 2377 2929 5628 6985 3678
 ... : 10 14 13 27 794 2377 2929 5616 6988 3769
 ... : 10 14 13 27 794 2377 2929 5615 7017 3822
 ... : 10 14 13 27 794 2377 2929 5615 7066 3884
 ... : 10 14 13 27 794 2377 2929 5613 7084 3949
 ... : 10 14 13 27 794 2377 2928 5606 7099 4054
 ... : 10 14 13 27 794 2377 2927 5599 7110 4142
 ... : 10 14 13 27 794 2377 2925 5599 7117 4261
 ... : 10 14 13 27 794 2377 2925 5599 7125 4363
 ... : 10 14 13 27 794 2377 2925 5598 7144 4434
 ... : 10 14 13 27 794 2377 2924 5596 7187 4484
 ... : 10 14 13 27 794 2377 2924 5582 7192 4582
 ... : 10 14 13 27 794 2377 2911 5528 7126 4542
 ... : 10 14 13 27 794 2377 2912 5531 7164 4575
 ... : 10 14 13 27 794 2377 2912 5527 7191 4631
 ... : 10 14 13 27 794 2377 2912 5524 7173 4768
 ... : 10 14 13 27 794 2377 2913 5530 7203 4837
 ... : 10 14 13 27 794 2377 2913 5528 7259 4897
 ... : 10 14 13 27 794 2377 2913 5530 7302 4953
 ... : 10 14 13 27 794 2377 2913 5530 7338 5012
 ... : 10 14 13 27 794 2377 2913 5527 7371 5094
 ... : 10 14 13 27 794 2377 2911 5526 7403 5149
 ... : 10 14 13 27 794 2377 2911 5535 7447 5203
 ... : 10 14 13 27 794 2377 2909 5527 7486 5259
 ... : 10 14 13 27 794 2377 2909 5525 7520 5337
 ... : 10 14 13 27 794 2377 2910 5516 7530 5395
 ... : 10 14 13 27 794 2377 2913 5515 7567 5436
 ... : 10 14 13 27 794 2377 2913 5509 7584 5492
 ... : 10 14 13 27 794 2378 2911 5511 7603 5543
 ... : 10 14 13 27 794 2378 2911 5506 7625 5601
 ... : 10 14 13 27 794 2378 2911 5503 7642 5649
 ... : 10 14 13 27 794 2378 2908 5494 7657 5713
 ... : 10 14 13 27 794 2378 2908 5479 7648 5798
 ... : 10 14 13 27 794 2378 2907 5470 7660 5868
 ... : 10 14 13 27 794 2378 2907 5462 7679 5929
 ... : 10 14 13 27 794 2378 2908 5450 7684 5991
 ... : 10 14 13 27 794 2378 2908 5438 7690 6078
 ... : 10 14 13 27 794 2378 2909 5434 7692 6161
 ... : 10 14 13 27 794 2378 2908 5425 7696 6258
 ... : 10 14 13 27 794 2378 2908 5423 7687 6329
 ... : 10 14 13 27 794 2378 2908 5423 7673 6435
 ... : 10 14 13 27 794 2378 2908 5423 7661 6572
 ... : 10 14 13 27 794 2378 2908 5421 7662 6699
 ... : 10 14 13 27 794 2378 2908 5417 7621 6832
 ... : 10 14 13 27 794 2378 2908 5417 7579 6977
 ... : 10 14 13 27 794 2378 2908 5415 7577 7092
 ... : 10 14 13 27 794 2378 2908 5411 7544 7265
  11 : 10 14 13 26 795 2370 2800 4224 4863 7001 2176
 ... : 10 14 13 26 795 2370 2800 4224 4866 7035 2267
 ... : 10 14 13 26 795 2370 2800 4224 4871 7074 2345
 ... : 10 14 13 26 795 2370 2800 4224 4872 7089 2447
 ... : 10 14 13 26 795 2370 2800 4224 4876 7114 2522
 ... : 10 14 13 26 795 2370 2800 4224 4875 7135 2582
 ... : 10 14 13 26 795 2370 2800 4224 4885 7172 2653
 ... : 10 14 13 26 795 2370 2800 4224 4890 7206 2738
 ... : 10 14 13 26 795 2370 2800 4224 4890 7181 2890
 ... : 10 14 13 26 795 2370 2800 4224 4891 7209 2987
 ... : 10 14 13 26 795 2370 2800 4224 4889 7248 3057
 ... : 10 14 13 26 800 2391 2826 4239 4889 7252 3067
 ... : 10 14 13 26 800 2399 2833 4256 4913 7277 3074
 ... : 10 14 13 26 800 2399 2833 4256 4909 7325 3151
 ... : 10 14 13 26 800 2399 2833 4258 4915 7374 3214
 ... : 10 14 13 26 800 2399 2833 4258 4921 7415 3295
 ... : 10 14 13 26 800 2399 2833 4259 4928 7460 3352
 ... : 10 14 13 26 800 2399 2833 4259 4937 7505 3412
 ... : 10 14 13 26 800 2399 2833 4259 4939 7510 3512
 ... : 10 14 13 26 800 2399 2833 4259 4947 7548 3591
 ... : 10 14 13 26 800 2399 2833 4258 4936 7578 3661
 ... : 10 14 13 26 800 2399 2832 4259 4936 7612 3748
 ... : 10 14 13 26 800 2399 2831 4260 4934 7630 3830
 ... : 10 14 13 26 800 2399 2831 4260 4939 7658 3908
 ... : 10 14 13 26 800 2399 2830 4260 4935 7677 3990
 ... : 10 14 13 26 800 2399 2830 4260 4933 7666 4123
 ... : 10 14 13 26 800 2399 2830 4260 4932 7670 4268
 ... : 10 14 13 26 800 2399 2830 4260 4937 7680 4366
 ... : 10 14 13 26 800 2399 2830 4260 4935 7728 4426
 ... : 10 14 13 26 800 2399 2830 4259 4931 7761 4493
 ... : 10 14 13 26 800 2399 2830 4260 4938 7808 4551
 ... : 10 14 13 26 800 2399 2830 4260 4939 7832 4626
 ... : 10 14 13 26 800 2399 2830 4260 4937 7852 4712
 ... : 10 14 13 26 800 2399 2830 4259 4940 7880 4792
 ... : 10 14 13 26 800 2399 2830 4257 4931 7899 4877
 ... : 10 14 13 26 800 2399 2830 4256 4922 7892 4988
 ... : 10 14 13 26 800 2399 2830 4252 4920 7919 5056
 ... : 10 14 13 26 800 2399 2830 4255 4924 7947 5109
 ... : 10 14 13 26 800 2399 2830 4253 4916 7968 5162
 ... : 10 14 13 26 800 2399 2829 4253 4904 7943 5209
 ... : 10 14 13 26 800 2399 2829 4252 4903 7954 5343
 ... : 10 14 13 26 800 2399 2829 4252 4902 7990 5432
 ... : 10 14 13 26 800 2399 2829 4252 4905 8025 5490
 ... : 10 14 13 26 800 2399 2829 4252 4909 8045 5598
 ... : 10 14 13 26 800 2399 2829 4252 4909 8060 5693
 ... : 10 14 13 26 800 2399 2829 4251 4907 8066 5788
 ... : 10 14 13 26 800 2399 2829 4252 4921 8082 5852
 ... : 10 14 13 26 800 2399 2829 4252 4922 8104 5941
 ... : 10 14 13 26 800 2399 2829 4252 4922 8091 6027
 ... : 10 14 13 26 800 2399 2829 4252 4921 8105 6163
 ... : 10 14 13 26 800 2399 2829 4248 4912 8123 6237
 ... : 10 14 13 26 800 2399 2829 4248 4915 8145 6345
 ... : 10 14 13 26 800 2399 2829 4245 4910 8146 6445
 ... : 10 14 13 26 800 2399 2829 4245 4910 8141 6593
 ... : 10 14 13 26 800 2399 2829 4245 4907 8156 6723
  12 : 10 14 13 26 797 2395 2811 4103 4100 6841 6047 2025
 ... : 10 14 13 26 797 2395 2811 4103 4101 6846 6091 2097
 ... : 10 14 13 26 805 2411 2827 4113 4112 6855 6113 2114
 ... : 10 14 13 26 817 2432 2853 4132 4121 6855 6113 2114
 ... : 10 14 13 26 817 2437 2861 4153 4153 6897 6124 2118
 ... : 10 14 13 26 834 2473 2892 4157 4153 6897 6124 2118
 ... : 10 14 13 26 834 2473 2903 4190 4191 6919 6124 2119
 ... : 10 14 13 26 845 2506 2917 4193 4189 6927 6124 2120
 ... : 10 14 13 26 844 2508 2948 4227 4214 6929 6127 2123
 ... : 10 14 13 31 853 2529 2958 4224 4211 6943 6124 2098
 ... : 10 14 13 32 849 2531 2987 4253 4239 6948 6125 2099
 ... : 10 14 13 38 851 2547 2998 4251 4249 6962 6126 2099
 ... : 10 14 13 38 852 2550 3017 4280 4279 6975 6126 2099
 ... : 10 14 13 38 853 2555 3022 4285 4294 7012 6132 2099
 ... : 10 14 13 38 853 2554 3021 4293 4309 7043 6179 2100
 ... : 10 14 13 38 853 2553 3029 4309 4326 7067 6217 2102
 ... : 10 14 13 40 858 2568 3047 4328 4344 7075 6221 2104
 ... : 10 14 13 40 861 2581 3060 4345 4366 7101 6223 2104
 ... : 10 14 13 40 860 2579 3061 4356 4397 7129 6248 2104
 ... : 10 14 13 40 863 2588 3080 4373 4405 7138 6260 2103
 ... : 10 14 13 40 863 2595 3086 4388 4440 7170 6260 2104
 ... : 10 14 13 40 863 2595 3091 4405 4461 7210 6281 2105
 ... : 10 14 13 40 863 2595 3087 4409 4472 7228 6323 2106
 ... : 10 14 13 40 863 2595 3087 4409 4467 7235 6403 2107
 ... : 10 14 13 40 863 2594 3084 4413 4482 7256 6439 2109
 ... : 10 14 13 40 863 2589 3076 4415 4493 7283 6480 2111
 ... : 10 14 13 40 863 2588 3063 4396 4470 7295 6514 2111
 ... : 10 14 13 40 863 2588 3063 4401 4471 7302 6571 2113
 ... : 10 14 13 40 863 2584 3053 4399 4481 7321 6615 2113
 ... : 10 14 13 40 863 2583 3048 4395 4478 7318 6653 2125
 ... : 10 14 13 40 863 2583 3048 4395 4478 7330 6707 2161
 ... : 10 14 13 40 863 2583 3048 4395 4479 7343 6759 2200
 ... : 10 14 13 40 863 2583 3048 4394 4482 7355 6806 2239
 ... : 10 14 13 40 863 2583 3048 4393 4481 7362 6849 2294
 ... : 10 14 13 40 863 2583 3048 4393 4480 7363 6897 2354
 ... : 10 14 13 40 863 2583 3048 4392 4480 7368 6930 2404
 ... : 10 14 13 40 863 2583 3045 4396 4483 7380 6960 2433
 ... : 10 14 13 40 862 2579 3033 4379 4476 7376 6980 2477
 ... : 10 14 13 40 862 2579 3033 4375 4466 7364 7001 2532
 ... : 10 14 13 40 862 2579 3026 4361 4452 7360 7022 2574
 ... : 10 14 13 40 861 2577 3015 4346 4423 7330 7002 2618
 ... : 10 14 13 40 861 2574 3008 4334 4407 7321 7010 2672
 ... : 10 14 13 40 861 2573 3000 4321 4387 7307 7001 2721
 ... : 10 14 13 40 861 2572 2991 4301 4348 7271 6972 2754
 ... : 10 14 13 40 861 2570 2982 4281 4320 7233 6927 2790
 ... : 10 14 13 40 861 2569 2976 4279 4312 7221 6914 2834
 ... : 10 14 13 40 861 2569 2976 4283 4321 7238 6941 2872
 ... : 10 14 13 40 861 2569 2976 4282 4320 7250 6983 2911
 ... : 10 14 13 40 861 2569 2976 4288 4329 7260 7008 2948
 ... : 10 14 13 40 861 2569 2976 4291 4331 7270 7042 2986
 ... : 10 14 13 40 866 2591 3001 4296 4330 7273 7057 3003
 ... : 10 14 13 40 866 2589 3014 4330 4367 7286 7057 3004
 ... : 10 14 13 40 868 2592 3025 4338 4393 7320 7065 3005
 ... : 10 14 13 40 868 2593 3033 4344 4401 7337 7109 3007
 ... : 10 14 13 40 871 2599 3036 4348 4410 7353 7138 3023
 ... : 10 14 13 40 871 2609 3067 4384 4435 7358 7138 3024
 ... : 10 14 13 40 871 2609 3072 4392 4462 7393 7143 3026
 ... : 10 14 13 41 884 2636 3101 4402 4462 7391 7145 3028
 ... : 10 14 13 41 884 2638 3104 4428 4506 7414 7145 3028
 ... : 10 14 13 41 884 2646 3122 4443 4523 7438 7151 3028
 ... : 10 14 13 41 884 2650 3128 4460 4552 7465 7152 3028
 ... : 10 14 13 41 886 2652 3142 4488 4573 7484 7155 3028
 ... : 10 14 13 41 886 2653 3142 4492 4608 7516 7164 3028
 ... : 10 14 13 41 886 2650 3139 4495 4612 7531 7210 3030
 ... : 10 14 13 41 888 2658 3146 4503 4625 7547 7242 3030
 ... : 10 14 13 41 888 2653 3147 4512 4652 7574 7254 3030
 ... : 10 14 13 41 891 2658 3147 4516 4661 7590 7295 3031
 ... : 10 14 13 41 892 2662 3156 4537 4693 7609 7295 3031
 ... : 10 14 13 41 891 2656 3149 4535 4703 7633 7337 3031
 ... : 10 14 13 41 891 2656 3146 4530 4701 7644 7417 3035
 ... : 10 14 13 41 891 2656 3144 4516 4692 7637 7444 3036
 ... : 10 14 13 41 886 2644 3135 4507 4676 7628 7462 3068
 ... : 10 14 13 41 883 2632 3131 4500 4652 7624 7465 3082
 ... : 10 14 13 41 883 2628 3104 4472 4627 7613 7486 3090
 ... : 10 14 13 41 881 2626 3099 4454 4601 7587 7476 3145
 ... : 10 14 13 41 880 2621 3081 4424 4575 7569 7476 3182
 ... : 10 14 13 41 880 2614 3063 4403 4536 7540 7475 3221
 ... : 10 14 13 41 879 2609 3049 4387 4525 7535 7490 3265
 ... : 10 14 13 41 879 2604 3039 4369 4492 7499 7466 3304
 ... : 10 14 13 41 878 2598 3020 4338 4452 7476 7442 3337
 ... : 10 14 13 41 878 2596 3009 4321 4428 7431 7383 3361
 ... : 10 14 13 41 877 2592 2995 4302 4409 7410 7351 3385
 ... : 10 14 13 41 877 2592 2995 4297 4409 7427 7360 3393
 ... : 10 14 13 41 877 2592 2995 4294 4412 7451 7412 3412
 ... : 10 14 13 41 877 2592 2995 4294 4413 7453 7458 3448
 ... : 10 14 13 41 877 2592 2995 4293 4414 7468 7501 3488
 ... : 10 14 13 41 877 2592 2995 4293 4416 7477 7555 3525
 ... : 10 14 13 41 877 2592 2995 4293 4415 7477 7600 3564
 ... : 10 14 13 41 877 2592 2995 4293 4411 7474 7634 3632
 ... : 10 14 13 41 877 2592 2995 4292 4408 7468 7675 3699
 ... : 10 14 13 41 877 2592 2995 4297 4422 7484 7689 3731
 ... : 10 14 13 41 877 2592 2995 4294 4417 7477 7717 3770
 ... : 10 14 13 41 877 2592 2995 4294 4422 7493 7749 3801
 ... : 10 14 13 41 877 2592 2995 4295 4428 7504 7774 3832
 ... : 10 14 13 41 877 2592 2995 4294 4426 7511 7792 3853
 ... : 10 14 13 41 877 2597 3004 4300 4434 7521 7809 3874
 ... : 10 14 13 41 879 2606 3027 4314 4445 7532 7826 3879
 ... : 10 14 13 41 882 2616 3043 4328 4455 7545 7838 3883
 ... : 10 14 13 41 882 2619 3047 4327 4455 7544 7842 3904
 ... : 10 14 13 41 894 2648 3075 4335 4463 7550 7848 3904
 ... : 10 14 13 41 895 2656 3106 4378 4490 7556 7848 3904
 ... : 10 14 13 44 897 2661 3116 4382 4522 7592 7850 3904
 ... : 10 14 13 47 915 2699 3139 4387 4522 7592 7850 3904
 ... : 10 14 13 47 916 2709 3166 4419 4547 7594 7850 3904
 ... : 10 14 13 47 920 2723 3172 4413 4575 7628 7853 3905
 ... : 10 14 13 47 927 2734 3189 4435 4596 7636 7856 3905
 ... : 10 14 13 49 932 2742 3181 4428 4589 7620 7831 3891
 ... : 10 14 13 50 937 2755 3193 4444 4616 7624 7832 3891
 ... : 10 14 13 51 946 2775 3205 4449 4619 7656 7834 3892
 ... : 10 14 13 52 947 2781 3223 4482 4650 7665 7834 3892
 ... : 10 14 13 52 951 2794 3233 4501 4672 7678 7835 3892
 ... : 10 14 13 52 959 2819 3256 4518 4679 7691 7839 3892
 ... : 10 14 13 52 959 2818 3260 4533 4715 7735 7843 3892
 ... : 10 14 13 52 960 2819 3269 4553 4748 7761 7844 3894
 ... : 10 14 13 52 960 2818 3267 4563 4776 7811 7846 3894
 ... : 10 14 13 52 959 2810 3253 4567 4784 7853 7872 3899
 ... : 10 14 13 52 958 2810 3255 4575 4802 7873 7900 3897
 ... : 10 14 13 52 958 2807 3244 4564 4805 7899 7936 3899
 ... : 10 14 13 52 958 2805 3237 4549 4791 7907 8004 3900
 ... : 10 14 13 52 957 2800 3229 4541 4787 7911 8053 3902
 ... : 10 14 13 52 957 2796 3220 4535 4779 7913 8089 3904
 ... : 10 14 13 52 957 2793 3210 4528 4775 7914 8122 3908
 ... : 10 14 13 52 957 2791 3211 4529 4773 7905 8172 3909
 ... : 10 14 13 52 956 2787 3204 4532 4773 7907 8191 3951
 ... : 10 14 13 52 956 2784 3197 4515 4753 7893 8195 4003
 ... : 10 14 13 52 956 2780 3182 4500 4730 7868 8199 4041
 ... : 10 14 13 52 955 2776 3170 4492 4715 7855 8201 4085
 ... : 10 14 13 52 955 2775 3164 4475 4689 7837 8187 4125
 ... : 10 14 13 52 954 2770 3152 4460 4663 7801 8158 4163
 ... : 10 14 13 52 960 2774 3141 4449 4644 7774 8134 4180
 ... : 10 14 13 53 970 2795 3154 4469 4650 7787 8142 4183
 ... : 10 14 13 53 977 2804 3162 4480 4661 7797 8160 4189
 ... : 10 14 13 54 981 2815 3170 4486 4667 7804 8175 4193
 ... : 10 14 13 54 972 2798 3153 4465 4652 7783 8154 4200
 ... : 10 14 13 55 973 2802 3164 4474 4664 7791 8164 4206
 ... : 10 14 13 55 978 2809 3169 4471 4661 7788 8162 4205
 ... : 10 14 13 55 983 2817 3176 4477 4670 7797 8173 4213
 ... : 10 14 13 55 986 2821 3180 4488 4680 7803 8180 4242
 ... : 10 14 13 55 986 2821 3189 4501 4698 7823 8197 4260
 ... : 10 14 13 55 986 2822 3196 4516 4724 7841 8217 4273
 ... : 10 14 13 55 986 2824 3201 4525 4740 7853 8228 4288
 ... : 10 14 13 55 986 2825 3209 4537 4753 7862 8232 4310
 ... : 10 14 13 55 986 2825 3210 4543 4769 7871 8253 4321
 ... : 10 14 13 55 986 2826 3218 4555 4785 7885 8266 4333
 ... : 10 14 13 55 986 2831 3231 4571 4797 7902 8281 4340
 ... : 10 14 13 55 986 2831 3231 4576 4809 7908 8308 4364
 ... : 10 14 13 55 987 2835 3239 4589 4817 7920 8326 4378
 ... : 10 14 13 55 987 2838 3240 4592 4825 7925 8342 4397
 ... : 10 14 13 55 990 2845 3253 4603 4840 7944 8358 4410
 ... : 10 14 13 55 992 2850 3262 4615 4859 7965 8383 4420
 ... : 10 14 13 55 992 2850 3263 4621 4864 7974 8393 4443
 ... : 10 14 13 55 991 2849 3263 4619 4859 7970 8400 4477
 ... : 10 14 13 61 999 2878 3288 4629 4859 7971 8410 4491
 ... : 10 14 13 61 999 2879 3301 4654 4893 7980 8412 4491
 ... : 10 14 13 61 999 2879 3304 4664 4917 8021 8427 4493
 ... : 10 14 13 61 1004 2895 3328 4687 4936 8029 8430 4494
 ... : 10 14 13 66 1007 2910 3336 4692 4950 8045 8437 4496
 ... : 10 14 13 67 1007 2914 3354 4720 4978 8067 8437 4497
 ... : 10 14 13 68 1015 2936 3378 4737 4982 8073 8437 4497
 ... : 10 14 13 68 1016 2939 3392 4757 5020 8093 8437 4497
 ... : 10 14 13 68 1016 2939 3394 4766 5050 8133 8455 4498
 ... : 10 14 13 68 1015 2940 3405 4774 5065 8145 8479 4499
 ... : 10 14 13 68 1015 2938 3399 4762 5048 8144 8529 4504
 ... : 10 14 13 68 1015 2940 3409 4776 5056 8162 8549 4505
 ... : 10 14 13 68 1014 2937 3407 4782 5081 8185 8572 4506
 ... : 10 14 13 68 1013 2929 3394 4780 5080 8185 8579 4506
 ... : 10 14 13 68 1012 2922 3380 4780 5083 8190 8611 4510
 ... : 10 14 13 68 1012 2919 3377 4777 5090 8199 8644 4511
 ... : 10 14 13 68 1011 2916 3378 4787 5097 8203 8662 4530
 ... : 10 14 13 68 1011 2914 3373 4786 5096 8211 8683 4543
 ... : 10 14 13 68 1010 2910 3353 4738 5022 8137 8599 4545
 ... : 10 14 13 68 1011 2914 3345 4727 5011 8121 8587 4574
 ... : 10 14 13 68 1011 2913 3352 4724 5005 8126 8603 4575
 ... : 10 14 13 69 1013 2922 3357 4726 5011 8135 8616 4583
 ... : 10 14 13 69 1013 2920 3350 4711 4991 8125 8628 4606
 ... : 10 14 13 70 1018 2925 3353 4711 5001 8131 8640 4615
 ... : 10 14 13 70 1021 2928 3349 4706 5002 8137 8660 4635
 ... : 10 14 13 70 1020 2925 3341 4690 4982 8128 8657 4661
 ... : 10 14 13 70 1020 2922 3328 4673 4942 8089 8619 4681
 ... : 10 14 13 70 1020 2919 3320 4651 4909 8051 8571 4691
 ... : 10 14 13 70 1019 2915 3315 4639 4895 8028 8547 4726
 ... : 10 14 13 70 1019 2913 3310 4627 4874 8020 8524 4757
 ... : 10 14 13 70 1019 2912 3309 4630 4877 8018 8539 4815
 ... : 10 14 13 70 1019 2912 3309 4629 4879 8032 8592 4848
 ... : 10 14 13 70 1019 2912 3309 4629 4877 8042 8656 4890
 ... : 10 14 13 70 1019 2912 3309 4629 4879 8060 8696 4934
 ... : 10 14 13 70 1019 2912 3309 4627 4877 8061 8740 4971
 ... : 10 14 13 70 1019 2912 3309 4626 4872 8060 8784 5008
 ... : 10 14 13 70 1019 2912 3309 4626 4872 8065 8823 5056
 ... : 10 14 13 70 1019 2912 3309 4624 4873 8077 8871 5105
 ... : 10 14 13 70 1019 2912 3309 4623 4874 8081 8913 5149
 ... : 10 14 13 70 1019 2912 3309 4623 4871 8077 8959 5205
 ... : 10 14 13 70 1019 2912 3309 4623 4871 8085 8993 5257
 ... : 10 14 13 70 1019 2912 3309 4621 4866 8076 9006 5313
 ... : 10 14 13 73 1022 2924 3312 4620 4862 8071 9008 5353
 ... : 10 14 13 74 1032 2964 3347 4624 4862 8070 9006 5350
 ... : 10 14 13 74 1032 2964 3362 4667 4908 8086 9007 5350
 ... : 10 14 13 74 1037 2974 3366 4671 4935 8122 9007 5351
 ... : 10 14 13 77 1045 3002 3396 4679 4935 8122 9007 5348
 ... : 10 14 13 77 1045 3002 3406 4701 4976 8147 9009 5348
 ... : 10 14 13 77 1037 3008 3440 4720 4982 8154 9012 5348
 ... : 10 14 13 77 1032 3013 3449 4734 5019 8176 9013 5348
 ... : 10 14 13 77 1031 3013 3466 4769 5061 8180 9013 5348
 ... : 10 14 13 77 1029 3016 3471 4780 5089 8213 9014 5348
 ... : 10 14 13 77 1026 3016 3481 4814 5136 8237 9016 5348
 ... : 10 14 13 77 1021 3020 3504 4838 5161 8253 9016 5348
 ... : 10 14 13 77 1021 3024 3514 4854 5191 8288 9022 5348
 ... : 10 14 13 77 1021 3022 3508 4867 5227 8323 9027 5348
 ... : 10 14 13 77 1019 3014 3511 4880 5246 8343 9027 5348
 ... : 10 14 13 77 1018 3003 3492 4873 5250 8386 9029 5348
 ... : 10 14 13 77 1018 3001 3486 4871 5262 8431 9057 5349
 ... : 10 14 13 77 1018 3000 3476 4864 5263 8451 9101 5349
 ... : 10 14 13 77 1018 2998 3468 4851 5236 8459 9163 5349
 ... : 10 14 13 77 1018 2997 3465 4845 5223 8446 9239 5350
 ... : 10 14 13 77 1018 2997 3462 4836 5197 8432 9315 5350
 ... : 10 14 13 77 1016 2990 3450 4827 5193 8427 9377 5354
 ... : 10 14 13 77 1016 2987 3435 4809 5173 8417 9385 5389
 ... : 10 14 13 77 1016 2984 3429 4798 5153 8414 9393 5419
 ... : 10 14 13 77 1016 2983 3421 4789 5141 8409 9395 5463
 ... : 10 14 13 77 1015 2977 3411 4775 5120 8381 9394 5510
 ... : 10 14 13 77 1015 2976 3402 4752 5083 8363 9394 5558
 ... : 10 14 13 77 1014 2971 3396 4740 5067 8351 9403 5606
 ... : 10 14 13 77 1014 2968 3388 4726 5028 8322 9401 5650
 ... : 10 14 13 77 1014 2965 3377 4703 4989 8253 9312 5655
 ... : 10 14 13 77 1014 2964 3375 4697 4980 8247 9296 5670
 ... : 10 14 13 77 1014 2963 3375 4694 4982 8255 9332 5682
 ... : 10 14 13 77 1014 2963 3375 4690 4971 8246 9358 5710
 ... : 10 14 13 77 1014 2963 3375 4687 4967 8231 9375 5768
 ... : 10 14 13 77 1014 2963 3375 4685 4962 8207 9390 5824
 ... : 10 14 13 77 1014 2963 3375 4682 4957 8192 9395 5866
 ... : 10 14 13 77 1015 2967 3381 4687 4963 8199 9411 5888
 ... : 10 14 13 77 1015 2969 3385 4696 4973 8206 9423 5897
 ... : 10 14 13 78 1017 2974 3387 4697 4974 8206 9429 5910
 ... : 10 14 13 78 1017 2976 3405 4725 5011 8221 9430 5910
 ... : 10 14 13 80 1017 2985 3415 4735 5019 8252 9439 5913
 ... : 10 14 13 82 1011 2989 3429 4759 5053 8259 9439 5911
 ... : 10 14 13 82 1004 2973 3437 4781 5081 8274 9439 5912
 ... : 10 14 13 83 1004 2975 3444 4794 5104 8288 9441 5912
 ... : 10 14 13 83 1004 2975 3445 4797 5142 8324 9442 5912
 ... : 10 14 13 83 1001 2970 3452 4810 5160 8342 9464 5912
 ... : 10 14 13 83 1000 2971 3458 4819 5179 8366 9467 5912
 ... : 10 14 13 83 994 2962 3450 4806 5182 8382 9486 5912
 ... : 10 14 13 83 992 2963 3461 4814 5193 8393 9509 5912
 ... : 10 14 13 83 988 2957 3455 4808 5184 8385 9532 5913
 ... : 10 14 13 83 983 2948 3443 4800 5189 8399 9545 5913
 ... : 10 14 13 83 981 2933 3426 4795 5183 8397 9590 5914
 ... : 10 14 13 83 977 2929 3420 4782 5155 8387 9639 5915
 ... : 10 14 13 83 975 2920 3409 4773 5150 8398 9660 5918
 ... : 10 14 13 83 972 2916 3398 4752 5126 8366 9664 5965
 ... : 10 14 13 83 966 2905 3375 4736 5104 8345 9646 5986
 ... : 10 14 13 83 965 2900 3360 4722 5092 8331 9641 6009
 ... : 10 14 13 83 965 2899 3357 4720 5096 8330 9646 6044
 ... : 10 14 13 83 964 2893 3346 4713 5088 8325 9667 6075
 ... : 10 14 13 83 963 2885 3332 4692 5050 8298 9639 6103
 ... : 10 14 13 83 962 2881 3317 4680 5024 8278 9605 6120
 ... : 10 14 13 83 962 2875 3311 4668 5008 8237 9560 6132
 ... : 10 14 13 83 962 2872 3303 4650 4990 8222 9535 6150
 ... : 10 14 13 83 962 2870 3293 4636 4964 8192 9490 6132
 ... : 10 14 13 83 962 2870 3289 4631 4955 8185 9483 6144
 ... : 10 14 13 83 961 2866 3285 4627 4938 8174 9470 6165
 ... : 10 14 13 83 962 2873 3288 4627 4940 8174 9494 6201
 ... : 10 14 13 84 960 2878 3318 4663 4950 8176 9494 6201
 ... : 10 14 13 84 957 2876 3326 4673 4995 8210 9499 6201
 ... : 10 14 13 85 967 2906 3348 4675 4993 8216 9499 6195
 ... : 10 14 13 85 967 2906 3375 4712 5032 8236 9499 6195
 ... : 10 14 13 86 963 2908 3394 4724 5045 8249 9500 6195
 ... : 10 14 13 86 963 2908 3399 4737 5087 8290 9503 6195
 ... : 10 14 13 86 970 2943 3414 4745 5087 8290 9503 6195
 ... : 10 14 13 86 969 2944 3430 4773 5124 8308 9504 6195
 ... : 10 14 13 87 964 2944 3451 4790 5147 8333 9505 6195
 ... : 10 14 13 88 963 2952 3469 4809 5172 8348 9508 6195
 ... : 10 14 13 88 958 2944 3466 4812 5187 8379 9510 6195
 ... : 10 14 13 88 959 2945 3467 4819 5202 8415 9527 6196
 ... : 10 14 13 89 959 2946 3475 4829 5218 8427 9538 6196
 ... : 10 14 13 89 957 2943 3473 4839 5231 8446 9569 6203
 ... : 10 14 13 89 955 2940 3474 4838 5236 8460 9591 6204
 ... : 10 14 13 89 955 2938 3462 4816 5218 8442 9654 6204
 ... : 10 14 13 89 955 2933 3455 4801 5190 8423 9707 6204
 ... : 10 14 13 89 955 2933 3450 4805 5205 8439 9732 6229
 ... : 10 14 13 89 955 2933 3448 4798 5195 8439 9763 6272
 ... : 10 14 13 89 955 2925 3439 4793 5195 8436 9772 6305
 ... : 10 14 13 89 955 2923 3431 4794 5198 8446 9798 6329
 ... : 10 14 13 89 955 2920 3426 4780 5175 8427 9797 6358
 ... : 10 14 13 89 955 2917 3422 4776 5168 8412 9795 6380
 ... : 10 14 13 89 952 2903 3403 4763 5151 8402 9793 6414
 ... : 10 14 13 89 952 2900 3391 4747 5133 8377 9781 6441
 ... : 10 14 13 89 952 2897 3387 4744 5136 8373 9782 6456
 ... : 10 14 13 89 952 2897 3387 4744 5137 8385 9828 6502
 ... : 10 14 13 89 952 2897 3386 4741 5134 8394 9881 6532
 ... : 10 14 13 89 952 2897 3386 4738 5131 8400 9926 6575
 ... : 10 14 13 89 952 2897 3386 4737 5120 8375 9954 6624
 ... : 10 14 13 89 952 2897 3386 4733 5117 8383 9995 6671
 ... : 10 14 13 89 952 2897 3386 4731 5112 8394 10033 6720
 ... : 10 14 13 89 952 2897 3386 4730 5106 8383 10064 6773
 ... : 10 14 13 88 954 2910 3414 4751 5116 8381 10067 6789
 ... : 10 14 13 88 951 2902 3405 4770 5158 8407 10070 6790
 ... : 10 14 13 88 951 2902 3408 4773 5166 8427 10108 6790
 ... : 10 14 13 87 956 2909 3415 4778 5176 8435 10134 6788
 ... : 10 14 13 87 953 2908 3424 4807 5214 8447 10134 6788
 ... : 10 14 13 87 951 2904 3423 4806 5229 8486 10147 6788
 ... : 10 14 13 87 949 2904 3438 4826 5256 8496 10148 6788
 ... : 10 14 13 87 947 2910 3453 4856 5290 8505 10148 6788
 ... : 10 14 13 87 946 2908 3463 4869 5308 8535 10150 6788
 ... : 10 14 13 87 945 2909 3476 4891 5330 8571 10151 6789
 ... : 10 14 13 87 945 2906 3473 4893 5363 8605 10164 6789
 ... : 10 14 13 87 943 2906 3480 4907 5387 8620 10180 6789
 ... : 10 14 13 87 940 2897 3476 4908 5397 8644 10202 6790
 ... : 10 14 13 87 940 2895 3467 4896 5391 8645 10251 6790
 ... : 10 14 13 87 938 2887 3457 4880 5385 8654 10285 6790
 ... : 10 14 13 87 938 2884 3446 4867 5372 8654 10341 6790
 ... : 10 14 13 87 937 2883 3440 4862 5369 8648 10382 6811
 ... : 10 14 13 87 934 2877 3434 4854 5366 8650 10386 6841
 ... : 10 14 13 87 930 2864 3419 4834 5350 8633 10384 6858
 ... : 10 14 13 87 928 2851 3411 4820 5320 8621 10383 6874
 ... : 10 14 13 87 926 2845 3402 4800 5283 8598 10381 6903
 ... : 10 14 13 87 926 2843 3396 4795 5272 8594 10383 6944
 ... : 10 14 13 87 926 2842 3392 4785 5255 8576 10366 6991
 ... : 10 14 13 87 924 2837 3378 4769 5226 8557 10341 7015
 ... : 10 14 13 87 920 2827 3362 4748 5199 8530 10313 7044
 ... : 10 14 13 87 920 2827 3360 4741 5192 8517 10280 7040
 ... : 10 14 13 87 920 2827 3359 4738 5191 8507 10313 7072
 ... : 10 14 13 87 920 2827 3358 4730 5174 8501 10347 7099
 ... : 10 14 13 87 920 2827 3358 4729 5168 8512 10404 7132
 ... : 10 14 13 87 920 2827 3358 4724 5157 8494 10435 7180
 ... : 10 14 13 87 920 2827 3358 4722 5150 8489 10456 7244
 ... : 10 14 13 87 920 2827 3357 4717 5145 8478 10486 7278
 ... : 10 14 13 87 920 2827 3356 4712 5139 8466 10506 7332
 ... : 10 14 13 88 921 2837 3359 4709 5130 8445 10488 7362
 ... : 10 14 13 88 917 2830 3392 4739 5150 8447 10488 7362
 ... : 10 14 13 88 915 2831 3399 4746 5184 8480 10492 7362
 ... : 10 14 13 88 911 2840 3426 4770 5192 8480 10492 7362
 ... : 10 14 13 82 911 2843 3428 4780 5230 8499 10492 7362
 ... : 10 14 13 75 909 2851 3464 4800 5234 8503 10492 7362
 ... : 10 14 13 75 906 2848 3464 4808 5254 8529 10492 7362
 ... : 10 14 13 75 905 2848 3465 4812 5256 8555 10519 7362
 ... : 10 14 13 75 901 2847 3480 4827 5284 8565 10523 7362
 ... : 10 14 13 75 901 2844 3468 4829 5296 8586 10562 7363
 ... : 10 14 13 70 898 2852 3475 4830 5302 8603 10588 7364
 ... : 10 14 13 67 893 2852 3497 4853 5320 8608 10588 7364
 ... : 10 14 13 67 890 2855 3515 4882 5349 8626 10590 7364
 ... : 10 14 13 67 888 2854 3516 4895 5372 8669 10595 7364
 ... : 10 14 13 67 883 2851 3518 4906 5377 8688 10635 7366
 ... : 10 14 13 67 882 2847 3514 4908 5394 8707 10681 7367
 ... : 10 14 13 67 882 2846 3509 4907 5395 8707 10748 7367
 ... : 10 14 13 67 879 2847 3511 4913 5394 8703 10796 7377
 ... : 10 14 13 63 877 2858 3516 4927 5411 8722 10797 7377
 ... : 10 14 13 63 877 2858 3518 4940 5446 8769 10801 7377
 ... : 10 14 13 62 876 2856 3518 4942 5450 8772 10843 7379
 ... : 10 14 13 62 876 2850 3511 4943 5451 8770 10868 7404
 ... : 10 14 13 61 875 2844 3501 4933 5456 8769 10899 7447
 ... : 10 14 13 61 874 2844 3500 4935 5457 8768 10912 7465
 ... : 10 14 13 61 872 2837 3486 4909 5425 8749 10906 7475
 ... : 10 14 13 61 872 2832 3470 4889 5410 8744 10915 7507
 ... : 10 14 13 60 871 2827 3452 4877 5388 8737 10923 7518
 ... : 10 14 13 60 871 2820 3437 4857 5356 8712 10912 7538
 ... : 10 14 13 60 871 2817 3432 4852 5342 8690 10914 7577
 ... : 10 14 13 60 871 2815 3426 4846 5327 8677 10908 7606
 ... : 10 14 13 60 871 2808 3414 4831 5312 8662 10902 7617
 ... : 10 14 13 60 871 2804 3404 4807 5263 8616 10864 7651
 ... : 10 14 13 60 871 2804 3404 4804 5249 8610 10864 7684
 ... : 10 14 13 60 871 2803 3399 4802 5242 8595 10844 7711
 ... : 10 14 13 60 871 2798 3393 4812 5249 8600 10865 7729
 ... : 10 14 13 60 871 2792 3379 4794 5224 8580 10839 7746
 ... : 10 14 13 60 871 2792 3378 4795 5226 8587 10875 7759
 ... : 10 14 13 60 871 2792 3378 4793 5214 8563 10908 7804
 ... : 10 14 13 60 871 2792 3378 4792 5209 8549 10927 7871
 ... : 10 14 13 59 864 2779 3377 4793 5230 8565 10928 7871
 ... : 10 14 13 59 860 2770 3373 4788 5233 8572 10938 7871
 ... : 10 14 13 58 852 2759 3375 4806 5251 8577 10939 7866
 ... : 10 14 13 58 852 2758 3372 4804 5263 8585 10947 7866
 ... : 10 14 13 58 846 2753 3380 4816 5284 8594 10964 7867
 ... : 10 14 13 58 846 2753 3380 4820 5291 8607 10982 7869
 ... : 10 14 13 57 839 2732 3383 4838 5314 8620 10984 7869
 ... : 10 14 13 57 839 2733 3381 4840 5321 8621 11010 7886
 ... : 10 14 13 57 836 2723 3392 4857 5348 8637 11012 7886
 ... : 10 14 13 57 831 2720 3396 4871 5362 8645 11046 7886
 ... : 10 14 13 57 825 2702 3397 4882 5385 8668 11049 7886
 ... : 10 14 13 57 823 2695 3379 4854 5366 8651 11072 7892
 ... : 10 14 13 57 814 2682 3377 4852 5364 8661 11080 7895
 ... : 10 14 13 57 806 2671 3351 4821 5351 8646 11073 7895
 ... : 10 14 13 57 806 2664 3337 4801 5322 8621 11057 7913
 ... : 10 14 13 57 802 2651 3311 4770 5275 8568 11025 7920
 ... : 10 14 13 57 802 2640 3293 4749 5252 8547 11023 7946
 ... : 10 14 13 57 800 2631 3275 4732 5225 8522 10972 7958
 ... : 10 14 13 57 799 2620 3254 4698 5191 8509 10974 7961
 ... : 10 14 13 57 799 2611 3232 4679 5173 8494 10973 7987
 ... : 10 14 13 57 796 2597 3207 4658 5146 8460 10938 8006
 ... : 10 14 13 56 794 2581 3176 4632 5112 8444 10930 8017
 ... : 10 14 13 55 793 2577 3170 4619 5095 8437 10918 8028
 ... : 10 14 13 55 793 2577 3169 4615 5094 8420 10920 8067
 ... : 10 14 13 55 793 2574 3159 4611 5095 8418 10942 8095
 ... : 10 14 13 55 793 2573 3157 4612 5093 8421 10970 8137
 ... : 10 14 13 55 793 2573 3157 4608 5084 8409 11007 8186
 ... : 10 14 13 55 793 2573 3155 4604 5083 8404 11036 8224
 ... : 10 14 13 55 793 2573 3154 4598 5075 8381 11048 8288
 ... : 10 14 13 55 795 2582 3177 4608 5066 8369 11024 8298
 ... : 10 14 13 55 795 2581 3189 4633 5101 8389 11025 8298
 ... : 10 14 13 60 794 2593 3192 4641 5113 8408 11044 8300
 ... : 10 14 13 60 789 2590 3207 4668 5146 8418 11044 8295
 ... : 10 14 13 66 787 2600 3243 4691 5146 8418 11044 8297
 ... : 10 14 13 67 788 2602 3245 4704 5185 8466 11045 8297
 ... : 10 14 13 71 784 2607 3265 4727 5204 8480 11045 8297
