initialized model with 1689 latches, 132 inputs and 1 properties
tsim: performed 8 steps
tsim: found cycle from 6
tsim: found 1 constants and 2 latch equivalences
seqsimpl: (1689, 132) -> (1686, 132)
checking bound 0
checking bound 1
checking bound 2
tdecomp: unrolling 2 cycles
tsim: performed 6 steps
tsim: found cycle from 4
tsim: found 1 constants and 0 latch equivalences
tdecomp: (1686, 528) -> (1685, 261)
 ... : 200
 ... : 401
   2 : 516 11
 ... : 515 211
 ... : 515 304
 ... : 515 355
 ... : 514 405
 ... : 514 455
 ... : 515 505
   3 : 513 521 5
 ... : 513 521 205
 ... : 506 524 319
 ... : 527 564 377
 ... : 547 605 437
 ... : 570 651 507
 ... : 591 693 569
 ... : 611 733 630
 ... : 631 773 690
 ... : 651 813 750
 ... : 672 853 810
 ... : 692 895 872
 ... : 712 935 932
 ... : 732 975 992
 ... : 753 1017 1038
 ... : 756 1024 1207
 ... : 760 1030 1332
 ... : 760 1030 1399
 ... : 760 1030 1466
 ... : 760 1030 1533
 ... : 751 1030 1600
 ... : 731 1030 1680
 ... : 711 1030 1760
 ... : 702 1058 1852
 ... : 702 1109 1952
 ... : 700 1154 2051
 ... : 681 1155 2132
 ... : 660 1154 2212
 ... : 640 1154 2292
 ... : 592 1109 2391
 ... : 542 1058 2492
 ... : 515 1031 2639
 ... : 518 1073 2748
 ... : 518 1123 2849
 ... : 518 1173 2950
 ... : 518 1223 3050
 ... : 518 1274 3150
 ... : 523 1324 3245
 ... : 523 1374 3346
 ... : 523 1424 3446
 ... : 523 1475 3546
 ... : 523 1525 3647
   4 : 520 1343 3347 340
 ... : 520 1343 3385 464
 ... : 520 1343 3426 583
 ... : 520 1343 3465 706
 ... : 520 1343 3459 884
 ... : 520 1343 3434 1085
 ... : 520 1343 3434 1286
 ... : 520 1343 3434 1487
 ... : 520 1343 3434 1688
 ... : 520 1343 3434 1889
 ... : 520 1343 3434 2090
 ... : 520 1343 3434 2291
 ... : 520 1343 3434 2492
 ... : 520 1343 3418 2628
 ... : 520 1343 3421 2783
 ... : 520 1344 3409 2850
 ... : 520 1344 3409 2907
 ... : 520 1344 3408 2975
 ... : 520 1344 3407 3043
 ... : 520 1345 3385 3116
 ... : 520 1345 3375 3181
 ... : 520 1345 3374 3341
 ... : 520 1345 3374 3542
   5 : 520 1344 2714 3399 707
 ... : 520 1344 2714 3399 907
 ... : 520 1344 2714 3399 1108
 ... : 520 1344 2714 3399 1309
 ... : 520 1344 2714 3399 1510
 ... : 520 1344 2714 3399 1711
 ... : 520 1344 2714 3399 1912
 ... : 520 1344 2714 3399 2113
 ... : 520 1344 2714 3396 2059
 ... : 520 1344 2714 3411 2171
 ... : 520 1344 2714 3440 2229
 ... : 520 1344 2714 3463 2294
 ... : 520 1344 2714 3482 2367
 ... : 520 1344 2714 3485 2545
 ... : 520 1344 2714 3485 2746
 ... : 520 1345 2716 3484 2930
 ... : 520 1345 2716 3484 3131
 ... : 520 1345 2716 3484 3332
 ... : 520 1345 2716 3485 3530
 ... : 520 1347 2717 3515 3598
 ... : 520 1346 2716 3545 3678
 ... : 520 1346 2716 3573 3765
 ... : 520 1346 2716 3603 3847
 ... : 520 1346 2716 3632 3933
 ... : 520 1346 2716 3665 4013
 ... : 520 1346 2720 3703 4072
 ... : 520 1346 2736 3742 4120
 ... : 520 1346 2754 3781 4163
 ... : 520 1346 2774 3815 4199
 ... : 520 1346 2796 3852 4239
 ... : 520 1346 2811 3890 4282
 ... : 520 1346 2825 3931 4325
 ... : 520 1346 2839 3971 4364
 ... : 520 1346 2845 4013 4409
 ... : 520 1346 2862 4049 4448
 ... : 520 1346 2878 4080 4491
 ... : 520 1339 2887 4107 4528
 ... : 520 1329 2897 4129 4553
 ... : 520 1316 2904 4146 4579
 ... : 520 1294 2904 4146 4602
 ... : 520 1272 2905 4146 4623
 ... : 520 1249 2904 4146 4645
 ... : 520 1227 2904 4146 4668
 ... : 520 1220 2917 4171 4702
 ... : 520 1219 2937 4214 4745
 ... : 520 1219 2955 4257 4788
 ... : 520 1218 2971 4298 4836
 ... : 520 1218 2977 4341 4902
 ... : 520 1218 2990 4384 4948
 ... : 520 1217 2991 4421 5020
 ... : 520 1217 3002 4461 5057
 ... : 520 1217 3014 4498 5091
 ... : 520 1216 3026 4544 5130
 ... : 520 1198 3029 4569 5153
 ... : 520 1179 3029 4594 5177
 ... : 520 1156 3029 4617 5199
 ... : 520 1134 3029 4639 5222
 ... : 520 1113 3030 4662 5244
 ... : 520 1098 3032 4682 5269
 ... : 520 1096 3052 4704 5296
 ... : 520 1094 3072 4727 5317
 ... : 520 1094 3094 4749 5339
 ... : 520 1092 3112 4769 5383
 ... : 520 1092 3115 4781 5542
 ... : 520 1092 3134 4815 5590
 ... : 520 1092 3145 4857 5639
 ... : 520 1091 3149 4902 5725
 ... : 520 1080 3150 4930 5778
 ... : 520 1079 3150 4977 5874
 ... : 520 1078 3154 5021 5939
 ... : 520 1078 3160 5061 5995
 ... : 520 1078 3174 5104 6050
 ... : 520 1078 3185 5151 6114
 ... : 520 1078 3185 5160 6297
 ... : 520 1078 3185 5160 6498
 ... : 520 1078 3185 5160 6699
 ... : 520 1078 3185 5160 6900
 ... : 522 1080 3188 5174 7049
 ... : 522 1082 3201 5217 7106
 ... : 522 1082 3201 5267 7207
 ... : 522 1082 3201 5318 7307
 ... : 522 1082 3201 5368 7408
 ... : 522 1082 3201 5418 7509
 ... : 522 1082 3201 5452 7640
 ... : 522 1082 3201 5452 7841
 ... : 522 1082 3201 5452 8042
 ... : 522 1082 3201 5452 8243
 ... : 522 1082 3208 5460 8380
 ... : 522 1082 3221 5473 8477
 ... : 522 1082 3226 5479 8566
 ... : 522 1082 3226 5479 8767
 ... : 522 1082 3226 5479 8968
 ... : 522 1082 3226 5479 9169
 ... : 522 1082 3226 5479 9370
 ... : 522 1082 3226 5479 9571
 ... : 522 1082 3226 5479 9772
 ... : 522 1082 3226 5502 9926
 ... : 522 1082 3225 5525 10081
 ... : 522 1078 3225 5524 10239
 ... : 522 1057 3226 5526 10260
 ... : 522 1034 3225 5526 10282
 ... : 522 1012 3225 5526 10305
 ... : 522 991 3226 5528 10327
 ... : 522 987 3226 5370 10495
 ... : 522 987 3226 5310 10696
 ... : 522 987 3226 5310 10897
 ... : 522 987 3228 5310 11089
 ... : 522 987 3197 5353 11144
 ... : 522 987 3186 5402 11244
 ... : 522 978 3186 5427 11319
 ... : 522 972 3201 5443 11345
 ... : 522 967 3217 5459 11380
 ... : 522 967 3238 5480 11411
 ... : 522 967 3248 5493 11502
 ... : 522 967 3248 5537 11614
   6 : 522 926 2977 5545 8798 2852
 ... : 522 926 2977 5548 8816 2926
 ... : 522 926 2977 5548 8847 2958
 ... : 522 926 2977 5548 8879 2995
 ... : 522 926 2977 5549 8918 3029
 ... : 522 926 2977 5549 8963 3063
 ... : 522 926 2977 5550 9007 3098
 ... : 522 926 2977 5549 9042 3173
 ... : 522 926 2977 5549 9097 3241
 ... : 522 926 2977 5549 9146 3328
 ... : 522 927 2982 5553 9182 3394
 ... : 522 927 2983 5551 9190 3564
 ... : 522 928 2987 5554 9204 3681
 ... : 522 928 2997 5554 9233 3703
 ... : 522 928 3005 5555 9266 3728
 ... : 522 928 3008 5560 9293 3763
 ... : 522 928 3012 5565 9319 3801
 ... : 522 930 3021 5573 9342 3828
 ... : 522 930 3025 5578 9378 3854
 ... : 522 930 3031 5577 9409 3883
 ... : 522 931 3035 5582 9442 3915
 ... : 522 931 3036 5591 9473 3951
 ... : 522 931 3040 5595 9500 3985
 ... : 522 932 3046 5598 9534 4011
 ... : 522 932 3055 5596 9574 4032
 ... : 522 934 3065 5594 9611 4053
 ... : 522 935 3074 5605 9631 4076
 ... : 522 935 3077 5617 9658 4105
 ... : 522 935 3085 5623 9674 4130
 ... : 522 935 3094 5624 9703 4157
 ... : 522 935 3104 5624 9725 4181
 ... : 522 936 3114 5624 9751 4207
 ... : 522 942 3123 5640 9772 4235
 ... : 522 942 3124 5647 9786 4269
 ... : 522 943 3129 5652 9798 4300
 ... : 522 943 3138 5652 9809 4323
 ... : 522 943 3148 5645 9822 4351
 ... : 522 944 3159 5636 9835 4380
 ... : 522 944 3159 5642 9849 4419
 ... : 522 944 3160 5648 9863 4458
 ... : 522 945 3165 5661 9877 4488
 ... : 522 945 3173 5657 9890 4512
 ... : 522 945 3180 5657 9895 4601
 ... : 522 945 3180 5657 9895 4802
 ... : 522 946 3180 5659 9897 4983
 ... : 522 946 3180 5659 9897 5181
 ... : 522 946 3180 5658 9614 5125
 ... : 522 946 3180 5658 9614 5326
 ... : 522 946 3180 5658 9611 5508
 ... : 522 946 3180 5658 9607 5680
 ... : 522 946 3180 5658 9607 5881
 ... : 522 946 3180 5660 9616 6057
 ... : 522 946 3180 5670 9631 6107
 ... : 522 946 3180 5678 9647 6191
 ... : 522 946 3180 5678 9699 6264
 ... : 522 946 3180 5678 9754 6335
 ... : 522 946 3180 5678 9778 6473
 ... : 522 946 3180 5678 9819 6561
 ... : 522 946 3180 5678 9870 6638
 ... : 522 946 3180 5678 9918 6723
 ... : 522 946 3180 5676 9916 6880
 ... : 522 946 3180 5676 9916 7081
 ... : 522 946 3180 5676 9916 7282
 ... : 522 946 3180 5676 9914 7459
 ... : 522 946 3180 5676 9914 7660
 ... : 522 946 3180 5676 9914 7861
 ... : 522 946 3180 5675 9916 8051
 ... : 522 946 3180 5675 9911 8194
 ... : 522 946 3180 5675 9905 8229
 ... : 522 946 3178 5670 9926 8255
 ... : 522 946 3178 5670 9967 8295
 ... : 522 946 3178 5678 9999 8329
 ... : 522 946 3178 5689 10026 8357
 ... : 522 946 3178 5698 10056 8386
 ... : 522 946 3178 5707 10086 8416
 ... : 522 946 3178 5714 10117 8452
 ... : 522 946 3178 5714 10122 8572
 ... : 522 946 3178 5714 10122 8773
 ... : 522 946 3178 5714 10122 8974
 ... : 522 946 3178 5714 10122 9175
 ... : 524 949 3184 5717 10136 9284
 ... : 524 949 3184 5717 10135 9485
 ... : 530 961 3201 5735 10164 9527
 ... : 536 974 3223 5757 10188 9557
 ... : 536 975 3223 5766 10212 9689
 ... : 536 975 3223 5766 10196 9879
 ... : 536 975 3223 5766 10194 10055
 ... : 536 975 3223 5766 10069 10256
 ... : 536 976 3224 5765 10093 10364
 ... : 536 976 3220 5761 10125 10478
 ... : 536 976 3217 5755 10144 10604
 ... : 536 976 3217 5757 10171 10703
 ... : 536 976 3217 5762 10184 10851
 ... : 536 976 3217 5776 10222 10892
 ... : 536 976 3217 5777 10261 10937
 ... : 536 976 3217 5777 10302 10978
 ... : 536 976 3217 5778 10342 11020
 ... : 536 976 3217 5779 10381 11065
 ... : 536 976 3217 5779 10423 11109
 ... : 536 976 3217 5779 10402 11191
 ... : 536 976 3217 5779 10235 11380
 ... : 536 976 3217 5779 10235 11581
 ... : 536 976 3217 5779 10235 11782
 ... : 536 976 3217 5779 10236 11932
 ... : 536 976 3217 5779 10234 12033
 ... : 536 976 3214 5779 10247 12137
 ... : 536 976 3214 5779 10278 12240
 ... : 536 976 3213 5779 10277 12355
 ... : 536 976 3213 5779 10277 12556
 ... : 536 976 3219 5781 10307 12602
 ... : 536 976 3230 5782 10355 12620
 ... : 536 976 3238 5783 10406 12636
 ... : 536 976 3246 5783 10452 12653
 ... : 536 976 3252 5782 10498 12669
 ... : 536 976 3262 5783 10548 12685
 ... : 536 976 3270 5783 10598 12702
 ... : 536 976 3278 5783 10646 12720
 ... : 536 976 3288 5784 10697 12736
 ... : 536 976 3297 5785 10744 12753
 ... : 536 976 3304 5784 10795 12771
 ... : 536 976 3312 5784 10842 12785
 ... : 536 976 3321 5786 10890 12804
 ... : 536 976 3329 5786 10939 12821
 ... : 536 976 3339 5787 10989 12837
 ... : 536 976 3346 5786 11039 12853
 ... : 536 976 3355 5786 11088 12871
 ... : 536 976 3365 5788 11137 12888
 ... : 536 976 3374 5789 11184 12905
 ... : 536 976 3381 5788 11235 12923
 ... : 536 976 3391 5791 11281 12942
 ... : 536 976 3401 5790 11328 12959
 ... : 536 976 3409 5791 11379 12975
 ... : 536 976 3416 5790 11429 12992
 ... : 536 976 3433 5799 11468 13015
 ... : 536 976 3440 5799 11518 13034
 ... : 536 976 3452 5802 11558 13052
 ... : 536 976 3460 5801 11608 13070
 ... : 536 976 3469 5800 11654 13087
 ... : 536 976 3479 5803 11703 13105
 ... : 536 976 3488 5803 11749 13122
 ... : 536 976 3490 5767 11738 13174
 ... : 536 976 3490 5717 11737 13270
 ... : 536 976 3490 5667 11737 13371
 ... : 536 976 3490 5642 11730 13433
 ... : 536 976 3490 5642 11724 13582
 ... : 536 976 3490 5642 11677 13682
 ... : 536 976 3490 5642 11587 13777
 ... : 536 976 3490 5642 11508 13958
 ... : 536 976 3490 5642 11520 14118
 ... : 536 976 3496 5642 11508 14221
 ... : 536 976 3513 5648 11545 14246
 ... : 536 976 3529 5655 11578 14269
 ... : 536 976 3547 5657 11623 14289
 ... : 536 976 3566 5658 11669 14307
 ... : 536 976 3583 5660 11711 14328
 ... : 536 976 3600 5669 11747 14354
 ... : 536 976 3618 5678 11782 14379
 ... : 536 976 3636 5683 11822 14402
 ... : 536 976 3655 5683 11867 14420
 ... : 536 976 3672 5682 11914 14438
 ... : 536 976 3691 5689 11951 14462
 ... : 536 976 3708 5698 11986 14489
 ... : 536 976 3725 5704 12024 14514
 ... : 536 976 3744 5705 12069 14532
 ... : 536 976 3762 5705 12116 14550
 ... : 536 976 3780 5708 12158 14571
 ... : 536 976 3797 5716 12192 14598
 ... : 536 976 3814 5725 12229 14623
 ... : 536 976 3832 5733 12265 14648
 ... : 536 976 3850 5742 12300 14675
 ... : 536 976 3868 5744 12344 14695
 ... : 536 976 3886 5744 12390 14713
 ... : 536 976 3905 5744 12435 14731
 ... : 536 976 3922 5749 12476 14754
 ... : 536 976 3940 5757 12510 14781
 ... : 536 976 3955 5766 12548 14806
 ... : 536 976 3973 5772 12586 14830
 ... : 536 976 3991 5781 12621 14857
 ... : 536 976 3999 5783 12639 14959
 ... : 536 976 3999 5733 12601 15002
 ... : 536 976 3999 5707 12598 15065
 ... : 536 977 3999 5710 12625 15136
 ... : 536 977 3999 5711 12669 15205
 ... : 536 978 4000 5711 12726 15259
 ... : 536 978 4002 5714 12780 15312
 ... : 536 978 4005 5718 12818 15375
 ... : 536 978 4007 5721 12847 15404
 ... : 536 978 4007 5723 12886 15448
 ... : 536 978 4007 5723 12944 15520
 ... : 536 978 4009 5723 12989 15583
 ... : 536 978 4025 5733 13027 15608
 ... : 536 978 4043 5742 13061 15635
 ... : 536 978 4061 5745 13104 15656
 ... : 536 978 4080 5746 13149 15674
 ... : 536 978 4098 5753 13187 15698
 ... : 536 978 4114 5761 13222 15726
 ... : 536 978 4132 5770 13258 15750
 ... : 536 978 4151 5778 13295 15776
 ... : 536 978 4168 5777 13342 15794
 ... : 536 978 4186 5777 13388 15812
 ... : 536 978 4204 5784 13426 15836
 ... : 536 978 4222 5793 13461 15863
 ... : 536 978 4239 5802 13495 15891
 ... : 536 978 4258 5803 13540 15909
 ... : 536 978 4276 5803 13587 15926
 ... : 536 978 4293 5810 13624 15951
 ... : 536 978 4310 5819 13668 15977
 ... : 536 978 4328 5829 13711 16002
 ... : 536 978 4346 5838 13755 16030
 ... : 536 978 4362 5846 13798 16057
 ... : 536 978 4380 5855 13843 16081
 ... : 536 978 4399 5865 13885 16108
 ... : 536 978 4416 5873 13929 16135
 ... : 536 978 4432 5880 13973 16161
 ... : 536 978 4450 5889 14018 16185
 ... : 536 978 4468 5899 14060 16213
 ... : 536 978 4486 5898 14107 16231
 ... : 536 978 4504 5898 14152 16249
 ... : 536 978 4522 5901 14196 16268
 ... : 536 978 4540 5910 14240 16295
 ... : 536 978 4557 5918 14283 16322
 ... : 536 978 4574 5925 14328 16347
 ... : 536 978 4592 5934 14372 16371
 ... : 536 978 4610 5943 14415 16398
 ... : 536 978 4629 5943 14461 16416
 ... : 536 978 4647 5943 14506 16434
 ... : 536 978 4664 5945 14551 16454
 ... : 536 978 4682 5954 14595 16481
 ... : 536 978 4699 5962 14638 16508
 ... : 536 978 4716 5971 14683 16533
 ... : 536 978 4735 5981 14726 16559
 ... : 536 978 4752 5989 14770 16586
 ... : 536 978 4770 5989 14815 16604
 ... : 536 978 4789 5989 14861 16622
 ... : 536 978 4804 5992 14904 16647
 ... : 536 978 4822 6001 14947 16672
 ... : 536 978 4840 6010 14991 16699
 ... : 536 978 4858 6013 15036 16720
 ... : 536 978 4876 6013 15081 16738
 ... : 536 978 4894 6012 15128 16756
 ... : 536 978 4912 6022 15171 16783
 ... : 536 978 4929 6030 15214 16810
 ... : 536 978 4946 6041 15258 16836
 ... : 536 978 4964 6050 15301 16863
 ... : 536 978 4982 6059 15344 16890
 ... : 536 978 5000 6062 15389 16911
 ... : 536 978 5018 6062 15436 16929
 ... : 536 978 5036 6062 15481 16947
 ... : 536 978 5053 6069 15524 16973
 ... : 536 978 5070 6078 15569 16999
 ... : 536 978 5088 6085 15613 17023
 ... : 536 978 5106 6085 15659 17041
 ... : 536 978 5125 6095 15701 17067
 ... : 536 978 5142 6103 15746 17094
 ... : 536 978 5158 6111 15789 17121
 ... : 536 978 5176 6120 15834 17145
 ... : 536 978 5194 6130 15876 17173
 ... : 536 978 5212 6139 15919 17200
 ... : 536 978 5228 6148 15964 17228
 ... : 536 978 5246 6157 16007 17252
 ... : 536 978 5264 6166 16051 17279
 ... : 536 978 5282 6173 16094 17304
 ... : 536 978 5299 6171 16138 17323
 ... : 536 978 5318 6172 16182 17341
 ... : 536 978 5334 6179 16221 17367
 ... : 536 978 5352 6188 16257 17391
 ... : 536 978 5370 6198 16292 17419
 ... : 536 978 5388 6206 16326 17446
 ... : 536 978 5404 6215 16362 17473
 ... : 536 978 5422 6220 16402 17494
 ... : 536 978 5440 6221 16446 17515
 ... : 536 978 5458 6221 16491 17533
 ... : 536 978 5476 6227 16533 17554
 ... : 536 978 5495 6236 16566 17581
 ... : 536 978 5512 6245 16600 17608
 ... : 536 978 5528 6254 16635 17636
 ... : 536 978 5546 6263 16671 17660
 ... : 536 978 5565 6270 16708 17685
 ... : 536 978 5582 6269 16755 17703
 ... : 536 978 5600 6269 16801 17721
 ... : 536 978 5618 6271 16845 17742
 ... : 536 978 5637 6271 16890 17759
 ... : 536 978 5655 6271 16935 17779
 ... : 536 978 5673 6279 16974 17802
 ... : 536 978 5691 6288 17008 17829
 ... : 536 978 5709 6296 17044 17855
 ... : 536 978 5727 6296 17090 17873
 ... : 536 978 5746 6296 17135 17891
 ... : 536 978 5764 6299 17179 17911
 ... : 536 978 5782 6302 17220 17933
 ... : 536 978 5791 6301 17248 18028
 ... : 536 978 5791 6301 17248 18228
 ... : 536 978 5796 6301 17253 18330
 ... : 536 978 5797 6294 17265 18342
 ... : 536 978 5806 6287 17282 18356
 ... : 536 978 5814 6281 17295 18370
 ... : 536 978 5822 6276 17306 18383
 ... : 536 978 5823 6272 17316 18402
 ... : 536 978 5826 6273 17317 18420
 ... : 536 978 5827 6268 17329 18432
 ... : 536 978 5831 6262 17334 18442
 ... : 536 978 5834 6256 17337 18464
 ... : 536 978 5835 6253 17351 18476
 ... : 536 978 5839 6247 17354 18493
 ... : 536 978 5842 6239 17353 18512
 ... : 536 978 5846 6238 17364 18532
 ... : 536 978 5848 6225 17371 18547
 ... : 536 978 5854 6224 17384 18557
 ... : 536 978 5855 6223 17391 18567
 ... : 536 978 5855 6220 17402 18578
 ... : 536 978 5857 6216 17409 18599
 ... : 536 978 5862 6212 17413 18621
 ... : 536 978 5866 6208 17423 18639
 ... : 536 978 5865 6209 17434 18656
 ... : 536 978 5868 6203 17443 18668
 ... : 536 978 5873 6197 17460 18681
 ... : 536 978 5879 6196 17473 18696
 ... : 536 978 5886 6190 17486 18710
 ... : 536 978 5891 6191 17500 18721
 ... : 536 978 5893 6191 17508 18739
 ... : 536 978 5897 6184 17518 18751
 ... : 536 978 5900 6185 17521 18891
 ... : 536 978 5908 6189 17536 19016
 ... : 536 978 5926 6198 17571 19043
 ... : 536 978 5943 6206 17605 19070
 ... : 536 978 5960 6216 17643 19095
 ... : 536 978 5979 6225 17677 19121
 ... : 536 978 5996 6234 17713 19149
 ... : 536 978 6012 6242 17748 19176
 ... : 536 978 6030 6251 17784 19200
 ... : 536 978 6048 6260 17819 19227
 ... : 536 978 6066 6269 17853 19254
 ... : 536 978 6082 6278 17890 19282
 ... : 536 978 6100 6287 17925 19306
 ... : 536 978 6114 6294 17954 19364
 ... : 536 978 6114 6294 17901 19326
 ... : 536 978 6114 6291 17713 18968
 ... : 536 978 6117 6291 17661 19121
 ... : 536 978 6124 6296 17588 19257
 ... : 536 978 6142 6305 17627 19281
 ... : 536 978 6160 6314 17668 19308
 ... : 536 978 6178 6316 17713 19328
 ... : 536 978 6196 6315 17760 19346
 ... : 536 978 6215 6321 17803 19368
 ... : 536 978 6232 6329 17843 19395
 ... : 536 978 6248 6337 17879 19419
 ... : 536 978 6266 6347 17914 19447
 ... : 536 978 6284 6356 17948 19474
 ... : 536 978 6300 6364 17981 19499
 ... : 536 978 6318 6369 18021 19521
 ... : 536 978 6336 6369 18066 19540
 ... : 536 978 6354 6372 18111 19561
 ... : 536 978 6372 6381 18154 19585
 ... : 536 978 6391 6391 18195 19612
 ... : 536 978 6408 6398 18235 19638
 ... : 536 978 6425 6407 18280 19663
 ... : 536 978 6443 6417 18322 19690
 ... : 536 978 6459 6427 18358 19716
 ... : 536 978 6476 6434 18390 19747
 ... : 536 978 6493 6442 18428 19772
 ... : 536 978 6511 6451 18463 19797
 ... : 536 978 6529 6452 18507 19817
 ... : 536 978 6547 6453 18552 19836
 ... : 536 978 6565 6453 18597 19854
 ... : 536 978 6583 6453 18643 19874
 ... : 536 978 6601 6458 18688 19895
 ... : 536 978 6613 6464 18657 19851
 ... : 536 978 6619 6466 18530 19709
 ... : 536 978 6638 6472 18568 19733
 ... : 536 978 6654 6480 18604 19758
 ... : 536 978 6672 6489 18640 19781
 ... : 536 978 6690 6498 18674 19808
 ... : 536 978 6707 6506 18715 19835
 ... : 536 978 6724 6515 18760 19860
 ... : 536 978 6742 6524 18801 19885
 ... : 536 978 6760 6532 18835 19912
 ... : 536 978 6776 6541 18871 19938
 ... : 536 978 6794 6551 18907 19963
 ... : 536 978 6812 6560 18942 19990
 ... : 536 978 6828 6569 18977 20017
 ... : 536 978 6846 6578 19012 20041
 ... : 536 978 6864 6587 19047 20067
 ... : 536 978 6882 6591 19088 20089
 ... : 536 978 6900 6591 19133 20107
 ... : 536 978 6918 6590 19180 20125
 ... : 536 978 6936 6592 19224 20145
 ... : 536 978 6955 6599 19262 20168
 ... : 536 978 6971 6607 19296 20196
 ... : 536 978 6988 6616 19332 20222
 ... : 536 978 7006 6625 19367 20247
 ... : 536 978 7024 6634 19401 20275
 ... : 536 978 7040 6643 19437 20302
 ... : 536 978 7058 6651 19473 20326
 ... : 536 978 7076 6660 19509 20352
 ... : 536 978 7094 6668 19543 20379
 ... : 536 978 7110 6674 19583 20403
 ... : 536 978 7128 6674 19628 20421
 ... : 536 978 7146 6674 19673 20440
 ... : 536 978 7165 6675 19718 20459
 ... : 536 978 7184 6676 19763 20477
 ... : 536 978 7202 6676 19810 20495
 ... : 536 978 7220 6682 19853 20519
 ... : 536 978 7236 6690 19898 20546
 ... : 536 978 7254 6701 19940 20570
 ... : 536 978 7271 6708 19975 20598
 ... : 536 978 7288 6717 20011 20624
 ... : 536 978 7306 6727 20048 20650
 ... : 536 978 7324 6735 20082 20677
 ... : 536 978 7340 6744 20120 20703
 ... : 536 978 7358 6747 20164 20724
 ... : 536 978 7376 6747 20209 20742
 ... : 536 978 7395 6748 20253 20761
 ... : 536 978 7412 6757 20290 20787
 ... : 536 978 7430 6766 20325 20812
 ... : 536 978 7448 6776 20362 20840
 ... : 536 978 7464 6784 20403 20867
 ... : 536 978 7482 6793 20442 20891
 ... : 536 978 7500 6803 20484 20919
 ... : 536 978 7517 6811 20520 20946
 ... : 536 978 7534 6821 20561 20971
 ... : 536 978 7553 6830 20602 20998
 ... : 536 978 7570 6839 20646 21025
 ... : 536 978 7586 6844 20689 21049
 ... : 536 978 7599 6845 20719 21128
 ... : 536 978 7599 6845 20719 21328
 ... : 536 978 7599 6845 20719 21528
 ... : 536 978 7599 6845 20719 21726
 ... : 536 978 7599 6845 20719 21924
 ... : 536 978 7599 6845 20719 22124
 ... : 536 978 7599 6844 20720 22321
 ... : 536 978 7599 6844 20720 22521
 ... : 536 978 7599 6844 20720 22722
 ... : 536 978 7599 6844 20720 22923
 ... : 536 978 7599 6844 20720 23124
 ... : 536 978 7599 6844 20720 23324
 ... : 536 978 7599 6844 20720 23524
 ... : 536 978 7599 6844 20538 23724
 ... : 536 978 7599 6844 20337 23925
 ... : 536 978 7599 6844 20165 24126
 ... : 536 978 7599 6844 20059 24327
 ... : 536 978 7599 6844 19867 24528
   7 : 536 943 7539 5368 13846 24057 6053
 ... : 536 943 7539 5368 13846 24057 6251
 ... : 536 943 7539 5368 13846 24057 6452
 ... : 536 943 7539 5368 13846 24057 6653
 ... : 536 943 7539 5368 13846 24057 6854
 ... : 536 943 7540 5369 13852 24079 6943
 ... : 536 943 7541 5370 13852 24090 7035
 ... : 536 943 7541 5371 13852 24096 7134
 ... : 536 943 7541 5371 13852 24096 7260
 ... : 536 943 7541 5371 13852 24097 7427
 ... : 536 943 7541 5371 13852 24097 7610
 ... : 536 943 7541 5371 13851 24087 7714
 ... : 536 943 7541 5371 13853 24078 7795
 ... : 536 943 7541 5373 13853 24063 7883
 ... : 536 943 7541 5374 13860 24070 7950
 ... : 536 943 7541 5374 13866 24078 8010
 ... : 536 943 7541 5374 13867 24094 8078
 ... : 536 943 7541 5375 13867 24094 8232
 ... : 536 943 7541 5375 13867 24094 8433
 ... : 536 943 7541 5375 13867 24094 8634
 ... : 536 943 7541 5375 13867 24094 8835
 ... : 536 943 7541 5375 13867 24094 9036
 ... : 536 943 7541 5375 13867 24094 9237
 ... : 536 943 7541 5375 13867 24102 9412
 ... : 536 943 7541 5375 13867 24141 9533
 ... : 536 943 7541 5375 13867 24167 9677
 ... : 536 943 7541 5375 13867 24167 9878
 ... : 536 943 7541 5375 13865 24181 10030
 ... : 536 943 7541 5380 13865 24210 10108
 ... : 536 943 7541 5386 13858 24245 10149
 ... : 536 943 7541 5395 13849 24274 10187
 ... : 536 943 7541 5407 13840 24306 10221
 ... : 536 943 7541 5419 13838 24339 10279
 ... : 536 943 7541 5424 13837 24368 10347
 ... : 536 943 7541 5434 13836 24406 10388
 ... : 536 943 7541 5450 13828 24443 10420
 ... : 536 943 7541 5457 13822 24481 10462
 ... : 536 943 7541 5465 13821 24513 10495
 ... : 536 943 7541 5470 13815 24550 10515
 ... : 536 943 7541 5472 13796 24581 10535
 ... : 536 943 7541 5483 13794 24615 10554
 ... : 536 943 7541 5484 13777 24650 10557
 ... : 536 943 7541 5480 13764 24680 10585
 ... : 536 943 7541 5480 13763 24690 10750
 ... : 536 943 7541 5480 13763 24690 10951
 ... : 536 943 7541 5480 13763 24690 11152
 ... : 536 943 7541 5480 13763 24690 11353
 ... : 536 943 7541 5480 13759 24729 11421
 ... : 536 943 7541 5480 13737 24758 11458
 ... : 536 943 7541 5480 13723 24791 11485
 ... : 536 943 7541 5480 13720 24824 11541
 ... : 536 943 7541 5480 13718 24850 11620
 ... : 536 943 7541 5480 13718 24851 11815
 ... : 536 943 7541 5480 13718 24841 11994
 ... : 536 943 7541 5480 13718 24790 12095
 ... : 536 943 7541 5480 13718 24739 12196
 ... : 536 943 7541 5480 13718 24688 12297
 ... : 536 943 7541 5480 13718 24638 12397
 ... : 536 943 7541 5480 13718 24598 12492
 ... : 536 943 7541 5485 13721 24592 12552
 ... : 536 943 7541 5488 13722 24581 12622
 ... : 536 943 7541 5491 13721 24573 12686
 ... : 536 943 7541 5495 13725 24565 12759
 ... : 536 943 7541 5499 13729 24548 12836
 ... : 536 943 7541 5499 13730 24523 12932
 ... : 536 943 7541 5499 13737 24508 13009
 ... : 536 943 7541 5499 13741 24501 13081
 ... : 536 943 7541 5499 13743 24477 13167
 ... : 536 943 7541 5499 13745 24432 13264
 ... : 536 943 7541 5499 13746 24392 13361
 ... : 536 943 7541 5499 13746 24345 13461
 ... : 536 943 7541 5499 13747 24315 13549
 ... : 536 943 7541 5499 13749 24276 13643
 ... : 536 943 7541 5499 13751 24244 13736
 ... : 536 943 7541 5499 13751 24212 13835
 ... : 536 943 7541 5499 13751 24173 13932
 ... : 536 943 7541 5499 13751 24138 14032
 ... : 536 943 7541 5499 13751 24097 14133
 ... : 536 943 7541 5499 13751 24082 14290
 ... : 536 945 7547 5511 13770 24106 14335
 ... : 536 945 7547 5511 13770 24109 14518
 ... : 536 945 7547 5511 13770 24109 14717
 ... : 536 945 7546 5514 13774 24116 14877
 ... : 536 945 7546 5514 13774 24116 15078
 ... : 536 945 7546 5515 13774 24117 15255
 ... : 536 945 7546 5515 13774 24117 15456
 ... : 536 945 7546 5515 13774 24117 15657
 ... : 536 945 7546 5515 13774 24117 15752
 ... : 536 945 7546 5515 13774 24117 15953
 ... : 536 945 7546 5515 13774 24121 16130
 ... : 536 945 7546 5515 13774 24121 16331
 ... : 536 945 7546 5515 13774 24127 16516
 ... : 536 945 7546 5515 13786 24155 16590
 ... : 536 945 7546 5515 13796 24185 16658
 ... : 536 945 7546 5515 13807 24221 16714
 ... : 536 945 7546 5515 13818 24250 16773
 ... : 536 945 7546 5513 13835 24290 16829
 ... : 536 945 7546 5513 13847 24323 16900
 ... : 536 945 7546 5512 13864 24361 16964
 ... : 536 945 7546 5512 13875 24398 17025
 ... : 536 945 7546 5511 13889 24433 17085
 ... : 536 945 7546 5511 13898 24456 17162
 ... : 536 945 7546 5511 13906 24475 17241
 ... : 536 945 7546 5509 13920 24512 17298
 ... : 536 945 7546 5509 13923 24547 17396
 ... : 536 945 7546 5509 13923 24518 17511
 ... : 536 945 7546 5509 13923 24545 17603
 ... : 536 945 7546 5509 13921 24559 17703
 ... : 536 945 7546 5509 13917 24584 17714
 ... : 536 945 7546 5510 13916 24588 17734
 ... : 536 945 7546 5521 13915 24599 17752
 ... : 536 945 7546 5536 13914 24608 17765
 ... : 536 945 7546 5542 13913 24559 17887
 ... : 536 945 7546 5542 13913 24604 17997
 ... : 536 945 7546 5542 13913 24652 18102
 ... : 536 945 7546 5542 13932 24676 18184
 ... : 536 945 7546 5542 13953 24706 18260
 ... : 536 945 7546 5541 13976 24752 18332
 ... : 536 945 7546 5540 13996 24787 18414
 ... : 536 945 7546 5540 13996 24812 18513
 ... : 536 945 7546 5540 13996 24861 18617
 ... : 536 945 7546 5540 13996 24882 18710
 ... : 536 945 7546 5540 13996 24885 18811
 ... : 536 945 7546 5540 14009 24903 18891
 ... : 536 945 7546 5540 14034 24927 18969
 ... : 536 945 7546 5540 14058 24952 19047
 ... : 536 945 7546 5540 14087 24977 19114
 ... : 536 945 7546 5540 14115 25002 19181
 ... : 536 945 7546 5540 14116 25031 19264
 ... : 536 945 7546 5540 14116 25003 19408
 ... : 536 945 7546 5540 14116 24954 19509
 ... : 536 945 7546 5540 14116 24904 19609
 ... : 536 945 7546 5540 14116 24855 19710
 ... : 536 945 7546 5540 14116 24807 19810
 ... : 536 945 7546 5540 14116 24765 19906
 ... : 536 945 7546 5540 14116 24727 19999
 ... : 536 945 7546 5540 14116 24694 20088
 ... : 536 945 7546 5540 14116 24648 20188
 ... : 536 945 7546 5540 14116 24611 20282
 ... : 536 945 7546 5540 14116 24572 20378
 ... : 536 945 7546 5540 14116 24569 20479
 ... : 536 945 7546 5540 14116 24568 20580
 ... : 536 945 7546 5540 14116 24568 20681
 ... : 536 945 7546 5540 14116 24568 20782
 ... : 536 945 7546 5540 14116 24569 20880
 ... : 536 945 7546 5540 14116 24570 20985
 ... : 536 945 7546 5540 14116 24570 21085
 ... : 536 945 7546 5540 14116 24570 21186
 ... : 536 945 7546 5540 14116 24571 21286
 ... : 536 945 7546 5540 14116 24570 21387
 ... : 536 945 7546 5540 14116 24572 21488
 ... : 536 945 7546 5540 14116 24590 21589
 ... : 536 945 7546 5540 14116 24596 21690
 ... : 536 945 7546 5540 14116 24602 21790
 ... : 536 945 7546 5540 14116 24603 21891
 ... : 536 945 7546 5540 14116 24603 22021
 ... : 536 945 7546 5540 14116 24590 22222
 ... : 536 945 7546 5540 14116 24389 22423
 ... : 536 945 7546 5540 14116 24197 22618
 ... : 536 945 7546 5540 14116 24143 22721
 ... : 536 945 7546 5540 14116 24032 22862
 ... : 536 945 7546 5540 14116 23855 23063
 ... : 536 945 7546 5540 14116 23855 23264
 ... : 536 945 7546 5540 14116 23855 23465
 ... : 536 945 7546 5540 14116 23855 23666
 ... : 536 945 7546 5540 14116 23855 23867
 ... : 536 945 7546 5540 14116 23855 24068
 ... : 536 945 7546 5540 14116 23855 24269
 ... : 536 945 7546 5540 14116 23855 24470
 ... : 536 945 7546 5540 14116 23855 24671
 ... : 536 945 7546 5540 14116 23856 24869
 ... : 536 945 7546 5540 14104 23886 24978
 ... : 536 945 7546 5539 14087 23910 25108
 ... : 536 945 7546 5539 14083 23924 25232
 ... : 536 945 7546 5539 14083 23962 25330
 ... : 536 945 7546 5539 14083 24008 25425
 ... : 536 945 7546 5539 14083 24037 25523
 ... : 536 945 7546 5539 14083 24050 25619
 ... : 536 945 7546 5539 14083 24054 25719
 ... : 536 945 7546 5539 14083 24060 25837
 ... : 536 945 7546 5539 14083 24074 25934
 ... : 536 945 7546 5539 14083 24125 26014
 ... : 536 945 7546 5539 14083 24179 26070
 ... : 536 945 7546 5539 14083 24237 26128
 ... : 536 945 7546 5539 14083 24296 26187
 ... : 536 945 7546 5539 14083 24355 26245
 ... : 536 945 7546 5539 14083 24410 26304
 ... : 536 945 7546 5539 14083 24468 26371
 ... : 536 945 7546 5539 14083 24524 26427
 ... : 537 946 7546 5541 14089 24567 26471
 ... : 537 946 7546 5541 14089 24598 26545
 ... : 537 946 7546 5541 14088 24630 26621
 ... : 537 946 7546 5541 14088 24654 26697
 ... : 537 946 7546 5541 14088 24690 26769
 ... : 537 946 7546 5541 14088 24725 26842
 ... : 537 946 7546 5541 14088 24765 26916
 ... : 537 946 7546 5541 14088 24807 26990
 ... : 537 946 7546 5541 14088 24841 27063
 ... : 537 946 7546 5541 14088 24871 27138
 ... : 537 946 7546 5541 14088 24903 27214
 ... : 537 946 7546 5541 14088 24938 27286
 ... : 537 946 7546 5541 14088 24981 27352
 ... : 537 946 7546 5541 14088 25004 27429
 ... : 537 946 7546 5541 14087 25036 27503
 ... : 537 946 7546 5541 14087 25064 27580
 ... : 537 946 7546 5541 14087 25095 27655
 ... : 537 946 7546 5541 14087 25129 27731
 ... : 537 946 7546 5541 14087 25165 27802
 ... : 537 946 7546 5541 14087 25192 27879
 ... : 537 946 7546 5541 14087 25223 27993
 ... : 537 946 7546 5541 14087 25245 28142
 ... : 537 946 7546 5541 14087 25261 28259
 ... : 537 946 7546 5541 14087 25284 28346
 ... : 537 946 7546 5541 14088 25334 28413
 ... : 537 946 7546 5541 14089 25365 28494
 ... : 537 946 7546 5541 14087 25378 28586
 ... : 537 946 7546 5541 14089 25272 28738
 ... : 537 946 7546 5541 14072 25312 28810
 ... : 537 946 7546 5541 14053 25363 28888
 ... : 537 946 7546 5541 14031 25417 28971
 ... : 537 946 7546 5541 14008 25469 29057
 ... : 537 946 7546 5541 13981 25524 29142
 ... : 537 946 7546 5541 13959 25579 29225
 ... : 537 946 7546 5541 13937 25633 29310
 ... : 537 946 7546 5541 13920 25681 29390
 ... : 537 946 7546 5541 13892 25738 29475
 ... : 537 946 7546 5541 13875 25791 29560
 ... : 537 946 7546 5541 13866 25845 29649
 ... : 537 946 7546 5541 13866 25897 29739
 ... : 537 946 7546 5541 13866 25943 29829
 ... : 537 946 7546 5541 13866 25994 29926
 ... : 537 946 7546 5541 13867 26042 30019
 ... : 537 946 7546 5541 13867 26089 30114
 ... : 537 946 7546 5541 13867 26140 30211
 ... : 537 946 7546 5541 13867 26191 30307
 ... : 537 946 7546 5541 13868 26229 30389
 ... : 537 946 7546 5541 13868 26231 30444
 ... : 537 946 7546 5541 13868 26231 30498
 ... : 537 946 7546 5541 13868 26235 30553
 ... : 537 946 7546 5541 13868 26241 30608
 ... : 537 946 7546 5541 13868 26243 30663
 ... : 537 946 7546 5541 13868 26243 30718
 ... : 538 947 7546 5543 13871 26255 30777
 ... : 538 947 7546 5543 13871 26265 30857
 ... : 538 947 7546 5543 13871 26284 30941
 ... : 538 947 7546 5543 13871 26299 31023
 ... : 538 947 7546 5543 13871 26314 31106
 ... : 538 947 7546 5543 13871 26337 31187
 ... : 538 947 7546 5543 13871 26355 31267
 ... : 538 947 7546 5543 13871 26374 31354
 ... : 538 947 7546 5543 13871 26394 31437
 ... : 538 947 7546 5543 13871 26408 31519
 ... : 538 947 7546 5543 13871 26423 31603
 ... : 539 948 7547 5546 13876 26456 31666
 ... : 539 948 7547 5546 13876 26495 31740
 ... : 539 948 7547 5546 13875 26537 31812
 ... : 539 948 7547 5546 13875 26565 31885
 ... : 539 948 7547 5546 13875 26600 31960
 ... : 539 948 7547 5546 13875 26625 32033
 ... : 539 948 7547 5546 13875 26654 32108
 ... : 539 948 7547 5546 13874 26681 32181
 ... : 539 948 7547 5546 13872 26714 32254
 ... : 539 948 7547 5546 13871 26744 32328
 ... : 539 948 7547 5546 13871 26771 32402
 ... : 539 948 7547 5546 13871 26826 32473
 ... : 539 948 7547 5546 13871 26867 32548
 ... : 539 948 7547 5546 13870 26904 32621
 ... : 539 948 7547 5546 13869 26928 32695
 ... : 539 948 7547 5546 13869 26953 32768
 ... : 539 948 7547 5546 13868 26988 32837
 ... : 539 948 7547 5546 13867 27022 32911
 ... : 539 948 7547 5546 13867 27056 32984
 ... : 539 948 7547 5546 13867 27094 33058
 ... : 539 948 7547 5546 13867 27129 33130
 ... : 539 948 7547 5546 13867 27160 33205
 ... : 539 948 7547 5546 13867 27194 33277
 ... : 539 948 7547 5546 13866 27220 33351
 ... : 539 948 7547 5546 13864 27250 33426
 ... : 539 948 7547 5546 13863 27280 33499
 ... : 539 948 7547 5546 13862 27283 33687
 ... : 539 948 7547 5546 13862 27284 33886
 ... : 539 948 7547 5546 13862 27288 34071
 ... : 539 948 7547 5546 13862 27296 34218
 ... : 539 948 7547 5546 13862 27310 34390
 ... : 539 948 7547 5546 13862 27310 34591
 ... : 539 948 7547 5553 13875 27305 34671
 ... : 539 948 7547 5569 13899 27314 34696
 ... : 539 948 7547 5583 13909 27341 34716
 ... : 539 948 7547 5597 13907 27371 34735
 ... : 539 948 7547 5609 13909 27397 34754
 ... : 539 948 7547 5623 13912 27410 34774
 ... : 539 948 7547 5636 13916 27442 34795
 ... : 539 948 7547 5650 13924 27459 34815
 ... : 539 948 7547 5663 13932 27455 34845
 ... : 539 948 7547 5680 13940 27461 34873
 ... : 539 948 7547 5683 13946 27466 34905
 ... : 539 948 7547 5686 13951 27457 34945
   8 : 539 822 7421 5310 13511 23409 31946 6453
 ... : 539 822 7421 5310 13511 23409 31946 6652
 ... : 539 822 7421 5310 13511 23409 31946 6850
 ... : 539 822 7421 5310 13511 23409 31946 7051
 ... : 539 822 7421 5310 13511 23409 31954 7235
 ... : 539 822 7421 5310 13509 23409 31994 7329
 ... : 539 822 7421 5310 13509 23411 32024 7430
 ... : 539 822 7421 5310 13509 23411 32025 7599
 ... : 539 822 7421 5310 13509 23411 32023 7740
 ... : 539 822 7421 5310 13509 23411 32023 7941
 ... : 539 822 7421 5310 13509 23411 32023 8142
 ... : 539 824 7426 5321 13520 23426 32043 8212
 ... : 539 824 7426 5321 13522 23438 32084 8279
 ... : 539 824 7426 5321 13522 23438 32084 8480
 ... : 539 824 7426 5321 13522 23438 32084 8681
 ... : 539 824 7426 5321 13522 23438 32084 8882
 ... : 539 824 7426 5321 13522 23438 32096 8924
 ... : 539 824 7426 5321 13522 23438 32144 8982
 ... : 539 824 7426 5321 13522 23438 32193 9038
 ... : 539 824 7426 5321 13522 23439 32246 9095
 ... : 539 824 7426 5321 13522 23439 32294 9153
 ... : 539 824 7426 5321 13522 23440 32338 9210
 ... : 539 824 7426 5321 13522 23440 32383 9264
 ... : 539 824 7426 5321 13522 23440 32430 9319
 ... : 539 824 7426 5321 13522 23440 32479 9370
 ... : 539 824 7426 5321 13522 23440 32524 9426
 ... : 539 824 7426 5321 13522 23440 32577 9477
 ... : 539 824 7426 5321 13522 23441 32611 9532
 ... : 539 824 7426 5321 13522 23442 32644 9589
 ... : 539 824 7426 5321 13522 23442 32682 9642
 ... : 539 824 7426 5321 13522 23444 32726 9693
 ... : 539 824 7426 5321 13522 23444 32760 9743
 ... : 539 824 7426 5321 13522 23444 32798 9797
 ... : 539 824 7426 5321 13522 23444 32832 9841
 ... : 539 824 7426 5321 13522 23444 32875 9914
 ... : 539 824 7426 5321 13522 23444 32926 10001
 ... : 539 824 7426 5321 13522 23444 32977 10081
 ... : 539 824 7426 5322 13525 23450 32988 10222
 ... : 539 826 7433 5333 13539 23467 33018 10235
 ... : 539 829 7443 5344 13560 23506 33050 10235
 ... : 539 829 7443 5345 13564 23520 33092 10303
 ... : 539 829 7445 5351 13578 23547 33123 10322
 ... : 539 829 7446 5355 13584 23564 33161 10361
 ... : 539 829 7446 5358 13590 23576 33204 10402
 ... : 539 829 7447 5369 13598 23598 33224 10424
 ... : 539 829 7448 5372 13605 23613 33265 10470
 ... : 539 829 7449 5377 13615 23630 33303 10505
 ... : 539 829 7449 5382 13628 23650 33341 10541
 ... : 539 829 7450 5389 13639 23664 33369 10574
 ... : 539 829 7451 5392 13650 23686 33406 10595
 ... : 539 829 7452 5397 13656 23701 33446 10635
 ... : 539 829 7453 5407 13668 23721 33481 10658
 ... : 539 829 7454 5412 13677 23735 33517 10693
 ... : 539 829 7454 5419 13688 23754 33558 10724
 ... : 539 829 7455 5426 13699 23774 33594 10758
 ... : 539 829 7456 5433 13712 23797 33632 10785
 ... : 539 829 7457 5438 13723 23816 33671 10821
 ... : 539 829 7458 5445 13733 23837 33714 10851
 ... : 539 829 7458 5448 13741 23853 33754 10889
 ... : 539 829 7459 5453 13751 23872 33785 10922
 ... : 539 829 7460 5460 13758 23891 33825 10956
 ... : 539 829 7461 5464 13767 23915 33862 10981
 ... : 539 829 7466 5467 13777 23931 33896 11015
 ... : 539 829 7471 5474 13787 23950 33923 11045
 ... : 539 829 7472 5477 13795 23973 33960 11071
 ... : 539 829 7473 5480 13803 23991 33996 11110
 ... : 539 829 7473 5486 13814 24005 34035 11147
 ... : 539 829 7474 5494 13823 24029 34071 11178
 ... : 539 829 7475 5500 13832 24046 34112 11218
 ... : 539 829 7476 5505 13840 24061 34153 11245
 ... : 539 829 7476 5513 13853 24080 34192 11274
 ... : 539 829 7476 5517 13860 24099 34235 11312
 ... : 539 829 7477 5524 13869 24123 34276 11340
 ... : 539 829 7478 5530 13881 24144 34308 11360
 ... : 539 829 7480 5534 13893 24164 34340 11398
 ... : 539 829 7481 5544 13906 24175 34375 11430
 ... : 539 829 7482 5550 13912 24196 34416 11460
 ... : 539 829 7483 5554 13923 24214 34454 11494
 ... : 539 829 7486 5563 13933 24231 34487 11523
 ... : 539 829 7489 5568 13944 24250 34525 11560
 ... : 539 829 7492 5573 13953 24270 34563 11586
 ... : 539 829 7492 5578 13962 24293 34600 11614
 ... : 539 829 7492 5581 13970 24306 34630 11649
 ... : 539 829 7494 5589 13978 24325 34672 11683
 ... : 539 829 7496 5597 13990 24347 34701 11710
 ... : 539 829 7501 5601 14000 24367 34735 11733
 ... : 539 829 7501 5604 14011 24384 34769 11765
 ... : 539 829 7502 5609 14022 24408 34805 11797
 ... : 539 829 7503 5614 14029 24420 34838 11830
 ... : 539 829 7504 5619 14038 24444 34874 11853
 ... : 539 829 7505 5625 14047 24465 34911 11886
 ... : 539 829 7506 5635 14056 24486 34947 11921
 ... : 539 829 7507 5642 14064 24502 34989 11964
 ... : 539 829 7509 5649 14074 24521 35028 12004
 ... : 539 829 7509 5654 14084 24542 35060 12035
 ... : 539 829 7510 5659 14092 24555 35099 12072
 ... : 539 829 7511 5666 14101 24578 35141 12099
 ... : 539 829 7512 5671 14111 24597 35181 12131
 ... : 539 829 7516 5676 14123 24614 35212 12165
 ... : 539 829 7517 5679 14132 24628 35248 12199
 ... : 539 829 7518 5684 14143 24650 35282 12225
 ... : 539 829 7519 5688 14153 24665 35323 12269
 ... : 539 829 7519 5697 14166 24681 35357 12304
 ... : 539 829 7520 5701 14171 24698 35392 12347
 ... : 539 829 7520 5705 14180 24720 35429 12372
 ... : 539 829 7521 5710 14188 24746 35465 12398
 ... : 539 829 7521 5714 14196 24761 35501 12437
 ... : 539 829 7523 5720 14204 24782 35543 12474
 ... : 539 829 7524 5726 14213 24802 35579 12509
 ... : 539 829 7525 5729 14222 24815 35624 12547
 ... : 539 829 7525 5736 14232 24831 35657 12578
 ... : 539 829 7527 5740 14238 24848 35704 12619
 ... : 539 829 7527 5747 14250 24870 35740 12647
 ... : 539 829 7529 5755 14258 24882 35773 12681
