initialized model with 3196 latches, 844 inputs and 1 properties
tsim: performed 7 steps
tsim: found cycle from 4
tsim: found 12 constants and 264 latch equivalences
seqsimpl: found 7 latch equivalences
seqsimpl: (3196, 844) -> (68, 31)
checking bound 0
checking bound 1
checking bound 2
tdecomp: unrolling 2 cycles
tsim: performed 3 steps
tsim: found cycle from 0
tdecomp: no improvement found, reverting original model
   2 : 5 0
   3 : 27 17 23
   4 : 27 2 16 24
   5 : 27 2 0 58 0
completing final invariant with sub-IC3 call...
num_solve_calls = 2134
num_solve_sat_calls = 703
num_solve_unsat_calls = 120
num_solve_approx_calls = 1034
num_solve_approx_unsat_calls = 507
num_solve_conflicts = 359
num_solve_decisions = 49269
num_solve_propagations = 349540
avg_solve_conflicts = 1
avg_solve_decisions = 24
avg_solve_propagations = 164
avg_solve_unsat_decisions = 0.317
stddev_solve_unsat_decisions = 0.635
num_added_cubes = 167
num_subsumed_cubes = 80
num_gc_frame = 14
num_reset = 0
num_try_blocking = 835
get_bad_cube_time = 0.029
rec_block_cube_time = 0.028
propagate_forward_time = 0.006
generalize_model_time = 0.015
generalize_and_push_time = 0.025
try_blocking_time = 0.034
reset_time = 0.000
clausify_time = 0.031
preprocess_time = 0.002
solve_time = 0.055
solve_sat_time = 0.042
solve_unsat_time = 0.013
prove_time = 0.100
memory_used_mb = 9
total_time = 0.230
Safe
