initialized model with 10602 latches, 208 inputs and 1 properties
tsim: performed 32 steps
tsim: found cycle from 23
tsim: found 0 constants and 1 latch equivalences
seqsimpl: (10602, 208) -> (10461, 208)
checking bound 0
checking bound 1
checking bound 2
tdecomp: unrolling 2 cycles
tsim: performed 30 steps
tsim: found cycle from 21
tdecomp: no improvement found, reverting original model
   2 : 0 0
completing final invariant with sub-IC3 call...
num_solve_calls = 6
num_solve_sat_calls = 0
num_solve_unsat_calls = 0
num_solve_approx_calls = 0
num_solve_approx_unsat_calls = 0
num_solve_conflicts = 73
num_solve_decisions = 1030
num_solve_propagations = 42551
avg_solve_conflicts = 13
avg_solve_decisions = 172
avg_solve_propagations = 7092
avg_solve_unsat_decisions = 0.000
stddev_solve_unsat_decisions = 0.000
num_added_cubes = 0
num_subsumed_cubes = 0
num_gc_frame = 0
num_reset = 0
num_try_blocking = 0
get_bad_cube_time = 0.011
rec_block_cube_time = 0.000
propagate_forward_time = 0.000
generalize_model_time = 0.000
generalize_and_push_time = 0.000
try_blocking_time = 0.000
reset_time = 0.000
clausify_time = 1.058
preprocess_time = 0.977
solve_time = 0.012
solve_sat_time = 0.000
solve_unsat_time = 0.012
prove_time = 2.165
memory_used_mb = 102
total_time = 8.133
Safe
