initialized model with 3201 latches, 843 inputs and 1 properties
tsim: performed 11 steps
tsim: found cycle from 8
tsim: found 12 constants and 265 latch equivalences
seqsimpl: found 7 latch equivalences
seqsimpl: (3201, 843) -> (75, 30)
checking bound 0
checking bound 1
checking bound 2
tdecomp: unrolling 2 cycles
tsim: performed 8 steps
tsim: found cycle from 5
tsim: found 2 constants and 0 latch equivalences
seqsimpl: found 1 latch equivalences
tdecomp: (75, 120) -> (72, 70)
   2 : 2 1
   3 : 2 1 4
   4 : 2 2 2 4
   5 : 2 2 2 18 29
   6 : 2 2 2 3 16 30
   7 : 2 2 2 3 2 0 66
completing final invariant with sub-IC3 call...
num_solve_calls = 1749
num_solve_sat_calls = 565
num_solve_unsat_calls = 114
num_solve_approx_calls = 810
num_solve_approx_unsat_calls = 486
num_solve_conflicts = 350
num_solve_decisions = 51683
num_solve_propagations = 329615
avg_solve_conflicts = 1
avg_solve_decisions = 30
avg_solve_propagations = 189
avg_solve_unsat_decisions = 0.193
stddev_solve_unsat_decisions = 0.563
num_added_cubes = 248
num_subsumed_cubes = 171
num_gc_frame = 28
num_reset = 0
num_try_blocking = 623
get_bad_cube_time = 0.023
rec_block_cube_time = 0.028
propagate_forward_time = 0.008
generalize_model_time = 0.010
generalize_and_push_time = 0.018
try_blocking_time = 0.031
reset_time = 0.000
clausify_time = 0.023
preprocess_time = 0.002
solve_time = 0.052
solve_sat_time = 0.036
solve_unsat_time = 0.016
prove_time = 0.087
memory_used_mb = 9
total_time = 0.206
Safe
