initialized model with 2461 latches, 12124 inputs and 1 properties
tsim: performed 26 steps
tsim: found cycle from 21
tsim: found 195 constants and 1 latch equivalences
seqsimpl: (2461, 12124) -> (2260, 11870)
checking bound 0
checking bound 1
checking bound 2
tdecomp: unrolling 2 cycles
tsim: performed 24 steps
tsim: found cycle from 19
tsim: found 1 constants and 1 latch equivalences
seqsimpl: found 1 latch equivalences
tdecomp: (2260, 47480) -> (2257, 11971)
   2 : 1 0
   3 : 1 1 1
   4 : 1 1 1 0
 ... : 14 10 14 33
   5 : 27 14 14 35 48
 ... : 29 14 17 59 78
 ... : 29 14 17 88 88
   6 : 20 12 12 75 27 101
   7 : 20 12 12 75 27 8 93
   8 : 20 12 12 75 27 8 8 85
   9 : 20 12 12 75 27 8 8 9 76
  10 : 20 12 12 75 27 8 8 9 9 67
  11 : 20 12 12 75 27 8 8 9 9 8 61
 ... : 20 12 12 75 29 13 12 20 13 13 99
 ... : 20 12 12 75 29 13 28 48 42 25 100
 ... : 20 12 12 74 27 16 35 47 32 26 131
 ... : 20 12 14 76 37 19 46 50 41 30 142
 ... : 20 14 18 79 38 24 50 58 50 37 167
 ... : 20 14 18 79 40 25 52 56 48 51 195
 ... : 20 16 23 85 48 30 54 57 55 56 230
 ... : 20 16 24 87 53 37 56 55 58 61 262
  12 : 20 16 24 80 54 35 28 21 38 39 41 276
  13 : 20 16 24 80 54 35 28 21 38 39 41 17 259
 ... : 20 16 27 81 58 42 32 23 40 45 45 18 279
 ... : 20 17 27 84 65 44 35 23 36 51 46 18 313
  14 : 21 18 30 48 58 36 30 61 21 12 7 3 0 381
completing final invariant with sub-IC3 call...
num_solve_calls = 57143
num_solve_sat_calls = 12942
num_solve_unsat_calls = 1241
num_solve_approx_calls = 43368
num_solve_approx_unsat_calls = 31822
num_solve_conflicts = 6335
num_solve_decisions = 18719685
num_solve_propagations = 176318004
avg_solve_conflicts = 1
avg_solve_decisions = 328
avg_solve_propagations = 3086
avg_solve_unsat_decisions = 0.480
stddev_solve_unsat_decisions = 11.369
num_added_cubes = 3030
num_subsumed_cubes = 2304
num_gc_frame = 73
num_reset = 3
num_try_blocking = 15071
get_bad_cube_time = 11.360
rec_block_cube_time = 31.086
propagate_forward_time = 1.560
generalize_model_time = 16.899
generalize_and_push_time = 4.277
try_blocking_time = 28.659
reset_time = 3.663
clausify_time = 8.292
preprocess_time = 3.923
solve_time = 36.754
solve_sat_time = 19.584
solve_unsat_time = 17.170
prove_time = 53.945
memory_used_mb = 161
total_time = 57.157
Safe
