initialized model with 2352 latches, 192 inputs and 1 properties
tsim: performed 98 steps
tsim: found cycle from 35
checking bound 0
checking bound 1
checking bound 2
tdecomp: unrolling 2 cycles
tsim: performed 96 steps
tsim: found cycle from 33
tsim: found 1 constants and 0 latch equivalences
tdecomp: (2352, 768) -> (2351, 444)
   2 : 1 1
   3 : 1 3 1
   4 : 1 4 9 2
   5 : 1 5 15 17 10
 ... : 1 7 25 27 75
   6 : 1 7 27 32 32 81
 ... : 1 8 31 42 47 128
 ... : 1 8 35 49 59 177
 ... : 1 8 37 51 62 239
 ... : 1 9 41 55 64 300
 ... : 1 9 43 59 70 362
 ... : 1 10 44 61 71 424
 ... : 1 10 44 62 77 484
 ... : 1 10 44 64 80 548
   7 : 1 10 44 64 72 73 541
 ... : 1 10 44 67 84 94 604
   8 : 1 10 44 68 88 108 154 506
 ... : 1 10 44 69 91 112 159 564
 ... : 1 10 44 69 96 124 174 611
 ... : 1 10 44 69 96 125 187 665
 ... : 1 10 44 69 98 126 194 727
 ... : 1 10 44 69 98 127 198 790
 ... : 1 10 44 69 98 127 200 852
 ... : 1 10 44 69 98 132 214 913
 ... : 1 10 44 69 100 135 223 967
 ... : 1 10 44 69 100 136 223 1034
 ... : 1 10 44 69 101 139 223 1099
 ... : 1 10 44 69 101 145 243 1146
 ... : 1 10 44 69 101 145 247 1209
 ... : 1 10 44 70 102 146 257 1266
 ... : 1 10 44 70 102 146 257 1333
 ... : 1 10 44 72 103 150 262 1391
 ... : 1 10 44 72 106 155 276 1445
 ... : 1 10 44 72 112 167 284 1495
 ... : 1 10 44 72 112 170 292 1551
 ... : 1 10 44 73 113 173 295 1610
 ... : 1 10 44 74 117 182 300 1663
 ... : 1 10 44 74 117 185 311 1715
 ... : 1 10 44 74 117 185 320 1778
 ... : 1 10 44 74 117 189 326 1837
 ... : 1 10 44 75 118 189 332 1900
 ... : 1 10 44 76 119 192 338 1958
 ... : 1 10 44 76 119 192 342 2022
 ... : 1 10 44 76 120 195 346 2079
 ... : 1 10 44 76 121 197 352 2136
 ... : 1 10 44 77 123 199 353 2189
 ... : 1 10 44 78 125 200 360 2240
 ... : 1 10 44 78 126 203 367 2296
 ... : 1 10 45 80 129 209 380 2347
 ... : 1 10 45 80 129 209 380 2415
 ... : 1 10 45 80 129 209 380 2482
 ... : 1 10 45 80 129 209 380 2549
 ... : 1 10 45 80 129 209 381 2615
 ... : 1 10 45 80 129 210 394 2669
 ... : 1 10 45 80 129 210 438 2692
 ... : 1 10 45 80 129 210 447 2744
 ... : 1 10 45 80 129 210 470 2784
 ... : 1 10 45 80 129 210 470 2849
 ... : 1 10 45 80 130 217 473 2906
 ... : 1 10 45 80 130 225 479 2959
 ... : 1 10 45 80 130 227 393 2737
 ... : 1 10 46 81 132 229 401 2794
 ... : 1 10 46 82 133 231 414 2845
 ... : 1 10 46 82 133 229 420 2894
 ... : 1 10 46 82 133 229 428 2950
 ... : 1 10 46 82 133 229 433 3012
 ... : 1 10 46 82 133 230 444 3070
 ... : 1 10 46 82 133 230 451 3132
 ... : 1 10 46 82 133 230 451 3199
 ... : 1 10 46 82 133 250 451 3266
 ... : 1 10 46 82 133 254 452 3325
 ... : 1 10 46 82 133 254 458 3386
 ... : 1 10 46 82 133 254 463 3448
 ... : 1 10 46 82 133 254 475 3508
 ... : 1 10 46 82 133 255 482 3565
 ... : 1 10 46 82 135 258 483 3608
 ... : 1 10 46 82 136 257 484 3667
 ... : 1 10 46 82 136 259 488 3728
 ... : 1 10 46 83 137 263 490 3783
 ... : 1 10 46 83 137 267 490 3846
 ... : 1 10 46 83 137 268 501 3901
 ... : 1 10 46 83 138 270 507 3959
 ... : 1 10 46 83 142 273 523 4006
 ... : 1 10 46 83 143 275 561 4032
 ... : 1 10 46 83 142 277 542 4076
 ... : 1 10 46 83 142 278 549 4133
 ... : 1 10 46 83 142 280 557 4192
 ... : 1 10 46 83 142 288 577 4239
 ... : 1 10 46 83 142 288 578 4305
 ... : 1 10 46 83 143 288 586 4363
 ... : 1 10 46 83 143 292 600 4416
 ... : 1 10 46 83 143 292 600 4483
 ... : 1 10 46 83 143 299 611 4538
 ... : 1 10 46 83 143 299 611 4605
 ... : 1 10 46 83 143 302 615 4668
 ... : 1 10 46 83 143 303 624 4726
 ... : 1 10 46 83 143 307 641 4776
 ... : 1 10 46 83 143 307 652 4832
 ... : 1 10 46 83 143 310 663 4888
 ... : 1 10 46 83 143 315 675 4943
 ... : 1 10 46 83 143 318 682 5003
 ... : 1 10 46 83 143 318 682 5070
 ... : 1 10 46 83 143 325 688 5131
 ... : 1 10 46 83 143 324 691 5209
 ... : 1 10 46 83 143 331 691 5269
 ... : 1 10 46 83 143 334 693 5330
 ... : 1 10 46 83 143 341 693 5385
 ... : 1 10 47 86 148 345 561 5323
 ... : 1 10 47 87 154 354 593 5354
 ... : 1 10 47 87 155 360 617 5388
 ... : 1 10 47 87 159 361 629 5447
 ... : 1 10 47 87 159 362 637 5503
 ... : 1 10 47 87 161 364 639 5561
 ... : 1 10 47 87 161 370 657 5619
 ... : 1 10 47 87 161 370 659 5686
 ... : 1 10 47 87 161 370 660 5753
 ... : 1 10 47 87 161 370 666 5818
 ... : 1 10 47 87 161 370 667 5885
 ... : 1 10 47 87 161 370 668 5952
 ... : 1 10 47 87 161 370 672 6019
 ... : 1 10 47 87 161 370 679 6086
 ... : 1 10 47 87 161 370 683 6153
 ... : 1 10 47 87 161 369 691 6220
 ... : 1 10 47 87 161 369 695 6287
 ... : 1 10 47 87 161 369 700 6354
 ... : 1 10 47 87 161 369 709 6421
 ... : 1 10 47 87 161 369 714 6488
 ... : 1 10 47 87 161 369 722 6539
 ... : 1 10 48 90 164 372 738 6585
 ... : 1 10 48 91 166 382 748 6637
 ... : 1 10 48 91 167 382 756 6697
 ... : 1 10 48 91 168 382 767 6752
 ... : 1 10 49 92 169 383 777 6807
 ... : 1 10 49 92 169 383 778 6872
 ... : 1 10 49 92 169 383 778 6939
 ... : 1 10 49 92 169 383 778 7006
 ... : 1 10 49 92 170 382 778 7073
 ... : 1 10 49 92 170 382 778 7106
 ... : 1 10 49 93 171 385 778 7169
 ... : 1 10 49 93 171 385 778 7236
 ... : 1 10 49 93 171 385 778 7303
 ... : 1 10 49 93 171 385 778 7366
 ... : 1 10 49 93 171 385 778 7415
 ... : 1 10 49 93 185 387 778 7466
 ... : 1 10 49 93 190 395 778 7517
 ... : 1 10 49 95 182 396 779 7572
 ... : 1 10 49 95 184 396 781 7638
 ... : 1 10 49 95 189 397 781 7703
 ... : 1 10 49 95 190 398 782 7769
 ... : 1 10 49 95 191 400 783 7833
 ... : 1 10 49 95 194 401 784 7890
 ... : 1 10 49 95 197 401 784 7923
 ... : 1 10 49 95 201 402 786 7983
 ... : 1 10 49 95 202 402 786 8049
 ... : 1 10 49 95 202 402 786 8116
 ... : 1 10 49 95 202 405 788 8181
 ... : 1 10 49 95 202 406 788 8247
 ... : 1 10 49 95 203 406 788 8314
 ... : 1 10 49 95 203 407 789 8380
 ... : 1 10 49 95 206 408 789 8446
 ... : 1 10 49 95 206 410 789 8511
 ... : 1 10 49 95 207 417 789 8571
 ... : 1 10 49 95 207 421 790 8636
 ... : 1 10 49 95 207 426 793 8700
 ... : 1 10 49 95 207 426 794 8765
 ... : 1 10 49 95 210 426 794 8824
 ... : 1 10 49 95 215 428 794 8890
 ... : 1 10 49 95 223 428 794 8957
 ... : 1 10 49 95 225 428 794 9024
 ... : 1 10 49 95 226 429 794 9091
 ... : 1 10 49 95 226 429 794 9154
 ... : 1 10 49 95 232 428 794 9214
 ... : 1 10 49 95 237 437 794 9275
 ... : 1 10 49 95 236 434 792 9324
 ... : 1 10 49 95 241 434 791 9391
 ... : 1 10 49 95 243 434 791 9458
 ... : 1 10 49 95 243 434 791 9525
 ... : 1 10 49 95 245 434 791 9592
 ... : 1 10 49 95 246 434 791 9659
 ... : 1 10 49 95 246 435 791 9726
 ... : 1 10 49 95 246 435 791 9791
 ... : 1 10 49 95 253 439 791 9852
 ... : 1 10 49 95 254 445 793 9913
 ... : 1 10 49 95 254 447 793 9962
 ... : 1 10 49 95 258 448 794 10027
 ... : 1 10 49 95 261 453 794 10092
 ... : 1 10 49 95 264 460 794 10150
 ... : 1 10 49 95 265 463 795 10204
 ... : 1 10 49 95 265 463 795 10270
 ... : 1 10 49 95 268 466 795 10334
 ... : 1 10 49 95 267 469 795 10400
 ... : 1 10 49 95 268 473 796 10455
 ... : 1 10 49 97 272 474 798 10511
 ... : 1 10 49 97 272 474 798 10568
 ... : 1 10 49 98 273 475 800 10632
 ... : 1 10 49 98 275 475 807 10692
 ... : 1 10 49 98 275 475 812 10751
 ... : 1 10 49 99 275 475 815 10814
 ... : 1 10 49 100 275 475 815 10880
 ... : 1 10 49 101 276 475 815 10946
 ... : 1 10 49 101 276 479 823 10999
 ... : 1 10 49 101 276 480 828 11066
 ... : 1 10 50 102 277 482 840 11125
 ... : 1 10 50 102 277 483 840 11191
 ... : 1 10 50 103 278 483 840 11257
 ... : 1 10 50 103 287 483 840 11324
 ... : 1 10 50 103 302 483 840 11388
 ... : 1 10 50 103 300 484 840 11421
 ... : 1 10 50 103 310 487 841 11480
 ... : 1 10 50 103 313 487 841 11539
 ... : 1 10 50 103 315 488 841 11605
 ... : 1 10 50 103 317 489 841 11665
 ... : 1 10 50 103 323 490 841 11731
 ... : 1 10 50 103 325 492 841 11783
 ... : 1 10 50 103 325 492 841 11830
 ... : 1 10 50 103 326 493 841 11896
 ... : 1 10 50 103 327 493 841 11961
 ... : 1 10 50 103 325 494 842 12011
 ... : 1 10 50 103 325 495 841 12070
 ... : 1 10 50 103 325 495 843 12128
 ... : 1 10 50 103 326 496 844 12193
 ... : 1 10 50 103 328 496 844 12244
 ... : 1 10 50 103 328 503 845 12310
 ... : 1 10 50 103 328 503 845 12364
 ... : 1 10 50 103 328 503 845 12430
 ... : 1 10 50 103 328 503 845 12497
 ... : 1 10 50 103 328 506 845 12564
 ... : 1 10 50 103 328 506 845 12631
 ... : 1 10 50 103 328 506 845 12698
 ... : 1 10 50 103 328 506 845 12765
 ... : 1 10 50 103 328 508 847 12829
 ... : 1 10 50 103 329 508 847 12897
 ... : 1 10 50 103 330 508 847 12963
 ... : 1 10 50 103 330 508 847 13031
 ... : 1 10 50 103 331 508 847 13097
 ... : 1 10 50 103 333 511 848 13159
 ... : 1 10 50 103 332 512 849 13224
 ... : 1 10 50 103 331 511 850 13277
 ... : 1 10 50 103 331 512 850 13344
 ... : 1 10 50 103 331 512 850 13410
 ... : 1 10 50 103 331 514 851 13476
 ... : 1 10 50 103 331 515 852 13542
 ... : 1 10 50 103 331 520 854 13607
 ... : 1 10 50 103 331 520 854 13674
 ... : 1 10 50 103 331 520 854 13741
 ... : 1 10 50 107 350 527 854 13785
 ... : 1 10 50 108 357 536 861 13839
 ... : 1 10 50 108 358 538 871 13895
 ... : 1 10 50 108 358 538 872 13956
 ... : 1 10 50 108 358 539 874 14021
 ... : 1 10 50 108 358 540 876 14083
 ... : 1 10 50 108 358 538 879 14142
 ... : 1 10 50 108 358 538 879 14209
 ... : 1 10 50 108 358 538 879 14279
 ... : 1 10 50 108 358 539 879 14340
 ... : 1 10 50 108 361 542 879 14404
 ... : 1 10 50 108 361 544 879 14470
 ... : 1 10 50 108 361 544 879 14535
 ... : 1 10 50 108 361 544 879 14602
 ... : 1 10 50 108 361 545 879 14668
 ... : 1 10 50 108 361 545 879 14735
 ... : 1 10 50 108 361 545 879 14802
 ... : 1 10 50 108 361 545 879 14869
 ... : 1 10 50 108 361 545 879 14936
 ... : 1 10 50 108 362 548 879 15002
 ... : 1 10 50 108 362 552 880 15068
 ... : 1 10 50 108 363 553 880 15134
 ... : 1 10 50 108 366 556 880 15197
 ... : 1 10 50 108 367 557 881 15262
 ... : 1 10 50 108 374 559 883 15323
 ... : 1 10 50 108 381 568 883 15382
 ... : 1 10 50 108 383 570 883 15448
 ... : 1 10 50 108 383 578 891 15495
 ... : 1 10 50 108 383 578 891 15562
 ... : 1 10 50 108 388 580 891 15626
 ... : 1 10 50 108 389 580 891 15693
 ... : 1 10 50 108 393 586 891 15755
 ... : 1 10 50 108 393 586 891 15822
 ... : 1 10 50 108 393 587 891 15889
 ... : 1 10 50 108 393 587 893 15952
 ... : 1 10 50 108 393 587 893 16019
 ... : 1 10 50 109 397 593 899 16059
 ... : 1 10 50 109 400 597 899 16122
 ... : 1 10 50 109 400 597 900 16188
 ... : 1 10 50 109 400 597 900 16255
 ... : 1 10 50 109 400 598 900 16322
 ... : 1 10 50 109 400 599 904 16383
 ... : 1 10 50 109 400 599 904 16450
 ... : 1 10 50 109 400 599 904 16517
 ... : 1 10 50 109 400 600 904 16583
 ... : 1 10 50 109 400 600 904 16650
 ... : 1 10 50 109 400 600 904 16717
 ... : 1 10 50 109 400 600 904 16784
 ... : 1 10 50 109 400 603 906 16849
 ... : 1 10 50 109 400 603 907 16914
 ... : 1 10 50 109 400 604 908 16977
 ... : 1 10 50 109 400 605 910 17043
 ... : 1 10 50 109 400 605 910 17110
 ... : 1 10 50 109 400 607 911 17174
 ... : 1 10 50 109 400 611 916 17233
 ... : 1 10 50 109 400 611 916 17300
 ... : 1 10 50 109 400 611 916 17366
 ... : 1 10 50 109 400 612 918 17430
 ... : 1 10 50 109 400 612 919 17497
 ... : 1 10 50 109 400 612 919 17564
 ... : 1 10 50 109 400 612 918 17632
 ... : 1 10 50 109 400 612 918 17702
 ... : 1 10 50 109 400 612 918 17763
 ... : 1 10 50 109 400 616 928 17814
 ... : 1 10 50 109 400 619 943 17864
 ... : 1 10 50 109 400 627 956 17914
 ... : 1 10 50 109 400 635 969 17958
 ... : 1 10 50 109 400 635 971 18014
 ... : 1 10 50 109 400 635 974 18081
 ... : 1 10 50 109 400 635 975 18148
 ... : 1 10 50 109 400 635 974 18221
 ... : 1 10 50 109 400 637 976 18283
 ... : 1 10 50 109 402 640 976 18346
 ... : 1 10 50 109 402 640 979 18408
 ... : 1 10 50 109 402 646 987 18466
 ... : 1 10 50 109 402 648 999 18514
 ... : 1 10 50 109 402 657 1007 18572
 ... : 1 10 50 109 402 661 1020 18625
 ... : 1 10 50 109 402 668 1040 18669
 ... : 1 10 50 109 402 668 1040 18736
 ... : 1 10 50 109 402 668 1041 18806
 ... : 1 10 50 109 402 668 1041 18871
 ... : 1 10 50 109 402 670 1043 18932
 ... : 1 10 50 109 402 672 1053 18985
 ... : 1 10 50 109 402 684 1072 19026
 ... : 1 10 50 109 402 684 1072 19097
 ... : 1 10 50 109 402 684 1079 19149
 ... : 1 10 50 109 402 688 1085 19207
 ... : 1 10 50 109 402 694 1102 19256
 ... : 1 10 50 109 402 697 1110 19314
 ... : 1 10 50 109 402 701 1115 19376
 ... : 1 10 50 109 402 701 1116 19441
 ... : 1 10 50 109 402 704 1121 19505
 ... : 1 10 50 109 402 704 1122 19571
 ... : 1 10 50 109 402 704 1127 19638
 ... : 1 10 50 109 402 704 1131 19702
 ... : 1 10 50 109 402 706 1132 19756
 ... : 1 10 50 109 402 706 1131 19825
 ... : 1 10 50 109 402 711 1142 19884
 ... : 1 10 50 109 402 717 1178 19920
 ... : 1 10 50 109 402 723 1189 19974
 ... : 1 10 50 109 402 723 1189 20042
 ... : 1 10 50 109 402 723 1189 20109
 ... : 1 10 50 109 403 724 1193 20172
 ... : 1 10 50 109 403 726 1204 20227
 ... : 1 10 50 109 403 727 1206 20292
 ... : 1 10 50 109 403 728 1215 20349
 ... : 1 10 50 109 403 730 1225 20393
 ... : 1 10 50 109 403 732 1247 20434
 ... : 1 10 50 109 403 734 1256 20492
 ... : 1 10 50 109 403 734 1270 20545
 ... : 1 10 50 109 403 734 1270 20613
 ... : 1 10 50 109 403 734 1270 20681
 ... : 1 10 50 109 403 736 1272 20741
 ... : 1 10 50 109 403 736 1279 20797
 ... : 1 10 50 109 403 750 1293 20839
 ... : 1 10 50 109 403 750 1293 20899
 ... : 1 10 50 109 403 750 1292 20967
 ... : 1 10 50 109 403 751 1293 21035
 ... : 1 10 50 109 403 751 1293 21102
 ... : 1 10 50 109 403 762 1310 21159
 ... : 1 10 50 109 403 766 1310 21222
 ... : 1 10 50 109 403 766 1317 21287
 ... : 1 10 50 109 403 782 1339 21338
 ... : 1 10 50 109 403 783 1344 21396
 ... : 1 10 50 109 403 784 1358 21443
 ... : 1 10 50 109 403 790 1366 21498
 ... : 1 10 50 109 403 791 1373 21556
 ... : 1 10 50 109 403 793 1380 21616
 ... : 1 10 50 109 403 793 1383 21683
 ... : 1 10 50 109 403 793 1386 21750
 ... : 1 10 50 109 403 793 1387 21815
 ... : 1 10 50 109 403 792 1384 21881
 ... : 1 10 50 109 403 791 1380 21934
 ... : 1 10 50 109 403 791 1380 22001
 ... : 1 10 50 109 403 814 1380 22047
 ... : 1 10 50 109 403 839 1421 22077
 ... : 1 10 50 109 403 842 1416 22152
 ... : 1 10 50 109 403 853 1442 22202
 ... : 1 10 50 109 403 865 1464 22226
 ... : 1 10 50 109 403 868 1476 22282
 ... : 1 10 50 109 403 868 1477 22348
 ... : 1 10 50 109 403 868 1479 22415
 ... : 1 10 50 109 403 868 1481 22491
 ... : 1 10 50 109 403 871 1481 22549
 ... : 1 10 50 109 403 867 1476 22593
 ... : 1 10 50 109 403 868 1477 22658
 ... : 1 10 50 109 403 870 1476 22723
 ... : 1 10 50 109 403 879 1484 22780
 ... : 1 10 50 109 403 885 1509 22824
 ... : 1 10 50 109 403 889 1532 22885
 ... : 1 10 50 109 403 894 1560 22934
 ... : 1 10 50 109 403 896 1576 22998
 ... : 1 10 50 109 403 896 1606 23050
 ... : 1 10 50 109 403 898 1615 23113
 ... : 1 10 50 109 403 898 1639 23175
