initialized model with 9629 latches, 352 inputs and 1 properties
tsim: performed 70 steps
tsim: found cycle from 49
tsim: found 0 constants and 12 latch equivalences
seqsimpl: (9629, 352) -> (9248, 352)
checking bound 0
checking bound 1
checking bound 2
tdecomp: unrolling 2 cycles
tsim: performed 68 steps
tsim: found cycle from 47
tsim: found 1 constants and 0 latch equivalences
tdecomp: (9248, 1408) -> (9247, 352)
   2 : 6 4
   3 : 6 1 5
   4 : 6 2 31 9
 ... : 6 1 72 62
   5 : 3 1 49 109 7
 ... : 4 2 55 137 90
   6 : 4 2 60 139 55 48
   7 : 4 2 60 145 64 52 51
 ... : 4 2 60 146 74 72 121
 ... : 4 2 60 146 83 110 175
 ... : 4 2 60 146 115 136 223
 ... : 4 2 60 149 129 159 262
 ... : 4 2 60 158 158 191 299
 ... : 4 2 60 166 169 210 350
 ... : 4 2 60 167 177 232 400
 ... : 4 2 60 171 189 262 443
 ... : 4 2 60 171 197 296 500
 ... : 4 2 60 174 205 318 551
 ... : 4 2 60 176 210 324 596
 ... : 5 2 61 178 225 347 641
 ... : 5 2 60 177 228 351 705
   8 : 5 2 60 122 177 331 471 334
 ... : 5 2 60 122 177 331 519 417
 ... : 5 2 60 122 177 333 567 475
 ... : 5 2 60 122 177 346 603 528
 ... : 5 2 60 122 177 347 648 600
 ... : 5 2 60 122 177 349 701 663
 ... : 5 2 60 122 177 355 761 715
 ... : 5 2 60 122 180 375 803 766
 ... : 5 2 60 122 182 381 843 822
 ... : 5 2 60 122 182 383 903 886
 ... : 5 2 60 122 182 388 962 943
 ... : 5 2 60 122 188 401 1004 979
 ... : 5 2 60 122 189 409 1054 1025
 ... : 5 2 60 122 189 409 1113 1088
 ... : 5 2 60 122 189 409 1172 1146
 ... : 5 2 60 122 194 436 1222 1162
 ... : 5 2 60 122 196 436 1276 1204
 ... : 5 2 60 122 196 436 1334 1269
 ... : 5 2 60 122 196 437 1376 1282
 ... : 5 2 60 122 196 437 1439 1310
 ... : 5 2 60 122 196 437 1493 1370
 ... : 5 2 60 122 196 437 1527 1436
 ... : 5 2 60 122 196 437 1564 1503
 ... : 5 2 60 122 196 437 1596 1570
 ... : 5 2 60 122 196 437 1633 1637
 ... : 5 2 60 122 196 437 1664 1704
 ... : 5 2 60 122 196 437 1716 1769
 ... : 5 2 60 122 200 450 1748 1814
 ... : 5 2 60 122 202 466 1788 1847
 ... : 5 2 60 120 205 457 1817 1630
 ... : 5 2 60 120 205 458 1834 1695
 ... : 5 2 60 120 205 458 1837 1762
 ... : 5 2 60 120 205 458 1839 1828
 ... : 5 2 60 120 204 457 1834 1860
 ... : 5 2 60 120 205 471 1878 1893
 ... : 5 2 60 120 209 484 1932 1928
 ... : 5 2 60 120 214 492 1979 1981
 ... : 5 2 60 120 214 492 2041 2048
 ... : 5 2 60 120 214 492 2103 2115
 ... : 5 2 60 121 217 494 2151 2177
 ... : 5 2 61 124 223 516 2179 2208
 ... : 5 2 61 124 229 520 2206 2265
 ... : 5 2 61 124 233 528 2244 2316
 ... : 5 2 61 123 220 504 2296 2364
 ... : 5 2 61 123 222 511 2324 2422
 ... : 5 2 61 123 223 513 2385 2481
 ... : 5 2 61 123 230 516 2420 2530
 ... : 5 2 61 123 231 518 2462 2593
 ... : 5 2 61 123 236 519 2491 2628
 ... : 5 4 67 132 246 522 2515 2663
 ... : 5 4 70 140 263 536 2540 2679
 ... : 5 8 80 158 287 549 2549 2682
 ... : 5 7 85 166 303 574 2563 2686
 ... : 5 8 90 177 317 597 2591 2690
 ... : 5 9 91 180 328 622 2626 2696
 ... : 5 9 100 192 332 628 2647 2698
 ... : 5 9 107 205 352 647 2676 2702
 ... : 5 10 111 217 373 670 2707 2714
 ... : 5 10 118 228 388 661 2690 2717
 ... : 5 10 118 229 388 665 2693 2745
 ... : 5 10 118 228 382 674 2698 2779
   9 : 5 9 111 225 322 577 1871 2007 1210
 ... : 5 9 111 225 322 577 1872 2060 1274
 ... : 5 9 111 225 322 577 1872 2116 1347
 ... : 5 9 111 225 325 580 1882 2157 1386
 ... : 5 9 111 225 325 580 1894 2210 1447
 ... : 5 9 111 225 325 580 1898 2261 1534
 ... : 5 9 111 225 325 580 1900 2302 1618
 ... : 5 9 111 225 325 583 1906 2357 1649
 ... : 5 9 111 225 327 593 1916 2385 1679
 ... : 5 9 111 225 327 587 1874 2266 1548
  10 : 5 7 109 218 324 532 1459 1277 938 923
 ... : 5 7 109 217 313 485 1444 1269 880 996
 ... : 5 7 109 217 313 485 1444 1272 917 1055
 ... : 5 7 109 217 313 485 1444 1273 949 1121
 ... : 5 7 109 217 313 485 1444 1273 980 1190
 ... : 5 7 109 217 313 485 1444 1273 1004 1260
 ... : 5 7 109 217 313 485 1444 1273 1017 1328
 ... : 5 7 109 217 313 485 1444 1273 1018 1397
 ... : 5 7 109 217 313 485 1444 1273 1018 1464
 ... : 5 7 109 217 313 485 1444 1276 1038 1539
  11 : 5 7 109 217 311 470 1380 1145 1043 300 1360
 ... : 5 7 109 217 311 470 1380 1150 1053 316 1397
 ... : 5 7 109 217 311 475 1382 1154 1062 333 1428
 ... : 5 7 109 217 311 477 1382 1157 1066 356 1482
 ... : 5 7 109 217 311 477 1382 1157 1090 364 1548
 ... : 5 7 109 217 311 477 1382 1157 1096 384 1611
 ... : 5 7 109 217 311 477 1382 1159 1122 375 1658
 ... : 5 7 109 217 311 477 1382 1159 1126 378 1711
 ... : 5 7 109 217 311 477 1385 1160 1127 383 1771
 ... : 5 7 109 217 311 477 1385 1160 1133 408 1831
 ... : 5 7 109 217 311 477 1385 1160 1141 420 1886
 ... : 5 7 109 217 311 477 1385 1160 1161 448 1927
 ... : 5 7 109 217 311 477 1385 1160 1165 459 1995
 ... : 5 7 109 217 311 477 1385 1160 1166 470 2052
 ... : 5 7 109 217 311 477 1385 1160 1165 508 2119
 ... : 5 7 109 217 311 477 1385 1160 1165 522 2249
 ... : 5 7 109 217 311 477 1385 1160 1163 543 2313
 ... : 5 7 109 217 311 477 1385 1160 1164 545 2380
 ... : 5 7 109 217 311 477 1385 1160 1164 552 2445
 ... : 5 7 109 217 311 477 1385 1160 1171 564 2501
 ... : 5 7 109 217 311 477 1385 1160 1173 569 2566
 ... : 5 7 109 217 311 477 1385 1160 1182 579 2623
 ... : 5 7 109 217 311 477 1385 1160 1183 581 2682
 ... : 5 7 109 217 311 477 1385 1160 1191 588 2747
 ... : 5 7 109 217 311 477 1385 1160 1206 593 2808
 ... : 5 7 109 217 311 477 1385 1160 1207 600 2873
 ... : 5 7 109 217 311 477 1385 1160 1208 607 2939
 ... : 5 7 109 217 311 477 1385 1160 1205 620 3003
 ... : 5 7 109 217 311 477 1385 1160 1214 625 3067
 ... : 5 7 109 217 311 477 1385 1160 1221 633 3130
 ... : 5 7 109 217 311 477 1385 1160 1224 655 3191
 ... : 5 7 109 217 310 476 1385 1159 1209 676 3252
 ... : 5 7 109 217 310 476 1385 1159 1212 702 3313
 ... : 5 7 109 217 310 476 1385 1159 1218 730 3371
 ... : 5 7 109 217 310 476 1385 1159 1222 760 3429
 ... : 5 7 109 217 310 476 1385 1159 1223 779 3490
 ... : 5 7 109 217 310 476 1385 1159 1227 801 3551
 ... : 5 7 109 217 310 476 1385 1159 1227 815 3616
 ... : 5 7 109 217 310 476 1385 1159 1231 834 3674
 ... : 5 7 109 217 310 476 1385 1159 1236 857 3734
 ... : 5 7 109 217 310 476 1385 1159 1235 874 3798
 ... : 5 7 109 217 313 479 1387 1162 1246 887 3829
 ... : 5 7 109 217 313 479 1390 1166 1245 909 3875
 ... : 5 7 109 217 313 479 1390 1166 1243 910 3943
  12 : 5 7 109 217 313 479 1379 1108 1042 817 529 3559
 ... : 5 7 109 217 313 479 1379 1108 1042 818 537 3629
 ... : 5 7 109 217 313 479 1379 1108 1042 821 546 3694
 ... : 5 7 109 217 313 479 1379 1108 1042 822 557 3766
 ... : 5 7 109 217 313 479 1379 1108 1042 822 557 3834
 ... : 5 7 109 217 313 479 1379 1108 1043 830 570 3886
 ... : 5 7 109 217 313 479 1379 1110 1045 838 592 3936
 ... : 5 7 109 217 313 482 1379 1110 1047 846 607 3981
 ... : 5 7 109 217 313 483 1377 1109 1047 848 610 4022
 ... : 5 7 109 217 313 483 1377 1115 1065 870 616 4061
 ... : 5 7 109 217 313 483 1377 1112 1069 887 652 4085
 ... : 5 7 109 217 313 483 1377 1118 1080 903 667 4128
 ... : 5 7 109 217 313 483 1377 1119 1096 937 683 4162
 ... : 5 7 109 217 313 483 1377 1119 1102 944 708 4196
 ... : 5 7 109 217 313 483 1377 1119 1106 964 732 4232
 ... : 5 7 109 217 313 483 1377 1119 1108 978 745 4270
 ... : 5 7 109 217 313 483 1377 1119 1110 994 783 4295
 ... : 5 7 109 217 313 483 1377 1119 1118 1025 803 4331
 ... : 5 7 109 217 313 483 1377 1119 1127 1039 840 4354
 ... : 5 7 109 217 313 483 1377 1119 1137 1061 866 4376
 ... : 5 7 109 217 313 483 1377 1118 1147 1086 880 4407
 ... : 5 7 109 217 313 483 1377 1118 1149 1084 887 4462
 ... : 5 7 109 217 313 483 1377 1118 1153 1089 896 4502
 ... : 5 7 109 217 313 483 1377 1118 1184 1108 923 4533
 ... : 5 7 109 217 313 483 1377 1118 1190 1143 962 4561
 ... : 5 7 109 217 313 483 1377 1118 1197 1166 989 4589
 ... : 5 7 109 217 313 483 1377 1120 1210 1196 1012 4620
 ... : 5 7 109 217 313 483 1377 1120 1220 1230 1031 4648
 ... : 5 7 109 217 313 483 1377 1122 1222 1257 1033 4681
 ... : 5 7 109 217 313 483 1377 1124 1238 1289 1054 4713
 ... : 5 7 109 217 313 483 1377 1124 1239 1253 1050 4776
 ... : 5 7 109 217 313 483 1377 1124 1239 1264 1065 4840
 ... : 5 7 109 217 313 483 1377 1124 1239 1271 1068 4895
 ... : 5 7 109 217 313 483 1377 1124 1240 1279 1087 4955
 ... : 5 7 109 217 313 483 1377 1124 1246 1286 1090 5000
 ... : 5 7 109 217 313 483 1377 1124 1246 1292 1091 5039
 ... : 5 7 109 217 313 483 1377 1128 1252 1289 1094 5076
 ... : 5 7 109 217 313 483 1377 1132 1294 1312 1108 5101
 ... : 5 7 109 217 313 483 1377 1141 1338 1334 1114 5126
 ... : 5 7 109 217 313 483 1377 1161 1382 1367 1120 5134
 ... : 5 7 109 217 313 483 1377 1167 1403 1389 1125 5163
 ... : 5 7 109 217 313 483 1377 1167 1415 1412 1151 5194
 ... : 5 7 109 217 313 483 1377 1167 1424 1434 1186 5223
 ... : 5 7 109 217 313 483 1377 1167 1427 1481 1230 5248
 ... : 5 7 109 217 313 483 1377 1167 1427 1485 1243 5267
 ... : 5 7 109 217 313 483 1377 1167 1428 1494 1271 5309
 ... : 5 7 109 217 313 483 1377 1167 1433 1507 1296 5354
 ... : 5 7 109 217 313 483 1377 1167 1433 1512 1325 5405
 ... : 5 7 109 217 313 483 1377 1167 1433 1518 1338 5471
 ... : 5 7 109 217 313 483 1377 1167 1433 1519 1362 5527
 ... : 5 7 109 217 313 483 1377 1167 1433 1528 1376 5586
 ... : 5 7 109 217 313 483 1377 1167 1433 1528 1396 5646
 ... : 5 7 109 217 313 483 1377 1167 1441 1543 1422 5688
 ... : 5 7 109 217 313 486 1381 1168 1446 1556 1439 5719
 ... : 5 7 109 217 313 486 1382 1170 1448 1556 1440 5776
 ... : 5 7 109 217 313 486 1382 1170 1448 1556 1440 5843
 ... : 5 7 109 217 313 486 1382 1174 1456 1559 1457 5875
 ... : 5 7 109 217 313 486 1382 1174 1478 1588 1483 5891
 ... : 5 7 109 217 313 486 1382 1175 1491 1597 1517 5912
 ... : 5 7 109 216 313 486 1383 1177 1495 1604 1518 5944
 ... : 5 7 109 216 313 488 1383 1177 1497 1607 1523 5986
 ... : 5 7 109 216 313 492 1385 1180 1500 1609 1527 6010
 ... : 5 7 109 216 313 492 1385 1180 1502 1612 1533 6050
 ... : 5 7 109 216 313 494 1385 1182 1505 1615 1539 6092
 ... : 5 7 109 216 313 494 1385 1182 1505 1615 1546 6163
 ... : 5 7 109 216 313 494 1385 1182 1505 1615 1550 6232
 ... : 5 7 109 216 313 494 1385 1182 1505 1614 1558 6298
 ... : 5 7 109 216 313 494 1386 1183 1504 1613 1562 6345
 ... : 5 7 109 216 313 494 1388 1186 1507 1609 1564 6363
 ... : 5 7 109 216 313 494 1388 1196 1517 1610 1579 6399
 ... : 5 7 109 216 313 494 1388 1199 1516 1618 1582 6442
 ... : 5 7 109 216 313 494 1388 1223 1556 1637 1595 6458
 ... : 5 7 109 216 313 494 1388 1228 1580 1662 1613 6475
 ... : 5 7 109 216 313 494 1388 1247 1627 1682 1622 6494
 ... : 5 7 109 216 313 494 1388 1271 1672 1693 1628 6510
 ... : 5 7 109 216 313 494 1384 1293 1709 1705 1639 6512
 ... : 5 7 109 216 313 494 1384 1286 1741 1732 1642 6534
 ... : 5 7 109 216 313 494 1384 1297 1767 1747 1628 6557
 ... : 5 7 109 216 313 494 1384 1296 1767 1774 1671 6582
 ... : 5 7 109 216 313 494 1383 1301 1772 1778 1698 6590
 ... : 5 7 109 216 313 494 1383 1317 1802 1800 1721 6601
 ... : 5 7 109 216 313 494 1383 1317 1803 1819 1777 6613
 ... : 5 7 109 216 313 494 1383 1317 1807 1845 1828 6621
 ... : 5 7 109 216 313 494 1383 1317 1807 1854 1864 6647
 ... : 5 7 109 216 313 494 1383 1317 1815 1872 1900 6671
 ... : 5 7 109 216 313 494 1383 1317 1826 1886 1949 6684
 ... : 5 7 109 216 313 494 1383 1317 1833 1900 1998 6695
 ... : 5 7 109 216 313 494 1383 1317 1845 1920 2024 6725
 ... : 5 7 109 216 313 494 1383 1318 1852 1946 2068 6737
 ... : 5 7 109 216 313 494 1383 1322 1856 1962 2108 6751
 ... : 5 7 109 216 313 494 1383 1324 1869 1970 2120 6790
 ... : 5 7 109 216 313 494 1383 1324 1869 1971 2141 6858
 ... : 5 7 109 216 313 494 1383 1324 1869 1975 2146 6905
 ... : 5 7 109 216 313 494 1383 1324 1870 1983 2167 6955
 ... : 5 7 109 216 313 494 1385 1325 1871 1986 2174 6989
 ... : 5 7 109 216 313 494 1385 1344 1896 1988 2176 7006
 ... : 5 7 109 216 313 494 1385 1350 1936 2010 2184 7028
 ... : 5 7 109 216 313 494 1385 1360 1987 2033 2191 7037
 ... : 5 7 109 216 313 494 1385 1363 2036 2069 2196 7053
 ... : 5 7 109 216 313 494 1385 1378 2082 2102 2213 7058
 ... : 5 7 109 216 313 494 1385 1391 2128 2136 2217 7065
 ... : 5 7 109 216 313 494 1385 1396 2183 2186 2223 7071
 ... : 5 7 109 216 313 494 1385 1396 2197 2207 2242 7086
 ... : 5 7 109 216 313 494 1385 1396 2200 2244 2281 7112
 ... : 5 7 109 216 313 494 1385 1395 2202 2273 2314 7140
 ... : 5 7 109 216 313 494 1385 1395 2209 2291 2349 7164
 ... : 5 7 109 216 313 494 1385 1395 2213 2325 2386 7179
 ... : 5 7 109 216 313 494 1385 1395 2221 2368 2419 7206
 ... : 5 7 109 216 313 494 1385 1395 2232 2403 2461 7218
 ... : 5 7 109 216 313 494 1385 1395 2233 2430 2490 7243
 ... : 5 7 109 216 313 494 1385 1395 2234 2455 2531 7262
 ... : 5 7 109 216 313 494 1385 1395 2240 2457 2541 7267
 ... : 5 7 109 216 313 494 1385 1435 2282 2466 2554 7272
 ... : 5 7 109 216 313 494 1385 1448 2322 2478 2566 7285
 ... : 5 7 109 216 313 494 1385 1461 2381 2505 2580 7297
 ... : 5 7 109 216 313 494 1385 1461 2405 2538 2602 7316
 ... : 5 7 109 216 313 494 1385 1461 2396 2551 2633 7341
 ... : 5 7 109 216 313 494 1385 1461 2394 2575 2671 7365
 ... : 5 7 109 216 313 494 1385 1461 2410 2606 2716 7381
 ... : 5 7 109 216 313 494 1385 1461 2413 2643 2760 7400
 ... : 5 7 109 216 313 494 1385 1461 2420 2678 2804 7414
 ... : 5 7 109 216 313 494 1385 1461 2446 2695 2796 7450
 ... : 5 7 109 216 313 494 1385 1461 2450 2712 2825 7476
 ... : 5 7 109 216 313 494 1375 1457 2457 2715 2835 7531
 ... : 5 7 109 216 313 494 1375 1457 2470 2744 2865 7562
 ... : 5 7 109 216 313 494 1375 1457 2478 2779 2898 7589
 ... : 5 7 109 216 313 494 1375 1457 2492 2822 2936 7600
 ... : 5 7 109 216 313 494 1375 1457 2504 2845 2985 7619
 ... : 5 7 109 216 313 494 1375 1457 2508 2883 3020 7641
 ... : 5 7 109 216 313 494 1375 1457 2515 2920 3061 7654
 ... : 5 7 109 216 313 494 1375 1457 2526 2948 3094 7678
 ... : 5 7 109 216 313 494 1375 1457 2532 2967 3113 7684
 ... : 5 7 109 216 313 494 1375 1468 2574 2989 3124 7695
 ... : 5 7 109 216 313 494 1375 1470 2601 3020 3150 7710
 ... : 5 7 109 216 313 494 1375 1470 2606 3044 3185 7736
 ... : 5 7 109 216 313 494 1375 1470 2614 3047 3213 7765
 ... : 5 7 109 216 313 494 1375 1470 2616 3068 3262 7782
 ... : 5 7 109 216 313 494 1375 1470 2616 3100 3314 7797
 ... : 5 7 109 216 313 494 1375 1470 2616 3123 3366 7812
 ... : 5 7 109 216 313 494 1375 1470 2622 3152 3409 7832
 ... : 5 7 109 216 313 494 1375 1468 2625 3191 3460 7843
 ... : 5 7 109 216 313 494 1375 1468 2628 3201 3505 7861
 ... : 5 7 109 216 313 494 1375 1468 2632 3220 3534 7882
 ... : 5 7 109 216 313 494 1376 1483 2664 3250 3554 7895
 ... : 5 7 109 216 313 494 1389 1525 2702 3254 3562 7896
 ... : 5 7 109 216 313 494 1390 1520 2718 3272 3574 7906
 ... : 5 7 109 216 313 494 1390 1520 2732 3318 3611 7928
 ... : 5 7 109 216 313 494 1390 1520 2734 3339 3627 7937
 ... : 5 7 109 216 313 494 1390 1523 2757 3374 3662 7948
 ... : 5 7 109 216 313 494 1390 1528 2780 3411 3687 7957
 ... : 5 7 109 216 313 494 1390 1529 2780 3452 3720 7969
 ... : 5 7 109 216 313 494 1390 1535 2808 3496 3757 7976
 ... : 5 7 109 216 313 494 1390 1535 2815 3520 3805 7989
 ... : 5 7 109 216 313 494 1390 1535 2820 3546 3842 8012
 ... : 5 7 109 216 313 494 1390 1535 2824 3572 3877 8031
 ... : 5 7 109 216 313 494 1390 1535 2829 3589 3908 8044
 ... : 5 7 109 216 313 494 1390 1535 2845 3624 3949 8054
 ... : 5 7 109 216 313 494 1390 1552 2880 3645 3961 8063
 ... : 5 7 109 216 313 494 1390 1576 2935 3666 3958 8069
 ... : 5 7 109 216 313 494 1390 1586 2953 3665 3979 8084
 ... : 5 7 109 216 313 494 1390 1597 2978 3692 3999 8099
 ... : 5 7 109 216 313 494 1390 1598 3000 3728 4043 8106
 ... : 5 7 109 216 313 494 1390 1598 3000 3745 4081 8130
 ... : 5 7 109 216 313 494 1390 1598 3016 3772 4121 8148
 ... : 5 7 109 216 313 494 1390 1613 3043 3759 4118 8160
 ... : 5 7 109 216 313 494 1391 1622 3084 3795 4126 8164
 ... : 5 7 109 216 313 494 1400 1653 3118 3807 4134 8167
 ... : 5 7 109 216 313 495 1402 1689 3136 3817 4148 8172
 ... : 5 7 109 216 313 495 1402 1692 3139 3840 4176 8188
 ... : 5 7 109 216 313 495 1402 1692 3153 3873 4198 8219
 ... : 5 7 109 216 313 495 1402 1692 3171 3897 4205 8255
 ... : 5 7 109 216 313 495 1402 1692 3178 3903 4205 8317
 ... : 5 7 109 216 313 495 1402 1692 3183 3914 4223 8360
 ... : 5 7 109 216 313 495 1402 1693 3195 3931 4244 8392
 ... : 5 7 109 216 313 496 1402 1693 3215 3957 4267 8416
 ... : 5 7 109 216 313 496 1402 1693 3242 3992 4294 8426
 ... : 5 7 109 216 313 496 1402 1693 3261 4011 4326 8431
 ... : 5 7 109 216 313 496 1402 1701 3278 4041 4327 8444
 ... : 5 7 109 216 313 496 1402 1701 3282 4076 4377 8455
 ... : 5 7 109 216 313 496 1402 1701 3284 4106 4406 8488
 ... : 5 7 109 216 313 496 1402 1701 3293 4133 4432 8520
 ... : 5 7 109 216 313 496 1402 1701 3300 4143 4450 8559
 ... : 5 7 109 216 313 496 1402 1701 3316 4175 4464 8599
 ... : 5 7 109 216 313 496 1402 1701 3320 4190 4485 8641
 ... : 5 7 109 216 313 496 1402 1702 3338 4227 4510 8665
 ... : 5 7 109 216 313 496 1402 1708 3352 4244 4528 8691
 ... : 5 7 109 216 313 496 1402 1709 3360 4284 4575 8703
 ... : 5 7 109 216 313 496 1402 1709 3336 4246 4606 8727
 ... : 5 7 109 216 313 496 1402 1709 3336 4244 4624 8786
 ... : 5 7 109 216 313 496 1402 1709 3336 4244 4680 8852
 ... : 5 7 109 216 313 496 1402 1709 3336 4242 4691 8916
 ... : 5 7 109 216 313 496 1402 1709 3336 4261 4720 8959
 ... : 5 7 109 216 313 496 1402 1709 3336 4271 4754 9016
 ... : 5 7 109 216 313 496 1402 1709 3336 4292 4783 9062
 ... : 5 7 109 216 313 496 1402 1730 3352 4310 4799 9087
 ... : 5 7 109 216 313 496 1402 1730 3352 4312 4821 9143
 ... : 5 7 109 216 313 496 1402 1730 3359 4332 4852 9186
 ... : 5 7 109 216 313 496 1402 1731 3362 4344 4885 9222
 ... : 5 7 109 216 313 496 1402 1731 3362 4362 4921 9267
 ... : 5 7 109 216 313 496 1402 1731 3362 4371 4955 9315
 ... : 5 7 109 216 313 496 1402 1731 3362 4386 4929 9347
 ... : 5 7 109 216 313 496 1402 1731 3361 4391 4951 9405
 ... : 5 7 109 216 313 496 1402 1751 3367 4416 4960 9435
 ... : 5 7 109 216 313 496 1402 1781 3399 4439 4961 9452
 ... : 5 7 109 216 313 496 1402 1800 3427 4464 4971 9466
 ... : 5 7 109 216 313 496 1402 1800 3442 4496 5002 9486
 ... : 5 7 109 216 313 496 1402 1800 3445 4530 5047 9503
 ... : 5 7 109 216 313 496 1402 1802 3463 4562 5080 9515
 ... : 5 7 109 216 313 496 1402 1805 3470 4598 5113 9537
 ... : 5 7 109 216 313 496 1402 1818 3479 4630 5148 9548
 ... : 5 7 109 216 313 496 1402 1820 3482 4663 5202 9556
 ... : 5 7 109 216 313 496 1402 1836 3488 4691 5226 9578
 ... : 5 7 109 216 313 496 1402 1844 3504 4714 5261 9591
 ... : 5 7 109 216 313 496 1402 1868 3540 4749 5262 9610
 ... : 5 7 109 216 313 496 1402 1881 3556 4779 5287 9623
 ... : 5 7 109 216 313 496 1402 1891 3575 4810 5324 9632
 ... : 5 7 109 216 313 496 1402 1897 3585 4838 5374 9640
 ... : 5 7 109 216 313 496 1402 1897 3585 4859 5435 9646
 ... : 5 7 109 216 313 496 1402 1897 3585 4905 5498 9650
