initialized model with 9629 latches, 352 inputs and 1 properties
tsim: performed 70 steps
tsim: found cycle from 49
tsim: found 0 constants and 12 latch equivalences
seqsimpl: (9629, 352) -> (9236, 352)
checking bound 0
checking bound 1
checking bound 2
tdecomp: unrolling 2 cycles
tsim: performed 68 steps
tsim: found cycle from 47
tsim: found 1 constants and 0 latch equivalences
tdecomp: (9236, 1408) -> (9235, 352)
   2 : 2 4
   3 : 4 5 23
   4 : 6 7 59 21
   5 : 6 7 59 29 10
   6 : 6 7 59 43 34 36
   7 : 6 7 59 42 33 33 10
 ... : 6 7 59 43 46 61 69
 ... : 6 7 59 43 53 73 139
 ... : 6 7 59 44 54 82 199
 ... : 6 7 59 44 61 88 258
 ... : 6 7 59 44 64 110 320
 ... : 6 7 59 49 69 127 376
 ... : 6 7 59 53 78 138 428
 ... : 6 7 59 56 96 159 482
 ... : 6 7 59 56 121 173 538
 ... : 6 7 59 66 138 183 589
 ... : 6 7 59 76 159 204 629
 ... : 6 7 59 79 174 230 683
 ... : 6 7 63 89 186 240 729
 ... : 6 7 63 89 189 252 784
 ... : 6 7 62 89 199 269 834
 ... : 5 5 60 95 212 279 873
   8 : 5 4 53 63 133 199 100 873
   9 : 5 4 53 63 133 199 104 40 844
 ... : 5 4 53 63 133 199 110 49 906
 ... : 5 4 53 63 133 199 118 63 957
 ... : 5 4 53 63 137 206 127 67 1010
 ... : 5 4 53 64 141 223 133 67 1062
 ... : 5 4 53 66 146 237 149 72 1105
 ... : 5 4 53 66 144 230 151 68 1145
 ... : 5 5 52 61 129 233 168 74 1194
 ... : 5 5 52 60 103 209 181 88 1231
 ... : 5 5 52 60 106 213 199 98 1274
 ... : 5 5 52 60 108 223 208 104 1322
 ... : 5 5 52 60 108 229 237 126 1362
 ... : 5 5 52 60 108 229 246 139 1416
 ... : 5 5 52 60 108 224 242 133 1447
 ... : 5 5 52 60 108 226 256 157 1501
 ... : 5 5 52 60 108 227 265 171 1556
 ... : 5 5 52 60 108 228 269 192 1608
 ... : 5 5 52 60 108 231 283 201 1662
 ... : 5 5 52 60 108 235 296 217 1709
 ... : 5 5 52 60 108 236 301 234 1752
 ... : 5 5 52 60 108 238 305 251 1805
 ... : 5 5 52 60 111 239 303 256 1843
 ... : 5 5 52 61 115 244 309 263 1883
 ... : 5 5 52 72 98 199 314 266 1922
 ... : 5 5 52 74 106 211 326 272 1958
 ... : 5 5 52 74 112 234 338 275 2002
 ... : 5 5 52 74 114 251 349 280 2048
 ... : 6 7 53 85 120 267 360 282 2085
 ... : 5 7 53 84 119 268 373 302 2121
 ... : 5 7 53 84 118 268 375 310 2174
 ... : 5 7 53 84 118 246 371 343 2219
 ... : 5 7 53 84 118 246 371 354 2275
 ... : 5 7 53 84 116 240 349 328 2320
  10 : 5 5 51 71 90 158 197 180 209 2322
  11 : 5 5 51 71 90 156 195 176 197 50 2267
  12 : 5 5 51 71 90 155 195 176 195 50 36 2232
  13 : 5 5 51 71 90 155 192 176 193 51 33 21 2228
 ... : 5 5 51 71 90 155 192 176 193 52 44 31 2287
  14 : 5 5 51 70 90 154 192 176 193 52 30 13 14 2335
 ... : 5 5 51 70 90 154 192 176 193 52 36 15 21 2393
 ... : 5 5 51 70 90 154 192 176 193 52 51 34 34 2423
 ... : 5 5 51 70 90 154 192 176 197 59 56 45 36 2462
 ... : 5 5 51 70 90 154 192 176 197 61 65 61 48 2494
 ... : 5 5 51 70 90 154 192 176 197 64 68 66 66 2556
  15 : 5 5 51 69 90 154 187 176 195 65 56 65 65 59 2567
 ... : 5 5 51 69 90 154 187 176 195 69 59 71 71 70 2617
 ... : 5 5 51 69 90 154 187 176 195 69 56 74 85 75 2668
 ... : 5 5 51 69 90 154 187 176 195 69 55 77 92 91 2723
 ... : 5 5 51 69 90 154 187 176 195 69 58 84 96 91 2780
 ... : 5 5 51 69 90 154 187 176 195 69 60 90 109 96 2834
 ... : 5 5 51 69 90 154 187 176 195 69 60 92 116 110 2881
 ... : 5 5 51 69 90 154 187 176 195 70 60 89 125 122 2929
 ... : 5 5 51 69 90 154 187 176 195 70 60 93 134 138 2983
 ... : 5 5 51 69 90 154 187 176 195 70 60 93 143 157 3037
 ... : 5 5 51 69 90 154 187 176 195 70 60 93 147 170 3099
 ... : 5 5 51 69 90 154 187 176 195 70 60 106 161 180 3139
 ... : 5 5 51 69 90 154 187 176 195 70 63 116 169 196 3189
 ... : 5 5 51 69 90 154 187 176 195 70 63 117 175 218 3246
 ... : 5 5 51 69 90 154 187 176 195 70 63 117 176 253 3309
 ... : 5 5 51 69 90 154 187 176 195 70 63 117 179 261 3376
 ... : 5 5 51 69 90 154 187 176 195 71 73 130 184 262 3429
 ... : 5 5 51 69 90 154 187 176 195 72 78 139 188 269 3478
 ... : 5 5 51 69 90 154 187 176 195 75 85 148 197 271 3518
 ... : 5 5 51 69 90 154 187 176 195 75 85 150 200 275 3577
 ... : 5 5 51 69 90 154 187 176 195 75 85 152 200 275 3643
 ... : 5 5 51 69 90 154 187 176 195 75 85 153 200 275 3705
 ... : 5 5 51 69 90 154 187 176 195 75 85 155 202 277 3767
 ... : 5 5 51 69 90 154 187 176 196 69 81 159 208 281 3810
 ... : 5 5 51 69 90 154 187 176 196 69 85 177 230 284 3857
 ... : 5 5 51 69 90 154 187 176 196 69 88 182 239 286 3920
 ... : 5 5 51 69 90 154 187 176 196 70 115 214 245 286 3962
 ... : 5 5 51 69 90 154 187 176 196 70 132 245 259 286 4001
 ... : 5 5 51 69 90 154 187 176 196 70 151 274 269 286 4046
 ... : 5 5 51 69 90 154 187 176 196 70 154 309 297 286 4079
 ... : 5 5 51 69 90 154 187 176 196 70 154 310 360 286 4080
 ... : 5 5 51 69 90 154 187 176 196 71 165 337 383 286 4110
 ... : 5 5 51 69 90 154 187 176 196 71 172 374 414 286 4138
 ... : 5 5 51 69 90 154 187 176 196 71 187 400 436 286 4171
 ... : 5 5 51 69 90 154 187 176 196 71 187 426 464 286 4212
 ... : 5 5 51 69 90 154 187 176 196 71 202 447 477 286 4258
 ... : 5 5 51 69 90 154 187 176 196 71 229 475 478 286 4295
 ... : 5 5 51 69 90 154 187 176 196 71 237 485 494 298 4337
 ... : 5 5 51 69 90 154 187 176 196 71 237 485 525 310 4391
 ... : 5 5 51 69 90 154 187 176 196 71 237 488 565 323 4445
 ... : 5 5 51 69 90 154 187 176 196 71 237 488 599 339 4495
 ... : 5 5 51 69 90 154 187 176 196 71 237 488 607 373 4529
 ... : 5 5 51 69 90 154 187 176 196 71 237 488 626 396 4573
 ... : 5 5 51 69 90 154 187 176 196 71 237 488 655 398 4638
 ... : 5 5 51 69 90 154 187 176 196 71 237 488 662 408 4692
 ... : 5 5 51 69 90 154 187 176 196 71 237 488 663 417 4746
 ... : 5 5 51 69 90 154 187 176 196 71 255 499 666 434 4776
 ... : 5 5 51 69 90 154 187 176 196 71 274 537 688 439 4806
 ... : 5 5 51 69 90 154 187 176 196 71 305 563 699 449 4827
 ... : 5 5 51 69 90 154 187 176 196 71 309 566 720 458 4848
 ... : 5 5 51 69 90 154 187 176 196 71 309 593 743 458 4887
 ... : 5 5 51 69 90 154 187 176 196 71 317 630 778 465 4906
 ... : 5 5 51 69 90 154 187 176 196 71 370 684 781 465 4929
 ... : 5 5 51 69 90 154 187 176 196 71 419 734 795 465 4937
 ... : 5 5 51 69 90 154 187 176 196 71 438 760 827 467 4950
 ... : 5 5 51 69 90 154 187 176 196 72 465 796 847 467 4969
 ... : 5 5 51 69 90 154 187 176 196 72 487 839 880 468 4985
 ... : 5 5 51 69 90 154 187 176 196 74 508 881 909 468 5003
 ... : 5 5 51 69 90 154 187 176 196 74 512 918 964 468 5016
 ... : 5 5 51 69 90 154 187 176 196 76 524 960 1012 468 5026
 ... : 5 5 51 69 90 154 187 176 196 76 540 1017 1056 468 5035
 ... : 5 5 51 69 90 154 187 176 196 76 540 1076 1113 469 5044
 ... : 5 5 51 69 90 154 187 176 196 77 542 1125 1171 469 5048
 ... : 5 5 51 69 90 154 187 176 196 77 529 1120 1211 484 5080
 ... : 5 5 51 69 90 154 187 176 196 77 529 1120 1244 520 5111
 ... : 5 5 51 69 90 154 187 176 196 77 529 1120 1304 585 5113
 ... : 5 5 51 69 90 154 187 176 196 77 529 1120 1358 645 5120
 ... : 5 5 51 69 90 154 187 176 196 77 529 1120 1423 682 5150
 ... : 5 5 51 69 90 154 187 176 196 77 529 1125 1476 715 5175
 ... : 5 5 51 69 90 154 187 176 196 77 529 1128 1492 740 5181
 ... : 5 5 51 69 90 154 187 176 196 77 529 1129 1520 783 5203
 ... : 5 5 51 69 90 154 187 176 196 77 529 1150 1550 811 5221
 ... : 5 5 51 69 90 154 187 176 196 77 529 1155 1562 852 5243
 ... : 5 5 51 69 90 154 187 176 196 77 529 1155 1562 912 5250
 ... : 5 5 51 69 90 154 187 176 196 77 529 1155 1568 976 5253
 ... : 5 5 51 69 90 154 187 176 196 77 529 1155 1573 1024 5272
 ... : 5 5 51 69 90 154 187 176 196 77 529 1155 1573 1064 5279
 ... : 5 5 51 69 90 154 187 176 196 77 529 1155 1576 1033 5287
 ... : 5 5 51 69 90 154 187 176 196 77 529 1159 1577 1082 5304
 ... : 5 5 51 69 90 154 187 176 196 77 529 1159 1584 1131 5321
 ... : 5 5 51 69 90 154 187 176 196 77 529 1160 1588 1173 5346
 ... : 5 5 51 69 90 154 187 176 196 77 529 1160 1591 1235 5351
 ... : 5 5 51 69 90 154 187 176 196 77 529 1160 1601 1279 5372
 ... : 5 5 51 69 90 154 187 176 196 77 529 1171 1612 1291 5417
 ... : 5 5 51 69 90 154 187 176 196 77 529 1177 1647 1338 5424
 ... : 5 5 51 69 90 154 187 176 196 77 529 1177 1659 1369 5463
 ... : 5 5 51 69 90 154 187 176 196 77 529 1185 1671 1403 5488
 ... : 5 5 51 69 90 154 187 176 196 77 529 1185 1684 1431 5526
 ... : 5 5 51 69 90 154 187 176 196 77 529 1187 1692 1443 5581
 ... : 5 5 51 69 90 154 187 176 196 77 529 1204 1707 1487 5602
 ... : 5 5 51 69 90 154 187 176 196 77 529 1204 1729 1541 5615
 ... : 5 5 51 69 90 154 187 176 196 77 529 1211 1747 1574 5639
 ... : 5 5 51 69 90 154 187 176 196 77 529 1211 1776 1609 5669
 ... : 5 5 51 69 90 154 187 176 196 77 529 1216 1804 1611 5730
 ... : 5 5 51 69 90 154 187 176 196 77 529 1222 1820 1644 5761
 ... : 5 5 51 69 90 154 187 176 196 77 529 1227 1856 1673 5793
 ... : 5 5 51 69 90 154 187 176 196 77 529 1239 1899 1695 5822
 ... : 5 5 51 69 90 154 187 176 196 77 529 1239 1909 1715 5856
 ... : 5 5 51 69 90 154 187 176 196 77 529 1251 1938 1733 5882
 ... : 5 5 51 69 90 154 187 176 196 77 529 1278 1974 1756 5900
 ... : 5 5 51 69 90 154 187 176 196 77 529 1286 2013 1773 5938
 ... : 5 5 51 69 90 154 187 176 196 77 529 1314 2061 1778 5972
 ... : 5 5 51 69 90 154 187 176 196 77 529 1343 2073 1800 5996
 ... : 5 5 51 69 90 154 187 176 196 77 529 1330 2085 1802 6016
 ... : 5 5 51 69 90 154 187 176 196 77 529 1360 2111 1815 6043
 ... : 5 5 51 69 90 154 187 176 196 77 529 1391 2136 1857 6044
 ... : 5 5 51 69 90 154 187 176 196 77 529 1391 2140 1887 6069
 ... : 5 5 51 69 90 154 187 176 196 77 529 1407 2156 1923 6092
 ... : 5 5 51 69 90 154 187 176 196 77 530 1407 2176 1933 6146
 ... : 5 5 51 69 90 154 187 176 196 77 530 1455 2215 1940 6167
 ... : 5 5 51 69 90 154 187 176 196 77 530 1454 2239 1958 6189
 ... : 5 5 51 69 90 154 187 176 196 77 530 1476 2277 1983 6208
 ... : 5 5 51 69 90 154 187 176 196 77 530 1504 2284 2033 6221
 ... : 5 5 51 69 90 154 187 176 196 77 530 1512 2296 2051 6256
 ... : 5 5 51 69 90 154 187 176 196 77 530 1514 2301 2109 6260
 ... : 5 5 51 69 90 154 187 176 196 77 530 1521 2305 2153 6276
 ... : 5 5 51 69 90 154 187 176 196 77 530 1532 2324 2199 6284
 ... : 5 5 51 69 90 154 187 176 196 77 530 1556 2350 2229 6309
 ... : 5 5 51 69 90 154 187 176 196 77 530 1589 2375 2252 6319
 ... : 5 5 51 69 90 154 187 176 196 77 530 1596 2383 2276 6349
 ... : 5 5 51 69 90 154 187 176 196 77 530 1615 2408 2324 6354
 ... : 5 5 51 69 90 154 187 176 196 77 530 1621 2410 2360 6379
 ... : 5 5 51 69 90 154 187 176 196 77 530 1621 2413 2421 6383
 ... : 5 5 51 69 90 154 187 176 196 77 530 1646 2460 2450 6392
 ... : 5 5 51 69 90 154 187 176 196 77 530 1646 2463 2455 6454
 ... : 5 5 51 69 90 154 187 176 196 77 530 1648 2481 2478 6495
 ... : 5 5 51 69 90 154 187 176 196 77 530 1663 2542 2529 6495
 ... : 5 5 51 69 90 154 187 176 196 77 530 1691 2574 2544 6516
 ... : 5 5 51 69 90 154 187 176 196 77 530 1727 2608 2544 6533
 ... : 5 5 51 69 90 154 187 176 196 77 530 1741 2618 2598 6536
 ... : 5 5 51 69 90 154 187 176 196 77 530 1751 2636 2634 6547
 ... : 5 5 51 69 90 154 187 176 196 77 530 1770 2663 2657 6566
 ... : 5 5 51 69 90 154 187 176 196 77 530 1782 2701 2677 6607
 ... : 5 5 51 69 90 154 187 176 196 77 530 1782 2716 2721 6630
 ... : 5 5 51 69 90 154 187 176 196 77 530 1782 2733 2767 6651
 ... : 5 5 51 69 90 154 187 176 196 77 530 1787 2766 2794 6670
 ... : 5 5 51 69 90 154 187 176 196 77 530 1787 2817 2849 6682
 ... : 5 5 51 69 90 154 187 176 196 77 530 1814 2855 2865 6699
 ... : 5 5 51 69 90 154 187 176 196 77 530 1826 2876 2892 6728
 ... : 5 5 51 69 90 154 187 176 196 77 530 1835 2884 2944 6735
 ... : 5 5 51 69 90 154 187 176 196 77 530 1849 2910 2972 6763
 ... : 5 5 51 69 90 154 187 176 196 77 530 1855 2938 2994 6803
 ... : 5 5 51 69 90 154 187 176 196 77 530 1875 2956 3017 6833
 ... : 5 5 51 69 90 154 187 176 196 77 530 1876 2957 3082 6835
 ... : 5 5 51 69 90 154 187 176 196 77 530 1876 2960 3145 6837
 ... : 5 5 51 69 90 154 187 176 196 77 530 1881 2962 3204 6845
 ... : 5 5 51 69 90 154 187 176 196 77 530 1917 2998 3208 6872
 ... : 5 5 51 69 90 154 187 176 196 77 530 1949 3026 3226 6885
 ... : 5 5 51 69 90 154 187 176 196 77 530 1967 3045 3233 6932
 ... : 5 5 51 69 90 154 187 176 196 77 530 1988 3099 3276 6936
 ... : 5 5 51 69 90 154 187 176 196 77 530 1985 3129 3305 6967
 ... : 5 5 51 69 90 154 187 176 196 77 530 1976 3187 3363 6972
 ... : 5 5 51 69 90 154 187 176 196 77 530 1984 3229 3384 7007
 ... : 5 5 51 69 90 154 187 176 196 77 530 2017 3277 3393 7028
 ... : 5 5 51 69 90 154 187 176 196 77 530 2038 3293 3420 7057
 ... : 5 5 51 69 90 154 187 176 196 77 530 2046 3302 3454 7079
 ... : 5 5 51 69 90 154 187 176 196 77 530 2059 3337 3472 7092
 ... : 5 5 51 69 90 154 187 176 196 77 530 2067 3350 3506 7118
 ... : 5 5 51 69 90 154 187 176 196 77 530 2067 3353 3570 7121
 ... : 5 5 51 69 90 154 187 176 196 77 530 2078 3368 3612 7142
 ... : 5 5 51 69 90 154 187 176 196 77 530 2087 3399 3639 7172
 ... : 5 5 51 69 90 154 187 176 196 77 530 2110 3427 3643 7215
 ... : 5 5 51 69 90 154 187 176 196 77 530 2121 3455 3660 7261
 ... : 5 5 51 69 90 154 187 176 196 77 530 2121 3456 3706 7281
 ... : 5 5 51 69 90 154 187 176 196 77 530 2121 3457 3759 7294
 ... : 5 5 51 69 90 154 187 176 196 77 530 2129 3472 3803 7314
 ... : 5 5 51 69 90 154 187 176 196 77 530 2138 3484 3833 7344
 ... : 5 5 51 69 90 154 187 176 196 77 530 2158 3507 3844 7385
 ... : 5 5 51 69 90 154 187 176 196 77 530 2162 3525 3896 7390
 ... : 5 5 51 69 90 154 187 176 196 77 530 2162 3525 3963 7390
 ... : 5 5 51 69 90 154 187 176 196 77 530 2167 3536 4005 7414
 ... : 5 5 51 69 90 154 187 176 196 77 530 2171 3547 4039 7444
 ... : 5 5 51 69 90 154 187 176 196 77 530 2176 3561 4086 7462
 ... : 5 5 51 69 90 154 187 176 196 77 530 2180 3570 4149 7466
 ... : 5 5 51 69 90 154 187 176 196 77 530 2190 3579 4197 7480
 ... : 5 5 51 69 90 154 187 176 196 77 530 2197 3589 4246 7497
 ... : 5 5 51 69 90 154 187 176 196 77 530 2218 3611 4256 7532
 ... : 5 5 51 69 90 154 187 176 196 77 530 2219 3618 4289 7564
 ... : 5 5 51 69 90 154 187 176 196 77 530 2237 3622 4316 7600
 ... : 5 5 51 69 90 154 187 176 196 77 530 2240 3639 4376 7606
 ... : 5 5 51 69 90 154 187 176 196 77 530 2240 3655 4424 7620
 ... : 5 5 51 69 90 154 187 176 196 77 530 2245 3668 4462 7644
 ... : 5 5 51 69 90 154 187 176 196 77 530 2245 3676 4524 7647
 ... : 5 5 51 69 90 154 187 176 196 77 530 2259 3687 4549 7684
 ... : 5 5 51 69 90 154 187 176 196 77 530 2259 3693 4558 7692
 ... : 5 5 51 69 90 154 187 176 196 77 530 2259 3694 4577 7712
 ... : 5 5 51 69 90 154 187 176 196 77 530 2259 3699 4632 7716
 ... : 5 5 51 69 90 154 187 176 196 77 530 2259 3708 4686 7729
 ... : 5 5 51 69 90 154 187 176 196 77 530 2259 3708 4753 7729
 ... : 5 5 51 69 90 154 187 176 196 77 530 2259 3708 4804 7745
 ... : 5 5 51 69 90 154 187 176 196 77 530 2259 3714 4850 7761
 ... : 5 5 51 69 90 154 187 176 196 77 530 2259 3720 4872 7778
 ... : 5 5 51 69 90 154 187 176 196 77 530 2259 3723 4899 7789
 ... : 5 5 51 69 90 154 187 176 196 77 542 2274 3734 4925 7808
 ... : 5 5 51 69 90 154 187 176 196 77 570 2317 3750 4925 7819
 ... : 5 5 51 69 90 154 187 176 196 77 592 2345 3764 4935 7850
 ... : 5 5 51 69 90 154 187 176 196 77 594 2346 3776 4948 7881
 ... : 5 5 51 69 90 154 187 176 196 77 629 2394 3799 4948 7901
 ... : 5 5 51 69 90 154 187 176 196 77 679 2453 3801 4958 7902
 ... : 5 5 51 69 90 154 187 176 196 77 695 2519 3839 4965 7907
 ... : 5 5 51 69 90 154 187 176 196 78 716 2553 3852 4970 7926
 ... : 5 5 51 69 90 154 187 176 196 78 727 2590 3899 4970 7938
 ... : 5 5 51 69 90 154 187 176 196 78 737 2606 3945 4975 7954
 ... : 5 5 51 69 90 154 187 176 196 78 737 2606 3958 4991 8002
 ... : 5 5 51 69 90 154 187 176 196 78 737 2606 3988 5037 8023
 ... : 5 5 51 69 90 154 187 176 196 78 737 2614 4006 5100 8024
 ... : 5 5 51 69 90 154 187 176 196 78 737 2614 4006 5151 8040
 ... : 5 5 51 69 90 154 187 176 196 78 737 2614 4006 5206 8052
 ... : 5 5 51 69 90 154 187 176 196 78 737 2614 4015 5264 8061
 ... : 5 5 51 69 90 154 187 176 196 78 737 2614 4066 5309 8083
 ... : 5 5 51 69 90 154 187 176 196 78 737 2623 4072 5343 8116
 ... : 5 5 51 69 90 154 187 176 196 78 737 2640 4080 5374 8148
 ... : 5 5 51 69 90 154 187 176 196 78 737 2652 4110 5412 8165
 ... : 5 5 51 69 90 154 187 176 196 78 737 2652 4174 5475 8169
 ... : 5 5 51 69 90 154 187 176 196 78 737 2652 4198 5541 8170
 ... : 5 5 51 69 90 154 187 176 196 78 737 2658 4229 5542 8185
 ... : 5 5 51 69 90 154 187 176 196 78 737 2674 4264 5571 8213
 ... : 5 5 51 69 90 154 187 176 196 78 737 2679 4305 5619 8224
 ... : 5 5 51 69 90 154 187 176 196 78 737 2679 4355 5646 8264
 ... : 5 5 51 69 90 154 187 176 196 78 737 2683 4384 5662 8314
 ... : 5 5 51 69 90 154 187 176 196 78 737 2696 4402 5676 8354
 ... : 5 5 51 69 90 154 187 176 196 78 737 2696 4420 5698 8401
 ... : 5 5 51 69 90 154 187 176 196 78 740 2699 4421 5713 8425
 ... : 5 5 51 69 90 154 187 176 196 79 767 2744 4438 5725 8448
 ... : 5 5 51 69 90 154 187 176 196 79 787 2789 4473 5737 8458
 ... : 5 5 51 69 90 154 187 176 196 79 809 2844 4499 5747 8476
 ... : 5 5 51 69 90 154 187 176 196 79 833 2900 4526 5755 8490
 ... : 5 5 51 69 90 154 187 176 196 79 837 2923 4574 5768 8512
 ... : 5 5 51 69 90 154 187 176 196 79 837 2945 4596 5783 8555
 ... : 5 5 51 69 90 154 187 176 196 79 837 2951 4633 5823 8582
 ... : 5 5 51 69 90 154 187 176 196 79 837 2951 4638 5832 8630
 ... : 5 5 51 69 90 154 187 176 196 79 843 2956 4643 5837 8663
 ... : 5 5 51 69 90 154 187 176 196 79 848 2968 4680 5847 8706
 ... : 5 5 51 69 90 154 187 176 196 79 848 2975 4703 5861 8756
 ... : 5 5 51 69 90 154 187 176 196 79 848 2975 4710 5891 8793
 ... : 5 5 51 69 90 154 187 176 196 79 848 2987 4725 5907 8838
 ... : 5 5 51 69 90 154 187 176 196 79 848 3020 4753 5921 8884
 ... : 5 5 51 69 90 154 187 176 196 79 853 3026 4758 5926 8923
 ... : 5 5 51 69 90 154 187 176 196 79 880 3059 4800 5926 8936
 ... : 5 5 51 69 90 154 187 176 196 79 880 3067 4818 5951 8979
 ... : 5 5 51 69 90 154 187 176 196 81 887 3082 4854 5976 9000
 ... : 5 5 51 69 90 154 187 176 196 81 888 3083 4854 5979 9027
 ... : 5 5 51 69 90 154 187 176 196 81 909 3110 4905 5992 9038
 ... : 5 5 51 69 90 154 187 176 196 81 909 3134 4941 6013 9070
 ... : 5 5 51 69 90 154 187 176 196 81 909 3142 4966 6043 9102
 ... : 5 5 51 69 90 154 187 176 196 81 909 3148 5002 6054 9152
 ... : 5 5 51 69 90 154 187 176 196 81 909 3150 5041 6066 9206
 ... : 5 5 51 69 90 154 187 176 196 81 912 3153 5063 6084 9251
 ... : 5 5 51 69 90 154 187 176 196 81 920 3172 5093 6094 9289
 ... : 5 5 51 69 90 154 187 176 196 81 920 3184 5099 6144 9306
 ... : 5 5 51 69 90 154 187 176 196 81 920 3188 5132 6182 9330
 ... : 5 5 51 69 90 154 187 176 196 81 926 3216 5150 6209 9360
 ... : 5 5 51 69 90 154 187 176 196 81 926 3226 5156 6259 9371
 ... : 5 5 51 69 90 154 187 176 196 81 926 3239 5164 6277 9417
 ... : 5 5 51 69 90 154 187 176 196 81 926 3267 5185 6295 9450
 ... : 5 5 51 69 90 154 187 176 196 81 926 3328 5200 6329 9469
 ... : 5 5 51 69 90 154 187 176 196 81 926 3335 5222 6338 9502
 ... : 5 5 51 69 90 154 187 176 196 81 926 3348 5235 6346 9543
 ... : 5 5 51 69 90 154 187 176 196 81 926 3349 5247 6391 9564
 ... : 5 5 51 69 90 154 187 176 196 81 926 3355 5252 6430 9590
 ... : 5 5 51 69 90 154 187 176 196 81 926 3364 5267 6449 9635
 ... : 5 5 51 69 90 154 187 176 196 81 926 3382 5276 6485 9659
 ... : 5 5 51 69 90 154 187 176 196 81 926 3402 5298 6506 9690
 ... : 5 5 51 69 90 154 187 176 196 81 926 3419 5317 6533 9720
 ... : 5 5 51 69 90 154 187 176 196 81 926 3419 5334 6571 9749
 ... : 5 5 51 69 90 154 187 176 196 81 926 3426 5339 6618 9768
 ... : 5 5 51 69 90 154 187 176 196 81 926 3445 5345 6654 9789
 ... : 5 5 51 69 90 154 187 176 196 81 926 3445 5349 6720 9790
 ... : 5 5 51 69 90 154 187 176 196 81 926 3446 5378 6748 9829
 ... : 5 5 51 69 90 154 187 176 196 81 926 3446 5379 6814 9830
 ... : 5 5 51 69 90 154 187 176 196 81 926 3446 5379 6881 9830
 ... : 5 5 51 69 90 154 187 176 196 81 926 3468 5409 6908 9858
 ... : 5 5 51 69 90 154 187 176 196 81 926 3488 5415 6922 9904
 ... : 5 5 51 69 90 154 187 176 196 81 926 3494 5462 6944 9935
 ... : 5 5 51 69 90 154 187 176 196 81 926 3503 5503 6975 9957
