initialized model with 397 latches, 86 inputs and 1 properties
tsim: performed 15 steps
tsim: found cycle from 13
tsim: found 0 constants and 1 latch equivalences
seqsimpl: found 1 latch equivalences
seqsimpl: (397, 86) -> (395, 86)
checking bound 0
checking bound 1
checking bound 2
tdecomp: unrolling 2 cycles
tsim: performed 13 steps
tsim: found cycle from 11
tsim: found 2 constants and 0 latch equivalences
tdecomp: (395, 344) -> (393, 143)
   2 : 37 20
   3 : 30 48 45
 ... : 30 49 220
   4 : 22 26 56 147
   5 : 19 25 58 138 145
 ... : 19 25 58 136 345
   6 : 19 25 55 128 252 172
 ... : 19 25 55 128 251 371
 ... : 19 25 55 128 250 566
 ... : 19 25 55 128 263 711
 ... : 19 25 55 128 277 808
   7 : 18 25 54 124 222 460 332
 ... : 18 25 54 124 220 463 513
 ... : 18 25 54 124 220 466 646
   8 : 18 25 54 124 217 413 297 455
 ... : 18 25 54 124 217 413 316 595
 ... : 18 25 54 124 216 414 343 666
 ... : 18 25 54 124 216 438 378 715
 ... : 18 25 54 124 218 443 374 743
 ... : 18 25 54 124 217 443 367 931
 ... : 18 25 54 124 217 441 367 1131
   9 : 18 25 54 116 212 405 315 725 619
 ... : 18 25 54 116 212 405 322 737 756
 ... : 18 25 54 116 212 403 328 750 841
 ... : 18 25 54 116 216 414 338 761 892
 ... : 18 25 54 116 216 416 356 788 921
 ... : 18 25 54 116 224 424 373 818 942
 ... : 18 25 54 116 227 434 386 844 1015
 ... : 18 25 54 116 227 441 399 852 1086
 ... : 18 25 54 116 227 442 414 881 1138
 ... : 18 25 54 116 231 452 436 899 1170
 ... : 18 25 54 116 231 451 448 952 1202
 ... : 18 25 54 116 227 446 439 950 1219
 ... : 18 25 54 117 232 471 480 970 1236
 ... : 18 25 54 117 232 471 481 1029 1280
 ... : 18 25 54 117 236 476 507 1053 1328
 ... : 18 25 54 117 236 478 551 1111 1333
 ... : 18 25 54 117 236 479 559 1164 1380
 ... : 18 25 54 117 237 483 559 1186 1464
 ... : 18 25 54 127 282 505 565 1162 1464
 ... : 18 25 54 127 284 497 574 1184 1517
 ... : 18 25 54 127 284 496 572 1178 1705
 ... : 18 25 54 127 284 496 572 1175 1905
 ... : 18 25 54 127 283 486 570 1170 2093
 ... : 18 25 54 127 283 486 569 1167 2293
 ... : 18 25 54 127 283 486 569 1167 2494
  10 : 18 25 54 121 254 391 475 1021 1834 959
 ... : 18 25 54 121 254 391 475 1021 1834 1159
 ... : 18 25 54 121 254 391 475 1021 1833 1360
 ... : 18 25 54 121 254 391 475 1021 1832 1561
 ... : 18 25 54 121 254 391 475 1021 1832 1737
 ... : 18 25 54 121 254 396 488 1039 1869 1792
 ... : 18 25 54 121 254 399 505 1078 1898 1817
 ... : 18 25 54 121 254 399 508 1094 1935 1852
 ... : 18 25 54 121 254 399 503 1093 1966 1912
 ... : 18 25 54 121 254 399 501 1071 1956 1957
  11 : 18 25 54 121 254 397 447 949 1804 1020 996
 ... : 18 25 54 121 254 397 447 949 1804 1020 1191
 ... : 18 25 54 121 254 397 447 949 1804 1035 1340
 ... : 18 25 54 121 254 397 447 949 1805 1086 1405
 ... : 18 25 54 121 254 397 447 949 1813 1142 1458
 ... : 18 25 54 121 254 397 447 949 1823 1180 1514
 ... : 18 25 54 121 254 397 447 929 1844 1234 1524
 ... : 18 25 54 121 254 396 446 927 1845 1274 1580
 ... : 18 25 54 121 254 395 446 927 1845 1324 1633
 ... : 18 25 54 121 254 395 446 927 1847 1377 1698
 ... : 18 25 54 121 254 395 444 927 1849 1440 1752
 ... : 18 25 54 121 254 395 444 927 1849 1488 1824
 ... : 18 25 54 121 254 395 444 928 1852 1531 1882
 ... : 18 25 54 121 254 395 444 927 1841 1588 1945
 ... : 18 25 54 121 254 395 444 927 1841 1639 2011
 ... : 18 25 54 121 254 395 444 927 1843 1697 2074
 ... : 18 25 54 121 254 395 443 927 1843 1754 2137
 ... : 18 25 54 121 254 395 443 927 1846 1808 2199
 ... : 18 25 54 121 254 395 443 927 1846 1864 2261
 ... : 18 25 54 121 254 395 443 926 1854 1913 2318
 ... : 18 25 54 121 254 395 443 929 1881 1966 2345
 ... : 18 25 54 121 254 395 443 929 1882 2013 2416
 ... : 18 25 54 121 254 395 443 929 1879 2050 2487
 ... : 18 25 54 121 254 395 442 928 1883 2104 2546
 ... : 18 25 54 121 254 395 442 928 1884 2148 2599
 ... : 18 25 54 121 254 395 442 928 1879 2195 2664
 ... : 18 25 54 121 254 395 442 928 1881 2235 2722
 ... : 18 25 54 121 254 395 442 928 1911 2282 2754
 ... : 18 25 54 121 253 392 442 928 1919 2336 2803
 ... : 18 25 54 121 253 392 442 926 1921 2379 2857
 ... : 18 25 54 121 253 392 442 928 1910 2428 2907
 ... : 18 25 54 121 253 392 442 928 1917 2484 2958
 ... : 18 25 54 121 253 392 442 928 1921 2501 3029
 ... : 18 25 54 121 253 392 442 928 1925 2525 3111
 ... : 18 25 54 121 253 392 442 928 1922 2526 3260
 ... : 18 25 54 121 250 384 428 872 1790 2057 2929
 ... : 18 25 54 121 250 384 428 872 1797 2109 2989
 ... : 18 25 54 121 250 384 428 872 1798 2135 3042
 ... : 18 25 54 121 250 383 428 872 1799 2178 3096
 ... : 18 25 54 121 250 383 428 872 1803 2227 3146
 ... : 18 25 54 121 250 383 428 872 1805 2281 3213
 ... : 18 25 54 121 250 383 428 872 1803 2326 3272
 ... : 18 25 54 121 250 383 428 871 1806 2386 3330
 ... : 18 25 54 121 250 383 428 871 1800 2402 3398
 ... : 18 25 54 121 250 383 428 871 1802 2451 3467
 ... : 18 25 54 121 250 383 428 883 1773 2460 3499
 ... : 18 25 54 121 250 383 428 886 1774 2467 3559
 ... : 18 25 54 121 250 383 427 886 1778 2413 3611
 ... : 18 25 54 121 250 381 428 890 1789 2443 3650
 ... : 18 25 54 121 249 380 416 887 1746 2390 3524
  12 : 18 25 54 118 244 329 374 823 1440 1377 1529 1816
 ... : 18 25 54 118 244 329 374 823 1440 1377 1528 2011
 ... : 18 25 54 118 244 329 374 823 1440 1378 1524 2187
 ... : 18 25 54 118 244 329 374 820 1446 1405 1556 2216
 ... : 18 25 54 118 244 329 374 820 1463 1461 1597 2222
 ... : 18 25 54 118 244 329 374 820 1463 1470 1658 2264
 ... : 18 25 54 118 244 329 374 820 1463 1471 1691 2352
 ... : 18 25 54 118 244 329 374 820 1476 1526 1733 2359
 ... : 18 25 54 118 244 334 388 839 1508 1560 1740 2360
 ... : 18 25 54 118 244 337 400 840 1536 1586 1740 2360
 ... : 18 25 54 118 245 345 423 858 1561 1603 1743 2363
 ... : 18 25 54 118 245 346 430 865 1578 1644 1772 2371
 ... : 18 25 54 118 246 350 449 879 1580 1668 1802 2381
 ... : 18 25 54 118 246 352 450 879 1565 1565 1812 2385
 ... : 18 25 54 118 246 352 445 871 1555 1509 1761 2389
 ... : 18 25 54 118 246 352 445 871 1556 1512 1785 2436
 ... : 18 25 54 118 246 352 445 871 1558 1514 1812 2491
 ... : 18 25 54 118 246 352 440 859 1544 1465 1782 2523
  13 : 18 25 54 118 242 323 384 797 1391 1079 1121 1299 1748
 ... : 18 25 54 118 242 323 384 796 1389 1075 1109 1290 1925
 ... : 18 25 54 118 242 323 384 794 1387 1073 1106 1306 2046
 ... : 18 25 54 118 242 323 384 794 1387 1073 1106 1303 2244
  14 : 18 25 54 118 242 323 381 788 1381 1046 1026 1062 647 1924
 ... : 18 25 54 118 242 323 381 788 1381 1046 1026 1067 665 2038
 ... : 18 25 54 118 242 323 381 788 1381 1046 1026 1092 700 2067
 ... : 18 25 54 118 242 323 381 788 1381 1046 1026 1093 695 2250
 ... : 18 25 54 118 242 323 381 788 1381 1045 1026 1093 713 2393
 ... : 18 25 54 118 242 323 381 788 1381 1045 1026 1093 750 2481
 ... : 18 25 54 118 242 323 381 788 1381 1045 1026 1099 785 2553
 ... : 18 25 54 118 242 323 381 788 1381 1045 1026 1100 820 2616
 ... : 18 25 54 118 242 323 381 788 1381 1045 1037 1120 861 2649
 ... : 18 25 54 118 242 323 381 788 1381 1045 1041 1144 904 2687
 ... : 18 25 54 118 242 323 381 788 1381 1045 1044 1168 960 2726
 ... : 18 25 54 118 242 323 381 788 1381 1045 1051 1201 990 2750
 ... : 18 25 54 118 242 323 381 788 1381 1045 1050 1202 1032 2803
 ... : 18 25 54 118 242 323 381 788 1381 1044 1042 1214 1069 2852
 ... : 18 25 54 118 242 323 381 788 1381 1043 1005 1173 1046 2895
 ... : 18 25 54 118 242 323 381 788 1381 1043 1004 1173 1051 2985
  15 : 18 25 54 115 235 308 369 797 1379 1025 870 758 745 845 2593
 ... : 18 25 54 115 235 308 369 797 1379 1025 870 758 745 848 2782
 ... : 18 25 54 115 235 308 369 797 1379 1025 870 758 745 875 2899
  16 : 18 25 54 115 235 307 368 798 1376 1018 866 735 693 762 620 2522
 ... : 18 25 54 115 235 307 368 798 1376 1018 866 735 693 764 640 2642
 ... : 18 25 54 115 235 307 368 798 1376 1018 865 735 693 770 690 2698
 ... : 18 25 54 115 235 307 368 798 1376 1018 865 734 693 777 736 2769
 ... : 18 25 54 115 235 307 368 798 1376 1018 865 734 692 785 734 2801
 ... : 18 25 54 115 235 307 368 798 1376 1018 865 734 694 798 761 2866
 ... : 18 25 54 115 235 307 368 798 1376 1018 865 734 694 803 786 2957
  17 : 18 25 54 115 235 307 368 798 1364 1005 851 670 613 713 536 364 2897
 ... : 18 25 54 115 235 307 368 798 1364 1005 851 670 613 713 540 376 3045
 ... : 18 25 54 115 235 307 368 798 1364 1005 850 669 612 713 546 393 3125
 ... : 18 25 54 115 235 307 368 798 1364 1005 850 673 635 751 568 404 3137
 ... : 18 25 54 115 235 307 368 798 1364 1005 850 675 653 790 602 410 3150
 ... : 18 25 54 115 235 307 368 798 1364 1005 849 688 685 819 617 410 3165
 ... : 18 25 54 115 235 307 368 798 1365 1012 869 720 706 819 617 410 3171
 ... : 18 25 54 115 235 307 368 798 1365 1012 863 723 743 835 626 411 3178
 ... : 18 25 54 115 235 307 368 798 1365 1012 860 728 784 881 630 414 3189
 ... : 18 25 54 115 235 307 368 798 1365 1009 855 733 830 907 638 414 3209
 ... : 18 25 54 115 235 307 368 798 1365 1009 855 729 850 945 639 414 3219
 ... : 18 25 54 115 235 307 368 798 1365 1009 855 728 855 1004 661 415 3233
 ... : 18 25 54 115 235 307 368 798 1365 1009 855 728 856 1055 686 418 3251
 ... : 18 25 54 115 235 307 368 798 1365 1009 855 729 870 1104 718 421 3261
 ... : 18 25 54 115 235 307 368 798 1365 1009 855 728 887 1093 736 422 3281
 ... : 18 25 54 115 235 307 368 798 1365 1009 855 728 912 1152 739 422 3278
 ... : 18 25 54 115 235 307 368 798 1365 1009 855 728 911 1184 782 424 3289
 ... : 18 25 54 115 235 307 368 798 1365 1009 855 728 906 1222 799 425 3307
 ... : 18 25 54 115 235 307 368 798 1365 1008 855 738 910 1255 833 426 3320
 ... : 18 25 54 115 235 307 368 798 1365 1008 856 739 928 1282 875 426 3323
 ... : 18 25 54 115 235 307 368 798 1365 1008 856 735 910 1264 941 427 3327
 ... : 18 25 54 115 235 307 368 798 1365 1008 856 734 903 1248 964 427 3328
 ... : 18 25 54 115 235 307 368 798 1365 1008 856 734 926 1286 988 429 3337
 ... : 18 25 54 115 235 307 368 798 1365 1008 856 733 932 1323 1017 428 3366
 ... : 18 25 54 115 235 307 368 798 1365 1008 856 733 932 1354 1066 436 3377
 ... : 18 25 54 115 235 307 368 798 1365 1008 856 733 931 1404 1124 441 3380
 ... : 18 25 54 115 235 307 368 798 1365 1007 856 733 936 1453 1171 443 3388
 ... : 18 25 54 115 235 307 368 798 1365 1007 856 735 945 1476 1218 445 3395
 ... : 18 25 54 115 235 307 368 798 1365 1007 856 735 948 1509 1254 451 3402
 ... : 18 25 54 115 235 307 368 798 1365 1007 856 736 952 1547 1308 451 3406
 ... : 18 25 54 115 235 307 368 798 1365 1007 856 736 970 1599 1336 454 3417
 ... : 18 25 54 115 235 307 368 798 1365 1007 853 736 972 1641 1387 455 3428
 ... : 18 25 54 115 235 307 368 798 1365 1004 852 737 992 1683 1399 462 3452
 ... : 18 25 54 115 235 307 368 798 1365 1004 852 738 1006 1716 1440 466 3461
 ... : 18 25 54 115 235 307 368 798 1365 1004 852 741 1024 1751 1482 471 3470
 ... : 18 25 54 115 235 307 368 798 1365 1004 849 752 1021 1752 1488 472 3480
 ... : 18 25 54 115 235 307 368 798 1365 1002 846 739 1027 1772 1488 472 3487
 ... : 18 25 54 115 235 307 368 798 1365 1003 863 784 1074 1779 1489 472 3489
 ... : 18 25 54 115 235 307 368 798 1365 1003 862 796 1119 1820 1492 473 3494
 ... : 18 25 54 115 235 307 368 798 1365 1005 862 764 1071 1802 1498 474 3500
 ... : 18 25 54 115 235 307 368 798 1365 1005 861 763 1051 1838 1516 478 3509
 ... : 18 25 54 115 235 307 368 798 1365 1005 860 764 1059 1861 1561 485 3511
 ... : 18 25 54 115 235 307 368 798 1365 1005 860 763 1038 1857 1620 485 3514
 ... : 18 25 54 115 235 307 368 798 1365 1005 859 764 1026 1786 1663 492 3522
 ... : 18 25 54 115 235 307 368 798 1365 1005 859 762 1022 1776 1689 534 3536
 ... : 18 25 54 115 235 307 368 798 1365 1005 859 760 1016 1754 1730 595 3542
 ... : 18 25 54 115 235 307 368 798 1365 1005 859 760 1016 1754 1773 650 3548
 ... : 18 25 54 115 235 307 368 798 1365 1005 859 762 1015 1780 1800 659 3553
 ... : 18 25 54 115 235 307 368 798 1365 1005 859 762 1016 1815 1850 666 3557
 ... : 18 25 54 115 235 307 368 798 1365 1005 859 762 1016 1850 1919 670 3564
 ... : 18 25 54 115 235 307 368 798 1365 1005 859 760 1014 1851 1972 717 3570
 ... : 18 25 54 115 235 307 368 798 1365 1005 859 760 1013 1849 2032 768 3574
 ... : 18 25 54 115 235 307 368 798 1365 1005 859 761 1007 1863 2080 799 3580
 ... : 18 25 54 115 235 307 368 798 1365 1005 859 761 1003 1856 2138 833 3590
 ... : 18 25 54 115 235 307 368 798 1365 1005 859 761 1002 1857 2195 889 3600
 ... : 18 25 54 115 235 307 368 798 1365 1005 859 760 1001 1796 2133 933 3604
 ... : 18 25 54 115 235 307 368 798 1365 1005 859 762 1007 1811 2167 963 3616
 ... : 18 25 54 115 235 307 368 798 1365 1005 859 758 1023 1835 2202 979 3628
 ... : 18 25 54 115 235 307 368 798 1365 1005 859 757 1033 1863 2239 1015 3633
 ... : 18 25 54 115 235 307 368 798 1365 1005 859 757 1033 1866 2276 1068 3647
 ... : 18 25 54 115 235 307 368 798 1365 1005 859 758 1016 1848 2292 1118 3651
 ... : 18 25 54 115 235 307 368 798 1365 1004 858 754 976 1796 2293 1152 3660
 ... : 18 25 54 115 235 307 368 798 1365 1004 857 752 975 1790 2312 1200 3667
 ... : 18 25 54 115 235 307 368 798 1365 1004 857 752 975 1791 2276 1218 3668
 ... : 18 25 54 115 235 307 368 798 1365 1004 857 752 975 1784 2260 1264 3675
 ... : 18 25 54 115 235 307 368 798 1365 1004 857 752 974 1773 2256 1312 3678
 ... : 18 25 54 115 235 307 368 798 1365 1004 857 752 974 1773 2254 1349 3678
 ... : 18 25 54 115 235 307 368 798 1365 1004 857 752 974 1773 2254 1348 3678
 ... : 18 25 54 115 235 307 368 798 1365 1004 857 752 970 1759 2242 1425 3682
 ... : 18 25 54 115 235 307 368 798 1365 1003 857 752 968 1741 2224 1477 3689
 ... : 18 25 54 115 235 307 368 798 1365 1003 857 752 966 1719 2192 1488 3690
 ... : 18 25 54 115 235 307 368 798 1365 1003 857 752 965 1720 2194 1513 3734
 ... : 18 25 54 115 235 307 368 798 1365 1003 857 752 965 1718 2205 1557 3783
 ... : 18 25 54 115 235 307 368 798 1365 1003 857 752 965 1718 2207 1610 3847
 ... : 18 25 54 115 235 307 368 798 1365 1003 857 752 965 1718 2207 1657 3916
 ... : 18 25 54 115 235 307 368 798 1365 1003 857 752 965 1715 2203 1687 4006
 ... : 18 25 54 115 235 307 368 798 1365 1003 857 752 965 1709 2195 1657 4097
 ... : 18 25 54 115 235 307 368 798 1365 1003 857 752 965 1708 2199 1697 4176
 ... : 18 25 54 115 235 307 368 798 1365 1003 857 752 965 1699 2184 1723 4242
 ... : 18 25 54 115 235 307 368 798 1365 1003 857 752 965 1696 2180 1749 4310
 ... : 18 25 54 115 235 307 368 798 1365 1003 857 752 966 1689 2182 1776 4365
 ... : 18 25 54 115 235 307 368 798 1365 1003 856 752 966 1689 2192 1820 4419
 ... : 18 25 54 115 235 307 368 798 1365 1003 856 752 962 1671 2184 1848 4467
 ... : 18 25 54 115 235 307 368 798 1365 1002 854 759 982 1694 2198 1852 4480
 ... : 18 25 54 115 235 307 368 798 1363 996 840 755 969 1672 2203 1854 4483
 ... : 18 25 54 115 235 307 368 798 1363 996 840 751 902 1524 1942 1871 4494
 ... : 18 25 54 115 235 307 368 798 1363 996 839 743 878 1447 1912 1915 4517
 ... : 18 25 54 115 235 307 368 798 1363 996 839 743 870 1364 1839 1884 4565
 ... : 18 25 54 115 235 307 368 798 1363 995 836 739 863 1344 1769 1595 4603
 ... : 18 25 54 115 235 307 368 798 1363 995 834 736 856 1337 1782 1619 4658
 ... : 18 25 54 115 235 307 368 798 1363 995 834 735 853 1321 1702 1558 4713
 ... : 18 25 54 115 235 307 368 798 1363 994 829 729 846 1298 1648 1387 4568
 ... : 18 25 54 115 235 307 368 798 1363 994 823 728 844 1248 1590 1318 4542
 ... : 18 25 54 115 235 307 368 798 1362 991 820 723 818 1199 1568 1299 4498
 ... : 18 25 54 115 235 307 368 798 1362 991 820 723 818 1198 1564 1292 4484
 ... : 18 25 54 115 235 307 368 798 1362 991 820 720 807 1161 1527 1253 4502
  18 : 18 25 54 115 235 307 368 795 1363 959 734 531 481 507 567 408 414 5006
  19 : 18 25 54 115 235 307 367 795 1360 954 736 523 466 500 563 380 370 327 4840
 ... : 18 25 54 115 235 307 367 795 1360 954 736 523 466 499 562 378 371 339 4910
  20 : 18 25 54 115 235 307 366 790 1358 953 736 509 453 451 546 398 347 299 231 4761
  21 : 18 25 54 115 235 307 366 790 1358 953 733 510 453 451 546 398 346 282 193 203 4706
 ... : 18 25 54 115 235 307 366 790 1358 953 733 510 453 451 553 417 358 282 195 209 4762
 ... : 18 25 54 115 235 307 366 790 1358 953 733 510 453 451 554 420 379 319 211 213 4778
 ... : 18 25 54 115 235 307 366 790 1358 953 733 510 453 451 554 421 399 366 222 218 4801
 ... : 18 25 54 115 235 307 366 790 1358 953 733 510 453 451 554 421 406 420 260 226 4815
 ... : 18 25 54 115 235 307 366 790 1358 953 733 510 453 451 554 422 411 458 303 226 4836
 ... : 18 25 54 115 235 307 366 790 1358 953 733 510 453 451 554 423 428 501 332 227 4852
 ... : 18 25 54 115 235 307 366 790 1358 953 733 510 453 451 554 423 427 549 388 227 4864
 ... : 18 25 54 115 235 307 366 790 1358 953 733 510 453 451 554 426 458 579 418 229 4873
 ... : 18 25 54 115 235 307 366 790 1358 953 733 510 453 451 553 429 456 579 442 230 4889
 ... : 18 25 54 115 235 307 366 790 1356 947 728 502 452 449 553 440 470 588 430 234 4878
 ... : 18 25 54 115 235 307 366 790 1356 947 728 502 452 449 553 440 474 628 465 235 4893
 ... : 18 25 54 115 235 307 366 790 1356 947 728 502 452 449 553 440 484 673 510 243 4899
 ... : 18 25 54 115 235 307 366 790 1356 947 728 502 452 449 559 448 496 699 523 243 4916
 ... : 18 25 54 115 235 307 366 790 1356 947 727 502 452 449 559 448 485 642 525 246 4931
 ... : 18 25 54 115 235 307 366 790 1356 947 727 502 452 449 559 453 506 674 545 246 4943
 ... : 18 25 54 115 235 307 366 790 1356 947 727 502 452 449 559 453 500 650 592 256 4967
 ... : 18 25 54 115 235 307 366 790 1356 947 727 502 452 449 559 453 513 658 629 277 4987
 ... : 18 25 54 115 235 307 366 790 1356 947 727 502 452 449 559 462 544 693 644 278 5005
 ... : 18 25 54 115 235 307 366 790 1356 947 727 502 452 449 563 470 557 706 649 279 5046
 ... : 18 25 54 115 235 307 366 790 1356 947 727 502 452 449 565 483 566 714 652 283 5089
 ... : 18 25 54 115 235 307 366 790 1356 947 727 502 452 449 565 486 570 732 667 284 5130
 ... : 18 25 54 115 235 307 366 790 1356 947 727 502 452 449 565 495 578 747 678 284 5175
 ... : 18 25 54 115 235 307 366 790 1356 947 727 502 452 449 565 498 581 760 704 285 5212
 ... : 18 25 54 115 235 307 366 790 1356 947 727 502 452 452 579 506 583 774 717 289 5245
 ... : 18 25 54 115 235 307 366 790 1356 947 727 503 466 474 598 520 584 775 721 289 5268
 ... : 18 25 54 115 235 307 366 790 1356 947 727 503 468 488 614 545 593 778 725 289 5277
 ... : 18 25 54 115 235 307 366 790 1356 947 727 500 471 493 627 554 597 781 727 290 5300
 ... : 18 25 54 115 235 307 366 790 1356 947 727 500 468 495 645 570 612 783 727 290 5315
 ... : 18 25 54 115 235 307 366 790 1356 947 727 500 475 500 653 582 620 785 731 292 5350
 ... : 18 25 54 115 235 307 366 790 1356 947 727 500 475 502 662 597 637 796 732 292 5362
 ... : 18 25 54 115 235 307 366 790 1356 947 727 502 483 524 686 620 646 800 732 292 5369
 ... : 18 25 54 115 235 307 366 790 1356 947 727 506 494 555 717 633 646 800 732 293 5376
 ... : 18 25 54 115 235 307 366 790 1356 947 727 510 512 570 738 640 648 800 732 293 5392
 ... : 18 25 54 115 235 307 366 790 1356 947 727 510 517 582 770 691 649 800 732 293 5395
 ... : 18 25 54 115 235 307 366 790 1356 947 727 510 519 582 776 735 667 807 734 295 5405
 ... : 18 25 54 115 235 307 366 790 1356 947 727 510 519 582 780 749 701 811 734 300 5421
 ... : 18 25 54 115 235 307 366 790 1356 947 727 512 524 598 800 776 717 811 734 301 5430
 ... : 18 25 54 115 235 307 366 790 1356 947 727 512 524 600 815 801 766 812 734 301 5440
 ... : 18 25 54 115 235 307 366 790 1356 947 727 521 535 608 823 820 784 815 734 302 5446
 ... : 18 25 54 115 235 307 366 790 1356 947 727 528 553 623 830 833 801 819 735 302 5449
 ... : 18 25 54 115 235 307 366 790 1356 947 727 530 556 631 853 861 822 821 736 302 5452
 ... : 18 25 54 115 235 307 366 790 1356 947 727 530 556 635 846 880 851 821 742 304 5477
 ... : 18 25 54 115 235 307 366 790 1356 947 727 530 560 642 855 903 873 821 746 306 5493
 ... : 18 25 54 115 235 307 366 790 1356 947 727 530 560 645 866 922 908 825 747 312 5501
 ... : 18 25 54 115 235 307 366 790 1356 947 727 530 560 645 868 934 941 830 747 312 5531
 ... : 18 25 54 115 235 307 366 790 1356 947 727 530 560 647 869 936 975 854 754 316 5553
 ... : 18 25 54 115 235 307 366 790 1356 947 727 530 560 648 872 947 1016 879 755 318 5561
 ... : 18 25 54 115 235 307 366 790 1356 947 727 530 560 648 873 962 1056 895 757 318 5572
 ... : 18 25 54 115 235 307 366 790 1356 947 727 530 560 646 871 963 1083 944 758 319 5580
 ... : 18 25 54 115 235 307 366 790 1356 947 727 530 561 648 870 977 1115 963 759 319 5587
 ... : 18 25 54 115 235 307 366 790 1356 947 727 530 562 649 872 992 1141 976 760 320 5602
 ... : 18 25 54 115 235 307 366 790 1356 947 727 530 562 649 872 1000 1183 1021 768 321 5607
 ... : 18 25 54 115 235 307 366 790 1356 947 727 530 561 647 871 988 1164 1033 772 321 5619
 ... : 18 25 54 115 235 307 366 790 1356 947 727 530 561 646 869 992 1193 1068 782 324 5630
 ... : 18 25 54 115 235 307 366 790 1356 947 727 533 567 652 878 1013 1221 1094 783 324 5643
 ... : 18 25 54 115 235 307 366 790 1356 947 727 533 567 652 883 1037 1267 1113 792 324 5649
 ... : 18 25 54 115 235 307 366 790 1356 947 727 533 567 652 886 1040 1287 1161 799 325 5656
 ... : 18 25 54 115 235 307 366 790 1356 947 727 533 568 653 897 1055 1314 1192 808 325 5660
 ... : 18 25 54 115 235 307 366 790 1356 947 727 533 568 654 898 1065 1338 1218 817 325 5684
 ... : 18 25 54 115 235 307 366 790 1356 947 727 533 568 654 902 1096 1361 1229 821 326 5706
 ... : 18 25 54 115 235 307 366 790 1356 947 727 533 568 663 920 1131 1383 1230 823 327 5714
 ... : 18 25 54 115 235 307 366 790 1356 947 727 533 569 670 931 1171 1404 1232 824 327 5719
 ... : 18 25 54 115 235 307 366 790 1356 947 727 533 576 681 945 1196 1435 1234 824 327 5726
 ... : 18 25 54 115 235 307 366 790 1356 947 727 534 578 687 957 1228 1473 1237 824 327 5733
 ... : 18 25 54 115 235 307 366 790 1356 947 727 534 578 686 956 1226 1522 1274 832 328 5741
 ... : 18 25 54 115 235 307 366 790 1356 947 727 534 578 686 956 1226 1573 1324 837 328 5748
 ... : 18 25 54 115 235 307 366 790 1356 947 727 534 578 686 957 1240 1611 1369 837 328 5761
 ... : 18 25 54 115 235 307 366 790 1356 947 727 534 578 687 963 1249 1646 1394 850 329 5768
 ... : 18 25 54 115 235 307 366 790 1356 947 727 534 578 687 967 1259 1670 1419 856 330 5785
 ... : 18 25 54 115 235 307 366 790 1356 947 727 534 578 687 969 1264 1701 1468 864 330 5789
 ... : 18 25 54 115 235 307 366 790 1356 947 727 534 578 687 970 1267 1755 1520 870 331 5791
 ... : 18 25 54 115 235 307 366 790 1356 947 727 535 581 680 960 1265 1788 1539 871 331 5793
 ... : 18 25 54 115 235 307 366 790 1356 947 727 535 581 682 964 1263 1801 1587 873 335 5811
 ... : 18 25 54 115 235 307 366 790 1356 947 727 535 581 682 963 1256 1807 1628 873 335 5835
 ... : 18 25 54 115 235 307 366 790 1356 947 727 535 581 682 967 1268 1832 1655 874 335 5839
 ... : 18 25 54 115 235 307 366 790 1356 947 727 535 579 686 972 1272 1880 1703 874 335 5840
 ... : 18 25 54 115 235 307 366 790 1356 947 727 534 574 701 1014 1297 1885 1708 874 335 5850
 ... : 18 25 54 115 235 307 366 790 1356 947 727 534 572 697 1008 1313 1920 1740 875 335 5854
 ... : 18 25 54 115 235 307 366 790 1356 947 727 534 572 692 990 1296 1937 1804 875 335 5854
 ... : 18 25 54 115 235 307 366 790 1356 947 727 534 572 691 1002 1325 1941 1825 877 337 5859
 ... : 18 25 54 115 235 307 366 790 1356 947 727 534 571 696 1033 1360 1961 1827 877 337 5865
 ... : 18 25 54 115 235 307 366 790 1356 947 727 534 570 694 1028 1394 2009 1836 877 338 5867
 ... : 18 25 54 115 235 307 366 790 1356 947 727 534 570 694 1035 1440 2053 1840 877 339 5870
 ... : 18 25 54 115 235 307 366 790 1356 947 727 534 570 696 1059 1480 2092 1841 877 340 5873
 ... : 18 25 54 115 235 307 366 790 1356 947 727 531 556 679 1039 1465 2105 1846 877 340 5876
 ... : 18 25 54 115 235 307 366 790 1356 947 727 531 556 678 1034 1468 2151 1886 878 341 5885
 ... : 18 25 54 115 235 307 366 790 1356 947 727 531 556 678 1033 1474 2177 1924 882 343 5896
 ... : 18 25 54 115 235 307 366 790 1356 947 727 531 556 671 1029 1458 2189 1968 886 343 5916
 ... : 18 25 54 115 235 307 366 790 1356 947 727 531 556 671 1029 1458 2208 2036 887 345 5924
 ... : 18 25 54 115 235 307 366 790 1356 947 727 531 554 663 1025 1449 2229 2086 887 346 5929
 ... : 18 25 54 115 235 307 366 790 1356 947 727 531 554 663 1024 1452 2240 2118 889 346 5935
 ... : 18 25 54 115 235 307 366 790 1356 947 727 531 554 663 1019 1433 2228 2144 889 346 5971
 ... : 18 25 54 115 235 307 366 790 1356 947 727 531 554 663 1019 1431 2266 2201 890 346 5978
 ... : 18 25 54 115 235 307 366 790 1356 947 727 531 554 663 1019 1428 2273 2211 911 356 6000
 ... : 18 25 54 115 235 307 366 790 1356 947 727 531 554 663 1019 1427 2273 2253 939 361 6031
 ... : 18 25 54 115 235 307 366 790 1356 947 727 531 554 663 1019 1427 2278 2290 964 363 6060
 ... : 18 25 54 115 235 307 366 790 1356 947 727 531 554 663 1019 1427 2282 2350 1008 367 6072
 ... : 18 25 54 115 235 307 366 790 1356 947 727 531 554 663 1019 1427 2278 2393 1059 367 6086
 ... : 18 25 54 115 235 307 366 790 1356 947 727 531 554 663 1019 1427 2287 2452 1101 369 6099
 ... : 18 25 54 115 235 307 366 790 1356 947 727 531 554 663 1019 1427 2292 2494 1135 371 6117
 ... : 18 25 54 115 235 307 366 790 1356 947 727 531 554 663 1019 1427 2294 2543 1182 373 6130
 ... : 18 25 54 115 235 307 366 790 1356 947 727 531 554 663 1019 1427 2307 2581 1216 378 6148
 ... : 18 25 54 115 235 307 366 790 1356 947 727 531 554 663 1019 1427 2312 2619 1257 382 6165
 ... : 18 25 54 115 235 307 366 790 1356 947 727 531 554 663 1019 1427 2314 2637 1291 397 6180
 ... : 18 25 54 115 235 307 366 790 1356 947 727 531 554 663 1019 1427 2322 2690 1345 400 6186
 ... : 18 25 54 115 235 307 366 790 1356 947 727 531 554 663 1019 1427 2327 2743 1395 401 6192
 ... : 18 25 54 115 235 307 366 790 1356 947 727 531 554 663 1019 1427 2331 2785 1439 403 6215
 ... : 18 25 54 115 235 307 366 790 1356 947 727 531 554 663 1019 1427 2330 2832 1490 404 6224
 ... : 18 25 54 115 235 307 366 790 1356 947 727 531 554 663 1019 1427 2345 2883 1533 404 6232
 ... : 18 25 54 115 235 307 366 790 1356 947 727 531 554 663 1019 1427 2346 2932 1594 406 6241
 ... : 18 25 54 115 235 307 366 790 1356 947 727 531 554 663 1019 1427 2346 2961 1660 406 6249
 ... : 18 25 54 115 235 307 366 790 1356 947 727 531 554 663 1019 1425 2340 2999 1712 408 6251
 ... : 18 25 54 115 235 307 366 790 1356 947 727 531 554 663 1019 1424 2341 3047 1746 413 6261
 ... : 18 25 54 115 235 307 366 790 1356 947 727 531 554 663 1019 1424 2339 3093 1802 413 6270
 ... : 18 25 54 115 235 307 366 790 1356 947 727 531 553 660 1037 1439 2344 3117 1830 416 6276
 ... : 18 25 54 115 235 307 366 790 1354 947 727 531 551 659 1033 1444 2358 3119 1830 418 6276
 ... : 18 25 54 115 235 307 366 790 1354 947 727 530 548 655 1028 1463 2403 3127 1832 419 6282
 ... : 18 25 54 115 235 307 366 790 1354 947 727 530 547 647 1022 1438 2423 3165 1834 419 6285
 ... : 18 25 54 115 235 307 366 790 1354 947 727 530 546 644 1025 1448 2444 3206 1834 419 6293
 ... : 18 25 54 115 235 307 366 790 1354 947 727 530 546 644 1024 1450 2490 3254 1835 419 6303
 ... : 18 25 54 115 235 307 366 790 1354 947 727 529 544 641 1013 1452 2531 3304 1838 419 6310
 ... : 18 25 54 115 235 307 366 790 1354 947 727 529 544 638 997 1448 2573 3318 1848 424 6323
 ... : 18 25 54 115 235 307 366 790 1354 947 727 529 543 627 953 1439 2613 3346 1852 424 6329
 ... : 18 25 54 115 235 307 366 790 1354 947 727 529 543 615 942 1420 2591 3377 1852 424 6333
 ... : 18 25 54 115 235 307 366 790 1354 947 727 529 543 614 942 1419 2642 3418 1852 424 6341
 ... : 18 25 54 115 235 307 366 790 1354 947 726 529 540 600 924 1368 2553 3462 1854 424 6351
 ... : 18 25 54 115 235 307 366 790 1354 947 726 529 540 600 924 1364 2544 3494 1876 424 6355
 ... : 18 25 54 115 235 307 366 790 1354 947 726 529 540 600 923 1357 2538 3528 1925 426 6370
 ... : 18 25 54 115 235 307 366 790 1354 947 726 529 540 600 923 1356 2547 3570 1951 426 6395
 ... : 18 25 54 115 235 307 366 790 1354 947 726 529 540 600 923 1356 2555 3619 1982 426 6406
 ... : 18 25 54 115 235 307 366 790 1354 947 726 529 540 600 923 1355 2553 3669 2032 431 6418
 ... : 18 25 54 115 235 307 366 790 1354 947 726 529 540 600 923 1355 2551 3707 2094 433 6422
 ... : 18 25 54 115 235 307 366 790 1354 947 723 527 537 587 860 1259 2392 3714 2112 434 6441
 ... : 18 25 54 115 235 307 366 790 1354 947 723 527 537 586 856 1205 2215 3370 2151 434 6443
 ... : 18 25 54 115 235 307 366 790 1354 947 720 524 537 585 853 1194 2185 3392 2199 436 6446
 ... : 18 25 54 115 235 307 366 790 1354 947 720 524 537 585 848 1185 2142 3296 2252 438 6451
 ... : 18 25 54 115 235 307 366 790 1354 947 720 523 535 573 832 1145 2073 3110 2269 441 6451
 ... : 18 25 54 115 235 307 366 790 1354 947 720 523 535 573 832 1145 2067 3050 2278 441 6452
 ... : 18 25 54 115 235 307 366 790 1354 947 720 523 533 571 825 1136 1960 2917 2247 441 6452
 ... : 18 25 54 115 235 307 366 790 1354 947 720 523 532 566 817 1131 1942 2837 2264 441 6452
 ... : 18 25 54 115 235 307 366 790 1354 947 720 523 532 566 817 1131 1941 2835 2302 442 6452
 ... : 18 25 54 115 235 307 366 790 1354 947 720 523 532 566 817 1127 1927 2823 2321 443 6452
 ... : 18 25 54 115 235 307 366 790 1354 947 720 523 532 566 817 1127 1922 2836 2318 445 6452
 ... : 18 25 54 115 235 307 366 790 1354 947 720 523 532 564 811 1114 1858 2718 2046 446 6452
 ... : 18 25 54 115 235 307 366 790 1354 947 719 523 531 564 809 1109 1856 2707 2031 473 6459
 ... : 18 25 54 115 235 307 366 790 1354 947 719 523 531 560 808 1106 1845 2690 2048 537 6463
 ... : 18 25 54 115 235 307 366 790 1354 947 719 523 531 560 808 1106 1844 2680 2060 629 6468
 ... : 18 25 54 115 235 307 366 790 1354 947 719 523 531 560 808 1106 1829 2667 2067 712 6469
 ... : 18 25 54 115 235 307 366 790 1354 947 719 523 531 560 806 1104 1819 2644 2067 806 6472
 ... : 18 25 54 115 235 307 366 790 1354 947 719 522 531 558 803 1098 1811 2544 1976 812 6472
 ... : 18 25 54 115 235 307 366 790 1354 947 719 522 531 557 803 1098 1768 2477 1924 812 6472
 ... : 18 25 54 115 235 307 366 790 1354 947 719 522 531 556 802 1090 1748 2448 1888 816 6472
 ... : 18 25 54 115 235 307 366 790 1354 947 719 522 531 556 802 1090 1748 2446 1825 800 6473
 ... : 18 25 54 115 235 307 366 790 1354 947 719 522 531 556 802 1090 1723 2411 1809 790 6473
 ... : 18 25 54 115 235 307 366 790 1354 947 719 522 531 556 802 1090 1723 2409 1808 791 6474
 ... : 18 25 54 115 235 307 366 790 1354 947 719 522 531 556 802 1090 1723 2409 1808 793 6474
 ... : 18 25 54 115 235 307 366 790 1354 947 719 522 531 556 802 1090 1723 2409 1813 799 6475
 ... : 18 25 54 115 235 307 366 790 1354 947 719 522 531 556 802 1090 1723 2408 1816 810 6476
 ... : 18 25 54 115 235 307 366 790 1354 947 719 522 531 556 802 1090 1723 2408 1816 811 6476
 ... : 18 25 54 115 235 307 366 790 1354 947 719 522 531 554 799 1088 1717 2384 1786 795 6505
 ... : 18 25 54 115 235 307 366 790 1354 947 719 521 531 552 792 1074 1693 2347 1739 682 6569
 ... : 18 25 54 115 235 307 366 790 1354 947 719 521 531 550 790 1071 1689 2327 1694 662 6582
 ... : 18 25 54 115 235 307 366 790 1354 947 719 521 531 547 786 1066 1684 2308 1678 661 6608
 ... : 18 25 54 115 235 307 366 790 1354 947 719 521 531 547 786 1066 1684 2311 1700 688 6650
 ... : 18 25 54 115 235 307 366 790 1354 947 719 520 526 541 781 1064 1678 2307 1713 702 6682
  22 : 18 25 54 115 233 303 365 786 1341 920 686 458 379 277 267 325 251 57 57 204 490 8759
  23 : 18 25 54 115 233 303 364 787 1340 919 682 456 379 276 266 318 248 55 58 201 477 204 8572
  24 : 18 25 54 115 233 303 364 787 1340 919 682 456 379 276 266 318 248 55 58 163 474 187 62 8587
  25 : 18 25 54 114 233 303 364 787 1340 919 682 456 379 276 266 318 248 55 58 163 474 187 41 24 8595
  26 : 18 25 54 114 233 303 364 787 1340 919 682 456 379 276 266 318 248 55 58 163 474 187 41 24 25 8566
  27 : 18 25 54 114 233 303 364 787 1340 919 682 456 379 276 266 318 248 55 53 163 474 186 39 23 10 0 8630
completing final invariant with sub-IC3 call...
num_solve_calls = 2485424
num_solve_sat_calls = 926701
num_solve_unsat_calls = 47174
num_solve_approx_calls = 1441719
num_solve_approx_unsat_calls = 544900
num_solve_conflicts = 662299
num_solve_decisions = 102405066
num_solve_propagations = 1156337430
avg_solve_conflicts = 1
avg_solve_decisions = 42
avg_solve_propagations = 466
avg_solve_unsat_decisions = 0.386
stddev_solve_unsat_decisions = 5.010
num_added_cubes = 153637
num_subsumed_cubes = 137222
num_gc_frame = 163
num_reset = 218
num_try_blocking = 1213330
get_bad_cube_time = 62.102
rec_block_cube_time = 348.120
propagate_forward_time = 77.611
generalize_model_time = 44.503
generalize_and_push_time = 202.969
try_blocking_time = 290.585
reset_time = 33.299
clausify_time = 2.594
preprocess_time = 29.895
solve_time = 338.280
solve_sat_time = 265.490
solve_unsat_time = 72.791
prove_time = 488.657
memory_used_mb = 59
total_time = 1728.629
Safe
