initialized model with 32922 latches, 647 inputs and 1 properties
tsim: reached all X state
tsim: performed 544 steps
checking bound 0
checking bound 1
checking bound 2
tdecomp: unrolling 2 cycles
tsim: reached all X state
tsim: performed 543 steps
tdecomp: no improvement found, reverting original model
   2 : 70 17
 ... : 108 117
 ... : 164 186
   3 : 176 126 95
 ... : 182 158 167
   4 : 184 167 60 173
 ... : 186 176 78 239
 ... : 186 190 105 290
 ... : 193 199 131 333
 ... : 198 215 164 378
 ... : 201 231 189 420
 ... : 208 246 214 466
 ... : 214 252 236 524
   5 : 204 226 214 201 402
 ... : 209 236 236 228 446
 ... : 213 237 248 251 490
 ... : 216 243 257 273 529
 ... : 220 256 276 292 564
 ... : 223 260 292 311 601
 ... : 221 260 305 333 638
 ... : 225 268 316 345 665
 ... : 230 273 325 374 697
 ... : 233 282 338 382 729
 ... : 244 293 353 397 749
   6 : 212 257 317 370 340 500
 ... : 212 261 324 396 368 526
 ... : 215 263 329 416 388 545
 ... : 215 261 331 424 398 580
 ... : 217 270 348 442 414 593
 ... : 217 272 347 443 420 617
 ... : 218 275 355 460 440 623
 ... : 219 278 370 478 453 646
 ... : 222 283 379 494 468 660
 ... : 222 282 377 512 502 699
 ... : 224 285 381 528 527 721
 ... : 226 285 382 535 545 761
 ... : 236 294 403 556 565 766
 ... : 240 298 413 581 586 781
 ... : 246 301 419 603 606 795
 ... : 245 300 416 612 643 843
 ... : 245 299 415 612 652 888
 ... : 248 301 422 635 679 901
 ... : 248 301 423 643 695 944
 ... : 247 297 421 650 717 976
 ... : 252 303 432 659 730 992
 ... : 257 308 448 676 755 995
 ... : 266 317 464 681 772 995
 ... : 269 320 470 690 801 1020
 ... : 270 323 470 703 824 1042
 ... : 274 326 475 718 831 1051
 ... : 274 328 479 729 854 1092
 ... : 275 331 484 731 850 1130
 ... : 286 331 484 758 857 1138
 ... : 293 334 489 776 878 1154
 ... : 296 335 490 777 887 1185
   7 : 255 305 389 593 635 483 981
 ... : 255 305 389 596 648 503 1028
 ... : 255 305 393 605 661 524 1058
 ... : 255 305 393 611 669 545 1082
 ... : 255 306 396 618 682 564 1112
 ... : 252 301 398 626 696 577 1139
 ... : 252 298 392 614 698 596 1149
 ... : 256 303 397 629 715 627 1156
 ... : 259 304 399 632 720 643 1175
 ... : 264 304 405 635 719 657 1193
 ... : 265 304 408 642 729 673 1217
 ... : 264 302 404 648 735 696 1242
 ... : 266 303 408 657 744 712 1260
 ... : 265 303 407 673 759 733 1280
 ... : 267 305 411 676 759 750 1301
 ... : 269 308 415 687 765 746 1322
 ... : 269 310 419 692 767 760 1331
 ... : 273 313 423 698 777 774 1341
 ... : 272 313 423 700 791 811 1365
 ... : 271 313 424 714 800 823 1364
 ... : 271 313 424 717 806 848 1398
 ... : 273 315 426 716 812 849 1403
 ... : 272 317 428 722 815 870 1418
 ... : 272 319 431 723 816 882 1438
 ... : 272 321 432 713 815 896 1456
 ... : 276 326 438 727 817 916 1477
 ... : 275 328 442 731 814 912 1490
 ... : 278 331 447 733 808 920 1495
 ... : 279 331 449 731 812 931 1510
 ... : 283 334 452 738 826 969 1532
 ... : 283 334 453 731 828 980 1569
   8 : 253 325 393 635 688 827 529 1150
 ... : 253 326 394 641 701 842 539 1160
 ... : 255 329 396 650 712 874 551 1160
 ... : 255 330 398 651 712 873 563 1160
 ... : 256 332 400 655 727 895 581 1165
 ... : 260 336 408 666 730 886 563 1170
 ... : 265 338 414 676 743 917 563 1176
 ... : 270 344 422 684 756 930 568 1176
 ... : 272 345 422 681 746 916 574 1179
 ... : 272 345 422 682 742 941 588 1212
 ... : 275 346 424 680 741 932 586 1223
 ... : 278 347 428 679 751 941 590 1225
 ... : 280 348 430 681 749 952 596 1232
 ... : 280 348 430 681 750 960 597 1250
 ... : 280 348 430 681 750 964 600 1272
 ... : 289 349 438 686 757 978 603 1281
 ... : 291 349 441 714 775 994 612 1286
 ... : 291 349 441 725 785 1033 630 1292
 ... : 291 349 442 713 765 1016 648 1304
 ... : 292 350 442 712 759 997 646 1346
 ... : 292 353 444 718 773 1020 660 1346
 ... : 297 355 453 726 778 1032 680 1354
 ... : 305 355 470 733 785 1046 687 1354
 ... : 307 355 473 734 791 1069 716 1371
 ... : 307 355 473 731 794 1079 729 1393
 ... : 308 355 474 734 796 1084 713 1417
 ... : 311 354 481 737 807 1104 722 1417
 ... : 314 354 487 739 816 1118 735 1422
 ... : 317 359 493 740 819 1121 738 1444
 ... : 322 359 498 744 823 1132 740 1444
 ... : 323 362 510 746 823 1141 751 1446
 ... : 329 362 522 752 830 1155 757 1449
 ... : 350 383 545 758 845 1158 759 1453
 ... : 353 386 548 769 862 1173 774 1466
 ... : 352 388 548 766 859 1173 787 1474
 ... : 352 388 550 763 866 1190 797 1486
 ... : 355 392 555 764 866 1212 813 1505
 ... : 358 397 563 768 875 1220 825 1533
 ... : 363 403 569 779 885 1237 835 1544
 ... : 364 404 576 788 893 1255 848 1556
 ... : 368 407 579 794 896 1260 864 1576
 ... : 367 407 579 795 898 1283 880 1591
 ... : 366 407 579 798 893 1273 873 1618
 ... : 366 407 579 805 903 1304 888 1626
 ... : 367 408 581 801 903 1289 899 1650
 ... : 366 409 583 807 912 1310 933 1670
 ... : 367 410 585 808 917 1325 978 1711
 ... : 367 410 585 809 919 1344 1009 1742
 ... : 368 411 588 814 924 1357 1034 1775
 ... : 371 411 590 817 924 1355 1035 1807
 ... : 375 417 597 830 936 1368 1041 1814
 ... : 377 419 602 835 946 1391 1062 1827
 ... : 376 419 604 835 949 1413 1074 1833
 ... : 377 420 606 840 955 1437 1117 1852
 ... : 380 422 609 847 964 1446 1136 1885
 ... : 382 424 613 853 971 1463 1157 1901
 ... : 383 427 621 856 985 1487 1169 1901
 ... : 385 430 627 863 998 1514 1189 1904
 ... : 387 431 629 865 1002 1519 1213 1928
 ... : 386 432 630 867 1003 1522 1221 1948
 ... : 386 436 631 870 1004 1534 1224 1948
 ... : 386 435 632 876 1008 1532 1217 1968
 ... : 386 435 632 876 1010 1538 1252 1995
 ... : 386 435 633 879 1011 1545 1256 2023
 ... : 386 435 635 882 1010 1536 1250 2056
 ... : 386 435 638 886 1017 1537 1247 2073
   9 : 354 418 609 837 905 1391 1203 651 1547
 ... : 355 419 609 837 904 1390 1222 672 1563
 ... : 356 420 609 837 904 1390 1235 698 1595
 ... : 357 421 613 841 905 1406 1230 693 1608
 ... : 356 422 618 849 919 1419 1233 699 1614
 ... : 356 422 618 850 919 1425 1248 726 1634
 ... : 356 423 619 852 921 1443 1266 743 1648
 ... : 359 426 626 866 939 1463 1277 743 1651
 ... : 359 428 628 867 939 1485 1313 759 1651
 ... : 360 430 629 872 948 1496 1346 791 1654
 ... : 360 430 629 872 950 1508 1377 817 1657
 ... : 360 430 629 871 947 1505 1401 873 1691
 ... : 360 430 629 871 947 1504 1409 917 1738
 ... : 360 430 629 871 947 1504 1412 969 1790
 ... : 360 430 629 871 947 1507 1428 1017 1829
 ... : 360 430 629 871 947 1511 1441 1057 1868
 ... : 360 430 629 871 947 1508 1453 1107 1911
 ... : 360 430 629 871 947 1510 1462 1136 1948
 ... : 361 431 629 874 948 1515 1396 1135 1975
 ... : 361 431 630 877 953 1536 1447 1165 1976
 ... : 363 434 631 881 958 1536 1462 1187 1977
 ... : 363 435 631 883 961 1536 1484 1217 1997
 ... : 363 435 631 883 962 1541 1504 1255 2041
 ... : 363 435 631 883 962 1548 1520 1291 2073
 ... : 363 435 631 883 962 1548 1526 1259 2106
 ... : 363 436 631 885 964 1554 1534 1292 2138
 ... : 363 436 632 886 964 1555 1549 1332 2173
 ... : 363 437 634 888 968 1567 1562 1355 2201
 ... : 363 437 634 888 971 1575 1578 1375 2224
 ... : 363 438 633 887 972 1587 1609 1408 2228
 ... : 363 438 633 886 971 1590 1625 1448 2263
 ... : 363 438 633 886 972 1599 1624 1428 2292
 ... : 363 438 633 886 972 1600 1638 1466 2335
 ... : 365 440 636 894 975 1607 1643 1477 2355
 ... : 368 447 640 907 982 1616 1650 1481 2355
 ... : 369 446 640 911 989 1635 1663 1484 2356
 ... : 369 446 640 910 988 1629 1681 1522 2375
 ... : 369 446 640 910 986 1628 1686 1561 2426
 ... : 369 446 640 910 986 1623 1693 1578 2473
 ... : 369 446 640 910 986 1623 1708 1618 2511
 ... : 370 446 642 910 984 1628 1722 1631 2528
 ... : 375 450 652 912 992 1643 1736 1642 2530
 ... : 375 450 652 910 994 1645 1753 1684 2557
 ... : 378 452 656 915 996 1650 1760 1711 2596
 ... : 381 452 661 918 996 1649 1773 1743 2640
 ... : 381 452 662 922 1001 1676 1798 1748 2654
 ... : 380 451 663 921 1004 1692 1815 1773 2655
 ... : 380 451 665 924 1010 1705 1834 1800 2672
 ... : 380 451 665 924 1012 1714 1843 1814 2691
