initialized model with 31947 latches, 1560 inputs and 1 properties
tsim: performed 85 steps
tsim: found cycle from 82
tsim: found 786 constants and 0 latch equivalences
seqsimpl: (31947, 1560) -> (18364, 852)
checking bound 0
checking bound 1
checking bound 2
tdecomp: unrolling 2 cycles
tsim: performed 83 steps
tsim: found cycle from 80
tdecomp: no improvement found, reverting original model
   2 : 26 3
 ... : 51 83
   3 : 58 28 130
   4 : 55 24 39 107
 ... : 70 32 62 161
 ... : 75 34 90 222
 ... : 76 35 133 289
 ... : 83 38 163 320
 ... : 88 44 178 369
 ... : 91 45 202 430
 ... : 91 46 246 493
 ... : 101 53 278 533
   5 : 79 46 250 115 500
   6 : 79 46 251 85 111 443
 ... : 80 47 254 87 119 506
 ... : 80 47 259 89 129 582
 ... : 81 50 273 93 128 628
 ... : 80 51 284 106 143 644
 ... : 81 55 293 116 155 672
 ... : 81 55 307 126 169 695
 ... : 81 55 316 132 173 736
 ... : 81 61 327 143 183 753
 ... : 81 67 336 152 195 775
 ... : 81 67 345 159 203 811
 ... : 81 67 359 167 222 828
   7 : 81 67 362 170 229 152 721
 ... : 81 67 368 178 243 152 747
 ... : 83 67 373 181 260 173 763
 ... : 83 67 387 196 281 187 765
 ... : 84 67 393 203 295 201 773
 ... : 84 67 405 214 315 222 774
 ... : 85 67 413 220 332 235 779
 ... : 85 67 426 232 352 257 780
 ... : 86 67 433 239 370 270 792
 ... : 86 67 444 250 392 292 792
 ... : 88 67 447 258 404 285 841
 ... : 89 67 454 264 417 302 852
 ... : 91 67 456 268 425 290 911
 ... : 92 68 459 271 429 303 953
 ... : 92 68 465 282 442 312 961
   8 : 93 69 458 272 397 239 172 927
 ... : 93 69 467 281 418 248 173 935
 ... : 93 69 475 289 428 259 181 959
 ... : 93 70 477 292 429 262 177 986
 ... : 94 69 481 297 435 270 176 1002
 ... : 94 74 479 300 443 294 194 1019
   9 : 92 73 476 294 423 271 184 167 922
 ... : 94 75 479 297 429 275 195 168 933
 ... : 94 75 478 296 428 275 200 183 950
  10 : 92 73 476 295 428 267 198 177 59 924
 ... : 92 73 486 305 455 277 201 177 59 925
 ... : 92 73 492 311 461 288 209 186 59 932
 ... : 92 73 493 314 464 298 210 194 61 950
 ... : 92 73 500 322 473 317 221 200 61 952
 ... : 93 73 503 324 479 328 231 207 61 962
 ... : 95 73 504 324 482 339 237 219 63 982
 ... : 95 73 505 325 484 347 241 226 65 994
 ... : 95 73 507 327 487 352 248 240 65 1010
 ... : 95 73 508 328 494 375 247 248 66 1024
 ... : 95 73 521 339 512 376 247 248 66 1024
 ... : 96 73 526 348 526 393 248 248 66 1028
 ... : 96 73 534 354 544 412 254 248 66 1033
 ... : 97 73 538 358 555 434 276 251 66 1038
 ... : 97 73 539 359 557 445 317 257 66 1040
 ... : 97 73 540 360 561 468 345 272 66 1046
 ... : 97 73 542 362 564 480 364 290 66 1057
 ... : 98 74 546 365 575 501 382 293 66 1065
 ... : 98 74 547 366 581 505 410 312 66 1088
 ... : 98 74 547 366 581 513 439 330 66 1101
 ... : 98 74 549 368 586 515 459 332 66 1119
 ... : 100 74 554 370 596 521 473 334 66 1134
 ... : 100 74 556 373 602 520 494 341 66 1148
 ... : 100 74 557 374 606 531 518 347 66 1165
 ... : 100 74 560 375 612 545 532 354 66 1179
 ... : 100 74 565 379 619 550 547 355 66 1195
 ... : 100 74 568 381 624 553 563 367 66 1207
 ... : 100 74 575 384 636 557 571 367 66 1218
 ... : 100 74 578 387 641 566 588 370 66 1227
 ... : 100 74 582 389 653 578 598 370 66 1231
 ... : 100 74 582 389 651 589 629 383 66 1250
 ... : 100 74 584 389 654 597 654 398 66 1262
 ... : 100 74 588 389 661 597 673 401 66 1273
 ... : 103 74 589 391 671 603 687 405 66 1285
 ... : 105 74 591 395 679 608 703 416 66 1291
 ... : 107 74 594 399 687 614 717 422 66 1303
 ... : 108 74 598 401 694 617 732 425 66 1319
 ... : 109 74 601 404 702 621 749 434 66 1321
 ... : 109 74 605 408 707 626 768 448 66 1322
 ... : 111 74 605 408 710 629 792 482 66 1331
 ... : 111 75 610 413 719 637 805 497 66 1336
 ... : 111 75 615 416 726 650 826 502 66 1345
 ... : 111 75 618 420 732 661 840 510 66 1358
 ... : 111 75 620 422 736 665 869 519 66 1371
 ... : 111 75 623 425 737 671 888 527 66 1387
 ... : 112 75 629 430 745 676 901 532 66 1400
 ... : 113 75 634 436 753 683 916 537 66 1409
 ... : 113 75 636 437 758 693 933 552 66 1419
 ... : 115 75 637 437 761 704 950 568 66 1429
 ... : 116 75 639 438 765 714 972 577 66 1436
 ... : 117 75 641 438 771 725 987 594 66 1440
 ... : 117 75 641 439 771 730 1005 613 66 1442
 ... : 117 75 643 440 773 736 1021 631 66 1447
 ... : 117 75 644 440 776 747 1042 649 66 1453
 ... : 117 78 652 443 786 751 1061 666 66 1456
 ... : 117 78 657 449 796 765 1073 671 66 1457
 ... : 117 78 659 451 799 778 1088 691 66 1473
 ... : 117 78 662 452 803 785 1103 712 66 1485
 ... : 117 78 665 455 809 803 1121 721 66 1492
 ... : 117 78 666 457 813 817 1142 747 66 1497
 ... : 117 78 666 457 813 823 1153 796 66 1500
 ... : 118 78 666 457 812 827 1172 827 66 1507
 ... : 118 78 667 457 812 828 1186 860 66 1520
 ... : 118 78 667 457 811 828 1194 913 66 1529
 ... : 118 78 669 459 815 838 1211 944 66 1536
 ... : 118 78 670 459 816 840 1218 977 68 1543
 ... : 118 78 672 461 819 854 1225 990 73 1554
 ... : 118 78 673 462 818 860 1234 1014 74 1569
 ... : 118 78 673 462 813 864 1228 1032 77 1586
 ... : 118 78 674 464 809 858 1223 1029 83 1608
 ... : 118 78 680 467 812 867 1232 1034 83 1614
 ... : 118 79 686 473 822 882 1250 1036 83 1624
 ... : 118 79 688 475 826 887 1268 1043 83 1640
 ... : 118 79 688 475 827 894 1292 1058 83 1649
 ... : 118 79 692 478 831 902 1308 1071 83 1653
 ... : 118 79 693 478 833 913 1323 1102 83 1658
 ... : 118 79 693 478 832 913 1337 1143 84 1664
 ... : 118 79 693 478 830 916 1347 1182 84 1675
 ... : 118 79 693 478 830 914 1355 1231 86 1689
 ... : 118 79 693 478 829 912 1363 1260 99 1718
 ... : 118 79 693 478 829 912 1365 1303 118 1744
 ... : 118 79 693 478 829 912 1364 1341 139 1761
 ... : 118 79 693 478 828 911 1364 1395 166 1772
 ... : 118 79 693 478 828 911 1364 1445 183 1798
 ... : 118 79 693 478 827 910 1360 1493 217 1817
 ... : 118 79 693 478 827 908 1359 1542 250 1833
 ... : 118 79 693 478 827 905 1359 1592 274 1849
 ... : 118 79 693 478 825 905 1373 1632 292 1861
 ... : 118 79 693 478 825 906 1383 1668 313 1869
 ... : 118 79 693 478 825 906 1386 1696 345 1884
 ... : 118 79 693 478 825 907 1382 1729 370 1885
 ... : 118 79 693 478 825 915 1392 1768 378 1892
 ... : 118 79 693 478 825 916 1400 1785 398 1898
 ... : 118 79 693 478 824 918 1410 1808 399 1908
 ... : 118 79 693 478 822 918 1415 1822 393 1921
 ... : 118 79 694 478 821 921 1426 1844 404 1931
 ... : 118 79 694 478 820 921 1437 1877 410 1943
 ... : 118 79 694 478 820 919 1436 1921 438 1946
 ... : 118 79 695 478 822 930 1451 1951 442 1948
 ... : 118 79 695 478 822 929 1459 1977 448 1946
 ... : 118 79 695 478 821 928 1458 2026 481 1954
 ... : 118 79 695 478 820 927 1459 2077 520 1963
 ... : 118 79 695 478 819 932 1480 2093 535 1974
 ... : 118 79 700 482 830 949 1494 2096 535 1975
 ... : 118 79 701 483 829 959 1519 2110 535 1981
 ... : 118 79 701 483 829 967 1546 2140 535 1992
 ... : 121 79 701 484 834 976 1559 2169 535 2003
 ... : 121 79 701 484 833 979 1575 2213 542 2009
 ... : 121 79 701 484 833 980 1593 2248 559 2021
 ... : 121 79 701 484 831 978 1600 2287 578 2038
 ... : 121 79 701 484 831 978 1612 2318 601 2055
 ... : 121 79 701 484 831 975 1613 2351 629 2065
 ... : 121 79 701 484 831 974 1614 2395 661 2069
 ... : 121 79 701 484 831 979 1624 2436 681 2070
 ... : 121 79 701 484 831 978 1620 2475 708 2088
 ... : 121 79 701 484 829 979 1610 2485 701 2086
 ... : 121 79 701 484 829 985 1620 2521 723 2086
 ... : 121 79 702 485 830 989 1619 2512 740 2091
 ... : 121 79 702 485 830 989 1621 2528 781 2101
 ... : 121 79 702 485 830 990 1630 2562 807 2103
 ... : 121 79 702 485 830 991 1637 2595 829 2106
 ... : 121 79 703 486 830 993 1638 2600 839 2110
 ... : 121 79 703 486 830 997 1646 2628 863 2115
 ... : 121 79 704 486 832 1007 1656 2656 874 2119
 ... : 121 79 704 486 832 1006 1659 2674 908 2129
 ... : 121 79 704 486 831 1006 1662 2678 935 2140
 ... : 121 79 704 486 829 1005 1655 2696 957 2147
 ... : 121 79 707 489 833 1010 1668 2717 959 2151
 ... : 121 79 711 494 839 1022 1684 2723 959 2161
 ... : 121 79 714 497 843 1029 1701 2731 959 2171
 ... : 121 79 714 497 840 1034 1717 2758 960 2185
 ... : 121 79 715 498 840 1036 1731 2795 959 2189
 ... : 121 79 715 498 838 1035 1748 2838 960 2194
 ... : 121 79 715 498 837 1035 1756 2870 967 2201
 ... : 121 79 718 500 842 1041 1764 2893 972 2209
 ... : 121 79 719 503 846 1057 1781 2913 972 2216
 ... : 121 79 721 504 848 1067 1792 2937 977 2216
 ... : 121 79 721 504 848 1075 1807 2966 982 2238
 ... : 121 79 721 504 848 1075 1822 2993 990 2249
 ... : 121 79 721 504 848 1073 1826 3017 1002 2266
 ... : 121 79 721 504 848 1073 1832 3051 1017 2291
 ... : 121 79 721 504 848 1073 1859 3081 1025 2295
 ... : 121 79 721 504 848 1072 1845 3088 1032 2303
 ... : 121 79 721 504 848 1072 1848 3105 1035 2306
 ... : 121 79 721 504 848 1071 1851 3118 1042 2309
 ... : 121 79 721 504 846 1072 1853 3115 1054 2328
 ... : 121 79 721 504 844 1069 1841 3104 1083 2347
 ... : 121 79 724 507 849 1083 1854 3126 1087 2348
 ... : 121 79 726 509 854 1096 1866 3158 1093 2349
 ... : 121 79 727 510 857 1103 1877 3190 1103 2357
 ... : 121 79 727 510 856 1103 1884 3215 1126 2372
 ... : 121 79 727 510 853 1099 1877 3193 1132 2382
 ... : 121 79 727 510 852 1100 1892 3223 1137 2402
 ... : 121 79 727 510 846 1095 1888 3227 1152 2428
 ... : 121 79 727 510 842 1095 1887 3233 1163 2442
 ... : 121 79 727 510 842 1095 1898 3262 1186 2450
 ... : 121 79 728 510 844 1101 1909 3295 1198 2465
 ... : 121 79 728 510 841 1102 1919 3319 1204 2474
 ... : 121 79 728 510 842 1104 1923 3342 1230 2479
 ... : 121 79 728 510 841 1102 1923 3362 1255 2487
 ... : 121 79 728 510 841 1103 1924 3355 1264 2504
 ... : 121 79 728 510 841 1102 1926 3383 1284 2518
 ... : 121 79 728 510 839 1099 1923 3390 1294 2537
 ... : 121 79 728 510 838 1097 1915 3386 1276 2561
 ... : 121 79 728 510 838 1098 1915 3381 1274 2593
 ... : 121 79 728 510 838 1098 1916 3391 1304 2615
 ... : 121 79 728 510 838 1098 1916 3393 1340 2626
 ... : 121 79 729 511 840 1102 1921 3412 1366 2636
 ... : 121 79 729 511 840 1102 1921 3421 1391 2671
 ... : 121 79 729 512 841 1108 1925 3439 1413 2699
 ... : 121 79 729 512 841 1108 1927 3448 1433 2736
 ... : 121 79 729 512 841 1108 1932 3454 1447 2775
 ... : 121 79 729 512 841 1108 1932 3464 1478 2803
 ... : 121 79 729 512 841 1108 1932 3480 1507 2816
 ... : 121 79 729 512 840 1108 1934 3482 1536 2836
 ... : 121 79 729 512 840 1108 1934 3482 1574 2843
 ... : 121 79 729 512 840 1109 1936 3490 1605 2860
 ... : 121 79 729 512 840 1110 1937 3498 1634 2886
 ... : 121 79 729 512 840 1110 1939 3508 1655 2921
 ... : 121 79 729 512 840 1110 1939 3514 1686 2962
 ... : 121 79 729 512 840 1110 1939 3518 1721 3002
 ... : 121 79 729 512 840 1110 1939 3521 1741 3042
 ... : 121 79 729 512 840 1110 1938 3529 1733 3055
 ... : 121 79 729 512 841 1115 1942 3528 1747 3091
 ... : 121 79 729 512 841 1115 1943 3539 1766 3129
 ... : 121 79 729 512 841 1115 1943 3541 1788 3170
 ... : 121 79 729 512 841 1115 1943 3551 1778 3173
 ... : 121 79 729 512 841 1115 1943 3557 1789 3207
 ... : 121 79 729 512 841 1115 1943 3564 1808 3239
 ... : 121 79 729 512 841 1115 1946 3576 1823 3277
 ... : 121 79 729 512 841 1115 1947 3587 1847 3299
 ... : 121 79 729 512 840 1116 1948 3599 1870 3322
 ... : 121 79 729 512 840 1116 1949 3620 1901 3352
 ... : 121 79 729 512 840 1116 1949 3621 1936 3391
 ... : 121 79 729 512 840 1116 1949 3626 1962 3427
 ... : 121 79 729 512 840 1116 1949 3631 1978 3458
 ... : 121 79 729 512 840 1116 1949 3633 2004 3505
 ... : 121 79 729 512 840 1116 1949 3635 2022 3542
 ... : 121 79 729 512 840 1116 1949 3638 2039 3589
 ... : 121 79 729 512 840 1116 1949 3640 2050 3599
 ... : 121 79 729 512 839 1118 1949 3652 2066 3630
 ... : 121 79 729 512 839 1118 1949 3667 2083 3656
 ... : 121 79 729 512 839 1123 1956 3694 2115 3676
 ... : 121 79 729 512 839 1123 1956 3698 2138 3719
 ... : 121 79 729 512 839 1123 1956 3705 2159 3745
 ... : 121 79 729 512 839 1123 1956 3719 2173 3768
 ... : 121 79 729 512 839 1123 1958 3727 2182 3802
 ... : 121 79 729 512 839 1123 1958 3735 2220 3846
 ... : 121 79 729 512 839 1123 1959 3743 2258 3889
 ... : 121 79 729 512 839 1123 1960 3749 2290 3934
 ... : 121 79 729 512 839 1124 1963 3755 2319 3966
 ... : 121 79 729 512 839 1125 1965 3761 2344 4003
 ... : 121 79 729 512 839 1125 1965 3768 2368 4030
 ... : 121 79 729 512 839 1128 1967 3782 2397 4055
 ... : 121 79 730 513 841 1132 1969 3795 2423 4077
 ... : 121 79 732 515 845 1140 1977 3834 2425 4080
 ... : 121 79 732 515 845 1142 1980 3856 2452 4114
 ... : 121 79 732 515 845 1141 1981 3872 2476 4157
 ... : 121 79 732 515 845 1141 1982 3877 2503 4210
 ... : 121 79 732 515 845 1141 1982 3882 2512 4249
 ... : 121 79 732 515 845 1141 1982 3891 2519 4272
 ... : 121 79 732 515 845 1141 1982 3901 2515 4313
 ... : 121 79 732 515 845 1141 1982 3904 2521 4350
 ... : 121 79 732 515 845 1141 1982 3916 2537 4380
 ... : 121 79 732 515 845 1141 1982 3921 2544 4405
 ... : 121 79 732 515 845 1141 1982 3917 2523 4405
 ... : 121 79 732 515 845 1142 1983 3917 2537 4432
 ... : 121 79 732 515 845 1142 1983 3906 2521 4451
 ... : 121 79 732 515 845 1142 1983 3911 2539 4491
 ... : 121 79 732 515 845 1142 1982 3910 2550 4545
 ... : 121 79 732 515 845 1142 1982 3913 2553 4586
 ... : 121 79 732 515 845 1142 1981 3898 2543 4623
 ... : 121 79 732 515 845 1142 1980 3900 2555 4650
 ... : 121 79 732 515 845 1142 1980 3900 2576 4695
 ... : 121 79 732 515 845 1142 1980 3900 2598 4720
 ... : 121 79 732 515 845 1142 1981 3906 2566 4689
 ... : 121 79 732 515 845 1142 1984 3910 2576 4715
 ... : 121 79 732 515 845 1142 1984 3912 2604 4752
 ... : 121 79 732 515 845 1142 1984 3917 2630 4787
 ... : 121 79 732 515 845 1142 1985 3928 2646 4819
 ... : 121 79 732 515 845 1145 1988 3941 2671 4835
 ... : 121 79 732 515 845 1145 1989 3950 2702 4849
 ... : 121 79 732 515 844 1144 1989 3955 2735 4865
 ... : 121 79 732 515 844 1144 1989 3957 2760 4899
 ... : 121 79 732 515 844 1144 1989 3961 2787 4942
 ... : 121 79 732 515 844 1144 1989 3962 2817 4983
 ... : 121 79 732 515 844 1144 1989 3962 2848 5021
 ... : 121 79 732 515 843 1144 1992 3967 2878 5062
 ... : 121 79 732 515 843 1144 1993 3966 2783 5002
 ... : 121 79 733 515 844 1145 1996 3972 2805 5031
 ... : 121 79 733 515 844 1145 1998 3980 2829 5056
 ... : 121 79 733 515 844 1145 1999 3985 2857 5078
 ... : 121 79 733 515 844 1145 2001 3987 2882 5092
 ... : 121 79 733 516 846 1149 2004 3993 2907 5114
 ... : 121 79 733 516 846 1149 2005 3994 2921 5134
 ... : 121 79 733 516 846 1149 2005 3991 2937 5166
 ... : 121 79 733 516 846 1149 2005 3987 2964 5188
 ... : 121 79 733 516 846 1149 2005 3993 2987 5224
 ... : 121 79 733 516 845 1148 2004 3971 2959 5243
 ... : 121 79 733 516 845 1148 2004 3969 2953 5245
 ... : 121 79 733 516 845 1149 2006 3971 2974 5280
 ... : 121 79 733 516 845 1149 2006 3973 2995 5323
 ... : 121 79 733 516 845 1149 2006 3973 3019 5365
 ... : 121 79 733 516 845 1150 2012 3983 3032 5403
 ... : 121 79 733 516 845 1150 2012 3990 3054 5444
 ... : 121 79 733 516 845 1150 2014 3985 3063 5469
 ... : 121 79 733 516 845 1150 2014 3987 3083 5501
 ... : 121 79 733 516 845 1150 2014 3993 3047 5483
 ... : 121 79 733 516 845 1150 2014 3994 3066 5524
 ... : 121 79 733 516 845 1150 2014 3994 3095 5567
 ... : 121 79 733 516 845 1150 2014 3994 3122 5607
 ... : 121 79 733 516 845 1150 2014 4000 3143 5646
 ... : 121 79 733 516 845 1150 2014 4000 3153 5664
 ... : 121 79 733 516 845 1150 2014 3997 3106 5639
 ... : 121 79 733 516 845 1150 2014 3997 3128 5682
 ... : 121 79 733 516 845 1150 2014 3997 3152 5718
 ... : 121 79 733 516 845 1150 2014 3996 3181 5745
 ... : 121 79 733 516 845 1150 2014 3990 3140 5725
 ... : 121 79 733 516 845 1150 2014 3987 3167 5755
 ... : 121 79 733 516 845 1150 2014 3989 3200 5789
 ... : 121 79 733 516 844 1149 2015 3976 3123 5773
 ... : 121 79 733 516 844 1149 2016 3978 3131 5778
 ... : 121 79 733 516 844 1149 2016 3978 3164 5814
 ... : 121 79 733 516 844 1149 2016 3974 3191 5850
 ... : 121 79 733 516 844 1149 2016 3974 3179 5876
 ... : 121 79 733 516 844 1149 2016 3978 3192 5913
 ... : 121 79 733 516 842 1150 2018 3990 3213 5936
 ... : 121 79 733 516 842 1150 2020 4004 3263 5946
 ... : 121 79 733 516 842 1151 2026 4013 3297 5968
 ... : 121 79 733 516 842 1151 2026 4024 3340 5990
 ... : 121 79 733 516 842 1151 2025 4017 3366 6026
 ... : 121 79 733 516 842 1153 2026 4020 3400 6041
 ... : 121 79 733 516 842 1153 2026 4023 3414 6096
 ... : 121 79 735 518 845 1161 2035 4042 3437 6102
 ... : 121 79 738 522 852 1174 2046 4053 3451 6108
 ... : 121 79 739 523 853 1178 2057 4067 3473 6120
 ... : 121 79 739 523 853 1178 2057 4063 3481 6179
 ... : 121 79 739 523 853 1178 2057 4073 3517 6233
 ... : 121 79 739 523 853 1178 2057 4077 3550 6278
 ... : 121 79 739 523 851 1176 2052 4062 3450 6306
 ... : 121 79 739 523 851 1176 2048 4053 3398 6312
 ... : 121 79 739 523 851 1176 2044 4053 3405 6332
 ... : 121 79 739 523 851 1176 2044 4059 3425 6364
 ... : 121 79 739 523 851 1177 2047 4079 3444 6379
 ... : 121 79 740 524 853 1179 2050 4087 3480 6400
 ... : 121 79 740 524 854 1183 2055 4127 3496 6406
 ... : 121 79 740 524 854 1188 2059 4149 3527 6418
 ... : 121 79 740 524 854 1188 2064 4167 3541 6452
 ... : 121 79 740 524 854 1188 2064 4183 3560 6489
 ... : 121 79 740 524 854 1188 2064 4185 3591 6523
 ... : 121 79 740 524 854 1188 2064 4193 3624 6548
 ... : 121 79 740 524 854 1188 2065 4201 3652 6590
 ... : 121 79 740 524 854 1188 2066 4210 3678 6631
 ... : 121 79 740 524 854 1188 2066 4227 3688 6661
 ... : 121 79 740 524 854 1188 2067 4235 3700 6690
 ... : 121 79 742 526 857 1194 2073 4255 3717 6703
 ... : 121 79 745 529 861 1200 2078 4273 3738 6712
 ... : 121 79 746 531 862 1203 2079 4270 3729 6746
 ... : 121 79 746 531 862 1203 2080 4279 3756 6773
 ... : 121 79 746 531 862 1204 2083 4289 3776 6802
 ... : 121 79 746 531 861 1206 2084 4297 3796 6838
 ... : 121 79 746 531 861 1206 2085 4308 3816 6868
 ... : 121 79 746 531 861 1206 2085 4309 3826 6895
 ... : 121 79 746 531 860 1208 2086 4311 3788 6896
 ... : 121 79 746 531 860 1208 2086 4311 3815 6935
 ... : 121 79 746 531 859 1208 2085 4307 3817 6984
 ... : 121 79 746 531 859 1208 2085 4308 3828 7039
 ... : 121 79 746 531 858 1209 2085 4304 3825 7088
 ... : 121 79 746 531 858 1209 2085 4304 3834 7150
 ... : 121 79 746 531 858 1209 2085 4300 3859 7195
 ... : 121 79 746 531 858 1209 2084 4298 3872 7261
 ... : 121 79 746 531 858 1209 2084 4298 3887 7327
 ... : 121 79 746 531 858 1209 2084 4299 3917 7382
 ... : 121 79 746 531 858 1209 2084 4300 3930 7440
 ... : 121 79 746 531 858 1209 2084 4300 3941 7507
 ... : 121 79 746 531 858 1209 2084 4299 3957 7544
 ... : 121 79 746 531 858 1210 2086 4296 3944 7545
 ... : 121 79 746 531 858 1210 2085 4303 3955 7567
 ... : 121 79 746 531 858 1210 2085 4299 3989 7596
 ... : 121 79 746 531 858 1210 2085 4304 4004 7636
 ... : 121 79 746 531 858 1210 2085 4312 4014 7664
 ... : 121 79 746 531 858 1210 2085 4318 4047 7677
 ... : 121 79 746 531 858 1211 2087 4324 4052 7714
 ... : 121 79 746 531 858 1211 2087 4320 4072 7745
 ... : 121 79 746 531 857 1209 2085 4295 4035 7765
 ... : 121 79 746 531 857 1208 2084 4283 3983 7763
 ... : 121 79 746 531 857 1208 2083 4273 3964 7806
 ... : 121 79 746 531 857 1208 2083 4273 3972 7829
 ... : 121 79 746 531 857 1209 2084 4274 3981 7849
 ... : 121 79 746 531 856 1209 2085 4274 3978 7857
 ... : 121 79 746 531 856 1209 2085 4277 4001 7871
 ... : 121 79 746 531 856 1208 2085 4283 3979 7887
 ... : 121 79 746 531 856 1207 2083 4278 3954 7907
 ... : 121 79 746 531 856 1207 2082 4269 3928 7954
 ... : 121 79 746 531 856 1209 2082 4278 3929 7986
 ... : 121 79 746 531 853 1210 2085 4287 3914 8011
 ... : 121 79 746 531 853 1210 2083 4264 3878 8047
 ... : 121 79 746 531 853 1209 2081 4260 3852 8091
 ... : 121 79 746 531 853 1209 2081 4250 3821 8110
 ... : 121 79 746 531 853 1209 2083 4259 3844 8145
 ... : 121 79 746 531 853 1210 2087 4257 3845 8184
 ... : 121 79 746 531 853 1211 2085 4245 3847 8211
 ... : 121 79 746 531 852 1210 2085 4244 3844 8223
 ... : 121 79 746 531 852 1209 2083 4235 3768 8165
 ... : 121 79 746 531 852 1209 2083 4250 3771 8183
 ... : 121 79 746 531 852 1208 2085 4258 3765 8197
 ... : 121 79 746 531 852 1208 2086 4262 3758 8244
 ... : 121 79 746 531 852 1207 2085 4265 3754 8300
 ... : 121 79 746 531 852 1207 2085 4265 3774 8347
 ... : 121 79 746 531 851 1207 2081 4259 3771 8371
 ... : 121 79 746 531 851 1207 2081 4259 3797 8413
 ... : 121 79 746 531 851 1205 2078 4254 3771 8421
 ... : 121 79 746 531 851 1205 2078 4252 3796 8466
 ... : 121 79 746 531 851 1205 2077 4251 3776 8427
 ... : 121 79 746 531 851 1205 2079 4265 3794 8452
 ... : 121 79 746 531 850 1204 2086 4266 3792 8449
 ... : 121 79 746 531 850 1204 2087 4280 3810 8474
 ... : 121 79 746 531 850 1203 2087 4280 3821 8505
 ... : 121 79 746 531 850 1202 2087 4283 3798 8490
 ... : 121 79 746 531 850 1202 2087 4286 3824 8515
 ... : 121 79 746 531 850 1202 2087 4282 3773 8480
 ... : 121 79 746 531 850 1201 2087 4281 3761 8501
 ... : 121 79 746 531 850 1201 2087 4280 3768 8518
 ... : 121 79 746 531 850 1201 2087 4278 3792 8551
 ... : 121 79 746 531 850 1200 2087 4278 3750 8520
 ... : 121 79 746 531 850 1200 2087 4279 3769 8563
 ... : 121 79 746 531 850 1200 2089 4288 3796 8602
 ... : 121 79 746 531 850 1200 2090 4292 3829 8640
 ... : 121 79 746 531 848 1199 2089 4286 3823 8645
 ... : 121 79 746 531 848 1199 2089 4289 3836 8673
 ... : 121 79 746 531 848 1199 2089 4294 3860 8698
 ... : 121 79 746 531 848 1200 2092 4310 3893 8743
 ... : 121 79 746 531 848 1200 2093 4325 3928 8791
 ... : 121 79 746 531 848 1200 2097 4334 3952 8833
 ... : 121 79 746 531 848 1200 2096 4335 3970 8878
 ... : 121 79 746 531 848 1200 2096 4337 3999 8925
 ... : 121 79 746 531 848 1200 2096 4341 4016 8969
 ... : 121 79 746 531 848 1200 2096 4340 3970 8959
 ... : 121 79 746 531 848 1199 2096 4332 3960 8985
 ... : 121 79 746 531 847 1198 2096 4327 3944 8953
 ... : 121 79 746 531 847 1198 2097 4330 3942 8934
 ... : 121 79 746 531 847 1198 2097 4334 3955 8970
 ... : 121 79 746 531 847 1198 2097 4336 3975 9011
 ... : 121 79 746 531 847 1198 2097 4345 4008 9054
 ... : 121 79 746 531 847 1198 2097 4347 4045 9094
 ... : 121 79 746 531 847 1198 2098 4349 4070 9122
 ... : 121 79 746 531 847 1197 2098 4342 4056 9162
 ... : 121 79 746 531 847 1197 2098 4339 4066 9191
 ... : 121 79 746 531 847 1197 2098 4340 4075 9213
 ... : 121 79 746 531 847 1197 2098 4342 4086 9215
 ... : 121 79 746 531 847 1197 2098 4344 4113 9240
 ... : 121 79 746 531 847 1197 2100 4347 4136 9271
 ... : 121 79 746 531 847 1197 2100 4352 4163 9301
 ... : 121 79 746 531 847 1197 2101 4353 4190 9333
 ... : 121 79 746 531 847 1197 2101 4355 4216 9359
 ... : 121 79 746 531 847 1197 2101 4356 4230 9407
 ... : 121 79 746 531 846 1196 2102 4356 4243 9439
 ... : 121 79 746 531 846 1196 2104 4362 4268 9465
