initialized model with 31947 latches, 1560 inputs and 1 properties
tsim: performed 85 steps
tsim: found cycle from 82
tsim: found 786 constants and 0 latch equivalences
seqsimpl: (31947, 1560) -> (18392, 852)
checking bound 0
checking bound 1
checking bound 2
tdecomp: unrolling 2 cycles
tsim: performed 83 steps
tsim: found cycle from 80
tdecomp: no improvement found, reverting original model
   2 : 26 1
 ... : 60 89
 ... : 73 161
   3 : 64 26 146
   4 : 65 23 34 126
 ... : 86 40 51 145
 ... : 93 38 68 209
 ... : 97 40 94 268
 ... : 96 39 114 338
 ... : 100 41 134 399
 ... : 102 43 152 439
 ... : 102 43 160 512
 ... : 107 45 161 572
 ... : 108 45 183 623
   5 : 87 38 159 133 539
   6 : 87 38 160 91 121 489
 ... : 88 44 168 98 124 524
 ... : 88 50 178 109 137 542
 ... : 89 52 187 118 143 569
 ... : 89 52 201 128 165 583
 ... : 89 52 204 131 169 662
 ... : 89 52 204 131 177 753
 ... : 89 56 209 141 187 793
 ... : 89 62 215 146 195 829
 ... : 89 66 226 158 208 848
 ... : 89 68 236 168 217 880
 ... : 89 68 237 170 226 950
 ... : 89 68 250 179 246 970
 ... : 93 76 255 187 257 990
   7 : 91 72 251 179 252 183 833
 ... : 97 76 258 188 254 181 862
 ... : 94 72 254 184 266 200 887
 ... : 94 74 254 189 273 212 910
 ... : 97 79 260 194 281 221 932
   8 : 95 77 260 192 262 151 116 956
 ... : 96 77 262 195 266 154 124 968
 ... : 97 78 268 203 288 167 129 978
 ... : 97 78 277 211 311 184 129 980
 ... : 98 78 285 219 328 203 132 984
 ... : 98 78 291 226 343 215 135 994
 ... : 101 78 299 230 359 230 139 1003
 ... : 103 78 303 232 374 246 141 1017
 ... : 103 79 310 235 387 251 158 1027
 ... : 102 82 324 243 408 267 158 1027
 ... : 102 82 324 245 423 296 171 1035
 ... : 102 83 326 246 434 319 198 1041
 ... : 104 83 331 251 444 322 217 1049
 ... : 104 83 338 257 452 341 226 1049
 ... : 104 83 343 260 463 370 236 1059
 ... : 104 83 344 260 459 366 283 1068
 ... : 106 83 346 263 465 378 297 1092
 ... : 106 83 348 265 470 394 308 1114
 ... : 106 83 351 267 478 408 324 1127
 ... : 106 83 355 270 485 417 342 1142
 ... : 106 83 357 273 489 424 361 1158
 ... : 106 83 360 276 491 427 387 1172
 ... : 107 83 364 277 498 434 404 1196
 ... : 108 83 366 279 504 439 419 1217
 ... : 109 83 369 280 511 448 434 1232
 ... : 110 83 370 283 517 457 448 1257
 ... : 110 83 371 284 521 467 465 1284
 ... : 111 83 373 288 526 472 486 1301
 ... : 112 83 375 291 531 484 505 1325
 ... : 114 83 379 296 543 497 514 1345
 ... : 116 83 380 298 550 506 536 1370
 ... : 119 83 382 301 559 518 552 1390
 ... : 121 83 384 305 568 532 569 1403
 ... : 122 83 387 309 579 542 580 1419
 ... : 125 83 389 313 589 551 595 1435
 ... : 127 83 392 317 599 558 609 1454
 ... : 128 83 395 320 612 567 619 1477
 ... : 129 83 395 321 615 571 647 1503
 ... : 129 83 399 324 620 579 668 1519
 ... : 129 83 399 324 622 586 697 1547
 ... : 129 83 399 324 622 585 719 1570
 ... : 129 83 399 324 622 592 749 1588
 ... : 130 83 399 324 622 592 764 1606
 ... : 130 83 399 324 620 594 779 1633
 ... : 132 83 402 327 622 603 793 1670
 ... : 132 83 403 328 622 610 797 1705
 ... : 132 83 406 332 630 624 810 1726
 ... : 132 83 407 332 628 628 812 1762
 ... : 132 83 409 334 631 636 824 1790
 ... : 132 83 411 336 635 648 836 1812
 ... : 132 83 413 337 635 651 841 1851
 ... : 132 83 414 338 636 659 851 1881
 ... : 132 83 414 339 637 668 861 1915
 ... : 132 83 418 343 646 682 881 1930
 ... : 132 83 424 347 655 697 891 1944
 ... : 132 83 428 351 660 705 911 1958
 ... : 132 83 432 352 663 709 929 1972
 ... : 132 83 438 357 670 719 940 1982
 ... : 132 83 440 359 675 731 959 2006
 ... : 132 83 444 363 680 737 975 2020
 ... : 132 83 446 365 682 740 992 2046
 ... : 132 83 449 368 686 749 1006 2061
 ... : 134 83 450 368 691 761 1024 2087
 ... : 136 83 454 371 696 769 1043 2107
 ... : 138 83 456 375 702 783 1059 2129
 ... : 138 83 457 377 706 792 1083 2158
 ... : 139 83 457 377 708 801 1105 2191
 ... : 139 83 458 379 710 810 1130 2222
 ... : 139 83 458 380 711 817 1154 2253
 ... : 139 83 458 381 711 820 1178 2283
 ... : 139 83 458 382 712 828 1201 2319
 ... : 139 83 460 382 714 843 1214 2354
 ... : 139 83 464 385 720 855 1229 2373
 ... : 139 83 468 390 725 866 1241 2385
 ... : 139 83 472 393 731 876 1258 2399
 ... : 139 83 477 397 733 880 1272 2408
 ... : 139 83 483 401 738 884 1286 2424
 ... : 139 83 489 404 745 891 1302 2434
 ... : 139 83 491 404 744 897 1322 2462
 ... : 139 83 491 404 747 901 1343 2493
 ... : 139 83 493 405 752 910 1357 2519
 ... : 139 83 494 408 758 923 1378 2545
 ... : 139 83 495 408 758 930 1401 2569
 ... : 139 83 497 411 764 945 1420 2588
 ... : 139 83 499 411 764 952 1439 2618
 ... : 139 83 500 414 769 966 1452 2649
 ... : 139 83 501 415 769 971 1474 2683
 ... : 139 83 504 416 774 983 1486 2708
 ... : 139 83 509 418 780 992 1501 2725
 ... : 139 83 515 424 788 1003 1511 2736
 ... : 139 83 519 426 794 1016 1525 2754
 ... : 139 83 521 428 797 1027 1548 2775
 ... : 139 83 525 429 804 1039 1562 2791
 ... : 139 83 529 432 809 1047 1580 2818
 ... : 139 83 531 434 811 1058 1599 2850
 ... : 139 83 531 434 814 1068 1624 2878
 ... : 139 83 533 434 818 1078 1645 2901
 ... : 139 83 533 434 818 1084 1675 2935
 ... : 139 83 534 435 821 1096 1697 2957
 ... : 139 83 534 435 819 1098 1723 2977
 ... : 139 83 535 435 820 1103 1735 3015
 ... : 139 83 535 435 817 1104 1751 3051
 ... : 139 83 536 437 818 1115 1764 3079
 ... : 139 83 536 437 818 1132 1788 3105
 ... : 139 83 536 437 818 1138 1812 3140
 ... : 139 83 541 438 824 1149 1833 3154
 ... : 139 83 547 441 832 1156 1844 3172
 ... : 139 83 552 445 834 1161 1856 3190
 ... : 139 83 555 447 838 1170 1875 3202
 ... : 139 83 560 452 843 1176 1892 3215
 ... : 139 83 565 456 848 1182 1906 3232
 ... : 139 83 566 456 851 1190 1923 3259
 ... : 139 83 568 457 851 1195 1940 3281
 ... : 139 83 570 459 853 1205 1958 3303
 ... : 139 83 570 461 854 1215 1974 3337
 ... : 139 83 572 462 860 1229 1987 3363
 ... : 139 83 573 462 862 1240 2008 3383
 ... : 139 83 575 463 866 1253 2025 3410
 ... : 139 83 576 464 867 1260 2043 3435
 ... : 139 84 581 470 876 1274 2062 3458
 ... : 139 84 583 472 878 1278 2091 3477
 ... : 139 84 586 473 882 1293 2106 3497
 ... : 139 84 586 473 880 1301 2122 3541
 ... : 139 84 586 473 880 1304 2140 3594
 ... : 139 84 588 474 883 1313 2152 3629
 ... : 139 84 590 476 883 1319 2158 3662
 ... : 139 85 596 481 892 1339 2173 3677
 ... : 139 85 597 482 892 1347 2196 3698
 ... : 139 85 599 483 897 1359 2220 3721
 ... : 139 85 606 486 906 1367 2235 3732
 ... : 139 85 611 492 910 1372 2252 3744
 ... : 139 85 617 496 915 1376 2267 3761
 ... : 139 85 619 498 919 1384 2288 3778
 ... : 139 85 623 501 922 1390 2304 3794
 ... : 139 85 623 501 921 1392 2334 3827
 ... : 139 85 625 501 925 1402 2354 3855
 ... : 139 85 626 503 928 1419 2372 3880
 ... : 139 85 627 503 929 1432 2395 3911
 ... : 139 85 628 504 931 1438 2417 3938
 ... : 139 85 629 504 933 1445 2433 3965
 ... : 139 85 631 505 935 1452 2453 3995
 ... : 139 85 632 506 937 1464 2469 4021
 ... : 139 85 633 507 938 1470 2486 4051
 ... : 139 85 636 509 942 1480 2503 4074
 ... : 139 85 641 513 949 1491 2517 4083
 ... : 139 85 648 516 954 1495 2530 4091
 ... : 139 85 653 519 958 1501 2546 4110
 ... : 139 85 653 519 958 1504 2567 4147
 ... : 139 85 656 523 964 1515 2580 4158
 ... : 139 85 659 527 971 1526 2590 4178
 ... : 139 85 660 527 972 1534 2612 4208
 ... : 139 85 660 527 971 1532 2633 4239
 ... : 139 85 662 528 973 1540 2650 4265
 ... : 139 85 663 529 977 1555 2672 4292
 ... : 139 85 664 530 980 1572 2689 4323
 ... : 139 85 664 530 979 1581 2704 4359
 ... : 139 85 664 529 978 1586 2710 4415
 ... : 139 85 664 528 978 1587 2718 4472
 ... : 139 85 664 528 978 1588 2723 4531
 ... : 139 85 666 530 978 1590 2714 4582
 ... : 139 85 677 541 1003 1601 2717 4584
   9 : 136 87 681 543 864 1220 2741 2459 2321
 ... : 138 89 681 543 865 1221 2758 2473 2356
 ... : 148 99 689 548 870 1228 2767 2476 2366
 ... : 146 97 688 548 871 1229 2776 2486 2375
 ... : 146 97 688 548 871 1228 2787 2515 2403
  10 : 143 94 685 549 871 1226 2774 2494 107 2339
 ... : 145 94 684 551 872 1232 2785 2511 111 2361
 ... : 147 98 687 556 877 1242 2795 2526 122 2372
 ... : 151 102 693 564 881 1248 2795 2517 117 2374
 ... : 151 102 693 564 880 1246 2794 2525 139 2408
 ... : 151 102 693 564 880 1246 2794 2540 149 2451
 ... : 152 102 693 564 881 1246 2787 2549 150 2483
 ... : 153 103 694 565 882 1249 2792 2551 160 2495
 ... : 153 103 694 565 882 1249 2800 2557 188 2502
 ... : 153 103 695 566 883 1259 2806 2568 193 2521
 ... : 153 103 707 578 907 1270 2808 2568 193 2521
 ... : 153 103 711 582 904 1267 2811 2580 195 2537
 ... : 153 103 712 585 907 1272 2817 2593 204 2553
 ... : 153 103 712 585 906 1272 2818 2626 211 2576
 ... : 153 103 712 585 903 1271 2811 2648 219 2594
 ... : 153 103 712 585 901 1270 2808 2639 236 2622
 ... : 153 103 712 585 898 1269 2803 2652 251 2639
 ... : 153 103 712 585 894 1265 2808 2692 251 2657
 ... : 153 103 712 585 894 1264 2813 2729 261 2670
 ... : 153 103 712 585 893 1264 2817 2780 274 2675
 ... : 153 103 712 585 890 1261 2816 2838 283 2691
 ... : 153 103 712 585 887 1258 2818 2879 291 2712
 ... : 153 103 712 585 886 1255 2818 2929 294 2726
 ... : 153 103 712 585 885 1264 2845 2956 294 2736
 ... : 153 103 712 585 885 1260 2844 3000 299 2754
 ... : 153 103 712 585 883 1258 2845 3045 334 2774
 ... : 153 103 712 585 882 1257 2864 3058 339 2785
 ... : 153 103 712 585 881 1256 2867 3093 362 2793
 ... : 153 103 712 585 879 1253 2869 3140 383 2813
 ... : 153 103 712 585 879 1252 2867 3197 415 2827
 ... : 153 103 712 585 879 1252 2872 3234 441 2836
 ... : 153 103 712 585 878 1249 2866 3278 471 2850
 ... : 153 103 713 585 879 1252 2870 3331 516 2851
 ... : 153 103 714 585 878 1251 2858 3366 551 2859
 ... : 153 103 714 585 876 1246 2847 3389 567 2869
 ... : 153 103 714 585 875 1246 2846 3431 604 2874
 ... : 153 103 714 585 875 1245 2850 3486 648 2884
 ... : 153 103 714 585 875 1245 2851 3532 685 2890
 ... : 153 103 715 586 876 1246 2857 3565 712 2900
 ... : 153 103 716 586 876 1249 2861 3592 740 2904
 ... : 153 103 716 586 877 1250 2866 3628 779 2903
 ... : 153 103 716 586 877 1253 2876 3669 808 2909
 ... : 153 103 716 586 877 1254 2881 3717 832 2912
 ... : 153 103 716 586 876 1254 2883 3756 866 2919
 ... : 153 103 716 586 875 1253 2885 3784 894 2925
 ... : 153 103 716 586 876 1255 2903 3807 906 2926
 ... : 153 103 716 586 877 1256 2909 3845 942 2928
 ... : 153 103 717 586 878 1259 2919 3888 960 2934
 ... : 153 103 717 587 879 1263 2925 3926 994 2940
 ... : 153 103 717 587 879 1263 2925 3970 1049 2950
 ... : 153 103 717 587 878 1262 2929 4011 1079 2956
 ... : 153 103 717 587 878 1262 2934 4022 1099 2971
 ... : 153 103 717 587 876 1258 2931 4027 1113 2982
 ... : 153 103 717 587 875 1256 2934 4050 1119 2994
 ... : 153 103 717 587 874 1258 2939 4088 1146 2999
 ... : 153 103 717 587 873 1258 2944 4109 1158 3007
 ... : 153 103 717 587 873 1258 2940 4113 1155 3033
 ... : 153 103 717 587 872 1258 2937 4122 1176 3065
 ... : 153 103 717 587 872 1258 2938 4131 1202 3098
 ... : 153 103 717 587 872 1257 2935 4124 1193 3125
 ... : 153 103 717 587 872 1257 2932 4104 1167 3154
 ... : 153 103 717 587 872 1257 2934 4104 1168 3175
 ... : 153 103 717 587 870 1256 2932 4117 1174 3194
 ... : 153 103 717 587 870 1257 2942 4154 1171 3195
 ... : 153 103 717 587 869 1256 2947 4188 1184 3199
 ... : 153 103 717 588 870 1257 2952 4228 1210 3204
 ... : 153 103 717 588 870 1257 2955 4268 1242 3215
 ... : 153 103 717 588 870 1257 2965 4306 1271 3228
 ... : 153 103 717 588 870 1257 2975 4349 1290 3233
 ... : 153 103 717 588 870 1257 2975 4381 1304 3237
 ... : 153 103 717 588 869 1256 2974 4413 1323 3244
 ... : 153 103 717 588 869 1254 2979 4433 1345 3259
 ... : 153 103 717 588 869 1255 2982 4465 1365 3275
 ... : 153 103 717 588 869 1253 2982 4477 1387 3294
 ... : 153 103 717 588 869 1254 2990 4519 1401 3302
 ... : 153 103 717 588 868 1257 2998 4546 1428 3317
 ... : 153 103 717 588 868 1256 3014 4579 1450 3321
 ... : 153 103 717 588 868 1257 3032 4617 1462 3322
 ... : 153 103 717 588 868 1257 3035 4638 1487 3349
 ... : 153 103 717 588 868 1257 3039 4646 1506 3377
 ... : 153 103 717 588 868 1257 3039 4651 1542 3392
 ... : 153 103 717 588 868 1255 3041 4670 1577 3401
 ... : 153 103 717 588 868 1255 3043 4680 1608 3417
 ... : 153 103 717 588 868 1255 3044 4687 1640 3444
 ... : 153 103 717 588 868 1255 3044 4699 1682 3473
 ... : 153 103 717 588 868 1255 3045 4717 1716 3489
 ... : 153 103 717 588 868 1255 3045 4721 1754 3516
 ... : 153 103 717 588 868 1255 3052 4732 1780 3548
 ... : 153 103 717 588 868 1255 3052 4736 1805 3597
 ... : 153 103 717 588 868 1255 3052 4751 1835 3631
 ... : 153 103 717 588 868 1255 3052 4755 1859 3678
 ... : 153 103 717 588 868 1255 3052 4757 1889 3720
 ... : 153 103 717 588 868 1255 3052 4766 1923 3764
 ... : 153 103 717 588 868 1255 3052 4767 1959 3802
 ... : 153 103 717 588 868 1255 3052 4775 1992 3828
 ... : 153 103 717 588 868 1255 3052 4777 2018 3883
 ... : 153 103 717 588 868 1255 3052 4778 2047 3937
 ... : 153 103 717 588 868 1255 3052 4783 2081 3975
 ... : 153 103 717 588 868 1255 3052 4785 2105 4030
 ... : 153 103 717 588 868 1255 3052 4789 2128 4083
 ... : 153 103 717 588 868 1255 3052 4789 2148 4129
 ... : 153 103 717 588 868 1255 3052 4792 2178 4173
 ... : 153 103 717 588 868 1255 3052 4795 2206 4209
 ... : 153 103 717 588 868 1255 3053 4797 2220 4225
 ... : 153 103 717 588 868 1255 3053 4799 2251 4256
 ... : 153 103 717 588 868 1255 3054 4804 2267 4304
 ... : 153 103 717 588 868 1255 3054 4807 2280 4349
 ... : 153 103 717 588 868 1255 3054 4807 2296 4403
 ... : 153 103 717 588 868 1255 3054 4809 2325 4441
 ... : 153 103 717 588 868 1255 3054 4812 2350 4492
 ... : 153 103 717 588 868 1255 3054 4813 2372 4541
 ... : 153 103 717 588 868 1255 3054 4814 2393 4577
 ... : 153 103 717 588 868 1255 3054 4818 2427 4613
 ... : 153 103 717 588 868 1255 3057 4825 2457 4651
 ... : 153 103 717 588 868 1255 3059 4835 2413 4679
 ... : 153 103 717 588 868 1255 3059 4838 2439 4720
 ... : 153 103 717 588 868 1255 3059 4845 2471 4759
 ... : 153 103 717 588 868 1255 3061 4849 2462 4760
 ... : 153 103 717 588 868 1255 3061 4853 2485 4771
 ... : 153 103 717 588 868 1256 3062 4862 2511 4772
 ... : 153 103 717 588 868 1256 3062 4862 2523 4799
 ... : 153 103 717 588 868 1256 3062 4861 2550 4856
 ... : 153 103 717 588 868 1256 3062 4867 2574 4875
 ... : 153 103 717 588 868 1256 3062 4874 2605 4896
 ... : 153 103 717 588 868 1256 3062 4886 2639 4933
 ... : 153 103 717 588 868 1256 3062 4893 2667 4981
 ... : 153 103 717 588 868 1256 3062 4902 2705 5023
 ... : 153 103 717 588 868 1256 3062 4908 2734 5032
 ... : 153 103 717 588 868 1256 3062 4913 2769 5079
 ... : 153 103 717 588 868 1256 3062 4919 2798 5118
 ... : 153 103 717 588 868 1256 3062 4921 2818 5175
 ... : 153 103 717 588 868 1256 3063 4933 2854 5222
 ... : 153 103 717 588 868 1256 3065 4941 2884 5256
 ... : 153 103 717 588 868 1256 3067 4945 2908 5305
 ... : 153 103 717 588 868 1256 3067 4955 2946 5358
 ... : 153 103 717 588 868 1256 3067 4956 2973 5394
 ... : 153 103 717 588 868 1256 3067 4957 3005 5435
 ... : 153 103 717 588 868 1256 3067 4955 2983 5398
 ... : 153 103 717 588 868 1256 3067 4961 2984 5413
 ... : 153 103 717 588 868 1256 3069 4971 3007 5452
 ... : 153 103 717 588 868 1256 3072 4980 3013 5476
 ... : 153 103 717 588 868 1256 3073 4985 3020 5501
 ... : 153 103 717 588 868 1256 3073 4998 3041 5528
 ... : 153 103 717 588 868 1256 3073 4999 3062 5548
 ... : 153 103 717 588 868 1256 3073 5002 3090 5582
 ... : 153 103 717 588 868 1256 3073 5004 3121 5609
 ... : 153 103 717 588 868 1256 3074 5014 3148 5653
 ... : 153 103 717 588 868 1256 3074 5017 3171 5714
 ... : 153 103 717 588 868 1256 3074 5022 3196 5771
 ... : 153 103 717 588 868 1256 3074 5029 3233 5823
 ... : 153 103 717 588 868 1256 3075 5034 3267 5872
 ... : 153 103 717 588 868 1256 3065 5016 3263 5844
 ... : 153 103 717 588 868 1256 3065 5024 3295 5897
 ... : 153 103 717 588 868 1256 3065 5025 3318 5944
 ... : 153 103 717 588 868 1256 3066 5033 3358 5988
 ... : 153 103 717 588 868 1257 3067 5043 3376 6020
 ... : 153 103 717 588 868 1257 3068 5054 3386 6049
 ... : 153 103 717 588 868 1257 3068 5058 3405 6097
 ... : 153 103 717 588 868 1257 3068 5062 3437 6146
 ... : 153 103 717 588 868 1257 3068 5066 3481 6184
 ... : 153 103 717 588 868 1257 3069 5079 3503 6227
 ... : 153 103 717 588 868 1257 3069 5086 3538 6259
 ... : 153 103 717 588 868 1257 3069 5089 3547 6301
 ... : 153 103 717 588 868 1257 3069 5099 3571 6348
 ... : 153 103 717 588 868 1257 3069 5104 3598 6398
 ... : 153 103 717 588 868 1258 3071 5114 3605 6421
 ... : 153 103 717 588 868 1258 3071 5116 3634 6443
 ... : 153 103 717 588 868 1258 3071 5121 3658 6488
 ... : 153 103 717 588 868 1258 3071 5135 3687 6524
 ... : 153 103 717 588 868 1258 3073 5140 3707 6550
 ... : 153 103 717 588 868 1258 3077 5164 3732 6571
 ... : 153 103 717 588 868 1257 3080 5172 3742 6589
 ... : 153 103 718 588 870 1258 3081 5182 3749 6617
 ... : 153 103 719 590 873 1263 3089 5211 3765 6624
 ... : 153 103 719 590 873 1263 3089 5218 3780 6667
 ... : 153 103 719 590 873 1263 3090 5217 3783 6708
 ... : 153 103 719 590 873 1263 3090 5218 3805 6753
 ... : 153 103 719 590 873 1263 3091 5222 3835 6794
 ... : 153 103 719 590 873 1263 3091 5222 3864 6831
 ... : 153 103 719 590 873 1263 3091 5230 3901 6862
 ... : 153 103 719 590 873 1263 3091 5234 3942 6890
 ... : 153 103 719 590 873 1263 3091 5236 3973 6926
 ... : 153 103 719 590 873 1263 3091 5234 4000 6960
 ... : 153 103 719 590 873 1262 3091 5237 4019 7002
 ... : 153 103 719 590 873 1262 3091 5239 4047 7033
 ... : 153 103 719 590 873 1262 3091 5223 3914 6847
 ... : 153 103 719 590 873 1262 3091 5220 3925 6886
 ... : 153 103 719 590 873 1262 3091 5224 3947 6925
 ... : 153 103 719 590 873 1262 3091 5225 3969 6968
 ... : 153 103 719 590 873 1262 3092 5225 3976 7010
 ... : 153 103 719 590 873 1262 3095 5211 3948 7035
 ... : 153 103 719 590 873 1263 3096 5214 3962 7053
 ... : 153 103 719 590 873 1263 3095 5207 3822 6974
 ... : 153 103 719 590 873 1263 3093 5198 3802 6973
 ... : 153 103 719 590 873 1263 3093 5198 3817 7006
 ... : 153 103 719 590 873 1263 3093 5196 3829 7030
 ... : 153 103 719 590 873 1263 3093 5200 3842 7063
 ... : 153 103 719 590 873 1263 3092 5201 3851 7081
 ... : 153 103 719 590 873 1263 3092 5201 3817 7100
 ... : 153 103 719 590 873 1263 3092 5203 3834 7101
 ... : 153 103 719 590 873 1263 3092 5203 3828 7133
 ... : 153 103 719 590 873 1263 3092 5207 3849 7181
 ... : 153 103 719 590 872 1264 3091 5190 3730 7063
 ... : 153 103 721 591 874 1267 3094 5191 3748 7091
 ... : 153 103 721 591 874 1267 3094 5186 3764 7117
 ... : 153 103 721 591 874 1267 3094 5187 3777 7119
 ... : 153 103 721 591 874 1267 3094 5193 3808 7164
 ... : 153 103 721 591 874 1267 3096 5207 3836 7194
 ... : 153 103 721 591 874 1267 3096 5204 3863 7245
 ... : 153 103 721 591 874 1268 3097 5220 3893 7281
 ... : 153 103 721 591 874 1268 3097 5220 3911 7320
 ... : 153 103 721 591 874 1268 3097 5222 3920 7344
 ... : 153 103 721 591 874 1268 3097 5231 3943 7381
 ... : 153 103 724 593 876 1270 3102 5244 3943 7390
 ... : 153 103 724 593 876 1270 3106 5252 3966 7425
 ... : 153 103 724 593 876 1270 3106 5251 3998 7460
 ... : 153 103 724 593 876 1270 3108 5252 4011 7485
 ... : 153 103 724 593 876 1270 3108 5245 4029 7519
 ... : 153 103 724 593 876 1270 3110 5253 4053 7549
 ... : 153 103 724 593 876 1270 3110 5253 4072 7599
 ... : 153 103 724 593 876 1270 3109 5247 4084 7641
 ... : 153 103 724 593 876 1270 3109 5250 4104 7686
 ... : 153 103 724 593 876 1270 3109 5251 4121 7723
 ... : 153 103 724 593 876 1270 3110 5254 4121 7753
 ... : 153 103 724 593 876 1270 3110 5254 4115 7762
 ... : 153 103 724 593 876 1270 3112 5254 4102 7779
 ... : 153 103 724 593 876 1270 3112 5265 4120 7809
 ... : 153 103 724 593 878 1274 3121 5283 4140 7828
 ... : 153 103 724 593 878 1275 3123 5284 4127 7843
 ... : 153 103 724 593 878 1275 3121 5242 4016 7800
 ... : 153 103 724 593 878 1276 3123 5207 3952 7797
 ... : 153 103 724 593 878 1276 3125 5210 3970 7819
 ... : 153 103 724 593 878 1276 3125 5204 3969 7855
 ... : 153 103 724 593 878 1277 3126 5205 3969 7871
 ... : 153 103 724 593 878 1277 3130 5212 3972 7888
 ... : 153 103 724 593 877 1276 3137 5231 3992 7900
 ... : 153 103 724 593 877 1276 3148 5259 4018 7913
 ... : 153 103 724 593 877 1282 3158 5294 4037 7922
 ... : 153 103 724 593 877 1282 3166 5321 4066 7938
 ... : 153 103 724 593 877 1282 3170 5329 4099 7970
 ... : 153 103 724 593 877 1281 3168 5326 4121 8000
 ... : 153 103 724 593 877 1281 3167 5332 4140 8036
 ... : 153 103 724 593 876 1281 3166 5329 4159 8073
 ... : 153 103 724 593 876 1281 3166 5331 4195 8106
 ... : 153 103 724 593 876 1281 3166 5331 4169 8123
 ... : 153 103 724 593 876 1281 3166 5333 4202 8160
 ... : 153 103 724 593 876 1282 3167 5340 4146 8100
 ... : 153 103 724 593 876 1282 3167 5336 4151 8111
 ... : 153 103 724 593 876 1282 3168 5342 4174 8104
 ... : 153 103 724 593 876 1282 3168 5346 4203 8139
 ... : 153 103 724 593 876 1282 3168 5349 4232 8169
 ... : 153 103 724 593 876 1282 3168 5354 4255 8215
 ... : 153 103 724 593 876 1282 3168 5355 4279 8256
 ... : 153 103 724 593 876 1282 3168 5356 4298 8300
 ... : 153 103 724 593 876 1282 3168 5358 4327 8338
 ... : 153 103 724 593 876 1282 3168 5358 4348 8381
 ... : 153 103 724 593 876 1282 3168 5359 4373 8426
 ... : 153 103 724 593 876 1281 3168 5355 4321 8357
 ... : 153 103 724 593 876 1281 3168 5354 4343 8373
 ... : 153 103 724 593 876 1281 3168 5346 4325 8398
 ... : 153 103 724 593 876 1281 3168 5351 4339 8432
 ... : 153 103 724 593 876 1281 3168 5351 4360 8474
 ... : 153 103 724 593 876 1281 3168 5356 4382 8520
 ... : 153 103 724 593 876 1281 3168 5340 4377 8544
 ... : 153 103 724 593 876 1281 3168 5335 4338 8509
 ... : 153 103 724 593 876 1281 3168 5311 4276 8521
 ... : 153 103 724 593 876 1281 3168 5298 4281 8547
 ... : 153 103 724 593 876 1281 3168 5291 4248 8576
 ... : 153 103 724 593 876 1281 3169 5297 4243 8593
 ... : 153 103 724 593 876 1282 3167 5293 4249 8615
 ... : 153 103 724 593 874 1280 3165 5292 4240 8651
 ... : 153 103 724 593 873 1278 3165 5295 4227 8665
 ... : 153 103 724 593 872 1278 3161 5285 4213 8674
 ... : 153 103 724 593 872 1278 3160 5272 4209 8698
 ... : 153 103 724 593 871 1278 3157 5265 4209 8745
 ... : 153 103 724 593 870 1277 3149 5241 4168 8796
 ... : 153 103 724 593 870 1276 3148 5237 4160 8820
 ... : 153 103 724 593 870 1276 3148 5248 4198 8853
 ... : 153 103 724 593 870 1276 3148 5256 4239 8889
 ... : 153 103 724 593 870 1276 3148 5266 4267 8943
 ... : 153 103 724 593 870 1276 3148 5264 4282 8990
 ... : 153 103 724 593 870 1276 3148 5263 4297 9018
 ... : 153 103 724 593 870 1276 3148 5263 4330 9067
 ... : 153 103 724 593 870 1276 3148 5251 4335 9111
 ... : 153 103 724 593 870 1276 3148 5248 4369 9152
 ... : 153 103 724 593 870 1276 3148 5250 4370 9208
 ... : 153 103 724 593 870 1276 3148 5252 4388 9262
 ... : 153 103 724 593 870 1276 3148 5252 4419 9289
 ... : 153 103 724 593 870 1276 3148 5248 4445 9327
 ... : 153 103 724 593 870 1276 3149 5253 4465 9383
 ... : 153 103 724 593 870 1276 3150 5264 4477 9435
 ... : 153 103 724 593 870 1276 3150 5255 4503 9486
 ... : 153 103 724 593 870 1276 3150 5254 4493 9528
 ... : 153 103 724 593 870 1276 3150 5253 4488 9581
 ... : 153 103 724 593 870 1276 3150 5253 4493 9635
 ... : 153 103 724 593 870 1276 3150 5246 4489 9667
 ... : 153 103 724 593 870 1276 3150 5246 4488 9700
 ... : 153 103 724 593 870 1276 3150 5246 4489 9714
 ... : 153 103 724 593 870 1275 3150 5245 4492 9725
 ... : 153 103 724 593 870 1274 3143 5237 4470 9753
 ... : 153 103 724 593 870 1273 3139 5228 4457 9796
 ... : 153 103 724 593 870 1272 3146 5283 4459 9798
 ... : 153 103 724 593 869 1271 3160 5318 4459 9804
 ... : 153 103 724 593 869 1271 3167 5361 4483 9821
 ... : 153 103 724 593 869 1271 3174 5402 4510 9829
 ... : 153 103 724 593 869 1271 3174 5433 4544 9842
 ... : 153 103 724 593 867 1268 3170 5437 4581 9859
 ... : 153 103 724 593 865 1264 3160 5441 4603 9877
 ... : 153 103 724 593 862 1262 3157 5441 4602 9903
 ... : 153 103 724 593 861 1261 3164 5487 4602 9912
 ... : 153 103 724 593 861 1262 3189 5514 4602 9925
