initialized model with 1756 latches, 634 inputs and 1 properties
tsim: performed 7 steps
tsim: found cycle from 5
tsim: found 24 constants and 0 latch equivalences
seqsimpl: (1756, 634) -> (12, 5)
checking bound 0
checking bound 1
checking bound 2
tdecomp: unrolling 2 cycles
tsim: reached all X state
tsim: performed 2 steps
tdecomp: no improvement found, reverting original model
   2 : 3 9
   3 : 3 0 10
completing final invariant with sub-IC3 call...
num_solve_calls = 186
num_solve_sat_calls = 52
num_solve_unsat_calls = 13
num_solve_approx_calls = 85
num_solve_approx_unsat_calls = 58
num_solve_conflicts = 245
num_solve_decisions = 663
num_solve_propagations = 15352
avg_solve_conflicts = 2
avg_solve_decisions = 4
avg_solve_propagations = 83
avg_solve_unsat_decisions = 0.000
stddev_solve_unsat_decisions = 0.000
num_added_cubes = 32
num_subsumed_cubes = 19
num_gc_frame = 9
num_reset = 0
num_try_blocking = 55
get_bad_cube_time = 0.003
rec_block_cube_time = 0.000
propagate_forward_time = 0.000
generalize_model_time = 0.000
generalize_and_push_time = 0.000
try_blocking_time = 0.000
reset_time = 0.000
clausify_time = 0.009
preprocess_time = 0.000
solve_time = 0.003
solve_sat_time = 0.003
solve_unsat_time = 0.000
prove_time = 0.015
memory_used_mb = 7
total_time = 0.048
Safe
