initialized model with 142 latches, 31 inputs and 1 properties
tsim: performed 8 steps
tsim: found cycle from 6
checking bound 0
checking bound 1
checking bound 2
tdecomp: unrolling 2 cycles
tsim: performed 6 steps
tsim: found cycle from 4
tsim: found 1 constants and 0 latch equivalences
tdecomp: (142, 124) -> (141, 61)
   2 : 29 28
   3 : 32 26 37
 ... : 38 52 119
   4 : 53 74 114 37
 ... : 62 85 140 98
 ... : 70 92 166 138
 ... : 73 97 191 179
 ... : 81 109 222 222
 ... : 85 119 248 293
   5 : 80 109 218 245 54
 ... : 81 110 220 282 127
 ... : 83 113 229 313 153
 ... : 83 118 250 356 212
 ... : 83 120 264 418 255
 ... : 83 120 271 473 315
 ... : 83 124 297 508 359
 ... : 83 127 293 501 395
 ... : 87 138 303 533 433
 ... : 88 139 309 540 452
   6 : 85 134 224 500 394 160
 ... : 86 135 224 499 428 241
 ... : 89 139 228 508 465 282
 ... : 89 139 228 510 516 337
 ... : 92 141 232 516 542 365
 ... : 96 145 233 525 576 424
 ... : 96 145 234 526 605 499
 ... : 96 145 234 530 638 581
 ... : 96 145 237 540 684 624
 ... : 96 145 238 552 729 676
 ... : 96 145 240 558 776 733
 ... : 96 145 240 566 823 790
 ... : 97 147 243 575 863 843
   7 : 95 137 220 519 729 737 224
 ... : 95 137 220 517 730 776 301
 ... : 95 137 220 517 731 826 364
 ... : 95 137 221 522 737 839 411
 ... : 95 137 221 524 741 885 471
 ... : 95 137 221 523 745 883 519
 ... : 95 137 223 528 770 921 562
 ... : 95 137 225 533 784 958 617
 ... : 95 137 232 542 810 988 644
 ... : 95 136 225 515 759 954 660
 ... : 95 136 230 522 764 956 696
 ... : 96 139 235 535 784 989 732
 ... : 96 145 252 552 798 1017 760
 ... : 96 147 259 571 825 1046 789
 ... : 96 147 265 582 844 1083 824
 ... : 96 147 268 591 858 1122 871
 ... : 96 147 269 595 860 1150 919
 ... : 96 151 276 597 865 1178 953
 ... : 97 159 286 616 889 1201 970
 ... : 97 165 300 641 919 1238 972
 ... : 97 166 303 652 947 1284 995
 ... : 97 166 305 657 970 1327 1038
 ... : 97 166 305 659 974 1359 1097
 ... : 97 167 304 664 990 1394 1141
 ... : 98 168 307 668 994 1422 1170
 ... : 98 168 311 673 1013 1470 1219
 ... : 98 168 312 679 1027 1514 1256
 ... : 97 167 315 683 1051 1555 1293
 ... : 97 169 321 693 1068 1591 1337
 ... : 97 170 326 709 1089 1628 1372
 ... : 97 170 326 711 1114 1664 1398
 ... : 97 171 327 713 1133 1710 1441
   8 : 87 147 279 607 913 1478 1304 434
 ... : 87 147 279 607 913 1476 1346 507
 ... : 87 147 279 607 913 1476 1396 579
 ... : 87 147 278 598 907 1476 1427 633
 ... : 87 147 280 601 909 1481 1457 687
 ... : 87 147 281 602 918 1504 1474 704
 ... : 87 147 281 603 921 1509 1513 773
 ... : 87 147 281 604 925 1517 1563 821
 ... : 87 150 289 614 949 1540 1599 827
 ... : 87 150 293 622 960 1562 1643 853
 ... : 87 152 298 629 969 1577 1676 902
 ... : 88 152 302 633 983 1595 1703 929
 ... : 88 153 303 635 990 1616 1738 959
 ... : 88 153 303 635 997 1637 1781 1012
 ... : 88 153 304 637 1003 1650 1821 1062
 ... : 88 153 308 642 1021 1678 1861 1083
 ... : 88 155 311 652 1049 1707 1895 1099
 ... : 88 155 311 652 1058 1742 1949 1124
 ... : 88 155 311 654 1067 1762 1986 1161
 ... : 88 155 311 655 1072 1773 2030 1223
 ... : 88 155 312 659 1080 1789 2066 1280
 ... : 88 155 316 664 1090 1802 2095 1333
 ... : 88 155 317 666 1099 1819 2134 1342
 ... : 88 156 320 670 1101 1844 2174 1385
 ... : 88 166 342 691 1119 1850 2180 1394
 ... : 88 166 346 705 1147 1889 2204 1396
 ... : 88 166 347 702 1152 1894 2240 1415
 ... : 88 167 349 708 1166 1916 2264 1437
 ... : 89 171 355 718 1186 1937 2278 1452
 ... : 93 176 360 732 1209 1958 2284 1453
 ... : 93 176 363 736 1223 1986 2312 1493
 ... : 93 176 363 736 1226 1990 2346 1560
 ... : 93 176 362 734 1228 2000 2383 1598
 ... : 93 176 362 736 1238 2018 2413 1636
 ... : 93 178 368 749 1254 2030 2409 1631
 ... : 93 178 370 756 1276 2063 2439 1639
 ... : 93 178 370 756 1276 2066 2493 1698
 ... : 93 178 370 759 1278 2071 2540 1751
 ... : 93 178 370 759 1279 2073 2589 1817
 ... : 93 178 377 765 1286 2083 2619 1856
 ... : 94 186 390 782 1302 2086 2631 1871
 ... : 94 190 394 798 1328 2118 2632 1872
 ... : 94 192 396 798 1316 2135 2656 1873
 ... : 95 194 401 810 1326 2137 2679 1913
 ... : 95 196 402 829 1360 2161 2682 1916
 ... : 95 196 402 829 1364 2168 2716 1939
 ... : 95 197 403 831 1367 2167 2760 1979
 ... : 95 197 403 831 1368 2170 2801 2033
 ... : 95 197 402 828 1363 2164 2838 2094
   9 : 89 166 280 633 1051 1586 2357 1891 649
 ... : 89 166 280 633 1051 1586 2358 1931 711
 ... : 89 166 280 633 1048 1577 2356 1961 752
 ... : 89 166 281 632 1047 1582 2360 2001 796
 ... : 89 165 278 618 1014 1525 2359 2035 827
 ... : 89 165 279 619 1015 1526 2349 2062 876
 ... : 89 165 279 619 1015 1525 2355 2110 936
 ... : 89 165 279 619 1015 1523 2351 2147 1002
 ... : 89 166 280 621 1017 1532 2359 2177 1040
 ... : 90 165 282 624 1022 1536 2380 2184 1075
 ... : 90 165 284 629 1032 1545 2402 2213 1114
 ... : 90 164 283 631 1034 1547 2415 2250 1143
 ... : 91 167 284 636 1035 1559 2423 2268 1164
 ... : 91 170 287 642 1042 1574 2443 2294 1195
 ... : 91 172 288 644 1045 1582 2457 2330 1229
 ... : 91 172 288 645 1049 1593 2482 2366 1266
 ... : 91 172 288 646 1055 1614 2507 2400 1291
 ... : 91 172 288 646 1058 1621 2530 2442 1337
 ... : 92 175 288 649 1065 1629 2532 2467 1369
 ... : 93 177 293 663 1085 1658 2554 2475 1374
 ... : 93 177 293 664 1086 1670 2587 2521 1387
 ... : 93 177 295 669 1103 1689 2611 2544 1395
 ... : 93 179 295 670 1103 1693 2616 2567 1451
 ... : 94 180 301 674 1115 1718 2651 2588 1455
 ... : 100 187 305 678 1119 1726 2667 2621 1490
 ... : 100 187 305 678 1123 1743 2689 2658 1525
 ... : 105 192 312 689 1137 1765 2705 2662 1542
 ... : 107 201 325 709 1150 1775 2721 2670 1546
 ... : 107 200 330 719 1183 1796 2746 2688 1546
 ... : 107 200 330 721 1199 1842 2794 2698 1547
 ... : 107 200 332 723 1201 1844 2817 2729 1548
 ... : 107 201 334 724 1207 1856 2837 2779 1571
 ... : 107 201 336 726 1212 1864 2850 2809 1612
 ... : 107 201 336 726 1213 1865 2857 2832 1680
 ... : 107 201 337 733 1222 1876 2875 2862 1704
 ... : 107 201 344 742 1235 1893 2899 2885 1723
 ... : 107 201 345 745 1240 1905 2918 2928 1766
 ... : 107 201 347 747 1252 1934 2936 2937 1800
 ... : 108 204 351 752 1253 1937 2953 2975 1834
 ... : 108 204 351 752 1263 1973 2984 2998 1844
 ... : 108 204 354 754 1270 1986 3012 3028 1858
 ... : 108 204 358 764 1281 1997 3028 3048 1887
 ... : 108 204 361 767 1286 2004 3041 3063 1945
 ... : 110 205 363 779 1293 2000 3047 3073 1971
 ... : 110 206 364 786 1304 2019 3064 3097 1999
 ... : 110 207 367 790 1313 2035 3086 3128 2029
 ... : 110 207 367 790 1317 2042 3094 3171 2089
 ... : 110 207 371 796 1324 2051 3096 3186 2122
 ... : 110 207 371 796 1327 2062 3118 3224 2158
 ... : 110 207 375 800 1340 2075 3136 3258 2177
 ... : 110 207 379 803 1347 2084 3150 3298 2220
 ... : 114 212 382 806 1353 2096 3162 3328 2254
 ... : 115 214 388 813 1363 2113 3184 3351 2271
 ... : 115 214 388 813 1363 2118 3201 3395 2321
 ... : 115 215 391 818 1373 2129 3223 3429 2361
 ... : 117 220 398 821 1380 2146 3238 3450 2381
 ... : 117 220 398 821 1386 2154 3251 3473 2422
 ... : 117 220 397 817 1394 2163 3264 3498 2456
 ... : 117 219 397 819 1399 2169 3277 3514 2466
 ... : 117 221 399 826 1411 2182 3297 3531 2491
 ... : 117 223 409 843 1428 2199 3318 3550 2509
 ... : 117 222 407 845 1428 2205 3328 3572 2546
 ... : 117 224 409 852 1439 2217 3344 3607 2569
 ... : 120 229 416 860 1449 2230 3363 3622 2595
 ... : 120 229 415 863 1458 2245 3392 3655 2636
 ... : 120 229 414 863 1459 2245 3409 3683 2669
 ... : 120 229 414 863 1467 2260 3434 3717 2699
 ... : 120 229 415 867 1476 2275 3455 3753 2728
 ... : 120 229 418 871 1486 2287 3464 3773 2757
 ... : 120 229 418 871 1488 2295 3473 3815 2803
 ... : 120 229 419 874 1490 2297 3488 3862 2847
 ... : 120 229 419 874 1490 2297 3488 3910 2905
 ... : 120 229 419 874 1490 2296 3490 3950 2959
 ... : 120 229 419 874 1491 2298 3487 3975 3017
 ... : 120 229 419 873 1496 2300 3484 3970 3028
 ... : 120 231 423 880 1507 2316 3505 3990 3049
 ... : 120 233 428 889 1520 2339 3536 4007 3058
 ... : 120 233 428 893 1526 2353 3560 4049 3100
 ... : 121 239 436 908 1543 2381 3571 4067 3122
 ... : 121 239 436 908 1543 2395 3603 4114 3135
 ... : 121 241 435 914 1547 2403 3619 4135 3187
 ... : 121 242 435 914 1553 2414 3638 4160 3220
 ... : 121 242 437 917 1558 2420 3654 4189 3270
 ... : 121 242 436 915 1558 2424 3667 4205 3318
 ... : 121 244 437 920 1567 2440 3686 4213 3322
 ... : 121 248 441 923 1570 2458 3715 4250 3328
 ... : 121 248 442 926 1575 2468 3722 4270 3379
 ... : 121 250 448 933 1587 2483 3739 4290 3401
 ... : 121 250 448 933 1587 2482 3734 4314 3431
 ... : 121 252 450 939 1594 2495 3754 4331 3447
 ... : 123 259 465 959 1604 2507 3765 4343 3450
 ... : 123 261 467 975 1627 2523 3778 4365 3474
 ... : 123 264 471 980 1637 2533 3801 4402 3501
 ... : 123 267 477 990 1653 2554 3813 4426 3514
 ... : 123 268 486 999 1668 2572 3836 4447 3524
 ... : 123 268 486 999 1670 2578 3852 4488 3569
 ... : 123 268 486 999 1674 2591 3879 4532 3606
 ... : 123 269 485 993 1670 2566 3887 4547 3633
 ... : 124 270 489 993 1672 2581 3907 4578 3654
 ... : 124 270 492 996 1675 2596 3923 4595 3684
 ... : 126 271 497 1001 1683 2603 3941 4625 3722
 ... : 127 272 499 1007 1691 2614 3957 4652 3758
 ... : 128 275 498 994 1658 2526 3863 4675 3773
 ... : 128 275 497 999 1659 2533 3868 4704 3807
 ... : 128 275 499 1006 1668 2547 3898 4744 3836
 ... : 128 275 501 1009 1672 2564 3931 4786 3857
 ... : 129 277 505 1014 1678 2576 3940 4805 3897
 ... : 129 280 512 1030 1688 2583 3950 4830 3926
 ... : 129 288 520 1037 1701 2594 3963 4845 3943
 ... : 129 290 525 1045 1715 2618 3996 4871 3965
 ... : 129 291 530 1050 1727 2642 4015 4894 3988
 ... : 129 291 530 1054 1743 2667 4048 4922 4001
 ... : 129 291 531 1057 1746 2677 4065 4955 4041
  10 : 117 239 436 862 1288 1914 2512 3130 3521 1354
 ... : 117 239 436 862 1288 1914 2513 3140 3567 1428
 ... : 117 239 436 862 1288 1914 2514 3145 3608 1501
 ... : 117 239 436 862 1288 1915 2519 3155 3649 1553
 ... : 117 239 436 862 1288 1915 2522 3164 3681 1608
 ... : 117 239 436 862 1288 1918 2525 3177 3721 1654
 ... : 117 239 436 862 1290 1924 2539 3204 3767 1686
 ... : 117 239 436 862 1290 1926 2541 3218 3813 1742
 ... : 117 241 439 870 1297 1941 2552 3229 3842 1770
 ... : 117 241 439 870 1297 1944 2570 3258 3891 1804
 ... : 117 241 439 873 1301 1950 2579 3259 3903 1821
 ... : 117 241 439 873 1303 1958 2588 3274 3926 1884
 ... : 117 243 445 885 1316 1971 2603 3282 3934 1899
 ... : 117 243 445 885 1316 1975 2613 3307 3983 1931
 ... : 118 248 452 892 1321 1978 2615 3313 4009 1974
 ... : 118 248 453 893 1327 1990 2632 3341 4047 1991
 ... : 118 250 458 901 1337 1995 2634 3348 4078 2035
 ... : 118 250 458 901 1337 2003 2650 3371 4131 2053
 ... : 118 250 458 902 1341 2009 2664 3384 4154 2103
 ... : 118 250 460 907 1353 2021 2674 3396 4176 2124
 ... : 118 250 461 910 1363 2043 2706 3430 4181 2127
 ... : 118 250 461 910 1365 2048 2725 3469 4215 2127
 ... : 118 250 461 910 1365 2049 2733 3489 4261 2156
 ... : 118 250 462 912 1366 2054 2737 3492 4296 2227
 ... : 118 250 462 912 1367 2057 2751 3528 4333 2248
 ... : 118 250 466 917 1374 2067 2759 3544 4365 2288
 ... : 118 251 468 920 1378 2073 2762 3560 4404 2328
 ... : 119 253 468 921 1378 2075 2774 3579 4431 2350
 ... : 119 255 474 924 1381 2081 2784 3589 4457 2385
 ... : 119 255 475 930 1384 2087 2794 3608 4499 2422
 ... : 119 255 480 938 1396 2100 2803 3624 4524 2448
 ... : 119 255 480 938 1401 2107 2826 3656 4558 2449
 ... : 119 255 480 944 1412 2126 2844 3670 4577 2461
 ... : 119 255 481 948 1420 2134 2845 3674 4596 2496
 ... : 119 255 481 948 1422 2137 2855 3693 4638 2539
 ... : 119 255 481 948 1428 2152 2877 3724 4669 2556
 ... : 119 255 481 949 1430 2158 2880 3733 4697 2610
 ... : 119 255 481 949 1430 2162 2893 3754 4741 2646
 ... : 119 255 481 952 1434 2171 2897 3767 4766 2679
 ... : 119 255 481 954 1441 2181 2909 3789 4792 2696
 ... : 119 255 481 954 1447 2190 2912 3801 4824 2741
 ... : 119 255 482 955 1449 2193 2919 3823 4857 2749
 ... : 119 257 483 955 1452 2197 2927 3828 4882 2796
 ... : 119 257 485 959 1462 2219 2950 3852 4904 2807
 ... : 119 257 485 960 1463 2221 2959 3871 4944 2852
 ... : 119 259 486 963 1469 2234 2972 3886 4973 2886
 ... : 119 260 494 974 1476 2251 2999 3911 4993 2886
 ... : 121 261 495 978 1480 2255 3011 3930 5014 2908
 ... : 121 261 495 978 1480 2257 3019 3947 5056 2950
 ... : 121 262 499 985 1494 2285 3059 3959 5056 2952
 ... : 121 262 499 985 1496 2304 3085 4001 5079 2952
 ... : 121 262 499 985 1496 2306 3102 4046 5134 2952
 ... : 121 262 499 985 1497 2315 3120 4093 5175 2952
 ... : 121 262 499 989 1512 2344 3145 4112 5194 2952
 ... : 121 262 499 989 1512 2345 3154 4151 5249 2972
 ... : 121 262 500 991 1514 2356 3165 4175 5275 2998
 ... : 121 262 500 991 1514 2357 3169 4192 5313 3041
 ... : 121 262 500 991 1516 2362 3181 4217 5356 3071
 ... : 121 262 500 999 1533 2379 3202 4245 5362 3076
 ... : 121 262 500 999 1533 2385 3210 4293 5407 3080
 ... : 121 262 500 999 1535 2390 3214 4319 5449 3102
 ... : 121 262 500 999 1535 2390 3218 4315 5489 3159
 ... : 121 262 500 999 1542 2402 3230 4332 5509 3183
 ... : 121 262 501 1006 1544 2412 3242 4346 5532 3214
 ... : 121 262 501 1006 1544 2412 3241 4346 5537 3283
 ... : 121 262 501 1006 1544 2412 3242 4349 5558 3352
 ... : 121 262 501 1006 1545 2414 3254 4372 5600 3388
 ... : 123 266 508 1018 1558 2432 3272 4391 5623 3397
 ... : 123 266 508 1018 1558 2437 3281 4413 5659 3442
 ... : 123 266 509 1019 1559 2437 3285 4422 5670 3471
 ... : 123 267 511 1022 1567 2450 3277 4419 5520 3319
 ... : 123 267 511 1022 1568 2457 3283 4438 5556 3356
 ... : 123 267 511 1022 1570 2464 3294 4461 5587 3401
 ... : 123 267 511 1022 1573 2473 3312 4484 5616 3416
 ... : 123 267 514 1024 1575 2478 3320 4497 5639 3455
 ... : 123 267 515 1030 1583 2486 3332 4515 5666 3475
 ... : 123 267 516 1034 1593 2503 3345 4535 5685 3488
 ... : 124 270 521 1042 1596 2501 3348 4537 5689 3504
 ... : 124 274 526 1049 1603 2514 3363 4531 5668 3503
 ... : 124 276 528 1056 1613 2528 3379 4546 5693 3524
 ... : 124 278 533 1064 1620 2539 3393 4559 5710 3561
 ... : 124 278 533 1066 1627 2545 3403 4573 5741 3591
 ... : 124 279 536 1074 1635 2554 3417 4594 5759 3611
 ... : 125 280 540 1080 1641 2562 3426 4603 5783 3638
 ... : 127 283 542 1083 1641 2568 3434 4604 5798 3656
 ... : 127 284 546 1090 1649 2576 3445 4618 5815 3663
 ... : 127 284 546 1094 1659 2588 3458 4636 5845 3684
 ... : 127 284 547 1096 1660 2586 3461 4654 5862 3714
 ... : 127 285 551 1101 1667 2603 3477 4664 5879 3737
 ... : 127 284 552 1097 1667 2609 3487 4688 5897 3756
 ... : 128 287 558 1109 1685 2628 3509 4709 5912 3768
 ... : 129 292 562 1112 1696 2638 3513 4711 5942 3807
 ... : 129 292 562 1114 1702 2654 3535 4723 5965 3826
 ... : 129 292 562 1114 1704 2673 3558 4744 5983 3846
 ... : 129 292 568 1123 1713 2692 3578 4762 6006 3860
 ... : 129 292 568 1125 1715 2700 3592 4791 6029 3876
 ... : 130 290 571 1129 1721 2706 3601 4812 6052 3891
 ... : 131 291 574 1132 1726 2709 3606 4830 6087 3915
 ... : 131 291 574 1133 1730 2710 3603 4828 6113 3950
 ... : 131 291 574 1134 1733 2725 3626 4857 6144 3965
 ... : 131 291 577 1141 1739 2726 3628 4870 6172 4015
 ... : 131 292 580 1149 1752 2749 3648 4887 6192 4015
 ... : 132 294 583 1157 1774 2782 3677 4906 6195 4015
 ... : 132 294 583 1160 1777 2790 3686 4917 6231 4047
 ... : 133 296 587 1164 1781 2792 3691 4920 6256 4079
 ... : 136 300 586 1163 1772 2794 3699 4927 6287 4112
 ... : 136 299 587 1163 1775 2801 3707 4945 6312 4137
 ... : 136 299 587 1166 1783 2813 3728 4962 6337 4158
 ... : 136 299 587 1168 1785 2823 3742 4985 6370 4176
 ... : 136 299 589 1168 1786 2824 3748 4988 6381 4196
 ... : 136 299 590 1171 1790 2832 3762 5004 6412 4221
 ... : 136 301 596 1177 1795 2843 3770 5017 6426 4237
 ... : 136 301 598 1181 1800 2857 3792 5032 6447 4267
 ... : 136 301 601 1188 1806 2869 3819 5069 6471 4267
 ... : 136 301 600 1193 1825 2886 3847 5095 6487 4267
 ... : 136 301 600 1193 1825 2891 3856 5112 6522 4297
 ... : 136 302 601 1196 1832 2908 3874 5123 6533 4340
 ... : 136 302 602 1197 1833 2919 3897 5154 6566 4355
 ... : 136 302 603 1199 1839 2928 3912 5171 6592 4387
 ... : 136 302 603 1200 1841 2950 3952 5206 6611 4388
 ... : 136 302 603 1200 1842 2952 3957 5219 6665 4415
 ... : 136 302 603 1201 1843 2956 3962 5232 6694 4479
 ... : 136 302 603 1207 1849 2958 3966 5251 6727 4516
 ... : 136 302 603 1209 1863 3010 4018 5260 6729 4516
 ... : 136 302 603 1209 1864 3017 4066 5328 6733 4516
 ... : 136 302 606 1216 1881 3045 4107 5363 6736 4516
 ... : 136 302 606 1217 1884 3055 4150 5425 6742 4517
 ... : 136 302 606 1217 1884 3056 4162 5472 6806 4517
 ... : 136 302 606 1217 1884 3057 4188 5517 6856 4518
 ... : 136 302 606 1219 1893 3072 4205 5552 6892 4519
 ... : 136 302 606 1219 1893 3082 4230 5587 6940 4520
 ... : 136 302 606 1222 1902 3105 4263 5622 6963 4520
 ... : 136 302 606 1222 1904 3116 4286 5664 7005 4523
 ... : 136 302 606 1222 1904 3118 4291 5702 7086 4523
 ... : 136 302 606 1222 1904 3118 4295 5729 7176 4524
 ... : 136 302 606 1222 1904 3118 4296 5734 7207 4580
 ... : 136 302 606 1222 1904 3118 4297 5740 7250 4660
 ... : 136 302 606 1222 1904 3118 4297 5749 7311 4715
 ... : 136 302 606 1222 1904 3118 4297 5757 7360 4786
 ... : 136 302 606 1222 1904 3118 4298 5763 7416 4851
 ... : 136 302 606 1222 1904 3118 4301 5774 7473 4911
 ... : 136 302 606 1222 1904 3118 4303 5784 7526 4963
 ... : 136 302 606 1222 1904 3118 4303 5787 7563 5041
 ... : 136 302 606 1222 1904 3118 4303 5799 7610 5109
 ... : 136 302 606 1222 1904 3119 4308 5810 7652 5180
 ... : 136 302 606 1222 1904 3119 4313 5820 7677 5242
 ... : 136 302 609 1234 1923 3146 4340 5820 7677 5242
 ... : 136 302 611 1242 1936 3181 4376 5825 7677 5242
 ... : 136 302 611 1244 1945 3202 4404 5870 7678 5242
 ... : 136 302 611 1248 1965 3236 4450 5898 7678 5242
 ... : 136 302 611 1250 1968 3250 4490 5947 7681 5242
 ... : 136 302 611 1250 1975 3264 4530 6005 7684 5242
 ... : 136 302 611 1251 1976 3271 4523 6035 7726 5242
 ... : 136 302 611 1252 1978 3278 4537 6072 7768 5242
 ... : 136 302 611 1252 1978 3282 4551 6118 7829 5242
 ... : 136 302 611 1252 1978 3290 4559 6157 7873 5245
 ... : 136 302 611 1252 1984 3307 4586 6188 7905 5245
 ... : 136 302 611 1252 1984 3307 4597 6243 7963 5247
 ... : 136 302 611 1252 1985 3309 4600 6270 8039 5248
 ... : 136 302 611 1252 1985 3308 4604 6298 8124 5248
 ... : 136 302 611 1252 1985 3316 4618 6320 8163 5257
 ... : 136 302 611 1252 1985 3317 4621 6337 8206 5301
 ... : 136 302 611 1252 1985 3316 4620 6337 8247 5373
 ... : 136 302 611 1252 1985 3316 4621 6347 8294 5438
 ... : 136 302 611 1252 1985 3316 4622 6358 8345 5501
 ... : 136 302 611 1252 1985 3316 4625 6372 8392 5569
 ... : 136 302 611 1252 1985 3316 4625 6376 8424 5659
 ... : 136 302 611 1252 1985 3316 4626 6383 8465 5722
 ... : 136 302 611 1252 1985 3316 4625 6393 8507 5773
 ... : 136 302 611 1252 1985 3316 4625 6397 8557 5838
 ... : 136 302 611 1252 1986 3317 4633 6412 8598 5876
 ... : 136 302 611 1252 1986 3318 4639 6434 8641 5925
 ... : 136 302 611 1252 1986 3319 4644 6445 8678 5980
 ... : 136 302 611 1252 1986 3319 4644 6444 8691 6054
 ... : 136 302 614 1256 1991 3330 4653 6454 8707 6085
 ... : 136 302 615 1258 1993 3334 4660 6475 8737 6116
 ... : 136 303 616 1260 1993 3338 4668 6493 8767 6150
 ... : 136 304 620 1265 2000 3347 4684 6516 8783 6158
 ... : 136 304 621 1265 2005 3356 4693 6526 8803 6173
 ... : 136 304 621 1267 2005 3358 4700 6545 8826 6211
 ... : 136 304 621 1267 2005 3359 4702 6544 8839 6254
 ... : 136 304 619 1268 2007 3364 4713 6562 8862 6302
 ... : 136 304 619 1268 2008 3369 4722 6582 8900 6350
 ... : 136 304 619 1271 2013 3377 4732 6608 8929 6369
 ... : 136 304 619 1274 2014 3384 4744 6629 8950 6414
 ... : 136 304 619 1274 2017 3389 4750 6636 8986 6456
 ... : 136 304 619 1274 2020 3394 4764 6657 9013 6482
 ... : 136 304 619 1274 2019 3393 4767 6673 9054 6522
 ... : 136 304 619 1275 2023 3398 4772 6692 9082 6549
 ... : 136 304 619 1275 2025 3403 4778 6704 9108 6554
 ... : 136 304 619 1276 2027 3414 4793 6717 9132 6579
 ... : 136 304 619 1279 2035 3425 4800 6733 9147 6601
  11 : 132 280 536 1168 1784 2964 4163 5221 6717 6116 2569
 ... : 132 280 536 1170 1789 2978 4180 5245 6736 6116 2598
 ... : 132 280 536 1170 1789 2979 4191 5260 6780 6168 2599
 ... : 132 280 536 1170 1789 2980 4194 5268 6828 6216 2600
 ... : 132 280 536 1170 1789 2984 4213 5278 6852 6251 2600
 ... : 132 280 536 1170 1789 2986 4221 5298 6881 6282 2602
 ... : 132 280 536 1170 1789 2988 4223 5300 6887 6323 2653
 ... : 132 280 536 1170 1789 2988 4223 5301 6888 6367 2713
 ... : 132 280 536 1170 1789 2988 4223 5301 6890 6396 2792
 ... : 132 280 534 1164 1777 2981 4205 5263 6874 6408 2838
 ... : 132 280 534 1164 1777 2981 4208 5268 6873 6413 2902
 ... : 132 280 534 1164 1776 2980 4206 5268 6881 6446 2960
 ... : 132 280 534 1164 1777 2984 4206 5271 6886 6460 3017
 ... : 132 280 534 1164 1777 2984 4214 5285 6905 6497 3054
 ... : 132 280 534 1165 1780 2994 4221 5290 6909 6520 3088
 ... : 132 280 534 1165 1781 2996 4232 5307 6935 6555 3104
 ... : 132 280 534 1165 1782 2998 4239 5313 6943 6575 3140
 ... : 132 280 534 1165 1782 3000 4247 5322 6954 6602 3175
 ... : 132 280 534 1165 1782 3002 4249 5323 6964 6634 3231
 ... : 132 280 534 1165 1782 3002 4260 5337 6984 6664 3260
 ... : 132 280 534 1165 1782 3002 4266 5358 7027 6703 3263
 ... : 132 280 534 1165 1782 3004 4272 5367 7035 6732 3310
 ... : 132 280 534 1165 1782 3004 4274 5375 7050 6777 3355
 ... : 132 280 534 1165 1782 3005 4260 5380 7063 6813 3409
 ... : 132 280 534 1166 1785 3011 4272 5394 7081 6847 3436
 ... : 132 280 536 1168 1786 3013 4276 5405 7096 6864 3448
 ... : 132 280 536 1168 1787 3015 4277 5411 7111 6893 3482
 ... : 132 280 536 1168 1787 3017 4280 5420 7126 6917 3518
 ... : 132 280 536 1168 1787 3018 4281 5426 7153 6959 3555
 ... : 132 280 536 1169 1787 3019 4282 5430 7163 7000 3601
 ... : 132 280 536 1171 1792 3025 4292 5441 7177 7030 3635
 ... : 132 280 536 1171 1793 3028 4297 5450 7194 7065 3669
 ... : 132 281 540 1174 1797 3034 4303 5460 7210 7090 3692
 ... : 132 281 541 1175 1798 3037 4305 5468 7232 7124 3733
 ... : 132 281 541 1175 1799 3039 4310 5475 7255 7158 3778
 ... : 132 281 541 1175 1800 3041 4321 5488 7282 7194 3798
 ... : 134 280 540 1174 1797 3043 4326 5484 7296 7224 3827
 ... : 134 280 540 1174 1797 3043 4327 5490 7310 7266 3868
 ... : 134 280 540 1174 1800 3055 4333 5495 7320 7284 3886
 ... : 134 280 540 1174 1800 3055 4338 5512 7356 7322 3897
 ... : 134 280 540 1174 1800 3055 4341 5519 7365 7351 3949
 ... : 134 280 540 1174 1798 3028 4343 5524 7369 7391 3988
 ... : 134 280 540 1174 1799 3030 4345 5527 7380 7414 4058
 ... : 134 280 541 1177 1806 3048 4367 5556 7390 7420 4069
 ... : 134 280 541 1178 1811 3059 4387 5592 7430 7422 4071
 ... : 134 280 541 1178 1812 3059 4390 5604 7450 7460 4088
 ... : 134 280 541 1178 1812 3059 4394 5611 7465 7487 4129
 ... : 134 280 543 1183 1827 3087 4417 5628 7470 7490 4138
 ... : 134 280 543 1183 1826 3087 4424 5656 7494 7525 4143
 ... : 134 280 543 1183 1829 3093 4438 5682 7522 7560 4147
 ... : 134 280 543 1184 1830 3096 4444 5685 7527 7585 4207
 ... : 134 280 543 1184 1831 3108 4464 5714 7544 7600 4224
 ... : 134 280 543 1184 1831 3109 4472 5729 7570 7628 4249
 ... : 134 280 543 1184 1831 3111 4478 5747 7589 7650 4284
 ... : 134 280 543 1184 1831 3111 4478 5763 7602 7699 4316
 ... : 134 280 543 1184 1830 3111 4480 5767 7612 7718 4363
 ... : 134 280 543 1184 1830 3111 4482 5768 7620 7722 4386
  12 : 129 273 516 1124 1749 3035 4221 5343 6386 6896 3987 2028
 ... : 129 273 516 1124 1749 3035 4221 5346 6392 6914 4018 2080
 ... : 129 273 516 1124 1749 3035 4221 5348 6396 6924 4061 2140
 ... : 129 273 516 1124 1749 3034 4219 5352 6408 6933 4092 2192
 ... : 129 273 516 1124 1749 3034 4219 5353 6420 6954 4125 2226
 ... : 129 273 516 1124 1749 3034 4222 5371 6463 6989 4129 2230
 ... : 129 273 516 1124 1749 3034 4222 5373 6464 7011 4188 2266
 ... : 129 273 516 1124 1749 3034 4223 5376 6471 7027 4227 2314
 ... : 129 273 516 1124 1749 3034 4223 5380 6481 7042 4263 2358
 ... : 129 273 516 1124 1749 3034 4223 5381 6486 7062 4311 2404
 ... : 129 273 516 1124 1750 3037 4233 5395 6498 7076 4336 2430
 ... : 129 273 516 1125 1753 3050 4254 5418 6520 7096 4341 2431
 ... : 129 273 516 1129 1760 3063 4270 5439 6542 7113 4363 2431
 ... : 129 273 516 1129 1762 3067 4274 5445 6554 7130 4415 2450
 ... : 129 273 516 1129 1762 3067 4276 5446 6565 7142 4443 2489
 ... : 129 273 516 1129 1762 3067 4276 5446 6568 7149 4481 2552
 ... : 129 273 516 1129 1761 3065 4275 5447 6578 7163 4517 2601
 ... : 129 273 516 1129 1761 3065 4275 5448 6586 7180 4563 2640
 ... : 129 273 516 1129 1761 3065 4275 5448 6589 7199 4615 2691
 ... : 129 273 516 1129 1761 3065 4278 5455 6597 7216 4638 2726
 ... : 129 273 516 1129 1761 3066 4283 5465 6613 7242 4660 2762
 ... : 129 273 516 1129 1761 3066 4282 5467 6621 7256 4693 2806
 ... : 129 273 516 1129 1761 3066 4282 5469 6623 7255 4726 2856
 ... : 129 273 516 1130 1761 3066 4283 5470 6635 7269 4752 2877
 ... : 129 273 516 1130 1761 3066 4284 5469 6642 7284 4776 2917
 ... : 129 273 516 1130 1761 3066 4291 5476 6655 7306 4815 2947
 ... : 129 273 518 1132 1765 3073 4302 5490 6669 7316 4827 2971
 ... : 129 273 518 1132 1765 3074 4309 5502 6691 7353 4851 2972
 ... : 129 273 518 1133 1767 3081 4326 5523 6716 7373 4867 2975
 ... : 129 273 518 1133 1767 3085 4334 5536 6738 7408 4891 2978
 ... : 129 273 518 1133 1767 3085 4334 5542 6749 7428 4925 3012
 ... : 129 273 518 1133 1769 3096 4352 5562 6766 7434 4932 3024
 ... : 129 273 519 1135 1771 3104 4375 5594 6798 7452 4939 3024
 ... : 129 273 519 1135 1771 3104 4375 5599 6808 7484 4972 3050
 ... : 129 273 520 1137 1773 3109 4386 5611 6814 7500 4992 3085
 ... : 129 273 521 1138 1772 3111 4386 5620 6829 7516 5012 3108
 ... : 129 273 522 1140 1782 3122 4390 5627 6837 7528 5028 3129
 ... : 129 273 522 1140 1782 3129 4429 5659 6848 7532 5031 3132
 ... : 129 273 522 1140 1783 3131 4419 5653 6853 7537 5040 3147
 ... : 129 273 522 1140 1783 3131 4419 5652 6852 7543 5069 3220
 ... : 129 273 522 1140 1783 3131 4421 5655 6854 7551 5099 3282
 ... : 129 273 522 1140 1783 3131 4421 5657 6857 7566 5140 3328
 ... : 129 273 523 1142 1785 3136 4426 5667 6876 7591 5164 3354
 ... : 129 273 528 1151 1802 3149 4455 5692 6894 7591 5164 3354
 ... : 129 273 528 1151 1806 3155 4460 5708 6931 7629 5166 3354
 ... : 129 273 528 1151 1806 3155 4460 5706 6943 7677 5216 3355
 ... : 129 273 528 1151 1806 3155 4465 5713 6948 7695 5277 3357
 ... : 129 273 528 1148 1806 3136 4450 5708 6957 7705 5305 3394
 ... : 129 273 528 1148 1808 3146 4461 5728 6988 7732 5307 3397
 ... : 129 273 528 1148 1808 3146 4461 5726 6992 7773 5359 3400
 ... : 129 273 528 1148 1808 3146 4461 5726 6993 7788 5402 3452
 ... : 129 273 528 1149 1811 3153 4473 5741 7001 7793 5416 3494
 ... : 129 273 532 1149 1814 3165 4484 5760 7023 7814 5418 3500
 ... : 129 273 532 1149 1815 3165 4487 5772 7051 7841 5436 3502
 ... : 129 273 532 1149 1815 3165 4488 5777 7061 7873 5484 3513
 ... : 129 273 532 1149 1815 3165 4491 5781 7066 7889 5527 3550
 ... : 129 273 532 1149 1817 3167 4493 5787 7078 7913 5565 3585
 ... : 129 273 532 1149 1818 3167 4497 5790 7087 7920 5581 3636
 ... : 129 273 533 1153 1823 3169 4500 5791 7091 7934 5622 3676
 ... : 129 273 533 1156 1832 3188 4520 5833 7111 7935 5623 3676
 ... : 129 273 533 1156 1832 3188 4520 5837 7146 8001 5650 3680
 ... : 129 273 533 1156 1832 3188 4520 5838 7155 8023 5714 3694
 ... : 129 273 533 1156 1832 3189 4522 5841 7163 8029 5753 3751
 ... : 129 273 533 1156 1832 3190 4526 5845 7166 8037 5781 3811
 ... : 129 273 533 1156 1833 3192 4533 5853 7176 8058 5801 3844
 ... : 129 273 534 1157 1837 3196 4541 5869 7191 8064 5816 3882
 ... : 129 273 537 1167 1851 3206 4555 5894 7201 8074 5822 3883
 ... : 129 273 537 1167 1851 3206 4556 5908 7224 8117 5840 3883
 ... : 129 273 537 1167 1852 3208 4559 5913 7230 8148 5885 3887
 ... : 129 273 537 1168 1857 3212 4567 5924 7245 8166 5913 3920
 ... : 129 273 537 1168 1857 3212 4569 5927 7251 8182 5957 3966
 ... : 129 273 537 1168 1857 3212 4569 5928 7255 8201 6003 4004
 ... : 129 273 537 1168 1857 3212 4570 5930 7260 8210 6045 4055
 ... : 129 273 537 1168 1859 3212 4574 5936 7270 8216 6056 4087
 ... : 129 273 537 1168 1859 3213 4575 5943 7281 8242 6105 4113
 ... : 129 273 537 1169 1860 3215 4581 5954 7312 8273 6124 4129
 ... : 129 273 537 1169 1862 3219 4587 5989 7343 8297 6133 4132
 ... : 129 273 537 1169 1863 3219 4589 6007 7382 8337 6140 4136
 ... : 129 272 539 1174 1867 3230 4597 6017 7407 8365 6143 4136
 ... : 129 272 539 1174 1867 3233 4617 6046 7447 8387 6145 4138
 ... : 129 272 539 1174 1867 3233 4617 6046 7448 8417 6209 4144
 ... : 129 272 540 1176 1869 3237 4625 6066 7471 8433 6231 4147
 ... : 129 272 542 1180 1873 3244 4634 6077 7482 8458 6254 4149
 ... : 129 272 542 1180 1873 3245 4643 6097 7516 8501 6260 4149
 ... : 129 272 542 1180 1873 3245 4644 6102 7528 8527 6319 4150
 ... : 129 272 542 1180 1873 3245 4646 6110 7547 8553 6366 4172
 ... : 129 272 542 1180 1873 3245 4646 6113 7549 8560 6402 4220
 ... : 129 272 542 1180 1873 3245 4646 6113 7551 8572 6453 4285
 ... : 129 272 542 1180 1873 3245 4648 6116 7560 8588 6494 4329
 ... : 129 272 542 1180 1873 3245 4648 6116 7561 8596 6530 4392
 ... : 129 272 542 1180 1873 3245 4648 6117 7564 8600 6567 4466
 ... : 129 272 542 1180 1873 3245 4648 6118 7569 8619 6613 4512
 ... : 129 272 542 1180 1873 3245 4649 6122 7574 8631 6654 4555
 ... : 129 272 542 1180 1873 3245 4649 6124 7582 8654 6699 4599
 ... : 129 272 546 1187 1876 3247 4650 6124 7586 8665 6730 4641
 ... : 129 272 546 1187 1877 3253 4658 6133 7591 8684 6760 4682
 ... : 129 272 546 1187 1877 3253 4658 6133 7591 8686 6806 4750
 ... : 129 272 548 1190 1881 3267 4678 6150 7593 8687 6816 4780
 ... : 129 272 548 1190 1881 3269 4690 6176 7619 8716 6826 4781
 ... : 129 272 548 1191 1882 3269 4690 6184 7633 8745 6874 4781
 ... : 129 272 548 1191 1885 3272 4701 6209 7662 8769 6876 4781
 ... : 129 272 548 1191 1885 3272 4701 6211 7687 8820 6910 4781
 ... : 129 272 548 1191 1885 3272 4701 6217 7697 8844 6957 4801
 ... : 129 272 548 1191 1885 3272 4702 6220 7704 8858 6998 4843
 ... : 129 272 548 1191 1885 3272 4702 6220 7704 8861 7037 4921
 ... : 129 272 548 1191 1885 3272 4703 6221 7707 8870 7070 4979
 ... : 129 272 548 1191 1885 3272 4703 6221 7710 8881 7094 5032
 ... : 129 272 548 1191 1885 3272 4707 6231 7722 8909 7125 5066
 ... : 129 272 548 1191 1885 3272 4709 6233 7723 8916 7176 5114
 ... : 129 272 548 1191 1885 3272 4712 6240 7732 8936 7207 5149
 ... : 129 272 548 1191 1885 3272 4712 6240 7732 8936 7252 5209
 ... : 129 272 548 1191 1885 3272 4712 6241 7738 8954 7297 5249
 ... : 129 272 548 1191 1886 3274 4716 6243 7744 8963 7309 5300
 ... : 129 272 548 1191 1886 3275 4720 6250 7758 8974 7330 5320
 ... : 129 272 548 1191 1886 3277 4723 6256 7773 8990 7353 5353
 ... : 129 272 548 1193 1889 3284 4737 6287 7801 9009 7356 5359
 ... : 129 272 548 1193 1889 3286 4743 6286 7823 9045 7358 5359
 ... : 129 272 548 1193 1890 3288 4749 6293 7836 9089 7395 5361
 ... : 129 272 548 1193 1890 3288 4749 6296 7844 9126 7459 5363
 ... : 129 272 548 1193 1890 3288 4749 6296 7845 9134 7507 5412
 ... : 129 272 548 1193 1890 3288 4749 6297 7852 9145 7557 5454
 ... : 129 272 548 1193 1890 3288 4749 6300 7858 9157 7593 5490
 ... : 129 272 548 1193 1890 3288 4749 6301 7864 9175 7641 5532
 ... : 129 272 548 1193 1890 3288 4749 6302 7869 9183 7684 5588
 ... : 129 272 548 1193 1890 3288 4752 6309 7882 9207 7728 5612
 ... : 129 272 548 1193 1890 3288 4752 6309 7883 9209 7769 5680
 ... : 129 272 548 1193 1890 3288 4752 6312 7887 9221 7813 5730
 ... : 129 272 550 1197 1891 3291 4756 6318 7896 9223 7836 5774
 ... : 129 272 550 1200 1902 3304 4771 6332 7914 9222 7831 5779
 ... : 129 272 550 1200 1902 3304 4774 6338 7929 9252 7856 5781
 ... : 129 272 550 1203 1911 3323 4793 6355 7943 9253 7862 5784
 ... : 129 272 550 1203 1911 3322 4792 6353 7941 9250 7882 5836
 ... : 129 272 550 1203 1911 3321 4791 6353 7942 9258 7917 5893
 ... : 129 272 550 1203 1912 3320 4775 6276 7837 9059 7737 5909
 ... : 129 272 550 1203 1912 3320 4775 6279 7844 9070 7776 5956
 ... : 129 272 550 1203 1912 3321 4776 6282 7854 9088 7807 6004
 ... : 129 272 550 1204 1916 3331 4786 6300 7869 9105 7822 6019
 ... : 129 272 550 1204 1916 3338 4800 6316 7894 9129 7837 6040
 ... : 129 272 550 1204 1916 3338 4800 6316 7897 9159 7886 6062
 ... : 129 272 550 1204 1916 3339 4803 6317 7898 9159 7836 6065
 ... : 129 272 550 1204 1916 3339 4803 6317 7897 9166 7890 6121
 ... : 129 272 550 1204 1916 3339 4808 6333 7909 9175 7925 6159
 ... : 129 272 550 1204 1916 3339 4809 6335 7923 9226 7973 6162
 ... : 129 272 550 1204 1916 3341 4818 6351 7941 9247 8008 6171
 ... : 129 272 550 1204 1918 3351 4833 6368 7962 9263 8025 6176
 ... : 129 272 550 1204 1918 3352 4842 6390 7995 9283 8046 6184
 ... : 129 272 550 1204 1918 3353 4844 6394 8009 9301 8093 6214
 ... : 129 272 550 1204 1918 3353 4836 6374 7957 9246 8021 6177
 ... : 129 272 550 1204 1918 3354 4844 6396 7992 9266 8026 6192
 ... : 129 272 550 1204 1919 3356 4851 6414 8024 9301 8045 6197
 ... : 129 272 550 1204 1919 3359 4861 6427 8047 9335 8085 6201
 ... : 129 272 550 1204 1919 3359 4865 6438 8072 9367 8133 6203
 ... : 129 272 550 1204 1919 3359 4865 6439 8077 9380 8171 6263
 ... : 129 272 550 1204 1919 3359 4865 6440 8081 9386 8175 6306
 ... : 129 272 550 1205 1923 3365 4878 6469 8114 9418 8184 6307
 ... : 129 272 550 1205 1923 3367 4881 6473 8123 9447 8236 6319
 ... : 129 272 550 1205 1923 3372 4896 6491 8150 9485 8254 6323
 ... : 129 272 550 1205 1923 3372 4896 6491 8150 9494 8289 6374
 ... : 129 272 550 1205 1923 3372 4896 6493 8156 9507 8331 6430
 ... : 129 272 550 1205 1923 3372 4897 6496 8164 9522 8377 6477
 ... : 129 272 550 1205 1927 3372 4898 6496 8164 9523 8412 6544
 ... : 129 272 550 1205 1927 3380 4904 6507 8173 9539 8439 6562
 ... : 129 272 550 1205 1927 3382 4911 6530 8211 9561 8461 6564
 ... : 129 272 550 1205 1927 3382 4912 6533 8219 9585 8504 6597
 ... : 129 272 550 1205 1928 3387 4923 6552 8231 9588 8516 6639
 ... : 129 272 550 1207 1930 3392 4936 6566 8252 9617 8516 6639
 ... : 129 272 550 1207 1930 3392 4936 6565 8250 9630 8550 6691
 ... : 129 272 550 1207 1930 3395 4943 6575 8264 9652 8576 6718
 ... : 129 272 550 1207 1931 3397 4954 6588 8280 9679 8597 6730
 ... : 129 272 550 1207 1931 3397 4955 6591 8285 9687 8649 6786
 ... : 129 272 550 1207 1931 3397 4958 6597 8301 9707 8683 6820
 ... : 129 272 550 1207 1931 3398 4963 6609 8328 9746 8721 6822
 ... : 129 272 550 1207 1931 3398 4963 6608 8327 9758 8761 6880
 ... : 129 272 550 1207 1931 3402 4968 6619 8340 9772 8788 6903
 ... : 129 272 550 1207 1931 3404 4970 6624 8353 9792 8814 6926
 ... : 129 272 550 1207 1931 3404 4970 6624 8362 9813 8836 6968
 ... : 129 272 550 1207 1931 3406 4976 6635 8380 9834 8869 6989
 ... : 129 272 550 1207 1931 3407 4978 6637 8387 9853 8901 7027
 ... : 129 272 550 1207 1932 3409 4981 6640 8388 9856 8919 7079
 ... : 129 272 550 1207 1932 3409 4981 6640 8393 9870 8964 7118
 ... : 129 272 550 1207 1932 3409 4981 6640 8395 9878 9006 7170
 ... : 129 272 550 1207 1933 3411 4983 6638 8391 9880 9015 7199
 ... : 129 272 550 1207 1933 3411 4983 6639 8398 9895 9052 7238
 ... : 129 272 550 1207 1934 3414 4988 6653 8414 9918 9080 7255
 ... : 129 272 550 1207 1934 3415 4992 6662 8419 9935 9099 7282
  13 : 126 257 495 1097 1791 3135 4310 5725 6598 8115 8017 6173 2997
 ... : 126 257 495 1097 1791 3135 4310 5725 6599 8118 8019 6213 3080
 ... : 126 257 495 1097 1791 3135 4310 5726 6603 8127 8034 6251 3107
 ... : 126 257 495 1097 1791 3135 4310 5726 6606 8129 8036 6279 3153
 ... : 126 257 495 1097 1791 3135 4311 5729 6615 8144 8067 6317 3164
 ... : 126 257 495 1097 1791 3135 4313 5729 6616 8150 8086 6360 3193
 ... : 126 257 495 1097 1793 3143 4330 5769 6646 8160 8087 6360 3194
 ... : 126 257 495 1097 1795 3145 4336 5781 6671 8192 8103 6364 3194
 ... : 126 257 495 1098 1797 3151 4355 5818 6704 8201 8106 6364 3194
 ... : 126 257 495 1099 1799 3156 4365 5840 6732 8239 8111 6365 3195
 ... : 126 257 495 1100 1800 3160 4370 5848 6759 8281 8143 6368 3197
 ... : 126 258 496 1101 1803 3160 4370 5848 6764 8299 8197 6372 3197
 ... : 126 258 496 1101 1803 3163 4372 5852 6780 8314 8224 6416 3200
 ... : 126 258 496 1101 1803 3163 4373 5855 6792 8345 8267 6422 3201
 ... : 126 258 496 1101 1803 3163 4375 5859 6800 8344 8294 6475 3202
 ... : 126 258 496 1101 1803 3163 4380 5865 6820 8369 8321 6493 3205
 ... : 126 258 496 1101 1803 3163 4387 5885 6841 8389 8332 6513 3205
 ... : 126 258 496 1101 1803 3168 4404 5918 6880 8415 8332 6513 3205
 ... : 126 258 496 1101 1803 3168 4404 5920 6897 8459 8385 6516 3205
 ... : 126 258 496 1101 1803 3168 4407 5923 6906 8467 8428 6553 3205
 ... : 126 258 496 1101 1803 3168 4407 5923 6906 8466 8463 6623 3205
 ... : 126 258 496 1101 1803 3168 4407 5931 6924 8496 8490 6640 3207
 ... : 126 258 496 1101 1803 3168 4407 5935 6931 8513 8524 6691 3208
 ... : 126 258 496 1101 1803 3169 4408 5937 6940 8537 8548 6717 3212
 ... : 126 258 498 1105 1807 3184 4426 5950 6941 8538 8554 6746 3212
 ... : 126 258 498 1105 1807 3187 4432 5971 6979 8559 8557 6749 3219
 ... : 126 258 499 1108 1813 3202 4450 5995 6999 8572 8561 6750 3219
 ... : 126 258 499 1108 1813 3203 4460 6011 7042 8606 8562 6751 3219
 ... : 126 258 499 1108 1813 3204 4462 6015 7053 8635 8597 6756 3220
 ... : 126 258 499 1108 1813 3204 4462 6015 7057 8652 8663 6779 3224
 ... : 126 258 499 1108 1815 3209 4471 6035 7091 8675 8664 6787 3226
 ... : 126 258 499 1108 1815 3209 4470 6036 7099 8700 8711 6807 3229
 ... : 126 258 499 1108 1815 3209 4470 6038 7100 8706 8736 6869 3232
 ... : 126 258 499 1108 1815 3211 4477 6052 7112 8716 8745 6906 3234
 ... : 126 258 500 1115 1819 3216 4481 6061 7116 8722 8756 6910 3238
 ... : 126 259 502 1120 1834 3242 4514 6079 7116 8723 8756 6910 3238
 ... : 126 259 502 1124 1838 3252 4537 6117 7138 8726 8757 6910 3238
