initialized model with 196 latches, 17 inputs and 1 properties
tsim: performed 14 steps
tsim: found cycle from 11
checking bound 0
checking bound 1
checking bound 2
tdecomp: unrolling 2 cycles
tsim: performed 12 steps
tsim: found cycle from 9
tdecomp: no improvement found, reverting original model
   2 : 1 1
   3 : 1 1 2
   4 : 1 1 1 1
   5 : 1 1 1 5 2
   6 : 1 1 1 6 18 9
   7 : 1 1 1 7 28 45 18
 ... : 1 1 1 10 39 62 95
   8 : 1 1 1 10 44 79 88 89
 ... : 1 1 1 10 48 86 113 167
 ... : 1 1 1 11 53 107 140 219
 ... : 1 1 1 11 55 127 159 279
 ... : 1 1 1 8 64 149 167 302
 ... : 1 1 4 25 94 169 173 311
 ... : 1 1 8 47 124 190 175 319
 ... : 1 8 21 9 140 193 176 326
 ... : 1 8 29 35 96 171 176 331
 ... : 1 8 32 49 106 175 179 345
   9 : 1 8 32 48 39 12 9 14 295
  10 : 1 8 32 48 39 12 9 8 24 289
  11 : 1 8 32 48 39 12 9 8 29 42 297
 ... : 1 8 32 48 39 12 9 10 35 64 415
  12 : 1 8 32 48 39 12 9 10 35 61 115 308
 ... : 1 8 32 48 39 12 9 10 38 78 128 374
 ... : 1 8 32 48 39 12 9 12 49 95 144 414
 ... : 1 8 32 48 39 12 9 15 59 117 149 467
 ... : 1 8 32 48 39 12 9 15 59 131 163 521
 ... : 1 8 32 48 39 12 9 15 59 141 187 578
 ... : 1 8 32 48 39 12 9 15 59 145 195 699
  13 : 1 8 32 48 39 12 9 15 59 143 193 139 563
 ... : 1 8 32 48 39 12 9 15 59 144 209 158 620
 ... : 1 8 32 48 39 12 9 15 59 147 223 165 671
 ... : 1 8 32 48 39 12 9 15 59 154 237 172 724
 ... : 1 8 32 48 39 12 9 15 59 155 257 194 779
 ... : 1 8 32 48 39 12 3 3 72 163 272 203 816
 ... : 1 8 32 48 39 12 3 10 89 174 281 207 820
 ... : 1 8 32 48 39 12 3 10 89 190 308 216 846
 ... : 1 8 32 48 39 12 3 10 89 194 323 234 891
 ... : 1 8 32 48 39 12 3 10 89 200 348 251 932
 ... : 1 8 32 48 39 12 3 10 91 214 370 263 966
 ... : 1 8 32 48 39 12 3 10 91 227 390 274 1003
 ... : 1 8 32 48 39 12 3 10 91 228 404 300 955
 ... : 1 8 32 48 39 12 8 30 27 2 414 301 977
 ... : 1 8 32 48 39 12 10 40 39 12 414 301 1023
 ... : 1 8 32 48 39 12 11 47 57 24 417 301 1072
 ... : 1 8 32 48 39 12 12 52 64 36 15 210 1118
 ... : 1 8 32 48 39 12 13 56 77 48 18 210 1160
 ... : 1 8 32 48 39 12 13 56 77 48 18 210 1311
  14 : 1 8 32 48 39 12 13 56 77 47 17 1 262 932
  15 : 1 8 32 48 39 12 13 56 77 47 17 1 17 20 878
  16 : 1 8 32 48 39 12 13 56 77 47 17 1 18 25 40 846
 ... : 1 8 32 48 39 12 13 56 77 47 17 1 12 40 57 913
  17 : 1 8 32 48 39 12 13 56 77 47 17 1 12 40 56 99 846
 ... : 1 8 32 48 39 12 13 56 77 47 17 1 13 45 74 127 901
 ... : 1 8 32 48 39 12 13 56 77 47 17 1 13 50 86 133 944
 ... : 1 8 32 48 39 12 13 56 77 47 17 1 15 62 100 138 988
 ... : 1 8 32 48 39 12 13 56 77 47 19 7 15 64 107 140 1038
 ... : 1 8 32 48 39 12 13 56 77 47 21 9 15 64 112 141 1093
 ... : 1 8 32 48 39 12 13 56 77 47 22 21 16 68 116 147 1143
 ... : 1 8 32 48 39 12 13 56 77 47 22 22 17 69 132 166 1192
 ... : 1 8 32 48 39 12 13 56 88 77 36 23 18 73 139 174 1204
 ... : 1 8 32 48 39 12 13 56 90 86 45 23 18 79 147 183 1252
 ... : 1 8 32 48 39 12 13 56 90 90 59 51 24 79 147 183 1300
 ... : 1 8 32 48 39 12 13 56 90 92 71 61 29 79 147 183 1339
 ... : 1 8 32 48 39 12 13 56 90 92 72 65 36 84 150 183 1393
 ... : 1 8 32 48 39 12 13 56 97 106 75 67 38 85 156 190 1412
 ... : 1 8 32 48 39 12 13 56 97 116 98 90 42 85 160 195 1426
 ... : 1 8 32 48 39 12 13 56 97 116 102 93 42 85 161 199 1521
  18 : 1 8 32 48 39 12 13 56 97 116 102 86 41 87 161 202 237 1342
 ... : 1 8 32 48 39 12 13 56 97 116 102 86 41 88 177 232 247 1374
 ... : 1 8 32 48 39 12 13 56 97 113 102 86 41 91 189 248 250 1394
 ... : 1 8 32 48 39 12 13 56 97 113 99 87 41 91 195 252 250 1441
 ... : 1 8 32 48 39 12 13 56 97 114 110 89 41 91 195 253 250 1486
 ... : 1 8 32 48 39 12 13 56 97 114 110 89 46 100 200 253 250 1544
 ... : 1 8 32 48 39 12 13 56 97 114 110 89 46 106 207 255 250 1606
 ... : 1 8 32 48 39 12 13 56 97 114 110 89 46 108 208 261 251 1664
 ... : 1 8 32 48 39 12 13 56 97 114 110 89 47 116 218 265 251 1722
 ... : 1 8 32 48 39 12 13 56 97 114 110 89 47 116 228 279 254 1777
 ... : 1 8 32 48 39 12 13 56 97 114 111 91 50 120 230 282 254 1829
 ... : 1 8 32 48 39 12 13 56 97 114 111 91 50 124 241 290 255 1872
 ... : 1 8 32 48 39 12 13 56 97 114 111 91 55 128 248 297 257 1930
 ... : 1 8 32 48 39 12 13 56 97 114 111 91 58 138 256 298 257 1981
 ... : 1 8 32 48 39 12 13 56 97 114 111 91 62 141 270 306 257 2017
 ... : 1 8 32 48 39 12 13 56 97 114 111 91 62 150 282 312 257 2063
 ... : 1 8 32 48 39 12 13 56 97 114 111 91 64 154 288 318 258 2084
 ... : 1 8 32 48 39 12 13 56 97 114 111 91 64 162 297 323 259 2143
 ... : 1 8 32 48 39 12 13 56 97 114 111 91 64 165 301 330 260 2198
 ... : 1 8 32 48 39 12 13 56 97 114 112 93 70 168 304 333 261 2256
 ... : 1 8 32 48 39 12 13 56 97 114 112 93 73 173 312 334 261 2315
 ... : 1 8 32 48 39 12 13 56 97 114 112 93 73 178 331 340 261 2365
 ... : 1 8 32 48 39 12 13 56 97 114 113 93 73 181 342 349 263 2409
 ... : 1 8 32 48 39 12 13 56 97 114 114 93 80 182 338 342 263 2409
 ... : 1 8 32 48 39 12 13 56 97 114 114 93 80 184 343 347 264 2462
 ... : 1 8 32 48 39 12 13 56 97 114 114 93 81 188 357 355 264 2496
 ... : 1 8 32 48 39 12 13 56 97 114 114 93 81 190 363 362 265 2545
 ... : 1 8 32 48 39 12 13 56 97 114 114 93 80 196 368 363 264 2594
 ... : 1 8 32 48 39 12 13 56 97 114 114 93 87 198 368 366 264 2646
 ... : 1 8 32 48 39 12 13 56 97 114 114 93 91 204 378 369 264 2673
 ... : 1 8 32 48 39 12 13 56 97 114 114 93 91 202 388 379 265 2716
 ... : 1 8 32 48 39 12 13 56 97 114 114 93 91 206 392 384 265 2775
 ... : 1 8 32 48 39 12 13 56 97 114 114 93 91 213 405 397 267 2821
 ... : 1 8 32 48 39 12 13 56 97 114 114 93 94 219 413 407 269 2861
 ... : 1 8 32 48 39 12 13 56 97 114 114 93 95 222 418 411 269 2898
 ... : 1 8 32 48 39 12 13 56 97 114 114 93 95 229 423 411 269 2947
 ... : 1 8 32 48 39 12 13 56 97 114 114 93 98 233 429 421 269 2993
 ... : 1 8 32 48 39 12 13 56 97 114 114 93 100 232 426 430 269 3031
 ... : 1 8 32 48 39 12 13 56 97 114 114 93 100 232 428 437 272 3073
 ... : 1 8 32 48 39 12 13 56 97 114 114 93 105 238 433 439 273 3133
 ... : 1 8 32 48 39 12 13 56 97 114 114 93 109 247 445 442 273 3181
 ... : 1 8 32 48 39 12 13 56 97 114 114 93 109 251 455 452 274 3234
 ... : 1 8 32 48 39 12 13 56 97 114 114 93 109 252 466 456 275 3278
 ... : 1 8 32 48 39 12 13 56 97 114 114 93 110 259 474 461 276 3324
 ... : 1 8 32 48 39 12 13 56 97 114 114 93 115 266 478 462 276 3379
 ... : 1 8 32 48 39 12 13 56 97 114 114 93 118 272 486 470 276 3429
 ... : 1 8 32 48 39 12 13 56 97 114 114 93 119 276 489 475 277 3487
 ... : 1 8 32 48 39 12 13 56 97 119 122 93 119 276 496 476 277 3520
 ... : 1 8 32 48 39 12 13 56 97 123 123 94 119 278 504 483 275 3562
 ... : 1 8 32 48 39 12 13 56 97 133 133 97 119 280 509 489 278 3598
 ... : 1 8 32 48 39 12 13 56 103 168 158 98 119 280 509 489 278 3623
 ... : 1 8 32 48 39 12 13 56 113 181 169 104 119 280 509 489 278 3651
 ... : 1 8 32 48 39 12 13 56 114 200 199 112 119 280 509 489 278 3696
 ... : 1 8 32 48 39 12 13 56 114 202 223 140 124 280 509 489 278 3741
 ... : 1 8 32 48 39 12 13 56 114 206 236 155 126 280 509 489 278 3796
 ... : 1 8 32 48 39 12 13 56 114 210 255 172 130 280 509 489 278 3850
 ... : 1 8 32 48 39 12 13 56 114 212 268 186 132 280 509 489 278 3906
 ... : 1 8 32 48 39 12 13 56 114 216 276 201 134 280 509 489 278 3961
 ... : 1 8 32 48 39 12 13 56 115 222 279 209 135 280 509 489 278 4013
 ... : 1 8 32 48 39 12 13 56 117 231 297 215 135 280 509 489 278 4066
 ... : 1 8 32 48 39 12 13 56 117 233 313 227 136 280 509 489 278 4123
 ... : 1 8 32 48 39 12 13 56 117 237 332 236 139 280 509 489 278 4176
 ... : 1 8 32 48 39 12 13 56 117 242 349 253 142 280 509 489 278 4229
 ... : 1 8 32 48 39 12 13 56 117 243 358 272 147 280 509 489 278 4276
 ... : 1 8 32 48 39 12 13 56 117 244 378 283 149 280 509 489 278 4327
 ... : 1 8 32 48 39 12 13 56 117 246 389 297 153 280 509 489 278 4379
 ... : 1 8 32 48 39 12 13 56 117 252 409 306 153 280 509 489 278 4435
 ... : 1 8 32 48 39 12 13 56 117 254 423 319 155 280 509 489 278 4492
 ... : 1 8 32 48 39 12 13 56 118 256 436 324 155 280 509 489 278 4543
 ... : 1 8 32 48 39 12 13 56 118 256 444 340 159 280 509 489 278 4594
 ... : 1 8 32 48 39 12 13 56 119 257 453 348 161 280 509 489 278 4638
 ... : 1 8 32 48 39 12 13 56 124 263 454 358 161 280 509 489 278 4692
 ... : 1 8 32 48 39 12 13 56 130 275 465 362 162 280 509 489 278 4733
 ... : 1 8 32 48 39 12 13 56 130 277 501 383 167 280 509 489 278 4774
 ... : 1 8 32 48 39 12 13 56 130 278 522 402 170 280 509 489 278 4823
 ... : 1 8 32 48 39 12 13 56 130 278 534 429 176 280 509 489 278 4880
 ... : 1 8 32 48 39 12 13 56 130 281 545 457 179 280 509 489 278 4925
 ... : 1 8 32 48 39 12 13 56 130 290 554 444 173 280 509 489 278 4966
 ... : 1 8 32 48 39 12 13 56 130 290 572 485 183 280 509 488 278 5007
 ... : 1 8 32 48 39 12 13 56 130 291 591 505 185 281 508 488 278 5051
 ... : 1 8 32 48 39 12 13 56 130 295 610 513 186 281 508 488 278 5104
 ... : 1 8 32 48 39 12 13 56 131 304 630 534 185 282 508 488 278 5156
 ... : 1 8 32 48 39 12 13 56 131 306 648 558 193 282 508 488 278 5205
 ... : 1 8 32 48 39 12 13 56 131 306 664 569 195 283 508 488 278 5259
 ... : 1 8 32 48 39 12 13 56 131 306 674 604 194 286 508 488 278 5307
 ... : 1 8 32 48 39 12 13 56 131 306 678 646 205 286 508 488 278 5358
 ... : 1 8 32 48 39 12 13 56 131 306 684 680 204 287 508 488 278 5415
 ... : 1 8 32 48 39 12 13 56 131 306 692 708 201 285 508 488 278 5468
 ... : 1 8 32 48 39 12 13 56 131 310 710 738 209 285 508 488 278 5512
 ... : 1 8 32 48 39 12 13 56 131 311 726 772 218 284 508 488 278 5557
 ... : 1 8 32 48 39 12 13 56 131 311 733 794 230 285 508 488 278 5612
 ... : 1 8 32 48 39 12 13 56 131 311 733 807 236 285 508 488 278 5674
 ... : 1 8 32 48 39 12 13 56 131 311 734 826 243 289 509 488 278 5728
 ... : 1 8 32 48 39 12 13 56 131 311 736 841 258 293 511 488 278 5778
 ... : 1 8 32 48 39 12 13 56 131 311 736 850 271 294 513 488 278 5834
 ... : 1 8 32 48 39 12 13 56 131 311 742 866 280 300 514 488 278 5885
 ... : 1 8 32 48 39 12 13 56 131 311 744 880 300 306 514 488 278 5940
 ... : 1 8 32 48 39 12 13 56 131 311 744 886 319 308 514 488 278 5995
 ... : 1 8 32 48 39 12 13 56 131 311 746 902 328 308 514 488 278 6052
 ... : 1 8 32 48 39 12 13 56 131 311 748 914 335 308 515 488 278 6111
 ... : 1 8 32 48 39 12 13 56 131 311 748 925 352 310 515 488 278 6168
 ... : 1 8 32 48 39 12 13 56 131 311 748 932 365 306 516 488 278 6228
 ... : 1 8 32 48 39 12 13 56 131 311 750 947 381 306 515 488 278 6284
 ... : 1 8 32 48 39 12 13 56 131 311 750 947 385 308 514 488 278 6296
 ... : 1 8 32 48 39 12 13 56 131 311 751 958 394 308 514 488 278 6323
 ... : 1 8 32 48 39 12 13 56 131 311 753 974 402 307 512 488 278 6377
 ... : 1 8 32 48 39 12 13 56 131 311 753 981 403 308 512 488 278 6395
 ... : 1 8 32 48 39 12 13 56 139 339 768 981 408 308 512 488 278 6407
 ... : 1 8 32 48 39 12 13 56 140 344 785 997 411 308 512 488 278 6449
 ... : 1 8 32 48 39 12 13 56 140 345 799 1007 413 308 512 488 278 6506
 ... : 1 8 32 48 39 12 13 56 141 353 812 1020 414 308 512 488 278 6563
 ... : 1 8 32 48 39 12 13 56 141 353 820 1030 416 308 512 488 278 6619
 ... : 1 8 32 48 39 12 13 56 141 353 827 1042 423 308 512 488 278 6673
 ... : 1 8 32 48 39 12 13 56 141 355 833 1051 427 308 512 488 278 6725
 ... : 1 8 32 48 39 12 13 56 141 357 842 1065 434 308 512 488 278 6766
 ... : 1 8 32 48 39 12 13 56 141 358 851 1071 438 310 512 488 278 6820
 ... : 1 8 32 48 39 12 13 56 141 358 853 1081 442 311 512 488 278 6880
 ... : 1 8 32 48 39 12 13 56 141 358 859 1083 448 311 512 488 278 6941
 ... : 1 8 32 48 39 12 13 56 141 358 861 1093 457 311 512 488 278 7000
 ... : 1 8 32 48 39 12 13 56 141 361 863 1093 457 311 512 488 278 7056
 ... : 1 8 32 48 39 12 13 56 141 361 864 1099 457 311 512 488 278 7118
 ... : 1 8 32 48 39 12 13 56 141 361 864 1102 457 311 512 488 278 7179
 ... : 1 8 32 48 39 12 13 56 141 361 864 1103 457 311 512 488 278 7240
 ... : 1 8 32 48 39 12 13 56 141 361 865 1108 457 311 512 488 278 7299
 ... : 1 8 32 48 39 12 13 56 141 361 865 1110 458 311 512 488 278 7358
 ... : 1 8 32 48 39 12 13 56 141 361 865 1113 459 311 512 488 278 7420
 ... : 1 8 32 48 39 12 13 56 141 361 866 1117 458 311 512 488 278 7468
 ... : 1 8 32 48 39 12 13 56 141 361 866 1117 457 311 512 488 278 7525
 ... : 1 8 32 48 39 12 13 56 141 361 867 1119 457 311 512 488 278 7579
 ... : 1 8 32 48 39 12 13 56 141 361 867 1120 458 311 512 488 278 7639
 ... : 1 8 32 48 39 12 13 56 141 361 867 1123 460 311 512 488 278 7689
 ... : 1 8 32 48 39 12 13 56 141 361 867 1125 460 311 512 488 278 7744
 ... : 1 8 32 48 39 12 13 56 141 361 868 1127 460 311 512 488 278 7797
 ... : 1 8 32 48 39 12 13 56 141 361 868 1129 459 311 512 488 278 7848
 ... : 1 8 32 48 39 12 13 56 141 361 868 1131 461 311 512 488 278 7903
 ... : 1 8 32 48 39 12 13 56 141 361 868 1134 466 312 512 488 278 7957
 ... : 1 8 32 48 39 12 13 56 141 361 868 1141 473 312 512 488 278 8016
 ... : 1 8 32 48 39 12 13 56 141 361 868 1146 476 312 512 488 278 8073
 ... : 1 8 32 48 39 12 13 56 141 362 868 1147 480 312 512 488 278 8129
 ... : 1 8 32 48 39 12 13 56 141 362 870 1157 476 312 512 488 278 8187
 ... : 1 8 32 48 39 12 13 56 141 362 871 1162 479 312 512 488 278 8242
 ... : 1 8 32 48 39 12 13 56 142 365 872 1166 485 312 512 488 278 8301
 ... : 1 8 32 48 39 12 13 56 142 365 874 1166 490 312 512 488 278 8360
 ... : 1 8 32 48 39 12 13 56 142 366 876 1173 497 312 512 488 278 8408
 ... : 1 8 32 48 39 12 13 56 142 366 876 1172 509 315 512 488 278 8464
 ... : 1 8 32 48 39 12 13 56 142 366 876 1172 520 315 512 488 278 8528
 ... : 1 8 32 48 39 12 13 56 143 367 881 1180 525 315 512 488 278 8575
 ... : 1 8 32 48 39 12 13 56 143 364 882 1187 535 317 512 488 278 8627
 ... : 1 8 32 48 39 12 13 56 143 364 881 1197 546 324 512 488 278 8666
 ... : 1 8 32 48 39 12 13 56 143 364 881 1199 580 338 512 488 278 8704
 ... : 1 8 32 48 39 12 13 56 143 364 881 1205 587 348 512 488 278 8724
 ... : 1 8 32 48 39 12 13 56 143 364 882 1234 598 353 513 488 278 8753
 ... : 1 8 32 48 39 12 13 56 143 364 883 1258 614 353 513 488 278 8812
 ... : 1 8 32 48 39 12 13 56 143 364 882 1266 631 358 515 488 278 8856
 ... : 1 8 32 48 39 12 13 56 143 364 882 1271 649 372 520 488 278 8896
 ... : 1 8 32 48 39 12 13 56 143 364 882 1272 661 374 522 488 278 8955
 ... : 1 8 32 48 39 12 13 56 143 364 882 1272 671 381 527 490 278 9007
 ... : 1 8 32 48 39 12 13 56 143 364 882 1275 696 400 533 496 278 9038
 ... : 1 8 32 48 39 12 13 56 143 364 882 1275 701 409 536 498 278 9099
 ... : 1 8 32 48 39 12 13 56 143 364 882 1276 707 415 542 509 278 9139
 ... : 1 8 32 48 39 12 13 56 143 364 882 1276 714 430 555 516 278 9178
 ... : 1 8 32 48 39 12 13 56 143 364 882 1276 722 444 569 518 278 9218
 ... : 1 8 32 48 39 12 13 56 143 364 882 1282 735 446 575 522 279 9255
 ... : 1 8 32 48 39 12 13 56 143 364 882 1288 759 459 580 522 279 9301
 ... : 1 8 32 48 39 12 13 56 143 364 882 1287 768 472 588 522 279 9348
 ... : 1 8 32 48 39 12 13 56 143 364 882 1287 776 476 597 525 279 9400
 ... : 1 8 32 48 39 12 13 56 143 364 882 1287 781 486 609 532 279 9444
 ... : 1 8 32 48 39 12 13 56 143 364 882 1287 787 491 619 541 279 9481
 ... : 1 8 32 48 39 12 13 56 143 364 882 1286 799 495 627 544 280 9514
 ... : 1 8 32 48 39 12 13 56 143 364 882 1287 807 505 626 544 280 9572
 ... : 1 8 32 48 39 12 13 56 143 364 882 1286 823 509 629 543 281 9622
 ... : 1 8 32 48 39 12 13 56 143 364 882 1285 824 512 631 547 281 9674
 ... : 1 8 32 48 39 12 13 56 143 364 882 1282 831 518 633 558 281 9714
 ... : 1 8 32 48 39 12 13 56 143 364 882 1282 838 544 644 574 281 9747
 ... : 1 8 32 48 39 12 13 56 143 364 882 1281 848 570 652 570 286 9781
 ... : 1 8 32 48 39 12 13 56 143 364 881 1281 881 580 658 570 286 9815
 ... : 1 8 32 48 39 12 13 56 143 364 881 1284 917 593 661 570 286 9864
 ... : 1 8 32 48 39 12 13 56 143 364 881 1284 938 608 663 569 286 9914
 ... : 1 8 32 48 39 12 13 56 143 364 881 1284 952 632 664 565 286 9964
 ... : 1 8 32 48 39 12 13 56 143 364 881 1284 966 652 668 570 289 10014
 ... : 1 8 32 48 39 12 13 56 143 364 881 1284 981 670 675 569 289 10061
 ... : 1 8 32 48 39 12 13 56 143 364 881 1284 985 692 681 570 289 10090
 ... : 1 8 32 48 39 12 13 56 143 364 881 1284 993 714 684 576 293 10131
 ... : 1 8 32 48 39 12 13 56 143 364 881 1282 1006 738 688 580 295 10173
 ... : 1 8 32 48 39 12 13 56 143 364 881 1282 1028 762 698 584 295 10209
 ... : 1 8 32 48 39 12 13 56 143 364 881 1282 1041 780 708 587 295 10250
 ... : 1 8 32 48 39 12 13 56 143 364 881 1282 1049 805 716 590 297 10298
 ... : 1 8 32 48 39 12 13 56 143 364 881 1280 1068 831 722 590 297 10337
 ... : 1 8 32 48 39 12 13 56 143 364 880 1279 1076 850 728 591 298 10386
 ... : 1 8 32 48 39 12 13 56 143 364 880 1278 1094 875 733 592 298 10435
 ... : 1 8 32 48 39 12 13 56 143 364 880 1278 1107 889 737 594 298 10474
 ... : 1 8 32 48 39 12 13 56 143 364 880 1278 1109 912 750 596 300 10508
 ... : 1 8 32 48 39 12 13 56 143 364 880 1278 1114 941 755 603 301 10541
 ... : 1 8 32 48 39 12 13 56 143 364 880 1277 1117 971 767 609 301 10570
 ... : 1 8 32 48 39 12 13 56 143 364 880 1277 1120 994 782 623 303 10592
 ... : 1 8 32 48 39 12 13 56 143 364 880 1277 1123 1017 796 630 304 10618
 ... : 1 8 32 48 39 12 13 56 143 364 880 1277 1124 1068 815 644 304 10644
 ... : 1 8 32 48 39 12 13 56 143 364 880 1276 1129 1109 842 650 304 10669
 ... : 1 8 32 48 39 12 13 56 143 364 880 1276 1139 1133 845 650 304 10727
 ... : 1 8 32 48 39 12 13 56 143 364 880 1276 1147 1162 856 650 304 10771
 ... : 1 8 32 48 39 12 13 56 143 364 880 1277 1174 1173 862 650 304 10821
 ... : 1 8 32 48 39 12 13 56 143 364 880 1279 1198 1190 866 650 304 10868
 ... : 1 8 32 48 39 12 13 56 143 364 880 1279 1211 1209 883 650 304 10909
 ... : 1 8 32 48 39 12 13 56 143 364 880 1279 1223 1223 900 650 304 10938
 ... : 1 8 32 48 39 12 13 56 143 364 880 1279 1237 1250 919 651 304 10959
 ... : 1 8 32 48 39 12 13 56 143 364 880 1281 1246 1264 927 651 304 11005
 ... : 1 8 32 48 39 12 13 56 143 364 880 1281 1253 1291 940 651 304 11054
 ... : 1 8 32 48 39 12 13 56 143 364 880 1281 1259 1317 947 651 304 11111
 ... : 1 8 32 48 39 12 13 56 143 364 880 1288 1274 1332 953 651 304 11164
 ... : 1 8 32 48 39 12 13 56 143 364 880 1288 1277 1354 962 651 304 11218
 ... : 1 8 32 48 39 12 13 56 143 364 882 1295 1286 1362 971 651 304 11247
 ... : 1 8 32 48 39 12 13 56 143 364 882 1296 1299 1380 977 651 304 11294
 ... : 1 8 32 48 39 12 13 56 143 364 882 1296 1310 1394 979 651 304 11351
 ... : 1 8 32 48 39 12 13 56 143 364 882 1301 1332 1410 981 652 304 11398
 ... : 1 8 32 48 39 12 13 56 143 364 882 1307 1312 1366 954 650 304 11410
 ... : 1 8 32 48 39 12 13 56 143 364 882 1307 1321 1376 954 650 304 11471
 ... : 1 8 32 48 39 12 13 56 143 364 882 1308 1328 1383 954 650 304 11535
 ... : 1 8 32 48 39 12 13 56 143 364 882 1308 1334 1393 954 650 304 11595
 ... : 1 8 32 48 39 12 13 56 143 367 889 1314 1342 1403 946 634 301 11595
 ... : 1 8 32 48 39 12 13 56 143 367 890 1341 1358 1407 946 634 301 11629
 ... : 1 8 32 48 39 12 13 56 143 367 895 1355 1369 1408 946 634 301 11684
 ... : 1 8 32 48 39 12 13 56 143 367 896 1364 1376 1408 946 634 301 11745
 ... : 1 8 32 48 39 12 13 56 143 367 905 1374 1382 1409 946 634 301 11796
 ... : 1 8 32 48 39 12 13 56 143 367 911 1392 1388 1409 946 634 301 11829
 ... : 1 8 32 48 39 12 13 56 143 367 912 1407 1397 1410 946 634 301 11882
 ... : 1 8 32 48 39 12 13 56 143 367 916 1422 1409 1414 946 634 301 11937
 ... : 1 8 32 48 39 12 13 56 143 367 926 1442 1411 1414 946 634 301 11989
 ... : 1 8 32 48 39 12 13 56 143 368 940 1462 1416 1414 946 634 301 12041
 ... : 1 8 32 48 39 12 13 56 143 368 941 1473 1425 1415 946 634 301 12101
 ... : 1 8 32 48 39 12 13 56 143 368 942 1487 1439 1418 946 634 301 12155
 ... : 1 8 32 48 39 12 13 56 143 369 943 1497 1450 1420 946 634 301 12205
 ... : 1 8 32 48 39 12 13 56 143 369 955 1517 1458 1421 946 634 301 12252
 ... : 1 8 32 48 39 12 13 56 143 371 972 1556 1469 1421 946 634 301 12291
 ... : 1 8 32 48 39 12 13 56 143 371 977 1585 1485 1422 946 634 301 12335
 ... : 1 8 32 48 39 12 13 56 143 371 977 1599 1482 1424 946 634 301 12391
 ... : 1 8 32 48 39 12 13 56 143 371 978 1607 1488 1426 947 634 301 12447
 ... : 1 8 32 48 39 12 13 56 143 371 978 1616 1515 1434 951 634 301 12496
 ... : 1 8 32 48 39 12 13 56 143 371 979 1618 1532 1442 955 634 301 12543
 ... : 1 8 32 48 39 12 13 56 144 372 968 1544 1475 1426 948 634 301 12443
 ... : 1 8 32 48 39 12 13 56 144 372 972 1553 1485 1426 948 634 301 12459
 ... : 1 8 32 48 39 12 13 56 144 372 972 1561 1504 1431 948 634 301 12517
 ... : 1 8 32 48 39 12 13 56 144 373 980 1589 1520 1434 949 634 301 12567
 ... : 1 8 32 48 39 12 13 56 144 373 984 1608 1530 1435 949 634 301 12610
 ... : 1 8 32 48 39 12 13 56 144 373 986 1631 1545 1438 949 634 301 12664
 ... : 1 8 32 48 39 12 13 56 144 373 991 1649 1567 1447 950 634 301 12708
 ... : 1 8 32 48 39 12 13 56 146 380 1005 1671 1575 1447 950 634 301 12749
 ... : 1 8 32 48 39 12 13 56 146 381 1008 1689 1606 1451 951 634 301 12794
 ... : 1 8 32 48 39 12 13 56 146 381 1011 1704 1629 1458 952 634 301 12835
 ... : 1 8 32 48 39 12 13 56 146 381 1011 1720 1650 1460 954 634 301 12878
 ... : 1 8 32 48 39 12 13 56 146 381 1011 1729 1664 1471 958 634 301 12921
 ... : 1 8 32 48 39 12 13 56 146 381 1014 1756 1676 1469 958 634 301 12967
 ... : 1 8 32 48 39 12 13 56 146 381 1013 1762 1701 1481 960 635 301 13002
 ... : 1 8 32 48 39 12 13 56 146 381 1015 1773 1725 1483 959 635 301 13057
 ... : 1 8 32 48 39 12 13 56 146 381 1018 1785 1746 1486 959 635 301 13095
 ... : 1 8 32 48 39 12 13 56 146 381 1021 1801 1753 1485 956 635 301 13129
 ... : 1 8 32 48 39 12 13 56 146 381 1022 1818 1760 1480 955 635 301 13177
 ... : 1 8 32 48 39 12 13 56 146 381 1030 1834 1781 1486 954 635 301 13218
 ... : 1 8 32 48 39 12 13 56 146 381 1035 1848 1800 1491 957 635 301 13261
 ... : 1 8 32 48 39 12 13 56 146 382 1041 1867 1811 1498 959 635 301 13301
 ... : 1 8 32 48 39 12 13 56 146 387 1060 1885 1823 1500 959 635 301 13349
 ... : 1 8 32 48 39 12 13 56 146 388 1069 1906 1827 1501 959 635 301 13403
 ... : 1 8 32 48 39 12 13 56 146 388 1070 1920 1849 1505 959 635 301 13455
 ... : 1 8 32 48 39 12 13 56 146 388 1075 1938 1861 1508 960 635 301 13504
 ... : 1 8 32 48 39 12 13 56 146 388 1076 1956 1884 1515 962 636 301 13546
 ... : 1 8 32 48 39 12 13 56 146 388 1077 1969 1901 1518 961 636 301 13589
 ... : 1 8 32 48 39 12 13 56 146 391 1084 1986 1915 1520 962 637 301 13639
 ... : 1 8 32 48 39 12 13 56 146 391 1090 2004 1923 1524 963 637 301 13690
 ... : 1 8 32 48 39 12 13 56 146 392 1096 2023 1935 1527 962 637 301 13741
 ... : 1 8 32 48 39 12 13 56 146 392 1100 2050 1954 1533 964 637 301 13785
 ... : 1 8 32 48 39 12 13 56 146 392 1103 2077 1973 1536 964 637 301 13829
 ... : 1 8 32 48 39 12 13 56 146 392 1103 2094 2006 1548 964 637 301 13878
 ... : 1 8 32 48 39 12 13 56 146 392 1103 2103 2043 1565 966 637 301 13918
 ... : 1 8 32 48 39 12 13 56 146 392 1103 2118 2072 1580 969 637 301 13958
 ... : 1 8 32 48 39 12 13 56 146 392 1104 2126 2101 1612 980 637 301 13994
 ... : 1 8 32 48 39 12 13 56 146 392 1105 2140 2126 1620 987 637 301 14041
 ... : 1 8 32 48 39 12 13 56 146 392 1104 2143 2139 1636 992 637 301 14091
 ... : 1 8 32 48 39 12 13 56 146 392 1104 2145 2168 1650 998 640 301 14132
 ... : 1 8 32 48 39 12 13 56 146 392 1104 2145 2180 1668 1003 641 301 14172
 ... : 1 8 32 48 39 12 13 56 146 396 1113 2166 2190 1671 1004 641 301 14214
 ... : 1 8 32 48 39 12 13 56 146 396 1116 2188 2209 1674 1003 641 301 14263
 ... : 1 8 32 48 39 12 13 56 146 396 1116 2201 2241 1683 1005 641 301 14305
 ... : 1 8 32 48 39 12 13 56 146 396 1118 2215 2268 1691 1005 641 301 14346
 ... : 1 8 32 48 39 12 13 56 146 396 1118 2214 2280 1702 1009 641 301 14391
 ... : 1 8 32 48 39 12 13 56 146 396 1118 2220 2293 1718 1015 641 301 14430
 ... : 1 8 32 48 39 12 13 56 146 396 1118 2221 2316 1733 1022 641 301 14477
 ... : 1 8 32 48 39 12 13 56 146 396 1118 2232 2327 1745 1032 645 301 14505
 ... : 1 8 32 48 39 12 13 56 146 396 1118 2243 2350 1757 1036 645 301 14549
 ... : 1 8 32 48 39 12 13 56 146 396 1118 2244 2363 1774 1041 646 301 14602
 ... : 1 8 32 48 39 12 13 56 146 396 1118 2255 2377 1785 1044 646 301 14655
 ... : 1 8 32 48 39 12 13 56 146 396 1118 2261 2399 1806 1048 648 301 14700
 ... : 1 8 32 48 39 12 13 56 146 396 1118 2261 2413 1834 1063 651 301 14741
 ... : 1 8 32 48 39 12 13 56 146 396 1118 2261 2431 1865 1077 654 301 14780
 ... : 1 8 32 48 39 12 13 56 146 396 1118 2261 2446 1883 1090 654 301 14819
 ... : 1 8 32 48 39 12 13 56 146 396 1118 2262 2469 1900 1095 658 301 14861
 ... : 1 8 32 48 39 12 13 56 146 396 1118 2265 2494 1919 1105 659 301 14909
 ... : 1 8 32 48 39 12 13 56 146 396 1120 2289 2521 1923 1105 659 301 14958
 ... : 1 8 32 48 39 12 13 56 146 396 1120 2303 2551 1936 1106 659 301 15002
 ... : 1 8 32 48 39 12 13 56 146 396 1120 2306 2575 1946 1109 660 301 15055
 ... : 1 8 32 48 39 12 13 56 146 396 1120 2308 2596 1966 1115 661 301 15102
 ... : 1 8 32 48 39 12 13 56 146 396 1120 2308 2605 1975 1122 662 301 15148
 ... : 1 8 32 48 39 12 13 56 146 396 1120 2309 2619 1982 1128 662 301 15188
 ... : 1 8 32 48 39 12 13 56 146 396 1120 2315 2661 1998 1130 662 301 15229
 ... : 1 8 32 48 39 12 13 56 146 396 1120 2319 2685 2005 1133 662 301 15267
 ... : 1 8 32 48 39 12 13 56 146 396 1120 2319 2703 2023 1140 663 301 15313
 ... : 1 8 32 48 39 12 13 56 146 396 1120 2319 2714 2030 1144 663 301 15370
 ... : 1 8 32 48 39 12 13 56 146 396 1122 2327 2734 2035 1146 663 301 15393
 ... : 1 8 32 48 39 12 13 56 146 396 1122 2327 2734 2058 1155 663 301 15425
 ... : 1 8 32 48 39 12 13 56 146 396 1122 2328 2743 2064 1163 664 301 15446
 ... : 1 8 32 48 39 12 13 56 146 396 1122 2343 2779 2073 1163 664 301 15494
 ... : 1 8 32 48 39 12 13 56 146 396 1122 2345 2812 2086 1170 664 301 15531
 ... : 1 8 32 48 39 12 13 56 146 396 1122 2347 2830 2100 1172 664 301 15578
 ... : 1 8 32 48 39 12 13 56 146 396 1122 2348 2844 2118 1183 664 301 15613
 ... : 1 8 32 48 39 12 13 56 146 396 1122 2350 2858 2117 1193 664 301 15632
 ... : 1 8 32 48 39 12 13 56 146 396 1122 2353 2884 2124 1199 667 301 15664
 ... : 1 8 32 48 39 12 13 56 146 396 1122 2353 2902 2142 1207 668 301 15704
 ... : 1 8 32 48 39 12 13 56 146 396 1122 2353 2918 2160 1216 670 301 15739
 ... : 1 8 32 48 39 12 13 56 146 396 1122 2354 2938 2186 1238 671 301 15770
 ... : 1 8 32 48 39 12 13 56 146 396 1122 2355 2954 2211 1264 673 301 15801
 ... : 1 8 32 48 39 12 13 56 146 396 1122 2356 2971 2236 1281 679 301 15834
 ... : 1 8 32 48 39 12 13 56 146 396 1122 2359 2989 2263 1294 685 301 15864
 ... : 1 8 32 48 39 12 13 56 146 396 1122 2360 3012 2280 1302 687 301 15909
 ... : 1 8 32 48 39 12 13 56 146 396 1122 2360 3025 2309 1317 691 301 15948
 ... : 1 8 32 48 39 12 13 56 146 396 1122 2363 3049 2328 1325 695 301 15974
 ... : 1 8 32 48 39 12 13 56 146 396 1122 2364 3062 2351 1339 702 301 15998
 ... : 1 8 32 48 39 12 13 56 146 396 1122 2364 3069 2382 1354 716 301 16020
 ... : 1 8 32 48 39 12 13 56 146 396 1122 2361 3088 2399 1363 725 301 16043
 ... : 1 8 32 48 39 12 13 56 146 396 1122 2361 3098 2433 1381 732 301 16075
 ... : 1 8 32 48 39 12 13 56 146 396 1122 2361 3100 2453 1400 737 301 16102
 ... : 1 8 32 48 39 12 13 56 146 396 1122 2363 3113 2460 1397 737 301 16114
 ... : 1 8 32 48 39 12 13 56 146 396 1122 2372 3132 2470 1399 738 301 16131
 ... : 1 8 32 48 39 12 13 56 146 396 1122 2373 3148 2478 1415 739 301 16160
 ... : 1 8 32 48 39 12 13 56 146 396 1122 2375 3160 2490 1422 741 302 16179
 ... : 1 8 32 48 39 12 13 56 146 396 1122 2375 3166 2504 1430 743 302 16188
 ... : 1 8 32 48 39 12 13 56 146 396 1122 2375 3171 2524 1441 744 302 16227
 ... : 1 8 32 48 39 12 13 56 146 396 1122 2376 3184 2544 1449 745 302 16265
 ... : 1 8 32 48 39 12 13 56 146 396 1122 2377 3207 2563 1463 748 302 16298
 ... : 1 8 32 48 39 12 13 56 146 396 1122 2377 3222 2598 1478 757 302 16317
 ... : 1 8 32 48 39 12 13 56 146 396 1122 2385 3250 2624 1486 758 302 16347
 ... : 1 8 32 48 39 12 13 56 146 396 1122 2385 3265 2643 1496 759 302 16393
 ... : 1 8 32 48 39 12 13 56 146 396 1122 2386 3277 2664 1513 760 302 16427
 ... : 1 8 32 48 39 12 13 56 146 396 1122 2386 3287 2683 1541 766 302 16453
 ... : 1 8 32 48 39 12 13 56 146 396 1122 2386 3294 2692 1559 774 302 16482
 ... : 1 8 32 48 39 12 13 56 146 396 1122 2387 3306 2709 1560 792 304 16513
 ... : 1 8 32 48 39 12 13 56 146 396 1124 2402 3328 2713 1561 796 304 16555
 ... : 1 8 32 48 39 12 13 56 146 396 1124 2402 3340 2724 1565 796 304 16589
 ... : 1 8 32 48 39 12 13 56 146 396 1125 2409 3359 2755 1588 800 304 16615
 ... : 1 8 32 48 39 12 13 56 146 396 1125 2420 3386 2762 1590 800 304 16662
 ... : 1 8 32 48 39 12 13 56 146 396 1125 2420 3397 2784 1600 802 304 16710
 ... : 1 8 32 48 39 12 13 56 146 396 1130 2430 3403 2793 1603 803 304 16755
 ... : 1 8 32 48 39 12 13 56 146 396 1130 2436 3419 2797 1602 803 304 16799
 ... : 1 8 32 48 39 12 13 56 146 396 1130 2439 3430 2808 1603 803 304 16844
 ... : 1 8 32 48 39 12 13 56 146 396 1130 2440 3441 2833 1610 808 304 16872
 ... : 1 8 32 48 39 12 13 56 146 396 1130 2438 3448 2852 1609 809 305 16905
 ... : 1 8 32 48 39 12 13 56 146 396 1130 2439 3461 2869 1615 824 305 16931
 ... : 1 8 32 48 39 12 13 56 146 396 1132 2456 3475 2873 1614 825 308 16976
 ... : 1 8 32 48 39 12 13 56 146 396 1132 2468 3490 2871 1614 825 308 17022
 ... : 1 8 32 48 39 12 13 56 146 396 1132 2471 3510 2876 1618 825 308 17044
 ... : 1 8 32 48 39 12 13 56 146 396 1132 2475 3528 2886 1621 830 308 17086
 ... : 1 8 32 48 39 12 13 56 146 396 1132 2479 3541 2899 1622 838 309 17116
 ... : 1 8 32 48 39 12 13 56 146 396 1132 2482 3556 2909 1631 839 310 17143
 ... : 1 8 32 48 39 12 13 56 146 396 1135 2490 3562 2913 1632 839 310 17179
 ... : 1 8 32 48 39 12 13 56 146 396 1135 2493 3576 2915 1630 839 310 17191
 ... : 1 8 32 48 39 12 13 56 146 396 1135 2493 3587 2923 1634 840 310 17222
 ... : 1 8 32 48 39 12 13 56 146 396 1135 2506 3591 2911 1631 842 310 17218
 ... : 1 8 32 48 39 12 13 56 146 396 1135 2512 3609 2914 1632 844 310 17236
 ... : 1 8 32 48 39 12 13 56 146 396 1135 2522 3627 2920 1633 845 310 17291
 ... : 1 8 32 48 39 12 13 56 146 396 1135 2527 3643 2928 1639 849 310 17324
 ... : 1 8 32 48 39 12 13 56 146 396 1135 2527 3658 2937 1642 853 310 17375
 ... : 1 8 32 48 39 12 13 56 146 396 1135 2533 3681 2952 1654 858 310 17401
 ... : 1 8 32 48 39 12 13 56 146 396 1135 2539 3704 2959 1658 862 310 17431
 ... : 1 8 32 48 39 12 13 56 146 396 1135 2540 3715 2976 1673 873 310 17452
 ... : 1 8 32 48 39 12 13 56 146 396 1135 2544 3743 2993 1683 873 310 17488
 ... : 1 8 32 48 39 12 13 56 146 396 1135 2544 3758 3003 1695 876 310 17517
 ... : 1 8 32 48 39 12 13 56 146 396 1135 2546 3777 3021 1708 878 310 17553
 ... : 1 8 32 48 39 12 13 56 146 396 1135 2546 3797 3043 1722 884 310 17585
 ... : 1 8 32 48 39 12 13 56 146 396 1135 2546 3815 3063 1746 894 310 17609
 ... : 1 8 32 48 39 12 13 56 146 396 1135 2547 3830 3079 1753 899 310 17641
 ... : 1 8 32 48 39 12 13 56 146 396 1135 2547 3831 3078 1758 901 310 17647
 ... : 1 8 32 48 39 12 13 56 146 396 1135 2547 3831 3078 1758 901 310 17647
 ... : 1 8 32 48 39 12 13 56 146 396 1135 2557 3866 3089 1758 901 310 17688
 ... : 1 8 32 48 39 12 13 56 146 396 1135 2567 3902 3108 1761 902 310 17731
 ... : 1 8 32 48 39 12 13 56 146 396 1135 2567 3916 3126 1766 902 311 17779
 ... : 1 8 32 48 39 12 13 56 146 396 1136 2577 3945 3136 1770 907 311 17820
 ... : 1 8 32 48 39 12 13 56 146 396 1136 2587 3980 3155 1773 907 311 17857
 ... : 1 8 32 48 39 12 13 56 146 396 1136 2604 4003 3166 1776 907 311 17903
 ... : 1 8 32 48 39 12 13 56 146 396 1138 2624 4022 3174 1777 907 311 17936
 ... : 1 8 32 48 39 12 13 56 146 396 1138 2630 4041 3179 1781 907 311 17972
 ... : 1 8 32 48 39 12 13 56 146 396 1138 2634 4052 3177 1789 911 311 17994
 ... : 1 8 32 48 39 12 13 56 146 396 1138 2636 4065 3180 1795 914 311 18009
 ... : 1 8 32 48 39 12 13 56 146 396 1138 2637 4081 3194 1802 916 311 18054
 ... : 1 8 32 48 39 12 13 56 146 396 1138 2641 4104 3205 1807 917 311 18099
 ... : 1 8 32 48 39 12 13 56 146 396 1138 2641 4133 3217 1814 918 311 18130
 ... : 1 8 32 48 39 12 13 56 146 396 1138 2646 4154 3225 1821 924 311 18159
 ... : 1 8 32 48 39 12 13 56 146 396 1138 2651 4172 3232 1823 927 313 18193
 ... : 1 8 32 48 39 12 13 56 146 396 1139 2657 4194 3244 1826 928 313 18229
 ... : 1 8 32 48 39 12 13 56 146 396 1139 2659 4214 3254 1833 928 313 18274
 ... : 1 8 32 48 39 12 13 56 146 396 1139 2661 4231 3261 1845 928 313 18298
 ... : 1 8 32 48 39 12 13 56 146 396 1139 2663 4244 3265 1851 928 313 18340
 ... : 1 8 32 48 39 12 13 56 146 396 1139 2666 4259 3280 1862 932 313 18375
 ... : 1 8 32 48 39 12 13 56 146 396 1139 2668 4269 3282 1870 941 313 18397
 ... : 1 8 32 48 39 12 13 56 146 396 1139 2669 4281 3282 1877 951 314 18422
 ... : 1 8 32 48 39 12 13 56 146 396 1145 2689 4311 3292 1876 951 314 18469
 ... : 1 8 32 48 39 12 13 56 146 396 1146 2703 4340 3293 1876 951 314 18524
 ... : 1 8 32 48 39 12 13 56 146 396 1146 2708 4362 3315 1879 950 314 18562
 ... : 1 8 32 48 39 12 13 56 146 396 1146 2712 4402 3326 1883 951 314 18607
 ... : 1 8 32 48 39 12 13 56 146 396 1146 2712 4418 3335 1892 955 314 18650
 ... : 1 8 32 48 39 12 13 56 146 396 1146 2716 4440 3339 1895 954 314 18687
 ... : 1 8 32 48 39 12 13 56 146 396 1146 2716 4457 3361 1898 955 314 18741
 ... : 1 8 32 48 39 12 13 56 146 396 1146 2716 4477 3377 1908 958 314 18787
 ... : 1 8 32 48 39 12 13 56 146 396 1146 2716 4494 3400 1920 968 315 18820
 ... : 1 8 32 48 39 12 13 56 146 396 1146 2717 4508 3413 1929 970 315 18842
 ... : 1 8 32 48 39 12 13 56 146 396 1146 2720 4522 3423 1933 974 317 18883
 ... : 1 8 32 48 39 12 13 56 146 396 1147 2726 4540 3433 1940 976 317 18915
 ... : 1 8 32 48 39 12 13 56 146 396 1147 2746 4563 3438 1940 976 317 18967
 ... : 1 8 32 48 39 12 13 56 146 396 1147 2751 4588 3442 1940 976 317 19025
 ... : 1 8 32 48 39 12 13 56 146 396 1147 2758 4602 3458 1950 979 317 19066
 ... : 1 8 32 48 39 12 13 56 146 396 1147 2768 4617 3457 1950 979 317 19100
 ... : 1 8 32 48 39 12 13 56 146 396 1147 2773 4642 3466 1951 979 317 19147
 ... : 1 8 32 48 39 12 13 56 146 396 1147 2773 4652 3472 1952 979 317 19181
 ... : 1 8 32 48 39 12 13 56 146 396 1147 2781 4668 3485 1958 980 317 19227
 ... : 1 8 32 48 39 12 13 56 146 396 1147 2781 4687 3503 1966 982 317 19274
 ... : 1 8 32 48 39 12 13 56 146 396 1147 2785 4704 3511 1973 987 317 19319
 ... : 1 8 32 48 39 12 13 56 146 396 1147 2786 4724 3524 1976 991 318 19366
 ... : 1 8 32 48 39 12 13 56 146 396 1148 2790 4735 3544 1981 996 318 19414
