initialized model with 3862 latches, 4 inputs and 1 properties
tsim: performed 217 steps
tsim: found 1016 constants and 5 latch equivalences
seqsimpl: found 3 latch equivalences
seqsimpl: (3862, 4) -> (2457, 4)
checking bound 0
checking bound 1
checking bound 2
tdecomp: unrolling 2 cycles
tsim: performed 67 steps
tsim: found cycle from 60
tsim: found 5 constants and 4 latch equivalences
tdecomp: (2457, 16) -> (2366, 8)
 ... : 200
   2 : 190 91
 ... : 171 259
 ... : 172 387
   3 : 113 110 308
 ... : 113 117 413
 ... : 119 143 463
   4 : 95 111 182 307
 ... : 94 109 180 494
 ... : 93 109 201 627
 ... : 91 109 231 718
 ... : 90 108 253 811
 ... : 91 112 278 894
 ... : 92 104 283 958
 ... : 91 106 315 1041
 ... : 96 107 341 1098
 ... : 95 116 365 1156
 ... : 94 117 381 1235
 ... : 93 125 385 1276
 ... : 95 132 427 1323
   5 : 76 111 281 664 684
 ... : 76 111 281 662 881
 ... : 76 111 280 663 1053
 ... : 74 110 281 695 1111
 ... : 74 108 273 719 1198
   6 : 67 90 191 563 711 450
 ... : 67 90 190 561 713 640
 ... : 67 90 181 536 698 725
 ... : 67 90 177 533 709 838
 ... : 67 90 177 529 715 985
   7 : 66 89 148 424 602 487 562
 ... : 66 89 148 424 602 485 735
 ... : 66 89 148 424 604 464 798
 ... : 66 89 148 423 594 492 858
 ... : 66 89 148 423 597 528 943
 ... : 66 89 148 423 596 574 1020
 ... : 66 89 148 422 597 621 1089
 ... : 66 89 148 422 603 670 1156
 ... : 66 89 148 422 615 711 1214
 ... : 66 89 148 422 618 755 1298
 ... : 66 89 148 422 620 787 1380
 ... : 66 89 148 422 619 819 1472
 ... : 66 89 148 422 627 867 1541
 ... : 66 89 148 422 632 899 1624
 ... : 66 89 148 422 633 924 1707
 ... : 66 89 148 422 635 963 1779
 ... : 66 89 148 422 644 1004 1844
 ... : 66 89 148 422 650 1046 1911
   8 : 64 82 140 383 520 776 1389 689
 ... : 64 82 140 383 520 776 1388 889
 ... : 64 82 140 383 520 775 1381 1069
 ... : 64 82 140 383 520 776 1395 1190
 ... : 64 82 140 383 519 768 1391 1318
 ... : 64 82 140 383 519 775 1430 1373
 ... : 64 82 140 383 519 788 1480 1422
 ... : 64 82 140 383 519 783 1500 1498
 ... : 64 82 140 383 519 787 1533 1583
 ... : 64 82 140 383 518 796 1561 1656
 ... : 64 82 140 383 517 801 1589 1738
   9 : 64 82 139 381 506 709 1353 1255 685
 ... : 64 82 139 381 506 709 1353 1260 841
 ... : 64 82 139 381 506 709 1353 1266 998
 ... : 64 82 139 381 506 709 1355 1306 1058
 ... : 64 82 139 380 506 713 1372 1336 1100
 ... : 64 82 139 380 506 712 1381 1384 1152
 ... : 64 82 139 380 506 713 1401 1413 1194
 ... : 64 82 139 379 506 720 1431 1448 1224
 ... : 64 82 139 379 506 722 1442 1481 1275
 ... : 64 82 139 379 506 728 1463 1518 1318
 ... : 64 82 139 379 506 732 1477 1558 1365
 ... : 64 82 139 379 506 732 1484 1597 1433
 ... : 64 82 139 379 506 732 1489 1628 1522
 ... : 64 82 139 379 506 733 1494 1664 1570
 ... : 64 82 139 379 506 734 1496 1702 1674
 ... : 64 82 139 378 506 734 1511 1744 1712
 ... : 64 82 139 378 506 737 1521 1791 1766
 ... : 64 82 139 378 504 739 1527 1839 1816
 ... : 64 82 139 378 500 740 1536 1891 1866
 ... : 64 82 139 378 501 755 1565 1929 1890
 ... : 64 82 139 378 501 755 1575 1975 1953
 ... : 64 82 139 378 500 761 1593 2024 1999
 ... : 64 82 138 376 500 763 1607 2076 2030
 ... : 64 82 138 376 500 763 1621 2128 2079
 ... : 64 82 138 376 500 765 1631 2181 2133
 ... : 64 82 138 376 500 766 1635 2227 2180
 ... : 64 82 138 374 499 775 1664 2276 2205
 ... : 64 82 138 374 499 775 1671 2325 2264
 ... : 64 82 138 374 499 779 1683 2374 2318
 ... : 64 82 138 373 500 785 1693 2414 2345
 ... : 64 82 138 373 500 789 1704 2469 2397
 ... : 64 82 138 373 500 794 1708 2482 2430
 ... : 64 82 138 373 502 803 1727 2508 2438
 ... : 64 82 138 373 502 805 1746 2560 2474
 ... : 64 82 138 373 502 809 1761 2597 2515
 ... : 64 82 138 373 502 809 1770 2652 2570
 ... : 64 82 138 373 502 810 1778 2703 2619
 ... : 64 82 138 373 502 813 1797 2738 2661
 ... : 64 82 138 373 502 813 1803 2784 2710
 ... : 64 82 138 373 502 813 1809 2833 2755
 ... : 64 82 138 373 502 818 1827 2887 2795
 ... : 64 82 138 373 502 831 1862 2942 2812
 ... : 64 82 138 373 502 832 1876 2993 2857
 ... : 64 82 138 373 502 836 1901 3048 2897
 ... : 64 82 138 373 502 838 1910 3100 2942
 ... : 64 82 138 373 502 839 1924 3146 2977
 ... : 64 82 138 373 502 839 1930 3205 3012
 ... : 64 82 138 373 502 841 1943 3260 3058
 ... : 64 82 138 373 502 849 1962 3297 3084
 ... : 64 82 138 373 502 850 1972 3343 3120
 ... : 64 82 138 373 502 853 1984 3399 3163
 ... : 64 82 138 373 502 854 2000 3440 3205
 ... : 64 82 138 373 502 853 2012 3493 3259
 ... : 64 82 138 373 502 853 2027 3545 3305
 ... : 64 82 138 373 502 859 2050 3601 3346
 ... : 64 82 138 371 498 857 2048 3618 3418
 ... : 64 82 138 371 498 858 2040 3660 3486
 ... : 64 82 138 371 499 861 2052 3700 3543
 ... : 64 82 138 371 499 861 2063 3745 3599
 ... : 64 82 138 371 499 860 2074 3792 3662
 ... : 64 82 138 371 499 860 2081 3840 3732
 ... : 64 82 138 371 499 860 2086 3887 3795
 ... : 64 82 138 371 499 861 2087 3922 3859
 ... : 64 82 138 371 499 861 2100 3960 3905
 ... : 64 82 138 371 499 856 2098 3998 3972
 ... : 64 82 138 371 502 864 2111 4037 4012
 ... : 64 82 138 371 502 863 2118 4095 4079
 ... : 64 82 138 371 502 860 2126 4138 4127
 ... : 64 82 137 370 499 863 2139 4172 4189
 ... : 64 82 137 370 499 869 2167 4225 4223
 ... : 64 82 137 370 499 871 2182 4279 4271
 ... : 64 82 137 370 499 872 2192 4325 4328
 ... : 64 82 137 370 499 874 2210 4375 4381
 ... : 64 82 137 370 499 876 2227 4419 4425
 ... : 64 82 137 370 499 876 2232 4473 4486
 ... : 64 82 137 370 499 876 2235 4523 4541
 ... : 64 82 137 370 499 881 2260 4566 4569
 ... : 64 82 137 370 499 884 2269 4599 4601
 ... : 64 82 137 370 499 890 2287 4625 4640
 ... : 64 82 137 370 499 890 2299 4652 4682
 ... : 64 82 137 370 499 897 2318 4690 4721
 ... : 64 82 137 370 499 911 2345 4727 4755
 ... : 64 82 137 370 502 929 2395 4756 4764
 ... : 64 82 137 370 503 935 2420 4800 4791
 ... : 64 82 137 370 503 939 2435 4842 4843
 ... : 64 82 137 370 503 941 2428 4875 4894
 ... : 64 82 137 370 503 936 2432 4928 4959
 ... : 64 82 137 370 501 943 2455 4980 5002
 ... : 64 82 137 370 501 943 2457 5036 5064
 ... : 64 82 137 370 500 943 2461 5054 5122
 ... : 64 82 137 370 500 943 2463 5089 5211
 ... : 64 82 136 370 500 942 2466 5114 5309
 ... : 64 82 136 370 500 942 2468 5125 5398
 ... : 64 82 136 370 500 941 2476 5168 5467
 ... : 64 81 133 356 505 963 2499 5204 5486
 ... : 64 81 133 356 504 965 2519 5247 5514
 ... : 63 81 133 354 505 954 2478 5228 5503
 ... : 63 81 133 354 505 956 2496 5271 5545
 ... : 63 81 133 354 505 960 2510 5310 5602
  10 : 62 76 116 284 351 587 1668 3756 4222 2042
 ... : 62 76 116 284 351 587 1668 3756 4237 2195
 ... : 62 76 116 284 351 587 1668 3761 4272 2283
 ... : 62 76 116 284 350 587 1668 3764 4318 2362
 ... : 62 76 116 284 350 587 1668 3768 4369 2423
 ... : 62 76 116 283 350 587 1668 3772 4417 2482
 ... : 62 76 116 283 350 587 1669 3789 4470 2532
 ... : 62 76 116 283 350 591 1685 3827 4495 2550
 ... : 62 76 116 283 349 591 1684 3842 4537 2585
 ... : 62 76 116 283 349 591 1685 3847 4586 2639
 ... : 62 76 116 283 349 591 1688 3848 4618 2681
 ... : 62 76 116 283 349 591 1688 3852 4664 2752
 ... : 62 76 116 283 349 591 1690 3867 4700 2790
 ... : 62 76 116 283 349 591 1690 3876 4756 2853
 ... : 62 76 116 283 349 591 1690 3889 4809 2906
 ... : 62 76 116 283 349 591 1694 3901 4865 2957
 ... : 62 76 116 283 349 593 1698 3928 4909 2998
 ... : 62 76 116 283 350 596 1702 3941 4944 3047
 ... : 62 76 116 283 352 604 1715 3957 4973 3085
 ... : 62 76 116 283 352 607 1719 3974 5017 3121
 ... : 62 76 116 283 352 607 1720 3974 5059 3148
 ... : 62 76 116 283 352 607 1720 3988 5118 3200
 ... : 62 76 116 283 352 607 1719 3993 5172 3254
 ... : 62 76 116 283 352 607 1726 4006 5208 3303
 ... : 62 76 116 283 352 606 1724 4019 5258 3344
 ... : 62 76 116 283 352 606 1724 4022 5313 3409
 ... : 62 76 116 283 352 607 1726 4030 5363 3466
 ... : 62 76 116 283 352 607 1726 4033 5423 3519
 ... : 62 76 116 283 352 607 1726 4028 5404 3552
 ... : 62 76 116 283 352 607 1727 4044 5457 3605
 ... : 62 76 116 283 352 608 1728 4052 5506 3658
 ... : 62 76 116 283 352 608 1729 4066 5547 3709
 ... : 62 76 116 283 352 608 1730 4072 5599 3772
 ... : 62 76 116 283 352 608 1736 4093 5638 3815
 ... : 62 76 116 283 352 609 1744 4117 5679 3839
 ... : 62 76 116 283 352 609 1748 4128 5704 3862
 ... : 62 76 116 283 352 609 1753 4139 5748 3914
 ... : 62 76 116 283 353 612 1755 4149 5786 3954
 ... : 62 76 116 283 353 612 1757 4181 5833 3995
 ... : 62 76 116 283 353 612 1757 4188 5870 4082
 ... : 62 76 116 283 353 612 1757 4191 5918 4154
 ... : 62 76 116 283 353 612 1751 4211 5974 4197
 ... : 62 76 116 283 353 612 1751 4209 6019 4262
 ... : 62 76 116 283 353 612 1751 4210 6071 4332
 ... : 62 76 116 283 353 612 1750 4221 6112 4396
 ... : 62 76 116 283 353 612 1750 4237 6163 4452
 ... : 62 76 116 283 353 612 1750 4244 6214 4523
 ... : 62 76 116 283 353 612 1749 4248 6267 4578
 ... : 62 76 116 283 353 612 1752 4255 6321 4642
 ... : 62 76 116 283 353 612 1754 4267 6373 4703
 ... : 62 76 116 283 353 613 1755 4267 6404 4743
 ... : 62 76 116 283 353 617 1762 4297 6450 4770
 ... : 62 76 116 283 353 617 1766 4310 6499 4817
 ... : 62 76 116 283 353 617 1769 4307 6541 4888
 ... : 62 76 116 283 353 617 1769 4314 6585 4943
 ... : 62 76 116 283 353 617 1769 4324 6635 5001
 ... : 62 76 116 283 353 617 1769 4335 6690 5059
 ... : 62 76 116 283 353 615 1773 4375 6738 5082
 ... : 62 76 116 283 353 615 1773 4388 6782 5129
 ... : 62 76 116 283 353 615 1773 4410 6836 5180
 ... : 62 76 116 283 353 615 1773 4426 6893 5233
 ... : 62 76 116 283 353 615 1773 4440 6948 5291
 ... : 62 76 116 283 353 615 1773 4453 7007 5347
 ... : 62 76 116 283 353 615 1773 4458 7040 5412
 ... : 62 76 116 283 353 615 1773 4465 7093 5492
 ... : 62 76 116 283 353 615 1773 4472 7131 5575
 ... : 62 76 116 283 353 615 1773 4492 7180 5619
 ... : 62 76 116 283 353 616 1785 4536 7221 5627
 ... : 62 76 116 283 353 616 1788 4543 7255 5665
 ... : 62 76 116 283 353 616 1789 4548 7278 5707
 ... : 62 76 116 283 353 616 1790 4561 7329 5761
 ... : 62 76 116 283 353 616 1790 4562 7380 5823
 ... : 62 76 116 283 353 616 1790 4574 7424 5884
 ... : 62 76 116 283 353 616 1790 4583 7482 5947
 ... : 62 76 116 283 353 616 1790 4593 7526 6024
 ... : 62 76 116 283 353 616 1790 4593 7568 6107
 ... : 62 76 116 283 353 616 1793 4606 7615 6152
 ... : 62 76 116 283 353 616 1794 4609 7671 6210
 ... : 62 76 116 283 353 616 1794 4614 7729 6278
 ... : 62 76 116 283 353 616 1794 4626 7789 6345
 ... : 62 76 116 283 353 616 1794 4632 7837 6412
 ... : 62 76 116 283 353 616 1794 4643 7889 6464
 ... : 62 76 116 283 353 616 1795 4656 7928 6516
 ... : 62 76 116 284 355 619 1805 4678 7970 6552
 ... : 62 76 116 285 356 622 1810 4685 8009 6600
 ... : 62 76 116 285 356 622 1810 4692 8058 6676
 ... : 62 76 116 285 356 622 1810 4701 8116 6734
 ... : 62 76 116 285 356 622 1810 4707 8164 6818
 ... : 62 76 116 285 356 622 1810 4718 8216 6878
 ... : 62 76 116 285 356 622 1812 4733 8263 6929
 ... : 62 76 116 285 357 623 1816 4747 8305 6977
 ... : 62 76 116 285 357 623 1816 4763 8348 7023
 ... : 62 76 116 285 357 623 1816 4769 8410 7088
 ... : 62 76 116 285 357 623 1817 4779 8465 7141
 ... : 62 76 116 285 357 623 1819 4791 8516 7196
 ... : 62 76 116 285 357 624 1823 4812 8570 7242
 ... : 61 76 116 285 358 627 1828 4823 8610 7289
 ... : 61 76 116 285 358 627 1830 4829 8653 7362
 ... : 61 76 116 285 358 627 1831 4839 8696 7411
 ... : 61 76 116 285 358 627 1833 4849 8734 7456
 ... : 61 76 116 285 358 627 1833 4862 8774 7513
 ... : 61 76 116 285 358 627 1838 4870 8778 7542
 ... : 61 76 116 285 358 627 1836 4877 8826 7601
 ... : 61 76 116 285 358 627 1831 4874 8866 7674
 ... : 61 76 116 285 358 628 1839 4900 8915 7714
 ... : 61 76 116 285 357 632 1852 4916 8927 7738
 ... : 61 76 116 285 356 629 1847 4940 8951 7762
 ... : 61 76 116 285 356 630 1851 4947 8994 7808
 ... : 61 76 116 285 356 630 1851 4950 9043 7891
 ... : 61 76 116 285 356 630 1851 4957 9082 7969
 ... : 61 76 116 285 356 630 1850 4968 9127 8027
 ... : 61 76 116 285 356 630 1852 4978 9172 8081
 ... : 61 76 116 285 356 630 1854 4981 9214 8153
 ... : 61 76 116 285 356 630 1856 4991 9259 8208
 ... : 61 76 116 285 356 630 1859 5003 9311 8262
 ... : 61 76 116 285 356 630 1860 5008 9364 8316
 ... : 61 76 116 285 356 629 1859 5021 9416 8369
 ... : 61 76 116 285 356 629 1862 5034 9465 8420
 ... : 61 76 116 285 356 629 1862 5042 9518 8491
 ... : 61 76 116 285 356 629 1862 5048 9565 8570
 ... : 61 76 116 285 356 629 1862 5051 9614 8656
 ... : 61 76 116 285 356 629 1862 5053 9659 8748
 ... : 61 76 116 285 356 629 1862 5057 9719 8812
 ... : 61 76 116 285 356 629 1862 5065 9778 8882
 ... : 61 76 116 285 356 629 1862 5071 9828 8961
 ... : 61 76 116 285 356 629 1862 5081 9880 9025
 ... : 61 76 116 285 356 629 1862 5096 9925 9071
 ... : 61 76 116 285 356 629 1862 5107 9971 9127
 ... : 61 76 116 285 356 629 1864 5119 9994 9143
 ... : 61 76 116 285 356 629 1864 5128 10028 9193
 ... : 61 76 116 285 356 629 1864 5129 10076 9274
 ... : 61 76 116 285 356 629 1864 5134 10115 9350
 ... : 61 76 116 285 356 630 1864 5139 10156 9407
 ... : 61 76 116 285 356 630 1864 5142 10198 9499
 ... : 61 76 116 285 356 630 1864 5147 10243 9580
 ... : 61 76 116 285 356 630 1864 5153 10289 9658
 ... : 61 76 116 285 356 630 1864 5155 10319 9768
 ... : 61 76 116 285 356 630 1864 5160 10368 9839
 ... : 61 76 116 285 356 630 1864 5174 10413 9895
 ... : 61 76 116 285 356 629 1870 5175 10445 9932
 ... : 61 76 116 285 356 629 1860 5162 10474 9963
 ... : 61 76 116 285 356 629 1860 5163 10499 10047
 ... : 61 76 116 285 356 629 1860 5166 10528 10141
 ... : 61 76 116 285 356 629 1860 5170 10569 10209
 ... : 61 76 116 285 356 632 1872 5194 10607 10233
 ... : 61 76 116 285 356 635 1886 5234 10649 10238
 ... : 61 76 116 285 356 635 1887 5251 10695 10285
 ... : 61 76 116 285 356 635 1887 5262 10721 10340
 ... : 61 76 116 285 356 635 1887 5276 10769 10387
 ... : 61 76 116 285 356 635 1884 5277 10806 10436
 ... : 61 76 116 285 356 635 1885 5279 10834 10509
 ... : 61 76 116 287 362 646 1890 5281 10870 10561
 ... : 61 76 116 289 365 655 1899 5299 10906 10596
 ... : 61 76 117 296 374 665 1918 5335 10927 10603
 ... : 61 76 117 296 374 664 1928 5369 10972 10617
 ... : 61 76 117 296 376 669 1950 5409 11003 10628
 ... : 61 76 118 296 380 676 1968 5440 11040 10635
 ... : 61 76 118 296 380 676 1961 5440 11059 10688
 ... : 61 76 118 296 380 679 1969 5464 11103 10712
 ... : 61 76 118 296 380 679 1969 5468 11155 10770
 ... : 61 76 118 296 380 679 1969 5471 11211 10836
 ... : 61 76 118 296 380 679 1968 5475 11257 10899
 ... : 61 76 118 296 379 676 1970 5500 11298 10934
 ... : 61 76 118 296 379 676 1965 5509 11331 10983
  11 : 51 63 82 221 290 511 1022 3047 7290 9476 4296
 ... : 51 63 82 221 290 511 1025 3052 7295 9477 4474
 ... : 51 63 82 221 290 511 1025 3054 7307 9506 4582
 ... : 51 63 82 221 290 511 1025 3054 7306 9526 4695
 ... : 51 63 82 221 290 511 1025 3054 7310 9570 4750
 ... : 51 63 82 221 290 511 1025 3055 7328 9603 4838
 ... : 51 60 82 221 287 511 1025 3056 7335 9625 4896
 ... : 51 60 82 221 287 511 1025 3058 7345 9650 4993
 ... : 51 60 82 221 287 511 1025 3058 7344 9670 5102
 ... : 51 60 82 221 287 511 1026 3061 7354 9693 5187
 ... : 51 60 82 221 287 511 1026 3061 7360 9717 5288
 ... : 51 60 82 221 287 511 1026 3062 7366 9738 5363
 ... : 51 60 82 221 287 511 1032 3067 7373 9760 5436
 ... : 51 60 82 221 284 511 1014 3045 7330 9720 5424
 ... : 51 60 82 221 284 510 1013 3033 7313 9742 5499
 ... : 51 60 82 221 284 510 1013 3033 7318 9798 5572
 ... : 51 60 82 221 284 510 1013 3033 7322 9837 5653
 ... : 51 60 82 221 284 510 1013 3038 7341 9880 5697
 ... : 51 60 82 221 284 510 1013 3037 7343 9925 5771
 ... : 51 60 82 221 284 510 1010 3034 7339 9926 5830
 ... : 51 60 82 221 284 510 1010 3038 7362 9958 5896
 ... : 51 60 82 221 284 510 1010 3038 7363 9974 6039
 ... : 51 60 82 221 284 510 1010 3037 7367 10009 6133
 ... : 51 60 82 221 284 510 1010 3037 7363 10036 6259
 ... : 51 60 82 221 284 510 1010 3037 7364 10064 6384
 ... : 51 60 82 221 284 510 1010 3037 7376 10105 6471
 ... : 51 60 82 221 284 510 1010 3037 7379 10160 6540
 ... : 51 60 82 221 284 510 1010 3037 7382 10206 6615
 ... : 51 60 82 221 284 510 1010 3037 7382 10239 6733
 ... : 51 60 82 221 284 510 1010 3037 7384 10295 6805
 ... : 51 60 82 221 284 510 1010 3037 7391 10344 6885
 ... : 51 60 82 221 284 510 1017 3050 7401 10374 6936
 ... : 51 60 82 221 284 510 1017 3051 7404 10420 7007
 ... : 51 60 82 221 284 510 1017 3051 7420 10463 7063
 ... : 51 60 82 221 284 510 1017 3054 7428 10491 7132
 ... : 51 60 82 221 284 510 1017 3054 7434 10529 7221
 ... : 51 60 82 221 284 510 1019 3056 7438 10563 7301
 ... : 51 60 82 221 284 510 1019 3060 7462 10605 7343
 ... : 51 60 82 221 284 510 1019 3064 7485 10647 7381
 ... : 51 60 82 221 284 510 1019 3066 7500 10678 7445
 ... : 51 60 82 221 284 510 1019 3067 7514 10722 7508
 ... : 51 60 82 221 284 510 1019 3067 7522 10770 7584
 ... : 51 60 82 221 284 510 1021 3074 7548 10814 7621
 ... : 51 60 82 221 284 510 1023 3074 7559 10854 7677
 ... : 51 60 82 221 284 510 1023 3075 7564 10879 7810
 ... : 51 60 82 221 284 510 1025 3079 7574 10909 7880
 ... : 51 60 82 221 284 510 1025 3079 7580 10953 7939
 ... : 51 60 82 221 284 510 1026 3081 7589 10988 8011
 ... : 51 60 82 221 284 510 1026 3082 7606 11039 8064
 ... : 51 60 82 221 284 510 1026 3082 7610 11087 8115
 ... : 51 60 82 221 284 510 1026 3081 7620 11136 8176
 ... : 51 60 82 221 284 510 1026 3081 7627 11193 8239
 ... : 51 60 82 221 284 510 1026 3080 7633 11248 8300
 ... : 51 60 82 221 284 510 1026 3079 7637 11295 8360
 ... : 51 60 82 221 284 510 1026 3077 7640 11327 8468
 ... : 51 60 82 221 284 510 1026 3076 7640 11371 8559
 ... : 51 60 82 221 284 510 1026 3077 7648 11407 8642
 ... : 51 60 82 221 284 510 1026 3084 7667 11450 8686
 ... : 51 60 82 221 284 510 1034 3098 7693 11490 8703
 ... : 51 60 82 221 284 510 1034 3099 7706 11537 8750
 ... : 51 60 82 221 284 510 1035 3103 7723 11557 8787
 ... : 51 60 82 221 284 510 1037 3109 7747 11608 8821
 ... : 51 60 82 221 284 510 1040 3118 7770 11652 8849
 ... : 51 60 82 221 284 508 1030 3120 7794 11689 8849
 ... : 51 60 82 221 284 508 1030 3122 7806 11729 8902
 ... : 51 60 82 221 284 509 1036 3138 7847 11775 8915
 ... : 51 60 82 221 284 509 1036 3138 7852 11825 8970
 ... : 51 60 82 221 284 510 1037 3140 7865 11857 9022
 ... : 51 60 82 221 284 511 1041 3147 7872 11892 9064
 ... : 51 60 82 221 284 511 1043 3154 7907 11914 9073
 ... : 51 60 82 221 284 511 1043 3156 7925 11945 9120
 ... : 51 60 82 221 284 512 1046 3143 7936 11970 9159
 ... : 51 60 82 221 284 512 1046 3149 7963 12005 9192
 ... : 51 60 82 221 285 512 1047 3152 7976 12038 9231
 ... : 51 60 82 221 285 512 1049 3158 7994 12068 9281
 ... : 51 60 82 221 285 512 1050 3163 8009 12112 9330
 ... : 51 60 82 221 285 512 1053 3168 8011 12140 9396
 ... : 51 60 82 221 285 511 1049 3156 8025 12156 9453
 ... : 51 60 82 221 285 511 1049 3156 8029 12208 9520
 ... : 51 60 82 221 285 511 1049 3158 8039 12259 9572
 ... : 51 60 82 221 285 511 1049 3157 8049 12308 9621
 ... : 51 60 82 221 285 511 1052 3163 8069 12345 9670
 ... : 51 60 82 221 285 512 1055 3173 8096 12402 9686
 ... : 51 60 82 221 285 511 1055 3173 8111 12453 9743
 ... : 51 60 82 221 285 511 1055 3173 8126 12493 9800
 ... : 51 60 82 221 285 511 1055 3174 8133 12511 9853
 ... : 51 60 82 221 285 510 1054 3178 8142 12544 9906
 ... : 51 60 82 221 285 510 1054 3180 8157 12574 9973
 ... : 51 60 82 221 285 513 1057 3187 8177 12606 10009
 ... : 51 60 82 221 285 513 1057 3190 8190 12640 10069
 ... : 51 60 82 221 286 523 1071 3205 8207 12657 10085
 ... : 51 60 82 221 286 526 1082 3228 8240 12668 10085
 ... : 51 60 82 221 286 526 1086 3235 8291 12728 10085
 ... : 51 60 82 221 286 526 1087 3226 8323 12784 10085
 ... : 51 60 82 221 286 525 1097 3242 8348 12819 10085
 ... : 51 60 82 221 286 525 1097 3243 8350 12859 10144
 ... : 51 60 82 221 286 524 1091 3238 8336 12884 10192
 ... : 51 60 82 221 286 524 1095 3248 8348 12914 10208
 ... : 51 60 82 221 286 524 1099 3251 8357 12937 10233
 ... : 51 60 82 221 286 523 1104 3254 8380 12970 10241
 ... : 51 60 82 221 286 523 1104 3252 8386 13012 10286
 ... : 51 60 82 221 286 523 1105 3259 8408 13061 10329
 ... : 51 60 82 221 286 523 1105 3262 8429 13104 10371
 ... : 51 60 82 221 286 523 1105 3265 8441 13115 10432
 ... : 51 60 82 221 286 523 1105 3265 8454 13158 10481
 ... : 51 60 82 221 286 523 1105 3265 8472 13209 10525
 ... : 51 60 82 221 286 523 1104 3263 8466 13215 10517
 ... : 51 60 82 221 286 523 1103 3269 8488 13266 10558
 ... : 51 60 82 221 286 523 1103 3271 8498 13301 10608
 ... : 51 60 82 221 286 523 1103 3270 8509 13357 10664
 ... : 51 60 82 221 286 523 1103 3266 8511 13405 10725
 ... : 51 60 82 221 286 523 1103 3266 8523 13453 10794
 ... : 51 60 82 221 286 523 1103 3266 8531 13505 10848
 ... : 51 60 82 221 286 523 1103 3265 8531 13549 10916
 ... : 51 60 82 221 286 523 1103 3265 8544 13597 10989
 ... : 51 60 82 221 286 523 1103 3265 8547 13622 11088
 ... : 51 60 82 221 286 523 1103 3269 8558 13670 11150
 ... : 51 60 82 221 286 523 1103 3271 8583 13716 11168
 ... : 51 60 82 221 286 523 1103 3271 8586 13756 11233
 ... : 51 60 82 221 286 523 1104 3275 8595 13796 11287
 ... : 51 60 82 221 286 523 1108 3282 8622 13829 11321
 ... : 51 60 82 221 286 523 1115 3297 8652 13876 11334
 ... : 51 60 82 221 286 523 1115 3297 8659 13915 11390
 ... : 51 60 82 221 286 523 1117 3306 8677 13963 11429
 ... : 51 60 82 221 286 523 1117 3310 8691 14004 11502
 ... : 51 60 82 221 286 523 1117 3308 8696 14056 11573
 ... : 51 60 82 221 286 523 1117 3308 8703 14115 11635
 ... : 51 60 82 221 286 523 1117 3308 8713 14176 11692
 ... : 51 60 82 221 286 523 1117 3308 8721 14233 11753
 ... : 51 60 82 221 286 523 1118 3308 8735 14285 11805
 ... : 51 60 82 221 286 523 1118 3308 8740 14344 11869
 ... : 51 60 82 221 286 523 1118 3309 8750 14400 11914
 ... : 51 60 82 221 286 523 1118 3310 8764 14460 11957
 ... : 51 60 82 221 286 523 1118 3310 8777 14512 12022
 ... : 51 60 82 221 286 523 1118 3311 8785 14568 12079
 ... : 51 60 82 221 286 523 1118 3311 8791 14624 12146
 ... : 51 60 82 221 286 523 1121 3319 8806 14643 12232
 ... : 51 60 82 221 286 523 1123 3331 8830 14684 12257
 ... : 51 60 82 221 286 523 1123 3333 8837 14732 12318
 ... : 51 60 82 221 286 523 1123 3331 8838 14762 12401
 ... : 51 60 82 221 286 523 1123 3332 8847 14809 12473
 ... : 51 60 82 221 286 523 1123 3332 8852 14848 12571
 ... : 51 60 82 221 286 523 1123 3331 8875 14895 12619
 ... : 51 60 82 221 286 522 1125 3340 8903 14946 12654
 ... : 51 60 82 221 286 522 1125 3343 8922 14992 12705
 ... : 51 60 82 221 286 521 1114 3311 8930 15019 12755
 ... : 51 60 82 221 286 521 1114 3311 8941 15044 12801
 ... : 51 60 82 221 286 525 1114 3314 8955 15071 12837
 ... : 51 60 82 221 286 526 1118 3328 8974 15104 12869
 ... : 51 60 82 221 286 526 1118 3328 8979 15138 12945
 ... : 51 60 82 221 286 526 1117 3330 9004 15177 12981
 ... : 51 60 82 221 286 526 1117 3331 9022 15225 13024
 ... : 51 60 82 221 286 526 1117 3328 9025 15258 13090
 ... : 51 60 82 221 286 526 1117 3328 9024 15290 13205
 ... : 51 60 82 221 286 526 1119 3329 9035 15326 13272
 ... : 51 60 82 221 286 525 1119 3329 9048 15360 13320
 ... : 51 60 82 221 286 525 1119 3337 9063 15405 13369
 ... : 51 60 82 221 286 525 1119 3338 9067 15441 13436
 ... : 51 60 82 221 286 525 1119 3338 9069 15477 13544
 ... : 51 60 82 221 286 525 1119 3338 9080 15519 13607
 ... : 51 60 82 221 286 525 1119 3338 9086 15568 13674
 ... : 51 60 82 221 286 525 1119 3339 9106 15620 13732
 ... : 51 60 82 221 286 525 1119 3339 9108 15679 13799
 ... : 51 60 82 221 286 525 1119 3339 9111 15703 13896
 ... : 51 60 82 221 286 525 1119 3338 9114 15745 13987
 ... : 51 60 82 221 286 525 1119 3338 9109 15784 14067
 ... : 51 60 82 221 286 525 1119 3337 9119 15829 14128
 ... : 51 60 82 221 286 525 1119 3336 9125 15880 14185
 ... : 51 60 82 221 286 525 1117 3331 9131 15935 14246
 ... : 51 60 82 221 286 525 1117 3333 9138 15976 14294
 ... : 51 60 82 221 286 526 1118 3337 9159 16019 14328
 ... : 51 60 82 221 286 526 1120 3342 9171 16063 14375
 ... : 51 60 82 221 286 528 1120 3344 9192 16105 14417
 ... : 51 60 82 221 286 528 1120 3344 9198 16149 14489
 ... : 51 60 82 221 286 528 1121 3346 9205 16179 14568
 ... : 51 60 82 221 286 528 1121 3346 9218 16233 14624
 ... : 51 60 82 221 286 528 1121 3346 9235 16277 14697
 ... : 51 60 82 221 286 528 1121 3346 9234 16322 14771
 ... : 51 60 82 221 286 528 1121 3346 9234 16355 14880
 ... : 51 60 82 221 286 528 1121 3345 9251 16400 14937
 ... : 51 60 82 221 286 528 1121 3347 9262 16449 14993
 ... : 51 60 82 221 286 527 1121 3347 9260 16499 15064
 ... : 51 60 82 221 286 527 1121 3346 9265 16551 15127
 ... : 51 60 82 221 286 527 1121 3346 9275 16590 15187
 ... : 51 60 82 221 286 527 1120 3346 9287 16647 15243
 ... : 51 60 82 221 286 527 1120 3346 9291 16703 15312
 ... : 51 60 82 221 286 527 1120 3346 9303 16741 15381
 ... : 51 60 82 221 286 527 1120 3346 9308 16781 15468
 ... : 51 60 82 221 286 527 1118 3350 9314 16788 15539
 ... : 51 60 82 221 286 527 1118 3350 9324 16835 15599
 ... : 51 60 82 221 286 527 1118 3348 9341 16883 15640
 ... : 51 60 82 221 286 527 1118 3348 9340 16909 15715
 ... : 51 60 82 221 286 526 1116 3345 9342 16954 15778
 ... : 51 60 82 222 289 533 1131 3372 9366 16977 15798
 ... : 51 60 82 222 290 536 1137 3393 9408 17018 15800
 ... : 51 60 82 223 291 537 1141 3400 9427 17040 15828
 ... : 51 60 82 223 291 537 1141 3404 9445 17089 15867
 ... : 52 69 95 237 305 545 1147 3407 9444 17090 15874
 ... : 52 73 104 251 323 562 1167 3421 9445 17093 15882
 ... : 53 73 111 260 330 573 1175 3429 9453 17100 15884
 ... : 54 77 114 260 333 567 1182 3438 9460 17102 15886
 ... : 54 77 114 261 335 570 1187 3449 9492 17135 15887
 ... : 54 77 115 262 339 579 1204 3475 9518 17154 15887
 ... : 54 77 115 262 338 580 1206 3487 9560 17202 15891
 ... : 54 77 115 262 338 580 1208 3490 9571 17257 15942
 ... : 54 77 115 262 338 580 1208 3490 9582 17303 15997
 ... : 54 77 115 262 338 580 1208 3491 9591 17353 16057
 ... : 54 77 115 262 338 582 1213 3504 9619 17390 16087
 ... : 54 77 115 262 338 584 1217 3511 9639 17424 16125
 ... : 54 77 115 262 338 585 1219 3525 9670 17471 16151
 ... : 54 77 115 262 338 585 1219 3528 9684 17526 16205
 ... : 54 77 115 262 338 585 1219 3528 9683 17555 16262
 ... : 54 77 115 262 338 585 1219 3531 9690 17597 16342
 ... : 54 77 115 262 338 585 1219 3531 9690 17603 16436
 ... : 54 77 115 262 338 585 1219 3533 9706 17640 16485
 ... : 54 77 115 262 338 585 1219 3537 9729 17681 16550
 ... : 54 77 112 261 338 585 1220 3542 9742 17721 16603
 ... : 54 77 112 261 338 585 1220 3542 9752 17781 16666
 ... : 54 77 112 261 338 585 1220 3542 9752 17801 16794
 ... : 54 77 112 261 338 585 1220 3544 9757 17849 16866
 ... : 54 77 112 261 338 585 1220 3544 9769 17900 16936
 ... : 54 77 112 261 338 584 1219 3542 9776 17917 16953
 ... : 54 77 112 261 338 584 1219 3544 9783 17965 16999
 ... : 54 77 112 261 338 584 1219 3542 9790 18021 17056
 ... : 54 77 112 261 338 584 1219 3542 9797 18084 17115
 ... : 54 77 112 261 338 584 1219 3541 9798 18116 17193
 ... : 54 77 112 261 342 587 1223 3551 9819 18153 17200
 ... : 54 77 112 261 342 587 1223 3551 9830 18198 17257
 ... : 54 77 112 261 342 587 1226 3557 9861 18220 17301
 ... : 54 77 112 261 342 587 1226 3569 9911 18273 17301
 ... : 54 77 112 261 342 587 1226 3569 9919 18334 17357
 ... : 54 77 112 261 342 587 1226 3569 9935 18386 17414
 ... : 54 77 112 261 342 587 1226 3573 9951 18415 17458
 ... : 54 77 112 261 345 598 1241 3598 9974 18425 17469
 ... : 54 76 112 261 345 595 1244 3611 10002 18468 17477
 ... : 54 76 112 261 345 595 1244 3611 10015 18523 17530
 ... : 54 76 112 261 345 595 1244 3612 10023 18562 17582
 ... : 54 76 112 261 345 595 1244 3612 10029 18569 17646
 ... : 54 76 112 261 345 595 1244 3612 10033 18604 17727
 ... : 54 76 112 261 345 595 1244 3612 10028 18619 17810
 ... : 54 76 112 261 345 595 1244 3612 10035 18668 17870
 ... : 54 76 112 261 345 595 1244 3612 10043 18699 17916
 ... : 54 76 112 261 345 595 1244 3611 10037 18677 17904
 ... : 54 76 112 261 345 595 1244 3610 10038 18698 17975
 ... : 54 76 112 261 345 595 1244 3610 10041 18735 18073
 ... : 54 76 112 261 345 595 1244 3610 10042 18776 18147
 ... : 54 76 112 261 345 595 1244 3608 10041 18819 18213
 ... : 54 76 112 261 345 595 1244 3608 10042 18868 18288
 ... : 54 76 112 261 345 595 1244 3608 10047 18909 18380
 ... : 54 76 112 261 345 595 1244 3608 10048 18959 18456
 ... : 54 76 112 261 345 595 1244 3608 10047 18984 18564
 ... : 54 76 112 261 345 595 1244 3606 10054 19017 18644
 ... : 54 76 112 261 345 595 1244 3605 10056 19037 18759
 ... : 54 76 112 261 345 595 1244 3604 10069 19063 18826
