initialized model with 243399 latches, 2281 inputs and 1 properties
tsim: performed 370 steps
tsim: found 11539 constants and 54 latch equivalences
seqsimpl: found 4127 latch equivalences
seqsimpl: (243399, 2281) -> (178965, 2183)
checking bound 0
checking bound 1
checking bound 2
tdecomp: unrolling 2 cycles
tsim: performed 290 steps
tsim: found 1391 constants and 0 latch equivalences
seqsimpl: found 48 latch equivalences
tdecomp: (178965, 8732) -> (177455, 6001)
   2 : 86 0
tdecomp: completing cex trace with 2 initial steps
seqsimpl: completing cex trace with simulation
num_solve_calls = 2628
num_solve_sat_calls = 1051
num_solve_unsat_calls = 86
num_solve_approx_calls = 1936
num_solve_approx_unsat_calls = 1132
num_solve_conflicts = 322
num_solve_decisions = 20187310
num_solve_propagations = 142326853
avg_solve_conflicts = 1
avg_solve_decisions = 7682
avg_solve_propagations = 54158
avg_solve_unsat_decisions = 0.000
stddev_solve_unsat_decisions = 0.000
num_added_cubes = 86
num_subsumed_cubes = 0
num_gc_frame = 1
num_reset = 0
num_try_blocking = 260
get_bad_cube_time = 6.106
rec_block_cube_time = 18.461
propagate_forward_time = 0.074
generalize_model_time = 2.354
generalize_and_push_time = 8.349
try_blocking_time = 17.331
reset_time = 0.000
clausify_time = 3.441
preprocess_time = 6.931
solve_time = 21.309
solve_sat_time = 5.568
solve_unsat_time = 15.741
prove_time = 35.465
memory_used_mb = 911
total_time = 136.148
Unsafe
