initialized model with 4708 latches, 462 inputs and 1 properties
tsim: performed 224 steps
tsim: found 109 constants and 1 latch equivalences
seqsimpl: (4708, 462) -> (3707, 252)
checking bound 0
checking bound 1
checking bound 2
tdecomp: unrolling 2 cycles
tsim: performed 223 steps
tdecomp: no improvement found, reverting original model
   2 : 6 16
   3 : 1 1 22
   4 : 1 1 6 16
 ... : 1 1 56 86
 ... : 1 1 122 154
   5 : 1 1 137 137 43
   6 : 1 1 137 137 12 31
 ... : 1 1 137 142 36 97
 ... : 1 1 137 145 78 103
 ... : 1 1 137 153 122 117
 ... : 1 1 137 156 154 180
 ... : 1 1 145 165 164 229
   7 : 1 1 148 169 173 191 51
   8 : 1 1 148 169 173 191 54 45
 ... : 1 1 148 169 173 191 79 114
 ... : 1 1 148 169 173 191 112 153
   9 : 1 1 148 169 173 190 89 88 138
 ... : 1 1 148 169 173 190 89 95 222
 ... : 1 1 148 169 172 190 100 123 279
  10 : 1 1 148 169 172 190 108 126 155 186
 ... : 1 1 148 169 172 190 108 126 162 289
  11 : 1 1 148 169 172 190 108 126 133 133 219
 ... : 1 1 148 169 172 190 109 129 134 137 286
 ... : 1 1 148 169 172 190 109 133 139 138 337
 ... : 1 1 148 169 172 190 109 139 147 140 380
 ... : 1 1 148 169 172 190 109 142 149 152 413
 ... : 1 1 148 169 172 190 110 146 152 157 455
 ... : 1 1 148 169 172 190 110 152 156 163 492
 ... : 1 1 148 169 171 190 113 157 162 165 529
 ... : 1 1 148 169 171 190 113 160 166 173 569
 ... : 1 1 148 169 171 190 113 160 166 179 606
 ... : 1 1 148 169 171 190 114 164 169 182 645
 ... : 1 1 148 169 171 190 114 168 172 187 684
 ... : 1 1 148 169 170 191 132 182 174 193 716
 ... : 1 1 148 169 170 193 149 206 176 194 746
 ... : 1 1 148 169 170 194 168 222 181 207 770
 ... : 1 1 148 169 170 194 171 235 197 230 783
 ... : 1 1 148 169 170 194 171 240 203 244 818
 ... : 1 1 148 169 170 194 171 240 209 261 849
 ... : 1 1 148 169 170 194 171 241 214 283 875
 ... : 1 1 148 169 170 194 171 240 215 297 916
 ... : 1 1 148 169 170 194 179 249 216 306 959
 ... : 1 1 148 169 170 194 183 257 221 313 1004
 ... : 1 1 148 169 170 194 183 257 231 330 1041
 ... : 1 1 148 169 170 193 184 266 237 352 1067
 ... : 1 1 148 169 170 193 184 263 234 316 1058
 ... : 1 1 148 169 170 193 185 265 237 352 1066
 ... : 1 1 148 169 170 193 190 270 245 371 1096
 ... : 1 1 148 169 170 193 194 276 251 379 1145
 ... : 1 1 148 169 170 193 195 279 258 391 1180
 ... : 1 1 148 169 169 193 196 280 265 410 1214
 ... : 1 1 148 169 169 193 197 294 271 442 1223
 ... : 1 1 148 169 169 193 200 300 286 445 1244
 ... : 1 1 148 169 169 193 201 312 296 477 1266
 ... : 1 1 148 169 169 192 201 318 301 497 1287
 ... : 1 1 148 169 169 192 198 322 309 510 1322
 ... : 1 1 148 169 169 192 198 326 318 516 1360
 ... : 1 1 148 169 169 192 197 332 328 530 1393
 ... : 1 1 148 169 169 192 197 338 339 551 1424
 ... : 1 1 148 169 169 192 197 339 349 562 1460
 ... : 1 1 148 169 169 192 197 339 357 591 1479
 ... : 1 1 148 169 169 192 197 343 363 611 1503
 ... : 1 1 148 169 169 192 197 344 368 627 1527
 ... : 1 1 148 169 169 192 197 353 378 655 1552
 ... : 1 1 148 169 169 192 197 356 381 661 1589
 ... : 1 1 148 169 169 192 197 356 383 685 1605
 ... : 1 1 148 169 169 192 197 357 389 709 1630
 ... : 1 1 148 169 169 192 197 360 405 727 1666
 ... : 1 1 148 169 169 192 197 364 409 737 1704
 ... : 1 1 148 169 169 192 197 364 409 738 1743
 ... : 1 1 148 169 169 192 197 367 420 760 1774
 ... : 1 1 148 169 168 191 199 370 436 787 1786
 ... : 1 1 148 169 168 191 199 370 436 826 1798
 ... : 1 1 148 169 168 191 199 370 436 864 1807
 ... : 1 1 148 169 168 191 199 370 438 887 1833
 ... : 1 1 148 169 168 191 199 370 439 899 1871
 ... : 1 1 148 169 168 191 199 370 439 903 1916
 ... : 1 1 148 169 168 191 199 370 439 928 1950
 ... : 1 1 148 169 168 191 199 370 440 952 1984
 ... : 1 1 148 169 168 191 199 370 441 973 2017
 ... : 1 1 148 169 168 191 199 370 441 986 2051
 ... : 1 1 148 169 168 191 199 370 442 1002 2092
 ... : 1 1 148 169 167 191 200 377 450 1013 2130
 ... : 1 1 148 169 167 191 200 378 451 1033 2160
 ... : 1 1 148 169 167 190 198 381 459 1047 2188
 ... : 1 1 148 169 167 190 199 383 463 1070 2212
 ... : 1 1 148 169 167 190 199 388 469 1084 2240
 ... : 1 1 148 169 167 190 200 393 481 1091 2276
 ... : 1 1 148 169 167 190 201 404 499 1102 2310
 ... : 1 1 148 169 167 190 201 406 505 1110 2345
 ... : 1 1 148 169 167 190 201 410 506 1117 2375
 ... : 1 1 148 169 167 190 201 412 507 1143 2401
 ... : 1 1 148 169 167 190 201 412 509 1160 2431
 ... : 1 1 148 169 167 190 201 412 511 1180 2467
 ... : 1 1 148 169 167 190 203 418 519 1189 2503
 ... : 1 1 148 169 167 190 203 418 521 1200 2538
 ... : 1 1 148 169 167 190 205 435 548 1211 2563
 ... : 1 1 148 169 167 190 205 437 554 1233 2599
 ... : 1 1 148 169 167 190 205 440 558 1248 2633
 ... : 1 1 148 169 167 190 205 441 559 1259 2671
 ... : 1 1 148 169 167 190 205 441 560 1274 2708
 ... : 1 1 148 169 167 190 206 443 564 1282 2744
 ... : 1 1 148 169 167 190 206 447 568 1293 2779
 ... : 1 1 148 169 167 190 205 449 570 1308 2814
 ... : 1 1 148 169 167 190 206 457 579 1312 2852
 ... : 1 1 148 169 167 190 207 465 587 1328 2877
 ... : 1 1 148 169 167 190 207 475 595 1344 2903
 ... : 1 1 148 169 167 190 207 476 600 1367 2928
 ... : 1 1 148 169 167 190 208 483 610 1384 2960
 ... : 1 1 148 169 167 190 208 483 615 1398 2992
 ... : 1 1 148 169 167 190 205 488 610 1408 3025
 ... : 1 1 148 169 167 190 205 491 616 1417 3055
 ... : 1 1 148 169 167 190 206 493 625 1428 3087
 ... : 1 1 148 169 167 190 206 494 629 1443 3120
 ... : 1 1 148 169 167 190 206 495 632 1458 3146
 ... : 1 1 148 169 167 190 207 498 634 1469 3180
 ... : 1 1 148 169 167 190 207 499 634 1477 3217
 ... : 1 1 148 169 167 190 208 502 637 1481 3255
 ... : 1 1 148 169 167 190 208 511 643 1492 3290
 ... : 1 1 148 169 167 190 208 515 646 1506 3325
 ... : 1 1 148 169 167 190 208 518 652 1523 3359
 ... : 1 1 148 169 167 190 208 519 653 1534 3393
 ... : 1 1 148 169 167 190 210 523 655 1548 3420
 ... : 1 1 148 169 167 190 214 534 661 1563 3446
 ... : 1 1 148 169 167 189 215 537 664 1571 3482
 ... : 1 1 148 169 167 190 214 541 655 1570 3510
 ... : 1 1 148 169 167 190 214 541 657 1578 3549
 ... : 1 1 148 169 167 190 214 540 660 1594 3567
 ... : 1 1 148 169 167 190 214 540 661 1609 3596
 ... : 1 1 148 169 167 190 214 540 661 1624 3623
 ... : 1 1 148 169 167 190 214 540 662 1630 3659
 ... : 1 1 148 169 167 190 214 540 662 1656 3676
 ... : 1 1 148 169 167 190 216 541 664 1678 3692
 ... : 1 1 148 169 167 190 216 541 657 1701 3744
 ... : 1 1 148 169 167 190 216 539 655 1717 3807
 ... : 1 1 148 169 167 190 216 539 664 1730 3841
  12 : 1 1 147 168 167 52 110 547 625 1271 1064 3308
 ... : 1 1 147 168 167 52 110 547 625 1274 1072 3372
 ... : 1 1 147 168 167 52 110 547 625 1281 1080 3412
 ... : 1 1 147 168 167 52 110 547 625 1282 1080 3459
 ... : 1 1 147 168 167 52 110 547 625 1287 1083 3507
 ... : 1 1 147 168 167 52 110 547 625 1288 1085 3561
 ... : 1 1 147 168 167 52 110 547 627 1292 1093 3607
 ... : 1 1 147 168 167 52 110 547 627 1293 1094 3649
 ... : 1 1 147 168 167 52 110 547 627 1297 1096 3688
 ... : 1 1 147 168 167 52 110 544 624 1295 1098 3703
 ... : 1 1 147 168 167 52 110 544 626 1297 1106 3742
 ... : 1 1 147 168 167 52 110 544 626 1298 1107 3782
 ... : 1 1 147 168 167 52 110 544 626 1307 1114 3823
 ... : 1 1 147 168 167 52 110 544 626 1315 1122 3861
 ... : 1 1 147 168 167 52 110 544 626 1325 1125 3900
 ... : 1 1 147 168 167 52 110 544 626 1336 1138 3945
 ... : 1 1 147 168 167 52 110 544 626 1346 1146 3986
 ... : 1 1 147 168 167 52 110 544 626 1355 1156 4024
 ... : 1 1 147 168 167 52 110 544 626 1361 1162 4063
 ... : 1 1 147 168 167 52 110 544 626 1372 1170 4101
 ... : 1 1 147 168 167 52 110 544 625 1376 1180 4141
 ... : 1 1 147 168 167 52 110 544 625 1382 1186 4180
 ... : 1 1 147 168 167 52 110 544 624 1385 1190 4219
 ... : 1 1 147 168 167 52 110 544 624 1386 1190 4259
 ... : 1 1 147 168 167 52 110 544 624 1387 1190 4299
 ... : 1 1 147 168 167 52 110 544 624 1390 1193 4337
 ... : 1 1 147 168 167 52 110 544 624 1395 1198 4377
 ... : 1 1 147 168 167 52 110 544 624 1401 1202 4418
 ... : 1 1 147 168 167 52 110 544 624 1405 1207 4455
 ... : 1 1 147 168 167 52 110 545 628 1415 1217 4493
 ... : 1 1 147 168 167 52 110 545 625 1418 1219 4535
 ... : 1 1 147 168 167 52 110 545 626 1419 1225 4570
 ... : 1 1 147 168 167 52 110 545 626 1421 1225 4608
