initialized model with 1931 latches, 343 inputs and 1 properties
tsim: performed 10 steps
tsim: found cycle from 8
tsim: found 0 constants and 1 latch equivalences
seqsimpl: (1931, 343) -> (1930, 343)
checking bound 0
checking bound 1
checking bound 2
tdecomp: unrolling 2 cycles
tsim: performed 8 steps
tsim: found cycle from 6
tsim: found 2 constants and 0 latch equivalences
seqsimpl: found 2 latch equivalences
tdecomp: (1930, 1372) -> (1926, 813)
 ... : 196
 ... : 394
 ... : 585
 ... : 785
 ... : 986
 ... : 1186
 ... : 1387
 ... : 1584
 ... : 1784
 ... : 1985
   2 : 1382 698
 ... : 1379 898
 ... : 1378 1099
 ... : 1376 1300
 ... : 1375 1501
 ... : 1374 1702
 ... : 1387 1864
 ... : 1383 2062
 ... : 1382 2191
 ... : 1394 2323
 ... : 1397 2508
 ... : 1407 2635
 ... : 1416 2738
 ... : 1424 2901
 ... : 1436 3049
 ... : 1451 3095
   3 : 1366 1857 1212
 ... : 1366 1856 1412
 ... : 1366 1855 1613
 ... : 1366 1854 1814
 ... : 1366 1851 2014
 ... : 1365 1850 2214
 ... : 1365 1849 2415
 ... : 1365 1848 2594
 ... : 1365 1849 2780
 ... : 1364 1847 2964
 ... : 1364 1855 3145
 ... : 1363 1863 3312
 ... : 1362 1868 3497
 ... : 1362 1881 3654
 ... : 1346 1883 3689
 ... : 1340 1890 3789
 ... : 1340 1890 3956
 ... : 1335 1882 4104
 ... : 1331 1880 4295
 ... : 1329 1878 4407
 ... : 1327 1881 4591
 ... : 1324 1883 4737
 ... : 1325 1896 4858
 ... : 1325 1923 4976
   4 : 1249 1646 3087 1930
 ... : 1249 1646 3085 2130
 ... : 1249 1646 3085 2331
 ... : 1249 1646 3085 2531
 ... : 1248 1645 3090 2722
 ... : 1248 1644 3095 2902
 ... : 1248 1644 3095 3103
 ... : 1248 1644 3095 3304
 ... : 1248 1643 3099 3486
 ... : 1248 1643 3091 3683
 ... : 1248 1643 3090 3881
 ... : 1248 1642 3086 4066
 ... : 1246 1642 3088 4249
 ... : 1246 1641 3097 4421
 ... : 1246 1641 3096 4615
 ... : 1246 1641 3094 4815
 ... : 1246 1641 3114 4954
 ... : 1246 1640 3123 5125
 ... : 1246 1638 3128 5289
 ... : 1245 1636 3136 5445
 ... : 1245 1636 3132 5607
 ... : 1245 1636 3148 5742
 ... : 1245 1636 3152 5911
 ... : 1245 1636 3158 6072
 ... : 1245 1636 3161 6248
 ... : 1243 1636 3169 6339
 ... : 1243 1636 3177 6487
 ... : 1243 1636 3184 6660
 ... : 1243 1636 3184 6854
 ... : 1243 1636 3181 7024
 ... : 1243 1636 3189 7187
 ... : 1243 1635 3188 7361
 ... : 1243 1635 3200 7513
 ... : 1242 1635 3214 7576
 ... : 1240 1635 3229 7673
 ... : 1240 1635 3250 7812
 ... : 1239 1635 3255 7985
 ... : 1237 1634 3272 8129
 ... : 1237 1634 3283 8293
 ... : 1237 1633 3291 8411
 ... : 1237 1632 3292 8544
 ... : 1237 1632 3294 8722
   5 : 1197 1482 2977 5675 3343
 ... : 1197 1482 2977 5675 3542
 ... : 1197 1482 2977 5675 3743
 ... : 1197 1482 2977 5674 3944
 ... : 1197 1482 2977 5674 4144
 ... : 1197 1481 2977 5684 4317
 ... : 1197 1481 2977 5690 4500
 ... : 1197 1481 2977 5698 4676
 ... : 1197 1481 2977 5697 4877
 ... : 1197 1481 2977 5698 5061
 ... : 1197 1481 2977 5697 5262
 ... : 1197 1481 2977 5697 5463
 ... : 1197 1481 2977 5697 5661
 ... : 1197 1481 2972 5702 5843
 ... : 1197 1481 2972 5701 6043
 ... : 1197 1481 2972 5700 6244
 ... : 1197 1481 2972 5700 6445
 ... : 1197 1481 2972 5699 6636
 ... : 1197 1481 2972 5699 6832
 ... : 1197 1481 2972 5699 7033
 ... : 1197 1481 2972 5711 7200
 ... : 1197 1481 2972 5713 7385
 ... : 1197 1481 2972 5718 7570
 ... : 1197 1481 2971 5719 7756
 ... : 1196 1481 2971 5728 7932
 ... : 1196 1481 2971 5728 8131
 ... : 1196 1481 2971 5727 8331
 ... : 1196 1481 2970 5713 8520
 ... : 1196 1480 2962 5692 8707
 ... : 1196 1480 2960 5685 8903
 ... : 1196 1480 2960 5687 9052
 ... : 1196 1480 2960 5687 9252
 ... : 1196 1480 2960 5687 9453
 ... : 1196 1479 2960 5688 9648
 ... : 1196 1479 2960 5691 9832
 ... : 1196 1479 2959 5691 10007
 ... : 1196 1479 2959 5703 10144
 ... : 1196 1479 2959 5721 10272
 ... : 1196 1478 2958 5728 10450
 ... : 1196 1478 2958 5733 10621
 ... : 1196 1478 2970 5764 10728
 ... : 1196 1478 2973 5784 10854
 ... : 1196 1478 2973 5784 11043
 ... : 1196 1478 2972 5778 11173
 ... : 1196 1478 2974 5785 11233
 ... : 1196 1478 2974 5793 11310
 ... : 1196 1478 2973 5799 11460
 ... : 1196 1478 2973 5816 11617
 ... : 1196 1478 2971 5833 11691
 ... : 1196 1478 2971 5820 11832
 ... : 1196 1478 2970 5818 12010
 ... : 1196 1478 2970 5817 12204
 ... : 1196 1478 2966 5818 12377
 ... : 1196 1478 2966 5830 12531
 ... : 1196 1478 2966 5835 12648
 ... : 1196 1477 2929 5788 12803
 ... : 1196 1477 2928 5786 13002
 ... : 1196 1477 2928 5790 13125
 ... : 1196 1477 2928 5807 13256
 ... : 1196 1477 2928 5809 13412
 ... : 1196 1477 2927 5811 13591
 ... : 1196 1477 2927 5818 13659
 ... : 1196 1477 2927 5833 13668
 ... : 1196 1476 2923 5836 13789
 ... : 1195 1472 2921 5813 13909
 ... : 1195 1471 2920 5819 14028
 ... : 1195 1471 2919 5829 14162
 ... : 1195 1471 2919 5848 14298
   6 : 1177 1413 2801 5234 10450 4007
 ... : 1177 1413 2801 5234 10450 4205
 ... : 1177 1413 2801 5234 10449 4406
 ... : 1177 1413 2801 5234 10449 4607
 ... : 1177 1413 2801 5234 10449 4808
 ... : 1177 1413 2801 5234 10448 5008
 ... : 1177 1413 2801 5234 10458 5187
 ... : 1177 1413 2801 5233 10466 5365
 ... : 1177 1413 2801 5233 10466 5565
 ... : 1177 1413 2801 5233 10466 5765
 ... : 1177 1413 2801 5233 10480 5919
 ... : 1177 1413 2801 5231 10470 6105
 ... : 1177 1413 2801 5231 10489 6264
 ... : 1177 1413 2801 5229 10477 6435
 ... : 1177 1413 2801 5228 10507 6554
 ... : 1177 1413 2801 5228 10504 6752
 ... : 1177 1413 2801 5227 10516 6899
 ... : 1177 1413 2801 5227 10539 7047
 ... : 1177 1413 2800 5225 10551 7212
 ... : 1177 1413 2800 5224 10556 7400
 ... : 1177 1413 2800 5223 10532 7596
 ... : 1177 1413 2800 5223 10526 7775
 ... : 1177 1413 2800 5221 10533 7939
 ... : 1177 1413 2799 5219 10557 8051
 ... : 1177 1413 2799 5219 10563 8224
 ... : 1177 1413 2799 5219 10562 8425
 ... : 1177 1413 2799 5219 10574 8601
 ... : 1177 1413 2799 5219 10578 8785
 ... : 1177 1413 2798 5173 10498 8762
 ... : 1177 1413 2798 5169 10361 8860
 ... : 1177 1413 2798 5168 10362 9033
 ... : 1177 1413 2798 5168 10376 9193
 ... : 1177 1413 2798 5168 10384 9366
 ... : 1177 1413 2798 5168 10391 9550
 ... : 1176 1413 2798 5167 10381 9722
 ... : 1175 1412 2797 5160 10389 9838
 ... : 1175 1412 2797 5160 10394 10024
 ... : 1175 1412 2797 5160 10397 10218
 ... : 1175 1411 2797 5160 10399 10407
 ... : 1175 1411 2797 5160 10397 10604
 ... : 1175 1411 2797 5160 10400 10777
 ... : 1175 1411 2797 5160 10411 10914
 ... : 1175 1411 2797 5160 10416 11090
 ... : 1175 1410 2795 5160 10424 11244
 ... : 1175 1410 2794 5157 10189 11353
 ... : 1175 1410 2794 5156 10195 11456
 ... : 1175 1410 2794 5155 10219 11504
 ... : 1175 1410 2794 5148 10232 11571
 ... : 1175 1410 2794 5148 10239 11751
 ... : 1175 1410 2794 5148 10241 11879
 ... : 1175 1410 2792 5148 10255 12025
 ... : 1175 1410 2792 5146 10267 12126
 ... : 1175 1410 2791 5147 10293 12242
 ... : 1173 1410 2791 5147 10308 12351
 ... : 1173 1410 2791 5147 10314 12399
 ... : 1173 1410 2791 5146 10310 12479
 ... : 1173 1410 2791 5141 10303 12524
 ... : 1173 1410 2791 5140 10271 12679
 ... : 1173 1410 2791 5135 10295 12762
 ... : 1173 1410 2791 5133 10288 12913
 ... : 1173 1410 2791 5133 10296 13038
 ... : 1173 1410 2791 5133 10300 13194
 ... : 1173 1410 2791 5133 10320 13075
 ... : 1172 1410 2790 5133 10313 13254
 ... : 1170 1407 2790 5132 10228 12917
 ... : 1170 1407 2790 5131 10215 13031
 ... : 1170 1407 2790 5129 10191 13082
 ... : 1170 1407 2788 5129 10174 13167
 ... : 1170 1407 2787 5127 10180 13332
 ... : 1170 1407 2787 5096 10018 13215
 ... : 1170 1407 2787 5096 10045 13344
 ... : 1170 1407 2787 5096 10062 13462
 ... : 1170 1407 2787 5095 10070 13594
 ... : 1170 1407 2787 5093 10060 13664
 ... : 1170 1407 2787 5091 10057 13492
 ... : 1170 1407 2787 5091 10070 13631
   7 : 1136 1321 2451 4058 7997 6783 6048
 ... : 1136 1321 2451 4058 7997 6782 6247
 ... : 1136 1321 2450 4058 7996 6788 6401
 ... : 1136 1321 2450 4058 7996 6790 6589
 ... : 1136 1321 2450 4058 7996 6790 6790
 ... : 1136 1321 2450 4058 7995 6772 6984
 ... : 1136 1321 2449 4048 7952 6731 7119
 ... : 1136 1321 2449 4047 7950 6741 7282
 ... : 1136 1321 2448 4038 7937 6749 7419
 ... : 1136 1321 2445 4023 7910 6765 7544
 ... : 1136 1321 2444 4017 7904 6632 7585
 ... : 1136 1321 2444 4017 7904 6649 7675
 ... : 1136 1321 2443 4011 7900 6631 7787
 ... : 1136 1321 2443 4010 7776 6357 7910
   8 : 1134 1313 2433 3909 7456 5870 1891 6247
 ... : 1134 1313 2432 3909 7456 5867 1880 6430
 ... : 1134 1313 2432 3909 7456 5866 1878 6631
 ... : 1134 1313 2432 3909 7456 5866 1880 6796
 ... : 1134 1313 2432 3909 7456 5864 1890 6971
 ... : 1134 1313 2432 3909 7456 5864 1915 7079
 ... : 1134 1313 2432 3909 7456 5864 1932 7208
 ... : 1134 1312 2432 3909 7453 5859 1941 7291
   9 : 1132 1309 2410 3770 6638 5286 1815 942 6478
 ... : 1132 1309 2409 3770 6638 5286 1815 936 6667
 ... : 1132 1309 2409 3770 6636 5284 1814 943 6804
 ... : 1132 1309 2409 3770 6636 5282 1811 960 6924
 ... : 1132 1308 2409 3770 6636 5280 1806 987 6980
  10 : 1131 1303 2372 3716 6437 5077 1411 625 373 6924
 ... : 1131 1303 2372 3716 6437 5077 1411 624 355 7040
 ... : 1131 1303 2372 3716 6436 5075 1407 613 341 7124
 ... : 1131 1303 2372 3715 6436 5075 1407 616 363 7219
  11 : 1128 1295 2368 3707 6415 4652 1252 639 265 182 7140
 ... : 1128 1295 2368 3706 6415 4651 1251 639 263 174 7296
  12 : 1126 1295 2359 3706 6401 4649 1227 619 247 132 237 7261
  13 : 1126 1295 2356 3706 6400 4646 1227 620 236 124 179 237 7162
 ... : 1126 1295 2356 3706 6400 4646 1227 620 236 124 178 226 7290
 ... : 1126 1295 2356 3706 6400 4646 1227 620 236 124 178 230 7369
 ... : 1126 1295 2356 3706 6400 4645 1227 620 236 124 178 235 7429
  14 : 1121 1297 2356 3703 6379 4632 1230 625 240 123 164 184 313 7190
  15 : 1119 1297 2355 3693 6305 4654 1227 626 239 123 164 171 246 174 7226
  16 : 1117 1298 2350 3697 6305 4652 1226 625 237 107 103 115 64 134 146 7457
  17 : 1117 1298 2350 3697 6305 4652 1226 625 237 107 103 114 64 119 109 101 7416
  18 : 1113 1300 2346 3693 6306 4652 1226 625 237 107 103 113 64 119 107 84 224 7216
  19 : 1112 1301 2346 3692 6307 4652 1226 625 236 107 103 112 64 116 102 69 141 207 7120
  20 : 1112 1301 2346 3692 6307 4652 1226 625 236 107 103 112 64 114 94 49 112 149 176 7129
 ... : 1112 1301 2346 3692 6307 4652 1226 625 236 107 103 112 64 114 92 47 110 146 171 7242
 ... : 1112 1301 2346 3692 6307 4652 1226 625 236 107 103 112 64 114 92 47 110 145 167 7348
  21 : 1112 1298 2342 3693 6309 4639 1228 625 236 106 99 105 64 109 68 29 73 129 138 95 7402
  22 : 1112 1298 2341 3694 6309 4638 1228 625 236 106 99 105 63 108 67 28 66 128 137 75 80 7373
  23 : 1112 1298 2340 3695 6309 4638 1228 622 236 105 99 105 63 108 66 26 65 127 131 53 41 73 7399
  24 : 1112 1297 2341 3695 6308 4637 1228 622 236 105 99 105 63 107 66 25 67 127 130 44 36 57 87 7352
  25 : 1112 1297 2341 3695 6307 4636 1227 617 236 105 99 105 62 95 62 26 65 127 130 41 31 48 40 16 7432
  26 : 1112 1292 2340 3696 6307 4637 1227 617 236 105 99 105 62 95 62 24 52 121 128 37 32 45 35 8 59 7429
  27 : 1112 1292 2338 3697 6308 4637 1227 617 236 105 99 105 62 95 62 24 52 121 128 22 26 32 32 8 34 29 7461
  28 : 1112 1292 2332 3699 6311 4637 1227 617 236 105 99 105 62 95 62 24 52 121 128 21 26 28 32 5 28 15 84 7406
  29 : 1112 1292 2332 3699 6311 4637 1226 617 236 105 99 105 62 95 62 24 52 121 128 20 25 28 32 5 24 11 50 50 7402
  30 : 1079 1315 2336 3699 6305 4581 1237 608 231 104 94 103 58 95 61 24 44 52 201 21 12 19 10 5 7 6 31 15 23 7634
  31 : 1079 1315 2333 3701 6306 4581 1236 608 231 104 94 103 58 95 61 24 44 52 201 21 12 18 10 2 4 3 29 13 15 174 7483
