initialized model with 2686 latches, 433 inputs and 1 properties
tsim: performed 31 steps
tsim: found cycle from 28
checking bound 0
checking bound 1
checking bound 2
tdecomp: unrolling 2 cycles
tsim: performed 29 steps
tsim: found cycle from 26
tsim: found 1 constants and 1 latch equivalences
seqsimpl: found 2 latch equivalences
tdecomp: (2686, 1732) -> (1476, 330)
   2 : 2 1
   3 : 2 1 3
   4 : 2 1 0 3
num_solve_calls = 185
num_solve_sat_calls = 33
num_solve_unsat_calls = 6
num_solve_approx_calls = 134
num_solve_approx_unsat_calls = 113
num_solve_conflicts = 50
num_solve_decisions = 13452
num_solve_propagations = 67189
avg_solve_conflicts = 1
avg_solve_decisions = 73
avg_solve_propagations = 364
avg_solve_unsat_decisions = 0.000
stddev_solve_unsat_decisions = 0.000
num_added_cubes = 13
num_subsumed_cubes = 7
num_gc_frame = 8
num_reset = 0
num_try_blocking = 28
get_bad_cube_time = 0.008
rec_block_cube_time = 0.005
propagate_forward_time = 0.000
generalize_model_time = 0.001
generalize_and_push_time = 0.002
try_blocking_time = 0.005
reset_time = 0.000
clausify_time = 0.037
preprocess_time = 0.038
solve_time = 0.009
solve_sat_time = 0.004
solve_unsat_time = 0.005
prove_time = 0.097
memory_used_mb = 12
total_time = 0.451
Safe
