initialized model with 180 latches, 17 inputs and 1 properties
tsim: performed 8 steps
tsim: found cycle from 6
checking bound 0
checking bound 1
checking bound 2
tdecomp: unrolling 2 cycles
tsim: performed 6 steps
tsim: found cycle from 4
tsim: found 1 constants and 0 latch equivalences
tdecomp: (180, 68) -> (179, 29)
 ... : 200
 ... : 401
 ... : 602
   2 : 448 245
 ... : 450 441
   3 : 451 394 216
 ... : 451 392 394
 ... : 451 390 591
 ... : 451 394 778
 ... : 451 403 959
 ... : 451 406 1145
 ... : 451 403 1345
 ... : 451 403 1536
 ... : 451 403 1713
 ... : 451 404 1873
 ... : 451 408 1990
 ... : 451 408 2186
 ... : 451 410 2352
 ... : 451 411 2516
   4 : 446 382 1612 858
 ... : 446 382 1616 1034
 ... : 446 382 1623 1216
 ... : 446 382 1624 1405
 ... : 446 382 1635 1580
 ... : 446 382 1646 1745
 ... : 446 382 1645 1865
 ... : 446 382 1639 1988
 ... : 446 382 1656 2124
 ... : 446 382 1672 2279
 ... : 446 382 1693 2435
 ... : 446 382 1699 2582
 ... : 446 381 1718 2730
 ... : 446 381 1743 2870
 ... : 446 380 1765 3003
 ... : 446 382 1783 3134
 ... : 446 383 1807 3277
 ... : 446 383 1824 3335
 ... : 446 383 1814 3474
 ... : 446 382 1830 3626
 ... : 446 381 1852 3755
 ... : 446 381 1871 3899
 ... : 446 380 1892 3967
 ... : 446 380 1904 4129
 ... : 446 380 1915 4264
 ... : 446 380 1934 4395
 ... : 446 380 1953 4543
 ... : 446 380 1968 4684
 ... : 446 380 1980 4840
 ... : 446 380 1975 4973
 ... : 446 380 1989 5123
 ... : 446 380 1995 5285
 ... : 446 380 2005 5432
 ... : 446 380 2013 5572
 ... : 446 380 1980 5582
 ... : 446 380 1994 5745
 ... : 446 380 2001 5911
   5 : 437 373 1497 3518 2733
 ... : 437 373 1496 3505 2914
 ... : 437 373 1495 3498 3109
 ... : 437 373 1495 3497 3307
 ... : 437 373 1489 3488 3507
 ... : 437 373 1489 3487 3677
 ... : 437 373 1487 3496 3837
 ... : 437 373 1487 3502 4018
 ... : 437 373 1487 3511 4196
 ... : 437 373 1487 3404 4256
 ... : 437 373 1487 3395 4412
 ... : 437 373 1488 3408 4558
 ... : 437 373 1497 3424 4662
 ... : 437 373 1498 3428 4826
 ... : 437 373 1498 3436 4976
 ... : 437 373 1501 3455 5082
 ... : 437 373 1504 3472 5207
 ... : 437 373 1504 3481 5359
 ... : 437 373 1504 3489 5491
 ... : 437 373 1506 3498 5617
 ... : 437 373 1511 3517 5744
 ... : 437 373 1512 3532 5886
 ... : 437 373 1514 3548 6029
 ... : 437 373 1515 3561 6155
 ... : 437 372 1522 3579 6270
 ... : 437 372 1524 3593 6399
 ... : 437 372 1525 3595 6524
 ... : 437 372 1527 3609 6658
 ... : 437 372 1527 3617 6815
 ... : 437 372 1527 3628 6960
 ... : 437 372 1527 3641 7117
 ... : 437 372 1526 3643 7246
 ... : 437 372 1528 3643 7337
 ... : 437 372 1533 3658 7474
 ... : 437 372 1534 3658 7629
 ... : 437 372 1534 3663 7739
 ... : 437 372 1535 3670 7844
 ... : 437 372 1535 3673 7976
 ... : 437 372 1535 3691 8109
 ... : 437 372 1537 3712 8235
 ... : 437 372 1539 3731 8339
 ... : 437 372 1540 3744 8465
 ... : 437 372 1543 3762 8592
 ... : 437 372 1542 3768 8731
 ... : 437 372 1543 3767 8638
 ... : 437 372 1544 3788 8762
 ... : 437 372 1544 3805 8892
 ... : 437 372 1544 3823 9009
 ... : 437 372 1543 3840 9142
 ... : 437 372 1544 3858 9275
 ... : 437 372 1543 3878 9399
   6 : 437 330 1292 2748 8786 1599
 ... : 437 330 1292 2748 8787 1796
 ... : 437 330 1292 2748 8787 1997
 ... : 437 330 1292 2748 8787 2198
 ... : 437 330 1292 2748 8790 2391
 ... : 437 330 1292 2748 8791 2589
 ... : 437 330 1292 2748 8793 2782
 ... : 437 330 1292 2748 8794 2981
 ... : 437 330 1292 2748 8795 3179
 ... : 437 330 1292 2748 8801 3363
 ... : 437 330 1292 2748 8801 3562
 ... : 437 330 1292 2748 8803 3755
 ... : 437 330 1292 2748 8805 3951
 ... : 437 330 1292 2748 8807 4131
 ... : 437 330 1292 2749 8816 4309
 ... : 437 330 1292 2749 8832 4468
 ... : 437 330 1292 2749 8848 4627
 ... : 437 330 1292 2749 8875 4756
 ... : 437 330 1289 2729 8861 4901
 ... : 437 330 1289 2729 8867 5083
 ... : 436 329 1289 2729 8884 5225
 ... : 436 329 1289 2729 8906 5366
 ... : 436 329 1289 2729 8917 5533
 ... : 436 329 1289 2729 8928 5693
 ... : 436 329 1289 2729 8952 5804
 ... : 436 329 1289 2729 8971 5939
 ... : 436 329 1289 2729 8975 6124
 ... : 436 329 1289 2729 8990 6295
 ... : 436 329 1289 2729 9006 6459
 ... : 436 329 1289 2729 9017 6635
 ... : 436 329 1289 2729 9050 6750
 ... : 436 329 1289 2729 9054 6940
 ... : 436 329 1289 2729 9077 7075
 ... : 436 329 1289 2729 9100 7208
 ... : 436 329 1289 2729 9123 7336
 ... : 436 329 1289 2729 9144 7468
 ... : 436 329 1289 2729 9158 7626
 ... : 436 329 1289 2729 9178 7778
 ... : 436 329 1289 2729 9180 7973
 ... : 436 329 1289 2729 9180 8169
 ... : 436 329 1289 2729 9191 8340
 ... : 436 329 1289 2729 9218 8470
 ... : 436 329 1289 2730 9239 8623
 ... : 436 329 1289 2730 9247 8802
 ... : 436 329 1289 2730 9265 8945
 ... : 436 329 1289 2730 9272 9128
 ... : 436 329 1289 2730 9291 9243
 ... : 436 329 1289 2730 9312 9379
 ... : 436 329 1288 2730 9331 9524
 ... : 436 329 1288 2730 9360 9644
 ... : 436 329 1288 2730 9381 9771
 ... : 436 329 1288 2730 9399 9906
 ... : 436 329 1288 2730 9424 10044
 ... : 436 329 1288 2730 9453 10165
 ... : 436 329 1288 2730 9469 10310
 ... : 436 329 1288 2730 9488 10458
 ... : 436 329 1288 2730 9503 10619
 ... : 436 329 1288 2729 9501 10814
 ... : 436 329 1287 2729 9504 10973
 ... : 436 329 1287 2729 9517 11141
 ... : 436 329 1287 2729 9540 11280
 ... : 436 329 1287 2727 9555 11441
 ... : 436 329 1287 2727 9575 11594
 ... : 436 329 1287 2727 9583 11772
 ... : 436 329 1287 2727 9589 11947
 ... : 436 329 1287 2727 9600 12115
 ... : 436 329 1287 2727 9600 12270
 ... : 436 329 1287 2727 9604 12443
 ... : 436 329 1287 2727 9619 12612
 ... : 436 329 1287 2727 9637 12765
 ... : 436 329 1287 2712 9558 12930
 ... : 436 329 1287 2712 9575 13070
 ... : 436 329 1287 2712 9586 13238
 ... : 436 329 1287 2712 9599 13409
 ... : 436 329 1287 2712 9615 13565
 ... : 436 329 1287 2712 9629 13730
 ... : 436 329 1287 2711 9640 13851
 ... : 436 329 1287 2711 9657 14003
 ... : 436 329 1287 2711 9663 14185
 ... : 436 329 1287 2711 9675 14350
 ... : 436 329 1287 2711 9573 14526
 ... : 436 329 1287 2711 9593 14678
 ... : 436 329 1286 2709 9595 14856
 ... : 436 329 1286 2709 9595 15052
 ... : 436 329 1286 2709 9611 15215
 ... : 436 329 1286 2711 9642 15341
 ... : 436 329 1286 2711 9649 15516
 ... : 436 329 1286 2711 9663 15673
 ... : 436 329 1286 2711 9677 15828
 ... : 436 329 1286 2711 9690 15999
 ... : 436 329 1286 2711 9701 16172
 ... : 436 329 1282 2710 9711 16321
 ... : 436 329 1282 2710 9720 16493
 ... : 436 329 1282 2710 9730 16651
 ... : 436 329 1282 2710 9738 16830
 ... : 436 329 1282 2710 9743 17000
 ... : 436 329 1282 2710 9762 17145
 ... : 436 329 1282 2710 9766 17315
 ... : 436 329 1282 2710 9777 17464
 ... : 436 329 1282 2710 9786 17607
 ... : 436 329 1282 2710 9793 17783
 ... : 436 329 1282 2710 9805 17950
 ... : 436 329 1282 2710 9815 18108
 ... : 436 329 1282 2710 9819 18295
 ... : 436 329 1282 2710 9824 18424
 ... : 436 329 1282 2710 9838 18556
 ... : 436 329 1282 2710 9860 18699
 ... : 436 329 1282 2710 9868 18860
 ... : 436 329 1282 2710 9875 19039
 ... : 436 329 1282 2710 9888 19196
 ... : 436 329 1282 2710 9903 19357
 ... : 436 329 1282 2710 9913 19528
   7 : 436 321 1225 2624 9624 16888 2889
 ... : 436 321 1225 2624 9621 16873 3076
 ... : 436 321 1225 2624 9621 16881 3258
 ... : 436 321 1225 2624 9621 16900 3407
 ... : 436 321 1225 2624 9621 16913 3572
 ... : 436 321 1225 2624 9621 16925 3736
 ... : 436 321 1225 2624 9621 16932 3921
 ... : 436 321 1225 2624 9621 16932 4121
 ... : 436 321 1225 2624 9621 16939 4303
 ... : 436 321 1225 2624 9621 16952 4466
 ... : 436 321 1225 2624 9621 16971 4622
 ... : 436 321 1225 2624 9621 16975 4809
 ... : 436 321 1225 2624 9621 16979 4993
 ... : 436 321 1225 2624 9621 16982 5181
 ... : 436 321 1225 2624 9621 16989 5364
 ... : 436 321 1225 2624 9621 16991 5561
 ... : 436 321 1225 2624 9621 16994 5753
 ... : 436 321 1225 2624 9621 16997 5936
 ... : 436 321 1225 2624 9621 17007 6106
 ... : 436 321 1225 2624 9621 17033 6243
 ... : 436 321 1225 2624 9621 17051 6404
 ... : 436 321 1225 2624 9621 17065 6574
 ... : 436 321 1225 2624 9621 17077 6743
 ... : 436 321 1225 2624 9621 17088 6913
 ... : 436 321 1225 2624 9621 17098 7091
 ... : 436 321 1225 2624 9621 17107 7274
 ... : 436 321 1225 2624 9621 17110 7464
 ... : 436 321 1225 2624 9621 17116 7647
 ... : 436 321 1225 2624 9621 17126 7816
 ... : 436 321 1225 2624 9621 17132 8001
 ... : 436 321 1225 2624 9621 17132 8202
 ... : 436 321 1225 2624 9621 17141 8367
 ... : 436 321 1225 2624 9621 17150 8534
 ... : 436 321 1225 2624 9621 17154 8727
 ... : 436 321 1225 2624 9621 17173 8875
 ... : 436 321 1225 2624 9621 17187 9032
 ... : 436 321 1225 2623 9619 17182 9219
 ... : 436 321 1225 2623 9619 17184 9416
 ... : 436 321 1225 2623 9619 17189 9606
 ... : 436 321 1225 2623 9619 17190 9804
 ... : 436 321 1225 2623 9619 17190 10005
 ... : 436 321 1225 2623 9619 17192 10197
 ... : 436 321 1225 2623 9619 17194 10390
 ... : 436 321 1225 2623 9619 17194 10590
 ... : 436 321 1225 2623 9618 17196 10780
 ... : 436 321 1225 2623 9618 17198 10973
 ... : 436 321 1225 2623 9618 17206 11146
 ... : 436 321 1225 2623 9618 17210 11333
 ... : 436 321 1225 2623 9618 17212 11530
 ... : 436 321 1225 2623 9618 17212 11731
 ... : 436 321 1225 2623 9618 17212 11929
 ... : 436 321 1220 2615 9601 17211 12114
 ... : 436 321 1220 2609 9598 17207 12297
 ... : 436 321 1220 2609 9598 17212 12485
 ... : 436 321 1220 2609 9598 17218 12670
 ... : 436 321 1220 2609 9600 17222 12852
 ... : 436 321 1220 2610 9611 17250 12971
 ... : 436 321 1220 2610 9598 17226 13025
 ... : 436 321 1220 2610 9598 17236 13186
 ... : 436 321 1220 2610 9604 17268 13265
 ... : 436 321 1220 2610 9617 17303 13354
 ... : 436 321 1220 2610 9617 17325 13499
 ... : 436 321 1220 2610 9619 17338 13651
 ... : 436 321 1220 2610 9619 17352 13820
 ... : 436 321 1220 2610 9619 17382 13955
 ... : 436 321 1220 2610 9628 17427 14035
 ... : 436 321 1220 2610 9636 17461 14150
 ... : 436 321 1220 2610 9636 17492 14274
 ... : 436 321 1220 2610 9638 17505 14443
 ... : 436 321 1220 2610 9649 17547 14535
 ... : 436 321 1220 2610 9650 17578 14653
 ... : 436 321 1220 2611 9658 17621 14746
 ... : 436 321 1220 2612 9669 17659 14833
 ... : 436 321 1220 2612 9669 17678 14983
 ... : 436 321 1220 2612 9669 17684 15151
 ... : 436 321 1220 2612 9670 17697 15303
 ... : 436 321 1220 2612 9672 17717 15438
 ... : 436 321 1220 2612 9683 17760 15502
 ... : 436 321 1220 2612 9688 17810 15574
 ... : 436 321 1220 2612 9691 17844 15695
 ... : 436 321 1220 2612 9691 17865 15840
 ... : 436 321 1220 2612 9691 17865 16027
 ... : 436 321 1220 2612 9697 17896 16145
 ... : 436 321 1220 2612 9707 17929 16245
 ... : 436 321 1220 2612 9707 17940 16396
 ... : 436 321 1220 2612 9707 17956 16550
 ... : 436 321 1220 2612 9708 17988 16674
 ... : 436 321 1220 2612 9708 18020 16792
 ... : 436 321 1220 2612 9710 18034 16913
 ... : 436 321 1220 2612 9710 18036 17106
 ... : 436 321 1220 2612 9724 18066 17208
 ... : 436 321 1220 2612 9736 18101 17288
 ... : 436 321 1220 2612 9736 18103 17479
 ... : 436 321 1220 2612 9741 18126 17624
 ... : 436 321 1220 2612 9744 18170 17723
 ... : 436 321 1220 2612 9744 18181 17884
 ... : 436 321 1220 2612 9744 18181 18085
 ... : 436 321 1220 2612 9744 18181 18285
 ... : 436 321 1220 2612 9745 18218 18394
 ... : 436 321 1220 2614 9758 18263 18463
 ... : 436 321 1220 2616 9769 18319 18528
 ... : 436 321 1220 2617 9782 18365 18591
 ... : 436 321 1220 2618 9794 18414 18661
 ... : 436 321 1220 2618 9805 18464 18736
 ... : 436 321 1220 2618 9822 18514 18793
 ... : 436 321 1220 2618 9831 18551 18896
 ... : 436 321 1220 2619 9838 18589 19000
 ... : 436 321 1220 2619 9840 18608 19133
 ... : 436 321 1220 2619 9850 18646 19242
 ... : 436 321 1220 2619 9853 18663 19388
 ... : 436 321 1220 2619 9853 18670 19561
 ... : 436 321 1220 2619 9853 18671 19758
 ... : 436 321 1220 2619 9857 18701 19886
 ... : 436 321 1220 2619 9861 18728 20001
 ... : 436 321 1220 2619 9861 18730 20187
 ... : 436 321 1220 2619 9861 18732 20374
 ... : 436 321 1220 2620 9871 18755 20496
 ... : 436 321 1220 2620 9871 18754 20604
 ... : 436 321 1220 2620 9881 18784 20718
 ... : 436 321 1220 2620 9887 18817 20844
 ... : 436 321 1220 2620 9890 18838 20993
 ... : 436 321 1220 2620 9901 18888 21040
 ... : 436 321 1220 2621 9912 18920 21148
 ... : 436 321 1220 2621 9927 18974 21213
 ... : 436 321 1220 2621 9936 19004 21333
 ... : 436 321 1220 2621 9935 19009 21506
 ... : 436 321 1220 2621 9939 19027 21637
 ... : 436 321 1220 2621 9939 19037 21814
 ... : 436 321 1220 2621 9948 19081 21885
 ... : 436 321 1220 2621 9948 19116 22002
 ... : 436 321 1220 2621 9955 19146 22121
