initialized model with 160 latches, 30 inputs and 1 properties
tsim: performed 5 steps
tsim: found cycle from 3
checking bound 0
checking bound 1
checking bound 2
tdecomp: unrolling 2 cycles
tsim: performed 4 steps
tsim: found cycle from 2
tsim: found 1 constants and 0 latch equivalences
tdecomp: (160, 120) -> (159, 42)
 ... : 200
 ... : 401
 ... : 602
 ... : 803
 ... : 1004
 ... : 1205
   2 : 1199 153
 ... : 1195 330
 ... : 1192 531
 ... : 1191 729
 ... : 1196 914
 ... : 1195 1023
 ... : 1198 1208
 ... : 1209 1367
 ... : 1217 1521
 ... : 1224 1691
 ... : 1227 1871
 ... : 1234 2044
 ... : 1245 2170
 ... : 1257 2320
 ... : 1265 2483
 ... : 1277 2645
 ... : 1284 2821
 ... : 1291 3002
 ... : 1298 3126
 ... : 1309 3284
 ... : 1315 3455
 ... : 1321 3643
 ... : 1326 3823
 ... : 1330 4004
 ... : 1337 4172
 ... : 1342 4361
 ... : 1348 4544
 ... : 1351 4738
 ... : 1351 4936
   3 : 1213 4741 389
 ... : 1214 4714 551
 ... : 1211 4673 681
 ... : 1211 4695 820
 ... : 1212 4722 953
 ... : 1215 4747 1056
 ... : 1217 4770 1144
 ... : 1223 4822 1226
 ... : 1227 4826 1332
 ... : 1231 4859 1425
 ... : 1239 4864 1502
 ... : 1246 4910 1574
 ... : 1249 4945 1659
 ... : 1252 4983 1774
 ... : 1256 5008 1902
 ... : 1261 5049 1998
 ... : 1271 5091 2083
 ... : 1276 5124 2192
 ... : 1277 5159 2302
 ... : 1281 5203 2397
 ... : 1283 5250 2482
 ... : 1287 5298 2575
 ... : 1288 5331 2674
 ... : 1288 5363 2805
 ... : 1287 5394 2915
 ... : 1287 5432 3028
 ... : 1291 5471 3095
 ... : 1296 5501 3196
 ... : 1298 5532 3286
 ... : 1301 5565 3384
 ... : 1306 5608 3462
 ... : 1310 5646 3560
 ... : 1314 5691 3638
 ... : 1317 5747 3706
 ... : 1317 5782 3782
 ... : 1318 5827 3875
 ... : 1320 5857 3943
 ... : 1328 5881 4009
 ... : 1336 5937 4081
 ... : 1340 5982 4161
 ... : 1341 6018 4256
 ... : 1343 6059 4348
 ... : 1349 6108 4419
 ... : 1356 6153 4501
 ... : 1360 6201 4574
 ... : 1359 6241 4665
 ... : 1357 6265 4748
 ... : 1362 6307 4836
 ... : 1364 6341 4950
 ... : 1364 6370 5078
 ... : 1366 6393 5211
 ... : 1367 6434 5316
 ... : 1367 6469 5434
 ... : 1367 6508 5543
 ... : 1368 6546 5654
 ... : 1368 6578 5774
 ... : 1371 6608 5901
 ... : 1372 6635 6020
 ... : 1373 6662 6156
 ... : 1373 6685 6296
 ... : 1373 6715 6416
 ... : 1373 6743 6547
 ... : 1372 6761 6692
 ... : 1372 6783 6835
 ... : 1373 6807 6981
 ... : 1373 6817 7159
 ... : 1373 6831 7316
 ... : 1373 6858 7444
 ... : 1373 6898 7553
 ... : 1373 6942 7660
 ... : 1373 6980 7767
 ... : 1373 7014 7896
 ... : 1372 7042 8010
 ... : 1372 7067 8156
 ... : 1374 7097 8247
 ... : 1378 7142 8350
 ... : 1379 7181 8456
 ... : 1379 7197 8572
 ... : 1379 7215 8732
 ... : 1379 7248 8860
 ... : 1379 7289 8974
 ... : 1379 7319 9102
 ... : 1379 7358 9222
 ... : 1379 7385 9361
 ... : 1379 7405 9511
 ... : 1380 7427 9653
 ... : 1380 7449 9806
 ... : 1380 7477 9923
 ... : 1380 7514 10037
 ... : 1381 7536 10187
 ... : 1381 7563 10325
 ... : 1380 7587 10473
 ... : 1380 7612 10616
 ... : 1380 7647 10740
 ... : 1381 7675 10877
 ... : 1382 7694 11032
 ... : 1382 7718 11178
 ... : 1385 7742 11323
 ... : 1385 7766 11469
 ... : 1384 7801 11591
 ... : 1383 7822 11711
 ... : 1383 7842 11859
 ... : 1383 7862 12012
 ... : 1384 7893 12143
 ... : 1389 7932 12252
 ... : 1390 7953 12377
 ... : 1392 7982 12501
 ... : 1390 8016 12587
 ... : 1391 8046 12708
 ... : 1391 8062 12850
 ... : 1391 8084 12994
 ... : 1390 8104 13146
 ... : 1393 8130 13255
 ... : 1393 8166 13360
 ... : 1394 8198 13481
 ... : 1396 8233 13600
 ... : 1397 8254 13736
 ... : 1396 8278 13870
 ... : 1396 8304 14010
 ... : 1396 8345 14105
 ... : 1397 8381 14211
 ... : 1398 8409 14346
 ... : 1398 8439 14483
 ... : 1398 8464 14627
 ... : 1398 8494 14759
 ... : 1398 8516 14912
 ... : 1398 8529 15086
 ... : 1398 8555 15227
 ... : 1398 8584 15370
 ... : 1400 8611 15514
 ... : 1399 8603 15612
 ... : 1398 8623 15736
 ... : 1398 8638 15906
 ... : 1398 8662 16054
 ... : 1400 8686 16197
 ... : 1405 8712 16335
 ... : 1405 8752 16447
 ... : 1406 8772 16601
 ... : 1408 8791 16658
 ... : 1410 8822 16785
 ... : 1413 8853 16876
 ... : 1416 8879 16987
 ... : 1417 8917 17110
 ... : 1418 8956 17230
 ... : 1418 8988 17346
 ... : 1418 9017 17484
 ... : 1418 9063 17586
 ... : 1417 9097 17709
 ... : 1418 9122 17840
 ... : 1419 9141 17964
 ... : 1420 9178 18080
 ... : 1420 9208 18211
 ... : 1419 9235 18316
 ... : 1419 9271 18434
 ... : 1421 9314 18536
 ... : 1422 9352 18659
 ... : 1422 9370 18815
 ... : 1422 9399 18946
 ... : 1423 9428 19079
 ... : 1423 9468 19190
 ... : 1423 9491 19332
 ... : 1426 9525 19446
 ... : 1426 9552 19578
 ... : 1426 9573 19733
 ... : 1427 9603 19860
 ... : 1428 9644 19965
 ... : 1427 9667 20108
 ... : 1427 9690 20197
 ... : 1430 9716 20341
 ... : 1430 9742 20459
 ... : 1431 9768 20593
 ... : 1432 9794 20720
 ... : 1435 9824 20852
 ... : 1436 9845 20999
 ... : 1439 9878 21125
 ... : 1441 9896 21274
 ... : 1442 9924 21418
 ... : 1444 9958 21540
 ... : 1446 9981 21690
 ... : 1448 10010 21791
 ... : 1448 10032 21941
 ... : 1449 10054 22089
 ... : 1450 10091 22198
 ... : 1453 10140 22296
 ... : 1453 10165 22438
 ... : 1453 10183 22590
 ... : 1453 10212 22730
 ... : 1453 10240 22866
 ... : 1453 10252 23038
 ... : 1453 10271 23191
 ... : 1453 10307 23308
 ... : 1455 10331 23399
 ... : 1455 10357 23531
 ... : 1456 10385 23646
 ... : 1456 10408 23790
 ... : 1456 10434 23934
 ... : 1456 10461 24062
 ... : 1460 10491 24187
 ... : 1461 10518 24321
 ... : 1462 10542 24468
 ... : 1463 10570 24610
 ... : 1464 10590 24761
 ... : 1466 10615 24901
 ... : 1466 10639 25044
 ... : 1466 10654 25209
 ... : 1467 10690 25324
 ... : 1467 10708 25486
 ... : 1467 10731 25634
 ... : 1467 10753 25770
 ... : 1469 10778 25894
 ... : 1469 10797 26025
 ... : 1469 10816 26174
 ... : 1469 10852 26291
 ... : 1469 10869 26458
 ... : 1470 10886 26614
 ... : 1470 10919 26743
 ... : 1472 10954 26865
 ... : 1472 10980 27011
 ... : 1472 11006 27148
 ... : 1472 11042 27265
 ... : 1473 11074 27386
 ... : 1473 11105 27515
 ... : 1474 11132 27649
 ... : 1474 11151 27794
 ... : 1474 11170 27949
 ... : 1476 11207 28067
 ... : 1476 11227 28208
 ... : 1477 11247 28349
 ... : 1481 11287 28455
 ... : 1483 11323 28570
 ... : 1483 11348 28697
 ... : 1484 11371 28843
 ... : 1484 11397 28977
 ... : 1484 11429 29109
 ... : 1484 11457 29251
 ... : 1483 11480 29392
 ... : 1483 11512 29524
 ... : 1483 11541 29651
 ... : 1483 11563 29797
 ... : 1483 11580 29960
 ... : 1484 11599 30122
 ... : 1485 11628 30260
 ... : 1485 11656 30399
 ... : 1486 11671 30566
 ... : 1486 11685 30725
 ... : 1486 11712 30865
 ... : 1487 11740 31000
 ... : 1487 11771 31132
 ... : 1487 11803 31266
 ... : 1487 11824 31419
 ... : 1487 11848 31571
 ... : 1487 11887 31686
 ... : 1487 11910 31839
 ... : 1487 11926 32004
 ... : 1487 11946 32149
 ... : 1487 11966 32299
 ... : 1488 11992 32445
 ... : 1489 12013 32593
 ... : 1493 12043 32721
 ... : 1493 12064 32876
 ... : 1493 12098 32999
 ... : 1496 12134 33115
 ... : 1496 12154 33267
 ... : 1499 12177 33413
 ... : 1500 12202 33556
 ... : 1501 12229 33697
 ... : 1501 12264 33825
 ... : 1501 12299 33954
 ... : 1501 12327 34094
 ... : 1502 12350 34247
 ... : 1502 12373 34397
 ... : 1502 12396 34549
 ... : 1502 12429 34674
 ... : 1503 12452 34799
 ... : 1503 12471 34950
 ... : 1503 12485 35121
 ... : 1503 12510 35268
 ... : 1503 12532 35415
 ... : 1503 12558 35560
 ... : 1503 12587 35700
 ... : 1505 12612 35846
 ... : 1505 12633 35999
 ... : 1505 12644 36178
 ... : 1505 12653 36358
 ... : 1505 12676 36506
 ... : 1505 12713 36624
 ... : 1505 12741 36754
 ... : 1505 12771 36871
 ... : 1506 12794 37020
 ... : 1506 12815 37176
 ... : 1506 12838 37328
 ... : 1506 12852 37498
 ... : 1506 12874 37645
 ... : 1507 12901 37788
 ... : 1508 12936 37910
 ... : 1511 12963 38051
 ... : 1511 12987 38201
 ... : 1511 13002 38369
 ... : 1511 13024 38514
 ... : 1511 13050 38657
 ... : 1511 13064 38822
 ... : 1511 13089 38966
 ... : 1511 13099 39145
 ... : 1511 13129 39281
 ... : 1512 13156 39415
 ... : 1512 13183 39554
 ... : 1512 13195 39727
 ... : 1512 13209 39895
 ... : 1512 13234 40028
 ... : 1512 13254 40185
 ... : 1512 13281 40324
 ... : 1512 13304 40474
 ... : 1512 13323 40637
 ... : 1512 13344 40795
 ... : 1512 13368 40941
 ... : 1512 13388 41064
 ... : 1512 13413 41211
 ... : 1512 13432 41368
 ... : 1512 13458 41506
 ... : 1512 13474 41669
 ... : 1512 13484 41848
 ... : 1513 13503 42007
 ... : 1514 13519 42164
 ... : 1514 13535 42330
 ... : 1514 13561 42473
 ... : 1514 13577 42639
 ... : 1514 13596 42800
 ... : 1514 13607 42977
 ... : 1515 13634 43086
 ... : 1516 13649 43247
 ... : 1516 13672 43390
 ... : 1516 13686 43557
 ... : 1516 13704 43719
 ... : 1520 13729 43865
 ... : 1520 13748 44023
 ... : 1520 13769 44176
 ... : 1521 13789 44336
 ... : 1523 13804 44474
 ... : 1523 13820 44636
 ... : 1523 13843 44785
 ... : 1524 13861 44945
 ... : 1524 13880 45099
 ... : 1525 13903 45251
 ... : 1525 13922 45414
 ... : 1525 13936 45587
 ... : 1525 13956 45738
 ... : 1526 13980 45890
 ... : 1526 13997 46049
 ... : 1527 14011 46215
 ... : 1527 14025 46386
 ... : 1527 14044 46542
