initialized model with 698 latches, 65 inputs and 1 properties
tsim: performed 61 steps
tsim: found cycle from 56
checking bound 0
checking bound 1
checking bound 2
tdecomp: unrolling 2 cycles
tsim: performed 59 steps
tsim: found cycle from 54
tsim: found 2 constants and 0 latch equivalences
tdecomp: (698, 260) -> (696, 184)
   2 : 15 98
   3 : 14 5 100
   4 : 9 4 6 116
   5 : 8 4 6 7 114
 ... : 8 5 13 14 145
 ... : 8 5 14 20 162
 ... : 10 5 15 38 180
   6 : 7 4 13 18 56 200
   7 : 6 4 13 18 47 68 241
 ... : 5 4 13 18 43 80 355
   8 : 5 4 13 18 36 64 38 325
   9 : 4 5 11 17 38 76 41 33 351
 ... : 4 5 11 17 38 78 51 49 432
 ... : 4 5 11 17 38 77 59 62 468
  10 : 4 5 11 17 38 74 52 52 81 398
 ... : 4 5 11 17 38 74 54 49 97 514
  11 : 4 5 11 17 37 63 43 43 74 82 478
  12 : 4 5 11 17 37 63 43 45 74 59 64 506
 ... : 4 5 11 17 37 63 43 49 76 62 71 633
 ... : 4 5 11 17 37 62 42 52 81 74 91 687
 ... : 4 5 11 17 37 65 44 53 85 82 99 721
 ... : 4 5 11 17 37 65 46 59 99 97 113 748
 ... : 4 5 11 17 37 65 46 59 97 97 122 789
  13 : 4 5 11 17 34 59 39 43 72 69 72 119 726
 ... : 4 5 11 17 34 59 39 43 71 67 77 136 812
 ... : 4 5 11 17 34 59 39 40 65 66 71 147 866
 ... : 4 5 11 17 33 58 39 46 69 71 78 157 884
 ... : 3 5 10 17 34 60 41 47 70 72 84 168 920
 ... : 3 5 10 17 33 60 41 47 70 74 89 183 975
 ... : 3 5 10 17 33 60 41 47 70 79 95 201 1022
  14 : 3 5 10 16 30 32 50 49 70 61 76 152 338 769
 ... : 3 5 10 16 30 32 50 49 70 61 76 151 339 916
  15 : 3 5 10 16 30 32 50 49 70 61 76 138 268 291 744
 ... : 3 5 10 16 30 32 50 49 70 61 76 138 268 293 923
 ... : 3 5 10 16 30 32 50 49 70 61 76 138 268 297 1009
 ... : 3 5 10 16 30 32 50 49 70 61 76 138 268 303 1088
  16 : 3 5 10 16 30 32 50 49 70 61 75 136 250 240 298 824
 ... : 3 5 10 16 30 32 50 49 70 61 75 136 250 235 279 917
 ... : 3 5 10 16 30 32 50 49 70 61 75 136 248 239 302 991
 ... : 3 5 10 16 30 32 50 49 70 61 75 136 248 241 321 1086
  17 : 3 5 10 16 30 32 50 49 70 58 72 116 229 185 215 298 918
 ... : 3 5 10 16 30 32 50 49 70 58 72 116 229 185 217 303 1085
 ... : 3 5 10 16 30 32 50 49 70 58 72 118 233 190 226 321 1146
 ... : 3 5 10 16 30 32 50 49 70 58 72 118 233 190 227 314 1235
 ... : 3 5 10 16 30 32 50 49 70 58 72 118 233 191 244 346 1286
 ... : 3 5 10 16 30 32 50 49 70 58 72 118 233 195 260 377 1339
 ... : 3 5 10 16 30 32 50 49 70 58 72 118 233 197 271 411 1384
 ... : 3 5 10 16 30 32 50 49 70 58 72 118 233 198 294 442 1442
 ... : 3 5 10 16 30 32 50 49 70 58 72 118 233 197 300 465 1495
 ... : 3 5 10 16 30 32 50 49 70 58 72 118 233 198 305 486 1597
 ... : 3 5 10 16 30 32 50 50 74 61 76 122 238 203 313 500 1640
 ... : 3 5 10 16 30 32 50 50 74 61 76 122 240 207 314 507 1679
 ... : 3 5 10 16 30 32 50 50 74 61 76 122 240 211 320 533 1731
 ... : 3 5 10 16 30 32 50 50 74 61 77 125 242 212 323 549 1793
  18 : 2 4 8 12 29 30 47 42 74 61 74 118 232 191 283 416 686 1181
 ... : 2 4 8 12 29 30 47 42 74 61 74 118 232 191 283 416 698 1302
 ... : 2 4 8 12 29 30 47 42 74 61 74 118 232 191 283 409 712 1393
 ... : 2 4 8 12 29 30 47 42 74 61 74 118 232 191 283 408 719 1524
 ... : 2 4 8 12 29 30 47 42 74 61 74 118 232 191 283 406 735 1616
 ... : 2 4 8 12 29 30 47 42 74 61 74 118 232 191 283 406 751 1685
  19 : 2 4 8 12 29 30 47 42 74 61 73 115 229 180 260 368 646 529 1262
 ... : 2 4 8 12 29 30 47 42 74 61 73 115 229 180 260 371 655 542 1364
 ... : 2 4 8 12 29 30 47 42 74 61 73 115 230 181 262 374 675 561 1415
 ... : 2 4 8 12 29 30 47 42 74 61 73 115 230 181 262 373 674 567 1509
 ... : 2 4 8 12 29 30 47 42 74 61 73 117 233 187 267 374 681 577 1571
 ... : 2 4 8 12 29 30 47 42 74 61 73 117 233 187 267 375 689 598 1629
 ... : 2 4 8 12 29 30 47 42 74 61 73 117 233 187 267 373 687 608 1704
 ... : 2 4 8 12 29 30 47 42 74 61 73 117 233 187 267 374 675 627 1779
 ... : 2 4 8 12 29 30 47 42 74 61 73 117 233 187 267 373 671 643 1864
 ... : 2 4 8 12 29 30 47 42 74 61 73 117 233 187 267 373 670 656 1952
 ... : 2 4 8 12 29 30 47 42 74 61 73 117 233 187 267 373 670 680 2018
 ... : 2 4 8 12 29 30 47 42 74 61 73 117 233 187 265 369 663 694 2098
 ... : 2 4 8 12 29 30 47 42 74 61 73 117 234 188 268 370 661 690 2124
  20 : 2 4 8 12 29 30 47 42 74 61 72 111 224 178 250 331 556 580 726 1520
 ... : 2 4 8 12 29 30 47 42 74 61 72 111 224 178 250 331 556 580 730 1670
 ... : 2 4 8 12 29 30 47 42 74 61 72 111 224 178 250 331 556 580 730 1797
 ... : 2 4 8 12 29 30 47 42 74 61 72 111 224 178 250 331 555 581 747 1910
 ... : 2 4 8 12 29 30 47 42 74 61 72 111 224 179 252 333 557 582 776 1978
 ... : 2 4 8 12 29 30 47 42 74 61 72 111 224 179 252 333 559 598 812 2013
 ... : 2 4 8 12 29 30 47 42 74 60 71 110 224 179 253 334 560 598 825 2039
 ... : 2 4 8 11 29 30 47 42 74 60 71 110 224 179 253 334 560 601 833 2127
 ... : 2 4 8 11 29 30 47 42 74 60 71 110 224 179 253 334 559 602 853 2229
 ... : 2 4 8 11 29 30 47 42 74 60 71 110 224 179 253 334 559 601 869 2301
  21 : 2 4 8 10 28 30 47 42 74 60 70 110 223 179 249 332 523 543 692 997 1528
 ... : 2 4 8 10 28 30 47 42 74 60 70 110 223 179 249 332 523 543 692 1000 1712
 ... : 2 4 8 10 28 30 47 42 74 60 70 110 223 179 249 332 523 543 694 1023 1787
 ... : 2 4 8 10 28 30 47 42 74 60 70 110 223 179 249 332 523 543 693 1026 1908
 ... : 2 4 8 10 28 30 47 42 74 60 70 110 223 179 249 332 523 543 691 1027 2060
 ... : 2 4 8 10 28 30 47 42 74 60 70 110 223 179 249 332 518 541 701 1061 2132
 ... : 2 4 8 10 28 30 47 42 74 60 70 110 223 179 249 332 518 540 713 1084 2192
 ... : 2 4 8 10 28 30 47 42 74 60 70 110 223 179 249 332 518 540 723 1108 2291
 ... : 2 4 8 10 28 30 47 42 74 60 70 110 223 179 249 332 517 536 714 1121 2369
 ... : 2 4 8 10 28 30 47 42 74 60 70 110 223 179 249 332 517 537 718 1133 2474
 ... : 2 4 8 10 28 30 47 42 74 60 70 110 223 179 249 332 517 542 737 1170 2529
 ... : 2 4 8 10 28 30 47 42 74 60 70 110 223 179 249 332 517 542 739 1178 2622
 ... : 2 4 8 10 28 30 47 42 74 60 70 110 223 179 249 332 517 542 746 1190 2695
 ... : 2 4 8 10 28 30 47 42 74 60 70 110 223 179 249 332 517 543 758 1216 2745
 ... : 2 4 8 10 28 30 47 42 74 60 70 110 223 179 249 332 517 548 786 1266 2773
 ... : 2 4 8 10 28 30 47 42 74 60 70 110 223 179 249 332 516 553 804 1293 2834
 ... : 2 4 8 10 28 30 47 42 74 60 70 110 223 179 248 332 516 555 818 1323 2871
 ... : 2 4 8 10 28 30 47 42 74 60 70 110 223 179 248 332 516 558 828 1344 2903
 ... : 2 4 8 10 28 30 47 42 74 60 70 110 223 179 248 332 516 563 838 1362 2940
 ... : 2 4 8 10 28 30 47 42 74 60 70 110 223 179 248 332 516 564 842 1373 3014
 ... : 2 4 8 10 28 30 47 42 74 60 70 110 223 179 248 332 516 564 845 1387 3060
 ... : 2 4 8 10 28 30 47 42 74 60 70 110 223 179 248 332 516 564 852 1405 3107
 ... : 2 4 8 10 28 30 47 42 74 60 70 110 223 179 248 332 516 565 854 1434 3153
 ... : 2 4 8 10 28 30 47 42 74 60 70 110 223 179 248 332 516 565 862 1447 3210
 ... : 2 4 8 10 28 30 47 42 74 60 70 110 223 179 248 332 516 565 860 1464 3272
 ... : 2 4 8 10 28 30 47 42 74 60 70 110 223 180 248 333 517 566 866 1467 3292
 ... : 2 4 8 10 28 30 47 42 74 60 70 110 223 181 248 336 524 571 874 1474 3328
 ... : 2 4 8 10 28 30 47 42 71 64 71 114 226 188 254 346 530 573 879 1479 3351
 ... : 2 4 8 10 28 30 47 42 71 64 72 116 228 189 257 349 537 584 889 1491 3372
 ... : 2 4 8 10 29 31 54 45 74 67 74 118 230 190 258 349 539 585 894 1496 3392
 ... : 2 3 7 10 30 34 56 53 76 67 76 120 234 195 262 351 541 587 897 1498 3403
 ... : 2 3 6 7 28 32 58 55 81 68 78 130 243 210 270 353 542 588 898 1498 3403
 ... : 2 3 6 7 28 32 59 57 86 75 85 136 248 212 272 356 547 593 904 1507 3414
 ... : 2 3 6 7 28 32 61 59 91 80 90 141 255 218 277 360 550 597 911 1514 3426
 ... : 2 3 6 7 28 32 68 65 99 84 94 146 261 224 281 364 554 600 915 1518 3435
 ... : 2 3 6 7 28 32 74 66 102 94 99 149 265 232 289 368 557 603 919 1523 3449
 ... : 2 3 6 7 28 32 74 66 102 94 99 149 265 232 289 368 557 603 919 1538 3514
 ... : 2 3 6 7 28 32 74 66 102 94 99 149 265 232 289 368 557 603 922 1567 3576
 ... : 2 3 6 7 28 32 74 66 102 94 99 149 265 231 288 370 558 615 938 1595 3624
 ... : 2 3 6 7 28 32 74 66 102 94 99 149 265 231 288 370 558 616 949 1631 3698
 ... : 2 3 6 7 28 32 74 66 102 94 99 149 265 231 288 369 560 620 965 1667 3762
 ... : 2 3 6 7 28 32 74 66 102 94 99 149 265 231 288 369 560 621 975 1686 3824
 ... : 2 3 6 7 28 32 74 66 102 94 99 149 265 231 288 369 560 621 982 1715 3920
 ... : 2 3 6 7 28 32 74 66 102 94 99 149 265 231 288 369 560 628 998 1746 3965
 ... : 2 3 6 7 28 32 74 66 102 94 99 149 265 231 288 369 560 636 1013 1778 4019
 ... : 2 3 6 7 28 32 74 66 102 94 99 149 265 231 288 369 560 644 1027 1798 4078
 ... : 2 3 6 7 28 32 74 66 102 94 99 149 265 231 288 370 562 653 1047 1822 4125
 ... : 2 3 6 7 28 32 74 66 102 94 99 149 265 231 289 373 566 666 1059 1844 4155
 ... : 2 3 6 7 28 32 74 66 102 94 99 149 265 231 289 374 566 671 1069 1858 4135
 ... : 2 3 6 7 28 32 74 66 102 94 99 149 265 231 289 374 566 671 1075 1874 4205
 ... : 2 3 6 7 28 32 74 66 102 94 99 149 265 231 289 374 566 671 1085 1906 4270
 ... : 2 3 6 7 28 32 74 66 102 94 99 149 265 231 289 374 566 672 1089 1928 4316
 ... : 2 3 6 7 28 32 74 66 102 94 99 149 265 231 289 375 566 673 1093 1939 4376
 ... : 2 3 6 7 28 32 74 66 102 94 99 149 265 231 289 375 566 673 1095 1939 4413
 ... : 2 3 6 7 28 32 74 66 102 94 99 149 265 231 289 375 566 673 1095 1950 4465
 ... : 2 3 6 7 28 32 74 66 102 94 99 149 265 231 289 375 570 679 1104 1972 4505
 ... : 2 3 6 7 28 32 74 66 102 94 99 149 265 231 289 375 574 689 1116 1995 4548
 ... : 2 3 6 7 28 32 74 66 102 94 99 149 265 231 289 376 575 692 1118 2020 4600
 ... : 2 3 6 7 28 32 74 66 102 94 99 149 265 231 291 377 580 696 1124 2048 4639
 ... : 2 3 6 7 28 32 74 66 102 94 99 150 267 233 296 384 587 704 1135 2065 4669
 ... : 2 3 6 7 28 32 74 66 102 94 99 150 267 233 296 384 587 704 1135 2074 4756
 ... : 2 3 6 7 28 32 74 66 102 94 99 150 267 233 296 384 587 704 1136 2087 4825
 ... : 2 3 6 7 28 32 74 66 102 94 99 150 267 233 297 387 588 711 1147 2113 4864
 ... : 2 3 6 7 28 32 74 66 102 94 99 149 266 235 299 390 592 718 1160 2130 4920
 ... : 2 3 6 7 28 32 74 66 102 94 99 149 266 235 299 390 592 722 1175 2153 4977
 ... : 2 3 6 7 28 32 74 66 102 94 99 149 266 235 300 394 599 732 1194 2173 5000
 ... : 2 3 6 7 28 32 74 66 102 94 99 149 266 235 300 395 602 738 1199 2188 5052
 ... : 2 3 6 7 28 32 74 66 102 94 99 149 266 235 300 398 613 754 1213 2214 5090
 ... : 2 3 6 7 28 32 74 66 102 94 99 149 266 235 300 398 613 754 1214 2239 5160
 ... : 2 3 6 7 28 32 74 66 102 94 99 149 266 235 300 398 613 754 1212 2269 5238
 ... : 2 3 6 7 28 32 74 66 102 94 99 149 266 235 300 398 613 754 1219 2317 5305
 ... : 2 3 6 7 28 32 74 66 102 94 99 149 266 235 300 398 613 757 1231 2345 5350
 ... : 2 3 6 7 28 32 74 66 102 94 99 149 266 235 300 398 612 758 1240 2376 5410
 ... : 2 3 6 7 28 32 74 66 102 94 99 149 266 235 300 396 611 766 1255 2412 5452
 ... : 2 3 6 7 28 32 74 66 102 94 99 149 266 235 300 395 612 772 1275 2436 5499
 ... : 2 3 6 7 28 32 74 66 102 94 99 149 266 235 300 395 608 765 1289 2457 5544
 ... : 2 3 6 7 28 32 74 66 102 94 99 149 266 235 300 395 612 775 1307 2474 5582
 ... : 2 3 6 7 28 32 74 66 102 94 99 149 266 235 300 395 614 785 1320 2495 5599
  22 : 2 3 6 7 27 29 36 49 119 100 90 135 245 211 276 378 548 680 1045 1632 2724 3660
 ... : 2 3 6 7 27 29 36 49 119 100 90 135 245 211 276 378 548 680 1045 1631 2727 3844
 ... : 2 3 6 7 27 29 36 49 119 100 90 135 245 211 276 378 548 680 1045 1633 2739 3960
 ... : 2 3 6 7 27 29 36 49 119 100 90 135 245 211 276 378 548 682 1047 1640 2752 4033
 ... : 2 3 6 7 27 29 36 49 119 100 90 135 245 211 276 378 548 682 1049 1648 2762 4104
 ... : 2 3 6 7 27 29 36 49 119 100 90 135 245 211 276 378 548 682 1051 1660 2788 4145
 ... : 2 3 6 7 27 29 36 49 119 100 90 135 245 211 276 378 548 682 1051 1662 2800 4227
 ... : 2 3 6 7 27 29 36 49 119 100 90 135 245 211 276 378 548 682 1051 1663 2810 4345
 ... : 2 3 6 7 27 29 36 49 119 100 90 135 245 211 276 378 548 682 1051 1664 2826 4480
 ... : 2 3 6 7 27 29 36 49 119 100 90 135 245 211 276 378 548 682 1050 1663 2836 4573
 ... : 2 3 6 7 27 29 36 49 119 100 90 135 245 211 276 378 548 682 1053 1688 2868 4608
 ... : 2 3 6 7 27 29 36 49 119 100 90 135 245 211 276 378 548 682 1054 1697 2906 4678
 ... : 2 3 6 7 27 29 36 49 119 100 90 135 245 211 276 378 548 682 1054 1698 2944 4754
 ... : 2 3 6 7 27 29 36 49 119 100 89 135 244 210 276 377 548 678 1057 1702 2929 4747
 ... : 2 3 6 7 27 29 36 49 119 100 89 135 244 210 276 377 548 678 1057 1716 2969 4796
 ... : 2 3 6 7 27 29 36 49 119 100 89 135 244 210 276 377 548 677 1056 1718 2999 4869
 ... : 2 3 6 7 27 29 36 49 119 100 89 135 244 210 276 377 548 677 1060 1727 3017 4913
 ... : 2 3 6 7 27 29 36 49 119 100 89 135 244 210 276 377 548 676 1059 1730 3040 4963
 ... : 2 3 6 7 27 29 36 49 119 100 89 135 244 210 276 377 548 675 1059 1731 3062 5010
 ... : 2 3 6 7 27 29 36 49 119 100 89 135 244 210 276 376 549 676 1068 1744 3077 5038
 ... : 2 3 6 7 27 29 36 49 119 100 89 135 244 210 276 376 549 676 1068 1745 3090 5127
 ... : 2 3 6 7 27 29 36 49 119 100 89 135 244 210 276 376 549 675 1067 1749 3101 5191
 ... : 2 3 6 7 27 29 36 49 119 100 89 135 244 210 276 376 549 675 1070 1750 3117 5256
 ... : 2 3 6 7 27 29 36 49 119 100 89 135 243 209 276 377 551 679 1078 1757 3128 5312
 ... : 2 3 6 7 27 29 36 49 119 100 89 135 242 209 274 372 544 670 1071 1751 3126 5371
 ... : 2 3 6 7 27 29 36 49 119 100 89 135 242 209 274 372 544 669 1069 1746 3137 5460
 ... : 2 3 6 7 27 29 36 49 119 100 89 135 242 209 274 373 544 671 1073 1746 3137 5480
 ... : 2 3 6 7 27 29 36 49 119 100 89 135 242 209 274 375 546 673 1075 1752 3157 5524
 ... : 2 3 6 7 27 29 36 49 119 100 89 135 242 209 276 377 549 675 1078 1757 3165 5568
 ... : 2 3 6 7 27 29 36 49 119 100 89 135 242 209 277 379 552 679 1083 1765 3170 5587
 ... : 2 3 6 7 27 29 36 49 119 100 89 135 242 209 278 380 553 682 1082 1769 3179 5610
 ... : 2 3 6 7 27 29 36 49 119 100 89 135 242 209 278 380 553 682 1081 1776 3219 5662
 ... : 2 3 6 7 27 29 36 49 119 100 89 135 242 209 278 380 553 682 1090 1800 3250 5681
 ... : 2 3 6 7 27 29 36 49 119 100 89 135 242 209 278 380 553 682 1094 1830 3273 5700
 ... : 2 3 6 7 27 29 36 49 119 100 89 135 242 209 278 380 553 682 1096 1860 3312 5733
 ... : 2 3 6 7 27 29 36 49 119 100 89 135 242 209 278 380 553 682 1097 1880 3343 5777
 ... : 2 3 6 7 27 29 36 49 119 100 89 135 242 209 278 380 553 686 1101 1889 3363 5824
 ... : 2 3 6 7 27 29 36 49 119 100 89 135 242 209 278 381 554 685 1103 1892 3385 5869
 ... : 2 3 6 7 27 29 36 49 119 100 89 135 242 209 278 381 554 685 1103 1893 3402 5965
 ... : 2 3 6 7 27 29 36 49 119 100 89 135 242 209 278 381 554 685 1101 1887 3404 6034
 ... : 2 3 6 7 27 29 36 49 119 100 89 135 242 209 278 380 554 687 1104 1898 3422 6081
 ... : 2 3 6 7 27 29 36 49 119 100 89 135 242 209 278 380 555 690 1115 1908 3443 6127
 ... : 2 3 6 7 27 29 36 49 119 100 89 135 242 209 278 380 558 697 1124 1927 3469 6161
 ... : 2 3 6 7 27 29 36 49 119 100 89 135 242 209 278 380 558 697 1125 1938 3495 6205
 ... : 2 3 6 7 27 29 36 49 118 100 89 135 242 209 278 380 558 697 1127 1953 3528 6238
 ... : 2 3 6 7 27 29 36 49 118 100 89 135 242 209 278 380 560 708 1145 1985 3556 6255
 ... : 2 3 6 7 27 29 36 49 118 100 89 135 242 209 278 380 563 713 1155 1998 3582 6286
 ... : 2 3 6 7 27 29 36 49 118 100 89 135 242 209 278 380 562 715 1159 2002 3594 6328
 ... : 2 3 6 7 27 29 36 49 118 100 89 135 242 209 279 384 570 733 1192 2027 3596 6314
 ... : 2 3 6 7 27 29 36 49 118 100 89 135 242 209 279 384 570 733 1193 2039 3612 6375
 ... : 2 3 6 7 27 29 36 49 118 100 89 135 242 209 279 384 570 733 1195 2054 3635 6431
 ... : 2 3 6 7 27 29 36 49 118 100 89 135 242 209 279 384 570 733 1195 2062 3665 6483
 ... : 2 3 6 7 27 29 36 49 118 100 89 135 242 209 279 384 570 733 1200 2069 3679 6529
 ... : 2 3 6 7 27 29 36 49 118 100 89 135 242 209 279 384 570 733 1201 2071 3687 6628
  23 : 2 3 6 7 27 29 36 49 118 97 82 133 233 196 250 337 495 596 915 1480 2661 2785 4700
 ... : 2 3 6 7 27 29 36 49 118 97 82 133 233 196 250 337 495 596 915 1480 2663 2789 4880
 ... : 2 3 6 7 27 29 36 49 118 97 82 133 233 196 250 337 495 596 916 1486 2675 2813 4944
 ... : 2 3 6 7 27 29 36 49 118 97 82 133 233 196 250 337 495 596 915 1480 2653 2810 5060
 ... : 2 3 6 7 27 29 36 49 118 97 82 133 233 196 250 337 495 596 915 1480 2659 2833 5100
 ... : 2 3 6 7 27 29 36 49 118 97 82 133 233 196 250 337 495 596 915 1479 2657 2834 5126
 ... : 2 3 6 7 27 29 36 49 118 97 82 133 233 196 250 337 495 596 914 1475 2665 2849 5204
 ... : 2 3 6 7 27 29 36 49 118 97 82 133 233 196 250 337 495 596 914 1476 2667 2863 5293
 ... : 2 3 6 7 27 29 36 49 118 97 82 133 233 196 250 337 495 593 900 1460 2646 2868 5310
 ... : 2 3 6 7 27 29 36 49 118 97 82 133 233 196 250 337 495 593 900 1461 2650 2899 5359
 ... : 2 3 6 7 27 29 36 49 118 97 82 133 233 196 250 337 495 593 900 1461 2650 2910 5460
 ... : 2 3 6 7 27 29 36 49 118 97 82 133 233 196 250 337 494 593 896 1454 2645 2918 5504
 ... : 2 3 6 7 27 29 36 49 118 97 82 133 233 196 250 338 495 593 899 1456 2646 2940 5565
 ... : 2 3 6 7 27 29 36 49 118 97 82 133 233 196 250 338 496 595 897 1443 2612 2940 5549
 ... : 2 3 6 7 27 29 36 49 118 97 82 133 233 196 250 338 495 594 896 1439 2595 2897 5627
 ... : 2 3 6 7 27 29 36 49 118 97 82 133 233 196 250 338 492 590 887 1440 2596 2916 5726
 ... : 2 3 6 7 27 29 36 49 118 97 82 133 233 196 250 338 492 590 887 1438 2606 2933 5811
 ... : 2 3 6 7 27 29 36 49 118 97 82 133 233 196 250 338 492 590 887 1437 2604 2932 5881
 ... : 2 3 6 7 27 29 36 49 118 97 82 133 233 196 250 338 492 590 886 1435 2600 2938 5964
  24 : 2 3 6 7 27 29 36 49 118 97 82 123 230 198 249 331 488 551 819 1301 2141 2484 2165 4222
 ... : 2 3 6 7 27 29 36 49 118 97 82 123 230 198 249 331 488 551 819 1301 2141 2484 2165 4406
 ... : 2 3 6 7 27 29 36 49 118 97 82 123 230 198 249 331 488 551 819 1301 2141 2491 2200 4481
 ... : 2 3 6 7 27 29 36 49 118 97 82 123 230 198 249 331 488 551 819 1301 2140 2502 2222 4533
 ... : 2 3 6 7 27 29 36 49 118 97 82 123 230 198 249 331 488 551 819 1301 2136 2511 2235 4555
 ... : 2 3 6 7 27 29 36 49 118 97 82 123 230 198 249 331 488 551 819 1301 2136 2509 2244 4693
 ... : 2 3 6 7 27 29 36 49 118 97 82 123 230 198 249 331 488 551 819 1301 2136 2515 2273 4773
 ... : 2 3 6 7 27 29 36 49 118 97 82 123 230 198 249 331 488 551 819 1301 2136 2509 2251 4862
 ... : 2 3 6 7 27 29 36 49 118 97 82 123 230 198 249 331 488 551 819 1301 2135 2528 2277 4908
 ... : 2 3 6 7 27 29 36 49 118 97 82 123 230 198 249 331 488 551 819 1301 2135 2533 2289 4981
 ... : 2 3 6 7 27 29 36 49 118 97 82 123 230 198 249 331 488 551 819 1301 2135 2543 2312 5030
 ... : 2 3 6 7 27 29 36 49 118 97 82 123 230 198 249 331 488 551 819 1301 2135 2553 2332 5080
 ... : 2 3 6 7 27 29 36 49 118 97 82 123 230 198 249 332 489 552 821 1303 2146 2571 2350 5104
 ... : 2 3 6 7 27 29 36 49 118 97 82 123 230 198 249 332 489 553 825 1306 2150 2593 2371 5126
 ... : 2 3 6 7 27 29 36 49 118 97 82 123 230 198 249 332 489 554 827 1307 2152 2614 2392 5166
 ... : 2 3 6 7 27 29 36 49 118 97 82 123 230 198 249 332 489 555 827 1309 2154 2614 2405 5227
 ... : 2 3 6 7 27 29 36 49 118 97 82 123 230 198 249 332 489 556 828 1310 2156 2614 2424 5284
 ... : 2 3 6 7 27 29 36 49 118 97 82 123 230 198 249 332 490 557 830 1312 2158 2618 2436 5345
 ... : 2 3 6 7 27 29 36 49 118 97 82 123 230 198 249 332 490 557 830 1312 2158 2617 2456 5405
 ... : 2 3 6 7 27 29 36 49 118 97 82 123 230 198 249 332 490 557 830 1312 2161 2623 2478 5476
 ... : 2 3 6 7 27 29 36 49 118 97 82 123 230 198 249 332 490 557 830 1311 2160 2630 2496 5549
 ... : 2 3 6 7 27 29 36 49 118 97 82 123 230 198 249 332 490 557 830 1311 2159 2635 2519 5655
 ... : 2 3 6 7 27 29 36 49 118 97 82 123 230 198 249 332 490 557 830 1311 2159 2641 2534 5767
 ... : 2 3 6 7 27 29 36 49 118 97 82 123 230 198 249 332 490 557 830 1310 2159 2642 2544 5852
 ... : 2 3 6 7 27 29 36 49 118 97 82 123 230 198 249 331 489 556 828 1308 2161 2646 2556 5893
 ... : 2 3 6 7 27 29 36 49 118 97 82 123 230 198 249 331 489 556 828 1306 2161 2645 2560 6007
 ... : 2 3 6 7 27 29 36 49 118 97 82 123 230 198 249 331 489 556 828 1306 2151 2615 2513 6015
 ... : 2 3 6 7 27 29 36 49 118 97 83 123 230 198 251 331 489 556 828 1306 2147 2610 2517 6056
 ... : 2 3 6 7 27 29 36 49 119 98 84 124 231 199 252 335 493 559 830 1307 2145 2608 2508 6099
  25 : 2 3 6 7 27 29 36 49 118 96 82 125 229 198 248 323 444 532 757 1119 1804 2199 2240 2287 4309
 ... : 2 3 6 7 27 29 36 49 118 96 82 125 229 198 248 323 444 532 757 1119 1804 2199 2241 2294 4451
 ... : 2 3 6 7 27 29 36 49 118 96 82 125 229 198 248 323 444 532 757 1119 1804 2199 2242 2317 4577
 ... : 2 3 6 7 27 29 36 49 118 96 82 125 229 198 248 323 444 532 757 1119 1804 2196 2242 2334 4671
 ... : 2 3 6 7 27 29 36 49 118 96 82 125 229 198 248 323 444 532 757 1119 1804 2196 2242 2349 4784
 ... : 2 3 6 7 27 29 36 49 118 96 82 125 229 198 248 323 444 532 757 1119 1804 2196 2252 2379 4862
 ... : 2 3 6 7 27 29 36 49 118 96 82 125 229 198 248 323 444 532 757 1119 1804 2196 2253 2399 4972
 ... : 2 3 6 7 27 29 36 49 118 96 82 125 229 198 248 323 444 532 757 1119 1804 2196 2254 2428 5028
 ... : 2 3 6 7 27 29 36 49 118 96 82 125 229 198 248 323 444 532 757 1119 1804 2196 2259 2444 5090
 ... : 2 3 6 7 27 29 36 49 118 96 82 125 229 198 248 323 444 532 757 1119 1804 2196 2263 2451 5141
 ... : 2 3 6 7 27 29 36 49 118 96 82 125 229 198 248 323 444 532 757 1119 1804 2196 2264 2466 5207
 ... : 2 3 6 7 27 29 36 49 118 96 82 125 229 198 248 323 443 532 757 1119 1804 2196 2264 2478 5272
 ... : 2 3 6 7 27 29 36 49 118 96 82 125 229 198 248 323 443 532 757 1119 1804 2196 2265 2487 5321
 ... : 2 3 6 7 27 29 36 49 118 96 82 125 229 198 248 323 443 532 757 1119 1804 2196 2265 2505 5364
 ... : 2 3 6 7 27 29 36 49 118 96 82 125 229 198 248 323 443 532 757 1119 1804 2196 2265 2526 5416
 ... : 2 3 6 7 27 29 36 49 118 96 82 125 229 198 248 323 443 532 757 1119 1804 2196 2265 2519 5444
 ... : 2 3 6 7 27 29 36 49 118 96 82 125 229 198 248 323 443 532 757 1123 1805 2195 2267 2538 5502
 ... : 2 3 6 7 27 29 36 49 118 96 82 125 229 198 248 323 443 532 757 1120 1804 2195 2272 2551 5588
 ... : 2 3 6 7 27 29 36 49 118 96 82 125 229 198 248 323 443 532 757 1120 1804 2195 2279 2564 5639
 ... : 2 3 6 7 27 29 36 49 118 96 82 125 229 198 248 324 445 532 759 1122 1806 2197 2291 2575 5664
 ... : 2 3 6 7 27 29 36 49 118 96 82 125 229 198 248 324 445 532 759 1122 1807 2198 2298 2593 5700
 ... : 2 3 6 7 27 29 36 49 118 96 82 125 229 198 248 324 445 532 759 1122 1807 2198 2300 2609 5765
 ... : 2 3 6 7 27 29 36 49 118 96 82 125 229 198 248 324 445 532 759 1122 1807 2198 2300 2636 5832
 ... : 2 3 6 7 27 29 36 49 118 96 82 125 229 198 248 324 445 532 759 1122 1807 2198 2300 2664 5899
 ... : 2 3 6 7 27 29 36 49 118 96 82 125 229 198 248 324 445 532 759 1122 1807 2198 2300 2680 5959
 ... : 2 3 6 7 27 29 36 49 118 96 82 125 229 198 248 324 445 532 759 1122 1807 2198 2302 2688 6008
 ... : 2 3 6 7 27 29 36 49 118 96 82 125 229 198 248 324 445 537 763 1124 1808 2201 2311 2699 6045
 ... : 2 3 6 7 28 30 40 51 125 102 87 130 234 203 249 325 447 538 765 1128 1811 2201 2312 2699 5943
 ... : 2 3 6 7 28 30 40 51 125 102 89 132 235 204 251 327 451 543 767 1131 1817 2206 2318 2702 5946
 ... : 2 3 6 7 28 30 40 51 125 102 89 132 235 204 251 327 451 543 767 1131 1818 2206 2322 2723 5998
 ... : 2 3 6 7 28 30 40 51 125 102 89 132 235 204 251 327 451 543 767 1131 1818 2205 2322 2743 6099
 ... : 2 3 6 7 28 30 40 51 125 102 89 132 235 204 251 327 451 543 767 1131 1818 2205 2323 2761 6173
 ... : 2 3 6 7 28 30 40 51 125 102 89 132 235 204 251 327 451 543 767 1131 1818 2204 2324 2770 6232
 ... : 2 3 6 7 28 30 40 51 125 102 89 132 235 204 251 327 451 543 767 1131 1818 2204 2322 2777 6293
 ... : 2 3 6 7 28 30 40 51 125 102 89 132 235 204 251 327 451 543 767 1136 1819 2205 2323 2783 6349
 ... : 2 3 6 7 28 30 40 51 125 102 89 132 235 204 251 327 451 543 767 1136 1819 2205 2324 2796 6409
 ... : 2 3 6 7 28 30 40 51 125 102 89 132 235 204 251 327 451 543 767 1136 1821 2207 2326 2813 6471
 ... : 2 3 6 7 28 30 40 51 125 102 89 132 235 204 251 327 451 543 767 1136 1821 2207 2327 2820 6505
 ... : 2 3 6 7 28 30 40 51 125 102 89 132 235 204 251 327 451 543 767 1136 1821 2207 2329 2830 6563
 ... : 2 3 6 7 28 30 40 51 125 102 89 132 235 204 251 327 451 543 767 1135 1820 2205 2334 2835 6514
 ... : 2 3 6 7 28 30 40 51 125 102 89 132 235 204 251 327 451 543 767 1135 1820 2210 2348 2868 6573
 ... : 2 3 6 7 28 30 40 51 125 102 89 132 235 204 251 327 451 543 767 1135 1820 2213 2370 2914 6620
 ... : 2 3 6 7 28 30 40 51 125 102 89 132 235 204 251 327 451 543 767 1135 1822 2218 2390 2947 6657
 ... : 2 3 6 7 28 30 40 51 125 102 89 132 235 204 251 327 451 543 767 1135 1826 2226 2403 2963 6707
 ... : 2 3 6 7 28 30 40 51 125 102 89 132 235 204 251 327 451 543 767 1135 1826 2230 2411 2981 6778
 ... : 2 3 6 7 28 30 40 51 125 102 89 132 235 204 251 327 451 543 767 1135 1825 2230 2418 3008 6839
 ... : 2 3 6 7 28 30 40 51 125 102 89 132 235 204 251 327 451 543 767 1135 1825 2230 2418 3024 6910
 ... : 2 3 6 7 28 30 40 51 125 102 89 132 235 204 251 327 451 543 767 1135 1825 2230 2424 3038 6976
 ... : 2 3 6 7 28 30 40 51 125 102 89 132 235 204 251 327 451 543 767 1135 1824 2230 2438 3058 7047
 ... : 2 3 6 7 28 30 40 51 125 102 89 132 235 204 251 327 451 543 767 1135 1826 2236 2451 3077 7105
 ... : 2 3 6 7 28 30 40 51 125 102 89 132 235 204 251 327 451 543 767 1135 1831 2237 2464 3095 7161
 ... : 2 3 6 7 28 30 40 51 125 102 89 132 235 204 251 327 451 543 767 1135 1831 2238 2473 3128 7223
 ... : 2 3 6 7 28 30 40 51 125 102 89 132 235 204 251 327 451 543 767 1135 1831 2238 2475 3162 7288
 ... : 2 3 6 7 28 30 40 51 125 102 89 132 235 204 251 327 451 543 767 1135 1831 2238 2486 3177 7341
 ... : 2 3 6 7 28 30 40 51 125 102 89 132 235 204 251 327 451 543 767 1135 1831 2239 2495 3214 7388
 ... : 2 3 6 7 28 30 40 51 125 102 89 132 235 204 251 327 451 543 767 1135 1831 2240 2509 3246 7434
 ... : 2 3 6 7 28 30 40 51 125 102 89 132 235 204 251 327 451 543 767 1135 1831 2241 2512 3255 7498
 ... : 2 3 6 7 28 30 40 51 125 102 89 132 235 204 251 327 451 543 767 1136 1832 2243 2514 3264 7562
 ... : 2 3 6 7 28 30 40 51 125 102 89 132 235 204 251 327 451 543 767 1135 1832 2243 2513 3272 7642
 ... : 2 3 6 7 28 30 40 51 125 102 89 132 235 205 251 329 454 547 771 1143 1839 2245 2504 3254 7616
 ... : 2 3 6 7 28 30 40 51 125 102 89 132 235 205 251 329 455 547 771 1143 1833 2241 2507 3259 7637
 ... : 2 3 6 7 28 30 40 51 125 102 89 132 235 205 251 329 455 547 771 1143 1833 2241 2509 3269 7718
 ... : 2 3 6 7 28 30 40 51 125 102 89 132 235 205 251 329 456 548 772 1145 1836 2243 2524 3289 7738
 ... : 2 3 6 7 28 30 40 51 125 102 89 132 235 205 251 329 456 548 772 1145 1840 2247 2526 3295 7761
 ... : 2 3 6 7 28 30 40 51 125 102 89 132 235 205 251 329 456 548 772 1146 1844 2254 2532 3301 7791
 ... : 2 3 6 7 28 30 40 51 125 102 89 132 235 205 251 329 456 548 772 1146 1845 2254 2542 3313 7817
 ... : 2 3 6 7 28 30 40 51 125 102 89 132 235 205 251 329 456 548 772 1146 1846 2254 2549 3314 7815
 ... : 2 3 6 7 28 30 40 51 125 102 89 132 235 205 251 329 456 548 772 1146 1847 2254 2554 3322 7868
 ... : 2 3 6 7 28 30 40 51 125 102 89 132 235 205 251 329 456 548 772 1146 1847 2254 2554 3337 7963
 ... : 2 3 6 7 28 30 40 51 125 102 89 132 235 205 251 329 456 548 772 1146 1847 2252 2562 3353 8056
 ... : 2 3 6 7 28 30 40 51 125 102 89 132 235 205 251 329 456 548 772 1146 1847 2252 2567 3366 8158
 ... : 2 3 6 7 28 30 40 51 125 102 89 132 235 205 251 329 456 548 772 1146 1847 2252 2572 3388 8248
 ... : 2 3 6 7 28 30 40 51 125 102 89 132 235 205 251 329 456 548 772 1146 1847 2252 2573 3433 8336
 ... : 2 3 6 7 28 30 40 51 125 102 89 132 235 205 251 329 456 548 772 1146 1847 2250 2576 3438 8389
 ... : 2 3 6 7 28 30 40 51 125 102 89 132 235 205 251 329 456 548 772 1146 1847 2252 2578 3439 8415
 ... : 2 3 6 7 28 30 40 51 125 102 89 132 235 205 251 329 456 548 772 1146 1851 2260 2603 3467 8463
 ... : 2 3 6 7 28 30 40 51 125 102 89 132 235 205 251 329 456 548 772 1146 1851 2260 2602 3476 8534
 ... : 2 3 6 7 28 30 40 51 124 102 88 132 234 204 250 328 454 547 770 1138 1852 2260 2608 3486 8591
 ... : 2 3 6 7 28 30 40 51 123 102 88 131 234 204 249 328 453 548 772 1140 1852 2261 2611 3498 8608
 ... : 2 3 6 7 28 30 40 51 123 102 88 131 234 204 249 328 453 548 772 1140 1852 2266 2619 3513 8665
 ... : 2 3 6 7 28 30 40 51 123 102 88 131 234 204 249 328 453 548 772 1140 1852 2266 2623 3541 8728
 ... : 2 3 6 7 28 30 40 51 123 102 88 131 234 204 249 328 453 548 772 1140 1852 2266 2623 3583 8771
 ... : 2 3 6 7 28 30 40 51 123 102 88 131 234 204 249 328 453 548 772 1140 1852 2266 2625 3588 8822
 ... : 2 3 6 7 28 30 40 51 123 102 88 131 234 204 249 328 453 548 772 1140 1852 2266 2625 3588 8881
 ... : 2 3 6 7 28 30 40 51 123 102 88 131 234 204 249 328 453 548 772 1140 1852 2266 2625 3590 8942
 ... : 2 3 6 7 28 30 40 51 123 102 88 131 234 204 249 328 453 548 772 1140 1852 2266 2628 3594 9035
 ... : 2 3 6 7 28 30 40 51 123 102 88 131 234 204 249 328 453 548 772 1140 1852 2266 2633 3606 9110
 ... : 2 3 6 7 28 30 40 51 123 102 88 131 234 204 249 328 453 548 772 1140 1852 2266 2643 3620 9162
 ... : 2 3 6 7 28 30 40 51 123 102 88 131 234 204 249 328 453 548 772 1140 1852 2266 2649 3632 9201
 ... : 2 3 6 7 28 30 40 51 123 102 88 131 234 204 249 328 453 548 772 1140 1852 2266 2654 3649 9270
 ... : 2 3 6 7 28 30 40 51 123 102 88 131 234 204 249 328 453 548 771 1140 1852 2266 2655 3662 9326
 ... : 2 3 6 7 28 30 40 51 123 102 88 131 234 204 249 328 453 548 771 1140 1853 2267 2660 3680 9385
 ... : 2 3 6 7 28 30 40 51 123 102 88 131 234 204 249 328 453 548 771 1140 1853 2267 2664 3720 9446
 ... : 2 3 6 7 28 30 40 51 123 102 88 131 234 204 249 328 453 548 771 1140 1853 2267 2679 3739 9473
 ... : 2 3 6 7 28 30 40 51 123 102 88 131 234 204 249 328 453 548 771 1140 1853 2267 2682 3775 9541
 ... : 2 3 6 7 28 30 40 51 123 102 88 131 234 204 249 328 453 547 771 1140 1853 2265 2679 3772 9590
 ... : 2 3 6 7 28 30 40 51 123 102 88 131 234 204 249 328 453 547 771 1140 1853 2265 2686 3798 9664
 ... : 2 3 6 7 28 30 40 51 123 102 88 131 234 204 249 328 453 547 771 1140 1853 2265 2686 3807 9735
 ... : 2 3 6 7 28 30 40 51 123 102 88 131 234 204 249 328 453 547 771 1140 1853 2265 2694 3825 9796
 ... : 2 3 6 7 28 30 40 51 123 102 88 131 234 204 249 328 453 547 771 1140 1853 2265 2702 3843 9852
 ... : 2 3 6 7 28 30 40 51 123 102 88 131 234 204 249 328 453 547 771 1139 1853 2266 2709 3855 9892
 ... : 2 3 6 7 28 30 40 51 123 102 88 131 234 204 249 328 453 547 771 1139 1853 2267 2713 3867 9943
 ... : 2 3 6 7 28 30 40 51 123 102 88 131 234 204 249 328 453 547 771 1139 1853 2269 2721 3883 10006
 ... : 2 3 6 7 28 30 40 51 123 102 88 131 234 204 249 328 453 547 771 1139 1851 2270 2726 3898 10066
 ... : 2 3 6 7 28 30 40 51 123 102 88 131 234 204 249 328 453 547 771 1139 1851 2270 2727 3920 10116
 ... : 2 3 6 7 28 30 40 51 123 102 88 131 234 204 249 328 453 547 771 1139 1853 2276 2735 3938 10164
 ... : 2 3 6 7 28 30 40 51 123 102 88 131 234 204 249 328 453 547 771 1139 1853 2276 2736 3959 10213
 ... : 2 3 6 7 28 30 40 51 123 102 88 131 234 204 249 328 453 547 771 1139 1853 2276 2739 3983 10252
 ... : 2 3 6 7 28 30 40 51 123 102 88 131 234 204 249 328 453 547 771 1139 1853 2276 2744 4011 10316
 ... : 2 3 6 7 28 30 40 51 123 102 88 131 234 204 249 328 453 547 771 1139 1853 2276 2744 4023 10378
 ... : 2 3 6 7 28 30 40 51 123 102 88 131 234 204 249 328 453 547 771 1139 1853 2276 2744 4036 10419
 ... : 2 3 6 7 28 30 40 51 123 102 88 131 234 204 249 328 453 547 771 1139 1853 2276 2744 4076 10441
 ... : 2 3 6 7 28 30 40 51 123 102 88 131 234 204 249 328 453 547 771 1139 1853 2276 2749 4105 10460
 ... : 2 3 6 7 28 30 40 51 123 102 88 131 234 204 249 328 453 547 771 1139 1854 2282 2761 4133 10524
 ... : 2 3 6 7 28 30 40 51 123 102 88 131 233 203 249 328 456 550 776 1144 1858 2295 2773 4150 10550
 ... : 2 3 6 7 28 30 40 51 123 102 88 131 233 203 249 328 455 552 780 1152 1870 2317 2795 4167 10555
 ... : 2 3 6 7 28 30 40 51 123 102 88 131 233 203 249 328 455 553 782 1157 1879 2333 2815 4187 10566
 ... : 2 3 6 7 28 30 40 51 123 102 88 131 233 203 249 329 458 560 787 1160 1882 2333 2818 4195 10595
 ... : 2 3 6 7 28 30 40 51 123 102 88 131 233 203 249 329 458 561 790 1166 1891 2348 2833 4211 10612
 ... : 2 3 6 7 28 30 40 51 123 102 88 131 233 203 249 329 461 563 795 1173 1905 2365 2854 4225 10623
 ... : 2 3 6 7 28 30 40 51 123 102 88 131 233 203 249 329 461 563 795 1176 1909 2373 2872 4246 10656
 ... : 2 3 6 7 28 30 40 51 123 102 88 131 233 203 249 329 461 564 798 1178 1911 2377 2879 4276 10715
 ... : 2 3 6 7 28 30 40 51 123 102 88 131 233 203 249 329 461 564 798 1181 1914 2378 2877 4291 10771
 ... : 2 3 6 7 28 30 40 51 123 102 88 131 233 203 249 329 462 567 803 1190 1929 2392 2893 4303 10783
 ... : 2 3 6 7 28 30 40 51 123 102 88 131 233 203 249 331 464 575 812 1205 1940 2408 2906 4301 10790
 ... : 2 3 6 7 28 30 40 51 123 102 88 131 233 203 249 331 464 577 814 1210 1948 2420 2924 4323 10809
 ... : 2 3 6 7 28 30 40 51 123 102 88 131 233 203 249 333 468 584 821 1220 1960 2431 2941 4344 10826
 ... : 2 3 6 7 28 30 40 51 123 102 88 131 233 203 249 333 468 585 825 1230 1971 2447 2958 4368 10853
 ... : 2 3 6 7 28 30 40 51 123 102 88 131 233 203 249 333 468 587 828 1234 1979 2458 2984 4394 10875
 ... : 2 3 6 7 28 30 40 51 123 102 88 131 233 203 249 333 468 589 832 1239 1989 2470 2999 4409 10890
 ... : 2 3 6 7 28 30 40 51 123 102 88 131 233 203 249 334 471 594 841 1249 2001 2485 3022 4430 10905
 ... : 2 3 6 7 28 30 40 51 123 102 88 131 233 203 249 334 471 595 844 1251 2004 2496 3028 4431 10937
 ... : 2 3 6 7 28 30 40 51 123 102 88 131 233 203 249 337 483 605 854 1256 2007 2498 3034 4426 10953
 ... : 2 3 6 7 28 30 40 51 123 102 88 131 233 203 249 339 488 613 864 1263 2015 2509 3048 4445 10975
 ... : 2 3 6 7 28 30 40 51 123 102 88 131 233 203 251 347 502 626 879 1274 2022 2518 3056 4458 10983
 ... : 2 3 6 7 28 30 40 51 123 102 88 131 233 203 251 350 511 636 895 1292 2045 2534 3058 4459 10986
 ... : 2 3 6 7 28 30 40 51 123 102 88 131 233 203 251 350 511 636 895 1295 2053 2551 3083 4478 11013
 ... : 2 3 6 7 28 30 40 51 123 102 88 131 233 203 250 349 516 645 905 1303 2061 2559 3089 4486 11035
 ... : 2 3 6 7 28 30 40 51 123 102 88 131 233 203 252 353 524 658 921 1313 2069 2569 3098 4489 11049
 ... : 2 3 6 7 28 30 40 51 123 102 88 131 233 203 252 354 525 666 933 1324 2076 2572 3112 4511 11064
 ... : 2 3 6 7 28 30 40 51 123 102 88 131 233 203 252 355 528 672 945 1333 2084 2587 3124 4524 11075
 ... : 2 3 6 7 28 30 40 51 123 102 88 131 233 204 253 362 538 684 963 1342 2093 2598 3134 4537 11081
 ... : 2 3 6 7 28 30 40 51 123 102 88 131 233 204 260 370 554 704 982 1350 2105 2606 3138 4540 11086
 ... : 2 3 6 7 28 30 40 51 123 102 88 131 233 204 262 374 563 713 994 1364 2116 2613 3139 4541 11084
 ... : 2 3 6 7 28 30 40 51 123 102 88 131 233 204 264 376 566 719 1006 1375 2125 2621 3150 4556 11106
 ... : 2 3 6 7 28 30 40 51 123 102 88 131 233 204 269 383 577 738 1023 1391 2130 2628 3157 4568 11116
 ... : 2 3 6 7 28 30 40 51 123 102 88 131 233 204 269 383 579 740 1034 1404 2142 2641 3173 4586 11135
 ... : 2 3 6 7 28 30 40 51 123 102 88 131 233 204 269 384 581 745 1042 1413 2151 2659 3191 4604 11162
 ... : 2 3 6 7 28 30 40 51 123 102 88 131 233 205 272 389 586 749 1051 1423 2156 2662 3180 4601 11163
 ... : 2 3 6 7 28 30 40 51 123 102 88 131 233 205 272 389 584 749 1051 1422 2156 2666 3194 4631 11218
 ... : 2 3 6 7 28 30 40 51 123 102 88 131 233 205 272 389 584 753 1056 1427 2164 2667 3198 4647 11262
 ... : 2 3 6 7 28 30 40 51 123 102 88 131 233 205 272 389 585 755 1057 1435 2181 2694 3216 4668 11267
 ... : 2 3 6 7 28 30 40 51 123 102 88 131 233 205 273 391 592 761 1061 1440 2189 2711 3228 4688 11287
 ... : 2 3 6 7 28 30 40 51 123 102 88 131 233 205 273 391 593 763 1063 1445 2192 2723 3250 4707 11327
 ... : 2 3 6 7 28 30 40 51 123 102 88 131 233 205 273 391 593 763 1063 1445 2192 2724 3259 4727 11397
 ... : 2 3 6 7 28 30 40 51 123 102 88 131 233 205 273 391 593 763 1063 1445 2192 2726 3268 4737 11382
 ... : 2 3 6 7 28 30 40 51 123 102 88 131 233 205 273 391 593 763 1063 1445 2192 2727 3269 4760 11410
 ... : 2 3 6 7 28 30 40 51 123 102 88 131 233 205 273 391 593 763 1063 1445 2193 2729 3278 4771 11405
 ... : 2 3 6 7 28 30 40 51 123 102 88 131 233 205 273 391 593 763 1063 1444 2193 2731 3298 4794 11461
 ... : 2 3 6 7 28 30 40 51 123 102 88 131 233 205 273 391 594 763 1063 1444 2192 2729 3303 4818 11531
 ... : 2 3 6 7 28 30 40 51 123 102 88 131 233 205 273 391 595 768 1070 1454 2202 2739 3320 4843 11552
 ... : 2 3 6 7 28 30 40 51 123 102 88 131 233 205 273 391 596 771 1074 1461 2211 2749 3331 4875 11592
 ... : 2 3 6 7 28 30 40 51 123 102 88 131 233 207 276 397 600 777 1081 1470 2214 2753 3335 4883 11619
 ... : 2 3 6 7 28 30 40 51 123 102 88 131 233 210 277 409 615 787 1086 1479 2220 2761 3347 4898 11631
 ... : 2 3 6 7 28 30 40 51 123 102 88 131 233 210 279 417 634 811 1109 1489 2227 2764 3347 4898 11633
 ... : 2 3 6 7 28 30 40 51 123 102 88 131 233 210 282 425 645 822 1115 1495 2234 2774 3358 4910 11647
 ... : 2 3 6 7 28 30 40 51 123 102 88 131 233 210 283 428 649 827 1118 1495 2236 2774 3362 4928 11668
 ... : 2 3 6 7 28 30 40 51 123 102 88 131 233 210 283 429 650 833 1128 1507 2244 2787 3377 4945 11687
 ... : 2 3 6 7 28 30 40 51 123 102 88 131 233 210 285 434 654 837 1133 1513 2249 2792 3383 4960 11705
 ... : 2 3 6 7 27 28 40 51 123 102 88 131 233 211 286 440 662 856 1146 1523 2256 2800 3390 4970 11713
 ... : 2 3 6 7 27 28 40 51 123 102 88 131 233 212 287 443 665 863 1151 1535 2266 2815 3402 4980 11737
 ... : 2 3 6 7 27 28 40 51 123 102 88 131 233 212 287 443 665 865 1154 1539 2270 2821 3416 5004 11771
 ... : 2 3 6 7 27 28 40 51 123 102 88 131 233 212 287 444 669 873 1163 1549 2280 2834 3429 5024 11777
 ... : 2 3 6 7 27 28 40 51 123 102 88 131 233 212 287 444 669 875 1169 1555 2289 2844 3439 5049 11825
 ... : 2 3 6 7 27 28 40 51 123 102 88 131 233 212 287 444 670 878 1176 1567 2301 2863 3458 5054 11823
 ... : 2 3 6 7 27 28 40 51 123 102 88 131 233 212 287 444 673 881 1182 1575 2307 2876 3476 5071 11843
 ... : 2 3 6 7 27 28 40 51 123 102 88 131 233 212 287 446 680 893 1192 1588 2318 2889 3490 5085 11855
 ... : 2 3 6 7 27 28 40 51 123 102 88 131 233 212 288 447 684 900 1199 1598 2329 2902 3506 5104 11876
 ... : 2 3 6 7 27 28 40 51 123 102 88 131 233 212 288 448 686 905 1203 1600 2330 2906 3525 5134 11916
 ... : 2 3 6 7 27 28 40 51 123 102 88 131 233 212 289 448 688 910 1208 1608 2337 2914 3534 5151 11942
 ... : 2 3 6 7 27 28 40 51 123 102 88 131 233 212 289 448 692 918 1214 1616 2345 2925 3549 5166 11969
 ... : 2 3 6 7 27 28 40 51 123 102 88 131 233 212 289 448 692 918 1214 1616 2345 2926 3552 5187 12016
 ... : 2 3 6 7 27 28 40 51 123 102 88 131 233 212 289 448 692 918 1214 1616 2345 2926 3552 5212 12079
 ... : 2 3 6 7 27 28 40 51 123 102 88 131 233 212 289 448 692 918 1214 1616 2345 2926 3552 5226 12122
 ... : 2 3 6 7 27 28 40 51 123 102 88 131 233 212 289 448 692 918 1214 1616 2345 2926 3556 5232 12162
 ... : 2 3 6 7 27 28 40 51 123 102 88 131 233 212 289 448 692 918 1214 1616 2345 2926 3564 5254 12205
 ... : 2 3 6 7 27 28 40 51 123 102 88 131 233 212 289 448 692 918 1214 1616 2345 2930 3575 5273 12233
 ... : 2 3 6 7 27 28 40 51 123 102 88 131 233 212 289 448 692 918 1214 1615 2341 2927 3576 5293 12263
 ... : 2 3 6 7 27 28 40 51 123 102 88 131 233 212 289 448 692 918 1214 1615 2341 2930 3583 5319 12310
 ... : 2 3 6 7 27 28 40 51 123 102 88 131 233 212 289 448 692 918 1214 1615 2340 2934 3600 5345 12357
 ... : 2 3 6 7 27 28 40 51 123 102 88 131 233 212 289 448 692 918 1213 1614 2341 2939 3618 5366 12409
 ... : 2 3 6 7 27 28 40 51 123 102 88 131 233 212 289 448 692 918 1213 1614 2341 2940 3624 5387 12475
 ... : 2 3 6 7 27 28 40 51 123 102 88 131 233 212 289 448 692 918 1213 1614 2339 2938 3641 5409 12467
 ... : 2 3 6 7 27 28 40 51 123 102 88 131 233 212 289 448 693 918 1213 1617 2346 2949 3662 5436 12496
 ... : 2 3 6 7 27 28 40 51 123 102 88 131 233 212 289 448 693 918 1213 1617 2351 2970 3687 5455 12535
 ... : 2 3 6 7 27 28 40 51 123 102 88 131 233 212 289 448 693 918 1213 1618 2354 2976 3692 5473 12568
 ... : 2 3 6 7 27 28 40 51 123 102 88 131 233 212 289 448 693 918 1213 1618 2354 2978 3696 5491 12600
 ... : 2 3 6 7 27 28 40 51 123 102 88 131 233 212 289 448 693 918 1213 1618 2354 2980 3702 5514 12647
 ... : 2 3 6 7 27 28 40 51 123 102 88 131 233 212 289 448 693 918 1213 1618 2354 2981 3705 5524 12711
 ... : 2 3 6 7 27 28 40 51 123 102 88 131 233 212 289 448 693 918 1213 1618 2353 2981 3716 5556 12737
 ... : 2 3 6 7 27 28 40 51 123 102 88 131 233 212 289 448 693 918 1213 1618 2352 2980 3720 5588 12695
 ... : 2 3 6 7 27 28 40 51 123 102 88 131 233 212 289 448 693 918 1213 1618 2352 2982 3738 5613 12752
 ... : 2 3 6 7 27 28 40 51 123 102 88 131 233 212 289 448 693 918 1213 1618 2353 2987 3750 5640 12801
 ... : 2 3 6 7 27 28 40 51 123 102 88 131 233 212 289 448 693 918 1213 1618 2353 2987 3764 5667 12856
 ... : 2 3 6 7 27 28 40 51 123 102 88 131 233 212 289 448 693 918 1213 1618 2353 2989 3781 5707 12902
 ... : 2 3 6 7 27 28 40 51 123 102 88 131 233 212 289 447 693 918 1213 1618 2353 2991 3794 5735 12957
 ... : 2 3 6 7 27 28 40 51 123 102 88 131 233 212 289 447 693 918 1213 1618 2355 2997 3807 5761 13003
 ... : 2 3 6 7 27 28 40 51 123 102 88 131 233 212 289 447 693 918 1213 1618 2357 3007 3832 5784 13038
 ... : 2 3 6 7 27 28 40 51 123 102 88 131 233 212 289 447 693 918 1213 1618 2357 3007 3848 5819 13073
 ... : 2 3 6 7 27 28 40 51 123 102 88 131 233 212 289 447 693 918 1213 1618 2359 3013 3854 5835 13116
 ... : 2 3 6 7 27 28 40 51 123 102 88 131 233 212 289 447 693 918 1213 1618 2359 3014 3856 5845 13171
 ... : 2 3 6 7 27 28 40 51 123 102 88 131 233 212 289 447 693 918 1212 1618 2359 3016 3865 5872 13226
 ... : 2 3 6 7 27 28 40 51 123 102 88 131 233 212 289 447 693 918 1212 1618 2359 3016 3872 5887 13289
 ... : 2 3 6 7 27 28 40 51 123 102 88 131 233 212 289 447 693 918 1212 1618 2359 3023 3891 5910 13327
 ... : 2 3 6 7 27 28 40 51 123 102 88 131 233 212 289 446 693 918 1212 1618 2359 3026 3908 5940 13363
 ... : 2 3 6 7 27 28 40 51 123 102 88 131 233 212 289 446 693 918 1212 1618 2359 3028 3925 5975 13401
 ... : 2 3 6 7 27 28 40 51 123 102 88 131 233 212 289 446 693 918 1212 1618 2359 3026 3930 5992 13441
 ... : 2 3 6 7 27 28 40 51 123 102 88 131 233 212 289 446 693 918 1212 1618 2359 3026 3938 6023 13489
 ... : 2 3 6 7 27 28 40 51 123 102 88 131 233 212 289 446 693 918 1212 1617 2362 3035 3953 6049 13524
 ... : 2 3 6 7 27 28 40 51 123 102 88 131 233 212 289 446 693 918 1212 1617 2362 3040 3974 6074 13562
 ... : 2 3 6 7 27 28 40 51 123 102 88 131 233 212 289 446 693 918 1212 1617 2363 3041 3991 6101 13606
 ... : 2 3 6 7 27 28 40 51 123 102 88 131 233 212 289 446 693 918 1212 1617 2363 3045 4011 6131 13631
 ... : 2 3 6 7 27 28 40 51 123 102 88 131 233 212 289 446 693 918 1212 1617 2363 3047 4019 6152 13675
 ... : 2 3 6 7 27 28 40 51 123 102 88 131 233 212 289 446 693 918 1212 1617 2363 3047 4020 6165 13732
 ... : 2 3 6 7 27 28 40 51 123 102 88 131 233 212 289 446 693 918 1212 1617 2363 3047 4021 6185 13785
 ... : 2 3 6 7 27 28 40 51 123 102 88 131 233 212 289 446 693 918 1212 1617 2363 3048 4022 6193 13818
 ... : 2 3 6 7 27 28 40 51 123 102 88 131 233 212 289 446 694 919 1215 1621 2370 3050 4016 6181 13780
 ... : 2 3 6 7 27 28 40 51 123 102 88 131 233 212 289 446 694 919 1215 1621 2370 3051 4021 6200 13810
 ... : 2 3 6 7 27 28 40 51 123 102 88 131 233 212 289 446 694 919 1215 1621 2371 3051 4014 6208 13846
 ... : 2 3 6 7 27 28 40 51 123 102 88 131 233 212 289 446 694 919 1215 1621 2369 3051 4019 6217 13890
 ... : 2 3 6 7 27 28 40 51 123 102 88 131 233 212 289 447 695 919 1216 1622 2370 3052 4023 6225 13929
 ... : 2 3 6 7 27 28 40 51 123 102 88 131 233 212 289 448 696 919 1217 1623 2371 3054 4027 6241 13971
 ... : 2 3 6 7 27 28 40 51 123 102 88 131 233 212 289 448 696 919 1217 1623 2374 3059 4036 6253 14015
 ... : 2 3 6 7 27 28 40 51 123 102 88 131 233 213 289 446 694 919 1214 1619 2370 3049 4009 6226 13960
 ... : 2 3 6 7 27 28 40 51 123 102 88 131 233 213 289 446 694 920 1214 1619 2371 3048 4009 6238 14039
 ... : 2 3 6 7 27 28 40 51 123 102 88 131 233 213 289 446 694 920 1214 1619 2371 3048 4015 6255 14076
 ... : 2 3 6 7 27 28 40 51 123 102 88 131 233 213 289 446 694 920 1214 1619 2371 3049 4011 6276 14153
 ... : 2 3 6 7 27 28 40 51 123 102 88 131 233 213 289 446 694 920 1213 1619 2371 3048 4013 6283 14241
 ... : 2 3 6 7 27 28 40 51 123 102 88 131 233 213 289 446 694 920 1213 1619 2363 3047 4014 6291 14327
 ... : 2 3 6 7 27 28 40 51 123 102 87 130 235 216 290 446 695 923 1216 1622 2367 3047 4007 6289 14339
 ... : 2 3 6 7 27 28 40 51 123 102 88 134 234 215 288 444 694 921 1214 1618 2365 3046 4006 6292 14371
 ... : 2 3 6 7 27 28 40 51 123 102 86 132 233 212 284 432 656 859 1154 1592 2342 3030 4005 6289 14366
 ... : 2 3 6 7 27 28 40 51 123 102 85 133 234 214 285 435 657 860 1153 1588 2341 3025 4003 6286 14391
 ... : 2 3 6 7 27 28 40 51 123 102 86 133 234 214 285 434 657 860 1155 1589 2342 3031 4009 6294 14417
 ... : 2 3 6 7 27 28 40 51 123 102 85 132 233 213 284 434 661 863 1158 1591 2344 3038 4017 6306 14447
 ... : 2 3 6 7 27 28 40 51 123 102 85 132 233 214 285 435 665 866 1162 1591 2342 3041 4019 6309 14467
 ... : 2 3 6 7 27 28 40 51 123 102 85 132 233 214 285 435 665 866 1162 1591 2344 3046 4025 6316 14515
 ... : 2 3 6 7 27 28 40 51 123 102 85 132 233 214 285 435 665 866 1162 1591 2345 3051 4032 6326 14567
 ... : 2 3 6 7 27 28 40 51 123 102 85 132 233 214 285 435 665 866 1163 1592 2347 3052 4033 6329 14647
 ... : 2 3 6 7 27 28 40 51 123 102 85 132 233 214 284 434 665 866 1164 1593 2346 3056 4040 6336 14689
 ... : 2 3 6 7 27 28 40 51 123 102 85 132 233 214 284 434 666 866 1164 1593 2346 3054 4041 6338 14764
 ... : 2 3 6 7 27 28 40 51 123 102 85 132 233 214 283 433 666 867 1166 1595 2348 3058 4045 6343 14826
 ... : 2 3 6 7 27 28 40 51 123 102 85 132 233 214 283 434 667 869 1167 1596 2350 3059 4046 6358 14893
 ... : 2 3 6 7 27 28 40 51 123 102 85 132 233 214 283 434 667 869 1167 1596 2350 3059 4050 6391 14957
 ... : 2 3 6 7 27 28 40 51 123 102 85 132 233 214 283 434 667 869 1167 1596 2350 3058 4056 6433 15025
 ... : 2 3 6 7 27 28 40 51 123 102 85 132 233 214 283 434 667 869 1167 1596 2350 3059 4058 6440 15070
 ... : 2 3 6 7 27 28 40 51 123 102 85 132 233 214 283 434 667 869 1167 1596 2350 3058 4064 6443 15107
 ... : 2 3 6 7 27 28 40 51 123 102 85 132 233 214 283 434 667 869 1167 1596 2350 3058 4064 6451 15233
 ... : 2 3 6 7 27 28 40 51 123 102 85 132 233 214 283 434 667 869 1167 1596 2350 3058 4071 6460 15307
 ... : 2 3 6 7 27 28 40 51 123 102 85 132 233 214 283 434 667 869 1167 1596 2350 3058 4070 6465 15402
 ... : 2 3 6 7 27 28 40 51 123 102 85 132 233 214 283 434 667 869 1168 1597 2351 3059 4072 6479 15468
 ... : 2 3 6 7 27 28 40 51 123 102 85 132 233 214 283 434 667 869 1169 1602 2354 3063 4083 6496 15497
 ... : 2 3 6 7 27 28 40 51 123 102 85 132 233 214 283 434 667 869 1172 1605 2357 3065 4088 6514 15530
 ... : 2 3 6 7 27 28 40 51 123 102 85 132 233 214 283 434 667 869 1173 1607 2359 3066 4097 6533 15567
 ... : 2 3 6 7 27 28 40 51 123 102 85 132 233 214 283 434 667 869 1176 1610 2364 3072 4105 6541 15615
 ... : 2 3 6 7 27 28 40 51 123 102 85 132 233 214 283 434 667 869 1179 1615 2371 3078 4113 6548 15650
 ... : 2 3 6 7 27 28 40 51 123 102 85 132 233 214 283 434 667 869 1182 1618 2374 3082 4115 6554 15704
 ... : 2 3 6 7 27 28 40 51 123 102 85 132 233 214 283 434 667 869 1182 1618 2374 3082 4116 6564 15851
 ... : 2 3 6 7 27 28 40 51 123 102 85 132 233 214 283 434 667 869 1182 1618 2374 3082 4116 6568 15950
  26 : 2 3 6 7 26 26 21 43 113 86 72 120 217 185 252 417 643 799 1063 1404 1966 2370 3034 3501 5157 12458
 ... : 2 3 6 7 26 26 21 43 113 86 72 120 217 185 252 417 643 799 1063 1404 1966 2370 3034 3499 5162 12618
 ... : 2 3 6 7 26 26 21 43 113 86 72 120 217 185 252 417 643 799 1063 1404 1966 2369 3035 3500 5181 12723
 ... : 2 3 6 7 26 26 21 43 113 86 72 120 217 185 252 417 643 800 1065 1407 1969 2375 3036 3503 5185 12721
 ... : 2 3 6 7 26 26 21 43 113 86 72 120 217 185 252 417 643 804 1071 1411 1973 2378 3042 3507 5196 12737
 ... : 2 3 6 7 26 26 21 43 113 86 72 120 217 185 252 417 643 802 1070 1407 1964 2375 3036 3504 5177 12759
 ... : 2 3 6 7 26 26 21 43 113 86 72 120 217 185 252 417 643 802 1070 1407 1964 2375 3036 3507 5188 12878
 ... : 2 3 6 7 26 26 21 43 113 86 72 120 217 185 252 417 643 802 1070 1407 1964 2375 3038 3513 5215 12970
 ... : 2 3 6 7 26 26 21 43 113 86 72 120 217 185 252 417 643 802 1070 1407 1964 2375 3043 3532 5241 13033
 ... : 2 3 6 7 26 26 21 43 113 86 72 120 217 185 252 417 643 802 1070 1407 1964 2375 3043 3537 5274 13109
 ... : 2 3 6 7 26 26 21 43 113 86 72 120 217 185 252 417 643 802 1070 1407 1964 2375 3044 3547 5304 13181
 ... : 2 3 6 7 26 26 21 43 113 86 72 120 217 185 252 417 643 802 1070 1407 1964 2376 3050 3571 5332 13224
 ... : 2 3 6 7 26 26 21 43 113 86 72 120 217 185 252 417 643 802 1070 1408 1969 2385 3061 3583 5353 13262
 ... : 2 3 6 7 26 26 21 43 113 86 72 120 217 185 252 417 643 802 1070 1408 1969 2390 3077 3618 5386 13281
 ... : 2 3 6 7 26 26 21 43 113 86 72 120 217 185 252 417 643 802 1070 1408 1969 2392 3089 3642 5414 13325
 ... : 2 3 6 7 26 26 21 43 113 86 72 120 217 185 252 417 643 802 1070 1408 1969 2393 3101 3668 5445 13350
 ... : 2 3 6 7 26 26 21 43 113 86 72 120 217 185 252 417 643 802 1070 1408 1969 2394 3109 3681 5469 13384
 ... : 2 3 6 7 26 26 21 43 113 86 72 120 217 185 252 417 643 802 1070 1408 1969 2394 3116 3699 5496 13429
 ... : 2 3 6 7 26 26 21 43 113 86 72 120 217 185 252 417 643 802 1070 1408 1969 2396 3125 3724 5530 13464
 ... : 2 3 6 7 26 26 21 43 113 86 72 120 217 185 252 417 643 802 1070 1408 1969 2400 3133 3752 5569 13498
 ... : 2 3 6 7 26 26 21 43 113 86 72 120 217 185 252 417 643 802 1070 1408 1969 2400 3142 3767 5602 13546
 ... : 2 3 6 7 26 26 21 43 113 86 72 120 217 185 252 417 643 802 1070 1411 1976 2410 3155 3795 5626 13565
 ... : 2 3 6 7 26 26 21 43 113 86 72 120 217 185 252 417 643 802 1070 1410 1976 2411 3165 3822 5670 13574
 ... : 2 3 6 7 26 26 21 43 113 86 72 120 217 185 252 417 643 802 1070 1410 1976 2411 3169 3839 5690 13610
 ... : 2 3 6 7 26 26 21 43 113 86 72 120 217 185 252 417 643 802 1070 1410 1977 2414 3181 3863 5730 13631
 ... : 2 3 6 7 26 26 21 43 113 86 72 120 217 185 252 417 643 802 1070 1410 1977 2424 3206 3891 5742 13652
 ... : 2 3 6 7 26 26 21 43 113 86 72 120 217 185 252 417 643 802 1070 1413 1982 2435 3229 3923 5766 13662
 ... : 2 3 6 7 26 26 21 43 113 86 72 120 217 185 252 417 643 802 1070 1413 1982 2435 3238 3950 5802 13681
 ... : 2 3 6 7 26 26 21 43 113 86 72 120 217 185 252 417 643 802 1070 1413 1982 2435 3240 3966 5847 13725
 ... : 2 3 6 7 26 26 21 43 113 86 72 120 217 185 252 417 643 802 1070 1413 1982 2435 3240 3956 5859 13777
 ... : 2 3 6 7 26 26 21 43 113 86 72 120 217 185 252 417 643 802 1070 1413 1982 2436 3241 3964 5886 13833
 ... : 2 3 6 7 26 26 21 43 113 86 72 120 217 185 252 417 643 802 1070 1413 1982 2436 3246 3976 5922 13883
 ... : 2 3 6 7 26 26 21 43 113 86 72 120 217 185 252 417 643 802 1070 1413 1982 2442 3257 3993 5956 13918
 ... : 2 3 6 7 26 26 21 43 113 86 72 120 217 185 252 417 643 802 1070 1416 1983 2450 3266 4011 5991 13944
 ... : 2 3 6 7 26 26 21 43 113 86 72 120 217 185 252 417 643 802 1070 1416 1985 2455 3274 4032 6030 13966
 ... : 2 3 6 7 26 26 21 43 113 86 72 120 217 185 252 417 643 802 1070 1417 1991 2467 3282 4044 6056 14006
 ... : 2 3 6 7 26 26 21 43 113 86 72 120 217 185 252 417 643 802 1070 1417 1993 2475 3298 4073 6076 14029
 ... : 2 3 6 7 26 26 21 43 113 86 72 120 217 185 252 417 643 802 1070 1418 1995 2479 3306 4087 6104 14062
 ... : 2 3 6 7 26 26 21 43 113 86 72 120 217 185 252 417 643 802 1070 1422 2003 2483 3320 4109 6126 14079
 ... : 2 3 6 7 26 26 21 43 113 86 72 120 217 185 252 417 643 802 1070 1422 2003 2483 3320 4132 6171 14121
 ... : 2 3 6 7 26 26 21 43 113 86 72 120 217 185 252 417 643 802 1070 1422 2003 2483 3322 4138 6182 14259
 ... : 2 3 6 7 26 26 21 43 113 86 72 120 217 185 252 417 643 802 1069 1423 2004 2483 3326 4146 6209 14308
 ... : 2 3 6 7 26 26 21 43 113 86 72 120 217 185 252 417 643 803 1073 1426 2006 2485 3325 4153 6230 14332
 ... : 2 3 6 7 26 26 21 43 113 86 72 120 217 185 252 417 644 807 1078 1430 2012 2491 3329 4162 6225 14363
 ... : 2 3 6 7 26 26 21 43 113 86 72 120 217 185 252 417 644 808 1079 1435 2018 2505 3342 4178 6243 14385
 ... : 2 3 6 7 26 26 21 43 113 86 72 120 217 185 252 417 646 810 1082 1443 2023 2516 3348 4187 6249 14415
 ... : 2 3 6 7 26 26 21 43 113 86 72 120 217 185 252 417 647 814 1090 1455 2032 2525 3362 4201 6265 14434
 ... : 2 3 6 7 26 26 21 43 113 86 72 120 217 185 252 418 649 819 1095 1464 2041 2536 3374 4219 6277 14460
 ... : 2 3 6 7 26 26 21 43 113 86 72 120 217 185 252 418 649 821 1099 1474 2051 2556 3388 4233 6286 14481
 ... : 2 3 6 7 26 26 21 43 113 86 72 120 217 185 252 418 649 821 1100 1478 2057 2565 3394 4257 6315 14509
 ... : 2 3 6 7 26 26 21 43 113 86 72 120 217 185 252 418 650 821 1104 1487 2063 2574 3402 4269 6333 14552
 ... : 2 3 6 7 26 26 21 43 113 86 72 120 217 185 252 418 649 825 1107 1488 2071 2577 3397 4271 6325 14562
 ... : 2 3 6 7 26 26 21 43 113 86 72 120 217 185 252 418 649 825 1107 1488 2071 2577 3398 4271 6332 14637
 ... : 2 3 6 7 26 26 21 43 113 86 72 120 217 185 252 418 649 825 1107 1488 2071 2577 3399 4276 6360 14695
 ... : 2 3 6 7 26 26 21 43 113 86 72 120 217 185 252 418 649 825 1107 1488 2071 2577 3399 4278 6380 14738
 ... : 2 3 6 7 26 26 21 43 113 86 72 120 217 185 252 418 649 825 1107 1488 2071 2577 3395 4292 6414 14762
 ... : 2 3 6 7 26 26 21 43 113 86 72 120 217 185 252 418 649 825 1107 1488 2071 2577 3390 4289 6407 14743
 ... : 2 3 6 7 26 26 21 43 113 86 72 120 217 185 252 418 649 825 1107 1488 2071 2577 3390 4290 6410 14842
 ... : 2 3 6 7 26 26 21 43 113 86 72 120 217 185 252 418 649 825 1106 1488 2071 2577 3391 4294 6421 14927
 ... : 2 3 6 7 26 26 21 43 113 86 72 120 217 185 252 417 648 825 1106 1489 2072 2579 3391 4298 6432 14968
 ... : 2 3 6 7 26 26 21 43 113 86 72 120 217 185 252 417 648 825 1106 1489 2072 2580 3393 4299 6449 15018
 ... : 2 3 6 7 26 26 21 43 113 86 72 120 217 185 252 417 648 825 1106 1489 2072 2580 3393 4303 6457 15115
 ... : 2 3 6 7 26 26 21 43 113 86 72 120 217 185 252 417 648 825 1106 1489 2072 2580 3394 4314 6478 15188
 ... : 2 3 6 7 26 26 21 43 113 86 72 120 217 185 252 417 648 824 1106 1489 2072 2580 3393 4312 6493 15230
 ... : 2 3 6 7 26 26 21 43 113 86 72 120 217 185 252 417 648 824 1106 1489 2072 2580 3392 4311 6505 15302
 ... : 2 3 6 7 26 26 21 43 113 86 72 120 217 185 252 417 648 824 1106 1489 2072 2580 3391 4313 6524 15359
 ... : 2 3 6 7 26 26 21 43 113 86 72 120 217 185 252 417 648 824 1106 1489 2072 2580 3391 4312 6534 15426
 ... : 2 3 6 7 26 26 21 43 113 86 72 120 217 185 252 417 648 824 1106 1489 2072 2580 3395 4323 6553 15499
 ... : 2 3 6 7 26 26 21 43 113 86 72 120 217 185 252 417 648 824 1106 1489 2072 2580 3397 4333 6573 15554
 ... : 2 3 6 7 26 26 21 43 113 86 72 120 217 185 252 417 648 824 1106 1489 2072 2580 3404 4353 6613 15585
 ... : 2 3 6 7 26 26 21 43 113 86 72 120 217 185 252 417 648 824 1106 1489 2072 2580 3410 4370 6641 15623
 ... : 2 3 6 7 26 26 21 43 113 86 72 120 217 185 252 417 648 824 1106 1489 2072 2580 3413 4392 6696 15661
 ... : 2 3 6 7 26 26 21 43 113 86 72 120 217 185 252 417 648 824 1106 1489 2072 2580 3415 4398 6723 15705
 ... : 2 3 6 7 26 26 21 43 113 86 72 120 217 185 252 417 648 824 1106 1489 2072 2580 3419 4410 6749 15750
 ... : 2 3 6 7 26 26 21 43 113 86 72 120 217 185 252 417 648 824 1106 1489 2072 2580 3425 4431 6786 15793
 ... : 2 3 6 7 26 26 21 43 113 86 72 120 217 185 252 417 648 824 1106 1489 2072 2580 3427 4443 6812 15852
 ... : 2 3 6 7 26 26 21 43 113 86 72 120 217 185 252 417 648 824 1106 1489 2072 2580 3432 4470 6847 15883
 ... : 2 3 6 7 26 26 21 43 113 86 72 120 217 185 252 417 648 824 1106 1489 2072 2580 3437 4487 6880 15911
 ... : 2 3 6 7 26 26 21 43 113 86 72 120 217 185 252 417 648 824 1106 1489 2071 2582 3446 4512 6908 15929
 ... : 2 3 6 7 26 26 21 43 113 86 72 120 217 185 252 417 648 824 1106 1491 2076 2591 3459 4530 6929 15958
 ... : 2 3 6 7 26 26 21 43 113 86 72 120 217 185 252 417 648 824 1106 1491 2076 2592 3468 4546 6953 16008
 ... : 2 3 6 7 26 26 21 43 113 86 72 120 217 185 252 417 648 824 1106 1491 2076 2592 3468 4549 6960 16118
 ... : 2 3 6 7 26 26 21 43 113 86 72 120 217 185 252 417 648 824 1106 1491 2076 2592 3468 4549 6962 16221
 ... : 2 3 6 7 26 26 21 43 113 86 72 120 217 185 252 417 648 824 1106 1491 2077 2592 3468 4546 6959 16317
 ... : 2 3 6 7 26 26 21 43 113 86 72 120 217 185 252 417 648 824 1106 1491 2075 2581 3455 4555 6971 16409
 ... : 2 3 6 7 26 26 21 43 113 86 72 120 217 185 252 417 648 824 1106 1491 2075 2580 3455 4558 6999 16503
 ... : 2 3 6 7 26 26 21 43 113 86 72 120 217 185 252 417 648 824 1106 1491 2075 2579 3451 4563 7024 16563
 ... : 2 3 6 7 26 26 21 43 113 86 72 120 217 185 252 417 648 824 1106 1491 2075 2579 3451 4564 7047 16619
 ... : 2 3 6 7 26 26 21 43 113 86 72 120 217 185 252 417 648 824 1106 1491 2075 2579 3451 4569 7061 16698
 ... : 2 3 6 7 26 26 21 43 113 86 72 120 217 185 252 417 648 824 1106 1491 2075 2579 3452 4580 7102 16748
 ... : 2 3 6 7 26 26 21 43 113 86 72 120 217 185 252 417 648 824 1106 1491 2075 2579 3453 4580 7148 16790
 ... : 2 3 6 7 26 26 21 43 113 86 72 120 217 185 252 417 648 824 1106 1491 2075 2579 3453 4585 7184 16830
 ... : 2 3 6 7 26 26 21 43 113 86 72 120 217 185 252 417 648 824 1106 1491 2075 2579 3453 4592 7213 16890
 ... : 2 3 6 7 26 26 21 43 113 86 72 120 217 185 252 417 648 824 1106 1491 2075 2579 3453 4599 7251 16957
 ... : 2 3 6 7 26 26 21 43 113 86 72 120 217 185 252 417 648 824 1106 1491 2075 2579 3455 4609 7306 17003
 ... : 2 3 6 7 26 26 21 43 113 86 72 120 217 185 252 417 648 824 1106 1491 2075 2579 3458 4616 7340 17081
 ... : 2 3 6 7 26 26 21 43 113 86 72 120 217 185 252 417 648 824 1106 1491 2075 2579 3458 4624 7372 17161
 ... : 2 3 6 7 26 26 21 43 113 86 72 120 217 185 252 417 648 824 1106 1491 2075 2579 3463 4644 7407 17223
 ... : 2 3 6 7 26 26 21 43 113 86 72 120 217 185 252 417 648 824 1106 1491 2075 2579 3466 4657 7437 17281
 ... : 2 3 6 7 26 26 21 43 113 86 72 120 217 185 252 417 648 824 1106 1491 2076 2580 3471 4672 7478 17329
 ... : 2 3 6 7 26 26 21 43 113 86 72 120 217 185 252 417 648 824 1106 1491 2076 2581 3473 4690 7516 17376
 ... : 2 3 6 7 26 26 21 43 113 86 72 120 217 185 252 417 648 824 1106 1491 2076 2581 3479 4706 7545 17417
 ... : 2 3 6 7 26 26 21 43 113 86 72 120 217 185 252 418 657 831 1111 1496 2081 2583 3484 4716 7564 17450
 ... : 2 3 6 7 26 26 21 43 113 86 72 120 217 186 253 419 667 842 1136 1509 2095 2584 3484 4716 7580 17455
 ... : 2 3 6 7 26 26 21 43 113 86 72 120 217 188 257 425 683 865 1158 1527 2106 2586 3484 4716 7586 17464
 ... : 2 3 6 7 26 26 21 43 113 86 72 120 219 190 261 433 699 889 1181 1541 2113 2589 3484 4716 7590 17465
 ... : 2 3 6 7 26 26 21 43 113 86 72 120 219 190 261 435 711 901 1210 1567 2125 2594 3486 4718 7590 17465
 ... : 2 3 6 7 26 26 21 43 113 86 72 120 219 190 261 435 712 905 1224 1584 2151 2618 3495 4721 7594 17467
 ... : 2 3 6 7 26 26 21 43 113 86 72 120 219 190 261 435 712 906 1229 1590 2160 2634 3518 4726 7601 17476
 ... : 2 3 6 7 26 26 21 43 113 86 72 120 219 190 261 437 719 918 1244 1599 2168 2634 3514 4721 7595 17472
 ... : 2 3 6 7 26 26 21 43 113 86 72 120 219 190 261 437 728 932 1267 1611 2176 2648 3521 4725 7599 17474
 ... : 2 3 6 7 26 26 21 43 112 86 72 120 219 190 261 435 723 916 1242 1568 2147 2613 3477 4647 7479 17212
 ... : 2 3 6 7 26 26 21 43 112 86 72 120 219 190 261 435 723 916 1242 1568 2147 2617 3484 4666 7507 17248
 ... : 2 3 6 7 26 26 21 43 112 86 72 120 219 190 261 435 727 919 1248 1576 2150 2618 3488 4675 7511 17276
 ... : 2 3 6 7 26 26 21 43 112 86 72 120 219 191 262 434 730 926 1262 1591 2162 2626 3493 4678 7510 17289
 ... : 2 3 6 7 26 26 21 43 112 86 72 120 219 191 262 434 730 927 1266 1600 2174 2647 3510 4698 7515 17294
 ... : 2 3 6 7 26 26 21 43 112 86 72 120 219 191 262 434 731 929 1269 1602 2177 2657 3518 4714 7530 17316
 ... : 2 3 6 7 26 26 21 43 112 86 72 120 219 191 262 434 728 924 1258 1595 2173 2656 3521 4721 7541 17340
 ... : 2 3 6 7 26 26 21 43 112 86 72 120 219 191 262 434 728 924 1259 1602 2183 2677 3538 4738 7548 17351
 ... : 2 3 6 7 26 26 21 43 112 86 72 120 219 191 262 434 728 925 1260 1604 2187 2688 3559 4767 7572 17359
 ... : 2 3 6 7 26 26 21 43 112 86 72 120 219 191 262 434 728 925 1260 1605 2188 2690 3571 4790 7585 17388
 ... : 2 3 6 7 26 26 21 43 112 86 72 120 219 191 262 434 728 925 1260 1605 2187 2692 3576 4799 7605 17438
 ... : 2 3 6 7 26 26 21 43 112 86 72 120 219 191 262 434 728 925 1260 1606 2188 2695 3584 4826 7639 17474
 ... : 2 3 6 7 26 26 21 43 112 86 72 120 219 191 262 434 728 925 1260 1604 2186 2696 3589 4839 7671 17521
 ... : 2 3 6 7 26 26 21 43 112 86 72 120 219 191 262 434 728 925 1260 1605 2188 2699 3599 4856 7705 17558
 ... : 2 3 6 7 26 26 21 43 112 86 72 120 219 191 262 434 728 925 1260 1605 2188 2702 3608 4872 7728 17586
 ... : 2 3 6 7 26 26 21 43 112 86 72 120 219 192 263 438 731 930 1270 1621 2201 2714 3618 4868 7716 17594
 ... : 2 3 6 7 26 26 21 43 112 86 72 120 219 192 263 439 736 938 1280 1626 2214 2725 3630 4877 7719 17595
 ... : 2 3 6 7 26 26 21 43 112 86 72 120 219 192 263 439 738 941 1282 1635 2222 2740 3652 4898 7727 17602
 ... : 2 3 6 7 26 26 21 43 112 86 72 120 219 192 263 440 739 944 1291 1643 2228 2750 3660 4908 7746 17624
 ... : 2 3 6 7 26 26 21 43 112 86 72 120 219 192 263 440 739 944 1291 1644 2232 2762 3683 4937 7777 17630
 ... : 2 3 6 7 26 26 21 43 112 86 72 120 219 192 263 440 739 944 1291 1645 2236 2765 3692 4951 7796 17649
 ... : 2 3 6 7 26 26 21 43 112 86 72 120 219 192 263 442 745 952 1302 1662 2255 2782 3703 4953 7805 17652
 ... : 2 3 6 7 26 26 21 43 112 86 72 120 219 192 263 442 746 956 1311 1676 2269 2800 3724 4961 7810 17657
 ... : 2 3 6 7 26 26 21 43 112 86 72 120 219 192 263 443 746 957 1313 1680 2275 2815 3738 4971 7825 17665
 ... : 2 3 6 7 26 26 21 43 112 86 72 120 219 192 263 443 744 953 1306 1670 2267 2801 3720 4965 7823 17677
 ... : 2 3 6 7 26 26 21 43 112 86 72 120 219 192 263 443 744 954 1313 1669 2263 2796 3725 4970 7838 17697
 ... : 2 3 6 7 26 26 21 43 112 86 72 120 219 192 263 443 744 955 1315 1677 2275 2827 3744 4978 7844 17705
 ... : 2 3 6 7 26 26 21 43 112 86 72 120 219 192 264 445 750 961 1321 1682 2284 2837 3757 4988 7846 17717
 ... : 2 3 6 7 26 26 21 43 112 86 72 120 219 192 264 445 751 962 1322 1684 2284 2853 3777 5005 7856 17722
 ... : 2 3 6 7 26 26 21 43 112 86 72 120 219 192 264 446 753 966 1326 1687 2291 2871 3789 5018 7862 17725
 ... : 2 3 6 7 26 26 21 43 112 86 72 120 219 192 264 446 753 966 1331 1689 2295 2891 3808 5040 7874 17727
 ... : 2 3 6 7 26 26 21 43 112 86 72 120 219 192 264 446 753 966 1334 1693 2302 2902 3821 5073 7894 17733
 ... : 2 3 6 7 26 26 21 43 112 86 72 120 219 192 264 446 753 966 1334 1693 2302 2908 3832 5095 7915 17753
 ... : 2 3 6 7 26 26 21 43 112 86 72 120 219 192 264 446 753 966 1334 1693 2302 2913 3846 5124 7945 17763
 ... : 2 3 6 7 26 26 21 43 112 86 72 120 219 192 264 446 753 966 1334 1693 2304 2916 3860 5150 7979 17771
 ... : 2 3 6 7 26 26 21 43 112 86 72 120 219 192 264 446 754 969 1339 1698 2309 2922 3868 5163 8007 17780
 ... : 2 3 6 7 26 26 21 43 112 86 72 120 219 192 264 446 754 969 1340 1700 2312 2926 3877 5183 8048 17791
 ... : 2 3 6 7 26 26 21 43 112 86 72 120 219 192 264 447 755 973 1350 1707 2316 2933 3884 5191 8068 17815
 ... : 2 3 6 7 26 26 21 43 112 86 72 120 219 192 264 447 756 975 1355 1711 2326 2951 3902 5208 8079 17825
 ... : 2 3 6 7 26 26 21 43 112 86 72 120 219 192 264 447 756 975 1355 1713 2328 2956 3910 5225 8105 17847
 ... : 2 3 6 7 26 26 21 43 112 86 72 120 219 192 264 447 758 977 1356 1717 2331 2965 3921 5239 8132 17873
 ... : 2 3 6 7 26 26 21 43 112 86 72 120 219 192 265 448 763 983 1367 1728 2344 2979 3935 5250 8143 17877
 ... : 2 3 6 7 26 26 21 43 112 86 72 120 219 192 265 448 765 987 1376 1737 2354 2997 3958 5268 8152 17886
 ... : 2 3 6 7 26 26 21 43 112 86 72 120 219 192 267 450 769 994 1384 1748 2367 3009 3975 5282 8156 17890
 ... : 2 3 6 7 26 26 21 43 112 86 72 120 219 192 267 449 761 977 1360 1720 2336 2958 3903 5214 8103 17873
 ... : 2 3 6 7 26 26 21 43 112 86 72 120 219 192 267 449 761 977 1360 1720 2336 2958 3903 5222 8124 17916
 ... : 2 3 6 7 26 26 21 43 112 86 72 120 219 192 267 449 761 977 1360 1720 2336 2958 3903 5224 8163 17944
 ... : 2 3 6 7 26 26 21 43 112 86 72 120 219 192 267 449 761 977 1360 1720 2336 2960 3912 5231 8204 17973
 ... : 2 3 6 7 26 26 21 43 112 86 72 120 219 191 267 448 760 975 1358 1720 2336 2960 3916 5245 8242 18019
 ... : 2 3 6 7 26 26 21 43 112 86 72 120 219 189 267 448 760 975 1358 1720 2336 2959 3916 5246 8265 18055
 ... : 2 3 6 7 26 26 21 43 112 86 72 120 219 189 267 448 760 975 1358 1720 2336 2959 3915 5253 8306 18125
 ... : 2 3 6 7 26 26 21 43 112 86 72 120 219 189 267 448 760 975 1358 1720 2336 2959 3915 5262 8351 18193
 ... : 2 3 6 7 26 26 21 43 112 86 72 120 219 189 267 448 760 975 1358 1720 2336 2959 3915 5277 8398 18246
 ... : 2 3 6 7 26 26 21 43 112 86 72 120 219 189 267 448 760 975 1358 1720 2336 2959 3917 5282 8441 18305
 ... : 2 3 6 7 26 26 21 43 112 86 72 120 219 189 267 448 760 975 1358 1720 2337 2960 3915 5281 8412 18301
 ... : 2 3 6 7 26 26 21 43 112 86 72 120 219 189 267 448 760 975 1358 1720 2337 2960 3916 5296 8412 18329
 ... : 2 3 6 7 26 26 21 43 112 86 72 120 219 189 267 448 760 975 1358 1720 2337 2960 3918 5304 8458 18380
 ... : 2 3 6 7 26 26 21 43 112 86 72 120 219 189 267 448 760 975 1358 1720 2337 2960 3920 5307 8467 18403
 ... : 2 3 6 7 26 26 21 43 112 86 72 120 219 189 267 448 760 975 1358 1720 2337 2960 3924 5324 8502 18446
 ... : 2 3 6 7 26 26 21 43 112 86 72 120 219 189 267 448 760 975 1358 1726 2338 2968 3932 5341 8537 18485
 ... : 2 3 6 7 26 26 21 43 112 86 72 120 219 189 267 448 760 975 1358 1726 2338 2968 3934 5341 8574 18540
 ... : 2 3 6 7 26 26 21 43 112 86 72 120 219 189 267 448 760 975 1358 1726 2338 2968 3934 5353 8606 18609
 ... : 2 3 6 7 26 26 21 43 112 86 72 120 219 189 267 448 760 975 1358 1726 2338 2968 3935 5376 8620 18667
 ... : 2 3 6 7 26 26 21 43 112 86 72 120 219 189 267 448 760 975 1358 1726 2338 2968 3937 5386 8649 18708
 ... : 2 3 6 7 26 26 21 43 112 86 72 120 219 189 267 448 760 975 1358 1726 2338 2968 3939 5392 8670 18756
 ... : 2 3 6 7 26 26 21 43 112 86 72 120 219 189 267 448 760 975 1358 1726 2338 2968 3941 5403 8711 18791
 ... : 2 3 6 7 26 26 21 43 112 86 72 120 219 189 267 448 760 975 1358 1726 2338 2968 3947 5419 8747 18826
 ... : 2 3 6 7 26 26 21 43 112 86 72 120 219 189 267 448 760 975 1358 1726 2338 2968 3954 5448 8792 18861
 ... : 2 3 6 7 26 26 21 43 112 86 72 120 219 189 267 448 760 975 1358 1726 2338 2969 3956 5460 8830 18902
 ... : 2 3 6 7 26 26 21 43 112 86 72 120 219 189 267 448 760 975 1358 1727 2344 2977 3965 5473 8866 18938
 ... : 2 3 6 7 26 26 21 43 112 86 72 120 219 189 267 448 760 975 1358 1727 2344 2977 3975 5487 8899 18978
 ... : 2 3 6 7 26 26 21 43 112 86 72 120 219 189 267 448 760 975 1358 1727 2344 2977 3975 5493 8931 19044
 ... : 2 3 6 7 26 26 21 43 112 86 72 120 219 189 267 448 760 975 1358 1727 2344 2976 3973 5502 8956 19094
 ... : 2 3 6 7 26 26 21 43 112 86 72 120 219 189 267 448 760 975 1358 1725 2344 2976 3973 5510 8980 19159
 ... : 2 3 6 7 26 26 21 43 112 86 72 120 219 189 267 448 760 975 1358 1725 2344 2976 3973 5515 9006 19225
 ... : 2 3 6 7 26 26 21 43 112 86 72 120 219 189 267 448 760 975 1358 1725 2344 2976 3974 5524 9037 19264
 ... : 2 3 6 7 26 26 21 43 112 86 72 120 219 189 267 448 760 975 1358 1725 2345 2977 3984 5537 9073 19288
 ... : 2 3 6 7 26 26 21 43 112 86 72 120 219 189 267 448 760 975 1358 1725 2348 2982 4007 5566 9110 19304
 ... : 2 3 6 7 26 26 21 43 112 86 72 120 219 189 267 448 760 975 1358 1725 2348 2982 4012 5580 9145 19349
 ... : 2 3 6 7 26 26 21 43 112 86 72 120 219 189 267 448 760 975 1358 1725 2348 2982 4013 5590 9197 19385
 ... : 2 3 6 7 26 26 21 43 112 86 72 120 219 189 267 448 760 975 1358 1725 2348 2982 4018 5606 9242 19424
 ... : 2 3 6 7 26 26 21 43 112 86 72 120 219 189 267 448 760 975 1358 1725 2348 2982 4029 5606 9280 19428
 ... : 2 3 6 7 26 26 21 43 112 86 72 120 219 189 267 448 760 975 1358 1725 2348 2983 4035 5618 9318 19465
 ... : 2 3 6 7 26 26 21 43 112 86 72 120 219 189 267 448 760 975 1358 1725 2348 2986 4048 5639 9353 19486
 ... : 2 3 6 7 26 26 21 43 112 86 72 120 219 189 267 448 760 975 1358 1725 2348 2987 4050 5645 9361 19499
 ... : 2 3 6 7 26 26 21 43 112 86 72 120 219 189 267 448 760 975 1358 1725 2350 2990 4063 5659 9392 19540
 ... : 2 3 6 7 26 26 21 43 112 86 72 120 219 189 267 448 760 975 1358 1725 2350 2991 4072 5678 9427 19576
 ... : 2 3 6 7 26 26 21 43 112 86 72 120 219 189 267 448 760 975 1358 1725 2351 2995 4080 5695 9456 19614
 ... : 2 3 6 7 26 26 21 43 112 86 72 120 219 189 267 448 760 975 1358 1725 2351 2997 4084 5706 9495 19644
 ... : 2 3 6 7 26 26 21 43 112 86 72 120 219 189 267 448 760 975 1358 1725 2352 2997 4088 5721 9536 19693
 ... : 2 3 6 7 26 26 21 43 112 86 72 120 219 189 267 448 760 975 1358 1725 2352 2997 4088 5729 9587 19747
 ... : 2 3 6 7 26 26 21 43 112 86 72 120 219 189 267 448 760 975 1358 1725 2352 2997 4091 5736 9627 19799
 ... : 2 3 6 7 26 26 21 43 112 86 72 120 219 189 267 448 760 975 1358 1725 2354 3000 4102 5749 9670 19839
 ... : 2 3 6 7 26 26 21 43 112 86 72 120 219 189 267 448 760 975 1358 1725 2354 3001 4107 5768 9706 19879
 ... : 2 3 6 7 26 26 21 43 112 86 72 120 219 189 267 448 760 975 1358 1725 2355 3003 4115 5774 9753 19907
 ... : 2 3 6 7 26 26 21 43 112 86 72 120 219 189 267 448 760 975 1358 1726 2357 3005 4123 5781 9790 19947
 ... : 2 3 6 7 26 26 21 43 112 86 72 120 219 189 267 448 760 975 1358 1726 2358 3008 4126 5788 9825 19967
 ... : 2 3 6 7 26 26 21 43 112 86 72 120 219 188 266 448 759 970 1356 1722 2358 3006 4126 5783 9812 19860
 ... : 2 3 6 7 26 26 21 43 112 86 72 120 219 188 266 448 759 970 1356 1722 2360 3009 4139 5800 9861 19896
 ... : 2 3 6 7 26 26 21 43 112 86 72 120 219 188 266 448 759 970 1356 1722 2360 3011 4148 5816 9891 19924
 ... : 2 3 6 7 26 26 21 43 112 86 72 120 219 188 266 448 759 970 1356 1724 2362 3022 4160 5837 9915 19950
 ... : 2 3 6 7 26 26 21 43 112 86 72 120 219 188 266 448 759 970 1356 1728 2366 3033 4175 5860 9943 19968
 ... : 2 3 6 7 26 26 21 43 112 86 72 120 219 188 266 448 759 970 1356 1729 2368 3036 4181 5866 9976 19993
 ... : 2 3 6 7 26 26 21 43 112 86 72 120 219 188 266 448 759 970 1356 1729 2368 3037 4184 5872 10015 20013
 ... : 2 3 6 7 26 26 21 43 112 86 72 120 219 188 266 448 759 970 1356 1733 2371 3042 4186 5880 10012 20022
 ... : 2 3 6 7 26 26 21 43 112 86 72 120 219 188 266 448 759 970 1356 1735 2374 3049 4204 5903 10045 20039
 ... : 2 3 6 7 26 26 21 43 112 86 72 120 219 188 266 448 759 970 1356 1735 2374 3049 4204 5915 10095 20096
 ... : 2 3 6 7 26 26 21 43 112 86 72 120 219 188 266 448 759 970 1356 1735 2375 3051 4206 5928 10146 20137
 ... : 2 3 6 7 26 26 21 43 112 86 72 120 219 188 266 448 759 970 1356 1735 2377 3057 4221 5952 10179 20167
 ... : 2 3 6 7 26 26 21 43 112 86 72 120 219 188 266 448 759 970 1356 1735 2377 3057 4222 5966 10209 20203
 ... : 2 3 6 7 26 26 21 43 112 86 72 120 219 188 266 448 759 970 1356 1736 2383 3065 4240 5987 10235 20237
 ... : 2 3 6 7 26 26 21 43 112 86 72 120 219 188 266 448 759 970 1356 1736 2383 3065 4248 6009 10278 20281
 ... : 2 3 6 7 26 26 21 43 112 86 72 120 219 188 266 448 759 970 1356 1736 2383 3065 4257 6031 10316 20315
 ... : 2 3 6 7 26 26 21 43 112 86 72 120 219 188 266 448 759 970 1356 1736 2385 3067 4267 6051 10359 20355
 ... : 2 3 6 7 26 26 21 43 112 86 72 120 219 188 266 448 759 970 1356 1735 2385 3065 4274 6079 10384 20390
 ... : 2 3 6 7 26 26 21 43 112 86 72 120 219 188 266 448 759 970 1356 1735 2392 3071 4287 6096 10402 20416
 ... : 2 3 6 7 26 26 21 43 112 86 72 120 219 188 266 448 759 970 1356 1735 2393 3075 4294 6113 10436 20444
 ... : 2 3 6 7 26 26 21 43 112 86 72 120 219 188 266 448 759 970 1356 1736 2395 3077 4298 6123 10485 20476
 ... : 2 3 6 7 26 26 21 43 112 86 72 120 219 188 266 448 759 970 1356 1740 2384 3067 4289 6123 10374 20496
 ... : 2 3 6 7 26 26 21 43 112 86 72 120 219 188 266 448 759 970 1356 1740 2384 3067 4287 6107 10219 20473
 ... : 2 3 6 7 26 26 21 43 112 86 72 120 219 188 266 448 759 970 1356 1740 2384 3067 4287 6116 10252 20528
 ... : 2 3 6 7 26 26 21 43 112 86 72 120 219 188 266 448 759 970 1356 1740 2384 3064 4290 6123 10259 20550
 ... : 2 3 6 7 26 26 21 43 112 86 72 120 219 188 266 448 759 970 1356 1740 2384 3064 4298 6151 10304 20560
 ... : 2 3 6 7 26 26 21 43 112 86 72 120 219 188 266 448 759 970 1356 1740 2384 3064 4303 6157 10327 20605
 ... : 2 3 6 7 26 26 21 43 112 86 72 120 219 188 266 448 759 970 1356 1740 2384 3064 4305 6172 10344 20658
 ... : 2 3 6 7 26 26 21 43 112 86 72 120 219 188 266 448 759 970 1356 1740 2384 3064 4305 6180 10376 20726
 ... : 2 3 6 7 26 26 21 43 112 86 72 120 219 188 266 448 759 970 1356 1740 2384 3064 4306 6189 10413 20780
 ... : 2 3 6 7 26 26 21 43 112 86 72 120 219 188 266 448 759 970 1356 1740 2384 3064 4312 6205 10461 20840
 ... : 2 3 6 7 26 26 21 43 112 86 72 120 219 188 266 448 759 970 1356 1740 2384 3064 4314 6223 10495 20888
 ... : 2 3 6 7 26 26 21 43 112 86 72 120 219 188 266 448 759 970 1356 1740 2384 3064 4314 6238 10528 20936
 ... : 2 3 6 7 26 26 21 43 112 86 72 120 219 188 266 448 759 970 1356 1740 2384 3064 4313 6251 10547 20979
 ... : 2 3 6 7 26 26 21 43 112 86 72 120 219 188 266 448 759 970 1356 1740 2384 3064 4321 6271 10583 21010
 ... : 2 3 6 7 26 26 21 43 112 86 72 120 219 188 266 448 759 970 1356 1740 2384 3064 4325 6293 10632 21054
 ... : 2 3 6 7 26 26 21 43 112 86 72 120 219 188 266 448 759 970 1356 1740 2386 3066 4334 6315 10673 21094
 ... : 2 3 6 7 26 26 21 43 112 86 72 120 219 188 266 448 759 970 1356 1740 2388 3071 4345 6335 10717 21126
 ... : 2 3 6 7 26 26 21 43 112 86 72 120 219 188 266 448 759 970 1356 1740 2387 3072 4353 6357 10755 21167
 ... : 2 3 6 7 26 26 21 43 112 86 72 120 219 188 266 448 759 970 1356 1740 2387 3072 4357 6374 10795 21211
 ... : 2 3 6 7 26 26 21 43 112 86 72 120 219 188 266 448 759 970 1356 1740 2387 3072 4359 6389 10834 21257
 ... : 2 3 6 7 26 26 21 43 112 86 72 120 219 188 266 448 759 970 1356 1740 2387 3072 4359 6401 10848 21314
 ... : 2 3 6 7 26 26 21 43 112 86 72 120 219 188 266 448 759 970 1356 1740 2387 3072 4361 6420 10899 21357
 ... : 2 3 6 7 26 26 21 43 112 86 72 120 219 188 266 448 759 970 1356 1743 2391 3080 4369 6442 10927 21392
 ... : 2 3 6 7 26 26 21 43 112 86 72 120 219 188 266 448 759 970 1356 1743 2392 3083 4377 6459 10966 21426
 ... : 2 3 6 7 26 26 21 43 112 86 72 120 219 188 266 448 759 970 1356 1743 2392 3083 4386 6496 11001 21457
 ... : 2 3 6 7 26 26 21 43 112 86 72 120 219 188 266 448 759 970 1356 1744 2395 3091 4400 6526 11040 21484
 ... : 2 3 6 7 26 26 21 43 112 86 72 120 219 188 266 448 759 970 1356 1747 2397 3097 4411 6545 11068 21509
 ... : 2 3 6 7 26 26 21 43 112 86 72 120 219 188 266 448 759 970 1356 1747 2399 3104 4419 6564 11105 21528
 ... : 2 3 6 7 26 26 21 43 112 86 72 120 219 188 266 448 759 970 1356 1747 2400 3106 4426 6576 11146 21583
 ... : 2 3 6 7 26 26 21 43 112 86 72 120 219 188 266 448 759 970 1356 1748 2400 3107 4427 6600 11176 21611
 ... : 2 3 6 7 26 26 21 43 112 86 72 120 219 188 266 448 759 970 1356 1748 2400 3107 4428 6619 11218 21656
 ... : 2 3 6 7 26 26 21 43 112 86 72 120 219 188 266 448 759 970 1356 1748 2400 3107 4431 6634 11253 21709
 ... : 2 3 6 7 26 26 21 43 112 86 72 120 219 188 266 448 759 970 1356 1748 2400 3111 4436 6654 11284 21721
 ... : 2 3 6 7 26 26 21 43 112 86 72 120 219 188 266 448 759 970 1356 1748 2402 3117 4441 6672 11321 21771
 ... : 2 3 6 7 26 26 21 43 112 86 72 120 219 188 266 448 759 970 1356 1748 2403 3128 4460 6699 11348 21789
 ... : 2 3 6 7 26 26 21 43 112 86 72 120 219 188 266 448 759 970 1356 1748 2403 3128 4462 6713 11391 21848
 ... : 2 3 6 7 26 26 21 43 112 86 72 120 219 188 266 448 759 970 1356 1748 2403 3129 4466 6740 11436 21887
 ... : 2 3 6 7 26 26 21 43 112 86 72 120 219 188 266 448 759 970 1356 1748 2404 3134 4475 6762 11468 21930
 ... : 2 3 6 7 26 26 21 43 112 86 72 120 219 188 266 448 759 970 1356 1748 2406 3140 4487 6784 11496 21952
 ... : 2 3 6 7 26 26 21 43 112 86 72 120 219 188 266 448 759 970 1356 1748 2406 3144 4498 6807 11536 21984
 ... : 2 3 6 7 26 26 21 43 112 86 72 120 219 188 266 448 759 970 1356 1748 2406 3148 4511 6836 11576 22021
 ... : 2 3 6 7 26 26 21 43 112 86 72 120 219 188 266 448 759 970 1356 1748 2408 3155 4523 6863 11618 22055
 ... : 2 3 6 7 26 26 21 43 112 86 72 120 219 188 266 448 759 970 1356 1748 2408 3159 4531 6888 11665 22096
 ... : 2 3 6 7 26 26 21 43 112 86 72 120 219 188 266 448 759 970 1356 1748 2410 3163 4538 6902 11708 22142
 ... : 2 3 6 7 26 26 21 43 112 86 72 120 219 188 266 448 759 970 1356 1748 2410 3164 4542 6925 11751 22189
 ... : 2 3 6 7 26 26 21 43 112 86 72 120 219 188 266 448 759 970 1356 1748 2410 3165 4552 6957 11800 22225
 ... : 2 3 6 7 26 26 21 43 112 86 72 120 219 188 266 448 759 970 1356 1748 2410 3166 4561 6978 11835 22269
 ... : 2 3 6 7 26 26 21 43 112 86 72 120 219 188 266 448 759 970 1356 1749 2412 3173 4573 7004 11876 22310
 ... : 2 3 6 7 26 26 21 43 112 86 72 120 219 188 266 448 759 970 1356 1749 2412 3176 4586 7033 11915 22336
 ... : 2 3 6 7 26 26 21 43 112 86 72 120 219 188 266 448 759 970 1356 1749 2413 3181 4597 7050 11933 22367
 ... : 2 3 6 7 26 26 21 43 112 86 72 120 219 188 266 448 759 970 1356 1749 2413 3181 4598 7069 11985 22412
 ... : 2 3 6 7 26 26 21 43 112 86 72 120 219 188 266 448 759 970 1356 1749 2413 3182 4602 7083 12033 22470
 ... : 2 3 6 7 26 26 21 43 112 86 72 120 219 188 266 448 759 970 1356 1749 2413 3184 4609 7111 12073 22514
 ... : 2 3 6 7 26 26 21 43 112 86 72 120 219 188 266 448 759 970 1356 1749 2413 3185 4615 7136 12112 22535
 ... : 2 3 6 7 26 26 21 43 112 86 72 120 219 188 266 448 759 970 1358 1752 2420 3194 4624 7155 12136 22565
 ... : 2 3 6 7 26 26 21 43 112 86 72 120 219 188 266 448 759 970 1358 1752 2421 3201 4636 7175 12177 22580
 ... : 2 3 6 7 26 26 21 43 112 86 72 120 219 188 266 448 759 970 1360 1757 2427 3210 4645 7198 12210 22603
 ... : 2 3 6 7 26 26 21 43 112 86 72 120 219 188 266 448 759 970 1360 1759 2429 3215 4657 7222 12248 22637
 ... : 2 3 6 7 26 26 21 43 112 86 72 120 219 188 266 448 759 970 1360 1761 2433 3225 4673 7252 12279 22659
 ... : 2 3 6 7 26 26 21 43 112 86 72 120 219 188 266 448 759 970 1361 1766 2437 3234 4690 7272 12323 22690
 ... : 2 3 6 7 26 26 21 43 112 86 72 120 219 188 266 448 759 970 1361 1766 2437 3234 4692 7292 12373 22741
 ... : 2 3 6 7 26 26 21 43 112 86 72 120 219 188 266 448 759 970 1361 1766 2437 3234 4693 7302 12434 22799
