initialized model with 80150 latches, 770 inputs and 1 properties
tsim: performed 363 steps
tsim: found 4469 constants and 10 latch equivalences
seqsimpl: found 6 latch equivalences
seqsimpl: (80150, 770) -> (62051, 770)
checking bound 0
checking bound 1
checking bound 2
tdecomp: unrolling 2 cycles
tsim: performed 221 steps
tsim: found 20 constants and 0 latch equivalences
tdecomp: (62051, 3080) -> (62031, 770)
   2 : 4 1
   3 : 6 3 5
   4 : 6 3 3 2
   5 : 6 3 3 3 5
   6 : 6 3 3 3 2 5
   7 : 6 3 3 3 2 2 3
   8 : 6 3 3 3 2 2 2 9
   9 : 7 4 6 4 3 5 3 4 24
  10 : 7 4 6 4 3 5 3 4 3 52
 ... : 7 4 12 10 10 12 4 5 10 79
 ... : 7 4 14 22 22 18 9 16 16 86
 ... : 7 4 16 25 26 23 16 21 22 127
  11 : 6 3 17 15 17 28 23 19 15 11 152
 ... : 7 5 17 17 17 28 23 19 15 11 206
 ... : 7 5 17 17 17 28 23 19 15 11 244
 ... : 7 5 17 18 17 28 23 19 15 11 283
  12 : 6 6 15 17 16 26 20 17 12 8 3 285
  13 : 6 6 15 17 16 26 20 17 12 8 3 2 283
 ... : 6 6 17 31 23 32 24 20 12 9 3 6 305
 ... : 6 6 19 33 30 41 31 31 17 11 3 6 318
 ... : 6 6 21 33 30 41 34 34 21 11 3 6 367
 ... : 6 6 21 34 32 47 49 36 27 11 3 6 401
 ... : 6 6 21 34 32 47 73 36 28 11 3 6 440
 ... : 6 6 21 34 32 47 107 36 28 11 3 6 473
 ... : 6 6 21 41 41 51 117 36 28 11 3 6 509
 ... : 6 6 21 44 47 57 122 44 33 28 18 6 515
 ... : 6 6 21 44 47 57 122 47 36 60 35 17 522
 ... : 6 6 21 44 47 57 122 47 36 96 48 17 540
 ... : 6 6 21 44 47 57 122 47 36 134 60 17 557
 ... : 6 6 21 44 47 57 122 49 43 157 72 20 574
 ... : 6 6 23 46 49 61 124 56 48 166 77 22 597
 ... : 6 6 23 46 49 62 125 57 49 170 82 35 637
 ... : 7 7 24 47 50 64 126 59 52 173 86 50 669
 ... : 7 7 24 47 50 66 130 63 57 177 91 52 716
  14 : 6 4 23 40 44 51 115 47 41 168 92 29 29 705
 ... : 6 5 22 39 43 51 115 47 41 168 94 32 33 741
  15 : 6 5 22 37 40 48 112 39 32 149 76 33 31 7 710
  16 : 6 4 18 34 37 42 107 30 28 139 70 26 19 3 2 643
  17 : 6 4 18 34 37 42 107 30 28 139 70 26 19 3 2 1 642
  18 : 6 4 18 34 37 42 107 30 28 139 70 26 19 3 2 1 1 641
  19 : 6 4 18 34 37 42 107 30 28 139 70 26 19 3 2 1 1 1 640
  20 : 6 4 18 34 37 42 107 30 28 139 70 26 19 3 2 1 1 1 1 639
  21 : 6 4 18 34 37 42 107 30 28 139 70 26 19 3 2 1 1 1 1 8 631
  22 : 6 4 18 34 37 42 107 30 28 139 70 26 19 3 2 1 1 1 1 8 11 620
  23 : 6 4 18 34 37 42 107 30 28 139 70 26 19 3 2 1 1 1 1 8 11 43 577
  24 : 6 4 18 34 37 42 107 30 28 139 70 26 19 3 2 1 1 1 1 8 11 43 24 553
  25 : 6 4 18 34 37 42 107 30 28 139 70 26 19 3 2 1 1 1 1 8 11 43 24 133 420
  26 : 6 4 18 34 37 42 107 30 28 139 70 26 19 3 2 1 1 1 1 8 11 43 24 133 18 402
  27 : 6 4 18 34 37 42 107 30 28 139 70 26 19 3 2 1 1 1 1 8 11 43 24 133 18 10 392
  28 : 6 4 18 34 37 42 107 30 28 139 70 26 19 3 2 1 1 1 1 8 11 43 24 133 18 10 3 389
  29 : 6 4 18 34 37 42 107 30 28 139 70 26 19 3 2 1 1 1 1 8 11 43 24 133 18 10 3 1 388
  30 : 6 4 18 34 37 42 107 30 28 139 70 26 19 3 2 1 1 1 1 8 11 43 24 133 18 10 3 1 1 387
  31 : 6 4 18 34 37 42 107 30 28 139 70 26 19 3 2 1 1 1 1 8 11 43 24 133 18 10 3 1 1 1 386
  32 : 6 4 18 34 37 42 107 30 28 139 70 26 19 3 2 1 1 1 1 8 11 43 24 133 18 10 3 1 1 1 1 385
  33 : 6 4 18 34 37 42 107 30 28 139 70 26 19 3 2 1 1 1 1 8 11 43 24 133 18 10 3 1 1 1 1 1 384
  34 : 6 4 18 34 37 42 107 30 28 139 70 26 19 3 2 1 1 1 1 8 11 43 24 133 18 10 3 1 1 1 1 1 1 383
  35 : 6 4 18 34 37 42 107 30 28 139 70 26 19 3 2 1 1 1 1 8 11 43 24 133 18 10 3 1 1 1 1 1 1 1 382
  36 : 6 4 18 34 37 42 107 30 28 139 70 26 19 3 2 1 1 1 1 8 11 43 24 133 18 10 3 1 1 1 1 1 1 1 1 381
  37 : 6 4 18 34 37 42 107 30 28 139 70 26 19 3 2 1 1 1 1 8 11 43 24 133 18 10 3 1 1 1 1 1 1 1 1 1 380
  38 : 6 4 18 34 37 42 107 30 28 139 70 26 19 3 2 1 1 1 1 8 11 43 24 133 18 10 3 1 1 1 1 1 1 1 1 1 1 379
 ... : 6 4 18 34 37 42 107 30 28 139 70 26 19 3 2 1 1 1 1 8 11 43 24 131 16 10 3 1 1 2 2 2 2 3 3 4 8 426
 ... : 6 4 18 34 37 42 107 30 28 139 70 26 19 3 2 1 1 1 1 8 11 43 24 131 16 10 3 1 1 2 2 2 2 3 3 4 8 492
 ... : 6 4 18 34 37 42 107 30 28 139 70 26 19 3 2 1 1 1 1 8 11 43 24 131 16 10 3 1 1 2 2 2 2 3 3 4 8 559
 ... : 6 4 18 34 37 42 107 30 28 139 70 26 19 3 2 1 1 1 1 8 11 43 24 131 16 10 3 1 1 2 2 2 2 3 3 4 8 626
 ... : 6 4 18 34 37 42 107 30 28 139 70 26 19 3 2 1 1 1 1 8 11 43 24 133 17 11 3 1 1 2 2 2 2 3 3 4 8 688
 ... : 6 4 18 34 37 42 107 30 28 139 70 26 19 3 2 1 1 1 1 8 11 43 24 133 17 13 3 1 1 2 2 2 2 3 3 4 8 755
 ... : 6 4 18 34 37 42 107 30 28 139 70 26 19 3 2 1 1 1 1 8 11 43 24 133 17 13 3 1 1 2 2 2 2 3 3 4 8 821
 ... : 6 4 18 34 37 42 107 30 28 139 70 26 19 3 2 1 1 1 1 8 11 43 24 133 17 13 3 1 1 2 2 2 2 3 3 4 8 885
 ... : 6 4 18 34 37 42 107 30 28 139 70 26 19 3 2 1 1 1 1 8 11 43 24 133 17 13 3 1 1 2 2 2 2 3 3 4 8 948
 ... : 6 4 18 34 37 42 107 30 28 139 70 26 19 3 2 1 1 1 1 8 11 43 24 133 17 13 3 1 1 2 2 2 2 3 3 4 8 1009
 ... : 6 4 18 34 37 42 107 30 28 139 70 26 19 3 2 1 1 1 1 8 11 43 24 133 16 13 3 1 1 2 2 3 2 3 3 4 9 1061
 ... : 6 4 18 34 37 42 107 30 28 139 70 26 19 3 2 1 1 1 1 8 11 43 24 133 16 13 3 1 1 2 2 3 2 3 3 4 9 1114
 ... : 6 4 18 34 37 42 107 30 28 139 70 26 19 3 2 1 1 1 1 8 11 43 24 133 16 13 3 1 1 2 2 3 2 3 3 4 9 1181
  39 : 6 4 18 34 37 41 107 30 28 139 70 26 19 3 2 1 1 1 1 8 11 37 23 129 15 7 4 2 2 3 3 4 3 4 4 5 5 30 1187
