initialized model with 202 latches, 209 inputs and 1 properties
tsim: performed 12 steps
tsim: found cycle from 10
tsim: found 0 constants and 1 latch equivalences
seqsimpl: (202, 209) -> (201, 209)
checking bound 0
checking bound 1
checking bound 2
tdecomp: unrolling 2 cycles
tsim: performed 11 steps
tsim: found cycle from 9
tsim: found 1 constants and 0 latch equivalences
tdecomp: (201, 836) -> (200, 244)
   2 : 3 1
   3 : 3 1 3
   4 : 3 1 1 3
   5 : 3 1 1 1 3
   6 : 3 1 1 1 1 8
   7 : 3 1 1 1 1 1 11
   8 : 3 1 1 1 1 1 1 11
   9 : 3 1 1 1 1 1 1 1 22
  10 : 3 1 1 1 1 1 1 1 1 29
  11 : 3 1 1 1 1 1 1 1 1 1 29
  12 : 3 1 1 1 1 1 1 1 1 1 1 32
  13 : 3 1 1 1 1 1 1 1 1 1 1 1 48
  14 : 3 1 1 1 1 1 1 1 1 1 1 1 1 47
  15 : 3 1 1 1 1 1 1 1 1 1 1 1 1 1 47
  16 : 3 1 1 1 1 1 1 1 1 1 1 1 1 1 1 76
  17 : 3 1 1 1 1 1 1 1 1 1 1 1 1 1 1 1 75
 ... : 3 1 1 1 1 1 1 1 1 1 1 1 1 1 1 25 121
 ... : 3 1 1 1 1 1 1 1 1 1 1 1 2 1 3 37 169
 ... : 3 1 1 1 1 1 1 1 1 1 1 1 2 1 3 35 234
 ... : 3 1 1 1 1 1 1 1 1 1 1 1 2 1 3 35 298
 ... : 3 1 1 1 1 1 1 1 1 1 2 2 3 2 4 36 357
 ... : 3 1 1 1 1 1 1 1 1 1 2 2 3 2 4 37 406
 ... : 3 1 1 1 1 1 1 1 1 1 2 2 3 2 4 39 469
 ... : 3 1 1 1 1 1 1 1 1 1 2 2 3 2 4 41 533
 ... : 3 1 1 1 1 1 1 1 1 1 3 3 4 3 4 44 591
 ... : 3 1 1 1 1 1 1 1 1 1 3 3 4 3 4 48 651
 ... : 3 1 1 1 1 1 1 1 1 1 3 3 4 3 4 49 713
 ... : 3 1 1 1 1 1 1 1 1 1 3 3 4 6 5 51 766
 ... : 3 1 1 1 1 2 1 1 1 1 3 3 4 6 5 51 827
  18 : 3 1 1 1 1 1 1 1 1 1 1 2 4 5 6 6 9 857
 ... : 3 1 1 1 1 1 1 1 1 1 1 2 4 5 6 6 9 929
 ... : 3 1 1 1 1 1 1 1 1 1 1 2 4 5 6 6 11 991
 ... : 3 1 1 1 1 1 1 1 1 1 1 2 4 5 6 6 14 1055
 ... : 3 1 1 1 1 1 1 1 1 1 1 2 4 5 6 6 19 1115
 ... : 3 1 1 1 1 1 1 1 1 1 1 2 4 5 6 6 23 1181
 ... : 3 1 1 1 1 1 1 1 1 1 1 2 4 5 6 6 24 1248
 ... : 3 1 1 1 1 1 1 1 1 1 1 2 4 5 6 6 29 1232
 ... : 3 1 1 1 1 1 1 1 1 1 1 2 4 5 6 6 37 1288
 ... : 3 1 1 1 1 1 1 1 1 1 1 2 4 5 6 6 42 1335
 ... : 3 1 1 1 1 1 1 2 1 1 1 1 1 5 6 6 43 1387
 ... : 3 1 1 1 1 1 1 2 1 1 1 1 1 1 1 6 44 1443
  19 : 3 1 1 1 1 1 1 1 1 1 1 1 1 1 1 1 1 2 1175
  20 : 3 1 1 1 1 1 1 1 1 1 1 1 1 1 1 1 1 1 3 1168
  21 : 3 1 1 1 1 1 1 1 1 1 1 1 1 1 1 1 1 1 1 2 1169
  22 : 3 1 1 1 1 1 1 1 1 1 1 1 1 1 1 1 1 1 1 1 1 1167
  23 : 3 1 1 1 1 1 1 1 1 1 1 1 1 1 1 1 1 1 1 1 1 1 1167
  24 : 3 1 1 1 1 1 1 1 1 1 1 1 1 1 1 1 1 1 1 1 1 1 1 1182
  25 : 3 1 1 1 1 1 1 1 1 1 1 1 1 1 1 1 1 1 1 1 1 1 1 1 1187
 ... : 3 1 1 1 1 1 1 1 1 1 1 1 1 1 1 1 1 1 1 1 1 1 1 1 1251
 ... : 3 1 1 1 1 1 1 1 1 1 1 1 1 1 1 1 1 1 1 1 1 1 1 1 1317
 ... : 3 1 1 1 1 1 1 1 1 1 1 1 1 1 1 1 1 1 1 1 1 1 1 1 1380
 ... : 3 1 1 1 1 1 1 1 1 1 1 1 1 1 1 1 1 2 1 1 1 1 1 1 1447
 ... : 3 1 1 1 1 1 1 1 1 1 1 1 1 1 1 1 1 2 1 1 1 1 1 3 1511
 ... : 3 1 1 1 1 1 1 1 1 1 1 1 1 1 1 1 1 2 1 1 1 1 1 3 1579
 ... : 3 1 1 1 1 1 1 1 1 1 1 1 1 1 1 1 1 2 1 1 1 1 1 4 1645
 ... : 3 1 1 1 1 1 1 1 1 1 1 1 1 1 1 1 1 2 1 1 1 1 1 8 1711
 ... : 3 1 1 1 1 1 1 1 1 1 1 1 1 1 1 1 1 2 1 1 1 1 1 11 1773
 ... : 3 1 1 1 1 1 1 1 1 1 1 1 1 1 1 1 1 2 1 1 1 1 1 14 1835
 ... : 3 1 1 1 1 1 1 1 1 1 1 1 1 1 1 1 1 1 1 2 2 4 4 20 1885
 ... : 3 1 1 1 1 1 1 1 1 1 1 1 1 1 1 1 1 1 1 2 2 3 5 26 1945
 ... : 3 1 1 1 1 1 1 1 1 1 1 1 1 1 1 1 1 1 1 2 2 3 5 26 2009
 ... : 3 1 1 1 1 1 1 1 1 1 1 1 1 1 1 1 1 1 1 3 4 5 7 35 2066
 ... : 3 1 1 1 1 1 1 1 1 1 1 1 1 1 1 1 1 1 1 3 4 5 7 38 2122
 ... : 3 1 1 1 1 1 1 1 1 1 1 1 1 1 1 1 1 1 1 4 6 6 8 40 2182
 ... : 3 1 1 1 1 1 1 1 1 1 1 1 1 1 1 1 1 1 1 4 6 6 8 42 2247
 ... : 3 1 1 1 1 1 1 1 1 1 1 1 1 1 1 1 1 1 1 4 6 6 8 72 2271
 ... : 3 1 1 1 1 1 1 1 1 1 1 1 6 8 5 5 5 1 1 4 6 6 8 72 2298
 ... : 3 1 1 1 1 1 1 1 1 1 1 2 7 11 7 10 10 3 1 4 6 6 8 72 2343
 ... : 3 1 1 1 1 1 1 1 1 1 1 3 8 12 9 14 14 6 1 4 6 6 8 72 2397
 ... : 3 1 1 1 1 1 1 1 1 1 1 3 8 12 9 19 25 16 2 4 11 11 8 72 2426
 ... : 3 1 1 1 1 1 1 1 1 1 1 3 8 12 10 23 29 29 10 13 12 11 8 72 2451
 ... : 3 1 1 1 1 1 1 1 1 1 1 3 8 14 10 23 34 31 10 13 12 11 8 72 2507
 ... : 3 1 1 1 1 1 2 1 1 1 1 3 8 16 10 23 35 35 10 13 12 11 8 73 2555
 ... : 3 1 1 1 1 1 1 1 1 1 1 1 1 16 10 23 35 35 10 13 12 11 8 76 2610
 ... : 3 1 1 1 1 1 1 1 1 1 1 1 1 16 10 23 35 35 10 13 12 11 8 76 2671
 ... : 3 1 1 1 1 1 1 1 1 1 1 1 1 16 10 23 35 35 10 13 12 11 8 76 2736
 ... : 3 1 1 1 1 1 2 2 1 1 1 1 1 16 10 23 35 35 10 13 12 11 8 76 2797
 ... : 3 1 1 1 1 1 3 3 2 3 2 2 1 16 10 23 35 35 10 13 12 11 8 76 2850
 ... : 3 1 1 1 1 1 1 1 1 2 7 3 3 3 5 2 2 2 10 13 12 11 8 76 2887
 ... : 3 1 1 1 1 1 1 1 1 3 9 4 4 9 23 8 2 2 10 13 12 11 8 76 2912
 ... : 3 1 1 1 1 1 1 1 1 3 9 4 4 17 56 26 3 2 10 13 12 11 8 76 2918
 ... : 3 1 1 1 1 1 1 1 1 3 9 4 4 26 74 46 3 2 10 13 12 11 8 76 2937
 ... : 3 1 1 1 1 1 1 1 1 8 12 4 4 30 98 60 4 2 10 13 12 11 8 76 2955
 ... : 3 1 1 1 1 1 1 1 1 9 12 5 11 36 108 77 6 2 10 13 12 11 8 76 2965
 ... : 3 1 1 1 1 1 1 1 1 9 12 5 17 40 110 80 9 2 10 13 12 11 8 76 3014
 ... : 3 1 1 1 1 1 1 1 1 9 12 5 26 46 113 83 12 2 10 13 12 11 8 76 3056
 ... : 3 1 1 1 1 1 1 1 1 6 9 5 4 46 118 96 13 3 10 13 12 11 8 79 3080
 ... : 3 1 1 1 1 1 1 1 1 6 9 5 3 46 117 127 17 8 10 13 12 11 8 79 3103
 ... : 3 1 1 1 1 1 1 1 1 6 9 5 3 46 117 146 24 20 10 13 12 11 8 79 3130
 ... : 3 1 1 1 1 1 1 1 1 6 10 7 5 47 120 159 28 39 13 13 12 11 8 79 3121
 ... : 3 1 2 1 1 1 1 1 1 6 10 7 5 47 120 161 35 62 16 13 12 11 8 79 3148
 ... : 3 1 2 2 2 3 4 13 17 16 12 8 7 47 120 161 35 62 16 13 12 11 8 79 3160
 ... : 3 1 2 2 2 4 8 19 29 23 13 8 7 47 120 161 35 62 16 13 12 11 8 82 3193
 ... : 3 1 2 2 2 4 8 24 32 41 32 10 7 47 120 161 35 62 16 13 12 11 8 82 3216
 ... : 3 1 2 2 2 4 8 24 30 43 37 22 14 55 125 162 35 62 16 13 12 11 8 82 3247
 ... : 3 1 2 2 2 5 12 31 54 62 37 22 14 55 126 163 37 62 16 13 12 11 8 82 3252
 ... : 3 1 2 2 2 5 13 35 65 89 38 22 14 55 126 163 37 62 16 13 12 11 8 82 3268
 ... : 3 1 2 2 2 5 13 35 63 102 50 28 17 56 126 163 37 62 16 13 12 11 8 89 3291
 ... : 3 1 2 2 2 5 13 35 63 107 56 41 34 58 126 163 37 62 16 13 12 11 8 93 3309
 ... : 3 1 2 2 2 5 13 34 63 108 59 56 61 65 128 164 37 62 16 13 12 11 8 93 3320
 ... : 3 1 2 2 2 5 13 34 63 108 59 53 63 70 130 165 39 65 20 22 39 12 8 95 3328
 ... : 3 1 2 2 2 5 13 34 63 108 59 55 63 72 132 170 43 65 20 22 39 12 8 95 3376
 ... : 3 1 2 2 2 5 13 34 63 108 59 55 63 72 132 170 43 65 20 22 39 12 8 95 3444
 ... : 3 1 2 2 2 5 13 34 63 108 59 55 63 72 132 170 43 65 20 22 39 12 8 95 3510
 ... : 3 1 2 2 2 5 13 34 63 109 60 57 64 72 132 170 43 65 20 22 39 12 8 95 3575
 ... : 3 1 2 2 2 5 13 34 63 110 60 62 65 72 132 170 43 65 20 22 39 12 8 95 3636
 ... : 3 1 2 2 2 5 13 34 63 111 62 64 67 73 132 170 43 65 20 22 39 12 8 95 3690
 ... : 3 1 2 2 2 5 13 34 63 113 64 65 69 75 133 170 43 65 20 22 39 12 8 95 3722
 ... : 3 1 2 2 2 5 13 38 67 117 64 65 69 75 134 171 43 65 20 22 39 12 8 95 3649
 ... : 3 1 2 2 2 5 13 46 68 141 75 69 73 76 134 171 43 65 20 23 39 12 8 95 3650
 ... : 3 1 2 2 2 5 13 46 71 148 86 73 75 80 138 176 50 65 20 24 39 12 8 95 3664
 ... : 3 1 2 2 2 5 13 47 77 163 101 83 83 85 140 178 55 65 20 24 41 12 8 95 3667
 ... : 3 1 2 2 2 5 13 47 77 165 104 87 108 101 145 182 59 69 20 24 41 12 8 95 3669
 ... : 3 1 2 2 2 5 13 51 80 183 116 92 113 104 148 189 69 69 20 24 41 12 8 95 3672
 ... : 3 1 2 2 2 5 13 53 80 198 131 98 119 109 153 196 77 69 20 24 41 12 8 95 3679
 ... : 3 1 2 2 2 5 13 54 87 224 145 104 124 111 155 199 80 69 20 24 41 12 8 95 3681
 ... : 3 1 2 2 2 5 13 54 85 239 158 107 128 116 159 208 90 74 20 24 41 12 8 95 3687
 ... : 3 1 2 2 2 5 13 54 85 239 158 107 126 116 165 228 108 93 23 24 41 12 8 95 3687
 ... : 3 1 2 2 2 5 13 62 95 254 165 109 128 117 166 232 115 96 24 24 41 12 8 95 3693
 ... : 3 1 2 2 2 5 13 63 95 273 184 114 133 119 168 235 119 96 24 24 41 12 8 95 3694
 ... : 3 1 2 2 2 5 13 64 95 278 198 133 155 122 168 235 119 96 24 27 42 12 8 95 3695
 ... : 3 1 2 2 2 5 13 67 94 278 208 145 181 125 170 238 122 96 24 28 44 12 8 97 3699
 ... : 3 1 2 2 2 5 13 67 94 278 208 147 203 136 176 247 130 103 25 28 44 12 8 97 3700
 ... : 3 1 2 2 2 7 15 72 96 286 219 148 211 137 175 246 131 103 25 28 44 12 8 97 3702
 ... : 3 1 2 2 2 7 15 72 96 285 221 155 221 148 181 247 132 103 28 38 61 13 8 97 3704
 ... : 3 1 2 2 2 7 15 72 96 285 222 157 219 150 183 249 148 109 28 40 71 17 10 97 3705
 ... : 3 1 2 2 2 7 15 72 96 285 222 156 219 149 183 253 143 113 36 41 71 17 10 97 3727
 ... : 3 1 2 2 2 7 15 72 96 285 222 156 218 148 185 268 152 128 48 41 71 17 10 97 3728
 ... : 3 1 2 2 2 7 15 72 96 285 222 156 210 146 188 271 138 127 64 36 71 17 10 97 3728
 ... : 3 1 2 2 2 7 15 72 96 285 222 156 209 146 191 272 127 97 61 38 68 17 10 97 3776
 ... : 3 1 2 2 2 7 15 72 96 285 224 160 218 149 194 273 120 94 62 41 72 18 11 97 3801
 ... : 3 1 2 2 2 7 15 72 93 283 220 162 224 153 194 275 115 89 55 39 75 23 12 97 3809
 ... : 3 1 2 2 2 7 15 72 93 283 220 162 228 161 204 281 113 89 49 43 80 33 12 97 3812
 ... : 3 1 2 2 2 7 15 72 93 283 220 165 241 174 217 284 116 92 51 47 85 34 12 97 3817
  26 : 3 1 2 2 2 6 16 70 45 181 199 131 266 158 156 210 29 38 48 56 73 39 8 3 8 3762
  27 : 3 1 2 2 2 6 16 70 45 179 196 128 253 161 157 214 28 36 34 57 73 41 9 3 7 15 3708
  28 : 3 1 2 2 2 6 16 70 44 179 196 128 253 161 157 214 28 36 34 57 73 41 9 3 7 15 1 3695
 ... : 3 1 2 2 2 6 16 70 44 179 196 128 253 161 157 214 28 36 34 58 77 44 9 3 7 16 2 3734
 ... : 3 1 2 2 2 6 16 70 44 179 196 128 253 161 157 214 28 37 36 60 82 50 11 5 7 16 2 3774
 ... : 3 1 2 2 2 6 16 70 44 179 196 128 253 161 157 214 28 42 40 67 90 57 14 6 8 16 5 3810
 ... : 3 1 2 2 2 6 16 70 44 179 196 128 253 161 157 214 28 43 40 75 95 74 25 11 14 17 7 3833
 ... : 3 1 2 2 2 6 16 70 44 179 196 128 253 161 157 214 28 45 41 83 103 93 26 11 14 17 9 3859
 ... : 3 1 2 2 2 6 16 70 44 179 196 128 253 161 157 214 28 45 41 88 103 116 29 11 14 17 12 3889
 ... : 3 1 2 2 2 6 16 70 44 179 196 128 253 161 157 214 28 43 44 96 107 138 31 11 14 17 12 3901
 ... : 3 1 2 2 2 6 16 70 44 180 198 130 256 164 159 214 28 47 48 102 113 144 38 11 15 17 12 3916
 ... : 3 1 2 2 2 6 16 74 48 186 205 136 263 166 161 215 29 47 48 102 113 144 38 11 15 17 12 3941
 ... : 3 1 2 2 2 6 16 74 48 193 211 142 273 178 166 217 29 47 48 102 113 144 38 11 15 17 12 3961
 ... : 3 1 2 2 2 6 16 74 48 195 212 144 276 193 188 227 29 47 48 102 113 144 38 11 15 17 12 3972
 ... : 3 1 2 2 2 6 16 74 53 209 223 151 280 198 194 228 29 47 48 102 113 144 38 11 15 17 15 3985
 ... : 3 1 2 2 2 6 16 74 53 210 227 157 287 210 209 239 29 47 48 102 113 144 38 11 15 17 18 3997
 ... : 3 1 2 2 2 6 16 74 53 214 230 165 296 221 221 251 33 47 48 102 113 144 38 11 15 17 20 4004
 ... : 3 1 2 2 2 6 16 74 53 214 230 165 297 222 225 270 49 57 50 103 114 144 38 11 15 17 21 4029
 ... : 3 1 2 2 2 6 16 74 53 214 229 166 297 221 225 274 55 64 55 107 115 145 39 12 16 17 21 4050
 ... : 3 1 2 2 2 6 16 74 52 214 229 169 303 228 236 283 60 69 57 109 115 145 39 12 16 17 21 4072
 ... : 3 1 2 2 2 6 16 74 52 214 229 169 304 233 242 291 69 88 70 114 115 145 39 12 16 17 21 4079
 ... : 3 1 2 2 2 6 16 74 52 214 229 169 304 233 243 293 68 92 80 125 123 154 43 14 18 19 21 4089
 ... : 3 1 2 2 2 6 16 74 52 217 229 169 305 234 246 293 68 91 80 123 123 154 46 17 22 26 22 4121
 ... : 3 1 2 2 2 6 16 74 52 220 231 177 309 237 252 298 68 91 80 123 123 155 46 17 22 26 22 4158
 ... : 3 1 2 2 2 6 16 74 52 222 233 184 317 246 273 303 69 91 80 123 123 155 47 17 22 26 24 4167
 ... : 3 1 2 2 2 6 16 74 52 226 236 190 328 258 283 309 71 91 80 123 123 155 47 17 22 26 24 4179
 ... : 3 1 2 2 2 6 16 74 52 226 236 191 328 262 284 317 90 106 89 124 123 155 47 17 22 26 24 4194
 ... : 3 1 2 2 2 6 16 74 52 226 236 191 328 262 285 319 96 121 119 125 123 155 47 17 22 26 24 4215
 ... : 3 1 2 2 2 6 16 74 52 226 236 191 328 263 286 318 95 129 136 160 133 155 47 20 23 27 24 4222
 ... : 3 1 2 2 2 6 16 74 52 226 236 191 328 262 286 316 95 132 146 167 142 157 49 22 25 27 24 4240
 ... : 3 1 2 2 2 6 16 74 52 226 236 191 328 262 286 316 95 133 147 164 149 169 54 24 31 33 24 4263
 ... : 3 1 2 2 2 6 16 74 52 226 236 191 328 262 286 316 95 133 147 164 149 170 59 34 35 45 27 4286
 ... : 3 1 2 2 2 6 16 74 52 226 236 191 328 262 286 316 95 133 147 165 151 172 62 37 37 63 35 4311
 ... : 3 1 2 2 2 6 16 74 52 226 236 191 328 262 286 316 95 133 147 167 159 181 82 37 37 65 44 4325
 ... : 3 1 2 2 2 6 16 74 52 226 236 191 328 262 286 316 95 133 149 173 166 199 96 42 41 74 45 4332
 ... : 3 1 2 2 2 6 16 74 52 226 236 191 328 262 286 316 95 133 147 174 170 214 125 46 42 77 50 4338
 ... : 3 1 2 2 2 6 16 74 52 226 236 191 328 262 286 316 95 133 147 177 170 226 144 59 47 94 50 4352
 ... : 3 1 2 2 2 6 16 74 52 228 241 195 333 272 296 321 96 135 150 181 174 231 150 59 47 94 50 4356
 ... : 3 1 2 2 2 6 16 74 52 229 241 197 337 281 309 335 104 140 150 181 174 231 150 59 47 94 52 4369
 ... : 3 1 2 2 2 6 16 74 52 229 241 197 337 281 315 341 109 156 158 192 176 235 152 59 47 94 52 4374
 ... : 3 1 2 2 2 6 16 74 52 229 241 199 340 282 326 353 119 163 160 197 176 235 152 59 47 94 52 4385
 ... : 3 1 2 2 2 6 16 74 52 229 241 199 340 282 329 357 123 180 177 209 180 235 152 59 47 94 52 4393
 ... : 3 1 2 2 2 6 16 74 52 229 241 199 340 282 329 357 122 186 185 226 188 246 161 61 50 95 52 4398
 ... : 3 1 2 2 2 6 16 74 52 229 241 199 340 282 329 357 121 193 194 243 199 254 165 62 53 96 52 4406
 ... : 3 1 2 2 2 6 16 74 52 230 242 200 343 285 337 366 131 205 199 250 203 258 167 62 53 96 52 4408
 ... : 3 1 2 2 2 6 16 74 52 230 242 200 343 286 339 370 137 212 210 265 216 271 172 63 53 96 52 4409
 ... : 3 1 2 2 2 6 16 74 52 230 242 200 343 287 343 381 142 228 221 268 216 271 176 64 53 96 52 4412
 ... : 3 1 2 2 2 6 16 74 52 230 242 200 344 287 344 386 144 235 234 285 225 276 178 64 53 96 52 4414
 ... : 3 1 2 2 2 6 16 74 52 230 242 200 344 287 344 386 142 238 240 292 232 284 187 68 58 98 52 4423
 ... : 3 1 2 2 2 6 16 74 52 230 242 200 344 287 344 386 142 246 248 299 239 284 191 71 60 115 52 4447
 ... : 3 1 2 2 2 6 16 74 52 230 242 200 344 287 344 386 142 248 254 310 252 286 191 71 60 115 53 4484
 ... : 3 1 2 2 2 6 16 74 52 231 243 201 344 287 344 386 142 251 256 314 252 291 193 73 60 115 53 4523
 ... : 3 1 2 2 2 6 16 74 52 233 244 203 346 287 344 386 142 253 256 314 252 291 193 73 60 115 54 4580
 ... : 3 1 2 2 2 6 16 74 52 235 246 205 347 287 344 386 142 253 256 314 252 291 193 73 60 115 56 4644
 ... : 3 1 2 2 2 6 16 74 52 239 250 211 350 288 346 386 142 254 256 314 252 291 193 73 60 115 58 4692
 ... : 3 1 2 2 2 6 16 74 52 245 251 216 353 295 351 387 142 254 256 314 252 291 193 73 60 115 59 4737
 ... : 3 1 2 2 2 6 16 74 52 258 258 224 365 299 354 389 142 254 257 314 252 291 193 73 60 115 61 4761
 ... : 3 1 2 2 2 6 16 74 52 269 262 238 382 305 356 389 142 255 258 314 252 291 193 73 60 115 61 4776
 ... : 3 1 2 2 2 6 16 74 52 270 262 242 395 313 359 389 142 261 258 314 252 291 193 73 60 115 62 4808
 ... : 3 1 2 2 2 6 16 74 52 270 262 242 399 333 366 390 142 261 258 314 252 291 193 73 60 115 62 4844
 ... : 3 1 2 2 2 6 16 74 52 270 264 243 406 349 369 390 142 261 258 314 252 291 193 73 60 115 62 4881
 ... : 3 1 2 2 2 6 16 74 52 271 264 245 417 366 377 390 142 262 258 314 252 291 193 73 60 115 71 4900
 ... : 3 1 2 2 2 6 16 74 52 272 264 246 420 373 393 391 142 264 258 314 252 292 194 74 61 115 72 4930
 ... : 3 1 2 2 2 6 16 74 52 272 264 246 429 393 408 395 142 264 258 314 252 292 194 74 61 115 76 4947
 ... : 3 1 2 2 2 6 16 74 52 272 264 246 432 410 430 400 142 264 258 314 252 292 194 74 61 115 76 4965
 ... : 3 1 2 2 2 6 16 74 52 272 264 246 446 434 442 405 142 264 258 314 252 292 194 74 61 115 76 4973
 ... : 3 1 2 2 2 6 16 74 52 274 265 249 452 448 458 408 142 264 258 314 252 292 194 74 61 115 78 4995
 ... : 3 1 2 2 2 6 16 74 52 274 265 249 451 462 485 422 144 264 258 314 252 292 195 75 62 115 78 5016
 ... : 3 1 2 2 2 6 16 74 52 274 265 248 451 475 497 439 144 264 258 314 252 292 196 78 66 115 79 5037
 ... : 3 1 2 2 2 6 16 74 52 274 265 248 447 479 514 455 154 270 258 314 252 292 196 81 73 121 78 5053
 ... : 3 1 2 2 2 6 16 74 52 274 265 248 447 480 515 469 161 274 261 317 252 292 197 82 83 131 79 5071
 ... : 3 1 2 2 2 6 16 74 52 274 265 249 449 481 529 488 169 274 261 317 252 292 197 82 83 131 79 5084
 ... : 3 1 2 2 2 6 16 74 52 275 267 252 451 488 540 499 172 274 261 317 252 292 197 82 83 131 83 5106
 ... : 3 1 2 2 2 6 16 74 52 271 267 251 444 488 534 501 175 277 264 320 254 296 199 84 95 141 85 5108
 ... : 3 1 2 2 2 6 16 74 52 271 267 251 444 488 539 506 175 278 265 320 254 296 199 86 98 145 85 5146
 ... : 3 1 2 2 2 6 16 74 52 271 267 251 448 505 561 509 175 278 265 320 254 296 199 86 98 145 85 5167
 ... : 3 1 2 2 2 6 16 74 52 270 267 256 459 520 572 510 176 278 265 320 254 296 199 86 98 145 85 5184
 ... : 3 1 2 2 2 6 16 74 52 270 267 260 463 534 589 513 176 278 265 320 254 296 199 86 98 145 85 5203
 ... : 3 1 2 2 2 6 16 74 52 271 267 265 476 548 596 513 176 278 265 320 254 296 199 86 98 145 86 5194
 ... : 3 1 2 2 2 6 16 74 52 272 267 269 485 562 607 513 176 278 265 320 254 296 199 86 98 145 86 5203
 ... : 3 1 2 2 2 6 16 74 52 273 267 271 492 577 616 513 176 278 265 320 254 296 199 86 98 145 86 5213
 ... : 3 1 2 2 2 6 16 74 52 275 267 274 503 590 625 513 176 278 265 320 254 296 199 86 98 145 89 5216
 ... : 3 1 2 2 2 6 16 74 52 277 269 277 513 605 634 519 176 278 265 320 254 296 199 86 98 145 89 5226
 ... : 3 1 2 2 2 6 16 74 52 277 269 277 517 612 650 547 179 278 265 320 254 296 199 86 98 145 89 5231
 ... : 3 1 2 2 2 6 16 74 52 277 269 277 517 614 653 557 184 278 265 320 254 296 199 86 98 145 89 5252
 ... : 3 1 2 2 2 6 16 74 52 277 269 277 517 616 657 577 195 282 269 324 254 296 200 86 98 145 89 5268
 ... : 3 1 2 2 2 6 16 74 52 277 269 277 517 616 656 577 199 287 274 326 256 296 200 86 98 149 89 5309
 ... : 3 1 2 2 2 6 16 74 52 277 269 275 510 623 670 581 201 297 280 329 256 296 200 89 99 149 89 5323
 ... : 3 1 2 2 2 6 16 74 52 277 269 275 508 612 675 591 205 302 291 329 259 298 203 94 108 149 90 5337
 ... : 3 1 2 2 2 6 16 74 52 277 269 274 508 606 676 596 217 306 297 335 260 301 205 99 118 151 90 5341
 ... : 3 1 2 2 2 6 16 74 52 277 269 274 508 602 677 602 221 310 304 345 263 303 206 101 136 155 90 5351
 ... : 3 1 2 2 2 6 16 74 52 277 269 274 508 602 677 602 221 311 308 355 263 303 208 105 149 161 91 5379
 ... : 3 1 2 2 2 6 16 74 52 277 269 274 508 602 677 602 221 311 308 367 263 303 211 116 163 170 91 5397
 ... : 3 1 2 2 2 6 16 74 52 277 269 274 505 602 679 607 225 318 315 382 267 303 211 116 168 179 91 5407
 ... : 3 1 2 2 2 6 16 74 52 277 269 274 505 602 679 611 233 327 330 387 272 305 211 116 169 189 95 5411
 ... : 3 1 2 2 2 6 16 74 52 277 269 274 505 602 679 611 233 326 332 391 274 308 213 123 170 189 96 5453
 ... : 3 1 2 2 2 6 16 74 52 277 266 274 501 588 672 609 233 326 332 391 273 309 214 126 176 192 96 5467
 ... : 3 1 2 2 2 6 16 74 52 277 266 274 501 588 672 610 231 330 335 398 280 317 215 126 177 198 107 5483
 ... : 3 1 2 2 2 6 16 74 52 266 256 269 424 493 585 589 226 329 335 392 275 316 202 126 174 191 108 5448
 ... : 3 1 2 2 2 6 16 74 52 266 256 270 424 493 595 605 237 330 336 392 275 316 202 126 174 191 110 5470
 ... : 3 1 2 2 2 6 16 74 52 274 256 276 438 504 603 602 239 331 337 392 275 316 202 126 174 191 111 5486
 ... : 3 1 2 2 2 6 16 74 52 274 256 277 438 509 609 609 246 342 344 393 275 316 203 127 174 191 113 5498
 ... : 3 1 2 2 2 6 16 74 52 274 256 277 438 509 606 609 253 352 351 396 277 321 203 129 176 192 114 5516
 ... : 3 2 3 6 6 8 20 78 57 276 261 282 440 512 607 609 253 352 351 397 279 327 214 131 176 192 114 5527
 ... : 3 2 3 6 6 8 20 78 59 277 262 284 444 515 613 616 258 365 355 404 284 329 214 131 176 192 115 5536
 ... : 3 2 3 6 6 8 20 78 59 277 262 284 444 515 613 619 265 384 367 411 285 332 214 131 176 192 115 5540
 ... : 3 2 3 6 6 8 20 78 59 277 262 284 444 515 613 619 265 386 373 423 297 347 226 138 176 192 115 5549
 ... : 3 2 3 6 6 8 20 78 59 277 262 284 444 515 613 619 265 389 378 429 305 351 231 141 179 197 117 5574
 ... : 3 2 3 6 6 8 20 78 59 277 262 284 444 515 613 620 265 392 382 438 313 356 244 144 181 198 119 5595
 ... : 3 2 3 6 6 8 20 78 59 277 262 284 444 515 613 620 265 392 382 440 316 363 257 162 187 202 120 5611
 ... : 3 2 3 6 6 8 20 78 59 277 262 284 444 515 613 620 265 392 382 444 319 371 270 176 194 209 120 5618
 ... : 3 2 3 6 6 8 20 78 59 277 262 284 444 515 613 620 265 392 382 445 320 372 276 189 203 222 121 5631
 ... : 3 2 3 6 6 8 20 78 59 279 263 286 447 519 618 628 272 397 383 447 321 373 277 189 203 222 121 5657
 ... : 3 2 3 6 6 8 20 78 59 283 263 286 448 521 625 636 278 400 386 447 321 373 279 189 203 223 122 5688
 ... : 3 2 3 6 6 8 20 78 59 283 263 286 448 522 629 635 278 400 391 454 326 381 281 191 203 223 122 5698
 ... : 3 2 3 6 6 8 20 78 59 284 263 286 448 523 629 639 281 403 396 459 329 385 285 192 203 223 124 5719
 ... : 3 2 3 6 6 8 20 78 59 286 263 286 448 523 630 644 289 407 401 462 330 387 286 193 203 223 127 5742
 ... : 3 2 3 6 6 8 20 78 59 288 264 288 451 526 636 650 292 409 404 465 331 389 289 194 203 223 127 5757
 ... : 3 2 3 6 6 8 20 78 59 291 266 288 455 530 648 660 296 411 405 467 332 390 292 194 203 223 128 5771
 ... : 3 2 3 6 6 8 20 78 59 295 268 289 458 531 648 664 300 414 407 468 334 393 293 195 203 223 129 5802
 ... : 3 2 3 6 6 8 20 79 61 297 270 294 464 539 663 677 303 414 407 468 334 393 293 195 203 223 130 5818
 ... : 3 2 3 6 6 8 20 79 61 298 270 294 463 536 668 687 312 421 411 471 336 396 297 196 203 223 130 5826
 ... : 3 2 3 6 6 8 20 80 62 301 273 297 466 545 678 695 320 426 414 472 337 396 297 196 203 223 131 5838
 ... : 3 2 3 6 6 8 20 80 62 303 274 299 466 547 685 703 323 426 415 473 338 399 300 196 203 223 134 5862
 ... : 3 2 3 6 6 8 20 80 62 303 275 302 468 550 696 714 327 429 416 474 339 400 303 196 203 223 135 5880
 ... : 3 2 3 6 6 8 20 80 62 303 275 302 468 550 697 716 330 435 421 481 345 405 307 197 203 225 136 5890
 ... : 3 2 3 6 6 8 20 80 62 303 275 303 469 551 699 718 335 441 428 488 348 409 308 197 203 225 136 5910
 ... : 3 2 3 6 6 8 20 80 62 303 276 303 470 552 701 721 340 446 434 494 353 414 312 198 205 226 138 5922
 ... : 3 2 3 6 6 8 20 80 62 304 277 303 471 553 704 725 340 451 438 496 354 416 314 200 205 228 140 5930
 ... : 3 2 3 6 6 8 20 80 62 305 277 305 472 554 708 729 341 454 443 499 357 419 315 202 205 228 142 5953
 ... : 3 2 3 6 6 8 20 80 62 305 278 306 474 556 715 739 343 456 448 502 359 424 318 202 205 228 143 5965
 ... : 3 2 3 6 6 8 20 81 63 307 279 309 479 560 721 746 348 459 451 506 360 425 320 202 205 228 143 5990
 ... : 3 2 3 6 6 8 20 81 63 307 281 312 482 562 726 749 353 463 454 509 364 429 325 204 205 228 143 6000
 ... : 3 2 3 6 6 8 20 81 63 307 281 312 482 562 732 756 356 470 461 513 368 431 328 204 205 228 143 6020
 ... : 3 2 3 6 6 8 20 81 63 307 281 313 483 562 738 758 361 473 466 517 373 438 332 205 205 228 143 6035
 ... : 3 2 3 6 6 8 20 81 63 307 281 313 483 561 738 759 362 473 468 521 376 444 335 205 205 228 143 6045
 ... : 3 2 3 6 6 8 20 81 63 307 283 316 488 565 743 764 368 482 475 524 378 446 336 206 205 228 143 6051
 ... : 3 2 3 6 6 8 20 81 63 307 283 316 488 564 746 767 370 485 481 530 380 447 338 206 205 228 146 6072
 ... : 3 2 3 6 6 8 20 81 63 307 283 316 488 565 746 765 372 485 486 535 384 454 342 208 205 229 147 6089
 ... : 3 2 3 6 6 8 20 81 63 307 283 316 488 565 747 765 368 482 494 543 388 458 349 211 205 229 148 6101
 ... : 3 2 3 6 6 8 20 81 63 307 284 318 489 566 750 769 372 484 497 550 392 469 364 212 205 229 148 6104
 ... : 3 2 3 6 6 8 20 81 63 307 284 319 489 567 757 774 376 486 501 553 394 473 367 213 205 229 148 6120
 ... : 3 2 3 6 6 8 20 81 63 307 284 320 489 564 758 772 376 487 508 560 400 476 368 214 205 229 150 6138
 ... : 3 2 3 6 6 8 20 81 63 308 286 323 490 568 763 775 377 489 506 560 401 477 368 216 205 229 150 6150
 ... : 3 2 3 6 6 8 20 81 63 309 286 323 492 569 765 779 381 494 513 570 409 486 376 218 205 229 150 6156
 ... : 3 2 3 6 6 8 20 81 63 309 286 323 492 569 765 779 381 496 519 577 420 498 395 226 207 231 150 6159
 ... : 3 2 3 6 6 8 20 81 63 309 286 323 492 569 765 779 381 497 520 582 422 499 418 240 212 232 150 6163
 ... : 3 2 3 6 6 8 20 82 63 311 289 326 497 574 771 782 383 497 520 582 423 500 424 241 212 232 150 6194
 ... : 3 2 3 6 6 8 20 84 63 312 289 328 500 576 776 784 383 500 525 589 426 503 426 242 212 232 150 6213
 ... : 3 2 3 6 6 8 20 84 63 313 289 329 501 576 779 789 387 503 529 594 429 507 430 243 212 232 150 6236
 ... : 3 2 3 6 6 8 20 84 63 314 289 330 502 577 782 794 389 507 535 597 432 510 433 244 212 233 152 6259
 ... : 3 2 3 6 6 8 20 85 63 316 292 335 508 580 786 797 392 510 541 602 436 514 435 246 212 233 152 6272
 ... : 3 2 3 6 6 8 20 85 63 316 294 338 512 582 790 801 393 514 546 609 440 520 437 248 212 233 152 6293
 ... : 3 2 3 6 6 8 20 85 63 317 295 340 514 584 793 803 395 514 550 612 445 526 441 250 212 233 153 6317
 ... : 3 2 3 6 6 8 20 85 63 318 296 342 516 586 798 808 397 519 557 619 450 531 445 251 212 233 153 6337
 ... : 3 2 3 6 6 8 20 85 63 318 298 344 519 590 803 816 401 524 565 625 453 536 447 253 212 233 153 6349
 ... : 3 2 3 6 6 8 20 85 63 318 298 344 520 592 808 822 402 531 574 631 456 541 449 255 212 233 153 6355
 ... : 3 2 3 6 6 8 20 85 63 318 298 344 520 592 808 822 401 531 577 639 463 552 459 263 219 241 154 6359
 ... : 3 2 3 6 6 8 20 85 63 318 298 344 520 592 808 822 399 530 574 637 465 555 461 275 233 251 156 6377
 ... : 3 2 3 6 6 8 20 85 63 318 298 345 522 597 822 828 404 533 576 638 466 556 464 280 234 257 163 6385
 ... : 3 2 3 6 6 11 21 87 64 321 299 349 525 602 832 832 410 535 577 640 468 556 464 280 234 257 163 6388
 ... : 3 2 3 7 11 18 28 95 78 333 308 357 530 604 832 832 410 535 577 641 468 556 464 280 234 257 163 6394
 ... : 3 2 3 7 11 18 28 97 81 336 309 359 536 614 840 839 415 540 581 644 471 561 466 281 234 257 163 6401
 ... : 3 2 3 7 11 21 42 114 86 345 323 378 540 615 840 839 415 540 581 644 471 561 466 281 234 257 163 6402
 ... : 3 2 3 7 11 21 42 114 86 346 323 382 542 617 847 847 427 549 589 647 474 561 466 281 234 257 163 6411
 ... : 3 2 3 7 11 21 42 114 86 346 323 383 542 617 848 848 429 554 595 654 480 572 472 283 234 257 163 6436
 ... : 3 2 3 7 11 21 42 114 87 347 326 386 545 621 851 852 434 557 598 663 488 579 483 283 234 257 163 6441
 ... : 3 2 3 7 11 21 42 114 87 347 326 386 545 621 852 857 439 569 610 670 492 581 485 287 239 258 163 6447
 ... : 3 2 3 7 11 21 42 114 87 347 326 386 545 621 852 858 440 572 616 681 503 592 502 293 241 258 163 6449
 ... : 3 2 3 7 11 21 42 114 87 349 326 386 546 622 854 860 440 572 616 687 507 602 536 298 242 258 163 6449
 ... : 3 2 3 7 11 21 42 114 87 349 327 390 548 626 857 869 450 584 621 692 509 603 537 298 242 258 163 6457
 ... : 3 2 3 7 11 21 42 114 87 350 327 391 550 630 863 875 455 592 625 695 513 606 541 298 242 258 163 6465
 ... : 3 2 3 7 11 21 42 114 87 350 327 392 551 630 866 877 461 597 639 703 521 612 544 298 242 258 163 6470
 ... : 3 2 3 7 11 21 42 114 87 350 327 392 551 631 867 878 462 600 645 714 528 620 556 309 245 265 163 6474
 ... : 3 2 3 7 11 21 42 114 87 350 327 392 551 631 866 878 463 604 647 718 529 621 563 321 271 265 163 6475
 ... : 3 2 3 7 11 21 42 114 87 350 327 392 551 631 866 878 462 614 660 725 534 627 570 325 275 266 164 6477
 ... : 3 2 3 7 11 21 42 114 87 350 327 392 550 633 869 880 464 619 669 736 540 633 575 329 278 267 164 6481
 ... : 3 2 3 7 11 21 42 114 87 350 327 392 550 635 870 881 464 622 676 745 544 642 580 336 284 272 164 6488
 ... : 3 2 3 7 11 21 42 114 87 350 327 392 550 636 872 886 466 628 683 752 551 652 584 338 284 272 164 6502
 ... : 3 2 3 7 11 21 42 114 87 350 327 392 550 636 873 887 467 629 689 759 555 661 588 344 284 272 164 6509
 ... : 3 2 3 7 11 21 42 114 87 350 327 392 550 635 876 890 468 632 691 761 556 665 592 345 284 272 164 6518
 ... : 3 2 3 7 11 21 42 114 87 350 327 392 551 635 877 896 470 634 697 765 562 672 599 347 284 272 167 6529
 ... : 3 2 3 7 11 21 42 114 87 350 327 392 551 637 879 900 473 635 699 768 566 679 607 359 284 272 169 6538
 ... : 3 2 3 7 11 21 42 114 87 350 327 392 552 638 882 904 476 640 707 775 572 688 611 363 284 272 169 6542
 ... : 3 2 3 7 11 21 42 114 87 350 327 392 552 638 884 908 480 645 717 784 580 700 616 368 284 272 169 6544
 ... : 3 2 3 7 11 21 42 114 87 350 327 392 553 639 885 912 482 649 720 785 584 703 620 376 292 283 171 6557
 ... : 3 2 3 7 11 21 42 114 87 350 327 392 553 639 885 912 482 649 720 785 584 703 620 378 295 314 181 6567
 ... : 3 2 3 7 11 21 42 114 87 350 327 392 553 639 885 912 482 649 719 785 584 703 620 381 294 327 203 6589
 ... : 3 2 3 7 11 21 42 114 87 350 327 392 553 639 885 912 482 649 719 781 583 703 620 380 294 320 220 6654
 ... : 3 2 3 7 11 21 42 114 87 350 327 392 553 639 885 912 482 649 719 781 584 705 624 388 302 328 228 6677
 ... : 3 2 3 7 11 21 42 114 87 350 327 392 553 639 885 912 482 649 718 782 585 706 626 391 308 339 234 6703
 ... : 3 2 3 7 11 21 42 114 87 350 327 392 553 639 885 912 482 650 718 782 584 706 629 400 321 350 244 6715
 ... : 3 2 3 7 11 21 42 114 87 350 327 392 553 639 885 910 477 653 723 793 591 711 633 406 323 352 248 6726
 ... : 3 2 3 7 11 21 42 114 87 350 327 392 553 639 883 911 475 656 725 801 601 719 638 409 327 355 248 6737
 ... : 3 2 3 7 11 21 42 114 87 350 327 392 553 639 883 911 474 650 722 799 605 720 643 414 334 359 249 6757
 ... : 3 2 3 7 11 21 42 114 87 350 327 392 553 639 883 911 474 648 719 803 609 723 647 412 342 365 251 6769
 ... : 3 2 3 7 11 21 42 114 87 350 327 392 553 639 883 911 474 648 718 802 609 722 649 427 364 377 261 6774
 ... : 3 2 3 7 11 21 42 114 87 350 327 392 553 639 883 911 474 646 718 806 617 725 655 436 375 389 269 6775
 ... : 3 2 3 7 11 21 42 114 87 350 327 392 553 639 883 911 474 642 718 810 626 729 658 440 383 394 274 6791
 ... : 3 2 3 7 11 21 42 114 87 350 327 392 553 639 883 911 473 638 715 806 630 734 662 445 386 401 282 6814
 ... : 3 2 3 7 11 21 42 114 87 350 327 392 553 639 883 911 473 637 712 799 633 739 666 447 390 412 288 6838
 ... : 3 2 3 7 11 21 42 114 87 350 327 392 553 639 883 911 473 637 712 800 637 741 669 451 393 419 300 6860
 ... : 3 2 3 7 11 21 42 114 87 350 327 392 553 639 883 911 473 637 713 801 641 746 674 457 395 430 316 6873
 ... : 3 2 3 7 11 21 42 114 87 350 327 392 553 639 883 911 474 639 716 807 650 758 682 463 398 434 318 6886
 ... : 3 2 3 7 11 21 42 114 87 350 327 392 553 639 883 911 474 639 715 804 649 762 691 474 406 442 324 6899
 ... : 3 2 3 7 11 21 42 114 87 350 327 392 553 639 883 911 474 639 715 805 649 763 699 486 424 451 329 6913
 ... : 3 2 3 7 11 21 42 114 87 350 327 392 553 639 883 911 474 639 715 805 649 762 703 502 436 468 353 6915
 ... : 3 2 3 7 11 21 42 114 87 350 327 392 553 639 883 911 474 639 715 805 649 762 703 502 436 490 393 6916
 ... : 3 2 3 7 11 21 42 114 87 350 327 392 553 639 883 911 474 639 715 802 646 763 706 506 438 491 396 6949
 ... : 3 2 3 7 11 21 42 114 87 350 327 392 553 639 883 911 474 639 715 806 650 770 711 514 443 497 404 6971
 ... : 3 2 3 7 11 21 42 114 87 350 327 392 553 639 883 911 474 639 715 806 650 771 714 516 444 502 413 7025
 ... : 3 2 3 7 11 21 42 114 87 350 327 392 553 639 883 911 473 637 713 804 649 771 715 517 445 507 423 7071
 ... : 3 2 3 7 11 21 42 114 87 350 327 392 553 639 883 911 472 635 710 802 650 772 715 516 445 514 435 7113
 ... : 3 2 3 7 11 21 42 114 87 350 327 392 553 639 884 912 472 628 706 802 650 771 717 518 445 512 436 7123
 ... : 3 2 3 7 11 21 42 114 87 350 327 392 553 639 884 912 471 628 706 803 651 775 722 523 456 527 453 7138
 ... : 3 2 3 7 11 21 42 114 87 350 327 392 553 639 884 912 469 628 702 803 645 776 723 522 461 530 472 7176
  29 : 3 2 3 7 10 20 44 109 61 289 306 288 425 399 737 726 289 523 615 646 515 551 800 480 321 434 455 270 7475
  30 : 3 2 3 7 10 20 44 109 42 274 308 285 435 397 725 709 282 518 595 624 513 550 800 481 316 432 457 276 74 7400
  31 : 3 2 3 7 10 20 44 109 42 273 308 282 430 387 714 712 286 517 600 627 520 554 802 481 316 432 456 274 76 52 7339
  32 : 3 2 3 7 10 20 44 109 42 273 305 273 393 350 627 596 246 520 593 611 526 563 812 493 322 430 458 274 74 57 8 7410
 ... : 3 2 3 7 10 20 44 109 42 273 305 273 393 350 627 596 246 520 593 611 526 563 812 493 322 430 458 274 74 57 9 7472
 ... : 3 2 3 7 10 20 44 109 42 273 305 273 393 350 627 596 246 520 594 612 527 565 814 495 326 436 464 275 74 57 15 7507
 ... : 3 2 3 7 10 20 44 109 42 273 305 273 393 350 627 596 246 520 594 612 527 562 813 497 335 445 474 275 74 57 16 7512
 ... : 3 2 3 7 10 22 46 109 42 273 305 273 393 350 627 595 246 521 595 612 527 562 813 496 334 445 475 275 74 57 16 7558
 ... : 3 2 3 7 10 23 52 121 57 281 307 273 393 350 627 595 246 521 595 612 527 562 813 496 334 445 475 275 74 57 16 7581
 ... : 3 2 3 7 10 23 52 125 62 285 307 274 393 350 627 595 246 521 595 612 527 562 813 496 334 445 475 275 74 57 16 7633
 ... : 3 2 3 7 10 23 53 131 78 300 313 275 393 350 627 595 246 521 595 612 527 562 813 496 334 445 475 275 74 57 16 7660
 ... : 3 2 3 7 10 25 62 144 82 310 319 278 393 350 627 595 246 521 595 612 527 562 813 496 334 445 475 275 74 57 17 7673
 ... : 3 2 3 7 10 25 61 145 85 322 332 296 394 350 627 595 246 521 595 612 527 562 813 496 334 445 475 275 74 57 19 7680
 ... : 3 2 3 7 10 25 61 147 88 326 345 302 397 351 628 595 246 521 596 612 527 562 813 496 334 445 475 275 74 57 24 7710
 ... : 3 2 3 7 10 25 61 150 90 345 353 317 403 351 628 595 246 522 596 612 527 562 813 496 334 445 475 275 74 57 24 7717
 ... : 3 2 3 7 10 25 61 150 90 348 373 344 415 353 628 595 246 522 596 612 527 562 813 496 334 445 475 275 74 57 24 7725
 ... : 3 2 3 7 10 25 61 150 90 363 388 374 425 354 628 595 246 522 596 613 528 562 813 496 334 445 475 275 74 57 24 7728
 ... : 3 2 3 7 10 25 61 150 93 377 404 402 434 356 628 595 246 523 596 613 528 562 813 496 334 445 475 275 74 57 24 7730
 ... : 3 2 3 7 10 25 61 150 93 386 421 436 442 361 628 595 246 523 596 613 528 562 813 496 334 445 475 275 74 57 24 7733
 ... : 3 2 3 7 10 25 61 150 95 395 434 452 449 364 633 597 246 524 597 615 528 562 813 496 334 445 475 275 74 57 24 7737
 ... : 3 2 3 7 10 25 61 150 95 401 455 462 460 365 634 597 246 524 597 615 528 562 813 496 334 445 475 275 74 57 24 7742
 ... : 3 2 3 7 10 25 61 150 96 400 462 479 472 373 634 597 246 524 597 615 528 562 813 496 334 445 475 275 74 57 26 7753
 ... : 3 2 3 7 10 25 61 150 96 400 463 491 487 381 634 597 246 524 597 615 528 562 813 496 334 445 475 275 74 57 30 7783
 ... : 3 2 3 7 10 25 61 150 96 400 463 498 506 400 641 602 246 524 597 615 528 562 813 496 334 445 475 275 74 57 31 7798
 ... : 3 2 3 7 10 25 61 150 96 402 469 510 528 412 643 603 246 525 597 615 529 562 813 496 334 445 475 275 74 57 33 7806
 ... : 3 2 3 7 10 25 61 150 96 402 469 518 549 442 648 603 246 525 597 615 531 562 813 496 334 445 475 275 74 57 33 7808
 ... : 3 2 3 7 10 25 61 150 96 402 470 525 570 473 651 603 246 525 597 615 531 562 813 496 334 445 475 275 74 57 33 7811
 ... : 3 2 3 7 10 25 61 150 96 403 470 536 582 488 654 603 246 525 597 615 531 562 813 496 334 445 475 275 74 57 33 7834
 ... : 3 2 3 7 10 25 61 150 95 402 468 544 602 499 658 604 246 528 597 615 531 562 813 496 334 445 475 275 74 57 33 7849
 ... : 3 2 3 7 10 25 61 152 98 414 478 551 612 505 658 604 246 528 597 615 531 562 813 496 334 445 475 275 74 57 33 7866
 ... : 3 2 3 7 10 25 61 157 103 421 484 563 617 509 658 604 246 528 597 615 531 562 813 496 334 445 475 275 74 57 33 7883
 ... : 3 2 3 7 10 25 61 165 114 440 493 570 619 510 658 604 246 528 597 615 531 562 813 496 334 445 475 275 74 57 33 7884
 ... : 3 2 3 7 10 25 61 167 121 464 504 586 620 510 658 604 246 528 598 615 531 562 813 496 334 445 475 275 74 57 33 7894
 ... : 3 2 3 7 10 25 61 173 129 479 516 597 624 510 658 605 246 528 599 615 531 562 813 496 334 445 475 275 74 57 33 7899
 ... : 3 2 3 7 10 25 61 178 135 496 523 609 625 510 658 605 246 528 599 615 531 562 813 496 334 445 475 275 74 57 33 7919
 ... : 3 2 3 7 10 25 61 185 146 523 536 611 626 511 658 605 246 528 600 615 531 562 813 496 334 445 475 275 74 57 33 7927
 ... : 3 2 3 7 10 25 61 188 153 551 557 620 627 512 658 606 246 528 600 615 531 562 813 496 334 445 475 275 74 57 33 7927
 ... : 3 2 3 7 10 25 61 189 149 555 573 639 632 513 658 607 246 528 600 615 531 562 813 496 334 445 475 275 74 57 33 7939
 ... : 3 2 3 7 10 25 61 189 149 563 589 662 639 513 658 607 246 528 601 615 531 562 813 496 334 445 475 275 74 57 33 7946
 ... : 3 2 3 7 10 25 61 189 149 562 593 677 659 534 660 607 246 528 601 615 531 562 813 496 334 445 475 275 74 57 33 7953
 ... : 3 2 3 7 10 25 61 189 149 562 595 681 673 556 661 607 246 529 601 615 531 562 813 496 334 445 475 275 74 57 33 7975
 ... : 3 2 3 7 10 25 61 189 149 561 595 686 697 576 663 608 246 531 601 615 531 562 813 496 334 445 475 275 74 57 33 7980
 ... : 3 2 3 7 10 25 61 189 149 561 610 710 709 583 663 608 246 531 602 615 531 562 813 496 334 445 475 275 74 57 33 7985
 ... : 3 2 3 7 10 25 61 189 149 561 624 742 732 589 664 608 246 531 602 615 531 562 813 496 334 445 475 275 74 57 33 7986
 ... : 3 2 3 7 10 25 61 189 151 562 643 748 742 612 668 609 246 531 602 615 531 562 813 496 334 445 475 275 74 57 33 7990
 ... : 3 2 3 7 10 25 61 190 153 567 667 764 744 615 668 609 246 531 602 615 531 562 813 496 334 445 475 275 74 57 33 7990
 ... : 3 2 3 7 10 25 61 190 153 567 669 766 772 647 669 609 246 531 602 615 530 562 813 496 334 445 475 275 74 57 33 7997
 ... : 3 2 3 7 10 25 61 190 153 567 669 766 786 674 669 609 246 531 602 615 530 562 813 496 334 445 475 275 74 57 33 8021
 ... : 3 2 3 7 10 25 61 190 153 567 669 772 792 704 675 613 246 533 602 616 532 563 813 496 334 445 475 275 74 57 33 8030
 ... : 3 2 3 7 10 25 61 190 153 567 669 772 803 722 689 620 246 533 602 616 532 563 813 496 334 445 475 275 74 57 33 8057
 ... : 3 2 3 7 10 25 61 190 153 567 669 775 819 740 710 627 247 534 602 616 532 563 813 496 334 445 475 275 74 57 33 8064
 ... : 3 2 3 7 10 25 61 190 153 567 669 773 824 764 738 638 248 534 602 616 532 563 813 496 334 445 475 275 74 57 33 8070
 ... : 3 2 3 7 10 25 61 190 152 567 669 775 830 786 771 646 248 534 602 616 532 563 813 496 334 445 475 275 74 57 33 8076
 ... : 3 2 3 7 10 25 61 188 152 566 669 773 835 812 792 657 248 534 602 616 532 563 813 496 334 445 475 275 74 57 33 8076
 ... : 3 2 3 7 10 25 61 188 152 566 667 772 836 833 823 674 248 534 602 616 533 563 813 496 334 445 475 275 74 57 33 8080
 ... : 3 2 3 7 10 25 61 188 152 565 667 769 835 832 839 712 250 534 602 616 533 563 813 496 334 445 475 275 74 57 33 8081
 ... : 3 2 3 7 10 25 61 188 151 562 665 766 835 834 855 747 251 534 602 616 533 563 813 496 334 445 475 275 74 57 33 8082
 ... : 3 2 3 7 10 25 61 188 151 562 664 762 828 811 869 785 257 534 602 616 533 563 813 496 334 445 475 275 74 57 33 8084
 ... : 3 2 3 7 10 25 61 188 151 562 664 762 828 808 862 788 279 541 606 625 540 567 813 496 334 445 475 275 74 57 33 8093
 ... : 3 2 3 7 10 25 61 188 151 562 664 762 828 807 860 787 280 542 608 635 561 586 813 496 334 445 475 275 74 57 33 8104
 ... : 3 2 3 7 10 25 61 188 151 562 664 761 828 805 860 787 280 542 608 649 585 604 814 496 334 445 475 275 74 57 33 8113
 ... : 3 2 3 7 10 25 61 188 151 562 664 767 840 811 861 789 281 542 610 656 596 614 814 496 334 445 475 275 74 57 33 8119
 ... : 3 2 3 7 10 25 61 188 151 562 665 780 854 821 863 790 281 542 610 656 596 615 815 496 334 445 475 275 74 57 33 8134
 ... : 3 2 3 7 10 25 61 188 151 563 668 791 865 833 870 794 284 551 612 658 597 615 815 496 334 445 475 275 74 57 33 8136
 ... : 3 2 3 7 10 25 61 188 151 563 670 795 867 835 873 799 288 555 616 661 601 618 815 496 334 445 475 275 74 57 34 8161
 ... : 3 2 3 8 10 26 63 191 156 567 674 798 867 837 882 824 288 555 616 661 601 618 815 496 334 445 475 275 74 57 34 8166
 ... : 3 2 3 8 10 26 66 194 161 583 685 808 868 837 885 828 288 555 617 662 602 618 815 496 334 445 475 275 74 57 34 8179
 ... : 3 2 3 8 10 26 66 194 161 586 690 823 879 847 886 832 288 556 619 665 604 618 815 496 334 445 475 275 74 57 34 8188
 ... : 3 2 3 8 10 26 66 194 161 586 689 823 879 849 894 839 291 561 629 673 612 624 815 496 334 445 475 275 74 57 34 8194
 ... : 3 2 3 8 10 26 66 194 161 586 689 823 879 849 894 839 297 567 632 676 614 628 815 496 334 445 475 275 74 57 35 8236
 ... : 3 2 3 8 10 26 66 194 161 586 689 823 879 853 895 840 298 569 644 676 615 628 815 496 334 445 475 275 74 57 35 8278
 ... : 3 2 3 8 10 26 66 194 164 592 696 829 880 853 897 856 298 569 647 677 615 628 815 496 334 445 475 275 74 57 35 8295
 ... : 3 2 3 8 10 26 66 194 164 595 702 841 887 857 909 868 298 571 647 677 617 630 815 496 334 445 475 275 74 57 35 8305
 ... : 3 2 3 8 10 26 66 194 166 597 702 845 891 859 911 887 307 580 649 677 617 630 815 497 334 445 475 275 74 57 35 8313
 ... : 3 2 3 8 10 26 66 195 167 608 717 865 894 859 912 897 307 580 649 677 620 633 815 497 334 445 475 275 74 57 35 8316
 ... : 3 2 3 8 10 26 66 195 167 607 717 867 899 867 917 900 315 592 657 677 620 633 815 497 334 445 475 275 74 57 35 8327
 ... : 3 2 3 8 10 27 66 195 167 612 728 880 907 872 924 910 315 594 657 677 620 633 815 497 334 445 475 275 74 57 36 8338
 ... : 3 2 3 8 10 27 66 195 169 616 731 884 908 876 927 929 321 602 661 677 620 633 815 497 334 445 475 275 74 57 36 8345
 ... : 3 2 3 8 10 27 66 195 170 625 739 892 914 878 936 943 323 603 661 677 623 635 815 497 334 445 475 275 74 57 36 8350
 ... : 3 2 3 8 10 27 66 195 170 625 739 892 915 879 943 952 338 617 661 677 623 635 815 497 334 445 475 275 74 57 36 8369
 ... : 3 2 3 8 10 27 66 195 172 627 742 894 915 879 944 973 338 619 661 678 624 636 815 497 334 445 475 275 74 57 36 8396
 ... : 3 2 3 8 10 27 66 195 172 631 749 905 924 883 947 978 340 622 664 679 625 636 815 497 334 445 475 275 74 57 36 8402
 ... : 3 2 3 8 10 27 66 195 172 635 754 912 933 887 949 981 341 631 666 679 625 636 815 497 334 445 475 275 74 57 36 8411
 ... : 3 2 3 8 10 27 66 195 172 638 758 920 942 889 951 989 348 638 665 679 626 637 815 497 334 445 475 275 74 57 36 8422
 ... : 3 2 3 8 10 27 66 195 172 638 758 920 942 897 953 997 360 658 669 679 626 637 815 497 334 445 475 275 74 57 36 8435
 ... : 3 2 3 8 10 27 66 195 172 640 761 926 950 900 957 998 374 671 672 679 626 637 815 497 334 445 475 275 74 57 36 8442
 ... : 3 2 3 8 10 27 66 195 172 640 761 926 950 901 958 999 381 680 677 684 636 642 820 503 343 445 475 275 74 57 36 8451
 ... : 3 2 3 8 10 27 66 195 172 641 762 926 950 901 958 1000 381 680 678 684 636 642 820 506 349 447 478 275 74 57 36 8495
 ... : 3 2 3 8 10 27 66 196 179 649 765 926 950 902 960 1003 381 684 680 685 637 642 820 506 349 447 478 275 74 57 36 8530
 ... : 3 2 3 8 10 28 66 196 181 664 780 930 955 905 963 1003 381 684 680 685 637 642 820 506 349 447 478 275 74 57 38 8537
 ... : 3 2 3 8 10 28 66 196 180 667 795 958 957 906 965 1004 381 684 680 685 637 642 820 506 349 447 478 275 74 57 38 8553
 ... : 3 2 3 8 10 28 66 196 180 672 809 983 957 906 966 1007 381 684 680 685 637 642 820 506 349 447 478 275 74 57 38 8571
 ... : 3 2 3 8 10 28 66 196 180 675 821 1002 964 908 973 1008 381 684 680 685 637 642 820 506 349 447 478 275 74 57 38 8587
 ... : 3 2 3 8 10 28 66 196 180 674 837 1012 972 907 977 1014 381 684 680 685 637 642 820 506 349 447 478 275 74 57 38 8589
 ... : 3 2 3 8 10 28 66 196 180 675 850 1028 983 918 982 1014 381 684 680 685 637 642 820 506 349 447 478 275 74 57 38 8599
 ... : 3 2 3 8 10 28 66 196 180 677 863 1042 994 923 990 1016 381 684 680 685 637 642 820 506 349 447 478 275 74 57 38 8610
 ... : 3 2 3 8 10 28 66 196 180 677 865 1042 1006 933 1009 1021 384 687 680 685 637 642 820 506 349 447 478 275 74 57 38 8612
 ... : 3 2 3 8 10 28 66 196 180 677 865 1043 1012 937 1018 1029 389 693 684 686 637 642 820 506 349 447 478 275 74 57 38 8626
 ... : 3 2 3 8 10 28 71 203 190 688 867 1049 1016 940 1022 1031 390 694 687 686 637 642 820 506 349 447 478 275 74 57 38 8630
 ... : 3 2 3 8 10 29 72 207 197 698 882 1064 1032 942 1022 1031 390 694 687 686 637 642 820 506 349 447 478 275 74 57 38 8630
 ... : 3 2 3 8 10 29 72 207 196 698 893 1099 1042 948 1023 1031 390 694 687 686 637 642 820 506 349 447 478 275 74 57 38 8631
 ... : 3 2 3 8 10 29 72 207 196 702 907 1126 1054 951 1024 1031 390 694 687 686 637 642 820 506 349 447 478 275 74 57 38 8636
 ... : 3 2 3 8 10 29 72 207 196 702 899 1133 1062 957 1025 1033 391 695 687 686 637 642 820 506 349 447 478 275 74 57 38 8657
 ... : 3 2 3 8 10 29 72 207 196 703 904 1139 1066 959 1025 1034 391 695 687 686 637 642 820 506 349 447 478 275 74 57 38 8688
 ... : 3 2 3 8 10 29 72 207 196 706 918 1156 1079 969 1027 1038 393 697 687 686 637 642 820 506 349 447 478 275 74 57 38 8689
 ... : 3 2 3 8 10 29 72 207 196 712 926 1169 1091 975 1032 1044 394 699 688 686 637 642 820 506 349 447 478 275 74 57 38 8689
 ... : 3 2 3 8 10 29 72 207 196 715 932 1180 1104 984 1038 1051 398 699 688 686 637 642 820 506 349 447 478 275 74 57 38 8695
 ... : 3 2 3 8 10 29 72 207 196 716 940 1190 1109 994 1043 1058 402 702 689 686 637 642 820 506 349 447 478 275 74 57 38 8699
 ... : 3 2 3 8 10 29 72 207 196 718 946 1201 1117 1002 1049 1060 404 704 689 686 637 642 820 506 349 447 478 275 74 57 38 8724
 ... : 3 2 3 8 10 29 72 207 196 718 946 1204 1123 1009 1052 1061 406 713 697 686 637 642 820 506 349 447 478 275 74 57 38 8756
 ... : 3 2 3 8 10 29 72 207 196 720 949 1210 1129 1016 1060 1067 407 714 700 686 637 642 820 506 349 447 478 275 74 57 38 8778
 ... : 3 2 3 8 10 29 72 207 196 720 949 1216 1134 1021 1065 1068 412 720 706 686 637 642 820 506 349 447 478 275 74 57 38 8803
 ... : 3 2 3 8 10 29 72 211 198 722 956 1225 1138 1026 1074 1068 412 720 706 687 646 642 820 506 349 447 478 275 74 57 38 8808
 ... : 3 2 3 8 10 29 72 211 199 723 972 1231 1139 1028 1080 1068 415 721 707 688 646 642 820 506 349 447 478 275 74 57 38 8812
 ... : 3 2 3 8 10 29 72 211 199 729 981 1244 1147 1029 1083 1076 416 723 711 689 647 644 820 506 349 447 478 275 74 57 38 8819
 ... : 3 2 3 8 10 29 72 211 199 728 981 1254 1154 1039 1087 1081 419 726 721 689 647 644 820 506 349 447 478 275 74 57 38 8828
 ... : 3 2 3 8 10 29 72 211 199 728 982 1265 1164 1048 1092 1085 424 733 725 689 647 644 820 506 349 447 478 275 74 57 38 8837
 ... : 3 2 3 8 10 29 72 211 199 728 982 1272 1172 1056 1099 1092 431 740 727 691 650 645 821 507 350 449 483 275 74 57 38 8838
 ... : 3 2 3 8 10 29 76 216 208 738 991 1283 1175 1057 1099 1092 431 740 728 691 650 645 821 507 350 449 483 275 74 57 38 8844
 ... : 3 2 3 8 10 29 78 217 209 743 1011 1291 1175 1057 1103 1099 431 740 728 691 650 645 821 507 350 449 483 275 74 57 38 8864
 ... : 3 2 3 8 10 29 78 218 209 743 1032 1308 1176 1058 1104 1104 431 740 728 691 650 645 821 507 350 449 483 275 74 57 38 8880
 ... : 3 2 3 8 10 29 78 218 209 748 1051 1327 1184 1055 1104 1107 431 740 728 691 650 645 821 507 350 449 483 275 74 57 38 8883
 ... : 3 2 3 8 10 29 78 218 211 747 1054 1346 1191 1058 1104 1109 431 741 728 691 650 645 821 507 350 449 483 275 74 57 38 8888
 ... : 3 2 3 8 10 29 78 220 211 747 1064 1368 1206 1062 1104 1109 431 741 728 691 650 645 821 507 350 449 483 275 74 57 38 8889
 ... : 3 2 3 8 10 29 78 220 211 747 1066 1380 1222 1075 1110 1114 436 745 728 691 650 645 821 507 350 449 483 275 74 57 38 8891
 ... : 3 2 3 8 10 29 78 220 211 747 1071 1395 1233 1087 1115 1119 440 747 728 691 650 645 821 507 350 449 483 275 74 57 38 8893
 ... : 3 2 3 8 10 29 78 220 211 749 1077 1408 1240 1090 1118 1123 444 750 729 693 652 647 821 507 350 449 483 275 74 57 38 8900
 ... : 3 2 3 8 10 29 78 220 211 755 1086 1422 1249 1092 1124 1136 446 755 731 694 652 647 821 507 350 449 483 275 74 57 38 8905
 ... : 3 2 3 8 10 29 78 220 211 755 1086 1425 1256 1100 1129 1144 459 771 736 694 652 647 821 507 350 449 483 275 74 57 38 8909
 ... : 3 2 3 8 10 29 78 220 211 755 1091 1431 1259 1102 1141 1156 461 775 740 694 652 647 821 507 350 449 483 275 74 57 38 8924
 ... : 3 2 3 8 10 29 78 220 211 756 1096 1437 1265 1106 1154 1176 461 777 740 694 652 647 821 507 350 449 483 275 74 57 38 8927
 ... : 3 2 3 8 10 29 78 220 211 756 1100 1443 1269 1108 1160 1179 469 785 742 694 652 647 821 507 350 449 483 275 74 57 38 8952
 ... : 3 2 3 8 10 29 78 220 211 756 1100 1458 1283 1116 1168 1185 476 792 743 694 652 647 821 507 350 449 483 275 74 57 38 8953
 ... : 3 2 3 8 10 29 78 220 211 758 1102 1459 1297 1122 1176 1200 482 797 743 694 652 647 821 507 350 449 483 275 74 57 38 8958
 ... : 3 2 3 8 10 29 78 220 211 759 1103 1460 1314 1130 1185 1211 490 806 745 694 652 647 821 507 350 449 483 275 74 57 38 8960
 ... : 3 2 3 8 10 29 78 220 211 761 1108 1469 1323 1135 1191 1224 499 817 747 694 652 647 821 507 350 449 483 275 74 57 38 8960
 ... : 3 2 3 8 10 29 78 220 211 762 1110 1481 1336 1141 1198 1236 504 822 748 694 652 647 821 507 350 449 483 275 74 57 38 8962
 ... : 3 2 3 8 10 29 78 220 211 765 1115 1483 1347 1147 1207 1246 511 829 750 694 652 647 821 507 350 449 483 275 74 57 38 8963
 ... : 3 2 3 8 10 29 78 220 211 766 1117 1492 1356 1152 1213 1256 519 834 750 694 652 647 821 507 350 449 483 275 74 57 38 8963
 ... : 3 2 3 8 10 29 78 220 211 766 1117 1498 1364 1161 1221 1268 527 842 752 694 652 647 821 507 350 449 483 275 74 57 38 8963
 ... : 3 2 3 8 10 29 78 220 211 769 1124 1509 1369 1164 1224 1277 534 851 754 695 654 647 821 507 350 449 483 275 74 57 38 8966
 ... : 3 2 3 8 10 29 78 220 211 770 1127 1512 1376 1166 1227 1291 542 855 754 695 654 647 821 507 350 449 483 275 74 57 38 8970
 ... : 3 2 3 8 10 29 78 220 211 771 1128 1514 1381 1168 1229 1299 554 864 758 695 654 647 821 507 350 449 483 275 74 57 38 8971
 ... : 3 2 3 8 10 29 78 220 211 771 1130 1515 1381 1168 1229 1290 545 857 761 698 657 650 823 511 355 450 483 275 74 57 38 8988
 ... : 3 2 3 8 10 29 78 220 211 773 1134 1520 1386 1171 1231 1293 546 858 765 700 657 650 823 511 355 450 483 275 74 57 38 9015
 ... : 3 2 3 8 10 29 78 220 211 773 1134 1520 1386 1171 1231 1293 546 860 769 708 666 656 828 515 360 453 484 275 74 57 38 9037
 ... : 3 2 3 8 10 29 78 220 211 776 1138 1525 1392 1175 1235 1298 548 867 776 709 668 657 828 515 360 455 490 275 74 57 38 9047
 ... : 3 2 3 8 10 29 78 220 211 777 1139 1539 1400 1182 1241 1304 553 877 781 709 668 657 828 515 360 455 490 275 74 57 38 9056
 ... : 3 2 3 8 10 29 78 220 211 779 1143 1548 1405 1186 1250 1321 556 880 784 709 668 657 828 515 360 455 490 275 74 57 39 9060
 ... : 3 2 3 8 10 29 78 221 213 785 1151 1564 1414 1190 1255 1330 563 886 784 709 668 657 828 515 360 455 490 275 74 57 39 9064
 ... : 3 2 3 8 10 29 78 221 213 785 1153 1573 1420 1196 1259 1336 568 891 786 709 668 657 828 515 360 455 490 275 74 57 39 9084
 ... : 3 2 3 8 10 29 78 221 213 785 1153 1578 1429 1204 1265 1342 574 899 790 709 668 657 828 515 360 455 490 275 74 57 39 9100
 ... : 3 2 3 8 10 29 78 221 213 786 1157 1588 1441 1215 1272 1351 580 905 792 709 668 657 828 515 360 455 490 275 74 57 39 9103
 ... : 3 2 3 8 10 29 78 221 213 786 1157 1590 1446 1222 1281 1360 594 918 793 709 668 657 828 515 360 455 490 275 74 57 39 9106
 ... : 3 2 3 8 10 29 78 221 213 787 1161 1596 1452 1228 1287 1366 598 922 795 709 668 657 828 515 360 455 490 275 74 57 39 9132
 ... : 3 2 3 8 10 29 78 221 213 788 1165 1605 1455 1231 1289 1368 609 933 797 709 668 657 828 515 360 455 490 275 74 57 39 9147
 ... : 3 2 3 8 10 29 78 221 214 789 1167 1610 1462 1238 1295 1377 616 942 801 710 668 657 828 515 360 455 490 275 74 57 40 9157
 ... : 3 2 3 8 10 29 78 224 215 797 1180 1626 1465 1240 1299 1380 623 949 802 710 669 657 828 515 360 455 490 275 74 57 40 9157
 ... : 3 2 3 8 10 29 78 226 217 801 1187 1638 1471 1244 1303 1391 630 956 803 711 671 657 828 515 360 455 490 275 74 57 40 9161
 ... : 3 2 3 8 10 29 78 226 217 801 1199 1652 1486 1253 1303 1392 630 956 803 711 677 657 828 515 360 455 491 275 74 57 40 9161
 ... : 3 2 3 8 10 29 78 226 217 801 1199 1654 1495 1263 1317 1398 632 960 807 713 679 657 828 515 360 455 491 275 74 57 40 9173
 ... : 3 2 3 8 10 29 78 226 217 807 1208 1667 1506 1270 1321 1406 635 966 807 713 679 657 828 515 360 455 491 275 74 57 40 9177
 ... : 3 2 3 8 10 29 78 226 217 812 1214 1677 1521 1277 1324 1411 644 976 807 713 679 657 828 515 360 455 491 275 74 57 40 9178
 ... : 3 2 3 8 10 29 78 226 217 813 1215 1679 1524 1280 1329 1420 653 990 818 714 690 657 828 515 360 455 491 275 74 57 40 9182
 ... : 3 2 3 8 10 29 78 226 217 813 1215 1680 1525 1281 1342 1431 658 995 819 714 696 658 828 515 360 455 491 275 74 57 40 9182
 ... : 3 2 3 8 10 29 78 226 217 813 1215 1687 1538 1294 1349 1439 666 997 820 714 696 658 828 515 360 455 491 275 74 57 40 9183
 ... : 3 2 3 8 10 29 78 226 217 813 1215 1690 1543 1299 1360 1448 674 1006 822 714 696 658 828 515 360 455 491 275 74 57 40 9183
 ... : 3 2 3 8 10 29 78 227 218 814 1215 1692 1547 1302 1362 1454 679 1011 823 716 696 659 828 515 360 455 491 275 74 57 40 9185
 ... : 3 2 3 8 10 31 80 230 224 836 1227 1699 1547 1304 1365 1457 679 1011 823 716 696 659 828 515 360 455 491 275 74 57 40 9193
 ... : 3 2 3 8 10 31 80 230 224 848 1244 1725 1549 1304 1365 1457 679 1011 823 716 696 659 828 515 360 455 491 275 74 57 40 9198
 ... : 3 2 3 9 11 32 83 235 227 851 1256 1743 1558 1304 1367 1457 679 1013 823 716 696 659 828 515 360 455 491 275 74 57 40 9205
 ... : 3 2 3 9 11 32 82 236 227 850 1259 1768 1569 1306 1367 1457 679 1013 823 716 696 659 828 515 360 455 491 275 74 57 40 9227
 ... : 3 2 3 9 11 32 83 238 228 856 1289 1785 1575 1309 1367 1459 679 1013 823 716 696 659 828 515 360 455 491 275 74 57 40 9227
 ... : 3 2 3 9 11 32 83 238 228 858 1303 1799 1589 1321 1374 1461 679 1013 823 716 696 659 828 515 360 455 491 275 74 57 40 9227
 ... : 3 2 3 9 11 32 83 238 228 859 1324 1813 1594 1327 1381 1461 679 1013 823 716 696 659 828 515 360 455 491 275 74 57 40 9235
 ... : 3 2 3 9 11 32 83 238 228 861 1335 1827 1607 1344 1385 1463 679 1014 823 717 697 659 828 515 360 455 491 275 74 57 42 9238
 ... : 3 2 3 9 11 32 83 238 228 862 1339 1837 1612 1351 1403 1476 681 1014 823 721 699 659 828 515 360 455 491 275 74 57 42 9238
 ... : 3 2 3 9 11 32 83 238 228 863 1341 1843 1618 1359 1412 1496 684 1016 824 721 699 659 828 515 360 455 491 275 74 57 42 9242
 ... : 3 2 3 9 11 32 83 238 228 863 1348 1857 1626 1368 1416 1497 690 1022 825 722 699 659 828 515 360 455 491 275 74 57 42 9243
 ... : 3 2 3 9 11 32 83 238 228 863 1349 1864 1641 1375 1419 1500 694 1027 826 722 699 659 828 515 360 455 491 275 74 57 42 9244
 ... : 3 2 3 9 11 32 83 238 228 863 1355 1875 1650 1384 1427 1506 697 1029 831 722 699 659 828 515 360 455 491 275 74 57 42 9245
 ... : 3 2 3 9 11 32 83 238 228 863 1355 1880 1656 1390 1433 1510 709 1042 834 723 699 659 828 515 360 455 491 275 74 57 42 9245
 ... : 3 2 3 9 11 32 83 238 228 863 1357 1883 1665 1403 1444 1515 709 1043 836 724 701 659 828 515 360 455 491 275 74 57 42 9245
