initialized model with 10746 latches, 208 inputs and 1 properties
tsim: performed 32 steps
tsim: found cycle from 23
tsim: found 0 constants and 1 latch equivalences
seqsimpl: (10746, 208) -> (10539, 208)
checking bound 0
checking bound 1
checking bound 2
tdecomp: unrolling 2 cycles
tsim: performed 30 steps
tsim: found cycle from 21
tdecomp: no improvement found, reverting original model
   2 : 2 0
   3 : 2 1 24
   4 : 3 3 6 33
   5 : 3 3 6 5 28
 ... : 3 3 22 25 62
 ... : 7 9 42 45 81
 ... : 10 13 63 70 88
 ... : 19 21 78 78 112
 ... : 19 20 85 90 165
   6 : 13 11 73 66 68 144
   7 : 13 11 73 66 67 40 105
 ... : 13 10 74 74 80 45 157
 ... : 14 10 86 86 82 47 194
 ... : 14 10 97 101 82 54 229
 ... : 15 10 103 108 89 61 272
 ... : 23 26 117 121 95 65 284
 ... : 24 25 119 129 108 78 313
 ... : 25 26 117 126 116 92 346
 ... : 26 28 118 127 120 127 361
 ... : 27 29 125 139 127 142 383
 ... : 28 30 131 150 146 172 397
 ... : 29 32 132 155 168 199 412
 ... : 33 38 146 175 173 203 425
 ... : 35 35 138 181 190 220 436
 ... : 35 35 138 182 214 248 457
 ... : 35 35 138 184 222 261 484
 ... : 35 35 138 188 223 282 551
 ... : 34 35 138 187 237 316 621
 ... : 34 35 137 187 246 331 672
 ... : 34 35 137 187 250 349 753
 ... : 32 32 139 191 260 372 799
 ... : 32 32 149 202 270 385 834
 ... : 32 32 154 207 278 401 878
 ... : 32 32 150 204 291 421 917
   8 : 26 31 88 155 250 408 234 781
 ... : 26 31 88 155 250 414 260 853
 ... : 26 31 88 155 250 419 293 900
 ... : 26 31 88 155 250 428 307 959
 ... : 26 31 88 155 250 434 315 1016
   9 : 26 31 88 154 249 427 273 158 929
 ... : 26 31 88 154 249 426 273 164 1015
 ... : 26 31 88 154 249 428 286 174 1093
 ... : 26 31 88 154 249 430 294 186 1168
 ... : 26 31 88 154 249 443 326 202 1208
 ... : 26 31 88 154 250 450 337 217 1256
 ... : 26 31 88 155 255 467 353 222 1288
 ... : 26 31 88 155 255 471 391 263 1305
 ... : 26 31 88 154 257 481 406 290 1335
 ... : 26 31 88 152 261 490 420 285 1361
 ... : 26 31 88 152 259 491 434 292 1386
 ... : 26 31 88 152 258 494 441 305 1433
 ... : 26 31 88 151 265 504 453 316 1470
 ... : 26 31 88 151 265 506 466 350 1522
  10 : 26 31 80 146 255 489 429 280 310 1312
  11 : 26 31 80 146 255 487 431 278 278 131 1236
 ... : 26 31 80 146 255 487 431 278 278 144 1309
 ... : 26 31 80 146 255 487 435 294 309 153 1345
 ... : 26 31 80 146 255 488 440 301 323 161 1386
 ... : 26 31 80 146 255 488 444 312 332 172 1430
 ... : 26 31 80 146 255 492 453 318 334 176 1464
 ... : 26 31 80 146 255 499 472 337 340 189 1491
 ... : 26 31 80 146 255 501 505 379 340 192 1515
 ... : 26 31 80 146 255 501 511 412 343 218 1551
 ... : 26 31 80 146 255 504 520 446 351 256 1568
 ... : 26 31 80 146 255 504 521 455 379 237 1586
 ... : 26 31 80 146 255 504 526 464 398 255 1615
 ... : 26 31 80 146 255 505 532 476 408 262 1630
 ... : 26 31 80 146 257 510 554 492 413 262 1660
 ... : 26 31 80 146 260 519 579 516 414 234 1677
 ... : 26 31 80 146 260 524 619 549 414 234 1699
 ... : 26 31 80 146 260 527 643 565 418 245 1713
 ... : 26 31 80 146 260 530 657 584 428 253 1731
 ... : 26 31 80 146 260 530 650 584 439 260 1750
 ... : 26 31 80 146 260 531 656 594 452 269 1785
 ... : 26 31 80 146 260 531 657 601 473 294 1815
 ... : 26 31 80 146 260 531 665 628 483 339 1833
 ... : 26 31 80 146 260 531 680 655 477 379 1854
 ... : 26 31 80 146 260 531 684 657 481 384 1877
 ... : 26 31 80 146 260 531 682 660 506 401 1922
 ... : 26 31 80 146 260 535 650 592 503 388 1958
 ... : 26 31 80 147 264 543 659 603 518 398 1989
 ... : 26 31 80 147 272 556 677 614 529 412 2004
 ... : 26 31 80 147 274 564 700 643 539 415 2021
 ... : 26 31 80 147 274 568 713 666 549 419 2037
 ... : 26 31 80 147 274 573 754 692 557 419 2048
 ... : 26 31 80 147 274 580 796 720 567 422 2060
 ... : 26 31 80 147 274 580 802 729 588 434 2092
 ... : 26 31 80 147 274 580 808 765 609 453 2116
 ... : 26 31 80 147 274 582 824 782 621 468 2126
 ... : 26 31 80 147 274 582 825 787 606 463 2146
 ... : 26 31 80 147 274 582 830 811 637 479 2169
 ... : 26 31 80 147 274 582 834 822 659 497 2193
 ... : 26 31 80 147 274 584 833 818 672 500 2223
 ... : 26 31 80 147 273 584 829 813 667 503 2253
 ... : 26 31 80 147 273 582 824 818 685 536 2295
 ... : 26 31 80 147 273 582 824 817 686 549 2337
 ... : 26 31 80 147 273 582 825 819 690 552 2400
 ... : 26 31 80 147 273 582 825 823 695 573 2456
 ... : 26 31 80 147 273 582 825 823 711 593 2508
 ... : 26 31 80 147 273 580 818 823 717 617 2555
 ... : 26 31 80 147 274 581 823 835 736 623 2584
 ... : 26 31 80 147 289 613 850 854 737 624 2605
 ... : 26 31 80 147 300 630 851 872 737 624 2650
 ... : 26 31 80 147 300 630 851 898 737 627 2688
 ... : 26 31 80 147 300 665 885 926 739 629 2697
 ... : 26 31 80 147 300 665 897 961 767 644 2716
 ... : 26 31 80 147 300 665 899 1000 770 685 2739
 ... : 26 31 80 147 300 665 904 1017 770 730 2759
 ... : 26 31 80 147 300 666 922 1044 785 740 2782
 ... : 26 31 80 147 300 668 925 1053 800 743 2791
 ... : 26 31 80 147 300 668 924 1054 809 757 2833
 ... : 26 31 80 147 300 669 930 1070 827 763 2827
 ... : 26 31 80 147 300 669 935 1096 854 775 2857
 ... : 26 31 80 147 300 669 936 1113 877 792 2896
 ... : 26 31 80 147 300 669 937 1125 899 803 2918
 ... : 26 31 80 147 300 670 947 1140 931 823 2944
 ... : 26 31 80 147 300 670 947 1150 954 840 2978
 ... : 26 31 80 147 300 670 947 1161 985 861 3011
 ... : 26 31 80 147 300 672 968 1198 1001 878 3027
 ... : 26 31 80 147 300 672 971 1220 1018 892 3056
 ... : 26 31 80 147 300 672 971 1232 1046 919 3086
 ... : 26 31 80 147 300 672 974 1244 1065 937 3119
 ... : 26 31 80 147 300 672 974 1248 1091 970 3138
 ... : 26 31 80 147 300 672 974 1257 1126 1009 3154
 ... : 26 31 80 147 300 672 973 1261 1148 1019 3157
 ... : 26 31 80 147 300 672 972 1258 1157 1016 3181
 ... : 26 31 80 147 300 672 977 1263 1170 1050 3194
 ... : 26 31 80 147 299 672 975 1269 1201 1080 3213
 ... : 26 31 80 147 299 672 996 1298 1226 1084 3236
 ... : 26 31 80 147 299 673 1015 1344 1252 1091 3247
 ... : 26 31 80 147 299 676 1025 1356 1256 1098 3270
 ... : 26 31 80 147 299 681 1041 1381 1258 1097 3291
 ... : 26 31 80 147 299 681 1056 1404 1267 1101 3313
 ... : 26 31 80 147 299 681 1061 1398 1273 1106 3355
 ... : 26 31 80 147 299 681 1061 1398 1277 1142 3383
 ... : 26 31 80 147 299 681 1061 1409 1297 1166 3415
 ... : 26 31 80 147 299 681 1061 1416 1311 1190 3446
 ... : 26 31 80 147 299 681 1063 1430 1317 1209 3472
 ... : 26 31 80 147 299 681 1069 1443 1317 1212 3516
 ... : 26 31 80 147 299 686 1090 1466 1319 1213 3548
 ... : 26 31 80 147 299 687 1095 1470 1325 1222 3595
 ... : 26 31 80 147 299 687 1095 1479 1332 1256 3623
 ... : 26 31 80 147 299 691 1111 1489 1345 1267 3647
 ... : 26 31 80 147 299 691 1131 1515 1351 1277 3664
 ... : 26 31 80 147 299 695 1133 1525 1356 1280 3688
 ... : 26 31 80 147 299 696 1133 1545 1360 1281 3723
 ... : 26 31 80 147 298 695 1141 1557 1373 1297 3761
 ... : 26 31 80 147 298 695 1147 1566 1380 1311 3795
 ... : 26 31 80 147 298 698 1179 1590 1397 1315 3803
 ... : 26 31 80 147 298 701 1206 1611 1406 1319 3827
 ... : 26 31 80 147 298 701 1219 1634 1428 1333 3844
 ... : 26 31 80 147 298 702 1264 1668 1428 1334 3861
 ... : 26 31 80 147 298 703 1273 1694 1431 1355 3892
 ... : 26 31 80 147 298 709 1298 1717 1444 1361 3906
 ... : 26 31 80 147 298 709 1302 1722 1468 1381 3940
 ... : 26 31 80 147 298 709 1302 1727 1504 1396 3977
 ... : 26 31 80 147 298 709 1302 1738 1534 1409 4019
 ... : 26 31 80 147 297 708 1302 1745 1565 1419 4062
 ... : 26 31 80 147 297 708 1302 1750 1598 1435 4105
 ... : 26 31 80 147 297 708 1302 1759 1625 1450 4141
 ... : 26 31 80 147 297 708 1302 1764 1644 1474 4175
 ... : 26 31 80 147 297 708 1302 1771 1669 1497 4200
 ... : 26 31 80 147 297 708 1291 1758 1695 1508 4218
 ... : 26 31 80 147 297 708 1291 1758 1699 1536 4242
 ... : 26 31 80 147 297 710 1297 1769 1713 1557 4273
 ... : 26 31 80 147 297 710 1298 1773 1727 1578 4313
 ... : 26 31 80 147 297 712 1301 1779 1746 1602 4332
 ... : 26 31 80 147 300 711 1180 1479 1480 1230 3887
 ... : 26 31 80 147 300 711 1180 1479 1480 1230 3887
 ... : 26 31 80 147 300 711 1180 1479 1480 1229 3888
 ... : 26 31 80 147 300 711 1180 1478 1477 1222 3885
 ... : 26 31 80 147 300 711 1180 1484 1482 1247 3919
 ... : 26 31 80 147 307 726 1189 1498 1489 1261 3943
 ... : 26 31 80 147 308 729 1195 1512 1512 1273 3963
 ... : 26 31 80 146 307 732 1196 1506 1494 1277 3992
 ... : 26 31 80 146 307 733 1201 1522 1506 1294 4012
 ... : 26 31 80 146 307 735 1208 1544 1520 1318 4036
 ... : 26 31 80 146 310 743 1211 1555 1533 1340 4052
 ... : 26 31 80 146 310 745 1215 1578 1560 1371 4063
 ... : 26 31 80 146 310 747 1225 1591 1573 1393 4086
 ... : 26 31 80 146 310 749 1244 1611 1579 1406 4111
 ... : 26 31 80 146 310 749 1251 1647 1599 1423 4137
 ... : 26 31 80 146 310 749 1253 1661 1623 1433 4156
 ... : 26 31 80 146 310 751 1257 1670 1643 1453 4188
 ... : 26 31 80 146 310 752 1262 1680 1659 1471 4211
 ... : 26 31 80 146 310 753 1266 1694 1690 1502 4222
 ... : 26 31 80 146 310 753 1266 1704 1698 1528 4239
 ... : 26 31 80 146 310 754 1276 1727 1710 1542 4254
 ... : 26 31 80 146 310 754 1281 1731 1731 1555 4267
 ... : 26 31 80 146 310 753 1279 1726 1728 1541 4264
  12 : 25 28 80 133 305 696 1138 1527 1489 1473 385 4093
  13 : 25 28 77 132 305 693 1115 1515 1466 1459 297 143 4011
 ... : 25 28 77 132 305 693 1115 1515 1466 1463 308 154 4072
 ... : 25 28 77 132 305 693 1115 1515 1466 1463 320 180 4132
 ... : 25 28 77 132 305 693 1115 1515 1466 1463 332 200 4184
 ... : 25 28 77 132 305 693 1115 1515 1466 1463 346 212 4242
 ... : 25 28 77 132 305 693 1115 1515 1466 1465 366 232 4291
 ... : 25 28 77 132 305 693 1115 1515 1466 1465 382 245 4351
 ... : 25 28 77 132 305 693 1115 1515 1466 1465 389 258 4413
 ... : 25 28 77 132 305 693 1115 1515 1466 1465 403 275 4466
 ... : 25 28 77 132 305 693 1115 1515 1466 1470 419 287 4524
 ... : 25 28 77 132 305 693 1115 1515 1466 1479 438 303 4515
 ... : 25 28 77 132 305 693 1115 1515 1466 1479 451 322 4564
 ... : 25 28 77 132 305 693 1115 1515 1466 1491 481 341 4604
 ... : 25 28 77 132 305 693 1115 1515 1466 1492 502 354 4642
 ... : 25 28 77 132 305 693 1115 1515 1466 1493 514 362 4692
 ... : 25 28 77 132 305 693 1115 1515 1466 1501 533 380 4730
 ... : 25 28 77 132 305 692 1115 1515 1466 1503 544 403 4762
 ... : 25 28 77 132 305 692 1115 1515 1466 1504 551 444 4781
 ... : 25 28 77 132 305 692 1115 1515 1467 1512 569 457 4816
 ... : 25 28 77 132 305 692 1115 1515 1467 1513 570 494 4873
 ... : 25 28 77 132 305 692 1115 1515 1469 1520 582 510 4913
 ... : 25 28 77 132 305 692 1115 1515 1471 1536 607 518 4957
 ... : 25 28 77 132 305 692 1115 1515 1473 1550 627 528 5002
 ... : 25 28 77 132 305 692 1115 1515 1474 1566 652 542 5039
 ... : 25 28 77 132 305 692 1115 1515 1474 1579 677 559 5067
 ... : 25 28 77 132 305 692 1115 1515 1479 1591 692 574 5100
 ... : 25 28 77 132 305 692 1115 1515 1478 1600 712 586 5137
 ... : 25 28 77 132 305 692 1115 1515 1477 1610 733 595 5183
 ... : 25 28 77 132 305 692 1115 1515 1478 1630 763 612 5217
 ... : 25 28 77 132 305 692 1115 1515 1480 1639 783 626 5257
 ... : 25 28 77 132 305 692 1115 1515 1480 1645 803 646 5294
 ... : 25 28 77 132 305 692 1115 1515 1480 1652 834 665 5332
 ... : 25 28 77 132 305 692 1115 1515 1480 1653 855 683 5375
 ... : 25 28 77 132 305 692 1115 1515 1481 1658 875 697 5418
 ... : 25 28 77 132 305 692 1115 1515 1482 1668 896 697 5401
 ... : 25 28 77 132 305 692 1115 1515 1480 1671 916 710 5443
 ... : 25 28 77 132 305 692 1115 1515 1482 1687 947 726 5469
 ... : 25 28 77 132 305 692 1115 1514 1482 1692 986 749 5495
 ... : 25 28 77 132 305 692 1115 1514 1482 1698 1022 779 5513
 ... : 25 28 77 132 305 692 1115 1514 1482 1704 1066 814 5536
 ... : 25 28 77 132 305 692 1115 1514 1482 1705 1099 847 5547
 ... : 25 28 77 132 305 692 1115 1514 1482 1708 1124 891 5557
 ... : 25 28 77 132 305 692 1115 1514 1482 1715 1160 926 5581
 ... : 25 28 77 132 305 692 1115 1514 1482 1717 1186 938 5625
 ... : 25 28 77 132 305 692 1115 1514 1482 1723 1223 960 5647
 ... : 25 28 77 132 305 692 1115 1514 1482 1727 1273 999 5665
 ... : 25 28 77 132 305 692 1115 1514 1482 1733 1305 1021 5703
 ... : 25 28 77 132 305 692 1115 1514 1482 1739 1337 1046 5731
 ... : 25 28 77 132 305 692 1115 1514 1482 1745 1345 1071 5752
 ... : 25 28 77 132 305 692 1115 1514 1483 1754 1378 1101 5773
 ... : 25 28 77 132 305 692 1115 1514 1483 1761 1417 1144 5792
 ... : 25 28 77 132 305 692 1115 1514 1483 1769 1460 1180 5807
 ... : 25 28 77 132 305 692 1115 1514 1485 1783 1506 1218 5819
 ... : 25 28 77 132 305 692 1115 1514 1485 1786 1522 1276 5860
 ... : 25 28 77 132 305 692 1115 1514 1485 1785 1528 1322 5915
 ... : 25 28 77 132 305 692 1115 1514 1485 1788 1538 1343 5973
 ... : 25 28 77 132 305 692 1115 1514 1485 1798 1568 1377 5999
 ... : 25 28 77 132 305 692 1115 1514 1485 1798 1580 1411 6053
 ... : 25 28 77 132 305 692 1115 1514 1485 1804 1595 1451 6106
 ... : 25 28 77 132 305 692 1115 1514 1485 1805 1607 1479 6161
 ... : 25 28 77 132 305 692 1115 1514 1485 1805 1614 1516 6225
 ... : 25 28 77 132 305 692 1115 1514 1485 1806 1628 1552 6277
 ... : 25 28 77 132 305 692 1115 1514 1485 1806 1618 1466 6188
 ... : 25 28 77 132 305 692 1115 1514 1485 1806 1618 1466 6189
 ... : 25 28 77 132 305 692 1115 1514 1485 1806 1618 1466 6189
 ... : 25 28 77 132 305 692 1115 1514 1485 1806 1618 1466 6189
 ... : 25 28 77 132 305 692 1115 1514 1485 1806 1618 1465 6201
 ... : 25 28 77 132 305 692 1115 1514 1477 1811 1631 1474 6228
 ... : 25 28 77 132 305 689 1107 1503 1459 1770 1619 1490 6253
 ... : 25 28 77 132 305 689 1107 1503 1456 1787 1640 1498 6303
 ... : 25 28 77 132 305 689 1107 1503 1456 1787 1616 1514 6336
 ... : 25 28 77 132 305 689 1107 1503 1456 1785 1609 1517 6392
 ... : 25 28 77 132 305 689 1107 1503 1456 1790 1635 1556 6424
 ... : 25 28 77 132 305 689 1107 1503 1456 1793 1638 1554 6460
 ... : 25 28 77 132 305 689 1104 1498 1435 1783 1655 1569 6480
  14 : 25 28 77 132 301 681 1087 1453 1329 1612 1309 1201 548 5894
  15 : 25 28 76 125 301 682 1080 1449 1318 1608 1294 1185 468 389 5555
 ... : 25 28 76 125 301 682 1079 1445 1315 1601 1300 1190 482 403 5588
 ... : 25 28 76 125 301 682 1079 1445 1315 1603 1280 1146 480 399 5636
 ... : 25 28 76 125 301 682 1079 1445 1315 1603 1280 1146 503 422 5675
 ... : 25 28 76 125 301 682 1079 1445 1315 1603 1280 1146 509 452 5724
 ... : 25 28 76 125 301 682 1079 1445 1315 1603 1280 1146 521 482 5770
 ... : 25 28 76 125 301 682 1079 1445 1315 1603 1280 1147 531 489 5820
 ... : 25 28 76 125 301 682 1079 1445 1315 1603 1280 1147 551 514 5837
 ... : 25 28 76 125 301 682 1079 1445 1315 1603 1279 1149 580 545 5843
 ... : 25 28 76 125 301 682 1079 1445 1315 1603 1279 1149 592 553 5877
 ... : 25 28 76 125 301 682 1079 1445 1315 1603 1279 1149 602 561 5937
 ... : 25 28 76 125 301 682 1079 1445 1315 1603 1277 1148 623 594 5970
 ... : 25 28 76 125 301 682 1079 1445 1315 1603 1275 1148 631 604 6036
 ... : 25 28 76 125 301 682 1079 1445 1315 1603 1275 1149 638 623 6100
 ... : 25 28 76 125 301 682 1079 1445 1315 1603 1275 1149 653 659 6160
 ... : 25 28 76 125 301 682 1079 1445 1315 1603 1275 1149 663 692 6218
 ... : 25 28 76 125 301 682 1079 1445 1315 1603 1275 1149 671 731 6274
 ... : 25 28 76 125 301 682 1079 1445 1315 1603 1274 1149 686 781 6328
 ... : 25 28 76 125 301 682 1079 1445 1315 1603 1274 1149 692 842 6389
 ... : 25 28 76 125 301 682 1079 1445 1315 1603 1273 1149 702 894 6448
 ... : 25 28 76 125 301 682 1079 1445 1315 1603 1271 1149 722 951 6498
 ... : 25 28 76 125 301 682 1079 1445 1315 1603 1264 1149 733 993 6562
 ... : 25 28 76 125 301 682 1079 1445 1315 1603 1263 1149 741 1024 6587
 ... : 25 28 76 125 301 682 1079 1445 1315 1603 1261 1151 750 1058 6598
 ... : 25 28 76 125 301 682 1079 1445 1315 1603 1261 1151 751 1108 6605
 ... : 25 28 76 125 301 682 1079 1445 1315 1603 1261 1151 752 1160 6613
  16 : 25 28 76 125 301 682 1074 1443 1316 1601 1208 1064 736 1088 927 5755
  17 : 25 28 76 125 301 682 1073 1443 1316 1602 1208 1063 736 1086 853 325 5508
 ... : 25 28 76 125 301 682 1073 1443 1316 1602 1208 1063 736 1089 873 331 5554
 ... : 25 28 76 125 301 682 1073 1443 1316 1602 1208 1063 736 1099 885 343 5591
 ... : 25 28 76 125 301 682 1073 1443 1316 1602 1208 1064 737 1127 912 347 5603
 ... : 25 28 76 125 301 682 1073 1443 1316 1602 1208 1064 737 1157 940 348 5610
 ... : 25 28 76 125 301 682 1072 1442 1313 1592 1164 1058 715 1149 929 356 5412
 ... : 25 28 76 125 301 682 1072 1442 1313 1592 1164 1058 715 1149 957 384 5418
 ... : 25 28 76 125 301 682 1072 1442 1313 1592 1164 1058 711 1133 934 367 5430
 ... : 25 28 76 125 301 682 1072 1442 1313 1592 1164 1058 711 1135 931 380 5474
 ... : 25 28 76 125 301 682 1072 1442 1313 1592 1164 1058 711 1143 939 406 5501
 ... : 25 28 76 125 301 682 1072 1442 1313 1592 1164 1058 709 1146 956 409 5564
 ... : 25 28 76 125 301 682 1072 1442 1313 1592 1164 1058 709 1147 957 417 5616
 ... : 25 28 76 125 301 682 1072 1442 1313 1592 1164 1058 707 1150 989 449 5649
 ... : 25 28 76 125 301 682 1072 1442 1313 1592 1164 1058 694 1102 988 463 5673
 ... : 25 28 76 125 301 682 1072 1442 1313 1592 1164 1058 692 1104 989 468 5718
 ... : 25 28 76 125 301 682 1072 1442 1313 1592 1164 1058 689 1097 984 494 5769
 ... : 25 28 76 125 301 682 1072 1442 1313 1592 1164 1058 688 1097 991 523 5825
 ... : 25 28 76 125 301 682 1072 1442 1313 1592 1164 1058 683 1101 997 533 5830
 ... : 25 28 76 125 301 682 1072 1442 1313 1592 1164 1058 683 1108 1017 556 5862
 ... : 25 28 76 125 301 682 1072 1442 1313 1592 1164 1058 683 1112 1034 570 5890
 ... : 25 28 76 125 301 682 1072 1442 1313 1592 1164 1058 683 1108 1061 595 5895
 ... : 25 28 76 125 301 682 1072 1442 1313 1592 1164 1058 683 1108 1091 631 5897
 ... : 25 28 76 125 301 682 1072 1442 1313 1592 1164 1058 683 1108 1122 666 5897
 ... : 25 28 76 125 301 682 1072 1442 1313 1592 1164 1058 683 1109 1146 690 5918
 ... : 25 28 76 125 301 682 1072 1442 1313 1592 1164 1058 683 1108 1169 714 5918
 ... : 25 28 76 125 301 682 1072 1442 1313 1592 1164 1058 683 1103 1192 731 5918
 ... : 25 28 76 125 301 682 1072 1442 1313 1592 1164 1058 683 1103 1226 762 5918
 ... : 25 28 76 125 301 682 1072 1442 1313 1592 1164 1058 683 1093 1252 750 5922
 ... : 25 28 76 125 301 682 1072 1442 1313 1592 1164 1058 683 1066 1280 743 5922
 ... : 25 28 76 125 301 682 1072 1442 1313 1592 1164 1058 683 1044 1303 723 5922
 ... : 25 28 76 125 301 682 1072 1442 1313 1592 1164 1058 683 1027 1332 640 5923
 ... : 25 28 76 125 301 682 1072 1442 1313 1592 1164 1058 669 1011 1325 660 5952
 ... : 25 28 76 125 301 682 1072 1442 1313 1592 1164 1058 669 1014 1335 687 6000
 ... : 25 28 76 125 301 682 1072 1442 1313 1592 1164 1058 669 1014 1345 717 6046
 ... : 25 28 76 125 301 682 1072 1442 1313 1592 1164 1058 669 1011 1377 739 6083
 ... : 25 28 76 125 301 682 1072 1442 1313 1592 1164 1058 667 984 1391 738 6114
 ... : 25 28 76 125 301 682 1072 1442 1313 1592 1164 1055 663 950 1387 730 6155
 ... : 25 28 76 125 301 682 1072 1442 1313 1592 1164 1055 663 950 1396 748 6213
 ... : 25 28 76 125 301 682 1072 1442 1313 1592 1164 1055 663 954 1400 770 6260
 ... : 25 28 76 125 301 682 1072 1442 1313 1592 1164 1055 658 955 1420 784 6284
 ... : 25 28 76 125 301 682 1072 1442 1313 1592 1164 1055 652 939 1414 780 6335
