initialized model with 11379 latches, 201 inputs and 1 properties
tsim: performed 32 steps
tsim: found cycle from 23
tsim: found 0 constants and 1 latch equivalences
seqsimpl: (11379, 201) -> (11349, 201)
checking bound 0
checking bound 1
checking bound 2
tdecomp: unrolling 2 cycles
tsim: performed 30 steps
tsim: found cycle from 21
tdecomp: no improvement found, reverting original model
   2 : 5 0
   3 : 14 12 40
 ... : 14 12 119
 ... : 23 28 173
 ... : 26 32 218
   4 : 21 25 61 187
   5 : 21 25 61 65 122
 ... : 21 25 65 75 190
 ... : 21 26 78 86 220
 ... : 23 28 91 95 273
 ... : 24 37 112 109 316
 ... : 26 42 119 116 352
 ... : 25 34 117 132 390
 ... : 28 38 124 147 423
   6 : 25 32 71 118 83 403
   7 : 25 32 71 118 81 53 352
 ... : 25 32 71 118 81 101 439
   8 : 24 32 71 118 81 120 88 388
 ... : 24 32 71 118 81 120 101 480
   9 : 24 32 71 118 81 120 100 99 440
 ... : 24 32 71 118 81 120 100 120 527
 ... : 24 32 71 118 81 120 88 121 615
 ... : 24 32 71 118 81 120 77 118 692
 ... : 24 32 71 118 81 120 67 117 757
  10 : 24 32 71 118 80 120 67 109 144 674
  11 : 24 32 71 118 80 120 67 105 149 95 686
 ... : 24 32 71 118 80 120 65 105 149 104 780
 ... : 24 32 71 118 80 120 65 105 149 116 873
 ... : 24 32 71 118 80 120 65 105 149 126 958
 ... : 24 32 71 118 80 120 65 105 149 138 1051
 ... : 24 32 71 118 80 120 65 104 148 148 1146
 ... : 24 32 71 118 80 120 65 104 148 169 1252
 ... : 24 32 71 118 80 120 65 104 148 186 1347
 ... : 24 32 71 118 80 120 65 104 148 197 1463
  12 : 24 32 71 118 80 120 65 104 144 136 367 1196
  13 : 24 32 71 118 80 120 65 104 143 134 369 58 1174
 ... : 24 32 71 118 80 120 65 104 143 134 369 72 1264
 ... : 24 32 71 118 80 120 65 104 143 134 369 76 1349
 ... : 24 32 71 118 80 120 65 104 142 133 360 70 1431
  14 : 24 32 71 118 80 120 65 103 137 133 351 49 19 1458
  15 : 24 32 71 118 80 120 65 102 133 122 351 50 13 34 1509
  16 : 24 32 71 118 80 120 65 101 129 122 349 47 8 19 10 1564
  17 : 24 32 71 118 80 120 65 101 129 122 349 46 7 15 7 26 1587
  18 : 24 32 71 118 80 120 65 101 108 123 349 46 5 8 1 12 46 1598
 ... : 24 32 71 118 80 120 65 100 108 122 349 46 5 8 1 9 41 1692
  19 : 24 32 71 118 80 120 65 100 108 121 349 47 5 8 1 6 22 52 1664
  20 : 24 32 71 118 80 120 65 99 108 122 349 46 5 6 1 6 16 28 25 1696
  21 : 24 32 71 118 80 120 64 99 108 122 349 46 5 6 1 5 16 28 11 16 1690
  22 : 24 32 71 118 80 120 64 99 108 122 349 46 5 6 1 4 15 20 5 6 15 1726
  23 : 24 32 71 118 80 120 64 99 108 122 349 46 5 6 1 2 13 20 5 5 6 28 1755
 ... : 24 32 71 118 80 120 64 99 108 121 349 46 5 6 1 2 13 20 5 5 6 28 1848
  24 : 24 32 71 118 80 120 64 99 108 121 348 46 5 6 1 2 13 20 5 3 2 14 58 1765
  25 : 24 32 71 118 80 120 64 99 108 121 348 46 5 6 1 1 13 17 3 2 2 10 30 23 1808
 ... : 24 32 71 118 80 120 64 99 108 121 348 46 5 6 1 1 13 17 3 2 2 10 26 22 1898
  26 : 24 32 71 118 80 120 64 99 108 121 348 46 5 6 1 1 13 17 3 0 3 10 19 20 1886 0
completing final invariant with sub-IC3 call...
num_solve_calls = 202534
num_solve_sat_calls = 61214
num_solve_unsat_calls = 4467
num_solve_approx_calls = 143684
num_solve_approx_unsat_calls = 87741
num_solve_conflicts = 436540
num_solve_decisions = 60929176
num_solve_propagations = 956137953
avg_solve_conflicts = 3
avg_solve_decisions = 301
avg_solve_propagations = 4721
avg_solve_unsat_decisions = 79.564
stddev_solve_unsat_decisions = 1115.667
num_added_cubes = 30526
num_subsumed_cubes = 27311
num_gc_frame = 170
num_reset = 20
num_try_blocking = 94082
get_bad_cube_time = 71.496
rec_block_cube_time = 139.524
propagate_forward_time = 25.880
generalize_model_time = 48.856
generalize_and_push_time = 21.966
try_blocking_time = 137.705
reset_time = 24.670
clausify_time = 7.917
preprocess_time = 18.920
solve_time = 201.519
solve_sat_time = 125.984
solve_unsat_time = 75.536
prove_time = 240.842
memory_used_mb = 118
total_time = 253.294
Safe
