initialized model with 959 latches, 19 inputs and 1 properties
tsim: performed 40 steps
tsim: found cycle from 38
tsim: found 1 constants and 2 latch equivalences
seqsimpl: found 43 latch equivalences
seqsimpl: (959, 19) -> (913, 19)
checking bound 0
checking bound 1
checking bound 2
tdecomp: unrolling 2 cycles
tsim: performed 38 steps
tsim: found cycle from 36
tsim: found 2 constants and 2 latch equivalences
seqsimpl: found 10 latch equivalences
tdecomp: (913, 76) -> (896, 38)
   2 : 4 0
   3 : 4 4 15
   4 : 4 4 5 12
   5 : 4 4 5 5 10
   6 : 4 4 5 5 4 11
   7 : 4 4 5 6 7 8 38
   8 : 4 4 5 6 7 5 8 37
   9 : 3 3 4 4 7 6 21 15 58
  10 : 3 3 4 4 4 4 14 9 9 79
 ... : 3 3 4 4 4 4 17 9 16 138
 ... : 3 3 4 4 4 5 20 18 32 188
 ... : 3 3 4 4 4 5 20 25 45 252
 ... : 3 3 4 4 4 6 23 30 63 336
 ... : 3 3 4 4 4 7 25 39 87 383
 ... : 3 3 4 4 6 9 27 54 101 409
 ... : 3 3 4 4 5 7 23 51 97 351
  11 : 3 3 4 4 5 6 13 29 49 56 286
 ... : 3 3 4 4 5 6 13 30 59 79 360
  12 : 3 3 4 4 5 6 13 30 59 82 71 309
  13 : 3 3 4 4 5 6 12 33 61 84 75 75 308
 ... : 3 3 4 4 5 6 12 33 61 85 80 91 384
 ... : 3 3 4 4 5 6 12 33 61 84 85 118 450
 ... : 3 3 4 4 5 6 12 33 61 85 98 150 505
 ... : 3 3 4 4 5 6 12 33 61 85 108 166 562
  14 : 2 3 5 4 5 6 8 21 45 49 48 44 92 498
  15 : 2 3 5 4 5 6 8 21 45 48 47 44 92 39 513
 ... : 2 3 5 4 5 6 8 21 45 48 47 48 107 52 576
 ... : 2 3 5 4 5 6 8 21 45 48 47 50 130 76 631
 ... : 2 3 5 4 5 6 8 21 45 48 47 50 135 112 696
 ... : 2 3 5 4 5 6 8 21 45 48 47 55 162 137 745
 ... : 2 3 5 4 5 6 8 21 45 48 48 61 162 158 791
  16 : 2 3 5 4 5 6 8 21 45 48 46 62 160 164 146 710
 ... : 2 3 5 4 5 6 8 21 45 48 46 62 161 172 160 792
 ... : 2 3 5 4 5 6 8 21 45 48 46 62 163 185 172 854
 ... : 2 3 5 4 5 6 8 21 45 48 46 62 167 201 199 902
 ... : 2 3 5 4 5 6 8 21 45 48 46 62 168 222 228 956
  17 : 2 3 5 4 5 6 8 21 45 47 41 53 109 219 211 100 906
 ... : 2 3 5 4 5 6 8 21 45 47 41 53 109 217 210 107 964
 ... : 2 3 5 4 5 6 8 21 45 47 39 53 110 217 211 108 1031
 ... : 2 3 5 4 5 6 8 21 45 47 39 53 115 228 223 123 1072
 ... : 2 3 5 4 5 6 8 21 45 47 39 53 115 229 221 137 1130
 ... : 2 3 5 4 5 6 8 21 45 47 39 53 115 239 221 149 1173
 ... : 2 3 5 4 5 6 8 21 45 47 39 53 115 242 228 159 1229
 ... : 2 3 5 4 5 6 8 21 45 47 39 53 115 240 237 184 1292
 ... : 2 3 5 4 5 6 8 21 45 47 39 53 115 241 248 204 1355
 ... : 2 3 5 4 5 6 8 21 45 47 39 53 115 242 256 232 1419
 ... : 2 3 5 4 5 6 8 21 45 47 39 51 116 256 281 240 1448
 ... : 2 3 5 4 5 6 8 21 45 47 39 51 120 274 318 244 1470
 ... : 2 3 5 4 5 6 8 21 45 47 39 51 120 274 321 270 1526
 ... : 2 3 5 4 5 6 8 21 45 47 39 51 121 276 325 294 1588
 ... : 2 3 5 4 5 6 8 21 45 47 39 51 122 275 331 322 1647
 ... : 2 3 5 4 5 6 8 21 45 47 39 51 128 293 345 333 1686
 ... : 2 3 5 4 5 6 8 21 45 47 39 52 134 327 370 345 1710
 ... : 2 3 5 4 5 6 8 21 45 47 39 53 133 320 376 348 1712
 ... : 2 3 5 4 5 6 8 21 45 47 39 54 136 328 408 381 1745
 ... : 2 3 5 4 5 6 8 21 45 47 39 54 141 338 430 400 1800
 ... : 2 3 5 4 5 6 8 21 45 47 39 55 148 351 447 414 1830
 ... : 2 3 5 4 5 6 8 21 45 47 39 56 149 353 452 440 1875
 ... : 2 3 5 4 5 6 8 21 45 47 39 56 152 363 468 457 1924
 ... : 2 3 5 4 5 6 8 21 45 47 39 56 153 367 485 476 1976
 ... : 2 3 5 4 5 6 8 21 45 47 39 56 156 372 500 492 2028
  18 : 2 3 5 4 5 6 8 21 45 47 36 54 145 348 438 447 376 1686
 ... : 2 3 5 4 5 6 8 21 45 47 36 54 145 348 439 447 390 1753
 ... : 2 3 5 4 5 6 8 21 45 47 36 54 145 349 442 458 401 1809
 ... : 2 3 5 4 5 6 8 21 45 47 36 58 154 358 446 466 412 1855
 ... : 2 3 5 4 5 6 8 21 45 47 37 68 165 381 461 469 413 1884
 ... : 2 3 5 4 5 6 8 21 45 47 37 70 178 405 474 475 413 1922
 ... : 2 3 5 4 5 6 8 21 45 47 37 71 189 429 492 480 416 1953
 ... : 2 3 5 4 5 6 8 21 45 47 37 71 193 435 497 488 421 1994
 ... : 2 3 5 4 5 6 8 21 45 47 37 75 203 445 498 491 427 2033
 ... : 2 3 5 4 5 6 8 21 45 47 37 76 206 458 513 503 435 2071
 ... : 2 3 5 4 5 6 8 21 45 47 37 76 209 473 534 520 447 2100
 ... : 2 3 5 4 5 6 8 21 45 47 37 76 215 489 559 541 456 2121
 ... : 2 3 5 4 5 6 8 21 45 47 37 76 215 498 575 567 467 2151
 ... : 2 3 5 4 5 6 8 21 45 47 37 76 215 503 588 578 494 2170
 ... : 2 3 5 4 5 6 8 21 45 47 37 76 217 512 611 597 518 2177
 ... : 2 3 5 4 5 6 8 21 45 47 37 76 219 520 624 615 531 2200
 ... : 2 3 5 4 5 6 8 21 45 47 37 78 228 536 635 622 537 2233
 ... : 2 3 5 4 5 6 8 21 45 47 37 78 231 546 650 631 546 2259
 ... : 2 3 5 4 5 6 8 21 45 47 37 78 231 556 655 641 557 2292
 ... : 2 3 5 4 5 6 8 21 45 47 37 78 231 560 661 650 563 2332
 ... : 2 3 5 4 5 6 8 21 45 47 37 78 232 570 674 669 571 2359
 ... : 2 3 5 4 5 6 8 21 45 47 37 78 234 581 685 686 589 2384
 ... : 2 3 5 4 5 6 8 21 45 47 37 78 238 587 698 698 596 2426
 ... : 2 3 5 4 5 6 8 21 45 47 38 81 240 595 704 699 596 2457
 ... : 2 3 5 4 5 6 8 21 45 47 37 85 247 609 717 705 601 2479
 ... : 2 3 5 4 5 6 8 21 45 47 37 85 250 623 741 729 604 2507
 ... : 2 3 5 4 5 6 8 21 45 47 41 90 255 630 759 737 604 2545
 ... : 2 3 5 4 5 6 8 21 45 47 41 91 262 643 780 744 605 2566
 ... : 2 3 5 4 5 6 8 21 45 47 41 91 270 646 792 754 608 2593
 ... : 2 3 5 4 5 6 8 21 45 47 41 91 267 649 794 755 617 2636
 ... : 2 3 5 4 5 6 8 21 45 47 41 91 268 654 812 765 623 2679
 ... : 2 3 5 4 5 6 8 21 45 47 41 91 270 659 824 777 642 2708
 ... : 2 3 5 4 5 6 8 21 45 47 41 91 271 662 836 796 657 2738
 ... : 2 3 5 4 5 6 8 20 45 47 40 90 270 664 849 800 660 2744
 ... : 2 3 5 4 5 6 8 20 45 47 40 90 270 676 868 807 668 2772
 ... : 2 3 5 4 5 6 8 20 45 47 40 90 274 677 864 820 669 2810
 ... : 2 3 5 4 5 6 8 20 45 47 40 90 272 669 845 812 682 2824
 ... : 2 3 5 4 5 6 8 20 45 47 40 90 273 656 836 770 619 2810
 ... : 2 3 5 4 5 6 8 20 45 47 40 92 286 668 850 773 622 2849
 ... : 2 3 5 4 5 6 8 20 45 47 42 95 287 669 853 775 623 2895
 ... : 2 3 5 4 5 6 8 20 45 47 43 99 294 681 876 796 625 2925
 ... : 2 3 5 4 5 6 8 20 45 47 43 100 305 699 891 806 626 2947
 ... : 2 3 5 4 5 6 8 20 45 47 43 120 316 709 925 808 626 2962
 ... : 2 3 5 4 5 6 8 20 45 47 43 132 334 739 955 814 626 2978
 ... : 2 3 5 4 5 6 8 20 45 47 43 140 345 743 984 829 628 2995
 ... : 2 3 5 4 5 6 8 20 45 47 43 152 347 749 1012 847 632 3008
 ... : 2 3 5 4 5 6 8 20 45 47 44 152 351 752 1034 862 631 3039
 ... : 2 3 5 4 5 6 8 20 45 47 46 155 364 754 1045 864 631 3064
 ... : 2 3 5 4 5 6 8 20 45 47 48 158 370 759 1065 879 634 3094
 ... : 2 3 5 4 5 6 8 20 45 47 48 159 363 757 1068 886 634 3124
 ... : 2 3 5 4 5 6 8 20 45 47 53 163 371 772 1085 901 637 3150
 ... : 2 3 5 4 5 6 8 20 45 47 55 167 377 773 1102 914 640 3169
 ... : 2 3 5 4 5 6 8 20 45 47 55 167 377 773 1110 947 662 3200
 ... : 2 3 5 4 5 6 8 20 45 47 55 151 373 770 1079 950 678 3211
 ... : 2 3 5 4 5 6 8 20 45 47 55 144 372 774 1088 965 685 3239
 ... : 2 3 5 4 5 6 8 20 45 47 54 142 369 768 1100 962 706 3261
 ... : 2 3 5 4 5 6 8 20 45 47 54 142 367 762 1108 972 719 3282
 ... : 2 3 5 4 5 6 8 20 45 47 54 143 373 776 1125 985 732 3312
 ... : 2 3 5 4 5 6 8 20 45 47 55 146 378 790 1146 1008 735 3332
 ... : 2 3 5 4 5 6 8 20 45 47 55 146 378 791 1159 1017 741 3378
 ... : 2 3 5 4 5 6 8 20 45 47 55 146 378 793 1168 1033 769 3402
 ... : 2 3 5 4 5 6 8 20 45 47 55 146 378 798 1179 1064 813 3414
 ... : 2 3 5 4 5 6 8 20 45 47 55 146 378 798 1183 1081 846 3456
 ... : 2 3 5 4 5 6 8 20 45 47 55 146 378 797 1181 1089 869 3510
 ... : 2 3 5 4 5 6 8 20 45 47 55 146 378 796 1179 1092 892 3571
 ... : 2 3 5 4 5 6 8 20 45 47 55 146 378 796 1182 1101 904 3635
 ... : 2 3 5 4 5 6 8 20 45 47 55 146 379 799 1185 1106 910 3689
 ... : 2 3 5 4 5 6 8 20 45 47 55 147 385 803 1186 1113 919 3738
 ... : 2 3 5 4 5 6 8 20 45 47 55 147 384 806 1184 1121 929 3789
 ... : 2 3 5 4 5 6 8 20 45 47 55 147 384 806 1184 1131 939 3835
 ... : 2 3 5 4 5 6 8 20 45 47 55 147 384 809 1186 1134 954 3893
 ... : 2 3 5 4 5 6 8 20 45 47 55 147 383 807 1190 1139 961 3931
 ... : 2 3 5 4 5 6 8 20 45 47 55 147 384 808 1200 1160 978 3971
 ... : 2 3 5 4 5 6 8 20 45 47 55 147 384 809 1203 1164 985 4003
 ... : 2 3 5 4 5 6 8 20 44 46 55 147 383 808 1198 1162 985 4031
 ... : 2 3 5 4 5 6 8 20 44 46 55 147 388 820 1224 1191 1000 4044
 ... : 2 3 5 4 5 6 8 20 44 46 55 147 388 821 1226 1211 1038 4079
 ... : 2 3 5 4 5 6 8 20 44 46 55 147 388 821 1226 1215 1061 4146
 ... : 2 3 5 4 5 6 8 20 44 46 55 147 388 823 1238 1223 1071 4192
 ... : 2 3 5 4 5 6 8 20 44 46 56 150 408 851 1259 1229 1081 4213
 ... : 2 3 5 4 5 6 8 20 44 46 61 134 423 862 1230 1231 1082 4221
 ... : 2 3 5 4 5 6 8 21 47 48 66 139 434 880 1247 1230 1083 4250
 ... : 2 3 5 4 5 6 8 22 50 50 68 148 447 909 1271 1231 1083 4269
 ... : 2 3 5 4 5 6 8 22 50 50 69 154 457 932 1299 1244 1084 4296
 ... : 2 3 5 4 5 6 8 22 50 50 69 154 457 938 1320 1269 1093 4329
 ... : 2 3 5 4 5 6 8 22 50 50 69 157 471 965 1351 1285 1101 4345
 ... : 2 3 5 4 5 6 8 22 50 50 72 170 489 989 1368 1287 1101 4366
 ... : 2 3 5 4 5 6 8 22 53 61 76 177 498 993 1372 1289 1100 4401
 ... : 2 3 5 4 5 6 8 22 56 59 76 177 496 1004 1381 1290 1100 4429
 ... : 2 3 5 4 5 6 8 22 56 59 76 182 511 1036 1425 1303 1100 4439
 ... : 2 3 5 4 5 6 8 22 56 59 76 182 511 1039 1440 1332 1102 4475
 ... : 2 3 5 4 5 6 8 22 56 58 80 191 524 1061 1460 1347 1103 4488
 ... : 2 3 5 4 5 6 8 22 56 60 84 198 534 1082 1473 1349 1104 4524
 ... : 2 3 5 4 5 6 8 22 56 58 81 194 533 1096 1494 1360 1105 4511
 ... : 2 3 5 4 5 6 8 22 56 58 81 194 533 1104 1513 1397 1110 4534
 ... : 2 3 5 4 5 6 8 22 56 58 83 200 553 1139 1538 1400 1110 4547
 ... : 2 3 5 4 5 6 8 22 56 58 85 208 569 1170 1576 1401 1111 4564
 ... : 2 3 5 4 5 6 8 22 56 58 84 208 570 1174 1598 1435 1114 4575
 ... : 2 3 5 4 5 6 8 22 56 58 84 208 572 1180 1610 1463 1124 4595
 ... : 2 3 5 4 5 6 8 22 56 58 84 210 578 1184 1616 1481 1150 4622
 ... : 2 3 5 4 5 6 8 22 56 58 84 210 578 1185 1615 1500 1190 4656
 ... : 2 3 5 4 5 6 8 22 56 58 84 209 578 1193 1631 1525 1191 4690
 ... : 2 3 5 4 5 6 8 22 56 58 84 209 578 1196 1638 1536 1193 4740
 ... : 2 3 5 4 5 6 8 22 56 58 84 209 578 1198 1641 1553 1211 4785
 ... : 2 3 5 4 5 6 8 22 56 58 84 209 578 1202 1653 1571 1225 4827
 ... : 2 3 5 4 5 6 8 22 56 58 84 209 578 1202 1653 1580 1236 4871
 ... : 2 3 5 4 5 6 8 22 56 58 84 209 578 1205 1658 1596 1272 4900
 ... : 2 3 5 4 5 6 8 22 56 58 84 209 578 1205 1658 1609 1317 4913
 ... : 2 3 5 4 5 6 8 22 56 58 84 209 581 1217 1687 1639 1345 4917
 ... : 2 3 5 4 5 6 8 22 56 58 84 209 581 1223 1710 1675 1380 4933
 ... : 2 3 5 4 5 6 8 22 56 58 84 209 585 1244 1739 1694 1406 4942
 ... : 2 3 5 4 5 6 8 22 56 58 84 212 591 1255 1756 1715 1424 4958
 ... : 2 3 5 4 5 6 8 22 56 58 84 213 596 1274 1778 1737 1439 4975
 ... : 2 3 5 4 5 6 8 22 56 58 84 220 609 1293 1791 1738 1445 4990
 ... : 2 3 5 4 5 6 8 22 56 58 86 222 615 1316 1821 1756 1452 5001
 ... : 2 3 5 4 5 6 8 22 56 58 86 224 617 1315 1822 1764 1483 4995
 ... : 2 3 5 4 5 6 8 22 56 58 86 224 617 1324 1843 1797 1507 5004
 ... : 2 3 5 4 5 6 8 22 56 58 86 224 617 1330 1858 1825 1524 5023
 ... : 2 3 5 4 5 6 8 22 56 58 86 224 619 1336 1876 1850 1550 5039
 ... : 2 3 5 4 5 6 8 22 56 58 86 225 620 1339 1881 1858 1567 5075
 ... : 2 3 5 4 5 6 8 22 56 58 86 225 620 1342 1891 1880 1613 5093
 ... : 2 3 5 4 5 6 8 22 56 58 86 225 622 1352 1914 1913 1641 5104
 ... : 2 3 5 4 5 6 8 22 56 58 86 225 622 1352 1915 1919 1672 5158
 ... : 2 3 5 4 5 6 8 22 56 58 86 225 622 1352 1916 1931 1696 5217
 ... : 2 3 5 4 5 6 8 22 56 58 86 225 622 1352 1916 1934 1714 5283
 ... : 2 3 5 4 5 6 8 22 56 58 86 225 622 1352 1918 1941 1735 5333
 ... : 2 3 5 4 5 6 8 22 56 58 86 225 622 1352 1918 1949 1757 5381
 ... : 2 3 5 4 5 6 8 22 56 58 86 225 622 1352 1918 1949 1757 5444
 ... : 2 3 5 4 5 6 8 22 56 58 86 225 622 1352 1919 1950 1765 5513
 ... : 2 3 5 4 5 6 8 22 56 58 86 225 622 1352 1917 1949 1770 5590
 ... : 2 3 5 4 5 6 8 22 56 58 86 225 622 1353 1917 1947 1766 5630
 ... : 2 3 5 4 5 6 8 22 56 58 86 225 623 1361 1935 1974 1779 5669
 ... : 2 3 5 4 5 6 8 22 56 58 86 228 633 1373 1961 1993 1796 5687
 ... : 2 3 5 4 5 6 8 22 56 58 86 228 634 1386 1993 2031 1811 5706
 ... : 2 3 5 4 5 6 8 22 56 58 86 228 634 1386 2006 2066 1853 5725
 ... : 2 3 5 4 5 6 8 22 56 58 86 228 634 1386 2025 2094 1906 5731
 ... : 2 3 5 4 5 6 8 22 56 58 86 228 634 1386 2043 2131 1955 5740
 ... : 2 3 5 4 5 6 8 22 56 58 86 228 634 1386 2065 2165 2002 5747
 ... : 2 3 5 4 5 6 8 22 56 58 86 228 634 1386 2088 2198 2055 5749
 ... : 2 3 5 4 5 6 8 22 56 58 86 228 634 1386 2109 2242 2110 5753
 ... : 2 3 5 4 5 6 8 22 56 58 86 228 634 1386 2127 2291 2162 5755
 ... : 2 3 5 4 5 6 8 22 56 58 86 228 634 1386 2147 2338 2213 5756
 ... : 2 3 5 4 5 6 8 22 56 58 86 228 634 1386 2164 2355 2263 5765
 ... : 2 3 5 4 5 6 8 22 56 58 86 228 635 1388 2183 2381 2301 5776
 ... : 2 3 5 4 5 6 8 22 56 58 86 229 638 1395 2205 2406 2327 5792
 ... : 2 3 5 4 5 6 8 22 56 58 86 230 642 1404 2209 2427 2347 5802
 ... : 2 3 5 4 5 6 8 22 56 58 86 230 643 1414 2232 2460 2381 5812
 ... : 2 3 5 4 5 6 8 22 56 58 88 233 652 1441 2265 2483 2392 5821
 ... : 2 3 5 4 5 6 8 22 56 58 88 234 657 1451 2297 2515 2410 5828
 ... : 2 3 5 4 5 6 8 22 56 58 88 236 673 1475 2328 2543 2420 5831
 ... : 2 3 5 4 5 6 8 22 56 58 88 236 676 1486 2352 2585 2446 5842
 ... : 2 3 5 4 5 6 8 22 56 58 88 236 676 1487 2359 2612 2498 5856
 ... : 2 3 5 4 5 6 8 22 56 58 88 236 678 1495 2367 2597 2509 5868
 ... : 2 3 5 4 5 6 8 22 56 58 88 236 683 1510 2384 2619 2530 5889
 ... : 2 3 5 4 5 6 8 22 56 58 88 236 684 1509 2383 2638 2554 5914
 ... : 2 3 5 4 5 6 8 22 56 58 88 236 684 1511 2391 2650 2580 5957
 ... : 2 3 5 4 5 6 8 22 56 58 88 236 684 1512 2394 2654 2597 6010
 ... : 2 3 5 4 5 6 8 22 56 58 88 236 684 1512 2394 2654 2597 6079
 ... : 2 3 5 4 5 6 8 22 56 58 88 236 684 1511 2393 2652 2590 6154
 ... : 2 3 5 4 5 6 8 22 56 58 88 236 684 1511 2393 2628 2562 6214
 ... : 2 3 5 4 5 6 8 22 56 58 88 236 686 1508 2397 2629 2567 6256
 ... : 2 3 5 4 5 6 8 22 56 58 87 237 694 1527 2422 2646 2584 6267
 ... : 2 3 5 4 5 6 8 22 56 58 87 237 698 1548 2454 2675 2595 6283
 ... : 2 3 5 4 5 6 8 22 56 58 87 237 700 1556 2479 2692 2615 6299
 ... : 2 3 5 4 5 6 8 22 56 58 87 237 700 1560 2487 2707 2644 6338
 ... : 2 3 5 4 5 6 8 22 56 58 87 241 714 1576 2498 2718 2656 6352
 ... : 2 3 5 4 5 6 8 22 56 58 87 242 725 1593 2537 2750 2659 6363
 ... : 2 3 5 4 5 6 8 22 56 58 87 242 726 1603 2574 2786 2672 6370
 ... : 2 3 5 4 5 6 8 22 56 58 87 242 727 1602 2581 2808 2700 6400
 ... : 2 3 5 4 5 6 8 22 56 58 87 242 727 1603 2588 2820 2726 6433
 ... : 2 3 5 4 5 6 8 22 56 58 87 242 727 1604 2592 2832 2763 6447
 ... : 2 3 5 4 5 6 8 22 56 58 87 243 730 1608 2609 2846 2757 6495
 ... : 2 3 5 4 5 6 8 22 56 58 87 243 740 1627 2638 2866 2761 6504
 ... : 2 3 5 4 5 6 8 22 56 58 87 243 740 1627 2626 2880 2783 6548
 ... : 2 3 5 4 5 6 8 22 56 58 87 243 740 1641 2647 2898 2798 6578
 ... : 2 3 5 4 5 6 8 22 56 58 87 243 740 1657 2697 2940 2809 6581
 ... : 2 3 5 4 5 6 8 22 56 58 87 243 740 1667 2723 2985 2829 6593
 ... : 2 3 5 4 5 6 8 22 56 58 87 243 740 1674 2738 3011 2869 6600
 ... : 2 3 5 4 5 6 8 22 56 58 87 243 742 1689 2768 3033 2878 6622
 ... : 2 3 5 4 5 6 8 22 56 58 87 243 742 1691 2776 3054 2912 6664
 ... : 2 3 5 4 5 6 8 22 56 58 87 243 742 1694 2778 3059 2932 6737
 ... : 2 3 5 4 5 6 8 22 56 58 87 243 747 1709 2804 3081 2930 6743
 ... : 2 3 5 4 5 6 8 22 56 58 87 245 753 1727 2833 3109 2937 6749
 ... : 2 3 5 4 5 6 8 22 56 58 87 246 752 1727 2836 3103 2942 6763
 ... : 2 3 5 4 5 6 8 22 56 58 87 246 760 1747 2858 3119 2957 6775
 ... : 2 3 5 4 5 6 8 22 56 58 86 247 769 1776 2886 3137 2958 6799
 ... : 2 3 5 4 5 6 8 22 56 58 86 247 775 1797 2915 3164 2964 6813
 ... : 2 3 5 4 5 6 8 22 56 58 86 247 780 1814 2952 3207 2970 6816
 ... : 2 3 5 4 5 6 8 22 56 58 86 247 780 1813 2958 3215 3014 6843
 ... : 2 3 5 4 5 6 8 22 56 58 86 248 791 1836 2986 3240 3017 6858
 ... : 2 3 5 4 5 6 8 22 56 58 86 248 791 1839 3001 3268 3043 6874
 ... : 2 3 5 4 5 6 8 22 56 58 86 248 792 1844 3018 3312 3054 6878
 ... : 2 3 5 4 5 6 8 22 56 58 86 248 799 1852 3042 3342 3076 6893
 ... : 2 3 5 4 5 6 8 22 56 58 86 248 799 1865 3068 3389 3084 6897
 ... : 2 3 5 4 5 6 8 22 56 58 86 248 803 1877 3085 3417 3113 6916
 ... : 2 3 5 4 5 6 8 22 56 58 86 249 812 1889 3117 3432 3130 6920
 ... : 2 3 5 4 5 6 8 22 56 58 86 250 813 1898 3138 3468 3151 6931
 ... : 2 3 5 4 5 6 8 22 56 58 86 251 818 1906 3153 3493 3185 6948
 ... : 2 3 5 4 5 6 8 22 56 58 86 255 838 1933 3177 3509 3195 6950
 ... : 2 3 5 4 5 6 8 24 56 58 87 258 847 1947 3188 3530 3197 6975
 ... : 2 3 5 4 5 6 8 24 56 60 97 264 856 1960 3204 3530 3196 7006
 ... : 2 3 5 4 5 6 8 24 56 62 102 270 877 1986 3230 3534 3197 7024
 ... : 2 3 5 4 5 6 8 24 56 64 107 278 889 2005 3256 3537 3197 7046
 ... : 2 3 5 4 5 6 8 24 56 64 107 280 904 2029 3296 3557 3200 7049
 ... : 2 3 5 4 5 6 8 24 56 64 107 280 904 2036 3321 3599 3204 7071
 ... : 2 3 5 4 5 6 8 24 56 64 108 281 904 2042 3335 3636 3219 7082
 ... : 2 3 5 4 5 6 8 24 56 65 108 283 909 2052 3354 3670 3237 7094
 ... : 2 3 5 4 5 6 8 24 56 65 107 283 909 2051 3354 3696 3260 7128
 ... : 2 3 5 4 5 6 8 24 56 65 107 283 908 2051 3355 3707 3296 7167
 ... : 2 3 5 4 5 6 8 24 56 65 107 280 908 2057 3363 3718 3305 7213
 ... : 2 3 5 4 5 6 8 24 56 65 107 279 908 2058 3356 3719 3341 7235
 ... : 2 3 5 4 5 6 8 24 56 65 107 279 912 2067 3382 3738 3359 7243
 ... : 2 3 5 4 5 6 8 24 56 65 107 280 922 2082 3409 3760 3371 7257
 ... : 2 3 5 4 5 6 8 24 56 65 107 280 923 2087 3423 3770 3381 7295
 ... : 2 3 5 4 5 6 8 24 56 65 106 280 919 2064 3412 3780 3393 7341
 ... : 2 3 5 4 5 6 8 24 56 65 106 280 922 2079 3426 3806 3426 7356
 ... : 2 3 5 4 5 6 8 24 56 65 106 280 922 2084 3444 3833 3459 7361
 ... : 2 3 5 4 5 6 8 24 56 65 108 282 938 2103 3461 3858 3475 7368
 ... : 2 3 5 4 5 6 8 24 56 65 109 285 958 2136 3477 3866 3483 7382
 ... : 2 3 5 4 5 6 8 24 56 65 109 284 963 2167 3504 3885 3486 7400
 ... : 2 3 5 4 5 6 8 24 56 65 109 285 965 2183 3531 3928 3488 7413
 ... : 2 3 5 4 5 6 8 24 56 65 109 285 965 2184 3540 3970 3522 7426
 ... : 2 3 5 4 5 6 8 24 56 65 109 285 965 2184 3543 4003 3573 7444
 ... : 2 3 5 4 5 6 8 24 56 65 109 285 967 2196 3563 4048 3580 7452
 ... : 2 3 5 4 5 6 8 24 56 65 109 285 970 2204 3578 4091 3594 7466
 ... : 2 3 5 4 5 6 8 24 56 65 109 285 970 2204 3580 4115 3644 7485
 ... : 2 3 5 4 5 6 8 24 56 65 109 285 971 2208 3594 4145 3681 7507
 ... : 2 3 5 4 5 6 8 24 56 65 109 285 971 2209 3604 4161 3716 7535
 ... : 2 3 5 4 5 6 8 24 56 65 109 285 971 2209 3605 4171 3756 7586
 ... : 2 3 5 4 5 6 8 24 56 65 109 285 971 2208 3604 4180 3792 7636
 ... : 2 3 5 4 5 6 8 24 56 65 109 285 973 2218 3619 4202 3813 7663
 ... : 2 3 5 4 5 6 8 24 56 65 109 286 980 2224 3632 4222 3835 7670
 ... : 2 3 5 4 5 6 8 24 56 65 109 286 982 2225 3632 4229 3858 7704
 ... : 2 3 5 4 5 6 8 24 56 65 109 286 982 2225 3632 4234 3874 7771
 ... : 2 3 5 4 5 6 8 24 56 65 109 286 982 2225 3632 4235 3897 7843
 ... : 2 3 5 4 5 6 8 24 56 65 109 286 982 2225 3632 4240 3912 7919
 ... : 2 3 5 4 5 6 8 24 56 65 109 286 982 2225 3633 4236 3912 7980
 ... : 2 3 5 4 5 6 8 24 56 65 109 286 982 2225 3635 4232 3932 8043
 ... : 2 3 5 4 5 6 8 24 56 65 109 286 982 2224 3633 4228 3956 8092
 ... : 2 3 5 4 5 6 8 24 56 65 109 286 982 2224 3634 4230 3964 8155
 ... : 2 3 5 4 5 6 8 24 56 65 109 286 982 2224 3632 4229 3974 8221
 ... : 2 3 5 4 5 6 8 24 56 65 109 286 982 2224 3632 4232 3980 8283
 ... : 2 3 5 4 5 6 8 24 56 65 109 286 982 2224 3630 4230 3986 8331
 ... : 2 3 5 4 5 6 8 24 56 65 109 286 984 2229 3627 4241 4003 8372
 ... : 2 3 5 4 5 6 8 24 56 65 109 286 984 2228 3633 4262 4050 8408
 ... : 2 3 5 4 5 6 8 24 56 65 109 286 984 2228 3640 4268 4084 8455
 ... : 2 3 5 4 5 6 8 24 56 65 109 286 986 2237 3656 4294 4116 8477
 ... : 2 3 5 4 5 6 8 24 56 65 109 286 986 2242 3673 4318 4149 8506
 ... : 2 3 5 4 5 6 8 24 56 65 109 286 987 2251 3689 4341 4181 8531
 ... : 2 3 5 4 5 6 8 24 56 65 109 286 987 2252 3698 4364 4223 8562
 ... : 2 3 5 4 5 6 8 24 56 65 109 286 987 2258 3702 4379 4242 8605
 ... : 2 3 5 4 5 6 8 24 56 65 109 288 991 2264 3720 4405 4264 8617
 ... : 2 3 5 4 5 6 8 24 56 65 109 290 999 2274 3738 4431 4286 8623
 ... : 2 3 5 4 5 6 8 24 56 65 109 291 1001 2273 3748 4450 4330 8635
 ... : 2 3 5 4 5 6 8 24 56 65 109 291 1001 2273 3748 4442 4343 8705
 ... : 2 3 5 4 5 6 8 24 56 65 109 291 1001 2274 3754 4463 4387 8729
 ... : 2 3 5 4 5 6 8 24 56 65 109 292 995 2286 3768 4483 4413 8753
 ... : 2 3 5 4 5 6 8 24 56 65 109 292 995 2289 3774 4502 4447 8786
 ... : 2 3 5 4 5 6 8 24 56 65 109 292 995 2293 3784 4516 4472 8820
 ... : 2 3 5 4 5 6 8 24 56 65 109 292 995 2296 3788 4528 4495 8848
 ... : 2 3 5 4 5 6 8 24 56 65 109 292 995 2297 3787 4524 4504 8872
 ... : 2 3 5 4 5 6 8 24 56 65 109 292 998 2314 3796 4527 4508 8912
 ... : 2 3 5 4 5 6 8 24 56 65 109 292 985 2326 3812 4539 4511 8943
 ... : 2 3 5 4 5 6 8 24 56 65 109 292 989 2333 3824 4555 4522 8970
 ... : 2 3 5 4 5 6 8 24 56 65 109 292 990 2326 3839 4581 4541 8988
 ... : 2 3 5 4 5 6 8 24 56 65 109 292 990 2327 3846 4595 4563 9033
 ... : 2 3 5 4 5 6 8 24 56 65 109 292 990 2328 3850 4601 4572 9081
 ... : 2 3 5 4 5 6 8 24 56 65 109 292 990 2328 3850 4606 4584 9135
 ... : 2 3 5 4 5 6 8 24 56 65 109 292 990 2328 3853 4613 4606 9188
 ... : 2 3 5 4 5 6 8 24 56 65 109 292 990 2329 3856 4623 4633 9244
 ... : 2 3 5 4 5 6 8 24 56 65 109 292 990 2330 3856 4635 4649 9283
 ... : 2 3 5 4 5 6 8 24 56 65 109 292 990 2331 3859 4642 4669 9323
 ... : 2 3 5 4 5 6 8 24 56 65 109 292 990 2333 3869 4657 4680 9360
 ... : 2 3 5 4 5 6 8 24 56 65 109 292 990 2334 3880 4680 4704 9383
 ... : 2 3 5 4 5 6 8 24 56 65 109 292 995 2362 3915 4699 4711 9391
 ... : 2 3 5 4 5 6 8 24 56 65 109 292 995 2373 3951 4739 4721 9399
 ... : 2 3 5 4 5 6 8 24 56 65 109 292 995 2377 3961 4757 4757 9420
 ... : 2 3 5 4 5 6 8 24 56 65 109 292 999 2394 3987 4779 4770 9431
 ... : 2 3 5 4 5 6 8 24 56 65 109 292 999 2397 4008 4807 4786 9439
 ... : 2 3 5 4 5 6 8 24 56 65 109 292 999 2399 4023 4837 4810 9437
 ... : 2 3 5 4 5 6 8 24 56 65 109 292 999 2399 4037 4862 4848 9451
 ... : 2 3 5 4 5 6 8 24 56 65 109 292 999 2399 4037 4862 4861 9519
 ... : 2 3 5 4 5 6 8 24 56 65 109 292 999 2399 4037 4864 4860 9583
 ... : 2 3 5 4 5 6 8 24 56 65 109 292 999 2399 4037 4869 4872 9640
 ... : 2 3 5 4 5 6 8 24 56 65 109 292 999 2399 4037 4873 4880 9697
 ... : 2 3 5 4 5 6 8 24 56 65 109 292 997 2398 4026 4876 4899 9727
 ... : 2 3 5 4 5 6 8 24 56 65 109 292 997 2404 4053 4904 4913 9756
 ... : 2 3 5 4 5 6 8 24 56 65 109 292 996 2402 4069 4928 4939 9774
 ... : 2 3 5 4 5 6 8 24 56 65 109 292 996 2404 4083 4953 4962 9788
 ... : 2 3 5 4 5 6 8 24 56 65 109 292 995 2402 4097 4973 4976 9811
 ... : 2 3 5 4 5 6 8 24 56 65 109 292 995 2412 4116 5001 5005 9819
 ... : 2 3 5 4 5 6 8 24 56 65 109 292 994 2418 4126 5013 5021 9831
 ... : 2 3 5 4 5 6 8 24 56 65 109 292 994 2426 4149 5047 5039 9841
 ... : 2 3 5 4 5 6 8 24 56 65 109 292 995 2437 4179 5084 5049 9858
 ... : 2 3 5 4 5 6 8 24 56 65 109 292 995 2438 4197 5122 5070 9881
 ... : 2 3 5 4 5 6 8 24 56 65 109 292 995 2438 4204 5151 5103 9903
 ... : 2 3 5 4 5 6 8 24 56 65 109 292 995 2438 4211 5185 5142 9912
 ... : 2 3 5 4 5 6 8 24 56 65 109 292 995 2439 4225 5210 5180 9941
 ... : 2 3 5 4 5 6 8 24 56 65 109 292 995 2438 4221 5212 5200 10006
 ... : 2 3 5 4 5 6 8 24 56 65 109 292 995 2438 4229 5229 5230 10041
 ... : 2 3 5 4 5 6 8 24 56 65 109 292 995 2437 4224 5226 5241 10111
 ... : 2 3 5 4 5 6 8 24 56 65 109 292 995 2437 4225 5236 5258 10168
 ... : 2 3 5 4 5 6 8 24 56 65 109 292 995 2437 4225 5239 5270 10222
 ... : 2 3 5 4 5 6 8 24 56 65 109 292 995 2436 4224 5239 5279 10273
 ... : 2 3 5 4 5 6 8 24 56 65 109 292 995 2436 4235 5251 5300 10312
 ... : 2 3 5 4 5 6 8 24 56 65 109 292 995 2436 4243 5277 5323 10344
 ... : 2 3 5 4 5 6 8 24 56 65 109 292 995 2437 4257 5292 5350 10383
 ... : 2 3 5 4 5 6 8 24 56 65 109 292 995 2445 4279 5324 5381 10393
 ... : 2 3 5 4 5 6 8 24 56 65 109 292 999 2454 4303 5360 5397 10397
 ... : 2 3 5 4 5 6 8 24 56 65 109 292 999 2460 4324 5400 5429 10408
 ... : 2 3 5 4 5 6 8 24 56 65 109 292 999 2460 4334 5446 5461 10426
 ... : 2 3 5 4 5 6 8 24 56 65 109 292 999 2461 4343 5468 5518 10427
 ... : 2 3 5 4 5 6 8 24 56 65 109 292 999 2461 4342 5471 5557 10487
 ... : 2 3 5 4 5 6 8 24 56 65 109 292 999 2461 4345 5481 5593 10536
 ... : 2 3 5 4 5 6 8 24 56 65 109 292 999 2461 4345 5479 5634 10591
 ... : 2 3 5 4 5 6 8 24 56 65 109 292 999 2461 4345 5477 5660 10668
 ... : 2 3 5 4 5 6 8 24 56 65 109 292 999 2461 4345 5480 5674 10734
 ... : 2 3 5 4 5 6 8 24 56 65 109 292 998 2461 4342 5484 5676 10766
 ... : 2 3 5 4 5 6 8 24 56 65 109 292 998 2465 4351 5498 5695 10803
 ... : 2 3 5 4 5 6 8 24 56 65 109 292 997 2467 4361 5522 5712 10823
 ... : 2 3 5 4 5 6 8 24 56 65 109 292 997 2473 4377 5536 5712 10854
 ... : 2 3 5 4 5 6 8 24 56 65 109 292 997 2468 4394 5572 5746 10871
 ... : 2 3 5 4 5 6 8 24 56 65 109 292 997 2468 4395 5581 5780 10906
 ... : 2 3 5 4 5 6 8 24 56 65 109 291 997 2469 4398 5587 5795 10962
 ... : 2 3 5 4 5 6 8 24 56 65 109 291 997 2477 4409 5608 5815 10991
 ... : 2 3 5 4 5 6 8 24 56 65 109 291 997 2481 4445 5644 5817 10996
 ... : 2 3 5 4 5 6 8 24 56 65 109 291 997 2481 4450 5647 5836 11025
 ... : 2 3 5 4 5 6 8 24 56 65 109 291 997 2481 4455 5664 5871 11061
 ... : 2 3 5 4 5 6 8 24 56 65 109 291 998 2488 4465 5683 5883 11081
 ... : 2 3 5 4 5 6 8 24 56 65 109 291 998 2490 4474 5704 5914 11096
 ... : 2 3 5 4 5 6 8 24 56 65 109 291 998 2498 4491 5724 5938 11098
 ... : 2 3 5 4 5 6 8 24 56 65 109 291 998 2497 4491 5735 5951 11133
 ... : 2 3 5 4 5 6 8 24 56 65 109 291 998 2497 4492 5735 5957 11185
 ... : 2 3 5 4 5 6 8 24 56 65 109 291 998 2499 4507 5744 5969 11233
 ... : 2 3 5 4 5 6 8 24 56 65 109 291 998 2504 4528 5779 6008 11240
 ... : 2 3 5 4 5 6 8 24 56 65 109 291 999 2513 4544 5797 6025 11245
 ... : 2 3 5 4 5 6 8 24 56 65 109 291 1000 2525 4566 5828 6037 11246
 ... : 2 3 5 4 5 6 8 24 56 65 109 291 1000 2529 4584 5848 6082 11254
 ... : 2 3 5 4 5 6 8 24 56 65 109 291 1000 2529 4588 5867 6107 11294
 ... : 2 3 5 4 5 6 8 24 56 65 109 291 1000 2529 4595 5898 6133 11319
 ... : 2 3 5 4 5 6 8 24 56 65 109 291 1000 2526 4589 5856 6103 11289
 ... : 2 3 5 4 5 6 8 24 56 65 109 291 1000 2526 4589 5856 6102 11292
 ... : 2 3 5 4 5 6 8 24 56 65 109 291 1000 2528 4616 5895 6133 11296
 ... : 2 3 5 4 5 6 8 24 56 65 109 291 1000 2528 4626 5918 6164 11304
 ... : 2 3 5 4 5 6 8 24 56 65 109 291 1000 2528 4628 5934 6202 11331
 ... : 2 3 5 4 5 6 8 24 56 65 109 291 1001 2530 4635 5935 6211 11392
 ... : 2 3 5 4 5 6 8 24 56 65 109 291 1001 2534 4650 5970 6257 11395
 ... : 2 3 5 4 5 6 8 24 56 65 109 291 1002 2532 4655 5990 6285 11430
 ... : 2 3 5 4 5 6 8 24 56 65 109 291 1002 2532 4661 6006 6316 11462
 ... : 2 3 5 4 5 6 8 24 56 65 109 291 1003 2538 4678 6019 6327 11503
 ... : 2 3 5 4 5 6 8 24 56 65 109 291 1003 2544 4699 6048 6349 11509
 ... : 2 3 5 4 5 6 8 24 56 65 109 291 1002 2543 4702 6070 6387 11517
 ... : 2 3 5 4 5 6 8 24 56 65 109 291 1005 2552 4719 6103 6411 11521
 ... : 2 3 5 4 5 6 8 24 56 65 109 291 1008 2568 4741 6129 6424 11529
 ... : 2 3 5 4 5 6 8 24 56 65 109 291 1007 2580 4775 6153 6433 11545
 ... : 2 3 5 4 5 6 8 24 56 65 109 291 1008 2595 4806 6187 6439 11551
 ... : 2 3 5 4 5 6 8 24 56 65 109 291 1009 2596 4807 6205 6460 11564
 ... : 2 3 5 4 5 6 8 24 56 65 109 291 1009 2601 4811 6228 6496 11576
 ... : 2 3 5 4 5 6 8 24 56 65 109 291 1005 2604 4824 6224 6503 11554
 ... : 2 3 5 4 5 6 8 24 56 65 109 291 1008 2617 4843 6251 6517 11561
 ... : 2 3 5 4 5 6 8 24 56 65 109 291 1008 2627 4869 6294 6538 11568
 ... : 2 3 5 4 5 6 8 24 56 65 109 291 1008 2632 4879 6317 6580 11575
 ... : 2 3 5 4 5 6 8 24 56 65 109 291 1009 2631 4885 6353 6621 11577
 ... : 2 3 5 4 5 6 8 24 56 65 109 291 1009 2631 4883 6357 6646 11627
 ... : 2 3 5 4 5 6 8 24 56 65 109 291 1008 2630 4882 6369 6680 11654
 ... : 2 3 5 4 5 6 8 24 56 65 109 291 1008 2630 4876 6365 6710 11709
 ... : 2 3 5 4 5 6 8 24 56 65 109 291 1008 2630 4878 6370 6731 11767
 ... : 2 3 5 4 5 6 8 24 56 65 109 291 1008 2630 4877 6367 6743 11833
 ... : 2 3 5 4 5 6 8 24 56 65 109 291 1008 2630 4877 6371 6767 11902
 ... : 2 3 5 4 5 6 8 24 56 65 109 291 1008 2627 4873 6373 6789 11959
 ... : 2 3 5 4 5 6 8 24 56 65 109 291 1008 2627 4873 6375 6816 12021
 ... : 2 3 5 4 5 6 8 24 56 65 109 291 1007 2626 4871 6381 6834 12061
 ... : 2 3 5 4 5 6 8 24 56 65 109 291 1007 2626 4867 6380 6837 12129
 ... : 2 3 5 4 5 6 8 24 56 65 109 291 1007 2626 4877 6395 6867 12177
 ... : 2 3 5 4 5 6 8 24 56 65 109 291 1007 2626 4884 6421 6900 12220
 ... : 2 3 5 4 5 6 8 24 56 65 109 291 1007 2626 4886 6441 6919 12272
 ... : 2 3 5 4 5 6 8 24 56 65 109 291 1007 2627 4893 6451 6947 12324
 ... : 2 3 5 4 5 6 8 24 56 65 109 291 1007 2635 4927 6491 6964 12332
 ... : 2 3 5 4 5 6 8 24 56 65 109 291 1007 2632 4921 6489 6986 12369
 ... : 2 3 5 4 5 6 8 24 56 65 109 291 1007 2632 4927 6505 7020 12407
 ... : 2 3 5 4 5 6 8 24 56 65 109 291 1007 2632 4932 6519 7055 12450
 ... : 2 3 5 4 5 6 8 24 56 65 109 291 1007 2630 4943 6541 7082 12495
 ... : 2 3 5 4 5 6 8 24 56 65 109 291 1007 2631 4956 6558 7115 12524
 ... : 2 3 5 4 5 6 8 24 56 65 109 291 1007 2630 4959 6568 7135 12562
 ... : 2 3 5 4 5 6 8 24 56 65 109 291 1007 2632 4965 6599 7173 12591
 ... : 2 3 5 4 5 6 8 24 56 65 109 291 1007 2633 4972 6622 7201 12635
 ... : 2 3 5 4 5 6 8 24 56 65 109 291 1007 2642 4978 6643 7230 12670
 ... : 2 3 5 4 5 6 8 24 56 65 109 291 1007 2646 4990 6671 7268 12681
 ... : 2 3 5 4 5 6 8 24 56 65 109 291 1007 2648 5000 6685 7298 12730
 ... : 2 3 5 4 5 6 8 24 56 65 109 291 1007 2648 5001 6708 7338 12774
 ... : 2 3 5 4 5 6 8 24 56 65 109 291 1007 2648 5001 6720 7377 12818
 ... : 2 3 5 4 5 6 8 24 56 65 109 291 1007 2648 5001 6731 7431 12861
 ... : 2 3 5 4 5 6 8 24 56 65 109 291 1007 2648 5001 6737 7474 12911
 ... : 2 3 5 4 5 6 8 24 56 65 109 291 1007 2648 5001 6742 7517 12958
 ... : 2 3 5 4 5 6 8 24 56 65 109 291 1007 2648 5001 6748 7545 13009
 ... : 2 3 5 4 5 6 8 24 56 65 109 291 1007 2648 5001 6752 7580 13055
 ... : 2 3 5 4 5 6 8 24 56 65 109 291 1007 2648 5001 6765 7618 13106
 ... : 2 3 5 4 5 6 8 24 56 65 109 291 1007 2648 5002 6777 7651 13167
 ... : 2 3 5 4 5 6 8 24 56 65 109 291 1007 2649 5016 6803 7690 13198
 ... : 2 3 5 4 5 6 8 24 56 65 109 291 1006 2640 5036 6827 7707 13223
 ... : 2 3 5 4 5 6 8 24 56 65 109 291 1006 2645 5055 6855 7748 13233
 ... : 2 3 5 4 5 6 8 24 56 65 109 291 1006 2644 5067 6883 7788 13258
 ... : 2 3 5 4 5 6 8 24 56 65 109 291 1006 2644 5072 6895 7826 13306
 ... : 2 3 5 4 5 6 8 24 56 65 109 291 1006 2644 5072 6901 7865 13371
 ... : 2 3 5 4 5 6 8 24 56 65 109 291 1006 2644 5071 6909 7904 13424
 ... : 2 3 5 4 5 6 8 24 56 65 110 292 1011 2651 5087 6931 7933 13454
 ... : 2 3 5 4 5 6 8 24 56 65 110 292 1011 2653 5101 6958 7973 13486
 ... : 2 3 5 4 5 6 8 24 56 65 110 293 1013 2653 5105 6962 7987 13526
 ... : 2 3 5 4 5 6 8 24 56 65 111 294 1011 2651 5095 6940 7950 13487
 ... : 2 3 5 4 5 6 8 24 56 69 115 302 1021 2662 5105 6943 7953 13514
 ... : 2 3 5 4 5 6 8 24 56 69 119 310 1031 2675 5114 6946 7952 13546
 ... : 2 3 5 4 5 6 8 24 57 72 119 315 1036 2676 5113 6951 7957 13587
 ... : 2 3 5 4 5 6 8 24 57 72 119 315 1036 2676 5115 6954 7960 13648
 ... : 2 3 5 4 5 6 8 24 57 72 119 314 1027 2683 5132 6960 7974 13684
 ... : 2 3 5 4 5 6 8 24 57 72 119 314 1027 2683 5138 6977 7990 13709
 ... : 2 3 5 4 5 6 8 24 57 72 119 314 1027 2686 5151 6991 8011 13753
 ... : 2 3 5 4 5 6 8 24 57 72 119 314 1027 2692 5162 7013 8033 13774
 ... : 2 3 5 4 5 6 8 24 57 72 119 314 1026 2692 5163 7016 8049 13810
 ... : 2 3 5 4 5 6 8 24 57 72 119 312 994 2611 5156 7024 8061 13841
 ... : 2 3 5 4 5 6 8 24 57 72 119 312 995 2613 5169 7059 8091 13857
 ... : 2 3 5 4 5 6 8 24 57 72 119 312 995 2614 5192 7106 8133 13865
 ... : 2 3 5 4 5 6 8 24 57 72 120 316 1007 2624 5202 7121 8138 13892
 ... : 2 3 5 4 5 6 8 24 57 74 124 323 1022 2641 5227 7131 8143 13904
 ... : 2 3 5 4 5 6 8 24 57 74 126 323 1033 2660 5248 7150 8143 13916
 ... : 2 3 5 4 5 6 8 28 61 83 134 330 1038 2670 5261 7155 8143 13946
 ... : 2 3 5 4 5 6 8 28 60 82 137 333 1038 2682 5268 7175 8150 13969
 ... : 2 3 5 4 5 6 8 28 60 82 137 333 1039 2688 5285 7215 8192 13977
 ... : 2 3 5 4 5 6 8 28 60 82 137 333 1039 2694 5297 7243 8231 13986
 ... : 2 3 5 4 5 6 8 28 60 82 137 333 1039 2695 5294 7273 8285 13998
 ... : 2 3 5 4 5 6 8 28 60 82 137 333 1039 2695 5299 7289 8333 14045
 ... : 2 3 5 4 5 6 8 28 60 82 137 333 1037 2695 5325 7322 8375 14054
 ... : 2 3 5 4 5 6 8 28 60 82 137 333 1036 2696 5324 7333 8410 14100
 ... : 2 3 5 4 5 6 8 28 60 82 137 333 1036 2697 5328 7345 8441 14157
 ... : 2 3 5 4 5 6 8 28 60 82 137 333 1035 2693 5327 7342 8458 14228
 ... : 2 3 5 4 5 6 8 28 60 82 137 333 1035 2693 5326 7347 8474 14293
 ... : 2 3 5 4 5 6 8 28 60 82 137 333 1035 2693 5329 7361 8481 14353
 ... : 2 3 5 4 5 6 8 28 60 82 137 333 1035 2695 5340 7392 8521 14380
 ... : 2 3 5 4 5 6 8 28 60 84 142 340 1045 2705 5356 7408 8534 14402
 ... : 2 3 5 4 5 6 8 28 61 84 145 343 1047 2710 5366 7432 8556 14403
 ... : 2 3 5 4 5 6 8 28 61 84 145 346 1057 2735 5396 7450 8563 14416
 ... : 2 3 5 4 5 6 8 28 61 84 145 346 1060 2746 5428 7485 8584 14422
 ... : 2 3 5 4 5 6 8 28 61 84 145 346 1060 2746 5429 7504 8634 14442
 ... : 2 3 5 4 5 6 8 28 61 84 145 346 1060 2746 5430 7506 8662 14511
 ... : 2 3 5 4 5 6 8 28 61 84 145 345 1057 2754 5432 7512 8672 14551
 ... : 2 3 5 4 5 6 8 28 61 84 144 345 1057 2754 5431 7516 8689 14625
 ... : 2 3 5 4 5 6 8 28 61 84 144 346 1062 2761 5431 7523 8713 14686
 ... : 2 3 5 4 5 6 8 28 61 84 147 362 1087 2785 5452 7525 8713 14699
 ... : 2 3 5 4 5 6 8 28 61 85 148 367 1101 2817 5485 7532 8715 14701
 ... : 2 3 5 4 5 6 8 28 61 85 148 367 1106 2835 5534 7565 8717 14707
 ... : 2 3 5 4 5 6 8 28 61 85 148 365 1111 2853 5566 7591 8722 14714
 ... : 2 3 5 4 5 6 8 28 61 85 148 367 1116 2864 5590 7632 8723 14721
 ... : 2 3 5 4 5 6 8 28 61 85 148 367 1118 2873 5618 7673 8745 14726
 ... : 2 3 5 4 5 6 8 28 61 85 148 367 1118 2875 5636 7720 8791 14731
 ... : 2 3 5 4 5 6 8 28 61 85 148 367 1112 2873 5628 7730 8800 14748
 ... : 2 3 5 4 5 6 8 28 61 85 148 367 1110 2874 5630 7745 8826 14771
 ... : 2 3 5 4 5 6 8 28 61 85 148 367 1110 2873 5626 7765 8885 14783
 ... : 2 3 5 4 5 6 8 28 61 85 148 367 1109 2872 5630 7783 8929 14827
 ... : 2 3 5 4 5 6 8 28 61 85 148 367 1109 2872 5630 7785 8964 14904
 ... : 2 3 5 4 5 6 8 28 61 85 148 367 1109 2872 5630 7789 9002 14962
 ... : 2 3 5 4 5 6 8 28 61 85 148 367 1109 2872 5630 7792 9033 15022
 ... : 2 3 5 4 5 6 8 28 61 85 148 367 1109 2872 5630 7793 9043 15078
 ... : 2 3 5 4 5 6 8 28 61 85 148 367 1109 2872 5629 7796 9065 15149
 ... : 2 3 5 4 5 6 8 28 61 85 148 367 1109 2872 5635 7813 9089 15183
 ... : 2 3 5 4 5 6 8 28 61 85 148 367 1110 2877 5664 7853 9117 15186
 ... : 2 3 5 4 5 6 8 28 61 85 148 367 1109 2881 5677 7899 9167 15191
 ... : 2 3 5 4 5 6 8 28 61 85 148 367 1109 2883 5679 7924 9207 15216
 ... : 2 3 5 4 5 6 8 28 61 85 148 367 1109 2883 5686 7942 9248 15257
 ... : 2 3 5 4 5 6 8 28 61 85 148 367 1109 2883 5692 7968 9297 15295
 ... : 2 3 5 4 5 6 8 28 61 85 148 367 1109 2883 5695 7974 9338 15354
 ... : 2 3 5 4 5 6 8 28 61 85 148 367 1109 2883 5694 7974 9359 15419
 ... : 2 3 5 4 5 6 8 28 61 85 148 367 1109 2883 5694 7982 9383 15486
 ... : 2 3 5 4 5 6 8 28 61 85 148 367 1109 2883 5695 7992 9438 15528
 ... : 2 3 5 4 5 6 8 28 61 85 148 367 1109 2883 5695 7995 9503 15572
 ... : 2 3 5 4 5 6 8 28 61 85 148 367 1109 2883 5695 7995 9569 15615
 ... : 2 3 5 4 5 6 8 28 61 85 148 367 1109 2883 5695 7995 9635 15657
 ... : 2 3 5 4 5 6 8 28 61 85 148 367 1109 2883 5695 7996 9699 15699
 ... : 2 3 5 4 5 6 8 28 61 85 148 367 1109 2883 5695 7998 9764 15742
 ... : 2 3 5 4 5 6 8 28 61 85 148 367 1109 2883 5695 8000 9828 15790
 ... : 2 3 5 4 5 6 8 28 61 85 148 367 1109 2883 5698 8016 9879 15846
 ... : 2 3 5 4 5 6 8 28 61 85 148 367 1109 2882 5699 8024 9907 15887
 ... : 2 3 5 4 5 6 8 28 61 85 148 367 1109 2882 5701 8041 9956 15928
 ... : 2 3 5 4 5 6 8 28 61 85 148 367 1109 2882 5699 8043 9996 15988
 ... : 2 3 5 4 5 6 8 28 61 85 148 367 1109 2882 5705 8056 10031 16038
 ... : 2 3 5 4 5 6 8 28 61 85 148 367 1109 2882 5706 8076 10084 16079
 ... : 2 3 5 4 5 6 8 28 61 85 148 366 1108 2881 5709 8091 10112 16120
 ... : 2 3 5 4 5 6 8 28 61 85 148 366 1108 2881 5710 8106 10163 16174
 ... : 2 3 5 4 5 6 8 28 61 85 148 366 1108 2881 5716 8124 10197 16223
 ... : 2 3 5 4 5 6 8 28 61 85 148 366 1108 2881 5717 8145 10236 16262
 ... : 2 3 5 4 5 6 8 28 61 85 148 366 1108 2881 5719 8164 10287 16288
 ... : 2 3 5 4 5 6 8 28 61 85 148 366 1108 2881 5719 8164 10318 16324
 ... : 2 3 5 4 5 6 8 28 61 85 148 366 1108 2881 5719 8164 10325 16358
 ... : 2 3 5 4 5 6 8 28 61 85 148 366 1108 2881 5719 8164 10349 16393
 ... : 2 3 5 4 5 6 8 28 61 85 148 366 1108 2881 5719 8164 10374 16441
 ... : 2 3 5 4 5 6 8 28 61 85 148 366 1108 2881 5719 8164 10389 16477
 ... : 2 3 5 4 5 6 8 28 61 85 148 366 1108 2881 5719 8167 10424 16531
 ... : 2 3 5 4 5 6 8 28 61 85 148 366 1108 2881 5720 8198 10457 16571
 ... : 2 3 5 4 5 6 8 28 61 85 148 366 1108 2881 5733 8243 10494 16593
 ... : 2 3 5 4 5 6 8 28 61 85 148 366 1108 2881 5743 8270 10529 16619
 ... : 2 3 5 4 5 6 8 28 61 85 148 366 1108 2882 5749 8295 10561 16641
 ... : 2 3 5 4 5 6 8 28 61 85 148 366 1108 2882 5749 8304 10594 16707
 ... : 2 3 5 4 5 6 8 28 61 85 148 366 1108 2882 5751 8319 10622 16755
 ... : 2 3 5 4 5 6 8 28 61 85 148 366 1106 2882 5750 8327 10637 16773
 ... : 2 3 5 4 5 6 8 28 61 85 148 366 1106 2882 5754 8349 10677 16811
 ... : 2 3 5 4 5 6 8 28 61 85 148 366 1106 2882 5755 8357 10711 16873
 ... : 2 3 5 4 5 6 8 28 61 85 148 366 1106 2882 5769 8394 10738 16898
 ... : 2 3 5 4 5 6 8 28 61 85 148 366 1106 2883 5774 8418 10764 16925
 ... : 2 3 5 4 5 6 8 28 61 85 148 366 1106 2883 5775 8450 10817 16948
