initialized model with 3790 latches, 410 inputs and 1 properties
tsim: performed 9 steps
tsim: found cycle from 7
tsim: found 184 constants and 0 latch equivalences
seqsimpl: found 21 latch equivalences
seqsimpl: (3790, 410) -> (2717, 303)
checking bound 0
checking bound 1
checking bound 2
tdecomp: unrolling 2 cycles
tsim: reached all X state
tsim: performed 6 steps
tdecomp: no improvement found, reverting original model
 ... : 200
 ... : 401
 ... : 602
 ... : 803
 ... : 1004
 ... : 1205
 ... : 1406
 ... : 1607
 ... : 1808
 ... : 2009
 ... : 2210
 ... : 2411
 ... : 2612
 ... : 2813
   2 : 1500 1377
 ... : 1497 1577
 ... : 1492 1775
 ... : 1490 1976
 ... : 1488 2166
 ... : 1484 2352
 ... : 1483 2553
 ... : 1480 2754
 ... : 1480 2950
 ... : 1485 3105
 ... : 1485 3256
 ... : 1484 3443
 ... : 1485 3636
 ... : 1485 3835
 ... : 1485 4033
 ... : 1485 4233
 ... : 1485 4433
 ... : 1482 4595
 ... : 1460 4738
 ... : 1445 4907
 ... : 1434 5026
 ... : 1432 5086
 ... : 1422 5224
 ... : 1421 5332
 ... : 1415 5407
 ... : 1394 5391
   3 : 1346 2773 2564
 ... : 1345 2759 2737
 ... : 1345 2737 2890
 ... : 1345 2728 3056
 ... : 1344 2679 3247
 ... : 1344 2664 3441
 ... : 1344 2648 3632
 ... : 1342 2628 3768
 ... : 1343 2630 3887
 ... : 1343 2645 4045
 ... : 1340 2652 4168
 ... : 1339 2640 4304
 ... : 1339 2646 4410
 ... : 1339 2658 4529
 ... : 1339 2647 4616
 ... : 1338 2665 4650
   4 : 1332 2588 1640 3044
 ... : 1332 2588 1636 3165
 ... : 1332 2587 1680 3229
 ... : 1334 2596 1705 3269
 ... : 1334 2597 1734 3333
 ... : 1334 2596 1740 3448
 ... : 1334 2596 1717 3563
 ... : 1334 2596 1719 3680
 ... : 1334 2595 1699 3820
 ... : 1334 2589 1673 3886
 ... : 1334 2588 1663 3918
 ... : 1334 2587 1599 4100
