initialized model with 1211 latches, 76 inputs and 1 properties
tsim: performed 27 steps
tsim: found cycle from 25
checking bound 0
checking bound 1
checking bound 2
tdecomp: unrolling 2 cycles
tsim: performed 25 steps
tsim: found cycle from 23
tsim: found 1 constants and 0 latch equivalences
seqsimpl: found 21 latch equivalences
tdecomp: (1211, 304) -> (1189, 190)
   2 : 50 34
   3 : 44 60 46
 ... : 44 66 190
 ... : 44 86 285
   4 : 44 74 113 212
 ... : 44 74 103 355
 ... : 44 80 99 345
 ... : 44 87 120 422
   5 : 44 82 102 82 366
 ... : 44 82 102 82 528
 ... : 44 89 114 91 586
 ... : 44 103 139 100 632
 ... : 44 103 139 123 695
 ... : 44 98 145 130 719
 ... : 44 98 150 136 802
   6 : 39 82 147 67 133 680
 ... : 39 82 151 67 139 793
   7 : 39 82 152 64 82 113 744
 ... : 39 82 152 64 59 105 891
   8 : 39 84 169 74 62 77 169 767
 ... : 39 84 169 72 64 81 177 822
 ... : 41 88 183 80 68 87 187 855
 ... : 40 88 194 88 68 50 137 796
   9 : 38 86 178 79 71 26 89 43 790
  10 : 37 86 178 80 72 28 91 39 112 749
 ... : 37 86 178 80 72 28 91 39 120 827
 ... : 37 86 178 80 73 30 94 43 130 920
 ... : 37 86 178 79 74 32 97 43 133 979
 ... : 37 86 178 79 74 32 97 43 136 1043
 ... : 37 86 178 80 74 32 97 43 136 1109
 ... : 37 86 180 93 88 35 97 43 136 1160
 ... : 37 86 180 93 90 37 101 43 137 1214
 ... : 37 86 180 94 91 38 102 43 140 1273
 ... : 37 86 180 100 91 39 104 43 146 1327
 ... : 37 86 180 114 92 42 108 43 162 1366
 ... : 37 86 180 114 94 47 111 43 166 1419
 ... : 37 86 181 131 108 52 113 43 168 1459
 ... : 37 86 181 134 129 67 113 43 168 1500
  11 : 37 86 178 128 122 58 99 40 56 118 1497
 ... : 37 86 178 128 122 58 103 46 64 135 1568
 ... : 37 86 178 128 122 58 103 46 64 139 1673
 ... : 37 86 178 128 122 58 103 46 66 148 1739
 ... : 37 86 178 127 122 58 106 49 75 164 1784
 ... : 37 86 178 129 122 58 108 49 79 174 1828
  12 : 37 86 178 128 123 56 103 49 54 155 165 1748
 ... : 37 86 178 128 123 56 103 49 54 167 189 1797
 ... : 37 86 178 128 123 56 102 50 59 181 221 1848
 ... : 37 86 178 128 123 56 102 49 59 191 242 1871
 ... : 37 86 178 128 123 56 100 49 61 196 283 1893
 ... : 37 86 178 128 123 56 100 50 64 209 301 1945
 ... : 37 86 178 128 117 54 100 52 78 229 316 1970
 ... : 37 86 178 128 117 54 100 52 79 233 331 2018
 ... : 37 86 178 128 117 54 101 53 80 243 347 2069
 ... : 37 86 178 128 117 54 101 53 80 246 358 2154
 ... : 37 86 178 128 117 54 101 53 82 258 389 2222
 ... : 37 86 178 128 117 54 101 53 82 268 410 2284
 ... : 37 86 178 128 117 54 101 53 82 286 444 2344
 ... : 37 86 178 128 117 54 101 53 81 300 461 2408
 ... : 37 86 178 128 117 54 101 53 81 307 459 2501
 ... : 37 86 178 128 117 55 101 55 81 307 465 2557
 ... : 37 86 178 128 117 56 102 56 81 307 465 2588
 ... : 37 86 178 128 118 60 108 59 86 318 461 2605
 ... : 37 86 178 128 118 60 108 59 94 324 489 2650
 ... : 37 86 178 128 118 61 109 59 94 334 497 2692
 ... : 37 86 178 128 118 61 109 59 94 350 527 2736
 ... : 37 86 178 128 118 61 110 60 94 353 545 2778
 ... : 37 86 177 128 118 61 111 60 94 353 545 2844
 ... : 37 86 177 128 120 60 112 61 94 361 517 2874
 ... : 37 86 177 128 120 60 114 62 94 364 496 2906
 ... : 37 87 178 130 120 63 119 70 102 366 499 2920
 ... : 37 87 178 131 120 63 120 72 104 366 499 2977
 ... : 37 87 178 131 120 63 122 77 110 366 499 3037
 ... : 37 87 178 131 120 63 123 77 112 371 500 3073
 ... : 37 87 178 131 119 75 128 82 115 366 501 3114
 ... : 37 87 178 131 121 77 129 82 115 366 501 3174
 ... : 37 87 179 147 132 80 129 82 115 366 501 3224
 ... : 37 87 181 156 138 88 129 82 115 366 501 3282
 ... : 37 87 182 172 151 100 129 82 115 366 501 3336
 ... : 37 87 182 190 151 100 129 82 115 366 501 3397
 ... : 37 87 182 197 155 112 129 83 115 366 501 3441
 ... : 37 87 182 208 169 124 131 83 115 367 505 3485
 ... : 37 87 182 223 175 127 131 83 117 367 526 3513
 ... : 37 87 182 223 177 135 147 86 117 367 525 3553
 ... : 37 87 182 223 186 162 179 87 117 368 525 3568
 ... : 37 87 182 224 191 168 197 88 117 368 525 3618
 ... : 37 87 183 225 193 173 199 88 117 368 527 3677
 ... : 37 87 183 226 190 174 219 88 117 368 535 3714
 ... : 37 87 183 227 191 176 228 101 119 369 537 3757
 ... : 37 87 183 227 191 176 235 109 119 369 537 3815
 ... : 37 87 183 227 191 176 243 120 119 369 537 3863
 ... : 37 87 183 227 191 176 247 141 119 369 538 3910
 ... : 37 87 183 229 198 189 267 148 122 369 538 3930
 ... : 37 87 183 229 198 191 294 162 122 369 538 3971
 ... : 37 87 183 229 198 193 323 185 122 369 538 4009
 ... : 37 87 183 229 194 191 343 215 121 369 537 4035
 ... : 37 87 183 249 198 198 349 217 121 369 537 4082
 ... : 37 87 183 264 205 199 354 217 122 369 537 4128
 ... : 37 87 183 295 238 226 361 225 123 369 537 4141
 ... : 37 87 183 295 247 243 400 264 123 369 537 4156
 ... : 37 87 183 295 247 248 447 283 123 369 537 4172
 ... : 37 87 183 295 247 252 475 313 123 369 537 4200
 ... : 37 87 183 295 247 252 506 351 123 369 537 4223
 ... : 37 87 183 295 247 257 536 389 123 369 537 4244
 ... : 37 87 183 295 247 261 563 407 123 369 537 4282
 ... : 37 87 183 295 247 265 591 458 125 369 537 4297
 ... : 37 87 183 295 247 267 631 502 125 369 537 4314
 ... : 37 87 183 295 247 264 678 556 125 369 537 4324
 ... : 37 87 183 296 247 264 628 510 125 370 537 4349
 ... : 37 87 183 296 249 266 633 517 126 370 538 4389
 ... : 37 87 183 299 249 266 640 521 125 370 538 4434
 ... : 37 87 183 306 258 273 640 521 125 370 538 4489
 ... : 37 87 183 314 284 303 667 521 125 370 538 4513
 ... : 37 87 183 316 308 349 705 521 125 370 538 4521
 ... : 37 87 183 316 319 379 738 555 125 370 538 4526
 ... : 37 87 183 318 318 364 722 567 126 370 538 4541
 ... : 37 87 183 319 323 376 729 568 124 370 538 4592
 ... : 37 87 183 339 341 384 729 568 124 370 538 4638
 ... : 37 87 183 342 343 386 729 568 124 370 538 4698
 ... : 37 87 183 366 366 399 729 568 124 370 538 4725
 ... : 37 87 183 388 395 425 736 568 124 370 538 4748
 ... : 37 87 183 388 399 430 738 568 124 370 538 4809
 ... : 37 87 183 399 412 442 738 568 124 370 538 4860
 ... : 37 87 183 402 449 478 738 568 124 370 538 4888
 ... : 37 87 183 402 475 518 752 568 124 370 538 4915
 ... : 37 87 183 409 477 524 797 568 124 370 538 4946
 ... : 37 87 183 409 504 567 815 568 125 370 538 4968
 ... : 37 87 183 409 522 590 848 568 125 370 538 4998
 ... : 37 87 183 410 534 603 851 568 125 370 538 5050
 ... : 37 87 183 412 546 632 878 568 125 370 538 5075
 ... : 37 87 183 415 554 646 886 568 125 370 538 5117
 ... : 37 87 183 418 567 669 917 567 125 370 538 5129
 ... : 37 87 183 418 587 704 961 567 125 370 538 5137
 ... : 37 87 183 426 591 721 1007 567 125 370 538 5162
 ... : 37 87 183 441 600 719 1003 567 126 370 538 5205
 ... : 37 87 183 462 620 737 1003 567 126 370 538 5243
 ... : 37 87 183 463 634 757 1027 567 127 370 538 5274
 ... : 37 87 183 462 635 806 1076 567 127 370 538 5280
 ... : 37 87 183 465 639 818 1107 567 128 370 538 5304
 ... : 37 87 183 481 645 827 1117 578 131 370 538 5330
 ... : 37 87 183 493 663 843 1142 591 135 370 544 5342
 ... : 37 87 185 513 684 846 1142 591 136 370 564 5366
 ... : 37 87 186 519 694 870 1169 591 136 370 564 5398
 ... : 37 88 192 541 713 872 1169 591 136 370 564 5439
 ... : 37 92 202 566 729 872 1169 591 136 370 564 5480
 ... : 37 94 204 593 749 887 1169 591 136 370 566 5507
 ... : 37 98 209 618 770 892 1169 591 136 372 566 5536
 ... : 37 98 212 622 777 938 1200 591 136 372 565 5544
 ... : 37 98 212 625 782 943 1217 591 136 372 565 5596
 ... : 37 104 219 643 793 955 1220 591 136 373 565 5627
 ... : 37 104 220 646 799 967 1251 617 136 373 565 5638
 ... : 37 104 220 649 806 975 1263 654 136 373 565 5661
 ... : 37 104 220 673 843 1002 1263 654 136 373 568 5681
 ... : 37 104 220 675 872 1052 1292 654 136 372 569 5689
 ... : 37 104 220 675 881 1101 1345 654 136 372 569 5699
 ... : 37 104 220 675 884 1136 1393 654 136 372 569 5718
 ... : 37 104 220 675 906 1182 1437 654 136 372 569 5730
 ... : 37 104 220 675 914 1230 1483 654 136 372 569 5745
 ... : 37 104 220 679 931 1270 1518 654 136 372 569 5762
 ... : 37 104 220 684 950 1312 1562 662 137 372 568 5764
 ... : 37 104 220 684 962 1337 1607 691 137 372 568 5772
 ... : 37 104 220 684 964 1342 1643 746 137 372 568 5779
 ... : 37 104 220 684 964 1342 1643 784 137 372 568 5779
 ... : 37 104 220 684 969 1382 1681 788 137 372 568 5783
 ... : 37 104 220 684 971 1406 1723 843 137 372 568 5786
 ... : 37 104 220 688 973 1418 1758 850 137 372 568 5799
 ... : 37 104 220 688 982 1424 1757 846 137 372 568 5820
 ... : 37 104 220 688 987 1456 1807 870 137 372 568 5833
 ... : 37 104 220 688 987 1463 1849 918 137 372 568 5849
 ... : 37 104 220 688 996 1485 1769 926 137 372 568 5880
 ... : 37 104 220 695 1010 1510 1802 957 137 372 568 5890
 ... : 37 104 220 703 1032 1547 1848 986 137 372 569 5890
 ... : 37 104 220 703 1043 1582 1884 1011 137 372 569 5905
 ... : 37 104 220 703 1055 1613 1916 1011 137 372 574 5931
 ... : 37 104 220 703 1061 1621 1936 1060 137 372 574 5949
 ... : 37 104 220 703 1067 1629 1950 1073 137 372 574 5995
 ... : 37 104 220 703 1068 1635 1957 1075 137 372 574 6056
 ... : 37 104 220 703 1068 1636 1958 1075 137 372 574 6119
 ... : 37 104 220 703 1068 1636 1959 1076 137 372 574 6185
 ... : 37 104 220 710 1081 1664 1997 1091 137 372 574 6200
 ... : 37 104 220 710 1082 1677 2037 1138 137 372 574 6215
 ... : 37 104 220 711 1087 1705 2068 1139 137 372 574 6243
 ... : 37 104 220 711 1087 1717 2128 1185 137 372 574 6251
 ... : 37 104 220 711 1087 1724 2153 1218 137 372 574 6285
 ... : 37 104 220 711 1087 1742 2199 1259 137 372 574 6298
 ... : 37 104 220 711 1087 1781 2244 1282 137 372 574 6309
 ... : 37 104 220 711 1087 1801 2281 1319 137 372 574 6328
 ... : 37 104 220 711 1087 1822 2306 1360 137 372 574 6336
 ... : 37 104 220 711 1088 1828 2347 1421 137 372 574 6347
 ... : 37 104 220 711 1093 1864 2388 1434 137 372 574 6365
 ... : 37 104 220 711 1095 1890 2426 1465 137 372 574 6372
 ... : 37 104 220 711 1098 1908 2469 1505 137 372 574 6380
 ... : 37 104 220 723 1130 1932 2489 1524 137 372 577 6388
 ... : 37 104 220 731 1159 1968 2529 1525 137 372 578 6392
 ... : 37 104 220 731 1175 1996 2565 1555 137 372 578 6403
 ... : 37 104 220 731 1186 2022 2601 1582 137 372 578 6409
 ... : 37 104 220 731 1192 2050 2645 1625 137 372 578 6413
 ... : 37 104 220 731 1192 2053 2646 1660 137 372 578 6413
 ... : 37 104 220 731 1192 2053 2646 1662 137 372 578 6416
 ... : 37 104 220 731 1200 2065 2656 1655 139 372 578 6430
 ... : 37 104 220 731 1203 2072 2675 1686 140 372 578 6450
 ... : 37 104 220 735 1213 2086 2687 1698 142 372 578 6487
 ... : 37 104 220 735 1223 2111 2701 1700 142 372 578 6518
 ... : 37 104 220 735 1229 2121 2714 1700 142 372 578 6568
 ... : 37 104 220 735 1226 2122 2718 1707 142 373 578 6589
 ... : 37 104 220 735 1226 2122 2719 1712 142 373 578 6646
 ... : 37 104 220 735 1225 2095 2713 1722 143 373 578 6676
 ... : 37 104 220 735 1225 2124 2735 1728 144 373 578 6705
 ... : 37 104 220 735 1226 2146 2769 1742 144 374 578 6727
 ... : 37 104 220 735 1227 2158 2792 1747 144 374 578 6773
 ... : 37 104 220 735 1228 2164 2792 1748 144 374 578 6828
 ... : 37 104 220 735 1228 2171 2805 1755 144 374 578 6884
 ... : 37 104 220 742 1250 2200 2808 1763 144 374 578 6900
 ... : 37 104 220 742 1253 2202 2786 1793 144 374 578 6909
 ... : 37 104 220 742 1253 2202 2718 1824 144 374 578 6920
 ... : 37 104 220 742 1254 2204 2723 1831 144 374 578 6976
 ... : 37 104 220 746 1275 2229 2739 1839 144 374 578 6995
 ... : 37 104 221 746 1275 2236 2753 1838 145 374 578 7029
 ... : 37 104 221 746 1278 2244 2757 1838 145 374 578 7085
 ... : 37 104 221 746 1285 2266 2797 1847 145 374 578 7114
 ... : 37 104 221 746 1285 2279 2834 1878 145 374 578 7136
 ... : 37 104 221 746 1291 2297 2859 1905 145 374 587 7158
 ... : 37 104 221 747 1307 2340 2882 1905 145 374 587 7181
 ... : 37 104 221 747 1312 2346 2912 1919 145 374 587 7197
 ... : 37 104 221 765 1340 2359 2922 1926 145 375 587 7217
 ... : 37 104 221 773 1362 2391 2936 1926 145 375 587 7242
 ... : 37 104 223 786 1398 2426 2943 1926 145 375 587 7266
 ... : 37 104 223 787 1401 2438 2971 1926 145 375 587 7303
 ... : 37 104 223 808 1433 2465 2971 1926 145 375 587 7324
 ... : 37 104 223 811 1439 2501 3024 1926 145 375 587 7337
 ... : 37 104 223 811 1439 2503 3048 1945 148 375 587 7373
 ... : 37 104 223 811 1440 2507 3096 1969 149 375 587 7399
 ... : 37 104 223 811 1443 2515 3124 1996 150 378 588 7425
 ... : 37 104 223 811 1443 2518 3155 2052 157 378 591 7432
 ... : 37 104 223 811 1443 2519 3170 2106 161 378 592 7443
 ... : 37 104 223 811 1443 2519 3204 2172 163 378 592 7448
 ... : 37 104 225 813 1449 2524 3216 2196 164 378 592 7477
 ... : 37 106 235 844 1474 2533 3216 2196 164 380 592 7499
 ... : 37 106 238 855 1493 2540 3216 2202 164 380 592 7522
 ... : 37 106 242 889 1523 2566 3216 2202 164 380 594 7525
 ... : 37 106 242 898 1538 2617 3217 2202 164 380 594 7540
 ... : 37 106 242 906 1567 2663 3218 2202 164 380 595 7547
 ... : 37 106 248 919 1571 2687 3219 2202 164 380 595 7577
 ... : 37 111 258 940 1579 2699 3223 2204 164 380 595 7609
 ... : 37 111 258 951 1604 2727 3241 2204 164 380 595 7626
 ... : 37 111 258 964 1633 2771 3241 2204 164 380 595 7637
 ... : 37 112 265 975 1666 2819 3241 2204 164 380 595 7644
 ... : 37 114 276 1005 1692 2819 3241 2204 164 380 596 7676
 ... : 37 114 276 1008 1710 2828 3241 2204 164 380 596 7727
 ... : 37 114 280 1016 1730 2844 3241 2204 164 380 596 7764
 ... : 37 114 285 1027 1753 2866 3242 2205 164 380 596 7777
 ... : 37 114 285 1035 1791 2916 3250 2205 164 380 596 7783
 ... : 37 114 285 1039 1816 2962 3252 2205 164 380 596 7798
 ... : 37 114 287 1063 1852 2994 3253 2205 164 380 596 7813
 ... : 37 114 288 1069 1884 3036 3254 2205 164 380 602 7825
 ... : 37 116 300 1088 1907 3048 3254 2206 164 381 602 7855
 ... : 37 116 302 1108 1928 3054 3255 2206 164 381 602 7886
 ... : 37 116 304 1136 1960 3062 3255 2206 164 381 602 7921
 ... : 37 116 304 1145 1984 3085 3255 2206 164 381 602 7956
 ... : 37 116 305 1166 2024 3124 3255 2206 164 381 602 7970
 ... : 37 116 306 1180 2064 3164 3256 2209 164 381 605 7982
 ... : 37 116 306 1191 2097 3190 3258 2210 164 381 605 8011
 ... : 37 116 306 1218 2127 3214 3258 2210 164 383 605 8030
 ... : 37 116 306 1220 2144 3243 3258 2211 164 384 605 8064
 ... : 37 116 306 1238 2176 3273 3261 2211 164 384 605 8088
 ... : 37 116 306 1246 2213 3308 3261 2212 164 384 605 8119
 ... : 37 116 306 1277 2251 3319 3261 2212 164 385 605 8141
 ... : 37 116 306 1300 2292 3346 3261 2212 164 385 605 8162
 ... : 37 116 309 1311 2292 3342 3264 2213 164 385 605 8176
 ... : 37 116 309 1344 2326 3364 3264 2213 164 385 605 8200
 ... : 37 116 309 1349 2374 3422 3264 2214 164 385 605 8213
 ... : 37 116 309 1352 2409 3468 3264 2214 164 385 605 8221
 ... : 37 116 309 1367 2437 3509 3265 2218 164 385 605 8232
 ... : 37 116 312 1381 2469 3534 3265 2218 164 385 613 8253
 ... : 37 116 313 1388 2480 3544 3265 2218 164 385 625 8288
 ... : 37 116 313 1399 2507 3587 3265 2218 164 385 625 8306
 ... : 37 116 313 1409 2540 3611 3272 2222 164 385 625 8333
 ... : 37 116 313 1418 2562 3632 3273 2223 164 385 625 8360
 ... : 37 116 330 1451 2589 3642 3273 2223 164 385 625 8384
 ... : 37 116 330 1463 2625 3688 3276 2223 164 386 625 8394
 ... : 37 116 330 1463 2653 3746 3284 2223 164 388 625 8402
 ... : 37 116 330 1463 2657 3765 3308 2230 165 388 625 8409
 ... : 37 116 330 1462 2673 3819 3321 2231 165 388 625 8424
 ... : 37 116 330 1464 2677 3860 3350 2235 165 390 626 8444
 ... : 37 116 330 1467 2680 3896 3370 2242 165 390 626 8466
 ... : 37 116 330 1467 2687 3909 3377 2242 165 390 626 8519
 ... : 37 116 330 1469 2731 3945 3377 2242 165 390 626 8538
 ... : 37 116 330 1469 2731 3970 3403 2250 165 390 626 8566
 ... : 37 116 330 1469 2745 4013 3443 2251 165 390 626 8580
 ... : 37 116 330 1469 2745 4047 3494 2261 165 390 626 8588
 ... : 37 116 330 1469 2746 4069 3526 2269 165 390 626 8610
 ... : 37 116 331 1479 2771 4097 3535 2273 166 392 626 8631
 ... : 37 116 331 1479 2791 4135 3555 2274 166 392 626 8652
 ... : 37 116 331 1482 2806 4158 3568 2275 166 392 627 8689
 ... : 37 116 331 1482 2813 4183 3601 2275 166 392 627 8723
 ... : 37 116 331 1482 2832 4203 3606 2277 166 392 627 8758
 ... : 37 116 334 1487 2844 4233 3624 2277 166 392 627 8776
 ... : 37 116 334 1487 2844 4257 3652 2290 166 392 627 8801
 ... : 37 116 334 1488 2854 4283 3673 2291 166 392 627 8833
 ... : 37 116 334 1488 2862 4315 3687 2295 166 392 627 8868
 ... : 37 116 334 1488 2877 4344 3701 2296 166 392 627 8897
 ... : 37 116 334 1488 2893 4391 3740 2312 166 392 627 8899
 ... : 37 116 334 1492 2901 4433 3784 2314 166 392 627 8912
 ... : 37 116 334 1493 2906 4473 3827 2319 167 392 627 8919
 ... : 37 116 334 1495 2908 4483 3843 2311 167 392 627 8946
 ... : 37 116 334 1498 2910 4517 3870 2311 167 392 627 8965
 ... : 37 116 341 1500 2914 4520 3871 2312 167 392 627 9019
 ... : 37 116 341 1500 2914 4550 3894 2314 167 392 627 9048
 ... : 37 116 341 1500 2929 4582 3933 2315 167 392 627 9047
 ... : 37 116 341 1500 2935 4611 3957 2317 167 392 627 9066
 ... : 37 116 341 1500 2943 4631 3980 2327 169 392 627 9091
 ... : 37 116 341 1501 2980 4672 3986 2330 169 392 627 9106
 ... : 37 116 341 1501 2985 4692 4012 2331 169 392 627 9142
 ... : 37 116 341 1501 2986 4709 4041 2332 169 392 627 9177
 ... : 37 116 341 1501 2986 4725 4077 2345 169 392 627 9194
 ... : 37 116 345 1516 3003 4747 4088 2349 169 392 627 9212
 ... : 37 116 345 1518 3027 4789 4101 2349 169 392 627 9221
 ... : 37 116 345 1518 3042 4831 4128 2349 169 392 634 9237
 ... : 37 116 345 1518 3045 4856 4162 2354 169 392 634 9238
 ... : 37 116 345 1524 3060 4867 4188 2356 169 392 634 9266
 ... : 37 116 345 1524 3062 4870 4208 2356 169 392 634 9312
 ... : 37 116 345 1524 3064 4907 4243 2356 169 392 635 9323
 ... : 37 116 347 1524 3040 4909 4246 2356 167 392 636 9334
 ... : 37 116 347 1524 3045 4950 4281 2356 168 392 636 9342
 ... : 37 116 347 1524 3048 4985 4326 2356 168 392 636 9358
 ... : 37 116 347 1535 3056 5004 4330 2356 168 392 636 9382
 ... : 37 116 347 1544 3081 5014 4335 2356 168 392 636 9410
 ... : 37 116 347 1545 3081 5060 4373 2358 168 392 636 9407
 ... : 37 116 347 1546 3090 5111 4409 2362 168 392 637 9412
 ... : 37 116 347 1546 3091 5127 4426 2364 169 392 637 9457
 ... : 37 116 347 1546 3121 5174 4444 2379 169 392 637 9457
 ... : 37 116 347 1546 3127 5202 4470 2390 169 392 637 9481
 ... : 37 116 347 1546 3137 5227 4483 2413 169 392 637 9494
 ... : 37 116 347 1567 3170 5263 4491 2414 169 392 637 9504
 ... : 37 116 347 1576 3217 5311 4495 2414 170 392 637 9514
 ... : 37 116 347 1577 3226 5342 4541 2414 170 392 637 9521
 ... : 37 116 347 1577 3238 5386 4578 2414 172 392 637 9538
 ... : 37 116 347 1579 3243 5429 4628 2422 172 392 637 9541
 ... : 37 116 347 1583 3263 5479 4653 2428 173 393 637 9553
 ... : 37 116 347 1583 3264 5525 4685 2439 173 393 636 9575
 ... : 37 116 347 1586 3269 5577 4715 2443 173 393 636 9585
 ... : 37 116 347 1586 3270 5594 4730 2443 173 393 636 9635
 ... : 37 116 347 1586 3270 5624 4760 2443 173 393 636 9672
 ... : 37 116 347 1586 3275 5650 4784 2443 173 393 636 9712
 ... : 37 116 347 1586 3275 5654 4788 2443 173 393 636 9774
 ... : 37 116 347 1586 3276 5664 4797 2443 173 393 636 9831
 ... : 37 116 347 1586 3284 5685 4811 2443 174 393 636 9875
 ... : 37 116 347 1586 3298 5716 4843 2443 175 393 636 9899
 ... : 37 116 347 1586 3312 5751 4873 2443 176 393 636 9924
 ... : 37 116 347 1586 3332 5794 4904 2443 176 393 636 9945
 ... : 37 116 347 1586 3338 5826 4940 2443 176 393 636 9974
 ... : 37 116 347 1594 3371 5860 4957 2443 176 393 636 9992
 ... : 37 116 347 1622 3412 5902 4984 2443 176 393 636 9992
 ... : 37 116 347 1625 3441 5938 5001 2445 176 393 636 10015
 ... : 37 116 347 1644 3470 5955 5009 2445 176 393 636 10035
 ... : 37 116 347 1656 3480 5961 5010 2445 176 393 636 10088
 ... : 37 116 347 1659 3518 6002 5012 2445 176 393 636 10112
 ... : 37 116 347 1664 3538 6041 5032 2445 176 393 636 10131
 ... : 37 116 347 1664 3558 6085 5060 2446 176 393 637 10144
 ... : 37 116 347 1665 3563 6120 5100 2447 176 393 637 10164
 ... : 37 116 348 1669 3582 6157 5134 2447 176 393 639 10181
 ... : 37 116 354 1691 3619 6195 5139 2447 176 393 641 10190
 ... : 37 116 355 1694 3634 6234 5167 2448 182 393 641 10201
 ... : 37 116 355 1696 3645 6286 5216 2448 185 393 641 10203
 ... : 37 116 355 1698 3654 6329 5260 2455 185 393 641 10204
 ... : 37 116 356 1718 3661 6350 5293 2459 185 393 641 10223
 ... : 37 116 356 1723 3681 6389 5312 2459 185 393 641 10242
 ... : 37 116 356 1723 3688 6417 5366 2461 185 393 641 10249
 ... : 37 116 356 1726 3693 6446 5422 2463 185 393 641 10256
 ... : 37 116 357 1731 3699 6470 5441 2476 185 393 641 10283
 ... : 37 116 357 1735 3708 6497 5459 2479 185 393 641 10320
 ... : 37 116 355 1735 3715 6532 5493 2483 185 393 641 10334
 ... : 37 116 355 1735 3722 6576 5536 2484 186 393 641 10342
 ... : 37 116 355 1735 3729 6617 5574 2495 186 393 641 10353
 ... : 37 116 355 1735 3737 6653 5620 2501 189 393 641 10370
 ... : 37 116 355 1735 3760 6708 5643 2502 189 393 641 10386
 ... : 37 116 355 1735 3775 6752 5678 2503 189 393 641 10395
 ... : 37 116 355 1741 3781 6787 5718 2504 190 393 641 10410
 ... : 37 116 357 1757 3804 6823 5741 2504 190 393 641 10419
 ... : 37 116 357 1760 3807 6847 5788 2507 190 393 641 10431
 ... : 37 116 357 1761 3816 6891 5826 2508 192 393 641 10441
 ... : 37 116 357 1763 3828 6937 5854 2508 192 393 641 10457
 ... : 37 116 357 1763 3840 6966 5904 2510 193 393 641 10459
 ... : 37 116 357 1763 3841 6998 5934 2522 193 393 641 10483
 ... : 37 116 357 1765 3842 7043 5973 2523 193 393 641 10498
 ... : 37 116 357 1766 3850 7090 6014 2523 193 393 641 10505
 ... : 37 116 357 1767 3864 7146 6046 2523 193 393 641 10516
 ... : 37 116 359 1772 3862 7187 6066 2523 193 393 641 10535
 ... : 37 116 359 1772 3869 7245 6111 2525 193 393 641 10539
 ... : 37 116 359 1772 3874 7293 6160 2525 193 393 641 10549
 ... : 37 116 359 1772 3874 7334 6219 2525 193 393 641 10553
 ... : 37 116 360 1775 3884 7365 6252 2525 193 393 641 10580
 ... : 37 116 360 1775 3888 7396 6303 2525 193 393 641 10601
 ... : 37 116 360 1776 3901 7445 6352 2525 193 393 641 10612
 ... : 37 116 360 1785 3932 7472 6366 2525 193 393 641 10624
 ... : 37 116 360 1785 3958 7528 6378 2525 193 393 641 10641
 ... : 37 116 360 1796 3984 7564 6393 2525 193 393 641 10659
 ... : 37 116 360 1804 4013 7613 6406 2526 193 393 641 10675
 ... : 37 116 360 1818 4028 7649 6413 2526 193 393 641 10707
 ... : 37 116 360 1822 4052 7684 6439 2525 193 393 641 10712
 ... : 37 116 360 1821 4055 7713 6480 2525 193 393 641 10727
 ... : 37 116 360 1821 4057 7748 6541 2527 194 393 641 10733
 ... : 37 116 360 1821 4072 7805 6591 2527 194 393 641 10734
 ... : 37 116 360 1823 4089 7859 6618 2526 194 393 641 10752
 ... : 37 116 360 1824 4101 7893 6645 2527 194 393 641 10784
 ... : 37 116 360 1824 4121 7938 6680 2527 194 393 641 10800
 ... : 37 116 360 1825 4124 7976 6724 2527 194 393 641 10806
 ... : 37 116 360 1825 4129 8025 6769 2527 194 393 641 10821
 ... : 37 116 360 1825 4131 8082 6818 2528 194 393 641 10832
 ... : 37 116 360 1825 4141 8139 6871 2528 194 393 641 10836
 ... : 37 116 360 1825 4145 8185 6922 2529 194 393 641 10845
 ... : 37 116 360 1827 4155 8221 6983 2529 194 393 641 10860
 ... : 37 116 360 1829 4163 8266 7036 2532 194 394 641 10867
 ... : 37 116 360 1830 4186 8303 7050 2534 194 394 641 10886
 ... : 37 116 360 1831 4197 8338 7077 2534 194 394 641 10910
 ... : 37 116 360 1848 4219 8365 7099 2536 194 394 641 10927
 ... : 37 116 364 1863 4252 8398 7108 2536 194 394 641 10941
 ... : 37 116 366 1875 4272 8443 7126 2536 194 394 641 10947
 ... : 37 116 366 1876 4277 8478 7169 2536 194 394 642 10960
 ... : 37 116 366 1877 4284 8504 7203 2539 194 395 642 10983
 ... : 37 116 366 1878 4294 8550 7247 2539 194 395 642 10987
 ... : 37 116 366 1878 4303 8589 7297 2541 194 395 642 11005
 ... : 37 116 366 1881 4312 8635 7349 2541 194 395 643 11011
 ... : 37 116 366 1881 4313 8674 7398 2541 194 396 646 11025
 ... : 37 116 366 1881 4314 8713 7457 2541 194 396 646 11039
 ... : 37 116 366 1881 4332 8767 7501 2541 194 396 646 11048
 ... : 37 116 366 1881 4337 8818 7555 2542 194 396 646 11060
 ... : 37 116 366 1881 4344 8867 7590 2543 194 396 646 11083
 ... : 37 116 366 1881 4356 8917 7637 2543 194 396 646 11081
 ... : 37 116 366 1881 4365 8968 7683 2547 194 396 646 11097
 ... : 37 116 366 1881 4380 9027 7728 2553 194 396 646 11098
 ... : 37 116 366 1881 4385 9088 7794 2554 194 396 646 11099
 ... : 37 116 366 1882 4397 9121 7816 2554 194 396 646 11135
 ... : 37 116 366 1883 4399 9152 7871 2554 194 396 646 11155
 ... : 37 116 366 1883 4405 9206 7931 2556 194 396 646 11162
 ... : 37 116 366 1883 4410 9243 7986 2556 194 396 646 11164
 ... : 37 116 366 1883 4410 9278 8071 2556 194 396 646 11168
 ... : 37 116 366 1883 4407 9290 8127 2556 194 396 646 11176
 ... : 37 116 366 1883 4409 9325 8175 2557 194 396 646 11187
 ... : 37 116 366 1883 4411 9338 8216 2559 194 396 646 11200
 ... : 37 116 366 1883 4416 9351 8256 2561 194 396 646 11202
 ... : 37 116 366 1883 4427 9374 8300 2563 194 396 646 11215
 ... : 37 116 366 1883 4428 9376 8340 2566 194 396 646 11217
 ... : 37 116 366 1893 4433 9390 8365 2576 194 396 646 11219
 ... : 37 116 365 1895 4448 9424 8398 2589 194 396 646 11225
 ... : 37 116 365 1895 4465 9448 8434 2606 194 396 646 11240
 ... : 37 116 365 1895 4467 9468 8468 2663 194 396 646 11244
 ... : 37 116 365 1895 4467 9473 8497 2714 203 397 646 11250
 ... : 37 116 365 1895 4472 9502 8534 2735 203 397 646 11258
 ... : 37 116 365 1895 4491 9520 8543 2758 222 397 646 11260
