initialized model with 441 latches, 36 inputs and 1 properties
tsim: performed 8 steps
tsim: found cycle from 6
tsim: found 1 constants and 2 latch equivalences
seqsimpl: (441, 36) -> (438, 36)
checking bound 0
checking bound 1
checking bound 2
tdecomp: unrolling 2 cycles
tsim: performed 6 steps
tsim: found cycle from 4
tsim: found 1 constants and 0 latch equivalences
tdecomp: (438, 144) -> (437, 69)
   2 : 115 10
 ... : 158 106
   3 : 59 87 65
 ... : 69 111 179
 ... : 94 161 254
 ... : 115 203 296
 ... : 122 227 407
 ... : 122 257 492
 ... : 126 280 607
 ... : 130 329 706
 ... : 130 379 807
   4 : 128 397 762 89
 ... : 128 397 764 283
 ... : 128 397 765 426
 ... : 128 397 768 491
 ... : 128 397 780 552
 ... : 127 397 782 648
 ... : 127 397 756 778
 ... : 127 397 756 878
   5 : 125 396 572 900 223
 ... : 125 396 574 895 337
 ... : 125 396 573 885 435
 ... : 125 374 573 886 456
 ... : 125 352 573 886 479
 ... : 125 338 573 881 528
 ... : 127 341 581 868 613
 ... : 129 344 585 884 715
 ... : 129 344 585 884 912
 ... : 129 344 590 890 1085
 ... : 129 344 605 918 1186
 ... : 129 344 632 947 1246
 ... : 129 344 659 977 1305
 ... : 129 344 687 1007 1364
 ... : 129 344 689 1009 1553
 ... : 129 344 689 1009 1754
 ... : 129 344 707 1025 1860
 ... : 129 344 735 1053 1910
 ... : 129 344 761 1079 1967
 ... : 129 344 775 1094 2092
 ... : 129 344 803 1121 2137
 ... : 129 344 833 1150 2179
 ... : 129 344 861 1179 2222
 ... : 129 335 878 1195 2256
 ... : 129 312 877 1195 2274
 ... : 129 290 877 1195 2287
 ... : 129 284 878 1196 2432
 ... : 129 284 864 1183 2448
 ... : 129 284 842 1163 2479
 ... : 129 276 842 1163 2607
 ... : 129 254 843 1163 2608
 ... : 129 231 842 1163 2630
   6 : 129 229 613 1254 1903 743
 ... : 129 229 613 1254 1907 930
 ... : 129 231 619 1260 1649 956
 ... : 129 231 619 1260 1679 988
 ... : 129 231 619 1260 1712 1019
 ... : 129 231 619 1260 1743 1051
 ... : 129 231 619 1260 1694 1207
 ... : 131 236 629 1274 1722 1273
 ... : 135 245 638 1291 1685 1307
 ... : 135 246 640 1292 1689 1485
 ... : 135 246 657 1292 1722 1503
 ... : 135 246 673 1293 1756 1525
 ... : 135 247 689 1294 1784 1551
 ... : 139 255 704 1311 1809 1577
 ... : 143 265 718 1336 1843 1617
 ... : 143 265 718 1336 1842 1751
 ... : 143 265 724 1337 1849 1817
 ... : 143 265 737 1337 1857 1830
 ... : 143 265 750 1337 1867 1842
 ... : 143 265 762 1346 1879 1862
 ... : 143 265 775 1351 1889 1880
 ... : 143 265 775 1352 1906 1983
 ... : 143 265 775 1362 1929 2006
 ... : 143 265 775 1367 1955 2033
 ... : 143 265 775 1368 1897 2153
 ... : 143 265 789 1384 1927 2203
 ... : 143 265 806 1401 1962 2235
 ... : 143 265 821 1418 1998 2268
 ... : 143 265 839 1434 2029 2303
 ... : 143 265 854 1452 2063 2335
 ... : 143 265 869 1472 2095 2367
 ... : 143 265 887 1489 2129 2399
 ... : 143 265 903 1506 2161 2431
 ... : 143 265 915 1518 2179 2512
 ... : 143 265 915 1517 2194 2544
 ... : 143 265 916 1517 2240 2627
 ... : 143 265 931 1539 2271 2655
 ... : 143 265 946 1561 2301 2686
 ... : 143 265 962 1584 2332 2715
 ... : 143 265 979 1600 2368 2747
 ... : 143 265 992 1615 2413 2775
 ... : 143 265 1009 1630 2449 2807
 ... : 143 265 1024 1646 2490 2834
 ... : 143 265 1039 1662 2529 2861
 ... : 143 265 1054 1678 2564 2891
 ... : 143 265 1071 1694 2590 2923
 ... : 143 265 1087 1710 2614 2957
 ... : 143 265 1103 1727 2640 2991
 ... : 143 265 1121 1744 2662 3017
 ... : 143 265 1135 1759 2666 3059
 ... : 143 265 1135 1759 2652 3210
 ... : 143 265 1139 1763 2663 3366
 ... : 143 265 1154 1777 2693 3402
 ... : 143 265 1170 1794 2729 3435
 ... : 143 265 1183 1810 2755 3464
 ... : 143 265 1198 1824 2784 3494
 ... : 143 265 1212 1843 2809 3521
 ... : 143 265 1227 1860 2831 3552
 ... : 143 265 1242 1876 2855 3580
 ... : 143 265 1259 1892 2886 3611
 ... : 143 265 1274 1906 2920 3645
 ... : 143 265 1288 1924 2954 3680
 ... : 143 265 1304 1940 2986 3716
 ... : 143 265 1320 1964 3019 3748
 ... : 143 265 1336 1979 3053 3784
 ... : 143 265 1354 1996 3088 3816
 ... : 143 265 1370 2012 3122 3849
 ... : 143 265 1387 2028 3160 3881
 ... : 143 265 1403 2046 3192 3913
 ... : 143 265 1419 2062 3214 3950
 ... : 143 265 1436 2078 3243 3981
 ... : 143 265 1451 2094 3278 4014
 ... : 143 265 1467 2111 3311 4046
 ... : 143 265 1473 2117 3273 4171
 ... : 143 265 1482 2125 3237 4282
 ... : 143 265 1498 2142 3276 4310
 ... : 143 265 1512 2158 3315 4342
 ... : 143 265 1528 2176 3353 4373
 ... : 143 265 1543 2190 3390 4404
 ... : 143 265 1560 2209 3429 4433
 ... : 143 265 1577 2224 3468 4465
 ... : 143 265 1590 2239 3506 4497
 ... : 143 265 1606 2254 3544 4526
 ... : 143 265 1620 2269 3583 4555
 ... : 143 265 1637 2285 3606 4586
 ... : 143 265 1652 2301 3640 4618
 ... : 143 265 1666 2317 3677 4646
 ... : 143 265 1682 2333 3708 4678
 ... : 143 265 1698 2349 3739 4710
 ... : 143 265 1712 2363 3769 4742
 ... : 143 265 1728 2379 3803 4770
 ... : 143 265 1745 2400 3832 4803
 ... : 143 265 1760 2417 3858 4838
 ... : 143 265 1776 2433 3884 4872
 ... : 143 265 1793 2448 3926 4900
 ... : 143 265 1806 2463 3971 4928
 ... : 143 265 1819 2477 4004 4984
 ... : 143 265 1819 2477 4006 5171
 ... : 143 265 1820 2478 4003 5208
 ... : 143 265 1819 2469 3993 5209
 ... : 143 265 1819 2462 3979 5209
 ... : 143 265 1819 2461 3972 5323
 ... : 143 265 1819 2476 3990 5421
 ... : 143 265 1819 2500 4009 5473
 ... : 143 265 1819 2526 4021 5528
 ... : 143 265 1819 2548 4052 5577
 ... : 143 265 1819 2564 4084 5618
 ... : 143 265 1819 2574 4107 5709
 ... : 143 265 1819 2574 4111 5812
 ... : 143 265 1819 2575 4120 5984
 ... : 143 265 1819 2575 4150 6067
 ... : 143 265 1819 2593 4192 6127
 ... : 143 265 1819 2609 4229 6186
   7 : 143 262 1817 2321 3639 5398 1528
 ... : 143 262 1817 2321 3639 5343 1712
 ... : 143 262 1817 2321 3639 5378 1773
 ... : 143 262 1817 2321 3639 5415 1895
 ... : 143 262 1817 2321 3639 5446 1925
 ... : 143 262 1817 2321 3640 5430 2073
 ... : 144 263 1817 2324 3647 5480 2129
 ... : 144 263 1817 2326 3654 5524 2174
 ... : 144 263 1817 2326 3655 5575 2229
 ... : 144 263 1816 2328 3659 5622 2278
 ... : 144 263 1816 2331 3670 5667 2324
 ... : 144 263 1816 2331 3672 5723 2383
 ... : 144 263 1817 2333 3677 5769 2426
 ... : 144 263 1816 2332 3678 5815 2472
 ... : 144 263 1815 2335 3680 5862 2524
 ... : 144 263 1814 2337 3684 5905 2568
 ... : 144 263 1814 2339 3680 5957 2623
 ... : 144 263 1814 2339 3682 6003 2674
 ... : 144 263 1814 2339 3679 6051 2730
 ... : 144 263 1814 2339 3680 6099 2779
 ... : 144 263 1814 2340 3673 6157 2842
 ... : 144 263 1814 2341 3676 6203 2892
 ... : 145 264 1814 2343 3673 6255 2953
 ... : 145 264 1814 2343 3657 6320 3024
 ... : 145 264 1814 2343 3639 6383 3096
 ... : 145 264 1814 2343 3623 6449 3166
 ... : 145 264 1814 2343 3607 6505 3236
 ... : 145 264 1814 2343 3588 6556 3309
 ... : 145 264 1814 2343 3569 6609 3380
 ... : 145 264 1814 2343 3550 6663 3450
 ... : 145 264 1814 2343 3532 6720 3521
 ... : 146 265 1814 2343 3527 6761 3577
 ... : 146 265 1814 2343 3508 6812 3648
 ... : 146 265 1814 2343 3487 6865 3715
 ... : 146 265 1814 2343 3464 6906 3779
 ... : 146 265 1814 2343 3440 6950 3844
 ... : 146 265 1814 2343 3417 6977 3907
 ... : 146 265 1814 2343 3395 7006 3970
 ... : 146 265 1814 2343 3372 7034 4036
 ... : 146 265 1814 2343 3351 7071 4103
 ... : 146 265 1814 2342 3345 7088 4195
 ... : 146 265 1814 2342 3345 7088 4390
 ... : 146 265 1814 2342 3344 7088 4586
 ... : 146 265 1814 2343 3314 7090 4676
 ... : 146 265 1814 2347 3315 7103 4782
 ... : 146 265 1814 2347 3316 7134 4799
 ... : 146 265 1814 2347 3315 7168 4816
 ... : 146 265 1814 2347 3315 7176 4975
 ... : 146 265 1814 2347 3315 7219 5083
 ... : 146 265 1814 2347 3315 7226 5270
 ... : 146 265 1815 2344 3315 7250 5325
 ... : 146 267 1822 2360 3337 7274 5347
 ... : 146 267 1822 2360 3341 7285 5507
 ... : 146 267 1822 2360 3341 7241 5609
 ... : 146 267 1822 2360 3341 7191 5709
 ... : 146 267 1822 2360 3341 7126 5809
 ... : 146 267 1822 2360 3341 7065 5911
 ... : 146 267 1822 2360 3341 7015 6011
 ... : 146 267 1822 2360 3341 6966 6111
 ... : 146 267 1822 2360 3341 6915 6212
 ... : 146 267 1822 2360 3341 6864 6313
 ... : 146 267 1822 2360 3341 6814 6413
 ... : 146 267 1822 2360 3341 6765 6513
 ... : 146 267 1822 2360 3341 6739 6666
 ... : 146 267 1822 2360 3341 6739 6867
 ... : 146 267 1822 2360 3341 6739 7068
 ... : 146 267 1822 2360 3341 6739 7269
 ... : 146 267 1822 2359 3341 6743 7445
 ... : 146 267 1822 2356 3341 6746 7550
 ... : 146 267 1822 2349 3331 6767 7645
 ... : 146 267 1822 2345 3329 6785 7750
 ... : 146 267 1822 2343 3327 6788 7862
 ... : 146 267 1822 2341 3324 6793 7982
 ... : 146 267 1822 2340 3324 6801 8087
 ... : 146 267 1822 2342 3325 6799 8198
 ... : 146 267 1822 2352 3317 6816 8206
   8 : 146 267 1821 1668 2927 5064 8118 1600
 ... : 146 267 1821 1668 2927 5064 8118 1800
 ... : 146 267 1821 1668 2927 5065 8127 1978
 ... : 146 267 1821 1668 2927 5065 8172 2077
 ... : 146 267 1821 1668 2927 5065 8196 2130
 ... : 146 267 1822 1670 2928 5067 8199 2272
 ... : 146 267 1827 1680 2933 5083 8224 2292
 ... : 146 267 1832 1690 2938 5094 8247 2316
 ... : 146 267 1838 1701 2943 5110 8265 2337
 ... : 146 267 1842 1710 2948 5123 8289 2360
 ... : 146 267 1847 1720 2953 5135 8310 2383
 ... : 146 267 1852 1730 2958 5154 8329 2403
 ... : 146 267 1857 1740 2963 5172 8348 2424
 ... : 146 267 1862 1750 2968 5191 8369 2444
 ... : 146 267 1867 1760 2973 5201 8391 2467
 ... : 146 267 1873 1771 2978 5207 8413 2487
 ... : 146 267 1878 1781 2983 5212 8436 2510
 ... : 146 269 1884 1790 2995 5231 8468 2546
 ... : 146 273 1894 1804 3016 5261 8497 2546
 ... : 146 273 1895 1805 3020 5263 8507 2686
 ... : 146 275 1898 1805 3027 5273 8521 2795
 ... : 146 277 1903 1821 3043 5291 8551 2818
 ... : 146 279 1907 1828 3059 5309 8580 2836
 ... : 146 280 1908 1833 3072 5336 8611 2871
 ... : 146 280 1908 1837 3087 5349 8650 2909
 ... : 146 280 1908 1843 3098 5364 8689 2942
 ... : 146 280 1908 1851 3106 5378 8735 2983
 ... : 146 280 1908 1853 3125 5394 8772 3014
 ... : 146 280 1908 1857 3139 5415 8813 3046
 ... : 146 280 1908 1864 3153 5433 8855 3083
 ... : 146 280 1908 1869 3168 5449 8897 3118
 ... : 146 280 1908 1873 3178 5460 8938 3157
 ... : 146 280 1908 1878 3193 5480 8972 3185
 ... : 146 280 1908 1883 3205 5495 9010 3221
 ... : 146 280 1908 1887 3220 5509 9052 3258
 ... : 146 280 1908 1890 3236 5529 9094 3293
 ... : 146 280 1908 1896 3253 5543 9130 3330
 ... : 146 280 1908 1901 3268 5559 9170 3365
 ... : 146 280 1908 1904 3280 5580 9215 3397
 ... : 146 280 1908 1909 3293 5596 9259 3442
 ... : 146 280 1908 1914 3306 5612 9296 3474
 ... : 146 280 1908 1918 3317 5625 9338 3514
 ... : 146 280 1908 1926 3331 5642 9374 3551
 ... : 146 280 1908 1935 3347 5659 9413 3583
 ... : 146 280 1908 1942 3361 5676 9453 3616
 ... : 146 280 1908 1945 3372 5693 9502 3656
 ... : 146 280 1908 1950 3387 5712 9542 3691
 ... : 146 280 1908 1957 3401 5730 9578 3729
 ... : 146 280 1908 1961 3415 5749 9621 3759
 ... : 146 280 1908 1967 3424 5764 9657 3796
 ... : 146 280 1908 1970 3437 5780 9700 3835
 ... : 146 280 1908 1975 3450 5796 9739 3869
 ... : 146 280 1908 1979 3459 5812 9783 3900
 ... : 146 280 1908 1984 3471 5825 9822 3931
 ... : 146 280 1908 1987 3480 5839 9866 3969
 ... : 146 280 1908 1994 3491 5856 9906 4000
 ... : 146 280 1908 1998 3505 5872 9947 4038
 ... : 146 280 1908 2003 3516 5889 9995 4082
 ... : 146 280 1908 2011 3526 5909 10032 4120
 ... : 146 280 1908 2017 3538 5926 10064 4153
 ... : 146 284 1918 2033 3556 5944 10088 4171
 ... : 146 286 1922 2038 3566 5962 10118 4197
 ... : 146 287 1923 2042 3578 5988 10146 4234
 ... : 146 287 1924 2049 3587 6006 10184 4267
 ... : 146 287 1924 2055 3594 6020 10232 4309
 ... : 146 287 1924 2062 3604 6034 10266 4341
 ... : 146 287 1924 2070 3615 6048 10302 4380
 ... : 146 287 1924 2074 3628 6066 10342 4432
 ... : 146 287 1924 2080 3639 6086 10372 4466
 ... : 146 287 1924 2085 3649 6099 10416 4509
 ... : 146 287 1924 2088 3661 6116 10455 4550
 ... : 146 287 1924 2093 3673 6129 10496 4597
 ... : 146 287 1924 2101 3689 6148 10531 4639
 ... : 146 287 1924 2109 3705 6167 10571 4676
 ... : 146 289 1930 2120 3718 6179 10603 4712
 ... : 146 291 1934 2127 3732 6201 10632 4742
 ... : 146 291 1934 2132 3745 6218 10675 4783
 ... : 146 291 1935 2136 3748 6239 10697 4815
 ... : 146 291 1935 2137 3750 6243 10706 4974
 ... : 146 291 1935 2138 3750 6246 10714 5091
 ... : 146 291 1935 2142 3749 6256 10727 5145
 ... : 146 291 1935 2141 3747 6272 10749 5184
 ... : 146 291 1935 2141 3743 6282 10768 5280
 ... : 146 291 1935 2141 3743 6282 10769 5477
 ... : 146 291 1935 2141 3743 6282 10771 5599
 ... : 146 291 1935 2141 3743 6283 10789 5681
 ... : 146 291 1935 2141 3743 6281 10807 5757
 ... : 146 291 1935 2141 3744 6281 10830 5863
 ... : 146 291 1935 2141 3744 6281 10836 6020
 ... : 146 291 1935 2141 3744 6281 10838 6215
 ... : 146 291 1935 2141 3744 6281 10838 6415
 ... : 146 291 1935 2141 3744 6281 10846 6541
 ... : 146 291 1935 2141 3744 6283 10859 6620
 ... : 146 291 1935 2141 3744 6283 10865 6707
 ... : 146 291 1935 2141 3744 6283 10868 6788
 ... : 146 291 1935 2141 3744 6283 10882 6867
 ... : 146 291 1935 2141 3744 6283 10883 6997
 ... : 146 291 1935 2141 3744 6283 10883 7197
 ... : 146 291 1935 2141 3744 6283 10883 7296
 ... : 146 291 1935 2141 3744 6283 10891 7394
 ... : 146 291 1935 2141 3744 6283 10923 7495
 ... : 146 291 1935 2141 3744 6283 10925 7613
 ... : 146 291 1935 2141 3744 6284 10950 7688
 ... : 146 291 1935 2141 3743 6287 10963 7793
 ... : 146 291 1935 2141 3739 6289 10979 7912
 ... : 146 291 1935 2141 3740 6300 10994 7947
 ... : 146 291 1935 2141 3740 6314 11004 7976
 ... : 146 291 1935 2141 3738 6328 11010 8014
 ... : 146 291 1935 2141 3730 6338 10974 8089
 ... : 146 291 1935 2141 3730 6338 10965 8206
 ... : 146 291 1935 2141 3730 6338 10966 8393
 ... : 146 291 1935 2141 3730 6338 10966 8594
 ... : 146 291 1935 2141 3730 6338 10983 8761
 ... : 146 291 1935 2141 3730 6338 10995 8935
 ... : 146 291 1935 2141 3730 6338 11035 9035
 ... : 146 291 1935 2141 3730 6338 11063 9136
 ... : 146 291 1935 2141 3730 6338 11101 9238
 ... : 146 291 1935 2141 3730 6338 11074 9338
 ... : 146 291 1935 2141 3730 6339 11008 9457
 ... : 146 291 1935 2141 3730 6339 10936 9579
 ... : 146 291 1935 2141 3730 6339 10873 9765
 ... : 146 291 1935 2141 3730 6339 10741 9966
 ... : 146 291 1935 2141 3730 6339 10766 10101
 ... : 146 291 1935 2141 3730 6339 10717 10232
 ... : 146 291 1935 2141 3730 6338 10709 10337
 ... : 146 291 1935 2141 3730 6338 10693 10468
 ... : 146 291 1935 2141 3730 6338 10722 10596
 ... : 146 291 1935 2141 3730 6338 10683 10750
 ... : 146 291 1935 2141 3730 6338 10683 10951
 ... : 146 291 1935 2141 3730 6338 10710 11090
 ... : 146 291 1935 2141 3730 6338 10732 11219
 ... : 146 291 1935 2141 3730 6338 10691 11338
 ... : 146 291 1935 2141 3730 6338 10667 11539
   9 : 146 291 1934 2126 3570 6071 8823 9888 3354
 ... : 146 291 1934 2134 3580 6087 8834 9902 3382
 ... : 146 291 1934 2144 3586 6105 8844 9910 3399
 ... : 146 291 1934 2155 3597 6122 8855 9921 3422
 ... : 146 291 1934 2167 3606 6138 8865 9933 3444
 ... : 146 291 1934 2178 3617 6156 8874 9944 3465
 ... : 146 291 1934 2191 3627 6178 8886 9954 3488
 ... : 146 291 1934 2200 3637 6198 8902 9964 3512
 ... : 146 291 1934 2201 3637 6201 8903 10007 3607
 ... : 146 291 1934 2201 3641 6210 8920 10047 3647
 ... : 146 291 1935 2202 3642 6212 8931 10070 3739
 ... : 146 293 1939 2211 3646 6217 8944 10091 3766
 ... : 146 295 1943 2222 3667 6238 8972 10117 3766
 ... : 146 298 1948 2232 3683 6260 8997 10135 3766
 ... : 146 299 1951 2232 3683 6265 9001 10166 3834
 ... : 146 302 1956 2249 3698 6290 9025 10184 3834
 ... : 146 305 1960 2260 3713 6317 9051 10212 3834
 ... : 146 305 1960 2262 3715 6312 9052 10228 3908
 ... : 146 305 1960 2263 3722 6321 9073 10259 3943
 ... : 146 305 1960 2267 3729 6333 9089 10297 3973
 ... : 146 305 1960 2271 3735 6342 9107 10325 4018
 ... : 146 305 1960 2271 3735 6342 9113 10331 4132
 ... : 146 305 1959 2271 3737 6347 9122 10355 4181
 ... : 146 305 1959 2271 3737 6347 9121 10362 4278
 ... : 146 305 1959 2271 3737 6347 9121 10392 4381
 ... : 146 305 1959 2282 3744 6365 9131 10405 4409
 ... : 146 305 1959 2293 3754 6380 9138 10415 4430
 ... : 146 305 1959 2299 3759 6388 9144 10412 4526
 ... : 146 307 1965 2306 3771 6395 9151 10418 4634
 ... : 146 309 1969 2315 3781 6415 9165 10437 4653
 ... : 146 312 1977 2327 3799 6436 9191 10460 4653
 ... : 146 312 1977 2328 3803 6443 9199 10497 4699
 ... : 146 312 1977 2332 3814 6457 9222 10532 4723
 ... : 146 312 1977 2336 3823 6470 9244 10560 4748
 ... : 146 312 1977 2340 3832 6484 9262 10592 4776
 ... : 146 312 1977 2343 3837 6495 9286 10617 4812
 ... : 146 312 1977 2345 3843 6505 9305 10647 4849
 ... : 146 312 1977 2349 3852 6518 9326 10679 4876
 ... : 146 312 1977 2351 3856 6531 9351 10715 4900
 ... : 146 312 1977 2355 3867 6543 9371 10745 4927
 ... : 146 312 1977 2358 3876 6554 9386 10768 4967
 ... : 146 312 1977 2363 3883 6563 9410 10798 5001
 ... : 146 312 1977 2363 3890 6576 9435 10829 5032
 ... : 146 312 1977 2364 3892 6581 9459 10860 5079
 ... : 146 312 1977 2369 3901 6592 9479 10898 5103
 ... : 146 312 1977 2372 3910 6605 9498 10925 5137
 ... : 146 312 1977 2376 3919 6616 9512 10959 5166
 ... : 146 312 1977 2379 3927 6629 9531 10990 5195
 ... : 146 312 1977 2383 3935 6638 9545 11018 5233
 ... : 146 312 1977 2386 3945 6652 9573 11050 5265
 ... : 146 312 1977 2387 3948 6658 9590 11085 5297
 ... : 146 312 1977 2391 3955 6673 9611 11115 5326
 ... : 146 312 1977 2395 3964 6684 9635 11145 5353
 ... : 146 312 1977 2397 3970 6692 9652 11166 5396
 ... : 146 312 1977 2403 3979 6704 9670 11192 5423
 ... : 146 312 1977 2405 3991 6719 9694 11224 5445
 ... : 146 312 1977 2408 3996 6727 9708 11253 5489
 ... : 146 312 1977 2409 4005 6739 9728 11288 5521
 ... : 146 312 1977 2411 4011 6749 9749 11323 5553
 ... : 146 312 1977 2415 4020 6762 9765 11363 5579
 ... : 146 312 1977 2418 4031 6779 9781 11391 5605
 ... : 146 312 1977 2421 4040 6791 9804 11427 5636
 ... : 146 312 1977 2427 4047 6799 9822 11452 5671
 ... : 146 312 1977 2430 4057 6815 9843 11478 5707
 ... : 146 312 1977 2434 4063 6823 9856 11511 5742
 ... : 146 312 1977 2437 4069 6833 9875 11542 5772
 ... : 146 312 1977 2439 4075 6844 9892 11575 5806
 ... : 146 312 1977 2442 4083 6858 9911 11609 5832
 ... : 146 312 1977 2445 4092 6870 9922 11628 5864
 ... : 146 312 1977 2450 4099 6884 9939 11664 5895
 ... : 146 312 1977 2450 4108 6896 9966 11701 5921
 ... : 146 312 1977 2455 4118 6908 9982 11735 5947
 ... : 146 312 1977 2460 4127 6920 10001 11760 5976
 ... : 146 312 1977 2463 4136 6932 10020 11780 6012
 ... : 146 312 1977 2468 4145 6944 10038 11813 6036
 ... : 146 312 1977 2471 4154 6954 10059 11830 6075
 ... : 146 312 1977 2475 4160 6968 10079 11865 6110
 ... : 146 312 1977 2479 4167 6982 10101 11894 6141
 ... : 146 312 1977 2482 4176 6994 10123 11926 6166
 ... : 146 312 1977 2483 4180 7000 10130 11955 6206
 ... : 146 312 1977 2488 4189 7013 10150 11988 6232
 ... : 146 312 1977 2493 4199 7026 10166 12010 6262
 ... : 146 312 1977 2495 4206 7035 10185 12040 6287
 ... : 146 312 1977 2498 4216 7047 10201 12072 6313
 ... : 146 312 1977 2501 4225 7058 10225 12097 6337
 ... : 146 312 1977 2502 4228 7063 10243 12124 6383
 ... : 146 312 1977 2505 4238 7077 10259 12157 6406
 ... : 146 312 1977 2510 4247 7090 10283 12180 6437
 ... : 146 312 1977 2513 4254 7098 10303 12208 6470
 ... : 146 312 1977 2516 4264 7109 10317 12231 6502
 ... : 146 312 1977 2519 4272 7124 10343 12268 6518
 ... : 146 312 1977 2523 4281 7136 10364 12299 6550
 ... : 146 312 1977 2523 4286 7138 10372 12316 6586
 ... : 146 312 1977 2523 4293 7143 10384 12320 6613
 ... : 146 312 1977 2521 4300 7149 10394 12328 6641
 ... : 146 312 1977 2519 4309 7157 10402 12332 6665
 ... : 146 312 1977 2519 4320 7162 10416 12334 6686
 ... : 146 312 1977 2515 4325 7166 10422 12339 6706
 ... : 146 312 1977 2511 4331 7171 10426 12337 6729
 ... : 146 312 1977 2509 4338 7178 10432 12337 6757
 ... : 146 312 1977 2509 4347 7187 10442 12331 6788
 ... : 146 312 1977 2509 4356 7195 10453 12328 6819
 ... : 146 312 1977 2509 4362 7201 10461 12326 6908
 ... : 146 312 1977 2508 4362 7201 10460 12335 7019
 ... : 146 312 1977 2508 4362 7201 10465 12343 7175
 ... : 146 315 1983 2517 4371 7213 10480 12358 7225
 ... : 146 317 1988 2522 4378 7231 10504 12394 7227
 ... : 146 317 1988 2522 4378 7232 10508 12408 7348
 ... : 146 317 1988 2522 4378 7234 10508 12429 7412
 ... : 146 317 1988 2522 4378 7238 10512 12456 7470
 ... : 146 317 1988 2522 4378 7240 10517 12461 7538
 ... : 146 317 1988 2522 4378 7241 10519 12470 7608
 ... : 146 317 1988 2522 4378 7244 10523 12463 7684
 ... : 146 317 1988 2522 4378 7244 10522 12445 7793
 ... : 146 317 1988 2522 4379 7247 10532 12459 7841
 ... : 146 317 1988 2522 4379 7247 10547 12472 7872
 ... : 146 317 1988 2522 4379 7247 10556 12491 7928
 ... : 146 317 1988 2522 4381 7253 10566 12483 7970
 ... : 146 317 1988 2522 4381 7255 10573 12499 8018
 ... : 146 317 1988 2522 4381 7255 10611 12542 8069
 ... : 146 317 1988 2526 4391 7267 10633 12573 8097
 ... : 146 317 1988 2526 4391 7267 10671 12615 8150
 ... : 146 317 1988 2530 4401 7278 10699 12649 8176
 ... : 146 317 1988 2530 4401 7279 10735 12691 8226
 ... : 146 317 1988 2530 4401 7278 10750 12722 8274
 ... : 146 317 1988 2530 4401 7278 10778 12759 8321
 ... : 146 317 1988 2530 4401 7278 10799 12792 8363
 ... : 146 317 1988 2530 4401 7278 10821 12825 8401
 ... : 146 317 1988 2530 4401 7278 10842 12858 8446
 ... : 146 317 1988 2535 4408 7289 10858 12887 8477
 ... : 146 317 1988 2535 4408 7289 10878 12920 8514
 ... : 146 317 1988 2537 4411 7290 10898 12948 8565
 ... : 146 317 1988 2539 4414 7300 10926 12981 8597
 ... : 146 317 1988 2539 4414 7300 10929 13016 8657
 ... : 146 317 1988 2539 4414 7300 10929 13054 8720
 ... : 146 317 1988 2539 4414 7300 10929 13092 8784
 ... : 146 317 1988 2539 4414 7300 10929 13132 8850
 ... : 146 317 1988 2541 4418 7303 10937 13166 8899
 ... : 146 317 1988 2546 4429 7315 10954 13196 8931
 ... : 146 317 1988 2552 4438 7326 10973 13228 8964
 ... : 146 317 1988 2557 4444 7334 10995 13271 8996
 ... : 146 317 1988 2560 4453 7345 11013 13306 9024
 ... : 146 317 1988 2564 4460 7356 11032 13338 9053
 ... : 146 317 1988 2568 4468 7367 11055 13372 9085
 ... : 146 317 1988 2570 4477 7373 11072 13407 9123
 ... : 146 317 1988 2575 4488 7382 11092 13437 9153
 ... : 146 317 1988 2579 4497 7392 11112 13470 9185
 ... : 146 317 1988 2582 4503 7399 11127 13503 9220
 ... : 146 317 1988 2585 4512 7408 11148 13542 9249
 ... : 146 317 1988 2588 4520 7416 11171 13576 9283
 ... : 146 317 1988 2591 4529 7426 11188 13606 9317
 ... : 146 317 1988 2596 4536 7432 11203 13642 9349
 ... : 146 317 1988 2598 4544 7441 11225 13682 9383
 ... : 146 317 1988 2601 4553 7451 11244 13722 9412
 ... : 146 317 1988 2604 4565 7459 11257 13751 9451
 ... : 146 317 1988 2606 4573 7467 11277 13781 9482
 ... : 146 317 1988 2610 4583 7476 11294 13816 9515
 ... : 146 317 1988 2614 4592 7486 11309 13839 9553
 ... : 146 317 1988 2616 4596 7493 11323 13874 9589
 ... : 146 317 1988 2619 4603 7502 11344 13916 9619
 ... : 146 317 1988 2622 4608 7511 11365 13950 9654
 ... : 146 317 1988 2627 4614 7518 11382 13976 9692
 ... : 146 317 1988 2629 4625 7529 11406 14008 9723
 ... : 146 317 1988 2633 4636 7536 11419 14038 9754
 ... : 146 317 1988 2636 4643 7547 11440 14071 9788
 ... : 146 317 1988 2639 4648 7554 11460 14107 9823
 ... : 146 317 1988 2642 4659 7565 11480 14140 9857
 ... : 146 317 1988 2644 4663 7573 11503 14177 9892
 ... : 146 317 1988 2647 4671 7582 11524 14216 9918
 ... : 146 317 1988 2649 4675 7591 11538 14252 9951
 ... : 146 317 1988 2653 4684 7600 11557 14284 9984
 ... : 146 317 1988 2657 4690 7609 11577 14318 10018
 ... : 146 317 1988 2661 4701 7619 11600 14359 10038
 ... : 146 317 1988 2664 4710 7628 11622 14394 10071
 ... : 146 317 1988 2666 4716 7635 11636 14425 10111
 ... : 146 317 1988 2669 4726 7641 11648 14455 10144
 ... : 146 317 1988 2671 4734 7649 11674 14492 10170
 ... : 146 317 1988 2675 4744 7660 11691 14524 10210
 ... : 146 317 1988 2678 4750 7666 11709 14559 10242
 ... : 146 317 1988 2680 4759 7675 11730 14592 10273
 ... : 146 317 1988 2683 4768 7684 11751 14629 10305
 ... : 146 317 1988 2687 4776 7692 11767 14661 10336
 ... : 146 317 1988 2688 4788 7703 11790 14691 10368
 ... : 146 317 1988 2691 4798 7712 11810 14726 10394
 ... : 146 317 1988 2694 4807 7722 11830 14751 10431
 ... : 146 317 1988 2697 4816 7731 11847 14789 10466
 ... : 146 317 1988 2699 4823 7736 11862 14826 10506
 ... : 146 317 1988 2702 4832 7747 11881 14863 10533
 ... : 146 317 1988 2708 4844 7759 11899 14892 10565
 ... : 146 317 1988 2709 4847 7762 11912 14923 10608
 ... : 146 317 1988 2712 4856 7772 11930 14952 10635
 ... : 146 317 1988 2716 4865 7782 11947 14978 10669
 ... : 146 317 1988 2720 4872 7792 11964 15008 10701
 ... : 146 317 1988 2723 4878 7797 11980 15047 10737
 ... : 146 317 1988 2726 4887 7806 11998 15082 10768
 ... : 146 317 1988 2730 4895 7815 12020 15118 10794
 ... : 146 317 1988 2733 4901 7824 12041 15157 10823
 ... : 146 317 1988 2736 4908 7833 12059 15188 10861
 ... : 146 317 1988 2739 4916 7842 12077 15230 10885
 ... : 146 317 1988 2742 4925 7851 12096 15266 10921
 ... : 146 317 1988 2745 4935 7861 12112 15300 10953
 ... : 146 317 1988 2748 4944 7869 12127 15329 10995
 ... : 146 317 1988 2751 4954 7879 12151 15363 11018
 ... : 146 317 1988 2754 4960 7883 12166 15402 11063
 ... : 146 317 1988 2756 4969 7892 12186 15434 11100
 ... : 146 317 1988 2759 4978 7901 12207 15466 11130
 ... : 146 317 1988 2761 4980 7907 12230 15503 11163
 ... : 146 317 1988 2766 4986 7917 12250 15527 11199
 ... : 146 317 1988 2769 4996 7927 12267 15566 11231
 ... : 146 317 1988 2772 5005 7937 12285 15602 11267
 ... : 146 317 1988 2775 5014 7946 12301 15632 11298
 ... : 146 317 1988 2779 5023 7953 12319 15656 11333
 ... : 146 317 1988 2782 5029 7963 12342 15694 11362
 ... : 146 317 1988 2788 5038 7973 12359 15726 11399
 ... : 146 317 1988 2792 5044 7979 12379 15763 11432
 ... : 146 317 1988 2798 5056 7987 12405 15795 11450
 ... : 146 317 1988 2803 5063 7992 12422 15818 11497
 ... : 146 317 1988 2809 5071 8001 12444 15855 11526
 ... : 146 317 1988 2811 5077 8010 12467 15893 11564
 ... : 146 317 1988 2813 5083 8015 12485 15923 11608
 ... : 146 317 1988 2817 5094 8024 12503 15953 11641
 ... : 146 317 1988 2820 5105 8033 12521 15984 11674
 ... : 146 317 1988 2823 5112 8042 12541 16017 11712
 ... : 146 317 1988 2827 5122 8051 12562 16052 11737
 ... : 146 317 1988 2830 5134 8061 12582 16084 11768
 ... : 146 317 1988 2834 5142 8070 12605 16111 11806
 ... : 146 317 1988 2839 5151 8079 12621 16148 11840
 ... : 146 317 1988 2844 5158 8085 12641 16180 11878
 ... : 146 317 1988 2844 5166 8094 12663 16217 11905
 ... : 146 317 1988 2849 5176 8102 12682 16247 11944
 ... : 146 317 1988 2854 5182 8111 12706 16279 11976
 ... : 146 317 1988 2854 5191 8121 12726 16314 12007
 ... : 146 317 1988 2860 5201 8131 12746 16346 12034
 ... : 146 317 1988 2861 5209 8139 12767 16377 12071
 ... : 146 317 1988 2866 5217 8148 12787 16403 12109
 ... : 146 317 1988 2871 5226 8157 12803 16436 12141
 ... : 146 317 1988 2873 5232 8163 12823 16477 12171
 ... : 146 317 1988 2876 5241 8173 12838 16499 12212
 ... : 146 317 1988 2881 5248 8179 12855 16530 12247
 ... : 146 317 1988 2883 5257 8189 12875 16566 12281
 ... : 146 317 1988 2887 5266 8197 12893 16594 12317
 ... : 146 317 1988 2888 5276 8206 12915 16634 12349
 ... : 146 317 1988 2891 5285 8215 12937 16667 12377
 ... : 146 317 1988 2895 5297 8225 12961 16701 12407
 ... : 146 317 1988 2898 5309 8235 12976 16725 12450
 ... : 146 317 1988 2901 5318 8245 12992 16746 12492
 ... : 146 317 1988 2904 5328 8256 13014 16779 12519
 ... : 146 317 1988 2906 5332 8262 13035 16812 12558
 ... : 146 317 1988 2909 5340 8271 13055 16848 12593
 ... : 146 317 1988 2911 5344 8276 13073 16876 12637
 ... : 146 317 1988 2915 5351 8285 13090 16904 12671
 ... : 146 317 1988 2920 5361 8294 13114 16939 12708
 ... : 146 317 1988 2928 5371 8304 13135 16974 12743
 ... : 146 317 1988 2931 5379 8314 13155 17008 12780
 ... : 146 317 1988 2934 5391 8327 13174 17045 12810
 ... : 146 317 1988 2939 5399 8334 13190 17084 12849
 ... : 146 317 1988 2945 5408 8341 13209 17109 12885
 ... : 146 317 1988 2945 5419 8351 13229 17135 12925
 ... : 146 317 1988 2947 5427 8358 13246 17171 12974
 ... : 146 317 1988 2951 5436 8373 13267 17209 12998
 ... : 146 317 1988 2953 5443 8381 13284 17241 13043
 ... : 146 317 1988 2956 5452 8392 13303 17266 13077
 ... : 146 317 1988 2959 5461 8401 13323 17293 13118
 ... : 146 317 1988 2962 5471 8411 13340 17318 13153
 ... : 146 317 1988 2965 5481 8419 13359 17348 13189
 ... : 146 317 1988 2969 5489 8429 13380 17375 13229
 ... : 146 317 1988 2970 5498 8440 13400 17405 13265
 ... : 146 317 1988 2974 5508 8453 13423 17434 13301
 ... : 146 317 1988 2978 5517 8463 13442 17459 13332
 ... : 146 317 1988 2980 5526 8478 13463 17491 13361
 ... : 146 317 1988 2986 5533 8489 13484 17524 13400
 ... : 146 317 1988 2990 5539 8500 13505 17566 13434
 ... : 146 317 1988 2996 5545 8513 13522 17595 13465
 ... : 146 317 1988 3000 5553 8529 13547 17630 13496
 ... : 146 317 1988 3003 5562 8541 13563 17659 13532
 ... : 146 317 1988 3006 5571 8549 13577 17683 13569
 ... : 146 317 1988 3008 5581 8560 13594 17711 13604
 ... : 146 317 1988 3011 5592 8572 13611 17741 13641
 ... : 146 317 1988 3014 5601 8583 13629 17771 13677
 ... : 146 317 1988 3017 5610 8595 13648 17797 13714
 ... : 146 317 1988 3020 5619 8607 13667 17823 13749
 ... : 146 317 1988 3023 5629 8619 13690 17853 13783
 ... : 146 317 1988 3029 5642 8631 13708 17884 13808
 ... : 146 317 1988 3031 5652 8641 13731 17912 13850
 ... : 146 317 1988 3034 5663 8652 13748 17939 13887
 ... : 146 317 1988 3037 5674 8661 13766 17966 13922
 ... : 146 317 1988 3040 5680 8671 13787 18000 13949
 ... : 146 317 1988 3045 5692 8683 13802 18023 13987
 ... : 146 317 1988 3050 5701 8694 13823 18053 14024
 ... : 146 317 1988 3053 5711 8705 13842 18083 14063
 ... : 146 317 1988 3057 5720 8716 13860 18110 14093
 ... : 146 317 1988 3060 5732 8728 13880 18140 14129
 ... : 146 317 1988 3063 5741 8740 13893 18175 14162
 ... : 146 317 1988 3066 5752 8752 13913 18199 14197
 ... : 146 317 1988 3069 5762 8762 13933 18225 14232
 ... : 146 317 1988 3072 5767 8771 13949 18256 14266
 ... : 146 317 1988 3079 5775 8782 13967 18287 14300
 ... : 146 317 1988 3080 5786 8795 13989 18316 14339
 ... : 146 317 1988 3083 5794 8805 14011 18349 14379
 ... : 146 317 1988 3085 5803 8816 14027 18375 14418
 ... : 146 317 1988 3088 5812 8827 14050 18402 14448
 ... : 146 317 1988 3091 5823 8838 14068 18427 14483
 ... : 146 317 1988 3094 5832 8848 14089 18461 14515
 ... : 146 317 1988 3097 5841 8859 14111 18483 14551
 ... : 146 317 1988 3100 5850 8870 14130 18508 14590
 ... : 146 317 1988 3104 5861 8883 14148 18535 14621
 ... : 146 317 1988 3107 5871 8894 14167 18559 14656
 ... : 146 317 1988 3110 5883 8905 14189 18591 14684
 ... : 146 317 1988 3114 5895 8916 14206 18618 14718
 ... : 146 317 1988 3118 5907 8927 14224 18647 14753
 ... : 146 317 1988 3122 5919 8938 14245 18672 14789
 ... : 146 317 1988 3125 5931 8949 14266 18709 14819
 ... : 146 317 1988 3128 5939 8956 14276 18732 14872
 ... : 146 317 1988 3133 5954 8968 14289 18762 14899
 ... : 146 317 1988 3136 5966 8980 14307 18795 14933
 ... : 146 317 1988 3139 5977 8991 14324 18823 14971
 ... : 146 317 1988 3142 5986 9004 14343 18848 15008
 ... : 146 317 1988 3145 5996 9012 14361 18876 15044
 ... : 146 317 1988 3148 6003 9022 14383 18900 15083
 ... : 146 317 1988 3151 6009 9031 14403 18931 15120
 ... : 146 317 1988 3155 6014 9039 14416 18970 15156
 ... : 146 317 1988 3156 6016 9043 14433 18997 15208
 ... : 146 317 1988 3161 6019 9047 14452 19027 15250
 ... : 146 317 1988 3160 6023 9055 14470 19066 15294
 ... : 146 317 1988 3161 6026 9059 14484 19099 15345
 ... : 146 317 1988 3163 6032 9067 14502 19135 15387
 ... : 146 317 1988 3164 6036 9071 14520 19171 15442
 ... : 146 317 1988 3166 6042 9079 14539 19207 15475
 ... : 146 317 1988 3169 6048 9087 14554 19234 15522
 ... : 146 317 1988 3171 6052 9091 14574 19273 15565
 ... : 146 317 1988 3173 6062 9101 14593 19299 15598
 ... : 146 317 1988 3174 6065 9104 14604 19325 15642
 ... : 146 317 1988 3176 6071 9112 14625 19358 15680
 ... : 146 317 1988 3178 6079 9120 14638 19381 15725
 ... : 146 317 1988 3182 6085 9128 14653 19407 15767
 ... : 146 317 1988 3184 6088 9132 14672 19443 15813
 ... : 146 317 1988 3185 6091 9136 14687 19471 15861
 ... : 146 317 1988 3188 6098 9145 14707 19510 15896
 ... : 146 317 1988 3191 6107 9157 14726 19540 15931
 ... : 146 317 1988 3193 6111 9161 14746 19575 15987
 ... : 146 317 1988 3196 6115 9168 14764 19608 16033
 ... : 146 317 1988 3196 6116 9169 14782 19638 16113
 ... : 146 317 1988 3196 6116 9169 14782 19638 16314
 ... : 146 317 1988 3203 6123 9178 14798 19661 16386
 ... : 146 317 1988 3204 6134 9191 14825 19694 16417
 ... : 146 317 1988 3207 6143 9201 14844 19728 16447
 ... : 146 317 1988 3210 6152 9210 14864 19758 16478
 ... : 146 317 1988 3213 6161 9216 14885 19788 16515
 ... : 146 317 1988 3217 6174 9228 14899 19802 16552
 ... : 146 317 1988 3221 6186 9238 14923 19834 16580
 ... : 146 317 1988 3225 6196 9252 14945 19863 16612
 ... : 146 317 1988 3228 6205 9261 14974 19898 16643
 ... : 146 317 1988 3232 6217 9270 14997 19931 16674
 ... : 146 317 1988 3235 6228 9279 15020 19963 16707
 ... : 146 317 1988 3238 6238 9288 15036 19984 16751
 ... : 146 317 1988 3242 6247 9298 15056 20011 16786
 ... : 146 317 1988 3245 6259 9309 15082 20045 16816
 ... : 146 317 1988 3248 6268 9320 15099 20072 16851
 ... : 146 317 1988 3251 6277 9327 15124 20105 16882
 ... : 146 317 1988 3256 6290 9339 15145 20126 16914
 ... : 146 317 1988 3261 6300 9348 15167 20154 16943
 ... : 146 317 1988 3263 6313 9361 15191 20181 16974
 ... : 146 317 1988 3267 6325 9370 15211 20211 17002
 ... : 146 317 1988 3270 6334 9379 15230 20235 17034
 ... : 146 317 1988 3273 6346 9388 15254 20269 17057
 ... : 146 317 1988 3277 6358 9397 15277 20299 17086
 ... : 146 317 1988 3280 6365 9406 15294 20324 17135
 ... : 146 317 1988 3284 6377 9420 15312 20351 17165
 ... : 146 317 1988 3287 6385 9432 15336 20389 17194
 ... : 146 317 1988 3291 6395 9439 15353 20419 17228
 ... : 146 317 1988 3295 6407 9451 15374 20446 17257
 ... : 146 317 1988 3301 6418 9461 15394 20476 17287
 ... : 146 317 1988 3303 6427 9471 15421 20509 17323
 ... : 146 317 1988 3308 6440 9480 15440 20536 17350
 ... : 146 317 1988 3313 6450 9495 15462 20565 17379
 ... : 146 317 1988 3317 6459 9504 15485 20595 17413
 ... : 146 317 1988 3321 6466 9513 15508 20631 17448
 ... : 146 317 1988 3326 6477 9526 15528 20661 17480
 ... : 146 317 1988 3329 6486 9534 15552 20686 17515
 ... : 146 317 1988 3334 6495 9543 15576 20718 17548
 ... : 146 317 1988 3337 6502 9555 15602 20749 17577
 ... : 146 317 1988 3342 6512 9564 15625 20779 17608
 ... : 146 317 1988 3345 6522 9573 15649 20800 17647
 ... : 146 317 1988 3349 6533 9586 15670 20825 17679
 ... : 146 317 1988 3352 6540 9593 15696 20861 17711
 ... : 146 317 1988 3356 6551 9601 15712 20884 17748
 ... : 146 317 1988 3360 6563 9612 15733 20914 17780
 ... : 146 317 1988 3363 6575 9621 15759 20943 17812
 ... : 146 317 1988 3366 6587 9630 15783 20973 17844
 ... : 146 317 1988 3370 6600 9643 15804 20998 17874
 ... : 146 317 1988 3373 6610 9652 15824 21030 17903
 ... : 146 317 1988 3377 6619 9662 15842 21060 17940
 ... : 146 317 1988 3379 6625 9669 15863 21097 17980
 ... : 146 317 1988 3383 6633 9678 15883 21122 18019
 ... : 146 317 1988 3389 6640 9687 15899 21152 18052
 ... : 146 317 1988 3389 6651 9696 15916 21187 18085
 ... : 146 317 1988 3392 6663 9705 15930 21218 18112
 ... : 146 317 1988 3395 6670 9715 15947 21256 18143
 ... : 146 317 1988 3397 6676 9720 15964 21276 18192
 ... : 146 317 1988 3400 6685 9729 15980 21306 18230
 ... : 146 317 1988 3403 6693 9738 15998 21338 18257
 ... : 146 317 1988 3406 6700 9747 16013 21366 18296
 ... : 146 317 1988 3409 6709 9756 16029 21399 18331
 ... : 146 317 1988 3412 6718 9763 16043 21427 18366
 ... : 146 317 1988 3414 6727 9771 16063 21462 18394
 ... : 146 317 1988 3417 6737 9782 16082 21495 18431
 ... : 146 317 1988 3419 6743 9788 16089 21523 18471
 ... : 146 317 1988 3422 6753 9797 16106 21549 18505
 ... : 146 317 1988 3425 6762 9806 16124 21579 18535
 ... : 146 317 1988 3428 6773 9816 16143 21603 18570
 ... : 146 317 1988 3431 6783 9826 16163 21630 18605
 ... : 146 317 1988 3434 6792 9835 16176 21656 18641
 ... : 146 317 1988 3436 6799 9842 16196 21691 18677
 ... : 146 317 1988 3439 6808 9851 16213 21724 18707
 ... : 146 317 1988 3442 6818 9861 16233 21757 18736
 ... : 146 317 1988 3446 6828 9872 16252 21782 18772
 ... : 146 317 1988 3449 6837 9881 16270 21814 18806
 ... : 146 317 1988 3453 6843 9886 16285 21842 18850
 ... : 146 317 1988 3454 6852 9897 16305 21874 18882
 ... : 146 317 1988 3457 6861 9906 16323 21908 18910
 ... : 146 317 1988 3460 6870 9916 16341 21930 18944
 ... : 146 317 1988 3463 6879 9925 16358 21961 18982
 ... : 146 317 1988 3467 6888 9936 16374 21988 19017
 ... : 146 317 1988 3470 6897 9944 16390 22014 19052
 ... : 146 317 1988 3473 6906 9954 16407 22045 19088
 ... : 146 317 1988 3476 6914 9962 16419 22077 19126
 ... : 146 317 1988 3478 6920 9969 16437 22107 19163
 ... : 146 317 1988 3481 6931 9978 16456 22145 19189
 ... : 146 317 1988 3484 6940 9989 16475 22173 19229
 ... : 146 317 1988 3487 6949 9998 16491 22204 19265
 ... : 146 317 1988 3490 6960 10008 16512 22229 19296
 ... : 146 317 1988 3492 6966 10015 16528 22249 19340
 ... : 146 317 1988 3495 6975 10024 16544 22272 19376
 ... : 146 317 1988 3499 6984 10035 16561 22306 19404
 ... : 146 317 1988 3502 6993 10045 16582 22335 19434
 ... : 146 317 1988 3507 7002 10054 16598 22359 19471
 ... : 146 317 1988 3510 7012 10063 16615 22386 19507
 ... : 146 317 1988 3513 7021 10073 16629 22412 19546
 ... : 146 317 1988 3517 7031 10082 16645 22439 19578
 ... : 146 317 1988 3519 7037 10087 16663 22478 19611
 ... : 146 317 1988 3522 7047 10097 16676 22510 19646
 ... : 146 317 1988 3524 7050 10101 16684 22531 19711
 ... : 146 317 1988 3524 7050 10100 16675 22552 19773
 ... : 146 317 1988 3526 7055 10103 16678 22584 19815
 ... : 146 319 1991 3532 7070 10116 16706 22604 19827
 ... : 146 320 1992 3534 7073 10117 16720 22639 19872
 ... : 146 320 1994 3537 7079 10125 16737 22660 19908
 ... : 146 320 1994 3541 7088 10139 16758 22698 19928
 ... : 146 320 1994 3544 7097 10150 16778 22730 19964
 ... : 146 320 1994 3548 7106 10161 16792 22757 20001
 ... : 146 320 1994 3554 7113 10169 16804 22784 20045
 ... : 146 320 1994 3555 7121 10180 16822 22818 20075
 ... : 146 320 1994 3558 7131 10191 16838 22845 20114
 ... : 146 320 1994 3559 7134 10194 16842 22868 20147
 ... : 146 320 1994 3562 7143 10206 16861 22911 20168
 ... : 146 320 1994 3568 7152 10216 16869 22936 20221
 ... : 146 320 1994 3571 7159 10226 16887 22973 20259
 ... : 146 320 1994 3574 7168 10237 16903 23005 20292
 ... : 146 320 1994 3577 7178 10248 16922 23032 20319
 ... : 146 320 1994 3582 7186 10256 16934 23054 20366
 ... : 146 320 1994 3582 7196 10268 16951 23090 20401
 ... : 146 320 1994 3585 7206 10281 16968 23115 20438
 ... : 146 320 1994 3588 7215 10292 16984 23147 20473
 ... : 146 320 1994 3591 7225 10303 17001 23175 20508
 ... : 146 320 1994 3595 7235 10313 17019 23201 20543
 ... : 146 320 1994 3599 7244 10325 17038 23230 20579
 ... : 146 320 1994 3603 7254 10335 17052 23253 20613
 ... : 146 320 1994 3605 7261 10345 17072 23288 20646
 ... : 146 320 1994 3610 7270 10356 17090 23309 20685
 ... : 146 320 1994 3611 7279 10367 17108 23348 20719
 ... : 146 320 1994 3617 7290 10378 17122 23375 20755
 ... : 146 320 1994 3618 7302 10392 17137 23402 20790
 ... : 146 320 1994 3621 7311 10405 17154 23430 20825
 ... : 146 320 1994 3624 7321 10413 17169 23455 20864
 ... : 146 320 1994 3626 7331 10423 17186 23481 20900
 ... : 146 320 1994 3630 7341 10435 17203 23500 20938
 ... : 146 320 1994 3633 7349 10446 17221 23528 20970
 ... : 146 320 1994 3636 7358 10458 17234 23560 21008
 ... : 146 320 1994 3641 7367 10469 17254 23595 21045
 ... : 146 320 1994 3645 7376 10480 17274 23626 21080
 ... : 146 320 1994 3648 7386 10492 17288 23650 21117
 ... : 146 320 1994 3652 7392 10501 17305 23677 21158
 ... : 146 320 1994 3656 7398 10514 17320 23712 21190
 ... : 146 320 1994 3659 7407 10527 17338 23745 21224
 ... : 146 320 1994 3660 7416 10538 17355 23776 21258
 ... : 146 320 1994 3665 7424 10551 17371 23802 21290
 ... : 146 320 1994 3668 7432 10563 17385 23830 21322
 ... : 146 320 1994 3670 7442 10573 17404 23859 21356
 ... : 146 320 1994 3674 7454 10584 17421 23892 21383
 ... : 146 320 1994 3677 7463 10595 17435 23920 21426
 ... : 146 320 1994 3680 7473 10606 17451 23949 21461
 ... : 146 320 1994 3683 7482 10617 17465 23982 21492
 ... : 146 320 1994 3686 7494 10628 17486 24013 21518
 ... : 146 320 1994 3691 7505 10641 17503 24041 21549
 ... : 146 320 1994 3695 7514 10652 17520 24071 21583
 ... : 146 320 1994 3698 7524 10665 17536 24099 21617
 ... : 146 320 1994 3701 7533 10676 17550 24119 21662
 ... : 146 320 1994 3705 7543 10684 17562 24143 21698
 ... : 146 320 1994 3708 7552 10698 17582 24180 21718
 ... : 146 320 1994 3711 7561 10709 17596 24196 21768
 ... : 146 320 1994 3713 7567 10718 17611 24230 21801
 ... : 146 320 1994 3717 7578 10733 17626 24261 21825
 ... : 146 320 1994 3721 7585 10740 17641 24285 21870
 ... : 146 320 1994 3722 7594 10751 17656 24316 21905
 ... : 146 322 2000 3732 7607 10762 17664 24331 21926
 ... : 146 324 2005 3737 7620 10784 17698 24357 21926
 ... : 146 327 2011 3744 7635 10801 17719 24381 21926
 ... : 146 327 2011 3746 7637 10801 17723 24398 22003
 ... : 146 327 2011 3749 7644 10806 17743 24428 22043
 ... : 146 327 2011 3752 7652 10814 17757 24456 22080
 ... : 146 327 2011 3756 7659 10820 17772 24486 22120
 ... : 146 327 2011 3757 7666 10824 17790 24521 22159
 ... : 146 327 2011 3760 7672 10829 17808 24552 22196
 ... : 146 327 2011 3764 7682 10835 17826 24580 22231
 ... : 146 327 2011 3767 7691 10840 17844 24611 22268
 ... : 146 327 2011 3770 7700 10846 17866 24638 22299
 ... : 146 327 2011 3773 7708 10851 17884 24668 22337
 ... : 146 327 2011 3776 7714 10856 17902 24700 22373
 ... : 146 327 2011 3779 7723 10862 17927 24727 22406
 ... : 146 327 2011 3782 7732 10867 17941 24757 22447
 ... : 146 327 2011 3786 7741 10872 17960 24789 22483
 ... : 146 327 2011 3789 7751 10877 17976 24817 22518
 ... : 146 327 2011 3792 7760 10882 17996 24845 22562
 ... : 146 327 2011 3797 7771 10887 18017 24880 22591
 ... : 146 327 2011 3800 7783 10892 18040 24910 22619
 ... : 146 327 2011 3803 7793 10898 18052 24928 22663
 ... : 146 327 2011 3808 7803 10901 18065 24954 22706
 ... : 146 327 2011 3811 7811 10909 18080 24985 22740
 ... : 146 327 2011 3815 7821 10914 18099 25018 22766
 ... : 146 327 2011 3819 7830 10919 18116 25045 22804
 ... : 146 327 2011 3823 7840 10924 18134 25079 22841
 ... : 146 327 2011 3827 7849 10929 18151 25111 22878
 ... : 146 327 2011 3830 7858 10934 18169 25139 22915
 ... : 146 327 2011 3834 7869 10940 18185 25166 22953
 ... : 146 327 2011 3837 7879 10947 18203 25191 22990
 ... : 146 327 2011 3840 7885 10949 18217 25223 23028
 ... : 146 327 2011 3842 7894 10955 18233 25249 23065
 ... : 146 327 2011 3848 7900 10958 18250 25273 23107
 ... : 146 327 2011 3852 7913 10966 18265 25301 23139
 ... : 146 327 2011 3856 7922 10974 18283 25335 23172
 ... : 146 327 2011 3859 7930 10980 18299 25358 23209
 ... : 146 327 2011 3863 7937 10981 18315 25387 23249
 ... : 146 327 2011 3865 7948 10990 18334 25413 23289
 ... : 146 327 2011 3869 7954 10990 18350 25450 23326
 ... : 146 327 2011 3872 7964 10996 18371 25483 23357
 ... : 146 327 2011 3876 7974 11002 18387 25506 23396
 ... : 146 327 2011 3880 7983 11007 18405 25539 23433
 ... : 146 327 2011 3883 7993 11014 18423 25568 23471
 ... : 146 327 2011 3886 8003 11019 18440 25601 23506
 ... : 146 327 2011 3890 8013 11023 18460 25632 23547
 ... : 146 327 2011 3895 8022 11028 18478 25665 23583
 ... : 146 327 2011 3898 8026 11034 18497 25690 23623
 ... : 146 327 2011 3901 8035 11040 18516 25722 23655
 ... : 146 327 2011 3904 8047 11047 18531 25747 23692
 ... : 146 327 2011 3906 8054 11049 18545 25776 23725
 ... : 146 327 2011 3909 8063 11054 18566 25810 23757
 ... : 146 327 2011 3913 8070 11060 18582 25847 23789
 ... : 146 327 2011 3916 8076 11065 18600 25882 23828
 ... : 146 327 2011 3919 8086 11072 18618 25916 23865
 ... : 146 327 2011 3923 8096 11079 18636 25943 23901
 ... : 146 327 2011 3926 8105 11084 18652 25970 23941
 ... : 146 327 2011 3929 8115 11089 18670 26001 23971
 ... : 146 327 2011 3932 8124 11095 18687 26028 24007
 ... : 146 327 2011 3936 8134 11101 18707 26064 24037
 ... : 146 327 2011 3940 8143 11107 18727 26093 24076
 ... : 146 327 2011 3943 8152 11113 18742 26121 24121
 ... : 146 327 2011 3947 8163 11120 18759 26144 24155
 ... : 146 327 2011 3947 8163 11119 18762 26171 24250
 ... : 146 327 2011 3947 8163 11119 18762 26206 24311
 ... : 146 327 2011 3947 8163 11119 18762 26233 24399
 ... : 146 327 2011 3947 8163 11119 18762 26201 24536
 ... : 146 327 2011 3947 8163 11119 18762 26152 24636
 ... : 146 327 2011 3947 8163 11119 18762 26118 24736
 ... : 146 327 2011 3947 8163 11119 18762 26117 24837
 ... : 146 327 2011 3947 8163 11119 18762 26117 24938
 ... : 146 327 2011 3947 8163 11119 18762 26117 25062
 ... : 146 327 2011 3947 8163 11119 18762 26075 25177
 ... : 146 327 2011 3947 8163 11119 18762 26027 25277
 ... : 146 327 2011 3947 8163 11119 18762 26003 25387
 ... : 146 327 2011 3947 8163 11119 18762 25972 25506
 ... : 146 327 2011 3947 8163 11119 18762 25950 25607
 ... : 146 327 2011 3947 8163 11118 18763 25955 25730
 ... : 146 327 2011 3947 8163 11118 18763 25988 25803
 ... : 146 327 2011 3947 8163 11118 18764 26013 25883
 ... : 146 327 2011 3947 8163 11119 18766 26030 25964
 ... : 146 327 2011 3947 8163 11119 18764 26045 26085
 ... : 146 327 2011 3947 8163 11118 18766 26061 26195
 ... : 146 327 2011 3947 8163 11120 18769 26096 26271
 ... : 146 327 2011 3947 8163 11120 18765 26142 26324
 ... : 146 327 2011 3947 8163 11121 18771 26181 26378
 ... : 146 327 2011 3947 8163 11121 18771 26216 26451
 ... : 146 327 2011 3947 8163 11121 18771 26268 26499
 ... : 146 327 2011 3947 8163 11121 18774 26312 26552
 ... : 146 327 2011 3947 8163 11121 18774 26295 26749
 ... : 146 327 2011 3947 8163 11121 18778 26315 26871
 ... : 146 327 2011 3947 8163 11121 18778 26354 26954
 ... : 146 327 2011 3947 8163 11121 18787 26382 27061
 ... : 146 327 2011 3947 8163 11120 18801 26411 27126
 ... : 146 327 2011 3947 8163 11119 18810 26449 27194
 ... : 146 327 2011 3947 8163 11119 18824 26490 27262
 ... : 146 327 2011 3947 8163 11121 18823 26520 27352
 ... : 146 327 2011 3947 8163 11122 18816 26564 27404
 ... : 146 327 2011 3947 8163 11122 18813 26602 27457
 ... : 146 327 2011 3947 8163 11123 18811 26646 27515
 ... : 146 327 2011 3947 8163 11123 18811 26672 27643
 ... : 146 327 2011 3947 8163 11123 18811 26725 27733
 ... : 146 327 2011 3947 8163 11123 18819 26760 27802
 ... : 146 327 2011 3949 8164 11132 18831 26786 27841
 ... : 146 327 2011 3949 8164 11132 18831 26818 27972
 ... : 146 327 2011 3949 8164 11132 18831 26864 28073
 ... : 146 327 2011 3949 8164 11132 18844 26883 28124
 ... : 146 327 2011 3949 8164 11132 18852 26895 28182
 ... : 146 327 2011 3949 8164 11133 18852 26912 28266
 ... : 146 327 2011 3949 8164 11133 18851 26950 28331
 ... : 146 327 2011 3949 8164 11133 18854 26986 28393
 ... : 146 327 2011 3949 8164 11133 18856 26996 28542
 ... : 146 327 2011 3949 8164 11133 18862 27012 28604
 ... : 146 327 2011 3949 8164 11133 18863 27013 28680
 ... : 146 327 2011 3949 8164 11133 18869 27017 28746
 ... : 146 327 2011 3949 8164 11133 18870 26990 28835
 ... : 146 327 2011 3949 8164 11133 18872 26971 28953
 ... : 146 327 2011 3949 8164 11133 18889 27008 29012
 ... : 146 327 2011 3949 8164 11133 18902 27035 29094
 ... : 146 327 2011 3949 8164 11134 18904 27055 29177
 ... : 146 327 2011 3949 8164 11135 18909 27092 29238
 ... : 146 327 2011 3949 8164 11138 18915 27058 29339
 ... : 146 327 2011 3949 8164 11138 18910 27102 29396
 ... : 146 327 2011 3949 8164 11139 18900 27147 29461
 ... : 146 327 2011 3949 8164 11139 18891 27187 29524
 ... : 146 327 2011 3949 8164 11140 18887 27210 29651
 ... : 146 327 2011 3949 8164 11140 18888 27214 29840
