initialized model with 857 latches, 69 inputs and 1 properties
tsim: performed 8 steps
tsim: found cycle from 6
tsim: found 1 constants and 2 latch equivalences
seqsimpl: (857, 69) -> (848, 68)
checking bound 0
checking bound 1
checking bound 2
tdecomp: unrolling 2 cycles
tsim: performed 6 steps
tsim: found cycle from 4
tsim: found 1 constants and 0 latch equivalences
tdecomp: (848, 272) -> (847, 133)
 ... : 200
   2 : 258 10
 ... : 253 155
 ... : 203 205
 ... : 154 255
   3 : 138 263 4
 ... : 143 274 160
 ... : 145 329 213
 ... : 145 371 284
 ... : 145 400 370
 ... : 145 428 456
 ... : 145 441 607
 ... : 151 453 760
 ... : 171 494 800
 ... : 191 534 843
 ... : 212 575 885
 ... : 232 615 925
 ... : 252 656 965
 ... : 269 699 1023
 ... : 269 749 1123
 ... : 269 800 1223
 ... : 273 850 1320
 ... : 273 900 1421
   4 : 263 775 1513 138
 ... : 263 775 1514 332
 ... : 263 775 1514 533
 ... : 263 775 1514 734
 ... : 263 775 1516 915
 ... : 263 775 1514 1071
 ... : 263 775 1509 1174
 ... : 263 775 1521 1242
 ... : 263 775 1539 1262
 ... : 263 775 1545 1410
 ... : 263 775 1545 1611
   5 : 263 775 1290 1616 270
 ... : 263 775 1290 1616 470
 ... : 263 776 1308 1629 584
 ... : 263 776 1340 1644 657
 ... : 263 776 1377 1662 711
 ... : 263 776 1414 1680 765
 ... : 263 776 1450 1699 820
 ... : 263 775 1461 1722 736
 ... : 263 775 1461 1730 860
 ... : 263 775 1461 1696 964
 ... : 263 775 1462 1676 1095
 ... : 263 769 1465 1711 1159
 ... : 263 754 1464 1732 1201
 ... : 263 752 1463 1778 1295
 ... : 263 741 1464 1802 1344
 ... : 263 718 1463 1802 1344
 ... : 263 696 1463 1802 1344
 ... : 263 674 1464 1802 1344
 ... : 263 655 1464 1804 1348
 ... : 263 655 1463 1813 1453
 ... : 263 655 1463 1773 1555
 ... : 263 655 1463 1654 1735
 ... : 263 655 1463 1471 1936
 ... : 263 655 1463 1378 2136
 ... : 263 655 1463 1237 2286
 ... : 263 655 1463 1237 2487
 ... : 263 655 1463 1237 2688
 ... : 263 655 1463 1237 2889
 ... : 263 655 1464 1238 3079
 ... : 263 655 1465 1249 3080
 ... : 263 655 1440 1250 3080
 ... : 263 655 1421 1250 3103
 ... : 263 655 1407 1250 3187
 ... : 263 655 1407 1250 3388
 ... : 263 647 1407 1257 3517
 ... : 263 625 1408 1279 3539
 ... : 263 602 1407 1302 3561
 ... : 263 580 1407 1324 3584
 ... : 263 558 1408 1346 3606
 ... : 263 535 1407 1369 3628
 ... : 263 513 1407 1391 3651
 ... : 263 491 1408 1413 3673
 ... : 263 468 1407 1436 3695
 ... : 263 446 1407 1458 3718
 ... : 263 424 1408 1480 3740
 ... : 265 414 1414 1506 3765
   6 : 265 411 1264 1257 3681 465
 ... : 265 411 1264 1257 3681 665
 ... : 265 411 1264 1257 3686 823
 ... : 265 411 1264 1257 3696 920
 ... : 265 411 1264 1257 3698 1019
 ... : 265 411 1264 1257 3698 1208
 ... : 267 417 1267 1262 3714 1325
 ... : 271 425 1282 1274 3749 1361
 ... : 271 425 1284 1276 3761 1494
 ... : 271 427 1298 1288 3783 1523
 ... : 271 427 1304 1303 3815 1551
 ... : 271 427 1311 1316 3843 1583
 ... : 271 428 1322 1318 3876 1611
 ... : 271 428 1330 1325 3911 1644
 ... : 271 428 1340 1337 3940 1676
 ... : 271 428 1351 1350 3971 1701
 ... : 271 428 1366 1351 3998 1728
 ... : 271 429 1380 1350 4022 1757
 ... : 271 429 1396 1342 4045 1787
 ... : 271 429 1407 1358 4067 1808
 ... : 271 429 1421 1363 4088 1833
 ... : 271 429 1433 1374 4114 1861
 ... : 271 429 1442 1382 4131 1885
 ... : 271 430 1450 1395 4146 1911
 ... : 271 430 1459 1409 4167 1937
 ... : 271 430 1465 1421 4190 1966
 ... : 271 430 1477 1424 4218 1992
 ... : 271 430 1483 1424 4253 2053
 ... : 271 430 1483 1424 4304 2146
 ... : 271 430 1483 1424 4355 2245
 ... : 271 430 1483 1424 4355 2446
 ... : 271 430 1483 1424 4355 2647
 ... : 271 430 1483 1424 4355 2848
 ... : 271 431 1486 1427 4360 3023
 ... : 271 431 1486 1427 4360 3224
 ... : 277 442 1501 1441 4390 3278
 ... : 279 448 1509 1447 4408 3393
 ... : 281 453 1528 1467 4445 3422
 ... : 281 453 1540 1477 4489 3455
 ... : 281 453 1552 1489 4531 3487
 ... : 281 454 1566 1502 4570 3518
 ... : 281 453 1576 1514 4613 3549
 ... : 281 453 1591 1526 4656 3579
 ... : 281 453 1603 1535 4700 3611
 ... : 281 453 1615 1546 4742 3643
 ... : 281 453 1630 1558 4785 3669
 ... : 281 453 1643 1566 4829 3698
 ... : 281 453 1655 1578 4872 3729
 ... : 281 453 1667 1586 4918 3757
 ... : 281 453 1677 1596 4964 3788
 ... : 281 453 1690 1606 5010 3819
 ... : 281 453 1702 1613 5057 3848
 ... : 281 453 1717 1624 5099 3876
 ... : 281 453 1729 1633 5144 3906
 ... : 281 453 1742 1641 5188 3931
 ... : 281 453 1754 1649 5234 3958
 ... : 281 453 1766 1657 5280 3989
 ... : 281 453 1778 1667 5322 4016
 ... : 281 453 1790 1683 5361 4050
 ... : 281 454 1801 1696 5404 4082
 ... : 281 453 1814 1708 5446 4112
 ... : 281 453 1826 1716 5493 4140
 ... : 281 454 1839 1723 5535 4168
 ... : 281 453 1849 1731 5578 4198
 ... : 281 453 1861 1739 5620 4227
 ... : 281 453 1870 1747 5663 4260
 ... : 281 454 1887 1763 5698 4293
 ... : 281 454 1899 1776 5739 4327
 ... : 281 453 1912 1790 5780 4358
 ... : 281 453 1912 1790 5781 4556
 ... : 281 453 1924 1800 5807 4633
 ... : 281 453 1947 1816 5847 4664
 ... : 281 453 1969 1833 5877 4698
 ... : 281 453 1996 1848 5907 4726
 ... : 281 453 2020 1862 5938 4758
 ... : 281 453 2042 1878 5972 4794
 ... : 281 453 2066 1894 6007 4829
 ... : 281 453 2088 1916 6037 4858
 ... : 281 453 2110 1937 6067 4887
 ... : 281 453 2131 1959 6098 4917
 ... : 281 453 2152 1979 6132 4947
 ... : 281 453 2174 2000 6158 4977
 ... : 281 453 2195 2023 6193 5006
 ... : 281 453 2218 2044 6229 5036
 ... : 281 453 2240 2067 6260 5065
 ... : 281 453 2261 2096 6292 5095
 ... : 281 453 2279 2120 6323 5137
 ... : 281 453 2305 2135 6358 5171
 ... : 281 453 2331 2153 6396 5203
 ... : 281 453 2355 2171 6434 5236
 ... : 281 453 2380 2186 6466 5271
 ... : 281 453 2403 2204 6504 5303
 ... : 281 453 2427 2221 6535 5339
 ... : 281 453 2448 2236 6573 5376
 ... : 281 453 2471 2250 6605 5410
 ... : 281 453 2496 2267 6640 5442
 ... : 281 453 2517 2286 6678 5478
 ... : 281 453 2540 2302 6708 5514
 ... : 281 453 2562 2318 6741 5549
 ... : 281 453 2585 2334 6778 5581
 ... : 281 453 2610 2351 6812 5612
 ... : 281 453 2625 2361 6833 5637
 ... : 281 453 2625 2361 6833 5793
 ... : 281 453 2637 2372 6857 5893
 ... : 281 453 2658 2387 6896 5926
 ... : 281 453 2679 2402 6928 5961
 ... : 281 453 2702 2419 6966 5990
 ... : 281 453 2723 2436 7003 6024
 ... : 281 453 2745 2451 7040 6058
 ... : 281 453 2768 2469 7077 6091
 ... : 281 453 2793 2485 7113 6124
 ... : 281 453 2809 2497 7140 6203
 ... : 281 453 2833 2515 7177 6235
 ... : 281 453 2857 2532 7211 6266
 ... : 281 453 2880 2552 7245 6298
 ... : 281 453 2902 2570 7283 6328
 ... : 281 453 2926 2590 7317 6361
 ... : 281 453 2949 2611 7351 6392
 ... : 281 453 2971 2630 7388 6422
 ... : 281 453 2977 2635 7396 6579
 ... : 281 453 2977 2635 7396 6780
 ... : 281 453 2977 2635 7396 6981
 ... : 281 453 2977 2635 7396 7182
 ... : 281 453 2977 2635 7397 7357
 ... : 281 453 2977 2635 7346 7547
 ... : 281 453 2991 2648 7299 7639
 ... : 281 453 3014 2662 7335 7674
 ... : 281 453 3038 2678 7373 7714
 ... : 281 453 3062 2694 7408 7749
 ... : 281 453 3087 2710 7440 7783
 ... : 281 453 3109 2729 7475 7816
 ... : 281 453 3131 2743 7507 7851
 ... : 281 453 3154 2759 7534 7889
 ... : 281 453 3175 2775 7573 7924
 ... : 281 453 3197 2789 7613 7959
 ... : 281 453 3220 2806 7648 7996
 ... : 281 453 3245 2822 7688 8028
 ... : 281 453 3269 2839 7726 8062
 ... : 281 453 3293 2855 7759 8094
 ... : 281 453 3313 2874 7785 8121
 ... : 281 453 3334 2883 7812 8143
 ... : 281 453 3356 2898 7844 8167
 ... : 281 453 3380 2919 7877 8192
 ... : 281 453 3401 2941 7906 8224
 ... : 281 453 3425 2970 7938 8252
 ... : 281 453 3447 2991 7968 8282
 ... : 281 453 3468 3012 7999 8310
 ... : 281 453 3489 3035 8022 8342
 ... : 281 453 3512 3058 8045 8370
 ... : 281 453 3534 3081 8071 8399
 ... : 281 453 3557 3103 8099 8432
 ... : 281 453 3579 3126 8131 8460
 ... : 281 453 3600 3148 8159 8493
 ... : 281 453 3623 3169 8194 8521
 ... : 281 453 3645 3194 8228 8550
 ... : 281 453 3668 3213 8260 8581
 ... : 281 453 3687 3230 8286 8644
 ... : 281 453 3687 3230 8286 8845
 ... : 281 453 3692 3237 8296 9002
 ... : 281 453 3714 3255 8330 9036
 ... : 281 453 3738 3277 8364 9064
 ... : 281 453 3759 3296 8398 9094
 ... : 281 453 3780 3315 8428 9126
 ... : 281 453 3804 3335 8463 9153
 ... : 281 453 3825 3352 8494 9188
 ... : 281 453 3849 3376 8527 9216
 ... : 281 453 3870 3397 8557 9251
 ... : 281 453 3893 3420 8586 9280
 ... : 281 453 3912 3437 8620 9318
 ... : 281 453 3935 3459 8653 9346
 ... : 281 453 3957 3479 8687 9381
 ... : 281 453 3981 3504 8715 9411
 ... : 281 453 3994 3509 8746 9443
 ... : 281 453 3998 3500 8773 9466
 ... : 281 453 4000 3492 8807 9494
 ... : 281 453 4004 3484 8839 9519
 ... : 281 453 4010 3472 8875 9542
 ... : 281 453 4015 3460 8909 9569
 ... : 281 453 4019 3459 8934 9595
 ... : 281 453 4020 3452 8965 9620
 ... : 281 453 4025 3450 8992 9648
 ... : 281 453 4029 3442 9012 9672
 ... : 281 453 4032 3431 9035 9695
 ... : 281 453 4033 3428 9058 9718
 ... : 281 453 4030 3427 9082 9738
 ... : 281 453 4031 3424 9107 9767
 ... : 281 453 4034 3424 9123 9791
 ... : 281 453 4033 3422 9056 9962
 ... : 281 453 4033 3422 9056 10163
 ... : 281 453 4051 3437 9084 10238
 ... : 281 453 4074 3457 9118 10272
 ... : 281 453 4095 3473 9155 10307
 ... : 281 453 4119 3486 9190 10341
 ... : 281 453 4143 3504 9222 10373
 ... : 281 453 4165 3526 9255 10406
 ... : 281 453 4186 3546 9296 10437
 ... : 281 453 4209 3561 9334 10468
 ... : 281 453 4230 3579 9376 10497
 ... : 281 453 4255 3596 9415 10529
 ... : 281 453 4279 3614 9450 10562
 ... : 281 453 4303 3634 9481 10595
 ... : 281 453 4327 3651 9509 10628
 ... : 281 453 4350 3671 9543 10661
 ... : 281 453 4374 3694 9574 10689
 ... : 281 453 4395 3712 9608 10731
 ... : 281 453 4418 3731 9639 10769
 ... : 281 453 4439 3753 9671 10814
 ... : 281 453 4460 3764 9697 10871
 ... : 281 453 4479 3779 9726 10929
 ... : 281 453 4479 3779 9734 11090
 ... : 281 453 4479 3779 9627 11290
 ... : 281 453 4479 3757 9560 11475
 ... : 281 453 4487 3766 9521 11488
 ... : 281 453 4508 3791 9547 11517
 ... : 281 453 4527 3815 9575 11546
 ... : 281 453 4548 3842 9602 11570
 ... : 281 453 4568 3869 9628 11598
 ... : 281 453 4587 3889 9661 11626
 ... : 281 453 4607 3911 9697 11650
 ... : 281 453 4629 3931 9729 11678
 ... : 281 453 4653 3949 9761 11710
 ... : 281 453 4674 3968 9788 11742
 ... : 281 453 4698 3986 9817 11769
 ... : 281 453 4721 4008 9841 11800
 ... : 281 453 4742 4031 9875 11829
 ... : 281 453 4764 4051 9905 11860
 ... : 281 453 4785 4076 9936 11886
 ... : 281 453 4808 4098 9963 11917
 ... : 281 453 4830 4122 9994 11945
 ... : 281 453 4851 4142 10031 11974
 ... : 281 453 4860 4151 10046 12068
 ... : 281 453 4860 4151 10045 12264
 ... : 281 453 4860 4151 10033 12346
 ... : 281 453 4860 4151 10033 12547
 ... : 281 453 4860 4151 10034 12741
 ... : 281 453 4860 4151 10037 12935
 ... : 281 453 4860 4151 10040 13126
 ... : 281 453 4860 4151 10071 13226
 ... : 281 453 4860 4151 10103 13326
 ... : 281 453 4860 4151 10117 13427
 ... : 281 453 4860 4151 10165 13528
   7 : 281 453 4850 3490 7428 13198 2323
 ... : 281 453 4850 3490 7428 13128 2448
 ... : 281 453 4851 3490 7422 13071 2547
 ... : 281 453 4851 3490 7422 13072 2742
 ... : 281 453 4851 3490 7422 13072 2943
 ... : 281 453 4851 3490 7422 13072 3144
 ... : 281 453 4851 3490 7422 13068 3322
 ... : 281 453 4851 3490 7422 13068 3522
 ... : 281 453 4851 3490 7422 13068 3723
 ... : 281 453 4854 3496 7428 13077 3848
 ... : 281 453 4854 3496 7428 13077 4049
 ... : 281 453 4854 3496 7428 13070 4250
 ... : 281 453 4854 3496 7428 13070 4451
 ... : 282 454 4855 3499 7432 13124 4520
 ... : 282 454 4855 3499 7432 13188 4592
 ... : 282 454 4855 3499 7432 13252 4666
 ... : 282 454 4855 3499 7432 13317 4737
 ... : 282 454 4855 3499 7432 13381 4809
 ... : 282 454 4855 3499 7432 13445 4881
 ... : 282 454 4855 3499 7432 13506 4955
 ... : 282 454 4855 3499 7432 13570 5027
 ... : 282 454 4855 3499 7432 13635 5099
 ... : 282 454 4855 3499 7432 13699 5172
 ... : 282 454 4855 3499 7432 13762 5244
 ... : 282 454 4855 3499 7432 13827 5316
 ... : 282 454 4855 3499 7432 13890 5389
 ... : 282 454 4855 3499 7432 13955 5460
 ... : 282 454 4855 3499 7432 14019 5533
 ... : 282 454 4855 3499 7419 14057 5626
 ... : 282 454 4855 3499 7406 14066 5769
 ... : 282 454 4855 3499 7406 14076 5942
 ... : 282 454 4855 3499 7406 14127 6033
 ... : 282 454 4855 3499 7406 14178 6127
 ... : 282 454 4855 3499 7406 14201 6247
 ... : 282 454 4855 3499 7406 14204 6389
 ... : 282 454 4854 3499 7407 14210 6479
 ... : 282 454 4854 3499 7407 14211 6579
 ... : 282 454 4854 3498 7408 14102 6739
 ... : 282 454 4854 3492 7412 14152 6809
 ... : 282 454 4854 3485 7413 14199 6876
 ... : 282 454 4854 3477 7421 14244 6937
 ... : 282 456 4858 3484 7432 14287 6984
 ... : 282 456 4858 3484 7432 14284 7164
 ... : 282 456 4858 3484 7432 14309 7271
 ... : 282 456 4858 3484 7432 14262 7370
 ... : 282 456 4858 3484 7432 14206 7455
 ... : 282 456 4858 3484 7432 14167 7552
 ... : 282 456 4857 3484 7432 14147 7633
 ... : 282 456 4857 3484 7432 14081 7748
 ... : 282 456 4855 3485 7433 13997 7868
 ... : 282 456 4850 3485 7442 13997 7926
 ... : 282 456 4846 3487 7449 13994 7985
 ... : 282 456 4842 3487 7455 13989 8049
 ... : 282 456 4840 3488 7458 13976 8126
 ... : 282 456 4837 3487 7460 13972 8195
 ... : 282 456 4831 3489 7463 13995 8236
 ... : 282 456 4824 3491 7465 14014 8276
 ... : 282 456 4818 3492 7466 14036 8318
 ... : 282 456 4812 3492 7468 14052 8369
 ... : 282 456 4806 3496 7473 14074 8404
 ... : 282 456 4800 3499 7480 14098 8441
 ... : 282 456 4793 3501 7483 14117 8479
 ... : 282 456 4788 3503 7488 14140 8524
 ... : 282 456 4783 3504 7488 14158 8567
 ... : 282 456 4776 3505 7493 14177 8605
 ... : 282 456 4771 3506 7496 14196 8647
 ... : 282 456 4765 3506 7497 14217 8685
 ... : 282 456 4762 3507 7500 14213 8749
 ... : 282 456 4757 3508 7503 14207 8809
 ... : 282 456 4754 3509 7507 14205 8871
 ... : 282 456 4751 3511 7512 14191 8943
 ... : 282 456 4750 3512 7512 14187 9030
 ... : 282 456 4750 3512 7512 14187 9179
 ... : 282 456 4750 3510 7513 14188 9273
 ... : 282 456 4750 3510 7513 14193 9368
 ... : 282 456 4750 3510 7513 14072 9544
 ... : 282 456 4750 3510 7513 14072 9745
 ... : 282 456 4750 3510 7513 14078 9928
 ... : 282 456 4750 3510 7512 14104 10032
 ... : 282 456 4750 3510 7512 14156 10094
 ... : 282 456 4750 3510 7512 14213 10166
 ... : 282 456 4750 3510 7512 14263 10231
 ... : 282 456 4750 3510 7512 14263 10432
 ... : 282 456 4750 3510 7512 14273 10613
 ... : 282 456 4750 3511 7512 14307 10714
 ... : 282 456 4750 3511 7512 14350 10734
 ... : 282 456 4750 3512 7512 14390 10748
 ... : 282 456 4750 3515 7512 14431 10763
 ... : 282 456 4750 3517 7512 14469 10779
 ... : 282 456 4750 3519 7512 14507 10794
 ... : 282 456 4750 3523 7512 14547 10811
 ... : 282 456 4750 3525 7513 14590 10831
 ... : 282 456 4750 3525 7513 14640 10928
 ... : 282 456 4750 3525 7513 14665 11060
 ... : 282 456 4750 3525 7513 14624 11161
 ... : 282 456 4750 3525 7513 14605 11261
 ... : 282 456 4750 3525 7513 14605 11361
 ... : 282 456 4750 3525 7513 14600 11458
 ... : 282 456 4750 3525 7513 14576 11547
 ... : 282 456 4750 3525 7513 14566 11698
 ... : 282 456 4750 3525 7513 14566 11899
 ... : 282 456 4750 3539 7523 14596 11965
 ... : 282 456 4750 3554 7530 14637 11975
 ... : 282 456 4750 3570 7535 14675 11984
 ... : 282 456 4750 3585 7545 14719 12000
 ... : 282 456 4750 3598 7556 14739 12038
 ... : 282 456 4750 3610 7567 14757 12073
 ... : 282 456 4750 3625 7579 14779 12107
 ... : 282 456 4750 3642 7591 14803 12131
 ... : 282 456 4750 3658 7599 14843 12147
 ... : 282 456 4750 3672 7610 14879 12170
 ... : 282 456 4750 3687 7622 14912 12191
 ... : 282 456 4750 3714 7637 14943 12206
 ... : 282 456 4750 3714 7637 14942 12401
 ... : 282 456 4750 3714 7636 14973 12509
 ... : 282 456 4750 3714 7636 15017 12572
 ... : 282 456 4749 3715 7637 15051 12642
 ... : 282 456 4749 3715 7637 15088 12715
 ... : 282 456 4749 3715 7638 15116 12781
 ... : 282 456 4749 3715 7638 15144 12851
 ... : 282 456 4749 3715 7638 15182 12923
 ... : 282 456 4749 3715 7638 15216 13010
 ... : 282 456 4749 3715 7638 15257 13076
 ... : 282 456 4746 3715 7644 15269 13184
 ... : 282 456 4743 3715 7648 15291 13256
 ... : 282 456 4741 3715 7651 15322 13336
 ... : 282 456 4739 3715 7657 15359 13410
 ... : 282 456 4735 3716 7663 15398 13472
 ... : 282 456 4735 3717 7664 15415 13554
 ... : 282 456 4735 3717 7664 15465 13595
 ... : 282 456 4735 3717 7664 15515 13667
 ... : 282 456 4735 3717 7664 15563 13770
 ... : 282 456 4735 3716 7666 15611 13862
 ... : 282 456 4735 3713 7669 15658 13954
 ... : 282 456 4735 3709 7673 15704 14040
 ... : 282 456 4735 3707 7676 15743 14132
 ... : 282 456 4735 3707 7676 15778 14210
 ... : 282 456 4734 3706 7679 15807 14295
 ... : 282 456 4734 3707 7680 15827 14432
 ... : 282 456 4734 3707 7672 15821 14483
 ... : 282 456 4734 3707 7672 15866 14578
 ... : 282 456 4734 3707 7671 15913 14655
 ... : 282 456 4734 3707 7671 15968 14740
 ... : 282 456 4734 3707 7671 16023 14823
 ... : 282 456 4734 3707 7671 16065 14887
 ... : 282 456 4734 3707 7671 16102 14955
 ... : 282 456 4734 3707 7671 16144 15013
 ... : 282 456 4734 3707 7671 16186 15065
 ... : 283 457 4734 3707 7676 16224 15114
 ... : 283 457 4733 3707 7678 16278 15191
 ... : 283 457 4733 3707 7678 16335 15278
 ... : 283 457 4733 3704 7678 16389 15349
 ... : 283 457 4732 3701 7679 16441 15414
 ... : 283 457 4732 3697 7679 16496 15479
 ... : 283 457 4732 3697 7679 16496 15643
 ... : 283 457 4732 3697 7679 16496 15844
 ... : 283 457 4732 3697 7679 16534 15914
 ... : 283 457 4732 3697 7679 16529 15965
 ... : 284 458 4732 3699 7663 16444 15851
 ... : 284 458 4732 3701 7666 16468 15963
 ... : 284 458 4732 3717 7679 16496 15995
 ... : 284 458 4732 3732 7693 16529 16029
 ... : 284 458 4732 3747 7703 16556 16061
 ... : 284 458 4732 3759 7714 16571 16125
 ... : 284 458 4732 3766 7721 16600 16201
 ... : 284 458 4732 3782 7733 16636 16222
 ... : 284 458 4732 3801 7743 16663 16243
 ... : 284 458 4732 3816 7753 16685 16265
 ... : 284 458 4732 3832 7765 16707 16291
 ... : 284 458 4732 3849 7780 16718 16316
 ... : 284 458 4732 3863 7796 16729 16336
 ... : 284 458 4732 3879 7811 16749 16355
 ... : 284 458 4732 3880 7829 16771 16378
 ... : 284 458 4732 3880 7847 16793 16400
 ... : 284 458 4732 3897 7863 16825 16429
 ... : 284 458 4732 3904 7881 16849 16454
 ... : 284 459 4733 3906 7902 16871 16475
   8 : 284 459 3753 2831 7685 12702 16850 2598
 ... : 284 459 3753 2831 7685 12702 16850 2798
 ... : 284 459 3753 2831 7685 12702 16856 2953
 ... : 284 459 3753 2831 7685 12702 16872 3042
 ... : 284 459 3753 2831 7685 12701 16901 3123
 ... : 284 459 3753 2831 7685 12699 16922 3212
 ... : 284 459 3753 2831 7685 12696 16952 3280
 ... : 284 459 3753 2831 7685 12693 16962 3368
 ... : 284 459 3753 2831 7685 12693 16962 3551
 ... : 284 459 3753 2831 7685 12693 16962 3752
 ... : 284 459 3753 2831 7688 12697 16964 3926
 ... : 284 459 3754 2834 7693 12723 16988 3941
 ... : 284 459 3755 2835 7694 12719 16988 4090
 ... : 284 459 3755 2835 7694 12719 16989 4288
 ... : 284 459 3755 2835 7694 12719 17033 4346
 ... : 284 459 3755 2835 7694 12719 17048 4484
 ... : 284 459 3755 2835 7694 12719 17065 4590
 ... : 284 459 3755 2835 7694 12719 17091 4664
 ... : 284 459 3755 2835 7694 12719 17096 4746
 ... : 284 459 3755 2835 7694 12719 17096 4832
 ... : 284 459 3755 2835 7694 12719 17096 4952
 ... : 284 459 3757 2837 7696 12723 17115 5043
 ... : 284 461 3763 2851 7713 12743 17133 5056
 ... : 284 463 3770 2864 7726 12777 17174 5060
 ... : 284 466 3774 2868 7730 12790 17201 5114
 ... : 284 467 3784 2887 7747 12809 17221 5131
 ... : 284 468 3785 2888 7756 12844 17258 5159
 ... : 284 468 3790 2897 7766 12865 17293 5179
 ... : 284 468 3797 2907 7778 12883 17330 5215
 ... : 284 468 3798 2912 7785 12898 17359 5255
 ... : 284 468 3800 2921 7791 12908 17399 5297
 ... : 284 468 3803 2927 7797 12923 17431 5335
 ... : 284 468 3806 2934 7800 12932 17462 5370
 ... : 284 468 3808 2939 7807 12943 17498 5408
 ... : 284 468 3812 2945 7819 12957 17537 5436
 ... : 284 468 3815 2952 7825 12970 17569 5487
 ... : 284 468 3818 2957 7833 12988 17606 5522
 ... : 284 468 3820 2961 7839 12995 17649 5570
 ... : 284 470 3828 2969 7847 13016 17680 5598
 ... : 284 472 3832 2976 7850 13025 17708 5637
 ... : 284 473 3834 2991 7869 13062 17747 5638
 ... : 284 473 3834 2991 7866 13068 17778 5686
 ... : 284 473 3837 2995 7870 13080 17805 5731
 ... : 284 473 3839 2999 7876 13085 17838 5773
 ... : 284 473 3841 3004 7881 13101 17872 5808
 ... : 284 473 3843 3009 7886 13111 17904 5857
 ... : 284 473 3845 3014 7891 13124 17933 5907
 ... : 284 473 3848 3021 7901 13142 17972 5943
 ... : 284 473 3853 3028 7908 13157 18003 5977
 ... : 284 473 3856 3036 7914 13172 18030 6017
 ... : 284 473 3858 3043 7923 13183 18068 6052
 ... : 284 473 3860 3048 7927 13193 18108 6099
 ... : 284 473 3862 3053 7932 13205 18142 6145
 ... : 284 473 3865 3058 7936 13223 18177 6175
 ... : 284 473 3868 3063 7943 13234 18214 6219
 ... : 284 473 3871 3068 7948 13239 18251 6267
 ... : 284 473 3876 3076 7957 13262 18280 6297
 ... : 284 473 3880 3083 7965 13279 18309 6324
 ... : 284 473 3883 3091 7972 13296 18335 6359
 ... : 284 473 3885 3098 7982 13311 18366 6397
 ... : 284 473 3889 3105 7988 13324 18397 6434
 ... : 284 473 3895 3111 7995 13340 18429 6460
 ... : 284 473 3899 3116 7999 13346 18469 6508
 ... : 284 473 3900 3120 8003 13362 18496 6549
 ... : 284 473 3903 3125 8007 13374 18528 6592
 ... : 284 473 3909 3133 8020 13391 18566 6613
 ... : 284 473 3913 3140 8025 13402 18596 6653
 ... : 284 473 3918 3148 8035 13414 18629 6681
 ... : 284 473 3920 3152 8041 13421 18669 6726
 ... : 284 473 3923 3158 8047 13436 18705 6760
 ... : 284 473 3925 3163 8051 13447 18731 6810
 ... : 284 473 3927 3170 8059 13460 18766 6847
 ... : 284 473 3930 3176 8065 13473 18805 6886
 ... : 284 473 3932 3181 8071 13486 18837 6926
 ... : 284 473 3934 3188 8077 13499 18868 6969
 ... : 284 473 3938 3199 8086 13518 18900 6987
 ... : 284 473 3939 3202 8092 13531 18941 7041
 ... : 284 473 3943 3211 8103 13549 18962 7058
 ... : 284 473 3947 3217 8111 13562 18996 7101
 ... : 284 473 3953 3225 8122 13578 19022 7129
 ... : 284 473 3957 3231 8130 13595 19054 7159
 ... : 284 473 3962 3237 8134 13604 19091 7200
 ... : 284 473 3968 3244 8137 13623 19127 7230
 ... : 284 473 3975 3252 8147 13641 19155 7258
 ... : 284 473 3978 3256 8151 13652 19195 7304
 ... : 284 473 3984 3266 8165 13671 19223 7327
 ... : 284 473 3988 3273 8167 13679 19266 7370
 ... : 284 473 3990 3278 8173 13699 19297 7410
 ... : 284 473 3992 3283 8177 13726 19330 7444
 ... : 284 473 3994 3288 8181 13747 19367 7480
 ... : 284 473 3998 3294 8188 13759 19399 7522
 ... : 284 473 4002 3300 8192 13773 19427 7556
 ... : 284 473 4003 3304 8202 13786 19464 7585
 ... : 284 473 4003 3308 8212 13801 19483 7615
 ... : 284 473 4003 3311 8225 13814 19519 7650
 ... : 284 473 4003 3316 8238 13834 19558 7677
 ... : 284 473 4003 3321 8249 13844 19598 7713
 ... : 284 473 4003 3325 8260 13855 19644 7754
 ... : 284 473 4002 3327 8270 13859 19674 7791
 ... : 284 473 4002 3330 8279 13872 19718 7825
 ... : 284 473 4002 3334 8287 13882 19755 7859
 ... : 284 473 4002 3336 8301 13898 19789 7899
 ... : 284 475 4007 3347 8315 13915 19826 7928
 ... : 284 477 4013 3357 8327 13935 19853 7957
 ... : 284 479 4017 3368 8342 13965 19883 7974
 ... : 284 480 4017 3372 8355 13984 19925 8005
 ... : 284 480 4017 3375 8366 13995 19969 8042
 ... : 284 482 4022 3385 8377 14015 20003 8081
 ... : 284 483 4025 3395 8391 14039 20027 8106
 ... : 284 484 4025 3399 8403 14061 20063 8134
 ... : 284 484 4025 3404 8412 14072 20103 8179
 ... : 284 484 4025 3407 8422 14088 20151 8218
 ... : 284 484 4025 3412 8436 14102 20192 8253
 ... : 284 486 4029 3419 8446 14116 20232 8280
 ... : 284 488 4034 3427 8456 14139 20265 8300
 ... : 284 490 4038 3435 8467 14160 20292 8325
 ... : 284 491 4038 3440 8479 14187 20333 8354
 ... : 284 491 4038 3443 8485 14203 20365 8404
 ... : 284 491 4038 3450 8501 14219 20402 8428
 ... : 284 491 4038 3456 8510 14233 20444 8468
 ... : 284 491 4038 3462 8520 14251 20485 8504
 ... : 284 491 4038 3466 8528 14264 20523 8549
 ... : 284 491 4039 3470 8535 14274 20557 8582
 ... : 284 491 4039 3475 8547 14289 20596 8611
 ... : 284 491 4039 3478 8555 14302 20642 8656
 ... : 284 491 4039 3482 8565 14320 20679 8689
 ... : 284 491 4039 3486 8574 14336 20720 8728
 ... : 284 491 4039 3490 8579 14348 20770 8773
 ... : 284 491 4039 3496 8585 14359 20812 8818
 ... : 284 491 4039 3498 8596 14373 20856 8855
 ... : 284 491 4039 3502 8605 14385 20905 8904
 ... : 284 491 4039 3505 8613 14403 20947 8932
 ... : 284 491 4039 3511 8623 14417 20988 8968
 ... : 284 491 4039 3514 8632 14430 21031 9009
 ... : 284 491 4039 3517 8640 14444 21079 9052
 ... : 284 491 4039 3520 8649 14454 21119 9096
 ... : 284 491 4039 3526 8662 14470 21158 9131
 ... : 284 491 4040 3531 8673 14484 21199 9168
 ... : 284 491 4040 3534 8682 14497 21247 9209
 ... : 284 491 4040 3538 8693 14512 21296 9250
 ... : 284 491 4040 3542 8708 14530 21339 9284
 ... : 284 491 4040 3546 8717 14538 21383 9334
 ... : 284 491 4040 3550 8731 14556 21417 9361
 ... : 284 491 4040 3554 8744 14566 21455 9403
 ... : 284 491 4040 3557 8753 14579 21496 9443
 ... : 284 491 4040 3565 8763 14596 21540 9477
 ... : 284 491 4040 3569 8773 14610 21578 9515
 ... : 284 491 4040 3572 8780 14622 21629 9557
 ... : 284 491 4040 3576 8791 14637 21673 9596
 ... : 284 491 4041 3580 8800 14649 21707 9633
 ... : 284 491 4041 3584 8812 14664 21742 9670
 ... : 284 491 4041 3589 8822 14678 21786 9707
 ... : 284 491 4041 3592 8831 14689 21840 9749
 ... : 284 491 4042 3598 8839 14705 21878 9790
 ... : 284 491 4042 3602 8848 14717 21920 9832
 ... : 284 491 4042 3607 8857 14730 21956 9870
 ... : 284 491 4042 3612 8871 14749 22001 9899
 ... : 284 491 4042 3617 8886 14761 22043 9932
 ... : 284 491 4042 3621 8900 14776 22085 9965
 ... : 284 491 4042 3627 8911 14788 22124 10000
 ... : 284 491 4042 3630 8920 14804 22169 10040
 ... : 284 491 4042 3635 8934 14820 22215 10072
 ... : 284 491 4042 3640 8949 14835 22258 10110
 ... : 284 491 4043 3643 8957 14844 22296 10151
 ... : 284 491 4043 3650 8970 14856 22338 10183
 ... : 284 491 4043 3653 8986 14877 22383 10217
 ... : 284 491 4043 3656 8997 14892 22435 10257
 ... : 284 491 4043 3659 9009 14906 22482 10296
 ... : 284 491 4043 3664 9023 14921 22524 10330
 ... : 284 491 4043 3668 9031 14931 22574 10369
 ... : 284 491 4043 3674 9043 14945 22614 10401
 ... : 284 491 4043 3678 9051 14959 22665 10445
 ... : 284 491 4043 3683 9063 14969 22706 10489
 ... : 284 491 4043 3686 9077 14984 22754 10527
 ... : 284 491 4043 3690 9091 14998 22802 10566
 ... : 284 491 4043 3695 9110 15016 22839 10592
 ... : 284 491 4043 3700 9117 15025 22886 10634
 ... : 284 491 4044 3700 9128 15030 22911 10653
 ... : 284 491 4044 3705 9139 15041 22954 10687
 ... : 284 491 4044 3712 9153 15052 23000 10724
 ... : 284 491 4044 3718 9163 15059 23043 10761
 ... : 284 491 4044 3720 9178 15076 23091 10790
 ... : 284 491 4044 3723 9188 15086 23136 10830
 ... : 284 491 4044 3727 9203 15098 23175 10868
 ... : 284 491 4044 3730 9215 15111 23218 10899
 ... : 284 491 4044 3734 9230 15128 23261 10926
 ... : 284 491 4044 3737 9240 15139 23308 10963
 ... : 284 491 4044 3742 9251 15154 23347 11008
 ... : 284 491 4044 3745 9258 15169 23392 11046
 ... : 284 491 4044 3748 9271 15180 23442 11087
 ... : 284 491 4044 3752 9284 15194 23487 11122
 ... : 284 491 4044 3756 9294 15210 23531 11158
 ... : 284 491 4044 3760 9301 15221 23571 11201
 ... : 284 491 4044 3763 9308 15233 23619 11247
 ... : 284 491 4044 3766 9315 15244 23664 11289
 ... : 284 491 4044 3770 9323 15258 23705 11332
 ... : 284 491 4044 3777 9334 15277 23744 11362
 ... : 284 491 4044 3780 9342 15287 23788 11408
 ... : 284 491 4044 3786 9351 15302 23829 11445
 ... : 284 493 4048 3796 9364 15321 23860 11479
 ... : 284 495 4054 3806 9372 15352 23893 11503
 ... : 284 497 4058 3813 9383 15364 23925 11537
 ... : 284 498 4059 3818 9394 15388 23960 11572
 ... : 284 498 4060 3822 9402 15395 23985 11640
 ... : 284 498 4060 3825 9409 15413 24021 11680
 ... : 284 498 4060 3830 9420 15430 24067 11713
 ... : 284 498 4060 3835 9429 15445 24102 11748
 ... : 284 498 4060 3835 9429 15447 24130 11795
 ... : 284 498 4060 3835 9429 15447 24130 11996
 ... : 284 498 4060 3835 9429 15447 24130 12197
 ... : 284 498 4060 3835 9429 15447 24130 12332
 ... : 284 498 4060 3835 9429 15441 24137 12425
 ... : 284 498 4060 3835 9429 15437 24140 12521
 ... : 284 498 4060 3835 9429 15434 24144 12619
 ... : 284 498 4060 3835 9429 15434 24145 12718
 ... : 284 498 4060 3835 9429 15434 24146 12815
 ... : 284 498 4060 3835 9429 15435 24145 12920
 ... : 284 498 4060 3835 9429 15435 24162 12996
 ... : 284 498 4060 3835 9429 15435 24177 13074
 ... : 284 498 4060 3835 9429 15435 24192 13152
 ... : 284 498 4060 3835 9429 15435 24204 13230
 ... : 284 498 4060 3835 9429 15435 24225 13310
 ... : 284 498 4060 3835 9429 15434 24245 13393
 ... : 284 498 4060 3835 9429 15429 24208 13493
 ... : 284 498 4060 3835 9429 15429 24214 13639
 ... : 284 498 4060 3835 9429 15429 24214 13840
 ... : 284 498 4060 3835 9429 15431 24217 14023
 ... : 284 498 4060 3835 9429 15442 24269 14083
 ... : 284 498 4060 3835 9426 15453 24318 14139
 ... : 284 498 4060 3835 9424 15467 24368 14202
 ... : 284 498 4060 3835 9420 15481 24407 14255
 ... : 284 498 4060 3835 9420 15494 24450 14316
 ... : 284 498 4060 3835 9420 15506 24487 14376
 ... : 284 498 4060 3835 9419 15518 24532 14430
 ... : 284 498 4060 3835 9419 15530 24576 14481
 ... : 284 498 4060 3835 9419 15542 24617 14534
 ... : 284 498 4060 3835 9419 15555 24645 14607
 ... : 284 498 4060 3835 9419 15571 24675 14650
 ... : 284 498 4060 3835 9419 15571 24673 14850
 ... : 284 498 4060 3835 9419 15571 24672 15048
 ... : 284 498 4060 3835 9413 15557 24695 15105
 ... : 284 498 4060 3835 9407 15536 24730 15181
 ... : 284 498 4060 3835 9404 15513 24722 15254
 ... : 284 498 4060 3835 9402 15501 24672 15420
 ... : 284 498 4060 3835 9402 15501 24602 15591
 ... : 284 498 4060 3835 9402 15501 24619 15736
 ... : 284 498 4060 3835 9402 15501 24628 15835
 ... : 284 498 4060 3835 9402 15501 24634 15942
 ... : 284 498 4060 3835 9402 15501 24646 16075
 ... : 284 498 4060 3835 9402 15501 24660 16170
 ... : 284 498 4060 3835 9402 15501 24675 16269
 ... : 284 498 4060 3835 9402 15506 24647 16362
 ... : 284 498 4060 3835 9403 15508 24632 16439
 ... : 284 498 4060 3835 9403 15508 24618 16541
 ... : 284 498 4060 3835 9403 15508 24616 16642
 ... : 284 498 4060 3835 9403 15508 24614 16742
 ... : 284 498 4060 3835 9403 15508 24613 16842
 ... : 284 498 4060 3835 9403 15508 24611 16943
 ... : 284 498 4060 3835 9403 15508 24609 17044
 ... : 284 498 4060 3835 9403 15508 24608 17145
 ... : 284 498 4060 3835 9403 15508 24606 17245
 ... : 284 498 4060 3835 9403 15508 24604 17345
 ... : 284 498 4060 3835 9403 15507 24602 17444
 ... : 284 498 4060 3835 9403 15507 24600 17545
 ... : 284 498 4060 3835 9403 15506 24598 17642
 ... : 284 498 4060 3835 9403 15497 24619 17709
 ... : 284 498 4060 3835 9403 15487 24636 17776
 ... : 284 498 4060 3835 9403 15478 24651 17843
 ... : 284 498 4060 3835 9403 15466 24668 17911
 ... : 284 498 4060 3835 9403 15447 24669 17998
 ... : 284 498 4060 3835 9403 15429 24674 18097
 ... : 284 498 4060 3835 9403 15429 24674 18298
 ... : 284 498 4060 3835 9403 15429 24674 18499
 ... : 284 498 4060 3835 9403 15429 24674 18698
 ... : 284 498 4060 3835 9404 15417 24681 18847
 ... : 284 498 4060 3835 9404 15406 24681 18966
 ... : 284 498 4060 3835 9404 15406 24681 19066
 ... : 284 498 4060 3835 9404 15406 24663 19176
 ... : 284 498 4060 3835 9404 15408 24590 19308
 ... : 284 498 4060 3835 9404 15408 24592 19493
 ... : 284 498 4060 3835 9404 15408 24597 19553
 ... : 284 498 4060 3835 9404 15409 24593 19639
 ... : 284 498 4060 3835 9404 15409 24573 19792
 ... : 284 498 4060 3835 9404 15409 24608 19923
 ... : 284 498 4060 3835 9404 15409 24658 20024
 ... : 284 498 4060 3835 9404 15409 24695 20124
 ... : 284 498 4060 3835 9404 15409 24696 20224
 ... : 284 498 4060 3835 9404 15409 24696 20325
 ... : 284 498 4060 3835 9404 15406 24719 20437
 ... : 284 498 4060 3835 9404 15407 24739 20567
 ... : 284 498 4060 3835 9404 15407 24739 20768
 ... : 284 498 4060 3835 9404 15407 24739 20969
 ... : 284 498 4060 3835 9404 15409 24740 21149
 ... : 284 498 4060 3835 9404 15408 24623 21307
 ... : 284 498 4060 3835 9404 15405 24543 21425
 ... : 284 498 4060 3835 9404 15401 24539 21486
 ... : 284 498 4060 3835 9404 15400 24533 21562
 ... : 284 498 4060 3835 9404 15403 24524 21646
 ... : 284 498 4060 3835 9404 15403 24524 21847
 ... : 284 498 4060 3835 9404 15403 24524 22048
 ... : 284 498 4060 3835 9404 15403 24490 22213
 ... : 284 498 4060 3835 9404 15403 24466 22394
 ... : 284 498 4060 3835 9404 15403 24465 22588
 ... : 284 498 4060 3835 9405 15404 24407 22769
 ... : 284 498 4060 3835 9405 15404 24401 22970
 ... : 284 498 4060 3835 9405 15404 24401 23171
 ... : 284 498 4060 3835 9405 15404 24401 23372
 ... : 284 498 4060 3835 9405 15404 24401 23573
 ... : 284 498 4060 3835 9405 15404 24401 23774
 ... : 284 498 4060 3835 9405 15404 24402 23973
 ... : 284 498 4060 3835 9405 15404 24402 24174
 ... : 284 498 4060 3835 9405 15404 24402 24375
 ... : 284 498 4060 3835 9405 15404 24402 24576
 ... : 284 498 4060 3835 9405 15404 24402 24777
 ... : 284 498 4060 3835 9405 15404 24402 24978
   9 : 284 498 4047 3813 9191 14107 21624 22557 5722
 ... : 284 498 4047 3814 9192 14110 21628 22564 5862
 ... : 284 498 4047 3814 9192 14110 21628 22600 5954
 ... : 284 498 4047 3814 9192 14110 21628 22635 6054
 ... : 284 498 4047 3814 9192 14110 21628 22644 6194
 ... : 284 498 4047 3814 9192 14110 21628 22644 6395
 ... : 284 498 4047 3814 9192 14110 21628 22644 6596
 ... : 284 498 4047 3814 9192 14110 21630 22652 6774
 ... : 284 498 4047 3816 9196 14112 21635 22688 6805
 ... : 284 498 4047 3824 9207 14120 21646 22705 6828
 ... : 284 498 4047 3831 9212 14132 21659 22723 6860
 ... : 284 498 4047 3838 9216 14141 21670 22738 6896
 ... : 284 498 4047 3848 9224 14156 21681 22750 6924
 ... : 284 498 4047 3855 9228 14164 21690 22762 6957
 ... : 284 498 4047 3862 9232 14172 21702 22777 6994
 ... : 284 498 4047 3871 9238 14181 21712 22789 7024
 ... : 284 498 4047 3877 9244 14188 21724 22806 7053
 ... : 284 498 4047 3882 9246 14195 21735 22822 7085
 ... : 284 498 4047 3890 9254 14206 21749 22840 7111
 ... : 284 498 4047 3897 9257 14213 21762 22852 7142
 ... : 284 498 4047 3904 9266 14228 21774 22872 7168
 ... : 284 498 4047 3913 9270 14238 21785 22881 7199
 ... : 284 498 4047 3918 9275 14246 21800 22895 7230
 ... : 284 498 4048 3925 9278 14251 21810 22917 7259
 ... : 284 498 4048 3931 9285 14266 21821 22934 7288
 ... : 284 498 4048 3938 9292 14276 21833 22953 7320
 ... : 284 498 4048 3946 9299 14286 21844 22972 7348
 ... : 284 498 4048 3952 9301 14293 21855 22984 7383
 ... : 284 498 4048 3960 9305 14301 21866 23007 7414
 ... : 284 498 4048 3966 9308 14308 21875 23020 7446
 ... : 284 498 4048 3972 9312 14316 21887 23034 7479
 ... : 284 498 4048 3979 9314 14324 21897 23050 7509
 ... : 284 498 4048 3986 9318 14335 21914 23068 7538
 ... : 284 498 4048 3995 9326 14345 21923 23081 7573
 ... : 284 498 4048 4002 9332 14353 21933 23099 7599
 ... : 284 498 4048 4008 9337 14364 21943 23119 7629
 ... : 284 498 4048 4014 9342 14371 21954 23129 7670
 ... : 284 498 4048 4014 9342 14372 21956 23133 7835
 ... : 284 498 4048 4014 9342 14372 21955 23153 7978
 ... : 284 498 4048 4014 9342 14372 21955 23203 8078
 ... : 284 498 4048 4014 9342 14372 21955 23249 8188
 ... : 284 498 4048 4014 9342 14372 21954 23248 8384
 ... : 284 498 4048 4014 9342 14372 21957 23285 8443
 ... : 284 498 4048 4014 9342 14372 21965 23298 8508
 ... : 284 498 4048 4014 9342 14372 21978 23327 8572
 ... : 284 498 4048 4014 9342 14372 21990 23365 8644
 ... : 284 498 4048 4015 9344 14375 22000 23390 8733
 ... : 284 498 4048 4015 9344 14374 22001 23413 8872
 ... : 284 498 4048 4015 9344 14374 22001 23461 8951
 ... : 284 498 4048 4015 9344 14375 22005 23494 9031
 ... : 284 498 4048 4015 9344 14375 22005 23542 9106
 ... : 284 498 4048 4015 9344 14375 22006 23597 9171
 ... : 284 498 4048 4015 9344 14375 22008 23647 9236
 ... : 284 498 4048 4015 9344 14374 22010 23702 9299
 ... : 284 498 4048 4015 9344 14372 22013 23752 9366
 ... : 284 498 4048 4016 9346 14375 22023 23790 9429
 ... : 284 502 4057 4033 9362 14397 22044 23807 9429
 ... : 284 505 4062 4043 9375 14425 22077 23824 9429
 ... : 284 505 4062 4043 9376 14436 22105 23862 9453
 ... : 284 505 4062 4043 9375 14435 22113 23882 9516
 ... : 284 505 4062 4046 9383 14443 22134 23914 9547
 ... : 284 505 4062 4049 9389 14451 22159 23948 9578
 ... : 284 505 4062 4052 9395 14458 22177 23973 9611
 ... : 284 505 4062 4056 9404 14465 22194 23994 9653
 ... : 284 505 4062 4058 9408 14472 22207 24025 9693
 ... : 284 505 4062 4062 9416 14478 22227 24056 9726
 ... : 284 505 4062 4064 9422 14485 22251 24082 9762
 ... : 284 505 4062 4069 9429 14490 22269 24115 9792
 ... : 284 505 4062 4071 9431 14493 22284 24152 9836
 ... : 284 505 4062 4074 9438 14504 22308 24181 9859
 ... : 284 505 4062 4076 9443 14509 22325 24205 9904
 ... : 284 505 4062 4080 9451 14519 22348 24233 9929
 ... : 284 505 4062 4081 9454 14522 22360 24269 9970
 ... : 284 505 4062 4086 9461 14530 22383 24289 10003
 ... : 284 505 4062 4088 9464 14539 22399 24323 10029
 ... : 284 505 4062 4090 9470 14548 22423 24351 10060
 ... : 284 505 4062 4093 9476 14554 22440 24378 10096
 ... : 284 505 4062 4095 9484 14561 22458 24394 10134
 ... : 284 505 4062 4098 9486 14569 22484 24419 10167
 ... : 284 505 4062 4099 9492 14577 22506 24446 10193
 ... : 284 505 4062 4101 9495 14582 22525 24473 10229
 ... : 284 505 4062 4102 9497 14586 22536 24510 10272
 ... : 284 505 4062 4105 9503 14593 22553 24535 10303
 ... : 284 505 4062 4107 9509 14597 22572 24564 10343
 ... : 284 505 4062 4110 9514 14604 22594 24593 10370
 ... : 284 505 4062 4113 9520 14610 22614 24620 10403
 ... : 284 505 4062 4116 9526 14616 22634 24645 10446
 ... : 284 505 4062 4116 9530 14628 22655 24673 10469
 ... : 284 505 4062 4118 9535 14632 22674 24704 10509
 ... : 284 505 4062 4121 9540 14641 22690 24725 10539
 ... : 284 505 4062 4127 9548 14649 22708 24755 10563
 ... : 284 505 4062 4130 9553 14656 22734 24778 10591
 ... : 284 505 4062 4133 9559 14664 22751 24812 10623
 ... : 284 505 4062 4136 9567 14672 22774 24840 10656
 ... : 284 505 4062 4137 9571 14675 22790 24861 10698
 ... : 284 505 4062 4138 9573 14680 22808 24888 10736
 ... : 284 505 4062 4141 9579 14689 22835 24920 10770
 ... : 284 505 4062 4143 9582 14695 22853 24947 10804
 ... : 284 505 4062 4146 9588 14705 22870 24975 10831
 ... : 284 505 4062 4150 9594 14711 22895 25002 10862
 ... : 284 505 4062 4156 9598 14716 22909 25031 10895
 ... : 284 505 4062 4156 9604 14723 22932 25060 10921
 ... : 284 505 4062 4160 9609 14729 22954 25089 10951
 ... : 284 505 4062 4162 9614 14734 22972 25119 10990
 ... : 284 505 4062 4165 9619 14741 22991 25143 11023
 ... : 284 505 4062 4168 9624 14747 23006 25172 11055
 ... : 284 505 4062 4171 9629 14754 23031 25203 11082
 ... : 284 505 4062 4174 9637 14760 23046 25229 11117
 ... : 284 505 4062 4177 9641 14771 23065 25252 11154
 ... : 284 505 4062 4178 9645 14778 23081 25283 11194
 ... : 284 505 4062 4178 9650 14787 23101 25308 11224
 ... : 284 505 4062 4181 9656 14797 23127 25334 11259
 ... : 284 505 4062 4183 9660 14803 23138 25368 11286
 ... : 284 505 4062 4187 9665 14808 23161 25394 11327
 ... : 284 505 4062 4192 9674 14819 23181 25422 11354
 ... : 284 505 4062 4195 9677 14827 23207 25456 11379
 ... : 284 505 4062 4197 9680 14832 23224 25484 11417
 ... : 284 505 4062 4199 9686 14837 23237 25520 11454
 ... : 284 505 4062 4202 9693 14846 23257 25542 11484
 ... : 284 505 4062 4205 9697 14851 23278 25571 11520
 ... : 284 505 4062 4209 9705 14859 23304 25594 11549
 ... : 284 505 4062 4211 9709 14866 23321 25621 11586
 ... : 284 505 4062 4215 9716 14874 23342 25645 11617
 ... : 284 505 4062 4218 9720 14880 23360 25674 11648
 ... : 284 505 4062 4220 9724 14885 23380 25700 11682
 ... : 284 505 4062 4222 9728 14890 23401 25724 11719
 ... : 284 505 4062 4226 9734 14898 23422 25754 11744
 ... : 284 505 4062 4229 9740 14905 23445 25775 11781
 ... : 284 505 4062 4232 9747 14915 23466 25803 11802
 ... : 284 505 4062 4235 9753 14922 23485 25826 11840
 ... : 284 505 4062 4238 9759 14930 23501 25856 11872
 ... : 284 505 4062 4243 9767 14940 23531 25877 11895
 ... : 284 505 4062 4243 9768 14945 23546 25904 11941
 ... : 284 505 4062 4246 9776 14952 23561 25928 11976
 ... : 284 505 4062 4248 9782 14957 23582 25959 12005
 ... : 284 505 4062 4252 9791 14965 23606 25982 12033
 ... : 284 505 4062 4254 9795 14972 23626 26008 12070
 ... : 284 505 4062 4259 9799 14978 23637 26035 12104
 ... : 284 505 4062 4259 9805 14986 23658 26060 12132
 ... : 284 505 4063 4264 9811 14996 23673 26076 12159
 ... : 284 505 4063 4267 9817 15003 23694 26103 12197
 ... : 284 505 4063 4271 9823 15012 23721 26134 12217
 ... : 284 505 4063 4274 9828 15019 23740 26158 12249
 ... : 284 505 4063 4277 9834 15026 23757 26181 12287
 ... : 284 505 4063 4280 9840 15034 23772 26207 12320
 ... : 284 505 4063 4282 9847 15045 23790 26237 12347
 ... : 284 505 4063 4284 9851 15050 23807 26271 12381
 ... : 284 505 4063 4289 9858 15057 23831 26302 12414
 ... : 284 505 4063 4293 9865 15065 23855 26338 12435
 ... : 284 505 4063 4297 9870 15073 23872 26351 12480
 ... : 284 505 4063 4301 9876 15081 23899 26371 12510
 ... : 284 505 4063 4304 9882 15089 23918 26401 12534
 ... : 284 505 4063 4308 9886 15095 23935 26419 12581
 ... : 284 505 4063 4310 9892 15103 23956 26443 12610
 ... : 284 505 4063 4311 9894 15107 23972 26474 12652
 ... : 284 505 4063 4314 9898 15114 23991 26499 12690
 ... : 284 505 4063 4317 9904 15121 24010 26531 12716
 ... : 284 505 4063 4318 9910 15126 24028 26556 12757
 ... : 284 505 4063 4321 9917 15134 24049 26579 12779
 ... : 284 505 4063 4325 9923 15141 24072 26611 12800
 ... : 284 505 4063 4329 9929 15148 24094 26631 12838
 ... : 284 505 4063 4331 9932 15151 24112 26658 12877
 ... : 284 505 4063 4333 9935 15159 24122 26679 12910
 ... : 284 505 4063 4339 9941 15168 24145 26709 12940
 ... : 284 505 4063 4345 9947 15176 24169 26739 12965
 ... : 284 505 4063 4349 9953 15185 24197 26767 12993
 ... : 284 505 4063 4353 9961 15192 24211 26792 13037
 ... : 284 505 4063 4353 9967 15198 24228 26818 13071
 ... : 284 505 4063 4357 9972 15206 24254 26845 13100
 ... : 284 505 4063 4361 9983 15214 24272 26879 13127
 ... : 284 505 4063 4363 9990 15221 24289 26910 13164
 ... : 284 505 4063 4366 9995 15229 24304 26935 13191
 ... : 284 505 4063 4369 9999 15237 24318 26953 13223
 ... : 284 505 4063 4375 10006 15247 24346 26983 13249
 ... : 284 505 4063 4378 10016 15256 24357 27007 13276
 ... : 284 505 4063 4382 10025 15262 24382 27035 13302
 ... : 284 505 4063 4385 10029 15268 24399 27067 13345
 ... : 284 505 4063 4387 10036 15274 24411 27096 13374
 ... : 284 505 4063 4391 10040 15281 24428 27123 13407
 ... : 284 505 4063 4390 10041 15287 24449 27162 13446
 ... : 284 511 4072 4411 10064 15312 24451 27172 13464
 ... : 284 511 4072 4411 10070 15327 24495 27205 13470
 ... : 284 511 4072 4411 10069 15327 24488 27220 13570
 ... : 284 511 4072 4411 10069 15327 24489 27234 13730
 ... : 284 511 4072 4410 10071 15327 24492 27241 13799
 ... : 284 511 4072 4412 10072 15330 24495 27257 13858
 ... : 284 511 4072 4412 10072 15330 24495 27182 14019
 ... : 284 511 4072 4412 10073 15331 24498 27218 14089
 ... : 284 511 4072 4412 10073 15331 24498 27259 14205
 ... : 284 511 4072 4412 10073 15331 24499 27277 14358
 ... : 284 511 4072 4412 10073 15332 24506 27318 14433
 ... : 284 511 4072 4412 10073 15328 24516 27359 14512
 ... : 284 511 4072 4412 10073 15328 24519 27409 14581
 ... : 284 511 4072 4412 10073 15326 24526 27449 14653
 ... : 284 511 4072 4412 10073 15326 24529 27476 14771
 ... : 284 511 4072 4412 10074 15326 24537 27499 14873
 ... : 284 511 4072 4413 10074 15330 24550 27532 14919
 ... : 284 511 4072 4413 10075 15332 24563 27556 14975
 ... : 284 511 4072 4413 10075 15337 24577 27588 15023
