initialized model with 1660 latches, 144 inputs and 1 properties
tsim: performed 44 steps
tsim: found cycle from 41
checking bound 0
checking bound 1
checking bound 2
tdecomp: unrolling 2 cycles
tsim: performed 42 steps
tsim: found cycle from 39
tsim: found 1 constants and 0 latch equivalences
seqsimpl: found 2 latch equivalences
tdecomp: (1660, 576) -> (1657, 170)
   2 : 2 0
   3 : 3 2 2
   4 : 6 3 1 9
   5 : 6 3 1 1 8
   6 : 6 3 1 1 1 7
 ... : 6 3 3 4 10 59
 ... : 10 8 10 16 22 97
 ... : 13 12 17 26 30 145
 ... : 16 15 25 35 56 190
 ... : 25 25 40 49 61 223
 ... : 25 25 43 60 77 274
 ... : 26 27 48 68 95 319
 ... : 38 36 55 72 101 368
 ... : 38 36 63 82 106 418
   7 : 37 33 48 69 106 64 420
   8 : 37 33 48 69 106 62 29 395
 ... : 37 33 48 69 105 66 49 447
 ... : 37 33 49 73 123 79 66 479
 ... : 37 33 50 76 136 85 70 519
 ... : 37 33 50 85 146 101 77 554
 ... : 37 33 55 84 149 109 88 582
 ... : 38 35 53 92 170 117 92 622
 ... : 38 35 58 107 196 136 109 648
 ... : 38 35 61 116 202 154 130 674
 ... : 38 35 63 120 215 172 150 719
 ... : 38 36 67 125 222 182 160 732
 ... : 38 36 68 127 235 211 178 758
 ... : 38 36 74 130 261 225 182 790
 ... : 40 37 90 135 281 228 183 817
 ... : 40 37 90 141 299 246 203 831
   9 : 40 36 85 124 274 244 206 134 716
 ... : 40 38 87 128 278 253 218 151 756
 ... : 40 39 91 133 287 258 220 155 791
 ... : 40 39 91 133 291 269 233 188 828
 ... : 40 39 92 137 297 277 245 209 858
 ... : 40 39 92 137 305 283 255 244 892
 ... : 40 39 88 137 310 293 265 263 894
 ... : 40 39 89 141 321 309 279 280 914
 ... : 40 39 89 141 329 309 286 280 965
 ... : 40 39 89 142 343 312 301 283 997
 ... : 40 39 89 142 344 315 304 284 1044
 ... : 41 40 90 143 345 321 312 294 1088
 ... : 41 41 91 143 345 331 334 314 1118
 ... : 41 41 92 146 349 338 344 333 1150
 ... : 41 41 92 147 358 356 360 355 1166
 ... : 41 41 92 152 370 372 374 372 1190
 ... : 41 41 92 152 378 385 392 397 1227
 ... : 41 41 92 152 381 393 403 414 1266
 ... : 41 41 92 152 386 395 424 453 1290
 ... : 41 41 93 157 400 424 438 463 1302
 ... : 41 41 101 171 412 434 448 470 1313
 ... : 41 41 105 177 418 446 447 438 1301
 ... : 41 41 105 178 423 456 461 460 1331
 ... : 41 42 106 201 442 465 467 460 1361
 ... : 41 45 111 209 450 466 472 465 1380
  10 : 41 43 104 192 413 422 405 314 267 1281
 ... : 41 43 104 192 413 422 410 324 295 1330
 ... : 41 43 104 192 413 424 414 340 313 1361
 ... : 41 44 107 194 424 443 438 356 324 1367
 ... : 41 44 108 197 428 457 457 368 336 1387
 ... : 41 44 117 207 452 476 465 368 341 1397
 ... : 41 45 123 216 469 501 476 370 348 1404
 ... : 41 45 123 216 469 503 490 391 363 1436
 ... : 41 45 123 219 479 519 504 403 373 1454
 ... : 41 45 123 219 482 530 521 420 381 1468
 ... : 41 45 123 220 483 542 531 430 397 1488
 ... : 41 45 123 220 493 561 547 438 406 1508
 ... : 41 45 131 224 502 575 563 449 411 1520
 ... : 41 45 134 229 510 587 579 461 414 1539
 ... : 41 45 134 231 530 612 609 465 416 1551
 ... : 41 45 134 231 534 621 640 492 416 1573
 ... : 41 45 134 237 541 658 665 496 417 1586
 ... : 41 45 135 240 557 681 692 509 420 1596
 ... : 41 45 135 241 575 702 727 515 425 1612
 ... : 41 45 135 243 582 731 746 529 428 1636
 ... : 41 45 135 243 586 747 779 555 431 1649
 ... : 41 45 136 244 590 757 810 598 438 1655
 ... : 41 45 142 253 597 757 834 621 440 1662
 ... : 41 45 142 253 596 757 837 655 458 1691
 ... : 41 45 142 253 596 764 856 693 472 1714
 ... : 41 45 142 253 596 762 865 720 493 1741
 ... : 41 45 142 253 597 769 882 750 517 1761
 ... : 41 45 142 253 598 774 898 784 541 1779
 ... : 41 45 142 253 598 774 917 831 570 1790
 ... : 41 45 142 253 599 780 933 866 594 1814
 ... : 41 45 142 253 603 788 953 897 625 1828
 ... : 41 45 142 254 606 799 962 920 643 1848
 ... : 41 45 142 254 611 821 985 922 650 1877
 ... : 41 46 143 255 613 823 996 938 655 1912
 ... : 41 46 143 255 612 827 1019 965 670 1938
 ... : 41 46 143 257 620 842 1035 977 677 1954
 ... : 41 46 143 257 621 847 1048 993 685 1984
 ... : 41 46 143 257 621 851 1069 1031 704 2006
 ... : 41 46 143 259 623 866 1083 1043 720 2026
 ... : 41 46 144 262 627 875 1093 1063 750 2039
 ... : 41 46 144 263 631 891 1120 1091 760 2047
 ... : 41 46 144 265 635 907 1137 1127 777 2058
 ... : 41 46 144 265 635 915 1149 1150 796 2082
 ... : 41 46 144 265 635 923 1172 1189 813 2105
 ... : 41 46 144 265 635 928 1186 1216 834 2137
 ... : 41 46 144 265 635 928 1193 1230 856 2151
 ... : 41 46 144 265 635 929 1201 1237 866 2202
 ... : 41 46 144 265 635 929 1203 1238 866 2267
 ... : 41 46 144 265 635 949 1212 1241 873 2314
 ... : 41 46 144 265 635 964 1215 1245 873 2368
 ... : 41 46 144 265 635 967 1226 1258 880 2421
 ... : 41 46 144 265 635 968 1231 1268 884 2479
 ... : 41 46 144 265 638 974 1236 1284 892 2504
 ... : 41 46 144 266 643 979 1236 1298 900 2523
 ... : 41 46 144 269 648 987 1251 1325 924 2543
 ... : 41 46 144 269 648 991 1263 1355 954 2567
 ... : 41 46 144 269 649 992 1269 1382 985 2599
 ... : 41 46 144 269 650 996 1273 1395 1016 2644
 ... : 41 46 144 269 652 1002 1288 1415 1042 2674
 ... : 41 46 144 277 666 1012 1278 1376 1023 2667
 ... : 41 46 144 277 666 1013 1292 1394 1048 2705
 ... : 41 46 144 277 666 1013 1296 1418 1086 2747
 ... : 41 46 144 277 669 1019 1305 1441 1102 2787
 ... : 41 46 144 277 669 1019 1315 1463 1134 2818
 ... : 41 46 146 284 679 1021 1303 1448 1112 2835
 ... : 41 46 146 284 683 1032 1324 1471 1130 2849
 ... : 41 46 146 292 690 1048 1342 1490 1139 2855
 ... : 41 46 146 293 691 1053 1365 1505 1156 2870
 ... : 41 46 146 293 692 1057 1374 1519 1181 2897
 ... : 41 46 146 293 692 1062 1388 1538 1216 2940
 ... : 41 46 146 293 692 1064 1396 1551 1247 2988
 ... : 41 46 146 293 692 1064 1396 1562 1291 3045
 ... : 41 46 146 295 697 1078 1415 1586 1316 3066
 ... : 41 47 150 299 711 1095 1442 1596 1326 3084
 ... : 41 47 150 299 712 1098 1453 1618 1359 3122
 ... : 41 47 150 299 712 1100 1463 1643 1386 3164
 ... : 41 47 150 299 712 1103 1473 1660 1418 3207
 ... : 41 47 150 299 712 1108 1487 1688 1459 3232
 ... : 41 47 150 299 713 1114 1509 1713 1489 3264
 ... : 41 47 150 299 713 1114 1515 1730 1517 3307
 ... : 41 47 150 299 713 1116 1521 1749 1551 3352
 ... : 41 47 150 299 713 1116 1522 1758 1594 3412
 ... : 41 47 150 299 714 1118 1526 1763 1611 3438
 ... : 41 47 150 299 715 1119 1531 1786 1648 3466
 ... : 41 47 150 299 715 1119 1543 1809 1687 3504
 ... : 41 47 150 299 715 1121 1553 1830 1716 3544
 ... : 41 47 150 302 721 1131 1562 1853 1743 3578
 ... : 41 47 150 305 731 1149 1595 1877 1751 3594
 ... : 41 47 150 305 731 1150 1614 1909 1784 3615
 ... : 41 47 150 305 731 1151 1618 1921 1814 3673
 ... : 41 47 150 305 731 1152 1622 1940 1845 3727
 ... : 41 47 150 305 730 1156 1637 1962 1875 3767
 ... : 41 47 150 305 730 1156 1641 1980 1917 3813
 ... : 41 47 150 305 730 1157 1648 1995 1954 3855
 ... : 41 47 151 311 738 1170 1660 2012 1982 3873
 ... : 41 47 152 315 746 1185 1681 2030 1995 3893
 ... : 41 47 154 319 752 1194 1692 2048 2025 3924
 ... : 41 47 154 320 759 1208 1721 2069 2039 3936
 ... : 41 47 154 320 760 1217 1741 2100 2072 3953
 ... : 41 47 154 320 769 1237 1773 2111 2075 3966
 ... : 41 47 160 329 779 1268 1798 2122 2081 3972
 ... : 41 47 160 331 787 1288 1838 2143 2092 3978
 ... : 41 47 160 331 787 1292 1858 2183 2113 3986
 ... : 41 47 160 331 787 1293 1866 2215 2156 4005
 ... : 41 47 160 331 787 1294 1880 2250 2179 4017
 ... : 41 47 160 331 790 1303 1899 2276 2191 4036
 ... : 41 47 160 332 793 1309 1915 2300 2216 4058
 ... : 41 47 160 333 796 1313 1931 2331 2240 4079
 ... : 41 47 159 329 786 1201 1863 2143 1956 3880
 ... : 41 47 159 329 786 1201 1857 2123 1935 3780
 ... : 41 47 159 329 790 1212 1875 2147 1951 3797
 ... : 41 47 159 329 796 1222 1891 2173 1975 3815
 ... : 41 47 160 335 803 1233 1896 2173 1975 3831
 ... : 41 47 160 335 804 1238 1907 2197 2007 3860
 ... : 41 47 163 339 818 1252 1919 2203 2016 3880
 ... : 41 47 164 343 834 1277 1955 2210 2019 3887
 ... : 41 47 165 345 841 1296 1988 2238 2024 3894
 ... : 41 47 165 345 852 1315 2024 2264 2028 3906
 ... : 41 47 165 345 852 1330 2056 2296 2033 3922
 ... : 41 47 165 345 852 1334 2066 2314 2060 3955
 ... : 41 47 165 345 856 1347 2089 2333 2080 3981
 ... : 41 47 165 345 858 1354 2108 2353 2096 4010
 ... : 41 47 165 345 859 1361 2123 2379 2124 4029
 ... : 41 47 167 352 867 1375 2144 2397 2127 4045
 ... : 41 47 167 353 867 1377 2147 2403 2140 4074
 ... : 41 47 168 364 885 1392 2167 2408 2144 4086
 ... : 41 47 168 364 887 1416 2212 2431 2150 4089
 ... : 41 47 168 364 893 1424 2233 2440 2177 4106
 ... : 41 47 168 364 897 1435 2248 2447 2191 4127
 ... : 41 47 168 364 900 1451 2286 2474 2208 4135
 ... : 41 47 171 367 902 1457 2307 2501 2230 4145
 ... : 41 47 172 367 905 1485 2339 2534 2230 4156
 ... : 41 47 172 367 908 1491 2353 2552 2244 4180
 ... : 41 47 172 367 908 1494 2377 2585 2264 4205
 ... : 41 47 172 367 909 1506 2408 2627 2282 4217
 ... : 41 47 172 367 909 1512 2428 2658 2322 4229
 ... : 41 47 176 376 920 1528 2448 2673 2329 4241
 ... : 41 47 176 377 916 1536 2458 2686 2345 4257
 ... : 41 47 176 377 916 1540 2482 2715 2358 4278
 ... : 41 47 176 377 916 1544 2498 2750 2383 4303
 ... : 41 47 176 377 916 1544 2502 2776 2422 4329
 ... : 41 47 176 377 916 1547 2519 2808 2450 4346
 ... : 41 47 176 377 916 1548 2535 2844 2478 4371
 ... : 41 47 176 377 916 1550 2545 2887 2497 4410
 ... : 41 47 176 377 916 1550 2555 2943 2533 4430
 ... : 41 47 176 377 919 1556 2568 2978 2568 4445
 ... : 41 47 176 377 919 1559 2581 3030 2598 4461
 ... : 41 47 176 377 919 1563 2590 3074 2641 4471
 ... : 41 47 176 377 919 1566 2598 3099 2673 4496
 ... : 41 47 176 377 922 1585 2635 3128 2674 4511
 ... : 41 47 176 377 926 1596 2657 3163 2694 4525
 ... : 41 47 176 377 926 1601 2671 3195 2723 4550
 ... : 41 47 176 378 929 1609 2689 3232 2739 4576
 ... : 41 47 176 378 930 1623 2711 3251 2760 4594
 ... : 41 47 176 378 933 1631 2728 3284 2784 4612
 ... : 41 47 176 378 933 1647 2753 3307 2804 4627
 ... : 41 47 176 378 933 1648 2754 3334 2835 4643
 ... : 41 47 176 378 933 1649 2772 3382 2873 4656
 ... : 41 47 176 378 933 1652 2792 3425 2890 4677
 ... : 41 47 176 378 933 1652 2806 3467 2922 4691
 ... : 41 47 176 378 933 1653 2823 3506 2949 4711
 ... : 41 47 176 378 933 1656 2837 3548 2994 4724
 ... : 41 47 176 378 933 1658 2854 3605 3034 4728
 ... : 41 47 176 379 937 1671 2873 3645 3063 4734
 ... : 41 47 176 379 937 1672 2895 3688 3085 4748
 ... : 41 47 176 380 937 1673 2906 3731 3121 4762
 ... : 41 47 176 380 937 1682 2931 3776 3148 4768
 ... : 41 47 176 380 942 1693 2947 3802 3181 4775
 ... : 41 47 176 380 942 1697 2970 3846 3217 4782
 ... : 41 47 176 380 943 1700 2981 3886 3261 4799
 ... : 41 47 176 380 946 1710 3000 3901 3288 4813
 ... : 41 47 176 384 956 1716 3017 3907 3300 4824
 ... : 41 47 176 384 962 1729 3034 3918 3320 4842
 ... : 41 47 176 388 970 1768 3078 3944 3320 4842
 ... : 41 47 176 388 970 1775 3112 4001 3329 4850
 ... : 41 47 176 388 970 1779 3122 4039 3373 4865
 ... : 41 47 176 388 977 1795 3151 4061 3376 4881
 ... : 43 50 180 395 986 1805 3168 4072 3380 4889
 ... : 44 51 182 397 988 1814 3192 4093 3396 4899
 ... : 44 51 182 397 989 1826 3218 4125 3418 4910
 ... : 46 54 190 412 1002 1835 3229 4133 3435 4922
 ... : 47 55 190 415 1007 1842 3243 4111 3382 4927
 ... : 47 55 190 415 1008 1859 3265 4143 3396 4946
 ... : 47 55 190 415 1008 1859 3282 4182 3429 4965
 ... : 47 55 190 415 1010 1872 3300 4209 3459 4977
 ... : 47 56 190 403 1009 1879 3330 4244 3472 4987
 ... : 47 56 190 403 1009 1881 3341 4297 3514 4997
 ... : 47 56 190 403 1009 1881 3349 4354 3564 5009
 ... : 47 56 190 403 1008 1883 3370 4393 3599 5025
 ... : 47 56 190 403 1008 1906 3409 4430 3605 5035
 ... : 47 56 190 403 1010 1919 3435 4458 3635 5054
 ... : 47 56 190 403 1010 1924 3451 4495 3676 5062
 ... : 47 56 192 404 1009 1903 3473 4530 3704 5074
 ... : 47 56 198 404 1012 1915 3473 4546 3709 5092
 ... : 47 56 198 407 1021 1926 3494 4558 3724 5105
 ... : 47 56 198 409 1027 1945 3514 4574 3735 5118
 ... : 47 56 196 409 1030 1960 3524 4591 3749 5130
 ... : 47 56 196 409 1031 1970 3546 4614 3769 5152
 ... : 47 56 198 408 1020 1945 3502 4622 3782 5166
 ... : 47 56 198 408 1028 1957 3519 4628 3794 5195
 ... : 47 56 198 408 1028 1956 3525 4660 3831 5205
 ... : 47 56 198 408 1028 1964 3549 4693 3862 5216
 ... : 47 56 198 411 1035 1982 3522 4672 3879 5226
 ... : 47 56 197 413 1039 1994 3542 4693 3897 5239
 ... : 47 56 197 413 1041 2012 3563 4724 3920 5252
 ... : 47 56 197 413 1042 2019 3588 4755 3942 5263
 ... : 47 56 197 413 1043 2024 3552 4344 3839 5272
 ... : 47 56 198 415 1046 2027 3560 4361 3868 5278
 ... : 47 56 198 416 1053 2051 3579 4376 3870 5297
 ... : 47 56 198 416 1060 2065 3598 4389 3879 5318
 ... : 47 56 198 416 1071 2077 3620 4402 3886 5333
 ... : 47 56 198 416 1077 2090 3644 4418 3896 5354
 ... : 47 56 198 416 1078 2092 3647 4425 3933 5374
 ... : 47 56 198 416 1078 2094 3649 4435 3947 5424
 ... : 47 56 198 416 1084 2108 3675 4456 3961 5448
 ... : 47 56 198 416 1091 2128 3696 4478 3975 5468
 ... : 47 56 198 417 1096 2137 3709 4498 3989 5496
 ... : 47 56 198 418 1104 2149 3719 4517 3998 5513
 ... : 47 56 198 418 1108 2169 3731 4533 4014 5524
 ... : 47 56 198 418 1114 2186 3755 4552 4023 5536
 ... : 47 56 198 418 1126 2203 3786 4594 4033 5540
 ... : 47 56 197 418 1134 2215 3803 4601 4041 5558
 ... : 47 56 197 418 1140 2222 3810 4606 4058 5579
 ... : 47 56 197 418 1140 2222 3812 4621 4087 5607
 ... : 47 56 197 421 1151 2235 3822 4631 4091 5627
 ... : 47 56 197 421 1155 2242 3841 4656 4094 5636
 ... : 47 56 197 421 1155 2242 3829 4678 4099 5649
 ... : 47 56 197 421 1156 2246 3839 4706 4103 5668
 ... : 47 56 197 421 1157 2250 3846 4718 4121 5705
 ... : 47 56 197 421 1159 2258 3862 4739 4151 5737
 ... : 47 56 197 421 1159 2261 3872 4762 4179 5775
 ... : 47 56 197 421 1159 2266 3878 4759 4200 5814
 ... : 47 56 197 422 1161 2270 3885 4771 4234 5858
 ... : 47 56 197 422 1161 2272 3893 4789 4262 5894
 ... : 47 56 197 424 1163 2282 3919 4799 4273 5906
 ... : 47 56 197 424 1163 2282 3922 4807 4302 5973
 ... : 47 56 197 424 1163 2282 3922 4811 4323 6034
 ... : 47 56 197 424 1163 2282 3922 4812 4318 6087
 ... : 47 56 197 424 1163 2282 3924 4818 4340 6135
 ... : 47 56 197 424 1163 2282 3924 4818 4342 6169
 ... : 47 56 197 424 1163 2282 3924 4826 4354 6169
 ... : 47 56 197 424 1163 2282 3924 4829 4359 6190
 ... : 47 56 197 424 1162 2280 3918 4824 4367 6218
 ... : 47 56 197 424 1162 2280 3918 4824 4372 6254
 ... : 47 56 197 424 1162 2280 3918 4827 4377 6282
 ... : 47 56 197 424 1162 2280 3918 4827 4371 6294
 ... : 47 56 197 424 1162 2280 3918 4827 4371 6311
 ... : 47 56 197 424 1162 2280 3918 4827 4375 6332
 ... : 47 56 197 424 1161 2286 3933 4862 4402 6365
 ... : 47 56 197 424 1161 2286 3942 4877 4431 6396
 ... : 47 56 197 424 1161 2286 3954 4923 4470 6410
 ... : 47 56 197 424 1161 2287 3974 4972 4502 6424
 ... : 47 56 197 423 1161 2289 3993 5021 4538 6438
 ... : 47 56 197 423 1161 2289 4015 5073 4573 6451
 ... : 47 56 197 423 1162 2293 4029 5116 4610 6465
 ... : 47 56 197 423 1163 2299 4046 5159 4650 6469
 ... : 47 56 197 423 1163 2299 4064 5212 4695 6475
 ... : 47 56 197 423 1164 2305 4078 5232 4712 6509
 ... : 47 56 197 423 1164 2309 4098 5270 4749 6514
 ... : 47 56 197 423 1164 2311 4118 5325 4801 6514
 ... : 47 56 197 423 1164 2317 4144 5370 4838 6520
 ... : 47 56 197 423 1164 2319 4166 5417 4874 6526
 ... : 47 56 197 423 1164 2321 4179 5446 4917 6535
 ... : 47 56 197 423 1164 2324 4192 5473 4953 6570
 ... : 47 56 197 423 1164 2325 4198 5485 4996 6623
 ... : 47 56 197 423 1164 2325 4218 5532 5027 6640
 ... : 47 56 197 423 1164 2327 4238 5568 5065 6663
 ... : 47 56 197 423 1164 2327 4241 5590 5110 6712
 ... : 47 56 197 423 1164 2327 4243 5603 5152 6768
 ... : 47 56 196 423 1163 2328 4247 5615 5179 6818
 ... : 47 56 196 423 1163 2328 4248 5619 5228 6867
 ... : 47 56 196 423 1163 2328 4248 5624 5267 6924
 ... : 47 56 196 423 1163 2329 4250 5638 5299 6983
 ... : 47 56 196 423 1163 2329 4214 5530 5202 7031
 ... : 47 56 196 423 1163 2329 4214 5536 5233 7098
 ... : 47 56 196 423 1163 2329 4214 5537 5248 7171
 ... : 47 56 196 423 1163 2329 4214 5542 5265 7224
 ... : 47 56 196 423 1163 2329 4214 5543 5267 7281
 ... : 47 56 196 423 1163 2329 4219 5573 5305 7308
 ... : 47 56 196 424 1165 2335 4233 5596 5340 7335
 ... : 47 56 196 427 1169 2349 4258 5627 5368 7352
 ... : 47 56 196 428 1169 2351 4265 5656 5402 7390
 ... : 47 56 196 428 1170 2356 4275 5675 5441 7442
 ... : 47 56 196 428 1170 2359 4296 5697 5468 7488
 ... : 47 56 196 428 1169 2365 4305 5704 5483 7513
 ... : 47 56 196 430 1172 2368 4317 5725 5503 7549
 ... : 47 56 196 433 1176 2380 4332 5748 5526 7580
 ... : 47 56 196 434 1180 2385 4343 5768 5566 7614
 ... : 47 56 196 434 1180 2385 4349 5794 5604 7662
 ... : 47 56 196 434 1180 2385 4354 5807 5648 7716
 ... : 47 56 196 434 1180 2386 4358 5829 5689 7764
 ... : 47 56 196 436 1190 2407 4382 5841 5710 7776
 ... : 47 56 196 436 1197 2425 4404 5864 5733 7787
 ... : 47 56 196 437 1202 2433 4415 5875 5755 7815
 ... : 47 56 196 437 1202 2437 4425 5897 5785 7854
 ... : 47 56 196 438 1209 2453 4457 5919 5813 7858
 ... : 47 56 196 438 1211 2462 4474 5933 5849 7895
 ... : 47 56 196 438 1213 2469 4486 5956 5878 7929
 ... : 47 56 196 438 1213 2471 4493 5975 5920 7972
 ... : 47 56 196 438 1213 2471 4497 6000 5964 8010
 ... : 47 56 196 438 1213 2471 4501 6020 6008 8060
 ... : 47 56 196 438 1214 2476 4512 6026 6051 8100
 ... : 47 56 196 438 1215 2483 4531 6055 6084 8121
 ... : 47 56 196 439 1218 2489 4560 6080 6111 8133
 ... : 47 56 196 439 1220 2492 4579 6113 6146 8147
 ... : 47 56 196 439 1220 2491 4582 6104 6152 8167
 ... : 47 56 196 439 1220 2491 4582 6104 6152 8169
 ... : 47 56 196 439 1220 2491 4582 6104 6152 8169
 ... : 47 56 196 439 1220 2491 4596 6120 6168 8183
 ... : 47 56 196 439 1220 2491 4623 6145 6193 8207
 ... : 47 56 196 439 1220 2491 4639 6164 6213 8241
 ... : 47 56 196 439 1220 2491 4639 6164 6251 8270
 ... : 47 56 196 439 1220 2491 4639 6164 6297 8291
 ... : 47 56 196 439 1220 2491 4665 6184 6322 8319
 ... : 47 56 196 439 1220 2491 4692 6211 6350 8347
 ... : 47 56 196 439 1220 2491 4715 6229 6378 8376
 ... : 47 56 196 439 1220 2491 4743 6254 6406 8404
 ... : 47 56 196 439 1220 2491 4770 6283 6435 8433
 ... : 47 56 196 439 1220 2491 4800 6314 6458 8455
 ... : 47 56 196 439 1220 2491 4827 6324 6484 8483
 ... : 47 56 196 439 1220 2491 4850 6334 6513 8513
 ... : 47 56 196 439 1220 2491 4870 6351 6526 8557
 ... : 47 56 196 439 1220 2491 4889 6378 6538 8598
 ... : 47 56 196 439 1220 2491 4917 6411 6563 8622
 ... : 47 56 196 439 1220 2491 4934 6414 6593 8653
 ... : 47 56 196 439 1220 2491 4950 6423 6624 8683
 ... : 47 56 196 439 1220 2491 4971 6441 6654 8713
 ... : 47 56 196 439 1220 2491 5001 6456 6681 8740
 ... : 47 56 196 439 1220 2491 5024 6482 6710 8769
 ... : 47 56 196 439 1220 2491 5052 6505 6739 8798
 ... : 47 56 196 439 1220 2491 5080 6515 6767 8827
 ... : 47 56 196 439 1220 2491 5104 6521 6797 8856
 ... : 47 56 196 439 1220 2491 5133 6550 6826 8885
 ... : 47 56 196 439 1220 2491 5160 6571 6851 8911
 ... : 47 56 196 439 1220 2491 5178 6588 6872 8941
 ... : 47 56 196 439 1220 2491 5180 6593 6884 8993
 ... : 47 56 196 439 1220 2491 5196 6612 6911 9028
 ... : 47 56 196 439 1220 2491 5217 6635 6935 9064
 ... : 47 56 196 439 1220 2491 5241 6657 6961 9098
 ... : 47 56 196 439 1220 2491 5264 6677 6989 9128
 ... : 47 56 196 439 1220 2491 5285 6699 7017 9160
 ... : 47 56 196 439 1220 2491 5311 6726 7046 9189
 ... : 47 56 196 439 1220 2491 5339 6742 7076 9214
 ... : 47 56 196 439 1220 2491 5367 6771 7105 9242
 ... : 47 56 196 439 1220 2491 5387 6790 7134 9271
 ... : 47 56 196 439 1220 2491 5414 6814 7163 9300
 ... : 47 56 196 439 1220 2491 5437 6834 7189 9328
 ... : 47 56 196 439 1220 2491 5465 6856 7215 9351
 ... : 47 56 196 439 1220 2491 5492 6880 7240 9376
 ... : 47 56 196 439 1220 2491 5518 6909 7269 9405
 ... : 47 56 196 439 1220 2491 5545 6935 7298 9434
 ... : 47 56 196 439 1220 2491 5570 6954 7327 9463
 ... : 47 56 196 439 1220 2491 5597 6968 7356 9492
 ... : 47 56 196 439 1220 2491 5626 6985 7385 9521
 ... : 47 56 196 439 1220 2491 5654 6987 7414 9550
 ... : 47 56 196 439 1220 2491 5682 7014 7438 9583
 ... : 47 56 196 439 1220 2491 5712 7041 7450 9622
 ... : 47 56 196 439 1220 2491 5737 7068 7465 9657
 ... : 47 56 196 439 1220 2491 5765 7097 7467 9712
 ... : 47 56 196 439 1220 2491 5791 7123 7483 9755
 ... : 47 56 196 439 1220 2491 5816 7135 7512 9785
 ... : 47 56 196 439 1220 2491 5843 7162 7542 9811
 ... : 47 56 196 439 1220 2491 5871 7190 7576 9832
 ... : 47 56 196 439 1220 2491 5898 7209 7604 9862
 ... : 47 56 196 439 1220 2491 5918 7210 7634 9893
 ... : 47 56 196 439 1220 2491 5941 7229 7663 9922
 ... : 47 56 196 439 1220 2491 5967 7251 7692 9951
 ... : 47 56 196 439 1220 2491 5993 7273 7720 9979
 ... : 47 56 196 439 1220 2491 6021 7289 7749 10007
 ... : 47 56 196 439 1220 2491 6050 7313 7777 10034
 ... : 47 56 196 439 1220 2491 6079 7342 7806 10063
 ... : 47 56 196 439 1220 2491 6104 7370 7836 10091
 ... : 47 56 196 439 1220 2491 6125 7388 7871 10116
 ... : 47 56 196 439 1220 2491 6150 7409 7902 10145
 ... : 47 56 196 439 1220 2491 6173 7431 7931 10174
 ... : 47 56 196 439 1220 2491 6198 7456 7961 10203
 ... : 47 56 196 439 1220 2491 6221 7472 7990 10233
 ... : 47 56 196 439 1220 2491 6251 7495 8006 10269
 ... : 47 56 196 439 1220 2491 6273 7504 8036 10299
 ... : 47 56 196 439 1220 2491 6299 7527 8056 10337
 ... : 47 56 196 439 1220 2491 6325 7556 8060 10392
 ... : 47 56 196 439 1220 2491 6348 7576 8090 10421
 ... : 47 56 196 439 1220 2491 6370 7591 8120 10451
 ... : 47 56 196 439 1220 2491 6383 7599 8151 10482
 ... : 47 56 196 439 1220 2491 6394 7606 8183 10514
 ... : 47 56 196 439 1220 2491 6416 7625 8213 10544
 ... : 47 56 196 439 1220 2491 6428 7638 8244 10575
 ... : 47 56 196 439 1220 2491 6428 7638 8278 10609
 ... : 47 56 196 439 1220 2491 6428 7638 8311 10642
 ... : 47 56 196 439 1220 2491 6448 7656 8342 10672
 ... : 47 56 196 439 1220 2491 6476 7671 8370 10700
 ... : 47 56 196 439 1220 2491 6502 7705 8397 10723
 ... : 47 56 196 439 1220 2491 6529 7736 8429 10745
 ... : 47 56 196 439 1220 2491 6557 7759 8460 10772
 ... : 47 56 196 439 1220 2491 6584 7771 8494 10796
 ... : 47 56 196 439 1220 2491 6606 7793 8523 10825
 ... : 47 56 196 439 1220 2491 6632 7811 8546 10860
 ... : 47 56 196 439 1220 2491 6657 7831 8568 10898
 ... : 47 56 196 439 1220 2491 6680 7856 8588 10930
 ... : 47 56 196 439 1220 2491 6704 7882 8610 10957
 ... : 47 56 196 439 1220 2491 6731 7900 8636 10981
 ... : 47 56 196 439 1220 2491 6755 7921 8665 11010
 ... : 47 56 196 439 1220 2491 6778 7932 8695 11040
 ... : 47 56 196 439 1220 2491 6802 7932 8725 11069
 ... : 47 56 196 439 1220 2491 6821 7937 8755 11098
 ... : 47 56 196 439 1220 2491 6845 7959 8780 11126
 ... : 47 56 196 439 1220 2491 6868 7962 8780 11185
 ... : 47 56 196 439 1220 2491 6892 7978 8799 11224
 ... : 47 56 196 439 1220 2491 6910 7995 8818 11259
 ... : 47 56 196 439 1220 2491 6910 7995 8818 11326
 ... : 47 56 196 439 1220 2491 6914 8000 8823 11387
 ... : 47 56 196 439 1220 2491 6940 8009 8852 11416
 ... : 47 56 196 439 1220 2491 6961 8028 8881 11445
 ... : 47 56 196 439 1220 2491 6987 8052 8911 11472
 ... : 47 56 196 439 1220 2491 7015 8075 8940 11501
 ... : 47 56 196 439 1220 2491 7039 8085 8969 11531
 ... : 47 56 196 439 1220 2491 7064 8103 8998 11560
 ... : 47 56 196 439 1220 2491 7092 8130 9027 11589
 ... : 47 56 196 439 1220 2491 7117 8141 9052 11623
 ... : 47 56 196 439 1220 2491 7140 8155 9063 11670
 ... : 47 56 196 439 1220 2491 7166 8172 9091 11701
 ... : 47 56 196 439 1220 2491 7187 8183 9121 11731
 ... : 47 56 196 439 1220 2491 7214 8210 9154 11756
 ... : 47 56 196 439 1220 2491 7240 8234 9176 11792
 ... : 47 56 196 439 1220 2491 7262 8254 9206 11822
 ... : 47 56 196 439 1220 2491 7263 8287 9239 11855
 ... : 47 56 196 439 1220 2491 7265 8316 9272 11888
 ... : 47 56 196 439 1220 2491 7266 8319 9306 11921
 ... : 47 56 196 439 1220 2491 7286 8333 9335 11949
 ... : 47 56 196 439 1220 2491 7309 8356 9374 11970
 ... : 47 56 196 439 1220 2491 7334 8375 9403 11999
 ... : 47 56 196 439 1220 2491 7360 8397 9442 12019
 ... : 47 56 196 439 1220 2491 7381 8404 9479 12042
 ... : 47 56 196 439 1220 2491 7404 8423 9517 12063
 ... : 47 56 196 439 1220 2491 7423 8431 9548 12093
 ... : 47 56 196 439 1220 2491 7447 8450 9577 12123
 ... : 47 56 196 439 1220 2491 7471 8465 9607 12152
 ... : 47 56 196 439 1220 2491 7491 8486 9637 12182
 ... : 47 56 196 439 1220 2491 7507 8500 9667 12212
 ... : 47 56 196 439 1220 2491 7535 8513 9683 12253
 ... : 47 56 196 439 1220 2491 7544 8517 9712 12288
 ... : 47 56 196 439 1220 2491 7544 8517 9746 12322
 ... : 47 56 196 439 1220 2491 7544 8517 9779 12355
 ... : 47 56 196 439 1220 2491 7572 8543 9808 12384
 ... : 47 56 196 439 1220 2491 7585 8544 9822 12433
 ... : 47 56 196 439 1220 2491 7585 8545 9822 12500
 ... : 47 56 196 439 1220 2491 7589 8549 9823 12565
 ... : 47 56 196 439 1220 2491 7613 8578 9841 12605
 ... : 47 56 196 439 1220 2491 7633 8595 9867 12639
 ... : 47 56 196 439 1220 2491 7656 8603 9898 12668
 ... : 47 56 196 439 1220 2491 7681 8632 9925 12700
 ... : 47 56 196 439 1220 2491 7706 8653 9950 12733
 ... : 47 56 196 439 1220 2491 7730 8677 9980 12763
 ... : 47 56 196 439 1220 2491 7734 8681 9990 12818
 ... : 47 56 196 439 1220 2491 7734 8683 9990 12885
 ... : 47 56 196 439 1220 2491 7758 8707 10008 12926
 ... : 47 56 196 439 1220 2491 7781 8729 10037 12956
 ... : 47 56 196 439 1220 2491 7806 8760 10066 12984
 ... : 47 56 196 439 1220 2491 7832 8789 10092 13016
 ... : 47 56 196 439 1220 2491 7859 8810 10121 13045
 ... : 47 56 196 439 1220 2491 7885 8830 10151 13074
 ... : 47 56 196 439 1220 2491 7907 8848 10180 13104
 ... : 47 56 196 439 1220 2491 7933 8876 10192 13151
 ... : 47 56 196 439 1220 2491 7963 8904 10215 13176
 ... : 47 56 196 439 1220 2491 7987 8925 10245 13205
 ... : 47 56 196 439 1220 2491 8015 8951 10274 13233
 ... : 47 56 196 439 1220 2491 8034 8973 10303 13260
 ... : 47 56 196 439 1220 2491 8051 8997 10332 13289
 ... : 47 56 196 439 1220 2491 8076 9027 10362 13318
 ... : 47 56 196 439 1220 2491 8101 9051 10389 13346
 ... : 47 56 196 439 1220 2491 8123 9077 10416 13373
 ... : 47 56 196 439 1220 2491 8140 9110 10445 13402
 ... : 47 56 196 439 1220 2491 8165 9142 10473 13429
 ... : 47 56 196 439 1220 2491 8194 9171 10502 13458
 ... : 47 56 196 439 1220 2491 8221 9195 10528 13482
 ... : 47 56 196 439 1220 2491 8249 9224 10539 13528
 ... : 47 56 196 439 1220 2491 8274 9241 10562 13565
 ... : 47 56 196 439 1220 2491 8293 9244 10592 13595
 ... : 47 56 196 439 1220 2491 8304 9248 10624 13626
 ... : 47 56 196 439 1220 2491 8319 9259 10655 13657
 ... : 47 56 196 439 1220 2491 8345 9272 10682 13685
 ... : 47 56 196 439 1220 2491 8354 9274 10714 13717
 ... : 47 56 196 439 1220 2491 8378 9291 10743 13747
 ... : 47 56 196 439 1220 2491 8405 9315 10766 13774
 ... : 47 56 196 439 1220 2491 8420 9332 10796 13804
 ... : 47 56 196 439 1220 2491 8438 9346 10826 13834
 ... : 47 56 196 439 1220 2491 8455 9363 10857 13865
 ... : 47 56 196 439 1220 2491 8469 9376 10888 13896
 ... : 47 56 196 439 1220 2491 8482 9391 10920 13927
 ... : 47 56 196 439 1220 2491 8503 9413 10950 13957
 ... : 47 56 196 439 1220 2491 8519 9422 10980 13988
 ... : 47 56 196 439 1220 2491 8541 9434 11021 14008
 ... : 47 56 196 439 1220 2491 8565 9458 11050 14037
 ... : 47 56 196 439 1220 2491 8588 9473 11081 14066
 ... : 47 56 196 439 1220 2491 8606 9485 11111 14096
 ... : 47 56 196 439 1220 2491 8624 9498 11142 14126
 ... : 47 56 196 439 1220 2491 8644 9518 11173 14156
 ... : 47 56 196 439 1220 2491 8667 9539 11201 14184
 ... : 47 56 196 439 1220 2491 8691 9559 11230 14214
 ... : 47 56 196 439 1220 2491 8716 9575 11260 14243
 ... : 47 56 196 439 1220 2491 8723 9577 11292 14276
 ... : 47 56 196 439 1220 2491 8723 9577 11322 14312
 ... : 47 56 196 439 1220 2491 8738 9598 11353 14343
 ... : 47 56 196 439 1220 2491 8762 9627 11383 14373
 ... : 47 56 196 439 1220 2491 8784 9650 11413 14402
 ... : 47 56 196 439 1220 2491 8807 9672 11442 14432
 ... : 47 56 196 439 1220 2491 8835 9701 11471 14461
 ... : 47 56 196 439 1220 2491 8861 9720 11500 14490
