initialized model with 504 latches, 45 inputs and 1 properties
tsim: performed 20 steps
tsim: found cycle from 18
checking bound 0
checking bound 1
checking bound 2
tdecomp: unrolling 2 cycles
tsim: performed 18 steps
tsim: found cycle from 16
tsim: found 1 constants and 0 latch equivalences
seqsimpl: found 7 latch equivalences
tdecomp: (504, 180) -> (496, 107)
   2 : 45 75
   3 : 45 56 65
 ... : 42 59 231
   4 : 41 57 144 99
 ... : 41 59 149 223
 ... : 41 61 143 376
   5 : 33 46 100 170 160
 ... : 33 46 100 170 352
 ... : 33 46 100 166 549
   6 : 31 47 98 176 389 283
 ... : 31 47 98 176 385 482
 ... : 31 47 98 188 409 576
 ... : 31 47 98 188 422 719
 ... : 31 47 98 191 431 862
 ... : 31 47 98 197 450 970
   7 : 28 44 94 182 426 589 386
 ... : 28 44 94 182 426 593 567
 ... : 28 44 94 182 426 593 761
 ... : 28 44 94 183 433 599 876
 ... : 28 44 94 183 433 595 1071
 ... : 28 45 96 187 441 608 1199
 ... : 28 45 95 183 447 623 1323
   8 : 23 42 89 153 370 554 714 702
 ... : 23 42 89 153 370 554 713 898
 ... : 23 42 89 153 370 554 736 1046
 ... : 23 42 89 153 370 554 743 1230
 ... : 23 42 89 153 370 554 745 1425
 ... : 23 42 89 153 369 559 761 1527
 ... : 23 42 89 153 367 567 773 1629
 ... : 23 42 89 153 368 573 784 1763
 ... : 23 42 89 153 371 585 810 1839
   9 : 23 41 83 154 339 546 741 1038 851
 ... : 23 41 83 154 339 546 743 1046 1007
 ... : 23 41 83 154 339 546 760 1077 1064
 ... : 23 41 83 154 341 552 778 1111 1122
 ... : 23 41 82 154 339 559 793 1145 1166
 ... : 23 41 82 154 341 564 808 1178 1222
 ... : 23 41 82 154 341 564 817 1201 1321
 ... : 23 41 82 154 341 569 826 1235 1376
 ... : 23 41 82 154 341 569 828 1234 1515
 ... : 23 41 82 154 341 569 828 1244 1669
 ... : 23 41 82 154 341 569 829 1272 1795
 ... : 23 41 82 154 341 569 829 1293 1939
 ... : 23 41 82 154 340 569 834 1302 2029
 ... : 23 41 82 154 340 573 843 1331 2092
 ... : 23 41 82 154 340 574 842 1331 2262
 ... : 23 41 82 154 340 574 845 1344 2400
 ... : 23 41 82 154 340 574 843 1337 2579
 ... : 23 41 82 154 340 574 844 1348 2717
 ... : 23 41 82 154 346 590 858 1355 2699
 ... : 23 41 82 154 348 589 853 1362 2744
 ... : 23 41 82 156 351 606 874 1401 2769
 ... : 23 41 82 156 352 610 888 1418 2812
  10 : 23 41 74 156 294 508 710 1225 1586 1305
 ... : 23 41 74 156 294 508 710 1225 1587 1499
 ... : 23 41 74 156 294 508 710 1225 1591 1683
 ... : 23 41 74 156 294 508 710 1225 1610 1840
 ... : 23 41 74 156 294 508 710 1225 1611 2039
 ... : 23 41 74 156 294 508 710 1225 1614 2226
 ... : 23 41 74 156 294 508 710 1225 1620 2412
 ... : 23 41 74 156 294 508 711 1235 1640 2533
 ... : 23 41 74 156 294 508 715 1248 1668 2582
 ... : 23 41 74 156 295 506 716 1256 1694 2636
 ... : 23 41 74 156 295 506 718 1267 1709 2702
 ... : 23 41 74 156 295 507 720 1284 1732 2758
 ... : 23 41 74 156 295 507 720 1285 1737 2938
 ... : 23 41 74 156 295 507 720 1285 1736 3114
 ... : 23 41 74 156 295 507 720 1285 1745 3291
 ... : 23 41 74 156 295 507 719 1293 1772 3399
 ... : 23 41 74 156 295 507 722 1305 1797 3425
 ... : 23 41 74 156 295 507 723 1313 1813 3505
 ... : 23 41 74 156 295 507 723 1313 1813 3692
 ... : 23 41 74 156 295 507 723 1313 1824 3856
 ... : 23 41 74 156 295 507 723 1313 1834 4038
 ... : 23 41 74 156 295 507 724 1319 1841 4189
 ... : 23 41 74 156 295 507 725 1328 1855 4334
 ... : 23 41 74 156 295 507 725 1329 1868 4491
 ... : 23 41 74 156 295 507 725 1330 1882 4638
 ... : 23 41 74 156 295 507 725 1330 1890 4797
 ... : 23 41 74 156 295 507 725 1330 1894 4976
 ... : 23 41 74 156 295 511 733 1343 1924 5037
  11 : 23 41 73 157 292 487 643 1201 1694 3713 1585
 ... : 23 41 73 157 292 487 643 1201 1694 3712 1783
 ... : 23 41 73 157 292 487 643 1201 1694 3721 1961
 ... : 23 41 73 157 292 487 643 1201 1693 3731 2128
 ... : 23 41 73 157 292 487 643 1201 1693 3731 2325
 ... : 23 41 73 157 292 487 643 1201 1693 3730 2525
 ... : 23 41 73 157 292 487 643 1201 1693 3741 2700
 ... : 23 41 73 157 292 487 643 1201 1693 3752 2871
 ... : 23 41 73 157 292 487 643 1201 1693 3758 3054
 ... : 23 41 73 157 292 487 642 1203 1701 3799 3104
 ... : 23 41 73 157 293 488 641 1211 1711 3813 3127
 ... : 22 41 73 157 293 488 639 1214 1720 3850 3151
 ... : 22 41 73 157 292 487 645 1213 1714 3857 3155
 ... : 22 41 73 157 292 487 646 1210 1719 3877 3195
 ... : 22 41 73 157 292 486 646 1205 1727 3882 3239
 ... : 22 41 73 157 292 483 649 1198 1725 3890 3277
 ... : 22 41 73 157 292 483 649 1203 1747 3929 3324
 ... : 22 41 73 157 292 483 649 1205 1761 3978 3365
 ... : 22 41 73 157 292 483 649 1211 1783 4016 3412
 ... : 22 41 73 157 292 482 648 1210 1777 4013 3496
 ... : 22 41 73 157 292 482 648 1210 1779 4025 3659
 ... : 22 41 73 157 292 484 650 1213 1793 4072 3706
 ... : 22 41 73 157 292 484 650 1214 1797 4104 3786
 ... : 22 41 73 157 292 484 650 1213 1804 4144 3879
 ... : 22 41 73 157 292 484 650 1215 1803 4154 3982
 ... : 22 41 73 157 292 484 650 1215 1806 4172 4116
 ... : 22 41 73 157 292 484 650 1212 1796 4146 4266
 ... : 22 41 73 157 292 484 650 1209 1790 4132 4421
 ... : 22 41 73 157 292 484 650 1207 1772 4107 4591
 ... : 22 41 73 157 292 484 650 1207 1772 4113 4775
 ... : 22 41 73 157 292 484 650 1207 1772 4108 4974
 ... : 22 41 73 157 292 484 650 1207 1772 4105 5160
 ... : 22 41 73 157 292 484 650 1207 1772 4105 5361
 ... : 22 41 73 157 292 484 650 1207 1772 4103 5557
 ... : 22 41 73 157 292 484 650 1207 1772 4106 5745
 ... : 22 41 73 157 292 484 650 1207 1772 4103 5916
 ... : 22 41 73 157 292 484 650 1207 1773 4147 5990
 ... : 22 41 73 157 292 484 650 1207 1771 4143 6060
 ... : 22 41 73 157 292 484 650 1207 1770 4145 6229
 ... : 22 41 73 157 292 484 650 1207 1773 4160 6353
 ... : 22 41 73 157 292 484 650 1207 1789 4195 6415
 ... : 22 41 73 157 292 484 650 1207 1758 4187 6527
 ... : 22 41 73 157 292 486 649 1209 1774 4215 6564
 ... : 22 41 73 157 292 488 650 1213 1787 4230 6585
 ... : 22 41 73 157 293 489 659 1230 1808 4264 6597
 ... : 22 41 73 157 293 490 659 1236 1829 4295 6613
 ... : 22 41 73 157 293 490 659 1239 1845 4339 6657
 ... : 22 41 73 157 293 490 659 1240 1857 4376 6702
 ... : 22 41 73 157 293 490 662 1249 1865 4390 6770
 ... : 22 41 73 157 293 490 662 1249 1866 4384 6838
 ... : 22 41 73 157 293 490 661 1246 1870 4406 6923
 ... : 22 41 73 157 293 490 661 1245 1878 4422 7029
 ... : 22 41 73 157 293 490 661 1245 1874 4393 7020
 ... : 22 41 73 157 293 489 660 1243 1872 4312 7065
 ... : 22 41 73 157 293 489 660 1243 1871 4300 7254
 ... : 22 41 73 157 293 489 660 1243 1873 4293 7327
 ... : 22 41 73 157 293 489 660 1241 1881 4301 7370
 ... : 22 41 73 157 293 489 658 1238 1890 4319 7424
 ... : 22 41 73 157 293 489 658 1236 1898 4356 7495
 ... : 22 41 73 157 292 488 658 1246 1906 4391 7523
 ... : 22 41 73 157 292 488 657 1242 1905 4418 7585
 ... : 22 41 73 157 292 488 657 1242 1917 4463 7649
 ... : 22 41 73 157 292 488 657 1241 1925 4499 7718
 ... : 22 41 73 157 292 487 656 1243 1932 4520 7652
 ... : 22 41 73 157 292 487 656 1244 1937 4527 7774
  12 : 22 40 72 153 268 422 559 948 1396 3167 5255 2477
 ... : 22 40 72 153 268 422 559 948 1396 3172 5271 2630
 ... : 22 40 72 153 268 422 559 948 1396 3174 5269 2805
 ... : 22 40 72 153 268 422 559 948 1398 3189 5313 2862
 ... : 22 40 72 153 268 422 559 948 1396 3184 5301 3024
 ... : 22 40 72 153 268 422 559 948 1396 3182 5308 3194
 ... : 22 40 72 153 268 422 559 948 1396 3184 5313 3373
 ... : 22 40 72 153 268 422 559 948 1396 3183 5312 3567
 ... : 22 40 72 153 268 422 559 948 1396 3182 5318 3745
 ... : 22 40 72 153 268 422 559 948 1396 3182 5317 3944
 ... : 22 40 72 153 268 422 559 948 1396 3189 5336 4032
 ... : 22 40 72 153 268 422 559 948 1396 3189 5351 4188
 ... : 22 40 72 153 268 422 559 948 1399 3198 5369 4275
 ... : 22 40 72 153 268 422 559 948 1399 3198 5385 4433
 ... : 22 40 72 153 268 422 559 948 1399 3197 5396 4601
 ... : 22 40 72 153 268 422 559 948 1399 3197 5394 4799
 ... : 22 40 72 153 268 422 559 948 1399 3197 5390 4987
 ... : 22 40 72 153 268 422 559 948 1399 3197 5404 5151
 ... : 22 40 72 153 268 422 559 948 1399 3197 5410 5333
 ... : 22 40 72 153 268 422 559 948 1399 3197 5412 5514
 ... : 22 40 72 153 268 422 559 948 1398 3199 5422 5642
 ... : 22 40 72 153 268 422 559 949 1402 3209 5431 5712
 ... : 22 40 72 153 268 422 560 952 1407 3206 5451 5764
 ... : 22 40 72 153 268 418 559 948 1416 3230 5486 5766
 ... : 22 40 72 153 268 421 565 952 1423 3239 5508 5827
 ... : 22 40 72 153 268 422 568 957 1430 3266 5549 5849
 ... : 22 40 72 153 268 423 570 961 1435 3270 5584 5909
 ... : 22 40 72 153 268 423 570 961 1435 3276 5617 6016
 ... : 22 40 72 153 267 423 570 961 1434 3278 5631 6159
 ... : 22 40 72 153 267 423 570 961 1432 3278 5636 6332
 ... : 22 40 72 153 267 423 570 961 1432 3279 5652 6456
 ... : 22 40 72 153 267 423 570 961 1432 3281 5659 6635
 ... : 22 40 72 153 267 423 570 961 1433 3284 5670 6773
 ... : 22 40 72 153 267 423 570 961 1433 3282 5667 6971
 ... : 22 40 72 153 267 423 570 961 1433 3280 5659 7148
 ... : 22 40 72 153 267 423 570 961 1432 3283 5681 7267
 ... : 22 40 72 153 267 423 570 961 1435 3292 5718 7311
 ... : 22 40 72 153 267 423 570 961 1437 3300 5745 7351
 ... : 22 40 72 153 267 424 572 966 1449 3322 5776 7375
 ... : 22 40 72 153 267 423 574 970 1456 3342 5809 7406
 ... : 22 40 72 153 267 423 576 973 1462 3353 5842 7444
 ... : 22 40 72 153 267 423 577 971 1456 3359 5864 7483
 ... : 22 40 72 153 267 420 580 975 1468 3372 5893 7508
 ... : 22 40 72 153 267 418 581 979 1462 3363 5923 7512
 ... : 22 40 72 153 266 417 581 980 1445 3363 5953 7550
 ... : 22 40 72 153 266 416 581 979 1443 3358 5950 7644
 ... : 22 40 72 153 266 416 581 979 1444 3358 5968 7717
 ... : 22 40 72 153 266 416 581 979 1443 3360 5958 7800
 ... : 22 40 72 153 266 416 581 979 1444 3358 5971 7917
 ... : 22 40 72 153 266 416 582 981 1444 3367 5968 7998
 ... : 22 40 72 153 266 416 582 981 1443 3370 5981 8154
 ... : 22 40 72 153 266 416 582 981 1441 3347 5985 8306
 ... : 22 40 72 153 266 416 582 981 1440 3344 5984 8478
 ... : 22 40 72 153 266 416 582 981 1439 3334 5987 8581
 ... : 22 40 72 153 266 416 582 981 1438 3331 5979 8714
 ... : 22 40 72 153 266 416 582 981 1436 3328 5972 8848
 ... : 22 40 72 153 266 416 581 981 1436 3321 5976 9024
 ... : 22 40 72 153 266 416 581 981 1434 3321 5996 9172
 ... : 22 40 72 153 266 416 581 981 1434 3325 6006 9322
 ... : 22 40 72 153 266 416 581 981 1434 3329 6034 9449
  13 : 22 40 72 153 255 385 477 782 979 2087 4041 6008 3529
 ... : 22 40 72 153 255 385 477 782 979 2087 4040 6006 3729
 ... : 22 40 72 153 255 385 477 782 979 2088 4043 6018 3875
 ... : 22 40 72 153 255 385 477 781 978 2089 4054 6048 3933
 ... : 22 40 72 153 255 385 477 781 978 2091 4064 6068 4000
 ... : 22 40 72 153 255 385 477 781 978 2091 4064 6071 4186
 ... : 22 40 72 153 255 385 477 781 978 2091 4065 6086 4321
 ... : 22 40 72 153 255 385 477 781 977 2095 4075 6124 4371
 ... : 22 40 72 153 255 385 477 781 977 2101 4105 6166 4413
 ... : 22 40 72 153 255 385 477 781 979 2100 4108 6182 4454
 ... : 22 40 72 153 255 385 479 786 984 2108 4119 6226 4493
 ... : 22 40 72 153 255 385 479 786 985 2112 4141 6274 4525
 ... : 22 40 72 153 255 385 479 786 985 2111 4149 6319 4579
 ... : 22 40 72 153 255 385 483 788 999 2124 4168 6349 4615
 ... : 22 40 72 153 255 387 485 789 999 2125 4186 6400 4669
 ... : 22 40 72 153 255 387 487 789 1012 2129 4187 6395 4692
 ... : 22 40 72 153 255 387 487 789 1011 2129 4179 6405 4774
 ... : 22 40 72 153 255 387 487 789 1011 2127 4173 6395 4936
 ... : 22 40 72 153 255 387 487 789 1011 2127 4173 6394 5130
 ... : 22 40 72 153 255 387 487 789 1011 2127 4175 6390 5318
 ... : 22 40 72 153 255 387 487 789 1012 2120 4185 6402 5333
 ... : 22 40 72 153 255 387 487 789 1012 2120 4188 6423 5458
 ... : 22 40 72 153 255 387 487 789 1012 2120 4188 6421 5655
 ... : 22 40 72 153 255 387 487 789 1012 2120 4186 6423 5838
 ... : 22 40 72 153 255 387 486 789 1012 2120 4187 6420 5994
 ... : 22 40 72 153 255 387 486 789 1012 2120 4184 6419 6162
 ... : 22 40 72 153 255 387 486 789 1012 2120 4181 6428 6316
 ... : 22 40 72 153 255 387 486 789 1012 2120 4181 6426 6510
 ... : 22 40 72 153 255 387 486 789 1012 2120 4180 6433 6693
 ... : 22 40 72 153 255 387 486 789 1012 2120 4179 6428 6855
 ... : 22 40 72 153 255 387 486 789 1012 2120 4180 6432 7037
 ... : 22 40 72 153 255 387 486 789 1012 2121 4182 6434 7204
 ... : 22 40 72 153 255 387 486 789 1012 2127 4195 6463 7274
 ... : 22 40 72 153 255 387 486 789 1012 2127 4195 6481 7403
 ... : 22 40 72 153 255 387 486 789 1012 2128 4202 6495 7529
 ... : 22 40 72 153 255 387 486 789 1012 2129 4205 6495 7663
 ... : 22 40 72 153 255 387 486 789 1012 2128 4211 6514 7764
 ... : 22 40 72 153 255 387 486 789 1012 2127 4212 6525 7921
 ... : 22 40 72 153 255 387 486 789 1012 2126 4203 6539 8020
 ... : 22 40 72 153 255 387 486 789 1012 2126 4205 6553 8160
 ... : 22 40 72 153 255 387 486 789 1012 2128 4209 6579 8267
 ... : 22 40 72 153 255 387 486 789 1012 2128 4215 6601 8375
 ... : 22 40 72 153 255 387 486 789 1012 2128 4222 6615 8513
 ... : 22 40 72 153 255 387 486 789 1012 2129 4226 6631 8642
 ... : 22 40 72 153 255 387 486 789 1012 2129 4226 6628 8838
 ... : 22 40 72 153 255 387 486 789 1012 2129 4225 6626 9014
 ... : 22 40 72 153 255 387 486 789 1012 2129 4225 6638 9173
 ... : 22 40 72 153 255 387 486 789 1012 2130 4237 6662 9281
 ... : 22 40 72 153 255 387 486 789 1012 2131 4238 6674 9443
 ... : 22 40 72 153 255 387 486 789 1012 2131 4238 6697 9573
 ... : 22 40 72 153 255 387 486 789 1012 2131 4238 6706 9747
  14 : 22 40 72 153 255 381 479 723 932 1766 3640 5434 7505 3258
 ... : 22 40 72 153 255 381 479 723 932 1766 3640 5433 7505 3455
 ... : 22 40 72 153 255 381 479 723 932 1765 3640 5434 7504 3640
 ... : 22 40 72 153 255 381 479 723 932 1765 3645 5439 7523 3772
 ... : 22 40 72 153 255 381 479 723 932 1765 3645 5439 7526 3967
 ... : 22 40 72 153 255 381 479 723 932 1765 3645 5440 7533 4146
 ... : 22 40 72 153 255 381 479 723 932 1765 3639 5433 7552 4262
 ... : 22 40 72 153 255 381 479 723 932 1765 3642 5446 7594 4316
 ... : 22 40 72 153 255 380 480 720 936 1758 3635 5460 7624 4333
 ... : 22 40 72 153 255 380 480 715 934 1758 3638 5471 7668 4370
 ... : 22 40 72 153 255 380 480 715 934 1758 3638 5479 7708 4430
 ... : 22 40 72 153 255 380 480 715 934 1758 3638 5482 7718 4598
 ... : 22 40 72 153 255 380 480 715 934 1758 3638 5482 7727 4772
 ... : 22 40 72 153 255 380 480 715 934 1758 3638 5486 7760 4883
 ... : 22 40 72 153 255 380 480 715 934 1758 3638 5486 7766 5065
 ... : 22 40 72 153 255 380 480 715 934 1758 3638 5484 7779 5211
 ... : 22 40 72 153 255 380 480 715 934 1758 3639 5497 7798 5295
 ... : 22 40 72 153 255 380 480 715 934 1758 3642 5506 7834 5382
 ... : 22 40 72 153 255 380 480 715 934 1758 3643 5507 7853 5509
 ... : 22 40 72 153 255 380 480 715 934 1758 3643 5507 7854 5699
 ... : 22 40 72 153 255 380 480 715 934 1758 3643 5507 7859 5888
 ... : 22 40 72 153 255 380 480 715 934 1758 3643 5507 7870 6056
 ... : 22 40 72 153 255 380 480 715 934 1758 3643 5507 7878 6241
 ... : 22 40 72 153 255 380 480 715 934 1758 3643 5507 7903 6364
 ... : 22 40 72 153 255 380 480 715 934 1758 3643 5506 7915 6519
 ... : 22 40 72 153 255 380 480 715 934 1758 3643 5505 7917 6705
 ... : 22 40 72 153 255 380 480 715 934 1758 3644 5513 7949 6814
 ... : 22 40 72 153 255 380 480 715 934 1761 3648 5523 7979 6868
 ... : 22 40 72 153 255 380 480 715 934 1760 3658 5555 8012 6895
 ... : 22 40 72 153 255 380 480 715 935 1764 3662 5562 8027 6971
 ... : 22 40 72 153 255 380 480 715 935 1764 3662 5562 8042 7130
 ... : 22 40 72 153 255 380 480 715 935 1764 3662 5561 8042 7313
 ... : 22 40 72 153 255 380 480 715 935 1766 3668 5576 8066 7415
 ... : 22 40 72 153 255 380 480 715 935 1767 3669 5579 8075 7577
 ... : 22 40 72 153 255 380 480 715 935 1767 3669 5580 8083 7751
 ... : 22 40 72 153 255 380 480 715 935 1767 3669 5582 8092 7924
 ... : 22 40 72 153 255 380 480 715 935 1767 3669 5586 8106 8072
 ... : 22 40 72 153 255 380 480 715 935 1767 3669 5592 8122 8222
 ... : 22 40 72 153 255 380 480 715 935 1767 3669 5592 8127 8406
 ... : 22 40 72 153 255 380 480 715 935 1767 3652 5566 8115 8555
 ... : 22 40 72 153 255 380 480 715 935 1767 3652 5565 8114 8754
 ... : 22 40 72 153 255 380 480 715 935 1767 3652 5565 8121 8922
 ... : 22 40 72 153 255 380 480 715 935 1767 3652 5570 8144 9035
 ... : 22 40 72 153 255 380 480 715 935 1767 3653 5571 8155 9172
 ... : 22 40 72 153 255 380 480 717 946 1774 3657 5572 8163 9261
 ... : 22 40 72 153 255 380 479 723 967 1799 3680 5584 8166 9263
 ... : 22 40 72 153 255 380 479 725 971 1821 3718 5602 8172 9264
 ... : 22 40 72 153 255 380 479 725 972 1831 3751 5647 8177 9268
 ... : 22 40 72 153 255 380 479 726 972 1838 3763 5679 8200 9273
 ... : 22 40 72 153 255 380 479 726 971 1844 3775 5695 8218 9268
 ... : 22 40 72 153 255 380 479 728 976 1845 3786 5724 8255 9275
 ... : 22 40 72 153 258 382 482 739 988 1852 3799 5739 8264 9277
 ... : 22 40 73 154 258 382 482 739 988 1852 3800 5742 8272 9283
 ... : 22 40 73 154 259 384 483 739 988 1852 3801 5747 8281 9428
 ... : 22 40 73 154 259 384 483 739 988 1852 3802 5747 8288 9574
 ... : 22 40 73 154 259 384 483 739 988 1852 3802 5747 8286 9761
 ... : 22 40 73 154 259 384 483 739 988 1851 3801 5746 8288 9917
 ... : 22 40 73 154 259 384 483 739 988 1851 3799 5742 8287 10094
 ... : 22 40 73 154 259 384 483 739 988 1851 3799 5742 8296 10271
 ... : 22 40 73 154 259 384 483 739 988 1851 3798 5741 8293 10461
 ... : 22 40 73 154 259 384 483 739 988 1851 3798 5740 8303 10628
 ... : 22 40 73 154 259 384 483 739 988 1851 3798 5736 8331 10748
 ... : 22 40 73 154 259 384 483 739 988 1851 3798 5735 8340 10894
 ... : 22 40 73 154 259 384 483 739 988 1851 3798 5743 8363 10983
 ... : 22 40 73 154 259 384 483 739 988 1851 3798 5745 8366 11139
 ... : 22 40 73 154 259 384 483 739 988 1851 3799 5752 8377 11288
 ... : 22 40 73 154 259 384 483 739 988 1851 3799 5760 8401 11422
 ... : 22 40 73 154 259 384 483 739 988 1851 3801 5771 8409 11553
 ... : 22 40 73 154 259 384 483 739 987 1848 3803 5766 8427 11635
 ... : 22 40 73 154 259 384 483 739 987 1848 3804 5776 8463 11702
 ... : 22 40 73 154 259 384 483 739 987 1846 3801 5786 8495 11780
 ... : 22 40 73 154 259 384 483 739 987 1846 3801 5789 8501 11941
 ... : 22 40 73 154 259 384 483 739 987 1846 3801 5788 8506 12129
 ... : 22 40 73 154 259 384 483 739 987 1846 3801 5791 8529 12276
 ... : 22 40 73 154 259 384 483 739 987 1846 3802 5798 8561 12388
 ... : 22 40 73 154 259 384 483 739 987 1846 3799 5814 8604 12440
 ... : 22 40 73 154 259 384 483 739 987 1846 3798 5814 8627 12559
 ... : 22 40 73 154 259 384 483 741 989 1849 3803 5830 8663 12604
 ... : 22 40 73 154 259 384 483 741 989 1846 3802 5840 8689 12636
 ... : 22 40 73 154 259 384 483 741 989 1846 3800 5839 8699 12786
 ... : 22 40 73 154 259 384 483 741 989 1846 3800 5840 8702 12946
 ... : 22 40 73 154 259 384 483 741 989 1846 3800 5844 8714 13085
 ... : 22 40 73 154 259 384 483 741 989 1846 3800 5843 8730 13236
 ... : 22 40 73 154 259 384 483 741 989 1846 3800 5843 8732 13406
 ... : 22 40 73 154 259 384 483 741 989 1846 3800 5843 8737 13594
 ... : 22 40 73 154 259 384 483 741 989 1846 3800 5847 8748 13747
 ... : 22 40 73 154 259 384 483 741 989 1846 3800 5849 8752 13919
  15 : 22 40 73 152 257 372 465 676 855 1542 2972 4245 6604 9895 4461
 ... : 22 40 73 152 257 372 465 676 855 1542 2973 4251 6614 9911 4592
 ... : 22 40 73 152 257 372 465 676 855 1542 2973 4252 6615 9953 4658
 ... : 22 40 73 152 257 372 465 676 855 1542 2967 4242 6602 9955 4791
 ... : 22 40 73 152 257 372 465 676 855 1542 2967 4242 6603 9965 4954
 ... : 22 40 73 152 257 372 465 676 855 1542 2967 4241 6602 9967 5087
 ... : 22 40 73 152 257 372 465 676 855 1542 2967 4241 6602 9967 5282
 ... : 22 40 73 152 257 372 465 676 855 1542 2967 4241 6599 9971 5472
 ... : 22 40 73 152 257 372 465 676 855 1542 2967 4241 6599 9970 5673
 ... : 22 40 73 152 257 372 465 676 855 1542 2967 4241 6598 9967 5862
 ... : 22 40 73 152 257 372 465 676 855 1542 2967 4241 6598 9967 6054
 ... : 22 40 73 152 257 372 465 676 855 1542 2967 4240 6594 9961 6247
 ... : 22 40 73 152 257 372 465 676 855 1542 2967 4240 6591 9950 6432
 ... : 22 40 73 152 257 372 465 676 855 1542 2967 4240 6589 9941 6576
 ... : 22 40 73 152 257 372 465 676 855 1542 2967 4240 6591 9953 6705
 ... : 22 40 73 152 257 372 465 676 855 1542 2967 4234 6599 9981 6786
 ... : 22 40 73 152 257 372 465 676 855 1542 2967 4234 6598 9969 6966
 ... : 22 40 73 152 257 372 465 676 855 1542 2967 4234 6601 9976 7131
 ... : 22 40 73 152 257 372 465 676 855 1542 2967 4234 6601 10001 7273
 ... : 22 40 73 152 257 372 465 676 855 1542 2967 4234 6601 10004 7461
 ... : 22 40 73 152 257 372 465 676 855 1542 2965 4232 6596 10005 7638
 ... : 22 40 73 152 257 372 465 676 855 1542 2965 4232 6596 10025 7770
 ... : 22 40 73 152 257 372 465 676 855 1542 2965 4232 6598 10022 7941
 ... : 22 40 73 152 257 372 465 676 855 1542 2965 4232 6598 10019 8135
 ... : 22 40 73 152 257 372 465 676 855 1542 2965 4232 6598 10016 8334
 ... : 22 40 73 152 257 372 465 676 855 1542 2965 4231 6605 10025 8489
 ... : 22 40 73 152 257 372 465 676 855 1542 2965 4233 6613 10046 8606
 ... : 22 40 73 152 257 372 465 676 855 1542 2965 4234 6621 10079 8678
 ... : 22 40 73 152 257 372 465 676 855 1542 2965 4234 6622 10086 8848
 ... : 22 40 73 152 257 372 465 676 855 1542 2965 4235 6625 10093 9013
 ... : 22 40 73 152 257 372 465 676 855 1542 2965 4235 6623 10092 9182
 ... : 22 40 73 152 257 372 465 676 855 1542 2965 4235 6623 10093 9379
 ... : 22 40 73 152 257 372 465 676 855 1542 2964 4232 6616 10102 9519
 ... : 22 40 73 152 257 372 465 676 855 1542 2964 4232 6617 10109 9698
 ... : 22 40 73 152 257 372 465 676 855 1542 2964 4231 6615 10109 9860
 ... : 22 40 73 152 257 372 465 676 857 1544 2966 4237 6621 10129 9906
 ... : 22 40 73 152 257 372 465 676 857 1548 2971 4252 6637 10162 9938
 ... : 22 40 73 152 257 372 465 676 858 1553 2974 4256 6638 10191 9965
 ... : 22 40 73 152 257 372 465 676 858 1551 2966 4261 6654 10231 10014
 ... : 22 40 73 152 257 372 465 676 858 1551 2966 4260 6656 10254 10140
 ... : 22 40 73 152 257 372 465 676 858 1551 2966 4260 6654 10260 10307
 ... : 22 40 73 152 257 372 465 676 858 1551 2965 4256 6656 10262 10461
 ... : 22 40 73 152 257 372 465 676 858 1551 2965 4252 6650 10256 10607
 ... : 22 40 73 152 257 372 465 676 858 1551 2965 4251 6650 10264 10768
 ... : 22 40 73 152 257 372 465 676 858 1551 2964 4251 6657 10294 10866
 ... : 22 40 73 152 257 372 465 676 858 1551 2963 4244 6658 10303 10988
 ... : 22 40 73 152 257 372 465 676 858 1551 2963 4242 6657 10308 11112
 ... : 22 40 73 152 257 372 465 676 858 1551 2963 4242 6653 10329 11246
 ... : 22 40 73 152 257 372 465 676 858 1551 2963 4242 6652 10342 11381
 ... : 22 40 73 152 257 372 465 676 858 1551 2963 4242 6654 10365 11505
 ... : 22 40 73 152 257 372 465 676 858 1551 2963 4241 6661 10406 11567
 ... : 22 40 73 152 257 372 465 676 858 1551 2962 4241 6673 10420 11615
 ... : 22 40 73 152 257 372 465 676 858 1551 2962 4241 6673 10429 11711
 ... : 22 40 73 152 257 372 465 676 858 1551 2962 4240 6672 10430 11887
 ... : 22 40 73 152 257 372 465 676 858 1551 2963 4241 6676 10442 12039
 ... : 22 40 73 152 257 372 465 676 858 1551 2963 4241 6675 10439 12203
 ... : 22 40 73 152 257 372 465 676 858 1551 2963 4239 6673 10438 12371
 ... : 22 40 73 152 257 372 463 673 858 1551 2963 4239 6670 10424 12535
 ... : 22 40 73 152 257 372 463 673 858 1551 2963 4239 6668 10431 12705
 ... : 22 40 73 152 257 372 463 673 858 1551 2963 4238 6670 10442 12823
 ... : 22 40 73 152 257 372 463 673 858 1551 2963 4238 6669 10435 12996
 ... : 22 40 73 152 257 372 463 673 858 1551 2963 4238 6668 10434 13193
 ... : 22 40 73 152 257 372 463 673 858 1551 2963 4238 6670 10440 13371
 ... : 22 40 73 152 257 372 463 673 858 1551 2963 4236 6675 10455 13481
 ... : 22 40 73 152 257 372 463 673 858 1551 2963 4235 6665 10461 13638
 ... : 22 40 73 152 257 372 463 673 858 1551 2963 4235 6664 10455 13828
 ... : 22 40 73 152 257 372 463 673 858 1551 2963 4235 6665 10462 13974
 ... : 22 40 73 152 257 372 463 673 858 1551 2963 4235 6671 10477 14125
 ... : 22 40 73 152 257 372 463 673 858 1551 2962 4233 6652 10490 14235
 ... : 22 40 73 152 257 372 463 673 858 1551 2962 4232 6651 10494 14422
 ... : 22 40 73 152 257 372 463 673 858 1551 2962 4232 6648 10497 14595
 ... : 22 40 73 152 257 372 463 673 858 1551 2962 4232 6648 10504 14776
 ... : 22 40 73 152 257 372 463 673 858 1551 2962 4232 6648 10504 14972
 ... : 22 40 73 152 257 372 463 673 858 1551 2962 4232 6648 10517 15127
 ... : 22 40 73 152 257 372 463 673 858 1551 2962 4230 6646 10526 15280
 ... : 22 40 73 152 257 372 463 673 858 1551 2962 4230 6645 10527 15464
 ... : 22 40 73 152 257 372 463 673 858 1551 2962 4231 6650 10533 15610
 ... : 22 40 73 152 257 372 463 673 858 1551 2962 4232 6654 10547 15737
 ... : 22 40 73 152 257 372 463 673 858 1551 2962 4232 6660 10572 15845
 ... : 22 40 73 152 257 372 463 673 858 1551 2962 4232 6660 10594 15967
 ... : 22 40 73 152 257 372 463 673 858 1551 2962 4229 6660 10591 16092
 ... : 22 40 73 152 257 372 463 673 858 1551 2962 4229 6660 10591 16282
 ... : 22 40 73 152 257 372 463 673 858 1551 2962 4223 6661 10600 16429
 ... : 22 40 73 152 257 372 463 673 858 1551 2962 4223 6659 10606 16588
 ... : 22 40 73 152 257 372 463 673 858 1551 2962 4223 6660 10629 16727
 ... : 22 40 73 152 257 372 463 673 858 1551 2962 4223 6658 10638 16881
 ... : 22 40 73 152 257 372 463 673 858 1551 2962 4223 6658 10636 17067
 ... : 22 40 73 152 257 372 463 673 858 1551 2962 4220 6639 10641 17213
 ... : 22 40 73 152 257 372 463 673 858 1551 2962 4220 6638 10643 17370
 ... : 22 40 73 152 257 372 463 673 858 1551 2962 4222 6639 10667 17463
  16 : 22 40 73 151 255 365 451 632 755 1382 2396 2991 4436 6822 10820 6198
 ... : 22 40 73 151 255 365 451 632 755 1382 2396 2991 4435 6821 10802 6361
 ... : 22 40 73 151 255 365 451 632 755 1382 2396 2991 4434 6823 10815 6509
 ... : 22 40 73 151 255 365 451 632 755 1382 2396 2991 4437 6823 10840 6583
 ... : 22 40 73 151 255 365 451 632 755 1382 2396 2991 4439 6823 10843 6681
 ... : 22 40 73 151 255 365 451 632 755 1382 2396 2991 4439 6823 10823 6854
 ... : 22 40 73 151 255 365 451 632 755 1382 2396 2991 4439 6821 10814 7040
 ... : 22 40 73 151 255 365 451 632 755 1382 2396 2991 4439 6820 10813 7223
 ... : 22 40 73 151 255 365 451 632 755 1382 2395 2988 4432 6812 10794 7349
 ... : 22 40 73 151 255 365 451 632 755 1382 2393 2988 4431 6812 10794 7537
 ... : 22 40 73 151 255 365 451 632 755 1382 2393 2988 4431 6812 10800 7714
 ... : 22 40 73 151 255 365 451 632 755 1382 2393 2988 4431 6812 10799 7902
 ... : 22 40 73 151 255 365 451 632 755 1382 2393 2988 4431 6811 10797 8066
 ... : 22 40 73 151 255 365 451 632 755 1382 2393 2988 4431 6814 10817 8186
 ... : 22 40 73 151 255 365 451 632 755 1382 2393 2988 4431 6811 10814 8294
 ... : 22 40 73 151 255 365 451 632 755 1382 2393 2988 4429 6806 10795 8451
 ... : 22 40 73 151 255 365 451 632 755 1382 2393 2988 4428 6807 10804 8581
 ... : 22 40 73 151 255 365 451 632 755 1382 2393 2987 4429 6804 10810 8642
 ... : 22 40 73 151 255 365 451 632 755 1382 2393 2987 4429 6809 10814 8782
 ... : 22 40 73 151 255 365 451 632 755 1382 2393 2987 4430 6822 10848 8857
 ... : 22 40 73 151 255 365 451 632 755 1382 2393 2987 4430 6822 10852 9031
 ... : 22 40 73 151 255 365 451 632 755 1382 2393 2987 4430 6823 10870 9153
 ... : 22 40 73 151 255 365 451 632 755 1382 2393 2987 4434 6830 10892 9263
 ... : 22 40 73 151 255 365 451 632 755 1382 2393 2987 4434 6832 10926 9372
 ... : 22 40 73 151 255 365 451 632 755 1382 2393 2987 4434 6832 10944 9529
 ... : 22 40 73 151 255 365 451 632 755 1382 2393 2986 4433 6835 10914 9634
 ... : 22 40 73 151 255 365 451 632 755 1382 2393 2986 4433 6837 10933 9764
 ... : 22 40 73 151 255 365 451 632 755 1382 2393 2986 4433 6837 10959 9896
 ... : 22 40 73 151 255 365 451 632 755 1382 2393 2986 4433 6839 10968 10033
 ... : 22 40 73 151 255 365 451 632 755 1382 2393 2986 4433 6839 10969 10209
 ... : 22 40 73 151 255 365 451 632 755 1382 2393 2986 4433 6839 10980 10378
 ... : 22 40 73 151 255 365 451 632 755 1382 2393 2986 4432 6839 10979 10564
 ... : 22 40 73 151 255 365 451 632 755 1382 2393 2986 4433 6841 10998 10704
 ... : 22 40 73 151 255 365 451 632 755 1382 2393 2986 4433 6848 11030 10810
 ... : 22 40 73 151 255 365 451 632 755 1381 2387 2976 4418 6827 10992 10889
 ... : 22 40 73 151 255 365 451 632 755 1380 2387 2974 4405 6802 11003 10989
 ... : 22 40 73 151 255 365 451 632 755 1380 2387 2974 4408 6807 11029 11097
 ... : 22 40 73 151 255 365 451 632 755 1380 2387 2974 4407 6802 11044 11247
 ... : 22 40 73 151 255 365 451 632 755 1380 2387 2974 4407 6802 11035 11434
 ... : 22 40 73 151 255 365 451 632 755 1380 2387 2974 4407 6802 11043 11601
 ... : 22 40 73 151 255 365 451 632 755 1380 2387 2974 4407 6800 11050 11773
 ... : 22 40 73 151 255 365 451 632 755 1380 2387 2974 4404 6799 11040 11888
 ... : 22 40 73 151 255 365 451 632 755 1380 2387 2974 4403 6810 11056 11956
 ... : 22 40 73 151 255 365 451 632 755 1379 2387 2974 4401 6809 11047 12084
 ... : 22 40 73 151 255 365 451 632 755 1379 2387 2974 4401 6814 11067 12212
 ... : 22 40 73 151 255 365 451 632 755 1379 2387 2974 4401 6816 11072 12360
 ... : 22 40 73 151 255 365 451 632 755 1379 2387 2971 4404 6822 11091 12478
 ... : 22 40 73 151 255 365 451 632 755 1379 2387 2974 4375 6829 11113 12539
 ... : 22 40 73 151 255 365 451 632 755 1379 2387 2975 4383 6836 11133 12650
 ... : 22 40 73 151 255 365 451 632 755 1379 2389 2983 4391 6850 11153 12694
 ... : 22 40 73 151 255 365 451 632 755 1379 2389 2985 4402 6873 11192 12746
 ... : 22 40 73 151 255 365 451 632 755 1379 2387 2979 4403 6880 11197 12850
 ... : 22 40 73 151 255 365 451 632 755 1379 2387 2979 4404 6882 11195 12991
 ... : 22 40 73 151 255 365 451 632 755 1379 2387 2984 4411 6897 11221 13042
 ... : 22 40 73 151 255 365 451 632 755 1379 2387 2984 4415 6913 11259 13115
 ... : 22 40 73 151 255 365 451 632 755 1379 2387 2984 4415 6914 11271 13264
 ... : 22 40 73 151 255 365 451 632 755 1379 2387 2984 4415 6914 11269 13438
 ... : 22 40 73 151 255 365 451 632 755 1379 2387 2982 4413 6909 11248 13572
 ... : 22 40 73 151 255 365 451 632 755 1379 2387 2982 4413 6909 11255 13748
 ... : 22 40 73 151 255 365 451 632 755 1379 2389 2990 4421 6918 11278 13825
 ... : 22 40 73 151 255 365 451 632 755 1379 2389 2990 4421 6916 11286 13985
 ... : 22 40 73 151 255 365 451 632 755 1379 2389 2990 4423 6924 11298 14109
 ... : 22 40 73 151 255 365 451 632 755 1379 2389 2990 4423 6925 11288 14255
 ... : 22 40 73 151 255 365 451 632 755 1379 2389 2990 4422 6923 11283 14370
 ... : 22 40 73 151 255 365 451 632 755 1379 2387 2990 4419 6921 11276 14557
 ... : 22 40 73 151 255 365 451 632 755 1379 2387 2991 4421 6920 11277 14722
 ... : 22 40 73 151 255 365 451 632 755 1380 2395 3004 4434 6939 11296 14754
 ... : 22 40 73 151 255 365 451 632 755 1380 2395 3004 4434 6938 11287 14919
 ... : 22 40 73 151 255 365 451 632 755 1380 2395 3004 4434 6943 11301 15059
 ... : 22 40 73 151 255 365 451 632 755 1380 2395 3004 4434 6943 11307 15240
 ... : 22 40 73 151 255 365 451 632 755 1380 2395 3004 4434 6946 11305 15416
  17 : 22 40 73 151 255 360 452 595 732 1247 2195 2553 3593 5058 7329 8848 6785
 ... : 22 40 73 151 255 360 452 595 732 1247 2195 2553 3593 5058 7330 8851 6961
 ... : 22 40 73 151 255 360 452 595 732 1247 2195 2553 3593 5058 7323 8855 7117
 ... : 22 40 73 151 255 360 452 595 732 1247 2195 2553 3593 5056 7323 8857 7261
 ... : 22 40 73 151 255 360 452 595 732 1247 2195 2553 3593 5057 7328 8886 7358
 ... : 22 40 73 151 255 360 452 595 732 1247 2195 2553 3593 5058 7333 8905 7478
 ... : 22 40 73 151 255 360 452 595 732 1247 2195 2553 3593 5058 7330 8919 7610
 ... : 22 40 73 151 255 360 452 595 732 1247 2195 2553 3594 5062 7338 8939 7722
 ... : 22 40 73 151 255 360 452 595 732 1247 2195 2553 3594 5062 7336 8936 7910
 ... : 22 40 73 151 255 360 452 595 732 1247 2195 2553 3594 5061 7333 8923 8002
 ... : 22 40 73 151 255 360 452 595 732 1247 2195 2553 3595 5066 7339 8940 8108
 ... : 22 40 73 151 255 360 452 595 732 1247 2195 2553 3595 5068 7344 8968 8213
 ... : 22 40 73 151 255 360 452 595 732 1247 2195 2553 3595 5068 7343 8972 8353
 ... : 22 40 73 151 255 360 452 595 732 1247 2195 2553 3595 5068 7343 8978 8538
 ... : 22 40 73 151 255 360 452 595 732 1247 2195 2553 3595 5068 7351 8992 8673
 ... : 22 40 73 151 255 360 452 595 732 1247 2196 2556 3599 5073 7358 9008 8774
 ... : 22 40 73 151 255 360 452 595 728 1248 2197 2562 3607 5091 7380 9044 8795
 ... : 22 40 73 151 255 360 452 595 728 1248 2199 2565 3613 5108 7398 9070 8829
 ... : 22 40 73 151 255 360 452 595 728 1247 2200 2574 3625 5131 7420 9097 8851
 ... : 22 40 73 151 255 360 452 595 728 1248 2204 2585 3632 5136 7437 9123 8876
 ... : 22 40 73 151 255 360 452 595 728 1248 2205 2589 3638 5145 7455 9153 8903
 ... : 22 40 73 151 255 360 452 597 735 1257 2220 2608 3654 5153 7460 9161 8902
 ... : 22 40 73 151 255 360 452 598 738 1264 2225 2617 3653 5136 7472 9177 8910
 ... : 22 40 73 151 255 360 452 601 740 1270 2229 2627 3663 5148 7483 9184 8916
 ... : 22 40 73 151 255 360 452 601 740 1270 2229 2627 3663 5151 7503 9222 8959
 ... : 22 40 73 151 255 360 452 601 740 1270 2229 2627 3664 5154 7525 9251 8987
 ... : 22 40 73 151 255 360 452 601 740 1270 2229 2627 3664 5149 7537 9285 9041
 ... : 22 40 73 151 255 360 452 601 740 1270 2229 2629 3670 5164 7554 9323 9066
 ... : 22 40 73 151 255 360 452 601 740 1270 2229 2629 3671 5174 7581 9351 9131
 ... : 22 40 73 151 255 360 452 601 740 1270 2229 2629 3671 5174 7583 9370 9237
 ... : 22 40 73 151 255 360 452 601 740 1270 2229 2631 3672 5184 7592 9382 9249
 ... : 22 40 73 151 255 360 452 601 740 1270 2229 2632 3677 5189 7605 9416 9288
 ... : 22 40 73 151 255 360 452 601 740 1270 2229 2632 3677 5189 7607 9418 9457
 ... : 22 40 73 151 255 360 452 601 740 1270 2229 2632 3677 5189 7607 9437 9600
 ... : 22 40 73 151 255 360 452 601 740 1270 2229 2632 3677 5189 7608 9448 9747
 ... : 22 40 73 151 255 360 452 601 740 1270 2229 2632 3677 5191 7608 9453 9905
 ... : 22 40 73 151 255 360 452 601 740 1270 2229 2632 3677 5191 7609 9453 10071
 ... : 22 40 73 151 255 360 452 601 740 1270 2229 2632 3677 5191 7609 9450 10270
 ... : 22 40 73 151 255 360 452 601 740 1270 2229 2632 3677 5190 7609 9445 10453
 ... : 22 40 73 151 255 360 452 601 740 1270 2229 2632 3677 5189 7609 9457 10617
 ... : 22 40 73 151 255 360 452 601 740 1270 2229 2632 3677 5189 7609 9485 10734
 ... : 22 40 73 151 255 360 452 601 740 1270 2229 2632 3677 5189 7608 9495 10880
 ... : 22 40 73 151 255 360 452 601 740 1270 2229 2632 3677 5189 7608 9497 11070
 ... : 22 40 73 151 255 360 452 601 740 1270 2229 2632 3677 5182 7607 9498 11218
 ... : 22 40 73 151 255 360 452 601 740 1270 2229 2631 3677 5182 7607 9493 11407
 ... : 22 40 73 151 255 360 452 601 740 1270 2229 2631 3677 5182 7604 9518 11530
 ... : 22 40 73 151 255 360 452 601 740 1270 2229 2630 3675 5181 7602 9530 11631
 ... : 22 40 73 151 255 360 452 601 740 1270 2229 2630 3675 5181 7611 9566 11710
 ... : 22 40 73 151 255 360 452 601 740 1270 2229 2630 3675 5187 7625 9601 11764
 ... : 22 40 73 151 255 360 452 601 740 1270 2229 2630 3675 5187 7629 9614 11854
 ... : 22 40 73 151 255 360 452 601 740 1270 2229 2630 3675 5187 7625 9611 12007
 ... : 22 40 73 151 255 360 452 601 740 1270 2229 2630 3676 5190 7635 9641 12090
 ... : 22 40 73 151 255 360 452 601 740 1270 2229 2631 3682 5200 7659 9669 12124
 ... : 22 40 73 151 255 360 452 601 740 1270 2229 2632 3685 5209 7679 9701 12169
 ... : 22 40 73 151 255 360 452 601 740 1270 2229 2632 3685 5211 7693 9742 12249
 ... : 22 40 73 151 255 360 452 601 740 1270 2229 2632 3687 5223 7711 9780 12295
 ... : 22 40 73 151 255 360 452 601 740 1270 2229 2632 3690 5231 7743 9802 12332
 ... : 22 40 73 151 255 360 452 601 740 1270 2229 2632 3690 5231 7734 9800 12478
 ... : 22 40 73 151 255 360 452 601 740 1270 2229 2632 3686 5231 7734 9803 12658
 ... : 22 40 73 151 255 360 452 601 740 1270 2229 2632 3686 5231 7734 9803 12843
 ... : 22 40 73 151 255 360 452 601 740 1270 2229 2632 3686 5231 7732 9805 13025
 ... : 22 40 73 151 255 360 452 601 740 1270 2229 2632 3686 5233 7734 9808 13182
 ... : 22 40 73 151 255 360 452 601 740 1270 2229 2632 3686 5234 7735 9814 13345
 ... : 22 40 73 151 255 360 452 601 740 1270 2229 2632 3686 5239 7738 9826 13437
 ... : 22 40 73 151 255 360 452 601 740 1270 2229 2632 3686 5237 7735 9833 13552
  18 : 22 40 73 151 253 357 446 598 719 1153 2085 2517 3356 4585 6580 8176 8281 6479
 ... : 22 40 73 151 253 357 446 598 719 1153 2085 2517 3356 4585 6580 8176 8279 6679
 ... : 22 40 73 151 253 357 446 598 719 1153 2085 2517 3356 4589 6587 8188 8294 6776
 ... : 22 40 73 151 253 357 446 598 719 1153 2085 2517 3356 4589 6592 8202 8315 6858
 ... : 22 40 73 151 253 357 446 598 719 1153 2085 2517 3356 4589 6592 8202 8322 7041
 ... : 22 40 73 151 253 357 446 598 719 1153 2085 2517 3356 4589 6592 8205 8350 7156
 ... : 22 40 73 151 253 357 446 598 719 1153 2085 2517 3356 4589 6592 8207 8365 7284
 ... : 22 40 73 151 253 357 446 598 719 1153 2085 2517 3356 4589 6592 8207 8366 7475
 ... : 22 40 73 151 253 357 446 598 719 1153 2085 2517 3356 4588 6592 8206 8374 7653
 ... : 22 40 73 151 253 357 446 598 719 1153 2085 2517 3356 4588 6596 8213 8395 7766
 ... : 22 40 73 151 253 357 446 598 719 1153 2085 2517 3356 4588 6596 8213 8401 7943
 ... : 22 40 73 151 253 357 446 598 719 1153 2085 2517 3356 4587 6595 8213 8420 8077
 ... : 22 40 73 151 253 357 446 598 719 1153 2085 2517 3356 4587 6595 8211 8429 8252
 ... : 22 40 73 151 253 357 446 598 719 1153 2085 2517 3356 4587 6595 8222 8454 8335
 ... : 22 40 73 151 253 357 446 598 719 1153 2085 2518 3358 4590 6596 8226 8468 8459
 ... : 22 40 73 151 253 357 446 598 719 1153 2085 2518 3358 4591 6601 8232 8493 8552
 ... : 22 40 73 151 253 357 446 598 719 1153 2085 2518 3358 4591 6603 8235 8517 8634
 ... : 22 40 73 151 253 357 446 598 719 1153 2085 2518 3358 4591 6598 8237 8550 8710
 ... : 22 40 73 151 253 357 446 598 719 1153 2085 2519 3360 4603 6613 8257 8567 8746
 ... : 22 40 73 151 253 357 446 598 719 1153 2085 2519 3360 4606 6616 8263 8582 8866
 ... : 22 40 73 151 253 357 446 598 719 1153 2085 2519 3360 4607 6618 8265 8603 8996
 ... : 22 40 73 151 253 357 446 598 719 1153 2085 2520 3364 4613 6627 8275 8621 9082
 ... : 22 40 73 151 253 357 446 598 718 1152 2086 2522 3364 4617 6638 8288 8636 9121
 ... : 22 40 73 151 253 357 446 598 718 1152 2086 2522 3364 4617 6618 8293 8663 9241
 ... : 22 40 73 151 253 357 446 598 718 1152 2086 2522 3364 4617 6613 8297 8694 9336
 ... : 22 40 73 151 253 357 446 598 718 1152 2086 2522 3364 4618 6615 8303 8711 9433
 ... : 22 40 73 151 253 357 446 598 718 1152 2086 2522 3366 4627 6628 8325 8740 9464
 ... : 22 40 73 151 253 357 446 598 718 1152 2086 2522 3366 4627 6629 8339 8774 9511
 ... : 22 40 73 151 253 357 446 598 718 1152 2086 2522 3368 4631 6635 8360 8809 9546
 ... : 22 40 73 151 253 357 446 598 718 1152 2086 2528 3369 4636 6636 8361 8827 9661
 ... : 22 40 73 151 253 357 446 598 718 1152 2086 2532 3373 4649 6649 8396 8856 9661
 ... : 22 40 73 151 253 357 446 598 718 1152 2086 2532 3374 4657 6669 8420 8894 9684
 ... : 22 40 73 151 253 357 446 598 718 1152 2086 2532 3376 4660 6683 8438 8920 9734
 ... : 22 40 73 151 253 357 446 598 718 1152 2086 2532 3376 4661 6683 8446 8956 9804
 ... : 22 40 73 151 253 357 446 598 718 1152 2086 2532 3376 4660 6683 8448 8970 9926
 ... : 22 40 73 151 253 357 446 598 718 1152 2086 2532 3376 4660 6682 8463 8991 10026
 ... : 22 40 73 151 253 357 446 598 718 1152 2086 2532 3376 4660 6682 8464 9020 10149
 ... : 22 40 73 151 253 357 446 598 718 1152 2086 2532 3376 4660 6682 8465 9035 10302
 ... : 22 40 73 151 253 357 446 598 718 1152 2086 2532 3376 4659 6693 8480 9069 10348
 ... : 22 40 73 151 253 357 446 598 718 1152 2086 2532 3376 4659 6693 8488 9101 10467
 ... : 22 40 73 151 253 357 446 598 718 1152 2086 2532 3377 4663 6699 8499 9136 10534
 ... : 22 40 73 151 253 357 446 598 718 1152 2086 2532 3377 4669 6708 8514 9170 10584
 ... : 22 40 73 151 253 357 446 598 718 1152 2086 2532 3377 4677 6716 8529 9199 10648
 ... : 22 40 73 151 253 357 446 598 718 1152 2086 2532 3377 4681 6720 8534 9207 10794
 ... : 22 40 73 151 253 357 446 598 718 1152 2086 2532 3377 4681 6720 8534 9212 10979
 ... : 22 40 73 151 253 357 446 598 718 1152 2086 2532 3377 4681 6720 8543 9223 11113
 ... : 22 40 73 151 253 357 446 598 718 1152 2086 2532 3377 4681 6720 8545 9233 11266
 ... : 22 40 73 151 253 357 446 598 718 1152 2086 2532 3377 4681 6721 8549 9247 11403
 ... : 22 40 73 151 253 357 446 598 718 1152 2086 2532 3377 4681 6721 8553 9255 11518
 ... : 22 40 73 151 253 357 446 598 718 1152 2086 2532 3377 4681 6721 8560 9273 11636
 ... : 22 40 73 151 253 357 446 598 718 1152 2086 2532 3377 4681 6721 8564 9297 11765
 ... : 22 40 73 151 253 357 446 598 718 1152 2086 2532 3377 4683 6724 8564 9305 11897
 ... : 22 40 73 151 253 357 446 598 718 1152 2086 2532 3377 4683 6724 8565 9312 12060
 ... : 22 40 73 151 253 357 446 598 718 1152 2086 2532 3377 4683 6724 8569 9328 12194
 ... : 22 40 73 151 253 357 446 598 718 1152 2086 2532 3377 4683 6724 8569 9329 12381
 ... : 22 40 73 151 253 357 446 598 718 1152 2086 2532 3377 4683 6728 8583 9340 12518
 ... : 22 40 73 151 253 357 446 598 718 1152 2086 2533 3378 4684 6731 8595 9358 12608
 ... : 22 40 73 151 253 357 446 598 718 1152 2086 2533 3378 4684 6731 8599 9365 12742
 ... : 22 40 73 151 253 357 446 598 718 1152 2086 2533 3378 4684 6731 8600 9375 12910
 ... : 22 40 73 151 253 357 446 598 718 1152 2086 2533 3378 4684 6731 8600 9394 13040
 ... : 22 40 73 151 253 357 446 598 718 1152 2086 2533 3378 4684 6731 8603 9410 13166
 ... : 22 40 73 151 253 357 446 598 718 1152 2086 2533 3377 4684 6734 8607 9417 13306
 ... : 22 40 73 151 253 357 446 598 718 1152 2086 2533 3377 4685 6736 8616 9437 13430
 ... : 22 40 73 151 253 357 446 598 718 1152 2086 2533 3377 4685 6736 8616 9447 13609
 ... : 22 40 73 151 253 357 446 598 718 1152 2086 2533 3377 4685 6735 8615 9449 13783
 ... : 22 40 73 151 253 357 446 598 718 1152 2086 2533 3377 4685 6735 8615 9456 13957
 ... : 22 40 73 151 253 357 446 598 718 1152 2086 2533 3377 4685 6735 8615 9453 14144
 ... : 22 40 73 151 253 357 446 598 718 1152 2086 2533 3377 4685 6735 8613 9451 14331
