initialized model with 190 latches, 113 inputs and 1 properties
tsim: performed 10 steps
tsim: found cycle from 8
checking bound 0
checking bound 1
checking bound 2
tdecomp: unrolling 2 cycles
tsim: performed 8 steps
tsim: found cycle from 6
tsim: found 1 constants and 0 latch equivalences
tdecomp: (190, 452) -> (189, 334)
   2 : 22 16
   3 : 19 6 34
   4 : 19 6 26 11
   5 : 19 6 26 17 28
   6 : 19 6 26 21 18 24
   7 : 18 6 25 21 20 32 51
   8 : 18 6 25 20 19 32 17 58
   9 : 17 7 25 20 18 33 23 38 102
 ... : 17 7 25 20 20 36 32 51 156
  10 : 16 7 24 19 18 29 30 58 55 162
 ... : 16 7 24 19 18 29 31 60 68 228
  11 : 16 6 24 20 18 25 35 63 68 65 202
  12 : 16 6 20 9 13 20 25 54 56 52 78 268
  13 : 15 7 20 9 13 20 25 51 54 47 56 69 308
  14 : 15 7 18 6 9 13 18 41 37 34 44 56 83 238
  15 : 14 6 16 5 8 12 17 40 35 33 43 49 82 85 206
  16 : 14 6 16 5 8 12 17 40 35 33 43 44 52 73 115 244
  17 : 14 6 16 5 8 12 17 40 35 32 42 41 43 67 107 123 261
  18 : 14 5 15 5 8 12 17 40 35 31 39 39 42 64 99 118 116 267
 ... : 14 5 15 5 8 12 17 40 35 31 39 39 42 64 99 120 126 374
  19 : 14 5 15 5 8 12 17 40 35 31 39 39 42 64 99 119 113 125 271
 ... : 14 5 15 5 8 12 17 40 35 31 39 39 42 65 100 119 114 126 363
  20 : 14 5 15 5 8 12 17 40 35 31 38 36 39 57 82 107 95 91 119 377
  21 : 14 5 15 5 8 12 17 39 35 31 38 36 39 54 82 108 95 91 111 104 397
 ... : 14 5 15 5 8 12 17 39 35 31 38 36 39 54 81 108 93 92 110 98 492
  22 : 14 5 15 5 8 11 15 36 33 26 37 34 38 50 73 92 89 75 105 89 85 446
  23 : 14 5 15 5 5 11 11 31 35 31 39 34 38 50 68 91 91 75 87 72 75 104 469
 ... : 14 5 15 5 5 11 11 31 35 31 39 34 38 52 69 93 94 79 89 73 74 103 578
  24 : 14 5 15 5 5 11 11 31 35 31 39 34 38 50 70 92 92 77 86 71 66 88 131 473
 ... : 14 5 15 5 5 11 11 31 35 31 39 34 38 50 70 92 92 77 86 71 64 84 124 579
  25 : 14 5 15 5 5 11 11 31 35 31 39 34 38 50 67 86 79 61 76 52 49 78 72 119 533
 ... : 14 5 15 5 5 11 11 31 35 31 40 35 40 54 65 83 75 60 78 54 53 84 75 124 569
  26 : 14 5 15 5 5 11 11 30 33 29 39 34 36 48 52 71 67 55 71 51 44 74 80 117 104 503
  27 : 14 5 15 5 5 11 11 30 33 29 39 34 36 48 52 71 66 56 71 51 41 73 78 113 105 89 486
  28 : 14 5 15 5 5 11 11 30 33 29 39 34 36 47 52 71 66 54 69 49 41 69 69 107 99 73 95 507
  29 : 14 5 15 5 5 11 11 30 33 29 39 34 36 47 52 71 66 54 69 49 40 65 68 107 99 69 93 116 494
 ... : 14 5 15 5 5 11 11 30 33 29 39 34 36 47 52 71 66 54 69 49 40 65 68 107 101 75 104 127 569
 ... : 14 5 15 5 5 11 11 30 33 29 39 34 36 47 52 71 66 54 69 49 39 65 68 108 102 78 105 128 673
 ... : 14 5 15 5 5 11 11 30 33 29 39 34 36 47 52 71 66 54 69 48 37 64 67 107 107 86 114 134 708
  30 : 14 5 15 5 5 11 11 30 33 29 39 34 36 47 52 71 66 54 69 48 32 29 45 97 73 46 80 86 95 617
  31 : 14 5 15 5 5 11 11 30 33 29 39 34 36 47 52 71 66 54 69 48 32 29 45 97 73 46 79 86 85 104 616
  32 : 14 5 15 5 5 11 11 30 33 29 39 34 36 47 52 66 53 51 79 52 32 29 45 97 76 46 79 86 85 103 143 561
  33 : 14 5 15 5 5 11 11 30 33 29 39 34 36 47 52 66 53 51 79 52 32 29 45 93 63 46 79 100 85 102 139 207 482
 ... : 14 5 15 5 5 11 11 30 33 29 39 34 36 47 52 66 53 51 79 52 32 29 45 93 63 45 79 100 85 102 140 211 657
  34 : 14 5 15 5 5 11 11 30 33 29 39 34 36 47 52 66 53 51 79 52 31 29 45 93 63 43 42 35 40 57 54 115 178 800
  35 : 14 5 15 5 5 11 11 30 33 29 39 34 36 47 51 67 53 51 79 52 31 29 45 93 62 43 43 35 40 57 54 114 178 156 776
 ... : 14 5 15 5 5 11 11 30 33 29 39 34 36 47 51 67 53 51 79 52 31 29 45 93 62 43 43 35 40 57 54 114 178 167 899
  36 : 14 5 15 5 5 11 11 30 33 29 39 34 36 47 51 67 53 51 78 51 30 29 45 93 62 43 43 35 40 56 54 105 169 134 198 813
 ... : 14 5 15 5 5 11 11 30 33 29 39 34 36 47 51 67 53 51 78 51 30 29 45 93 62 43 42 35 40 56 52 106 169 131 184 910
  37 : 14 5 15 5 5 11 11 30 33 28 39 33 36 47 51 66 53 52 79 51 30 29 45 93 63 43 42 35 40 55 44 79 76 62 104 82 995
  38 : 14 5 15 5 5 11 11 30 33 28 39 33 35 47 51 66 53 53 79 51 30 29 45 93 63 43 42 35 40 55 44 79 76 62 104 75 111 953
  39 : 14 5 15 5 5 11 11 30 33 28 39 33 35 47 51 66 53 53 79 51 30 29 45 93 63 43 42 35 40 55 44 79 75 62 104 75 95 95 991
 ... : 14 5 15 5 5 11 11 30 33 28 39 33 35 47 51 66 53 53 79 51 30 29 45 93 63 43 42 35 40 55 44 79 75 62 104 75 92 97 1097
  40 : 14 5 15 5 5 11 11 30 33 27 33 27 27 33 40 50 39 30 44 26 21 21 45 94 66 42 45 35 32 58 55 78 70 54 99 71 75 69 72 1087
 ... : 14 5 15 5 5 11 11 30 33 27 33 27 27 33 40 50 39 30 44 26 21 21 45 94 66 42 45 35 32 58 55 79 73 57 105 76 82 78 81 1120
  41 : 14 4 15 5 5 11 11 30 33 26 33 27 27 31 39 49 39 30 44 26 21 21 45 94 66 42 45 35 32 58 53 78 65 65 88 73 72 76 74 71 1105
  42 : 14 4 15 5 5 11 11 30 33 26 33 27 27 31 39 48 39 30 45 26 21 21 45 94 66 42 45 35 32 58 53 78 65 65 88 73 72 76 70 69 66 1070
 ... : 14 4 15 5 5 11 11 30 33 26 33 27 27 31 39 48 39 30 45 26 21 21 45 94 66 42 45 35 32 58 53 83 70 68 91 77 75 82 80 78 74 1106
  43 : 13 3 14 3 3 6 6 19 31 27 31 27 29 31 39 48 39 30 45 26 21 21 45 94 66 42 45 35 32 58 50 74 74 69 67 92 92 84 73 77 72 52 1081
 ... : 13 3 14 3 3 6 6 19 31 27 31 27 29 31 39 48 39 30 45 26 21 21 45 94 66 42 45 35 32 58 50 74 74 69 68 92 92 84 76 83 75 61 1121
  44 : 13 3 14 3 3 6 6 19 31 27 31 27 29 31 39 48 39 30 45 26 21 21 45 94 66 42 45 35 32 58 50 74 72 67 66 90 95 83 73 64 73 52 43 1106
  45 : 13 3 14 3 3 6 6 19 31 27 31 27 29 31 39 48 39 30 45 26 21 21 45 94 66 41 45 35 32 58 50 74 72 67 66 90 94 80 69 59 73 59 44 33 1108
  46 : 13 3 14 3 3 6 6 19 31 27 31 27 29 31 39 48 39 30 45 26 21 21 45 94 66 41 45 35 32 58 50 74 72 67 65 90 97 81 70 61 74 59 45 33 26 1108
  47 : 13 3 14 3 3 6 6 19 31 27 31 27 29 31 39 48 39 30 45 26 21 21 45 94 66 41 45 35 32 58 50 73 70 67 65 90 97 80 71 65 76 56 42 35 29 25 1113
 ... : 13 3 14 3 3 6 6 19 31 27 31 27 29 31 39 48 39 30 45 26 21 21 45 94 66 41 45 35 32 58 50 73 71 67 65 92 95 84 76 73 80 60 47 42 35 27 1120
  48 : 13 3 14 3 3 6 6 19 31 27 31 27 29 31 39 48 39 30 45 26 21 21 44 94 67 41 45 35 32 58 41 70 71 67 62 89 89 79 80 72 81 60 52 35 33 30 29 1131
  49 : 13 3 14 3 3 6 6 19 31 27 31 27 29 31 39 48 39 30 45 26 21 21 44 94 63 42 45 35 32 58 40 59 50 51 48 45 42 46 53 40 49 27 29 16 10 6 11 18 1198
  50 : 13 3 14 3 3 6 6 19 31 27 31 27 29 31 39 48 39 30 45 26 21 21 44 94 61 42 47 35 32 58 40 59 50 50 48 45 41 46 53 40 49 27 29 16 10 6 11 10 9 1200
 ... : 13 3 14 3 3 6 6 19 31 27 31 27 29 31 39 48 39 30 45 26 21 21 44 94 61 42 47 35 32 58 40 59 50 50 48 45 41 46 54 43 56 32 35 21 13 15 18 14 12 1211
 ... : 13 3 14 3 3 6 6 19 31 27 31 27 29 31 39 48 39 30 45 26 21 21 44 94 61 42 47 35 32 58 40 59 52 53 51 47 43 46 54 43 60 37 43 26 20 20 19 16 16 1228
 ... : 13 3 14 3 3 6 6 19 31 27 31 27 29 31 39 48 39 30 45 26 21 21 45 94 61 43 47 36 31 57 42 62 52 54 54 53 47 46 54 43 60 37 43 26 20 20 19 16 16 1235
 ... : 13 3 14 3 3 7 8 21 32 28 31 27 29 31 39 49 39 30 46 27 23 21 46 97 62 44 48 34 31 59 43 62 52 53 51 54 48 46 54 43 60 37 43 26 20 20 19 16 16 1245
 ... : 13 3 14 3 3 7 7 20 31 27 31 27 29 31 39 49 39 30 46 27 23 21 46 97 61 44 47 34 31 57 43 62 51 52 48 50 44 42 48 31 47 26 30 20 13 14 16 12 11 1242
  51 : 13 3 5 12 3 7 6 13 20 16 12 20 29 30 38 39 30 25 37 24 21 22 33 31 36 16 12 14 11 12 9 7 6 1 3 4 4 3 23 8 8 7 6 2 4 11 18 11 8 5 1116
  52 : 13 3 5 12 3 7 6 13 20 16 12 20 29 30 38 39 30 25 37 24 21 22 33 31 36 16 12 14 11 12 9 7 6 1 3 4 4 3 23 8 8 7 6 2 4 11 18 11 8 5 31 1082
  53 : 13 3 5 12 3 7 6 13 20 16 12 20 29 30 38 39 30 25 35 24 21 22 33 31 36 16 12 14 11 12 9 7 6 1 3 4 4 3 23 8 8 7 6 2 4 11 18 11 7 5 30 62 1037
  54 : 13 3 5 12 3 7 6 13 20 16 12 20 29 30 38 39 30 25 34 23 21 22 33 31 36 16 12 14 11 12 9 7 6 1 3 4 4 3 23 8 8 7 6 2 2 11 18 11 7 6 31 58 76 1007
  55 : 13 3 5 12 3 7 6 13 20 16 12 20 29 30 38 39 30 25 34 23 21 22 33 31 36 16 12 14 11 12 9 7 6 1 3 4 4 3 23 8 5 4 1 2 2 9 14 13 4 6 27 57 78 44 1021
  56 : 13 3 5 12 3 7 6 12 20 16 12 19 29 30 38 39 30 25 34 23 21 22 33 31 35 16 12 14 11 11 9 8 6 1 3 4 4 3 23 8 5 4 1 2 2 9 14 13 4 6 27 57 78 43 59 972
  57 : 13 3 5 12 3 7 6 12 20 16 12 19 29 30 38 39 30 25 34 23 21 22 33 31 35 16 12 14 11 11 9 8 6 1 3 4 4 3 23 8 5 4 1 2 2 9 14 13 4 6 27 49 81 42 58 45 972
  58 : 13 3 5 12 3 7 6 12 20 16 11 19 29 30 38 39 30 25 34 23 21 22 33 31 35 16 12 14 11 11 9 8 6 1 3 4 4 3 23 8 5 4 1 2 2 9 14 13 4 6 27 49 81 42 58 46 35 961
  59 : 13 3 5 12 3 7 6 12 20 16 11 19 29 30 38 39 30 25 34 23 21 22 33 31 35 16 12 14 11 11 9 8 6 1 3 4 4 3 23 8 5 4 1 2 2 9 14 13 4 6 27 49 82 45 62 47 29 39 957
  60 : 13 3 5 12 3 7 6 12 20 16 11 19 29 30 38 39 30 25 34 23 21 22 33 31 35 16 12 14 11 11 9 8 6 1 3 4 4 3 23 8 5 4 1 2 2 9 14 13 4 6 27 36 48 31 51 35 14 15 20 1036
  61 : 13 3 5 12 3 7 6 12 20 16 11 19 29 30 38 39 30 25 34 23 21 22 33 31 35 16 12 14 11 11 9 8 6 1 3 4 4 3 23 8 5 4 1 2 2 9 14 13 4 6 27 36 48 31 51 35 14 15 19 21 1020
  62 : 13 3 5 12 3 7 6 12 20 16 11 19 29 30 38 39 30 25 34 23 21 22 33 31 35 16 12 14 11 11 9 8 6 1 3 4 4 3 23 8 5 4 1 2 2 9 14 13 4 6 27 36 48 31 51 35 14 14 13 11 16 1043
  63 : 13 3 5 12 3 7 6 12 20 16 11 19 29 30 38 39 30 25 34 23 21 22 33 31 35 16 12 14 11 11 9 8 6 1 3 4 4 3 23 8 5 4 1 2 2 9 14 13 4 6 27 36 48 31 51 35 14 14 13 11 16 17 1033
  64 : 13 3 5 12 3 7 6 12 20 16 11 19 29 30 38 39 30 25 34 23 21 22 33 31 35 16 12 14 11 11 9 8 6 1 3 4 4 3 23 8 5 4 1 2 2 9 14 13 4 6 27 36 48 34 55 39 19 17 16 14 14 8 12 1039
  65 : 13 3 5 12 3 7 6 12 20 16 11 19 29 30 37 37 27 25 34 23 21 22 33 31 35 16 12 14 11 11 9 8 6 1 3 4 4 3 23 8 5 4 1 2 2 9 14 13 4 6 27 36 48 34 55 39 19 17 16 11 10 9 11 7 1037
  66 : 13 3 5 12 3 7 6 12 20 16 11 19 29 30 37 37 27 25 34 23 21 22 33 31 35 16 12 14 11 11 9 8 6 1 3 4 4 3 23 8 5 4 1 2 2 9 14 13 4 6 27 36 48 34 55 38 18 17 16 11 10 9 11 7 12 1033
  67 : 13 3 5 12 3 7 6 12 20 16 11 19 29 30 37 37 27 25 34 23 21 22 33 31 35 16 12 14 11 11 9 8 6 1 3 4 4 3 23 8 5 4 1 2 2 9 14 13 4 6 27 36 48 34 56 39 19 17 18 12 11 8 11 7 16 16 1029
 ... : 13 3 5 12 3 7 6 12 20 16 11 19 29 30 37 37 27 25 34 23 21 22 33 31 35 16 12 14 11 11 9 8 6 1 3 4 4 3 23 8 5 4 1 2 2 9 14 13 4 6 27 36 49 39 64 45 27 21 22 17 14 13 17 10 18 21 1037
  68 : 13 3 5 12 3 7 6 12 20 16 11 19 29 30 37 37 27 25 34 23 21 22 33 31 35 16 12 14 11 11 9 8 6 1 3 4 4 3 23 8 5 4 1 2 2 9 14 13 4 6 27 36 49 39 62 45 25 21 22 15 14 12 17 10 19 13 8 1037
 ... : 13 3 5 12 3 7 6 12 20 16 11 19 29 30 37 37 27 25 34 23 21 22 33 31 35 16 12 14 11 11 9 8 6 1 3 4 4 3 23 8 5 4 1 2 2 9 14 14 5 7 28 37 51 43 64 50 30 22 23 17 16 14 17 12 23 19 13 1049
 ... : 13 3 5 12 3 7 6 12 20 16 11 19 29 30 36 36 26 24 34 22 19 21 32 30 35 17 13 17 11 12 11 9 5 2 5 7 6 3 23 8 5 5 1 2 2 9 14 14 5 7 28 37 50 41 61 48 32 22 23 17 16 14 17 12 23 19 13 1057
 ... : 13 3 5 12 3 7 6 12 20 16 11 19 29 30 36 36 26 24 34 22 19 21 32 30 35 17 13 17 11 12 11 9 4 1 3 4 4 6 25 11 9 8 3 5 5 12 17 21 7 7 28 37 50 41 61 48 32 23 23 17 16 14 17 12 23 19 13 1059
 ... : 13 3 5 12 3 8 8 14 23 19 12 21 32 33 41 41 29 25 34 22 19 21 33 31 33 17 13 14 11 11 11 9 5 1 3 4 4 6 25 11 9 8 3 5 6 11 18 23 7 7 28 37 50 41 61 48 32 23 23 17 16 14 17 12 23 19 13 1060
 ... : 13 3 5 12 3 8 8 14 23 18 12 21 31 33 39 39 30 27 39 30 27 28 38 34 36 21 15 15 12 11 11 9 5 1 3 4 4 6 25 11 9 8 3 5 6 11 18 23 7 7 28 37 50 41 61 48 32 23 23 17 16 14 17 12 23 19 13 1060
 ... : 13 3 5 12 3 8 8 14 23 18 12 21 31 33 39 39 30 26 38 30 22 25 34 34 36 24 20 20 21 20 17 14 6 1 3 4 4 6 25 11 9 8 3 5 6 11 18 23 7 7 28 37 50 41 61 48 32 23 23 17 16 14 17 12 23 19 13 1060
 ... : 13 3 5 12 3 8 8 14 23 18 12 21 31 33 38 37 28 26 37 27 20 23 33 32 34 20 17 20 19 19 19 17 19 11 9 11 9 8 27 12 9 8 3 5 6 11 18 23 7 7 28 37 50 41 61 48 32 23 23 17 16 14 17 12 23 19 13 1062
 ... : 13 3 5 12 3 8 8 14 22 19 13 22 32 34 38 38 28 26 37 27 20 23 33 32 34 20 17 20 19 18 17 14 18 11 10 12 12 12 30 18 15 11 5 6 7 15 20 26 12 9 29 39 50 41 61 48 32 23 23 17 16 14 17 12 23 19 13 1062
 ... : 13 3 5 12 3 8 7 15 22 20 15 23 33 36 40 45 36 29 40 29 25 27 37 34 35 20 17 20 19 18 17 14 18 11 10 12 12 12 30 18 15 11 5 6 7 15 20 26 12 9 29 39 50 41 61 48 32 23 23 17 16 14 17 12 23 19 13 1062
 ... : 13 4 9 16 7 10 11 18 24 23 18 24 34 37 39 42 35 29 39 29 25 25 37 42 40 22 18 20 19 18 17 14 18 11 10 12 12 12 30 18 15 11 5 6 7 16 20 26 12 9 29 39 50 41 61 48 32 23 23 17 16 14 17 12 23 19 13 1062
  69 : 13 4 6 7 17 10 11 16 21 21 14 18 18 24 27 23 22 16 14 25 18 18 25 31 29 17 13 14 13 11 9 10 11 15 7 8 15 5 9 12 24 19 9 7 8 16 21 26 14 10 25 33 33 25 56 48 42 28 29 16 13 15 21 14 23 17 12 17 1065
 ... : 13 4 6 7 17 10 11 16 21 21 14 18 18 24 27 23 22 16 14 25 18 18 25 31 29 17 13 14 13 11 9 10 11 15 7 8 15 5 9 12 25 19 12 8 10 17 22 27 14 10 25 33 33 25 58 50 44 31 30 18 16 16 23 16 25 20 12 19 1067
 ... : 13 4 6 7 17 10 11 16 21 21 14 18 18 24 27 23 22 16 14 25 18 18 25 31 29 17 13 14 13 11 9 10 11 15 7 8 14 6 9 13 24 15 9 5 10 15 22 23 12 9 23 33 35 28 60 52 49 35 33 20 19 17 24 16 25 20 12 19 1067
 ... : 13 4 6 7 17 10 11 16 21 21 14 18 18 24 27 23 22 16 14 25 18 18 25 31 29 17 13 14 13 11 9 10 11 16 9 9 18 9 8 14 25 17 11 12 15 23 27 26 13 11 24 34 36 30 60 52 48 35 35 21 19 17 24 16 25 20 12 19 1069
  70 : 13 4 6 7 17 10 11 16 21 21 14 18 18 24 24 19 24 17 14 24 18 18 25 31 29 17 13 14 13 11 9 10 9 13 6 6 6 3 4 3 3 3 5 12 9 13 12 9 9 31 4 5 4 4 2 3 16 13 25 21 17 14 40 27 19 16 18 19 17 1067
  71 : 13 4 6 7 17 10 11 16 21 21 14 18 18 24 24 19 24 17 14 24 18 18 25 31 29 17 13 14 13 11 9 10 9 13 6 6 6 3 4 3 3 3 5 12 9 13 12 9 9 31 4 5 4 4 2 3 16 13 14 6 9 13 40 28 19 16 15 18 15 8 1071
  72 : 13 4 6 7 17 10 11 16 21 21 14 18 18 24 24 19 24 17 14 24 18 18 25 31 29 17 13 14 13 11 9 10 9 13 6 6 6 3 4 3 3 3 5 12 9 13 12 9 9 31 4 5 4 4 2 3 16 13 14 6 9 13 40 27 16 14 15 13 19 11 14 1069
  73 : 13 4 6 7 17 10 11 16 21 21 14 18 18 24 24 19 24 17 14 24 18 18 25 31 29 17 13 14 13 11 9 10 9 13 6 6 6 3 4 3 3 3 5 12 9 13 12 9 9 31 4 5 4 4 2 3 16 13 14 6 9 13 40 25 15 15 15 12 17 14 14 13 1051
 ... : 13 4 6 7 17 10 11 16 21 21 14 18 18 24 24 19 24 17 14 24 18 18 25 31 29 17 13 14 13 11 9 10 9 13 6 6 6 3 4 3 3 3 5 12 9 13 12 9 9 31 4 5 4 4 2 3 16 13 14 6 9 13 40 28 17 19 22 22 24 22 22 23 1062
  74 : 13 4 6 7 17 10 11 16 21 21 14 18 18 24 24 19 24 17 14 24 18 18 25 31 29 17 13 14 13 11 9 10 9 13 6 6 6 3 4 3 3 3 5 12 9 13 12 9 9 31 4 5 4 4 2 3 16 13 14 6 9 13 40 28 17 17 23 16 22 16 24 16 8 1066
 ... : 13 4 6 6 17 8 9 14 21 22 14 18 18 22 23 17 23 18 15 24 19 20 26 31 30 17 13 14 13 11 9 10 9 14 6 6 7 3 4 3 3 3 5 12 9 13 12 10 9 32 5 5 4 4 2 3 16 13 14 6 9 13 40 33 20 21 26 17 23 17 25 16 8 1068
tdecomp: completing cex trace with 2 initial steps
seqsimpl: completing cex trace with simulation
num_solve_calls = 510242
num_solve_sat_calls = 181840
num_solve_unsat_calls = 7855
num_solve_approx_calls = 361403
num_solve_approx_unsat_calls = 188877
num_solve_conflicts = 177387
num_solve_decisions = 19832405
num_solve_propagations = 341504577
avg_solve_conflicts = 1
avg_solve_decisions = 39
avg_solve_propagations = 670
avg_solve_unsat_decisions = 0.053
stddev_solve_unsat_decisions = 1.918
num_added_cubes = 75319
num_subsumed_cubes = 73215
num_gc_frame = 866
num_reset = 61
num_try_blocking = 265813
get_bad_cube_time = 18.267
rec_block_cube_time = 29.747
propagate_forward_time = 26.965
generalize_model_time = 10.634
generalize_and_push_time = 20.853
try_blocking_time = 50.421
reset_time = 1.338
clausify_time = 1.500
preprocess_time = 0.884
solve_time = 64.551
solve_sat_time = 46.956
solve_unsat_time = 17.595
prove_time = 76.096
memory_used_mb = 15
total_time = 76.200
Unsafe
