1
b0
0000000000000000000000000000000000000000000000000000000000000000000000000000000000000000000000000000000000000000000000000000000000000000000000000000000000000000000000000000000000000000000000
00000000110000000100010000111000000011111100000000000011100000000100101111100000000001110100001000011000010000xxx
000000000110000001000100001110000000111111000000000000111000000001001011111000000000011101000010000110000100000xx
01000000011000000100010000111000000011111100000000000011100000000100101111100000000001110100001000011000010000011
01000000011000000100010000111000000011111100000000000011100000000100101111100000000001110100001000011000010000011
00001000011000000100010000111000000011111100000000000011100000000100101111100000000001110100001000011000010000011
00001000011000000100010000111000000011111100000000000011100000000100101111100000000001110100001000011000010000011
00001000011000000100010000111000000011111100000000000011100000000100101111100000000001110100001000011000010000011
00001000011000000100010000111000000011111100000000000011100000000100101111100000000001110100001000011000010000011
00001000011000000100010000111000000011111100000000000011100000000100101111100000000001110100001000011000010000011
00001000011000000100010000111000000011111100000000000011100000000100101111100000000001110100001000011000010000011
10001000011000000100010000111000000011111100000000000011100000000100101111100000000001110100001000011000010000011
11001000011000000100010000111000000011111100000000000011100000000100101111100000000001110100001000011000010000011
11001000011000000100010000111000000011111100000000000011100000000100101111100000000001110100001000011000010000011
00001000011000000100010000111000000011111100000000000011100000000100101111100000000001110100001000011000010000011
00001000011000000100010000111000000011111100000000000011100000000100101111100000000001110100001000011000010000011
00001000011000000100010000111000000011111100000000000011100000000100101111100000000001110100001000011000010000011
00001000011000000100010000111000000011111100000000000011100000000100101111100000000001110100001000011000010000011
00001000011000000100010000111000000011111100000000000011100000000100101111100000000001110100001000011000010000011
00001000011000000100010000111000000011111100000000000011100000000100101111100000000001110100001000011000010000011
10001000011000000100010000111000000011111100000000000011100000000100101111100000000001110100001000011000010000011
11001000011000000100010000111000000011111100000000000011100000000100101111100000000001110100001000011000010000011
11001000011000000100010000111000000011111100000000000011100000000100101111100000000001110100001000011000010000011
00001000011000000100010000111000000011111100000000000011100000000100101111100000000001110100001000011000010000011
00001000011000000100010000111000000011111100000000000011100000000100101111100000000001110100001000011000010000011
00001000011000000100010000111000000011111100000000000011100000000100101111100000000001110100001000011000010000011
00001000011000000100010000111000000011111100000000000011100000000100101111100000000001110100001000011000010000011
00001000011000000100010000111000000011111100000000000011100000000100101111100000000001110100001000011000010000011
00001000011000000100010000111000000011111100000000000011100000000100101111100000000001110100001000011000010000011
10001000011000000100010000111000000011111100000000000011100000000100101111100000000001110100001000011000010000011
11001000011000000100010000111000000011111100000000000011100000000100101111100000000001110100001000011000010000011
11001000011000000100010000111000000011111100000000000011100000000100101111100000000001110100001000011000010000011
00001000011000000100010000111000000011111100000000000011100000000100101111100000000001110100001000011000010000011
10001000011000000100010000111000000011111100000000000011100000000100101111100000000001110100001000011000010000011
10001000011000000100010000111000000011111100000000000011100000000100101111100000000001110100001000011000010000011
10001000011000000100010000111000000011111100000000000011100000000100101111100000000001110100001000011000010000011
00001000011000000100010000111000000011111100000000000011100000000100101111100000000001110100001000011000010000011
00001000011000000100010000111000000011111100000000000011100000000100101111100000000001110100001000011000010000011
00001000011000000100010000111000000011111100000000000011100000000100101111100000000001110100001000011000010000011
00001000011000000100010000111000000011111100000000000011100000000100101111100000000001110100001000011000010000011
00001000011000000100010000111000000011111100000000000011100000000100101111100000000001110100001000011000010000011
00001000011000000100010000111000000011111100000000000011100000000100101111100000000001110100001000011000010000011
10001000011000000100010000111000000011111100000000000011100000000100101111100000000001110100001000011000010000011
10001000011000000100010000111000000011111100000000000011100000000100101111100000000001110100001000011000010000011
10001000011000000100010000111000000011111100000000000011100000000100101111100000000001110100001000011000010000011
00001000011000000100010000111000000011111100000000000011100000000100101111100000000001110100001000011000010000011
10001000011000000100010000111000000011111100000000000011100000000100101111100000000001110100001000011000010000011
10001000011000000100010000111000000011111100000000000011100000000100101111100000000001110100001000011000010000011
10001000011000000100010000111000000011111100000000000011100000000100101111100000000001110100001000011000010000011
00001000011000000100010000111000000011111100000000000011100000000100101111100000000001110100001000011000010000011
00001000011000000100010000111000000011111100000000000011100000000100101111100000000001110100001000011000010000011
00001000011000000100010000111000000011111100000000000011100000000100101111100000000001110100001000011000010000011
00001000011000000100010000111000000011111100000000000011100000000100101111100000000001110100001000011000010000011
00001000011000000100010000111000000011111100000000000011100000000100101111100000000001110100001000011000010000011
00001000011000000100010000111000000011111100000000000011100000000100101111100000000001110100001000011000010000011
10001000011000000100010000111000000011111100000000000011100000000100101111100000000001110100001000011000010000011
10001000011000000100010000111000000011111100000000000011100000000100101111100000000001110100001000011000010000011
10001000011000000100010000111000000011111100000000000011100000000100101111100000000001110100001000011000010000011
00001000011000000100010000111000000011111100000000000011100000000100101111100000000001110100001000011000010000011
00001000011000000100010000111000000011111100000000000011100000000100101111100000000001110100001000011000010000011
00001000011000000100010000111000000011111100000000000011100000000100101111100000000001110100001000011000010000011
00101000011000000100010000111000000011111100000000000011100000000100101111100000000001110100001000011000010000011
00001000011000000100010000111000000011111100000000000011100000000100101111100000000001110100001000011000010000011
10001000011000000100010000111000000011111100000000000011100000000100101111100000000001110100001000011000010000011
10001000011000000100010000111000000011111100000000000011100000000100101111100000000001110100001000011000010000011
10001000011000000100010000111000000011111100000000000011100000000100101111100000000001110100001000011000010000011
00001000011000000100010000111000000011111100000000000011100000000100101111100000000001110100001000011000010000011
00001000011000000100010000111000000011111100000000000011100000000100101111100000000001110100001000011000010000011
00001000011000000100010000111000000011111100000000000011100000000100101111100000000001110100001000011000010000011
00001000011000000100010000111000000011111100000000000011100000000100101111100000000001110100001000011000010000011
00001000011000000100010000111000000011111100000000000011100000000100101111100000000001110100001000011000010000011
00001000011000010000010000111000000011111100000000000011100000000100101111100000000001110100001000011000010000011
00001000011000010000010000111000000011111100000000000011100000000100101111100000000001110100001000011000010000010
00001000011000010000010000111000000011111100000000000011100000000100101111100000000001110100001000011000010000010
00001000011000010000010000111000000011111100000000000011100000000100101111100000000001110100001000011000010000010
00001000011000010000010000111000000011111100000000000011100000000100101111100000000001110100001000011000010000010
00001000011000010000010000111000000011111100000000000011100000000100101111100000000001110100001000011000010000010
00001000011000010000010000111000000011111100000000000011100000000100101111100000000001110100001000011000010001010
01001000011000010000010000100000000011111100000000000011100000000100101111100000000001110000001000011000010000010
01001000011000010000010000100000000011111100000000000011100000000100101111100000000001110000001000011000010001010
00001000011000010000010000100000000011111100000000000011100000000100101111100000000001110000001000011000010001010
00001000011000010000010000100000000011111100000000000011100000000100101111100000000001110000001000011000010001010
00001000011000010000010000100000000011111100000000000011100000000100101111100000000001110000001000011000010001010
00001000011000010000010000100000000011111100000000000011100000000100101111100000000001110000001000011000010001010
00001000011000010000010000100000000011111100000000000011100000000100101111100000000001110000001000011000010000010
00001000011000010000010000100000000011111100000000000011100000000100101111100000000001110000001000011000010001010
00001000011000010000010000100000000011111100000000000011100000000100101111100000000001110000001000011000010000010
01001000011000010000010000100000000011111100000000000011100000000100101111100000000001110000001000011000010001000
01001000011000010000010000100000000011111100000000000011100000000100101111100000000001110000001000011000010001000
00001000011000010000010000100000000011111100000000000011100000000100101111100000000001110000001000011000010001000
00001000011000010000010000100000000011111100000000000011100000000100101111100000000001110000001000011000010001000
00001000011000010000010000100000000011111100000000000011100000000100101111100000000001110000001000011000010000000
00001000011000010000010000100000000011111100000000000011100000000100101111100000000001110000001000011000010000010
00001000011000010000010000100000000011111100000000000011100000000100101111100000000001110000001000011000010000010
00001000011000010000010000100000000011111100000000000011100000000100101111100000000001110000001000011000010000010
00001000011000010000010000100000000011111100000000000011100000000100101111100000000001110000001000011000010000010
00001000011000010000010000100000000011111100000000000011100000000100101111100000000001110000001000011000010000010
00001000011000010000010000100000000011111100000000000011100000000100101111100000000001110000001000011000010000010
00001000011000010000010000100000000011111100000000000011100000000100101111100000000001110000001000011000010000010
00001000011000010000010000100000000011111100000000000011100000000100101111100000000001110000001000011000010000010
00001000011000010000010000100000000011111100000000000011100000000100101111100000000001110000001000011000010000010
00001000011000010000010000100000000011111100000000000011100000000100101111100000000001110000001000011000010001010
00001000110010111010010000100000000011111100000000000011100000000100101111100000000001110000001000011000010000000
00001000011000010000010000100000000011111100000000000011100000000100101111100000000001110000001000011000010000000
00001000110010111010010000100000000011111100000000000011100000000100101111100000000001110000001000011000010000010
0000100001100001000001000010000000001111110000000000001110000000010010111110000000000111000000100001100001000x000
xxxxxxxxxxxxxxxxxxxxxxxxxxxxxxxxxxxxxxxxxxxxxxxxxxxxxxxxxxxxxxxxxxxxxxxxxxxxxxxxxxxxxxxxxxxxxxxxxxxxxxxxxxxxxx1xx
.
