initialized model with 167 latches, 97 inputs and 1 properties
tsim: performed 10 steps
tsim: found cycle from 8
checking bound 0
checking bound 1
checking bound 2
tdecomp: unrolling 2 cycles
tsim: performed 8 steps
tsim: found cycle from 6
tsim: found 1 constants and 0 latch equivalences
tdecomp: (167, 388) -> (166, 286)
   2 : 13 12
   3 : 13 4 8
   4 : 13 4 4 12
   5 : 13 4 4 6 12
   6 : 11 5 6 8 21 41
   7 : 10 5 7 9 21 22 46
   8 : 10 5 7 9 21 23 17 53
   9 : 8 5 6 9 20 22 25 35 73
 ... : 8 5 7 13 24 27 37 49 125
  10 : 7 4 6 9 17 23 32 36 39 104
  11 : 7 4 6 9 17 23 31 34 42 21 99
  12 : 7 4 5 10 16 21 28 28 32 20 13 109
  13 : 7 4 5 10 16 20 28 27 32 21 10 9 118
  14 : 7 4 5 10 16 20 28 27 32 21 14 11 14 123
  15 : 7 4 5 10 16 20 27 27 33 21 14 11 14 12 129
  16 : 7 4 5 10 16 20 27 27 33 21 14 10 14 10 10 136
  17 : 6 4 5 10 16 20 27 25 34 22 15 13 13 10 12 14 154
 ... : 6 5 6 13 18 22 28 27 34 24 15 13 12 10 14 15 174
 ... : 5 9 9 16 20 27 32 29 34 25 17 17 18 16 18 17 187
  18 : 5 7 9 15 21 25 32 30 35 26 17 16 15 12 13 13 21 184
  19 : 5 7 8 12 11 10 18 24 30 29 22 19 18 13 16 13 19 20 190
  20 : 5 7 8 12 11 10 18 24 30 29 22 19 18 13 16 14 20 20 16 197
  21 : 5 7 8 12 11 10 18 24 29 28 23 19 18 13 18 19 24 23 18 24 203
  22 : 5 7 8 12 11 10 18 22 24 27 19 14 17 10 9 12 16 21 23 26 22 225
  23 : 5 7 8 12 11 9 17 22 25 27 19 14 17 10 9 12 15 17 17 26 22 28 213
  24 : 5 7 8 12 11 9 17 22 25 27 19 14 17 12 10 10 14 11 10 19 12 15 17 256
  25 : 5 7 8 12 11 9 17 22 25 26 18 14 17 12 10 10 14 11 10 18 11 14 20 30 243
  26 : 5 7 8 12 11 9 17 22 25 26 17 13 14 11 11 9 11 9 13 22 9 14 23 26 35 268
  27 : 5 7 8 12 11 9 17 22 25 26 17 13 14 11 11 9 11 9 13 22 9 14 23 26 32 50 277
  28 : 5 7 8 12 11 9 17 22 25 26 17 13 14 11 11 9 11 9 13 21 10 14 21 27 31 46 76 284
  29 : 5 5 6 8 9 8 16 21 24 26 17 13 14 11 11 9 11 9 13 21 9 13 19 26 30 45 73 100 310
  30 : 5 5 6 8 9 8 16 21 24 26 17 13 14 11 11 9 11 9 13 21 9 13 19 24 28 45 77 95 100 332
 ... : 5 5 6 8 9 8 16 21 24 26 17 13 14 11 11 9 11 9 13 21 9 13 19 24 28 44 77 96 103 465
  31 : 5 5 6 8 9 8 16 21 24 26 17 13 14 11 11 9 11 9 13 21 9 13 19 24 27 39 66 85 84 105 414
 ... : 5 5 6 8 9 8 16 21 24 26 17 13 14 11 11 9 11 9 13 21 10 14 20 25 28 40 66 89 86 112 508
  32 : 5 5 6 8 9 8 16 21 24 26 17 13 14 10 11 8 11 9 13 21 9 14 20 25 25 40 66 90 88 112 144 443
 ... : 5 5 6 8 9 8 16 21 24 26 17 13 16 12 14 9 11 9 13 21 10 16 23 31 28 43 68 93 92 117 150 462
 ... : 5 5 6 8 9 8 16 21 24 26 17 13 16 12 14 9 11 9 13 20 8 15 24 33 29 43 72 96 99 126 161 540
  33 : 5 5 6 8 9 8 16 21 24 26 17 10 10 7 10 9 11 7 10 16 7 14 21 27 30 42 67 95 99 117 151 159 496
 ... : 5 5 6 8 9 8 16 21 24 26 17 10 10 7 10 9 11 7 10 16 7 14 21 27 30 42 67 95 99 118 152 162 605
  34 : 5 5 6 8 9 8 16 21 24 26 17 10 10 7 10 9 11 7 10 16 7 14 21 27 30 42 67 92 96 115 134 135 139 533
 ... : 5 5 6 8 9 8 16 21 24 26 17 10 10 7 10 9 11 7 10 16 7 14 21 27 30 42 67 92 96 116 137 139 144 658
  35 : 5 5 6 8 9 8 16 21 24 26 17 10 10 7 10 9 11 7 10 16 7 14 21 27 30 42 67 92 96 116 135 139 142 147 518
 ... : 5 5 6 8 9 8 16 21 24 26 17 10 10 7 10 9 11 7 10 16 7 14 21 27 30 42 67 92 96 116 136 140 146 159 632
  36 : 5 5 6 8 9 8 16 21 24 26 17 10 10 7 10 9 11 7 10 16 7 14 21 27 30 42 67 91 96 116 133 139 144 149 185 544
 ... : 5 5 6 8 9 8 16 21 24 26 17 10 10 7 10 9 11 7 10 16 7 14 21 27 30 42 67 91 96 116 133 139 146 152 193 692
  37 : 5 5 6 8 9 8 16 21 24 26 17 10 10 7 10 9 11 7 10 16 7 14 21 27 29 42 66 91 95 116 134 138 143 150 187 207 589
 ... : 5 5 6 8 9 8 16 21 24 26 17 10 10 7 10 9 11 7 10 16 7 14 21 27 29 42 66 91 95 116 135 140 145 157 193 218 670
 ... : 5 5 6 8 9 8 16 21 24 26 17 10 10 7 10 9 11 7 10 16 7 14 21 27 29 42 66 91 95 116 135 140 145 157 193 226 779
  38 : 5 5 6 8 9 8 14 19 24 28 18 11 10 7 10 9 11 7 10 16 7 14 20 25 29 43 68 91 93 116 134 139 143 151 181 183 217 675
 ... : 5 5 6 8 9 8 14 19 24 28 18 11 10 7 10 9 11 7 10 16 7 14 20 25 29 43 68 91 93 116 134 139 143 152 184 190 228 774
 ... : 5 5 6 8 9 8 14 19 24 28 18 11 10 7 10 9 11 7 10 16 7 14 20 25 29 43 68 91 93 117 135 139 145 150 184 194 239 864
  39 : 5 5 6 8 9 8 13 18 24 27 16 11 12 7 12 9 11 7 10 16 7 14 20 25 29 40 69 90 93 114 129 136 143 149 170 179 221 303 655
 ... : 5 5 6 8 9 8 13 18 24 27 16 11 12 7 12 9 11 7 10 16 7 14 20 25 29 40 69 90 93 114 134 142 147 153 172 182 225 313 729
 ... : 5 5 6 8 9 8 13 18 24 27 16 11 12 7 12 9 11 7 10 16 7 14 21 25 31 40 69 95 97 115 135 143 148 153 172 180 226 312 803
  40 : 5 5 6 8 9 8 13 18 24 27 16 11 12 7 12 9 11 7 10 16 7 14 21 25 30 40 67 86 93 120 135 138 138 149 161 171 209 295 268 657
 ... : 5 5 6 8 9 8 13 18 24 27 16 11 12 7 12 9 11 7 10 16 7 14 21 25 30 40 67 86 93 120 135 138 138 149 161 171 209 295 279 783
 ... : 5 5 6 8 9 8 13 18 24 27 16 11 12 7 12 9 11 7 10 16 7 14 21 25 30 40 67 86 93 120 135 139 139 149 160 171 211 304 297 847
 ... : 5 5 6 8 9 8 13 18 24 27 16 11 12 7 12 9 11 7 10 16 7 14 21 25 30 40 67 86 93 120 136 141 141 150 163 175 217 309 301 888
  41 : 5 5 6 8 9 8 13 18 24 27 16 11 12 7 12 9 11 7 10 16 7 14 21 25 24 39 66 80 91 118 134 125 129 147 166 168 220 280 275 206 772
 ... : 5 5 6 8 9 8 13 18 24 27 16 11 12 7 12 9 11 7 10 16 7 14 21 25 24 39 66 80 91 118 134 125 129 146 163 167 219 277 272 208 890
  42 : 5 5 6 8 9 8 13 18 24 27 16 10 12 7 12 10 11 7 10 15 7 14 19 25 24 39 66 79 90 113 132 124 129 144 164 169 218 244 250 196 161 790
 ... : 5 5 6 8 9 8 13 18 24 27 16 10 12 7 12 10 11 7 10 15 7 14 19 25 24 39 66 79 90 113 132 124 129 143 162 168 217 243 248 200 166 901
  43 : 5 5 6 8 9 8 13 18 24 27 16 10 12 7 12 10 11 7 10 15 7 14 19 25 24 39 66 79 89 112 128 118 128 139 159 174 214 234 241 190 167 220 720
 ... : 5 5 6 8 9 8 13 18 24 27 16 10 12 7 12 10 11 7 10 15 7 14 19 25 24 39 66 79 89 112 128 118 128 139 159 174 214 234 242 191 169 232 862
 ... : 5 5 6 8 9 8 13 18 24 27 16 10 12 7 12 10 11 7 10 15 7 14 19 25 24 39 66 79 89 112 128 118 128 139 159 175 216 237 247 198 172 240 920
  44 : 5 5 6 8 9 8 13 18 24 27 16 10 12 7 12 10 11 7 10 15 7 14 19 25 24 39 66 79 89 112 128 118 128 139 158 172 214 236 244 196 168 232 235 703
 ... : 5 5 6 8 9 8 13 18 24 27 16 10 12 7 12 10 11 7 10 15 7 14 19 25 24 39 66 79 89 112 128 118 128 139 158 172 214 236 244 196 173 235 239 824
 ... : 5 5 6 8 9 8 13 18 24 27 16 10 12 7 12 10 11 7 10 15 7 14 19 25 24 39 66 79 89 112 129 119 129 140 158 172 214 236 244 196 173 237 249 931
 ... : 5 5 6 8 9 8 13 18 24 27 16 10 12 7 12 10 11 7 10 15 7 14 19 25 24 39 66 81 91 114 134 125 137 148 169 184 221 242 245 196 173 237 250 936
 ... : 5 5 6 8 9 8 13 18 24 27 16 10 12 7 12 10 11 7 10 15 7 14 19 25 24 39 66 81 91 115 136 127 141 153 174 191 229 254 260 208 181 239 252 940
 ... : 5 5 6 8 9 8 13 18 24 27 16 10 12 7 12 10 11 7 10 15 7 14 19 25 24 39 66 81 91 115 136 127 141 155 177 202 240 271 270 221 187 242 253 948
 ... : 5 5 6 8 9 8 13 18 24 27 16 10 12 7 12 10 11 7 10 15 7 14 19 25 24 39 66 81 91 115 136 127 141 156 177 203 244 278 280 233 198 252 261 963
 ... : 5 5 6 8 9 8 13 18 24 27 16 10 12 7 12 10 11 7 10 15 7 14 19 25 24 39 66 81 92 117 136 132 145 159 184 210 251 282 283 238 205 255 262 970
 ... : 5 5 6 8 9 8 13 18 24 27 16 10 12 7 12 10 11 7 10 15 7 14 19 25 24 39 66 81 92 117 137 134 147 159 183 211 255 285 285 245 209 260 268 998
  45 : 5 5 6 8 9 8 13 18 24 27 16 10 12 7 12 10 11 7 10 14 7 11 16 22 22 37 64 77 87 102 120 114 131 144 174 204 224 252 286 224 195 254 241 212 896
 ... : 5 5 6 8 9 8 13 18 24 27 16 10 12 7 12 10 11 7 10 14 7 11 16 22 22 37 64 77 87 102 120 114 131 144 174 204 224 253 286 224 199 257 249 218 976
 ... : 5 5 6 8 9 8 13 18 24 27 16 10 12 7 12 10 11 7 10 14 7 11 16 22 22 37 64 77 87 102 120 115 131 145 175 204 225 255 286 224 201 258 250 223 1068
  46 : 5 5 6 8 9 8 13 18 24 27 16 10 12 7 12 10 11 7 10 14 7 11 16 22 22 37 64 77 84 100 118 108 129 136 166 196 218 253 265 209 185 235 246 204 186 997
 ... : 5 5 6 8 9 8 13 18 24 27 16 10 12 7 12 10 11 7 10 14 7 11 16 22 22 37 64 77 84 100 118 108 129 136 166 196 223 261 271 209 183 233 245 203 182 1056
 ... : 5 5 6 8 9 8 13 18 24 27 16 10 12 7 12 10 11 7 10 14 7 11 16 22 22 37 64 77 84 100 118 108 129 136 166 197 220 261 276 217 195 244 258 215 189 1060
 ... : 5 5 6 8 9 8 13 18 24 27 16 10 12 7 12 10 11 7 10 14 7 11 16 22 22 37 64 77 84 100 118 108 128 135 167 201 225 264 277 220 198 248 262 221 194 1102
  47 : 5 5 6 8 9 8 13 18 24 27 16 10 12 7 12 10 11 7 10 14 7 11 16 22 22 37 64 77 83 96 116 106 126 135 165 198 222 258 261 213 187 179 185 173 184 132 1172
 ... : 5 5 6 8 9 8 13 18 24 27 16 10 12 7 12 10 11 7 10 14 7 11 16 22 22 37 64 77 83 96 117 107 127 136 166 199 224 260 262 214 191 183 192 182 190 137 1208
  48 : 5 5 6 8 9 8 13 18 24 27 16 10 12 7 12 10 11 7 10 14 7 11 16 22 22 37 64 77 82 96 117 107 127 136 166 199 224 260 262 215 193 184 192 184 189 148 144 1123
 ... : 5 5 6 8 9 8 13 18 24 27 16 10 12 7 12 10 11 7 10 14 7 11 16 22 22 37 64 77 84 98 119 110 129 138 168 201 227 264 267 219 198 190 196 187 192 152 148 1148
  49 : 5 5 6 8 9 8 13 18 24 27 16 10 12 7 12 10 11 7 10 14 7 11 16 22 22 37 64 77 82 97 115 110 129 139 166 204 225 260 269 219 198 191 196 184 189 153 148 82 1139
 ... : 5 5 6 8 9 8 13 18 24 27 16 10 12 7 12 10 11 7 10 14 7 11 16 22 22 37 64 77 82 97 115 110 129 139 166 204 226 262 270 220 202 197 200 186 192 157 150 85 1161
 ... : 5 5 6 8 9 8 13 18 24 27 16 10 12 7 12 10 11 7 10 14 7 11 16 22 22 37 64 78 84 99 117 110 130 140 171 214 238 268 274 221 199 195 199 186 192 155 151 83 1168
 ... : 5 5 6 8 9 8 13 18 24 27 16 10 12 7 11 8 7 6 7 11 5 9 14 19 21 37 66 82 85 101 119 111 132 141 171 214 238 268 274 221 199 195 199 186 192 155 151 83 1168
 ... : 5 5 6 8 9 8 13 18 24 27 16 10 12 7 11 8 7 6 7 11 5 9 14 18 20 32 58 71 73 85 110 93 106 104 131 162 183 237 284 224 200 196 200 186 192 155 151 83 1170
 ... : 5 5 6 8 9 8 13 17 24 27 16 10 12 7 11 8 7 6 7 11 5 9 14 18 19 32 56 69 73 83 98 87 100 90 119 146 174 229 271 211 178 178 194 182 186 154 149 89 1205
 ... : 5 5 6 8 9 8 13 17 24 27 16 10 12 7 11 8 7 6 7 11 5 9 14 18 19 32 56 69 73 83 98 87 100 90 119 146 174 229 270 211 178 178 192 179 188 165 159 97 1223
 ... : 5 5 6 8 9 8 13 17 24 27 16 10 12 7 11 8 7 6 7 11 5 9 14 18 19 32 56 69 73 83 98 87 100 90 119 146 174 230 272 213 182 183 200 187 196 172 169 103 1229
  50 : 5 5 6 8 9 8 13 17 24 27 16 10 12 7 8 3 3 5 4 8 6 5 3 3 4 4 3 3 3 4 4 9 7 8 5 7 3 8 8 7 17 11 8 13 8 11 15 41 39 1152
  51 : 5 5 6 8 9 8 13 17 24 27 16 10 12 7 8 3 3 5 4 8 6 5 3 3 4 4 3 3 3 4 4 9 7 8 5 7 3 8 5 6 17 11 9 12 6 13 17 40 39 51 1094
  52 : 5 5 6 8 9 8 13 17 24 27 16 10 12 7 8 3 3 5 4 8 6 5 3 3 4 4 3 3 3 4 4 9 7 8 5 7 3 8 5 6 17 11 9 12 6 11 16 40 41 52 77 1028
  53 : 5 5 6 8 9 8 13 17 24 27 16 10 12 7 8 3 3 5 4 8 6 5 3 3 4 4 3 3 3 4 4 9 7 8 5 7 3 8 5 6 17 11 9 12 6 11 16 40 41 53 79 113 936
  54 : 5 5 6 8 9 8 13 17 24 27 16 10 12 7 8 3 3 5 4 8 6 5 3 3 4 4 3 3 3 4 4 9 7 8 5 7 3 8 5 6 17 11 9 12 6 11 16 40 41 52 74 90 136 883
  55 : 5 5 6 8 9 8 13 16 25 27 16 10 12 7 8 3 3 5 4 8 6 5 3 3 4 4 3 3 3 4 4 9 7 8 5 7 3 8 5 6 17 11 9 12 6 11 15 39 42 48 62 88 85 99 901
  56 : 5 5 6 8 9 8 13 16 25 27 16 10 12 7 8 3 3 5 4 8 6 5 3 3 4 4 3 3 3 4 4 9 7 8 5 7 3 8 5 6 17 11 9 12 6 11 15 39 42 48 61 89 84 98 113 828
  57 : 5 5 6 8 9 8 13 16 25 27 16 10 12 7 8 3 3 5 4 8 6 5 3 3 4 4 3 3 3 4 4 9 7 8 5 7 3 8 5 6 17 11 9 12 6 11 15 39 42 48 61 84 72 84 88 117 864
  58 : 5 5 6 8 9 8 13 16 25 27 16 10 12 7 8 3 3 5 4 8 6 5 3 3 4 4 3 2 3 4 4 9 7 8 5 7 3 8 5 6 17 11 9 11 6 11 15 39 41 42 65 81 71 88 88 112 153 811
  59 : 5 5 6 8 9 8 13 16 25 27 16 10 12 7 8 3 3 5 4 8 6 5 3 3 4 4 3 2 3 4 4 9 7 8 5 7 3 8 5 6 17 11 9 11 6 11 15 39 41 44 67 82 72 87 90 112 149 139 769
  60 : 5 5 6 8 9 8 13 16 25 27 16 10 12 7 8 3 3 5 4 8 6 5 3 3 4 4 3 2 3 4 4 9 7 8 5 7 3 8 5 6 17 11 9 11 6 11 15 39 41 44 67 82 67 86 87 113 141 133 153 744
 ... : 5 5 6 8 9 8 13 16 25 27 16 10 12 7 8 3 3 5 4 8 6 5 3 3 4 4 3 2 3 4 4 9 7 8 5 7 3 8 5 6 17 11 9 11 6 11 15 39 41 44 67 82 68 89 91 118 147 143 166 814
  61 : 5 5 6 8 9 8 13 16 25 27 16 10 12 7 8 3 3 5 4 8 6 5 3 3 4 4 3 2 3 4 4 9 7 8 5 7 3 8 5 6 17 11 9 11 6 11 15 39 41 44 65 82 67 89 91 117 147 141 158 215 725
 ... : 5 5 6 8 9 8 13 16 25 27 16 10 12 7 8 3 3 5 4 8 6 5 3 3 4 4 3 2 3 4 4 9 7 8 5 7 3 8 5 6 17 10 9 11 6 11 15 39 41 44 65 82 67 89 91 119 150 143 163 219 830
 ... : 5 5 6 8 9 8 13 16 25 27 16 10 12 7 8 3 3 5 4 8 6 5 3 3 4 4 3 2 3 4 4 9 7 8 5 7 3 8 5 6 17 10 9 11 6 11 15 39 41 44 65 82 67 89 92 119 151 144 169 230 929
  62 : 5 5 6 8 9 8 13 16 25 27 16 10 12 7 8 3 3 5 4 8 6 5 3 3 4 4 3 2 3 4 4 9 7 8 5 7 3 8 5 6 17 8 9 11 6 11 15 39 41 42 66 81 62 88 96 120 148 140 158 215 244 716
 ... : 5 5 6 8 9 8 13 16 25 27 16 10 12 7 8 3 3 5 4 8 6 5 3 3 4 4 3 2 3 4 4 9 7 8 5 7 3 8 5 6 17 8 9 11 6 11 15 39 41 42 66 81 62 88 96 120 148 142 161 219 247 871
 ... : 5 5 6 8 9 8 13 16 25 27 16 10 12 7 8 3 3 5 4 8 6 5 3 3 4 4 3 2 3 4 4 9 7 8 5 7 3 8 5 6 17 8 9 11 6 11 15 39 41 42 66 81 62 88 97 125 154 153 181 235 256 887
  63 : 5 5 6 8 9 8 13 16 25 27 16 10 12 7 8 3 3 5 4 8 6 5 3 3 4 4 3 2 3 4 4 9 7 8 5 7 3 8 5 6 17 8 9 11 6 11 15 39 41 42 66 81 62 88 97 125 153 148 179 224 264 250 756
 ... : 5 5 6 8 9 8 13 16 25 27 16 10 12 7 8 3 3 5 4 8 6 5 3 3 4 4 3 2 3 4 4 9 7 8 5 7 3 8 5 6 17 8 9 11 6 11 15 39 41 42 66 81 62 88 97 125 153 148 179 224 264 252 918
  64 : 5 5 6 8 9 8 13 16 25 27 16 10 12 7 8 3 3 5 4 8 6 5 3 3 4 4 3 2 3 4 4 9 7 8 5 7 3 8 5 6 17 8 9 11 6 11 15 39 41 42 66 81 62 88 97 121 140 139 167 159 183 167 186 965
 ... : 5 5 6 8 9 8 13 16 25 27 16 10 12 7 8 3 3 5 4 8 6 5 3 3 4 4 3 2 3 4 4 9 7 8 5 7 3 8 5 6 17 8 9 11 6 11 15 39 41 42 66 81 63 89 99 121 142 143 169 161 191 172 190 1033
 ... : 5 5 6 8 9 8 13 16 25 27 16 10 12 7 8 3 3 5 4 8 6 5 3 3 4 4 3 2 3 4 4 9 7 8 5 7 3 8 5 6 17 8 9 11 6 11 15 39 41 42 67 83 66 94 102 126 146 146 171 165 192 177 190 1075
 ... : 5 5 6 8 9 8 13 16 25 27 16 10 12 7 8 3 3 5 4 8 6 5 3 3 4 4 3 2 3 4 4 9 7 8 5 7 3 8 5 6 17 8 9 11 6 11 15 39 41 42 67 83 66 94 104 130 152 150 175 172 199 188 197 1104
 ... : 5 5 6 8 9 8 13 16 25 27 16 10 12 7 8 3 3 5 4 8 6 5 3 3 4 4 3 2 3 4 4 9 7 8 5 7 3 8 5 6 17 8 9 11 6 11 15 39 41 42 67 83 66 93 106 132 154 152 178 178 202 195 210 1126
  65 : 5 5 6 8 9 8 13 16 25 27 16 10 12 7 8 3 3 5 4 8 6 5 3 3 4 4 3 2 3 4 4 9 7 8 5 7 3 8 5 6 17 8 9 11 6 11 15 39 41 42 67 82 60 75 100 131 140 140 164 165 182 182 190 186 1034
 ... : 5 5 6 8 9 8 13 16 25 27 16 10 12 7 8 3 3 5 4 8 6 5 3 3 4 4 3 2 3 4 4 9 7 8 5 7 3 8 5 6 17 8 9 11 6 11 15 39 41 42 67 81 60 75 103 135 142 143 165 167 186 188 196 197 1075
 ... : 5 5 6 8 9 8 13 16 25 27 16 10 12 7 8 3 3 5 4 8 6 5 3 3 4 4 3 2 3 4 4 9 7 8 5 7 3 8 5 6 17 8 9 11 6 11 15 39 41 42 67 81 60 75 103 135 142 143 165 168 189 192 201 205 1157
  66 : 5 5 6 8 9 8 13 16 25 27 16 10 12 7 8 3 3 5 4 8 6 5 3 3 4 4 3 2 3 4 4 9 7 8 5 7 3 8 5 6 17 8 9 11 6 11 15 39 41 42 66 79 60 73 102 130 144 143 164 163 186 196 198 201 216 955
 ... : 5 5 6 8 9 8 13 16 25 27 16 10 12 7 8 3 3 5 4 8 6 5 3 3 4 4 3 2 3 4 4 9 7 8 5 7 3 8 5 6 17 8 9 11 6 11 15 39 41 42 66 79 60 73 102 130 144 144 168 168 188 197 201 206 226 1035
 ... : 5 5 6 8 9 8 13 16 25 27 16 10 12 7 8 3 3 5 4 8 6 5 3 3 4 4 3 2 3 4 4 9 7 8 5 7 3 8 5 6 17 8 9 11 6 11 15 39 41 42 66 79 60 73 102 130 144 145 169 169 190 199 203 212 231 1118
  67 : 5 5 6 8 9 8 13 16 25 27 16 10 12 7 8 3 3 5 4 8 6 5 3 3 4 4 3 2 3 4 4 9 7 8 5 7 3 8 5 6 17 8 9 11 6 11 15 39 41 42 66 79 60 73 102 130 138 140 157 140 162 165 198 195 214 120 1072
 ... : 5 5 6 8 9 8 13 16 25 27 16 10 12 7 8 3 3 5 4 8 6 5 3 3 4 4 3 2 3 4 4 9 7 8 5 7 3 8 5 6 17 8 9 11 6 11 15 39 41 42 66 79 60 73 102 130 138 140 157 140 164 167 200 204 224 133 1126
  68 : 5 5 6 8 9 8 13 16 25 27 16 10 12 7 8 3 3 5 4 8 6 5 3 3 4 4 3 2 3 4 4 9 7 8 5 7 3 8 5 6 17 8 9 11 6 11 15 39 41 42 66 79 60 70 101 125 140 138 158 140 162 165 200 205 194 113 123 1120
 ... : 5 5 6 8 9 8 13 16 25 27 16 10 12 7 8 3 3 5 4 8 6 5 3 3 4 4 3 2 3 4 4 9 7 8 5 7 3 8 5 6 17 8 9 11 6 11 15 39 41 42 66 79 60 70 101 125 140 138 159 138 163 165 203 208 196 123 132 1163
  69 : 5 5 6 8 9 8 13 16 25 27 16 10 12 7 8 3 3 5 4 8 6 5 3 3 4 4 3 2 3 4 4 9 7 8 5 7 3 8 5 6 17 8 9 11 6 11 15 39 41 42 60 74 58 72 99 121 137 129 157 143 161 151 162 174 189 107 86 99 1242
 ... : 5 5 6 8 9 8 13 16 25 27 16 10 12 7 8 3 3 5 4 8 6 5 3 3 4 4 3 2 3 4 4 9 7 8 5 7 3 8 5 6 17 8 9 11 6 11 15 39 41 43 60 74 58 72 99 122 141 132 164 147 171 158 169 179 193 110 90 102 1259
 ... : 5 5 6 8 9 9 13 16 25 27 16 10 13 8 10 7 6 7 5 8 6 5 3 3 4 4 3 2 3 4 4 9 7 8 5 7 3 9 5 7 19 11 9 11 6 11 16 39 41 43 60 74 59 73 101 123 143 133 165 150 175 160 169 179 193 110 90 102 1259
  70 : 5 5 6 8 9 9 13 16 25 27 16 10 13 8 10 6 5 7 5 8 6 5 3 3 4 4 3 2 3 4 4 9 7 8 5 7 3 8 4 4 6 4 2 3 8 10 14 31 49 37 49 55 74 62 78 129 146 145 152 158 178 152 173 179 200 117 89 105 76 1205
 ... : 5 5 6 8 9 9 13 16 25 27 16 10 13 8 10 6 5 7 5 8 6 5 3 3 4 4 3 2 3 4 4 9 7 8 5 7 3 8 4 4 6 4 2 3 8 10 14 31 49 37 49 55 74 62 78 129 146 145 152 158 178 152 176 182 206 130 102 112 85 1240
  71 : 5 5 6 8 9 9 13 16 25 27 16 10 13 8 10 6 5 7 5 8 6 5 3 3 4 4 3 2 3 4 4 9 7 8 5 7 3 8 4 4 6 4 2 3 8 10 14 31 49 37 49 55 74 62 78 129 146 145 152 158 178 151 175 182 203 123 102 104 84 69 1221
  72 : 5 5 6 8 9 9 13 16 25 27 16 10 13 8 10 6 5 7 5 8 6 5 3 3 4 4 3 2 3 4 4 9 7 8 5 7 3 8 4 4 6 4 2 3 8 10 14 31 49 37 49 55 74 62 78 129 146 145 152 158 178 153 174 183 205 125 100 105 84 72 58 1213
 ... : 5 5 6 8 9 9 13 16 25 27 16 10 13 8 10 6 5 7 5 8 6 5 3 3 4 4 3 2 3 4 4 9 7 8 5 7 3 8 4 4 6 4 2 3 8 10 14 31 49 37 49 55 74 62 78 129 146 145 152 158 180 158 178 187 211 130 104 111 89 77 60 1221
 ... : 5 5 6 8 9 9 13 16 25 27 16 10 13 8 10 6 5 7 5 8 6 5 3 3 4 4 3 2 3 4 4 9 7 11 8 8 5 9 7 6 8 5 3 8 12 13 19 38 53 40 55 58 74 62 78 130 146 146 152 158 180 158 178 187 211 130 104 111 89 77 60 1224
 ... : 5 5 6 8 9 9 13 16 25 27 16 10 13 8 10 6 5 7 5 8 6 5 3 3 4 4 3 2 3 4 4 9 7 11 8 8 5 9 7 6 8 5 3 8 13 13 19 36 49 41 53 64 79 69 86 140 153 149 154 159 182 158 178 187 211 130 104 111 89 77 60 1224
 ... : 5 5 6 8 10 10 14 17 26 28 16 10 13 8 10 6 5 7 5 8 6 5 3 3 4 4 3 2 3 4 4 9 8 11 8 8 5 9 7 6 8 4 4 8 13 13 19 36 49 40 53 64 80 74 93 148 160 150 154 159 182 158 178 187 211 130 104 111 89 77 60 1226
 ... : 5 5 6 8 10 10 14 17 26 28 16 10 13 8 10 6 5 7 5 8 6 5 3 3 4 4 3 2 3 4 4 9 8 11 8 8 5 9 7 6 8 4 4 8 13 13 19 36 49 40 53 64 80 74 93 149 164 156 166 169 194 164 185 193 213 131 104 111 89 77 60 1226
 ... : 5 5 6 8 10 10 14 17 26 28 16 10 13 8 10 6 5 7 5 8 6 5 3 3 4 4 3 2 3 4 4 9 8 11 8 8 5 9 7 6 8 4 4 8 13 13 19 36 49 40 53 64 80 74 93 149 164 156 165 169 196 169 191 199 220 138 110 115 94 81 62 1237
 ... : 5 5 6 8 10 10 14 17 26 28 16 10 13 8 10 6 5 7 5 8 6 5 3 3 4 4 3 2 3 4 4 9 8 11 8 8 5 9 7 6 8 4 4 8 13 13 19 36 49 40 53 64 80 74 93 149 164 156 165 169 196 169 192 202 224 145 118 120 100 86 66 1254
 ... : 5 5 6 8 10 10 14 17 26 28 16 10 13 8 10 6 5 7 5 8 6 5 3 3 4 4 3 2 3 4 4 9 8 11 8 8 5 9 7 6 8 4 4 8 13 13 19 36 49 40 53 64 80 73 93 149 164 158 170 175 203 174 193 203 227 149 122 123 104 91 68 1271
 ... : 5 5 6 8 10 10 14 17 26 28 16 10 13 8 10 6 5 7 5 8 6 5 3 3 4 4 3 2 3 4 4 9 8 11 8 8 5 9 7 6 8 4 4 8 13 13 19 36 49 40 52 63 78 69 90 145 159 158 167 175 203 173 199 210 235 157 128 126 105 91 68 1271
 ... : 5 5 6 8 10 10 16 19 28 31 19 13 14 8 10 6 5 7 5 8 6 5 3 3 4 4 3 2 3 4 4 9 8 11 8 10 5 9 7 6 8 4 3 9 13 13 19 36 49 40 51 64 78 69 89 143 160 156 168 173 201 171 197 207 232 156 129 126 105 91 68 1272
 ... : 5 5 6 8 10 10 16 19 28 31 19 13 14 8 10 6 5 7 5 8 6 5 3 3 4 4 3 2 3 4 4 9 8 11 8 10 6 10 8 9 13 7 8 15 18 15 20 36 49 40 51 63 78 69 89 143 161 156 168 174 200 172 196 207 234 157 130 127 105 91 68 1274
 ... : 5 5 6 8 10 10 16 19 28 31 19 13 14 8 10 6 5 7 5 8 6 5 3 3 4 4 3 2 3 4 4 9 8 11 8 10 6 10 8 10 13 7 9 18 24 20 23 42 53 43 54 64 80 71 89 143 161 156 168 174 200 172 196 207 234 157 130 127 105 91 68 1274
 ... : 5 5 6 8 10 10 16 19 28 31 19 13 14 8 10 6 5 7 5 8 6 5 3 3 4 4 3 2 3 4 4 9 8 11 8 10 6 10 8 9 13 7 8 16 24 19 22 43 56 46 57 70 87 78 95 148 164 158 168 174 200 172 196 207 234 157 130 127 105 91 68 1280
 ... : 5 5 6 8 10 10 16 19 28 31 19 13 14 8 10 6 5 7 5 8 6 5 3 3 4 4 3 2 3 4 4 9 8 11 8 10 6 9 6 8 12 7 8 18 25 21 26 48 59 49 58 73 93 80 93 148 167 162 171 175 201 173 196 207 234 157 130 127 105 91 68 1280
 ... : 5 5 6 8 10 10 16 19 28 31 19 13 14 8 10 6 5 7 5 8 6 5 3 3 4 4 3 2 3 4 4 9 8 11 8 10 6 9 6 7 11 7 7 17 24 20 24 46 59 48 54 72 87 79 97 151 174 169 174 179 201 173 196 207 234 157 130 127 105 91 68 1280
 ... : 5 5 6 8 10 10 16 19 28 31 19 13 14 8 10 6 5 7 5 8 6 5 3 3 4 4 3 2 3 4 4 9 8 11 8 10 6 9 6 7 11 7 7 17 24 20 24 46 59 48 54 71 87 80 97 149 171 175 179 186 212 179 199 208 234 157 130 127 105 91 68 1281
 ... : 6 6 6 8 10 11 17 18 29 32 20 14 15 10 11 7 6 7 5 8 6 5 3 3 4 4 3 2 3 4 4 9 8 11 8 10 6 9 6 7 11 7 7 17 24 20 23 45 58 46 55 71 87 80 97 149 171 176 180 188 215 183 203 211 237 159 130 127 105 91 68 1282
  73 : 3 4 4 4 5 9 8 11 15 22 24 17 11 14 9 11 6 7 5 8 6 5 3 3 4 4 3 2 3 4 4 9 7 8 7 6 8 7 4 3 3 4 3 6 11 11 16 16 9 15 26 29 28 35 19 24 42 49 45 63 103 147 187 221 198 165 123 127 109 94 75 62 1328
 ... : 3 4 4 4 5 9 8 11 15 22 24 17 11 14 9 11 6 7 5 8 6 5 3 3 4 4 3 2 3 4 4 9 7 8 7 6 8 7 4 3 3 4 3 6 11 11 16 16 9 15 26 29 28 35 19 24 42 49 45 63 103 147 187 222 201 171 133 134 118 106 88 72 1344
  74 : 3 4 4 4 5 9 8 11 15 22 24 17 11 14 9 11 6 7 5 8 6 5 3 3 4 4 3 2 3 4 4 9 7 8 7 6 8 7 4 3 3 4 3 6 11 11 15 16 10 15 26 29 28 35 19 24 42 45 40 64 85 101 120 206 235 194 135 137 129 106 75 60 64 1320
 ... : 3 4 4 4 5 9 8 11 15 22 24 17 11 14 9 11 6 7 5 8 6 5 3 3 4 4 3 2 3 4 4 9 7 8 7 6 8 7 4 3 3 4 3 6 11 11 15 16 10 15 26 29 28 35 19 24 42 45 40 64 85 101 120 206 236 195 136 146 144 122 89 72 70 1340
 ... : 3 4 4 4 5 9 8 11 15 22 24 17 11 14 9 11 6 7 5 8 6 5 3 3 4 4 3 2 3 4 4 9 7 8 7 6 8 7 4 3 3 4 3 6 11 11 15 16 10 15 26 29 28 35 19 24 42 45 40 64 85 101 119 207 240 198 140 152 152 127 94 77 80 1363
  75 : 3 4 4 4 5 9 8 11 15 22 24 17 11 14 9 11 6 7 5 8 6 5 3 3 4 4 3 2 3 4 4 9 7 8 7 6 8 7 4 3 3 4 3 6 11 11 15 16 10 15 26 29 28 35 19 24 42 44 37 57 63 84 81 180 232 185 142 155 152 129 97 68 81 74 1334
  76 : 3 4 4 4 5 9 8 11 15 22 24 17 11 14 9 11 6 7 5 8 6 5 3 3 4 4 3 2 3 4 4 9 7 8 7 6 8 7 4 3 3 4 3 6 11 11 15 16 10 15 26 29 28 35 19 24 42 44 37 57 63 84 81 180 226 183 145 154 156 129 97 68 80 71 72 1280
 ... : 3 4 4 4 5 9 8 11 15 22 24 17 11 14 9 11 6 7 5 8 6 5 3 3 4 4 3 2 3 4 4 9 7 8 7 6 8 7 4 3 3 4 3 6 11 11 15 16 10 15 26 29 28 35 19 24 42 44 37 57 63 84 83 184 235 192 152 162 158 130 101 71 83 71 74 1291
 ... : 3 4 4 4 5 9 8 11 15 22 24 17 11 14 9 11 6 7 5 8 6 5 3 3 4 4 3 2 3 4 4 9 7 8 7 6 8 7 4 3 3 4 3 6 11 11 15 16 10 15 26 29 28 35 19 24 42 44 37 57 63 84 83 184 234 190 153 165 161 139 107 76 88 81 84 1308
 ... : 3 4 4 4 5 9 8 11 15 22 24 17 11 14 9 11 6 7 5 8 6 5 3 3 4 4 3 2 3 4 4 9 7 8 7 6 8 7 4 3 3 4 3 6 11 11 15 16 10 15 26 29 28 35 19 24 42 44 37 57 63 82 83 183 233 192 157 168 170 146 115 83 100 85 85 1310
 ... : 3 4 4 4 5 9 8 11 15 22 24 17 11 14 9 11 6 7 5 8 6 5 3 3 4 4 3 2 3 4 4 9 7 8 7 6 8 7 4 3 3 4 3 6 11 11 15 16 10 15 26 29 28 35 19 24 42 44 37 57 63 80 83 173 222 187 154 173 181 152 120 87 102 90 89 1318
  77 : 3 4 4 4 5 9 8 11 15 22 24 17 11 14 9 11 6 7 5 8 6 5 3 3 4 4 3 2 3 4 4 9 7 8 7 6 8 7 4 3 3 4 3 6 11 11 15 16 10 14 25 29 28 35 19 24 42 45 37 57 63 78 60 142 167 143 134 147 170 151 141 91 106 76 89 60 1314
  78 : 3 4 4 4 5 9 8 11 15 22 24 17 11 14 9 11 6 7 5 8 6 5 3 3 4 4 3 2 3 4 4 9 7 8 7 6 8 7 4 3 3 4 3 6 11 11 15 16 10 14 25 29 28 35 19 24 42 45 37 57 63 78 60 142 167 143 134 147 170 150 141 91 106 76 90 60 40 1284
 ... : 3 4 4 4 5 9 8 11 15 22 24 17 11 14 9 11 6 7 5 8 6 5 3 3 4 4 3 2 3 4 4 9 7 8 7 6 8 7 4 3 3 4 3 6 11 11 15 16 10 14 25 29 28 35 19 24 42 45 37 57 63 78 60 142 167 143 136 147 172 151 142 93 107 80 100 70 47 1310
  79 : 3 4 4 4 5 9 8 11 15 22 24 17 11 14 9 11 6 7 5 8 6 5 3 3 4 4 3 2 3 4 4 9 7 8 7 6 8 7 4 3 3 4 3 6 11 11 15 16 10 14 25 29 28 35 19 24 42 45 37 57 63 78 59 142 166 139 129 137 169 146 144 99 109 82 78 71 41 46 1295
  80 : 3 4 4 4 5 9 8 11 15 22 24 17 11 14 9 11 6 7 5 8 6 5 3 3 4 4 3 2 3 4 4 9 7 8 7 6 8 7 4 3 3 4 3 6 11 11 15 16 10 14 25 29 28 35 19 24 42 45 37 57 63 78 59 142 166 139 129 136 168 146 139 99 109 84 78 73 51 55 50 1302
 ... : 3 4 4 4 5 9 8 11 15 22 24 17 11 14 9 11 6 7 5 8 6 5 3 3 4 4 3 2 3 4 4 9 7 8 7 6 8 7 4 3 3 4 3 6 11 11 15 16 10 14 25 29 28 35 19 24 42 45 37 57 63 78 59 142 167 140 129 138 170 147 141 104 114 91 84 78 57 63 54 1318
  81 : 3 4 4 4 5 9 8 11 15 22 24 17 11 14 9 11 6 7 5 8 6 5 3 3 4 4 3 2 3 4 4 9 7 8 7 6 8 7 4 3 3 4 3 6 11 11 15 16 10 14 25 29 28 35 19 24 42 45 37 57 63 78 59 142 167 140 129 137 165 148 140 104 110 90 85 78 57 59 55 58 1291
 ... : 3 4 4 4 5 9 8 11 15 22 24 17 11 14 9 11 6 7 5 8 6 5 3 3 4 4 3 2 3 4 4 9 7 8 7 6 8 7 4 3 3 4 3 6 11 11 15 16 10 14 25 29 28 35 19 24 42 45 37 57 63 78 59 142 167 140 129 139 170 156 149 112 113 93 88 81 57 60 54 62 1307
 ... : 5 6 10 6 6 9 8 11 15 22 24 17 11 14 9 13 8 10 7 11 7 6 5 4 5 5 4 3 5 5 5 9 7 8 7 6 8 7 4 3 3 4 3 6 11 11 15 16 10 14 25 29 28 35 19 24 42 46 37 57 63 78 59 143 168 141 130 139 170 156 150 113 115 94 88 81 57 60 54 62 1307
tdecomp: completing cex trace with 2 initial steps
seqsimpl: completing cex trace with simulation
num_solve_calls = 869931
num_solve_sat_calls = 336108
num_solve_unsat_calls = 13781
num_solve_approx_calls = 568345
num_solve_approx_unsat_calls = 246400
num_solve_conflicts = 262836
num_solve_decisions = 35295494
num_solve_propagations = 508907971
avg_solve_conflicts = 1
avg_solve_decisions = 41
avg_solve_propagations = 585
avg_solve_unsat_decisions = 0.024
stddev_solve_unsat_decisions = 0.249
num_added_cubes = 87231
num_subsumed_cubes = 83018
num_gc_frame = 724
num_reset = 87
num_try_blocking = 448979
get_bad_cube_time = 28.191
rec_block_cube_time = 78.066
propagate_forward_time = 51.756
generalize_model_time = 18.348
generalize_and_push_time = 56.002
try_blocking_time = 114.941
reset_time = 2.830
clausify_time = 2.123
preprocess_time = 1.956
solve_time = 134.985
solve_sat_time = 105.252
solve_unsat_time = 29.733
prove_time = 159.350
memory_used_mb = 16
total_time = 159.461
Unsafe
