initialized model with 315 latches, 79 inputs and 1 properties
tsim: performed 10 steps
tsim: found cycle from 8
tsim: found 12 constants and 0 latch equivalences
seqsimpl: (315, 79) -> (303, 79)
checking bound 0
checking bound 1
checking bound 2
tdecomp: unrolling 2 cycles
tsim: reached all X state
tsim: performed 7 steps
tdecomp: no improvement found, reverting original model
   2 : 27 12
   3 : 29 16 9
   4 : 29 35 35 13
 ... : 32 65 70 51
 ... : 34 77 115 97
   5 : 40 77 119 104 29
 ... : 41 75 108 105 58
   6 : 41 76 100 96 55 34
 ... : 42 92 116 110 61 59
 ... : 43 97 128 125 108 71
   7 : 46 102 132 130 123 70 36
 ... : 47 106 136 137 139 89 76
   8 : 47 106 129 129 148 107 63 39
 ... : 48 110 120 111 136 116 76 56
 ... : 48 110 122 119 142 135 83 57
 ... : 50 116 133 123 150 152 111 70
 ... : 50 121 143 146 169 154 107 70
 ... : 50 122 139 134 164 180 125 70
 ... : 51 124 142 141 170 189 154 98
 ... : 51 124 142 142 175 207 192 140
   9 : 50 124 139 136 152 180 195 134 50
 ... : 50 124 139 136 155 193 220 151 82
 ... : 50 124 139 136 158 205 254 181 95
 ... : 52 127 143 146 174 223 279 200 95
 ... : 52 127 143 148 179 230 307 223 113
 ... : 52 127 143 149 182 236 325 253 135
  10 : 51 127 143 149 181 235 310 242 97 49
 ... : 51 127 143 149 181 235 317 274 125 77
 ... : 51 127 143 149 181 235 324 295 158 96
 ... : 51 127 143 149 181 235 329 304 175 119
 ... : 57 134 146 149 181 235 338 316 187 132
 ... : 61 141 163 168 184 237 339 318 188 132
 ... : 63 134 144 135 150 178 256 250 190 132
  11 : 61 131 142 129 140 163 227 205 118 76 69
 ... : 61 131 142 129 140 163 226 218 154 112 86
  12 : 61 131 142 129 140 163 225 217 150 108 55 61
 ... : 62 133 147 136 151 173 234 227 165 124 70 73
 ... : 62 133 147 136 151 173 238 235 177 152 97 73
 ... : 62 133 147 136 151 173 238 235 184 167 134 105
 ... : 62 133 147 136 151 173 237 238 200 182 142 109
 ... : 62 133 147 136 151 173 239 252 219 211 159 109
 ... : 62 133 147 136 151 173 238 253 240 228 173 111
 ... : 62 133 147 135 146 164 235 272 266 254 183 108
 ... : 62 133 147 135 146 164 237 278 293 274 202 108
 ... : 62 133 146 135 144 166 236 270 297 285 223 112
  13 : 61 131 145 131 128 149 220 248 266 252 204 59 72
 ... : 61 131 145 131 128 149 220 252 277 265 227 80 91
 ... : 61 131 145 131 128 149 220 252 272 270 233 117 98
 ... : 61 131 145 131 128 149 220 252 270 266 244 133 128
  14 : 61 131 145 131 128 144 211 233 254 256 227 135 85 66
 ... : 61 131 145 131 128 144 211 233 255 269 257 165 99 73
 ... : 61 131 145 131 128 144 211 233 260 290 291 192 100 74
 ... : 61 131 145 131 128 144 211 233 262 309 333 230 102 74
 ... : 61 131 145 131 128 143 208 229 256 309 340 266 117 77
 ... : 61 131 145 131 128 143 208 229 260 313 353 280 142 78
 ... : 61 131 145 131 128 143 207 228 259 312 351 272 144 87
 ... : 61 131 145 131 128 143 207 231 267 334 374 294 147 100
 ... : 61 131 145 131 128 143 207 235 268 345 393 314 158 101
 ... : 61 131 145 131 128 143 207 239 277 351 415 331 172 103
 ... : 61 131 145 131 128 143 207 239 277 366 448 367 182 103
 ... : 61 131 145 131 128 143 208 241 281 371 464 392 220 104
 ... : 61 131 145 131 128 143 208 245 286 399 501 416 220 105
 ... : 61 131 145 131 128 143 208 245 286 403 516 441 251 102
 ... : 61 131 145 131 128 143 209 249 296 414 535 463 267 103
 ... : 61 131 145 131 128 143 209 254 312 437 550 472 270 107
 ... : 61 131 145 131 128 143 209 254 324 454 573 499 275 107
 ... : 61 131 145 131 128 143 209 255 324 463 597 518 308 107
 ... : 61 131 145 131 128 143 209 255 325 473 627 539 314 107
 ... : 61 131 145 131 128 143 209 255 324 478 630 543 324 109
 ... : 61 131 145 131 128 143 209 255 324 482 652 570 342 110
 ... : 61 131 145 131 128 143 209 255 323 480 659 576 368 138
 ... : 61 131 145 131 128 143 209 255 323 480 655 573 406 169
 ... : 61 131 145 131 128 143 209 255 323 479 648 556 422 209
 ... : 61 131 145 131 128 143 209 256 325 481 653 560 445 251
 ... : 61 131 145 131 128 143 209 256 325 484 668 580 472 279
 ... : 61 131 145 131 128 143 209 256 327 490 675 595 508 306
 ... : 61 131 145 131 128 143 209 256 327 490 681 618 550 344
 ... : 61 131 145 131 128 143 208 255 325 493 687 621 556 368
 ... : 61 131 145 131 128 143 208 256 335 499 701 641 577 390
 ... : 61 131 145 131 128 143 208 256 335 501 713 659 619 421
 ... : 61 131 145 131 128 143 208 256 333 496 713 674 639 430
 ... : 61 131 145 131 128 143 208 256 333 494 708 673 671 466
 ... : 61 131 145 131 128 143 208 256 333 501 724 690 679 489
  15 : 61 131 145 131 128 143 204 245 320 468 634 587 580 367 193
 ... : 61 131 145 131 128 143 202 243 318 468 636 599 590 375 214
 ... : 61 131 145 131 128 143 202 243 319 473 649 612 603 399 251
 ... : 61 131 145 131 128 143 202 242 322 484 669 632 609 404 253
 ... : 61 131 145 131 128 143 202 242 321 479 669 652 636 410 253
 ... : 61 131 145 131 128 143 202 242 321 479 674 673 672 446 253
 ... : 61 131 145 131 128 143 202 242 321 479 676 679 693 476 279
  16 : 61 131 145 131 128 143 201 242 318 475 668 662 668 470 178 147
 ... : 61 131 145 131 128 143 201 242 318 475 672 672 690 500 191 154
 ... : 61 131 145 131 128 143 201 242 318 475 672 675 709 543 222 154
 ... : 61 131 145 131 128 143 201 242 318 475 672 680 724 595 262 154
 ... : 61 131 145 131 128 143 201 242 318 475 672 682 741 639 298 154
 ... : 61 131 145 131 128 143 201 242 318 479 687 692 746 664 328 154
 ... : 61 131 145 131 128 143 201 242 319 479 693 713 771 679 327 155
 ... : 61 131 145 131 128 143 201 242 320 481 698 720 796 702 361 155
 ... : 61 131 145 131 128 143 201 242 322 494 728 750 823 703 361 155
 ... : 61 131 145 131 128 143 201 242 322 494 733 763 851 754 382 155
 ... : 61 131 145 131 128 143 201 242 322 496 739 777 862 783 416 157
 ... : 61 131 145 131 128 143 201 242 322 498 742 779 872 827 465 157
 ... : 61 131 145 131 128 143 201 242 322 499 745 788 896 859 495 157
 ... : 61 131 145 131 128 143 201 242 322 499 745 788 905 883 556 171
 ... : 61 131 145 131 128 143 201 242 322 499 745 790 916 903 589 202
 ... : 61 131 145 131 128 143 201 242 322 499 745 791 925 925 617 231
 ... : 61 131 145 131 128 143 201 242 322 499 745 794 940 948 651 243
 ... : 61 131 145 131 128 143 201 242 322 499 745 794 941 970 693 275
 ... : 61 131 145 131 128 143 201 242 322 499 745 794 942 986 727 316
 ... : 61 131 145 131 128 143 201 242 322 499 745 799 948 993 762 347
 ... : 61 131 145 131 128 143 201 242 322 499 746 802 954 1019 801 367
 ... : 61 131 145 131 128 143 201 242 322 499 746 802 957 1034 853 410
 ... : 61 131 145 131 128 143 201 242 322 499 746 802 957 1043 895 464
 ... : 61 131 145 131 128 143 201 242 322 499 746 802 961 1072 945 493
 ... : 61 131 145 131 128 143 201 242 322 499 746 802 963 1084 987 541
 ... : 61 131 145 131 128 143 201 242 322 500 750 809 977 1107 1018 564
 ... : 61 131 145 131 128 143 201 242 322 500 750 810 980 1124 1058 615
 ... : 61 131 145 131 128 143 201 242 322 500 753 815 985 1140 1081 662
 ... : 61 131 145 131 128 143 201 242 322 500 753 815 987 1150 1108 735
 ... : 61 131 145 131 128 143 201 242 323 502 754 817 998 1169 1137 765
 ... : 61 131 145 131 128 143 201 242 323 502 754 820 1002 1177 1164 844
 ... : 61 131 145 131 128 143 201 242 323 502 754 820 999 1173 1160 911
 ... : 61 131 145 131 128 143 201 242 323 502 754 819 991 1171 1178 954
 ... : 61 131 145 131 128 143 201 242 323 502 754 820 990 1182 1204 963
 ... : 61 131 145 131 128 143 201 242 326 514 778 837 1001 1186 1208 964
 ... : 61 131 145 131 128 143 201 242 326 521 795 862 1032 1195 1208 964
 ... : 61 131 145 131 128 143 201 242 326 521 795 873 1077 1262 1208 964
 ... : 61 131 145 131 128 143 201 242 326 521 798 877 1083 1304 1276 964
 ... : 61 131 145 131 128 143 201 242 326 521 798 878 1088 1339 1347 967
 ... : 61 131 145 131 128 143 201 242 326 521 800 879 1089 1342 1386 1001
 ... : 61 131 145 131 128 143 201 242 326 521 801 880 1095 1371 1431 1022
 ... : 61 131 145 131 128 143 201 242 326 521 801 875 1095 1376 1469 1078
 ... : 61 131 145 131 128 143 201 242 326 521 801 878 1105 1395 1505 1122
 ... : 61 131 145 131 128 143 201 242 326 521 804 891 1126 1416 1520 1152
 ... : 61 131 145 131 128 143 201 242 326 521 808 900 1132 1416 1541 1176
 ... : 61 131 145 131 128 143 201 242 326 521 815 915 1143 1427 1557 1227
 ... : 61 131 145 131 128 143 201 242 326 521 821 927 1171 1475 1593 1227
 ... : 61 131 145 131 128 143 201 242 326 521 821 927 1171 1486 1644 1301
 ... : 61 131 145 131 128 143 201 242 326 521 821 927 1166 1481 1660 1363
 ... : 61 131 145 131 128 143 201 242 326 521 820 925 1176 1495 1681 1378
 ... : 61 131 145 131 128 143 201 242 326 523 826 936 1194 1515 1694 1378
 ... : 61 131 145 131 128 143 201 242 326 523 825 935 1212 1548 1719 1378
 ... : 61 131 145 131 128 143 201 242 326 523 824 935 1218 1569 1748 1409
 ... : 61 131 145 131 128 143 201 242 326 523 824 937 1221 1583 1780 1442
 ... : 61 131 145 131 128 143 201 242 326 524 828 943 1231 1575 1776 1441
 ... : 61 131 145 131 128 143 201 248 337 536 843 944 1226 1558 1746 1460
 ... : 61 131 145 131 128 143 200 249 340 545 861 971 1240 1565 1749 1461
 ... : 61 131 145 131 128 143 200 249 340 546 869 982 1243 1564 1755 1489
  17 : 61 131 145 131 128 143 198 250 334 530 833 910 1174 1485 1603 1370 262
 ... : 61 131 145 131 128 143 198 250 334 530 833 910 1176 1503 1639 1392 267
 ... : 61 131 145 131 128 143 198 250 334 530 833 910 1175 1506 1655 1430 286
 ... : 61 131 145 131 128 143 198 250 334 530 833 910 1170 1512 1666 1445 310
 ... : 61 131 145 131 128 143 198 250 334 532 838 914 1170 1514 1675 1480 344
 ... : 61 131 145 131 128 143 198 250 334 532 840 919 1187 1541 1702 1500 345
 ... : 61 131 145 131 128 143 198 250 334 532 840 921 1192 1563 1735 1520 349
 ... : 61 131 145 131 128 143 198 250 334 532 840 921 1194 1573 1756 1557 373
 ... : 61 131 145 131 128 143 198 250 334 532 840 921 1194 1576 1773 1589 409
 ... : 61 131 145 131 128 143 198 250 334 533 841 923 1200 1587 1786 1594 418
 ... : 61 131 145 131 128 143 198 250 334 533 841 924 1199 1571 1786 1615 438
 ... : 61 131 145 131 128 143 198 250 334 533 841 924 1204 1580 1817 1635 457
 ... : 61 131 145 131 128 143 198 250 334 533 841 925 1212 1600 1862 1669 460
 ... : 61 131 145 131 128 143 198 250 334 533 841 925 1214 1605 1878 1704 497
 ... : 61 131 145 131 128 143 198 250 334 533 841 926 1216 1616 1890 1715 534
 ... : 61 131 145 131 128 143 198 250 334 533 841 927 1216 1619 1915 1742 550
 ... : 61 131 145 131 128 143 198 250 334 533 841 927 1216 1619 1928 1778 584
 ... : 61 131 145 131 128 143 198 250 334 533 841 930 1223 1628 1940 1808 615
 ... : 61 131 145 131 128 143 198 250 334 533 841 930 1224 1633 1964 1849 645
 ... : 61 131 145 131 128 143 198 250 334 533 841 932 1227 1637 1977 1882 685
 ... : 61 131 145 131 128 143 198 250 338 548 868 973 1241 1636 1975 1879 682
 ... : 61 131 145 131 128 143 198 250 338 548 877 1002 1284 1647 1971 1879 682
 ... : 61 131 145 131 128 143 198 250 338 549 886 1032 1312 1670 1973 1879 682
 ... : 61 131 145 131 128 143 198 250 338 552 908 1064 1337 1676 1974 1879 682
 ... : 61 131 145 131 128 143 198 250 342 562 926 1086 1352 1695 1974 1879 682
 ... : 61 131 145 131 128 143 198 250 345 568 945 1106 1378 1715 1974 1879 684
 ... : 61 131 145 131 128 143 198 253 349 569 953 1127 1401 1728 1974 1880 685
 ... : 61 131 145 131 128 143 198 253 349 572 967 1160 1431 1743 1974 1880 685
 ... : 61 131 145 131 128 143 198 253 349 572 971 1180 1458 1768 1975 1880 685
 ... : 61 131 145 131 128 143 198 254 355 581 979 1188 1473 1790 1976 1881 688
 ... : 61 131 145 131 128 143 198 254 356 586 1003 1219 1500 1800 1976 1881 689
 ... : 61 131 145 131 128 143 198 254 356 588 1010 1234 1517 1832 1984 1881 691
 ... : 61 131 145 131 128 143 198 254 356 588 1013 1237 1518 1853 2040 1886 691
 ... : 61 131 145 131 128 143 198 254 356 588 1013 1242 1528 1882 2088 1886 691
 ... : 61 132 148 135 138 155 207 256 356 588 1010 1245 1536 1884 2098 1886 691
 ... : 61 132 144 132 131 148 209 266 371 602 1021 1244 1536 1884 2097 1883 692
 ... : 61 132 144 132 131 148 208 268 383 625 1045 1268 1538 1884 2097 1884 692
 ... : 61 132 144 132 131 148 208 270 399 652 1078 1280 1539 1884 2097 1884 692
 ... : 61 132 144 132 131 148 208 268 401 665 1076 1296 1547 1884 2097 1884 692
 ... : 61 132 144 132 131 148 208 270 404 660 1074 1307 1563 1884 2097 1884 692
 ... : 61 132 142 130 130 147 208 274 409 662 1050 1262 1523 1903 2097 1886 692
 ... : 61 132 142 130 130 147 208 274 410 663 1056 1273 1534 1926 2129 1891 692
 ... : 61 133 144 133 133 150 208 274 411 664 1059 1275 1547 1952 2153 1893 693
 ... : 61 133 144 133 133 150 208 274 411 665 1059 1276 1545 1949 2155 1924 696
 ... : 61 133 144 133 133 150 208 274 411 664 1053 1263 1528 1942 2170 1995 696
 ... : 61 133 144 133 133 150 208 274 411 664 1053 1265 1536 1943 2194 2050 697
 ... : 61 133 144 133 133 150 208 274 411 664 1053 1254 1521 1926 2204 2094 702
 ... : 61 133 144 133 133 150 208 274 413 670 1072 1263 1521 1924 2202 2102 724
 ... : 61 133 144 133 133 150 208 274 413 673 1082 1297 1568 1949 2202 2102 724
 ... : 61 133 144 133 133 150 208 274 413 673 1084 1302 1589 2006 2232 2103 724
 ... : 61 133 144 133 133 150 208 274 413 673 1085 1306 1607 2042 2296 2104 724
 ... : 61 133 144 133 133 150 208 274 413 673 1087 1313 1617 2057 2331 2154 726
 ... : 61 133 144 133 133 150 208 274 413 673 1087 1316 1639 2093 2366 2170 726
 ... : 61 133 144 133 133 150 208 274 413 673 1087 1316 1647 2115 2409 2218 727
 ... : 61 133 144 133 133 150 208 274 413 673 1087 1316 1647 2118 2443 2302 729
 ... : 61 133 144 133 133 150 208 275 421 687 1103 1338 1661 2120 2443 2308 729
 ... : 61 133 144 133 133 150 208 275 412 694 1120 1367 1689 2134 2443 2308 729
 ... : 61 133 144 133 133 150 208 275 412 696 1136 1397 1720 2162 2444 2310 729
 ... : 61 133 144 133 133 150 208 275 412 696 1137 1400 1728 2202 2506 2312 730
 ... : 61 133 144 133 133 150 208 275 412 697 1147 1431 1759 2216 2526 2315 730
 ... : 61 133 144 133 133 150 208 275 412 697 1149 1442 1785 2257 2561 2317 730
 ... : 61 133 144 133 133 150 208 275 412 697 1149 1443 1792 2277 2609 2350 732
 ... : 61 133 144 133 133 150 208 275 412 697 1149 1443 1792 2281 2646 2429 733
 ... : 61 133 144 133 133 150 208 275 412 697 1149 1443 1792 2282 2658 2501 759
 ... : 61 133 144 133 133 150 208 275 412 697 1149 1443 1792 2283 2661 2532 853
 ... : 61 133 144 133 133 150 208 275 412 697 1149 1443 1792 2283 2661 2553 961
 ... : 61 133 144 133 133 150 208 275 412 697 1149 1444 1802 2300 2696 2586 965
 ... : 61 133 144 133 133 150 208 277 416 706 1161 1462 1813 2301 2703 2602 992
 ... : 61 133 144 133 133 150 208 277 418 715 1171 1480 1839 2331 2718 2605 992
 ... : 61 133 144 133 133 150 208 277 418 714 1173 1491 1856 2354 2750 2634 992
 ... : 61 133 144 133 133 150 208 277 418 714 1173 1491 1867 2379 2779 2673 993
 ... : 61 133 144 133 133 150 208 277 418 714 1173 1491 1867 2380 2787 2709 1072
 ... : 61 133 144 133 133 150 208 277 418 714 1173 1491 1867 2380 2797 2744 1139
 ... : 61 133 144 133 133 150 208 277 418 714 1173 1491 1872 2389 2830 2792 1167
 ... : 61 133 144 133 133 150 208 277 418 714 1173 1491 1872 2389 2832 2833 1248
 ... : 61 133 144 133 133 150 208 277 418 714 1173 1491 1872 2389 2834 2846 1312
 ... : 61 133 144 133 133 150 208 277 418 714 1173 1495 1876 2394 2849 2874 1360
 ... : 61 133 144 133 133 150 208 277 418 716 1177 1506 1900 2416 2849 2877 1390
 ... : 61 133 144 133 133 150 208 277 418 719 1187 1524 1925 2433 2869 2894 1390
 ... : 61 133 144 133 133 150 208 277 418 719 1191 1534 1947 2464 2903 2896 1390
 ... : 61 133 144 133 133 150 208 277 418 719 1191 1536 1958 2491 2934 2933 1390
 ... : 61 133 144 133 133 150 208 277 418 719 1193 1542 1972 2509 2949 2978 1402
 ... : 61 133 144 133 133 150 208 277 418 719 1193 1542 1973 2522 2976 3015 1433
 ... : 61 133 144 133 133 150 208 277 418 719 1193 1542 1973 2526 2989 3045 1511
 ... : 61 133 144 133 133 150 208 277 418 719 1193 1542 1973 2526 2993 3070 1585
 ... : 61 133 144 133 133 150 208 277 418 719 1193 1542 1977 2534 3010 3092 1639
 ... : 61 133 144 133 133 150 208 277 418 719 1193 1542 1979 2533 3020 3104 1661
 ... : 61 133 144 133 133 150 208 277 418 719 1193 1542 1981 2539 3047 3153 1676
 ... : 61 133 144 133 133 150 208 277 418 719 1193 1542 1982 2544 3053 3182 1719
 ... : 61 133 144 133 133 150 208 277 418 719 1194 1546 1988 2559 3072 3196 1732
  18 : 61 133 143 131 132 140 169 209 359 678 1075 1384 1826 2308 2782 2791 1551 490
 ... : 61 133 143 131 132 140 169 209 359 678 1075 1384 1826 2307 2786 2796 1566 539
 ... : 61 133 143 131 132 140 169 209 359 678 1075 1384 1826 2313 2809 2831 1592 547
 ... : 61 133 143 131 132 140 169 209 359 678 1075 1384 1826 2314 2812 2847 1618 571
 ... : 61 133 143 131 132 140 169 209 359 678 1072 1381 1820 2303 2806 2848 1638 592
 ... : 61 133 143 131 132 140 169 209 359 678 1072 1381 1820 2303 2816 2865 1652 616
  19 : 61 133 143 131 132 140 169 209 359 674 1054 1359 1768 2196 2739 2800 1679 396 323
 ... : 61 133 143 131 132 140 169 209 359 674 1054 1359 1768 2190 2732 2799 1684 400 331
 ... : 61 133 143 131 132 140 169 209 359 674 1054 1359 1768 2191 2739 2832 1707 414 341
 ... : 61 133 143 131 132 140 169 209 359 674 1054 1359 1768 2191 2743 2831 1716 431 348
 ... : 61 133 143 131 132 140 169 209 359 674 1054 1359 1768 2191 2746 2835 1725 443 382
 ... : 61 133 143 131 132 140 169 209 359 674 1056 1363 1780 2209 2762 2843 1734 459 390
 ... : 61 133 143 131 132 140 169 209 359 674 1057 1369 1796 2225 2780 2867 1754 466 390
 ... : 61 133 143 131 132 140 169 209 359 674 1057 1369 1797 2229 2782 2876 1769 498 409
 ... : 61 133 143 131 132 140 169 209 359 674 1057 1369 1800 2236 2791 2890 1786 514 423
 ... : 61 133 143 131 132 140 169 209 359 674 1057 1377 1808 2258 2820 2913 1785 514 437
 ... : 61 133 143 131 132 140 169 209 359 674 1057 1383 1827 2290 2849 2921 1786 514 437
 ... : 61 133 143 131 132 140 169 209 359 674 1058 1388 1837 2313 2888 2952 1786 514 437
 ... : 61 133 143 131 132 140 169 209 359 674 1058 1392 1856 2342 2915 2984 1787 514 437
 ... : 61 133 143 131 132 140 169 209 359 674 1058 1397 1871 2378 2954 3002 1788 514 437
 ... : 61 133 143 131 132 140 169 209 359 674 1058 1398 1877 2393 2981 3050 1792 514 438
 ... : 61 133 143 131 132 140 169 209 359 674 1058 1398 1881 2399 2999 3086 1828 516 439
 ... : 61 133 143 131 132 140 169 209 359 674 1058 1399 1895 2432 3035 3108 1828 516 439
 ... : 61 133 143 131 132 140 169 209 359 674 1058 1399 1896 2448 3073 3156 1841 516 440
 ... : 61 133 143 131 132 140 169 209 359 674 1058 1400 1899 2456 3104 3196 1880 516 440
 ... : 61 133 143 131 132 140 169 209 359 674 1058 1401 1901 2458 3109 3231 1934 520 440
 ... : 61 133 143 131 132 140 169 209 359 674 1058 1406 1914 2475 3145 3266 1943 520 440
 ... : 61 133 143 131 132 140 169 209 359 674 1058 1406 1915 2481 3159 3308 1990 521 440
 ... : 61 133 143 131 132 140 169 209 359 674 1058 1413 1926 2495 3170 3299 1986 521 441
 ... : 61 133 143 131 132 140 169 209 359 674 1058 1413 1932 2506 3191 3333 2025 523 442
 ... : 61 133 143 131 132 140 169 209 359 674 1058 1413 1937 2517 3210 3365 2068 524 442
 ... : 61 133 143 131 132 140 169 209 359 674 1058 1413 1938 2521 3226 3410 2114 525 442
 ... : 61 133 143 131 132 140 169 209 359 674 1058 1413 1938 2524 3236 3437 2169 560 442
 ... : 61 133 143 131 132 140 169 209 359 674 1058 1413 1938 2527 3242 3449 2207 623 443
 ... : 61 133 143 131 132 140 169 209 359 674 1058 1413 1938 2529 3247 3459 2241 683 444
 ... : 61 133 143 131 132 140 169 209 359 674 1058 1414 1941 2539 3260 3470 2264 739 447
 ... : 61 133 143 131 132 140 169 209 359 674 1058 1415 1945 2548 3278 3511 2304 744 447
 ... : 61 133 143 131 132 140 169 209 359 674 1058 1415 1946 2554 3294 3539 2319 782 447
 ... : 61 133 143 131 132 140 169 209 359 674 1058 1417 1953 2562 3313 3575 2342 782 447
 ... : 61 133 143 131 132 140 169 209 359 674 1059 1421 1960 2581 3342 3613 2367 784 447
 ... : 61 133 143 131 132 140 169 209 359 674 1059 1421 1960 2587 3364 3653 2414 787 447
 ... : 61 133 143 131 132 140 169 209 359 674 1059 1421 1961 2590 3374 3682 2460 812 447
 ... : 61 133 143 131 132 140 169 209 359 674 1059 1421 1961 2590 3379 3693 2494 857 448
 ... : 61 133 143 131 132 140 169 209 359 674 1059 1421 1961 2590 3382 3702 2533 933 448
 ... : 61 133 143 131 132 140 169 209 359 674 1059 1421 1961 2590 3382 3707 2550 994 450
 ... : 61 133 143 131 132 140 169 209 359 674 1059 1420 1960 2591 3383 3707 2562 1040 451
 ... : 61 133 143 131 132 140 169 209 359 674 1059 1420 1963 2608 3410 3740 2575 1040 451
 ... : 61 133 143 131 132 140 169 209 359 674 1059 1420 1967 2616 3434 3775 2599 1041 451
 ... : 61 133 143 131 132 140 169 209 359 674 1059 1421 1970 2624 3453 3800 2638 1055 451
 ... : 61 133 143 131 132 140 169 209 359 674 1059 1421 1972 2637 3489 3853 2656 1056 451
 ... : 61 133 143 131 132 140 169 209 359 674 1059 1421 1972 2637 3493 3878 2724 1090 451
 ... : 61 133 143 131 132 140 169 209 359 674 1059 1421 1972 2637 3499 3890 2759 1162 451
 ... : 61 133 143 131 132 140 169 209 359 674 1059 1422 1976 2647 3518 3916 2793 1188 451
 ... : 61 133 143 131 132 140 169 209 359 674 1059 1422 1978 2654 3532 3939 2827 1231 451
 ... : 61 133 143 131 132 140 169 209 359 674 1059 1422 1978 2657 3550 3974 2863 1258 451
 ... : 61 133 143 131 132 140 169 209 359 674 1059 1423 1981 2663 3558 4000 2892 1286 451
 ... : 61 133 143 131 132 140 169 209 359 674 1059 1423 1982 2667 3566 4015 2922 1325 452
 ... : 61 133 143 131 132 140 169 209 359 674 1059 1423 1982 2667 3566 4024 2943 1375 486
 ... : 61 133 143 131 132 140 169 209 359 674 1059 1423 1983 2674 3584 4045 2957 1386 503
 ... : 61 133 143 131 132 140 169 209 359 674 1059 1423 1985 2681 3592 4048 2977 1383 508
 ... : 61 133 143 131 132 140 169 209 359 674 1059 1423 1985 2685 3605 4062 3016 1430 508
 ... : 61 133 143 131 132 140 169 209 359 674 1059 1423 1989 2690 3623 4096 3054 1445 508
 ... : 61 133 143 131 132 140 169 209 359 674 1059 1423 1989 2692 3624 4090 3089 1510 511
 ... : 61 133 143 131 132 140 169 209 359 674 1059 1423 1989 2692 3625 4096 3102 1551 559
 ... : 61 133 143 131 132 140 169 209 359 674 1059 1423 1989 2692 3631 4108 3124 1582 592
 ... : 61 133 143 131 132 140 169 209 359 674 1059 1423 1989 2693 3633 4112 3143 1619 621
 ... : 61 133 143 131 132 140 169 209 359 674 1059 1423 1989 2693 3633 4117 3166 1667 664
 ... : 61 133 143 131 132 140 169 209 359 674 1059 1423 1989 2693 3633 4118 3170 1695 759
 ... : 61 133 143 131 132 140 169 209 359 674 1059 1423 1989 2693 3633 4120 3176 1725 836
 ... : 61 133 143 131 132 140 169 209 359 674 1059 1423 1989 2693 3633 4122 3178 1751 891
 ... : 61 133 143 131 132 140 169 209 359 674 1059 1423 1989 2696 3640 4142 3213 1786 905
 ... : 61 133 143 131 132 140 169 209 359 674 1059 1423 1989 2696 3641 4149 3230 1832 960
 ... : 61 133 143 131 132 140 169 209 359 674 1059 1423 1990 2697 3633 4145 3256 1853 980
 ... : 61 133 143 131 132 140 169 209 359 674 1059 1423 1990 2697 3632 4128 3250 1871 988
 ... : 61 133 143 131 132 140 169 209 359 674 1059 1423 1990 2697 3632 4131 3261 1910 1040
 ... : 61 133 143 131 132 140 169 209 359 674 1059 1423 1990 2697 3632 4131 3262 1886 1054
 ... : 61 133 143 131 132 140 169 209 359 674 1059 1423 1990 2697 3632 4131 3264 1891 1085
 ... : 61 133 143 131 132 140 169 209 359 674 1059 1423 1990 2697 3632 4132 3269 1905 1139
 ... : 61 133 143 131 132 140 169 209 359 674 1059 1423 1990 2697 3632 4132 3269 1907 1165
 ... : 61 133 143 131 132 140 169 209 359 674 1059 1423 1990 2698 3633 4132 3279 1921 1186
 ... : 61 133 143 131 132 140 169 209 359 674 1059 1423 1990 2698 3637 4143 3299 1942 1202
 ... : 61 133 143 131 132 140 169 209 359 674 1059 1423 1990 2698 3636 4140 3304 1959 1228
 ... : 61 133 143 131 132 140 169 209 359 674 1059 1423 1990 2698 3637 4145 3321 1983 1247
 ... : 61 133 143 131 132 140 169 209 359 674 1059 1423 1990 2698 3648 4162 3336 1997 1263
 ... : 61 133 143 131 132 140 169 209 359 674 1059 1423 1990 2698 3651 4172 3348 2011 1271
 ... : 61 133 143 131 132 140 169 209 359 674 1059 1423 1990 2698 3651 4172 3363 2042 1288
 ... : 61 133 143 131 132 140 169 209 359 674 1059 1423 1989 2697 3644 4152 3354 2053 1292
 ... : 61 133 143 131 132 140 169 209 359 674 1059 1423 1989 2697 3648 4161 3371 2093 1323
 ... : 61 133 143 131 132 140 169 209 359 674 1067 1429 2004 2726 3675 4170 3371 2094 1323
 ... : 61 133 143 131 132 140 169 209 359 674 1067 1429 2005 2734 3707 4219 3396 2094 1325
 ... : 61 133 143 131 132 140 169 209 359 674 1067 1429 2006 2745 3728 4243 3423 2096 1332
 ... : 61 133 143 131 132 140 169 209 361 679 1074 1431 2005 2738 3706 4209 3388 2095 1326
 ... : 61 133 143 131 132 140 169 210 369 689 1086 1445 2023 2761 3707 4209 3388 2096 1326
 ... : 61 133 143 131 132 140 169 210 369 689 1086 1450 2039 2792 3754 4218 3388 2096 1327
 ... : 61 133 143 131 132 140 169 210 369 689 1086 1450 2043 2803 3793 4266 3388 2097 1328
 ... : 61 133 143 131 132 140 169 210 369 689 1086 1450 2044 2807 3814 4314 3427 2100 1329
 ... : 61 133 143 131 132 140 169 210 369 689 1086 1450 2045 2807 3826 4348 3469 2111 1330
 ... : 61 133 143 131 132 140 169 210 370 694 1093 1459 2056 2811 3832 4356 3494 2110 1331
 ... : 61 133 143 131 132 140 169 210 370 694 1094 1457 2050 2827 3869 4374 3491 2111 1331
 ... : 61 133 143 131 132 140 169 210 370 694 1094 1457 2051 2833 3889 4423 3524 2115 1331
 ... : 61 133 143 131 132 140 169 210 370 694 1094 1457 2051 2841 3903 4452 3583 2124 1335
 ... : 61 133 143 131 132 140 169 210 370 694 1094 1457 2051 2842 3909 4469 3621 2184 1335
 ... : 61 133 143 131 132 140 169 210 370 694 1094 1457 2051 2842 3910 4475 3657 2244 1346
 ... : 61 133 143 131 132 140 169 210 370 694 1094 1457 2051 2842 3912 4487 3696 2297 1347
 ... : 61 133 143 131 132 140 169 210 370 694 1094 1457 2051 2842 3912 4487 3696 2359 1351
 ... : 61 133 143 131 132 140 169 210 370 694 1094 1457 2054 2845 3911 4480 3705 2370 1352
 ... : 61 133 143 131 132 140 169 210 370 694 1094 1459 2062 2869 3939 4504 3707 2372 1352
 ... : 61 133 143 131 132 140 169 210 370 694 1094 1461 2064 2876 3957 4546 3750 2374 1354
 ... : 61 133 143 131 132 140 169 210 370 694 1094 1461 2064 2878 3969 4570 3779 2403 1361
 ... : 61 133 143 131 132 140 169 210 370 694 1094 1461 2064 2879 3977 4584 3796 2452 1370
 ... : 61 133 143 131 132 140 169 210 370 694 1096 1464 2065 2884 3982 4591 3812 2482 1393
 ... : 61 133 143 131 132 140 169 210 370 694 1096 1464 2065 2884 3982 4595 3821 2500 1451
 ... : 61 133 143 131 132 140 169 210 370 694 1096 1464 2065 2884 3980 4592 3826 2517 1506
 ... : 61 133 143 131 132 140 169 210 370 694 1096 1464 2065 2884 3977 4590 3827 2516 1547
 ... : 61 133 143 131 132 140 169 210 370 694 1096 1464 2065 2884 3981 4598 3841 2532 1568
 ... : 61 133 143 131 132 140 169 210 370 694 1096 1464 2065 2884 3996 4623 3879 2554 1568
 ... : 61 133 143 131 132 140 169 210 370 694 1096 1464 2068 2894 4017 4647 3894 2564 1569
 ... : 61 133 143 131 132 140 169 210 370 694 1096 1464 2068 2896 4026 4673 3940 2589 1569
 ... : 61 133 143 131 132 140 169 210 370 694 1096 1464 2068 2897 4029 4682 3978 2654 1569
 ... : 61 133 143 131 132 140 169 210 370 694 1096 1464 2068 2897 4030 4689 3993 2693 1600
 ... : 61 133 143 131 132 140 169 210 370 694 1096 1464 2068 2897 4030 4692 4010 2729 1647
 ... : 61 133 143 131 132 140 169 210 370 694 1096 1464 2068 2897 4030 4698 4036 2776 1682
 ... : 61 133 143 131 132 140 169 210 370 694 1096 1464 2068 2897 4030 4698 4040 2815 1760
 ... : 61 133 143 131 132 140 169 210 370 694 1096 1464 2068 2897 4030 4702 4057 2860 1813
 ... : 61 133 143 131 132 140 169 210 370 694 1096 1464 2068 2897 4045 4735 4085 2870 1835
 ... : 61 133 143 131 132 140 169 210 370 694 1096 1464 2068 2897 4045 4751 4119 2919 1844
 ... : 61 133 143 131 132 140 169 210 370 694 1096 1464 2068 2897 4045 4751 4131 2962 1910
 ... : 61 133 143 131 132 140 169 210 370 694 1096 1464 2068 2897 4045 4755 4144 2993 1958
 ... : 61 133 143 131 132 140 169 210 370 694 1096 1469 2082 2922 4074 4774 4148 2993 1958
 ... : 61 133 143 131 132 140 169 210 370 694 1096 1469 2089 2950 4108 4809 4150 2993 1958
 ... : 61 133 143 131 132 140 169 210 370 694 1096 1470 2091 2953 4126 4840 4181 2993 1958
 ... : 61 133 143 131 132 140 169 210 370 694 1096 1470 2093 2961 4137 4862 4218 2993 1958
 ... : 61 133 143 131 132 140 169 210 370 694 1096 1471 2097 2970 4154 4891 4245 3009 1959
 ... : 61 133 143 131 132 140 169 210 370 694 1096 1471 2097 2975 4167 4916 4278 3033 1959
 ... : 61 133 143 131 132 140 169 210 370 694 1096 1471 2097 2978 4182 4940 4317 3050 1959
 ... : 61 133 143 131 132 140 169 210 370 694 1096 1471 2097 2979 4187 4948 4346 3104 1961
 ... : 61 133 143 131 132 140 169 210 370 694 1096 1471 2097 2979 4190 4966 4378 3146 1962
 ... : 61 133 143 131 132 140 169 210 370 694 1096 1471 2097 2979 4191 4974 4403 3191 1972
 ... : 61 133 143 131 132 140 169 210 370 694 1096 1473 2099 2982 4193 4979 4426 3225 2007
 ... : 61 133 143 131 132 140 169 210 370 694 1096 1474 2101 2987 4205 4999 4460 3259 2014
 ... : 61 133 143 131 132 140 169 210 370 694 1096 1474 2101 2987 4203 4998 4471 3293 2076
 ... : 61 133 143 131 132 140 169 210 370 694 1096 1474 2101 2986 4203 5003 4492 3341 2113
 ... : 61 133 143 131 132 140 169 210 370 694 1096 1474 2101 2986 4203 5001 4505 3382 2168
 ... : 61 133 143 131 132 140 169 210 370 694 1096 1474 2101 2986 4203 5005 4512 3414 2217
 ... : 61 133 143 131 132 140 169 210 370 694 1096 1474 2101 2986 4203 5006 4520 3438 2284
 ... : 61 133 143 131 132 140 169 210 370 694 1096 1476 2108 3001 4235 5036 4526 3443 2294
 ... : 61 133 143 131 132 140 169 210 370 694 1096 1476 2108 3007 4252 5066 4565 3458 2294
 ... : 61 133 143 131 132 140 169 210 370 694 1096 1476 2108 3008 4255 5078 4591 3500 2298
 ... : 61 133 143 131 132 140 169 210 370 694 1096 1476 2108 3008 4255 5083 4606 3533 2336
 ... : 61 133 143 131 132 140 169 210 370 694 1096 1476 2108 3008 4255 5085 4618 3570 2374
 ... : 61 133 143 131 132 140 169 210 370 694 1096 1476 2108 3008 4255 5089 4631 3613 2412
 ... : 61 133 143 131 132 140 169 210 370 694 1096 1476 2108 3008 4255 5089 4637 3645 2476
 ... : 61 133 143 131 132 140 169 210 370 694 1096 1476 2109 3009 4261 5111 4656 3672 2489
 ... : 61 133 143 131 132 140 169 210 370 694 1096 1476 2109 3009 4261 5114 4675 3711 2523
 ... : 61 133 143 131 132 140 169 210 370 694 1096 1476 2109 3008 4262 5116 4685 3731 2556
 ... : 61 133 143 131 132 140 169 210 370 694 1096 1476 2109 3008 4268 5120 4701 3754 2573
 ... : 61 133 143 131 132 140 169 210 370 694 1096 1476 2109 3011 4279 5152 4726 3769 2573
 ... : 61 133 143 131 132 140 169 210 370 694 1096 1476 2109 3011 4287 5171 4752 3802 2582
 ... : 61 133 143 131 132 140 169 210 370 694 1096 1476 2109 3012 4296 5185 4765 3828 2612
 ... : 61 133 143 131 132 140 169 210 370 694 1096 1476 2109 3012 4297 5194 4784 3852 2641
 ... : 61 133 143 131 132 140 169 210 370 694 1096 1476 2109 3012 4302 5202 4792 3868 2672
  20 : 61 133 143 131 131 140 168 211 367 692 1098 1469 2093 2975 4175 4935 4366 3468 2312 962
 ... : 61 133 143 131 131 140 168 211 367 692 1098 1469 2093 2975 4162 4951 4387 3470 2312 966
 ... : 61 133 143 131 131 140 168 211 367 692 1098 1470 2095 2969 4165 4962 4405 3470 2312 966
 ... : 61 133 143 131 131 140 168 211 367 692 1098 1470 2088 2961 4166 4973 4438 3481 2312 968
 ... : 61 133 143 131 131 140 168 211 367 692 1098 1470 2088 2957 4162 4961 4442 3518 2313 968
 ... : 61 133 143 131 131 140 168 211 367 692 1098 1470 2088 2957 4170 4970 4456 3539 2325 968
 ... : 61 133 143 131 131 140 168 211 367 692 1098 1470 2088 2957 4172 4971 4469 3567 2342 968
 ... : 61 133 143 131 131 140 168 211 367 692 1098 1470 2088 2957 4175 4997 4520 3603 2342 968
 ... : 61 133 143 131 131 140 168 211 367 692 1098 1470 2088 2957 4176 5008 4548 3643 2362 968
 ... : 61 133 143 131 131 140 168 211 367 692 1098 1470 2088 2957 4187 5030 4567 3651 2388 969
 ... : 61 133 143 131 131 140 168 211 367 692 1098 1470 2088 2957 4190 5041 4594 3685 2394 971
 ... : 61 133 143 131 131 140 168 211 367 692 1098 1470 2088 2957 4190 5042 4599 3724 2456 971
 ... : 61 133 143 131 131 140 168 211 367 692 1098 1470 2087 2956 4190 5034 4609 3753 2491 971
 ... : 61 133 143 131 131 140 168 211 367 692 1098 1470 2087 2957 4188 5039 4625 3780 2520 973
 ... : 61 133 143 131 131 140 168 211 367 692 1098 1470 2087 2957 4183 5033 4630 3795 2569 976
 ... : 61 133 143 131 131 140 168 211 367 692 1098 1470 2087 2952 4135 5018 4672 3834 2579 976
 ... : 61 133 143 131 131 140 168 211 367 692 1098 1470 2087 2952 4135 5020 4686 3876 2628 976
 ... : 61 133 143 131 131 140 168 211 367 692 1098 1470 2087 2952 4132 5011 4711 3907 2655 978
 ... : 61 133 143 131 131 140 168 211 367 692 1098 1470 2087 2952 4132 5013 4722 3944 2707 981
 ... : 61 133 143 131 131 140 168 211 367 692 1098 1470 2087 2952 4132 5015 4728 3953 2745 1033
 ... : 61 133 143 131 131 140 168 211 367 692 1098 1470 2087 2952 4132 5015 4727 3960 2769 1075
 ... : 61 133 143 131 131 140 168 211 367 692 1098 1470 2087 2952 4132 5012 4734 3979 2802 1121
 ... : 61 133 143 131 131 140 168 211 367 692 1098 1470 2087 2952 4131 5011 4737 3985 2835 1184
 ... : 61 133 143 131 131 140 168 211 367 692 1098 1470 2087 2952 4129 5013 4745 4007 2865 1213
 ... : 61 133 143 131 131 140 168 211 367 692 1098 1470 2087 2952 4131 5014 4754 4038 2901 1225
 ... : 61 133 143 131 131 140 168 211 367 692 1098 1470 2087 2952 4131 5015 4758 4060 2936 1257
 ... : 61 133 143 131 131 140 168 211 367 692 1098 1470 2087 2952 4131 5015 4768 4080 2974 1279
 ... : 61 133 143 131 131 140 168 211 367 692 1098 1470 2087 2952 4130 5015 4780 4104 3004 1291
 ... : 61 133 143 131 131 140 168 211 367 692 1098 1470 2087 2952 4130 5015 4788 4122 3039 1320
 ... : 61 133 143 131 131 140 168 211 367 692 1098 1470 2087 2952 4131 5020 4798 4131 3066 1368
 ... : 61 133 143 131 131 140 168 211 367 692 1098 1470 2087 2952 4131 5028 4814 4162 3093 1384
 ... : 61 133 143 131 131 140 168 211 367 692 1098 1470 2087 2952 4131 5030 4821 4186 3125 1417
 ... : 61 133 143 131 131 140 168 211 367 692 1098 1470 2087 2952 4132 5033 4825 4190 3163 1475
 ... : 61 133 143 131 131 140 168 211 367 692 1098 1470 2087 2952 4132 5034 4826 4192 3198 1531
 ... : 61 133 143 131 131 140 168 211 367 692 1098 1470 2087 2952 4131 5036 4848 4228 3230 1547
 ... : 61 133 143 131 131 140 168 211 367 692 1098 1470 2087 2952 4127 5039 4851 4234 3248 1587
 ... : 61 133 143 131 131 140 168 211 367 692 1098 1470 2087 2952 4128 5045 4863 4261 3278 1594
 ... : 61 133 143 131 131 140 168 211 367 692 1098 1470 2088 2952 4128 5046 4867 4276 3303 1629
 ... : 61 133 143 131 131 140 168 211 367 692 1098 1470 2088 2952 4128 5043 4869 4285 3334 1660
 ... : 61 133 143 131 131 140 168 211 367 692 1098 1470 2088 2953 4124 5035 4879 4296 3359 1677
 ... : 61 133 143 131 131 140 168 211 367 692 1098 1470 2088 2950 4123 5034 4876 4304 3378 1682
 ... : 61 133 143 131 131 140 168 211 367 693 1100 1475 2099 2965 4128 5035 4878 4303 3379 1696
 ... : 61 133 143 131 131 140 168 211 367 693 1091 1471 2113 2982 4161 5040 4878 4303 3379 1696
 ... : 61 133 143 131 131 140 168 211 367 693 1091 1475 2121 3001 4183 5086 4878 4303 3381 1698
 ... : 61 133 143 131 131 140 168 211 367 693 1091 1478 2139 3030 4210 5102 4878 4303 3384 1698
