initialized model with 117 latches, 120 inputs and 1 properties
tsim: performed 3 steps
tsim: found cycle from 1
checking bound 0
checking bound 1
checking bound 2
tdecomp: unrolling 2 cycles
tsim: performed 2 steps
tsim: found cycle from 0
tsim: found 1 constants and 0 latch equivalences
tdecomp: (117, 480) -> (116, 355)
   2 : 5 1
   3 : 8 10 0
   4 : 12 22 23 0
 ... : 24 56 73 29
 ... : 30 101 128 35
 ... : 31 105 150 104
   5 : 29 100 149 106 2
   6 : 29 100 149 104 13 1
 ... : 30 112 171 135 42 15
 ... : 30 117 206 188 55 15
 ... : 31 129 240 218 60 15
 ... : 34 145 282 254 64 15
 ... : 39 162 322 312 67 15
 ... : 42 169 360 364 69 15
 ... : 42 180 393 422 72 15
 ... : 42 185 428 489 87 15
 ... : 45 201 470 529 92 15
 ... : 46 199 465 592 132 15
 ... : 46 199 473 650 191 15
 ... : 46 200 481 685 230 15
 ... : 46 199 491 723 280 15
 ... : 47 207 503 769 317 15
 ... : 49 210 513 834 361 15
 ... : 49 219 552 891 386 15
 ... : 49 219 556 948 457 15
 ... : 49 219 560 1001 519 15
 ... : 49 219 563 1023 609 15
 ... : 49 219 563 1049 690 15
 ... : 60 240 607 1097 700 15
 ... : 60 242 614 1150 766 15
 ... : 60 242 622 1211 832 15
 ... : 60 242 624 1245 909 15
 ... : 60 242 624 1245 930 15
 ... : 60 242 624 1250 975 31
 ... : 60 242 624 1253 1040 85
 ... : 60 242 624 1263 1124 103
 ... : 60 242 624 1264 1202 142
 ... : 60 242 624 1262 1267 182
 ... : 60 242 624 1264 1331 228
 ... : 60 242 624 1273 1407 256
 ... : 60 242 624 1278 1480 295
 ... : 60 242 624 1278 1560 331
 ... : 60 242 624 1280 1646 346
 ... : 60 242 624 1279 1693 413
 ... : 60 242 624 1280 1759 467
 ... : 60 242 624 1301 1823 494
 ... : 60 242 626 1307 1894 519
 ... : 60 242 626 1310 1964 568
 ... : 60 242 626 1312 2036 613
 ... : 60 242 625 1348 2105 617
 ... : 60 242 625 1357 2176 660
 ... : 60 242 624 1366 2241 684
 ... : 60 242 624 1361 2307 720
 ... : 60 242 624 1363 2371 777
 ... : 60 242 624 1370 2434 817
 ... : 60 242 624 1370 2498 870
 ... : 60 242 624 1373 2549 947
 ... : 60 242 624 1373 2612 999
 ... : 60 242 624 1379 2684 1044
 ... : 60 242 624 1382 2749 1096
 ... : 60 242 624 1384 2825 1141
 ... : 60 242 624 1384 2887 1214
 ... : 60 242 624 1384 2942 1305
 ... : 60 243 623 1416 2994 1316
 ... : 60 243 624 1433 3060 1345
 ... : 60 243 624 1440 3119 1395
 ... : 60 243 624 1446 3182 1451
 ... : 60 243 627 1462 3238 1479
 ... : 60 243 627 1465 3267 1515
 ... : 60 243 627 1478 3334 1548
 ... : 60 243 627 1479 3362 1642
 ... : 60 243 626 1483 3403 1720
 ... : 60 243 626 1483 3462 1783
 ... : 60 243 626 1483 3509 1838
 ... : 60 243 626 1486 3574 1898
 ... : 60 243 626 1497 3645 1938
 ... : 60 243 626 1498 3713 1989
 ... : 60 243 626 1502 3773 2060
 ... : 60 243 626 1506 3829 2131
 ... : 60 243 626 1512 3890 2195
 ... : 60 243 626 1514 3940 2270
 ... : 60 243 626 1521 4013 2305
 ... : 60 243 626 1522 4070 2384
 ... : 60 243 626 1528 4132 2451
 ... : 60 243 626 1536 4201 2505
 ... : 60 243 632 1572 4264 2522
 ... : 60 243 632 1584 4314 2561
 ... : 60 243 631 1601 4375 2591
 ... : 60 243 631 1605 4425 2661
 ... : 60 243 631 1611 4465 2736
 ... : 60 243 631 1613 4522 2817
 ... : 60 243 632 1615 4549 2875
 ... : 60 243 632 1615 4596 2961
 ... : 60 243 632 1624 4662 3019
 ... : 60 243 632 1626 4732 3066
 ... : 60 243 632 1627 4783 3152
 ... : 60 243 632 1635 4846 3207
 ... : 60 243 632 1642 4893 3295
 ... : 60 243 632 1643 4947 3373
 ... : 60 243 632 1643 4962 3457
 ... : 60 243 632 1642 4984 3559
 ... : 60 243 632 1643 5015 3643
 ... : 60 243 632 1643 5030 3736
 ... : 60 243 632 1644 5060 3826
 ... : 60 243 632 1644 5103 3921
 ... : 60 243 632 1644 5116 4035
 ... : 60 243 632 1644 5163 4121
 ... : 60 243 632 1647 5212 4202
 ... : 60 243 632 1648 5268 4282
 ... : 60 243 632 1649 5318 4373
 ... : 60 243 632 1649 5372 4458
 ... : 60 243 632 1666 5436 4508
 ... : 60 243 632 1669 5495 4585
 ... : 60 243 632 1670 5549 4657
 ... : 60 243 632 1676 5614 4714
 ... : 60 243 632 1679 5680 4776
 ... : 60 243 632 1680 5728 4870
 ... : 60 243 632 1681 5792 4936
 ... : 60 243 632 1682 5852 5010
 ... : 60 243 632 1682 5900 5108
 ... : 60 243 632 1686 5948 5183
 ... : 60 243 632 1687 5989 5281
 ... : 60 243 632 1689 6041 5364
 ... : 60 243 632 1692 6098 5439
 ... : 60 243 632 1692 6150 5522
 ... : 60 243 632 1696 6202 5598
 ... : 60 243 632 1696 6255 5684
 ... : 60 243 632 1701 6311 5759
 ... : 60 243 632 1703 6365 5835
 ... : 60 243 632 1704 6412 5936
 ... : 60 243 632 1706 6443 6025
 ... : 60 243 632 1706 6453 6128
   7 : 60 237 600 1679 6428 6157 4
   8 : 60 237 600 1679 6428 6157 12 0
 ... : 60 237 600 1679 6428 6164 97 18
 ... : 60 237 600 1679 6428 6184 176 22
 ... : 60 237 600 1679 6428 6237 246 23
 ... : 60 237 600 1679 6428 6263 327 28
 ... : 60 237 600 1679 6428 6318 377 28
 ... : 60 237 600 1679 6432 6391 415 28
 ... : 60 237 600 1679 6432 6478 442 28
 ... : 60 237 600 1679 6433 6543 500 28
 ... : 60 237 600 1679 6434 6611 556 28
 ... : 60 237 600 1679 6434 6691 589 28
 ... : 60 237 600 1679 6435 6768 625 28
 ... : 60 237 600 1680 6446 6851 648 28
 ... : 60 237 600 1680 6458 6928 670 28
 ... : 60 237 600 1680 6468 7001 702 28
 ... : 60 237 600 1680 6467 7060 767 28
 ... : 60 237 600 1680 6468 7145 791 28
 ... : 60 237 600 1680 6467 7218 832 28
 ... : 60 237 600 1680 6471 7299 863 28
 ... : 60 237 600 1680 6471 7349 940 28
 ... : 60 237 600 1680 6489 7420 973 28
 ... : 60 237 600 1680 6492 7496 1016 28
 ... : 60 237 600 1680 6493 7571 1066 28
 ... : 60 237 600 1680 6494 7647 1107 28
 ... : 60 237 600 1680 6508 7714 1147 28
 ... : 60 237 600 1680 6511 7796 1177 28
 ... : 60 237 600 1680 6512 7856 1246 28
 ... : 60 237 600 1684 6545 7926 1264 28
 ... : 60 237 600 1686 6565 7995 1298 28
 ... : 60 237 600 1686 6570 8063 1341 28
 ... : 60 237 600 1686 6579 8147 1355 28
 ... : 60 237 600 1686 6584 8214 1407 28
 ... : 60 237 600 1686 6590 8289 1442 28
 ... : 60 237 600 1686 6600 8359 1485 28
 ... : 60 237 600 1686 6605 8436 1523 28
 ... : 60 237 600 1686 6607 8520 1547 28
 ... : 60 237 600 1686 6609 8608 1571 28
 ... : 60 237 600 1686 6627 8681 1596 28
 ... : 60 237 600 1686 6633 8742 1657 28
 ... : 60 237 600 1690 6652 8793 1699 28
 ... : 60 237 600 1691 6664 8867 1727 28
 ... : 60 237 600 1691 6671 8914 1766 28
 ... : 60 237 600 1690 6674 8974 1788 28
 ... : 60 237 600 1690 6678 9056 1815 28
 ... : 60 237 600 1690 6678 9112 1895 28
 ... : 60 237 600 1690 6679 9192 1928 28
 ... : 60 237 600 1690 6680 9269 1971 28
 ... : 60 237 600 1690 6682 9345 2010 28
 ... : 60 237 600 1690 6682 9410 2079 28
 ... : 60 237 600 1690 6693 9480 2124 28
 ... : 60 237 600 1690 6694 9556 2164 28
 ... : 60 237 600 1690 6699 9630 2205 28
 ... : 60 237 600 1690 6705 9710 2237 28
 ... : 60 237 600 1690 6711 9789 2271 28
 ... : 60 237 600 1690 6716 9867 2300 28
 ... : 60 237 600 1690 6720 9942 2337 28
 ... : 60 237 600 1690 6730 10011 2381 28
 ... : 60 237 600 1690 6732 10079 2437 28
 ... : 60 237 600 1690 6733 10153 2488 28
 ... : 60 237 600 1690 6733 10222 2551 28
 ... : 60 237 600 1690 6738 10289 2603 28
 ... : 60 237 600 1690 6754 10363 2630 28
 ... : 60 237 600 1690 6756 10433 2680 28
 ... : 60 237 600 1690 6758 10505 2715 28
 ... : 60 237 600 1690 6759 10587 2748 28
 ... : 60 237 600 1690 6763 10660 2782 28
 ... : 60 237 600 1690 6773 10735 2816 28
 ... : 60 237 600 1690 6777 10816 2852 28
 ... : 60 237 600 1690 6783 10877 2911 28
 ... : 60 237 600 1690 6784 10952 2951 28
 ... : 60 237 600 1690 6786 11030 2982 28
 ... : 60 237 600 1690 6792 11108 3018 28
 ... : 60 237 600 1690 6795 11179 3066 28
 ... : 60 237 600 1690 6796 11248 3117 28
 ... : 60 237 600 1690 6803 11319 3155 28
 ... : 60 237 600 1690 6818 11394 3192 28
 ... : 60 237 600 1690 6839 11463 3216 28
 ... : 60 237 600 1688 6844 11532 3253 28
 ... : 60 237 600 1688 6853 11599 3292 28
 ... : 60 237 600 1688 6859 11666 3347 28
 ... : 60 237 600 1688 6861 11732 3410 28
 ... : 60 237 600 1688 6865 11804 3457 28
 ... : 60 237 600 1688 6869 11865 3502 28
 ... : 60 237 600 1688 6879 11941 3535 28
 ... : 60 237 600 1688 6883 12021 3569 28
 ... : 60 237 600 1688 6887 12084 3629 28
 ... : 60 237 600 1688 6888 12140 3698 28
 ... : 60 237 600 1688 6892 12200 3758 28
 ... : 60 237 600 1688 6894 12275 3805 28
 ... : 60 237 600 1688 6895 12340 3859 28
 ... : 60 237 600 1688 6902 12413 3903 28
 ... : 60 237 600 1688 6907 12490 3933 28
 ... : 60 237 600 1688 6908 12557 3995 28
 ... : 60 237 600 1688 6911 12627 4049 28
 ... : 60 237 600 1688 6913 12690 4117 28
 ... : 60 237 600 1688 6917 12758 4168 28
 ... : 60 237 600 1688 6923 12835 4198 28
 ... : 60 237 600 1688 6942 12910 4226 28
 ... : 60 237 600 1688 6945 12970 4279 28
 ... : 60 237 600 1688 6946 13027 4358 28
 ... : 60 237 600 1688 6949 13098 4408 28
 ... : 60 237 600 1688 6952 13169 4450 28
 ... : 60 237 600 1688 6955 13234 4514 28
 ... : 60 237 600 1688 6962 13301 4571 28
 ... : 60 237 600 1688 6964 13372 4613 28
 ... : 60 237 600 1688 6967 13436 4673 28
 ... : 60 237 600 1688 6968 13488 4760 28
 ... : 60 237 600 1688 6969 13549 4815 28
 ... : 60 237 600 1688 6970 13611 4885 28
 ... : 60 237 600 1688 6978 13680 4932 28
 ... : 60 237 600 1688 6970 13747 4989 28
 ... : 60 237 600 1688 6986 13817 5026 28
