initialized model with 149 latches, 36 inputs and 1 properties
tsim: performed 4 steps
tsim: found cycle from 2
tsim: found 52 constants and 0 latch equivalences
seqsimpl: (149, 36) -> (97, 36)
checking bound 0
checking bound 1
checking bound 2
tdecomp: unrolling 2 cycles
tsim: reached all X state
tsim: performed 2 steps
tdecomp: no improvement found, reverting original model
   2 : 41 7
   3 : 41 25 20
   4 : 41 26 11 18
   5 : 41 26 11 10 19
   6 : 42 28 14 11 14 32
   7 : 42 28 14 11 16 18 41
   8 : 42 28 14 11 16 18 23 53
 ... : 42 28 15 16 22 23 43 91
   9 : 42 28 15 16 24 25 40 50 78
 ... : 43 28 15 16 24 26 44 72 150
  10 : 43 28 15 16 24 27 41 61 75 96
 ... : 43 27 14 16 24 28 42 66 91 137
  11 : 43 27 14 16 24 28 42 61 70 60 111
  12 : 43 27 14 15 20 25 39 61 72 63 51 109
  13 : 43 27 14 15 20 25 39 61 74 65 50 45 105
 ... : 43 27 16 17 23 31 45 70 87 85 64 47 127
 ... : 43 28 17 18 23 32 50 79 96 96 87 59 127
 ... : 43 28 17 18 23 32 50 78 95 92 93 86 167
 ... : 44 28 13 11 13 20 41 73 87 85 83 88 174
  14 : 42 28 15 11 13 17 19 27 34 49 51 46 51 167
  15 : 42 28 15 11 13 17 19 27 34 49 51 46 50 39 143
  16 : 42 28 15 11 13 17 19 27 34 49 51 46 50 43 35 123
  17 : 42 28 15 11 13 17 19 27 34 49 51 46 50 43 34 31 113
  18 : 42 28 15 11 13 17 19 27 34 49 51 45 46 40 37 42 35 123
  19 : 42 28 15 11 13 17 19 27 34 49 51 45 46 40 37 40 34 23 122
  20 : 42 28 15 11 13 17 19 27 34 48 46 40 37 30 24 24 23 21 18 133
  21 : 42 28 15 11 13 17 19 27 34 48 46 40 37 30 24 24 23 21 19 17 119
  22 : 42 28 15 11 13 17 19 27 34 48 46 40 37 30 24 24 23 21 18 15 20 111
 ... : 42 28 15 11 13 17 19 27 34 48 46 40 38 32 28 41 40 35 22 22 28 115
 ... : 42 28 15 11 13 17 19 27 34 48 46 40 38 32 28 38 44 58 57 37 32 117
 ... : 42 28 15 11 13 17 19 27 34 48 46 40 38 32 29 39 48 70 72 56 53 120
 ... : 42 28 15 11 13 17 19 27 34 48 46 40 38 32 29 38 48 67 73 89 79 129
 ... : 42 28 15 11 13 17 19 27 34 48 46 40 38 32 29 37 47 68 73 98 135 147
 ... : 42 28 15 11 13 17 19 27 34 48 46 40 38 32 29 37 47 68 72 97 138 225
 ... : 42 28 15 11 13 17 19 27 34 48 46 40 39 34 32 40 50 71 77 104 163 251
 ... : 42 28 15 11 13 17 19 27 34 47 49 41 38 36 32 36 47 66 70 98 152 237
 ... : 42 28 15 11 13 17 19 27 34 47 49 41 38 37 32 40 53 73 73 99 146 238
 ... : 42 28 15 11 13 17 19 27 34 47 49 41 38 37 33 39 43 53 56 81 133 227
  23 : 42 28 15 11 13 17 19 27 34 47 47 38 33 32 30 37 39 42 40 51 65 91 191
  24 : 42 28 15 11 13 17 19 27 34 47 47 38 33 32 30 37 39 42 40 51 65 89 71 141
 ... : 42 28 15 11 13 17 19 27 34 47 47 38 33 32 30 37 39 42 40 50 63 88 82 182
  25 : 42 28 15 11 13 17 19 27 34 47 47 38 33 32 29 36 38 38 39 46 54 61 64 54 193
  26 : 42 28 15 11 13 17 19 27 34 47 47 38 33 32 29 36 35 33 34 40 52 53 54 45 38 200
  27 : 42 28 15 11 13 17 19 27 34 47 47 38 33 32 29 36 35 33 34 40 52 53 54 45 38 30 174
  28 : 42 28 15 11 13 17 19 27 34 47 47 38 33 32 29 36 35 33 34 40 52 53 54 45 38 30 22 154
  29 : 42 28 15 11 13 17 19 27 34 47 47 38 33 32 29 36 35 33 34 40 52 53 54 44 36 27 19 20 145
 ... : 42 28 15 11 13 17 19 27 34 47 47 38 33 32 29 36 35 33 34 39 52 53 54 44 36 35 39 58 175
 ... : 42 28 15 11 13 17 19 27 34 47 47 38 33 32 29 36 35 33 34 39 52 53 54 44 40 43 49 74 211
 ... : 42 28 15 11 13 17 19 27 34 47 47 38 33 32 29 36 35 33 34 39 52 53 58 52 57 64 69 78 227
 ... : 42 28 15 11 13 17 19 27 34 47 47 38 33 32 29 36 35 33 34 39 52 53 58 53 63 73 86 108 240
 ... : 42 28 15 11 13 17 19 27 34 47 47 38 33 32 29 36 35 33 34 39 52 53 57 52 64 78 85 116 284
 ... : 42 28 15 11 13 17 19 27 34 47 47 38 33 32 29 36 33 31 35 44 61 67 60 51 64 82 87 112 306
 ... : 42 28 15 11 13 17 19 27 34 47 47 38 33 32 29 36 33 31 36 46 65 77 80 57 64 82 87 112 322
 ... : 42 28 15 11 13 17 19 27 34 47 47 38 33 32 29 36 33 30 37 44 60 71 80 68 73 87 90 113 333
 ... : 42 28 15 11 13 17 19 27 34 47 47 38 32 31 28 34 32 30 36 44 60 63 63 67 93 101 99 114 333
 ... : 42 28 15 11 13 17 19 27 34 47 47 38 32 30 27 33 30 29 36 42 58 57 58 51 73 100 106 120 336
 ... : 42 28 15 11 13 17 19 27 34 47 47 38 32 30 27 33 30 28 36 41 57 56 53 49 71 83 116 149 337
 ... : 42 28 15 11 13 17 19 27 34 47 47 38 32 30 27 33 29 28 36 40 56 56 53 47 68 79 97 153 369
 ... : 42 28 15 11 13 17 19 27 34 47 47 38 32 30 26 32 27 25 35 39 53 55 51 41 58 74 98 146 393
  30 : 42 28 15 11 13 17 19 27 34 45 42 34 25 24 20 20 17 11 13 20 22 31 28 16 12 6 4 3 2 350
  31 : 42 28 15 11 13 17 19 27 34 45 42 34 25 24 20 20 17 11 13 20 22 31 28 16 12 6 4 3 2 1 349
  32 : 42 28 15 11 13 17 19 27 34 45 42 34 25 24 20 20 17 11 13 20 22 31 28 16 12 6 4 3 2 1 0 349
completing final invariant with sub-IC3 call...
num_solve_calls = 169307
num_solve_sat_calls = 57349
num_solve_unsat_calls = 4424
num_solve_approx_calls = 101729
num_solve_approx_unsat_calls = 47446
num_solve_conflicts = 87552
num_solve_decisions = 3824119
num_solve_propagations = 41301962
avg_solve_conflicts = 1
avg_solve_decisions = 23
avg_solve_propagations = 244
avg_solve_unsat_decisions = 0.779
stddev_solve_unsat_decisions = 1.372
num_added_cubes = 10359
num_subsumed_cubes = 9408
num_gc_frame = 202
num_reset = 18
num_try_blocking = 82342
get_bad_cube_time = 2.245
rec_block_cube_time = 9.274
propagate_forward_time = 3.460
generalize_model_time = 0.939
generalize_and_push_time = 7.230
try_blocking_time = 12.031
reset_time = 0.135
clausify_time = 0.289
preprocess_time = 0.081
solve_time = 13.529
solve_sat_time = 10.608
solve_unsat_time = 2.921
prove_time = 15.207
memory_used_mb = 10
total_time = 15.293
Safe
