initialized model with 228 latches, 277 inputs and 1 properties
tsim: performed 3 steps
tsim: found cycle from 1
checking bound 0
checking bound 1
checking bound 2
tdecomp: unrolling 2 cycles
tsim: performed 2 steps
tsim: found cycle from 0
tsim: found 1 constants and 0 latch equivalences
tdecomp: (228, 1108) -> (227, 780)
   2 : 3 2
   3 : 3 2 2
   4 : 3 2 1 4
   5 : 3 2 1 5 0
   6 : 3 2 1 6 15 0
   7 : 4 4 4 10 12 7 4
   8 : 4 4 4 10 12 7 6 3
   9 : 4 4 4 10 12 7 4 4 6
  10 : 4 4 4 10 12 7 4 4 2 6
  11 : 4 4 4 10 12 7 4 4 2 7 0
  12 : 4 4 4 10 12 7 4 4 2 8 17 0
 ... : 4 4 4 10 12 7 8 8 9 18 34 27
  13 : 4 4 4 12 18 12 13 8 12 8 18 49 6
  14 : 4 4 4 12 18 12 13 9 13 14 22 42 68 6
  15 : 4 4 4 12 18 12 13 9 13 14 22 42 91 130 9
 ... : 4 4 4 12 18 12 13 9 13 14 23 43 98 152 110
  16 : 4 4 4 12 18 12 13 9 13 14 22 43 98 167 180 34
 ... : 4 4 4 12 18 12 13 9 13 14 22 43 98 170 205 166
 ... : 4 4 4 12 18 12 13 10 14 20 29 48 106 182 216 192
 ... : 5 4 4 13 18 14 15 15 23 27 34 51 112 187 224 200
  17 : 5 4 4 6 14 14 15 15 23 23 35 54 113 171 181 200 120
 ... : 5 4 4 6 14 14 15 15 23 23 35 55 119 178 195 218 182
 ... : 5 4 4 6 14 14 15 15 23 24 36 55 119 179 199 230 281
  18 : 5 4 4 6 14 14 15 15 23 24 36 55 105 171 196 167 206 141
 ... : 5 4 4 6 14 14 15 15 23 24 36 55 105 171 196 171 222 263
  19 : 5 4 4 6 14 14 15 15 23 24 36 55 105 171 196 166 211 262 68
 ... : 5 4 4 6 14 14 15 15 23 24 36 56 108 174 199 185 236 290 89
 ... : 5 4 4 6 14 14 15 15 23 24 36 57 116 181 212 205 253 300 106
 ... : 5 4 4 6 14 14 15 15 23 25 39 58 119 183 217 213 269 315 113
 ... : 5 4 4 6 14 14 15 15 23 25 39 58 119 183 217 224 281 334 160
 ... : 5 4 4 6 14 14 15 15 23 25 39 58 119 183 217 224 282 367 275
 ... : 5 4 4 6 14 14 15 15 23 25 40 59 119 187 218 229 288 382 326
  20 : 5 4 4 6 14 14 15 15 23 25 40 56 117 181 214 211 268 334 315 113
 ... : 5 4 4 6 14 14 15 15 23 25 40 56 117 181 215 215 271 341 337 188
 ... : 5 4 4 6 14 14 15 15 23 25 40 56 117 182 216 216 274 346 365 281
 ... : 5 4 4 6 14 14 15 15 23 25 40 57 119 186 219 231 304 373 376 283
 ... : 5 4 4 6 14 14 15 15 23 25 40 57 119 186 219 244 325 396 391 290
 ... : 5 4 4 6 14 14 15 15 23 25 40 58 126 191 224 251 341 415 396 296
 ... : 5 4 4 6 14 14 15 15 23 25 40 59 135 216 250 266 352 416 396 296
 ... : 5 4 4 6 14 14 15 15 23 25 40 61 142 240 288 290 359 416 396 296
 ... : 5 4 4 6 14 14 15 15 23 25 40 61 145 245 305 330 389 416 396 296
 ... : 5 4 4 6 14 14 15 15 23 25 40 62 146 246 312 347 431 440 397 296
 ... : 5 4 4 6 14 14 15 14 32 44 63 86 153 251 314 348 431 440 397 296
 ... : 5 4 4 6 14 14 15 13 32 49 72 103 180 255 314 348 431 440 397 296
 ... : 5 4 4 6 14 14 15 13 34 50 67 111 195 293 314 348 431 440 397 296
 ... : 5 4 4 6 14 14 15 13 34 53 68 110 203 316 350 348 431 440 397 296
 ... : 5 4 4 6 14 14 15 13 34 55 70 114 210 327 382 359 431 440 397 296
 ... : 5 4 4 6 14 14 15 13 34 55 70 112 207 335 398 407 432 440 397 296
 ... : 5 4 4 6 14 14 15 13 34 55 69 111 208 343 415 442 452 441 397 296
 ... : 5 4 4 6 14 14 15 13 34 56 70 110 207 342 416 461 511 443 397 296
 ... : 5 4 4 6 14 14 15 13 34 56 70 111 208 344 423 479 542 469 398 296
 ... : 5 4 4 6 14 14 15 13 34 56 70 112 211 347 435 498 562 482 400 296
 ... : 5 4 4 6 14 14 15 15 38 68 94 130 215 347 435 498 563 486 400 296
 ... : 5 4 4 6 14 14 15 15 38 70 103 144 248 356 436 498 563 486 400 296
 ... : 6 4 4 6 12 17 16 19 46 88 127 159 248 356 436 498 563 486 400 297
 ... : 6 4 4 6 12 16 16 21 51 95 135 183 266 356 437 498 563 486 400 297
 ... : 6 4 4 6 12 16 16 21 51 95 135 200 300 373 437 498 563 486 400 297
 ... : 6 4 4 6 12 16 16 21 51 96 141 221 317 393 437 498 563 486 400 297
 ... : 6 4 4 6 12 16 16 21 52 100 150 231 345 425 437 498 563 486 400 297
 ... : 6 4 4 6 12 16 16 21 53 101 154 239 370 453 439 498 563 486 400 297
 ... : 6 4 4 6 12 16 16 21 53 102 152 252 394 495 441 498 563 486 400 297
 ... : 6 4 4 6 12 16 16 21 53 105 153 260 400 514 457 499 563 486 400 297
 ... : 6 4 4 6 12 16 16 21 53 105 154 269 406 541 498 500 563 486 400 297
 ... : 6 4 4 6 12 16 16 21 53 104 153 260 398 547 546 502 563 486 400 297
 ... : 6 4 4 6 12 16 16 21 53 104 155 262 407 546 600 511 563 486 400 297
 ... : 6 4 4 6 12 16 16 21 53 104 151 261 408 552 625 549 563 486 400 297
 ... : 6 4 4 6 12 16 16 21 53 104 150 259 408 560 635 601 563 486 400 297
 ... : 6 4 4 6 12 16 16 21 53 104 150 259 407 567 655 648 567 486 400 297
 ... : 6 4 4 6 12 16 16 21 53 104 149 256 406 573 679 707 571 486 400 297
 ... : 6 4 4 6 12 16 16 21 53 104 149 255 405 583 699 736 589 487 400 297
 ... : 6 4 4 6 12 16 16 21 53 104 149 255 404 580 717 771 635 487 400 297
 ... : 6 4 4 6 12 16 16 21 53 104 149 257 408 582 732 803 658 487 400 297
 ... : 6 4 4 6 12 16 16 21 53 104 149 257 408 584 743 839 703 487 400 297
 ... : 6 4 4 6 12 16 16 21 53 104 149 264 418 588 739 852 727 487 400 297
 ... : 6 4 4 6 12 16 16 21 53 104 149 264 414 586 747 882 772 487 400 297
 ... : 6 4 4 6 12 16 16 21 53 104 149 264 414 586 749 911 845 488 400 297
 ... : 6 4 4 6 12 16 16 21 53 104 149 261 410 584 755 919 893 489 400 297
 ... : 6 4 4 6 12 16 16 21 53 104 149 261 407 584 765 930 925 513 401 297
 ... : 6 4 4 6 12 16 16 21 53 104 149 261 406 583 768 935 947 570 403 297
 ... : 6 4 4 6 12 16 16 21 53 104 149 261 406 584 771 935 965 639 404 297
 ... : 6 4 4 6 12 16 16 21 53 104 149 261 406 584 781 954 995 662 406 297
 ... : 6 4 4 6 12 16 16 21 53 104 149 261 406 585 783 963 1023 689 406 297
 ... : 6 4 4 6 12 16 16 21 53 104 149 261 406 587 789 978 1047 727 406 297
 ... : 6 4 4 6 12 16 16 21 53 104 149 261 406 587 790 1002 1094 760 407 297
 ... : 6 4 4 6 12 16 16 21 53 104 149 261 406 587 791 1013 1126 810 411 297
 ... : 6 4 4 6 12 16 16 21 53 104 149 261 406 587 791 1020 1140 875 415 297
 ... : 6 4 4 6 12 16 16 21 53 104 149 261 406 585 793 1027 1167 909 416 297
 ... : 6 4 4 6 12 16 16 21 53 104 151 257 403 584 791 1031 1181 943 416 297
 ... : 6 4 4 6 12 16 16 21 53 104 151 257 403 584 792 1042 1206 991 417 297
 ... : 6 4 4 6 12 16 16 21 53 104 151 257 402 585 791 1046 1213 1049 418 297
 ... : 6 4 4 6 12 16 16 21 53 104 151 257 402 585 790 1043 1219 1123 424 297
 ... : 6 4 4 6 12 16 16 21 53 104 151 257 402 585 790 1051 1235 1142 464 299
 ... : 6 4 4 6 12 16 16 21 53 104 151 255 401 584 787 1053 1251 1166 501 299
 ... : 6 4 4 6 12 16 16 21 53 104 151 255 401 583 786 1053 1260 1182 558 299
 ... : 6 4 4 6 12 16 16 21 53 104 151 255 401 583 786 1055 1266 1206 619 299
 ... : 6 4 4 6 12 16 16 21 53 104 151 255 401 583 785 1059 1277 1232 669 299
 ... : 6 4 4 6 12 16 16 21 53 104 151 255 401 583 786 1063 1291 1254 724 299
 ... : 6 4 4 6 12 16 16 21 53 104 151 255 401 583 786 1073 1306 1276 750 299
 ... : 6 4 4 6 12 16 16 21 53 104 151 255 401 583 787 1080 1323 1290 798 299
 ... : 6 4 4 6 12 16 16 21 53 104 151 255 401 583 787 1084 1328 1308 844 299
 ... : 6 4 4 6 12 16 16 21 53 104 151 255 401 583 785 1085 1349 1339 886 300
 ... : 6 4 4 6 12 16 16 21 53 104 151 255 401 583 783 1083 1355 1360 930 301
 ... : 6 4 4 6 12 16 16 21 53 104 151 255 401 583 783 1084 1360 1380 977 302
 ... : 6 4 4 6 12 16 16 21 53 104 151 255 401 583 783 1087 1364 1384 1048 302
 ... : 6 4 4 6 12 16 16 21 53 104 151 255 401 583 783 1088 1368 1398 1103 302
 ... : 6 4 4 6 12 16 16 21 53 104 151 255 401 583 783 1096 1380 1408 1151 303
 ... : 6 4 4 6 12 16 16 21 53 104 151 255 401 584 785 1104 1402 1426 1180 304
 ... : 6 4 4 6 12 16 16 21 53 104 151 255 401 584 785 1109 1412 1433 1221 304
 ... : 6 4 4 6 12 16 16 21 53 104 151 255 401 584 785 1106 1414 1433 1286 304
 ... : 6 4 4 6 12 16 16 21 53 104 151 255 401 584 785 1108 1422 1434 1338 304
 ... : 6 4 4 6 12 16 16 21 53 104 151 255 401 584 785 1109 1426 1435 1356 358
 ... : 6 4 4 6 12 16 16 21 53 104 151 255 401 584 785 1109 1430 1439 1380 405
 ... : 6 4 4 6 12 16 16 21 53 104 151 254 401 584 784 1109 1433 1449 1403 460
 ... : 6 4 4 6 12 16 16 21 53 104 151 254 401 584 784 1107 1429 1450 1416 498
 ... : 6 4 4 6 12 16 16 21 53 104 151 254 402 585 784 1110 1440 1462 1424 528
 ... : 6 4 4 6 12 16 16 21 53 104 151 254 402 585 784 1111 1446 1475 1435 569
 ... : 6 4 4 6 12 16 16 21 53 104 151 254 402 585 784 1109 1452 1474 1445 600
 ... : 6 4 4 6 12 16 16 21 53 104 151 254 402 585 783 1109 1458 1482 1451 640
 ... : 6 4 4 6 12 16 16 21 53 104 151 254 402 585 783 1109 1459 1488 1449 705
 ... : 6 4 4 6 12 16 16 21 53 104 151 254 402 585 783 1109 1460 1491 1439 797
 ... : 6 4 4 6 12 16 16 21 53 104 151 254 402 585 783 1109 1466 1500 1428 850
 ... : 6 4 4 6 12 16 16 21 53 104 151 254 402 585 784 1109 1469 1507 1437 906
 ... : 6 4 4 6 12 16 16 21 53 104 151 254 402 585 783 1108 1470 1519 1448 955
 ... : 6 4 4 6 12 16 16 21 53 104 151 254 402 585 783 1108 1476 1531 1470 993
 ... : 6 4 4 6 12 16 16 21 53 104 151 254 402 585 783 1108 1486 1547 1486 1028
 ... : 6 4 4 6 12 16 16 21 53 104 151 254 402 585 783 1108 1494 1553 1509 1063
 ... : 6 4 4 6 12 16 16 21 53 104 151 254 402 585 783 1108 1495 1551 1509 1116
 ... : 6 4 4 6 12 16 16 21 53 104 151 254 402 585 783 1108 1499 1556 1496 1171
 ... : 6 4 4 6 12 16 16 21 53 104 151 255 402 585 784 1111 1506 1562 1501 1214
 ... : 6 4 4 6 12 16 16 21 53 104 151 255 402 585 784 1109 1506 1567 1512 1271
  21 : 6 4 4 4 12 16 15 13 49 88 142 221 341 445 639 897 1141 1126 1138 1301 641
 ... : 6 4 4 4 12 16 15 13 49 88 142 221 341 445 639 897 1141 1126 1137 1328 775
  22 : 6 4 4 4 12 16 15 13 49 88 142 221 341 445 639 897 1140 1119 1132 1304 730 116
 ... : 6 4 4 4 12 16 15 13 49 88 142 221 341 445 639 897 1140 1119 1133 1305 771 196
 ... : 6 4 4 4 12 16 15 13 49 88 142 221 341 445 639 897 1140 1118 1133 1307 798 292
 ... : 6 4 4 4 12 16 15 13 49 88 142 221 341 445 639 897 1140 1118 1133 1300 830 405
 ... : 6 4 4 4 12 16 15 13 49 88 142 221 341 445 639 897 1140 1118 1133 1303 861 509
  23 : 6 4 4 4 12 16 15 13 49 88 142 221 341 445 639 893 1138 1119 1106 1276 851 490 151
 ... : 6 4 4 4 12 16 15 13 49 88 142 221 341 445 639 893 1138 1119 1106 1276 852 509 282
 ... : 6 4 4 4 12 16 15 13 49 88 142 221 341 445 639 893 1138 1119 1106 1277 854 538 351
 ... : 6 4 4 4 12 16 15 13 49 88 142 221 341 445 639 893 1138 1119 1106 1277 854 553 493
 ... : 6 4 4 4 12 16 15 13 49 88 142 221 341 445 639 893 1138 1118 1106 1276 852 584 571
  24 : 6 4 4 4 12 16 15 13 49 88 142 221 341 445 639 893 1138 1118 1103 1265 853 547 447 207
 ... : 6 4 4 4 12 16 15 13 49 88 142 221 341 445 639 893 1138 1117 1103 1265 853 553 470 305
 ... : 6 4 4 4 12 16 15 13 49 88 142 221 341 445 639 893 1138 1117 1103 1264 851 556 497 345
 ... : 6 4 4 4 12 16 15 13 49 88 142 221 341 445 639 893 1138 1117 1103 1266 857 561 518 383
 ... : 6 4 4 4 12 16 15 13 49 88 142 221 341 445 639 893 1137 1116 1103 1269 861 571 545 434
 ... : 6 4 4 4 12 16 15 13 49 88 142 221 341 445 639 893 1137 1116 1103 1269 859 570 569 507
  25 : 6 4 4 4 12 16 15 13 49 88 142 221 340 445 634 893 1137 1115 1102 1251 855 534 383 412 380
 ... : 6 4 4 4 12 16 15 13 49 88 142 221 340 445 634 893 1137 1115 1102 1251 855 534 384 429 521
  26 : 6 4 4 4 12 16 15 13 49 88 142 221 340 445 634 893 1137 1115 1101 1248 852 534 384 407 395 242
 ... : 6 4 4 4 12 16 15 13 49 88 142 221 340 445 634 893 1137 1115 1101 1247 859 541 392 420 410 260
 ... : 6 4 4 4 12 16 15 13 49 88 142 221 340 445 634 893 1137 1115 1102 1251 864 549 402 430 433 272
 ... : 6 4 4 4 12 16 15 13 49 88 142 221 340 445 634 893 1137 1115 1102 1252 870 561 414 445 455 289
 ... : 6 4 4 4 12 16 15 13 49 88 142 221 340 445 634 893 1137 1120 1105 1256 874 572 428 467 467 289
 ... : 6 4 4 4 12 16 15 13 49 88 142 221 340 445 634 893 1137 1120 1109 1270 890 589 449 475 467 289
 ... : 6 4 4 4 12 16 15 13 49 88 142 221 340 445 634 893 1137 1120 1111 1271 902 601 465 499 471 290
 ... : 6 4 4 4 12 16 15 13 49 88 142 221 340 445 634 893 1137 1122 1117 1273 915 626 488 510 472 290
 ... : 6 4 4 4 12 16 15 13 49 88 142 221 340 445 634 893 1138 1122 1118 1277 933 647 509 512 472 290
 ... : 6 4 4 4 12 16 15 13 49 88 142 221 340 445 634 893 1139 1123 1119 1289 952 666 522 514 472 290
 ... : 6 4 4 4 12 16 15 13 49 88 142 221 340 445 634 893 1139 1123 1121 1290 976 686 546 514 472 290
 ... : 6 4 4 4 12 16 15 13 49 88 142 221 340 445 634 893 1139 1123 1125 1292 989 701 564 530 474 290
 ... : 6 4 4 4 12 16 15 13 49 88 142 221 340 445 634 893 1139 1123 1125 1291 993 715 583 576 478 290
 ... : 6 4 4 4 12 16 15 13 49 88 142 221 340 445 634 893 1140 1124 1128 1293 998 726 586 605 481 290
 ... : 6 4 4 4 12 16 15 13 49 88 142 221 340 445 634 893 1142 1124 1127 1296 1009 737 608 605 481 290
 ... : 6 4 4 4 12 16 15 13 49 88 142 221 340 445 634 893 1142 1127 1132 1307 1030 742 614 615 481 290
 ... : 6 4 4 4 12 16 15 13 49 88 142 221 340 445 634 893 1142 1128 1136 1310 1038 771 647 627 481 290
 ... : 6 4 4 4 12 16 15 13 49 88 142 221 340 445 634 893 1142 1128 1136 1309 1038 778 653 668 489 290
 ... : 6 4 4 4 12 16 15 13 49 88 142 221 340 445 634 893 1142 1128 1136 1308 1046 786 660 698 505 290
 ... : 6 4 4 4 12 16 15 13 49 88 142 221 340 445 634 893 1142 1131 1144 1317 1064 802 665 699 507 290
 ... : 6 4 4 4 12 16 15 13 49 88 142 221 340 445 634 893 1143 1132 1144 1318 1086 822 693 706 508 290
 ... : 6 4 4 4 12 16 15 13 49 88 142 221 340 445 634 893 1143 1132 1143 1318 1088 828 704 714 509 290
 ... : 6 4 4 4 12 16 15 13 49 88 142 221 340 445 634 893 1143 1132 1146 1317 1091 836 718 728 512 290
 ... : 6 4 4 4 12 16 15 13 49 88 142 221 340 445 634 893 1143 1131 1146 1313 1088 837 727 767 514 290
 ... : 6 4 4 4 12 16 15 13 49 88 142 221 340 445 634 893 1143 1131 1147 1312 1103 859 744 784 519 290
 ... : 6 4 4 4 12 16 15 13 49 88 142 221 340 445 634 893 1143 1130 1145 1306 1111 870 768 796 521 290
 ... : 6 4 4 4 12 16 15 13 49 88 142 221 340 445 634 893 1143 1130 1146 1306 1122 884 792 808 521 290
 ... : 6 4 4 4 12 16 15 13 49 88 142 221 340 445 634 893 1144 1130 1147 1306 1133 902 807 831 527 290
 ... : 6 4 4 4 12 16 15 13 49 88 142 221 340 445 634 893 1144 1130 1147 1306 1145 926 824 841 528 290
 ... : 6 4 4 4 12 16 15 13 49 88 142 221 340 445 634 893 1144 1130 1148 1308 1148 937 851 882 533 290
 ... : 6 4 4 4 12 16 15 13 49 88 142 221 340 445 634 893 1146 1130 1151 1311 1164 954 859 894 533 290
 ... : 6 4 4 4 12 16 15 13 49 88 142 221 340 445 634 893 1146 1130 1153 1317 1193 987 868 896 533 290
 ... : 6 4 4 4 12 16 15 13 49 88 142 221 340 445 634 893 1146 1130 1152 1315 1203 1012 903 899 535 290
 ... : 6 4 4 4 12 16 15 13 49 88 142 221 340 445 634 893 1146 1130 1152 1318 1200 1042 953 900 535 290
 ... : 6 4 4 4 12 16 15 13 49 88 142 221 340 445 634 893 1146 1130 1152 1314 1198 1042 969 939 538 290
 ... : 6 4 4 4 12 16 15 13 49 88 142 221 340 445 634 893 1146 1130 1150 1314 1197 1041 972 944 542 290
 ... : 6 4 4 4 12 16 15 13 49 88 142 221 340 445 634 893 1146 1130 1152 1318 1208 1057 983 948 543 290
 ... : 6 4 4 4 12 16 15 13 49 88 142 221 340 445 634 893 1146 1131 1161 1324 1224 1067 985 953 544 290
 ... : 6 4 4 4 12 16 15 13 49 88 142 221 340 445 634 893 1148 1137 1166 1330 1241 1085 987 953 544 290
 ... : 6 4 4 4 12 16 15 13 49 88 142 221 340 445 634 893 1148 1139 1167 1334 1257 1103 1001 953 544 290
 ... : 6 4 4 4 12 16 15 13 49 88 142 221 340 445 634 893 1149 1141 1170 1339 1268 1120 1013 953 544 290
 ... : 6 4 4 4 12 16 15 13 49 88 142 221 340 445 634 893 1149 1140 1169 1337 1257 1138 1061 956 544 290
 ... : 6 4 4 4 12 16 15 13 49 88 142 221 340 445 634 893 1149 1140 1168 1332 1247 1127 1080 984 545 290
 ... : 6 4 4 4 12 16 15 13 49 88 142 221 340 445 634 893 1149 1140 1170 1332 1253 1136 1094 1017 548 292
 ... : 6 4 4 4 12 16 15 13 49 88 142 221 340 445 634 893 1149 1140 1170 1332 1255 1144 1108 1050 550 292
 ... : 6 4 4 4 12 16 15 13 49 88 142 221 340 445 634 893 1149 1141 1167 1319 1259 1156 1114 1057 550 292
 ... : 6 4 4 4 12 16 15 13 49 88 142 221 340 445 634 893 1149 1141 1167 1316 1251 1143 1133 1088 552 292
 ... : 6 4 4 4 12 16 15 13 49 88 142 221 340 445 634 893 1149 1142 1166 1317 1252 1155 1153 1116 554 292
 ... : 6 4 4 4 12 16 15 13 49 88 142 221 340 445 634 894 1151 1143 1168 1324 1271 1168 1151 1147 557 292
 ... : 6 4 4 4 12 16 15 13 49 88 142 222 340 445 634 897 1153 1145 1174 1330 1284 1185 1152 1149 557 292
 ... : 6 4 4 4 12 16 15 13 49 88 142 222 340 445 634 897 1157 1150 1182 1336 1303 1205 1158 1151 557 292
 ... : 6 4 4 4 12 16 15 13 49 88 142 222 340 445 634 897 1157 1150 1182 1338 1324 1235 1189 1153 557 292
 ... : 6 4 4 4 12 16 15 13 49 88 142 222 340 445 634 897 1157 1150 1183 1342 1334 1234 1219 1156 557 292
 ... : 6 4 4 4 12 16 15 13 49 88 142 222 340 445 634 897 1157 1150 1182 1341 1329 1239 1260 1166 559 292
 ... : 6 4 4 4 12 16 15 13 49 88 142 222 340 445 634 897 1157 1149 1182 1336 1323 1234 1255 1199 565 292
 ... : 6 4 4 4 12 16 15 13 49 88 142 222 340 445 634 897 1156 1149 1185 1335 1337 1241 1259 1235 566 292
 ... : 6 4 4 4 12 16 15 13 49 88 142 222 340 445 634 897 1156 1149 1185 1333 1350 1266 1281 1240 568 292
 ... : 6 4 4 4 12 16 15 13 49 88 142 222 340 445 634 897 1156 1149 1186 1335 1351 1275 1300 1262 575 292
 ... : 6 4 4 4 12 16 15 13 49 88 142 222 340 445 634 897 1156 1151 1183 1328 1348 1276 1300 1297 577 292
 ... : 6 4 4 4 12 16 15 13 49 88 142 222 340 445 634 897 1156 1151 1183 1331 1354 1275 1288 1334 589 292
 ... : 6 4 4 4 12 16 15 13 49 88 142 222 340 445 634 897 1156 1151 1183 1330 1355 1276 1293 1377 599 293
 ... : 6 4 4 4 12 16 15 13 49 88 142 222 340 445 634 897 1156 1151 1183 1332 1356 1272 1282 1384 630 294
 ... : 6 4 4 4 12 16 15 13 49 88 142 222 340 445 634 897 1156 1151 1183 1332 1358 1278 1286 1395 668 294
 ... : 6 4 4 4 12 16 15 13 49 88 142 222 340 445 634 897 1156 1151 1183 1331 1359 1273 1276 1393 697 296
 ... : 6 4 4 4 12 16 15 13 49 88 142 222 340 445 634 897 1156 1151 1183 1330 1356 1263 1254 1387 742 298
 ... : 6 4 4 4 12 16 15 13 49 88 142 222 340 445 634 897 1156 1151 1183 1330 1353 1264 1241 1394 779 298
 ... : 6 4 4 4 12 16 15 13 49 88 142 222 340 445 634 897 1156 1152 1182 1332 1358 1270 1240 1400 796 298
 ... : 6 4 4 4 12 16 15 13 49 88 142 222 340 445 634 897 1155 1153 1189 1344 1375 1292 1244 1400 796 298
 ... : 6 4 4 4 12 16 15 13 49 88 142 222 340 445 634 897 1154 1156 1192 1348 1371 1294 1269 1399 796 298
 ... : 6 4 4 4 12 16 15 13 49 88 142 222 340 445 634 897 1153 1158 1191 1350 1361 1300 1303 1399 794 298
 ... : 6 4 4 4 12 16 15 13 49 88 142 222 340 445 634 897 1153 1160 1190 1349 1348 1286 1312 1402 795 298
 ... : 6 4 4 4 12 16 15 13 49 88 142 222 340 445 634 897 1153 1160 1190 1349 1347 1266 1304 1438 795 298
 ... : 6 4 4 4 12 16 15 13 49 88 142 222 340 445 634 897 1153 1160 1190 1346 1353 1254 1306 1453 796 298
 ... : 6 4 4 4 12 16 15 13 49 88 142 222 340 445 634 897 1153 1160 1190 1346 1351 1240 1300 1473 800 298
 ... : 6 4 4 4 12 16 15 13 49 88 142 222 340 445 634 897 1153 1163 1193 1344 1339 1236 1298 1473 800 298
 ... : 6 4 4 4 12 16 15 13 49 88 142 222 340 445 634 897 1153 1162 1192 1340 1319 1203 1283 1475 806 298
 ... : 6 4 4 4 12 16 15 13 49 88 142 222 340 445 634 897 1153 1161 1190 1335 1308 1178 1275 1483 808 298
 ... : 6 4 4 4 12 16 15 13 49 88 142 222 340 445 634 897 1153 1161 1188 1333 1304 1177 1269 1483 832 298
 ... : 6 4 4 4 12 16 15 13 49 88 142 222 340 445 634 897 1153 1161 1188 1332 1304 1183 1278 1493 852 298
 ... : 6 4 4 4 12 16 15 13 49 88 142 222 340 445 634 897 1153 1160 1188 1332 1300 1181 1275 1495 875 298
 ... : 6 4 4 4 12 16 15 13 49 88 142 222 340 445 634 897 1153 1160 1188 1330 1295 1184 1263 1509 906 298
 ... : 6 4 4 4 12 16 15 13 49 88 142 222 340 445 634 897 1153 1159 1187 1329 1291 1179 1237 1473 954 299
 ... : 6 4 4 4 12 16 15 13 49 88 142 222 340 445 634 897 1153 1159 1187 1329 1292 1176 1230 1474 996 299
 ... : 6 4 4 4 12 16 15 13 49 88 142 222 340 445 634 897 1153 1159 1187 1330 1289 1167 1224 1472 1026 299
 ... : 6 4 4 4 12 16 15 13 49 88 142 222 340 445 634 897 1153 1159 1187 1329 1288 1164 1206 1482 1095 299
 ... : 6 4 4 4 12 16 15 13 49 88 142 222 340 445 634 897 1153 1159 1188 1331 1285 1154 1192 1473 1116 300
 ... : 6 4 4 4 12 16 15 13 49 88 142 222 340 445 634 897 1153 1159 1188 1331 1295 1163 1202 1493 1143 301
 ... : 6 4 4 4 12 16 15 13 49 88 142 222 340 445 634 897 1153 1159 1188 1331 1298 1162 1198 1498 1196 301
 ... : 6 4 4 4 12 16 15 13 49 88 142 222 340 445 634 897 1153 1159 1188 1331 1297 1156 1180 1502 1241 301
 ... : 6 4 4 4 12 16 15 13 49 88 142 222 340 445 634 897 1153 1159 1188 1331 1295 1150 1170 1480 1296 304
 ... : 6 4 4 4 12 16 15 13 49 88 142 222 340 445 634 897 1153 1159 1188 1330 1293 1143 1158 1465 1341 305
 ... : 6 4 4 4 12 16 15 13 49 88 142 222 340 445 634 897 1153 1159 1188 1330 1291 1139 1149 1452 1403 305
 ... : 6 4 4 4 12 16 15 13 49 88 142 222 340 445 634 897 1153 1159 1188 1330 1287 1132 1132 1444 1453 305
 ... : 6 4 4 4 12 16 15 13 49 88 142 222 340 445 634 897 1153 1159 1187 1326 1284 1130 1119 1433 1523 306
 ... : 6 4 4 4 12 16 15 13 49 88 142 222 340 445 634 897 1153 1159 1187 1326 1283 1129 1117 1434 1568 323
 ... : 6 4 4 4 12 16 15 13 49 88 142 222 340 445 634 897 1153 1159 1185 1325 1283 1129 1116 1433 1587 410
 ... : 6 4 4 4 12 16 15 13 49 88 142 222 340 445 634 897 1153 1159 1185 1326 1280 1122 1108 1415 1599 461
 ... : 6 4 4 4 12 16 15 13 49 88 142 222 340 445 634 897 1153 1159 1185 1326 1279 1117 1101 1400 1619 547
 ... : 6 4 4 4 12 16 15 13 49 88 142 222 340 445 634 897 1153 1159 1185 1326 1277 1114 1082 1367 1615 591
 ... : 6 4 4 4 12 16 15 13 49 88 142 222 340 445 634 897 1153 1158 1183 1325 1275 1112 1070 1349 1620 621
 ... : 6 4 4 4 12 16 15 13 49 88 142 222 340 445 634 897 1153 1157 1182 1325 1273 1109 1051 1322 1607 668
 ... : 6 4 4 4 12 16 15 13 49 88 142 222 340 445 634 897 1153 1157 1182 1324 1272 1106 1044 1304 1613 740
 ... : 6 4 4 4 12 16 15 13 49 88 142 222 340 445 634 897 1153 1157 1182 1324 1272 1100 1034 1286 1624 776
 ... : 6 4 4 4 12 16 15 13 49 88 142 222 340 445 634 897 1153 1157 1182 1324 1273 1096 1033 1280 1635 829
 ... : 6 4 4 4 12 16 15 13 49 88 142 222 340 445 634 897 1153 1157 1182 1324 1271 1092 1020 1251 1630 897
 ... : 6 4 4 4 12 16 15 13 49 88 142 222 340 445 634 897 1153 1157 1182 1324 1269 1091 1019 1251 1640 976
 ... : 6 4 4 4 12 16 15 13 49 88 142 222 340 445 634 897 1153 1157 1182 1324 1269 1085 1005 1235 1633 1029
 ... : 6 4 4 4 12 16 15 13 49 88 142 222 340 445 634 897 1153 1156 1181 1323 1266 1083 998 1227 1644 1098
 ... : 6 4 4 4 12 16 15 13 49 88 142 222 340 445 634 897 1152 1156 1181 1323 1266 1083 991 1214 1636 1147
 ... : 6 4 4 4 12 16 15 13 49 88 142 222 340 445 634 897 1152 1156 1181 1323 1266 1081 991 1218 1646 1187
 ... : 6 4 4 4 12 16 15 13 49 88 142 222 340 445 634 897 1152 1156 1181 1323 1266 1076 985 1201 1629 1271
  27 : 6 4 4 4 12 16 15 13 49 88 142 222 340 442 635 894 1123 1077 1072 1057 1023 836 577 609 812 1076 1173
  28 : 6 4 4 4 12 16 15 13 49 88 142 222 340 442 635 894 1123 1077 1072 1057 1023 836 577 609 811 1070 855 410
 ... : 6 4 4 4 12 16 15 13 49 88 142 222 340 442 635 894 1123 1077 1072 1057 1023 836 577 609 813 1076 898 478
 ... : 6 4 4 4 12 16 15 13 49 88 142 222 340 442 635 894 1123 1077 1072 1057 1023 836 577 608 808 1068 945 537
 ... : 6 4 4 4 12 16 15 13 49 88 142 222 340 442 635 894 1123 1077 1072 1057 1023 836 577 608 807 1061 984 621
  29 : 6 4 4 4 12 16 15 13 49 88 142 222 340 442 635 894 1123 1077 1072 1057 1023 836 576 603 780 977 926 688 160
 ... : 6 4 4 4 12 16 15 13 49 88 142 222 340 442 635 894 1123 1077 1072 1057 1023 836 576 603 780 977 924 738 240
 ... : 6 4 4 4 12 16 15 13 49 88 142 222 340 442 635 894 1123 1077 1072 1057 1023 836 576 603 780 977 924 791 310
 ... : 6 4 4 4 12 16 15 13 49 88 142 222 340 442 635 894 1123 1077 1072 1057 1023 836 576 603 780 977 924 845 385
 ... : 6 4 4 4 12 16 15 13 49 88 142 222 340 442 635 894 1123 1077 1072 1057 1023 836 576 603 780 977 925 891 473
  30 : 6 4 4 4 12 16 15 13 49 88 142 222 340 442 635 894 1123 1077 1072 1057 1023 836 576 603 778 977 919 856 560 105
 ... : 6 4 4 4 12 16 15 13 49 88 142 222 340 442 635 894 1123 1077 1072 1057 1023 838 576 604 775 970 918 864 582 144
 ... : 6 4 4 4 12 16 15 13 49 88 142 222 340 442 635 894 1123 1077 1072 1057 1023 838 576 604 775 971 921 870 613 210
 ... : 6 4 4 4 12 16 15 13 49 88 142 222 340 442 635 894 1123 1077 1072 1057 1023 838 576 604 775 968 918 870 646 259
 ... : 6 4 4 4 12 16 15 13 49 88 142 222 340 442 635 894 1123 1077 1072 1057 1023 838 576 604 776 968 919 873 686 308
 ... : 6 4 4 4 12 16 15 13 49 88 142 222 340 442 635 894 1123 1077 1072 1057 1023 838 576 604 776 968 919 875 730 378
 ... : 6 4 4 4 12 16 15 13 49 88 142 222 340 442 635 894 1123 1077 1072 1057 1023 838 576 604 776 968 919 875 769 454
 ... : 6 4 4 4 12 16 15 13 49 88 142 222 340 442 635 894 1123 1077 1072 1057 1023 838 576 604 776 968 919 875 784 584
  31 : 6 4 4 4 12 16 15 13 49 88 142 222 340 442 635 894 1123 1077 1072 1057 1021 838 576 600 773 913 788 859 780 505 199
 ... : 6 4 4 4 12 16 15 13 49 88 142 222 340 442 635 894 1123 1077 1072 1057 1021 838 576 600 773 913 788 859 780 542 278
 ... : 6 4 4 4 12 16 15 13 49 88 142 222 340 442 635 894 1123 1077 1072 1057 1021 838 576 600 773 913 788 859 786 575 325
 ... : 6 4 4 4 12 16 15 13 49 88 142 222 340 442 635 894 1123 1077 1072 1057 1021 836 571 598 769 905 785 856 784 592 379
 ... : 6 4 4 4 12 16 15 13 49 88 142 222 340 442 635 894 1123 1077 1072 1057 1021 836 571 598 769 905 785 856 785 617 467
 ... : 6 4 4 4 12 16 15 13 49 88 142 222 340 442 635 894 1123 1077 1072 1057 1021 836 571 598 769 905 785 856 787 636 564
  32 : 6 4 4 4 12 16 15 13 49 88 142 222 340 442 635 894 1123 1077 1072 1057 1021 836 570 596 760 896 790 863 781 575 388 295
 ... : 6 4 4 4 12 16 15 13 49 88 142 222 340 442 635 894 1123 1077 1072 1057 1021 836 570 596 760 894 790 867 786 582 416 336
 ... : 6 4 4 4 12 16 15 13 49 88 142 222 340 442 635 894 1123 1077 1072 1057 1021 836 570 596 760 894 790 864 783 580 444 379
 ... : 6 4 4 4 12 16 15 13 49 88 142 222 340 442 635 894 1123 1077 1072 1057 1021 836 570 596 760 894 789 863 780 576 474 416
 ... : 6 4 4 4 12 16 15 13 49 88 142 222 340 442 635 894 1123 1077 1072 1057 1021 836 570 596 760 894 789 861 776 576 504 462
 ... : 6 4 4 4 12 16 15 13 49 88 142 222 340 442 635 894 1123 1077 1072 1057 1021 836 570 596 760 894 789 861 776 572 542 526
  33 : 6 4 4 4 12 16 15 13 49 88 142 222 340 442 635 894 1123 1077 1072 1057 1021 835 569 596 760 895 775 827 763 564 466 448 275
 ... : 6 4 4 4 12 16 15 13 49 88 142 222 340 442 635 894 1123 1077 1072 1057 1021 835 569 596 760 895 777 826 763 563 467 458 344
 ... : 6 4 4 4 12 16 15 13 49 88 142 222 340 442 635 894 1123 1077 1072 1057 1021 835 569 596 760 895 784 832 767 569 476 467 374
 ... : 6 4 4 4 12 16 15 13 49 88 142 222 340 442 635 894 1123 1077 1072 1057 1021 835 569 596 760 895 784 832 767 569 482 488 431
 ... : 6 4 4 4 12 16 15 13 49 88 142 222 340 442 635 894 1123 1077 1072 1057 1021 835 569 596 760 900 795 843 779 577 492 499 437
 ... : 6 4 4 4 12 16 15 13 49 88 142 222 340 442 635 894 1123 1077 1072 1057 1021 835 569 596 758 898 793 848 786 588 512 503 437
 ... : 6 4 4 4 12 16 15 13 49 88 142 222 340 442 635 894 1123 1077 1072 1057 1021 835 569 596 758 898 794 852 790 601 538 520 438
 ... : 6 4 4 4 12 16 15 13 49 88 142 222 340 442 635 894 1123 1077 1072 1057 1021 835 569 596 758 896 797 863 803 608 551 533 438
 ... : 6 4 4 4 12 16 15 13 49 88 142 222 340 442 635 894 1123 1077 1072 1057 1021 835 569 596 759 907 827 894 819 608 551 533 438
 ... : 6 4 4 4 12 16 15 13 49 88 142 222 340 442 635 894 1123 1077 1072 1057 1021 835 569 596 759 906 830 909 856 631 551 534 438
 ... : 6 4 4 4 12 16 15 13 49 88 142 222 340 442 635 894 1123 1077 1072 1058 1022 836 570 595 756 898 839 923 861 639 551 534 438
 ... : 6 4 4 4 12 16 15 13 49 88 142 222 340 442 635 894 1123 1077 1072 1058 1022 836 570 595 751 894 848 943 880 639 551 534 438
 ... : 6 4 4 4 12 16 15 13 49 88 142 222 340 442 635 894 1123 1077 1072 1058 1022 836 570 595 752 889 848 950 902 646 554 536 438
 ... : 6 4 4 4 12 16 15 13 49 88 142 222 340 442 635 894 1123 1077 1072 1058 1022 836 570 595 752 887 858 967 925 679 554 538 438
 ... : 6 4 4 4 12 16 15 13 49 88 142 222 340 442 635 894 1123 1077 1072 1058 1022 836 570 595 752 882 856 968 933 715 558 538 438
 ... : 6 4 4 4 12 16 15 13 49 88 142 222 340 442 635 894 1123 1077 1072 1058 1022 836 570 595 750 885 864 986 957 722 559 539 438
 ... : 6 4 4 4 12 16 15 13 49 88 142 222 340 442 635 894 1123 1077 1072 1058 1022 836 570 594 747 883 881 1010 971 727 559 539 438
 ... : 6 4 4 4 12 16 15 13 49 88 142 222 340 442 635 894 1123 1077 1072 1058 1022 836 570 594 747 880 875 1025 1007 730 559 539 438
 ... : 6 4 4 4 12 16 15 13 49 88 142 222 340 442 635 894 1123 1077 1072 1058 1022 836 569 590 740 868 883 1047 1020 738 559 540 438
 ... : 6 4 4 4 12 16 15 13 49 88 142 222 340 442 635 894 1123 1077 1072 1058 1022 836 569 591 740 870 885 1055 1044 742 561 540 439
 ... : 6 4 4 4 12 16 15 13 49 88 142 222 340 442 635 894 1123 1077 1072 1058 1022 836 568 590 738 873 885 1075 1070 742 561 540 439
 ... : 6 4 4 4 12 16 15 13 49 88 142 222 340 442 635 894 1123 1077 1072 1058 1022 836 568 590 738 868 884 1081 1103 775 561 540 439
 ... : 6 4 4 4 12 16 15 13 49 88 142 222 340 442 635 894 1123 1077 1072 1058 1022 834 566 589 739 874 900 1103 1117 782 561 540 439
 ... : 6 4 4 4 12 16 15 13 49 88 142 222 340 442 635 894 1123 1077 1072 1058 1022 834 566 589 739 872 907 1113 1146 794 561 540 440
 ... : 6 4 4 4 12 16 15 13 49 88 142 222 340 442 635 894 1123 1077 1072 1058 1022 834 566 588 737 864 913 1129 1166 794 561 540 440
 ... : 6 4 4 4 12 16 15 13 49 88 142 222 340 442 635 894 1123 1077 1072 1058 1022 834 566 588 737 864 924 1136 1180 819 559 541 440
 ... : 6 4 4 4 12 16 15 13 49 88 142 222 340 442 635 894 1123 1077 1072 1058 1022 834 565 588 736 869 936 1155 1202 820 559 541 440
 ... : 6 4 4 4 12 16 15 13 49 88 142 222 340 442 635 894 1123 1077 1072 1058 1022 834 565 588 736 865 936 1154 1216 863 563 541 440
 ... : 6 4 4 4 12 16 15 13 49 88 142 222 340 442 635 894 1123 1077 1072 1058 1022 834 565 586 732 863 942 1168 1237 869 563 541 440
 ... : 6 4 4 4 12 16 15 13 49 88 142 222 340 442 635 894 1123 1077 1072 1058 1022 834 565 586 732 864 945 1183 1244 898 563 541 440
 ... : 6 4 4 4 12 16 15 13 49 88 142 222 340 442 635 894 1123 1077 1072 1058 1022 834 565 586 732 861 939 1173 1255 950 566 541 440
 ... : 6 4 4 4 12 16 15 13 49 88 142 222 340 442 635 894 1123 1077 1072 1058 1022 834 565 586 732 861 940 1183 1278 983 567 541 440
 ... : 6 4 4 4 12 16 15 13 49 88 142 222 340 442 635 894 1123 1077 1072 1058 1022 834 565 586 732 857 938 1190 1305 1019 568 541 440
 ... : 6 4 4 4 12 16 15 13 49 88 142 222 340 442 635 894 1123 1077 1072 1058 1022 834 565 586 730 854 959 1214 1318 1034 572 541 440
 ... : 6 4 4 4 12 16 15 13 49 88 142 222 340 442 635 894 1123 1077 1072 1058 1022 834 564 584 729 853 985 1245 1317 1034 572 541 440
 ... : 6 4 4 4 12 16 15 13 49 88 142 222 340 442 635 894 1123 1077 1072 1058 1022 834 564 584 729 854 997 1271 1336 1034 572 541 440
 ... : 6 4 4 4 12 16 15 13 49 88 142 222 340 442 635 894 1123 1077 1072 1058 1022 834 564 584 729 860 1008 1284 1356 1035 572 541 440
 ... : 6 4 4 4 12 16 15 13 49 88 142 222 340 442 635 894 1123 1077 1072 1058 1022 834 564 584 729 864 1013 1304 1381 1035 572 541 441
 ... : 6 4 4 4 12 16 15 13 49 88 142 222 340 442 635 894 1123 1077 1072 1058 1022 834 564 584 730 872 1032 1323 1411 1036 572 541 441
 ... : 6 4 4 4 12 16 15 13 49 88 142 222 340 442 635 894 1123 1077 1072 1058 1022 834 564 586 731 878 1043 1345 1423 1037 572 541 441
 ... : 6 4 4 4 12 16 15 13 49 88 142 222 340 442 635 894 1123 1077 1072 1058 1022 833 564 586 731 884 1040 1358 1454 1038 572 541 441
 ... : 6 4 4 4 12 16 15 13 49 88 142 222 340 442 635 894 1123 1077 1072 1058 1022 833 564 585 728 877 1033 1352 1468 1062 572 541 441
 ... : 6 4 4 4 12 16 15 13 49 88 142 222 340 442 635 894 1123 1077 1072 1058 1022 833 564 585 728 877 1036 1361 1492 1087 572 543 441
 ... : 6 4 4 4 12 16 15 13 49 88 142 222 340 442 635 894 1123 1077 1072 1058 1022 833 564 585 728 873 1035 1366 1519 1138 573 543 441
 ... : 6 4 4 4 12 16 15 13 49 88 142 222 340 442 635 894 1123 1077 1072 1058 1022 833 564 586 728 871 1035 1373 1524 1160 576 543 441
 ... : 6 4 4 4 12 16 15 13 49 88 142 222 340 442 635 894 1123 1077 1072 1058 1022 833 563 586 728 868 1027 1368 1536 1187 578 543 441
 ... : 6 4 4 4 12 16 15 13 49 88 142 222 340 442 635 894 1123 1076 1072 1058 1022 833 563 586 728 866 1020 1358 1541 1228 580 543 441
 ... : 6 4 4 4 12 16 15 13 49 88 142 222 340 442 635 894 1123 1076 1072 1058 1022 833 563 585 726 865 1020 1361 1556 1256 580 543 441
 ... : 6 4 4 4 12 16 15 13 49 88 142 222 340 442 635 894 1123 1076 1072 1058 1022 833 563 585 725 861 1026 1373 1577 1273 584 543 441
 ... : 6 4 4 4 12 16 15 13 49 88 142 222 340 442 635 894 1123 1076 1072 1058 1022 833 563 585 727 861 1022 1375 1586 1326 584 543 442
 ... : 6 4 4 4 12 16 15 13 49 88 142 222 340 442 635 894 1123 1076 1072 1058 1022 833 563 585 727 860 1020 1374 1583 1375 593 548 442
 ... : 6 4 4 4 12 16 15 13 49 88 142 222 340 442 635 894 1123 1076 1072 1058 1022 833 563 585 727 860 1019 1375 1587 1390 635 553 442
 ... : 6 4 4 4 12 16 15 13 49 88 142 222 340 442 635 894 1123 1076 1072 1058 1022 833 563 585 725 860 1018 1371 1583 1402 656 557 442
 ... : 6 4 4 4 12 16 15 13 49 88 142 222 340 442 635 894 1123 1076 1072 1058 1022 833 563 585 725 858 1019 1371 1584 1422 681 561 442
 ... : 6 4 4 4 12 16 15 13 49 88 142 222 340 442 635 894 1123 1076 1072 1058 1022 833 563 585 725 858 1017 1371 1593 1440 716 567 442
 ... : 6 4 4 4 12 16 15 13 49 88 142 222 340 442 635 894 1123 1076 1072 1058 1022 833 563 585 725 857 1017 1372 1601 1463 764 576 443
 ... : 6 4 4 4 12 16 15 13 49 88 142 222 340 442 635 894 1123 1076 1072 1058 1022 833 563 585 725 856 1012 1369 1603 1476 793 577 443
 ... : 6 4 4 4 12 16 15 13 49 88 142 222 340 442 635 894 1123 1076 1072 1058 1022 833 563 585 725 855 1008 1360 1606 1489 809 578 443
 ... : 6 4 4 4 12 16 15 13 49 88 142 222 340 442 635 894 1123 1076 1072 1058 1022 833 563 585 725 855 1011 1363 1614 1505 844 581 443
 ... : 6 4 4 4 12 16 15 13 49 88 142 222 340 442 635 894 1123 1076 1072 1058 1021 833 563 585 725 854 1015 1373 1624 1521 864 585 443
 ... : 6 4 4 4 12 16 15 13 49 88 142 222 340 442 635 894 1123 1076 1072 1058 1021 833 563 585 725 853 1012 1367 1626 1543 892 586 443
 ... : 6 4 4 4 12 16 15 13 49 88 142 222 340 442 635 894 1123 1076 1072 1058 1021 833 563 585 724 850 1005 1363 1626 1554 921 591 443
 ... : 6 4 4 4 12 16 15 13 49 88 142 222 340 442 635 894 1123 1076 1072 1058 1021 833 563 585 724 852 1007 1366 1636 1564 947 592 443
 ... : 6 4 4 4 12 16 15 13 49 88 142 222 340 442 635 894 1123 1076 1072 1058 1021 832 562 584 721 851 994 1363 1642 1581 960 592 443
 ... : 6 4 4 4 12 16 15 13 49 88 142 222 340 442 635 894 1123 1076 1072 1058 1021 832 562 584 721 851 990 1353 1636 1584 993 593 443
 ... : 6 4 4 4 12 16 15 13 49 88 142 222 340 442 635 894 1123 1076 1072 1058 1021 832 562 584 721 854 990 1359 1646 1598 1017 593 443
 ... : 6 4 4 4 12 16 15 13 49 88 142 222 340 442 635 894 1123 1076 1072 1058 1021 832 562 584 721 854 988 1357 1642 1606 1049 595 443
 ... : 6 4 4 4 12 16 15 13 49 88 142 222 340 442 635 894 1123 1076 1072 1058 1021 832 562 584 720 851 986 1351 1641 1603 1071 597 445
 ... : 6 4 4 4 12 16 15 13 49 88 142 222 340 442 635 894 1123 1076 1072 1058 1021 832 562 584 720 851 985 1345 1637 1604 1116 599 445
 ... : 6 4 4 4 12 16 15 13 49 88 142 222 340 442 635 894 1123 1076 1072 1058 1021 832 562 584 720 851 982 1343 1624 1612 1145 604 445
 ... : 6 4 4 4 12 16 15 13 49 88 142 222 340 442 635 894 1123 1076 1072 1058 1021 832 562 584 720 851 981 1343 1623 1619 1180 617 447
 ... : 6 4 4 4 12 16 15 13 49 88 142 222 340 442 635 894 1123 1076 1072 1058 1021 832 562 584 720 852 980 1342 1620 1607 1237 622 447
 ... : 6 4 4 4 12 16 15 13 49 88 142 222 340 442 635 894 1123 1076 1072 1058 1021 832 562 584 720 852 979 1342 1630 1620 1262 629 447
 ... : 6 4 4 4 12 16 15 13 49 88 142 222 340 442 635 894 1123 1076 1072 1058 1021 832 562 584 720 851 977 1341 1628 1634 1305 631 447
 ... : 6 4 4 4 12 16 15 13 49 88 142 222 340 442 635 894 1123 1076 1072 1058 1021 832 562 584 720 850 975 1336 1632 1641 1337 634 447
 ... : 6 4 4 4 12 16 15 13 49 88 142 222 340 442 635 894 1123 1076 1072 1058 1021 832 562 584 720 849 974 1336 1627 1635 1404 639 447
 ... : 6 4 4 4 12 16 15 13 49 88 142 222 340 442 635 894 1123 1076 1072 1058 1021 832 562 584 720 849 972 1335 1632 1634 1435 641 447
 ... : 6 4 4 4 12 16 15 13 49 88 142 222 340 442 635 894 1123 1076 1072 1058 1021 832 562 584 720 849 971 1335 1626 1623 1493 652 447
 ... : 6 4 4 4 12 16 15 13 49 88 142 222 340 442 635 894 1123 1076 1072 1058 1021 832 562 584 720 850 966 1331 1628 1622 1538 659 447
 ... : 6 4 4 4 12 16 15 13 49 88 142 222 340 442 635 894 1123 1076 1072 1058 1021 832 562 584 720 850 966 1330 1622 1602 1591 672 447
 ... : 6 4 4 4 12 16 15 13 49 88 142 222 340 442 635 894 1123 1076 1072 1058 1021 832 562 584 720 850 966 1329 1622 1610 1606 718 447
 ... : 6 4 4 4 12 16 15 13 49 88 142 222 340 442 635 894 1123 1076 1072 1058 1021 832 562 584 720 850 965 1331 1624 1610 1610 770 447
 ... : 6 4 4 4 12 16 15 13 49 88 142 222 340 442 635 894 1123 1076 1072 1058 1021 832 562 584 720 850 963 1328 1624 1613 1620 807 449
 ... : 6 4 4 4 12 16 15 13 49 88 142 222 340 442 635 894 1123 1076 1072 1058 1021 832 562 584 720 850 963 1328 1621 1609 1621 857 451
 ... : 6 4 4 4 12 16 15 13 49 88 142 222 340 442 635 894 1123 1076 1072 1058 1021 832 562 584 720 850 963 1326 1615 1592 1629 897 454
 ... : 6 4 4 4 12 16 15 13 49 88 142 222 340 442 635 894 1123 1076 1072 1058 1021 832 562 584 720 850 962 1327 1615 1583 1624 971 457
 ... : 6 4 4 4 12 16 15 13 49 88 142 222 340 442 635 894 1123 1076 1072 1058 1021 832 562 584 720 850 962 1326 1613 1572 1632 1041 458
 ... : 6 4 4 4 12 16 15 13 49 88 142 222 340 442 635 894 1123 1076 1072 1058 1021 832 562 584 720 849 960 1324 1610 1573 1639 1092 460
 ... : 6 4 4 4 12 16 15 13 49 88 142 222 340 442 635 894 1123 1076 1072 1058 1021 832 562 584 720 849 960 1324 1608 1564 1643 1152 462
 ... : 6 4 4 4 12 16 15 13 49 88 142 222 340 442 635 894 1123 1076 1072 1058 1021 832 562 584 720 849 960 1321 1606 1551 1632 1198 463
 ... : 6 4 4 4 12 16 15 13 49 88 142 222 340 442 635 894 1123 1076 1072 1058 1021 832 562 584 720 849 960 1321 1603 1539 1633 1272 467
 ... : 6 4 4 4 12 16 15 13 49 88 142 222 340 442 635 894 1123 1076 1072 1058 1021 832 562 584 720 849 960 1321 1601 1521 1622 1336 469
 ... : 6 4 4 4 12 16 15 13 49 88 142 222 340 442 635 894 1123 1076 1072 1058 1021 832 562 584 720 849 960 1320 1598 1510 1614 1386 473
 ... : 6 4 4 4 12 16 15 13 49 88 142 222 340 442 635 894 1123 1076 1072 1058 1021 832 562 584 720 849 960 1320 1597 1505 1611 1431 475
 ... : 6 4 4 4 12 16 15 13 49 88 142 222 340 442 635 894 1123 1076 1072 1058 1021 832 562 584 720 849 959 1317 1594 1498 1607 1491 475
 ... : 6 4 4 4 12 16 15 13 49 88 142 222 340 442 635 894 1123 1076 1072 1058 1021 832 562 584 720 849 958 1315 1588 1497 1602 1557 477
 ... : 6 4 4 4 12 16 15 13 49 88 142 222 340 442 635 894 1123 1076 1072 1058 1021 832 562 584 720 849 958 1315 1587 1492 1589 1629 481
 ... : 6 4 4 4 12 16 15 13 49 88 142 222 340 442 635 894 1123 1076 1072 1058 1021 832 562 584 720 849 958 1314 1584 1491 1591 1691 484
 ... : 6 4 4 4 12 16 15 13 49 88 142 222 340 442 635 894 1123 1076 1072 1058 1021 832 562 584 720 849 958 1312 1580 1485 1569 1760 488
 ... : 6 4 4 4 12 16 15 13 49 88 142 222 340 442 635 894 1123 1076 1072 1058 1021 832 562 584 720 849 958 1310 1576 1476 1546 1794 502
 ... : 6 4 4 4 12 16 15 13 49 88 142 222 340 442 635 894 1123 1076 1072 1058 1021 832 562 584 720 849 958 1309 1577 1477 1537 1800 582
 ... : 6 4 4 4 12 16 15 13 49 88 142 222 340 442 635 894 1123 1076 1072 1058 1021 832 562 584 720 849 958 1309 1577 1476 1516 1806 669
 ... : 6 4 4 4 12 16 15 13 49 88 142 222 340 442 635 894 1123 1076 1072 1058 1021 832 562 584 720 849 958 1309 1577 1475 1516 1817 720
 ... : 6 4 4 4 12 16 15 13 49 88 142 222 340 442 635 894 1123 1076 1072 1058 1021 832 562 584 720 847 957 1308 1576 1475 1509 1822 773
 ... : 6 4 4 4 12 16 15 13 49 88 142 222 340 442 635 894 1123 1076 1072 1058 1021 832 562 584 720 847 957 1308 1576 1472 1498 1836 820
 ... : 6 4 4 4 12 16 15 13 49 88 142 222 340 442 635 894 1123 1076 1072 1058 1021 832 562 584 720 847 957 1308 1575 1475 1495 1845 876
 ... : 6 4 4 4 12 16 15 13 49 88 142 222 340 442 635 894 1123 1076 1072 1058 1021 832 562 584 720 847 957 1308 1575 1471 1477 1848 935
 ... : 6 4 4 4 12 16 15 13 49 88 142 222 340 442 635 894 1123 1076 1072 1058 1021 832 562 584 720 847 957 1307 1573 1467 1465 1856 993
 ... : 6 4 4 4 12 16 15 13 49 88 142 222 340 442 635 894 1123 1076 1072 1058 1021 832 562 584 720 847 957 1306 1572 1462 1452 1848 1042
 ... : 6 4 4 4 12 16 15 13 49 88 142 222 340 442 635 894 1123 1076 1072 1058 1021 832 562 584 720 847 957 1306 1571 1454 1438 1854 1095
 ... : 6 4 4 4 12 16 15 13 49 88 142 222 340 442 635 894 1123 1076 1072 1058 1021 832 562 584 720 847 957 1306 1570 1450 1430 1844 1152
 ... : 6 4 4 4 12 16 15 13 49 88 142 222 340 442 635 894 1123 1076 1072 1058 1021 832 562 584 720 847 957 1308 1568 1446 1423 1852 1186
 ... : 6 4 4 4 12 16 15 13 49 88 142 222 340 442 635 894 1123 1076 1072 1058 1021 832 562 584 720 847 957 1308 1568 1454 1423 1858 1233
 ... : 6 4 4 4 12 16 15 13 49 88 142 222 340 442 635 894 1123 1076 1072 1058 1021 832 562 584 720 847 957 1308 1568 1450 1408 1840 1305
 ... : 6 4 4 4 12 16 15 13 49 88 142 222 340 442 635 894 1123 1076 1072 1058 1021 832 562 584 720 847 958 1311 1573 1455 1411 1838 1346
 ... : 6 4 4 4 12 16 15 13 49 88 142 222 340 442 635 894 1123 1076 1072 1058 1021 832 562 584 720 847 958 1311 1573 1454 1415 1833 1414
 ... : 6 4 4 4 12 16 15 13 49 88 142 222 340 442 635 894 1123 1076 1072 1058 1021 832 562 584 720 847 959 1310 1572 1457 1416 1836 1455
 ... : 6 4 4 4 12 16 15 13 49 88 142 222 340 442 635 894 1123 1076 1072 1058 1021 832 562 584 720 847 959 1310 1572 1458 1415 1837 1535
 ... : 6 4 4 4 12 16 15 13 49 88 142 222 340 442 635 894 1123 1076 1072 1058 1021 832 562 584 720 847 959 1310 1571 1459 1410 1821 1602
 ... : 6 4 4 4 12 16 15 13 49 88 142 222 340 442 635 894 1123 1076 1072 1058 1021 832 562 584 720 847 959 1309 1570 1458 1401 1818 1683
 ... : 6 4 4 4 12 16 15 13 49 88 142 222 340 442 635 894 1123 1076 1072 1058 1021 832 562 584 720 847 958 1306 1569 1452 1389 1789 1752
  34 : 6 4 4 4 12 16 15 13 49 88 142 222 340 442 635 894 1123 1071 1072 1055 1015 832 544 565 665 632 664 990 1347 1044 878 983 1570 1357
 ... : 6 4 4 4 12 16 15 13 49 88 142 222 340 442 635 894 1123 1071 1072 1055 1015 832 544 565 665 632 664 990 1347 1043 877 982 1603 1460
  35 : 6 4 4 4 12 16 15 13 49 88 142 222 340 442 635 894 1123 1071 1072 1055 1015 832 544 565 665 632 663 991 1345 1038 880 979 1524 1171 374
 ... : 6 4 4 4 12 16 15 13 49 88 142 222 340 442 635 894 1123 1071 1072 1055 1015 832 544 565 665 632 663 991 1343 1036 880 976 1521 1191 494
 ... : 6 4 4 4 12 16 15 13 49 88 142 222 340 442 635 894 1123 1071 1072 1055 1015 832 544 565 665 632 663 991 1342 1035 874 968 1520 1222 579
 ... : 6 4 4 4 12 16 15 13 49 88 142 222 340 442 635 894 1123 1071 1072 1055 1015 832 544 565 665 632 663 991 1342 1034 871 965 1518 1249 646
 ... : 6 4 4 4 12 16 15 13 49 88 142 222 340 442 635 894 1123 1071 1072 1055 1015 832 544 565 665 632 663 991 1342 1034 871 963 1515 1281 719
 ... : 6 4 4 4 12 16 15 13 49 88 142 222 340 442 635 894 1123 1071 1072 1055 1015 832 544 565 665 632 663 991 1342 1034 871 962 1502 1319 797
  36 : 6 4 4 4 12 16 15 13 49 88 142 222 340 442 635 894 1123 1071 1072 1055 1015 832 544 565 664 632 663 989 1343 1033 856 875 1387 1091 743 469
 ... : 6 4 4 4 12 16 15 13 49 88 142 222 340 442 635 894 1123 1071 1072 1055 1015 832 544 565 664 632 663 989 1343 1033 856 875 1387 1092 763 586
 ... : 6 4 4 4 12 16 15 13 49 88 142 222 340 442 635 894 1123 1071 1072 1055 1015 832 544 565 664 632 663 989 1343 1033 856 875 1387 1090 772 676
  37 : 6 4 4 4 12 16 15 13 49 88 142 222 340 442 635 894 1123 1071 1072 1055 1015 832 544 565 664 632 663 988 1343 1033 854 876 1386 1069 677 436 482
 ... : 6 4 4 4 12 16 15 13 49 88 142 222 340 442 635 894 1123 1071 1072 1055 1015 832 544 565 664 632 663 988 1344 1033 852 876 1386 1070 684 452 585
 ... : 6 4 4 4 12 16 15 13 49 88 142 222 340 442 635 894 1123 1071 1072 1055 1015 832 544 565 664 632 663 988 1344 1033 852 876 1386 1073 690 484 646
 ... : 6 4 4 4 12 16 15 13 49 88 142 222 340 442 635 894 1123 1071 1072 1055 1015 832 544 565 664 632 663 988 1344 1033 852 877 1385 1072 686 498 691
  38 : 6 4 4 4 12 16 15 13 49 88 142 222 340 442 635 894 1123 1071 1072 1055 1015 832 544 565 664 632 663 988 1343 1033 850 872 1362 975 591 431 424 513
 ... : 6 4 4 4 12 16 15 13 49 88 142 222 340 442 635 894 1123 1071 1072 1055 1015 832 544 565 664 632 663 988 1343 1033 850 872 1362 975 592 433 444 606
 ... : 6 4 4 4 12 16 15 13 49 88 142 222 340 442 635 894 1123 1071 1072 1055 1015 832 544 565 664 632 663 988 1342 1032 848 870 1360 970 587 434 458 640
  39 : 6 4 4 4 12 16 15 13 49 88 142 222 340 442 635 894 1123 1071 1072 1055 1015 832 544 565 664 632 663 988 1342 1032 848 870 1360 955 539 445 413 423 363
 ... : 6 4 4 4 12 16 15 13 49 88 142 222 340 442 635 894 1123 1071 1072 1055 1015 832 544 565 664 632 663 988 1342 1032 848 870 1360 955 539 445 415 432 451
 ... : 6 4 4 4 12 16 15 13 49 88 142 222 340 442 635 894 1123 1071 1072 1055 1015 832 544 565 664 632 663 988 1342 1032 848 870 1360 955 539 445 409 446 533
 ... : 6 4 4 4 12 16 15 13 49 88 142 222 340 442 635 894 1123 1071 1072 1055 1015 832 544 565 664 632 663 988 1342 1032 848 870 1360 955 539 445 408 442 618
  40 : 6 4 4 4 12 16 15 13 49 88 142 222 340 442 635 894 1123 1071 1072 1055 1015 832 544 565 664 632 662 988 1343 1032 848 870 1360 953 535 443 394 365 366 427
 ... : 6 4 4 4 12 16 15 13 49 88 142 222 340 442 635 894 1123 1071 1072 1055 1015 832 544 565 664 632 662 988 1343 1032 848 870 1360 953 535 443 394 357 385 500
 ... : 6 4 4 4 12 16 15 13 49 88 142 222 340 442 635 894 1123 1071 1072 1055 1015 832 544 565 664 632 662 988 1343 1032 848 870 1358 953 535 443 394 355 367 605
  41 : 6 4 4 4 12 16 15 13 49 88 142 222 340 442 635 894 1123 1071 1072 1055 1015 832 544 565 664 632 662 988 1343 1032 848 870 1349 951 537 445 388 340 281 311 433
 ... : 6 4 4 4 12 16 15 13 49 88 142 222 340 442 635 894 1123 1071 1072 1055 1015 832 544 565 664 632 662 988 1343 1032 848 870 1349 951 537 447 385 338 281 324 457
 ... : 6 4 4 4 12 16 15 13 49 88 142 222 340 442 635 894 1123 1071 1072 1055 1015 832 544 565 664 632 662 988 1343 1032 848 870 1349 951 537 447 385 331 265 337 522
 ... : 6 4 4 4 12 16 15 13 49 88 142 222 340 442 635 894 1123 1071 1072 1055 1015 832 544 565 664 632 662 988 1343 1032 848 870 1349 951 537 447 382 328 245 334 590
  42 : 6 4 4 4 12 16 15 13 49 88 142 222 340 442 635 894 1123 1071 1072 1055 1015 832 544 565 664 632 662 988 1343 1032 848 869 1348 952 537 435 383 316 195 154 216 674
