initialized model with 507 latches, 514 inputs and 1 properties
tsim: performed 3 steps
tsim: found cycle from 1
checking bound 0
checking bound 1
checking bound 2
tdecomp: unrolling 2 cycles
tsim: performed 2 steps
tsim: found cycle from 0
tsim: found 1 constants and 0 latch equivalences
tdecomp: (507, 2056) -> (506, 1533)
   2 : 2 0
   3 : 2 3 0
   4 : 3 15 23 0
   5 : 3 17 32 31 0
 ... : 8 48 79 50 30
 ... : 8 49 91 116 83
   6 : 8 51 97 156 152 0
 ... : 8 51 99 166 200 77
 ... : 8 51 99 174 253 130
   7 : 8 51 99 174 253 139 0
 ... : 8 51 99 179 275 172 70
 ... : 8 51 105 199 325 205 75
 ... : 8 51 105 200 351 266 118
 ... : 8 51 105 200 356 314 185
   8 : 8 51 105 200 356 328 217 0
 ... : 8 51 105 205 365 335 245 62
 ... : 8 51 105 214 401 372 254 62
 ... : 8 51 105 214 423 424 303 62
 ... : 8 51 106 218 434 456 366 71
 ... : 8 51 108 238 455 445 364 77
 ... : 8 64 139 280 489 456 364 77
 ... : 8 65 153 327 559 456 364 77
 ... : 8 65 153 336 593 539 364 77
 ... : 8 65 153 338 621 614 384 77
 ... : 8 65 153 338 622 624 488 77
 ... : 8 65 153 338 622 631 535 159
 ... : 8 65 155 357 640 645 552 203
 ... : 8 65 155 362 665 703 605 203
 ... : 8 65 155 362 665 712 650 280
 ... : 8 65 155 362 665 723 691 346
 ... : 8 65 155 362 669 743 733 400
 ... : 8 65 155 362 671 764 771 445
 ... : 8 65 155 362 671 769 824 525
   9 : 8 65 155 362 672 779 837 585 0
 ... : 8 65 155 367 688 812 855 591 19
 ... : 8 65 155 367 690 826 907 629 19
 ... : 8 65 155 369 696 846 933 671 25
 ... : 8 65 155 372 718 869 961 681 25
 ... : 8 65 155 371 737 904 986 690 25
 ... : 8 65 155 373 742 913 996 724 25
 ... : 8 65 155 373 743 922 1017 744 25
 ... : 8 65 155 375 749 932 1025 774 57
 ... : 8 65 155 375 754 942 1027 755 105
 ... : 8 65 155 375 754 942 1025 770 177
 ... : 8 65 155 375 756 954 1040 793 230
 ... : 8 65 155 375 756 954 1069 814 276
 ... : 8 65 155 376 758 967 1102 871 284
 ... : 8 65 156 392 787 993 1112 871 284
 ... : 11 83 178 408 793 997 1131 871 284
 ... : 11 83 183 424 827 1045 1169 871 284
 ... : 11 83 183 424 834 1061 1210 915 284
 ... : 11 83 183 424 834 1063 1225 999 284
 ... : 11 84 190 438 837 1064 1226 1022 341
 ... : 11 84 190 439 871 1101 1267 1034 341
 ... : 11 84 190 439 871 1101 1282 1085 393
 ... : 11 84 190 439 871 1101 1283 1089 491
 ... : 11 84 190 439 871 1101 1292 1136 554
 ... : 11 84 190 439 875 1109 1309 1189 579
  10 : 11 84 190 439 875 1109 1309 1210 652 0
 ... : 11 84 190 439 875 1109 1310 1225 697 51
 ... : 11 84 190 439 875 1109 1314 1246 745 90
 ... : 11 84 190 439 875 1109 1314 1251 786 168
 ... : 11 84 190 439 875 1109 1318 1281 824 184
