initialized model with 197 latches, 38 inputs and 1 properties
tsim: performed 5 steps
tsim: found cycle from 3
tsim: found 89 constants and 0 latch equivalences
seqsimpl: (197, 38) -> (108, 38)
checking bound 0
checking bound 1
checking bound 2
tdecomp: unrolling 2 cycles
tsim: reached all X state
tsim: performed 2 steps
tdecomp: no improvement found, reverting original model
   2 : 30 0
   3 : 30 34 0
   4 : 30 34 2 1
   5 : 30 34 2 2 0
   6 : 30 34 2 0 3 0
completing final invariant with sub-IC3 call...
num_solve_calls = 1604
num_solve_sat_calls = 706
num_solve_unsat_calls = 82
num_solve_approx_calls = 804
num_solve_approx_unsat_calls = 196
num_solve_conflicts = 601
num_solve_decisions = 61999
num_solve_propagations = 1606480
avg_solve_conflicts = 1
avg_solve_decisions = 39
avg_solve_propagations = 1002
avg_solve_unsat_decisions = 0.073
stddev_solve_unsat_decisions = 0.378
num_added_cubes = 83
num_subsumed_cubes = 14
num_gc_frame = 9
num_reset = 0
num_try_blocking = 751
get_bad_cube_time = 0.150
rec_block_cube_time = 0.058
propagate_forward_time = 0.046
generalize_model_time = 0.077
generalize_and_push_time = 0.047
try_blocking_time = 0.103
reset_time = 0.000
clausify_time = 0.103
preprocess_time = 0.007
solve_time = 0.242
solve_sat_time = 0.149
solve_unsat_time = 0.093
prove_time = 0.373
memory_used_mb = 9
total_time = 0.426
Safe
