initialized model with 254 latches, 312 inputs and 1 properties
tsim: performed 3 steps
tsim: found cycle from 1
checking bound 0
checking bound 1
checking bound 2
tdecomp: unrolling 2 cycles
tsim: performed 2 steps
tsim: found cycle from 0
tsim: found 1 constants and 0 latch equivalences
tdecomp: (254, 1248) -> (253, 876)
 ... : 200
 ... : 401
 ... : 602
   2 : 664 0
 ... : 672 184
 ... : 672 385
 ... : 680 569
 ... : 680 770
 ... : 689 953
 ... : 691 1150
 ... : 693 1347
 ... : 711 1492
 ... : 711 1693
 ... : 721 1872
 ... : 721 2073
 ... : 725 2265
 ... : 725 2466
 ... : 725 2667
 ... : 725 2868
 ... : 729 3060
 ... : 732 3254
 ... : 732 3455
 ... : 732 3656
 ... : 732 3857
 ... : 733 4056
 ... : 733 4257
 ... : 733 4458
 ... : 739 4642
 ... : 740 4841
 ... : 742 5038
 ... : 747 5227
 ... : 747 5428
 ... : 749 5623
 ... : 749 5824
 ... : 749 6025
 ... : 749 6226
 ... : 749 6427
 ... : 749 6628
 ... : 749 6829
 ... : 749 7029
 ... : 751 7225
 ... : 753 7421
 ... : 753 7622
 ... : 753 7823
 ... : 753 8024
 ... : 754 8223
 ... : 754 8424
 ... : 755 8623
 ... : 758 8818
 ... : 758 9019
 ... : 758 9220
 ... : 763 9411
 ... : 763 9612
 ... : 765 9807
 ... : 765 10008
 ... : 768 10203
 ... : 768 10403
 ... : 769 10602
 ... : 771 10799
 ... : 771 11000
 ... : 777 11189
 ... : 779 11386
 ... : 779 11587
 ... : 788 11765
 ... : 788 11966
 ... : 788 12167
 ... : 789 12362
 ... : 790 12561
