initialized model with 228 latches, 259 inputs and 1 properties
tsim: performed 3 steps
tsim: found cycle from 1
checking bound 0
checking bound 1
checking bound 2
tdecomp: unrolling 2 cycles
tsim: performed 2 steps
tsim: found cycle from 0
tsim: found 1 constants and 0 latch equivalences
tdecomp: (228, 1036) -> (227, 744)
   2 : 2 0
   3 : 2 1 1
   4 : 2 1 1 1
   5 : 3 2 2 2 0
   6 : 3 2 2 2 2 2
   7 : 3 2 2 2 2 2 1
   8 : 5 5 5 5 5 6 2 0
   9 : 5 5 5 5 5 6 2 1 1
  10 : 5 5 5 5 5 6 2 1 1 1
  11 : 5 5 5 5 5 6 2 1 1 1 1
  12 : 5 5 5 5 5 6 2 1 1 1 1 0
  13 : 5 5 5 5 5 6 2 1 1 1 1 1 0
  14 : 5 5 5 5 5 6 2 1 1 1 1 1 1 1
  15 : 5 5 5 5 5 6 2 1 1 1 1 1 1 1 0
  16 : 5 5 5 5 5 6 2 1 1 1 1 1 1 1 1 1
  17 : 5 5 5 5 5 6 2 1 1 1 1 1 1 4 2 1 0
  18 : 5 5 5 5 5 6 2 1 1 1 1 1 1 4 2 1 1 1
  19 : 5 5 5 5 5 6 2 1 1 1 1 1 1 4 2 1 1 1 0
  20 : 5 5 5 5 5 6 2 1 1 1 1 1 1 4 2 1 1 1 1 1
 ... : 6 5 5 7 5 7 8 5 7 6 4 5 3 1 2 3 2 2 2 1
 ... : 6 5 6 6 6 8 9 9 10 10 7 8 8 7 12 10 15 12 8 2
  21 : 6 5 6 5 6 8 7 9 9 8 7 7 5 5 7 9 13 13 9 7 5
  22 : 6 5 6 5 6 8 7 9 9 8 7 7 5 5 7 9 13 13 9 7 4 3
  23 : 6 5 6 5 6 8 7 9 9 8 7 7 5 5 7 9 13 13 9 7 4 2 1
  24 : 6 5 6 5 6 8 7 9 9 8 7 7 5 5 7 9 13 13 9 7 4 2 2 1
  25 : 6 5 6 5 6 8 7 9 9 8 7 7 5 5 7 9 13 13 9 7 4 2 2 1 0
  26 : 6 5 6 5 6 8 7 9 9 8 7 7 5 5 7 9 13 13 9 7 4 2 2 1 1 1
  27 : 6 5 6 5 6 8 7 9 9 8 7 7 5 5 7 9 13 13 9 7 4 2 2 1 1 1 0
  28 : 6 5 6 5 6 8 7 9 9 8 7 7 5 5 7 9 13 13 9 7 4 2 2 1 1 1 1 1
  29 : 6 5 6 5 6 8 7 9 9 8 7 7 5 5 7 9 13 13 9 7 4 2 2 1 2 1 1 1 1
  30 : 6 5 6 5 6 8 7 9 9 8 7 7 5 5 7 9 13 13 9 7 4 2 2 1 2 1 1 1 1 0
  31 : 6 5 6 5 6 8 7 9 9 8 7 7 5 5 7 9 13 13 9 7 4 2 2 1 2 1 1 1 1 1 1
 ... : 6 5 6 5 6 8 8 13 11 11 8 9 6 7 8 11 13 16 10 11 7 2 2 4 4 5 2 1 3 1 1
 ... : 6 5 6 5 6 8 8 13 12 11 9 10 6 7 8 12 15 19 12 14 9 7 6 10 9 11 9 10 9 9 6
  32 : 6 5 6 5 6 8 8 12 13 11 9 10 6 7 8 12 15 13 12 12 10 9 6 6 5 7 5 6 5 5 8 5
  33 : 6 5 6 5 6 8 8 12 13 11 9 10 6 7 8 12 15 13 12 12 10 9 6 6 5 7 5 6 5 5 8 3 4
  34 : 6 5 6 5 6 8 8 12 13 11 9 10 6 7 8 12 15 13 12 12 10 9 6 6 5 7 5 6 5 5 8 4 6 4
  35 : 6 5 6 5 6 8 8 12 13 11 9 10 6 7 8 12 15 13 12 12 10 9 6 6 5 7 5 6 5 5 8 4 6 7 2
  36 : 6 5 6 5 6 8 8 12 13 11 9 10 6 7 8 12 15 13 12 12 10 9 6 6 5 7 5 6 5 5 8 5 7 6 8 4
  37 : 6 5 6 5 6 8 8 12 13 11 9 10 6 7 8 12 15 13 12 12 10 9 6 6 5 7 5 6 5 5 8 5 7 5 6 9 0
 ... : 6 5 6 5 6 8 8 12 13 11 9 10 6 7 8 12 15 13 12 13 10 10 8 8 7 10 8 9 6 10 17 27 23 15 8 11 12
 ... : 6 5 6 5 6 8 8 12 13 11 9 10 6 7 8 12 15 13 12 14 12 11 9 11 9 12 12 13 10 15 23 33 35 27 21 23 27
  38 : 6 5 6 5 6 8 8 12 13 11 9 10 6 7 8 12 15 13 12 14 12 9 8 10 10 11 10 12 11 15 25 33 34 24 18 22 30 4
 ... : 6 5 6 5 6 8 8 12 13 11 9 10 6 7 8 12 16 13 12 14 12 11 9 12 11 12 12 15 14 19 33 46 48 41 34 32 31 6
  39 : 6 5 6 5 6 8 8 12 13 11 9 10 6 7 8 12 16 13 12 14 11 11 9 12 11 12 11 16 11 18 37 46 51 41 38 38 50 28 5
  40 : 6 5 6 5 6 8 8 12 13 11 9 10 6 7 8 12 16 13 12 14 11 11 9 12 11 12 11 16 11 18 37 46 51 41 38 38 51 30 8 2
  41 : 6 5 6 5 6 8 8 12 13 11 9 10 6 7 8 12 16 13 12 14 11 11 9 12 11 12 11 16 11 18 37 46 51 41 38 38 51 30 8 11 2
 ... : 6 5 6 5 6 8 8 12 13 11 9 10 6 8 10 14 19 15 15 16 13 14 11 15 13 14 14 19 13 22 40 43 51 42 37 40 51 30 10 12 4
 ... : 6 5 6 5 6 8 8 12 13 11 9 10 6 8 10 14 19 15 15 16 13 14 11 15 14 15 16 19 13 22 39 47 55 49 42 47 65 45 16 13 4
  42 : 6 5 6 5 6 8 8 12 13 11 9 10 6 7 9 15 20 15 15 16 12 13 10 14 14 15 15 20 14 20 20 21 35 42 45 36 36 37 23 17 27 51
  43 : 6 5 6 5 6 8 8 12 13 11 9 10 6 7 9 15 20 15 15 16 12 13 10 14 14 15 15 20 14 20 20 21 35 42 45 36 36 37 23 17 27 34 19
 ... : 6 5 6 5 6 8 8 12 13 11 9 10 6 7 9 15 20 15 15 16 12 13 10 14 14 15 15 20 14 20 20 25 46 53 60 45 43 42 25 17 31 48 23
 ... : 6 5 6 5 6 8 8 12 13 12 11 12 8 10 11 17 24 18 18 19 14 15 13 16 17 17 18 22 17 22 22 29 52 57 60 46 48 47 29 21 33 48 23
 ... : 6 5 6 5 6 8 8 12 13 12 11 12 8 10 11 17 21 16 18 19 16 15 13 17 18 19 20 24 20 23 23 29 55 61 62 48 55 52 30 21 33 48 23
 ... : 6 5 6 5 6 8 8 12 13 12 11 12 8 9 12 19 22 17 20 21 18 17 15 20 19 21 22 27 22 23 22 28 55 61 64 50 55 58 41 32 36 48 23
 ... : 6 5 6 5 6 8 8 12 13 12 11 12 8 9 12 19 22 16 19 20 16 17 16 20 20 21 23 28 22 27 28 36 64 69 72 56 65 62 41 32 36 48 23
 ... : 6 5 6 5 6 8 8 12 13 12 11 12 8 9 12 19 22 16 19 20 16 17 15 20 19 21 23 28 21 27 30 39 67 74 72 59 66 66 50 41 58 59 23
  44 : 6 5 6 5 6 8 8 12 13 11 10 12 9 9 11 19 21 16 19 20 15 15 13 17 15 19 20 25 21 23 29 33 57 68 46 51 70 60 48 39 44 42 46 77
  45 : 6 5 6 5 6 8 8 12 13 11 10 12 9 9 11 19 21 16 19 20 15 15 13 17 15 19 20 25 21 23 29 33 57 68 46 51 70 60 48 39 44 42 46 62 16
  46 : 6 5 6 5 6 8 8 12 13 11 10 12 9 9 11 19 21 16 19 20 15 15 13 17 15 19 20 25 21 23 29 33 57 68 46 51 70 60 48 39 44 42 46 61 10 11
 ... : 6 5 6 5 6 8 8 12 13 11 10 12 9 9 11 19 21 18 21 22 19 17 17 20 17 23 22 31 25 29 33 39 64 69 46 51 70 60 48 39 45 42 47 64 10 14
 ... : 6 5 6 5 6 8 8 12 13 11 10 12 9 9 11 19 21 18 21 22 19 17 17 20 17 22 21 31 25 30 34 36 65 77 54 61 82 71 62 53 55 46 48 64 10 14
  47 : 6 5 6 5 6 8 8 12 13 11 10 12 9 9 11 19 21 18 21 20 17 17 18 20 18 21 22 27 25 26 37 37 62 77 53 58 77 71 59 51 60 54 57 59 41 31 42
  48 : 6 5 6 5 6 8 8 12 13 11 10 12 9 9 11 19 21 18 21 20 17 17 18 20 18 21 22 27 25 26 37 37 62 77 53 58 77 71 59 51 60 54 57 59 41 31 42 3
 ... : 6 5 6 5 6 8 8 12 13 11 10 12 9 9 11 19 21 18 21 20 17 17 18 20 18 21 22 27 25 26 37 37 62 77 54 60 79 75 66 64 74 71 73 79 48 34 43 5
 ... : 6 5 6 5 6 8 8 12 13 11 10 12 9 9 11 19 21 18 21 20 17 17 18 20 18 21 22 27 25 26 37 37 63 81 59 66 82 79 71 71 83 75 73 76 57 45 59 23
 ... : 6 5 6 5 6 8 8 12 13 11 10 12 9 9 11 19 21 18 21 20 17 17 18 20 18 21 22 27 25 26 38 39 65 83 62 69 83 83 73 72 85 81 90 92 76 61 61 23
  49 : 6 5 6 5 6 8 8 12 13 11 10 12 9 9 11 18 20 18 21 20 16 14 18 20 17 21 22 27 25 26 29 35 58 90 61 65 84 86 71 69 76 79 88 104 75 68 46 67 19
  50 : 6 5 6 5 6 8 8 12 13 11 10 12 9 9 11 18 20 18 21 20 16 14 18 20 17 21 22 27 25 26 29 35 58 90 61 65 84 86 71 69 76 78 87 101 78 69 51 76 31 2
 ... : 6 5 6 5 6 8 8 12 13 11 10 12 9 9 11 18 20 18 21 20 16 14 18 20 17 21 22 27 25 26 29 35 60 93 63 70 87 87 77 77 82 86 95 113 91 77 51 76 31 9
 ... : 6 5 6 5 6 8 8 12 13 11 10 12 9 9 11 18 20 18 21 20 16 14 18 20 17 21 22 27 25 26 29 35 61 94 66 75 95 93 80 81 90 94 106 118 95 86 72 80 31 9
 ... : 6 5 6 5 6 8 8 12 13 11 10 12 9 9 11 18 20 18 21 20 16 14 18 20 17 21 22 27 25 26 29 35 61 94 66 75 92 96 87 91 101 106 120 146 107 88 72 82 31 9
 ... : 6 5 6 5 6 8 8 12 13 11 10 12 9 9 11 18 20 19 22 20 15 13 19 20 17 21 22 27 26 28 32 38 63 98 67 76 93 96 87 91 103 110 126 150 121 111 80 86 31 9
 ... : 6 5 6 5 6 8 8 12 13 11 10 12 9 9 11 18 20 19 22 20 15 13 19 20 17 22 22 28 25 31 34 41 66 104 72 80 96 103 92 99 109 116 129 151 121 111 80 86 32 9
 ... : 6 5 6 5 6 8 8 12 13 11 10 12 9 9 11 18 20 19 22 20 15 13 19 20 17 22 22 28 24 30 34 41 66 103 71 81 98 104 94 102 110 120 132 161 129 111 99 114 33 9
 ... : 6 5 6 5 6 8 8 12 13 11 10 12 9 9 11 18 20 19 22 20 15 13 19 20 17 22 22 28 24 30 34 41 66 102 71 80 98 105 94 103 109 122 134 164 135 119 105 140 48 10
 ... : 6 5 6 5 6 8 8 12 13 11 10 12 9 9 11 18 20 19 22 20 15 13 19 20 17 22 22 28 24 30 34 41 66 102 74 81 99 107 95 104 109 122 140 173 142 124 115 152 49 11
 ... : 6 5 6 5 6 8 8 12 13 11 10 12 9 9 11 18 20 19 22 20 15 13 19 20 17 22 22 28 24 30 34 41 66 102 74 81 99 107 95 103 110 122 140 174 142 124 108 173 97 26
 ... : 6 5 6 5 6 8 8 12 13 11 10 12 9 9 11 18 20 19 22 20 15 13 19 20 17 22 22 28 24 30 34 41 66 102 74 81 99 107 95 103 111 122 138 178 145 137 115 178 95 79
 ... : 6 5 6 5 6 8 8 12 13 11 10 12 9 9 11 18 20 19 22 20 15 13 19 20 17 22 22 28 24 30 34 41 68 104 75 83 104 113 98 103 112 125 140 180 146 139 126 197 110 106
 ... : 6 5 6 5 6 8 8 12 13 11 10 12 9 9 11 18 20 19 22 20 15 13 19 20 17 22 22 28 24 30 34 41 68 104 75 83 105 113 100 109 119 131 145 187 154 148 137 222 131 112
 ... : 6 5 6 5 6 8 8 12 13 11 10 12 9 9 11 18 20 19 22 20 15 13 19 20 17 22 22 28 24 30 34 41 68 104 75 83 105 113 99 108 119 129 147 188 159 154 144 231 166 149
  51 : 6 5 6 5 6 8 8 12 13 11 10 11 8 9 11 18 20 18 21 20 14 12 16 19 17 21 20 26 20 31 27 42 59 106 72 80 96 97 84 89 88 105 99 135 121 148 163 309 164 197 20
 ... : 6 5 6 5 6 8 8 12 13 11 10 11 8 9 11 18 20 18 21 20 14 12 16 19 17 21 20 26 20 32 29 44 60 109 75 87 101 104 93 98 98 116 110 139 121 148 163 309 165 199 27
 ... : 6 5 6 5 6 8 8 12 13 11 10 11 8 9 11 18 20 18 21 20 14 12 16 19 17 21 20 26 20 32 29 44 60 109 75 87 101 104 93 97 98 117 109 146 135 161 180 331 182 201 28
 ... : 6 5 6 5 6 8 8 12 13 11 10 11 8 9 11 18 20 18 21 20 14 12 16 19 17 21 20 26 20 32 29 45 59 110 78 90 104 106 96 98 100 120 112 148 137 169 184 337 187 209 31
 ... : 6 5 6 5 6 8 8 12 13 11 10 11 8 9 11 18 20 18 21 20 14 12 16 19 17 21 20 26 20 32 29 45 59 110 79 91 104 109 99 103 104 123 118 153 147 176 191 342 190 236 47
 ... : 6 5 6 5 6 8 8 12 13 11 10 11 8 9 11 18 20 18 21 20 14 12 16 19 17 21 20 26 20 32 29 45 59 110 79 91 104 109 99 103 104 123 117 156 154 176 200 365 216 257 59
 ... : 6 5 6 5 6 8 8 12 13 11 10 11 8 9 11 18 20 18 21 20 14 12 16 19 17 21 20 26 20 32 29 45 59 110 79 91 104 109 99 103 104 123 117 156 154 178 202 372 249 299 100
 ... : 6 5 6 5 6 8 8 12 13 11 10 11 8 9 11 18 20 18 21 20 14 12 16 19 17 21 20 26 20 32 29 45 60 113 86 95 109 116 106 107 107 126 118 158 155 179 202 373 254 306 139
 ... : 6 5 6 5 6 8 8 12 13 11 10 11 8 9 11 18 20 18 21 20 14 12 16 19 17 21 20 26 20 32 29 45 60 113 86 95 109 116 105 108 114 132 125 166 166 187 213 387 264 316 144
  52 : 6 5 6 5 6 8 8 12 13 11 10 11 8 9 11 18 20 18 21 20 12 9 11 13 10 13 13 19 20 25 19 31 52 117 93 103 108 118 98 104 100 131 128 162 154 173 215 405 267 330 155 41
 ... : 6 5 6 5 6 8 8 12 13 11 10 11 8 9 11 18 20 18 21 20 12 9 11 13 10 13 13 19 20 25 19 31 52 117 96 104 112 124 103 111 105 139 137 170 161 178 219 410 272 340 161 51
 ... : 6 5 6 5 6 8 8 12 13 11 10 11 8 9 11 18 20 18 21 20 12 9 11 13 10 13 13 19 20 25 19 31 52 117 96 104 112 124 103 110 105 138 137 171 163 178 224 430 298 364 179 52
 ... : 6 5 6 5 6 8 8 12 13 11 10 11 8 9 11 18 20 18 21 20 12 9 11 13 10 13 13 19 20 25 19 31 53 119 98 108 116 131 109 116 109 144 142 178 172 184 228 436 309 373 195 53
 ... : 6 5 6 5 6 8 8 12 13 11 10 11 8 9 11 18 20 18 21 20 12 9 11 13 10 13 13 19 20 25 19 31 55 121 103 114 121 136 115 126 117 152 149 183 180 188 235 441 311 380 209 56
 ... : 6 5 6 5 6 8 8 12 13 11 10 11 8 9 11 18 20 18 21 20 12 9 11 13 10 13 13 19 20 25 19 31 55 122 103 114 121 136 115 126 118 155 149 184 186 192 239 458 332 398 232 61
 ... : 6 5 6 5 6 8 8 12 13 11 10 11 8 9 11 18 20 18 21 20 12 9 11 13 10 13 13 19 20 25 19 31 55 122 104 116 126 140 118 132 122 160 152 190 194 197 248 477 342 408 237 61
 ... : 6 5 6 5 6 8 8 12 13 11 10 11 8 9 11 18 20 18 21 20 12 9 11 13 10 13 13 19 20 25 19 31 55 122 104 116 126 140 118 132 122 160 152 190 198 201 253 484 365 426 271 71
 ... : 6 5 6 5 6 8 8 12 13 11 10 11 8 9 11 18 20 18 21 20 12 9 11 13 10 13 13 19 20 25 19 31 55 123 106 121 131 146 123 136 127 167 159 195 206 207 259 497 371 426 282 73
 ... : 6 5 6 5 6 8 8 12 13 11 10 11 8 9 11 18 20 18 21 20 12 9 11 13 10 13 13 19 20 25 19 31 55 123 106 121 131 146 123 136 127 169 158 197 207 209 264 509 398 461 321 79
 ... : 6 5 6 5 6 8 8 12 13 11 10 11 8 9 11 18 20 18 21 20 12 9 11 13 10 13 13 19 20 25 19 31 55 123 106 121 131 147 123 137 128 171 162 200 212 214 270 518 418 494 337 79
 ... : 6 5 6 5 6 8 8 12 13 11 10 11 8 9 11 18 20 18 21 20 12 9 11 13 10 13 13 19 18 25 19 31 56 126 111 124 134 149 127 142 134 176 166 209 221 221 272 518 421 496 345 81
 ... : 6 5 6 5 6 8 8 12 13 11 10 11 8 9 11 18 20 18 21 20 12 9 11 13 10 13 13 19 18 25 19 31 56 126 111 124 134 151 128 143 134 177 166 212 231 225 285 541 437 512 350 81
 ... : 6 5 6 5 6 8 8 12 13 11 10 11 8 9 11 18 20 18 21 20 12 9 11 13 10 13 13 19 18 25 19 31 56 126 111 124 134 151 128 143 134 177 167 213 235 231 288 558 470 540 369 83
 ... : 6 5 6 5 6 8 8 12 13 11 10 11 8 9 11 18 20 18 21 20 12 9 11 13 10 13 13 19 18 25 19 31 56 126 111 124 134 151 128 143 134 177 167 213 235 231 289 557 488 572 428 86
 ... : 6 5 6 5 6 8 8 12 13 11 10 11 8 9 11 18 20 18 21 20 12 9 11 13 10 13 13 19 18 25 19 31 57 128 113 126 136 156 134 149 139 181 170 218 240 235 296 565 499 581 436 88
 ... : 6 5 6 5 6 8 8 12 13 11 10 11 8 9 11 18 20 18 21 20 12 9 11 13 10 13 13 19 18 25 19 31 57 128 113 126 136 156 134 149 139 182 171 219 243 238 299 575 528 615 467 90
 ... : 6 5 6 5 6 8 8 12 13 11 10 11 8 9 11 18 20 18 21 20 12 9 11 13 10 13 13 19 18 25 19 31 57 128 116 128 140 159 139 156 147 187 176 222 245 239 299 575 542 633 492 93
 ... : 6 5 6 5 6 8 8 12 13 11 10 11 8 9 11 18 20 18 21 20 12 9 11 13 10 13 13 19 18 25 19 31 57 128 116 128 140 159 139 156 147 188 177 226 255 247 309 594 562 655 516 94
 ... : 6 5 6 5 6 8 8 12 13 11 10 11 8 9 11 18 20 18 21 20 12 9 11 13 10 13 13 19 18 25 19 31 57 128 119 130 142 164 144 162 150 194 185 233 265 253 315 603 570 664 519 94
 ... : 6 5 6 5 6 8 8 12 13 11 10 11 8 9 11 18 20 18 21 20 12 9 11 13 10 13 13 19 18 25 19 31 57 128 119 131 144 167 146 166 153 196 189 236 270 257 320 614 578 673 547 97
 ... : 6 5 6 5 6 8 8 12 13 11 10 11 8 9 11 18 20 18 21 20 12 9 11 13 10 13 13 19 18 25 19 31 57 128 119 131 144 169 147 169 156 201 194 241 281 271 334 630 590 683 554 97
 ... : 6 5 6 5 6 8 8 12 13 11 10 11 8 9 11 18 20 18 21 20 12 9 11 13 10 13 13 19 18 25 19 31 57 128 119 131 144 169 147 169 156 201 194 241 281 271 336 635 604 706 602 110
 ... : 6 5 6 5 6 8 8 12 13 11 10 11 8 9 11 18 20 18 21 20 12 9 11 13 10 13 13 19 18 25 19 31 57 128 120 133 144 175 149 177 160 207 197 241 282 272 342 641 614 713 604 136
 ... : 6 5 6 5 6 8 8 12 13 11 10 11 8 9 11 18 20 18 21 20 12 9 11 13 10 13 13 19 18 25 19 31 57 128 120 133 144 175 149 177 159 209 203 247 292 279 358 659 631 721 604 136
 ... : 6 5 6 5 6 8 8 12 13 11 10 11 8 9 11 18 20 18 21 20 12 9 11 13 10 13 13 19 18 25 19 31 57 129 122 135 147 181 155 185 169 215 213 255 293 279 358 662 638 745 629 136
 ... : 6 5 6 5 6 8 8 12 13 11 10 11 8 9 11 18 20 18 21 20 12 9 11 13 10 13 13 19 18 25 19 31 57 129 122 135 147 181 155 185 169 215 212 255 302 289 370 679 657 762 658 136
 ... : 6 5 6 5 6 8 8 12 13 11 10 11 8 9 11 18 20 18 21 20 12 9 11 13 10 13 13 19 18 25 19 31 57 129 122 135 147 183 156 187 173 219 217 261 308 296 375 679 667 779 682 160
 ... : 6 5 6 5 6 8 8 12 13 11 10 11 8 9 11 18 20 18 21 20 12 9 11 13 10 13 13 19 18 25 19 31 57 129 122 135 147 183 156 188 174 220 219 263 311 300 385 694 689 791 698 165
 ... : 6 5 6 5 6 8 8 12 13 11 10 11 8 9 11 18 20 18 21 20 12 9 11 13 10 13 13 19 18 25 19 31 57 129 122 135 147 183 156 188 174 220 219 263 311 300 385 697 695 799 696 253
 ... : 6 5 6 5 6 8 8 12 13 11 10 11 8 9 11 18 20 18 21 20 12 9 11 13 10 13 13 19 18 25 19 31 57 129 122 135 147 183 156 188 174 220 219 263 311 300 385 697 704 814 696 325
 ... : 6 5 6 5 6 8 8 12 13 11 10 11 8 9 11 18 20 18 21 20 12 9 11 13 10 13 13 19 18 25 19 31 57 129 124 134 147 186 161 193 178 225 224 269 321 304 386 700 713 824 704 327
 ... : 6 5 6 5 6 8 8 12 13 11 10 11 8 9 11 18 20 18 21 20 12 9 11 13 10 13 13 19 18 25 19 31 57 129 124 134 147 186 161 193 178 225 224 270 322 310 395 708 732 841 730 331
 ... : 6 5 6 5 6 8 8 12 13 11 10 11 8 9 11 18 20 18 21 20 12 9 11 13 10 13 13 19 18 25 19 31 57 129 124 134 147 186 161 193 178 225 227 274 326 311 395 711 738 853 748 386
 ... : 6 5 6 5 6 8 8 12 13 11 10 11 8 9 11 18 20 18 21 20 12 9 11 13 10 13 13 19 18 25 19 31 57 129 124 134 147 186 161 193 178 225 227 273 327 316 409 727 756 872 772 389
 ... : 6 5 6 5 6 8 8 12 13 11 10 11 8 9 11 18 20 18 21 20 12 9 11 13 10 13 13 19 18 25 19 31 57 129 125 134 149 190 163 194 179 226 228 274 328 318 412 730 768 886 788 433
 ... : 6 5 6 5 6 8 8 12 13 11 10 11 8 9 11 18 20 18 21 20 12 9 11 13 10 13 13 19 18 25 19 31 57 129 125 134 149 192 165 196 182 231 233 280 331 323 419 733 771 901 815 446
 ... : 6 5 6 5 6 8 8 12 13 11 10 11 8 9 11 18 20 18 21 20 12 9 11 13 10 13 13 19 18 25 19 31 57 129 125 134 149 192 166 196 182 234 237 285 338 329 427 753 792 917 817 447
 ... : 6 5 6 5 6 8 8 12 13 11 10 11 8 9 11 18 20 18 21 20 12 9 11 13 10 13 13 19 18 25 19 31 57 129 125 134 149 193 169 196 183 236 240 288 347 336 436 764 807 926 834 449
 ... : 6 5 6 5 6 8 8 12 13 11 10 11 8 9 11 18 20 18 21 20 12 9 11 13 10 13 13 19 18 25 19 31 57 129 125 134 149 193 169 196 183 236 239 287 347 337 440 781 826 956 859 450
 ... : 6 5 6 5 6 8 8 12 13 11 10 11 8 9 11 18 20 18 21 20 12 9 11 13 10 13 13 19 18 25 19 31 57 129 125 134 149 193 169 196 183 236 239 287 347 337 440 781 833 972 883 504
 ... : 6 5 6 5 6 8 8 12 13 11 10 11 8 9 11 18 20 18 21 20 12 9 11 13 10 13 13 19 18 25 19 31 57 129 125 134 149 193 169 198 185 237 242 289 354 341 447 789 843 979 888 540
 ... : 6 5 6 5 6 8 8 12 13 11 10 11 8 9 11 18 20 18 21 20 12 9 11 13 10 13 13 19 18 25 19 31 57 129 125 134 149 193 169 198 186 238 245 292 359 344 452 804 855 990 904 552
 ... : 6 5 6 5 6 8 8 12 13 11 10 11 8 9 11 18 20 18 21 20 12 9 11 13 10 13 13 19 18 25 19 31 57 129 125 134 149 193 169 198 186 238 245 292 361 347 454 805 856 994 920 622
 ... : 6 5 6 5 6 8 8 12 13 11 10 11 8 9 11 18 20 18 21 20 12 9 11 13 10 13 13 19 18 25 19 31 57 129 125 134 149 193 169 198 186 238 245 292 361 345 450 806 868 1001 928 687
 ... : 6 5 6 5 6 8 8 12 13 11 10 11 8 9 11 18 20 18 21 20 12 9 11 13 10 13 13 19 18 25 19 31 57 129 125 134 149 193 169 198 186 238 245 292 362 347 458 815 884 1013 959 705
 ... : 6 5 6 5 6 8 8 12 13 11 10 11 8 9 11 18 20 18 21 20 12 9 11 13 10 13 13 19 18 25 19 31 57 129 125 134 149 193 171 199 186 239 245 296 366 353 465 820 895 1029 979 725
 ... : 6 5 6 5 6 8 8 12 13 11 10 11 8 9 11 18 20 18 21 20 12 9 11 13 10 13 13 19 18 25 19 31 57 129 125 134 149 195 174 204 191 248 253 304 375 360 477 829 904 1035 984 727
 ... : 6 5 6 5 6 8 8 12 13 11 10 11 8 9 11 18 20 18 21 20 12 9 11 13 10 13 13 19 18 25 19 31 57 129 125 134 148 195 176 207 196 252 259 310 383 367 486 831 916 1044 988 728
 ... : 6 5 6 5 6 8 8 12 13 11 10 11 8 9 11 18 20 18 21 20 12 9 11 13 10 13 13 19 18 25 19 31 57 129 125 134 148 195 176 207 196 251 261 309 386 371 495 849 935 1057 993 728
 ... : 6 5 6 5 6 8 8 12 13 11 10 11 8 9 11 18 20 18 21 20 12 9 11 13 10 13 13 19 18 25 19 31 57 129 125 134 148 195 175 206 195 250 261 309 394 375 507 863 956 1079 999 728
 ... : 6 5 6 5 6 8 8 12 13 11 10 11 8 9 11 18 20 18 21 20 12 9 11 13 10 13 13 19 18 25 19 31 57 129 125 134 148 195 175 206 195 250 261 309 394 375 506 863 960 1088 1036 759
 ... : 6 5 6 5 6 8 8 12 13 11 10 11 8 9 11 18 20 18 21 20 12 9 11 13 10 13 13 19 18 25 19 31 57 129 125 134 148 195 175 206 195 250 261 309 395 376 506 863 963 1088 1054 822
  53 : 6 5 6 5 6 8 8 12 13 11 10 11 8 9 11 18 20 18 20 18 12 8 11 11 10 13 13 18 9 13 11 21 46 136 126 101 133 174 171 142 158 245 236 267 383 324 433 812 899 1012 966 795 325
 ... : 6 5 6 5 6 8 8 12 13 11 10 11 8 9 11 18 20 18 20 18 12 8 11 11 10 13 13 18 9 13 11 21 46 136 126 101 133 174 171 142 158 245 236 267 383 324 433 812 908 1040 1003 830 327
  54 : 6 5 6 5 6 8 8 12 13 11 10 11 8 9 11 18 20 18 20 18 12 8 11 11 10 13 13 18 9 13 11 21 46 136 126 101 133 174 171 142 158 245 236 267 383 324 432 809 908 1050 1008 843 310 97
  55 : 6 5 6 5 6 8 8 12 13 11 10 11 8 9 11 18 20 18 20 18 12 8 11 11 10 13 13 18 9 13 11 21 46 136 126 101 133 174 171 142 158 245 236 267 383 324 432 809 908 1050 1008 839 314 78 33
 ... : 6 5 6 5 6 8 8 12 13 11 10 11 8 9 11 18 20 18 20 18 12 8 11 11 10 13 13 18 9 13 11 21 46 136 126 101 133 174 171 142 158 245 236 267 383 324 432 809 910 1060 1028 859 337 100 48
 ... : 6 5 6 5 6 8 8 12 13 11 10 11 8 9 11 18 20 18 20 18 12 8 11 11 10 13 13 18 9 13 11 21 46 136 126 101 133 174 171 142 158 245 236 267 383 324 432 809 910 1061 1052 893 384 105 48
 ... : 6 5 6 5 6 8 8 12 13 11 10 11 8 9 11 18 20 18 20 18 12 8 11 11 10 13 13 18 9 13 11 21 46 136 126 101 133 174 171 142 158 245 236 267 383 324 432 809 915 1073 1069 930 421 111 48
 ... : 6 5 6 5 6 8 8 12 13 11 10 11 8 9 11 18 20 18 20 18 12 8 11 11 10 13 13 18 9 13 11 21 46 136 126 101 133 174 171 142 158 245 236 267 383 324 432 809 915 1076 1069 946 447 157 57
 ... : 6 5 6 5 6 8 8 12 13 11 10 11 8 9 11 18 20 18 20 18 12 8 11 11 10 13 13 18 9 13 11 21 46 136 126 101 133 174 171 142 158 245 236 267 383 324 432 809 921 1086 1083 957 483 181 60
 ... : 6 5 6 5 6 8 8 12 13 11 10 11 8 9 11 18 20 18 20 18 12 8 11 11 10 13 13 18 9 13 11 21 46 136 126 101 133 174 171 142 158 245 236 267 383 324 432 809 921 1089 1089 979 501 218 68
 ... : 6 5 6 5 6 8 8 12 13 11 10 11 8 9 11 18 20 18 20 18 12 8 11 11 10 13 13 18 9 13 11 21 46 136 126 101 133 174 171 142 158 245 236 267 383 324 432 809 922 1090 1093 990 530 264 74
 ... : 6 5 6 5 6 8 8 12 13 11 10 11 8 9 11 18 20 18 20 18 12 8 11 11 10 13 13 18 9 13 11 21 46 136 126 101 133 174 171 142 158 245 236 267 383 324 432 809 922 1090 1102 1016 561 301 84
 ... : 6 5 6 5 6 8 8 12 13 11 10 11 8 9 11 18 20 18 20 18 12 8 11 11 10 13 13 18 9 13 11 21 46 136 126 101 133 174 171 142 158 245 236 267 383 324 432 809 922 1091 1120 1042 588 341 92
 ... : 6 5 6 5 6 8 8 12 13 11 10 11 8 9 11 18 20 18 20 18 12 8 11 11 10 13 13 18 9 13 11 21 46 136 126 101 133 174 171 142 158 245 236 267 383 324 432 809 922 1091 1121 1045 596 373 137
 ... : 6 5 6 5 6 8 8 12 13 11 10 11 8 9 11 18 20 18 20 18 12 8 11 11 10 13 13 18 9 13 11 21 46 136 126 101 133 174 171 142 158 245 236 267 383 324 432 809 924 1095 1134 1056 616 393 181
 ... : 6 5 6 5 6 8 8 12 13 11 10 11 8 9 11 18 20 18 20 18 12 8 11 11 10 13 13 18 9 13 11 21 46 136 126 101 133 174 171 142 158 245 236 267 383 324 432 809 926 1101 1146 1076 632 411 221
 ... : 6 5 6 5 6 8 8 12 13 11 10 11 8 9 11 18 20 18 20 18 12 8 11 11 10 13 13 18 9 13 11 21 46 136 126 101 133 174 171 142 158 245 236 267 383 324 432 809 926 1102 1151 1083 655 430 271
 ... : 6 5 6 5 6 8 8 12 13 11 10 11 8 9 11 18 20 18 20 18 12 8 11 11 10 13 13 18 9 13 11 21 46 136 126 101 133 174 171 142 158 245 236 267 383 324 432 809 931 1109 1170 1104 671 455 283
 ... : 6 5 6 5 6 8 8 12 13 11 10 11 8 9 11 18 20 18 20 18 12 8 11 11 10 13 13 18 9 13 11 21 46 136 126 101 133 174 171 142 158 245 236 267 383 325 434 813 938 1123 1192 1136 704 461 285
 ... : 6 5 6 5 6 8 8 12 13 11 10 11 8 9 11 18 20 18 20 18 12 8 11 11 10 13 13 18 9 13 11 21 46 136 126 101 133 174 171 142 158 245 236 267 383 325 434 813 939 1140 1214 1161 738 474 287
 ... : 6 5 6 5 6 8 8 12 13 11 10 11 8 9 11 18 20 18 20 18 12 8 11 11 10 13 13 18 9 13 11 21 46 136 126 101 133 174 171 142 158 245 236 267 383 325 434 813 945 1152 1236 1182 755 514 289
 ... : 6 5 6 5 6 8 8 12 13 11 10 11 8 9 11 18 20 18 20 18 12 8 11 11 10 13 13 18 9 13 11 21 46 136 126 101 133 174 171 142 158 245 236 267 383 325 434 813 945 1152 1237 1189 772 569 316
 ... : 6 5 6 5 6 8 8 12 13 11 10 11 8 9 11 18 20 18 20 18 12 8 11 11 10 13 13 18 9 13 11 21 46 136 126 101 133 174 171 142 158 245 236 267 383 325 434 813 946 1153 1242 1199 799 599 353
 ... : 6 5 6 5 6 8 8 12 13 11 10 11 8 9 11 18 20 18 20 18 12 8 11 11 10 13 13 18 9 13 11 21 46 136 126 101 133 174 171 142 158 245 236 267 383 325 434 813 948 1153 1247 1204 799 599 448
 ... : 6 5 6 5 6 8 8 12 13 11 10 11 8 9 11 18 20 18 20 18 12 8 11 11 10 13 13 18 9 13 11 21 46 136 126 101 133 174 171 142 158 245 236 267 383 325 434 813 951 1157 1252 1206 819 626 491
 ... : 6 5 6 5 6 8 8 12 13 11 10 11 8 9 11 18 20 18 20 18 12 8 11 11 10 13 13 18 9 13 11 21 46 136 126 101 133 174 171 142 158 245 236 267 383 325 434 813 954 1162 1264 1228 840 643 533
 ... : 6 5 6 5 6 8 8 12 13 11 10 11 8 9 11 18 20 18 20 18 12 8 11 11 10 13 13 18 9 13 11 21 46 136 126 101 133 174 171 142 158 245 236 267 383 325 434 813 955 1164 1268 1234 859 651 584
 ... : 6 5 6 5 6 8 8 12 13 11 10 11 8 9 11 18 20 18 20 18 12 8 11 11 10 13 13 18 9 13 11 21 46 136 126 101 133 174 171 142 158 245 236 267 383 325 434 813 955 1165 1268 1231 873 683 629
 ... : 6 5 6 5 6 8 8 12 13 11 10 11 8 9 11 18 20 18 20 18 12 8 11 11 10 13 13 18 9 13 11 21 46 136 126 101 133 174 171 142 158 245 236 267 383 325 434 813 953 1167 1273 1236 888 702 663
 ... : 6 5 6 5 6 8 8 12 13 11 10 11 8 9 11 18 20 18 20 18 12 8 11 11 10 13 13 18 9 13 11 21 46 136 126 101 133 174 171 142 158 245 236 267 383 325 433 812 953 1167 1274 1239 899 707 740
 ... : 6 5 6 5 6 8 8 12 13 11 10 11 8 9 11 18 20 18 20 18 12 8 11 11 10 13 13 18 9 13 11 21 46 136 126 101 133 174 171 142 158 245 236 267 383 325 433 812 953 1167 1286 1259 931 731 764
  56 : 6 5 6 5 6 8 8 12 13 11 10 11 8 9 11 18 20 18 20 18 12 8 11 11 10 13 13 18 9 13 11 21 46 136 126 101 133 174 171 142 158 245 236 267 382 325 432 806 941 1142 1176 1187 905 704 680 311
  57 : 6 5 6 5 6 8 8 12 13 11 10 11 8 9 11 18 20 18 20 18 12 8 11 11 10 13 13 18 9 13 11 21 46 136 126 101 133 174 171 142 158 245 236 267 382 325 432 806 941 1142 1177 1188 913 729 697 266 90
 ... : 6 5 6 5 6 8 8 12 13 11 10 11 8 9 11 18 20 18 20 18 12 8 11 11 10 13 13 18 9 13 11 21 46 136 126 101 133 174 171 142 158 245 236 267 382 325 432 806 941 1144 1183 1199 939 750 719 271 99
 ... : 6 5 6 5 6 8 8 12 13 11 10 11 8 9 11 18 20 18 20 18 12 8 11 11 10 13 13 18 9 13 11 21 46 136 126 101 133 174 171 142 158 245 236 267 382 325 432 807 944 1148 1189 1209 950 775 747 284 99
 ... : 6 5 6 5 6 8 8 12 13 11 10 11 8 9 11 18 20 18 20 18 12 8 11 11 10 13 13 18 9 13 11 21 46 136 126 101 133 174 171 142 158 245 236 267 382 325 432 807 944 1149 1190 1210 954 784 754 326 124
 ... : 6 5 6 5 6 8 8 12 13 11 10 11 8 9 11 18 20 18 20 18 12 8 11 11 10 13 13 18 9 13 11 21 46 136 126 101 133 174 171 142 158 245 236 267 382 325 432 807 944 1149 1195 1225 976 809 775 339 131
 ... : 6 5 6 5 6 8 8 12 13 11 10 11 8 9 11 18 20 18 20 18 12 8 11 11 10 13 13 18 9 13 11 21 46 136 126 101 133 174 171 142 158 245 236 267 382 325 432 807 944 1149 1192 1224 983 820 792 377 150
 ... : 6 5 6 5 6 8 8 12 13 11 10 11 8 9 11 18 20 18 20 18 12 8 11 11 10 13 13 18 9 13 11 21 46 136 126 101 133 174 171 142 158 245 236 267 382 325 432 807 944 1149 1192 1228 992 833 818 400 183
 ... : 6 5 6 5 6 8 8 12 13 11 10 11 8 9 11 18 20 18 20 18 12 8 11 11 10 13 13 18 9 13 11 21 46 136 126 101 133 174 171 142 158 245 236 267 382 325 432 807 944 1149 1193 1229 1009 853 855 428 191
 ... : 6 5 6 5 6 8 8 12 13 11 10 11 8 9 11 18 20 18 20 18 12 8 11 11 10 13 13 18 9 13 11 21 46 136 126 101 133 174 171 142 158 245 236 267 382 325 432 807 944 1149 1193 1229 1014 870 879 458 205
 ... : 6 5 6 5 6 8 8 12 13 11 10 11 8 9 11 18 20 18 20 18 12 8 11 11 10 13 13 18 9 13 11 21 46 136 126 101 133 173 171 141 158 245 239 268 385 326 435 810 944 1149 1193 1228 1015 877 891 476 234
 ... : 6 5 6 5 6 8 8 12 13 11 10 11 8 9 11 18 20 18 20 18 12 8 11 11 10 13 13 18 9 13 11 21 46 136 126 101 132 173 171 141 158 245 239 271 387 328 435 808 950 1153 1198 1235 1023 889 899 488 239
 ... : 6 5 6 5 6 8 8 12 13 11 10 11 8 9 11 18 20 18 20 18 12 8 11 11 10 13 13 18 9 13 11 21 46 136 126 101 132 174 171 142 159 246 240 272 387 328 435 808 950 1155 1201 1242 1034 902 914 509 246
 ... : 6 5 6 5 6 8 8 12 13 11 10 11 8 9 11 18 20 18 20 18 12 8 11 11 10 13 13 18 9 13 11 21 46 136 126 101 132 174 171 142 159 246 241 271 389 332 436 809 950 1153 1199 1236 1041 907 919 515 270
 ... : 6 5 6 5 6 8 8 12 13 11 10 11 8 9 11 18 20 18 20 18 12 8 11 11 10 13 13 18 9 13 11 21 46 136 126 101 132 174 171 142 159 246 241 271 389 332 436 809 950 1153 1203 1239 1044 918 930 533 321
 ... : 6 5 6 5 6 8 8 12 13 11 10 11 8 9 11 18 20 18 20 18 12 8 11 11 10 13 13 18 9 13 11 21 46 136 126 101 132 174 171 142 159 246 241 271 389 332 436 808 950 1155 1203 1236 1043 927 938 547 365
 ... : 6 5 6 5 6 8 8 12 13 11 10 11 8 9 11 18 20 18 20 18 12 8 11 11 10 13 13 18 9 13 11 21 46 136 126 101 132 174 171 142 159 246 241 271 389 332 436 808 950 1154 1203 1236 1043 933 954 575 418
 ... : 6 5 6 5 6 8 8 12 13 11 10 11 8 9 11 18 20 18 20 18 12 8 11 11 10 13 13 18 9 13 11 21 46 136 126 101 132 174 171 142 159 246 241 271 389 332 436 808 950 1154 1204 1239 1049 940 959 583 465
  58 : 6 5 6 5 6 8 8 12 13 11 10 11 8 9 10 16 20 18 20 18 12 8 11 11 10 13 13 18 9 13 11 21 46 135 126 101 131 171 167 138 156 224 236 275 390 338 436 802 946 1151 1181 1142 947 858 858 572 449 256
  59 : 6 5 6 5 6 8 8 12 13 11 10 11 8 9 10 16 20 18 20 18 12 8 11 11 10 13 13 18 9 13 11 21 46 135 126 101 131 171 167 138 156 224 236 275 390 338 436 802 946 1151 1181 1142 947 858 858 572 449 193 75
 ... : 6 5 6 5 6 8 8 12 13 11 10 11 8 9 10 16 20 18 20 18 12 8 11 11 10 13 13 18 9 13 11 21 46 135 126 101 131 171 167 138 156 224 236 275 390 338 436 802 946 1154 1186 1149 956 871 864 583 462 206 94
 ... : 6 5 6 5 6 8 8 12 13 11 10 11 8 9 10 16 20 18 20 18 12 8 11 11 10 13 13 18 9 13 11 21 46 135 126 101 131 171 167 138 156 224 236 275 390 338 436 802 946 1154 1186 1152 961 874 871 594 475 234 115
 ... : 6 5 6 5 6 8 8 12 13 11 10 11 8 9 10 16 20 18 20 18 12 8 11 11 10 13 13 18 9 13 11 21 46 135 126 101 131 171 167 138 156 224 236 275 390 338 436 802 946 1155 1187 1152 965 877 881 612 493 266 135
 ... : 6 5 6 5 6 8 8 12 13 11 10 11 8 9 10 16 20 18 20 18 12 8 11 11 10 13 13 18 9 13 11 21 46 135 126 101 131 171 167 138 156 224 236 275 391 341 439 808 956 1166 1195 1159 970 880 884 614 498 277 141
 ... : 6 5 6 5 6 8 8 12 13 11 10 11 8 9 10 16 20 18 20 18 12 8 11 11 10 13 13 18 9 13 11 21 46 135 126 101 131 171 167 138 156 224 236 275 392 341 438 807 956 1165 1197 1161 973 885 892 628 515 292 157
 ... : 6 5 6 5 6 8 8 12 13 11 10 11 8 9 10 16 20 18 20 18 12 8 11 11 10 13 13 18 9 13 11 21 46 135 126 101 131 171 167 138 156 224 236 275 392 341 438 808 957 1169 1200 1165 981 893 905 652 523 307 166
 ... : 6 5 6 5 6 8 8 12 13 11 10 11 8 9 10 16 20 18 20 18 12 8 11 11 10 13 13 18 9 13 11 21 46 135 126 101 131 171 167 138 156 224 236 275 392 341 438 808 959 1175 1209 1177 995 908 917 667 533 313 167
 ... : 6 5 6 5 6 8 8 12 13 11 10 11 8 9 10 16 20 18 20 18 12 8 11 11 10 13 13 18 9 13 11 21 46 135 126 101 131 171 167 138 156 224 236 275 392 341 438 808 959 1177 1214 1185 1009 919 927 678 560 320 167
 ... : 6 5 6 5 6 8 8 12 13 11 10 11 8 9 10 16 20 18 20 18 12 8 11 11 10 13 13 18 9 13 11 21 46 135 126 101 131 171 167 138 156 224 236 275 392 341 438 808 959 1177 1216 1187 1014 928 929 692 576 348 174
 ... : 6 5 6 5 6 8 8 12 13 11 10 11 8 9 10 16 20 18 20 18 12 8 11 11 10 13 13 18 9 13 11 21 46 135 126 101 131 171 167 138 156 224 236 275 392 341 438 808 960 1178 1222 1194 1025 942 951 706 592 354 174
 ... : 6 5 6 5 6 8 8 12 13 11 10 11 8 9 10 16 20 18 20 18 12 8 11 11 10 13 13 18 9 13 11 21 46 135 126 101 131 171 167 138 156 224 236 275 392 341 438 808 960 1179 1225 1196 1048 966 973 720 595 355 174
 ... : 6 5 6 5 6 8 8 12 13 11 10 11 8 9 10 16 20 18 20 18 12 8 11 11 10 13 13 18 9 13 11 21 46 135 126 101 131 171 167 138 156 224 236 275 392 341 438 808 960 1178 1225 1197 1053 982 995 755 600 355 174
 ... : 6 5 6 5 6 8 8 12 13 11 10 11 8 9 10 16 20 18 20 18 12 8 11 11 10 13 13 18 9 13 11 21 46 135 126 101 131 171 167 138 156 224 236 275 392 341 438 808 960 1178 1226 1196 1055 984 1002 773 642 379 177
 ... : 6 5 6 5 6 8 8 12 13 11 10 11 8 9 10 16 20 18 20 18 12 8 11 11 10 13 13 18 9 13 11 21 46 135 126 101 131 171 167 138 156 224 236 275 392 341 438 808 960 1178 1226 1195 1055 991 1011 785 660 421 187
 ... : 6 5 6 5 6 8 8 12 13 11 10 11 8 9 10 16 20 18 20 18 12 8 11 11 10 13 13 18 9 13 11 21 46 135 126 101 131 171 167 138 156 224 236 275 392 341 438 808 960 1179 1228 1197 1062 995 1020 797 668 458 192
 ... : 6 5 6 5 6 8 8 12 13 11 10 11 8 9 10 16 20 18 20 18 12 8 11 11 10 13 13 18 9 13 11 21 46 135 126 101 131 171 167 138 156 224 236 275 392 341 438 808 960 1180 1230 1201 1072 1013 1032 808 681 469 199
 ... : 6 5 6 5 6 8 8 12 13 11 10 11 8 9 10 16 20 18 20 18 12 8 11 11 10 13 13 18 9 13 11 21 46 135 126 101 131 171 167 138 156 224 236 275 392 341 438 808 960 1180 1230 1203 1074 1016 1040 824 693 491 231
 ... : 6 5 6 5 6 8 8 12 13 11 10 11 8 9 10 16 20 18 20 18 12 8 11 11 10 13 13 18 9 13 11 21 46 135 126 101 131 171 167 138 156 224 236 275 392 341 438 808 960 1180 1232 1204 1076 1021 1043 829 703 514 273
 ... : 6 5 6 5 6 8 8 12 13 11 10 11 8 9 10 16 20 18 20 18 12 8 11 11 10 13 13 18 9 13 11 21 46 135 126 101 131 171 167 138 156 224 236 275 392 341 438 808 960 1180 1232 1204 1075 1022 1049 838 714 525 342
 ... : 6 5 6 5 6 8 8 12 13 11 10 11 8 9 10 16 20 18 20 18 12 8 11 11 10 13 13 18 9 13 11 21 46 135 126 101 131 171 167 138 156 224 236 275 392 341 438 808 960 1180 1232 1204 1074 1020 1051 858 732 538 380
 ... : 6 5 6 5 6 8 8 12 13 11 10 11 8 9 10 16 20 18 20 18 12 8 11 11 10 13 13 18 9 13 11 21 46 135 126 101 131 171 167 138 156 224 236 275 392 341 438 808 960 1182 1235 1207 1079 1029 1059 872 749 558 389
 ... : 6 5 6 5 6 8 8 12 13 11 10 11 8 9 10 16 20 18 20 18 12 8 11 11 10 13 13 18 9 13 11 21 46 135 126 101 131 171 167 138 156 224 236 275 392 341 438 808 960 1182 1235 1207 1083 1036 1069 885 767 574 410
 ... : 6 5 6 5 6 8 8 12 13 11 10 11 8 9 10 16 20 18 20 18 12 8 11 11 10 13 13 18 9 13 11 21 46 135 126 101 131 171 167 138 156 224 236 275 392 341 438 808 960 1182 1235 1206 1091 1046 1080 903 777 576 434
 ... : 6 5 6 5 6 8 8 12 13 11 10 11 8 9 10 16 20 18 20 18 12 8 11 11 10 13 13 18 9 13 11 21 46 135 126 101 131 171 167 138 156 224 236 275 393 341 438 809 960 1183 1237 1208 1092 1045 1078 900 782 587 459
 ... : 6 5 6 5 6 8 8 12 13 11 10 11 8 9 10 16 20 18 20 18 12 8 11 11 10 13 13 18 9 13 11 21 46 135 126 101 131 171 167 138 156 224 236 275 393 341 438 809 960 1183 1236 1208 1092 1045 1082 904 787 597 503
  60 : 6 5 6 5 6 8 8 12 13 11 10 11 8 9 10 16 20 17 17 16 12 8 10 7 7 9 10 16 10 13 12 22 47 142 128 98 131 169 153 132 150 196 221 282 395 347 436 805 958 1173 1197 1117 1032 992 965 838 781 616 502 214
 ... : 6 5 6 5 6 8 8 12 13 11 10 11 8 9 10 16 20 17 17 16 12 8 10 7 7 9 10 16 10 13 12 22 47 142 128 98 131 169 153 132 150 196 221 282 395 347 436 805 959 1176 1199 1121 1038 999 976 850 798 638 510 216
 ... : 6 5 6 5 6 8 8 12 13 11 10 11 8 9 10 16 20 17 17 16 12 8 10 7 7 9 10 16 10 13 12 22 47 142 128 98 131 169 153 132 150 196 221 282 395 347 436 805 959 1176 1199 1121 1038 999 976 853 806 649 545 242
