initialized model with 186 latches, 319 inputs and 1 properties
tsim: performed 3 steps
tsim: found cycle from 1
checking bound 0
checking bound 1
checking bound 2
tdecomp: unrolling 2 cycles
tsim: performed 2 steps
tsim: found cycle from 0
tsim: found 1 constants and 0 latch equivalences
tdecomp: (186, 1276) -> (185, 822)
   2 : 5 0
   3 : 36 32 0
 ... : 68 93 37
   4 : 68 103 74 2
 ... : 68 132 134 50
   5 : 74 149 175 108 2
 ... : 75 161 206 163 33
 ... : 78 172 222 198 100
   6 : 78 172 222 197 103 19
 ... : 78 173 227 211 163 58
   7 : 78 173 227 211 195 115 18
 ... : 78 173 228 215 218 175 42
   8 : 78 173 228 215 212 177 99 34
 ... : 78 173 228 219 221 200 152 61
   9 : 78 173 228 219 221 198 152 85 38
  10 : 78 173 228 219 221 198 152 84 34 16
 ... : 78 173 228 219 222 203 163 130 64 18
 ... : 78 173 228 219 222 207 172 141 100 53
 ... : 78 173 228 219 223 208 174 154 113 113
  11 : 78 173 228 219 222 190 158 148 103 103 80
  12 : 78 173 228 219 222 190 158 148 101 104 77 15
  13 : 78 173 228 219 222 190 158 148 101 104 77 12 13
 ... : 78 173 228 219 225 194 173 163 124 126 113 15 13
 ... : 78 173 228 219 225 194 179 166 127 146 140 29 14
 ... : 78 173 228 219 225 194 179 166 123 140 143 80 55
  14 : 78 173 228 219 225 192 176 163 117 126 110 50 42 115
 ... : 78 173 228 219 225 192 176 165 119 122 122 77 60 117
 ... : 78 173 228 219 225 192 176 165 116 118 131 96 107 119
 ... : 78 173 228 219 225 192 176 165 115 109 114 95 112 182
  15 : 78 173 228 219 223 193 174 150 115 93 68 53 58 58 257
  16 : 78 173 228 219 223 193 174 150 115 93 68 53 58 58 45 216
  17 : 78 173 228 219 223 193 174 150 115 93 68 53 58 58 45 66 153
 ... : 78 173 228 219 223 193 174 150 115 93 69 56 67 68 61 84 164
  18 : 78 173 228 219 223 193 174 150 115 92 70 53 63 68 59 71 74 113
  19 : 78 173 228 219 223 193 174 150 115 92 70 53 63 68 59 71 74 51 63
 ... : 78 173 228 219 223 193 174 150 115 92 70 50 59 71 69 89 98 59 66
  20 : 78 173 228 219 223 193 174 150 115 89 69 49 50 68 48 67 69 59 48 108
 ... : 78 173 228 219 223 193 174 150 115 89 69 49 49 64 37 67 73 77 67 117
  21 : 78 173 228 219 223 193 174 150 115 89 69 45 49 60 30 29 32 24 27 28 306
  22 : 78 173 228 219 223 193 174 150 115 89 69 45 49 60 30 29 32 24 27 28 20 288
  23 : 78 173 228 219 223 193 174 150 115 89 69 45 49 60 30 29 32 24 27 28 20 22 266
  24 : 78 173 228 219 223 193 174 150 115 89 69 45 49 60 30 29 32 24 27 28 20 22 6 260
 ... : 78 173 228 219 223 193 174 150 115 89 69 45 48 61 29 39 40 34 41 43 22 22 6 260
 ... : 78 173 228 219 223 193 174 150 115 89 69 45 48 61 29 38 41 28 39 43 41 46 6 260
