initialized model with 170 latches, 56 inputs and 1 properties
tsim: performed 6 steps
tsim: found cycle from 4
tsim: found 59 constants and 0 latch equivalences
seqsimpl: (170, 56) -> (101, 56)
checking bound 0
checking bound 1
checking bound 2
tdecomp: unrolling 2 cycles
tsim: reached all X state
tsim: performed 3 steps
tdecomp: no improvement found, reverting original model
   2 : 14 20
   3 : 18 28 34
   4 : 18 28 16 44
   5 : 18 30 19 5 44
   6 : 18 30 19 5 7 40
 ... : 18 30 24 23 33 69
 ... : 20 37 32 40 67 93
 ... : 28 63 56 53 72 96
 ... : 35 67 58 58 79 99
 ... : 38 86 92 91 79 99
 ... : 39 94 115 137 100 99
 ... : 39 94 121 159 160 99
 ... : 39 94 116 157 192 145
 ... : 41 95 111 148 183 181
   7 : 39 91 103 125 147 119 75
   8 : 39 91 103 124 150 135 54 72
   9 : 39 91 103 124 150 135 87 68 80
 ... : 39 91 103 124 150 151 136 109 92
 ... : 39 91 103 124 150 155 170 168 115
 ... : 39 91 103 124 150 154 183 208 158
 ... : 39 91 103 124 150 159 193 219 225
 ... : 39 91 103 124 146 168 254 259 229
 ... : 39 91 103 124 146 181 308 310 229
 ... : 39 91 103 125 149 193 359 358 229
 ... : 39 91 103 125 150 205 397 417 229
 ... : 39 91 103 125 150 206 406 473 288
 ... : 39 91 103 125 150 205 409 516 343
 ... : 39 91 103 125 150 205 418 562 404
 ... : 39 91 103 125 154 216 449 606 434
 ... : 39 91 103 125 156 222 468 653 455
 ... : 39 91 103 125 156 222 471 692 529
 ... : 39 91 103 125 156 222 467 711 600
 ... : 39 91 103 125 156 222 467 736 650
 ... : 39 91 103 125 151 229 482 757 680
  10 : 39 91 102 119 140 196 366 604 618 193
 ... : 39 91 102 119 140 196 367 616 653 272
  11 : 39 91 102 119 140 196 366 603 628 178 132
 ... : 39 91 102 119 140 196 366 603 645 221 163
 ... : 39 91 102 119 140 196 366 603 650 275 235
 ... : 39 91 102 119 140 196 366 610 690 325 245
 ... : 39 91 102 119 140 196 366 609 703 383 290
 ... : 39 91 102 119 140 196 367 612 731 445 313
 ... : 39 91 102 119 140 196 367 617 754 492 353
 ... : 39 91 102 119 140 196 367 617 760 534 431
 ... : 39 91 102 119 140 196 367 616 773 582 480
 ... : 39 91 102 119 140 196 367 613 782 634 526
 ... : 39 91 102 119 140 196 367 614 796 686 583
 ... : 39 91 102 119 140 196 367 614 806 736 650
 ... : 39 91 102 119 140 195 365 616 816 769 694
 ... : 39 91 102 119 140 197 370 634 839 790 701
 ... : 39 91 102 119 140 197 371 641 859 823 723
 ... : 39 91 102 119 140 200 377 648 875 871 759
 ... : 39 91 102 119 141 201 381 663 915 907 772
 ... : 39 91 102 119 142 218 404 684 930 926 772
 ... : 39 91 102 119 142 219 407 705 980 931 772
 ... : 39 91 102 119 140 217 406 699 1005 996 772
 ... : 39 91 102 119 140 217 405 695 1027 1067 787
 ... : 39 91 102 119 140 217 405 694 1031 1110 844
 ... : 39 91 102 119 140 217 405 693 1042 1168 901
 ... : 39 91 102 119 140 217 405 693 1041 1204 992
 ... : 39 91 102 119 145 226 418 705 1053 1225 1010
 ... : 39 91 103 122 137 216 406 695 1047 1228 1010
 ... : 39 91 106 128 146 227 415 700 1047 1228 1010
 ... : 39 91 106 128 146 227 415 702 1055 1234 1039
 ... : 39 91 106 128 146 227 415 701 1054 1245 1140
 ... : 39 91 106 128 146 228 415 707 1072 1267 1194
 ... : 39 91 106 128 146 229 416 705 1084 1295 1228
 ... : 39 91 106 128 146 229 418 703 1096 1312 1267
  12 : 39 91 106 124 141 208 323 492 788 1127 1048 494
 ... : 39 91 106 124 141 208 323 493 796 1142 1085 560
 ... : 39 91 106 124 141 208 323 493 799 1152 1134 613
 ... : 39 91 106 124 141 208 323 493 801 1166 1187 662
 ... : 39 91 106 124 141 208 323 494 803 1186 1237 694
 ... : 39 91 106 124 141 208 323 494 805 1200 1288 754
 ... : 39 91 106 124 141 208 323 495 813 1224 1332 795
 ... : 39 91 106 124 141 208 324 497 819 1245 1378 835
 ... : 39 91 106 124 141 208 324 497 819 1255 1422 893
 ... : 39 91 106 124 141 208 324 497 820 1259 1445 963
  13 : 39 91 106 124 140 205 321 485 739 1087 1343 877 356
 ... : 39 91 106 124 140 205 321 485 739 1087 1349 937 419
 ... : 39 91 106 124 140 205 321 485 739 1090 1374 991 449
 ... : 39 91 106 124 140 205 321 487 746 1108 1408 1009 470
 ... : 39 91 106 124 140 205 321 487 747 1110 1441 1067 470
 ... : 39 91 106 124 140 205 321 487 746 1108 1460 1139 485
 ... : 39 91 106 124 140 205 321 487 746 1108 1470 1190 551
 ... : 39 91 106 124 140 205 321 487 746 1109 1481 1240 598
 ... : 39 91 106 124 140 205 321 487 746 1109 1495 1288 630
 ... : 39 91 106 124 140 205 321 487 746 1112 1505 1346 687
 ... : 39 91 106 124 140 205 321 487 746 1111 1507 1393 764
 ... : 39 91 106 124 140 205 321 487 746 1111 1503 1439 842
 ... : 39 91 106 124 140 205 321 487 747 1116 1524 1490 888
 ... : 39 91 106 124 140 205 321 487 747 1116 1533 1540 946
 ... : 39 91 106 124 140 205 321 487 747 1119 1548 1588 1001
 ... : 39 91 106 124 140 205 321 487 747 1126 1563 1626 1050
 ... : 39 91 106 124 140 205 321 487 747 1122 1556 1647 1110
 ... : 39 91 106 124 140 205 321 487 748 1127 1571 1688 1145
 ... : 39 91 106 124 140 205 321 487 748 1125 1585 1721 1204
 ... : 39 91 106 124 140 205 321 488 747 1135 1615 1770 1227
 ... : 39 91 106 124 140 205 321 488 747 1138 1635 1818 1287
 ... : 39 91 106 124 140 205 321 488 747 1139 1648 1858 1354
 ... : 39 91 106 124 140 205 321 488 747 1148 1678 1899 1389
 ... : 39 91 106 124 140 205 321 488 747 1153 1691 1937 1446
 ... : 39 91 106 124 140 205 321 488 747 1159 1715 1987 1502
 ... : 39 91 106 124 140 205 321 488 747 1169 1741 2033 1530
 ... : 39 91 106 124 140 205 321 488 747 1168 1762 2075 1587
 ... : 39 91 106 124 140 205 321 488 747 1168 1780 2125 1636
 ... : 39 91 106 124 140 205 321 488 748 1168 1788 2173 1688
 ... : 39 91 106 124 140 205 321 488 748 1168 1797 2217 1747
 ... : 39 91 106 124 140 205 329 495 758 1185 1810 2234 1747
 ... : 39 91 106 124 140 205 329 496 758 1188 1816 2258 1770
 ... : 39 92 109 129 146 213 342 498 762 1190 1823 2268 1788
 ... : 39 92 109 129 146 220 354 528 792 1206 1823 2271 1788
 ... : 39 92 109 130 143 218 350 544 819 1230 1829 2273 1788
 ... : 39 92 109 131 148 222 346 541 814 1256 1864 2275 1788
 ... : 39 92 109 131 149 224 352 547 826 1266 1874 2282 1788
 ... : 39 92 109 131 149 224 352 545 825 1262 1924 2306 1788
 ... : 39 92 109 131 149 224 352 545 824 1258 1926 2374 1788
 ... : 39 92 109 131 149 224 351 543 823 1255 1930 2439 1795
 ... : 39 92 109 131 149 224 350 542 823 1256 1923 2461 1859
 ... : 39 92 109 131 149 224 350 542 825 1257 1929 2485 1923
 ... : 39 92 109 131 149 224 350 541 823 1261 1943 2522 1990
 ... : 39 92 109 131 149 224 350 541 823 1259 1939 2516 2084
 ... : 39 92 109 131 149 224 350 541 823 1263 1946 2549 2154
  14 : 39 92 109 130 137 173 274 385 600 941 1414 1999 2213 878
 ... : 39 92 109 130 137 173 274 385 600 941 1416 2007 2258 926
 ... : 39 92 109 130 137 173 274 385 600 941 1416 2006 2301 1002
 ... : 39 92 109 130 137 173 274 385 600 941 1415 1997 2310 1066
 ... : 39 92 109 130 137 173 274 385 600 941 1416 2000 2337 1135
 ... : 39 92 109 130 137 173 274 385 600 941 1416 2006 2362 1211
  15 : 39 92 109 130 137 173 274 385 600 939 1399 1952 2244 988 389
 ... : 39 92 109 130 137 173 274 385 600 939 1399 1955 2269 1032 444
 ... : 39 92 109 130 137 173 274 385 600 939 1399 1957 2288 1091 477
 ... : 39 92 109 130 137 173 274 385 600 939 1398 1956 2290 1134 535
 ... : 39 92 109 130 137 173 274 385 600 939 1398 1956 2299 1159 599
 ... : 39 92 109 130 137 173 274 385 600 939 1405 1972 2317 1199 629
 ... : 39 92 109 130 137 173 273 385 596 931 1398 1972 2331 1218 629
 ... : 39 92 109 130 137 173 273 385 596 931 1391 1967 2323 1228 660
 ... : 39 92 109 130 137 173 273 385 596 931 1391 1971 2349 1285 681
 ... : 39 92 109 130 137 173 273 385 595 947 1412 1993 2355 1309 691
 ... : 39 92 109 130 137 173 273 385 594 945 1409 1998 2388 1316 691
 ... : 39 92 109 130 137 173 273 385 594 944 1404 2010 2425 1374 691
 ... : 39 92 109 130 137 173 273 385 594 943 1399 2005 2437 1431 696
 ... : 39 92 109 130 137 173 273 385 594 943 1399 2003 2443 1488 762
 ... : 39 92 109 130 137 173 273 385 594 943 1399 2004 2468 1537 816
 ... : 39 92 109 130 137 173 273 385 593 941 1400 2011 2489 1583 859
 ... : 39 92 109 130 137 173 273 385 593 941 1400 2016 2512 1629 908
 ... : 39 92 109 130 137 173 273 385 593 941 1399 2022 2541 1684 947
 ... : 39 92 109 130 137 173 273 385 593 941 1399 2025 2554 1735 1006
 ... : 39 92 109 130 137 173 273 385 593 941 1399 2024 2562 1776 1054
 ... : 39 92 109 130 137 173 273 385 593 940 1397 2020 2549 1827 1108
 ... : 39 92 109 130 137 173 273 385 593 939 1395 2020 2563 1884 1163
 ... : 39 92 109 130 137 173 273 385 592 939 1393 2021 2579 1926 1197
 ... : 39 92 109 130 137 173 273 385 592 939 1392 2018 2590 1977 1254
 ... : 39 92 109 130 137 173 273 385 592 939 1390 2018 2595 2026 1322
 ... : 39 92 109 130 137 173 273 385 592 939 1389 2014 2584 2055 1385
 ... : 39 92 109 130 137 173 273 385 592 939 1389 2014 2596 2109 1444
 ... : 39 92 109 130 137 173 273 385 592 938 1389 2013 2598 2136 1522
 ... : 39 92 109 130 137 173 273 385 592 938 1389 2010 2600 2183 1586
 ... : 39 92 109 130 137 173 273 385 592 938 1391 2015 2617 2236 1630
 ... : 39 92 109 130 137 173 273 385 592 938 1388 2017 2627 2282 1678
 ... : 39 92 109 130 137 173 273 385 592 938 1388 2016 2648 2345 1707
 ... : 39 92 109 130 137 173 273 385 592 938 1388 2017 2661 2409 1729
 ... : 39 92 109 130 137 173 273 385 592 938 1386 2018 2677 2466 1762
 ... : 39 92 109 130 137 173 273 385 592 938 1386 2020 2681 2520 1809
 ... : 39 92 109 130 137 173 273 385 592 938 1386 2018 2688 2560 1886
 ... : 39 92 109 130 137 173 273 385 592 938 1386 2023 2699 2600 1953
 ... : 39 92 109 130 137 173 273 385 592 938 1385 2019 2707 2635 2034
 ... : 39 92 109 130 137 173 273 385 592 938 1384 2018 2696 2660 2124
 ... : 39 92 109 130 137 173 273 385 592 938 1384 2018 2695 2689 2203
 ... : 39 92 109 130 137 173 273 385 592 938 1385 2027 2715 2720 2273
 ... : 39 92 109 130 137 173 273 385 592 938 1385 2031 2720 2744 2355
 ... : 39 92 109 130 137 173 273 385 592 938 1385 2029 2718 2779 2431
  16 : 39 92 109 130 134 167 262 371 565 849 1124 1504 1849 2590 2663 958
 ... : 39 92 109 130 134 167 262 371 565 849 1124 1504 1849 2596 2714 1024
 ... : 39 92 109 130 134 167 262 371 565 849 1124 1504 1849 2599 2757 1101
 ... : 39 92 109 130 134 167 262 371 565 849 1124 1505 1859 2618 2787 1130
 ... : 39 92 109 130 134 167 262 371 565 849 1124 1503 1850 2620 2819 1174
 ... : 39 92 109 130 134 167 262 371 565 849 1124 1503 1851 2629 2857 1238
 ... : 39 92 109 130 134 167 262 374 571 858 1128 1507 1852 2627 2855 1322
 ... : 39 92 109 130 134 167 262 373 569 851 1127 1508 1860 2636 2871 1368
 ... : 39 92 109 130 134 167 262 373 569 851 1127 1509 1867 2647 2891 1429
 ... : 39 92 109 130 134 167 262 373 569 851 1127 1508 1866 2641 2917 1489
 ... : 39 92 109 130 134 167 262 373 569 851 1127 1508 1866 2641 2948 1562
  17 : 39 92 109 130 134 167 261 372 561 843 1101 1447 1744 2239 2640 1532 686
 ... : 39 92 109 130 134 167 261 372 561 843 1101 1447 1744 2238 2645 1561 754
 ... : 39 92 109 130 134 167 261 372 561 843 1101 1448 1747 2252 2677 1618 774
 ... : 39 92 109 130 134 167 261 372 561 843 1101 1448 1747 2256 2695 1663 818
 ... : 39 92 109 130 134 167 261 372 561 843 1101 1448 1747 2256 2711 1718 871
 ... : 39 92 109 130 134 167 261 372 561 843 1101 1448 1747 2258 2724 1771 927
 ... : 39 92 109 130 134 167 261 372 561 843 1101 1448 1747 2257 2733 1827 980
 ... : 39 92 109 130 134 167 261 372 561 843 1101 1448 1747 2264 2750 1879 1023
 ... : 39 92 109 130 134 167 261 372 561 843 1101 1448 1747 2267 2762 1917 1087
 ... : 39 92 109 130 134 167 261 372 561 843 1101 1448 1749 2278 2796 1964 1108
 ... : 39 92 109 130 134 167 261 372 561 843 1101 1449 1751 2286 2825 2013 1148
 ... : 39 92 109 130 134 167 261 372 561 843 1101 1449 1755 2302 2853 2054 1173
 ... : 39 92 109 130 134 167 261 372 561 843 1101 1449 1755 2303 2888 2118 1189
 ... : 39 92 109 130 134 167 261 372 561 843 1101 1449 1754 2302 2915 2173 1218
 ... : 39 92 109 130 134 167 261 372 561 843 1101 1449 1754 2305 2929 2239 1249
 ... : 39 92 109 130 134 167 261 372 561 843 1101 1449 1754 2306 2938 2291 1307
 ... : 39 92 109 130 134 167 261 372 561 843 1101 1450 1756 2309 2954 2341 1363
 ... : 39 92 109 130 134 167 261 372 561 843 1101 1450 1755 2311 2970 2390 1421
 ... : 39 92 109 130 134 167 261 372 561 843 1101 1450 1756 2313 2985 2444 1466
 ... : 39 92 109 130 134 167 261 372 561 843 1101 1451 1759 2318 2998 2487 1515
 ... : 39 92 109 130 134 167 261 372 561 843 1101 1451 1759 2317 3003 2535 1582
 ... : 39 92 109 130 134 167 261 372 561 843 1101 1451 1759 2319 3007 2574 1623
 ... : 39 92 109 130 134 167 261 372 561 843 1101 1451 1758 2324 3021 2611 1676
 ... : 39 92 109 130 134 167 261 372 561 843 1101 1451 1757 2322 3045 2660 1718
 ... : 39 92 109 130 134 167 261 372 561 843 1101 1451 1757 2321 3053 2701 1796
 ... : 39 92 109 130 134 167 261 372 561 843 1101 1451 1757 2321 3067 2748 1865
 ... : 39 92 109 130 134 167 261 372 561 843 1101 1451 1757 2321 3071 2781 1946
 ... : 39 92 109 130 134 167 261 372 561 843 1101 1451 1757 2321 3078 2817 2023
 ... : 39 92 109 130 134 167 261 372 561 843 1101 1451 1759 2321 3083 2851 2079
 ... : 39 92 109 130 134 167 261 372 561 843 1102 1458 1766 2336 3114 2893 2104
 ... : 39 92 109 130 134 167 261 372 561 843 1102 1458 1771 2346 3134 2931 2153
 ... : 39 92 109 130 134 167 261 372 561 843 1102 1458 1773 2347 3140 2970 2217
 ... : 39 92 109 130 134 167 261 372 561 847 1113 1462 1785 2358 3162 2988 2217
 ... : 39 92 109 130 134 167 261 373 562 847 1114 1462 1785 2367 3177 3026 2269
 ... : 39 92 109 130 134 168 262 373 562 851 1124 1470 1795 2378 3192 3034 2269
 ... : 39 92 109 130 131 167 261 375 565 854 1129 1475 1796 2390 3207 3049 2269
 ... : 39 93 114 144 149 194 288 403 572 854 1129 1475 1796 2390 3207 3049 2269
 ... : 39 93 114 144 149 194 289 405 609 903 1131 1475 1796 2390 3207 3049 2269
 ... : 39 93 114 144 149 194 289 406 602 920 1197 1482 1796 2390 3207 3050 2269
 ... : 39 93 114 144 149 194 289 406 593 900 1192 1552 1805 2390 3207 3050 2269
 ... : 39 93 114 144 149 194 289 402 596 896 1178 1533 1874 2394 3207 3052 2269
 ... : 39 93 116 148 155 201 297 425 615 904 1181 1534 1875 2394 3207 3054 2269
 ... : 39 93 116 148 155 200 297 420 609 925 1210 1534 1877 2395 3207 3054 2269
 ... : 39 93 116 148 155 200 297 420 606 914 1197 1574 1892 2398 3213 3054 2269
 ... : 39 93 116 148 155 200 297 420 606 911 1192 1563 1926 2432 3215 3056 2269
 ... : 39 93 116 148 155 200 297 420 608 914 1194 1559 1933 2455 3220 3057 2269
 ... : 39 93 116 148 155 200 297 420 607 914 1192 1548 1926 2546 3221 3057 2269
 ... : 39 93 116 148 155 200 297 420 607 914 1191 1546 1904 2551 3316 3063 2269
 ... : 39 93 116 148 155 200 297 420 606 913 1190 1542 1897 2561 3397 3068 2269
 ... : 39 93 116 148 155 200 297 420 605 913 1190 1539 1883 2558 3454 3105 2271
 ... : 39 93 116 148 155 200 297 419 605 911 1190 1538 1877 2544 3466 3191 2272
 ... : 39 93 116 148 155 200 297 419 605 911 1188 1533 1875 2539 3463 3279 2276
 ... : 39 93 116 148 155 200 297 419 604 911 1187 1530 1872 2529 3442 3353 2300
 ... : 39 93 116 148 155 200 297 418 599 907 1182 1523 1864 2519 3428 3331 2381
 ... : 39 93 116 148 155 200 297 418 599 907 1182 1521 1864 2518 3421 3328 2490
 ... : 39 93 116 148 155 200 297 418 599 906 1182 1520 1862 2516 3401 3331 2575
 ... : 39 93 116 148 155 200 297 418 599 906 1182 1520 1862 2516 3401 3347 2670
 ... : 39 93 116 148 155 200 297 418 599 906 1182 1520 1862 2517 3404 3365 2749
 ... : 39 93 116 148 155 200 297 418 599 906 1182 1520 1861 2515 3399 3376 2825
  18 : 39 93 115 146 150 197 255 374 530 831 1030 1270 1398 1742 2369 2858 2978 1659
 ... : 39 93 115 146 150 197 255 374 530 831 1030 1270 1396 1737 2356 2864 3005 1707
 ... : 39 93 115 146 150 197 255 374 530 831 1030 1270 1396 1744 2375 2893 3054 1726
 ... : 39 93 115 146 150 197 255 374 530 831 1030 1270 1396 1744 2374 2896 3100 1803
 ... : 39 93 115 146 150 197 255 374 530 831 1030 1270 1396 1745 2373 2901 3123 1846
 ... : 39 93 115 146 150 197 255 374 530 831 1030 1270 1396 1745 2376 2921 3159 1906
 ... : 39 93 115 146 150 197 255 374 530 831 1030 1270 1396 1745 2377 2936 3203 1955
 ... : 39 93 115 146 150 197 255 374 530 831 1030 1270 1396 1745 2377 2936 3234 2016
 ... : 39 93 115 146 150 197 255 374 530 831 1030 1270 1396 1742 2375 2939 3283 2051
 ... : 39 93 115 146 150 197 255 374 530 831 1030 1270 1396 1741 2378 2964 3321 2097
 ... : 39 93 115 146 150 197 255 374 530 831 1030 1270 1396 1742 2376 2982 3361 2140
 ... : 39 93 115 146 150 197 255 374 530 831 1030 1270 1396 1740 2368 2990 3398 2184
 ... : 39 93 115 146 150 197 255 374 530 831 1030 1270 1394 1740 2376 3008 3440 2193
 ... : 39 93 115 146 150 197 255 374 530 831 1030 1270 1394 1738 2374 3020 3482 2240
 ... : 39 93 115 146 150 197 255 374 530 831 1030 1270 1393 1737 2381 3044 3513 2258
 ... : 39 93 115 146 150 197 255 374 530 831 1030 1270 1393 1736 2378 3040 3535 2306
 ... : 39 93 115 146 150 197 255 374 530 831 1030 1270 1392 1735 2380 3056 3577 2353
 ... : 39 93 115 146 150 197 255 374 530 831 1030 1269 1390 1734 2378 3050 3607 2396
 ... : 39 93 115 146 150 197 255 374 530 831 1030 1269 1390 1733 2377 3050 3648 2452
 ... : 39 93 115 146 150 197 255 374 530 831 1030 1269 1390 1725 2369 3069 3687 2487
 ... : 39 93 115 146 150 197 255 374 530 831 1030 1269 1390 1724 2365 3072 3725 2540
 ... : 39 93 115 146 150 197 255 374 530 831 1030 1269 1390 1724 2364 3076 3764 2604
 ... : 39 93 115 146 150 197 255 374 530 831 1030 1270 1393 1731 2367 3080 3769 2664
 ... : 39 93 115 146 150 197 255 374 530 831 1030 1271 1395 1739 2384 3099 3805 2698
 ... : 39 93 115 146 150 197 255 374 530 831 1031 1274 1398 1745 2391 3123 3838 2721
 ... : 39 93 115 146 150 197 255 374 530 831 1031 1274 1398 1745 2391 3137 3884 2784
 ... : 39 93 115 146 150 197 255 374 530 831 1031 1275 1403 1752 2398 3150 3916 2816
 ... : 39 93 115 146 150 197 255 374 530 831 1031 1276 1405 1754 2405 3167 3931 2873
 ... : 39 93 115 146 150 197 255 374 530 831 1032 1278 1414 1761 2418 3194 3967 2902
  19 : 39 93 115 146 150 197 255 372 530 821 1020 1236 1344 1504 1820 2207 2834 3274 2053
 ... : 39 93 115 146 150 197 255 372 530 821 1020 1236 1344 1504 1824 2216 2841 3308 2096
 ... : 39 93 115 146 150 197 255 372 530 821 1020 1236 1344 1504 1824 2217 2854 3341 2158
 ... : 39 93 115 146 150 197 255 372 530 821 1020 1236 1344 1504 1824 2215 2863 3381 2236
 ... : 39 93 115 146 150 197 255 372 530 821 1020 1236 1344 1504 1824 2215 2869 3415 2308
 ... : 39 93 115 146 150 197 255 372 530 821 1020 1236 1344 1504 1824 2216 2873 3456 2382
 ... : 39 93 115 146 150 197 255 372 530 821 1020 1236 1344 1504 1824 2220 2886 3492 2438
 ... : 39 93 115 146 150 197 255 372 530 821 1020 1236 1344 1504 1831 2233 2913 3532 2469
 ... : 39 93 115 146 150 197 255 372 530 821 1020 1236 1344 1504 1832 2234 2913 3556 2532
 ... : 39 93 115 146 150 197 255 372 530 821 1020 1234 1344 1507 1843 2270 2938 3560 2533
 ... : 39 93 115 146 150 197 255 372 530 821 1020 1234 1344 1507 1844 2274 2964 3625 2550
 ... : 39 93 115 146 150 197 255 372 530 821 1020 1234 1344 1508 1844 2272 2965 3668 2603
 ... : 39 93 115 146 150 197 255 372 530 821 1020 1234 1344 1508 1853 2299 3013 3710 2604
 ... : 39 93 115 146 150 197 255 372 530 821 1020 1234 1344 1512 1856 2315 3033 3752 2631
 ... : 39 93 115 146 150 197 255 372 530 821 1020 1234 1344 1513 1867 2333 3058 3777 2666
 ... : 39 93 115 146 150 197 255 372 530 821 1020 1234 1344 1513 1867 2330 3067 3826 2736
 ... : 39 93 115 146 150 197 255 372 530 821 1020 1234 1344 1513 1866 2329 3077 3863 2813
  20 : 39 93 115 146 150 197 255 372 530 818 1006 1209 1282 1388 1579 2040 2485 3672 2453 1500
 ... : 39 93 115 146 150 198 259 379 539 829 1018 1216 1284 1391 1580 2040 2485 3672 2462 1505
 ... : 39 93 115 146 150 198 259 379 539 828 1015 1218 1291 1396 1582 2038 2493 3682 2474 1511
 ... : 39 97 124 162 171 222 283 383 539 828 1015 1218 1291 1397 1582 2038 2493 3682 2474 1511
 ... : 39 97 124 162 171 225 292 419 591 832 1015 1218 1291 1397 1582 2038 2493 3682 2474 1510
 ... : 39 97 124 162 171 225 292 416 585 896 1028 1218 1291 1397 1582 2037 2487 3670 2471 1510
 ... : 39 97 124 162 171 225 292 414 574 879 1085 1250 1292 1397 1582 2037 2487 3670 2471 1510
 ... : 39 97 124 162 171 225 292 414 564 861 1059 1305 1321 1398 1582 2037 2487 3669 2471 1510
 ... : 39 97 124 162 171 225 292 414 562 856 1047 1285 1382 1417 1583 2037 2487 3669 2471 1511
 ... : 39 97 124 162 171 225 292 414 561 856 1042 1265 1365 1497 1600 2037 2487 3669 2471 1511
 ... : 39 97 124 162 171 225 292 414 559 853 1035 1259 1357 1505 1646 2043 2488 3668 2472 1511
 ... : 39 97 124 162 171 225 292 414 559 850 1033 1253 1341 1479 1696 2079 2490 3668 2472 1511
 ... : 39 97 124 162 171 225 292 414 559 848 1033 1252 1334 1457 1663 2142 2503 3673 2472 1511
 ... : 39 97 124 162 171 225 292 414 559 847 1033 1252 1324 1451 1646 2139 2561 3667 2473 1511
 ... : 39 97 124 164 173 226 292 413 560 851 1035 1255 1328 1452 1633 2118 2601 3678 2473 1511
 ... : 39 98 126 170 183 241 305 432 562 854 1037 1256 1328 1452 1633 2118 2601 3677 2473 1516
 ... : 39 98 126 170 183 238 299 421 567 858 1066 1266 1328 1452 1633 2118 2601 3677 2473 1512
 ... : 39 98 126 170 183 238 297 417 566 854 1048 1272 1355 1473 1637 2118 2601 3678 2474 1514
 ... : 39 98 126 170 183 238 297 417 563 851 1047 1264 1336 1473 1662 2154 2612 3678 2474 1515
 ... : 39 98 126 170 182 238 297 417 563 850 1047 1263 1334 1469 1649 2137 2639 3691 2477 1515
 ... : 39 98 126 170 182 238 297 417 563 848 1044 1258 1332 1462 1641 2108 2620 3755 2481 1515
 ... : 39 98 126 170 182 238 297 417 562 843 1042 1254 1326 1461 1637 2095 2573 3748 2537 1515
 ... : 39 98 126 170 182 238 297 417 562 842 1042 1254 1326 1460 1636 2092 2562 3750 2618 1545
 ... : 39 98 126 170 182 237 297 417 562 842 1041 1251 1324 1460 1631 2090 2554 3723 2641 1593
 ... : 39 98 126 170 182 237 297 417 562 842 1041 1251 1326 1467 1642 2100 2567 3738 2638 1599
 ... : 39 98 126 170 182 237 297 417 562 842 1042 1250 1329 1465 1643 2103 2574 3749 2664 1622
 ... : 39 98 126 170 182 237 297 417 562 842 1044 1250 1327 1472 1647 2118 2586 3759 2664 1623
 ... : 39 98 126 170 182 237 297 417 562 842 1043 1252 1331 1480 1657 2124 2595 3778 2677 1624
 ... : 39 98 126 170 182 237 299 418 561 840 1042 1254 1336 1491 1666 2130 2595 3778 2678 1624
 ... : 39 98 126 170 182 237 299 418 561 840 1042 1256 1332 1478 1652 2112 2570 3779 2678 1624
 ... : 39 98 126 170 182 237 299 418 561 839 1041 1250 1325 1468 1648 2106 2576 3787 2673 1626
 ... : 39 98 126 170 182 237 299 417 561 838 1039 1248 1327 1468 1643 2095 2562 3784 2672 1627
 ... : 39 98 126 170 182 237 299 417 561 839 1038 1249 1323 1467 1641 2097 2562 3741 2658 1645
 ... : 39 98 126 170 182 237 297 415 564 841 1045 1255 1331 1473 1639 2101 2566 3740 2659 1644
 ... : 39 98 126 170 182 239 301 419 569 844 1051 1260 1337 1476 1644 2105 2575 3754 2661 1643
 ... : 39 98 126 170 183 238 298 415 561 838 1037 1246 1325 1470 1638 2096 2568 3743 2661 1643
 ... : 39 98 126 170 183 238 298 415 561 838 1037 1246 1325 1470 1638 2095 2567 3748 2677 1634
 ... : 39 98 126 170 183 238 298 414 561 837 1034 1244 1325 1466 1634 2091 2558 3716 2679 1694
 ... : 39 98 126 170 183 238 298 414 561 836 1034 1244 1325 1466 1633 2091 2555 3687 2646 1760
 ... : 39 98 126 170 183 238 298 414 561 836 1034 1244 1325 1466 1634 2097 2567 3708 2692 1774
 ... : 39 98 126 170 183 238 298 414 561 836 1034 1244 1325 1466 1634 2097 2569 3719 2748 1823
 ... : 39 98 126 170 183 238 298 414 561 836 1034 1244 1325 1466 1634 2099 2571 3722 2796 1875
 ... : 39 98 126 170 183 238 298 414 561 836 1034 1244 1325 1466 1635 2100 2574 3734 2859 1913
 ... : 39 98 126 170 183 238 298 414 561 836 1034 1244 1325 1466 1635 2100 2573 3730 2905 1979
 ... : 39 98 126 170 183 238 298 414 561 836 1034 1244 1325 1466 1635 2096 2573 3730 2950 2020
 ... : 39 98 126 170 183 238 298 414 561 836 1034 1244 1325 1466 1635 2099 2578 3748 2984 2074
 ... : 39 98 126 170 183 238 298 414 561 836 1034 1244 1325 1466 1636 2101 2583 3765 3019 2113
 ... : 39 98 126 170 183 238 298 414 561 836 1034 1244 1325 1466 1635 2101 2582 3779 3067 2168
 ... : 39 98 126 170 183 238 298 414 561 836 1034 1244 1325 1466 1637 2110 2604 3815 3103 2174
 ... : 39 98 126 170 183 238 298 414 561 836 1034 1244 1325 1466 1637 2114 2610 3845 3160 2190
 ... : 39 98 126 170 183 238 298 414 561 836 1034 1244 1325 1467 1635 2116 2628 3872 3204 2207
 ... : 39 98 126 170 183 238 298 414 561 836 1034 1244 1325 1467 1635 2121 2646 3916 3251 2207
 ... : 39 98 126 170 183 238 298 414 561 836 1034 1244 1325 1467 1634 2121 2651 3945 3309 2226
 ... : 39 98 126 170 183 238 298 414 561 836 1034 1244 1325 1467 1627 2128 2660 3926 3317 2260
 ... : 39 98 126 170 183 238 298 414 561 836 1034 1244 1324 1466 1640 2146 2678 3958 3318 2260
 ... : 39 98 126 170 183 238 298 414 561 836 1034 1244 1324 1463 1639 2148 2695 3996 3352 2263
 ... : 39 98 126 170 183 238 298 414 561 836 1034 1244 1324 1462 1638 2156 2716 4019 3386 2264
 ... : 39 98 126 170 183 238 298 413 561 836 1033 1241 1323 1458 1635 2163 2737 4040 3371 2240
 ... : 39 98 126 170 183 238 298 413 561 836 1033 1241 1323 1453 1631 2170 2772 4089 3374 2240
 ... : 39 98 126 170 183 238 298 413 561 836 1033 1241 1323 1453 1632 2176 2790 4118 3422 2244
 ... : 39 98 126 170 183 238 298 413 561 836 1033 1241 1322 1453 1634 2185 2807 4156 3459 2247
 ... : 39 98 126 170 183 238 298 413 561 836 1033 1241 1322 1453 1633 2185 2807 4174 3514 2247
 ... : 39 98 126 170 183 238 298 413 561 836 1033 1241 1322 1452 1631 2177 2802 4173 3564 2248
 ... : 39 98 126 170 183 238 298 413 561 836 1033 1240 1323 1454 1632 2185 2815 4195 3591 2266
 ... : 39 98 126 170 183 238 298 413 561 836 1033 1240 1322 1454 1631 2197 2831 4220 3618 2296
 ... : 39 98 126 170 183 238 298 413 561 836 1033 1240 1322 1454 1631 2196 2830 4231 3670 2343
 ... : 39 98 126 170 183 238 298 413 561 836 1033 1240 1322 1453 1625 2193 2831 4246 3715 2392
 ... : 39 98 126 170 183 238 298 413 561 836 1033 1240 1322 1452 1623 2191 2824 4242 3736 2483
 ... : 39 98 126 170 183 238 298 413 561 836 1033 1240 1320 1451 1615 2186 2813 4255 3771 2515
 ... : 39 98 126 170 183 238 298 413 561 836 1033 1240 1319 1451 1613 2184 2808 4248 3796 2583
 ... : 39 98 126 170 183 238 298 413 561 836 1033 1240 1319 1451 1613 2183 2808 4250 3819 2651
 ... : 39 98 126 170 183 238 298 413 561 836 1033 1240 1319 1451 1613 2180 2808 4243 3819 2739
 ... : 39 98 126 170 183 238 298 413 561 836 1033 1240 1319 1451 1612 2173 2800 4237 3824 2804
 ... : 39 98 126 170 183 238 298 413 561 836 1033 1240 1319 1451 1609 2164 2792 4233 3852 2864
 ... : 39 98 126 170 183 238 298 413 561 836 1033 1240 1319 1451 1609 2163 2791 4233 3875 2937
 ... : 39 98 126 170 183 238 298 413 561 836 1033 1240 1319 1451 1609 2163 2794 4249 3924 2986
 ... : 39 98 126 170 183 238 298 413 561 836 1033 1240 1319 1454 1613 2169 2799 4257 3956 3032
 ... : 39 98 126 170 183 238 298 413 561 836 1033 1240 1319 1454 1613 2167 2796 4260 3991 3088
 ... : 39 98 126 170 183 238 298 413 561 836 1033 1240 1319 1454 1613 2165 2786 4257 4042 3141
 ... : 39 98 126 170 183 238 298 413 561 836 1033 1240 1319 1454 1613 2166 2790 4275 4084 3195
 ... : 39 98 126 170 183 238 298 413 561 836 1033 1240 1319 1454 1613 2167 2791 4285 4123 3247
  21 : 39 98 122 171 172 233 280 364 521 758 955 1139 1196 1102 1033 1174 1142 1436 1967 2503 6144
 ... : 39 98 122 171 172 233 280 364 521 758 955 1139 1196 1102 1033 1174 1143 1438 1981 2534 6202
 ... : 39 98 122 171 172 234 280 363 521 763 959 1139 1196 1103 1033 1174 1146 1439 1983 2542 6224
 ... : 39 98 122 171 171 246 296 381 535 765 960 1140 1196 1103 1033 1174 1146 1439 1983 2542 6224
 ... : 39 98 122 171 171 246 295 382 540 783 985 1158 1199 1103 1033 1174 1146 1439 1983 2542 6224
 ... : 39 98 122 171 171 246 294 384 545 795 992 1171 1201 1104 1033 1174 1146 1439 1983 2542 6224
 ... : 39 98 122 171 171 246 294 384 545 795 992 1181 1215 1104 1033 1174 1146 1439 1983 2542 6224
 ... : 39 98 122 171 171 246 294 389 549 807 1011 1187 1217 1110 1034 1174 1146 1439 1983 2542 6224
 ... : 39 98 122 171 171 244 296 396 561 814 1015 1191 1222 1110 1035 1175 1146 1439 1983 2542 6224
 ... : 39 98 122 171 171 244 296 399 560 804 1008 1190 1228 1113 1038 1175 1146 1439 1983 2542 6224
 ... : 39 98 122 171 171 244 295 398 558 801 1000 1182 1224 1135 1044 1175 1146 1439 1983 2542 6224
 ... : 39 98 122 171 171 243 290 393 550 793 993 1178 1224 1140 1063 1201 1149 1439 1983 2542 6224
 ... : 39 98 122 171 171 243 290 391 553 791 994 1178 1223 1143 1071 1201 1149 1439 1983 2542 6224
 ... : 39 98 122 171 171 243 290 391 553 791 994 1177 1223 1141 1071 1210 1178 1444 1983 2542 6224
 ... : 39 98 122 171 171 243 290 391 553 791 994 1176 1222 1137 1069 1207 1178 1478 1985 2542 6224
 ... : 39 98 122 171 171 243 290 391 553 791 994 1176 1222 1136 1071 1211 1189 1494 2020 2542 6226
 ... : 39 98 122 171 171 243 290 391 553 791 993 1176 1222 1137 1072 1215 1190 1494 2045 2563 6226
 ... : 39 98 122 171 171 243 290 390 552 790 992 1175 1221 1136 1073 1218 1196 1507 2052 2590 6227
 ... : 39 98 122 171 171 243 290 391 554 792 994 1179 1224 1138 1077 1225 1201 1509 2057 2599 6227
 ... : 39 98 122 171 171 243 290 391 553 792 995 1180 1225 1141 1078 1223 1204 1512 2063 2610 6228
 ... : 39 98 122 171 171 243 290 391 553 792 997 1183 1226 1139 1079 1225 1207 1510 2065 2624 6232
 ... : 39 98 122 171 171 243 290 391 553 796 1001 1188 1232 1145 1085 1234 1216 1518 2069 2631 6234
 ... : 39 98 122 171 171 243 290 391 553 796 1001 1188 1232 1145 1085 1232 1213 1516 2070 2637 6242
 ... : 39 98 122 171 171 243 290 391 553 796 1001 1188 1230 1143 1087 1242 1222 1523 2073 2637 6248
 ... : 39 98 122 171 171 243 290 391 553 796 1001 1188 1230 1143 1087 1245 1225 1526 2080 2649 6262
 ... : 39 98 122 171 171 243 290 391 552 796 1001 1187 1229 1142 1086 1247 1231 1540 2096 2662 6264
 ... : 39 98 122 171 171 243 290 391 552 795 999 1184 1228 1142 1087 1244 1231 1537 2086 2672 6317
 ... : 39 98 122 171 171 243 290 391 552 795 999 1184 1228 1142 1087 1244 1231 1540 2100 2720 6368
 ... : 39 98 122 171 171 243 290 391 552 795 999 1184 1228 1142 1087 1244 1231 1543 2112 2744 6422
 ... : 39 98 122 171 171 243 290 391 552 795 999 1184 1228 1142 1087 1244 1231 1542 2120 2776 6469
 ... : 39 98 122 171 171 243 290 391 552 795 999 1184 1228 1142 1087 1248 1234 1546 2128 2800 6519
 ... : 39 98 122 171 171 243 290 391 552 795 999 1184 1228 1142 1087 1249 1251 1577 2155 2833 6534
  22 : 39 98 122 171 169 238 285 369 534 764 960 1149 1217 1090 1066 1185 1175 1366 1879 2498 3043 4319
 ... : 39 98 122 171 169 238 285 369 534 764 960 1149 1217 1090 1066 1185 1175 1364 1876 2502 3074 4389
 ... : 39 98 122 171 169 238 285 369 534 764 960 1149 1217 1090 1066 1185 1175 1370 1889 2524 3115 4425
 ... : 39 98 122 171 169 238 285 369 534 764 960 1149 1217 1090 1066 1185 1174 1369 1890 2531 3150 4479
 ... : 39 98 122 171 169 238 285 369 534 764 960 1149 1217 1090 1066 1185 1174 1370 1894 2551 3195 4526
 ... : 39 98 122 171 169 238 285 369 534 764 960 1149 1217 1090 1066 1185 1174 1371 1903 2572 3232 4565
 ... : 39 98 122 171 169 238 285 369 534 764 960 1149 1217 1090 1066 1185 1174 1373 1908 2585 3264 4615
 ... : 39 98 122 171 169 238 285 369 534 764 960 1149 1217 1090 1066 1185 1177 1382 1922 2610 3292 4637
 ... : 39 98 122 171 169 238 285 369 534 764 960 1149 1217 1090 1066 1185 1177 1384 1931 2629 3329 4689
 ... : 39 98 122 171 169 238 285 369 534 764 960 1149 1217 1090 1066 1185 1179 1385 1935 2649 3364 4729
 ... : 39 98 122 171 169 238 285 369 534 764 960 1149 1217 1090 1066 1185 1178 1383 1935 2656 3399 4789
 ... : 39 98 122 171 169 238 285 369 534 764 960 1149 1217 1090 1066 1185 1177 1380 1934 2665 3431 4829
 ... : 39 98 122 171 169 238 285 369 534 764 960 1149 1217 1090 1066 1185 1177 1380 1932 2665 3452 4904
  23 : 39 98 122 171 169 238 285 369 534 763 958 1148 1206 1090 1053 1136 1139 1293 1746 2381 3333 2972 2569
 ... : 39 98 122 171 169 238 285 369 534 763 958 1148 1206 1090 1053 1136 1139 1293 1745 2374 3329 3008 2624
 ... : 39 98 122 171 169 238 285 369 534 763 958 1148 1206 1090 1053 1136 1139 1292 1745 2376 3335 3048 2687
 ... : 39 98 122 171 169 238 285 369 534 763 958 1148 1206 1090 1053 1136 1139 1291 1744 2372 3340 3084 2743
 ... : 39 98 122 171 169 238 285 369 534 763 958 1148 1206 1090 1053 1136 1139 1291 1748 2394 3368 3118 2766
 ... : 39 98 122 171 169 238 285 369 534 762 958 1148 1204 1087 1053 1136 1139 1291 1747 2393 3367 3139 2802
 ... : 39 98 122 171 169 238 285 369 534 762 958 1148 1204 1087 1053 1136 1139 1291 1749 2395 3376 3179 2847
 ... : 39 98 122 171 169 238 285 369 534 762 958 1148 1204 1087 1053 1136 1139 1292 1750 2399 3390 3221 2892
 ... : 39 98 122 171 169 238 285 369 534 762 958 1148 1204 1087 1053 1136 1139 1296 1763 2417 3413 3249 2918
 ... : 39 98 122 171 169 238 285 369 534 762 958 1148 1204 1087 1053 1136 1139 1299 1767 2422 3423 3276 2952
 ... : 39 98 122 171 169 238 285 369 534 762 958 1148 1204 1087 1053 1136 1139 1298 1768 2422 3437 3312 3006
 ... : 39 98 122 171 169 238 285 369 534 762 958 1148 1204 1087 1053 1136 1139 1299 1769 2424 3439 3328 3074
