initialized model with 1698 latches, 9 inputs and 1 properties
tsim: performed 4 steps
tsim: found cycle from 2
tsim: found 1319 constants and 0 latch equivalences
seqsimpl: (1698, 9) -> (379, 9)
checking bound 0
checking bound 1
checking bound 2
tdecomp: unrolling 2 cycles
tsim: reached all X state
tsim: performed 3 steps
tdecomp: no improvement found, reverting original model
   2 : 66 0
   3 : 66 74 2
   4 : 66 74 0 2
completing final invariant with sub-IC3 call...
num_solve_calls = 2179
num_solve_sat_calls = 703
num_solve_unsat_calls = 142
num_solve_approx_calls = 1067
num_solve_approx_unsat_calls = 508
num_solve_conflicts = 5717
num_solve_decisions = 110281
num_solve_propagations = 34545125
avg_solve_conflicts = 3
avg_solve_decisions = 51
avg_solve_propagations = 15854
avg_solve_unsat_decisions = 0.923
stddev_solve_unsat_decisions = 2.732
num_added_cubes = 146
num_subsumed_cubes = 4
num_gc_frame = 6
num_reset = 0
num_try_blocking = 884
get_bad_cube_time = 6.551
rec_block_cube_time = 1.023
propagate_forward_time = 0.638
generalize_model_time = 3.827
generalize_and_push_time = 0.800
try_blocking_time = 1.653
reset_time = 0.000
clausify_time = 1.842
preprocess_time = 0.234
solve_time = 8.163
solve_sat_time = 3.628
solve_unsat_time = 4.534
prove_time = 10.450
memory_used_mb = 42
total_time = 11.689
Safe
