initialized model with 464 latches, 468 inputs and 1 properties
tsim: performed 3 steps
tsim: found cycle from 1
checking bound 0
checking bound 1
checking bound 2
tdecomp: unrolling 2 cycles
tsim: performed 2 steps
tsim: found cycle from 0
tsim: found 1 constants and 0 latch equivalences
tdecomp: (464, 1872) -> (463, 1398)
   2 : 1 0
   3 : 1 4 0
   4 : 1 4 5 0
   5 : 1 4 11 28 0
   6 : 1 4 11 37 45 0
 ... : 1 5 22 85 79 31
 ... : 1 5 22 89 147 97
   7 : 1 5 22 89 163 153 1
   8 : 1 5 22 89 163 158 46 0
 ... : 1 5 26 108 211 167 60 24
 ... : 1 11 55 145 248 181 60 24
 ... : 1 11 62 202 322 181 60 24
 ... : 1 11 63 217 395 220 60 24
 ... : 1 11 63 224 429 327 60 24
 ... : 1 11 63 227 450 430 69 24
 ... : 1 11 63 226 485 474 114 24
 ... : 1 11 63 226 485 499 246 24
 ... : 1 11 63 226 502 559 276 24
 ... : 1 11 71 269 540 576 278 24
 ... : 1 11 71 277 618 629 278 24
 ... : 1 17 99 330 657 637 278 24
 ... : 2 4 11 302 712 637 278 24
 ... : 2 4 11 297 782 693 278 24
 ... : 2 4 11 238 847 727 278 24
