initialized model with 110 latches, 26 inputs and 1 properties
tsim: performed 10 steps
tsim: found cycle from 8
tsim: found 29 constants and 0 latch equivalences
seqsimpl: (110, 26) -> (81, 26)
checking bound 0
checking bound 1
checking bound 2
tdecomp: unrolling 2 cycles
tsim: reached all X state
tsim: performed 7 steps
tdecomp: no improvement found, reverting original model
   2 : 1 1
   3 : 1 1 1
   4 : 1 1 2 0
   5 : 1 1 2 8 0
   6 : 1 1 3 11 12 0
   7 : 1 1 5 12 11 19 19
   8 : 1 1 5 8 10 14 8 3
   9 : 1 1 5 8 10 14 8 2 3
  10 : 1 1 5 8 10 14 8 2 2 4
 ... : 1 2 10 13 21 27 25 20 13 7
 ... : 1 2 11 13 17 20 32 30 30 37
 ... : 4 8 21 21 28 32 39 41 37 40
 ... : 15 31 40 38 35 39 45 44 37 40
  11 : 12 19 39 44 24 27 38 44 38 38 15
  12 : 12 19 39 44 24 27 38 44 38 38 14 5
 ... : 12 19 39 44 24 32 41 54 49 47 25 19
 ... : 15 28 51 50 32 40 47 54 49 56 31 19
 ... : 15 30 51 60 44 63 67 65 49 56 31 19
 ... : 15 30 51 60 44 63 73 79 66 70 48 35
 ... : 15 31 55 63 48 66 81 92 78 80 49 35
 ... : 15 31 55 65 51 70 87 97 79 86 67 55
 ... : 15 30 58 69 61 82 103 113 85 86 67 55
 ... : 15 31 60 70 66 90 117 127 103 91 67 55
 ... : 15 31 65 75 68 89 105 114 88 92 74 58
 ... : 15 29 54 59 37 42 59 83 91 89 75 58
 ... : 15 29 54 60 44 46 65 82 68 59 58 58
  13 : 10 25 49 45 34 36 42 66 62 60 58 45 28
  14 : 10 25 49 45 34 36 42 66 62 60 50 39 17 18
  15 : 10 25 49 45 34 36 42 66 62 60 50 39 17 11 13
  16 : 10 25 49 45 34 36 42 66 62 60 50 38 17 13 17 11
  17 : 10 25 49 45 34 36 42 66 62 60 50 38 17 13 17 19 7
  18 : 10 25 49 45 34 36 42 66 62 60 50 38 17 10 18 27 24 9
 ... : 10 25 49 45 34 36 42 65 61 55 52 41 17 16 21 32 26 15
  19 : 10 25 49 44 34 36 42 63 60 49 51 42 18 10 11 9 9 4 11
  20 : 10 25 49 44 34 36 42 63 60 49 51 42 18 10 11 9 9 4 1 10
  21 : 10 25 49 44 34 36 42 63 60 49 51 42 18 10 11 9 9 4 1 2 9
  22 : 10 25 49 44 34 36 42 63 60 49 51 42 18 10 11 9 9 4 1 2 4 10
  23 : 10 25 49 44 34 36 42 63 60 49 51 42 18 10 11 9 9 4 1 2 4 2 12
  24 : 10 25 49 44 34 36 42 63 60 49 51 42 18 10 11 9 9 4 2 3 4 3 4 12
  25 : 10 25 49 44 34 36 42 63 60 49 51 42 18 10 11 9 9 4 2 3 4 3 4 2 12
  26 : 10 25 49 44 34 36 42 63 60 49 51 42 18 10 11 9 9 4 2 3 4 3 4 2 2 13
 ... : 10 25 49 44 34 36 42 63 61 50 51 44 22 19 18 20 14 7 5 6 5 4 8 8 11 16
 ... : 10 25 49 44 34 36 42 63 61 50 51 44 22 20 21 25 22 21 17 19 21 5 8 8 11 23
 ... : 10 25 49 44 34 36 42 63 61 50 51 44 22 20 21 25 22 20 16 25 30 24 14 15 17 35
 ... : 10 25 49 44 34 36 42 63 61 50 51 43 22 20 21 25 22 22 18 29 36 31 28 30 23 48
 ... : 10 25 49 44 34 36 42 63 61 50 51 43 22 20 21 25 22 22 19 29 35 35 37 43 41 77
 ... : 10 25 49 44 34 36 42 58 59 46 52 44 26 23 30 34 32 29 21 30 37 40 43 45 41 77
 ... : 10 25 49 45 34 37 42 58 59 47 52 45 27 22 30 40 39 30 22 31 37 40 44 46 43 79
 ... : 10 25 49 45 34 37 42 58 59 46 52 48 31 27 40 46 45 30 24 35 42 48 49 48 44 81
 ... : 10 25 49 45 36 39 42 58 62 51 56 55 37 28 39 45 48 38 30 38 49 48 49 48 44 81
 ... : 10 25 49 45 36 39 42 58 62 50 54 55 41 36 47 52 52 44 38 42 49 48 49 48 44 81
 ... : 10 25 49 45 36 39 42 58 62 50 54 55 41 39 49 51 54 42 42 52 54 60 58 49 44 82
 ... : 10 25 49 45 36 39 42 58 62 50 54 55 41 39 49 51 55 42 42 52 55 69 79 71 45 82
 ... : 10 25 49 45 36 39 41 55 65 52 57 64 51 40 51 52 55 42 40 55 58 77 85 77 47 82
 ... : 10 25 49 45 36 39 41 55 69 59 62 68 60 55 67 54 55 42 40 55 58 77 85 77 47 82
 ... : 10 25 49 45 36 39 41 54 63 55 55 61 61 56 78 92 88 47 40 55 58 77 85 77 47 82
 ... : 10 25 49 45 36 39 41 54 63 57 56 61 60 62 86 96 105 87 40 55 58 77 85 77 47 82
 ... : 10 25 49 48 36 39 40 51 70 59 61 68 63 63 90 102 113 90 40 58 58 77 85 77 47 82
 ... : 10 25 49 48 36 39 40 51 70 59 61 68 63 62 89 106 120 108 85 61 58 77 85 77 47 82
 ... : 10 25 49 48 36 39 40 51 70 59 61 68 63 62 89 105 114 111 107 105 60 77 85 77 47 82
 ... : 10 25 49 48 36 39 40 51 70 59 61 68 63 62 87 109 113 117 125 126 63 77 85 77 47 82
 ... : 10 25 49 48 36 39 40 51 70 59 61 68 63 62 87 108 112 116 124 130 126 87 85 77 47 82
 ... : 10 25 49 48 36 39 40 51 70 59 61 68 63 62 87 108 107 113 120 128 130 123 92 79 47 82
 ... : 10 25 49 48 36 39 40 51 70 59 61 68 63 62 87 108 106 113 122 130 134 150 121 80 47 82
 ... : 10 25 49 48 36 39 40 51 70 59 61 68 63 62 87 108 106 114 120 131 138 159 171 108 47 82
 ... : 10 25 49 48 36 39 40 51 70 59 61 68 63 62 87 108 106 114 119 130 140 163 184 154 69 82
 ... : 10 25 49 48 36 39 40 51 70 59 61 68 63 62 87 108 106 114 119 130 145 169 193 176 106 84
 ... : 10 25 49 48 36 39 40 51 70 59 61 68 63 62 87 108 106 112 118 132 153 175 203 192 148 85
 ... : 10 25 49 48 36 39 40 51 70 59 61 68 63 62 87 108 106 112 118 130 151 177 205 214 187 103
 ... : 10 25 49 48 36 39 40 51 70 59 61 68 63 62 87 108 106 112 118 130 150 175 202 219 201 154
 ... : 10 25 49 48 36 39 40 50 67 64 69 77 69 64 87 108 107 110 117 129 156 180 205 219 201 169
 ... : 10 25 49 48 36 39 40 50 67 64 70 79 73 77 101 119 118 119 116 129 156 180 205 219 201 169
 ... : 10 25 49 48 36 39 40 50 67 64 70 79 73 77 102 122 112 114 121 134 163 190 215 219 201 169
 ... : 10 25 49 48 36 39 40 50 67 64 70 79 73 77 102 122 111 112 119 130 152 173 198 220 220 190
 ... : 10 25 49 48 36 39 40 50 67 64 70 79 73 77 102 122 111 112 119 130 150 170 201 235 235 252
 ... : 10 25 49 48 36 39 40 50 67 64 70 79 73 77 102 122 111 112 118 128 148 167 196 242 249 278
 ... : 10 25 49 48 36 39 40 50 68 66 71 79 74 78 105 128 118 120 129 133 148 167 201 245 249 279
 ... : 10 25 49 48 38 43 46 56 70 71 85 92 76 78 105 128 118 120 129 133 148 167 201 245 249 279
 ... : 10 25 49 48 38 43 47 63 80 81 100 111 92 79 105 128 118 120 129 133 148 167 201 245 249 279
 ... : 10 25 49 48 38 44 49 66 84 83 99 104 94 97 120 128 118 120 129 133 148 167 201 245 249 279
 ... : 10 25 49 48 38 44 49 68 87 84 101 109 99 107 150 169 128 120 129 133 148 167 201 245 249 279
 ... : 10 25 49 48 38 44 49 68 87 83 104 111 99 107 157 169 128 120 129 133 148 167 201 245 249 279
 ... : 10 25 49 48 38 44 49 68 86 80 99 105 95 112 164 187 135 120 129 133 148 167 201 245 249 279
 ... : 10 25 49 48 38 44 49 68 86 80 99 104 95 111 158 194 171 148 129 133 148 167 201 245 249 279
 ... : 10 25 49 48 38 44 49 68 86 80 99 104 95 110 159 199 178 170 176 135 148 167 201 245 249 279
 ... : 10 25 49 48 38 44 49 68 87 79 92 99 92 106 150 204 187 180 183 152 148 167 201 245 249 279
 ... : 10 25 49 48 38 44 49 68 87 78 90 99 92 105 147 204 196 184 190 188 149 167 201 245 249 279
 ... : 10 25 49 48 38 44 53 72 88 86 99 110 101 113 144 205 197 185 190 188 149 167 201 245 249 279
 ... : 10 25 49 48 38 44 52 70 89 85 101 113 108 129 161 207 197 185 190 188 149 167 201 245 249 279
 ... : 10 25 49 48 37 43 51 70 90 87 105 119 119 137 174 218 199 185 190 188 149 167 201 245 249 279
 ... : 10 25 49 48 37 43 51 70 90 87 104 119 122 150 189 236 215 185 190 188 149 167 201 245 249 279
 ... : 10 25 49 48 37 43 51 75 95 91 109 124 127 156 192 246 243 190 190 188 149 167 201 245 249 279
 ... : 10 25 49 48 37 43 51 74 94 90 110 131 138 169 202 257 258 200 190 188 149 167 201 245 249 279
 ... : 10 25 49 48 37 43 51 74 94 90 110 131 140 172 215 271 274 225 194 188 149 167 201 245 249 279
 ... : 10 25 49 48 37 43 59 81 100 100 121 144 146 178 218 277 279 233 194 188 149 167 201 245 249 279
 ... : 10 25 49 48 37 43 59 84 103 103 127 148 159 199 239 289 279 233 194 188 149 167 201 245 249 279
 ... : 10 25 49 48 37 43 61 88 110 108 133 161 176 215 256 303 280 233 194 188 149 167 201 245 249 279
 ... : 10 25 49 48 37 45 65 101 125 114 138 169 183 223 268 311 281 233 194 188 149 167 201 245 249 279
 ... : 10 25 49 47 37 44 60 76 93 92 123 138 139 177 242 275 292 238 194 188 149 167 201 245 249 279
 ... : 10 25 49 47 37 44 60 76 93 92 123 138 139 177 242 274 296 250 241 211 149 167 201 245 249 279
 ... : 10 25 49 47 37 44 60 76 93 92 122 136 134 163 220 249 295 252 249 249 181 167 201 245 249 279
 ... : 10 25 49 47 37 44 61 79 98 94 115 123 126 154 215 254 298 260 260 264 198 170 201 245 249 279
 ... : 10 25 49 47 37 45 55 73 91 94 115 124 121 156 212 252 301 261 260 264 198 170 201 245 249 279
 ... : 10 25 49 47 37 45 55 73 87 81 88 98 88 120 185 225 288 264 270 264 198 170 201 245 249 279
 ... : 10 25 49 47 37 45 55 73 87 81 88 98 88 120 185 225 288 268 290 294 227 171 201 245 249 279
 ... : 10 25 49 47 37 45 55 73 87 81 88 98 88 120 185 225 288 267 294 304 276 195 201 245 249 279
 ... : 10 25 49 47 37 45 55 73 87 81 88 97 87 114 180 223 285 266 294 309 293 260 202 245 249 279
 ... : 10 25 49 47 37 45 55 73 87 81 88 97 87 114 180 223 259 252 295 320 313 305 203 245 249 279
 ... : 10 25 49 47 37 45 55 73 87 81 88 97 87 114 180 223 259 252 296 323 333 357 233 246 249 279
 ... : 10 25 49 47 37 45 55 73 87 81 88 97 87 114 180 223 259 252 296 328 342 386 291 247 249 279
 ... : 10 25 49 47 37 45 55 73 87 81 88 97 87 114 180 223 259 252 297 335 359 421 343 247 249 279
 ... : 10 25 49 47 37 45 55 73 87 81 88 97 87 114 180 223 259 251 301 340 363 433 383 249 249 279
 ... : 10 25 49 47 37 45 55 73 87 81 88 97 87 114 180 223 259 252 302 346 372 448 435 266 252 279
 ... : 10 25 49 47 37 45 55 73 87 81 88 97 87 114 180 223 253 258 315 364 391 459 445 286 254 279
 ... : 10 25 49 47 37 45 55 73 87 81 88 97 87 114 180 223 253 259 316 367 399 478 485 317 254 279
 ... : 10 25 49 47 37 45 55 73 87 81 88 97 87 114 180 223 253 260 319 370 409 495 504 359 255 279
 ... : 10 25 49 47 37 45 55 73 87 81 88 97 87 114 180 223 253 260 319 370 412 502 518 422 258 279
 ... : 10 25 49 47 37 45 55 73 87 81 88 97 87 114 180 223 253 260 319 370 415 508 552 489 262 279
 ... : 10 25 49 47 37 45 55 73 87 81 88 97 87 114 180 223 253 260 319 372 424 521 570 540 266 279
 ... : 10 25 49 47 37 45 55 73 87 81 88 97 87 114 180 222 252 260 315 370 436 532 586 556 266 279
 ... : 10 25 49 47 39 55 65 78 91 84 89 97 87 114 180 220 249 261 319 376 443 539 586 564 266 279
 ... : 10 23 44 44 36 47 63 80 94 92 101 106 94 115 188 228 255 261 319 376 443 539 586 564 266 279
 ... : 10 23 44 44 36 45 61 81 99 104 113 115 100 121 188 229 256 261 319 376 443 539 586 564 266 279
 ... : 10 23 44 44 36 45 61 81 101 120 127 127 115 129 191 229 256 261 319 376 443 539 586 564 266 279
 ... : 10 23 43 42 33 38 44 66 97 114 126 130 124 143 209 243 256 261 319 376 443 539 586 564 266 279
 ... : 10 23 43 42 33 38 44 66 97 114 126 130 125 145 213 255 292 292 320 376 443 539 586 564 266 279
 ... : 10 23 43 42 33 38 44 66 97 114 126 130 125 145 211 258 293 301 365 396 443 539 586 564 266 279
 ... : 10 23 43 42 33 38 44 66 97 114 126 130 125 145 213 258 294 302 369 440 463 540 586 564 266 279
 ... : 10 23 43 42 33 38 44 66 97 114 126 130 125 145 213 258 292 300 363 432 501 586 588 564 266 279
 ... : 10 23 43 42 33 38 44 66 97 114 126 130 125 145 216 262 295 305 368 440 510 601 591 564 266 279
 ... : 10 23 43 42 33 38 44 66 97 114 126 130 125 145 216 262 294 306 366 436 511 608 626 567 266 279
 ... : 10 23 43 42 33 38 44 66 97 114 126 130 125 145 216 262 294 306 365 434 509 611 653 610 267 279
 ... : 10 23 43 42 33 38 44 66 97 114 126 130 125 145 217 262 294 307 364 435 511 613 663 651 288 279
 ... : 10 23 43 42 33 38 44 66 99 111 128 134 135 163 233 269 295 308 364 435 511 613 663 651 288 279
 ... : 10 23 43 42 33 38 44 66 99 111 128 134 135 163 242 283 324 346 375 436 511 613 663 651 288 279
 ... : 10 23 43 42 33 38 44 66 99 111 128 134 135 164 246 288 334 359 405 457 511 613 663 651 288 279
 ... : 10 23 43 42 33 38 44 66 99 111 128 134 136 163 241 288 342 365 413 483 512 613 663 651 288 279
 ... : 10 23 43 42 33 38 44 66 99 111 128 134 136 163 241 289 342 366 414 500 574 619 663 651 288 279
 ... : 10 23 43 42 33 38 44 66 99 112 133 145 145 175 253 297 341 366 414 499 575 629 663 652 288 279
 ... : 10 23 43 42 33 38 44 66 99 112 133 147 147 177 260 308 364 386 429 500 575 629 663 652 288 279
 ... : 10 23 43 42 33 38 44 66 99 112 133 147 147 177 260 307 365 392 439 520 604 636 663 652 288 279
 ... : 10 23 43 42 33 38 44 66 99 112 133 147 147 178 263 310 367 398 451 530 622 640 663 652 288 279
 ... : 10 23 43 42 33 38 44 66 99 112 133 147 147 178 263 310 367 396 447 536 639 688 663 652 288 279
 ... : 10 23 43 42 33 38 44 66 99 112 133 147 147 178 263 310 370 397 443 524 634 712 677 653 288 279
 ... : 10 23 43 42 33 38 44 66 99 112 133 147 147 178 263 310 370 397 442 518 632 733 743 657 288 279
 ... : 10 23 43 42 33 38 44 66 99 113 137 152 154 187 265 310 370 400 445 520 632 734 772 670 290 279
 ... : 10 23 43 42 33 38 44 66 99 113 137 152 154 190 278 324 400 423 461 522 632 734 772 670 290 279
 ... : 10 23 43 42 33 38 44 66 99 113 137 152 154 190 278 323 404 431 477 551 662 744 773 670 290 279
 ... : 10 23 43 42 33 38 44 66 99 113 137 152 154 190 278 323 406 435 485 562 672 767 775 670 290 279
 ... : 10 23 43 42 33 38 44 66 99 113 137 152 154 190 278 323 406 435 485 560 675 786 814 704 290 279
 ... : 10 23 43 42 33 38 44 66 99 113 137 152 154 190 278 323 406 435 485 559 673 780 822 774 296 279
 ... : 10 23 43 42 33 38 44 66 99 113 137 152 154 190 278 323 406 435 484 558 670 779 821 799 352 280
 ... : 10 23 43 42 33 38 44 66 99 113 137 152 154 190 278 325 406 433 488 564 674 788 825 806 382 281
 ... : 10 23 43 42 33 38 44 66 99 113 137 152 154 190 278 331 410 438 494 572 679 799 835 808 382 281
 ... : 10 23 43 42 33 38 44 66 99 113 137 152 154 190 278 331 409 436 487 569 684 815 855 818 383 281
 ... : 10 23 43 42 33 38 44 66 99 113 137 152 154 190 281 335 410 441 488 572 694 824 868 823 383 281
 ... : 10 23 43 42 33 38 44 66 99 113 137 152 154 190 281 335 410 441 489 573 687 813 862 852 416 283
 ... : 10 23 43 42 33 38 44 66 99 113 137 152 154 189 280 332 410 444 491 578 694 824 867 860 421 283
 ... : 10 23 43 42 33 38 42 59 76 79 113 152 153 190 278 331 410 444 492 576 695 824 864 860 464 283
 ... : 10 23 43 42 33 38 42 59 76 78 91 128 126 150 264 338 435 468 497 576 695 824 864 860 464 283
 ... : 10 23 43 42 33 38 42 59 76 78 91 128 126 150 264 344 453 486 526 600 698 824 864 860 464 283
 ... : 10 23 43 42 33 38 42 59 76 78 91 128 126 150 264 343 452 486 527 617 730 827 864 860 464 283
 ... : 10 23 43 42 33 38 42 59 76 78 91 128 126 150 264 343 450 484 530 629 752 864 868 860 464 283
 ... : 10 23 43 42 33 38 42 59 76 78 91 128 126 150 264 343 450 484 530 625 758 876 908 866 465 283
 ... : 10 23 43 42 33 38 42 59 76 78 91 128 126 150 267 350 455 482 530 625 753 877 931 897 467 284
 ... : 10 23 43 42 33 38 42 59 76 78 91 128 126 150 267 348 457 488 535 629 756 880 936 916 487 286
 ... : 10 23 43 42 33 38 42 59 76 78 91 128 126 150 267 348 457 488 534 630 757 881 945 936 527 286
 ... : 10 23 43 42 33 38 42 59 76 78 91 128 126 150 267 348 457 488 532 627 754 879 947 939 579 286
 ... : 10 23 43 42 33 38 42 59 76 78 91 128 126 150 267 348 457 488 530 628 759 889 958 962 612 287
 ... : 10 23 43 42 33 38 42 59 76 78 91 128 126 150 267 348 457 488 530 628 760 890 968 1001 654 287
 ... : 10 23 43 42 33 38 42 59 76 78 91 128 126 150 267 348 457 488 530 628 760 889 969 1011 720 288
 ... : 10 23 43 42 33 38 42 59 76 78 91 128 126 150 267 348 456 488 525 625 765 891 967 1015 775 290
 ... : 10 23 43 42 33 38 42 59 76 78 91 128 126 150 267 348 456 488 524 623 764 893 987 1046 789 290
 ... : 10 23 43 42 33 38 42 59 76 78 91 128 126 150 267 348 456 488 523 624 766 890 983 1068 849 290
 ... : 10 23 43 42 33 38 42 59 76 78 91 128 126 150 267 348 456 488 523 623 764 887 984 1086 922 291
 ... : 10 23 43 42 33 38 42 59 76 78 91 128 126 150 267 348 456 488 523 622 762 889 992 1101 960 329
 ... : 10 23 43 42 33 38 42 59 76 78 91 128 126 150 267 348 456 488 523 621 761 891 995 1104 984 401
 ... : 10 23 43 42 33 38 42 59 76 78 91 128 126 150 267 348 456 488 523 621 761 894 996 1101 994 486
 ... : 10 23 43 42 33 38 42 59 76 78 91 128 126 150 267 348 456 488 523 621 761 894 996 1106 1016 561
 ... : 10 23 43 42 33 38 42 59 76 78 91 128 126 150 267 348 456 488 523 622 764 895 998 1106 1015 622
 ... : 10 23 43 42 33 38 42 59 76 78 91 128 126 150 267 348 456 487 523 622 764 894 992 1096 1027 688
 ... : 10 23 43 42 33 38 42 59 76 78 91 128 126 150 267 348 456 487 522 621 761 891 989 1095 1046 733
 ... : 10 23 43 42 33 38 42 59 76 78 91 128 126 150 267 348 458 492 529 629 772 906 996 1095 1052 745
 ... : 10 23 43 42 33 38 42 59 76 78 91 128 126 150 267 349 461 501 536 636 778 912 1007 1107 1056 745
 ... : 10 23 43 42 33 38 42 59 76 78 91 128 126 150 267 349 462 502 529 626 771 915 1017 1114 1057 745
 ... : 10 23 43 42 33 38 42 59 76 78 91 128 126 150 267 351 465 507 535 634 776 920 1019 1119 1057 745
 ... : 10 23 43 42 33 38 42 59 76 78 91 128 126 150 267 351 465 507 535 633 779 926 1028 1139 1073 745
 ... : 10 23 43 42 33 38 42 59 76 78 91 128 126 150 267 351 465 507 535 633 779 921 1024 1149 1110 769
 ... : 10 23 43 42 33 38 42 59 76 78 91 128 126 150 267 351 465 507 535 634 773 913 1021 1155 1116 820
 ... : 10 23 43 42 33 38 42 59 76 78 91 128 126 150 267 351 465 507 535 633 770 905 1014 1146 1097 885
 ... : 10 23 43 42 33 38 42 59 76 78 91 128 126 150 267 351 465 507 535 633 770 904 1013 1146 1099 964
 ... : 10 23 43 42 31 31 35 57 73 76 91 131 128 150 267 351 466 507 536 632 774 907 1012 1156 1111 980
 ... : 10 23 43 42 31 31 35 57 74 77 96 134 137 167 280 362 475 507 536 632 774 907 1012 1156 1111 980
 ... : 10 23 43 42 31 31 35 57 75 78 98 136 140 171 285 373 494 534 549 632 774 907 1012 1156 1111 980
 ... : 10 23 43 42 31 31 35 57 75 78 98 136 139 170 287 380 511 554 576 636 774 907 1012 1156 1111 980
 ... : 10 23 43 42 31 31 35 57 76 80 101 138 141 176 286 381 514 562 585 664 776 907 1012 1156 1111 980
 ... : 10 23 43 42 31 31 35 57 74 79 103 139 140 173 289 388 528 567 586 664 776 907 1012 1156 1111 980
 ... : 10 23 43 42 31 31 35 57 74 79 103 139 140 173 290 388 527 574 597 682 799 907 1012 1156 1111 980
 ... : 10 23 43 42 31 31 35 57 74 79 103 139 140 173 292 392 529 579 608 694 833 925 1013 1156 1111 980
 ... : 10 23 43 42 31 31 35 57 74 79 103 139 140 173 292 392 529 582 619 711 856 964 1016 1156 1111 980
 ... : 10 23 43 42 31 31 35 57 74 79 103 138 138 173 291 390 520 581 628 715 862 983 1022 1157 1111 980
 ... : 10 23 43 42 31 31 35 57 74 79 103 138 138 173 291 390 521 585 635 733 880 1007 1038 1158 1111 980
 ... : 10 23 43 42 31 31 35 57 74 79 103 138 138 173 291 390 521 585 635 733 885 1017 1094 1168 1111 980
 ... : 10 23 43 42 31 31 35 57 74 79 103 138 138 173 291 390 521 585 635 734 886 1019 1111 1233 1118 980
 ... : 10 23 43 42 31 31 35 56 65 69 84 124 127 167 284 392 517 581 637 738 895 1019 1108 1243 1118 980
 ... : 10 23 43 42 31 31 35 56 65 69 84 124 127 167 282 387 506 562 636 752 918 1043 1114 1244 1119 980
 ... : 10 23 43 42 31 31 32 57 65 66 76 118 126 171 287 392 507 562 636 752 918 1043 1114 1244 1119 980
 ... : 10 23 43 42 31 31 32 57 65 66 76 118 125 168 287 378 486 554 640 764 925 1056 1130 1245 1119 980
 ... : 10 23 43 42 31 31 32 57 65 66 76 118 125 169 289 381 489 554 638 768 927 1070 1152 1267 1121 980
 ... : 10 23 43 42 31 31 32 57 65 66 76 118 125 169 289 381 489 554 638 768 927 1073 1163 1307 1153 980
 ... : 10 23 43 42 31 31 32 57 65 66 76 118 125 169 289 384 489 556 637 763 926 1085 1176 1322 1170 980
 ... : 10 23 43 42 31 31 32 57 65 66 76 118 125 169 289 384 489 556 637 760 925 1087 1188 1343 1219 982
 ... : 10 23 43 42 31 31 32 57 65 66 76 118 125 169 289 384 489 555 635 760 926 1093 1193 1353 1274 1003
 ... : 10 23 43 42 31 31 32 57 65 66 76 118 125 169 289 384 489 555 632 752 917 1087 1202 1369 1292 1021
 ... : 10 23 43 42 31 31 32 57 65 66 76 118 125 169 289 384 489 555 632 750 912 1075 1192 1362 1324 1073
 ... : 10 23 43 42 31 31 32 57 65 66 76 118 125 169 289 384 489 555 631 749 917 1080 1196 1360 1325 1135
  27 : 10 22 35 36 25 31 21 38 45 39 54 59 51 58 89 96 90 94 117 121 145 157 175 187 215 246 194
 ... : 10 22 35 36 25 31 21 38 45 39 54 59 51 58 89 96 90 94 117 121 145 157 176 193 235 275 235
  28 : 10 22 35 36 25 31 21 38 45 39 54 59 51 58 89 96 90 94 117 121 145 157 176 187 232 283 142 115
 ... : 10 22 35 36 25 31 21 38 45 39 54 59 51 58 89 96 90 94 117 121 145 157 180 191 240 305 164 148
 ... : 10 22 35 36 25 31 21 38 45 39 54 59 54 67 90 99 104 113 132 128 146 157 178 195 244 306 164 148
 ... : 10 22 35 36 25 31 21 38 45 39 52 61 62 78 109 115 117 123 132 128 146 157 178 195 244 306 164 148
 ... : 10 22 35 36 25 31 21 38 45 39 52 61 61 79 114 117 117 130 147 142 164 158 178 195 244 306 164 148
 ... : 10 22 35 36 25 31 21 38 45 39 52 61 61 79 114 117 117 127 147 149 168 184 203 202 244 306 164 148
 ... : 10 22 35 36 25 31 21 38 45 39 52 61 61 79 114 117 116 127 146 146 164 178 197 214 267 337 177 148
 ... : 10 22 35 36 25 31 21 38 45 39 52 61 61 79 114 117 116 127 146 146 163 178 196 210 260 348 197 186
 ... : 10 22 35 36 25 31 21 38 45 39 52 61 61 79 114 117 116 127 148 148 167 188 214 222 269 354 206 190
 ... : 10 22 35 36 25 31 21 38 45 39 54 63 64 86 119 122 126 140 159 160 168 188 214 222 269 354 206 190
 ... : 10 22 35 36 25 31 21 38 45 39 54 63 62 84 115 119 122 137 157 155 171 189 213 219 272 358 207 190
  29 : 10 22 35 36 25 31 21 38 45 39 48 51 52 74 82 109 119 129 140 138 150 155 175 191 244 328 199 92 131
 ... : 10 22 35 36 25 31 21 38 45 39 48 51 52 74 82 109 119 129 140 138 150 155 176 197 254 340 223 109 155
 ... : 10 22 35 36 25 31 21 38 45 39 48 51 52 74 82 109 119 129 140 138 150 155 176 198 258 351 242 139 184
 ... : 10 22 35 36 25 31 21 38 45 39 48 51 52 74 82 109 119 129 140 138 150 155 177 201 262 355 252 170 230
 ... : 10 22 35 36 25 31 21 38 45 39 48 51 52 74 82 109 119 129 140 138 150 155 177 201 263 359 269 212 270
 ... : 10 22 35 36 25 31 21 38 45 39 48 51 52 74 82 109 119 129 140 138 150 155 177 201 263 363 289 245 304
 ... : 10 22 35 36 25 31 21 38 45 39 48 51 52 74 82 109 119 129 140 138 150 155 178 201 267 369 303 267 344
 ... : 10 22 35 36 25 31 21 38 45 39 48 51 52 74 82 109 119 129 140 138 150 157 180 201 270 373 325 291 370
 ... : 10 22 35 36 25 31 21 38 45 39 48 51 52 74 82 107 118 136 149 152 170 168 186 203 272 373 326 291 370
 ... : 10 22 35 36 25 32 21 40 46 40 50 57 59 79 92 116 125 143 152 152 170 168 186 203 272 373 326 291 370
 ... : 10 22 35 36 25 32 21 40 46 40 50 57 59 79 92 117 126 149 158 161 178 175 193 214 273 373 326 291 370
 ... : 10 22 35 36 25 32 21 40 46 40 50 57 59 79 92 117 126 149 158 161 178 174 193 216 286 385 342 309 371
 ... : 10 22 35 36 25 32 21 40 46 40 50 57 59 79 92 117 126 149 158 161 178 174 194 220 292 388 354 340 394
 ... : 10 22 35 36 25 32 21 40 46 40 50 57 59 79 92 117 126 149 158 161 178 174 196 221 297 397 371 357 415
 ... : 10 22 35 36 25 32 21 40 46 40 50 57 59 79 92 117 126 150 163 166 180 180 207 234 305 406 379 367 421
 ... : 10 22 35 36 25 32 21 40 46 40 50 57 59 79 92 117 126 150 163 166 180 180 212 241 314 414 401 382 436
 ... : 10 22 35 36 25 32 21 39 45 40 50 59 64 86 98 124 137 157 170 169 182 181 216 242 314 414 401 382 436
 ... : 10 22 35 36 25 32 21 39 45 40 50 59 64 86 98 124 137 157 171 173 188 185 220 247 322 428 418 399 439
 ... : 10 22 35 36 25 32 21 39 45 40 50 59 64 86 98 124 137 157 171 173 188 185 220 248 320 425 434 430 471
 ... : 10 22 35 36 25 32 21 39 45 40 50 62 66 86 100 124 136 157 174 177 195 191 221 251 323 427 433 437 491
 ... : 10 22 35 36 25 33 22 39 46 42 50 63 69 95 110 143 147 163 175 177 195 191 221 251 323 427 433 437 491
 ... : 10 22 35 36 25 33 22 39 46 42 50 63 69 95 110 146 152 166 183 181 205 200 232 259 329 428 434 437 491
  30 : 10 22 35 36 25 33 22 37 44 42 49 58 63 75 80 126 129 160 161 168 178 198 196 208 252 302 367 401 371 253
 ... : 10 22 35 36 25 33 23 39 45 43 50 61 64 78 88 133 132 160 162 169 180 199 197 209 253 305 372 406 376 258
 ... : 10 22 35 36 25 33 23 39 46 45 54 68 77 94 103 147 132 160 162 169 180 199 197 209 253 305 372 406 376 258
 ... : 10 22 35 36 25 33 23 39 46 45 54 68 73 96 115 162 165 182 163 169 180 199 197 209 253 305 372 406 376 258
 ... : 10 22 35 36 25 33 23 39 46 45 54 69 75 101 125 174 182 207 178 169 180 199 197 209 253 305 372 406 376 258
 ... : 10 22 35 36 25 33 25 43 48 49 61 76 90 119 137 175 182 208 180 170 180 199 197 209 253 305 372 406 376 258
 ... : 10 22 35 36 25 33 25 43 48 49 61 76 90 119 147 196 202 231 211 172 180 199 197 209 253 305 372 406 376 258
 ... : 10 22 35 37 27 37 35 52 52 51 63 79 91 119 147 197 207 243 235 172 180 199 197 209 253 305 372 406 376 258
 ... : 10 22 35 37 27 37 32 44 43 40 48 70 88 123 153 207 217 255 242 174 180 199 197 209 253 305 372 406 376 258
 ... : 10 22 35 37 27 37 32 44 42 38 47 70 88 121 163 220 235 267 250 174 180 199 197 209 253 305 372 406 376 258
 ... : 10 22 35 37 27 36 30 42 40 37 42 52 57 83 118 183 193 259 260 196 181 199 197 209 253 305 372 406 376 258
 ... : 10 22 35 37 27 36 30 42 40 37 42 52 57 82 116 179 185 225 237 206 213 220 197 209 253 305 372 406 376 258
 ... : 11 26 41 45 27 38 31 43 40 36 43 52 58 85 119 177 182 226 242 208 222 239 199 209 253 305 372 406 376 258
 ... : 11 26 41 46 22 32 32 44 41 35 50 59 58 85 119 177 182 226 242 208 222 239 199 209 253 305 372 406 376 258
 ... : 11 26 41 46 22 32 32 42 38 31 45 51 53 76 93 160 170 219 241 208 222 239 199 209 253 305 372 406 376 258
 ... : 12 28 44 47 22 29 27 40 36 33 46 51 53 77 92 149 156 181 238 214 223 239 199 209 253 305 372 406 376 258
seqsimpl: completing cex trace with simulation
num_solve_calls = 1704410
num_solve_sat_calls = 612007
num_solve_unsat_calls = 24768
num_solve_approx_calls = 923266
num_solve_approx_unsat_calls = 326124
num_solve_conflicts = 432388
num_solve_decisions = 25364874
num_solve_propagations = 303230548
avg_solve_conflicts = 1
avg_solve_decisions = 15
avg_solve_propagations = 178
avg_solve_unsat_decisions = 0.304
stddev_solve_unsat_decisions = 0.754
num_added_cubes = 29011
num_subsumed_cubes = 24615
num_gc_frame = 182
num_reset = 175
num_try_blocking = 785698
get_bad_cube_time = 0.429
rec_block_cube_time = 150.600
propagate_forward_time = 5.512
generalize_model_time = 4.236
generalize_and_push_time = 115.259
try_blocking_time = 130.477
reset_time = 11.891
clausify_time = 1.017
preprocess_time = 10.296
solve_time = 124.264
solve_sat_time = 107.596
solve_unsat_time = 16.668
prove_time = 156.710
memory_used_mb = 17
total_time = 156.750
Unsafe
