initialized model with 210 latches, 60 inputs and 1 properties
tsim: performed 4 steps
tsim: found cycle from 2
tsim: found 176 constants and 0 latch equivalences
seqsimpl: (210, 60) -> (34, 60)
checking bound 0
checking bound 1
checking bound 2
tdecomp: unrolling 2 cycles
tsim: reached all X state
tsim: performed 3 steps
tdecomp: no improvement found, reverting original model
   2 : 3 0
   3 : 3 1 0
   4 : 3 1 1 0
   5 : 3 1 1 1 1
   6 : 3 1 1 1 1 0
   7 : 3 1 1 1 1 1 0
 ... : 3 4 5 5 3 33 16
   8 : 3 4 4 4 1 4 8 44
   9 : 3 4 4 4 1 4 8 3 41
  10 : 3 4 4 4 1 4 8 3 1 41
 ... : 4 9 10 11 3 10 12 5 19 66
 ... : 4 9 12 16 2 14 18 15 36 90
 ... : 4 11 15 19 4 22 23 22 43 104
 ... : 4 12 17 24 6 31 33 29 54 120
 ... : 6 19 25 35 12 30 37 32 60 144
 ... : 7 21 30 38 18 40 45 38 66 164
 ... : 7 21 31 44 23 48 63 48 74 180
 ... : 7 21 31 44 22 44 52 45 104 199
 ... : 7 21 32 50 23 47 56 50 121 231
 ... : 7 23 36 52 26 49 58 50 128 254
 ... : 11 31 45 65 33 53 61 51 132 279
 ... : 11 33 51 67 40 64 67 52 138 311
 ... : 11 33 52 68 45 63 68 56 137 330
 ... : 11 33 55 78 51 73 75 64 144 343
 ... : 11 34 60 83 57 76 78 70 153 367
 ... : 11 34 60 87 62 77 76 78 164 397
 ... : 11 35 60 89 68 82 86 85 171 406
 ... : 11 35 59 88 71 82 87 96 190 427
 ... : 11 35 60 96 77 86 88 103 191 446
 ... : 12 38 64 105 85 90 95 108 188 468
 ... : 12 38 64 107 88 94 103 115 196 503
 ... : 12 38 64 105 89 94 101 127 211 524
 ... : 12 38 64 109 97 103 113 140 220 551
 ... : 12 38 64 109 98 109 120 153 243 581
 ... : 12 38 64 109 98 112 120 150 236 630
 ... : 12 38 64 108 101 124 127 160 247 662
 ... : 12 38 64 109 104 128 130 160 250 694
 ... : 12 39 64 109 105 128 130 165 260 710
 ... : 12 39 64 110 108 128 128 165 261 745
 ... : 12 39 64 111 109 131 128 174 281 745
 ... : 12 39 64 114 114 137 135 173 290 764
 ... : 12 39 64 116 118 145 141 180 300 768
 ... : 12 34 51 68 64 59 72 97 282 794
  11 : 12 33 45 50 40 29 16 13 7 31 1126
  12 : 12 33 45 49 38 28 16 12 7 26 40 1089
  13 : 12 33 45 49 38 28 16 12 7 24 39 5 1088
 ... : 12 33 45 49 38 28 16 12 7 24 51 12 1118
  14 : 12 33 45 49 38 28 16 12 7 23 50 15 13 1122
  15 : 12 33 45 48 38 28 16 12 7 23 49 15 11 1 1124
 ... : 12 33 45 48 38 28 16 12 7 23 51 16 11 1 1175
 ... : 12 33 45 48 38 28 16 12 8 24 52 16 12 1 1192
 ... : 12 33 45 47 38 28 16 12 8 24 52 16 12 1 1214
 ... : 12 33 45 47 38 28 16 12 16 25 56 17 12 1 1262
 ... : 12 33 45 47 38 28 16 12 17 26 58 18 12 2 1307
 ... : 12 33 45 47 38 28 16 12 17 26 59 19 12 4 1362
 ... : 12 33 45 47 38 28 16 12 17 26 60 25 13 4 1416
 ... : 12 33 45 46 38 28 15 12 17 26 61 26 14 4 1444
 ... : 12 33 45 46 38 28 15 12 17 27 63 28 16 4 1501
 ... : 12 33 45 46 38 28 15 12 16 29 71 32 21 5 1542
 ... : 12 33 45 46 38 28 15 12 16 29 75 39 27 6 1586
 ... : 12 33 45 46 38 28 15 12 16 29 79 38 31 10 1622
 ... : 12 33 45 46 38 28 20 12 16 29 79 38 32 10 1667
 ... : 12 33 45 46 37 28 21 12 16 29 79 38 32 10 1729
 ... : 12 33 45 46 37 28 21 12 16 29 79 38 32 10 1790
 ... : 12 33 45 46 37 28 21 12 16 29 79 38 32 10 1854
 ... : 12 33 45 44 40 27 27 12 17 32 81 38 32 10 1901
 ... : 12 33 45 44 41 28 40 12 18 35 84 38 32 10 1947
 ... : 12 33 45 44 40 28 41 13 18 35 85 40 32 10 1982
 ... : 12 33 45 43 40 28 38 13 18 35 85 40 32 10 2014
 ... : 12 33 45 43 40 28 44 13 19 36 88 41 32 10 2054
 ... : 12 33 45 43 40 28 47 14 26 38 92 42 32 10 2103
 ... : 12 33 45 43 40 28 48 15 35 40 97 44 33 10 2156
 ... : 12 33 45 43 40 28 48 15 40 45 110 50 35 10 2183
 ... : 12 33 45 42 39 28 48 15 40 45 110 45 39 14 2236
 ... : 12 33 45 42 39 28 48 15 40 45 111 44 39 14 2283
 ... : 12 33 45 42 39 28 48 15 40 45 111 45 39 14 2330
 ... : 12 33 45 40 38 28 48 15 40 45 112 46 39 14 2320
 ... : 12 33 45 40 38 28 48 15 50 46 117 49 39 14 2352
 ... : 12 33 45 40 38 28 48 15 52 47 121 49 42 17 2399
 ... : 12 33 45 40 38 28 48 15 58 50 129 51 42 17 2440
 ... : 12 33 45 40 38 28 48 15 61 51 134 57 42 17 2474
 ... : 12 33 45 40 39 28 47 14 61 52 140 60 46 18 2507
 ... : 12 33 45 40 38 27 46 14 61 52 141 61 47 18 2544
 ... : 12 33 45 40 38 27 46 14 61 52 143 64 51 19 2588
 ... : 12 33 45 40 38 26 46 14 61 52 145 64 52 19 2613
 ... : 12 33 45 40 38 26 46 14 63 53 155 73 53 19 2637
 ... : 12 33 45 40 38 26 46 14 63 53 159 79 57 21 2663
 ... : 12 33 45 40 38 26 46 14 63 53 162 85 63 23 2668
 ... : 12 33 45 40 40 28 51 18 64 53 163 85 63 25 2724
 ... : 12 33 45 40 42 30 54 20 67 57 167 88 63 25 2768
 ... : 12 33 45 40 44 32 57 29 74 61 167 88 63 25 2799
 ... : 12 33 45 40 44 32 55 20 77 74 180 90 63 25 2818
 ... : 12 33 45 40 44 31 56 20 83 77 188 92 63 25 2861
 ... : 12 33 45 40 45 31 56 20 82 75 188 102 66 25 2911
 ... : 12 33 45 40 46 31 56 20 86 81 196 104 67 25 2954
 ... : 12 33 45 40 46 31 56 20 86 85 201 108 68 25 3007
 ... : 12 33 45 40 46 31 59 20 86 86 205 112 70 29 3056
 ... : 12 33 45 40 50 33 68 24 89 87 208 115 71 31 3099
 ... : 12 33 45 40 49 33 69 22 91 97 214 116 74 32 3137
 ... : 12 33 45 40 49 33 69 22 91 109 227 119 73 33 3169
 ... : 12 33 45 40 49 33 69 22 92 114 241 128 73 33 3202
 ... : 12 33 45 40 49 33 69 22 92 116 248 135 79 33 3244
 ... : 12 33 45 40 48 33 69 23 94 119 255 138 83 33 3286
 ... : 12 33 45 40 48 33 69 23 95 125 270 150 85 33 3313
 ... : 12 33 45 40 48 33 69 23 96 123 284 166 92 34 3344
 ... : 12 33 45 40 48 33 69 23 96 125 292 171 107 40 3360
 ... : 12 33 45 40 48 33 69 23 106 133 299 176 110 41 3404
 ... : 12 33 45 40 48 34 69 23 110 138 307 183 111 42 3443
 ... : 12 33 45 40 48 34 69 23 110 140 317 192 118 43 3480
 ... : 12 33 45 40 48 34 69 23 109 139 326 200 123 44 3515
 ... : 12 33 45 39 48 34 69 23 118 141 331 200 123 44 3562
 ... : 12 33 45 39 49 35 71 26 128 148 340 204 124 45 3585
 ... : 12 33 45 39 49 35 71 26 137 151 347 206 125 46 3629
 ... : 12 33 45 39 49 35 73 29 143 157 356 209 125 46 3663
 ... : 12 33 45 39 49 35 73 29 143 157 363 217 126 46 3707
 ... : 12 33 45 39 49 34 72 29 143 158 372 226 132 48 3731
 ... : 12 33 45 39 49 34 72 29 144 159 383 233 141 53 3752
 ... : 12 33 45 39 49 34 72 29 144 162 392 239 145 56 3784
 ... : 12 33 45 39 49 34 72 29 144 164 401 252 149 56 3815
 ... : 12 33 45 39 49 34 72 29 144 165 407 262 154 56 3853
 ... : 12 33 45 39 49 34 72 29 144 165 423 271 158 59 3885
 ... : 12 33 45 39 49 34 72 29 144 165 428 280 172 67 3916
 ... : 12 33 45 39 49 34 72 28 144 165 434 289 181 72 3950
 ... : 12 33 45 39 49 34 72 26 142 162 435 294 199 83 3974
 ... : 12 33 45 39 49 34 72 26 143 162 431 275 187 104 4014
 ... : 12 33 45 39 49 34 70 26 149 170 449 284 193 107 4033
 ... : 12 33 45 39 51 34 70 26 149 170 453 286 196 108 4084
 ... : 12 33 45 39 57 38 75 34 157 175 454 288 196 109 4116
 ... : 12 33 45 39 58 39 82 36 166 186 462 292 197 111 4141
 ... : 12 33 45 39 59 39 83 35 173 194 467 296 196 113 4179
 ... : 12 33 45 39 59 39 83 28 177 208 482 303 196 114 4207
 ... : 12 33 45 39 59 39 83 28 170 210 493 314 209 123 4221
 ... : 12 33 45 39 59 39 83 28 172 213 503 323 213 129 4252
 ... : 12 33 45 39 59 38 82 28 182 217 516 326 221 134 4278
 ... : 12 33 45 39 59 38 82 28 184 219 528 336 232 140 4297
 ... : 12 33 45 39 59 38 82 28 186 223 537 345 237 145 4329
 ... : 12 33 45 39 59 38 82 28 186 226 550 350 247 153 4347
 ... : 12 33 45 39 59 38 82 28 185 227 564 355 258 165 4365
 ... : 12 33 45 39 59 38 82 28 185 227 566 356 258 166 4423
 ... : 12 33 45 39 61 39 86 31 189 231 572 358 258 167 4462
 ... : 12 33 45 39 61 39 88 36 196 236 575 358 258 167 4487
 ... : 12 33 45 39 61 39 88 36 196 239 580 360 259 170 4519
 ... : 12 33 45 39 61 39 88 36 197 242 582 361 260 170 4565
 ... : 12 33 45 39 61 39 88 37 198 242 584 363 261 170 4608
 ... : 12 33 45 39 61 39 88 37 198 242 585 363 263 173 4647
 ... : 12 33 45 39 61 39 88 37 198 243 588 363 263 173 4659
 ... : 12 33 45 39 61 39 88 38 199 245 588 363 263 172 4704
 ... : 12 33 45 39 61 39 88 38 200 246 593 365 263 174 4748
 ... : 12 33 45 39 61 39 88 38 200 246 597 374 277 180 4778
 ... : 12 33 45 39 60 40 90 42 204 251 602 376 278 185 4807
 ... : 12 33 45 39 60 40 91 49 212 260 606 377 279 185 4833
 ... : 12 33 45 39 61 40 93 50 220 269 613 379 280 189 4857
 ... : 12 33 45 39 62 40 97 51 226 278 619 381 280 191 4872
 ... : 12 33 45 39 63 40 104 53 229 282 623 383 280 192 4907
 ... : 12 33 45 39 64 40 104 54 230 284 622 386 282 193 4928
 ... : 12 33 45 39 68 40 104 54 230 286 623 386 284 196 4974
 ... : 12 33 45 39 68 40 110 58 239 291 624 387 286 197 5001
 ... : 12 33 45 39 71 40 111 55 235 300 634 390 287 200 5007
 ... : 12 33 45 39 79 42 121 56 238 305 639 394 287 204 5037
 ... : 12 33 45 39 82 42 122 62 248 312 644 398 292 210 5041
 ... : 12 33 45 39 86 43 125 66 252 319 649 399 292 211 5071
 ... : 12 33 45 39 85 43 125 68 261 336 661 405 292 210 5084
 ... : 12 33 45 39 85 43 125 53 260 354 676 410 293 214 5095
 ... : 12 33 45 39 84 42 123 48 249 352 675 422 304 221 5120
 ... : 12 33 45 39 84 42 123 48 249 352 681 429 317 226 5142
 ... : 12 33 45 39 84 42 122 48 250 355 685 433 326 231 5179
 ... : 12 33 45 39 84 42 122 48 250 360 694 437 331 232 5209
 ... : 12 33 45 39 84 42 122 48 247 360 704 446 338 239 5225
 ... : 12 33 45 39 84 42 122 48 241 359 704 453 352 241 5258
 ... : 12 33 45 39 84 42 122 48 241 359 708 459 355 242 5281
 ... : 12 33 45 39 84 42 122 48 243 362 715 462 361 245 5305
 ... : 12 33 45 39 84 42 122 48 250 370 728 469 366 245 5335
 ... : 12 33 45 39 84 42 122 47 255 378 743 471 372 248 5347
 ... : 12 33 45 39 84 42 124 47 258 381 757 475 374 253 5381
 ... : 12 33 45 39 84 42 124 47 262 384 770 481 389 263 5401
 ... : 12 33 45 39 84 42 124 46 264 387 781 493 395 266 5417
 ... : 12 32 45 39 84 42 124 46 264 387 780 500 400 267 5430
 ... : 12 32 45 39 84 42 124 46 266 390 785 505 404 273 5434
 ... : 12 32 45 39 84 42 124 46 270 393 789 507 405 272 5457
 ... : 12 32 45 39 84 42 124 46 271 394 795 512 410 274 5475
 ... : 12 32 45 39 85 42 124 45 269 398 806 523 420 278 5491
 ... : 12 32 45 39 85 42 124 44 264 396 812 535 431 285 5512
 ... : 12 32 45 39 85 42 124 44 268 398 812 530 426 306 5545
 ... : 12 32 45 39 85 42 124 44 279 401 823 535 428 308 5583
 ... : 12 32 45 39 85 42 124 44 280 403 833 544 428 312 5619
 ... : 12 32 45 39 85 42 124 44 280 404 843 544 433 321 5643
 ... : 12 32 45 39 84 42 124 44 280 404 848 550 437 326 5670
 ... : 12 32 45 39 84 42 124 44 280 406 860 559 446 331 5690
 ... : 12 32 45 39 84 42 124 44 280 407 868 563 460 349 5697
 ... : 12 32 45 39 84 42 124 44 279 408 878 575 471 358 5714
 ... : 12 32 45 38 84 42 124 44 279 408 879 578 477 362 5760
 ... : 12 32 45 38 84 42 124 44 279 408 887 585 480 368 5798
 ... : 12 32 45 38 83 41 124 44 278 408 896 594 487 371 5816
 ... : 12 32 45 38 83 41 124 44 278 408 899 600 495 374 5818
 ... : 12 32 45 38 83 41 124 44 279 409 906 605 502 379 5848
 ... : 12 32 45 38 83 41 124 44 279 410 916 605 514 390 5861
 ... : 12 32 45 38 83 41 124 44 279 411 923 608 516 403 5892
 ... : 12 32 45 38 83 41 124 44 279 411 929 613 521 409 5921
 ... : 12 32 45 38 83 41 124 44 279 409 935 617 535 417 5942
 ... : 12 32 45 38 83 41 123 44 278 411 935 619 536 426 5958
 ... : 12 32 45 38 83 41 123 44 281 414 940 624 536 425 5980
 ... : 12 32 45 38 83 41 122 44 283 414 943 627 540 426 5988
 ... : 12 32 45 38 84 41 122 44 282 413 952 638 552 431 6003
 ... : 12 32 45 38 84 41 122 44 282 413 957 646 565 442 6022
 ... : 12 32 45 38 84 41 122 44 282 414 963 652 568 443 6046
 ... : 12 32 45 38 84 41 122 44 282 418 970 665 581 444 6060
 ... : 12 32 45 38 84 41 122 44 280 418 975 671 588 450 6070
 ... : 12 32 45 38 84 41 121 44 280 418 980 679 596 456 6092
 ... : 12 32 45 38 84 41 121 44 280 420 989 688 603 462 6110
 ... : 12 32 45 38 84 41 121 44 280 424 1001 696 609 466 6122
 ... : 12 32 45 38 84 41 121 43 279 426 1011 702 625 472 6128
 ... : 12 32 45 38 84 41 121 43 279 426 1014 707 629 480 6137
 ... : 12 32 45 38 84 41 121 43 279 426 1013 704 638 498 6158
 ... : 12 32 45 38 84 41 121 43 278 425 1008 695 633 510 6201
 ... : 12 32 45 38 84 41 121 43 278 425 1006 682 637 519 6240
 ... : 12 32 45 38 84 41 121 43 277 424 1005 669 640 532 6277
 ... : 12 32 45 38 84 41 121 43 277 424 1005 658 639 540 6316
 ... : 12 32 45 38 84 41 121 43 275 418 1000 649 649 555 6340
 ... : 12 32 45 38 84 41 121 43 274 413 994 631 643 566 6378
 ... : 12 32 45 38 84 40 121 43 274 413 988 626 653 576 6415
 ... : 12 32 45 38 84 40 121 43 274 412 985 616 639 573 6466
 ... : 12 32 45 38 84 40 121 43 274 412 981 597 635 593 6484
 ... : 12 32 45 38 84 40 121 43 274 410 976 581 624 592 6534
 ... : 12 32 45 38 84 40 120 42 272 408 973 573 623 600 6576
 ... : 12 32 45 38 84 40 119 40 269 406 974 569 628 616 6605
 ... : 12 32 45 38 84 40 119 40 267 402 967 553 625 632 6637
 ... : 12 32 45 38 84 40 119 40 267 400 960 536 610 640 6681
 ... : 12 32 45 38 85 40 119 40 267 399 953 516 603 654 6717
 ... : 12 32 45 38 85 40 121 40 267 399 954 516 603 654 6769
 ... : 12 32 45 38 85 40 121 40 267 399 955 518 605 656 6811
 ... : 12 32 45 38 85 40 121 40 272 401 958 520 605 658 6857
 ... : 12 32 45 38 86 40 122 40 273 402 959 520 605 660 6919
 ... : 12 32 45 38 86 40 125 40 276 403 962 521 605 660 6971
 ... : 12 32 45 38 85 39 125 39 281 404 965 523 607 663 7011
 ... : 12 32 45 38 85 39 125 39 290 406 971 525 607 663 7057
 ... : 12 32 45 38 85 39 125 39 298 409 981 532 608 664 7086
 ... : 12 32 45 38 85 39 125 39 304 409 984 533 608 666 7132
 ... : 12 32 45 38 85 39 128 39 308 412 998 538 610 670 7168
 ... : 12 32 45 38 84 39 131 38 312 411 1002 540 616 679 7207
 ... : 12 32 45 38 84 39 132 38 315 411 1005 540 619 684 7242
 ... : 12 32 45 38 83 39 132 38 316 411 1009 542 619 686 7281
 ... : 12 32 45 38 83 39 132 38 316 412 1021 543 618 688 7327
 ... : 12 32 45 38 83 39 132 38 314 412 1029 539 619 691 7385
 ... : 12 32 44 38 84 39 135 41 315 412 1030 539 619 693 7420
 ... : 12 32 44 38 84 39 135 43 320 414 1030 539 619 693 7464
 ... : 12 32 44 38 84 39 135 43 321 416 1031 539 619 695 7521
 ... : 12 32 44 38 84 39 136 42 325 421 1035 539 620 696 7567
 ... : 12 32 44 38 85 39 136 44 330 422 1037 540 620 696 7617
 ... : 12 32 44 38 85 39 136 44 330 422 1039 541 622 698 7658
 ... : 12 32 44 38 85 39 135 43 330 423 1043 542 622 698 7688
 ... : 12 32 44 38 85 39 135 43 335 426 1046 543 622 699 7734
 ... : 12 32 44 38 85 39 135 43 340 427 1049 546 623 701 7781
 ... : 12 32 44 38 85 41 142 46 343 427 1051 547 623 701 7815
 ... : 12 32 44 38 85 41 145 46 343 430 1052 547 623 703 7872
 ... : 12 32 44 38 85 41 145 46 343 431 1056 549 623 703 7920
 ... : 12 32 44 38 85 41 145 46 343 431 1057 550 623 703 7980
 ... : 12 32 44 38 85 41 145 46 343 433 1063 553 624 703 8034
 ... : 12 32 44 38 85 41 147 46 343 433 1066 557 624 703 8084
 ... : 12 34 45 38 88 41 147 47 346 433 1071 555 626 706 8123
 ... : 12 34 46 38 103 48 155 57 348 435 1072 555 627 709 8148
 ... : 12 34 46 38 103 48 171 63 360 442 1074 556 628 710 8168
 ... : 12 34 46 38 103 48 171 66 364 448 1080 558 629 711 8209
 ... : 12 34 46 37 104 48 172 68 368 453 1084 559 629 713 8239
 ... : 12 34 46 37 104 48 175 71 376 463 1088 559 629 713 8255
 ... : 12 34 46 37 106 48 179 73 383 470 1092 562 629 713 8295
 ... : 12 34 46 37 106 48 180 76 390 477 1097 563 629 714 8326
 ... : 12 34 46 37 106 48 180 76 391 482 1102 566 630 715 8365
 ... : 12 34 46 37 107 48 181 77 395 490 1107 569 631 715 8403
 ... : 12 34 46 37 107 50 183 79 401 497 1113 571 631 717 8426
 ... : 12 34 46 37 107 50 189 79 401 500 1117 575 632 718 8454
 ... : 12 34 46 37 107 50 191 80 406 504 1120 578 632 718 8497
 ... : 12 34 46 37 107 50 190 78 404 510 1131 589 638 720 8522
 ... : 12 34 46 37 107 50 189 67 390 513 1141 599 646 725 8546
 ... : 12 34 46 36 107 50 187 61 383 516 1148 605 650 730 8573
 ... : 12 34 46 35 106 50 190 61 383 516 1156 608 650 731 8619
 ... : 12 34 46 35 106 51 198 63 384 517 1159 610 652 738 8659
 ... : 12 34 46 35 106 51 198 63 396 518 1165 615 654 743 8694
 ... : 12 34 46 35 106 51 198 63 403 520 1174 620 662 751 8720
 ... : 12 34 46 35 106 51 198 63 408 522 1186 628 666 757 8754
 ... : 12 34 46 35 106 51 201 64 411 528 1190 632 675 768 8781
 ... : 12 34 46 35 106 51 202 62 424 540 1201 638 677 775 8809
 ... : 12 34 46 35 106 51 202 62 423 544 1212 644 686 781 8836
 ... : 12 34 46 35 106 51 202 62 427 547 1218 644 693 792 8865
 ... : 12 34 48 35 109 51 203 62 427 549 1222 647 696 794 8895
 ... : 12 34 48 36 118 52 212 68 432 555 1223 649 697 795 8927
 ... : 12 34 49 36 121 52 212 70 437 561 1227 652 698 795 8965
 ... : 12 34 49 36 124 52 212 71 440 567 1237 657 704 804 8986
 ... : 12 34 49 36 124 52 211 72 441 568 1242 661 709 806 9020
 ... : 12 34 49 36 124 52 210 72 441 568 1251 669 712 813 9052
 ... : 12 34 49 38 130 52 213 72 453 577 1259 672 714 819 9074
 ... : 12 34 49 38 133 52 213 72 454 585 1264 675 719 823 9105
 ... : 12 34 49 38 133 52 214 73 457 586 1266 679 723 826 9137
 ... : 12 34 49 38 133 52 216 70 465 593 1270 681 729 834 9164
 ... : 12 34 49 38 133 53 217 70 468 596 1274 683 732 840 9195
 ... : 12 34 49 38 140 56 223 78 474 605 1278 683 733 840 9214
 ... : 12 34 49 38 140 56 223 79 476 616 1286 685 736 842 9239
 ... : 12 34 49 38 140 56 223 79 477 628 1299 694 738 843 9269
 ... : 12 34 49 38 140 56 222 80 483 632 1301 694 742 846 9308
 ... : 12 34 49 38 141 56 222 82 489 642 1307 699 744 847 9336
 ... : 12 34 49 38 141 57 223 82 491 648 1314 704 745 847 9372
 ... : 12 34 49 38 141 57 223 80 497 658 1324 712 746 847 9396
 ... : 12 34 49 37 142 57 224 80 499 660 1330 721 754 849 9418
 ... : 12 34 49 37 142 57 223 79 502 666 1336 725 761 856 9450
 ... : 12 34 49 37 142 57 223 79 501 666 1338 731 766 861 9483
 ... : 12 34 49 37 142 57 223 79 501 666 1340 731 767 862 9526
 ... : 12 34 49 37 142 57 223 79 501 666 1347 734 769 862 9568
 ... : 12 34 49 37 142 57 223 79 501 666 1356 741 770 862 9612
 ... : 12 34 49 37 142 57 223 79 501 667 1359 745 775 868 9648
 ... : 12 34 49 37 142 57 223 79 501 667 1363 748 775 868 9687
 ... : 12 34 49 37 142 57 227 79 502 674 1366 750 774 870 9713
 ... : 12 34 49 37 142 58 233 79 503 676 1371 752 775 870 9744
 ... : 12 34 49 37 142 58 235 79 503 677 1375 757 775 873 9774
 ... : 12 34 49 37 142 58 234 77 505 683 1377 759 776 873 9816
 ... : 12 34 49 37 142 58 234 77 509 687 1391 763 782 877 9833
 ... : 12 34 49 37 142 58 234 77 509 688 1393 764 784 876 9880
 ... : 12 34 49 37 142 58 234 77 509 689 1400 767 784 877 9932
 ... : 12 34 49 37 142 58 234 77 509 690 1404 770 784 882 9976
 ... : 12 34 49 37 142 58 234 77 509 694 1412 774 786 883 10018
 ... : 12 34 49 37 142 58 234 77 509 696 1421 783 790 884 10051
 ... : 12 34 49 37 142 58 234 77 507 696 1432 791 802 891 10076
 ... : 12 34 49 37 142 58 234 77 507 696 1432 789 809 894 10124
 ... : 12 34 49 37 142 58 234 77 509 697 1436 793 810 902 10162
 ... : 12 34 49 37 142 58 234 77 509 698 1441 796 813 906 10203
 ... : 12 34 49 37 142 58 234 77 509 699 1447 797 814 909 10246
 ... : 12 34 49 37 142 58 234 77 511 702 1460 805 815 910 10276
 ... : 12 34 49 37 142 58 234 77 514 704 1467 809 822 916 10307
 ... : 12 34 49 37 142 58 234 77 513 704 1475 812 830 924 10330
 ... : 12 34 49 37 142 58 234 77 513 704 1484 817 835 932 10354
 ... : 12 34 49 37 144 59 236 81 517 708 1488 821 837 934 10369
 ... : 12 34 49 37 144 59 236 81 518 710 1491 824 838 938 10381
 ... : 12 34 49 37 144 58 236 81 526 716 1498 828 840 942 10412
 ... : 12 34 49 37 144 58 236 81 530 719 1509 829 842 953 10441
 ... : 12 34 49 36 144 58 236 81 530 720 1521 830 845 962 10479
 ... : 12 34 49 36 144 58 236 81 530 721 1530 836 852 971 10508
 ... : 12 34 49 36 144 58 236 81 530 721 1531 837 853 972 10563
 ... : 12 34 49 36 144 58 236 81 531 723 1539 842 856 976 10600
 ... : 12 34 49 36 144 58 236 81 531 724 1548 847 861 980 10635
 ... : 12 34 49 36 144 58 235 81 531 724 1555 852 868 987 10660
 ... : 12 34 49 36 144 58 235 81 538 727 1562 855 872 996 10688
 ... : 12 34 49 36 144 58 236 81 538 727 1566 858 878 1002 10718
 ... : 12 34 49 36 144 58 236 81 538 727 1571 866 883 1005 10756
 ... : 12 34 49 36 144 58 233 81 539 732 1582 869 888 1011 10773
 ... : 12 34 49 36 144 58 233 80 538 737 1596 882 891 1011 10786
 ... : 12 34 49 36 144 58 233 80 538 737 1604 890 900 1018 10811
 ... : 12 34 49 36 144 58 233 80 539 737 1612 900 914 1029 10832
 ... : 12 34 49 36 143 57 233 80 539 737 1612 900 917 1030 10879
 ... : 12 34 49 36 143 57 233 80 539 739 1621 906 918 1031 10911
 ... : 12 34 49 36 143 57 233 80 539 741 1623 908 921 1036 10956
 ... : 12 34 49 36 143 57 233 80 542 746 1638 919 925 1038 10982
 ... : 12 34 49 36 143 57 231 80 542 745 1646 922 938 1053 11000
 ... : 12 34 49 36 141 57 230 80 546 746 1651 929 941 1061 11026
 ... : 12 34 49 36 141 57 230 80 546 750 1657 936 949 1068 11043
 ... : 12 34 49 36 141 57 230 80 546 751 1664 942 959 1081 11063
 ... : 12 34 49 36 141 57 230 80 546 751 1672 943 971 1088 11083
 ... : 12 34 49 36 140 56 230 78 546 752 1678 950 973 1092 11116
 ... : 12 34 49 37 142 56 231 78 546 756 1681 951 975 1093 11160
 ... : 12 34 49 37 142 56 231 78 546 756 1694 959 980 1094 11191
 ... : 12 34 49 37 142 56 231 78 547 757 1699 962 993 1103 11216
 ... : 12 34 49 37 142 56 231 78 551 766 1713 975 994 1104 11231
 ... : 12 34 49 37 142 56 231 78 570 773 1728 989 994 1104 11254
 ... : 12 34 49 37 142 56 231 78 573 773 1736 1002 1006 1106 11260
 ... : 12 34 49 37 142 56 231 78 572 773 1740 1006 1023 1112 11287
 ... : 12 34 49 37 143 56 231 78 576 776 1749 1008 1031 1118 11314
 ... : 12 34 49 37 143 56 230 73 578 786 1757 1014 1033 1121 11331
 ... : 12 34 49 37 144 56 231 75 579 790 1762 1020 1045 1126 11355
 ... : 12 34 49 37 144 56 231 74 589 799 1773 1032 1047 1126 11371
 ... : 12 34 49 37 144 56 231 72 604 802 1789 1042 1049 1128 11382
 ... : 12 34 49 37 144 56 230 67 597 800 1794 1050 1072 1135 11389
 ... : 12 34 49 37 144 56 230 66 594 795 1788 1039 1076 1152 11420
 ... : 12 34 49 37 144 56 230 66 593 796 1797 1042 1080 1158 11447
 ... : 12 34 49 37 144 56 230 66 593 795 1802 1049 1088 1168 11471
 ... : 12 34 49 37 144 56 230 66 593 796 1813 1051 1098 1181 11491
 ... : 12 34 49 37 144 55 230 66 593 796 1819 1064 1111 1192 11510
 ... : 12 34 49 37 144 55 230 66 593 797 1829 1068 1125 1204 11523
 ... : 12 34 49 37 144 55 230 66 594 804 1842 1075 1129 1208 11540
 ... : 12 34 49 37 144 55 230 65 590 804 1847 1073 1139 1224 11560
 ... : 12 34 49 37 144 55 230 61 583 807 1854 1079 1157 1238 11568
 ... : 12 34 49 37 144 55 230 61 580 807 1857 1072 1164 1258 11583
 ... : 12 34 49 37 144 54 230 61 580 807 1855 1059 1165 1276 11610
 ... : 12 34 49 37 144 54 230 61 580 806 1850 1049 1166 1292 11642
 ... : 12 34 49 37 144 54 230 61 580 806 1845 1034 1160 1310 11686
 ... : 12 34 49 37 144 54 230 61 580 806 1838 1016 1152 1325 11727
 ... : 12 34 49 37 144 54 230 61 580 805 1836 1005 1148 1338 11768
 ... : 12 34 49 37 144 54 229 61 580 805 1836 1000 1147 1345 11799
 ... : 12 34 49 37 144 54 229 61 579 806 1843 1009 1155 1348 11823
 ... : 12 34 49 36 144 54 229 61 579 806 1858 1012 1160 1355 11859
 ... : 12 34 49 36 143 54 229 61 580 806 1863 1011 1167 1366 11884
 ... : 12 34 49 36 143 54 229 61 580 809 1867 1011 1171 1375 11915
 ... : 12 34 49 36 143 54 229 61 581 811 1872 1016 1178 1379 11948
 ... : 12 34 49 36 143 54 229 61 581 812 1880 1021 1186 1396 11971
 ... : 12 34 49 36 143 54 229 61 581 813 1883 1024 1193 1400 11983
 ... : 12 34 49 36 143 54 229 61 581 814 1890 1029 1197 1402 12026
 ... : 12 34 49 36 143 54 229 61 580 817 1892 1031 1198 1407 12059
 ... : 12 34 49 36 143 54 229 61 580 818 1898 1036 1198 1410 12098
 ... : 12 34 49 36 140 54 230 63 584 825 1904 1039 1201 1414 12114
 ... : 12 34 49 36 140 54 230 62 582 823 1915 1052 1208 1422 12129
 ... : 12 34 49 36 140 54 230 62 582 824 1916 1054 1220 1432 12159
 ... : 12 34 49 36 140 54 229 62 580 829 1924 1056 1226 1437 12189
 ... : 12 34 49 36 140 54 229 62 580 830 1926 1056 1227 1436 12233
 ... : 12 34 49 36 140 54 229 62 581 831 1927 1060 1228 1436 12276
 ... : 12 34 49 36 139 54 229 62 581 840 1932 1063 1230 1436 12310
 ... : 12 34 49 36 138 54 229 63 585 849 1940 1071 1235 1438 12334
 ... : 12 34 49 36 138 54 228 62 582 844 1950 1077 1242 1443 12346
 ... : 12 34 49 36 136 54 228 63 584 847 1961 1079 1248 1448 12365
 ... : 12 34 49 36 136 54 228 63 584 848 1967 1087 1263 1455 12377
 ... : 12 34 49 36 136 54 228 63 584 848 1974 1097 1277 1460 12393
 ... : 12 34 49 36 136 54 228 63 584 842 1968 1085 1276 1486 12422
 ... : 12 34 49 36 138 54 228 63 584 842 1971 1092 1283 1493 12449
 ... : 12 34 49 36 138 54 228 63 584 843 1978 1102 1287 1495 12467
 ... : 12 34 49 36 138 54 228 63 584 845 1978 1107 1296 1500 12475
 ... : 12 34 49 36 138 54 228 63 584 842 1983 1117 1306 1511 12482
 ... : 12 34 49 36 138 54 228 63 588 844 1988 1120 1309 1519 12493
 ... : 12 34 49 36 138 54 228 63 590 845 1989 1117 1311 1538 12505
 ... : 12 34 49 36 138 54 228 63 590 847 1999 1120 1321 1546 12529
 ... : 12 34 49 36 138 54 228 63 590 846 2004 1123 1325 1551 12570
 ... : 12 34 49 36 138 54 228 63 590 847 2010 1132 1330 1563 12597
 ... : 12 34 49 36 138 54 228 63 590 847 2014 1137 1333 1569 12625
 ... : 12 34 49 36 138 54 228 63 591 849 2021 1139 1337 1575 12650
 ... : 12 34 49 36 138 54 228 64 592 850 2022 1141 1337 1576 12685
 ... : 12 34 49 36 138 54 228 64 591 854 2033 1146 1344 1584 12707
 ... : 12 34 49 36 138 54 228 64 591 857 2041 1148 1351 1591 12732
 ... : 12 34 49 36 137 51 226 63 591 858 2049 1152 1354 1593 12752
 ... : 12 34 49 36 137 51 227 63 596 859 2044 1158 1354 1600 12757
 ... : 12 34 49 36 137 51 227 63 598 860 2047 1161 1355 1603 12773
 ... : 12 34 49 36 137 51 227 63 598 860 2050 1160 1356 1608 12797
 ... : 12 34 49 36 138 51 227 63 598 861 2054 1165 1359 1608 12839
 ... : 12 34 49 36 138 51 227 63 598 862 2064 1169 1371 1618 12866
 ... : 12 34 49 36 139 51 227 63 598 862 2072 1172 1377 1633 12887
 ... : 12 34 49 36 141 51 227 63 598 861 2075 1175 1378 1636 12942
 ... : 12 34 49 36 140 52 227 63 598 861 2077 1174 1378 1639 12994
 ... : 12 34 49 36 140 52 228 63 598 864 2081 1178 1381 1645 13025
 ... : 12 34 49 36 140 52 228 63 598 870 2089 1188 1382 1652 13044
 ... : 12 34 49 36 140 52 228 63 597 871 2097 1191 1384 1655 13077
 ... : 12 34 49 36 140 52 228 63 597 871 2103 1197 1387 1658 13114
 ... : 12 34 49 36 140 52 228 63 597 870 2105 1202 1407 1667 13116
 ... : 12 34 49 36 140 52 228 63 597 872 2110 1210 1415 1673 13128
 ... : 12 34 49 36 140 52 228 63 597 872 2113 1211 1423 1686 13127
 ... : 12 34 49 36 140 52 228 63 598 874 2119 1210 1431 1696 13149
 ... : 12 34 49 36 140 52 229 63 602 875 2132 1219 1445 1713 13156
 ... : 12 34 49 36 141 53 230 64 604 878 2139 1219 1444 1721 13195
 ... : 12 34 49 36 141 53 230 65 605 880 2145 1220 1447 1727 13223
 ... : 12 34 49 36 141 53 230 65 606 882 2149 1224 1452 1734 13257
 ... : 12 34 49 39 23 53 92 65 126 875 2151 1224 1455 1739 13290
 ... : 12 34 49 39 23 61 94 70 127 882 1756 1230 1457 1743 13318
 ... : 12 34 49 39 23 65 97 91 129 886 1757 1233 1457 1746 13353
 ... : 12 34 49 39 23 69 98 96 130 894 1760 1238 1461 1750 13384
 ... : 12 34 49 39 23 69 98 96 127 891 1757 1248 1470 1763 13406
 ... : 12 34 49 39 23 69 98 96 127 895 1759 1255 1453 1769 13446
 ... : 12 34 49 39 23 69 98 96 127 901 1756 1258 1457 1780 13480
 ... : 12 34 49 39 23 69 98 96 127 901 1752 1258 1464 1801 13502
 ... : 12 34 49 39 23 69 98 96 127 899 1750 1254 1457 1817 13525
 ... : 12 34 49 39 23 74 98 96 127 897 1751 1265 1462 1834 13538
 ... : 12 34 49 39 23 75 99 97 127 896 1752 1268 1468 1853 13562
 ... : 12 34 49 39 23 78 99 100 132 900 1754 1276 1476 1853 13584
 ... : 12 34 49 39 23 80 99 102 134 900 1755 1275 1476 1861 13613
 ... : 12 34 49 39 23 80 99 102 130 893 1750 1273 1480 1880 13647
 ... : 12 34 49 39 23 80 99 102 130 893 1749 1264 1466 1883 13698
 ... : 12 34 49 39 23 80 99 102 130 893 1747 1266 1451 1890 13736
 ... : 12 34 49 39 23 80 98 102 130 893 1743 1257 1446 1910 13773
 ... : 12 34 49 39 23 80 98 102 130 892 1742 1250 1438 1910 13801
 ... : 12 34 49 39 23 80 98 102 130 891 1737 1236 1416 1914 13842
 ... : 12 34 49 39 23 80 98 102 130 891 1735 1224 1386 1907 13893
 ... : 12 34 49 39 23 80 98 102 130 889 1732 1212 1357 1903 13946
  16 : 12 34 44 37 12 36 17 53 10 52 552 1226 297 342 364 17103
 ... : 12 34 44 37 12 36 17 53 10 52 552 1229 299 343 367 17148
 ... : 12 34 44 37 12 36 17 53 10 52 552 1232 302 348 375 17176
 ... : 12 34 44 37 12 36 17 53 10 52 550 1237 305 354 382 17198
 ... : 12 34 44 37 12 36 17 53 10 52 550 1249 310 359 385 17230
 ... : 12 34 44 37 12 36 17 53 10 53 552 1256 310 363 393 17263
 ... : 12 34 44 37 12 36 17 53 10 57 557 1262 313 363 397 17285
 ... : 12 34 44 37 12 36 17 53 10 57 557 1270 322 366 402 17305
 ... : 12 34 44 37 12 36 17 53 10 57 557 1275 324 370 410 17335
 ... : 12 34 44 37 12 36 17 53 10 57 557 1278 327 373 411 17361
 ... : 12 34 44 37 12 36 17 53 10 57 557 1281 330 375 414 17374
 ... : 12 34 44 37 12 36 17 53 10 57 557 1284 333 380 420 17392
 ... : 12 34 44 37 12 36 17 53 10 57 557 1288 331 384 426 17410
 ... : 12 34 44 37 12 36 17 53 10 57 557 1286 311 368 432 17448
 ... : 12 34 44 37 12 36 17 53 10 57 557 1286 311 368 432 17474
 ... : 12 34 44 37 12 36 17 53 10 57 557 1286 311 368 432 17520
 ... : 12 34 44 37 12 36 17 53 10 57 557 1287 312 368 432 17524
 ... : 12 34 44 37 12 36 17 53 10 57 557 1287 313 370 432 17523
 ... : 12 34 44 37 12 36 17 53 10 57 557 1288 313 370 433 17548
 ... : 12 34 44 37 12 36 17 53 10 57 557 1288 313 370 433 17610
 ... : 12 34 44 37 12 36 17 53 10 57 557 1289 314 370 433 17661
 ... : 12 34 44 37 12 36 17 55 10 57 558 1291 314 370 433 17718
 ... : 12 34 44 37 12 36 17 55 10 57 558 1291 317 372 434 17751
 ... : 12 34 44 37 12 36 17 55 10 57 558 1292 318 372 434 17807
 ... : 12 34 44 37 12 36 17 56 10 57 558 1296 322 374 434 17859
 ... : 12 34 44 37 12 36 17 58 10 67 563 1300 329 376 436 17888
 ... : 12 34 44 37 12 36 17 58 10 68 563 1305 330 380 437 17931
 ... : 12 34 44 37 12 36 17 58 10 68 563 1308 330 380 440 17976
 ... : 12 34 44 37 12 36 17 58 10 68 563 1313 336 381 440 18018
 ... : 12 34 44 37 12 36 17 58 10 68 563 1318 340 383 440 18059
 ... : 12 34 44 37 12 36 17 58 10 68 563 1322 343 383 440 18118
 ... : 12 34 44 37 12 36 17 58 10 69 563 1333 348 386 444 18169
 ... : 12 34 44 37 12 36 17 58 10 71 567 1342 353 397 449 18190
 ... : 12 34 44 37 12 36 17 58 10 72 568 1347 357 403 453 18215
 ... : 12 34 43 37 12 36 17 58 10 72 568 1356 360 412 458 18240
 ... : 12 34 43 37 12 36 17 58 10 73 568 1359 360 414 461 18293
 ... : 12 34 43 37 12 36 17 59 10 80 569 1363 361 414 461 18338
 ... : 12 34 43 37 12 36 17 59 10 80 569 1369 370 417 462 18380
 ... : 12 34 43 37 12 36 17 59 10 80 568 1372 372 420 466 18425
 ... : 12 34 43 37 12 36 17 59 10 81 569 1376 378 421 466 18464
 ... : 12 34 43 37 12 36 17 59 10 86 570 1386 383 426 469 18500
 ... : 12 34 43 37 12 36 17 59 10 86 570 1387 383 429 471 18552
 ... : 12 34 43 37 12 36 17 59 10 86 570 1388 386 434 475 18591
 ... : 12 34 43 37 12 36 17 59 10 86 570 1393 387 436 480 18629
 ... : 12 34 43 37 12 36 17 59 10 86 570 1396 390 441 481 18669
 ... : 12 34 43 37 12 36 17 59 10 86 570 1398 391 446 485 18716
 ... : 12 34 43 37 12 36 17 59 10 86 570 1404 395 452 492 18754
 ... : 12 34 43 37 12 36 17 59 10 86 570 1407 394 451 495 18805
 ... : 12 34 43 37 12 36 17 59 10 86 570 1412 401 455 497 18845
 ... : 12 34 43 37 12 36 17 59 10 86 570 1415 402 458 497 18879
 ... : 12 34 43 37 12 36 17 59 10 86 570 1415 403 458 495 18921
 ... : 12 34 43 37 12 36 17 59 10 86 570 1417 406 461 495 18943
 ... : 12 34 43 37 12 36 17 59 10 86 570 1420 406 460 497 18989
 ... : 12 34 43 37 12 36 17 59 10 86 569 1425 406 466 499 19019
 ... : 12 34 43 37 12 36 17 59 10 85 568 1429 406 466 499 19038
 ... : 12 34 43 37 12 36 17 59 10 95 570 1435 409 468 501 19059
 ... : 12 34 43 37 12 36 17 59 10 95 570 1440 413 473 502 19080
 ... : 12 34 43 37 12 36 17 59 10 95 570 1442 417 472 504 19102
 ... : 12 34 43 37 12 36 17 60 12 96 570 1444 419 472 504 19138
 ... : 12 34 43 37 12 36 17 60 12 98 573 1448 423 474 503 19183
 ... : 12 34 43 37 12 36 17 60 12 98 573 1444 425 474 503 19211
 ... : 12 34 43 37 12 36 17 60 12 99 574 1450 430 477 505 19239
 ... : 12 34 43 37 12 36 17 60 12 106 576 1457 435 480 508 19269
 ... : 12 34 43 37 12 36 17 60 12 109 578 1463 439 483 510 19293
 ... : 12 34 43 37 12 36 17 60 12 109 578 1474 441 492 515 19319
 ... : 12 34 43 37 12 36 17 60 12 109 578 1475 428 496 525 19351
 ... : 12 34 43 37 12 36 17 60 12 108 578 1477 420 494 526 19409
 ... : 12 34 43 37 12 36 17 60 12 108 578 1479 420 495 527 19455
 ... : 12 34 43 37 12 36 17 60 12 108 578 1481 421 498 530 19495
 ... : 12 34 43 37 12 36 17 60 12 108 578 1481 421 498 535 19518
 ... : 12 34 43 37 12 36 17 60 12 108 578 1491 423 502 536 19559
 ... : 12 34 43 37 12 36 17 60 12 108 579 1502 423 503 537 19592
 ... : 12 34 43 36 12 36 17 60 12 108 580 1515 425 506 541 19608
 ... : 12 34 43 36 12 36 17 60 12 108 581 1517 428 508 543 19633
 ... : 12 34 43 36 12 36 17 60 12 108 581 1522 431 509 543 19679
 ... : 12 34 43 36 12 36 17 60 12 108 581 1531 433 510 546 19714
 ... : 12 34 43 36 12 36 17 60 12 108 581 1539 434 514 554 19754
 ... : 12 34 43 36 12 36 17 60 12 108 581 1541 440 520 558 19786
 ... : 12 34 43 36 12 36 17 60 12 108 581 1543 440 522 558 19826
 ... : 12 34 43 36 12 36 17 60 12 108 581 1548 442 523 558 19846
 ... : 12 34 43 36 12 36 17 60 12 108 581 1548 444 525 558 19861
 ... : 12 34 43 36 12 36 17 60 12 108 583 1548 446 523 557 19898
 ... : 12 34 43 36 12 36 17 62 12 116 594 1554 448 523 560 19921
 ... : 12 34 43 36 12 37 17 62 12 116 594 1560 450 523 561 19936
 ... : 12 34 43 36 12 37 17 62 12 118 596 1565 453 524 560 19966
 ... : 12 34 43 36 12 37 17 62 12 118 597 1577 457 524 560 19987
 ... : 12 34 43 36 12 37 17 62 12 118 598 1585 461 524 560 20012
 ... : 12 34 43 36 12 37 17 62 12 118 598 1595 472 531 563 20044
 ... : 12 34 43 36 12 37 17 62 12 118 598 1604 472 535 567 20051
 ... : 12 34 43 36 12 37 17 62 12 118 598 1608 481 543 570 20080
 ... : 12 34 43 36 12 37 17 62 12 118 598 1612 479 543 568 20093
 ... : 12 34 43 36 12 37 17 62 12 118 598 1614 475 531 572 20124
 ... : 12 34 43 36 12 37 17 62 12 118 598 1626 487 550 578 20133
 ... : 12 34 43 36 12 37 17 62 12 118 597 1625 493 567 590 20152
 ... : 12 34 43 35 12 37 17 62 12 118 599 1632 497 579 600 20142
 ... : 12 34 43 35 12 37 17 62 12 118 599 1637 490 584 612 20172
 ... : 12 34 43 35 12 37 17 62 12 118 599 1643 495 596 620 20193
 ... : 12 34 43 35 12 37 17 62 12 118 599 1645 485 592 635 20232
 ... : 12 34 43 35 12 37 17 62 12 118 599 1644 482 573 637 20290
 ... : 12 34 43 35 12 37 17 62 12 118 599 1647 484 574 637 20338
 ... : 12 34 43 35 12 37 17 62 12 119 599 1655 488 578 646 20350
 ... : 12 34 43 35 12 37 17 62 12 124 600 1656 490 580 649 20402
 ... : 12 34 43 35 12 40 19 64 16 127 601 1657 490 580 648 20445
 ... : 12 34 43 35 12 40 19 70 16 133 603 1658 491 580 649 20486
 ... : 12 34 43 35 12 40 19 70 16 133 603 1660 492 580 651 20530
 ... : 12 34 43 35 12 40 19 77 16 133 604 1662 493 580 651 20559
 ... : 12 34 43 35 12 40 19 77 16 141 607 1668 496 581 654 20594
 ... : 12 34 43 35 12 41 19 77 16 148 609 1672 498 582 656 20639
 ... : 12 34 43 35 12 41 19 77 18 151 610 1674 499 582 656 20675
 ... : 12 34 43 35 12 41 19 78 18 152 612 1684 503 583 656 20716
 ... : 12 34 43 35 12 41 19 77 18 153 612 1691 506 595 658 20747
 ... : 12 34 43 35 12 41 19 81 14 155 620 1697 510 601 664 20769
 ... : 12 34 43 35 12 41 19 88 13 165 623 1704 515 601 666 20803
 ... : 12 34 43 35 12 41 19 89 13 166 623 1708 521 605 670 20839
 ... : 12 34 43 35 12 41 19 89 13 164 623 1713 527 613 671 20870
 ... : 12 34 43 35 12 41 19 89 13 164 623 1723 538 617 671 20903
 ... : 12 34 43 35 12 41 19 89 13 164 623 1729 540 624 680 20934
 ... : 12 34 43 35 12 41 19 89 13 164 623 1732 543 624 679 20985
 ... : 12 34 43 35 12 41 20 90 13 164 623 1737 545 624 679 21038
 ... : 12 34 43 35 12 44 22 93 18 169 626 1738 545 625 680 21073
 ... : 12 34 43 35 12 44 22 100 18 169 628 1740 548 625 681 21112
 ... : 12 34 43 35 12 44 22 100 19 172 632 1742 550 626 683 21152
 ... : 12 34 43 35 12 44 22 100 19 172 633 1749 557 630 684 21191
 ... : 12 34 43 35 12 44 22 100 19 172 635 1761 564 639 689 21212
 ... : 12 34 43 35 12 44 22 100 18 172 636 1767 568 642 692 21254
 ... : 12 34 43 35 12 44 22 100 18 170 637 1774 575 647 693 21284
 ... : 12 34 43 35 12 44 22 100 18 170 638 1784 579 654 702 21300
 ... : 12 34 43 35 12 44 22 100 18 170 638 1789 583 659 706 21341
 ... : 12 34 43 35 12 44 22 100 19 173 641 1798 587 661 706 21374
 ... : 12 34 43 35 12 44 22 100 19 173 642 1808 598 669 710 21400
 ... : 12 34 43 35 12 44 22 99 16 169 642 1818 603 679 720 21422
 ... : 12 34 43 35 12 44 22 99 16 169 642 1817 604 690 728 21452
 ... : 12 34 43 35 12 44 22 99 16 169 643 1820 606 689 730 21494
 ... : 12 34 43 35 12 44 22 99 16 169 644 1827 608 692 737 21525
 ... : 12 34 43 35 12 44 22 99 16 169 643 1834 609 697 737 21570
 ... : 12 34 43 35 12 44 22 99 16 187 653 1848 615 700 741 21585
 ... : 12 34 43 35 12 44 22 99 16 191 654 1857 625 712 742 21608
 ... : 12 34 43 35 12 44 22 100 19 196 659 1865 626 714 744 21642
 ... : 12 34 43 35 12 44 22 100 19 196 665 1883 631 715 746 21673
 ... : 12 34 43 35 12 44 22 100 19 191 661 1883 627 718 754 21715
 ... : 12 34 43 35 12 44 22 100 19 191 661 1889 626 719 767 21742
 ... : 12 34 43 35 12 44 22 100 19 191 664 1907 635 729 771 21753
 ... : 12 34 43 35 12 44 22 100 19 191 664 1914 636 732 778 21780
 ... : 12 34 43 35 12 44 22 100 19 191 666 1933 640 737 786 21803
 ... : 12 34 43 35 12 44 22 100 19 191 666 1944 649 748 793 21824
 ... : 12 34 43 35 12 44 22 100 19 191 666 1955 652 758 803 21840
 ... : 12 34 43 35 12 44 22 100 19 191 666 1965 659 766 809 21863
 ... : 12 34 43 35 12 44 22 100 19 191 666 1982 661 770 813 21886
 ... : 12 34 43 35 12 44 22 100 19 191 666 1980 657 765 810 21936
 ... : 12 34 43 35 12 44 22 100 19 191 665 1979 657 765 810 21974
 ... : 12 34 43 35 12 44 22 100 19 191 666 1981 658 765 810 22031
 ... : 12 34 43 35 12 44 22 100 19 191 666 1985 661 767 812 22074
 ... : 12 34 43 35 12 44 22 100 19 191 666 1986 661 767 814 22120
 ... : 12 34 43 35 12 44 22 100 19 191 668 1989 661 767 814 22151
 ... : 12 34 43 35 12 44 22 100 19 191 677 1996 662 768 816 22182
 ... : 12 34 43 35 12 44 22 100 19 191 677 2001 667 772 819 22218
 ... : 12 34 43 35 12 46 22 102 19 191 681 2003 667 773 821 22264
 ... : 12 34 43 35 12 47 22 102 19 191 683 2007 668 774 825 22305
 ... : 12 34 43 35 12 47 22 102 19 191 683 2008 670 774 826 22343
 ... : 12 34 43 35 12 47 22 102 19 192 685 2011 672 774 831 22377
 ... : 12 34 43 35 12 47 22 102 19 208 694 2020 675 774 831 22417
 ... : 12 34 43 35 12 47 23 102 19 208 694 2025 678 778 833 22455
 ... : 12 34 43 35 12 47 24 102 19 208 694 2025 680 779 834 22481
 ... : 12 34 43 35 12 48 24 102 19 208 695 2027 681 780 837 22518
 ... : 12 34 43 35 12 48 24 102 19 208 694 2030 680 779 840 22555
 ... : 12 34 43 35 12 48 24 102 19 207 694 2032 683 781 842 22595
 ... : 12 34 43 35 12 51 26 103 19 207 694 2036 684 782 843 22633
 ... : 12 34 43 35 12 57 27 105 21 213 697 2037 684 782 844 22667
 ... : 12 34 43 35 12 58 26 105 19 213 696 2041 687 783 845 22701
 ... : 12 34 43 35 12 61 26 105 19 213 696 2040 687 784 844 22740
 ... : 12 34 43 35 12 62 26 105 19 213 698 2045 692 786 846 22761
 ... : 12 34 43 35 12 62 26 105 19 213 698 2044 694 787 849 22789
 ... : 12 34 43 35 12 62 26 106 19 213 701 2047 699 791 849 22804
 ... : 12 34 43 35 12 62 26 106 19 213 701 2058 702 799 852 22827
 ... : 12 34 43 35 12 62 26 107 19 213 700 2061 701 802 855 22854
 ... : 12 34 43 35 12 62 26 107 19 217 701 2065 706 802 858 22892
 ... : 12 34 43 35 12 62 26 107 19 219 704 2072 710 803 860 22915
 ... : 12 34 43 35 12 62 26 107 19 219 704 2077 713 805 861 22961
