initialized model with 610 latches, 856 inputs and 1 properties
tsim: performed 3 steps
tsim: found cycle from 1
checking bound 0
checking bound 1
checking bound 2
tdecomp: unrolling 2 cycles
tsim: performed 2 steps
tsim: found cycle from 0
tsim: found 1 constants and 0 latch equivalences
tdecomp: (610, 3424) -> (609, 2320)
   2 : 1 0
   3 : 1 34 0
   4 : 1 42 89 0
 ... : 1 53 141 65
 ... : 3 64 181 155
 ... : 3 68 246 210
   5 : 3 69 272 225 21
 ... : 3 69 278 276 94
 ... : 3 73 297 322 160
 ... : 3 76 315 370 223
   6 : 3 76 322 409 284 40
 ... : 3 76 323 413 331 102
 ... : 3 76 326 421 366 194
 ... : 3 76 327 426 415 284
 ... : 3 76 328 441 469 343
   7 : 3 76 329 442 498 330 82
 ... : 3 76 329 442 499 377 166
 ... : 3 76 329 442 501 426 252
   8 : 3 76 329 442 499 443 252 98
 ... : 3 76 329 442 499 443 294 172
 ... : 3 76 329 442 499 445 344 234
 ... : 3 76 329 442 499 446 381 353
   9 : 3 76 329 442 499 440 376 324 159
 ... : 3 76 329 442 499 439 374 345 246
 ... : 3 76 329 442 499 443 377 364 352
  10 : 3 76 329 442 499 437 372 279 212 262
 ... : 3 76 329 442 499 437 372 273 233 339
 ... : 3 76 329 442 499 437 372 277 256 419
  11 : 3 76 329 442 499 435 372 266 183 213 380
 ... : 3 76 329 442 499 435 372 267 183 230 481
  12 : 3 76 329 442 499 435 372 259 176 118 131 498
  13 : 3 76 329 442 499 435 372 259 175 103 92 88 517
