initialized model with 56 latches, 60 inputs and 1 properties
tsim: performed 3 steps
tsim: found cycle from 1
checking bound 0
checking bound 1
checking bound 2
tdecomp: unrolling 2 cycles
tsim: performed 2 steps
tsim: found cycle from 0
tsim: found 1 constants and 0 latch equivalences
tdecomp: (56, 240) -> (55, 174)
   2 : 4 1
   3 : 5 7 1
 ... : 59 56 6
 ... : 88 111 46
 ... : 116 151 95
 ... : 130 199 152
 ... : 142 246 215
 ... : 157 295 276
   4 : 179 309 271 72
 ... : 201 357 310 78
 ... : 207 417 363 79
 ... : 226 471 415 80
 ... : 234 507 462 112
 ... : 235 531 514 147
 ... : 237 538 543 242
 ... : 243 560 586 296
 ... : 249 592 634 327
 ... : 257 628 669 370
 ... : 260 650 709 432
 ... : 260 672 757 482
 ... : 273 709 806 506
 ... : 273 718 848 587
 ... : 280 747 888 634
 ... : 285 781 940 666
 ... : 299 816 984 705
 ... : 302 841 1027 760
 ... : 310 869 1067 805
 ... : 318 893 1109 855
 ... : 318 910 1141 934
 ... : 320 917 1160 1021
 ... : 330 953 1205 1055
 ... : 332 969 1247 1118
 ... : 337 992 1296 1165
 ... : 346 1025 1346 1201
 ... : 358 1053 1389 1243
 ... : 359 1077 1434 1300
 ... : 368 1101 1481 1350
 ... : 371 1132 1530 1401
 ... : 374 1157 1578 1450
 ... : 381 1181 1623 1499
 ... : 382 1192 1674 1553
 ... : 384 1209 1722 1611
   5 : 382 1183 1595 1325 423
 ... : 390 1207 1640 1359 431
 ... : 399 1228 1683 1401 437
 ... : 400 1256 1730 1444 438
 ... : 401 1267 1762 1497 463
 ... : 401 1270 1768 1521 547
 ... : 401 1274 1784 1541 627
 ... : 405 1305 1829 1575 631
 ... : 407 1322 1856 1624 665
 ... : 408 1339 1894 1667 693
 ... : 408 1343 1902 1700 781
 ... : 410 1366 1928 1738 810
 ... : 410 1385 1965 1790 825
 ... : 410 1389 1983 1814 903
 ... : 410 1401 2016 1857 936
 ... : 411 1411 2032 1891 991
 ... : 413 1428 2077 1943 999
 ... : 417 1437 2098 1980 1065
 ... : 420 1456 2125 2013 1105
 ... : 423 1464 2138 2055 1161
 ... : 424 1476 2161 2090 1219
 ... : 424 1490 2191 2121 1274
 ... : 425 1513 2243 2171 1275
 ... : 433 1542 2287 2218 1277
 ... : 433 1549 2304 2252 1354
 ... : 435 1562 2339 2295 1383
 ... : 437 1575 2373 2331 1428
 ... : 438 1584 2404 2364 1485
 ... : 438 1588 2434 2404 1533
 ... : 438 1593 2446 2439 1608
 ... : 439 1613 2491 2479 1631
 ... : 442 1630 2530 2533 1639
 ... : 442 1646 2555 2570 1685
 ... : 442 1658 2574 2606 1741
 ... : 442 1665 2587 2656 1788
 ... : 447 1688 2620 2694 1827
 ... : 456 1705 2643 2721 1877
 ... : 456 1721 2675 2769 1906
 ... : 457 1726 2685 2799 1992
 ... : 462 1738 2705 2830 2052
 ... : 462 1758 2757 2872 2060
 ... : 466 1788 2807 2913 2062
 ... : 467 1797 2836 2962 2110
 ... : 470 1813 2862 2985 2148
 ... : 470 1815 2864 3010 2247
 ... : 471 1833 2904 3045 2271
 ... : 471 1835 2925 3092 2327
 ... : 473 1849 2966 3145 2339
 ... : 477 1869 2991 3171 2372
 ... : 477 1877 3011 3203 2433
 ... : 478 1893 3040 3233 2454
 ... : 478 1903 3065 3264 2491
 ... : 482 1916 3097 3301 2526
 ... : 489 1934 3112 3315 2599
 ... : 493 1953 3159 3355 2603
 ... : 496 1969 3200 3411 2607
 ... : 497 1990 3245 3461 2609
 ... : 504 2019 3287 3501 2622
 ... : 506 2029 3307 3521 2677
 ... : 507 2034 3325 3554 2735
 ... : 507 2042 3327 3572 2817
 ... : 511 2063 3375 3625 2823
 ... : 517 2076 3396 3661 2867
 ... : 517 2080 3408 3691 2936
 ... : 517 2090 3441 3735 2976
 ... : 517 2091 3445 3760 3075
 ... : 519 2108 3486 3803 3095
 ... : 519 2114 3503 3852 3146
 ... : 519 2128 3540 3894 3168
 ... : 523 2140 3562 3925 3227
 ... : 523 2143 3573 3959 3306
 ... : 524 2155 3601 3999 3340
 ... : 527 2175 3652 4052 3343
 ... : 527 2181 3670 4093 3411
 ... : 531 2205 3717 4133 3421
 ... : 534 2221 3761 4183 3426
 ... : 536 2240 3791 4219 3458
 ... : 539 2248 3806 4242 3537
 ... : 541 2258 3838 4297 3558
 ... : 541 2269 3850 4325 3627
 ... : 541 2278 3877 4361 3687
 ... : 541 2283 3918 4408 3716
 ... : 542 2300 3948 4452 3749
 ... : 543 2307 3970 4487 3811
 ... : 543 2316 3989 4516 3877
 ... : 545 2330 4045 4569 3881
 ... : 548 2342 4071 4613 3918
 ... : 549 2350 4095 4648 3985
 ... : 549 2365 4131 4703 4006
 ... : 556 2381 4162 4735 4045
 ... : 556 2391 4186 4774 4100
 ... : 559 2407 4214 4809 4140
 ... : 564 2422 4237 4846 4174
 ... : 564 2430 4267 4894 4216
 ... : 565 2443 4291 4934 4268
 ... : 565 2453 4306 4966 4345
 ... : 565 2461 4352 5007 4361
 ... : 565 2478 4391 5033 4399
 ... : 565 2493 4425 5086 4414
 ... : 565 2497 4453 5138 4462
 ... : 566 2506 4467 5167 4538
 ... : 566 2515 4506 5213 4564
 ... : 566 2521 4531 5247 4615
 ... : 566 2530 4565 5293 4650
 ... : 566 2533 4593 5329 4705
 ... : 566 2540 4613 5380 4747
 ... : 566 2549 4646 5420 4780
tdecomp: completing cex trace with 2 initial steps
seqsimpl: completing cex trace with simulation
num_solve_calls = 1842367
num_solve_sat_calls = 683650
num_solve_unsat_calls = 19014
num_solve_approx_calls = 976885
num_solve_approx_unsat_calls = 360527
num_solve_conflicts = 921314
num_solve_decisions = 61796821
num_solve_propagations = 734421820
avg_solve_conflicts = 1
avg_solve_decisions = 34
avg_solve_propagations = 399
avg_solve_unsat_decisions = 1.761
stddev_solve_unsat_decisions = 2.120
num_added_cubes = 19695
num_subsumed_cubes = 1653
num_gc_frame = 5
num_reset = 161
num_try_blocking = 802303
get_bad_cube_time = 0.175
rec_block_cube_time = 559.596
propagate_forward_time = 3.458
generalize_model_time = 4.859
generalize_and_push_time = 376.470
try_blocking_time = 370.173
reset_time = 131.937
clausify_time = 2.091
preprocess_time = 115.320
solve_time = 380.815
solve_sat_time = 300.258
solve_unsat_time = 80.557
prove_time = 563.371
memory_used_mb = 286
total_time = 563.417
Unsafe
