initialized model with 38 latches, 12 inputs and 1 properties
tsim: reached all X state
tsim: performed 7 steps
checking bound 0
checking bound 1
checking bound 2
tdecomp: unrolling 2 cycles
tsim: reached all X state
tsim: performed 5 steps
tdecomp: no improvement found, reverting original model
   2 : 9 2
   3 : 9 12 1
   4 : 10 15 20 7
   5 : 8 9 17 30 15
num_solve_calls = 3720
num_solve_sat_calls = 1161
num_solve_unsat_calls = 163
num_solve_approx_calls = 2009
num_solve_approx_unsat_calls = 1063
num_solve_conflicts = 10076
num_solve_decisions = 56484
num_solve_propagations = 23923568
avg_solve_conflicts = 3
avg_solve_decisions = 16
avg_solve_propagations = 6432
avg_solve_unsat_decisions = 1.466
stddev_solve_unsat_decisions = 6.023
num_added_cubes = 198
num_subsumed_cubes = 96
num_gc_frame = 9
num_reset = 0
num_try_blocking = 1252
get_bad_cube_time = 3.468
rec_block_cube_time = 1.162
propagate_forward_time = 0.232
generalize_model_time = 0.943
generalize_and_push_time = 0.936
try_blocking_time = 1.388
reset_time = 0.000
clausify_time = 0.438
preprocess_time = 0.094
solve_time = 4.840
solve_sat_time = 3.314
solve_unsat_time = 1.526
prove_time = 5.348
memory_used_mb = 31
total_time = 5.656
Unsafe
