initialized model with 26148 latches, 79 inputs and 1 properties
tsim: performed 11 steps
tsim: found cycle from 9
tsim: found 1 constants and 0 latch equivalences
seqsimpl: (26148, 79) -> (26147, 78)
checking bound 0
checking bound 1
checking bound 2
tdecomp: unrolling 2 cycles
tsim: reached all X state
tsim: performed 8 steps
tdecomp: no improvement found, reverting original model
   2 : 30 41
   3 : 18 18 48
   4 : 18 4 30 50
 ... : 18 7 48 135
   5 : 17 4 24 33 161
   6 : 17 4 24 33 87 100
   7 : 17 4 24 26 70 96 102
 ... : 17 4 24 26 49 88 197
 ... : 17 4 24 25 31 83 265
 ... : 17 4 28 31 31 103 298
 ... : 17 4 29 31 43 104 313
 ... : 17 4 37 40 43 109 332
 ... : 18 5 43 41 52 125 358
 ... : 19 6 43 41 56 130 375
 ... : 19 6 54 54 61 139 387
 ... : 19 7 57 62 67 153 417
   8 : 19 7 56 58 51 87 78 353
   9 : 19 7 56 58 51 87 43 139 273
  10 : 19 7 53 58 49 86 40 121 125 285
 ... : 19 7 53 58 49 86 39 122 131 377
 ... : 19 7 53 58 49 87 45 139 157 410
 ... : 19 7 53 58 52 94 57 155 176 423
 ... : 19 7 53 58 58 97 63 162 204 443
 ... : 19 7 53 58 58 108 67 176 215 462
 ... : 19 7 53 58 59 109 82 181 235 484
 ... : 19 7 53 58 59 107 83 196 259 511
 ... : 19 7 53 55 63 119 98 206 278 520
 ... : 19 7 53 55 74 134 115 238 295 521
 ... : 19 7 53 55 84 153 143 253 312 521
 ... : 19 7 53 55 100 176 174 273 324 521
 ... : 19 7 53 55 111 196 196 288 348 524
 ... : 19 7 53 55 122 217 223 309 369 524
 ... : 19 7 53 55 122 217 225 313 389 577
 ... : 19 7 53 55 122 217 225 317 395 618
 ... : 19 7 53 55 123 220 256 329 397 638
 ... : 19 7 53 55 125 223 260 336 403 649
 ... : 19 7 53 55 125 224 260 343 420 670
  11 : 19 7 52 53 107 195 218 262 175 216 627
  12 : 19 7 52 53 107 195 218 261 170 215 151 534
  13 : 19 7 52 53 107 193 217 250 175 215 128 125 519
 ... : 19 7 52 53 107 193 217 250 174 215 131 132 612
  14 : 19 7 52 53 95 191 205 250 175 222 120 106 99 541
 ... : 19 7 52 53 95 191 205 249 177 223 125 115 112 585
 ... : 19 7 52 53 95 191 205 249 204 224 128 116 115 603
 ... : 19 7 52 53 95 191 205 249 211 224 143 154 115 607
 ... : 19 7 52 53 95 191 205 251 219 239 164 161 119 609
 ... : 19 7 52 53 95 191 205 253 225 241 172 182 124 655
 ... : 19 7 52 53 95 191 205 253 225 241 174 183 127 709
 ... : 19 7 52 53 95 191 205 257 237 251 180 187 141 722
 ... : 19 7 52 53 95 191 205 257 238 256 186 198 176 749
 ... : 19 7 52 53 95 191 205 257 245 283 215 209 183 764
 ... : 19 7 52 53 95 191 205 257 246 296 240 225 194 783
 ... : 19 7 52 53 95 191 205 257 246 299 265 234 217 800
 ... : 19 7 52 53 95 191 205 257 249 299 270 237 231 838
 ... : 19 7 52 53 95 193 209 260 256 302 275 241 250 868
 ... : 19 7 52 53 95 201 210 261 262 303 282 240 254 881
 ... : 19 7 52 53 95 202 210 264 265 301 285 240 258 895
 ... : 19 7 52 53 96 207 216 266 269 305 291 240 264 903
 ... : 19 7 52 53 96 207 216 266 270 310 323 270 273 921
 ... : 19 7 52 53 96 207 215 266 273 314 357 292 274 930
 ... : 19 7 52 53 96 207 214 264 271 321 377 313 287 936
 ... : 19 7 52 53 96 207 214 264 272 338 389 325 311 943
 ... : 19 7 52 53 96 207 214 264 274 350 408 344 319 949
 ... : 19 7 52 53 96 207 214 266 276 352 418 357 338 965
 ... : 19 7 52 53 96 224 234 275 277 357 428 363 338 968
 ... : 19 7 52 53 96 230 250 290 281 364 435 361 342 956
 ... : 19 7 52 53 96 231 254 303 299 377 445 363 353 967
 ... : 19 7 52 53 96 231 258 310 312 393 460 375 359 971
 ... : 19 7 52 55 105 241 264 317 319 403 466 383 363 979
 ... : 19 7 52 57 108 246 276 330 335 413 473 385 363 986
 ... : 19 7 52 57 108 250 282 339 354 427 483 388 363 1000
 ... : 19 7 52 58 108 254 288 351 370 442 498 391 364 1011
 ... : 19 7 52 58 116 268 307 369 388 449 503 393 364 1013
 ... : 19 7 52 58 116 273 321 386 410 466 508 393 366 1017
 ... : 19 7 52 58 116 279 325 394 425 483 515 393 366 1026
 ... : 19 7 52 58 117 288 330 405 434 489 522 395 366 1031
 ... : 19 7 52 58 118 291 335 412 446 503 536 400 368 1040
 ... : 19 7 52 58 118 291 339 419 465 532 553 404 371 1044
 ... : 19 7 52 59 118 297 344 426 477 543 568 410 373 1049
 ... : 19 7 52 59 118 309 349 438 487 556 577 410 373 1052
 ... : 19 7 52 59 118 320 352 447 494 567 586 410 373 1052
 ... : 19 7 52 59 120 325 363 456 505 585 598 417 378 1054
 ... : 19 7 52 59 124 328 376 461 519 612 605 417 378 1054
 ... : 19 7 52 59 127 330 391 478 533 619 607 417 378 1059
 ... : 19 7 52 59 127 331 398 492 551 634 622 423 379 1063
 ... : 19 7 52 59 127 333 405 501 569 657 636 437 386 1067
 ... : 19 7 52 60 133 343 413 508 586 669 641 438 388 1072
 ... : 19 7 52 60 140 355 438 516 598 676 644 438 388 1078
 ... : 19 7 52 62 142 358 442 518 608 684 658 439 389 1089
 ... : 19 7 52 62 143 360 444 519 614 703 686 457 391 1097
 ... : 19 7 52 62 144 362 446 524 630 726 709 470 395 1099
 ... : 19 7 52 62 145 364 450 533 646 745 728 478 396 1102
 ... : 19 7 52 62 145 367 454 538 654 768 755 494 397 1106
 ... : 19 7 52 62 145 371 462 547 666 786 766 494 397 1111
 ... : 19 7 52 61 145 373 470 555 678 804 779 498 397 1115
 ... : 19 7 52 61 145 380 476 562 687 818 786 498 399 1129
 ... : 19 7 52 61 145 385 476 558 685 816 783 509 409 1145
 ... : 19 7 52 61 147 387 480 559 690 821 792 509 409 1150
 ... : 19 7 52 61 148 387 479 559 683 811 785 506 408 1154
 ... : 19 7 52 61 149 389 479 560 687 827 807 520 419 1168
 ... : 19 7 52 62 149 389 479 562 691 839 825 542 433 1181
 ... : 19 7 52 62 149 389 479 562 691 841 828 549 464 1219
 ... : 19 7 52 64 153 403 494 574 701 851 836 551 464 1222
 ... : 19 7 59 77 165 425 507 585 706 857 842 551 464 1230
 ... : 19 7 61 83 171 436 525 596 719 863 846 552 467 1234
 ... : 19 7 61 83 174 442 535 606 734 879 858 554 469 1236
 ... : 19 7 61 86 177 448 544 616 744 885 866 556 474 1238
 ... : 19 7 61 86 179 452 547 626 760 903 879 566 475 1241
 ... : 19 7 61 86 179 452 549 632 768 917 890 570 478 1247
 ... : 19 7 61 86 179 452 552 630 762 916 885 576 475 1247
 ... : 19 7 61 90 186 461 555 651 769 921 882 575 475 1257
 ... : 19 7 61 94 189 468 566 668 784 932 884 575 475 1264
 ... : 19 7 61 102 196 479 580 682 791 938 886 576 478 1272
 ... : 19 7 61 103 198 482 592 694 811 948 897 577 478 1279
 ... : 19 7 61 107 207 491 606 711 816 953 903 583 479 1281
 ... : 19 7 61 107 208 497 611 717 820 964 910 596 496 1297
 ... : 19 7 61 107 208 497 611 719 823 967 920 608 503 1306
 ... : 19 7 61 107 208 497 611 719 823 969 931 630 537 1334
 ... : 19 7 61 107 208 497 611 719 823 969 934 648 563 1369
 ... : 19 7 61 107 208 497 611 719 823 968 928 639 538 1347
 ... : 19 7 61 107 208 497 612 721 827 972 942 654 543 1358
 ... : 19 7 61 107 208 497 612 721 827 975 957 676 574 1375
 ... : 19 7 61 107 208 497 612 721 828 978 953 652 554 1357
 ... : 19 7 61 107 208 500 615 723 836 992 967 669 554 1363
 ... : 19 7 65 113 213 505 624 727 855 1001 972 674 556 1371
 ... : 19 7 65 113 213 504 625 736 878 1016 982 685 566 1385
 ... : 19 7 65 113 211 502 625 737 879 1025 992 702 589 1393
 ... : 19 7 65 113 213 504 627 740 888 1037 1014 709 594 1403
 ... : 19 7 65 113 215 504 627 741 891 1051 1039 731 611 1407
 ... : 19 7 65 113 217 504 627 743 899 1061 1059 750 628 1414
 ... : 19 7 65 113 217 504 627 743 900 1064 1065 756 638 1439
 ... : 19 7 65 113 220 509 632 744 902 1075 1069 761 650 1454
 ... : 19 7 66 115 225 517 647 756 913 1083 1070 761 652 1459
 ... : 19 7 66 115 228 524 654 765 920 1091 1080 772 652 1467
 ... : 19 7 69 119 230 527 667 781 938 1100 1084 772 652 1476
 ... : 19 7 69 122 233 533 678 800 952 1113 1091 774 654 1481
 ... : 19 7 69 122 233 533 678 804 960 1137 1110 787 659 1493
 ... : 19 7 72 124 238 539 686 816 968 1149 1120 788 660 1501
 ... : 19 7 74 126 241 548 697 834 983 1164 1128 790 660 1507
 ... : 19 7 77 129 243 552 703 842 1001 1183 1140 793 660 1517
 ... : 19 7 77 129 242 550 705 851 1010 1193 1150 801 666 1523
 ... : 19 7 77 129 245 554 714 865 1013 1198 1161 809 671 1530
 ... : 19 7 77 129 246 558 724 883 1028 1205 1161 809 671 1536
 ... : 19 7 77 129 246 558 724 891 1055 1229 1175 809 673 1540
 ... : 19 7 77 136 259 567 734 904 1070 1236 1178 810 675 1552
 ... : 19 7 81 146 263 581 754 912 1081 1240 1182 811 675 1557
 ... : 19 7 84 145 271 588 772 931 1091 1243 1183 812 679 1561
 ... : 19 7 88 148 280 601 793 948 1107 1246 1183 812 679 1569
 ... : 19 7 88 148 284 606 797 959 1125 1260 1193 812 679 1572
 ... : 19 7 92 153 292 618 821 979 1138 1271 1194 812 679 1574
 ... : 19 7 102 166 298 628 842 996 1151 1274 1197 812 679 1580
 ... : 19 7 108 170 304 638 857 1016 1160 1278 1198 813 679 1587
 ... : 19 7 113 175 310 647 870 1028 1172 1281 1199 814 679 1596
 ... : 19 7 113 175 310 647 868 1042 1202 1307 1205 814 679 1612
 ... : 19 7 113 176 314 649 870 1051 1219 1323 1219 818 679 1613
 ... : 19 7 113 176 316 650 881 1070 1241 1336 1225 818 679 1616
 ... : 19 7 113 176 315 651 885 1082 1266 1363 1239 819 680 1618
