initialized model with 34 latches, 3 inputs and 1 properties
tsim: reached all X state
tsim: performed 7 steps
checking bound 0
checking bound 1
checking bound 2
tdecomp: unrolling 2 cycles
tsim: reached all X state
tsim: performed 5 steps
tdecomp: no improvement found, reverting original model
   2 : 9 3
   3 : 9 3 11
   4 : 9 3 0 18
num_solve_calls = 486
num_solve_sat_calls = 143
num_solve_unsat_calls = 33
num_solve_approx_calls = 253
num_solve_approx_unsat_calls = 161
num_solve_conflicts = 195
num_solve_decisions = 3325
num_solve_propagations = 30992
avg_solve_conflicts = 1
avg_solve_decisions = 7
avg_solve_propagations = 64
avg_solve_unsat_decisions = 0.000
stddev_solve_unsat_decisions = 0.000
num_added_cubes = 65
num_subsumed_cubes = 35
num_gc_frame = 12
num_reset = 0
num_try_blocking = 143
get_bad_cube_time = 0.002
rec_block_cube_time = 0.004
propagate_forward_time = 0.002
generalize_model_time = 0.001
generalize_and_push_time = 0.003
try_blocking_time = 0.006
reset_time = 0.000
clausify_time = 0.008
preprocess_time = 0.001
solve_time = 0.005
solve_sat_time = 0.003
solve_unsat_time = 0.002
prove_time = 0.019
memory_used_mb = 6
total_time = 0.022
Safe
