1
b0
000000000000000000000000000000000000000000000000000000000000000000000000000000000000000000000000000000000000000
000000000000000000001001100010101000
000000000000000000001011100000101000
000000000000000000001011110000101000
000000000000000000001011100010101000
000000000000000000000001000010101000
000000000000000000000011000010101000
000000000010101101000001110000101000
000000000010101101001001110000101000
000000000010101101001011110000101000
000000000010101101001011100010101000
000000000010101101001011111000101000
000000000010101101001011111000101000
000000000010110101001011110010101000
000000000010110100001011110010101000
000000000010110100001011110010100000
000000000010110100001011101010100000
000000000010110100001011110010101000
000000000010110110001011110010101000
000000000000000000001001110010101000
000000000000000000001001111000110000
000000000010110100001001111000101000
000000000010101111001001110000101000
000000000010110110001000110000011000
000000000010110110001001110000111000
000000000010110110001001111010110000
000000000010110110001001110000111000
000000000000000000001011110010100000
000000000000000000001011100000101000
000000000000011101000011110010111000
000000000000011101001001111000111000
000000000000011101001001111000111000
000000000010111111001001111000111000
000000000000000110000001100000011000
000000000010111111000001100000011000
000000000010111111001000100010011000
000000000000010111001001101010011000
000000000000010000000010100010011000
000000000000011111001011111000101000
000000000000010111000000110000001000
000000000000000110000010100000001000
000000000000000110000010100000001000
000000000011100001001001100000101100
000000000011100001000001110010101100
000000000011100001001011111000101100
000000000011100001001011110010101100
000000000011100111001011101010101100
000000000011100111001011110010111100
000000000000000110001011111010101100
000000000011010111001001110000111000
000000000010111110001001111010111000
000000000010111110001001100010111000
000000000010110110001001111010111000
000000000010110110001000110000011000
000000000011010110001001110010101000
000000000010110100001001100010001000
000000000010111110001001100010001000
000000000010111110001001101000111000
000000000000110110001000110000011000
000000000001110100001011110010101000
000000000001110100001011101010100000
000000000011010000001011101010101000
000000000010010111001001110010101000
000000000001000001001001110010101000
000000000010000110001000110010001000
000000000010000110001011111010111000
000000000010000110001001111010111000
000000000011111101001001111010111000
000000000010000001001011100010111000
000000000001010110001011110000111000
000000000001010110001011110000111000
000000000001010110001011100010110000
000000000000000000001011111010101000
000000000011111011001011110000111000
000000000011100101001011111010111000
000000000001110011001010110000011000
000000000011110000001011111010111000
000000000011011000001011110000111000
000000000011001001001010110000011000
000000000001001000001010110000011000
000000000001001000001011110000111000
000000000011011000001011100000101000
000000000011000111001011110000111100
000000000011110011001011111010111100
000000000011110011001011110000111100
000000000010001011001011111010111100
000000000010001011001011110000111100
000000000010011000001011111010111100
000000000010010110001010110000011100
000000000010000111001011111010111100
000000000010000111001011111010111100
000000000010110111001011110000111100
000000000010100011001011110010100100
000000000010001101001011100000100100
000000000010001101001011100000101100
000000000010001101001011100000101100
000000000011000111001011111000101000
000000000011000111001011110010101000
000000000000000110001011110000111000
000000000001000110000011110000111000
000000000010111011001011111000100000
000000000010111011001011111000101000
000000000010101001001010100000001000
000000000001101011001011100010001000
000000000010111011001011110010011000
000000000010111111011011110000111000
000000000010111111011011100010111000
000000000011100111011011110000111000
000000000011100111011011111010110000
000000000011100111011010110000011000
000000000011000001011011110000111000
000000000011000001011010110000011000
000000000011000001011010110000011000
000000000011000001011011111010111000
000000000011000001011011100010111000
000000000011000101011010110000011000
000000000011001100011011110000111000
000000000011001100011011111010111000
000000000011001100011011110000111000
000000000010101010011011111010110000
000000000011111100011011110000111000
000000000001100001011011110010110000
000000000001100001011011110010110000
000000000001100001011001110000110000
000000000011101101011011110000101000
000000000011101101011011110000101000
000000000011101101011011101010101000
000000000011101101011011101010101000
000000000011111100011011111010101000
000000000010010111011001110010111000
000000000001101110011001100000011000
000000000001110101011001111010101000
000000000011111101011001111000101000
000000000010110001011011110000111000
000000000010100101011010110000011000
000000000000000000011001110000111000
000000000000000000011001110000100000
000000000000000000011001010000100000
000000000000000000011001010000100000
000000000000000000011001010000100000
000000000000000000011001110010101000
000000000000000000011001110010101000
000000000000000000011001100010111000
000000000000000000010001100000101000
000000000000000000010001100000101000
000000000000000000010001100000101000
000000000000000000010001100000101000
000000000000000000010001100000101000
000000000000000000010001100000101000
000000000000000000010001100000101000
000000000000000000010001100000101000
000000000000000000010001100000101000
000000000000000000010001100000101000
000000000000000000010001100000101000
000000000000000000010001100000101000
000000000000000000010001100000101000
000000000000000000010001100000101000
000000000000000000010001100000101000
000000000000000000010001100000101000
000000000000000000010001100000101000
000000000000000000010001100000101000
000000000000000000010001100000101000
000000000000000000010001100000101000
000000000000000000010001100000101000
000000000000000000010001100000101000
000000000000000000010001100000101000
000000000000000000010001100000101000
000000000000000000010001100000101000
000000000000000000010001100000101000
000000000000000000010001100000101000
000000000000000000010001100000101000
000000000000000000010001100000101000
000000000000000000010001100000101000
000000000000000000010001100000101000
000000000000000000010001100000101000
000000000000000000010001100000101000
000000000000000000010001100000101000
000000000000000000010001100000101000
000000000000000000010001100000101000
000000000000000000010001100000101000
000000000000000000010001100000101000
000000000000000000010001100000101000
000000000000000000010001100000101000
000000000000010000010001100010111000
000000000000010000010001100010111000
000000000000010000010001100010111000
000000000000010000010001100010111000
000000000000010000010001100010111000
000000000000010000010001100010111000
000000000000010000010001100010111000
000000000000010000010001100010111000
000000000000010000010001100010111000
000000000000010000010001100010111000
000000000000010000010001100010111000
000000000000010000010001100010111000
000000000000010000010001100010111000
000000000000010000010001100010111000
000000000000010000010001100010111000
000000000000010000010001100010111000
000000000000010000010001100010111000
000000000000010000010001100010111000
000000000000010000010001100010111000
000000000000010000010001101000111000
000000000010110111010001101000101000
000000000010110111010001101000101000
000000000010110111010001101000101000
000000000010110111010001101000101000
000000000010110111010001101000101000
000000000010110111010001101000101000
000000000010110111010001101000101000
000000000010110111010001101000101000
000000000010110111010001101000101000
000000000010110111010001101000101000
000000000010110111010001101000101000
000000000010110111010001101000101000
000000000010110111010001101000101000
000000000010110111010001101000101000
000000000010110111010001101000101000
000000000010110111010001101000101000
000000000011110110010001101000101000
000000000011110110010001101000101000
000000000011110110010001101000101000
000000000011110110010001101000101000
000000000011110110010001101000101000
000000000011110110010001101000101000
000000000011110110010001101000101000
000000000011110110010001101000101000
000000000011110110010001101000101000
000000000011110110010001101000101000
000000000011110110010001101000101000
000000000011110110010001101000101000
000000000011110110010001101000101000
000000000011110110010001101000101000
000000000011110110010001101000101000
000000000011110110010001101000101000
000000000011110110010001101000101000
000000000011110110010001101000101000
000000000011110110010001101000101000
000000000011110110010001101000101000
000000000011110110010001101000101000
000000000011110110010001101000101000
000000000011110110010001101000101000
000000000011110110010001101000101000
000000000011000111010001101000101000
000000000011000111010001101000101000
000000000011000111010001101000101000
000000000011000111010001101000101000
000000000011000111010001101000101000
000000000011000111010001101000101000
000000000011000111010001101000101000
000000000011000111010001101000101000
000000000011000111010001101000101000
000000000011000111010001101000101000
000000000011000111010001101000101000
000000000011000111010001101000101000
000000000011000111010001101000101000
000000000011000111010001101000101000
000000000011000111010001101000101000
000000000011000111010001101000101000
000000000011000111010001101000101000
000000000011000111010001101000101000
000000000011000111010001101000101000
000000000011000111010001101000101000
000000000011000111010001101000101000
000000000011000111010001101000101000
000000000011000111010001101000101000
000000000011000111010001101000101000
000000000011000111010001101000101000
000000000011000111010001101000101000
000000000011000111010001101000101000
000000000011000111010001101000101000
000000000011000111010001101000101000
000000000011000111010001101000101000
000000000011000111010001101000101000
000000000011000111010001101000101000
000000000011000111010001101000101000
000000000011000111010001101000101000
000000000011000111010001101000101000
000000000011000111010001101000101000
000000000011000111010001101000101000
000000000011000111010001101000101000
000000000011000111010001101000101000
000000000011000111010001101000101000
000000000011000111010001101000101000
000000000011000111010001101000101000
000000000011000111010001101000101000
000000000011000111010001101000101000
000000000011000111010001101000101000
000000000011000111010001101000101000
000000000011000111010001101000101000
000000000011000111010001101000101000
000000000011000111010001101000101000
000000000011000111010001101000101000
000000000011000111010001101000101000
000000000011000111010001101000101000
000000000011000111010001101000101000
000000000011000111010001101000101000
000000000011000111010001101000101000
000000000011000111010001101000101000
000000000011000111010001101000101000
000000000011000111010001101000101000
000000000011000111010001101000101000
000000000011000111010001101000101000
000000000011000111010001101000101000
000000000011000111010001101000101000
000000000011000111010001101000101000
000000000011000111010001101000101000
000000000011000111010001101000101000
000000000011000111010001101000101000
000000000011000111010001101000101000
000000000011000111010001101000101000
000000000011000111010001101000101000
000000000011000111010001101000101000
000000000011000111010001101000101000
000000000011000111010001101000101000
000000000011000111010001101000101000
000000000011001111010001101000101000
000000000011001111010001101000101000
000000000011001111010001100000101000
000000000000000000010001100000101000
000000000000000000010001100000101000
000000000000000000010001100000101000
000000000000000000010001100000101000
000000000000000000010001100000101000
000000000000000000010001100000101000
000000000000000000010001100000101000
000000000000000000010001100000101000
000000000000000000010001100000101000
000000000000000000010001100000101000
000000000000000000010001100000101000
000000000000000000010001100000101000
000000000000000000010001100000101000
000000000000000000010001100000101000
000000000000000000010001100000101000
000000000000000000010001100000101000
000000000000000000010001100000101000
000000000000000000010001100000101000
000000000000000000010001100000101000
000000000000000000010001100000101000
000000000000000000010001100000101000
000000000000000000010001100000101000
000000000000000000010001100000101000
000000000000000000010001100000101000
000000000000000000010001100000101000
000000000000000000010001100000101000
000000000000000000010001100000101000
000000000000000000010001100000101000
000000000000000000010001100000101000
000000000000000000010001100000101000
000000000000000000010001100000101000
000000000000000000010001100000101000
000000000000000000010001100000101000
000000000000000000010001100000101000
000000000000000000010001100000101000
000000000000000000010001100000101000
000000000000000000010001100000101000
000000000000000000010001100000101000
000000000000000000010001100000101000
000000000000000000010001100000101000
000000000000000000010001100000101000
000000000000000000010001100000101000
000000000000000000010001100000101000
000000000000000000010001100000101000
000000000000000000010001100000101000
000000000000000000010001100000101000
000000000000000000010001100000101000
000000000000000000010001100000101000
000000000000000000010001100000101000
000000000000000000010001100000101000
000000000000000000010001100000101000
000000000000000000010001100000101000
000000000000000000010001100000101000
000000000000000000010001100000101000
000000000000000000010001100000101000
000000000000000000010001100000101000
000000000000000000010001100000101000
000000000000000000010001100000101000
000000000000000000010001100000101000
000000000000000000010001100000101000
000000000000000000010001100000101000
000000000000000000010001100000101000
000000000000000000010001100000101000
000000000000000000010001100000101000
000000000000000000010001100000101000
000000000000000000010001100000101000
000000000000000000010001100000101000
000000000000000000010001100000101000
000000000000000000011001100000101000
000000000000000000011001100000101000
000000000000000000011001100000101000
000000000000000000011001100000101000
000000000000000000011001100000101000
000000000000000000011001100000101000
000000000000000000011001100000101000
000000000000000000011001100000101000
000000000000000000011001100000101000
000000000000000000011001100000101000
000000000000000000011001100000101000
000000000000000000011001100000101000
000000000000000000011001100000101000
000000000000000000011001100000101000
000000000000000000011001100000101000
000000000000000000011001100000101000
000000000000000000011001100000101000
000000000000000000011001100000101000
000000000000000000011001100000101000
000000000000000000011001100000101000
000000000000000000011001100000101000
000000000000000000011001100000101000
000000000000000000011001100000101000
000000000000000000011001100000101000
000000000000000000011001100000101000
000000000000000000011001100000101000
000000000000000000011001100000101000
000000000000000000011001100000101000
000000000000000000011001100000101000
000000000000000000011001100000101000
000000000000000000011001100000101000
000000000000000000011001100000101000
000000000000000000011001100000101000
000000000000000000011001100000101000
000000000000000000011001100000101000
000000000000000000011001100000101000
000000000000000000011001100000101000
000000000000000000011001100000101000
000000000000000000011001100000101000
000000000000000000011001100000101000
000000000000000000011001100000101000
000000000000000000011001100000101000
000000000000000000011001100000101000
000000000000000000011001100000101000
000000000000000000011001100000101000
000000000000000000011001100000101000
000000000000000000011001100000101000
000000000000000000011001100000101000
000000000000000000011001100000101000
000000000000000000011001100000101000
000000000000000000011001100000101000
000000000000000000011001100000101000
000000000000000000011001100000101000
000000000000000000011001100000101000
000000000000000000011001100000101000
000000000000000000011001100000101000
000000000000000000011001100000101000
000000000000000000011001100000101000
000000000000000000011001100000101000
000000000000000000011001100000101000
000000000000000000011001100000101000
000000000000000000011001100000101000
000000000000000000011001100000101000
000000000000000000011001100000101000
000000000000000000011001100000101000
000000000000000000011001100000101000
000000000000000000011001100000101000
000000000000000000011001100000101000
000000000000000000011001100000101000
000000000000000000011001100000101000
000000000000000000011001100000101000
000000000000000000011001100000101000
000000000000000000011001100000101000
000000000000000000011001100000101000
000000000000000000011001100000101000
000000000000000000011001100000101000
000000000000000000011001100000101000
000000000000000000011001100000101000
000000000000000000011001100000101000
000000000000000000011001100000101000
000000000000000000011001100000101000
000000000000000000011001100000101000
000000000000000000011001100000101000
000000000000000000011001110010101000
000000000000000000010001110010101000
000000000000000000010001110010101000
000000000000000000010001110010101000
000000000000000000010001110010101000
000000000000000000010001110010101000
000000000000000000010001110010101000
000000000000000000010001110010101000
000000000000000000010001110010101000
000000000000000000010001110010101000
000000000000000000010001110010101000
000000000000000000010001110010101000
000000000000000000010001110010101000
000000000000000000010001110010101000
000000000000000000010001110010101000
000000000000000000010001110010101000
000000000000000000010001110010101000
000000000000000000010001110010101000
000000000000000000010001110010101000
000000000000000000010001110010101000
000000000000000000010001110010101000
000000000000000000010001110010101000
000000000000000000010001110010101000
000000000000000000010001110010101000
000000000000000000010001110010101000
000000000000000000010001110010101000
000000000000000000010001110010101000
000000000000000000010001110010101000
000000000000000000010001110010101000
000000000000000000010001110010101000
000000000000000000010001110010101000
000000000000000000010001110010101000
000000000000000000010001110010101000
000000000000000000010001110010101000
000000000000000000010001110010101000
000000000000000000010001110010101000
000000000000000000010001110010101000
000000000000000000010001110010101000
000000000000000000010001110010101000
000000000000000000010001110010101000
000000000000000000010001110010101000
000000000000000000010001110010101000
000000000000000000010001110010101000
000000000000000000010001110010101000
000000000000000000010001110010101000
000000000000000000010001110010101000
000000000000000000010001110010101000
000000000000000000010001110010101000
000000000000000000010001110010101000
000000000000000000010001110010101000
000000000000000000010001110010101000
000000000000000000010001110010101000
000000000000000000010001110010101000
000000000000000000010001110010101000
000000000000000000010001110010101000
000000000000000000010001110010101000
000000000000000000010001110010101000
000000000000000000010001110010101000
000000000000000000010001110010101000
000000000000000000010001110010101000
000000000000000000010001110010101000
000000000000000000010001110010101000
000000000000000000010001110010101000
000000000000000000010001110010101000
000000000000000000010001110010101000
000000000000000000010001110010101000
000000000000000000010001110010101000
000000000000000000010001110010101000
000000000000000000010001110010101000
000000000000000000010001110010101000
000000000000000000010001110010101000
000000000000000000010001110010101000
000000000000000000010001110010101000
000000000000000000010001110010101000
000000000000000000010001110010101000
000000000000000000010001110010101000
000000000000000000010001110010101000
000000000000000000010001110010101000
000000000000000000010001110010101000
000000000000000000010001110010101000
000000000000000000010001110010101000
000000000000000000010001110010101000
000000000000000000010001110010101000
000000000000000000010001110010101000
000000000000000000010001110010101000
000000000000000000010001110010101000
000000000000000000010001110010101000
000000000000000000010001110010101000
000000000000000000010001110010101000
000000000000000000010001110010101000
000000000000000000010001110010101000
000000000000000000010001110010101000
000000000000000000010001110010101000
000000000000000000010001110010101000
000000000000000000010001110010101000
000000000000000000010001110010101000
000000000000000000010001110010101000
000000000000000000010001110010101000
000000000000000000010001110010101000
000000000000000000010001110010101000
000000000000000000010001110010101000
000000000000000000010001110010101000
000000000000000000010001110010101000
000000000000000000010001110010101000
000000000000000000010001110010101000
000000000000000000010011110000101000
000000000000000000010011110000101000
000000000000000000010011110000101000
000000000000000000010011110000101000
000000000000000000010011110000101000
000000000000000000010011110000101000
000000000000000000010011110000101000
000000000000000000010011110000101000
000000000000000000010011110000101000
000000000000000000010011110000101000
000000000000000000010011110000101000
000000000000000000010011110000101000
000000000000000000010011110000101000
000000000000000000010011110000101000
000000000000000000010011110000101000
000000000000000000010011110000101000
000000000000000000010011110000101000
000000000000000000010011110000101000
000000000000000000010011110000101000
000000000000000000010011110000101000
000000000000000000010011110000101000
000000000000000000010011110000101000
000000000000000000010011110000101000
000000000000000000010011110000101000
000000000000000000010011110000101000
000000000000000000010011110000101000
000000000000000000010011110000101000
000000000000000000010011110000101000
000000000000000000010011110000101000
000000000000000000010011110000101000
000000000000000000010011110000101000
000000000000000000010011110000101000
000000000000000000010010100000101000
000000000000000000010010000000100000
xxxxxxxxxxx0xxxxxxx1x0x0010x10000xxx
xxxxxxxxxxx0xxxxxxx1xxxx1xxxxxxx1xxx
xxxxxxxxxxxxxxxxxxx1xxxxxxxxxxxxxxxx
xxxxxxxxxxxxxxxxxxx1xxxxxxxxxxxxxxxx
xxxxxxxxxxxxxxxxxxxxxxxxxxxxxxxxxxxx
.
