initialized model with 343 latches, 36 inputs and 1 properties
tsim: performed 21 steps
tsim: found cycle from 19
checking bound 0
checking bound 1
checking bound 2
tdecomp: unrolling 2 cycles
tsim: performed 19 steps
tsim: found cycle from 17
tsim: found 1 constants and 0 latch equivalences
seqsimpl: found 15 latch equivalences
seqsimpl: found 3 latch equivalences
seqsimpl: found 1 latch equivalences
tdecomp: (343, 144) -> (256, 48)
 ... : 200
   2 : 117 162
   3 : 80 57 266
   4 : 74 42 39 297
   5 : 74 40 35 59 289
   6 : 74 40 34 35 58 315
   7 : 74 40 35 36 58 58 341
 ... : 73 43 43 39 62 59 388
 ... : 75 49 45 41 61 65 433
   8 : 74 47 43 45 72 52 84 384
   9 : 74 47 43 45 71 50 70 87 396
 ... : 74 47 47 51 73 50 70 87 522
 ... : 74 47 47 51 73 50 70 86 721
  10 : 74 47 46 51 73 50 70 82 111 620
 ... : 74 47 48 54 80 55 71 85 107 734
  11 : 74 45 46 53 81 55 71 81 93 177 570
 ... : 74 45 46 52 81 58 73 85 92 175 672
  12 : 74 45 46 52 81 58 73 82 83 164 202 659
  13 : 74 45 46 52 81 58 73 82 83 161 191 120 681
  14 : 74 45 46 52 81 58 68 83 78 149 202 110 54 708
  15 : 74 45 46 52 81 58 68 83 77 149 202 109 49 35 717
  16 : 74 45 46 52 81 58 68 83 77 149 202 109 48 29 29 730
 ... : 74 45 46 52 81 58 68 83 77 149 202 114 89 67 31 747
 ... : 74 45 46 52 81 58 68 83 78 150 200 115 105 110 57 755
  17 : 74 45 46 52 81 58 68 83 78 150 200 111 106 111 57 25 758
 ... : 74 45 46 52 81 58 68 83 78 150 200 111 107 128 90 46 791
  18 : 74 45 46 52 81 58 68 83 78 150 200 111 106 124 81 41 37 771
  19 : 74 45 46 52 81 58 68 83 78 150 197 114 106 124 80 45 35 30 770
  20 : 74 45 46 52 81 58 68 83 78 149 195 110 102 128 76 47 37 23 23 779
 ... : 74 45 46 52 81 58 68 83 78 149 195 110 102 128 79 52 49 45 43 812
  21 : 74 45 46 52 81 58 68 83 78 147 195 110 102 128 79 50 44 38 38 52 781
  22 : 74 45 46 52 81 58 68 83 78 147 195 110 102 128 79 50 44 38 38 36 33 795
 ... : 74 45 46 52 81 58 68 83 78 147 195 110 105 131 80 51 45 39 41 39 26 843
  23 : 74 45 46 52 81 58 68 83 78 147 195 110 106 135 79 51 43 39 41 37 26 11 854
 ... : 74 45 46 52 81 58 68 83 78 147 195 110 106 141 94 59 45 40 46 44 32 18 868
 ... : 74 45 46 52 81 58 68 83 78 147 195 110 107 156 116 73 48 42 48 45 33 19 887
 ... : 74 45 46 52 81 58 68 83 78 147 195 110 107 156 116 73 48 42 48 52 57 42 932
 ... : 74 45 46 52 81 58 68 83 78 147 195 110 107 156 116 73 48 42 49 54 68 72 970
  24 : 74 45 46 52 81 58 68 83 78 147 195 110 107 155 117 73 46 38 41 49 55 64 71 909
  25 : 74 45 46 52 81 58 68 83 78 147 195 110 107 155 117 73 46 38 41 49 54 64 63 20 906
 ... : 74 45 46 52 81 58 68 83 78 147 195 110 111 155 116 74 50 39 44 52 57 68 67 20 910
 ... : 74 45 46 52 81 58 68 83 78 147 195 110 111 156 116 73 50 42 44 50 55 76 79 32 931
 ... : 74 45 46 52 81 58 68 83 78 147 195 110 111 157 129 87 68 43 46 53 54 71 76 37 938
 ... : 74 45 46 52 81 58 68 83 78 147 195 110 111 157 131 88 73 50 59 68 59 72 76 37 940
 ... : 74 45 46 52 81 58 68 83 78 147 195 110 111 157 132 89 72 53 57 67 75 93 97 38 949
 ... : 74 45 46 52 81 58 68 83 78 147 195 110 111 157 132 89 72 52 58 72 82 98 101 53 966
 ... : 74 45 46 52 81 58 68 83 78 147 195 110 111 157 132 89 73 53 60 76 88 107 111 78 985
 ... : 74 45 46 52 81 58 68 83 78 147 195 110 111 157 134 90 74 53 60 78 93 115 122 98 1008
 ... : 74 45 46 52 81 58 68 83 78 147 195 110 111 157 134 90 74 54 60 79 92 118 124 113 1055
 ... : 74 45 46 52 81 58 68 83 78 147 195 110 111 158 141 99 89 67 65 81 93 116 119 104 1068
 ... : 74 45 46 52 81 58 68 83 78 147 195 110 111 158 145 104 95 73 77 93 106 122 121 104 1071
 ... : 74 45 46 52 81 58 68 83 78 147 195 110 111 159 148 112 106 85 93 101 110 128 124 106 1072
 ... : 74 45 46 52 81 58 68 83 78 147 195 110 111 159 149 116 113 88 99 110 120 134 127 108 1076
 ... : 74 45 46 52 81 58 68 83 78 147 195 110 111 170 186 140 123 89 100 110 120 134 128 110 1078
 ... : 74 45 46 52 81 58 68 83 78 147 195 110 111 174 195 171 162 101 104 110 120 135 128 110 1079
 ... : 74 45 46 52 81 58 68 83 78 147 195 110 111 174 195 166 161 132 133 117 121 135 128 110 1083
 ... : 74 45 46 52 81 58 68 83 78 147 195 110 111 174 195 165 159 128 146 147 133 139 129 111 1087
 ... : 74 45 46 52 81 58 68 83 78 147 195 110 111 174 196 166 159 122 144 150 149 165 139 115 1089
 ... : 74 45 46 52 81 58 68 83 78 147 195 110 111 174 195 166 159 119 146 150 148 165 154 136 1101
 ... : 74 45 46 52 81 58 68 83 78 147 195 110 111 175 197 171 165 127 157 153 148 165 151 141 1113
 ... : 74 45 46 52 81 58 68 83 78 147 195 110 111 175 197 172 166 128 160 162 151 173 159 152 1134
  26 : 74 45 46 52 81 58 68 83 78 147 195 109 112 172 188 149 136 108 117 109 102 98 127 133 132 1042
 ... : 74 45 46 52 81 58 68 83 78 147 195 109 113 178 199 155 136 108 117 109 102 100 127 133 125 1069
 ... : 74 45 46 52 81 58 68 83 78 147 195 109 114 182 206 171 153 122 120 110 102 100 127 133 125 1085
 ... : 74 45 46 52 81 58 68 83 78 147 195 109 114 182 206 172 156 128 133 126 115 118 138 135 126 1090
 ... : 74 45 46 52 81 58 68 83 78 147 195 109 114 182 206 175 160 133 138 133 118 118 143 150 139 1097
  27 : 74 45 46 52 81 58 68 83 78 146 195 107 110 150 164 164 167 137 137 125 124 118 144 150 140 69 1046
 ... : 74 45 46 52 81 58 68 83 78 146 195 107 110 150 164 164 168 140 145 134 132 125 148 156 149 66 1066
  28 : 74 42 42 49 75 56 69 79 80 147 195 107 110 150 160 163 168 141 146 134 134 124 147 143 148 76 38 1052
 ... : 74 42 42 49 75 56 69 79 80 147 195 107 109 151 164 164 167 146 149 136 134 124 147 143 148 76 38 1063
 ... : 74 42 42 49 75 56 69 79 80 147 195 107 109 151 166 167 171 152 156 143 140 127 148 144 149 77 39 1064
 ... : 74 42 42 49 75 56 69 79 80 147 195 108 111 151 167 167 172 152 157 144 140 129 153 148 153 83 44 1071
 ... : 74 42 42 49 75 56 69 79 80 147 193 107 112 151 166 167 169 150 155 141 140 130 152 149 153 81 43 1078
 ... : 74 42 42 49 75 56 69 79 80 147 192 107 112 151 166 167 169 150 155 142 142 132 153 149 154 83 45 1087
 ... : 74 42 42 49 75 56 69 79 80 147 192 107 113 155 168 169 174 155 157 143 141 133 153 152 156 84 46 1097
  29 : 74 42 42 49 75 56 69 79 80 146 185 103 108 152 162 147 163 153 151 137 132 128 142 147 150 81 38 37 1069
 ... : 74 42 42 49 75 56 69 79 80 146 185 103 108 152 162 147 164 157 152 142 137 131 147 148 155 85 45 39 1087
  30 : 74 42 42 49 75 56 69 79 80 146 181 107 108 152 162 146 164 159 151 134 137 131 145 143 147 83 40 29 23 1076
  31 : 74 42 42 49 75 56 69 79 80 146 181 107 108 152 162 146 164 159 151 133 137 132 146 136 140 76 37 26 21 29 1066
  32 : 74 42 42 49 75 56 69 79 80 146 181 107 108 152 162 146 164 159 151 133 137 132 146 136 142 77 37 27 21 19 14 1073
  33 : 74 42 42 49 75 56 69 79 80 146 181 107 108 152 162 146 164 159 151 133 137 132 146 136 142 77 37 27 21 19 13 23 1064
  34 : 74 42 42 49 75 56 69 79 80 146 181 107 108 152 162 146 164 159 151 133 137 132 146 136 142 77 37 27 21 19 13 10 15 1074
  35 : 74 42 42 49 75 56 69 79 80 146 181 107 108 152 162 146 164 159 151 133 136 132 146 136 142 78 39 29 23 21 14 10 14 18 1074
  36 : 74 42 42 49 75 56 69 79 80 146 181 107 108 152 162 146 164 159 151 133 136 132 146 136 142 78 39 29 23 21 16 12 17 16 14 1092
 ... : 74 42 42 49 75 56 69 79 80 146 181 107 108 152 162 146 164 159 151 133 136 132 146 136 142 79 40 30 26 22 17 13 19 16 15 1127
 ... : 74 42 42 49 75 56 69 79 80 146 181 107 108 155 171 148 168 170 159 142 137 133 148 137 143 79 40 30 26 22 17 13 19 16 15 1144
 ... : 74 42 42 49 75 56 69 79 80 146 181 107 108 175 217 171 176 170 159 142 137 133 148 137 145 79 40 30 26 22 17 13 19 16 15 1163
 ... : 74 42 42 49 75 56 69 79 80 146 181 108 113 194 253 199 185 171 160 142 137 133 148 137 147 79 40 30 26 22 17 13 19 16 15 1172
 ... : 74 42 42 49 75 56 69 79 80 146 181 108 119 218 297 231 186 171 160 142 137 133 148 137 147 79 40 30 26 22 17 13 19 16 15 1185
 ... : 74 42 42 49 75 56 69 79 80 146 181 108 120 224 343 270 191 171 160 142 137 133 148 137 147 79 40 30 26 22 17 13 19 16 15 1195
 ... : 74 42 42 49 75 56 69 79 80 146 181 108 120 234 385 316 195 171 160 142 137 133 148 137 147 80 40 30 26 22 17 13 19 16 15 1199
 ... : 74 42 42 49 75 56 69 79 80 146 181 108 120 239 408 365 214 173 160 142 137 133 148 137 147 80 40 30 26 22 17 13 19 16 15 1207
 ... : 74 42 42 49 75 56 69 79 80 146 181 108 120 244 443 396 239 173 160 142 137 133 148 137 147 80 40 30 26 22 17 13 19 16 15 1215
 ... : 74 42 42 49 75 56 69 79 80 146 181 108 120 247 454 416 261 173 160 142 137 133 148 137 148 80 40 30 26 22 17 19 29 18 15 1224
 ... : 74 42 42 49 75 56 69 79 80 146 181 108 121 257 471 440 287 173 160 142 137 133 148 137 148 80 40 30 26 22 17 19 32 19 15 1230
 ... : 74 42 42 49 75 56 69 79 80 146 181 108 126 267 493 466 311 176 160 142 137 133 148 137 148 80 40 30 26 22 17 19 34 19 15 1234
 ... : 74 42 42 49 75 56 69 79 80 146 181 108 126 269 503 500 351 176 160 142 137 133 148 137 148 80 40 30 26 22 17 19 39 22 15 1236
 ... : 74 42 42 49 75 56 69 79 80 146 181 108 126 269 507 542 403 181 160 142 137 133 148 137 148 80 40 30 26 22 17 19 39 22 15 1238
 ... : 74 42 42 49 75 56 69 79 80 146 181 115 137 282 524 567 431 183 160 142 137 133 148 137 148 80 40 30 26 22 17 19 39 22 15 1241
 ... : 74 42 42 49 75 56 69 79 80 146 181 117 142 297 559 591 443 183 160 142 137 133 148 137 148 80 40 30 26 22 17 19 40 22 15 1245
 ... : 74 42 42 49 75 56 69 79 80 146 181 117 145 311 606 638 449 183 160 142 137 133 148 137 149 80 40 30 26 22 17 19 40 22 15 1247
 ... : 74 42 42 49 75 56 69 79 80 146 181 117 145 318 633 690 468 184 160 142 137 133 148 137 149 80 40 30 26 22 17 19 40 22 15 1252
 ... : 74 42 42 49 75 56 69 79 80 146 181 117 145 319 649 730 524 185 160 142 137 133 148 137 149 80 40 30 26 22 17 19 40 22 15 1253
 ... : 74 42 42 49 75 56 69 79 80 146 181 117 145 325 675 757 555 192 160 142 137 133 148 137 149 80 40 30 26 22 17 19 45 25 15 1253
 ... : 74 42 42 49 75 56 69 79 80 146 181 117 145 333 692 790 597 196 160 142 137 133 148 137 149 80 40 30 26 22 17 19 45 26 15 1255
 ... : 74 42 42 49 75 56 69 79 80 146 181 119 152 342 733 814 602 196 160 142 137 133 148 137 149 80 40 30 26 22 17 19 45 27 20 1257
 ... : 74 42 42 49 75 56 69 79 80 146 181 120 157 361 759 847 620 199 160 142 137 133 148 137 149 80 40 30 26 22 17 19 45 27 24 1259
 ... : 74 42 42 49 75 56 69 79 80 146 181 120 157 361 760 878 682 207 160 142 137 133 148 137 149 80 40 30 26 22 17 19 45 28 24 1259
 ... : 74 42 42 49 75 56 69 79 80 146 181 120 157 361 770 923 733 210 160 142 137 133 148 137 149 80 40 30 26 22 17 19 46 29 25 1260
 ... : 74 42 42 49 75 56 69 79 80 146 181 120 157 364 784 954 778 210 160 142 137 133 148 137 149 80 40 30 26 22 17 19 47 29 26 1261
 ... : 74 42 42 49 75 56 69 79 80 146 181 120 157 364 792 990 834 212 160 142 137 133 148 137 149 81 40 30 26 22 17 19 47 29 26 1262
 ... : 74 42 42 49 75 56 69 79 80 146 181 120 159 371 815 1023 865 214 160 142 137 133 148 137 149 81 40 30 26 22 17 19 47 29 29 1262
 ... : 74 42 42 49 75 56 69 79 80 146 182 122 165 370 827 1013 811 206 160 142 137 133 148 137 148 81 40 30 26 22 17 22 42 25 22 1263
 ... : 74 42 42 49 75 56 69 79 80 146 182 122 165 370 838 1054 860 210 161 143 138 133 148 137 149 81 40 30 26 22 17 22 42 26 22 1264
 ... : 74 42 42 49 75 56 69 79 80 146 182 122 165 371 858 1095 898 211 161 143 138 133 148 137 152 81 40 30 26 22 17 22 42 26 22 1266
 ... : 74 42 42 49 75 56 69 79 80 146 182 122 165 373 877 1123 940 217 161 143 138 133 148 137 152 81 40 30 26 22 17 22 42 26 22 1268
 ... : 74 42 42 49 75 56 69 79 80 146 182 122 165 373 887 1167 967 236 162 143 138 133 148 137 152 81 40 30 26 22 17 22 42 31 22 1268
 ... : 74 42 42 49 75 56 69 79 80 146 182 122 165 373 898 1221 1012 241 162 143 138 133 148 137 152 81 40 30 26 22 17 22 42 34 22 1269
 ... : 74 42 42 49 75 56 69 79 80 146 182 122 165 377 910 1244 1002 240 162 143 138 133 148 137 151 81 40 30 26 22 17 23 43 30 22 1270
 ... : 74 42 42 49 75 56 69 79 80 146 182 122 165 379 918 1267 1037 251 162 143 138 133 148 137 151 81 40 30 26 22 17 23 43 30 22 1272
 ... : 74 42 42 49 75 56 69 79 80 146 182 122 165 378 919 1278 1042 251 162 143 138 134 149 138 152 82 41 31 27 23 18 24 43 30 24 1273
 ... : 74 42 42 49 75 56 69 79 80 146 182 122 165 378 919 1278 1042 251 162 143 138 134 149 138 152 82 41 31 27 23 18 24 43 30 24 1273
 ... : 74 42 42 49 75 56 69 79 80 146 182 122 165 378 919 1278 1041 251 162 143 138 134 149 138 152 82 41 31 27 23 18 24 44 30 24 1273
 ... : 74 42 42 49 75 56 69 79 80 146 182 122 165 378 919 1278 1041 251 162 143 138 134 149 138 152 82 41 31 27 23 18 24 44 30 24 1273
 ... : 74 42 42 49 75 56 69 79 80 146 182 122 165 378 919 1278 1041 251 162 143 138 134 149 138 152 82 41 31 27 23 18 24 44 30 24 1273
 ... : 74 42 42 49 75 56 69 79 80 146 182 122 165 378 919 1278 1041 251 162 143 138 134 149 138 153 82 44 35 31 27 23 28 47 32 26 1280
 ... : 74 42 42 49 75 56 69 79 80 146 182 122 165 378 919 1278 1041 251 163 143 139 136 151 140 154 85 44 36 35 32 23 32 49 34 26 1284
 ... : 74 42 42 49 75 56 69 79 80 146 182 122 165 379 921 1282 1045 253 167 147 142 139 154 143 156 86 46 38 35 32 25 30 50 37 31 1288
 ... : 74 42 42 49 75 56 69 79 80 146 182 122 165 378 919 1280 1044 253 165 144 142 138 156 150 158 90 47 41 37 33 27 34 52 37 31 1290
 ... : 74 42 42 49 75 56 69 79 80 146 182 122 165 378 919 1280 1044 253 165 144 141 136 154 149 161 91 49 40 38 36 33 39 59 45 32 1297
 ... : 74 42 42 49 75 56 69 79 80 146 182 122 165 378 919 1280 1044 252 162 143 140 133 150 142 155 87 45 37 34 32 30 35 57 41 38 1304
 ... : 74 42 42 49 75 56 69 79 80 146 182 122 165 378 919 1280 1045 253 164 146 143 139 156 148 161 89 46 35 32 31 27 34 54 37 33 1315
 ... : 74 42 42 49 75 56 69 79 80 146 182 122 165 378 919 1280 1045 253 164 147 146 142 164 154 167 100 58 46 34 32 27 34 54 38 35 1321
 ... : 74 42 42 49 75 56 69 79 80 146 182 122 165 378 919 1280 1045 253 165 148 145 140 168 160 165 93 55 44 36 32 27 34 54 38 35 1322
 ... : 74 42 42 49 75 56 69 79 80 146 182 122 165 378 919 1280 1045 253 165 148 145 140 168 160 165 93 56 51 44 43 39 46 64 45 35 1323
 ... : 74 42 42 49 75 56 69 79 80 146 182 122 165 378 919 1280 1045 253 165 148 145 140 168 160 165 93 56 53 50 55 52 62 82 52 36 1329
 ... : 74 42 42 49 75 56 69 79 80 146 182 122 165 378 919 1280 1045 253 165 148 145 140 168 159 165 95 56 55 52 49 47 59 84 66 60 1340
  37 : 74 42 42 49 75 56 69 79 79 146 172 122 160 364 872 1229 1006 253 144 130 132 117 132 128 153 90 53 45 52 44 33 40 67 56 36 29 1343
 ... : 74 42 42 49 75 56 69 79 79 146 172 122 161 366 881 1235 1015 261 146 136 134 117 133 129 154 93 53 45 52 45 33 40 68 56 36 25 1353
 ... : 74 42 42 49 75 56 69 79 79 146 172 122 161 366 881 1235 1019 269 158 145 151 130 133 129 154 93 53 45 52 45 33 40 68 56 36 25 1353
 ... : 74 42 42 49 75 56 69 79 79 146 172 122 161 366 880 1234 1019 269 159 148 155 135 144 141 163 94 53 45 52 45 33 40 68 56 36 25 1353
 ... : 74 42 42 49 75 56 69 79 79 146 172 122 161 366 880 1234 1023 272 165 156 166 142 153 144 163 96 53 45 52 45 33 40 68 56 36 25 1353
 ... : 74 42 42 49 75 56 69 79 79 146 172 122 161 366 880 1234 1022 271 160 153 164 138 147 142 163 98 62 54 59 50 33 40 68 56 36 25 1353
 ... : 74 42 42 49 75 56 69 79 79 146 172 122 162 368 887 1233 1022 265 156 149 157 129 140 138 155 97 57 45 53 56 44 50 69 56 36 25 1353
 ... : 74 42 42 49 75 56 69 79 79 146 172 122 162 368 887 1233 1022 265 156 149 155 126 139 138 154 96 56 48 56 58 50 52 80 61 39 30 1354
 ... : 74 42 42 49 75 56 69 79 79 146 172 122 162 368 887 1233 1034 276 161 149 157 127 139 138 155 97 56 47 56 57 51 54 83 63 40 30 1365
 ... : 74 42 42 49 75 56 69 79 79 146 172 122 162 368 887 1233 1039 290 187 167 172 138 139 138 155 97 56 47 56 57 51 54 83 63 40 30 1365
 ... : 74 42 42 49 75 56 69 79 79 146 172 122 162 368 887 1238 1048 301 207 183 185 147 143 138 156 97 56 47 56 57 51 54 83 63 40 30 1367
 ... : 74 42 42 49 75 56 69 79 79 146 172 122 162 369 888 1246 1068 325 218 193 192 149 145 139 156 97 56 47 56 57 51 54 83 63 40 30 1370
 ... : 74 42 42 49 75 56 69 79 79 146 172 122 162 369 890 1249 1068 322 227 211 220 170 146 139 156 97 56 47 56 57 51 54 83 63 40 30 1370
 ... : 74 42 42 49 75 56 69 79 79 146 172 122 162 369 890 1249 1068 326 237 226 236 188 157 146 157 98 57 47 56 57 51 54 83 63 40 30 1371
 ... : 74 42 42 49 75 56 69 79 79 146 172 122 162 369 890 1249 1067 332 239 241 249 205 169 150 157 98 57 47 56 57 51 54 83 63 40 30 1371
 ... : 74 42 42 49 75 56 69 79 79 146 172 122 162 369 890 1249 1065 330 246 254 264 226 181 152 158 98 57 47 56 57 51 54 83 63 40 30 1371
 ... : 74 42 42 49 75 56 69 79 79 146 172 122 162 369 890 1251 1066 333 252 261 276 240 200 157 158 98 57 47 56 57 51 54 83 63 40 30 1373
 ... : 74 42 42 49 75 56 69 79 79 146 172 122 162 371 895 1253 1067 343 265 278 278 243 203 170 162 101 57 47 56 57 51 54 83 63 40 30 1373
 ... : 74 42 42 49 75 56 69 79 79 146 172 122 162 371 895 1253 1067 345 272 292 306 262 208 173 162 101 57 47 56 57 51 54 83 63 40 30 1373
 ... : 74 42 42 49 75 56 69 79 79 146 172 122 162 371 895 1253 1068 345 279 297 318 283 226 177 162 101 57 47 56 57 51 54 83 63 40 30 1374
 ... : 74 42 42 49 75 56 69 79 79 146 172 122 162 371 895 1253 1068 350 283 298 311 284 232 190 164 101 57 47 56 57 51 54 83 63 40 30 1374
 ... : 74 42 42 49 75 56 69 79 79 146 172 122 162 371 895 1255 1072 350 288 307 322 294 241 198 167 101 57 47 56 57 51 54 83 63 40 30 1374
 ... : 74 42 42 49 75 56 69 79 79 146 172 122 162 371 895 1255 1072 350 288 305 322 295 262 241 176 102 57 47 56 57 51 54 83 63 40 30 1374
 ... : 74 42 42 49 75 56 69 79 79 146 172 122 162 371 895 1256 1072 350 287 306 324 298 273 267 208 106 57 47 56 57 51 54 83 63 40 30 1374
 ... : 74 42 42 49 75 56 69 79 79 146 172 122 162 371 895 1257 1074 353 286 306 324 304 284 277 237 114 61 47 56 57 51 54 83 63 40 30 1374
 ... : 74 42 42 49 75 56 69 79 79 146 172 122 162 371 900 1257 1077 357 289 309 325 305 288 281 246 131 63 47 56 57 51 54 83 63 40 30 1375
 ... : 74 42 42 49 75 56 69 79 79 146 172 122 163 373 902 1272 1099 381 314 317 325 305 289 283 247 131 63 47 56 57 51 54 83 63 40 30 1375
 ... : 74 42 42 49 75 56 69 79 79 146 172 122 163 375 910 1289 1113 396 334 328 326 306 289 283 247 131 63 47 56 57 51 54 83 63 40 30 1375
 ... : 74 42 42 49 75 56 69 79 79 146 172 122 163 375 910 1300 1122 404 350 356 333 306 289 283 247 131 63 47 56 57 51 54 83 63 40 30 1375
 ... : 74 42 42 49 75 56 69 79 79 146 172 126 175 392 924 1315 1141 420 353 359 339 306 289 283 247 131 63 47 56 57 51 54 83 63 40 30 1380
 ... : 74 42 42 49 75 56 69 79 79 146 172 126 176 387 916 1314 1146 429 372 374 349 313 290 283 247 131 63 47 56 57 51 54 83 63 40 30 1380
  38 : 74 42 42 49 75 56 69 79 78 142 164 128 174 380 900 1271 1038 353 250 263 279 272 244 253 229 113 63 45 50 51 43 50 78 99 42 28 44 1350
  39 : 74 42 42 49 75 56 69 79 78 142 163 128 174 380 901 1270 1039 353 250 263 279 271 243 249 231 114 65 45 50 51 43 50 78 99 42 28 39 31 1345
 ... : 74 42 42 49 75 56 69 79 78 142 163 128 174 380 901 1270 1039 353 250 263 279 271 243 249 231 114 65 45 50 51 43 50 78 99 42 28 40 32 1408
 ... : 74 42 42 49 75 56 69 79 78 142 163 128 174 380 901 1270 1039 354 250 263 279 271 243 249 231 114 65 45 50 52 44 53 79 100 43 28 41 34 1404
 ... : 74 42 42 49 75 56 69 79 78 142 163 128 174 380 901 1270 1039 354 250 263 279 271 243 249 231 114 66 49 56 70 53 62 86 104 43 28 40 31 1419
 ... : 74 42 42 49 75 56 69 79 78 142 163 128 174 380 901 1270 1039 354 250 263 279 271 243 249 231 114 66 52 56 82 54 62 93 107 43 28 40 31 1442
 ... : 74 42 42 49 75 56 69 79 78 142 163 128 174 380 901 1270 1039 354 250 263 279 271 243 249 231 114 66 52 56 82 54 62 116 119 70 30 40 31 1443
 ... : 74 42 42 49 75 56 69 79 78 142 163 128 174 380 901 1270 1039 354 250 263 279 271 243 249 231 114 66 52 56 82 56 63 132 129 87 38 42 35 1443
 ... : 74 42 42 49 75 56 69 79 78 142 163 128 174 380 901 1270 1039 354 250 263 279 271 243 249 231 114 66 52 56 85 61 69 149 147 96 39 42 35 1446
 ... : 74 42 42 49 75 56 69 79 78 142 163 128 174 380 901 1270 1039 354 250 263 279 271 243 249 231 114 66 52 56 85 61 71 165 131 112 43 42 35 1446
 ... : 74 42 42 49 75 56 69 79 78 142 163 128 174 380 901 1270 1039 354 250 263 279 271 243 249 231 114 66 52 56 85 62 72 171 146 102 47 47 36 1448
 ... : 74 42 42 49 75 56 69 79 78 142 163 128 174 380 901 1270 1039 354 250 263 279 271 243 249 231 114 66 53 60 89 74 81 184 157 112 47 47 38 1448
 ... : 74 42 42 49 75 56 69 79 78 142 163 128 174 380 901 1270 1039 354 250 263 279 271 243 249 231 114 66 53 60 88 70 77 190 159 137 61 59 44 1450
 ... : 74 42 42 49 75 56 69 79 78 142 163 128 174 380 901 1270 1040 357 252 265 289 273 248 249 231 117 68 53 60 88 70 77 190 159 141 64 62 47 1452
 ... : 74 42 42 49 75 56 69 79 78 142 163 128 174 380 901 1270 1041 358 255 265 287 273 249 250 233 118 66 54 64 89 70 77 190 159 141 64 62 47 1476
 ... : 74 42 42 49 75 56 69 79 78 142 163 128 174 380 901 1272 1044 366 257 265 287 272 249 252 232 121 69 59 69 94 72 77 196 160 141 64 62 47 1476
 ... : 74 42 42 49 75 56 69 79 78 142 163 128 174 380 901 1272 1044 366 257 265 287 272 249 252 231 120 65 50 55 60 54 63 133 128 69 44 60 51 1482
 ... : 74 42 42 49 75 56 69 79 78 142 163 128 174 380 901 1272 1044 365 256 260 283 279 262 259 235 126 73 53 57 63 63 63 134 128 69 44 63 51 1485
 ... : 74 42 42 49 75 56 69 79 78 142 163 128 174 380 901 1272 1044 365 256 260 283 276 263 262 238 138 81 59 59 70 68 63 134 128 69 44 63 51 1485
 ... : 74 42 42 49 75 56 69 79 78 142 163 128 174 380 901 1272 1045 369 257 260 283 276 263 263 235 139 90 65 75 79 73 63 134 128 69 44 63 51 1485
 ... : 74 42 42 49 75 56 69 79 78 142 163 128 174 380 901 1273 1052 383 275 266 289 277 265 263 235 145 98 68 75 79 73 63 138 130 70 44 63 51 1485
 ... : 74 42 42 49 75 56 69 79 78 142 163 128 174 380 901 1273 1052 389 287 271 313 289 269 264 235 145 98 68 75 79 73 63 146 132 70 44 63 51 1485
 ... : 74 42 42 49 75 56 69 79 78 142 163 128 174 380 901 1273 1052 391 293 273 333 297 273 264 236 146 100 68 75 81 74 67 157 134 70 44 63 51 1485
 ... : 74 42 42 49 75 56 69 79 78 142 163 128 174 380 901 1273 1053 386 288 271 335 284 270 264 237 143 97 68 74 84 74 69 163 137 72 44 60 52 1492
 ... : 74 42 42 49 75 56 69 79 78 142 163 128 174 380 901 1273 1053 394 310 296 348 285 270 264 237 143 97 68 74 84 74 69 163 137 72 44 60 52 1493
 ... : 74 42 42 49 75 56 69 79 78 142 163 128 174 380 901 1273 1053 394 312 335 373 288 270 264 237 143 97 68 74 84 74 69 163 137 72 44 60 52 1494
 ... : 74 42 42 49 75 56 69 79 78 142 163 128 174 380 901 1273 1055 396 313 359 402 296 270 264 237 143 97 68 74 84 74 70 163 137 72 44 60 52 1494
 ... : 74 42 42 49 75 56 69 79 78 142 163 128 174 380 917 1319 1092 401 313 359 402 296 270 264 237 143 97 68 74 84 74 70 163 137 72 44 60 52 1494
 ... : 74 42 42 49 75 56 69 79 78 142 163 128 174 381 939 1363 1131 411 315 359 402 296 270 264 237 143 97 68 74 84 74 70 163 137 72 44 60 52 1494
 ... : 74 42 42 49 75 56 69 79 78 142 163 128 174 401 957 1389 1168 416 315 359 402 296 270 264 237 143 97 68 74 84 74 70 163 137 72 44 60 52 1501
 ... : 74 42 42 49 75 56 69 79 78 142 163 128 177 420 1000 1414 1171 427 318 359 402 296 270 264 237 143 97 68 74 84 74 70 164 137 72 44 60 52 1509
 ... : 74 42 42 49 75 56 69 79 78 142 163 128 180 440 1038 1455 1177 428 320 359 402 296 270 264 237 143 97 68 74 84 74 70 164 137 72 44 60 52 1514
 ... : 74 42 42 49 75 56 69 79 78 142 163 130 194 494 1080 1460 1178 429 320 359 402 296 270 264 237 143 97 68 74 84 74 70 164 137 72 44 60 52 1520
 ... : 74 42 42 49 75 56 69 79 78 142 163 130 206 544 1120 1470 1179 429 320 359 402 296 270 264 237 143 97 68 74 84 74 70 167 137 72 44 60 52 1523
 ... : 74 42 42 49 75 56 69 79 78 142 163 135 213 559 1178 1498 1186 430 320 359 402 296 270 264 237 143 97 68 74 84 75 70 167 137 72 44 60 52 1527
 ... : 74 42 42 49 75 56 69 79 78 142 163 135 214 567 1224 1533 1195 433 320 359 402 296 270 264 237 143 97 68 74 84 75 70 173 138 72 44 60 52 1530
 ... : 74 42 42 49 75 56 69 79 78 142 163 135 222 618 1257 1536 1197 433 320 359 402 296 270 264 237 143 97 68 74 84 75 70 195 142 72 44 60 52 1530
 ... : 74 42 42 49 75 56 69 79 78 142 163 135 223 633 1286 1552 1201 434 320 359 402 296 270 264 237 143 97 68 74 84 75 70 212 148 72 44 60 52 1532
 ... : 74 42 42 49 75 56 69 79 78 142 163 135 224 648 1321 1582 1207 435 320 360 402 296 270 264 237 143 97 68 74 84 75 70 220 149 72 44 60 52 1536
 ... : 74 42 42 49 75 56 69 79 78 142 163 138 229 657 1363 1615 1209 435 320 360 402 296 270 264 237 143 97 68 74 84 75 70 226 159 72 44 60 52 1537
 ... : 74 42 42 49 75 56 69 79 78 142 163 143 238 677 1387 1641 1214 435 320 360 402 296 270 264 237 143 97 68 74 84 75 70 231 163 72 44 60 52 1542
 ... : 74 42 42 49 75 56 69 79 78 142 163 143 243 695 1419 1674 1217 442 323 360 402 296 270 264 237 143 97 68 74 84 75 70 234 167 72 44 60 52 1542
 ... : 74 42 42 49 75 56 69 79 78 142 163 143 244 704 1466 1721 1221 447 323 360 402 296 270 264 237 143 97 68 74 84 75 71 234 167 72 44 60 52 1545
 ... : 74 42 42 49 75 56 69 79 78 142 163 143 248 727 1509 1749 1223 451 324 360 402 296 270 264 237 143 97 68 74 84 75 71 237 172 72 44 60 52 1547
 ... : 74 42 42 49 75 56 69 79 78 142 163 143 248 736 1544 1793 1226 454 324 360 402 296 270 264 237 143 97 68 74 84 75 71 242 179 72 44 60 52 1547
 ... : 74 42 42 49 75 56 69 79 78 142 163 143 253 762 1574 1808 1235 463 330 360 402 296 270 264 237 143 97 68 74 84 75 71 244 185 72 44 60 52 1547
 ... : 74 42 42 49 75 56 69 79 78 142 163 143 260 785 1619 1832 1241 469 331 360 402 296 270 264 237 143 97 68 74 84 75 71 248 188 72 44 60 52 1548
 ... : 74 42 42 49 75 56 69 79 78 142 163 143 265 796 1650 1866 1249 474 331 360 402 296 270 264 237 143 97 68 74 84 75 71 250 193 72 44 60 52 1549
 ... : 74 42 42 49 75 56 69 79 78 142 163 144 269 819 1680 1896 1251 474 334 360 402 296 270 264 237 143 97 68 74 84 76 71 253 202 72 44 60 52 1551
 ... : 74 42 42 49 75 56 69 79 78 142 163 145 274 839 1717 1929 1257 476 336 360 402 296 270 264 237 143 97 68 74 84 76 71 253 207 72 44 60 52 1552
 ... : 74 42 42 49 75 56 69 79 78 142 163 148 286 864 1744 1946 1260 476 336 360 402 296 270 264 237 143 97 68 74 84 76 71 256 221 72 44 60 52 1553
 ... : 74 42 42 49 75 56 69 79 78 142 164 150 298 882 1781 1966 1261 477 336 360 402 296 270 264 237 143 97 68 74 84 76 71 258 225 72 44 60 52 1555
 ... : 74 42 42 49 75 56 69 79 78 142 164 150 298 886 1800 1989 1269 484 338 360 402 296 270 264 237 143 97 68 74 84 76 71 264 226 72 44 60 52 1555
 ... : 74 42 42 49 75 56 69 79 78 142 164 150 298 888 1824 2032 1298 484 338 360 402 296 270 264 237 143 97 68 74 84 76 71 264 226 72 44 60 52 1555
 ... : 74 42 42 49 75 56 69 79 78 142 164 150 298 888 1832 2066 1341 487 338 360 402 296 270 264 237 143 97 68 74 84 76 71 264 228 72 44 60 52 1556
 ... : 74 42 42 49 75 56 69 79 78 142 164 150 298 894 1842 2107 1373 495 338 360 402 296 270 264 237 143 97 68 74 84 76 71 267 230 72 44 60 52 1558
 ... : 74 42 42 49 75 56 69 79 78 142 164 151 302 906 1857 2120 1401 504 345 361 402 296 270 264 237 143 97 68 74 84 76 71 273 231 72 44 60 52 1558
 ... : 74 42 42 49 75 56 69 79 78 142 164 151 302 911 1877 2138 1432 511 348 361 402 296 270 264 237 143 97 68 74 84 76 71 280 236 72 44 60 52 1558
 ... : 74 42 42 49 75 56 69 79 78 142 164 151 304 914 1890 2142 1455 516 349 361 402 296 270 264 237 143 97 68 74 84 76 71 290 239 72 44 60 52 1558
 ... : 74 42 42 49 75 56 69 79 78 142 164 151 304 915 1897 2147 1469 519 349 361 402 296 270 264 237 143 97 68 74 84 76 71 292 241 72 44 60 52 1558
 ... : 74 42 42 49 75 56 69 79 78 142 164 151 304 915 1897 2146 1491 523 349 361 402 296 270 264 237 143 97 68 74 84 76 71 298 242 72 44 60 52 1558
 ... : 74 42 42 49 75 56 69 79 78 142 164 155 311 923 1902 2169 1510 525 349 361 402 296 270 264 237 143 97 68 74 84 76 71 312 246 72 44 60 52 1559
 ... : 74 42 42 49 75 56 69 79 78 142 165 160 319 932 1913 2178 1518 529 349 361 402 296 270 264 237 143 97 68 74 84 76 73 326 247 72 44 60 52 1560
 ... : 74 42 42 49 75 56 69 79 78 142 166 161 322 935 1918 2186 1531 529 349 361 402 296 270 264 237 143 97 68 74 84 76 76 332 248 72 44 60 52 1560
 ... : 74 42 42 49 75 56 69 79 78 142 166 161 322 935 1927 2225 1576 534 349 361 402 296 270 264 237 143 97 68 74 84 76 76 332 248 72 44 60 52 1563
 ... : 74 42 42 49 75 56 69 79 78 142 166 161 322 937 1943 2269 1600 538 349 361 402 296 270 264 237 143 97 68 74 84 76 76 333 248 72 44 60 52 1563
 ... : 74 42 42 49 75 56 69 79 78 142 166 161 322 938 1953 2315 1648 545 350 361 402 296 270 264 237 143 97 68 74 84 76 76 333 249 72 44 60 52 1564
 ... : 74 42 42 49 75 56 69 79 78 142 166 161 322 942 1958 2366 1693 556 351 361 402 296 270 264 237 143 97 68 74 84 76 76 333 251 72 44 60 52 1565
 ... : 74 42 42 49 75 56 69 79 78 142 166 161 328 968 1997 2392 1711 559 351 361 402 296 270 264 237 143 97 68 74 84 76 76 333 251 72 44 60 52 1566
 ... : 74 42 42 49 75 56 69 79 78 142 166 161 332 981 2033 2432 1717 560 351 361 402 296 270 264 237 143 97 68 74 84 76 76 335 253 72 44 60 52 1567
 ... : 74 42 42 49 75 56 69 79 78 142 166 161 332 987 2056 2474 1742 566 354 361 402 296 270 264 237 143 97 68 74 84 76 76 335 253 72 44 60 52 1570
 ... : 74 42 42 49 75 56 69 79 78 142 166 161 332 987 2070 2526 1790 569 354 361 402 296 270 264 237 143 97 68 74 84 76 76 335 253 72 44 60 52 1570
 ... : 74 42 42 49 75 56 69 79 78 142 166 161 332 989 2087 2569 1819 573 356 361 402 296 270 264 237 143 97 68 74 84 76 76 335 254 72 44 60 52 1571
 ... : 74 42 42 49 75 56 69 79 78 142 166 161 332 998 2108 2605 1834 578 357 361 402 296 270 264 237 143 97 68 74 84 76 76 335 254 72 44 60 52 1572
 ... : 74 42 42 49 75 56 69 79 78 142 166 161 332 998 2116 2643 1881 585 357 361 402 296 270 264 237 143 97 68 74 84 76 76 337 257 72 44 60 52 1573
 ... : 74 42 42 49 75 56 69 79 78 142 166 161 332 1000 2132 2677 1907 591 358 361 402 296 270 264 237 143 97 68 74 84 76 76 350 259 72 44 60 52 1573
 ... : 74 42 42 49 75 56 69 79 78 142 166 161 332 1003 2145 2707 1931 592 358 361 402 296 270 264 237 147 97 68 74 84 76 76 358 273 73 44 60 52 1575
 ... : 74 42 42 49 75 56 69 79 78 142 166 161 332 1006 2154 2734 1958 595 359 361 402 296 270 264 237 148 98 68 74 84 76 76 368 278 73 44 60 53 1575
 ... : 74 42 42 49 75 56 69 79 78 142 166 161 332 1006 2162 2764 2003 619 360 361 402 296 270 264 237 148 98 68 74 84 76 76 368 278 73 44 60 53 1575
 ... : 74 42 42 49 75 56 69 79 78 142 166 161 332 1006 2169 2800 2047 632 361 362 402 296 270 264 237 148 98 68 74 84 76 76 369 284 73 44 60 53 1575
 ... : 74 42 42 49 75 56 69 79 78 142 166 161 332 1006 2172 2825 2094 666 362 363 404 296 270 264 237 148 98 68 74 84 76 76 370 285 73 44 60 53 1575
 ... : 74 42 42 49 75 56 69 79 78 142 166 161 332 1006 2175 2847 2135 704 365 363 404 296 270 264 237 148 98 68 74 84 76 76 370 285 73 44 60 53 1575
 ... : 74 42 42 49 75 56 69 79 78 142 166 161 332 1003 2183 2875 2168 739 365 363 404 296 270 264 237 148 98 68 74 84 76 76 371 285 73 44 60 53 1575
 ... : 74 42 42 49 75 56 69 79 78 142 166 161 332 1003 2184 2894 2207 766 365 365 404 296 270 264 237 148 98 68 74 84 76 76 375 295 75 44 60 53 1576
 ... : 74 42 42 49 75 56 69 79 78 142 166 161 332 1003 2188 2911 2232 778 368 366 404 296 270 264 237 149 99 69 74 84 76 76 382 306 78 44 60 53 1577
 ... : 74 42 42 49 75 56 69 79 78 142 166 161 332 1003 2192 2925 2265 825 372 366 404 296 270 264 237 151 99 69 74 84 76 77 384 307 78 44 60 53 1577
 ... : 74 42 42 49 75 56 69 79 78 142 166 161 332 1006 2196 2933 2289 854 373 366 404 296 270 264 237 151 99 69 74 84 76 77 387 309 78 44 60 53 1578
 ... : 74 42 42 49 75 56 69 79 78 142 166 161 332 1006 2205 2961 2315 879 373 366 404 296 270 264 237 151 99 69 74 84 76 77 387 309 78 44 60 53 1584
 ... : 74 42 42 49 75 56 69 79 78 142 166 161 332 1006 2208 2973 2353 919 384 366 404 296 270 264 237 151 99 69 74 84 76 77 387 309 78 44 60 53 1587
 ... : 74 42 42 49 75 56 69 79 78 142 166 161 332 1010 2220 2999 2386 944 386 366 404 296 270 264 237 151 99 69 74 84 76 77 387 310 78 44 60 53 1588
 ... : 74 42 42 49 75 56 69 79 78 142 166 161 334 1014 2231 3009 2401 972 392 366 404 296 270 264 237 151 99 69 74 84 76 77 387 316 78 44 60 53 1590
 ... : 74 42 42 49 75 56 69 79 78 142 166 161 334 1018 2245 3033 2438 998 401 366 404 296 270 264 237 151 99 69 74 84 76 77 387 316 78 44 60 53 1591
 ... : 74 42 42 49 75 56 69 79 78 142 166 161 335 1021 2257 3054 2468 1034 407 366 404 296 270 264 237 151 99 69 74 84 76 77 387 317 78 44 60 53 1591
 ... : 74 42 42 49 75 56 69 79 78 142 166 167 356 1040 2276 3067 2476 1044 407 366 404 296 270 264 237 151 99 69 74 84 76 78 391 319 78 44 60 53 1592
 ... : 74 42 42 49 75 56 69 79 78 142 167 170 366 1062 2300 3082 2481 1051 408 366 404 296 270 264 237 151 99 70 74 84 76 80 394 323 78 44 60 53 1595
 ... : 74 42 42 49 75 56 69 79 78 142 167 170 366 1065 2313 3098 2504 1066 410 366 404 296 270 264 237 151 99 73 74 84 76 80 411 326 78 44 60 53 1599
 ... : 74 42 42 49 75 56 69 79 78 142 167 170 366 1065 2312 3104 2528 1104 418 366 404 296 270 264 237 151 99 73 74 84 76 80 418 331 78 44 60 53 1602
 ... : 74 42 42 49 75 56 69 79 78 142 167 175 380 1074 2314 3111 2540 1130 435 367 404 296 270 264 237 151 99 73 74 84 76 80 419 335 78 44 60 54 1605
 ... : 74 42 42 49 75 56 69 79 78 144 174 189 402 1105 2325 3117 2545 1133 435 367 404 296 270 264 237 151 99 73 74 84 76 80 419 335 78 44 60 54 1605
 ... : 74 42 42 49 75 56 69 79 78 144 174 189 406 1120 2354 3146 2551 1147 437 367 404 296 270 264 237 151 99 73 74 84 76 80 421 336 78 44 60 54 1605
 ... : 74 42 42 49 75 56 69 79 78 144 174 191 413 1143 2394 3163 2563 1151 437 367 404 296 270 264 237 151 99 73 74 84 76 80 421 338 78 44 60 54 1608
 ... : 74 42 42 49 75 56 69 79 78 144 174 194 422 1161 2426 3180 2575 1158 448 368 404 296 270 264 237 151 99 73 74 84 76 80 421 338 78 44 60 54 1610
 ... : 74 42 42 49 75 56 69 79 78 144 174 194 427 1189 2463 3202 2581 1164 448 369 404 296 270 264 237 151 99 73 74 84 76 80 421 338 78 44 60 54 1613
 ... : 74 42 42 49 75 56 69 79 78 144 174 194 427 1195 2486 3243 2601 1176 451 370 404 296 270 264 237 151 99 73 74 84 76 80 421 339 78 44 60 54 1616
 ... : 74 42 42 49 75 56 69 79 78 144 174 194 432 1208 2515 3272 2609 1191 455 370 404 296 270 264 237 151 99 73 74 84 76 80 424 339 78 44 60 54 1620
 ... : 74 42 42 49 75 56 69 79 78 144 174 194 434 1222 2535 3299 2621 1202 455 370 404 297 270 264 237 151 99 73 74 84 76 81 425 341 78 44 60 54 1627
 ... : 74 42 42 49 75 56 69 79 78 144 174 194 434 1225 2553 3338 2654 1211 461 370 404 297 270 264 237 151 99 73 74 84 76 81 428 342 78 44 60 54 1627
 ... : 74 42 42 49 75 56 69 79 78 144 174 194 434 1225 2571 3361 2676 1229 468 370 404 297 270 264 237 151 99 73 74 84 76 81 432 343 78 44 60 54 1629
 ... : 74 42 42 49 75 56 69 79 78 144 174 194 437 1239 2592 3388 2695 1239 472 370 404 297 270 264 237 151 99 73 74 84 76 81 440 346 78 44 60 54 1630
 ... : 74 42 42 49 75 56 69 79 78 144 174 196 444 1257 2607 3404 2721 1243 476 370 404 297 270 264 237 151 99 73 74 84 76 81 440 347 78 44 60 54 1631
 ... : 74 42 42 49 75 56 69 79 78 144 174 196 444 1260 2616 3431 2747 1255 477 370 404 297 270 264 237 151 99 73 74 84 76 81 442 354 78 44 60 54 1633
 ... : 74 42 42 49 75 56 69 79 78 144 174 196 444 1260 2633 3460 2781 1264 486 370 404 297 270 264 237 151 99 73 74 84 76 81 442 357 78 44 60 54 1634
 ... : 74 42 42 49 75 56 69 79 78 144 174 196 444 1264 2638 3477 2805 1279 487 372 404 297 270 264 237 151 99 73 74 84 76 81 442 358 78 44 60 54 1635
 ... : 74 42 42 49 75 56 69 79 78 144 174 196 444 1265 2647 3493 2843 1313 498 372 404 297 270 264 237 151 99 73 74 84 76 81 442 358 78 44 60 55 1636
 ... : 74 42 42 49 75 56 69 79 78 144 174 196 444 1265 2647 3503 2867 1361 505 372 405 297 270 264 237 151 99 73 74 84 76 81 442 361 79 44 60 55 1636
 ... : 74 42 42 49 75 56 69 79 78 144 174 196 444 1265 2649 3511 2886 1396 509 372 405 297 270 264 237 151 99 73 74 84 76 81 450 365 79 44 60 55 1639
 ... : 74 42 42 49 75 56 69 79 78 144 174 196 444 1265 2653 3530 2901 1419 514 373 405 297 270 264 237 151 99 73 74 84 76 81 459 367 79 44 60 55 1641
 ... : 74 42 42 49 75 56 69 79 78 144 174 196 444 1268 2669 3557 2920 1436 518 374 405 297 270 264 237 151 99 73 74 84 76 81 459 367 79 44 60 55 1645
 ... : 74 42 42 49 75 56 69 79 78 144 174 196 444 1268 2672 3583 2948 1453 525 374 405 297 270 264 237 151 99 73 74 84 76 81 468 368 79 44 60 55 1653
 ... : 74 42 42 49 75 56 69 79 78 144 174 196 445 1269 2679 3595 2968 1478 534 374 405 297 270 264 237 151 99 74 74 84 76 81 469 369 79 44 60 55 1656
 ... : 74 42 42 49 75 56 69 79 78 144 174 196 445 1271 2687 3597 2975 1509 541 374 405 297 270 264 237 151 99 74 74 84 76 81 471 369 79 44 60 55 1656
 ... : 74 42 42 49 75 56 69 79 78 144 174 196 445 1273 2693 3603 2983 1545 551 375 405 297 270 264 237 151 99 74 74 84 76 81 472 370 79 44 60 55 1657
 ... : 74 42 42 49 75 56 69 79 78 144 174 196 446 1277 2696 3611 3004 1576 555 375 405 297 270 264 237 151 99 74 74 84 76 81 473 373 79 44 60 56 1658
 ... : 74 42 42 49 75 56 69 79 78 144 174 196 446 1291 2727 3635 3031 1580 557 375 405 297 270 264 237 151 99 74 74 84 76 81 473 373 82 44 60 56 1658
 ... : 74 42 42 49 75 56 69 79 78 144 174 200 451 1311 2751 3645 3043 1585 567 377 405 297 270 264 237 151 99 74 74 84 76 81 475 374 82 44 60 56 1658
 ... : 74 42 42 49 75 56 69 79 78 144 174 203 466 1355 2788 3650 3045 1588 568 378 405 297 270 264 237 151 99 74 74 84 76 82 476 374 82 44 60 56 1660
 ... : 74 42 42 49 75 56 69 79 78 144 174 203 465 1349 2785 3643 3043 1595 572 378 405 297 271 264 237 151 99 74 74 84 76 84 489 383 82 44 60 56 1660
 ... : 74 42 42 49 75 56 69 79 78 144 174 203 465 1349 2785 3646 3050 1617 582 378 405 297 271 264 237 154 99 74 74 84 76 84 490 387 82 44 60 56 1660
 ... : 74 42 42 49 75 56 69 79 78 144 174 203 465 1349 2785 3661 3078 1637 592 379 405 297 271 264 237 154 102 74 74 84 76 84 501 387 82 44 60 56 1663
 ... : 74 42 42 49 75 56 69 79 78 144 174 203 465 1350 2788 3678 3096 1640 599 386 408 297 271 264 237 154 102 74 74 84 76 84 501 390 82 44 60 56 1667
 ... : 74 42 42 49 75 56 69 79 78 144 174 203 465 1350 2793 3702 3130 1656 610 393 410 298 271 264 237 154 102 74 74 84 76 84 501 390 82 44 60 56 1668
 ... : 74 42 42 49 75 56 69 79 78 144 174 203 465 1351 2797 3724 3162 1683 617 398 410 298 271 264 237 154 102 74 74 84 76 84 501 390 82 44 60 56 1668
 ... : 74 42 42 49 75 56 69 79 78 144 174 203 465 1352 2800 3735 3174 1707 622 400 411 298 271 264 237 154 102 74 74 84 76 84 501 391 82 44 60 56 1669
 ... : 74 42 42 49 75 56 69 79 78 144 174 203 465 1352 2800 3734 3162 1697 622 401 411 298 271 264 237 154 102 74 74 84 76 84 501 391 82 44 60 56 1669
 ... : 74 42 42 49 75 56 69 79 78 144 174 203 465 1352 2800 3735 3166 1714 624 401 411 298 271 264 237 154 102 74 74 84 76 84 501 391 82 44 60 56 1669
 ... : 74 42 42 49 75 56 69 79 78 144 174 203 465 1352 2800 3743 3200 1754 636 403 411 298 271 264 237 154 102 74 74 84 76 84 501 391 82 44 60 56 1669
 ... : 74 42 42 49 75 56 69 79 78 144 174 203 465 1352 2801 3756 3228 1795 652 412 411 298 271 264 237 154 102 74 74 84 76 84 501 391 82 44 60 56 1669
 ... : 74 42 42 49 75 56 69 79 78 148 180 205 465 1356 2846 3800 3231 1796 653 412 411 298 271 264 237 154 102 74 74 84 76 84 501 391 82 44 60 56 1670
 ... : 74 42 42 49 75 56 69 79 78 149 199 267 514 1357 2847 3800 3231 1796 653 412 411 298 271 264 237 154 102 74 74 84 76 84 501 391 82 44 60 56 1670
 ... : 74 42 42 49 75 56 69 79 78 149 200 292 559 1409 2850 3803 3231 1796 653 412 411 298 271 264 237 154 102 74 74 84 76 84 501 391 82 44 60 56 1670
 ... : 74 42 42 49 75 56 69 79 78 149 202 316 611 1449 2855 3803 3233 1796 653 412 411 298 271 264 237 154 102 74 74 84 76 84 501 391 82 44 60 56 1670
 ... : 74 42 42 49 75 56 69 79 78 149 202 318 641 1508 2880 3810 3236 1796 653 412 411 298 271 264 237 154 102 74 74 84 76 84 501 391 82 44 60 56 1671
 ... : 74 42 42 49 75 56 69 79 78 149 202 319 647 1546 2921 3821 3243 1796 653 412 411 298 271 264 237 154 102 74 74 84 76 84 501 391 82 44 60 56 1672
 ... : 74 42 42 49 75 56 69 79 78 149 202 319 659 1594 2960 3830 3247 1796 653 412 411 298 271 264 237 154 102 74 74 84 76 84 501 391 82 44 60 56 1672
 ... : 74 42 42 49 75 56 69 79 78 149 202 319 663 1617 3015 3849 3253 1797 653 412 411 298 271 264 237 154 102 74 74 84 76 84 501 391 82 44 60 56 1672
 ... : 74 42 42 49 75 56 69 79 78 149 202 319 663 1619 3058 3905 3261 1797 653 412 411 298 271 264 237 154 102 74 74 84 76 84 501 391 82 44 60 56 1672
 ... : 74 42 42 49 75 56 69 79 78 149 202 323 670 1629 3099 3942 3266 1797 653 412 411 298 271 264 237 154 102 74 74 84 76 84 502 392 82 44 60 56 1674
 ... : 74 42 42 49 75 56 69 79 78 149 202 323 673 1637 3130 3985 3274 1801 653 412 411 298 271 264 237 154 102 74 74 84 76 84 504 392 82 44 60 57 1675
 ... : 74 42 42 49 75 56 69 79 78 149 202 323 673 1646 3180 4040 3276 1807 653 412 411 298 271 264 237 154 102 74 74 84 77 84 504 392 82 44 60 57 1675
 ... : 74 42 42 49 75 56 69 79 78 149 202 323 673 1657 3231 4092 3282 1807 653 412 411 298 271 264 237 154 102 74 74 84 77 84 504 392 82 44 60 57 1675
 ... : 74 42 42 49 75 56 69 79 78 149 202 328 687 1678 3270 4125 3284 1811 653 412 411 298 271 264 237 154 102 74 74 84 77 84 504 393 82 44 60 57 1676
 ... : 74 42 42 49 75 56 69 79 78 149 204 338 714 1714 3298 4141 3286 1812 653 412 412 298 271 264 237 154 102 74 74 84 77 84 504 393 82 44 60 57 1677
 ... : 74 42 42 49 75 56 69 79 78 149 213 353 722 1716 3320 4187 3293 1812 654 412 412 299 271 264 237 154 102 74 74 84 77 84 504 393 82 44 60 57 1677
 ... : 74 42 42 49 75 56 69 79 80 151 230 381 765 1742 3323 4188 3293 1812 654 412 412 299 271 264 237 154 102 74 74 84 77 84 505 393 82 44 60 57 1677
 ... : 74 42 42 49 75 56 69 79 80 151 231 389 794 1796 3343 4190 3294 1812 654 412 412 299 271 264 237 154 102 74 74 84 77 84 506 394 82 44 60 57 1678
 ... : 74 42 42 49 75 56 69 79 80 151 231 389 801 1846 3387 4200 3294 1812 658 412 412 299 271 264 237 154 102 74 74 84 77 84 507 395 82 44 60 57 1683
 ... : 74 42 42 49 75 56 69 79 80 151 231 389 801 1855 3435 4238 3300 1812 658 412 412 299 271 264 237 154 102 74 74 84 77 84 510 395 82 44 60 57 1683
 ... : 74 42 42 49 75 56 69 79 80 151 231 389 803 1868 3470 4275 3306 1814 660 412 412 299 271 264 237 154 102 74 74 84 77 84 519 396 82 44 60 57 1684
 ... : 74 42 42 49 75 56 69 79 80 151 231 389 803 1871 3488 4306 3313 1820 662 412 412 299 271 264 237 154 102 74 74 84 77 84 523 399 82 44 60 57 1687
 ... : 74 42 42 49 75 56 69 79 80 151 231 389 803 1871 3497 4340 3325 1820 662 413 412 299 271 264 237 154 102 74 74 84 77 84 524 399 82 44 60 57 1687
 ... : 74 42 42 49 75 56 69 79 80 151 235 413 854 1916 3500 4344 3325 1820 662 413 412 299 271 264 237 154 102 74 74 84 77 84 524 399 82 44 60 57 1687
 ... : 74 42 42 49 75 56 69 79 80 151 235 413 868 1960 3544 4357 3329 1820 662 413 412 299 271 264 237 154 102 74 74 84 77 84 525 399 82 44 60 57 1688
 ... : 74 42 42 49 75 56 69 79 80 151 235 413 872 1992 3577 4382 3340 1825 666 413 412 299 271 264 237 154 102 74 74 84 77 84 525 399 82 44 60 57 1688
 ... : 74 42 42 49 75 56 69 79 80 151 235 413 873 2000 3599 4425 3350 1827 666 413 412 299 271 264 237 154 102 74 74 84 77 84 525 399 82 44 60 57 1688
 ... : 74 42 42 49 75 56 69 79 80 151 235 413 883 2022 3636 4451 3358 1829 666 413 412 299 271 264 237 154 102 74 74 84 77 84 528 402 82 44 60 57 1688
 ... : 74 42 42 49 75 56 69 79 80 151 235 413 883 2029 3684 4496 3366 1833 668 417 412 299 271 264 237 154 102 74 74 84 77 84 529 403 82 44 60 57 1688
 ... : 74 42 42 49 75 56 69 79 80 151 235 413 883 2034 3733 4531 3384 1838 668 417 412 299 271 264 237 154 102 74 74 84 77 84 529 403 82 44 60 57 1696
 ... : 74 42 42 49 75 56 69 79 80 151 236 422 908 2063 3768 4552 3386 1838 668 417 412 299 271 264 237 154 102 74 74 84 77 84 529 403 82 44 60 57 1697
 ... : 74 42 42 49 75 56 69 79 80 151 236 422 910 2069 3816 4603 3391 1843 669 417 412 299 271 264 237 154 102 74 74 84 77 84 529 403 82 44 60 57 1697
 ... : 74 42 42 49 75 56 69 79 80 151 237 430 927 2100 3844 4626 3398 1843 669 417 412 299 271 264 237 154 102 74 74 84 77 84 529 403 82 44 60 57 1700
 ... : 74 42 42 49 75 56 69 79 81 154 247 451 944 2107 3870 4652 3403 1843 669 417 412 299 271 264 237 154 102 74 74 84 77 84 529 403 82 44 60 57 1700
 ... : 74 42 42 49 75 56 69 79 81 154 250 460 986 2164 3883 4653 3406 1843 670 417 412 299 271 264 237 154 102 74 74 84 77 84 529 403 82 44 60 57 1700
 ... : 74 42 42 49 75 56 69 79 81 154 250 461 997 2219 3929 4657 3409 1845 670 417 412 299 271 264 237 154 102 74 74 84 77 84 529 403 82 44 60 57 1700
 ... : 74 42 42 49 75 56 69 79 81 154 250 464 1012 2270 3969 4663 3413 1851 670 417 412 299 271 264 237 154 102 74 74 84 77 84 530 405 82 44 60 57 1700
 ... : 74 42 42 49 75 56 69 79 81 154 250 465 1021 2315 4012 4672 3415 1851 672 418 412 299 271 264 237 154 102 74 74 84 77 84 531 406 82 44 60 57 1700
 ... : 74 42 42 49 75 56 69 79 81 154 250 466 1031 2366 4063 4674 3415 1851 672 418 412 299 271 264 237 154 102 74 74 84 77 84 531 408 82 44 60 57 1700
 ... : 74 42 42 49 75 56 69 79 81 154 250 466 1031 2379 4111 4720 3419 1853 672 418 412 299 271 264 237 154 102 74 74 84 77 84 532 410 82 44 60 57 1702
 ... : 74 42 42 49 75 56 69 79 81 154 250 466 1031 2384 4150 4763 3429 1854 672 418 412 299 271 264 237 154 102 74 74 84 77 84 534 411 82 44 60 57 1709
 ... : 74 42 42 49 75 56 69 79 81 154 250 466 1031 2388 4197 4811 3439 1855 673 418 412 299 271 264 237 154 102 74 74 84 77 84 535 414 82 44 60 57 1710
 ... : 74 42 42 49 75 56 69 79 81 154 250 467 1044 2419 4237 4818 3442 1857 674 420 412 299 271 264 237 154 102 74 74 84 77 84 535 414 82 44 60 57 1710
 ... : 74 42 42 49 75 56 69 79 81 154 250 466 1044 2425 4285 4851 3447 1857 676 420 412 299 271 264 237 154 102 74 74 84 77 84 535 414 82 44 60 57 1712
 ... : 74 42 42 49 75 56 69 79 81 154 250 466 1044 2427 4344 4899 3456 1858 681 421 412 299 271 264 237 154 102 74 74 84 77 84 535 414 82 44 60 57 1714
 ... : 74 42 42 49 75 56 69 79 81 154 250 466 1044 2430 4396 4946 3469 1858 683 422 412 299 271 264 237 154 102 74 74 84 77 84 536 415 82 44 60 57 1714
 ... : 74 42 42 49 75 56 69 79 81 154 250 466 1044 2442 4439 4987 3479 1862 684 422 412 299 271 264 237 154 102 74 74 84 77 84 537 415 82 44 60 57 1719
 ... : 74 42 42 49 75 56 69 79 81 154 250 466 1044 2449 4495 5035 3491 1863 685 422 412 299 271 264 237 154 102 74 74 84 77 84 537 415 82 44 60 57 1719
 ... : 74 42 42 49 75 56 69 79 81 154 250 466 1045 2461 4534 5073 3495 1865 691 428 412 299 271 264 237 154 102 74 74 84 77 84 540 416 82 44 60 57 1720
 ... : 74 42 42 49 75 56 69 79 81 154 250 466 1045 2465 4581 5116 3507 1872 692 429 412 299 271 264 237 154 102 74 74 84 77 84 541 416 82 44 60 57 1720
 ... : 74 42 42 49 75 56 69 79 81 154 250 466 1045 2474 4627 5160 3516 1873 695 429 412 299 271 264 237 154 102 74 74 84 77 84 541 419 82 44 60 57 1721
 ... : 74 42 42 49 75 56 69 79 81 154 250 466 1045 2479 4676 5209 3522 1874 696 429 412 299 271 264 237 154 102 74 74 84 77 84 542 421 82 44 60 57 1723
 ... : 74 42 42 49 75 56 69 79 81 154 250 466 1045 2481 4724 5253 3531 1874 697 432 412 299 271 264 237 154 102 74 74 84 77 84 542 423 82 44 60 57 1723
 ... : 74 42 42 49 75 56 69 79 81 154 250 466 1048 2506 4773 5277 3538 1879 698 433 412 299 271 264 237 154 102 74 74 84 77 84 543 423 82 44 60 57 1723
 ... : 74 42 42 49 75 56 69 79 81 154 250 466 1048 2511 4816 5317 3551 1882 700 433 412 299 271 264 237 154 102 74 74 84 77 84 545 425 82 44 60 57 1726
 ... : 74 42 42 49 75 56 69 79 81 154 250 466 1048 2520 4862 5359 3557 1890 700 433 412 299 271 264 237 154 102 74 74 84 77 84 547 426 82 44 60 57 1726
 ... : 74 42 42 49 75 56 69 79 81 154 250 466 1048 2529 4901 5407 3562 1896 700 433 412 299 271 264 237 154 102 74 74 84 77 84 550 426 82 44 60 57 1728
 ... : 74 42 42 49 75 56 69 79 81 154 250 466 1050 2540 4945 5448 3565 1901 702 433 412 299 271 264 237 154 102 74 74 84 77 84 552 426 82 44 60 57 1730
 ... : 74 42 42 49 75 56 69 79 81 154 250 466 1051 2552 5005 5490 3575 1901 702 433 412 299 271 264 237 154 102 75 74 84 77 84 552 426 82 44 60 57 1730
 ... : 74 42 42 49 75 56 69 79 81 154 250 466 1051 2554 5054 5546 3580 1904 704 433 412 299 271 264 237 154 102 75 74 84 77 84 552 426 82 44 60 57 1731
 ... : 74 42 42 49 75 56 69 79 81 154 250 466 1051 2560 5089 5595 3588 1906 704 434 412 299 271 264 237 154 102 75 74 84 77 84 552 426 82 44 60 57 1731
 ... : 74 42 42 49 75 56 69 79 81 154 250 466 1051 2560 5117 5646 3595 1911 705 434 412 299 271 264 237 154 102 75 74 84 77 84 552 426 82 44 60 57 1731
 ... : 74 42 42 49 75 56 69 79 81 154 250 466 1051 2560 5122 5686 3615 1914 705 434 412 299 271 264 237 154 102 75 74 84 77 84 552 426 82 44 60 57 1732
 ... : 74 42 42 49 75 56 69 79 81 154 250 466 1051 2562 5138 5741 3661 1915 710 434 412 299 271 264 237 154 102 75 74 84 77 84 553 426 82 44 60 57 1732
 ... : 74 42 42 49 75 56 69 79 81 154 250 466 1051 2564 5154 5791 3697 1922 711 434 412 299 271 264 237 154 102 75 74 84 77 84 553 426 82 44 60 57 1732
 ... : 74 42 42 49 75 56 69 79 81 154 250 466 1051 2565 5172 5843 3734 1936 711 434 412 299 271 264 237 154 102 75 74 84 77 84 553 426 82 44 60 57 1733
 ... : 74 42 42 49 75 56 69 79 81 154 250 466 1051 2567 5190 5882 3775 1950 712 434 412 299 271 264 237 154 102 75 74 84 77 84 553 426 82 44 60 57 1733
 ... : 74 42 42 49 75 56 69 79 81 154 250 466 1051 2569 5224 5921 3806 1955 714 434 412 299 271 264 237 154 102 75 74 84 77 84 553 426 82 44 60 57 1733
 ... : 74 42 42 49 75 56 69 79 81 154 251 469 1059 2571 5238 5949 3840 1967 718 434 412 299 271 264 237 154 102 75 74 84 77 84 553 426 82 44 60 57 1733
 ... : 74 42 42 49 75 56 69 79 81 154 251 470 1076 2624 5273 5960 3841 1973 720 434 412 299 271 264 237 154 102 75 74 84 77 84 553 426 82 44 60 57 1733
 ... : 74 42 42 49 75 56 69 79 81 154 251 470 1078 2634 5327 6001 3851 1977 720 434 412 299 271 264 237 154 102 75 74 84 77 84 553 426 82 44 60 57 1733
 ... : 74 42 42 49 75 56 69 79 81 154 251 470 1078 2643 5374 6042 3859 1981 720 434 412 299 271 264 237 155 102 75 74 84 77 84 553 426 82 44 60 57 1733
 ... : 74 42 42 49 75 56 69 79 81 154 251 470 1078 2655 5427 6082 3870 1985 721 434 412 299 271 264 237 155 102 75 74 84 77 84 553 426 82 44 60 57 1733
 ... : 74 42 42 49 75 56 69 79 81 154 251 471 1093 2685 5475 6090 3873 1986 721 434 412 299 271 264 237 155 102 75 74 84 77 84 553 426 82 44 60 57 1733
 ... : 74 42 42 49 75 56 69 79 81 154 251 471 1093 2691 5521 6140 3881 1989 723 434 412 299 271 264 237 155 102 75 74 84 77 84 553 426 82 44 60 57 1733
 ... : 74 42 42 49 75 56 69 79 81 154 251 471 1093 2697 5577 6187 3883 1996 724 434 412 299 271 264 237 155 102 75 74 84 77 84 554 426 82 44 60 57 1733
 ... : 74 42 42 49 75 56 69 79 81 154 251 471 1092 2699 5619 6244 3890 2003 725 434 412 299 271 264 237 155 102 75 74 84 77 84 554 426 82 44 60 57 1733
 ... : 74 42 42 49 75 56 69 79 81 154 251 471 1092 2708 5660 6283 3899 2013 726 434 412 299 271 264 237 155 102 75 74 84 77 84 554 426 82 44 60 57 1734
 ... : 74 42 42 49 75 56 69 79 81 154 251 471 1097 2724 5702 6317 3902 2021 726 434 412 299 271 264 237 155 102 75 74 84 77 84 554 426 82 44 60 57 1737
 ... : 74 42 42 49 75 56 69 79 81 154 251 471 1097 2730 5757 6364 3912 2024 726 434 412 299 271 264 237 155 102 75 74 84 78 84 554 426 82 44 60 57 1738
 ... : 74 42 42 49 75 56 69 79 81 154 251 471 1097 2730 5785 6422 3937 2032 727 434 412 299 271 264 237 155 102 75 74 84 78 84 554 426 82 44 60 57 1738
 ... : 74 42 42 49 75 56 69 79 81 154 251 471 1097 2731 5797 6463 3980 2038 730 437 412 299 271 264 237 155 102 75 74 84 78 84 554 427 84 44 60 57 1738
 ... : 74 42 42 49 75 56 69 79 81 154 251 471 1097 2733 5811 6513 4022 2047 731 437 412 299 271 264 237 155 102 75 74 84 78 84 554 428 84 44 60 57 1738
 ... : 74 42 42 49 75 56 69 79 81 154 251 471 1097 2733 5816 6558 4064 2057 733 437 412 299 271 264 237 155 102 75 74 84 78 84 556 428 84 44 60 57 1739
 ... : 74 42 42 49 75 56 69 79 81 154 251 471 1097 2733 5817 6607 4114 2069 734 437 412 299 271 264 237 155 102 75 74 84 78 84 556 428 84 44 60 57 1741
 ... : 74 42 42 49 75 56 69 79 81 154 251 471 1097 2733 5826 6645 4162 2076 737 437 412 299 271 264 237 155 102 75 74 84 78 84 557 429 84 44 60 57 1741
 ... : 74 42 42 49 75 56 69 79 81 154 251 471 1097 2737 5835 6699 4191 2086 747 437 412 299 271 264 237 155 102 75 74 84 78 84 557 429 84 44 60 57 1742
 ... : 74 42 42 49 75 56 69 79 81 154 251 471 1097 2738 5846 6741 4232 2098 749 437 412 299 271 264 237 155 102 75 74 84 78 84 557 429 84 44 60 57 1743
 ... : 74 42 42 49 75 56 69 79 81 154 251 471 1097 2741 5857 6793 4280 2101 749 437 412 299 271 264 237 155 102 75 74 84 78 84 557 429 84 44 60 57 1744
 ... : 74 42 42 49 75 56 69 79 81 154 251 471 1097 2746 5873 6831 4316 2111 750 437 412 299 271 264 237 155 102 75 74 84 78 84 557 429 84 44 60 57 1744
 ... : 74 42 42 49 75 56 69 79 81 154 251 471 1097 2746 5882 6882 4356 2119 753 437 412 299 271 264 237 155 102 75 74 84 78 84 557 429 84 44 60 57 1744
 ... : 74 42 42 49 75 56 69 79 81 154 251 471 1097 2748 5898 6919 4391 2136 754 437 412 299 271 264 237 155 102 75 74 84 78 84 557 429 84 44 60 57 1744
 ... : 74 42 42 49 75 56 69 79 81 154 251 471 1097 2750 5917 6964 4423 2147 759 437 412 299 271 264 237 155 102 75 74 84 78 84 557 429 84 44 60 57 1745
 ... : 74 42 42 49 75 56 69 79 81 154 251 471 1097 2753 5932 6994 4456 2165 760 437 412 299 271 264 237 155 102 75 74 84 78 84 558 429 86 44 60 57 1745
 ... : 74 42 42 49 75 56 69 79 81 154 251 471 1097 2753 5943 7018 4493 2182 762 439 412 299 271 264 237 155 102 75 74 84 78 84 558 429 86 44 60 57 1748
 ... : 74 42 42 49 75 56 69 79 81 154 251 471 1097 2753 5943 7024 4527 2202 765 439 412 299 271 264 237 155 102 75 74 84 78 84 558 429 86 44 60 57 1748
 ... : 74 42 42 49 75 56 69 79 81 154 251 471 1097 2755 5949 7063 4564 2213 773 439 412 299 271 264 237 155 102 75 74 84 78 84 558 430 90 44 60 57 1748
 ... : 74 42 42 49 75 56 69 79 81 154 251 471 1097 2755 5949 7062 4578 2221 777 439 412 299 271 264 237 155 102 75 74 84 78 84 559 430 90 44 60 57 1748
 ... : 74 42 42 49 75 56 69 79 81 154 251 471 1097 2755 5950 7084 4623 2231 777 439 412 299 271 264 237 155 102 75 74 84 78 84 559 430 90 44 60 57 1750
 ... : 74 42 42 49 75 56 69 79 81 154 251 471 1097 2756 5954 7127 4680 2235 778 439 412 299 271 264 237 155 102 75 74 84 78 84 561 431 90 44 60 57 1750
 ... : 74 42 42 49 75 56 69 79 81 154 251 471 1097 2756 5959 7161 4726 2239 778 439 412 299 271 264 237 155 102 75 74 84 78 84 561 433 90 44 60 57 1755
 ... : 74 42 42 49 75 56 69 79 81 154 251 471 1097 2756 5961 7191 4776 2255 779 439 412 299 271 264 237 155 102 75 74 84 78 84 561 433 90 44 60 57 1755
 ... : 74 42 42 49 75 56 69 79 81 154 251 471 1097 2756 5958 7207 4832 2266 782 439 412 299 271 264 237 155 102 75 74 84 78 84 565 437 90 44 60 57 1755
 ... : 74 42 42 49 75 56 69 79 81 154 251 471 1097 2757 5966 7239 4874 2275 782 439 412 299 271 264 237 155 102 75 74 84 78 84 565 442 90 44 60 57 1758
 ... : 74 42 42 49 75 56 69 79 81 154 251 471 1098 2763 5973 7248 4907 2281 791 439 412 299 271 264 237 155 102 75 74 84 78 84 565 442 90 44 60 57 1760
 ... : 74 42 42 49 75 56 69 79 81 154 251 471 1100 2776 5995 7263 4928 2287 798 439 412 299 271 264 237 155 102 75 74 84 78 84 565 442 90 44 60 57 1760
 ... : 74 42 42 49 75 56 69 79 81 154 251 471 1104 2797 6034 7298 4930 2289 799 440 412 299 271 264 237 155 102 75 74 84 78 84 571 442 90 44 60 57 1762
 ... : 74 42 42 49 75 56 69 79 81 154 251 471 1104 2798 6039 7317 4952 2297 801 441 412 299 271 264 237 155 102 75 74 84 78 84 573 444 90 44 60 57 1763
 ... : 74 42 42 49 75 56 69 79 81 154 251 471 1104 2801 6055 7338 4991 2303 802 441 412 299 271 264 237 155 102 75 74 84 78 84 573 444 90 44 60 57 1764
 ... : 74 42 42 49 75 56 69 79 81 154 251 471 1104 2802 6065 7382 5033 2310 806 441 412 299 271 264 237 155 102 75 74 84 78 84 574 445 90 44 60 57 1765
 ... : 74 42 42 49 75 56 69 79 81 154 251 471 1104 2802 6080 7416 5080 2315 807 441 412 299 271 264 237 155 102 75 74 84 78 84 577 445 90 44 60 57 1765
 ... : 74 42 42 49 75 56 69 79 81 154 251 471 1104 2808 6117 7460 5093 2320 811 443 412 299 271 264 237 155 102 75 74 84 78 84 577 445 90 44 60 57 1766
 ... : 74 42 42 49 75 56 69 79 81 154 251 471 1104 2810 6125 7494 5135 2328 818 443 412 299 271 264 237 155 102 75 74 84 78 84 577 445 90 44 60 57 1767
 ... : 74 42 42 49 75 56 69 79 81 154 251 471 1104 2811 6156 7534 5166 2334 819 444 412 299 271 264 237 155 102 75 74 84 78 84 578 446 90 44 60 57 1767
 ... : 74 42 42 49 75 56 69 79 81 154 251 471 1104 2810 6167 7545 5193 2338 823 445 412 299 271 264 237 155 102 75 74 84 78 84 578 450 90 44 60 57 1767
 ... : 74 42 42 49 75 56 69 79 81 154 251 471 1104 2810 6167 7545 5226 2342 823 445 412 299 271 264 237 155 102 75 74 84 78 84 578 450 90 44 60 57 1767
 ... : 74 42 42 49 75 56 69 79 81 154 251 471 1104 2810 6167 7545 5237 2347 824 445 412 299 271 264 237 155 102 75 74 84 78 84 578 450 90 44 60 57 1767
 ... : 74 42 42 49 75 56 69 79 81 154 251 471 1104 2810 6168 7550 5263 2355 827 445 412 299 271 264 237 155 102 75 74 84 78 84 579 451 90 44 60 57 1771
 ... : 74 42 42 49 75 56 69 79 81 154 251 471 1104 2811 6172 7569 5294 2361 834 445 412 299 271 264 237 155 102 75 74 84 78 84 579 452 90 44 60 57 1771
 ... : 74 42 42 49 75 56 69 79 81 154 251 471 1105 2818 6204 7611 5316 2361 834 445 412 299 271 264 237 155 102 75 74 84 78 84 579 452 90 44 60 57 1771
 ... : 74 42 42 49 75 56 69 79 81 154 251 471 1105 2818 6209 7635 5361 2369 838 445 412 299 271 264 237 155 102 75 74 84 78 84 579 453 90 44 60 57 1772
 ... : 74 42 42 49 75 56 69 79 81 154 251 471 1105 2817 6211 7645 5388 2378 848 448 412 299 271 264 237 155 102 75 74 84 78 84 579 453 90 44 60 57 1772
 ... : 74 42 42 49 75 56 69 79 81 154 251 471 1105 2817 6208 7652 5417 2390 851 449 412 299 271 264 237 155 102 75 74 84 78 84 579 453 90 44 60 57 1772
 ... : 74 42 42 49 75 56 69 79 81 154 251 471 1105 2817 6208 7651 5450 2395 857 449 412 299 271 264 237 155 102 75 74 84 78 84 579 454 90 44 60 57 1772
 ... : 74 42 42 49 75 56 69 79 81 154 251 471 1105 2817 6208 7646 5463 2395 858 449 412 299 271 264 237 155 102 75 74 84 78 84 580 455 90 44 60 57 1772
 ... : 74 42 42 49 75 56 69 79 81 154 251 471 1105 2817 6208 7645 5477 2424 871 450 412 299 271 264 237 155 102 75 74 84 78 86 580 458 90 44 60 57 1773
 ... : 74 42 42 49 75 56 69 79 81 154 251 471 1105 2817 6208 7646 5498 2462 888 456 412 299 271 264 237 155 102 75 74 84 78 87 580 463 90 44 60 57 1775
 ... : 74 42 42 49 75 56 69 79 81 154 251 471 1105 2817 6208 7653 5531 2508 895 457 412 299 271 264 237 155 102 75 74 84 78 88 580 463 90 44 60 57 1777
 ... : 74 42 42 49 75 56 69 79 81 154 251 471 1105 2817 6210 7667 5576 2551 902 461 412 299 271 264 237 155 102 75 74 84 78 88 580 463 90 44 60 57 1779
 ... : 74 42 42 49 75 56 69 79 81 154 251 471 1105 2817 6210 7669 5600 2611 914 461 412 299 271 264 237 155 102 75 74 84 78 88 581 463 90 44 60 58 1779
 ... : 74 42 42 49 75 56 69 79 81 154 251 471 1105 2817 6215 7686 5619 2644 928 461 412 299 271 264 237 155 102 75 74 84 78 90 584 467 90 44 60 58 1779
 ... : 74 42 42 49 75 56 69 79 81 154 251 471 1105 2816 6214 7685 5641 2704 931 463 412 299 271 264 237 155 102 75 74 84 78 90 584 471 90 44 60 58 1780
 ... : 74 42 42 49 75 56 69 79 81 154 251 471 1105 2815 6212 7681 5655 2777 940 465 412 299 271 264 237 155 102 75 74 84 78 90 585 477 90 44 60 58 1781
 ... : 74 42 42 49 75 56 69 79 81 154 251 471 1105 2815 6219 7687 5689 2820 947 466 412 299 271 264 237 155 102 75 74 84 78 90 586 479 90 44 60 58 1781
 ... : 74 42 42 49 75 56 69 79 81 154 251 471 1105 2815 6219 7696 5730 2857 955 471 412 299 271 264 237 155 102 75 74 84 78 90 587 482 90 44 60 58 1783
 ... : 74 42 42 49 75 56 69 79 81 154 251 471 1105 2815 6219 7703 5766 2897 979 472 412 299 271 264 237 155 102 75 74 84 78 90 587 482 90 44 60 58 1786
 ... : 74 42 42 49 75 56 69 79 81 154 251 471 1105 2815 6219 7703 5788 2942 989 472 412 299 271 264 237 155 102 75 74 84 78 90 588 484 90 44 60 58 1789
 ... : 74 42 42 49 75 56 69 79 81 154 251 471 1105 2815 6219 7706 5819 2998 993 472 413 299 271 264 237 155 102 75 74 84 78 90 590 486 90 44 60 58 1790
 ... : 74 42 42 49 75 56 69 79 81 154 251 471 1105 2815 6218 7707 5822 3025 1004 481 414 299 271 264 237 155 102 75 74 84 78 90 594 490 90 44 60 58 1792
 ... : 74 42 42 49 75 56 69 79 81 154 251 471 1105 2815 6218 7713 5854 3073 1016 481 414 299 271 264 237 155 102 75 74 84 78 90 596 493 90 44 60 58 1792
 ... : 74 42 42 49 75 56 69 79 81 154 251 471 1105 2815 6222 7722 5897 3109 1027 481 414 299 271 264 237 155 102 75 74 84 78 90 598 494 90 44 60 58 1792
 ... : 74 42 42 49 75 56 69 79 81 154 251 471 1105 2815 6222 7723 5900 3156 1042 481 414 299 271 264 237 155 102 75 74 84 78 90 599 496 90 44 60 58 1792
 ... : 74 42 42 49 75 56 69 79 81 154 251 471 1105 2815 6224 7725 5911 3195 1046 481 414 299 271 264 237 155 102 75 74 84 78 90 601 496 90 44 60 58 1793
 ... : 74 42 42 49 75 56 69 79 81 154 251 471 1105 2815 6224 7741 5937 3236 1057 484 414 299 271 264 237 155 102 75 74 84 78 90 601 496 90 44 60 58 1793
 ... : 74 42 42 49 75 56 69 79 81 154 251 471 1105 2815 6224 7762 5969 3271 1069 486 414 299 271 264 237 155 102 75 74 84 78 90 601 496 90 44 60 58 1793
 ... : 74 42 42 49 75 56 69 79 81 154 251 471 1105 2815 6224 7771 5984 3323 1082 486 414 299 271 264 237 155 102 75 74 84 78 90 601 496 92 44 60 58 1794
 ... : 74 42 42 49 75 56 69 79 81 154 251 471 1105 2815 6223 7778 6010 3366 1094 486 414 299 271 264 237 155 102 75 74 84 78 90 601 496 93 44 60 58 1794
 ... : 74 42 42 49 75 56 69 79 81 154 251 471 1106 2819 6236 7791 6035 3402 1101 487 414 299 271 264 237 155 102 75 74 84 78 90 601 496 93 44 60 58 1794
 ... : 74 42 42 49 75 56 69 79 81 154 251 471 1106 2819 6236 7794 6033 3450 1115 489 414 299 271 264 237 155 102 75 74 84 78 90 601 497 93 44 60 58 1794
 ... : 74 42 42 49 75 56 69 79 81 154 251 471 1106 2819 6236 7788 6038 3479 1130 489 414 299 271 264 237 155 102 75 74 84 78 90 601 497 93 44 60 58 1794
 ... : 74 42 42 49 75 56 69 79 81 154 251 471 1106 2819 6237 7795 6059 3514 1136 490 414 299 271 264 237 155 102 75 74 84 78 90 601 497 93 44 60 58 1794
 ... : 74 42 42 49 75 56 69 79 81 154 251 471 1106 2819 6237 7796 6068 3544 1146 491 414 299 271 264 237 155 102 75 74 84 78 90 601 497 93 44 60 58 1794
 ... : 74 42 42 49 75 56 69 79 81 154 251 471 1106 2819 6237 7796 6066 3557 1156 491 414 299 271 264 237 155 102 75 74 84 78 90 601 499 93 44 60 58 1794
 ... : 74 42 42 49 75 56 69 79 81 154 251 471 1106 2819 6238 7807 6084 3587 1158 491 414 299 271 264 237 155 102 75 74 84 78 90 601 499 93 44 60 58 1796
 ... : 74 42 42 49 75 56 69 79 81 154 251 471 1106 2819 6240 7823 6104 3607 1185 494 414 299 271 264 237 155 102 75 74 84 78 90 601 499 94 44 60 58 1799
 ... : 74 42 42 49 75 56 69 79 81 154 251 471 1106 2820 6246 7846 6133 3628 1209 496 414 299 271 264 237 155 102 75 74 84 78 90 601 499 94 44 60 58 1799
 ... : 74 42 42 49 75 56 69 79 81 154 251 471 1106 2820 6251 7865 6163 3655 1230 500 414 299 271 264 237 155 102 75 74 84 78 90 601 499 94 44 60 58 1799
 ... : 74 42 42 49 75 56 69 79 81 154 251 471 1106 2820 6253 7889 6191 3683 1235 505 414 299 271 264 237 155 102 75 74 84 78 90 601 499 94 44 60 58 1801
 ... : 74 42 42 49 75 56 69 79 81 154 251 471 1106 2820 6252 7895 6217 3719 1255 506 414 299 271 264 237 155 102 75 74 84 78 90 601 500 94 44 60 58 1801
 ... : 74 42 42 49 75 56 69 79 81 154 251 471 1106 2820 6253 7901 6242 3753 1263 512 414 299 271 264 237 155 102 75 74 84 78 90 601 500 94 44 60 58 1801
 ... : 74 42 42 49 75 56 69 79 81 154 251 471 1106 2820 6257 7913 6256 3779 1276 518 414 299 271 264 237 155 102 75 74 84 78 90 601 500 94 44 60 58 1801
 ... : 74 42 42 49 75 56 69 79 81 154 251 471 1106 2820 6263 7942 6283 3795 1293 523 416 299 271 264 237 155 102 75 74 84 78 90 601 500 94 45 60 58 1801
 ... : 74 42 42 49 75 56 69 79 81 154 251 471 1106 2821 6268 7972 6310 3820 1304 524 416 299 271 264 237 155 102 75 74 84 78 90 601 500 94 45 60 58 1802
 ... : 74 42 42 49 75 56 69 79 81 154 251 471 1106 2821 6271 7995 6347 3852 1315 528 417 299 271 264 237 155 102 75 74 84 78 90 601 500 94 45 60 58 1802
 ... : 74 42 42 49 75 56 69 79 81 154 251 471 1106 2821 6271 8002 6366 3878 1328 531 417 299 271 264 237 155 102 75 74 84 78 90 601 500 94 45 60 58 1802
 ... : 74 42 42 49 75 56 69 79 81 154 251 471 1106 2821 6271 8003 6381 3925 1355 542 419 301 271 264 237 155 102 75 74 84 78 90 601 500 94 45 60 58 1806
 ... : 74 42 42 49 75 56 69 79 81 154 251 471 1106 2825 6275 8019 6408 3952 1365 550 420 302 271 264 237 155 102 75 74 84 78 90 601 500 94 45 60 58 1806
 ... : 74 42 42 49 75 56 69 79 81 154 251 471 1110 2831 6283 8033 6438 3974 1379 554 420 302 271 264 237 155 102 75 74 84 78 90 602 503 94 45 60 58 1806
 ... : 74 42 42 49 75 56 69 79 81 154 251 471 1110 2831 6283 8034 6441 4000 1430 564 420 302 271 264 237 155 102 75 74 84 78 90 604 508 94 45 60 58 1806
 ... : 74 42 42 49 75 56 69 79 81 154 251 471 1110 2831 6283 8038 6444 4011 1467 570 420 302 271 264 237 155 102 75 74 84 78 90 604 508 94 45 60 58 1811
 ... : 74 42 42 49 75 56 69 79 81 154 251 471 1110 2831 6283 8039 6455 4041 1505 578 422 302 271 264 237 155 102 75 74 84 78 90 604 508 94 45 60 58 1811
 ... : 74 42 42 49 75 56 69 79 81 154 251 471 1110 2831 6283 8039 6470 4053 1534 596 425 302 271 264 237 155 102 75 74 84 78 90 604 508 94 45 60 58 1813
 ... : 74 42 42 49 75 56 69 79 81 154 251 471 1110 2831 6283 8039 6470 4066 1581 608 426 302 271 264 237 155 102 75 74 84 78 90 604 508 94 45 60 58 1815
 ... : 74 42 42 49 75 56 69 79 81 154 251 471 1110 2831 6283 8039 6479 4082 1629 611 427 302 271 264 237 155 102 75 74 84 78 90 604 508 94 45 60 58 1822
 ... : 74 42 42 49 75 56 69 79 81 154 251 471 1110 2831 6283 8041 6480 4098 1661 614 427 302 271 264 237 155 102 75 74 84 78 90 604 508 94 45 60 58 1823
 ... : 74 42 42 49 75 56 69 79 81 154 251 471 1110 2830 6282 8038 6476 4119 1722 620 429 302 271 264 237 155 102 75 74 84 78 91 606 508 95 45 60 58 1823
 ... : 74 42 42 49 75 56 69 79 81 154 251 471 1110 2830 6282 8039 6484 4145 1772 621 429 302 271 264 237 155 102 75 74 84 78 91 606 508 95 46 60 58 1823
 ... : 74 42 42 49 75 56 69 79 81 154 251 471 1110 2830 6282 8037 6486 4168 1829 623 431 302 271 264 237 155 102 75 74 84 78 91 606 509 95 46 60 59 1823
 ... : 74 42 42 49 75 56 69 79 81 154 251 471 1110 2828 6278 8035 6484 4178 1885 632 432 302 271 264 237 155 102 75 74 84 78 92 607 516 95 46 60 60 1824
 ... : 74 42 42 49 75 56 69 79 81 154 251 471 1110 2828 6278 8035 6485 4205 1929 638 432 302 271 264 237 155 102 75 74 84 78 93 608 519 96 46 60 60 1826
 ... : 74 42 42 49 75 56 69 79 81 154 253 479 1121 2828 6277 8035 6489 4217 1964 643 433 302 271 264 237 155 102 75 74 84 78 94 611 523 96 46 60 60 1829
 ... : 74 42 42 49 75 56 69 79 81 154 258 501 1169 2884 6279 8035 6489 4218 1964 643 433 302 271 264 237 155 102 75 74 84 78 94 611 523 96 46 60 60 1829
 ... : 74 42 42 49 75 56 69 79 81 154 258 501 1174 2909 6321 8052 6498 4229 1964 644 433 302 271 264 237 155 102 75 74 84 78 94 611 523 96 46 60 60 1829
 ... : 74 42 42 49 75 56 69 79 81 154 258 501 1174 2915 6367 8098 6508 4235 1966 645 433 302 271 264 237 155 102 75 74 84 78 94 611 523 96 46 60 60 1830
 ... : 74 42 42 49 75 56 69 79 81 154 258 501 1175 2919 6415 8150 6515 4243 1967 645 433 302 271 264 237 155 102 75 74 84 78 94 611 523 96 46 60 60 1830
 ... : 74 42 42 49 75 56 69 79 81 154 258 504 1183 2936 6466 8188 6516 4247 1967 645 433 302 271 264 237 155 102 75 74 84 78 94 611 523 96 46 60 60 1830
 ... : 74 42 42 49 75 56 69 79 81 154 258 504 1183 2937 6518 8250 6520 4247 1968 645 433 302 271 264 237 155 102 75 74 84 78 94 612 523 96 46 60 60 1830
 ... : 74 42 42 49 75 56 69 79 81 154 258 504 1183 2940 6560 8306 6539 4247 1969 647 433 302 271 264 237 155 102 75 74 84 78 94 612 523 96 46 60 60 1832
 ... : 74 42 42 49 75 56 69 79 81 154 258 504 1183 2940 6570 8345 6589 4252 1972 649 433 302 271 264 237 155 102 75 74 84 78 94 612 524 96 46 60 60 1833
 ... : 74 42 42 49 75 56 69 79 81 154 258 504 1183 2940 6590 8397 6624 4261 1976 649 433 302 271 264 237 155 102 75 74 84 78 94 612 524 96 46 60 60 1833
 ... : 74 42 42 49 75 56 69 79 81 154 258 504 1183 2942 6600 8448 6662 4274 1976 650 433 302 271 264 237 155 102 75 74 84 78 94 612 528 96 46 60 60 1833
 ... : 74 42 42 49 75 56 69 79 81 154 258 504 1183 2942 6617 8494 6707 4279 1978 650 433 302 271 264 237 155 102 75 74 84 78 94 612 528 96 46 60 60 1833
 ... : 74 42 42 49 75 56 69 79 81 154 258 504 1183 2942 6626 8524 6751 4291 1979 650 433 302 271 264 237 155 102 75 74 84 78 94 615 529 96 46 60 60 1833
 ... : 74 42 42 49 75 56 69 79 81 154 258 504 1183 2942 6628 8550 6796 4308 1980 650 433 302 271 264 237 155 102 75 74 84 78 94 615 529 96 46 60 60 1833
 ... : 74 42 42 49 75 56 69 79 81 154 258 505 1183 2953 6646 8571 6813 4315 1980 650 433 302 271 264 237 155 102 75 74 84 78 94 617 529 96 46 60 60 1833
 ... : 74 42 42 49 75 56 69 79 81 154 258 505 1183 2952 6646 8614 6867 4325 1980 652 433 302 271 264 237 155 102 75 74 84 78 94 617 529 96 46 60 60 1833
 ... : 74 42 42 49 75 56 69 79 81 154 258 505 1186 2960 6683 8649 6888 4328 1983 653 433 302 271 264 237 155 102 75 74 84 78 94 617 529 96 46 60 60 1834
 ... : 74 42 42 49 75 56 69 79 81 154 258 505 1186 2972 6732 8683 6898 4331 1991 658 433 302 271 264 237 155 102 75 74 84 78 94 617 529 96 46 60 60 1834
 ... : 74 42 42 49 75 56 69 79 81 154 258 505 1186 2972 6745 8710 6921 4340 1995 659 433 302 271 264 237 155 102 75 74 84 78 94 617 529 96 46 60 60 1834
 ... : 74 42 42 49 75 56 69 79 81 154 258 505 1186 2972 6748 8760 6980 4343 1995 659 433 302 271 264 237 155 102 75 74 84 78 94 617 529 96 46 60 60 1835
 ... : 74 42 42 49 75 56 69 79 81 154 258 505 1186 2972 6748 8801 7037 4345 2000 659 433 302 271 264 237 155 102 75 74 84 78 94 619 529 96 46 60 60 1835
 ... : 74 42 42 49 75 56 69 79 81 154 258 505 1186 2972 6750 8828 7102 4355 2002 659 433 302 271 264 237 155 102 75 74 84 78 94 620 530 96 46 60 60 1835
 ... : 74 42 42 49 75 56 69 79 81 154 258 506 1188 2975 6754 8840 7141 4365 2006 660 433 302 271 264 237 155 102 75 74 84 78 94 623 532 96 46 60 60 1835
 ... : 74 42 42 49 75 56 69 79 81 154 259 513 1210 3004 6794 8853 7145 4368 2006 662 433 302 271 264 237 155 102 75 74 84 78 94 623 532 96 46 60 60 1836
 ... : 74 42 42 49 75 56 69 79 81 154 259 513 1211 3009 6818 8899 7165 4377 2009 665 433 302 271 264 237 155 102 75 74 84 78 94 623 532 96 46 60 60 1836
 ... : 74 42 42 49 75 56 69 79 81 154 259 513 1211 3013 6834 8954 7206 4379 2010 665 433 302 271 264 237 155 102 75 74 84 78 94 623 532 96 46 60 60 1837
 ... : 74 42 42 49 75 56 69 79 81 154 259 514 1212 3019 6846 8989 7248 4388 2013 666 433 302 271 264 237 155 102 75 74 84 78 94 623 532 96 46 60 60 1838
 ... : 74 42 42 49 75 56 69 79 81 154 259 514 1212 3026 6870 9028 7283 4397 2013 666 433 302 271 264 237 155 102 75 74 84 78 94 623 532 96 46 60 60 1838
 ... : 74 42 42 49 75 56 69 79 81 154 259 514 1212 3026 6875 9071 7343 4405 2013 666 433 302 271 264 237 155 102 75 74 84 78 94 623 532 96 46 60 60 1839
 ... : 74 42 42 49 75 56 69 79 81 154 259 514 1212 3026 6893 9124 7392 4406 2013 668 433 302 271 264 237 155 102 75 74 84 78 94 624 532 96 46 60 60 1839
 ... : 74 42 42 49 75 56 69 79 81 154 259 514 1212 3030 6915 9166 7420 4415 2017 670 433 302 271 264 237 155 102 75 74 84 78 94 624 532 96 46 60 60 1840
 ... : 74 42 42 49 75 56 69 79 81 154 259 514 1212 3033 6932 9193 7458 4422 2018 671 433 302 271 264 237 155 102 75 74 84 78 95 625 534 96 46 60 60 1841
 ... : 74 42 42 49 75 56 69 79 81 154 259 514 1212 3033 6939 9223 7505 4442 2021 672 433 302 271 264 237 155 102 75 74 84 78 95 627 534 96 46 60 60 1841
 ... : 74 42 42 49 75 56 69 79 81 154 259 514 1212 3033 6940 9227 7533 4489 2030 674 435 303 271 264 237 155 102 75 74 84 78 95 630 536 97 46 60 60 1842
 ... : 74 42 42 49 75 56 69 79 81 154 259 514 1212 3033 6940 9229 7576 4540 2035 676 436 304 271 264 237 155 102 75 74 84 78 96 634 536 97 46 60 60 1843
 ... : 74 42 42 49 75 56 69 79 81 154 259 514 1212 3033 6939 9232 7590 4577 2043 676 436 306 271 264 237 155 102 75 74 84 78 96 634 539 97 46 60 60 1843
 ... : 74 42 42 49 75 56 69 79 81 154 259 514 1212 3033 6951 9275 7636 4582 2046 677 436 306 271 264 237 155 102 75 74 84 78 96 634 539 97 46 60 60 1843
 ... : 74 42 42 49 75 56 69 79 81 154 259 514 1212 3033 6951 9279 7682 4636 2050 678 436 307 271 264 237 155 102 75 74 84 78 96 634 539 97 46 60 60 1843
 ... : 74 42 42 49 75 56 69 79 81 154 259 514 1212 3033 6951 9279 7726 4701 2057 679 436 307 271 264 237 155 102 75 74 84 78 96 634 539 97 46 60 60 1844
 ... : 74 42 42 49 75 56 69 79 81 154 259 514 1212 3037 6962 9307 7774 4722 2057 679 436 307 271 264 237 155 102 75 74 84 78 96 634 539 97 46 60 60 1844
 ... : 74 42 42 49 75 56 69 79 81 154 259 514 1213 3039 6964 9310 7814 4773 2061 681 437 307 271 264 237 155 102 75 74 84 78 97 635 540 97 46 60 60 1844
 ... : 74 42 42 49 75 56 69 79 81 154 259 514 1214 3040 6972 9329 7851 4808 2065 681 437 307 271 264 237 155 102 75 74 84 78 97 635 540 97 46 60 60 1844
 ... : 74 42 42 49 75 56 69 79 81 154 259 514 1214 3040 6974 9346 7882 4835 2072 682 437 307 271 264 237 155 102 75 74 84 78 97 635 540 97 46 60 60 1846
 ... : 74 42 42 49 75 56 69 79 81 154 259 514 1214 3040 6981 9371 7926 4868 2076 685 438 307 271 264 237 155 102 75 74 84 78 97 635 540 97 46 60 60 1846
 ... : 74 42 42 49 75 56 69 79 81 154 259 514 1214 3040 6981 9373 7959 4917 2086 687 438 307 271 264 237 155 102 75 74 84 78 97 635 540 97 46 60 60 1846
 ... : 74 42 42 49 75 56 69 79 81 154 259 514 1214 3040 6981 9381 7995 4963 2095 687 438 307 271 264 237 155 102 75 74 84 78 97 637 540 97 46 60 60 1847
 ... : 74 42 42 49 75 56 69 79 81 154 259 514 1214 3040 6981 9383 8031 5019 2102 687 438 307 271 264 237 155 102 75 74 84 78 97 637 541 97 46 60 60 1847
 ... : 74 42 42 49 75 56 69 79 81 154 259 514 1214 3040 6989 9389 8064 5045 2107 688 438 307 271 264 237 155 102 75 74 84 78 97 644 544 97 46 60 60 1848
 ... : 74 42 42 49 75 56 69 79 81 154 259 514 1214 3040 6989 9392 8097 5096 2116 689 438 307 271 264 237 155 102 75 74 84 78 97 644 544 97 46 60 60 1848
 ... : 74 42 42 49 75 56 69 79 81 154 259 514 1216 3047 6997 9406 8117 5125 2124 691 438 307 271 264 237 155 102 75 74 84 78 97 646 544 97 46 60 60 1849
 ... : 74 42 42 49 75 56 69 79 81 154 259 514 1216 3047 7004 9418 8154 5172 2127 692 438 307 271 264 237 155 102 75 74 84 78 97 646 544 98 46 60 60 1850
 ... : 74 42 42 49 75 56 69 79 81 154 259 514 1216 3047 7004 9421 8174 5233 2129 693 438 307 271 264 237 155 102 75 74 84 78 97 646 544 98 46 60 60 1850
 ... : 74 42 42 49 75 56 69 79 81 154 259 514 1216 3047 7004 9422 8184 5290 2137 695 438 307 271 264 237 155 102 75 74 84 78 97 647 545 98 46 60 60 1850
 ... : 74 42 42 49 75 56 69 79 81 154 259 514 1219 3055 7023 9444 8207 5311 2142 699 438 307 271 264 237 155 102 75 74 84 78 97 647 545 98 46 60 60 1850
 ... : 74 42 42 49 75 56 69 79 81 154 259 514 1221 3059 7027 9457 8233 5356 2147 702 438 307 271 264 237 155 102 75 74 84 78 97 647 547 98 46 60 60 1850
 ... : 74 42 42 49 75 56 69 79 81 154 259 514 1221 3059 7028 9462 8269 5423 2150 702 438 307 271 264 237 155 102 75 74 84 78 97 647 547 98 46 60 60 1850
 ... : 74 42 42 49 75 56 69 79 81 154 259 514 1221 3059 7028 9464 8281 5477 2158 705 438 307 271 264 237 155 102 75 74 84 78 97 647 549 98 46 60 60 1850
 ... : 74 42 42 49 75 56 69 79 81 154 259 514 1221 3059 7029 9482 8319 5513 2164 705 438 307 271 264 237 155 102 75 74 84 78 97 647 549 98 46 60 60 1850
 ... : 74 42 42 49 75 56 69 79 81 154 259 514 1221 3059 7030 9491 8352 5560 2172 706 438 307 271 264 237 155 102 75 74 84 78 97 647 549 98 46 60 60 1850
 ... : 74 42 42 49 75 56 69 79 81 154 259 514 1221 3059 7030 9488 8362 5608 2183 708 438 307 271 264 237 155 102 75 74 84 78 98 647 549 98 46 60 61 1850
 ... : 74 42 42 49 75 56 69 79 81 154 259 514 1221 3059 7030 9488 8365 5654 2200 711 438 307 271 264 237 155 102 75 74 84 78 98 649 550 98 46 60 61 1851
 ... : 74 42 42 49 75 56 69 79 81 154 259 514 1221 3059 7030 9487 8363 5694 2252 722 439 307 271 264 237 155 102 75 74 84 78 98 650 552 98 46 60 61 1855
 ... : 74 42 42 49 75 56 69 79 81 154 259 514 1221 3059 7030 9487 8363 5724 2308 727 439 307 271 264 237 155 102 75 74 84 78 98 650 552 98 46 60 61 1859
 ... : 74 42 42 49 75 56 69 79 81 154 259 514 1221 3059 7030 9487 8366 5766 2356 741 440 307 271 264 237 155 102 75 74 84 79 98 651 554 98 46 60 61 1860
 ... : 74 42 42 49 75 56 69 79 81 154 259 514 1221 3059 7030 9488 8369 5780 2386 746 442 308 272 264 237 155 102 75 74 84 79 98 651 554 98 46 60 61 1860
 ... : 74 42 42 49 75 56 69 79 81 154 259 514 1221 3059 7030 9489 8371 5828 2437 755 443 308 272 264 237 155 102 75 74 84 79 98 653 556 98 46 60 61 1860
 ... : 74 42 42 49 75 56 69 79 81 154 259 514 1221 3059 7030 9488 8372 5849 2478 770 448 308 273 264 237 155 102 75 74 84 79 99 655 557 98 46 60 61 1861
 ... : 74 42 42 49 75 56 69 79 81 154 259 514 1221 3059 7030 9488 8381 5874 2508 781 451 308 273 264 237 155 102 75 74 84 79 100 662 561 98 46 60 61 1865
 ... : 74 42 42 49 75 56 69 79 81 154 259 514 1221 3059 7030 9488 8386 5908 2542 789 451 308 273 264 237 155 102 75 74 84 79 100 665 562 98 46 60 61 1867
 ... : 74 42 42 49 75 56 69 79 81 154 259 514 1221 3059 7029 9487 8391 5925 2579 799 453 308 273 264 237 155 102 75 74 84 79 100 675 566 98 46 60 61 1867
 ... : 74 42 42 49 75 56 69 79 81 154 259 514 1221 3059 7028 9487 8394 5935 2628 806 453 308 273 264 237 155 102 75 74 84 79 100 682 569 98 46 60 61 1867
 ... : 74 42 42 49 75 56 69 79 81 154 259 514 1221 3059 7028 9487 8394 5967 2699 814 453 308 273 264 237 155 102 75 74 84 79 100 683 570 98 46 60 61 1867
 ... : 74 42 42 49 75 56 69 79 81 154 259 514 1221 3059 7028 9487 8399 6003 2739 828 453 308 273 264 237 155 102 75 74 84 79 100 684 572 98 46 60 61 1870
 ... : 74 42 42 49 75 56 69 79 81 154 259 514 1221 3059 7028 9486 8401 6039 2787 839 455 308 274 264 237 155 102 75 74 84 79 100 684 577 98 46 60 61 1870
 ... : 74 42 42 49 75 56 69 79 81 154 259 514 1221 3059 7028 9483 8399 6061 2859 845 456 308 275 264 237 155 102 75 74 84 79 101 686 577 98 46 60 61 1870
 ... : 74 42 42 49 75 56 69 79 81 154 259 514 1221 3059 7027 9481 8403 6089 2911 849 456 308 275 264 237 155 102 75 74 84 79 101 686 580 98 46 60 61 1871
 ... : 74 42 42 49 75 56 69 79 81 154 259 514 1221 3059 7025 9482 8407 6124 2960 857 456 308 275 264 237 155 102 75 74 84 79 102 689 581 98 46 60 61 1873
 ... : 74 42 42 49 75 56 69 79 81 154 259 514 1221 3059 7025 9480 8411 6140 2995 863 456 308 275 264 237 155 102 75 74 84 79 102 692 584 98 46 60 61 1877
 ... : 74 42 42 49 75 56 69 79 81 154 259 514 1221 3058 7023 9479 8412 6172 3057 873 457 309 275 264 237 155 102 75 74 84 79 102 692 585 98 46 60 61 1877
 ... : 74 42 42 49 75 56 69 79 81 154 259 514 1221 3058 7023 9482 8422 6213 3113 876 458 309 275 264 237 155 102 75 74 84 79 102 692 585 99 46 60 61 1877
 ... : 74 42 42 49 75 56 69 79 81 154 259 514 1221 3058 7023 9482 8423 6249 3167 880 458 309 275 264 237 155 102 75 74 84 79 102 692 585 99 46 60 61 1877
 ... : 74 42 42 49 75 56 69 79 81 154 259 514 1221 3058 7023 9482 8422 6256 3221 886 458 310 275 264 237 156 102 75 74 84 79 102 692 585 99 46 60 61 1877
 ... : 74 42 42 49 75 56 69 79 81 154 259 514 1221 3058 7023 9482 8425 6269 3265 891 458 311 275 264 237 156 102 75 74 84 79 102 694 586 99 46 60 61 1877
 ... : 74 42 42 49 75 56 69 79 81 154 259 514 1221 3058 7023 9480 8426 6283 3314 907 458 311 275 264 237 156 102 75 74 84 79 102 694 586 99 46 60 61 1878
 ... : 74 42 42 49 75 56 69 79 81 154 259 514 1221 3058 7023 9479 8425 6294 3371 919 461 311 275 264 237 156 102 75 74 84 79 102 696 586 99 46 60 61 1878
 ... : 74 42 42 49 75 56 69 79 81 154 259 514 1221 3059 7026 9482 8430 6302 3396 923 461 311 275 264 237 156 102 75 74 84 79 103 696 586 99 46 60 61 1878
 ... : 74 42 42 49 75 56 69 79 81 154 259 514 1221 3061 7045 9521 8460 6317 3396 923 461 311 275 264 237 156 102 75 74 84 79 103 696 586 99 46 60 61 1878
 ... : 74 42 42 49 75 56 69 79 81 154 259 514 1221 3066 7064 9562 8486 6328 3400 924 461 311 275 264 237 156 102 75 74 84 79 103 696 586 99 46 60 61 1879
 ... : 74 42 42 49 75 56 69 79 81 154 259 514 1221 3069 7081 9613 8518 6338 3401 924 461 311 275 264 237 156 102 75 74 84 79 103 696 586 99 46 60 61 1879
 ... : 74 42 42 49 75 56 69 79 81 154 259 514 1221 3076 7096 9643 8552 6362 3401 924 461 311 275 264 237 156 102 75 74 84 79 103 696 586 99 46 60 61 1879
 ... : 74 42 42 49 75 56 69 79 81 154 259 514 1221 3076 7096 9651 8593 6403 3412 925 461 311 275 264 237 156 102 75 74 84 79 103 696 586 99 46 60 61 1885
 ... : 74 42 42 49 75 56 69 79 81 154 259 514 1221 3076 7096 9668 8636 6428 3428 926 461 311 275 264 237 156 102 75 74 84 79 103 696 586 99 46 60 61 1890
 ... : 74 42 42 49 75 56 69 79 81 154 259 514 1221 3076 7096 9692 8662 6463 3437 929 461 311 275 264 237 156 102 75 74 84 79 103 696 586 99 46 60 61 1890
 ... : 74 42 42 49 75 56 69 79 81 154 259 514 1221 3076 7096 9711 8692 6506 3449 929 461 311 275 264 237 156 102 75 74 84 79 103 696 586 99 46 60 61 1890
 ... : 74 42 42 49 75 56 69 79 81 154 259 514 1221 3076 7108 9736 8721 6535 3454 930 461 311 275 264 237 156 102 75 74 84 79 103 696 586 99 46 60 61 1893
 ... : 74 42 42 49 75 56 69 79 81 154 259 514 1221 3077 7122 9778 8766 6541 3454 930 461 311 275 264 237 156 102 75 74 84 79 103 696 586 99 46 60 61 1895
 ... : 74 42 42 49 75 56 69 79 81 154 259 514 1221 3079 7148 9816 8796 6548 3454 930 462 311 275 264 237 156 102 75 74 84 79 103 696 586 99 46 60 61 1895
 ... : 74 42 42 49 75 56 69 79 81 154 259 514 1221 3081 7163 9859 8834 6558 3458 930 462 311 275 264 237 156 102 75 74 84 79 103 696 586 99 46 60 61 1896
 ... : 74 42 42 49 75 56 69 79 81 154 259 514 1223 3086 7183 9885 8866 6566 3458 931 462 311 275 264 237 156 102 75 74 84 79 103 696 586 99 46 60 61 1896
 ... : 74 42 42 49 75 56 69 79 81 154 259 514 1223 3087 7194 9908 8887 6581 3461 931 462 311 275 264 237 156 102 75 74 84 79 103 696 586 99 46 60 61 1898
 ... : 74 42 42 49 75 56 69 79 81 154 259 514 1223 3088 7211 9951 8929 6588 3461 932 462 311 275 264 237 156 102 75 74 84 79 103 696 586 99 46 60 61 1898
 ... : 74 42 42 49 75 56 69 79 81 154 259 514 1223 3091 7224 9982 8971 6607 3462 933 462 311 275 264 237 156 102 75 74 84 79 103 696 586 99 46 60 61 1898
 ... : 74 42 42 49 75 56 69 79 81 154 259 514 1223 3092 7229 10002 9009 6644 3467 935 462 311 275 264 237 156 102 75 74 84 79 103 696 586 99 46 60 61 1898
 ... : 74 42 42 49 75 56 69 79 81 154 259 514 1223 3093 7238 10022 9035 6674 3469 935 462 311 275 264 237 156 102 75 74 84 79 103 697 586 99 46 60 61 1898
 ... : 74 42 42 49 75 56 69 79 81 154 259 514 1223 3093 7245 10040 9066 6702 3474 935 462 311 275 264 237 156 102 75 74 84 79 103 697 586 99 46 60 61 1900
 ... : 74 42 42 49 75 56 69 79 81 154 259 514 1223 3093 7245 10042 9087 6743 3487 937 462 311 275 264 237 156 102 75 74 84 79 103 697 586 99 46 60 61 1900
 ... : 74 42 42 49 75 56 69 79 81 154 259 514 1223 3094 7253 10069 9105 6776 3496 939 462 311 275 264 237 156 102 75 74 84 79 103 697 586 99 46 60 61 1901
 ... : 74 42 42 49 75 56 69 79 81 154 259 514 1223 3094 7256 10074 9116 6806 3503 943 463 311 275 264 237 156 102 75 74 84 79 103 697 591 99 46 60 61 1903
 ... : 74 42 42 49 75 56 69 79 81 154 259 514 1223 3094 7256 10075 9128 6853 3511 945 463 311 275 264 237 156 102 75 74 84 79 103 697 592 99 46 60 61 1905
 ... : 74 42 42 49 75 56 69 79 81 154 259 514 1223 3101 7270 10088 9143 6878 3516 945 464 311 275 264 237 156 102 75 74 84 79 103 697 592 99 46 60 61 1905
 ... : 74 42 42 49 75 56 69 79 81 154 259 514 1223 3102 7276 10099 9162 6917 3522 946 465 311 275 264 237 156 102 75 74 84 79 103 697 592 99 46 60 61 1905
 ... : 74 42 42 49 75 56 69 79 81 154 259 514 1223 3102 7276 10098 9167 6950 3562 955 466 311 275 264 237 156 102 75 74 84 79 104 697 592 99 46 60 61 1906
