initialized model with 260 latches, 19 inputs and 1 properties
tsim: reached all X state
tsim: performed 11 steps
checking bound 0
checking bound 1
checking bound 2
tdecomp: unrolling 2 cycles
tsim: reached all X state
tsim: performed 9 steps
tdecomp: no improvement found, reverting original model
 ... : 200
   2 : 95 190
 ... : 96 388
   3 : 97 242 191
 ... : 98 243 386
 ... : 98 246 579
   4 : 98 249 395 284
 ... : 98 249 400 447
   5 : 98 245 377 211 328
 ... : 98 246 365 166 480
   6 : 98 227 293 112 143 385
   7 : 98 227 287 105 124 49 415
 ... : 102 229 293 105 127 54 489
 ... : 102 230 297 115 137 74 538
   8 : 102 230 295 113 137 62 59 495
 ... : 102 230 293 113 141 64 68 572
   9 : 102 230 292 111 130 52 36 33 612
 ... : 102 229 291 111 129 47 30 39 665
  10 : 102 229 288 108 129 44 13 16 89 579
  11 : 102 229 288 108 129 44 13 16 65 75 584
  12 : 102 229 288 108 129 44 13 15 45 60 40 655
  13 : 102 229 288 108 129 44 13 15 45 62 45 38 637
  14 : 102 229 288 108 129 44 13 15 39 60 30 18 25 642
 ... : 102 229 288 108 129 44 13 15 39 55 37 25 41 693
  15 : 102 229 288 108 129 44 13 15 33 47 22 25 24 30 712
  16 : 102 229 288 108 129 44 13 15 33 47 22 25 24 30 15 698
  17 : 102 229 288 108 129 44 13 15 33 47 22 25 24 30 15 10 688
  18 : 102 229 288 108 129 44 14 17 33 48 22 20 19 21 15 13 14 700
  19 : 102 229 288 108 129 44 14 17 33 48 22 16 18 18 15 12 13 6 705
  20 : 102 229 288 108 129 43 14 15 34 46 25 13 12 17 12 6 5 10 18 728
  21 : 102 229 288 108 129 43 14 15 34 46 25 13 12 17 12 6 5 10 18 14 714
  22 : 102 229 288 108 129 43 14 15 34 46 25 13 12 17 12 6 5 10 18 14 7 708
  23 : 102 229 288 108 129 43 14 15 34 46 25 13 12 17 12 6 5 10 18 10 7 16 717
  24 : 102 229 288 108 129 43 14 15 34 46 25 13 12 17 12 6 5 10 18 10 7 16 10 711
  25 : 102 229 288 108 129 43 14 15 34 46 25 13 12 17 12 6 5 10 18 10 7 15 9 23 702
  26 : 102 229 288 108 129 43 14 15 34 46 25 13 12 17 12 6 5 10 18 10 7 15 9 22 15 702
  27 : 102 229 288 108 129 43 14 15 34 46 25 13 12 17 12 6 5 10 18 10 7 15 9 22 15 7 701
 ... : 102 229 288 108 130 44 15 16 34 47 24 13 12 19 20 7 6 11 20 14 7 16 16 42 18 7 708
 ... : 102 229 288 108 130 44 15 16 32 47 23 13 12 19 24 7 6 11 19 18 8 19 23 45 24 16 720
  28 : 102 229 288 108 129 43 14 15 27 45 21 10 9 16 9 5 4 6 25 8 11 7 22 19 31 21 22 746
  29 : 102 229 288 108 129 43 14 15 27 45 21 10 9 16 9 5 4 6 25 8 11 7 22 19 31 21 21 15 733
  30 : 102 229 288 108 129 43 14 15 27 45 21 10 9 16 9 5 4 6 25 8 11 7 22 19 31 21 21 15 21 718
 ... : 102 229 288 108 129 43 14 15 27 45 19 10 9 16 9 5 4 6 25 8 11 7 22 23 35 24 32 22 27 729
 ... : 102 229 288 108 129 43 14 15 27 45 19 10 9 16 9 5 4 6 26 15 11 7 21 24 36 23 46 28 31 731
 ... : 102 229 288 110 132 43 15 17 27 45 19 10 9 16 9 5 4 6 26 12 11 7 21 24 33 32 40 27 41 742
 ... : 102 229 288 109 129 43 15 18 28 50 19 10 9 18 12 5 4 7 27 19 13 10 28 28 33 31 42 27 41 742
  31 : 102 229 288 109 129 43 15 15 26 45 19 9 9 21 10 7 4 6 26 12 11 10 20 25 7 7 12 16 16 10 843
  32 : 102 229 288 109 129 43 15 15 26 45 19 9 9 21 10 7 4 6 26 12 11 10 20 25 7 7 12 16 16 10 10 833
  33 : 102 229 288 109 129 43 15 15 26 45 19 9 9 21 10 7 4 6 26 12 11 10 20 25 7 7 12 16 16 10 10 12 821
  34 : 102 229 288 109 129 43 15 15 26 45 19 9 9 21 10 7 4 6 26 12 11 10 20 25 7 7 12 16 16 10 10 12 19 802
  35 : 102 229 288 109 129 43 15 15 26 45 19 9 9 21 10 7 4 6 26 12 11 10 20 25 7 7 12 16 16 10 10 12 19 34 768
  36 : 102 229 288 109 129 43 15 15 26 45 19 8 9 21 10 8 4 6 26 12 11 10 20 25 7 7 12 16 16 10 10 12 19 34 22 752
 ... : 102 229 288 109 129 43 15 15 26 45 19 8 9 21 12 8 9 15 29 17 15 10 22 32 8 7 12 16 16 10 10 12 19 34 26 758
  37 : 102 229 288 109 129 43 15 15 26 45 19 8 9 20 9 6 4 9 22 6 7 9 7 31 10 8 6 14 20 8 7 5 5 37 12 15 801
  38 : 102 229 288 109 129 43 15 15 26 45 19 8 9 20 9 6 4 9 22 6 7 9 7 31 9 8 6 15 20 8 7 5 5 33 9 9 8 799
  39 : 102 229 288 109 129 43 15 15 26 45 19 8 9 20 9 6 4 9 22 6 7 9 7 31 9 8 6 15 20 8 7 5 5 33 9 9 8 10 789
  40 : 102 229 288 109 129 43 15 15 26 45 19 8 9 20 9 6 4 9 22 6 7 9 7 31 9 8 6 15 20 8 7 5 5 33 9 9 7 9 6 790
  41 : 102 229 288 109 129 43 15 15 26 45 19 8 9 20 9 6 4 9 22 6 7 9 7 31 9 8 6 15 20 8 7 5 5 33 9 9 7 9 6 3 787
  42 : 102 229 288 109 129 43 15 15 26 45 19 8 9 20 9 6 4 9 22 6 7 9 7 31 9 8 6 15 20 8 7 5 5 33 9 9 7 9 6 3 16 772
  43 : 102 229 288 109 129 43 15 15 26 45 19 8 9 20 9 6 4 9 22 6 7 9 7 31 9 8 6 15 20 8 7 5 5 33 9 9 7 9 6 3 16 39 744
  44 : 102 229 288 109 129 43 15 15 26 45 19 8 9 20 9 6 4 9 22 6 7 9 7 31 9 8 6 15 20 8 7 5 5 33 9 9 7 9 6 3 16 39 80 680
  45 : 102 229 288 109 129 43 15 15 26 45 19 8 9 20 9 6 4 9 22 6 7 9 7 31 9 8 6 15 20 8 7 5 5 33 9 9 7 9 6 3 17 38 81 107 670
 ... : 102 229 288 109 129 43 15 15 26 45 19 8 9 20 9 6 4 9 22 6 7 9 7 31 9 8 6 15 20 8 7 5 5 33 9 9 7 9 6 3 17 34 70 91 730
  46 : 102 229 288 109 129 43 15 15 26 45 19 8 9 20 9 6 4 9 22 6 7 9 7 31 9 8 6 15 20 8 7 5 5 33 9 9 7 9 6 3 17 23 52 65 82 649
  47 : 102 229 288 109 129 43 15 15 26 45 19 8 9 20 9 6 4 9 22 6 7 9 7 31 9 8 6 15 20 8 7 5 5 33 9 9 7 9 6 3 17 23 52 65 82 46 620
  48 : 102 229 288 109 129 43 15 15 26 45 19 8 9 20 9 6 4 9 22 6 7 9 7 31 9 8 6 15 20 8 7 5 5 33 9 9 7 9 6 3 17 23 50 61 78 34 36 647
  49 : 102 229 288 109 129 43 15 15 26 35 25 9 10 20 9 6 4 9 22 6 7 9 7 31 9 8 6 15 20 8 7 5 5 33 9 9 7 9 6 3 17 23 50 61 77 32 45 48 640
  50 : 102 229 288 109 129 43 15 15 26 35 25 9 10 20 9 6 4 9 22 6 7 9 7 31 9 8 6 15 20 8 7 5 5 33 9 9 7 9 6 3 17 23 50 60 74 23 12 7 4 680
  51 : 102 229 288 109 129 43 15 15 26 35 25 9 10 20 9 6 4 9 22 6 7 9 7 31 9 8 6 15 20 8 7 5 5 33 9 9 7 9 6 3 17 23 50 60 74 23 12 7 4 2 678
  52 : 102 229 288 109 129 43 15 15 26 35 25 9 10 20 9 6 4 9 22 6 7 9 7 31 9 8 6 15 20 8 7 5 5 33 9 9 7 9 6 3 17 23 50 60 74 23 12 7 4 2 2 676
  53 : 102 229 288 109 129 43 15 15 26 35 25 9 10 20 9 6 4 9 22 6 7 9 7 31 9 8 6 15 20 8 7 5 5 33 9 9 7 9 6 3 17 23 50 60 74 23 12 7 4 2 2 0 676
completing final invariant with sub-IC3 call...
num_solve_calls = 228857
num_solve_sat_calls = 90439
num_solve_unsat_calls = 4097
num_solve_approx_calls = 180136
num_solve_approx_unsat_calls = 94875
num_solve_conflicts = 490080
num_solve_decisions = 9491045
num_solve_propagations = 218770594
avg_solve_conflicts = 3
avg_solve_decisions = 42
avg_solve_propagations = 956
avg_solve_unsat_decisions = 0.155
stddev_solve_unsat_decisions = 1.350
num_added_cubes = 40745
num_subsumed_cubes = 38471
num_gc_frame = 433
num_reset = 26
num_try_blocking = 134455
get_bad_cube_time = 31.552
rec_block_cube_time = 7.761
propagate_forward_time = 18.771
generalize_model_time = 3.224
generalize_and_push_time = 5.382
try_blocking_time = 24.502
reset_time = 0.405
clausify_time = 0.686
preprocess_time = 0.277
solve_time = 54.938
solve_sat_time = 36.029
solve_unsat_time = 18.909
prove_time = 58.726
memory_used_mb = 13
total_time = 58.901
Safe
