initialized model with 300 latches, 61 inputs and 1 properties
tsim: reached all X state
tsim: performed 20 steps
checking bound 0
checking bound 1
checking bound 2
tdecomp: unrolling 2 cycles
tsim: reached all X state
tsim: performed 18 steps
tdecomp: no improvement found, reverting original model
   2 : 17 40
   3 : 18 21 49
   4 : 17 16 18 92
   5 : 16 14 16 15 89
   6 : 14 16 19 14 25 102
   7 : 14 16 19 14 21 19 95
 ... : 14 16 20 17 28 36 142
 ... : 18 29 34 35 47 47 159
 ... : 19 34 38 49 72 77 161
 ... : 20 36 47 62 89 99 161
 ... : 20 36 46 63 106 128 183
 ... : 21 25 46 63 92 132 237
   8 : 12 20 43 44 43 41 95 175
 ... : 12 21 42 44 53 50 97 203
   9 : 12 21 41 40 43 39 64 54 168
 ... : 11 23 42 41 48 46 74 60 197
 ... : 11 23 33 36 42 37 69 70 221
  10 : 11 21 19 15 19 26 51 43 71 214
 ... : 11 21 20 16 21 29 55 50 87 226
  11 : 11 21 20 15 20 22 41 36 62 61 219
  12 : 11 21 20 15 20 22 40 33 57 54 56 238
  13 : 11 21 20 15 20 22 38 32 56 57 57 107 223
 ... : 11 21 20 15 20 22 38 32 57 64 66 130 259
  14 : 11 21 20 15 20 22 38 32 56 61 61 111 120 197
 ... : 11 22 18 15 20 21 29 26 49 55 55 109 130 264
 ... : 11 22 18 15 20 21 29 26 50 57 58 118 142 299
  15 : 11 22 18 15 19 19 28 19 28 40 37 79 86 156 229
 ... : 11 22 18 15 18 18 28 18 28 40 39 81 85 170 298
 ... : 11 22 18 15 19 19 29 22 29 42 41 85 91 183 334
  16 : 11 23 16 15 18 18 23 15 18 26 28 64 52 69 106 330
  17 : 11 23 16 15 18 18 23 15 18 26 28 47 55 48 57 108 336
 ... : 11 23 16 15 18 18 23 15 18 27 30 46 56 54 63 122 377
  18 : 11 23 16 15 20 18 23 15 17 20 28 35 57 32 65 77 151 294
 ... : 11 23 16 15 20 18 23 15 17 20 28 37 58 33 66 83 184 349
  19 : 11 23 16 15 20 18 23 15 17 20 28 35 47 26 61 55 160 138 307
 ... : 11 24 17 16 20 18 24 17 18 20 29 36 47 27 66 70 174 148 325
 ... : 11 24 17 16 20 18 24 17 18 20 29 36 47 27 66 70 183 183 373
 ... : 11 24 17 16 20 18 24 17 18 20 29 36 47 28 67 72 186 190 459
  20 : 11 24 17 16 20 18 24 16 17 20 29 35 47 27 66 64 140 129 216 341
 ... : 11 24 17 16 20 18 25 16 17 20 29 35 47 27 68 66 144 140 251 386
 ... : 11 23 18 15 19 18 30 19 20 24 32 38 49 28 70 68 150 153 267 404
 ... : 11 23 18 15 19 17 28 18 20 23 32 37 48 27 69 67 152 173 291 425
 ... : 11 23 18 15 19 17 28 18 20 23 32 37 48 27 69 61 142 165 295 471
 ... : 11 23 18 15 19 17 28 18 20 23 32 37 48 27 69 62 146 182 317 535
  21 : 10 22 18 16 19 17 28 18 20 23 31 37 47 27 61 40 72 94 137 258 445
  22 : 10 22 18 16 19 17 28 18 20 23 31 37 47 27 56 40 72 94 131 209 133 410
 ... : 10 22 18 16 19 17 28 18 20 23 31 37 47 27 56 40 73 97 140 217 155 464
  23 : 10 22 18 16 19 17 28 18 20 22 29 36 46 27 54 40 70 94 134 197 142 203 336
 ... : 10 22 18 16 19 17 28 18 20 22 29 36 46 27 54 40 70 92 134 196 135 204 405
 ... : 10 22 18 16 18 18 29 19 23 25 31 36 46 27 54 41 72 98 135 195 135 201 419
 ... : 10 22 18 17 18 20 35 25 32 30 37 46 54 37 60 41 72 98 135 195 135 201 421
 ... : 10 22 18 17 18 20 34 24 29 29 41 52 62 46 76 47 74 98 135 195 135 201 424
 ... : 10 22 18 17 18 20 33 22 28 28 39 47 54 36 64 51 88 118 153 204 137 201 426
 ... : 10 22 18 17 18 20 33 22 28 28 38 45 50 29 58 43 75 105 140 206 149 220 435
 ... : 10 22 18 17 18 20 33 22 27 27 37 44 50 29 58 42 72 101 140 205 144 220 473
  24 : 10 22 18 17 18 19 33 22 26 27 35 39 44 24 52 40 72 86 113 140 88 84 132 486
 ... : 10 22 18 17 18 20 32 21 25 26 34 39 46 26 57 43 78 94 129 149 94 84 136 492
 ... : 10 23 18 17 18 20 32 21 26 27 36 41 50 31 59 45 78 97 129 147 101 93 151 509
 ... : 10 23 19 17 18 20 32 21 26 27 36 41 50 31 60 46 82 101 139 157 111 98 157 511
 ... : 10 22 18 17 18 20 32 21 28 29 38 44 53 33 63 50 85 103 143 164 118 101 162 513
 ... : 10 22 18 17 18 20 32 21 28 29 40 44 53 32 64 52 87 107 150 164 122 114 164 516
 ... : 10 22 18 17 18 20 32 21 28 29 40 45 53 32 64 52 89 110 157 178 136 134 186 528
 ... : 10 22 18 17 18 20 32 21 28 29 40 45 53 32 64 52 89 110 160 187 147 153 218 547
 ... : 10 22 18 17 18 20 32 21 28 29 40 46 53 32 64 52 91 112 163 189 149 153 225 608
  25 : 9 20 16 15 18 20 32 20 24 24 31 38 44 23 65 52 85 106 151 174 140 133 178 266 412
 ... : 9 20 16 15 18 20 32 20 24 24 31 38 44 23 65 52 85 106 151 174 139 133 183 278 509
  26 : 9 20 16 15 18 20 32 20 24 24 31 38 44 23 65 52 85 106 148 173 134 119 146 191 179 455
 ... : 9 20 16 15 18 20 32 20 24 24 31 38 44 22 63 49 82 104 144 170 133 119 147 189 206 545
  27 : 9 20 16 15 18 20 32 20 24 24 31 38 44 22 62 49 81 100 145 164 133 120 135 182 164 201 454
 ... : 9 20 16 15 18 20 32 20 24 24 31 38 44 22 62 49 81 100 145 164 133 120 135 182 169 227 527
 ... : 9 20 16 15 18 20 32 20 24 24 31 38 44 22 62 49 81 100 145 164 133 120 135 182 174 249 621
  28 : 9 20 16 15 18 20 32 20 24 24 31 38 44 22 62 49 81 93 133 158 135 117 120 154 128 168 226 473
 ... : 9 20 16 15 18 20 32 20 24 24 31 38 44 22 62 49 81 93 133 158 135 117 119 153 124 168 222 476
 ... : 9 20 16 15 18 20 32 20 24 24 31 38 44 22 62 49 81 98 141 168 140 122 124 155 128 175 234 493
 ... : 9 20 16 15 18 20 32 20 24 24 31 39 44 23 63 49 84 102 151 176 156 134 129 158 129 175 235 497
 ... : 9 20 16 15 18 20 32 20 24 24 31 39 44 23 63 49 84 102 156 176 165 154 152 166 133 179 239 506
 ... : 9 20 16 15 18 20 32 20 24 24 31 39 44 23 63 49 84 102 156 176 164 155 153 178 160 206 243 508
 ... : 9 20 16 15 18 20 32 20 24 24 31 39 44 23 63 49 84 102 156 176 165 155 153 178 163 231 297 525
 ... : 9 20 16 15 18 20 32 20 24 24 31 39 44 23 63 49 84 103 157 179 166 156 151 179 164 237 304 563
 ... : 9 20 16 15 18 20 32 20 24 24 31 39 44 23 63 49 84 103 157 179 166 156 151 180 166 256 340 611
 ... : 9 20 16 15 18 20 32 20 24 24 31 39 44 23 63 49 84 103 159 182 171 169 162 188 168 261 346 648
 ... : 9 20 16 15 18 20 32 20 24 24 31 39 44 23 63 49 84 103 159 182 172 173 170 206 194 275 350 652
 ... : 9 20 16 15 18 20 32 20 24 24 31 39 44 23 63 49 84 103 159 185 175 179 174 218 215 297 359 652
 ... : 9 20 16 15 18 20 32 20 24 24 31 39 44 23 63 49 84 103 159 185 175 179 176 224 234 323 385 659
 ... : 9 20 16 15 18 20 32 20 24 24 31 39 44 23 63 49 84 103 159 185 175 178 179 226 245 344 428 671
 ... : 9 20 16 15 18 20 32 20 24 24 31 39 44 23 63 49 84 103 159 185 175 178 179 226 248 356 463 720
 ... : 9 20 16 15 18 20 32 20 24 24 31 39 44 23 63 49 88 105 162 186 177 178 179 224 247 355 473 767
 ... : 9 20 16 15 18 20 32 20 24 24 31 39 44 23 63 49 91 111 164 194 188 194 194 244 257 356 473 767
 ... : 9 20 16 15 18 20 32 20 24 24 31 39 44 23 63 49 91 113 173 206 205 216 207 256 272 359 474 767
 ... : 9 20 16 15 18 20 32 20 24 24 31 39 44 23 63 49 91 113 173 206 205 216 207 258 282 389 514 789
 ... : 9 20 16 15 18 20 32 20 24 24 31 39 44 23 63 49 91 113 173 206 205 216 207 258 285 394 542 876
  29 : 9 20 16 15 18 20 32 20 24 24 31 39 44 23 61 49 84 108 157 187 197 164 166 196 246 253 320 347 797
 ... : 9 20 16 15 18 20 32 20 24 24 31 39 44 23 61 49 84 108 157 187 197 164 166 196 258 280 358 373 800
 ... : 9 20 16 15 18 20 32 20 24 24 31 39 44 23 61 49 84 108 157 187 197 164 166 196 258 282 376 419 840
 ... : 9 20 16 15 18 20 32 20 24 24 31 39 44 23 61 49 84 108 157 187 197 164 167 198 262 292 397 455 881
 ... : 9 20 16 15 18 20 32 20 24 24 31 39 44 23 61 49 84 108 157 187 197 164 167 198 262 295 411 495 919
 ... : 9 20 16 15 18 20 32 20 24 24 31 39 44 23 61 49 84 108 157 187 197 164 167 198 262 295 423 530 958
 ... : 9 20 16 15 18 20 32 20 24 24 31 39 44 23 61 49 84 108 157 187 197 164 167 199 267 305 439 537 992
 ... : 9 20 16 15 18 20 32 20 24 24 31 39 44 23 61 49 84 108 157 187 197 164 167 199 268 303 451 561 1023
 ... : 9 20 16 15 18 20 32 20 24 24 31 39 44 23 61 49 84 108 157 187 197 164 167 199 268 306 466 575 1027
 ... : 9 20 16 15 18 20 32 20 24 24 31 39 44 23 61 49 84 108 157 187 197 164 167 199 270 306 462 563 1057
  30 : 9 20 16 15 18 20 32 20 24 24 31 39 44 23 61 49 84 108 157 186 194 157 154 188 254 249 337 377 308 993
 ... : 9 20 16 15 18 20 32 20 24 24 31 39 44 23 61 49 83 110 161 194 196 160 158 194 259 257 342 383 315 1005
 ... : 9 20 16 15 18 20 32 20 24 24 31 39 44 23 61 49 85 110 162 202 201 164 163 202 267 271 357 393 319 1007
 ... : 9 20 16 15 18 20 32 20 24 24 31 39 44 23 61 49 85 110 163 203 201 166 161 203 271 279 368 415 347 1016
 ... : 9 20 16 15 18 20 32 20 24 24 31 39 44 23 61 49 85 110 163 203 201 170 165 218 289 301 380 416 347 1016
 ... : 9 20 16 15 18 20 32 20 24 24 31 39 44 23 61 49 85 110 163 203 201 170 165 216 291 295 376 427 360 1024
  31 : 9 20 16 15 18 20 32 20 24 24 31 39 44 23 61 49 85 108 161 197 198 167 163 207 271 275 350 377 307 314 850
 ... : 9 20 16 15 18 20 32 20 24 24 31 39 44 23 61 49 85 108 161 197 198 167 163 207 271 275 362 391 322 324 877
 ... : 9 20 16 15 18 20 32 20 24 24 31 39 44 23 61 49 85 108 161 197 198 167 163 207 271 275 374 411 344 341 893
 ... : 9 20 16 15 18 20 32 20 24 24 31 39 44 23 61 49 85 108 161 198 203 179 177 213 273 279 377 415 361 351 897
 ... : 9 20 16 15 18 20 32 20 24 24 31 39 44 23 61 49 85 108 161 198 203 179 178 229 296 301 389 417 362 351 898
 ... : 9 20 16 15 18 20 32 20 24 24 31 39 44 23 61 49 86 109 165 204 221 204 191 233 301 304 391 417 363 352 898
 ... : 9 20 16 15 18 20 32 20 24 24 31 39 44 23 61 49 86 109 165 202 212 191 192 236 308 324 416 438 365 353 900
 ... : 9 20 16 15 18 20 32 20 24 24 31 39 44 23 61 49 86 109 165 202 212 191 192 236 308 324 418 443 390 400 912
 ... : 9 20 16 15 18 20 32 20 24 24 31 39 44 23 61 49 86 110 166 202 215 196 201 247 322 342 421 444 391 412 913
 ... : 9 20 16 15 18 20 32 20 24 24 31 39 44 23 61 49 86 110 166 202 215 196 203 248 325 356 443 476 400 414 914
 ... : 9 20 16 15 18 20 32 20 24 24 31 39 44 23 61 49 86 110 166 202 215 196 203 248 324 356 449 495 435 443 919
 ... : 9 20 16 15 18 20 32 20 24 24 31 39 44 23 61 49 86 110 166 202 215 196 203 248 324 355 455 499 434 490 956
 ... : 9 20 16 15 18 20 32 20 24 24 31 39 44 23 61 49 86 110 166 202 215 196 203 248 324 355 458 504 444 522 1007
 ... : 9 20 16 15 18 20 32 20 24 24 31 39 44 23 61 49 86 110 166 202 215 196 203 248 324 355 457 506 451 531 1082
 ... : 9 20 16 15 18 20 32 20 24 24 31 39 44 23 61 49 86 110 166 202 215 196 203 248 325 363 470 522 455 550 1090
 ... : 9 20 16 15 18 20 32 20 24 24 31 39 44 23 61 49 86 110 166 202 215 196 203 248 325 363 471 520 463 572 1114
 ... : 9 20 16 15 18 20 32 20 24 24 31 39 44 23 61 49 86 110 166 202 215 196 203 249 326 368 485 524 473 578 1141
 ... : 9 20 16 15 18 20 32 20 24 24 31 39 44 23 61 49 86 110 166 202 215 196 203 249 326 368 498 551 495 596 1147
 ... : 9 20 16 15 18 20 32 20 24 24 31 39 44 23 61 49 86 110 166 202 215 196 205 253 335 370 501 570 514 621 1147
 ... : 9 20 16 15 18 20 32 20 24 24 31 39 44 23 61 49 86 110 166 202 215 196 205 257 347 401 537 585 516 622 1150
 ... : 9 20 16 15 18 20 32 20 24 24 31 39 44 23 61 49 86 110 166 202 215 196 205 258 347 406 551 618 536 628 1159
 ... : 9 20 16 15 18 20 32 20 24 24 31 39 44 23 61 49 86 110 166 202 215 196 205 258 348 407 554 625 557 657 1172
 ... : 9 20 16 15 18 20 32 20 24 24 31 39 44 23 61 49 86 110 166 202 215 196 205 258 349 410 568 636 569 664 1174
 ... : 9 20 16 15 18 20 32 20 24 24 31 39 44 23 61 49 86 110 166 202 215 197 208 266 361 418 578 647 576 667 1177
 ... : 9 20 16 15 18 20 32 20 24 24 31 39 44 23 61 49 86 109 165 205 219 207 221 282 370 418 582 654 588 670 1178
 ... : 9 20 16 15 18 20 32 20 24 24 31 39 44 23 61 49 85 109 165 204 225 215 229 289 380 431 587 655 590 674 1182
 ... : 9 20 16 15 18 20 32 20 24 24 31 39 44 23 61 49 85 109 165 204 224 215 230 294 380 431 593 660 575 679 1183
 ... : 9 20 16 15 18 20 32 20 24 24 31 39 44 23 61 49 85 109 165 203 217 202 220 280 373 428 584 655 572 673 1180
 ... : 9 20 16 15 18 20 32 20 24 24 31 39 44 23 61 49 85 109 165 203 217 202 219 279 371 427 579 665 587 698 1193
 ... : 9 20 16 15 18 20 32 20 24 24 31 39 44 23 61 49 85 109 165 203 217 202 219 280 372 429 581 680 603 724 1215
 ... : 9 20 16 15 18 20 32 20 24 24 31 39 44 23 61 49 85 109 165 203 217 202 219 282 376 441 596 696 620 742 1219
 ... : 9 20 16 15 18 20 32 20 24 24 31 41 44 23 62 49 85 111 168 209 227 207 220 283 379 446 605 708 623 742 1219
 ... : 9 20 16 15 18 20 32 20 24 24 31 42 44 23 62 49 85 113 170 212 235 211 221 285 381 457 620 721 624 742 1219
 ... : 9 20 16 15 18 20 32 20 24 24 31 42 44 23 62 49 85 113 171 213 239 215 225 286 386 466 630 728 629 743 1220
 ... : 9 20 16 15 18 20 32 20 24 24 31 43 44 23 62 50 86 114 175 218 243 217 226 288 392 470 635 733 637 744 1220
 ... : 9 20 16 15 18 20 32 20 24 24 31 43 44 23 62 50 86 117 187 239 263 222 226 288 395 470 635 733 637 744 1220
 ... : 9 20 16 15 18 20 32 20 24 24 31 44 44 23 62 50 86 119 190 266 282 237 226 288 395 470 635 733 637 744 1220
 ... : 9 20 16 15 18 20 32 20 24 24 31 44 44 23 62 50 86 119 190 270 290 280 267 289 405 470 636 735 637 744 1220
 ... : 9 20 16 15 18 20 32 20 24 24 31 44 44 23 62 50 86 119 190 270 290 279 298 315 434 471 636 735 637 744 1220
 ... : 9 20 16 15 18 20 32 20 24 24 31 44 44 23 62 50 86 119 190 270 292 286 326 339 446 471 636 735 637 744 1220
 ... : 9 20 16 15 18 20 32 20 24 24 31 44 44 23 62 50 86 119 190 270 292 286 325 333 456 477 641 736 637 744 1220
 ... : 9 20 16 15 18 20 32 20 24 24 31 44 44 23 62 50 86 119 190 270 292 286 324 333 459 521 686 749 640 744 1221
 ... : 9 20 16 15 18 20 32 20 24 24 31 44 44 23 62 50 86 119 190 270 291 284 324 333 459 525 699 811 689 744 1221
 ... : 9 20 16 15 18 20 32 20 24 24 31 44 44 23 62 50 86 119 190 271 293 284 326 350 460 525 701 829 718 744 1221
 ... : 9 20 16 15 18 20 32 20 24 24 31 44 44 23 62 50 86 119 190 271 293 284 326 350 459 528 707 829 754 765 1224
 ... : 9 20 16 15 18 20 32 20 24 24 31 44 44 23 62 50 86 119 190 271 293 284 326 350 463 542 721 839 786 776 1224
 ... : 9 20 16 15 18 20 32 20 24 24 31 44 44 23 62 50 86 119 190 271 293 284 326 351 464 544 720 847 832 786 1225
 ... : 9 20 16 15 18 20 32 20 24 24 31 44 44 23 62 50 86 119 190 271 293 284 326 352 467 548 723 854 860 806 1228
 ... : 9 20 16 15 18 20 32 20 24 24 31 44 44 23 62 50 86 119 190 271 293 284 326 352 467 548 724 877 882 829 1231
 ... : 9 20 16 15 18 20 32 20 24 24 31 44 44 23 62 50 86 119 199 284 306 302 326 352 473 548 724 884 896 836 1231
 ... : 9 20 16 15 18 20 32 20 24 24 31 44 44 23 62 50 86 119 199 292 323 339 366 355 476 550 724 884 896 836 1231
 ... : 9 20 16 15 18 20 32 20 24 24 31 44 44 23 62 50 86 119 199 292 318 312 378 406 482 563 724 884 896 836 1231
 ... : 9 20 16 15 18 20 32 20 24 24 31 44 44 23 62 50 86 119 199 292 315 300 367 420 483 613 726 885 897 837 1231
 ... : 9 20 16 15 18 20 32 20 24 24 31 44 44 23 62 50 86 119 199 292 315 300 367 420 483 613 729 886 912 862 1231
 ... : 9 20 16 15 18 20 32 20 24 24 31 44 44 23 62 50 86 119 199 292 315 300 367 420 483 613 729 893 944 886 1231
 ... : 9 20 16 15 18 20 32 20 24 24 31 44 44 23 62 50 86 119 199 292 315 300 367 420 483 614 731 900 983 972 1232
 ... : 9 20 16 15 18 20 32 20 24 24 31 44 44 23 62 50 86 119 199 292 315 300 367 420 483 614 732 901 991 1032 1277
 ... : 9 20 16 15 18 20 32 20 24 24 31 44 44 23 62 50 86 119 199 292 315 300 367 420 483 614 733 902 997 1070 1346
 ... : 9 20 16 15 18 20 32 20 24 24 31 44 44 23 62 50 86 119 199 292 315 300 367 420 483 614 733 902 1003 1102 1399
 ... : 9 20 16 15 18 20 32 20 24 24 31 44 44 23 62 50 86 119 199 292 315 300 367 420 483 614 733 902 1003 1138 1464
 ... : 9 20 16 15 18 20 32 20 24 24 31 44 44 23 62 50 86 119 199 292 315 300 367 420 483 614 733 902 1008 1175 1526
 ... : 9 20 16 15 18 20 32 20 24 24 31 44 44 23 62 50 86 119 199 292 315 300 367 420 483 614 733 902 1009 1217 1591
 ... : 9 20 16 15 18 20 32 20 24 24 31 44 44 23 62 50 86 119 199 292 315 300 367 420 483 614 733 901 1013 1267 1652
 ... : 9 20 16 15 18 20 32 20 24 24 31 44 44 23 62 50 86 119 199 292 315 300 367 420 483 614 733 901 1013 1308 1716
 ... : 9 20 16 15 18 20 32 20 24 24 31 44 44 23 62 50 86 119 199 292 315 300 367 420 483 614 733 901 999 1373 1779
 ... : 9 20 16 15 18 20 32 20 24 24 31 44 44 23 62 50 86 119 199 292 315 300 367 420 483 614 733 900 993 1417 1840
 ... : 9 20 16 15 18 20 32 20 24 24 31 44 44 23 62 50 86 119 199 292 315 300 367 420 483 614 733 899 992 1428 1900
 ... : 9 20 16 15 18 20 32 20 24 24 31 44 44 23 62 50 86 119 199 292 315 300 367 420 483 614 733 900 981 1450 1939
 ... : 9 20 16 15 18 20 32 20 24 24 31 44 44 23 62 50 86 119 199 292 315 300 367 420 483 614 734 922 969 1479 1952
 ... : 9 20 16 15 18 20 32 20 24 24 31 44 44 23 62 50 86 119 199 292 315 300 367 420 483 614 734 941 969 1503 1972
 ... : 9 20 16 15 18 20 32 20 24 24 31 44 44 23 62 50 86 119 199 292 315 300 367 420 483 614 735 955 973 1531 1989
 ... : 9 20 16 15 18 20 32 20 24 24 31 44 44 23 62 50 86 119 199 292 315 300 367 420 483 614 742 911 954 1521 1989
 ... : 9 20 16 15 18 20 32 20 24 24 31 44 44 23 62 50 86 119 199 292 315 300 367 420 483 614 741 911 917 1541 2011
 ... : 9 20 16 15 18 20 32 20 24 24 31 44 44 23 62 50 86 119 199 292 315 300 367 420 483 614 742 911 924 1557 2042
 ... : 9 20 16 15 18 20 32 20 24 24 31 44 44 23 62 50 86 119 199 292 315 300 367 420 483 614 742 913 926 1538 2066
 ... : 9 20 16 15 18 20 32 20 24 24 31 44 44 23 62 50 86 119 199 292 315 300 367 420 482 635 743 930 970 1546 2066
 ... : 9 20 16 15 18 20 32 20 24 24 31 44 44 23 62 50 86 119 199 292 315 300 367 420 482 635 743 930 983 1582 2122
 ... : 9 20 16 15 18 20 32 20 24 24 31 44 44 23 62 50 86 119 199 292 315 300 367 420 482 635 743 930 983 1637 2180
 ... : 9 20 16 15 18 20 32 20 24 24 31 44 44 23 62 50 86 119 199 292 315 300 367 420 482 634 743 930 988 1664 2226
 ... : 9 20 16 15 18 20 32 20 24 24 31 44 44 23 62 50 86 119 199 292 315 300 367 420 482 634 743 932 994 1682 2265
 ... : 9 20 16 15 18 20 32 20 24 24 31 44 44 23 62 50 86 119 199 292 316 302 372 432 494 637 743 938 997 1687 2300
 ... : 9 20 16 15 18 20 32 20 24 24 31 44 44 23 62 50 86 119 199 293 319 305 386 460 516 657 743 938 997 1688 2301
 ... : 9 20 16 15 18 20 32 20 24 24 31 44 44 23 62 50 86 119 199 295 321 308 394 467 546 699 743 938 997 1688 2301
 ... : 9 20 16 15 18 20 32 20 24 24 31 44 44 23 62 50 87 119 200 296 325 313 399 482 557 709 747 939 998 1689 2302
 ... : 9 20 16 15 18 20 32 20 24 24 31 44 44 23 62 50 87 119 200 296 325 312 398 482 559 723 789 969 1009 1690 2302
 ... : 9 20 16 15 18 20 32 20 24 24 31 44 44 23 62 50 87 119 203 300 338 329 415 482 559 724 795 986 1029 1695 2305
 ... : 9 20 16 15 18 20 32 20 24 24 31 44 44 23 62 50 88 119 204 301 339 334 422 504 582 749 802 988 1029 1695 2308
 ... : 9 20 16 15 18 20 32 20 24 24 31 44 44 23 62 50 88 119 204 301 339 334 422 504 586 763 836 1021 1039 1700 2309
 ... : 9 20 16 15 18 20 32 20 24 24 31 44 44 23 62 50 88 119 204 301 339 334 422 504 589 768 842 1032 1069 1734 2311
 ... : 9 20 16 15 18 20 32 20 24 24 31 44 44 23 62 50 88 119 204 301 339 334 422 504 589 768 845 1052 1110 1770 2312
 ... : 9 20 16 15 18 20 32 20 24 24 31 44 44 23 62 50 88 119 205 304 343 343 433 511 592 770 844 1056 1127 1798 2319
 ... : 9 20 16 15 18 20 32 20 24 24 31 44 44 23 62 50 88 119 205 304 343 344 434 516 607 795 864 1072 1133 1801 2320
 ... : 9 20 16 15 18 20 32 20 24 24 31 44 44 23 62 50 88 119 205 304 343 344 433 519 611 802 883 1107 1169 1805 2320
 ... : 9 20 16 15 18 20 32 20 24 24 31 45 44 23 62 50 89 122 206 305 348 353 439 529 615 811 886 1115 1179 1809 2323
 ... : 9 20 16 15 18 20 32 20 24 24 31 45 44 23 62 50 89 122 208 308 349 358 447 536 630 832 901 1119 1180 1810 2325
 ... : 9 20 16 15 18 20 32 20 24 24 31 45 44 23 62 50 89 122 208 308 349 358 446 536 632 842 933 1157 1186 1814 2325
 ... : 9 20 16 15 18 20 32 20 24 24 31 45 44 23 62 50 89 122 208 308 349 358 446 536 632 843 941 1183 1219 1834 2334
 ... : 9 20 16 15 18 20 32 20 24 24 31 45 44 23 62 50 89 122 208 308 349 358 446 536 632 843 941 1185 1232 1883 2362
 ... : 9 20 16 15 18 20 32 20 24 24 31 45 44 23 62 50 89 122 209 309 351 360 448 536 632 843 941 1187 1242 1910 2407
 ... : 9 20 16 15 18 20 32 20 24 24 31 45 44 23 62 50 88 122 209 312 354 365 455 547 639 858 957 1191 1243 1913 2411
 ... : 9 20 16 15 18 20 32 20 24 24 31 45 44 23 62 50 88 122 209 312 354 365 455 546 641 862 975 1225 1276 1923 2411
 ... : 9 20 16 15 18 20 32 20 24 24 31 45 44 23 62 50 88 122 209 312 354 365 455 546 641 862 982 1238 1301 1958 2412
 ... : 9 20 16 15 18 20 32 20 24 24 31 45 44 23 62 50 88 122 209 312 354 365 455 546 641 862 985 1259 1312 1979 2449
 ... : 9 20 16 15 18 20 32 20 24 24 31 45 44 23 62 50 88 122 209 312 354 365 455 547 643 865 989 1268 1343 2023 2450
 ... : 9 20 16 15 18 20 32 20 24 24 31 45 44 23 62 50 88 122 209 312 354 365 455 547 643 865 989 1269 1353 2036 2496
 ... : 9 20 16 15 18 20 32 20 24 24 31 45 44 23 62 50 88 122 209 312 354 365 455 547 643 865 988 1272 1365 2058 2527
 ... : 9 20 16 15 18 20 32 20 24 24 31 45 44 23 62 50 88 122 209 312 354 365 455 548 645 869 999 1277 1370 2069 2553
 ... : 9 20 16 15 18 20 32 20 24 24 31 45 44 23 62 50 88 122 209 312 355 366 458 551 647 877 1012 1292 1383 2082 2561
 ... : 9 20 16 15 18 20 32 20 24 24 31 45 44 23 62 50 88 122 209 312 355 366 458 551 647 879 1015 1299 1392 2114 2594
 ... : 9 20 16 15 18 20 32 20 24 24 31 45 44 23 62 50 88 122 209 312 355 366 458 551 648 884 1017 1305 1403 2140 2620
 ... : 9 20 16 15 18 20 32 20 24 24 31 45 44 23 62 50 88 122 209 312 355 366 458 551 648 884 1020 1315 1410 2163 2670
 ... : 9 20 16 15 18 20 32 20 24 24 31 45 44 23 62 50 88 122 209 313 356 370 464 556 653 894 1029 1319 1400 2157 2686
 ... : 9 20 16 15 18 20 32 20 24 24 31 45 44 23 62 50 88 122 209 313 357 373 470 558 665 908 1049 1340 1409 2160 2686
 ... : 9 20 16 15 18 20 32 20 24 24 31 45 44 23 62 50 88 122 209 313 357 373 470 558 665 909 1053 1357 1445 2183 2687
 ... : 9 20 16 15 18 20 32 20 24 24 31 45 44 23 62 50 88 122 209 313 357 373 470 559 668 914 1064 1364 1459 2206 2713
 ... : 9 20 16 15 18 20 32 20 24 24 31 45 44 23 62 50 88 122 209 313 357 373 470 558 668 915 1068 1378 1478 2240 2740
 ... : 9 20 16 15 18 20 32 20 24 24 31 45 44 23 62 50 88 122 209 313 357 373 470 558 670 922 1076 1390 1498 2271 2763
 ... : 9 20 16 15 18 20 32 20 24 24 31 45 44 23 62 50 88 122 209 313 357 373 470 558 666 922 1075 1389 1523 2294 2787
  32 : 9 20 16 15 18 20 31 20 24 24 31 45 44 23 61 51 86 119 194 297 306 296 272 378 540 709 750 938 970 1541 2224 1620
 ... : 9 20 16 15 18 20 31 20 24 24 31 45 44 23 61 51 86 119 194 297 306 296 272 378 540 709 750 944 993 1569 2259 1629
 ... : 9 20 16 15 18 20 31 20 24 24 31 45 44 23 61 51 86 119 194 297 306 296 273 379 545 712 755 953 1011 1588 2279 1636
 ... : 9 20 16 15 18 20 31 20 24 24 31 45 44 23 61 51 86 119 195 298 310 301 276 382 553 725 768 960 1027 1601 2288 1637
 ... : 9 20 16 15 18 20 31 20 24 24 31 45 44 23 61 51 86 119 195 298 310 301 276 382 556 739 789 989 1034 1601 2288 1637
 ... : 9 20 16 15 18 20 31 20 24 24 31 45 44 23 61 51 86 119 195 298 310 301 276 379 551 738 791 999 1060 1620 2296 1638
 ... : 9 20 16 15 18 20 31 20 24 24 31 45 44 23 61 51 86 119 195 298 310 301 276 379 551 738 789 1001 1067 1640 2348 1640
 ... : 9 20 16 15 18 20 31 20 24 24 31 45 44 23 61 51 86 119 195 298 310 301 276 379 551 738 790 1003 1074 1650 2376 1648
 ... : 9 20 16 15 18 20 31 20 24 24 31 45 44 23 61 51 86 119 195 298 310 301 276 378 550 734 790 1002 1076 1653 2393 1713
 ... : 9 20 16 15 18 20 31 20 24 24 31 45 44 23 61 51 86 119 195 298 310 301 276 378 550 733 789 1003 1073 1642 2396 1770
 ... : 9 20 16 15 18 20 31 20 24 24 31 45 44 23 61 51 86 119 197 300 313 305 283 393 567 742 791 1003 1075 1645 2402 1778
 ... : 9 20 16 15 18 20 31 20 24 24 31 45 44 23 61 51 86 119 197 300 313 306 288 394 576 756 803 1018 1083 1648 2409 1785
 ... : 9 20 16 15 18 20 31 20 24 24 31 45 44 23 61 51 86 119 197 300 313 306 288 396 580 765 822 1048 1106 1661 2410 1785
 ... : 9 20 16 15 18 20 31 20 24 24 31 45 44 23 61 51 86 119 197 300 310 305 284 390 573 770 835 1060 1121 1678 2412 1784
 ... : 9 20 16 15 18 20 31 20 24 24 31 45 44 23 61 51 86 119 197 300 310 305 284 390 573 772 842 1079 1156 1702 2421 1786
 ... : 9 20 16 15 18 20 31 20 24 24 31 45 44 23 61 51 86 119 197 300 310 305 284 390 573 775 846 1084 1162 1714 2463 1789
 ... : 9 20 16 15 18 20 31 20 24 24 31 45 44 23 61 51 86 119 200 301 313 310 289 399 592 788 850 1084 1163 1714 2467 1792
 ... : 9 20 16 15 18 20 31 20 24 24 31 45 44 23 61 51 86 119 200 301 312 308 287 394 580 790 857 1095 1169 1730 2480 1790
 ... : 9 20 16 15 18 20 31 20 24 24 31 45 44 23 61 51 86 119 200 299 310 306 287 396 587 799 873 1113 1186 1747 2484 1790
 ... : 9 20 16 15 18 20 31 20 24 24 31 45 44 23 61 51 86 119 201 300 315 311 288 397 587 798 874 1114 1192 1761 2510 1825
 ... : 9 20 16 15 18 20 31 20 24 24 31 46 44 23 62 52 87 120 204 304 323 321 314 416 595 798 874 1114 1192 1761 2510 1825
 ... : 9 20 16 15 18 20 31 20 24 24 31 46 44 23 62 52 87 120 204 304 323 321 307 407 605 818 893 1135 1209 1768 2511 1825
 ... : 9 20 16 15 18 20 31 20 24 24 31 46 44 23 62 52 87 120 204 304 323 321 307 407 604 826 907 1143 1211 1785 2515 1825
 ... : 9 20 16 15 18 20 31 20 24 24 31 46 44 23 62 52 87 120 204 304 323 321 307 407 602 825 901 1149 1240 1814 2529 1825
 ... : 9 20 16 15 18 20 31 20 24 24 31 46 44 23 62 52 87 120 204 304 323 323 309 413 608 827 902 1152 1246 1824 2552 1830
 ... : 9 20 16 15 18 20 31 20 24 24 31 47 44 23 62 52 87 122 205 307 328 333 315 421 613 829 899 1144 1247 1831 2560 1831
 ... : 9 20 16 15 18 20 31 20 24 24 31 47 44 23 62 52 87 122 205 307 330 334 317 427 621 852 918 1146 1249 1832 2560 1831
 ... : 9 20 16 15 18 20 31 20 24 24 31 47 44 23 62 52 87 122 205 307 330 334 317 426 624 856 941 1169 1263 1843 2561 1832
 ... : 9 20 16 15 18 20 31 20 24 24 31 47 44 23 62 52 87 122 205 307 330 334 317 426 624 855 941 1172 1285 1862 2584 1842
 ... : 9 20 16 15 18 20 31 20 24 24 31 47 44 23 62 52 87 122 205 307 330 334 317 426 624 855 941 1175 1306 1899 2604 1844
 ... : 9 20 16 15 18 20 31 20 24 24 31 47 44 23 62 52 87 122 205 307 330 334 317 426 624 855 941 1180 1321 1939 2640 1851
 ... : 9 20 16 15 18 20 31 20 24 24 31 47 44 23 62 52 87 122 205 307 330 334 317 426 624 855 942 1184 1331 1972 2688 1854
 ... : 9 20 16 15 18 20 31 20 24 24 31 47 44 23 62 52 87 122 205 307 330 334 317 426 624 855 946 1192 1356 1995 2710 1858
 ... : 9 20 16 15 18 20 31 20 24 24 31 47 44 23 62 52 87 122 206 308 333 336 317 426 624 856 945 1197 1367 2013 2730 1863
 ... : 9 20 16 15 18 20 31 20 24 24 35 48 44 23 62 52 89 123 214 324 346 360 317 426 624 856 945 1197 1367 2013 2730 1863
 ... : 9 20 16 15 18 20 31 20 24 24 41 56 48 28 66 56 99 138 223 332 350 367 317 426 624 856 945 1197 1367 2013 2730 1863
 ... : 9 20 16 15 18 20 31 20 24 24 45 63 51 31 70 60 106 151 235 343 355 370 317 426 624 856 945 1197 1367 2013 2730 1867
 ... : 9 20 16 15 18 20 31 20 24 24 45 63 51 31 70 60 106 153 239 359 381 402 329 432 625 858 945 1197 1367 2014 2730 1867
 ... : 9 20 16 15 18 20 31 20 24 24 45 63 51 31 70 60 106 153 239 362 389 415 345 472 626 859 946 1197 1367 2015 2731 1867
 ... : 9 20 16 15 18 20 31 20 24 24 45 63 51 31 70 60 106 153 242 369 399 419 364 489 637 863 950 1197 1367 2018 2731 1867
 ... : 9 20 16 15 18 20 31 20 24 24 45 63 51 31 70 60 106 152 244 375 410 428 372 500 655 873 953 1198 1369 2020 2731 1867
 ... : 9 20 16 15 18 20 31 20 24 24 45 63 51 31 70 60 106 152 244 381 417 429 372 501 673 917 962 1199 1370 2022 2731 1867
 ... : 9 20 16 15 18 20 31 20 24 24 45 63 51 31 70 60 106 152 244 381 417 429 372 501 673 925 1013 1222 1384 2043 2735 1867
 ... : 9 20 16 15 18 20 31 20 24 24 45 63 51 31 70 60 106 152 244 381 417 429 373 501 674 927 1014 1232 1402 2055 2749 1869
 ... : 9 20 16 15 18 20 31 20 24 24 45 63 51 31 70 60 106 152 244 381 417 429 373 501 674 926 1014 1239 1409 2076 2784 1872
 ... : 9 20 16 15 18 20 31 20 24 24 45 63 51 31 70 60 106 152 244 381 417 429 373 500 674 926 1016 1244 1418 2095 2819 1891
 ... : 9 20 16 15 18 20 31 20 24 24 45 63 51 31 70 60 106 152 244 381 417 429 373 500 674 926 1016 1244 1419 2090 2829 1947
 ... : 9 20 16 15 18 20 31 20 24 24 45 63 51 31 70 60 106 152 244 381 418 435 377 505 688 939 1020 1246 1418 2092 2833 1969
 ... : 9 20 16 15 18 20 31 20 24 24 45 63 51 31 70 60 106 152 244 381 418 435 378 516 703 958 1033 1260 1426 2097 2845 1974
 ... : 9 20 16 15 18 20 31 20 24 24 45 63 51 31 70 60 106 152 244 381 418 435 378 516 703 958 1041 1274 1454 2135 2872 1977
 ... : 9 20 16 15 18 20 31 20 24 24 45 63 51 31 70 60 106 152 244 381 418 435 378 516 703 958 1041 1272 1455 2148 2915 2033
 ... : 9 20 16 15 18 20 31 20 24 24 45 63 51 31 70 60 106 152 244 381 418 435 378 515 699 942 1017 1243 1430 2150 2929 2057
 ... : 9 20 16 15 18 20 31 20 24 24 45 63 51 31 70 60 106 152 244 381 418 435 378 515 699 942 1018 1246 1436 2161 2963 2107
 ... : 9 20 16 15 18 20 31 20 24 24 45 63 51 31 70 60 106 152 244 381 418 435 378 515 699 942 1018 1247 1440 2178 3001 2152
 ... : 9 20 16 15 18 20 31 20 24 24 45 63 51 31 70 60 106 152 244 381 418 435 378 515 699 942 1018 1249 1452 2205 3054 2172
 ... : 9 20 16 15 18 20 31 20 24 24 45 63 51 31 70 60 106 152 244 381 418 435 378 515 699 942 1018 1252 1454 2214 3082 2239
 ... : 9 20 16 15 18 20 31 20 24 24 45 63 51 31 70 60 106 152 244 381 418 435 378 515 699 942 1019 1252 1454 2235 3124 2276
 ... : 9 20 16 15 18 20 31 20 24 24 45 63 51 31 70 60 106 152 244 381 418 435 378 515 699 942 1019 1252 1454 2236 3152 2344
 ... : 9 20 16 15 18 20 31 20 24 24 45 63 51 31 70 60 106 152 244 381 418 435 378 515 699 942 1019 1251 1456 2235 3162 2396
 ... : 9 20 16 15 18 20 31 20 24 24 45 64 51 31 70 60 107 154 247 386 424 440 380 517 700 943 1021 1251 1456 2235 3168 2436
 ... : 9 20 16 15 18 20 31 20 24 24 45 64 51 31 70 60 106 153 246 384 422 426 351 492 683 958 1028 1252 1456 2235 3170 2436
 ... : 9 20 16 15 18 20 31 20 24 24 45 64 51 31 70 60 106 153 246 384 422 426 351 491 680 963 1047 1286 1480 2238 3170 2436
 ... : 9 20 16 15 18 20 31 20 24 24 45 64 51 31 70 60 106 153 246 384 422 426 351 491 680 961 1043 1284 1489 2262 3186 2442
 ... : 9 20 16 15 18 20 31 20 24 24 45 64 51 31 70 60 106 153 246 384 422 426 351 491 679 962 1054 1291 1503 2281 3203 2444
 ... : 9 20 16 15 18 20 31 20 24 24 45 64 51 31 70 60 106 153 246 384 422 426 351 491 679 962 1056 1293 1502 2284 3237 2452
 ... : 9 20 16 15 18 20 31 20 24 24 45 64 51 31 70 60 106 153 246 384 422 426 351 489 680 964 1055 1289 1502 2290 3251 2495
 ... : 9 20 16 15 18 20 31 20 24 24 45 64 51 31 70 60 106 153 246 384 421 425 345 487 673 965 1063 1296 1514 2305 3268 2507
 ... : 9 20 16 15 18 20 31 20 24 24 45 64 51 31 70 60 106 153 246 384 421 425 345 487 673 965 1063 1295 1520 2323 3298 2547
 ... : 9 20 16 15 18 20 31 20 24 24 45 64 51 31 70 60 106 153 246 384 421 425 345 487 673 965 1063 1296 1526 2345 3330 2576
 ... : 9 20 16 15 18 20 31 20 24 24 45 64 51 31 70 60 106 153 246 385 422 426 345 487 675 968 1068 1303 1535 2361 3344 2607
 ... : 9 20 16 15 18 20 31 20 24 24 45 65 51 31 70 60 107 156 247 387 425 431 349 494 684 985 1082 1307 1536 2361 3344 2607
 ... : 9 20 16 15 18 20 31 20 24 24 45 66 51 31 70 60 109 159 255 399 440 443 360 500 689 992 1083 1308 1538 2362 3345 2608
 ... : 9 20 16 15 18 20 31 20 24 24 45 67 51 31 70 63 110 160 257 403 445 452 371 512 699 1002 1087 1308 1538 2362 3346 2608
 ... : 9 20 16 15 18 20 31 20 24 24 45 67 51 31 70 63 110 160 257 402 445 452 370 511 700 1016 1108 1320 1539 2362 3346 2608
 ... : 9 20 16 15 18 20 31 20 24 24 45 67 51 31 70 63 110 160 257 402 446 452 370 512 702 1024 1121 1346 1545 2364 3346 2608
 ... : 9 20 16 15 18 20 31 20 24 24 45 67 51 31 70 63 110 160 257 402 445 452 372 520 716 1036 1131 1368 1565 2368 3347 2608
 ... : 9 20 16 15 18 20 31 20 24 24 45 67 51 31 70 63 110 160 257 402 445 452 373 525 719 1048 1149 1393 1578 2371 3349 2610
 ... : 9 20 16 15 18 20 31 20 24 24 45 67 51 31 70 63 110 160 257 402 445 452 373 525 718 1049 1152 1414 1632 2378 3349 2610
 ... : 9 20 16 15 18 20 31 20 24 24 45 67 51 31 70 63 110 160 258 402 451 453 375 530 725 1056 1162 1428 1644 2383 3351 2612
 ... : 9 20 16 15 18 20 31 20 24 24 45 67 51 31 70 63 110 160 258 402 451 452 375 532 726 1063 1169 1446 1655 2400 3361 2612
 ... : 9 20 16 15 18 20 31 20 24 24 45 67 51 31 70 63 110 160 258 402 451 451 375 528 727 1073 1182 1463 1680 2414 3361 2612
 ... : 9 20 16 15 18 20 31 20 24 24 45 67 51 31 70 63 110 160 258 402 451 451 375 528 727 1073 1186 1468 1701 2458 3373 2616
 ... : 9 20 16 15 18 20 31 20 24 24 45 67 51 31 70 63 110 160 258 402 451 451 375 527 728 1071 1179 1478 1723 2496 3376 2616
 ... : 9 20 16 15 18 20 31 20 24 24 45 67 51 31 70 63 110 160 258 402 451 451 375 527 728 1071 1178 1476 1732 2522 3413 2618
 ... : 9 20 16 15 18 20 31 20 24 24 45 67 51 31 70 63 110 160 258 402 451 451 375 527 728 1070 1179 1481 1738 2542 3468 2624
 ... : 9 20 16 15 18 20 31 20 24 24 45 67 51 31 70 63 110 160 258 402 451 451 375 527 728 1068 1177 1478 1745 2563 3524 2627
 ... : 9 20 16 15 18 20 31 20 24 24 45 67 51 31 70 63 110 160 258 402 451 451 375 527 728 1068 1176 1480 1752 2592 3574 2634
 ... : 9 20 16 15 18 20 31 20 24 24 45 68 51 31 70 63 109 161 258 401 452 454 379 529 728 1068 1177 1484 1765 2606 3586 2639
 ... : 9 20 16 15 18 20 31 20 24 24 45 68 51 31 70 63 109 161 258 402 460 465 389 538 738 1078 1186 1495 1770 2606 3587 2639
 ... : 9 20 16 15 18 20 31 20 24 24 45 68 51 31 70 63 109 161 258 402 460 465 389 538 738 1077 1186 1498 1782 2629 3609 2640
 ... : 9 20 16 15 18 20 31 20 24 24 45 68 51 31 70 63 109 161 258 402 460 465 389 538 738 1077 1186 1498 1791 2673 3644 2645
 ... : 9 20 16 15 18 20 31 20 24 24 45 68 51 31 70 63 109 161 258 402 460 465 389 538 738 1077 1186 1500 1800 2700 3689 2646
 ... : 9 20 16 15 18 20 31 20 24 24 45 68 51 31 70 63 109 161 258 402 460 465 389 538 738 1077 1187 1503 1811 2733 3727 2658
 ... : 9 20 16 15 18 20 31 20 24 24 45 68 51 31 70 63 109 161 258 402 461 469 396 541 732 1063 1185 1502 1813 2744 3750 2681
 ... : 9 20 16 15 18 20 31 20 24 24 45 68 51 31 70 63 109 161 258 402 461 470 403 546 741 1071 1191 1507 1817 2750 3756 2692
 ... : 9 20 16 15 18 20 31 20 24 24 45 68 51 31 70 63 109 161 258 402 461 470 408 554 745 1072 1197 1508 1821 2750 3760 2706
 ... : 9 20 16 15 18 20 31 20 24 24 45 68 51 31 70 63 109 161 258 402 461 470 408 554 745 1072 1197 1508 1822 2757 3771 2758
 ... : 9 20 16 15 18 20 31 20 24 24 45 68 51 31 70 63 109 161 258 402 461 470 408 554 745 1073 1198 1511 1825 2762 3785 2806
 ... : 9 20 16 15 18 20 31 20 24 24 45 68 51 31 70 63 109 161 258 402 461 470 408 554 745 1073 1194 1500 1820 2753 3792 2892
 ... : 9 20 16 15 18 20 31 20 24 24 45 68 51 31 70 63 109 161 258 402 461 470 408 554 745 1073 1195 1502 1825 2759 3813 2947
 ... : 9 20 16 15 18 20 31 20 24 24 45 68 51 31 70 63 109 161 258 402 461 470 408 554 745 1073 1196 1507 1828 2768 3837 3011
 ... : 9 20 16 15 18 20 31 20 24 24 45 68 51 31 70 63 108 160 258 402 458 469 395 533 721 1019 1175 1495 1817 2759 3834 3012
 ... : 9 20 16 15 18 20 31 20 24 24 45 68 51 31 70 63 108 160 258 402 458 469 395 533 720 1018 1163 1486 1803 2770 3859 3034
 ... : 9 20 16 15 18 20 31 20 24 24 45 68 51 31 70 63 108 160 258 402 458 469 395 533 720 1017 1164 1495 1826 2791 3869 3056
 ... : 9 20 16 15 18 20 31 20 24 24 45 68 51 31 70 63 108 160 258 402 458 469 395 533 720 1016 1163 1500 1846 2833 3900 3057
 ... : 9 20 16 15 18 20 31 20 24 24 45 68 51 31 70 63 108 160 258 402 458 469 395 533 720 1016 1164 1502 1850 2848 3944 3091
 ... : 9 20 16 15 18 20 31 20 24 24 45 68 51 31 70 63 108 160 258 402 458 469 395 533 720 1016 1165 1507 1865 2872 3979 3109
 ... : 9 20 16 15 18 20 31 20 24 24 45 68 51 31 70 63 108 160 258 402 458 469 392 529 719 1012 1164 1499 1868 2886 3991 3142
 ... : 9 20 16 15 18 20 31 20 24 24 45 68 51 31 70 63 108 160 258 402 458 469 392 529 719 1012 1164 1496 1869 2900 4021 3170
 ... : 9 20 16 15 18 20 31 20 24 24 45 68 51 31 70 63 108 160 258 402 458 469 392 529 719 1012 1164 1496 1874 2917 4064 3207
 ... : 9 20 16 15 18 20 31 20 24 24 45 68 51 31 70 63 108 160 258 402 458 469 392 529 719 1012 1164 1497 1883 2945 4099 3235
 ... : 9 20 16 15 18 20 31 20 24 24 45 68 51 31 70 63 108 160 258 402 458 469 392 529 719 1012 1162 1496 1884 2961 4126 3274
 ... : 9 20 16 15 18 20 31 20 24 24 45 68 51 31 70 63 108 160 258 402 458 469 392 529 719 1012 1162 1496 1885 2984 4169 3310
 ... : 9 20 16 15 18 20 31 20 24 24 45 68 51 31 70 63 108 160 258 402 458 469 392 529 718 1009 1149 1472 1866 2984 4195 3346
 ... : 9 20 16 15 18 20 31 20 24 24 45 68 51 31 70 63 108 160 258 402 458 469 392 529 718 1009 1149 1477 1869 3002 4232 3373
  33 : 9 20 16 15 18 20 28 19 23 24 45 67 45 24 61 54 104 155 242 386 418 391 326 504 620 842 823 982 1126 1671 2638 2784 2725
 ... : 9 20 16 15 18 20 28 19 23 24 45 67 45 24 61 54 104 155 242 386 418 391 326 504 620 842 826 983 1129 1665 2620 2780 2725
 ... : 9 20 16 15 18 20 28 19 23 24 45 67 45 24 61 54 104 155 242 386 418 398 336 508 622 851 828 983 1129 1666 2633 2800 2739
 ... : 9 20 16 15 18 20 28 19 23 24 45 67 45 24 61 54 104 155 242 386 418 397 334 509 623 865 835 989 1134 1673 2634 2801 2740
 ... : 9 20 16 15 18 20 28 19 23 24 45 67 45 24 61 54 104 155 242 386 418 397 334 509 623 865 838 995 1145 1693 2659 2822 2741
 ... : 9 20 16 15 18 20 28 19 23 24 45 67 45 24 61 54 104 155 242 386 418 397 334 511 624 866 840 996 1147 1699 2669 2856 2758
 ... : 9 20 16 15 18 20 28 19 23 24 45 67 45 24 61 54 104 155 242 386 418 396 334 514 629 867 843 1001 1154 1705 2672 2871 2786
 ... : 9 20 16 15 18 20 28 19 23 24 45 67 45 24 61 54 104 155 242 386 419 397 335 513 630 876 855 1015 1164 1709 2678 2875 2795
 ... : 9 20 16 15 18 20 28 19 23 24 45 67 45 24 61 54 104 155 242 386 419 402 341 525 639 885 865 1016 1164 1709 2679 2879 2799
 ... : 9 20 16 15 18 20 28 19 23 24 45 68 45 24 62 55 106 161 249 394 423 402 341 528 640 891 872 1017 1164 1709 2680 2885 2799
 ... : 9 20 16 15 18 20 28 19 23 24 45 70 45 24 62 56 106 172 261 416 443 402 341 528 640 891 873 1017 1164 1709 2680 2885 2799
 ... : 9 20 16 15 18 20 28 19 23 24 45 70 45 24 62 56 106 179 283 434 465 405 341 529 640 891 873 1017 1164 1709 2680 2885 2799
 ... : 9 20 16 15 18 20 28 19 23 24 45 70 45 24 62 56 106 181 295 466 495 411 342 531 641 891 873 1017 1164 1709 2680 2885 2799
 ... : 9 20 16 15 18 20 28 19 23 24 45 70 45 24 62 56 106 181 296 481 522 449 345 534 644 891 873 1017 1164 1709 2680 2885 2799
 ... : 9 20 16 15 18 20 28 19 23 24 45 70 45 24 62 56 106 181 299 483 545 480 357 538 647 892 876 1017 1165 1709 2680 2885 2799
 ... : 9 20 16 15 18 20 28 19 23 24 45 70 45 24 62 56 106 181 298 483 552 501 401 543 650 897 878 1017 1165 1709 2680 2885 2799
 ... : 9 20 16 15 18 20 28 19 23 24 45 70 45 24 62 56 106 181 298 483 550 498 422 567 665 905 882 1017 1165 1709 2680 2885 2799
 ... : 9 20 16 15 18 20 28 19 23 24 45 70 45 24 62 56 106 181 298 481 549 495 419 590 698 915 882 1017 1165 1709 2680 2885 2799
 ... : 9 20 16 15 18 20 28 19 23 24 45 70 45 24 62 56 106 181 298 482 551 497 419 587 720 956 896 1018 1165 1709 2680 2886 2799
 ... : 9 20 16 15 18 20 28 19 23 24 45 70 45 24 62 56 106 181 298 482 551 497 420 589 720 978 934 1033 1170 1710 2680 2886 2799
 ... : 9 20 16 15 18 20 28 19 23 24 45 70 45 24 62 56 106 181 298 482 551 497 420 589 720 970 942 1071 1182 1713 2680 2890 2800
 ... : 9 20 16 15 18 20 28 19 23 24 45 70 45 24 62 56 106 181 298 482 551 497 420 589 721 972 953 1099 1224 1721 2682 2891 2800
 ... : 9 20 16 15 18 20 28 19 23 24 45 70 45 24 62 56 106 181 298 482 551 497 420 589 721 974 961 1116 1251 1750 2690 2893 2801
 ... : 9 20 16 15 18 20 28 19 23 24 45 70 45 24 62 56 106 181 298 482 551 497 420 589 720 974 963 1121 1260 1792 2707 2898 2801
 ... : 9 20 16 15 18 20 28 19 23 24 45 70 45 24 62 56 106 181 298 482 551 497 420 589 721 972 965 1121 1265 1817 2749 2906 2801
 ... : 9 20 16 15 18 20 28 19 23 24 45 70 45 24 62 56 106 181 298 482 551 497 419 589 723 975 972 1131 1278 1826 2772 2911 2801
 ... : 9 20 16 15 18 20 28 19 23 24 45 70 45 24 62 56 106 181 298 482 551 497 419 589 723 975 972 1132 1280 1826 2794 2960 2801
 ... : 9 20 16 15 18 20 28 19 23 24 45 70 45 24 62 56 106 181 298 482 551 497 419 589 722 975 972 1133 1279 1817 2804 3011 2829
 ... : 9 20 16 15 18 20 28 19 23 24 45 70 45 24 62 56 106 181 298 482 551 497 419 589 722 974 970 1132 1278 1815 2802 3039 2896
 ... : 9 20 16 15 18 20 28 19 23 24 45 70 45 24 62 56 106 181 302 488 565 522 423 591 722 974 969 1136 1284 1819 2804 3039 2900
 ... : 9 20 16 15 18 20 28 19 23 24 45 70 45 24 62 56 106 181 302 489 570 532 464 623 729 976 970 1136 1284 1819 2804 3039 2900
 ... : 9 20 16 15 18 20 28 19 23 24 45 70 45 24 62 56 106 181 302 489 571 525 462 638 755 986 970 1136 1284 1819 2804 3039 2900
 ... : 9 20 16 15 18 20 28 19 23 24 45 70 45 24 62 56 106 181 302 489 577 529 466 647 774 999 980 1137 1285 1819 2804 3039 2900
 ... : 9 20 16 15 18 20 28 19 23 24 45 70 45 24 62 56 106 181 302 489 576 527 466 657 788 1027 990 1139 1285 1819 2804 3039 2900
 ... : 9 20 16 15 18 20 28 19 23 24 45 70 45 24 62 56 106 181 302 489 576 527 465 657 785 1040 1017 1156 1294 1821 2808 3040 2900
 ... : 9 20 16 15 18 20 28 19 23 24 45 70 45 24 62 56 106 181 302 489 576 527 465 656 786 1042 1028 1193 1330 1828 2808 3040 2900
 ... : 9 20 16 15 18 20 28 19 23 24 45 70 45 24 62 56 106 181 302 489 576 527 465 656 785 1039 1024 1195 1347 1865 2824 3042 2901
 ... : 9 20 16 15 18 20 28 19 23 24 45 70 45 24 62 56 106 181 302 489 576 527 465 656 785 1040 1030 1202 1360 1879 2851 3051 2901
 ... : 9 20 16 15 18 20 28 19 23 24 45 70 45 24 62 56 106 181 302 489 576 527 465 656 785 1038 1031 1200 1355 1884 2883 3087 2903
 ... : 9 20 16 15 18 20 28 19 23 24 45 70 45 24 62 56 106 181 302 489 576 527 465 656 785 1038 1031 1200 1355 1881 2881 3128 2936
 ... : 9 20 16 15 18 20 28 19 23 24 45 70 45 24 62 56 106 181 302 489 576 527 465 656 785 1038 1031 1199 1353 1878 2881 3163 2984
 ... : 9 20 16 15 18 20 28 19 23 24 45 70 45 24 62 56 106 181 302 489 576 532 469 661 793 1046 1033 1199 1354 1882 2887 3178 2993
 ... : 9 20 16 15 18 20 28 19 23 24 45 70 45 24 62 56 106 185 307 497 585 539 474 669 803 1052 1038 1201 1354 1882 2887 3178 2993
 ... : 9 20 16 15 18 20 28 19 23 24 45 70 45 24 62 56 106 192 324 510 607 549 477 676 805 1052 1038 1201 1354 1882 2887 3178 2993
 ... : 9 20 16 15 18 20 28 19 23 24 45 70 45 24 62 56 106 191 328 520 626 595 481 679 806 1052 1038 1201 1354 1882 2887 3178 2993
 ... : 9 20 16 15 18 20 28 19 23 24 45 70 45 24 62 56 106 191 328 519 634 608 509 696 809 1057 1038 1201 1354 1882 2887 3178 2993
 ... : 9 20 16 15 18 20 28 19 23 24 45 70 45 24 62 56 106 191 328 517 633 615 533 730 816 1057 1038 1201 1354 1882 2887 3178 2993
 ... : 9 20 16 15 18 20 28 19 23 24 45 70 45 24 62 56 106 191 328 515 628 609 533 745 843 1062 1041 1202 1354 1882 2887 3179 2993
 ... : 9 20 16 15 18 20 28 19 23 24 45 70 45 24 62 56 106 191 328 514 628 607 535 749 874 1102 1051 1208 1356 1884 2888 3179 2994
 ... : 9 20 16 15 18 20 28 19 23 24 45 70 45 24 62 56 106 191 328 514 628 607 536 752 875 1117 1096 1223 1362 1886 2888 3179 2994
 ... : 9 20 16 15 18 20 28 19 23 24 45 70 45 24 62 56 106 191 328 514 628 608 538 751 866 1119 1112 1245 1374 1890 2888 3179 2994
 ... : 9 20 16 15 18 20 28 19 23 24 45 70 45 24 62 56 106 191 328 514 628 608 538 751 870 1128 1123 1272 1407 1900 2892 3181 2994
 ... : 9 20 16 15 18 20 28 19 23 24 45 70 45 24 62 56 106 191 328 514 628 608 538 751 868 1128 1124 1286 1445 1921 2897 3183 2995
 ... : 9 20 16 15 18 20 28 19 23 24 45 70 45 24 62 56 106 191 328 514 628 608 538 751 867 1127 1122 1288 1457 1964 2925 3192 2995
 ... : 9 20 16 15 18 20 28 19 23 24 45 70 45 24 62 56 106 191 328 514 628 608 538 750 867 1126 1123 1291 1461 1963 2957 3225 2998
 ... : 9 20 16 15 18 20 28 19 23 24 45 70 45 24 62 56 106 191 328 514 628 608 539 753 866 1128 1120 1287 1452 1956 2953 3273 2998
 ... : 9 20 16 15 18 20 28 19 23 24 45 70 45 24 62 56 106 191 328 514 628 604 532 742 867 1135 1134 1302 1454 1956 2953 3277 2999
 ... : 9 20 16 15 18 20 28 19 23 24 45 70 45 24 62 56 106 191 328 514 628 604 532 742 867 1134 1132 1304 1463 1978 2966 3286 3004
 ... : 9 20 16 15 18 20 28 19 23 24 45 70 45 24 62 56 109 203 338 520 628 606 532 742 867 1133 1132 1304 1462 1974 2963 3306 3005
 ... : 9 20 16 15 18 20 28 19 23 24 46 74 45 24 62 56 116 224 352 532 636 606 532 742 867 1133 1132 1304 1462 1974 2963 3306 3005
 ... : 9 20 16 15 18 20 28 19 23 24 47 75 45 24 62 56 117 233 366 547 659 617 532 742 867 1133 1132 1304 1462 1974 2963 3306 3005
 ... : 9 20 16 15 18 20 28 19 23 24 47 75 45 24 62 56 117 233 381 547 687 647 541 745 868 1134 1134 1304 1462 1975 2963 3306 3005
 ... : 9 20 16 15 18 20 28 19 23 24 47 75 45 24 62 56 117 233 379 551 694 653 561 765 874 1144 1135 1304 1462 1975 2963 3306 3005
 ... : 9 20 16 15 18 20 28 19 23 24 47 75 45 24 62 56 117 233 380 554 695 650 580 797 888 1150 1138 1304 1462 1975 2963 3306 3005
 ... : 9 20 16 15 18 20 28 19 23 24 47 75 45 24 62 56 117 233 380 553 695 650 575 806 926 1179 1154 1308 1462 1975 2963 3306 3005
 ... : 9 20 16 15 18 20 28 19 23 24 47 75 45 24 62 56 117 233 380 554 699 651 575 807 946 1200 1175 1311 1464 1976 2963 3306 3005
 ... : 9 20 16 15 18 20 28 19 23 24 47 75 45 24 62 56 117 233 380 554 699 651 575 807 949 1212 1201 1350 1472 1977 2963 3306 3005
 ... : 9 20 16 15 18 20 28 19 23 24 47 75 45 24 62 56 117 233 380 554 699 651 574 808 954 1216 1218 1379 1493 1979 2965 3308 3005
 ... : 9 20 16 15 18 20 28 19 23 24 47 75 45 24 62 56 117 233 380 554 699 651 574 808 954 1212 1228 1394 1534 1993 2968 3312 3005
 ... : 9 20 16 15 18 20 28 19 23 24 47 75 45 24 62 56 117 233 380 554 699 651 574 808 954 1212 1230 1398 1560 2028 2987 3318 3005
 ... : 9 20 16 15 18 20 28 19 23 24 47 75 45 24 62 56 117 233 380 554 699 651 574 808 954 1212 1230 1405 1565 2052 3021 3325 3005
 ... : 9 20 16 15 18 20 28 19 23 24 47 75 45 24 62 56 117 233 380 554 699 651 574 808 954 1212 1230 1406 1569 2058 3051 3359 3006
 ... : 9 20 16 15 18 20 28 19 23 24 47 75 45 24 62 56 118 234 388 561 701 652 574 810 956 1213 1228 1403 1565 2054 3056 3401 3008
 ... : 9 20 16 15 18 20 28 19 23 24 47 75 45 24 62 56 118 234 395 567 710 675 594 819 959 1214 1228 1403 1565 2054 3056 3401 3008
 ... : 9 20 16 15 18 20 28 19 23 24 47 75 45 24 62 56 118 234 398 567 709 669 592 839 983 1232 1236 1407 1563 2056 3058 3402 3008
 ... : 9 20 16 15 18 20 28 19 23 24 47 75 45 24 62 56 118 234 398 567 709 669 591 838 981 1240 1258 1435 1581 2062 3058 3404 3008
 ... : 9 20 16 15 18 20 28 19 23 24 47 75 45 24 62 56 118 234 398 567 709 669 591 839 987 1249 1270 1456 1592 2065 3058 3414 3008
 ... : 9 20 16 15 18 20 28 19 23 24 47 75 45 24 62 56 118 234 398 567 709 669 591 839 988 1249 1277 1477 1627 2085 3062 3414 3008
 ... : 9 20 16 15 18 20 28 19 23 24 47 75 45 24 62 56 118 234 398 567 709 669 591 839 988 1249 1276 1476 1633 2116 3085 3423 3008
 ... : 9 20 16 15 18 20 28 19 23 24 47 75 45 24 62 56 118 234 406 572 714 673 599 847 991 1251 1275 1474 1632 2112 3108 3431 3008
 ... : 9 20 16 15 18 20 28 19 23 24 47 75 45 24 62 56 118 234 406 572 713 671 598 854 1008 1268 1289 1485 1636 2111 3110 3431 3008
 ... : 9 20 16 15 18 20 28 19 23 24 47 75 45 24 62 56 118 234 406 572 713 671 598 854 1010 1272 1298 1511 1669 2122 3115 3433 3008
 ... : 9 20 16 15 18 20 28 19 23 24 47 75 45 24 62 56 118 234 406 572 713 671 598 854 1010 1272 1300 1510 1687 2148 3144 3441 3008
 ... : 9 20 16 15 18 20 28 19 23 24 47 75 45 24 62 56 118 234 406 572 713 671 598 854 1011 1273 1299 1513 1683 2152 3154 3451 3009
 ... : 9 20 16 15 18 20 28 19 23 24 47 75 45 24 62 56 118 234 406 572 713 671 598 854 1011 1272 1300 1518 1692 2166 3176 3475 3010
 ... : 9 20 16 15 18 20 28 19 23 24 47 75 45 24 62 56 118 234 406 573 714 670 599 855 1008 1273 1300 1522 1694 2163 3180 3514 3011
 ... : 9 20 16 15 18 20 28 19 23 24 47 75 45 24 62 56 118 234 406 573 713 670 599 854 1006 1280 1314 1543 1703 2169 3181 3516 3011
 ... : 9 20 16 15 18 20 28 19 23 24 47 75 45 24 62 56 118 236 415 575 713 675 598 859 1013 1279 1315 1543 1708 2169 3181 3517 3011
 ... : 9 20 16 15 18 20 28 19 23 24 47 75 45 24 62 56 118 236 417 569 714 676 593 861 1016 1281 1303 1535 1700 2166 3181 3517 3011
 ... : 9 20 16 15 18 20 28 19 23 24 47 75 45 24 62 56 118 236 417 569 714 674 592 857 1018 1271 1293 1524 1693 2161 3181 3525 3011
 ... : 9 20 16 15 18 20 28 19 23 24 47 75 45 24 62 56 118 236 417 569 714 674 592 857 1013 1271 1293 1524 1686 2149 3172 3508 3013
 ... : 9 20 16 15 18 20 28 19 23 24 47 75 45 24 62 56 118 236 417 569 714 674 592 857 1012 1270 1294 1523 1682 2147 3169 3545 3054
 ... : 9 20 16 15 18 20 28 19 23 24 47 75 45 24 62 56 118 236 417 569 714 674 592 857 1012 1270 1294 1523 1684 2148 3164 3553 3104
 ... : 9 20 16 15 18 20 28 19 23 24 47 75 45 24 62 56 118 236 417 569 714 674 593 858 1015 1270 1297 1531 1697 2173 3180 3559 3106
 ... : 9 20 16 15 18 20 28 19 23 24 47 75 45 24 62 56 118 237 424 589 736 675 596 858 1015 1270 1297 1530 1695 2185 3199 3564 3108
 ... : 9 20 16 15 18 20 28 19 23 24 47 75 45 24 62 56 118 237 430 607 777 709 600 859 1016 1270 1297 1530 1695 2185 3199 3564 3108
 ... : 9 20 16 15 18 20 28 19 23 24 47 75 45 24 62 56 118 240 445 621 799 722 601 863 1019 1270 1297 1530 1695 2185 3199 3565 3109
 ... : 9 20 16 15 18 20 28 19 23 24 47 77 45 24 62 56 118 246 455 634 818 746 604 863 1019 1273 1299 1531 1695 2185 3199 3565 3109
 ... : 9 20 16 15 18 20 28 19 23 24 47 77 45 24 62 56 118 248 462 644 843 782 604 863 1020 1273 1299 1531 1695 2185 3199 3565 3109
 ... : 9 20 16 15 18 20 28 19 23 24 47 77 45 24 62 56 118 251 473 654 866 810 604 864 1024 1275 1299 1531 1695 2185 3199 3565 3109
 ... : 9 20 16 15 18 20 28 19 23 24 47 78 45 24 62 56 118 251 472 655 873 836 607 867 1030 1280 1300 1531 1695 2185 3199 3568 3109
 ... : 9 20 16 15 18 20 28 19 23 24 47 78 45 24 62 56 118 254 476 663 893 861 620 871 1030 1284 1301 1531 1695 2185 3200 3569 3109
 ... : 9 20 16 15 18 20 28 19 23 24 47 78 45 24 62 56 118 255 480 669 902 894 647 878 1030 1284 1301 1531 1695 2185 3200 3572 3109
 ... : 9 20 16 15 18 20 28 19 23 24 47 78 45 24 62 56 118 256 482 671 913 934 677 885 1032 1285 1304 1531 1695 2185 3200 3572 3109
 ... : 9 20 16 15 18 20 28 19 23 24 47 79 45 24 62 56 118 259 486 674 919 966 685 885 1032 1285 1305 1531 1695 2185 3200 3572 3110
 ... : 9 20 16 15 18 20 28 19 23 24 47 79 45 24 63 56 118 266 489 679 931 989 694 890 1034 1285 1307 1531 1695 2185 3200 3572 3112
 ... : 9 20 16 15 18 20 28 19 23 24 47 79 45 24 66 56 118 267 491 683 942 1026 728 892 1034 1287 1307 1531 1695 2185 3200 3572 3112
 ... : 9 20 16 15 18 20 28 19 23 24 47 81 45 24 66 57 118 270 498 686 951 1051 747 895 1034 1286 1309 1531 1695 2185 3200 3572 3112
 ... : 9 20 16 15 18 20 28 19 23 24 47 81 45 24 66 57 118 275 504 692 966 1089 768 899 1034 1285 1311 1531 1695 2185 3200 3572 3112
 ... : 9 20 16 15 18 20 28 19 23 24 47 81 45 24 66 57 118 276 507 695 983 1123 796 904 1034 1286 1313 1531 1695 2185 3200 3572 3112
 ... : 9 20 16 15 18 20 28 19 23 24 47 81 45 24 66 57 118 278 508 697 999 1160 820 912 1036 1286 1313 1531 1695 2185 3200 3572 3112
 ... : 9 20 16 15 18 20 28 19 23 24 47 81 45 24 66 57 118 279 509 704 1015 1202 844 917 1037 1286 1313 1531 1695 2185 3200 3572 3112
 ... : 9 20 16 15 18 20 28 19 23 24 47 81 45 24 66 57 118 279 510 705 1024 1252 882 919 1038 1286 1314 1531 1695 2185 3200 3572 3112
 ... : 9 20 16 15 18 20 28 19 23 24 47 83 45 24 66 59 120 282 513 712 1029 1270 889 921 1040 1289 1314 1531 1695 2185 3200 3572 3112
 ... : 9 20 16 15 18 20 28 19 23 24 47 83 45 24 66 59 120 282 513 713 1036 1309 925 922 1040 1289 1318 1532 1695 2185 3201 3572 3112
 ... : 9 20 16 15 18 20 28 19 23 24 47 83 45 24 66 59 120 291 517 728 1059 1338 927 922 1042 1288 1319 1532 1695 2185 3201 3572 3112
 ... : 9 20 16 15 18 20 28 19 23 24 47 83 45 24 66 59 120 292 521 729 1072 1376 950 926 1043 1288 1319 1532 1695 2185 3201 3572 3112
 ... : 9 20 16 15 18 20 28 19 23 24 47 84 45 24 66 59 120 293 523 731 1080 1403 973 934 1043 1290 1320 1532 1695 2185 3201 3572 3112
 ... : 9 20 16 15 18 20 28 19 23 24 47 84 45 24 66 59 120 294 524 732 1094 1447 995 942 1045 1290 1320 1532 1695 2185 3201 3572 3112
 ... : 9 20 16 15 18 20 28 19 23 24 47 84 45 24 66 59 120 295 526 734 1109 1484 1025 945 1049 1290 1320 1532 1695 2185 3201 3572 3112
 ... : 9 20 16 15 18 20 28 19 23 24 47 84 45 24 66 59 120 295 527 738 1120 1527 1049 956 1052 1290 1321 1532 1695 2185 3203 3572 3112
 ... : 9 20 16 15 18 20 28 19 23 24 47 84 45 24 66 59 120 295 527 738 1122 1558 1078 960 1052 1290 1321 1532 1695 2185 3203 3572 3112
 ... : 9 20 16 15 18 20 28 19 23 24 47 84 45 24 66 59 120 295 527 738 1130 1603 1114 965 1054 1290 1323 1532 1695 2185 3204 3572 3112
 ... : 9 20 16 15 18 20 28 19 23 24 47 84 45 24 66 59 120 295 527 738 1146 1650 1150 967 1055 1290 1324 1532 1695 2185 3204 3572 3112
 ... : 9 20 16 15 18 20 28 19 23 24 47 84 45 24 66 59 120 297 531 745 1163 1684 1176 970 1059 1291 1324 1532 1695 2185 3204 3572 3112
 ... : 9 20 16 15 18 20 28 19 23 24 47 84 45 24 66 59 120 296 531 747 1178 1710 1208 972 1059 1293 1325 1532 1695 2185 3204 3572 3112
 ... : 9 20 16 15 18 20 28 19 23 24 47 84 45 24 66 59 120 296 531 747 1187 1748 1225 972 1060 1293 1325 1532 1695 2185 3204 3572 3112
 ... : 9 20 16 15 18 20 28 19 23 24 47 84 45 24 66 59 120 296 531 745 1201 1792 1264 980 1062 1293 1325 1532 1695 2185 3204 3572 3112
 ... : 9 20 16 15 18 20 28 19 23 24 47 86 45 24 66 59 120 304 540 752 1214 1808 1272 982 1062 1293 1325 1532 1695 2185 3204 3572 3112
 ... : 9 20 16 15 18 20 28 19 23 24 47 86 45 24 66 59 120 304 540 752 1209 1825 1290 987 1062 1293 1325 1532 1695 2185 3204 3572 3112
 ... : 9 20 16 15 18 20 28 19 23 24 47 86 45 24 66 59 120 304 540 752 1214 1865 1317 987 1066 1293 1325 1532 1695 2185 3204 3572 3112
 ... : 9 20 16 15 18 20 28 19 23 24 47 86 45 24 66 59 120 304 540 753 1223 1887 1327 987 1067 1294 1325 1532 1695 2185 3204 3572 3112
 ... : 9 20 16 15 18 20 28 19 23 24 47 86 45 24 66 59 120 304 538 749 1212 1888 1324 993 1070 1296 1325 1532 1695 2185 3204 3572 3112
 ... : 9 20 16 15 18 20 28 19 23 24 47 86 45 24 66 59 120 304 538 748 1214 1928 1370 995 1070 1296 1328 1532 1695 2185 3204 3572 3113
 ... : 9 20 16 15 18 20 28 19 23 24 47 86 45 24 66 59 120 304 538 748 1212 1939 1394 1022 1078 1298 1328 1533 1695 2185 3204 3572 3113
 ... : 9 20 16 15 18 20 28 19 23 24 47 86 45 24 66 59 120 304 538 749 1214 1943 1434 1059 1088 1301 1330 1533 1695 2185 3204 3572 3113
 ... : 9 20 16 15 18 20 28 19 23 24 47 86 45 24 66 59 120 304 538 749 1213 1936 1487 1117 1092 1302 1331 1533 1695 2185 3204 3572 3113
 ... : 9 20 16 15 18 20 28 19 23 24 47 86 45 24 66 59 120 304 538 750 1204 1940 1533 1166 1096 1302 1331 1533 1695 2185 3204 3572 3113
 ... : 9 20 16 15 18 20 28 19 23 24 47 86 45 24 66 59 120 304 538 751 1203 1934 1553 1199 1105 1302 1331 1534 1697 2186 3205 3572 3113
 ... : 9 20 16 15 18 20 28 19 23 24 47 86 45 24 66 59 120 304 538 751 1201 1936 1594 1240 1109 1303 1334 1534 1697 2186 3205 3572 3115
 ... : 9 20 16 15 18 20 28 19 23 24 47 86 45 24 66 59 120 304 538 751 1201 1926 1631 1298 1113 1303 1334 1534 1697 2186 3205 3572 3115
 ... : 9 20 16 15 18 20 28 19 23 24 47 86 45 24 66 59 120 304 538 751 1201 1931 1678 1360 1117 1303 1334 1534 1697 2186 3205 3572 3115
 ... : 9 20 16 15 18 20 28 19 23 24 47 86 45 24 66 59 120 304 537 750 1202 1941 1699 1394 1138 1305 1334 1534 1697 2186 3205 3572 3115
 ... : 9 20 16 15 18 20 28 19 23 24 47 86 45 24 66 59 120 304 536 750 1201 1928 1707 1447 1139 1305 1334 1534 1697 2186 3205 3574 3115
 ... : 9 20 16 15 18 20 28 19 23 24 47 86 45 24 66 59 120 304 536 750 1201 1916 1730 1502 1142 1305 1334 1534 1697 2186 3205 3574 3115
 ... : 9 20 16 15 18 20 28 19 23 24 47 86 45 24 66 59 120 304 536 750 1202 1914 1755 1545 1150 1308 1335 1534 1697 2186 3205 3574 3115
 ... : 9 20 16 15 18 20 28 19 23 24 47 86 45 24 66 59 120 304 536 751 1203 1911 1763 1552 1152 1308 1337 1534 1697 2186 3205 3574 3115
 ... : 9 20 16 15 18 20 28 19 23 24 47 86 45 24 66 59 120 304 536 751 1203 1907 1777 1588 1160 1308 1337 1534 1697 2186 3205 3574 3115
 ... : 9 20 16 15 18 20 28 19 23 24 47 86 45 24 66 59 120 304 536 751 1203 1907 1777 1608 1161 1308 1338 1534 1697 2186 3205 3574 3115
 ... : 9 20 16 15 18 20 28 19 23 24 47 86 45 24 66 59 120 304 536 751 1203 1907 1796 1649 1170 1309 1338 1534 1697 2186 3205 3574 3115
 ... : 9 20 16 15 18 20 28 19 23 24 47 86 45 24 66 59 120 304 536 751 1203 1907 1803 1678 1172 1309 1338 1535 1697 2186 3205 3574 3115
 ... : 9 20 16 15 18 20 28 19 23 24 47 86 45 24 66 59 120 304 536 751 1203 1907 1812 1727 1221 1312 1338 1536 1697 2186 3205 3574 3115
 ... : 9 20 16 15 18 20 28 19 23 24 47 86 45 24 66 59 120 304 536 751 1203 1904 1821 1775 1268 1318 1339 1536 1697 2186 3205 3574 3115
 ... : 9 20 16 15 18 20 28 19 23 24 47 86 45 24 66 59 120 304 536 751 1190 1898 1808 1814 1320 1319 1339 1538 1698 2186 3206 3576 3115
 ... : 9 20 16 15 18 20 28 19 23 24 47 86 45 24 66 59 120 304 536 751 1190 1896 1822 1868 1374 1321 1339 1538 1698 2186 3206 3576 3115
 ... : 9 20 16 15 18 20 28 19 23 24 47 86 45 24 66 59 120 304 536 751 1190 1895 1830 1919 1426 1324 1339 1538 1698 2186 3206 3577 3115
 ... : 9 20 16 15 18 20 28 19 23 24 47 86 45 24 66 59 120 304 536 751 1192 1897 1826 1951 1461 1331 1339 1538 1698 2186 3206 3577 3115
 ... : 9 20 16 15 18 20 28 19 23 24 47 86 45 24 66 59 120 304 536 751 1192 1897 1834 1994 1498 1339 1339 1538 1698 2186 3206 3577 3115
 ... : 9 20 16 15 18 20 28 19 23 24 47 86 45 24 66 59 120 304 536 751 1192 1897 1849 2047 1548 1340 1340 1538 1698 2186 3207 3577 3115
 ... : 9 20 16 15 18 20 28 19 23 24 47 86 45 24 66 59 120 304 536 751 1192 1894 1848 2083 1592 1343 1341 1541 1699 2186 3208 3578 3116
 ... : 9 20 16 15 18 20 28 19 23 24 47 86 45 24 66 59 120 304 536 751 1192 1892 1846 2118 1647 1346 1342 1541 1699 2186 3208 3578 3116
 ... : 9 20 16 15 18 20 28 19 23 24 47 86 45 24 66 59 120 304 536 751 1191 1890 1853 2170 1698 1347 1342 1541 1699 2186 3208 3579 3116
 ... : 9 20 16 15 18 20 28 19 23 24 47 86 45 24 66 59 120 304 536 751 1188 1883 1839 2197 1751 1348 1342 1541 1700 2186 3208 3579 3116
 ... : 9 20 16 15 18 20 28 19 23 24 47 86 45 24 66 59 120 304 536 751 1188 1880 1851 2243 1803 1350 1342 1541 1700 2186 3208 3579 3116
 ... : 9 20 16 15 18 20 28 19 23 24 47 86 45 24 66 59 120 304 536 751 1188 1880 1862 2294 1858 1350 1342 1541 1700 2186 3208 3579 3116
 ... : 9 20 16 15 18 20 28 19 23 24 47 86 45 24 66 59 120 304 536 751 1188 1879 1859 2333 1917 1352 1343 1541 1700 2186 3208 3579 3116
 ... : 9 20 16 15 18 20 28 19 23 24 47 86 45 24 66 59 120 304 536 751 1188 1879 1862 2366 1984 1354 1343 1541 1700 2186 3208 3579 3116
 ... : 9 20 16 15 18 20 28 19 23 24 47 86 45 24 66 59 120 304 536 751 1188 1876 1862 2400 2052 1356 1343 1541 1700 2187 3209 3579 3116
 ... : 9 20 16 15 18 20 28 19 23 24 47 86 45 24 66 59 120 304 536 751 1188 1874 1861 2419 2106 1364 1346 1541 1700 2187 3209 3579 3116
 ... : 9 20 16 15 18 20 28 19 23 24 47 86 45 24 66 59 120 304 536 751 1188 1873 1862 2441 2161 1368 1346 1541 1700 2187 3209 3579 3116
 ... : 9 20 16 15 18 20 28 19 23 24 47 86 45 24 66 59 120 304 536 751 1187 1873 1866 2480 2220 1373 1346 1541 1700 2187 3209 3579 3116
 ... : 9 20 16 15 18 20 28 19 23 24 47 86 45 24 66 59 120 304 536 751 1187 1870 1866 2499 2285 1378 1346 1541 1700 2187 3209 3579 3116
 ... : 9 20 16 15 18 20 28 19 23 24 47 86 45 24 66 59 120 304 536 751 1187 1870 1867 2542 2351 1381 1348 1541 1700 2187 3209 3579 3116
 ... : 9 20 16 15 18 20 28 19 23 24 47 86 45 24 66 59 120 304 536 751 1186 1865 1846 2548 2410 1386 1348 1541 1700 2187 3209 3579 3116
 ... : 9 20 16 15 18 20 28 19 23 24 47 86 45 24 66 59 120 304 536 751 1186 1865 1846 2560 2468 1391 1348 1541 1700 2187 3210 3579 3116
 ... : 9 20 16 15 18 20 28 19 23 24 47 86 45 24 66 59 120 304 536 751 1186 1864 1843 2569 2501 1393 1348 1541 1700 2187 3210 3579 3116
 ... : 9 20 16 15 18 20 28 19 23 24 47 86 45 24 66 59 120 304 536 751 1186 1864 1843 2574 2557 1444 1351 1541 1700 2187 3210 3579 3116
 ... : 9 20 16 15 18 20 28 19 23 24 47 86 45 24 66 59 120 304 536 751 1186 1864 1843 2587 2615 1489 1359 1541 1700 2187 3211 3580 3116
 ... : 9 20 16 15 18 20 28 19 23 24 47 86 45 24 66 59 120 304 536 751 1186 1864 1841 2585 2658 1534 1363 1541 1700 2187 3211 3580 3116
 ... : 9 20 16 15 18 20 28 19 23 24 47 86 45 24 66 59 120 304 536 751 1186 1864 1836 2586 2709 1590 1366 1543 1701 2187 3211 3580 3116
 ... : 9 20 16 15 18 20 28 19 23 24 47 86 45 24 66 59 120 304 536 751 1186 1862 1833 2579 2752 1637 1370 1544 1701 2188 3212 3580 3116
 ... : 9 20 16 15 18 20 28 19 23 24 47 86 45 24 66 59 120 304 536 751 1186 1861 1830 2568 2797 1689 1371 1544 1701 2188 3212 3580 3116
 ... : 9 20 16 15 18 20 28 19 23 24 47 86 45 24 66 59 120 304 536 751 1186 1861 1831 2571 2840 1745 1372 1545 1701 2188 3212 3580 3116
 ... : 9 20 16 15 18 20 28 19 23 24 47 86 45 24 66 59 120 304 536 751 1186 1864 1826 2573 2874 1794 1374 1546 1701 2188 3213 3580 3116
 ... : 9 20 16 15 18 20 28 19 23 24 47 86 45 24 66 59 120 304 536 751 1186 1863 1825 2576 2916 1849 1378 1548 1701 2188 3213 3580 3116
 ... : 9 20 16 15 18 20 28 19 23 24 47 86 45 24 66 59 120 304 536 751 1186 1863 1826 2580 2962 1904 1383 1549 1701 2188 3215 3580 3116
 ... : 9 20 16 15 18 20 28 19 23 24 47 86 45 24 66 59 120 304 536 751 1186 1863 1824 2577 2986 1958 1386 1550 1701 2188 3215 3580 3116
 ... : 9 20 16 15 18 20 28 19 23 24 47 86 45 24 66 59 120 304 536 751 1186 1861 1822 2569 3000 2024 1388 1551 1701 2189 3215 3580 3116
 ... : 9 20 16 15 18 20 28 19 23 24 47 86 45 24 66 59 120 304 536 751 1186 1857 1818 2563 3027 2081 1391 1551 1702 2189 3215 3580 3116
 ... : 9 20 16 15 18 20 28 19 23 24 47 86 45 24 66 59 120 304 536 751 1186 1856 1810 2570 3057 2133 1396 1551 1702 2189 3215 3580 3116
 ... : 9 20 16 15 18 20 28 19 23 24 47 86 45 24 66 59 120 304 536 751 1186 1856 1809 2560 3098 2184 1397 1551 1702 2189 3216 3580 3116
 ... : 9 20 16 15 18 20 28 19 23 24 47 86 45 24 66 59 120 304 536 751 1186 1856 1809 2552 3118 2243 1397 1551 1702 2189 3216 3580 3116
 ... : 9 20 16 15 18 20 28 19 23 24 47 86 45 24 66 59 120 304 536 751 1186 1856 1808 2549 3145 2299 1398 1552 1702 2189 3216 3580 3116
 ... : 9 20 16 15 18 20 28 19 23 24 47 86 45 24 66 59 120 304 536 751 1186 1856 1808 2541 3150 2354 1398 1552 1702 2189 3216 3580 3116
 ... : 9 20 16 15 18 20 28 19 23 24 47 86 45 24 66 59 120 304 536 751 1186 1856 1807 2538 3178 2410 1404 1552 1702 2189 3216 3580 3116
 ... : 9 20 16 15 18 20 28 19 23 24 47 86 45 24 66 59 120 304 536 751 1186 1856 1807 2539 3194 2481 1408 1552 1702 2189 3216 3580 3116
 ... : 9 20 16 15 18 20 28 19 23 24 47 86 45 24 66 59 120 304 536 751 1186 1856 1807 2538 3214 2540 1410 1552 1702 2189 3217 3581 3117
 ... : 9 20 16 15 18 20 28 19 23 24 47 86 45 24 66 59 120 304 536 751 1186 1854 1806 2543 3230 2594 1416 1553 1702 2189 3217 3581 3117
 ... : 9 20 16 15 18 20 28 19 23 24 47 86 45 24 66 59 120 304 536 751 1185 1854 1805 2541 3227 2635 1422 1555 1702 2190 3217 3581 3117
 ... : 9 20 16 15 18 20 28 19 23 24 47 86 45 24 66 59 120 304 536 751 1185 1854 1805 2539 3223 2640 1424 1555 1702 2190 3217 3581 3117
 ... : 9 20 16 15 18 20 28 19 23 24 47 86 45 24 66 59 120 304 536 751 1185 1854 1804 2539 3216 2666 1425 1555 1702 2190 3217 3581 3118
 ... : 9 20 16 15 18 20 28 19 23 24 47 86 45 24 66 59 120 304 536 751 1185 1854 1804 2540 3221 2696 1428 1555 1702 2190 3217 3581 3118
 ... : 9 20 16 15 18 20 28 19 23 24 47 86 45 24 66 59 120 304 536 751 1185 1854 1803 2539 3219 2719 1458 1560 1705 2191 3217 3583 3118
 ... : 9 20 16 15 18 20 28 19 23 24 47 86 45 24 66 59 120 304 536 751 1185 1853 1800 2540 3232 2748 1498 1567 1706 2192 3218 3586 3118
 ... : 9 20 16 15 18 20 28 19 23 24 47 86 45 24 66 59 120 304 536 751 1185 1852 1800 2548 3249 2774 1537 1576 1710 2193 3219 3587 3118
 ... : 9 20 16 15 18 20 28 19 23 24 47 86 45 24 66 59 120 304 536 751 1185 1850 1800 2552 3263 2813 1576 1577 1712 2195 3219 3588 3118
 ... : 9 20 16 15 18 20 28 19 23 24 47 86 45 24 66 59 120 304 536 751 1185 1850 1800 2553 3278 2856 1620 1583 1712 2195 3219 3588 3118
 ... : 9 20 16 15 18 20 28 19 23 24 47 86 45 24 66 59 120 304 536 751 1185 1849 1802 2555 3295 2883 1654 1583 1713 2195 3219 3589 3118
 ... : 9 20 16 15 18 20 28 19 23 24 47 86 45 24 66 59 120 304 536 751 1185 1849 1802 2555 3300 2924 1706 1587 1714 2196 3221 3589 3118
 ... : 9 20 16 15 18 20 28 19 23 24 47 86 45 24 66 59 120 304 536 751 1185 1849 1802 2554 3305 2954 1754 1595 1716 2196 3221 3589 3118
 ... : 9 20 16 15 18 20 28 19 23 24 47 86 45 24 66 59 120 304 536 751 1185 1849 1802 2555 3308 2970 1831 1598 1716 2196 3221 3590 3118
 ... : 9 20 16 15 18 20 28 19 23 24 47 86 45 24 66 59 120 304 536 751 1185 1849 1802 2554 3313 2995 1879 1604 1717 2197 3222 3590 3118
 ... : 9 20 16 15 18 20 28 19 23 24 47 86 45 24 66 59 120 304 536 752 1186 1849 1802 2556 3317 3029 1936 1611 1719 2198 3222 3590 3119
 ... : 9 20 16 15 18 20 28 19 23 24 47 86 45 24 66 59 120 304 536 752 1186 1848 1801 2554 3325 3064 1992 1615 1719 2198 3222 3590 3119
 ... : 9 20 16 15 18 20 28 19 23 24 47 86 45 24 66 59 120 304 536 752 1186 1848 1801 2552 3332 3091 2059 1617 1719 2198 3223 3590 3119
 ... : 9 20 16 15 18 20 28 19 23 24 47 86 45 24 66 59 120 304 536 752 1186 1848 1801 2551 3338 3134 2119 1622 1720 2198 3223 3590 3119
 ... : 9 20 16 15 18 20 28 19 23 24 47 86 45 24 66 59 120 304 536 752 1186 1848 1799 2551 3344 3164 2177 1626 1720 2199 3224 3590 3119
 ... : 9 20 16 15 18 20 28 19 23 24 47 86 45 24 66 59 120 304 536 752 1186 1848 1798 2549 3333 3194 2227 1632 1724 2201 3225 3592 3119
 ... : 9 20 16 15 18 20 28 19 23 24 47 86 45 24 66 59 120 304 536 752 1186 1848 1798 2549 3335 3231 2290 1633 1725 2201 3225 3592 3119
 ... : 9 20 16 15 18 20 28 19 23 24 47 86 45 24 66 59 120 304 536 752 1186 1848 1798 2548 3333 3267 2327 1635 1725 2201 3226 3593 3119
 ... : 9 20 16 15 18 20 28 19 23 24 47 86 45 24 66 59 120 304 536 752 1186 1848 1797 2551 3348 3312 2374 1636 1726 2201 3226 3593 3119
 ... : 9 20 16 15 18 20 28 19 23 24 47 86 45 24 66 59 120 304 536 752 1185 1846 1793 2547 3343 3323 2426 1638 1726 2201 3226 3593 3119
 ... : 9 20 16 15 18 20 28 19 23 24 47 86 45 24 66 59 120 304 536 752 1185 1846 1793 2544 3318 3320 2478 1645 1726 2201 3226 3594 3119
 ... : 9 20 16 15 18 20 28 19 23 24 47 86 45 24 66 59 120 304 536 752 1185 1846 1792 2543 3315 3322 2512 1650 1726 2201 3226 3594 3119
 ... : 9 20 16 15 18 20 28 19 23 24 47 86 45 24 66 59 120 304 536 752 1185 1844 1790 2541 3314 3313 2555 1655 1730 2202 3226 3594 3119
 ... : 9 20 16 15 18 20 28 19 23 24 47 86 45 24 66 59 120 304 536 752 1185 1844 1790 2541 3312 3335 2612 1661 1730 2202 3226 3594 3119
 ... : 9 20 16 15 18 20 28 19 23 24 47 86 45 24 66 59 120 304 536 752 1185 1843 1788 2528 3302 3316 2662 1663 1732 2202 3226 3594 3119
 ... : 9 20 16 15 18 20 28 19 23 24 47 86 45 24 66 59 120 304 536 752 1185 1842 1788 2528 3300 3311 2692 1665 1732 2202 3226 3594 3119
 ... : 9 20 16 15 18 20 28 19 23 24 47 86 45 24 66 59 120 304 536 752 1185 1841 1788 2528 3301 3320 2715 1675 1741 2202 3226 3595 3120
 ... : 9 20 16 15 18 20 28 19 23 24 47 86 45 24 66 59 120 304 536 752 1185 1841 1787 2528 3300 3323 2744 1713 1753 2210 3232 3595 3120
 ... : 9 20 16 15 18 20 28 19 23 24 47 86 45 24 66 59 120 304 536 752 1185 1841 1786 2528 3302 3327 2769 1746 1768 2217 3239 3598 3120
 ... : 9 20 16 15 18 20 28 19 23 24 47 86 45 24 66 59 120 304 536 752 1186 1841 1786 2537 3314 3343 2794 1767 1781 2220 3240 3598 3120
 ... : 9 20 16 15 18 20 28 19 23 24 47 86 45 24 66 59 120 304 536 752 1186 1841 1786 2537 3319 3352 2827 1810 1789 2227 3244 3598 3121
 ... : 9 20 16 15 18 20 28 19 23 24 47 86 45 24 66 59 120 304 536 752 1186 1841 1786 2537 3322 3363 2856 1845 1799 2240 3249 3598 3121
 ... : 9 20 16 15 18 20 28 19 23 24 47 86 45 24 66 59 120 304 536 752 1186 1839 1784 2535 3321 3368 2881 1891 1806 2244 3255 3599 3122
 ... : 9 20 16 15 18 20 28 19 23 24 47 86 45 24 66 59 120 304 536 752 1186 1838 1782 2534 3320 3379 2924 1923 1807 2248 3262 3601 3122
 ... : 9 20 16 15 18 20 28 19 23 24 47 86 45 24 66 59 120 304 536 752 1186 1838 1782 2533 3324 3389 2961 1966 1808 2249 3263 3605 3122
 ... : 9 20 16 15 18 20 28 19 23 24 47 86 45 24 66 59 120 304 536 752 1186 1837 1780 2527 3320 3389 2999 2008 1817 2253 3268 3606 3122
 ... : 9 20 16 15 18 20 28 19 23 24 47 86 45 24 66 59 120 304 536 752 1186 1836 1779 2525 3319 3392 3039 2047 1830 2257 3270 3607 3122
 ... : 9 20 16 15 18 20 28 19 23 24 47 86 45 24 66 59 120 304 536 752 1186 1835 1776 2523 3316 3387 3070 2087 1840 2265 3273 3607 3122
 ... : 9 20 16 15 18 20 28 19 23 24 47 86 45 24 66 59 120 304 536 752 1186 1835 1776 2522 3312 3390 3124 2136 1842 2266 3274 3607 3122
 ... : 9 20 16 15 18 20 28 19 23 24 47 86 45 24 66 59 120 304 536 752 1186 1835 1776 2521 3312 3391 3157 2181 1852 2270 3276 3608 3122
 ... : 9 20 16 15 18 20 28 19 23 24 47 86 45 24 66 59 120 304 536 752 1186 1834 1776 2518 3313 3392 3208 2229 1865 2272 3282 3608 3122
 ... : 9 20 16 15 18 20 28 19 23 24 47 86 45 24 66 59 120 304 536 752 1186 1827 1750 2505 3306 3375 3229 2275 1876 2278 3285 3609 3123
 ... : 9 20 16 15 18 20 28 19 23 24 47 86 45 24 66 59 120 304 536 752 1186 1822 1734 2469 3236 3341 3230 2320 1880 2279 3286 3609 3123
 ... : 9 20 16 15 18 20 28 19 23 24 47 86 45 24 66 59 120 304 536 752 1186 1818 1726 2456 3215 3314 3237 2373 1883 2280 3289 3610 3123
 ... : 9 20 16 15 18 20 28 19 23 24 47 86 45 24 66 59 120 304 536 752 1186 1814 1719 2445 3199 3295 3251 2410 1888 2280 3289 3610 3123
 ... : 9 20 16 15 18 20 28 19 23 24 47 86 45 24 66 59 120 304 536 752 1186 1814 1718 2442 3185 3294 3266 2452 1891 2281 3289 3610 3123
 ... : 9 20 16 15 18 20 28 19 23 24 47 86 45 24 66 59 120 304 536 752 1186 1814 1717 2435 3154 3251 3239 2498 1891 2281 3289 3610 3123
 ... : 9 20 16 15 18 20 28 19 23 24 47 86 45 24 66 59 120 304 536 752 1186 1814 1717 2435 3142 3246 3261 2539 1893 2282 3289 3610 3123
 ... : 9 20 16 15 18 20 28 19 23 24 47 86 45 24 66 59 120 304 536 752 1186 1813 1717 2435 3142 3244 3257 2586 1895 2283 3289 3610 3123
 ... : 9 20 16 15 18 20 28 19 23 24 47 86 45 24 66 59 120 304 536 753 1188 1810 1710 2431 3143 3248 3266 2616 1903 2286 3289 3610 3123
 ... : 9 20 16 15 18 20 28 19 23 24 47 86 45 24 66 59 120 304 536 753 1188 1810 1709 2430 3141 3245 3284 2682 1907 2286 3290 3610 3123
 ... : 9 20 16 15 18 20 28 19 23 24 47 86 45 24 66 59 120 304 536 753 1188 1809 1709 2430 3137 3237 3283 2724 1917 2287 3293 3611 3123
 ... : 9 20 16 15 18 20 28 19 23 24 47 86 45 24 66 59 120 304 536 753 1188 1808 1707 2430 3131 3239 3286 2768 1924 2288 3294 3612 3123
 ... : 9 20 16 15 18 20 28 19 23 24 47 86 45 24 66 59 120 304 536 753 1188 1807 1706 2430 3128 3234 3279 2808 1934 2292 3294 3613 3123
 ... : 9 20 16 15 18 20 28 19 23 24 47 86 45 24 66 59 120 304 536 753 1188 1806 1706 2430 3130 3237 3308 2853 1937 2294 3294 3613 3123
 ... : 9 20 16 15 18 20 28 19 23 24 47 86 45 24 66 59 120 304 536 753 1188 1806 1706 2430 3130 3238 3339 2901 1982 2296 3294 3614 3123
 ... : 9 20 16 15 18 20 28 19 23 24 47 86 45 24 66 59 120 304 536 753 1188 1806 1706 2430 3130 3239 3367 2942 2021 2297 3294 3614 3123
 ... : 9 20 16 15 18 20 28 19 23 24 47 86 45 24 66 59 120 304 536 753 1188 1806 1705 2419 3126 3226 3377 2979 2073 2298 3294 3614 3123
 ... : 9 20 16 15 18 20 28 19 23 24 47 86 45 24 66 59 120 304 536 753 1188 1806 1705 2419 3126 3229 3387 3015 2110 2304 3296 3619 3124
 ... : 9 20 16 15 18 20 28 19 23 24 47 86 45 24 66 59 120 304 536 753 1188 1806 1705 2418 3130 3266 3430 3019 2119 2304 3296 3619 3124
 ... : 9 20 16 15 18 20 28 19 23 24 47 86 45 24 66 59 120 304 536 753 1188 1805 1703 2416 3132 3260 3464 3072 2119 2304 3296 3619 3124
 ... : 9 20 16 15 18 20 28 19 23 24 47 86 45 24 66 59 120 304 536 753 1188 1804 1702 2414 3117 3248 3497 3109 2122 2305 3296 3619 3124
 ... : 9 20 16 15 18 20 28 19 23 24 47 86 45 24 66 59 120 304 536 753 1188 1804 1702 2414 3117 3251 3540 3136 2122 2305 3296 3619 3124
 ... : 9 20 16 15 18 20 28 19 23 24 47 86 45 24 66 59 120 304 536 753 1188 1804 1702 2414 3114 3262 3576 3182 2124 2305 3296 3619 3124
 ... : 9 20 16 15 18 20 28 19 23 24 47 86 45 24 66 59 120 304 536 753 1188 1804 1702 2414 3112 3254 3585 3218 2125 2305 3296 3619 3124
 ... : 9 20 16 15 18 20 28 19 23 24 47 86 45 24 66 59 120 304 536 753 1188 1804 1702 2414 3112 3254 3597 3263 2153 2314 3299 3619 3125
 ... : 9 20 16 15 18 20 28 19 23 24 47 86 45 24 66 59 120 304 536 753 1188 1804 1702 2414 3117 3258 3600 3287 2181 2322 3309 3625 3125
 ... : 9 20 16 15 18 20 28 19 23 24 47 86 45 24 66 59 120 304 536 753 1188 1803 1701 2414 3117 3257 3602 3323 2223 2332 3316 3629 3126
 ... : 9 20 16 15 18 20 28 19 23 24 47 86 45 24 66 59 120 304 536 753 1188 1803 1701 2414 3117 3257 3607 3349 2247 2339 3330 3639 3127
 ... : 9 20 16 15 18 20 28 19 23 24 47 86 45 24 66 59 120 304 536 753 1188 1803 1701 2414 3117 3257 3609 3381 2288 2349 3340 3643 3127
 ... : 9 20 16 15 18 20 28 19 23 24 47 86 45 24 66 59 120 304 536 753 1188 1802 1700 2414 3117 3261 3619 3404 2331 2356 3344 3647 3127
 ... : 9 20 16 15 18 20 28 19 23 24 47 86 45 24 66 59 120 304 536 753 1188 1802 1700 2414 3113 3259 3617 3439 2379 2363 3348 3647 3127
 ... : 9 20 16 15 18 20 28 19 23 24 47 86 45 24 66 59 120 304 536 753 1188 1802 1700 2415 3117 3271 3634 3466 2404 2371 3353 3655 3127
 ... : 9 20 16 15 18 20 28 19 23 24 47 86 45 24 66 59 120 304 536 753 1188 1802 1700 2416 3124 3273 3642 3502 2435 2379 3358 3657 3127
 ... : 9 20 16 15 18 20 28 19 23 24 47 86 45 24 66 59 120 304 536 753 1189 1803 1700 2416 3128 3280 3648 3522 2460 2386 3368 3660 3127
 ... : 9 20 16 15 18 20 28 19 23 24 47 86 45 24 66 59 120 304 536 753 1189 1803 1700 2416 3128 3280 3649 3552 2494 2395 3380 3667 3127
 ... : 9 20 16 15 18 20 28 19 23 24 47 86 45 24 66 59 120 304 536 753 1189 1803 1700 2416 3129 3279 3653 3572 2529 2407 3382 3665 3129
 ... : 9 20 16 15 18 20 28 19 23 24 47 86 45 24 66 59 120 304 536 753 1189 1803 1699 2416 3131 3284 3659 3592 2551 2418 3380 3663 3129
 ... : 9 20 16 15 18 20 28 19 23 24 47 86 45 24 66 59 120 304 536 753 1189 1803 1699 2415 3127 3265 3650 3617 2592 2435 3387 3666 3129
 ... : 9 20 16 15 18 20 28 19 23 24 47 86 45 24 66 59 120 304 536 753 1189 1803 1699 2415 3130 3268 3658 3648 2622 2442 3398 3671 3129
 ... : 9 20 16 15 18 20 28 19 23 24 47 86 45 24 66 59 120 304 537 755 1192 1804 1701 2418 3136 3271 3663 3674 2650 2449 3404 3673 3129
 ... : 9 20 16 15 18 20 28 19 23 24 47 86 45 24 66 59 120 304 537 755 1192 1804 1701 2418 3136 3271 3665 3717 2693 2462 3406 3678 3129
 ... : 9 20 16 15 18 20 28 19 23 24 47 86 45 24 66 59 120 304 537 755 1192 1803 1700 2417 3134 3270 3669 3744 2736 2472 3411 3679 3130
 ... : 9 20 16 15 18 20 28 19 23 24 47 86 45 24 66 59 120 304 537 755 1192 1802 1698 2417 3133 3267 3665 3791 2795 2476 3412 3680 3130
 ... : 9 20 16 15 18 20 28 19 23 24 47 86 45 24 66 59 120 304 537 755 1192 1801 1696 2416 3134 3266 3666 3831 2840 2482 3415 3682 3130
 ... : 9 20 16 15 18 20 28 19 23 24 47 86 45 24 66 59 120 304 537 755 1192 1799 1695 2415 3138 3269 3667 3862 2884 2488 3416 3682 3130
 ... : 9 20 16 15 18 20 28 19 23 24 47 86 45 24 66 59 120 304 537 755 1192 1799 1695 2415 3138 3265 3669 3895 2942 2490 3418 3682 3130
 ... : 9 20 16 15 18 20 28 19 23 24 47 86 45 24 66 59 120 304 537 755 1192 1799 1695 2415 3138 3265 3666 3937 3003 2492 3419 3683 3130
 ... : 9 20 16 15 18 20 28 19 23 24 47 86 45 24 66 59 120 304 537 755 1191 1797 1694 2415 3133 3257 3658 3956 3054 2496 3421 3683 3131
 ... : 9 20 16 15 18 20 28 19 23 24 47 86 45 24 66 59 120 304 537 755 1191 1797 1694 2415 3133 3258 3660 3972 3117 2501 3421 3683 3131
 ... : 9 20 16 15 18 20 28 19 23 24 47 86 45 24 66 59 120 304 537 755 1191 1797 1694 2415 3133 3258 3658 3978 3185 2509 3423 3684 3131
 ... : 9 20 16 15 18 20 28 19 23 24 47 86 45 24 66 59 120 304 537 755 1191 1797 1694 2415 3133 3258 3656 4006 3246 2520 3425 3684 3131
 ... : 9 20 16 15 18 20 28 19 23 24 47 86 45 24 66 59 120 304 537 755 1191 1797 1694 2415 3133 3259 3658 4018 3301 2531 3428 3684 3131
 ... : 9 20 16 15 18 20 28 19 23 24 47 86 45 24 66 59 120 304 537 755 1191 1797 1694 2415 3132 3255 3645 4021 3332 2536 3432 3684 3131
 ... : 9 20 16 15 18 20 28 19 23 24 47 86 45 24 66 59 120 304 537 755 1191 1797 1694 2415 3133 3256 3646 4033 3380 2541 3436 3684 3131
 ... : 9 20 16 15 18 20 28 19 23 24 47 86 45 24 66 59 120 304 537 755 1191 1797 1694 2415 3133 3256 3647 4047 3424 2551 3440 3684 3131
 ... : 9 20 16 15 18 20 28 19 23 24 47 86 45 24 66 59 120 304 537 755 1191 1797 1694 2415 3132 3256 3644 4053 3462 2556 3442 3684 3131
 ... : 9 20 16 15 18 20 28 19 23 24 47 86 45 24 66 59 120 304 537 755 1191 1797 1694 2415 3132 3256 3644 4055 3492 2559 3444 3684 3131
 ... : 9 20 16 15 18 20 28 19 23 24 47 86 45 24 66 59 120 304 537 755 1191 1797 1694 2414 3132 3257 3631 4051 3546 2561 3445 3684 3131
 ... : 9 20 16 15 18 20 28 19 23 24 47 86 45 24 66 59 120 304 537 755 1191 1797 1694 2414 3132 3257 3631 4052 3568 2562 3449 3685 3131
 ... : 9 20 16 15 18 20 28 19 23 24 47 86 45 24 66 59 120 304 537 755 1191 1797 1694 2414 3132 3258 3631 4051 3607 2618 3451 3688 3131
 ... : 9 20 16 15 18 20 28 19 23 24 47 86 45 24 66 59 120 304 537 755 1191 1797 1694 2413 3132 3260 3633 4055 3651 2663 3463 3690 3131
 ... : 9 20 16 15 18 20 28 19 23 24 47 86 45 24 66 59 120 304 537 755 1191 1797 1693 2409 3096 3242 3615 4049 3694 2709 3469 3689 3132
 ... : 9 20 16 15 18 20 28 19 23 24 47 86 45 24 66 59 120 304 537 755 1191 1797 1693 2409 3096 3242 3616 4059 3740 2758 3478 3689 3132
 ... : 9 20 16 15 18 20 28 19 23 24 47 86 45 24 66 59 120 304 537 755 1191 1797 1693 2408 3083 3232 3611 4070 3773 2807 3486 3690 3132
 ... : 9 20 16 15 18 20 28 19 23 24 47 86 45 24 66 59 120 304 537 755 1191 1797 1693 2408 3083 3233 3616 4077 3815 2863 3490 3691 3132
 ... : 9 20 16 15 18 20 28 19 23 24 47 86 45 24 66 59 120 304 537 755 1191 1797 1693 2408 3083 3233 3614 4062 3857 2924 3498 3694 3133
 ... : 9 20 16 15 18 20 28 19 23 24 47 86 45 24 66 59 120 304 537 755 1191 1797 1693 2408 3083 3233 3614 4061 3877 2992 3513 3694 3133
 ... : 9 20 16 15 18 20 28 19 23 24 47 86 45 24 66 59 120 304 537 755 1191 1797 1693 2408 3083 3233 3614 4060 3899 3049 3520 3697 3133
 ... : 9 20 16 15 18 20 28 19 23 24 47 86 45 24 66 59 120 304 537 755 1191 1797 1693 2408 3083 3233 3611 4056 3923 3115 3526 3699 3133
 ... : 9 20 16 15 18 20 28 19 23 24 47 86 45 24 66 59 120 304 537 755 1191 1797 1693 2408 3084 3234 3612 4059 3950 3160 3537 3699 3133
 ... : 9 20 16 15 18 20 28 19 23 24 47 86 45 24 66 59 120 304 537 755 1191 1797 1693 2408 3084 3234 3612 4063 3989 3221 3543 3700 3133
 ... : 9 20 16 15 18 20 28 19 23 24 47 86 45 24 66 59 120 304 537 755 1191 1797 1693 2408 3084 3233 3609 4069 4029 3268 3552 3702 3133
 ... : 9 20 16 15 18 20 28 19 23 24 47 86 45 24 66 59 120 304 537 755 1191 1797 1693 2408 3084 3233 3609 4070 4066 3336 3561 3702 3133
 ... : 9 20 16 15 18 20 28 19 23 24 47 86 45 24 66 59 120 304 537 755 1191 1797 1693 2408 3083 3227 3606 4072 4101 3397 3565 3703 3133
 ... : 9 20 16 15 18 20 28 19 23 24 47 86 45 24 66 59 120 304 537 755 1191 1797 1693 2408 3083 3227 3607 4076 4147 3455 3571 3705 3133
 ... : 9 20 16 15 18 20 28 19 23 24 47 86 45 24 66 59 120 304 537 755 1191 1797 1693 2408 3083 3226 3607 4075 4167 3519 3578 3705 3133
 ... : 9 20 16 15 18 20 28 19 23 24 47 86 45 24 66 59 120 304 537 755 1191 1797 1693 2408 3083 3226 3607 4068 4190 3586 3589 3708 3133
 ... : 9 20 16 15 18 20 28 19 23 24 47 86 45 24 66 59 120 304 537 755 1191 1797 1693 2408 3083 3226 3607 4068 4211 3669 3594 3710 3133
 ... : 9 20 16 15 18 20 28 19 23 24 47 86 45 24 66 59 120 304 537 755 1191 1797 1693 2408 3083 3226 3610 4081 4255 3719 3601 3710 3133
 ... : 9 20 16 15 18 20 28 19 23 24 47 86 45 24 66 59 120 304 537 755 1191 1797 1693 2408 3082 3227 3611 4090 4296 3772 3606 3711 3133
 ... : 9 20 16 15 18 20 28 19 23 24 47 86 45 24 66 59 120 304 537 755 1191 1797 1693 2408 3082 3227 3611 4093 4339 3847 3607 3711 3133
 ... : 9 20 16 15 18 20 28 19 23 24 47 86 45 24 66 59 120 304 537 755 1191 1797 1693 2408 3082 3227 3611 4092 4374 3916 3612 3711 3133
 ... : 9 20 16 15 18 20 28 19 23 24 47 86 45 24 66 59 120 304 537 755 1191 1797 1693 2408 3082 3227 3611 4092 4412 3981 3616 3712 3133
 ... : 9 20 16 15 18 20 28 19 23 24 47 86 45 24 66 59 120 304 537 755 1191 1797 1693 2408 3082 3227 3611 4094 4451 4054 3618 3713 3133
 ... : 9 20 16 15 18 20 28 19 23 24 47 86 45 24 66 59 120 304 537 755 1191 1797 1693 2408 3082 3227 3611 4094 4486 4130 3623 3713 3133
 ... : 9 20 16 15 18 20 28 19 23 24 47 86 45 24 66 59 120 304 537 755 1191 1797 1693 2408 3082 3227 3611 4094 4497 4213 3627 3713 3133
 ... : 9 20 16 15 18 20 28 19 23 24 47 86 45 24 66 59 120 304 537 755 1191 1797 1693 2408 3082 3227 3611 4094 4541 4275 3633 3713 3133
 ... : 9 20 16 15 18 20 28 19 23 24 47 86 45 24 66 59 120 304 537 755 1191 1797 1693 2408 3082 3227 3611 4098 4552 4314 3641 3713 3133
 ... : 9 20 16 15 18 20 28 19 23 24 47 86 45 24 66 59 120 304 537 755 1191 1797 1693 2408 3082 3227 3611 4099 4568 4358 3643 3716 3133
 ... : 9 20 16 15 18 20 28 19 23 24 47 86 45 24 66 59 120 304 537 755 1191 1797 1693 2408 3082 3227 3611 4099 4581 4398 3647 3716 3133
 ... : 9 20 16 15 18 20 28 19 23 24 47 86 45 24 66 59 120 304 537 755 1191 1797 1693 2408 3082 3227 3612 4097 4590 4436 3652 3717 3133
 ... : 9 20 16 15 18 20 28 19 23 24 47 86 45 24 66 59 120 304 537 755 1191 1797 1693 2408 3082 3227 3609 4091 4589 4495 3656 3717 3133
 ... : 9 20 16 15 18 20 28 19 23 24 47 86 45 24 66 59 120 304 537 755 1191 1797 1693 2408 3082 3227 3609 4089 4594 4545 3676 3722 3133
 ... : 9 20 16 15 18 20 28 19 23 24 47 86 45 24 66 59 120 304 537 755 1191 1796 1689 2408 3079 3227 3611 4095 4607 4576 3719 3736 3134
 ... : 9 20 16 15 18 20 28 19 23 24 47 86 45 24 66 59 120 304 537 755 1191 1796 1689 2408 3079 3227 3616 4102 4630 4613 3749 3743 3134
 ... : 9 20 16 15 18 20 28 19 23 24 47 86 45 24 66 59 120 304 537 755 1191 1796 1689 2408 3079 3229 3618 4109 4652 4649 3788 3755 3134
 ... : 9 20 16 15 18 20 28 19 23 24 47 86 45 24 66 59 120 304 537 755 1191 1796 1689 2408 3079 3229 3620 4118 4667 4680 3834 3764 3134
 ... : 9 20 16 15 18 20 28 19 23 24 47 86 45 24 66 59 120 304 537 755 1191 1796 1689 2408 3079 3229 3622 4125 4691 4712 3877 3770 3134
 ... : 9 20 16 15 18 20 28 19 23 24 47 86 45 24 66 59 120 304 537 755 1191 1796 1689 2408 3079 3229 3623 4132 4706 4742 3920 3786 3135
 ... : 9 20 16 15 18 20 28 19 23 24 47 86 45 24 66 59 120 304 537 755 1191 1796 1689 2408 3079 3231 3627 4142 4727 4779 3950 3799 3135
 ... : 9 20 16 15 18 20 28 19 23 24 47 86 45 24 66 59 120 304 537 755 1191 1796 1689 2408 3079 3231 3631 4144 4736 4814 4002 3808 3135
 ... : 9 20 16 15 18 20 28 19 23 24 47 86 45 24 66 59 120 304 537 755 1191 1796 1689 2408 3079 3231 3633 4151 4745 4847 4040 3814 3135
 ... : 9 20 16 15 18 20 28 19 23 24 47 86 45 24 66 59 120 304 537 755 1191 1796 1689 2408 3079 3231 3633 4151 4756 4894 4087 3826 3135
 ... : 9 20 16 15 18 20 28 19 23 24 47 86 45 24 66 59 120 304 537 755 1191 1796 1689 2408 3079 3231 3633 4146 4754 4939 4147 3835 3135
 ... : 9 20 16 15 18 20 28 19 23 24 47 86 45 24 66 59 120 304 537 755 1191 1796 1689 2408 3079 3231 3633 4144 4756 4988 4195 3842 3135
 ... : 9 20 16 15 18 20 28 19 23 24 47 86 45 24 66 59 120 304 537 755 1191 1796 1689 2408 3078 3231 3633 4145 4762 5034 4248 3851 3135
 ... : 9 20 16 15 18 20 28 19 23 24 47 86 45 24 66 59 120 304 537 755 1191 1796 1689 2408 3078 3231 3633 4145 4770 5073 4301 3856 3135
 ... : 9 20 16 15 18 20 28 19 23 24 47 86 45 24 66 59 120 304 537 755 1191 1796 1689 2408 3078 3231 3633 4142 4776 5120 4357 3861 3135
 ... : 9 20 16 15 18 20 28 19 23 24 47 86 45 24 66 59 120 304 537 755 1191 1796 1689 2408 3078 3231 3633 4142 4778 5174 4402 3863 3135
 ... : 9 20 16 15 18 20 28 19 23 24 47 86 45 24 66 59 120 304 537 755 1191 1796 1689 2408 3078 3231 3633 4142 4780 5212 4459 3868 3135
 ... : 9 20 16 15 18 20 28 19 23 24 47 86 45 24 66 59 120 304 537 755 1191 1796 1689 2408 3078 3231 3633 4144 4795 5257 4509 3872 3135
 ... : 9 20 16 15 18 20 28 19 23 24 47 86 45 24 66 59 120 304 537 755 1191 1796 1689 2408 3078 3231 3633 4144 4812 5290 4551 3878 3135
 ... : 9 20 16 15 18 20 28 19 23 24 47 86 45 24 66 59 120 304 537 755 1191 1796 1689 2408 3078 3231 3633 4144 4815 5321 4603 3884 3135
 ... : 9 20 16 15 18 20 28 19 23 24 47 86 45 24 66 59 120 304 537 755 1191 1796 1689 2408 3078 3231 3633 4144 4822 5364 4650 3886 3135
 ... : 9 20 16 15 18 20 28 19 23 24 47 86 45 24 66 59 120 304 537 755 1191 1796 1689 2408 3078 3231 3633 4144 4835 5401 4705 3890 3135
 ... : 9 20 16 15 18 20 28 19 23 24 47 86 45 24 66 59 120 304 537 755 1191 1796 1689 2408 3078 3231 3633 4142 4848 5453 4762 3893 3135
 ... : 9 20 16 15 18 20 28 19 23 24 47 86 45 24 66 59 120 304 537 755 1191 1796 1689 2408 3078 3231 3635 4144 4857 5494 4817 3894 3135
 ... : 9 20 16 15 18 20 28 19 23 24 47 86 45 24 66 59 120 304 537 755 1191 1796 1689 2408 3078 3231 3635 4144 4864 5535 4870 3895 3135
 ... : 9 20 16 15 18 20 28 19 23 24 47 86 45 24 66 59 120 304 537 755 1191 1796 1689 2408 3078 3231 3635 4145 4871 5571 4907 3899 3135
 ... : 9 20 16 15 18 20 28 19 23 24 47 86 45 24 66 59 120 304 537 755 1191 1796 1689 2408 3078 3232 3637 4151 4883 5617 4944 3907 3135
 ... : 9 20 16 15 18 20 28 19 23 24 47 86 45 24 66 59 120 304 537 755 1191 1796 1689 2408 3078 3232 3637 4151 4891 5651 4985 3909 3135
 ... : 9 20 16 15 18 20 28 19 23 24 47 86 45 24 66 59 120 304 537 755 1191 1796 1689 2408 3078 3232 3637 4151 4902 5689 5041 3915 3135
 ... : 9 20 16 15 18 20 28 19 23 24 47 86 45 24 66 59 120 304 537 755 1191 1796 1689 2408 3078 3232 3637 4154 4911 5722 5105 3922 3135
 ... : 9 20 16 15 18 20 28 19 23 24 47 86 45 24 66 59 120 304 537 755 1191 1796 1689 2408 3078 3232 3637 4154 4909 5747 5164 3927 3135
 ... : 9 20 16 15 18 20 28 19 23 24 47 86 45 24 66 59 120 304 537 755 1191 1796 1689 2408 3078 3232 3637 4149 4908 5784 5224 3932 3135
 ... : 9 20 16 15 18 20 28 19 23 24 47 86 45 24 66 59 120 304 537 755 1191 1796 1689 2408 3078 3232 3637 4146 4912 5815 5288 3936 3135
 ... : 9 20 16 15 18 20 28 19 23 24 47 86 45 24 66 59 120 304 537 755 1191 1796 1689 2408 3078 3232 3637 4146 4924 5873 5336 3940 3135
 ... : 9 20 16 15 18 20 28 19 23 24 47 86 45 24 66 59 120 304 537 755 1191 1796 1689 2408 3078 3232 3637 4146 4936 5927 5389 3943 3135
 ... : 9 20 16 15 18 20 28 19 23 24 47 86 45 24 66 59 120 304 537 755 1191 1796 1689 2408 3078 3232 3637 4143 4942 5975 5450 3947 3135
 ... : 9 20 16 15 18 20 28 19 23 24 47 86 45 24 66 59 120 304 537 755 1191 1796 1689 2408 3078 3232 3637 4143 4945 6012 5512 3950 3135
 ... : 9 20 16 15 18 20 28 19 23 24 47 86 45 24 66 59 120 304 537 755 1191 1796 1689 2408 3078 3232 3637 4143 4961 6064 5565 3953 3135
 ... : 9 20 16 15 18 20 28 19 23 24 47 86 45 24 66 59 120 304 537 755 1191 1796 1689 2408 3078 3232 3637 4143 4968 6107 5633 3955 3136
 ... : 9 20 16 15 18 20 28 19 23 24 47 86 45 24 66 59 120 304 537 755 1191 1796 1689 2408 3078 3232 3637 4142 4979 6148 5688 3961 3136
 ... : 9 20 16 15 18 20 28 19 23 24 47 86 45 24 66 59 120 304 537 755 1191 1796 1689 2408 3078 3232 3637 4141 4984 6189 5749 3961 3136
 ... : 9 20 16 15 18 20 28 19 23 24 47 86 45 24 66 59 120 304 537 755 1191 1796 1689 2408 3078 3232 3637 4141 4988 6229 5821 3964 3136
 ... : 9 20 16 15 18 20 28 19 23 24 47 86 45 24 66 59 120 304 537 755 1191 1796 1689 2408 3078 3232 3639 4144 4997 6268 5884 3968 3136
 ... : 9 20 16 15 18 20 28 19 23 24 47 86 45 24 66 59 120 304 537 755 1191 1796 1689 2408 3078 3232 3639 4144 4997 6308 5960 3969 3136
 ... : 9 20 16 15 18 20 28 19 23 24 47 86 45 24 66 59 120 304 537 755 1191 1796 1689 2408 3078 3232 3639 4144 4999 6345 6036 3970 3136
 ... : 9 20 16 15 18 20 28 19 23 24 47 86 45 24 66 59 120 304 537 755 1191 1796 1689 2408 3078 3232 3639 4144 5001 6390 6105 3973 3136
 ... : 9 20 16 15 18 20 28 19 23 24 47 86 45 24 66 59 120 304 537 755 1191 1796 1689 2408 3078 3232 3639 4142 5004 6439 6179 3975 3136
 ... : 9 20 16 15 18 20 28 19 23 24 47 86 45 24 66 59 120 304 537 755 1191 1796 1689 2408 3078 3232 3639 4142 5004 6457 6248 3981 3136
 ... : 9 20 16 15 18 20 28 19 23 24 47 86 45 24 66 59 120 304 537 755 1191 1796 1689 2408 3078 3232 3639 4142 5005 6487 6324 3982 3137
 ... : 9 20 16 15 18 20 28 19 23 24 47 86 45 24 66 59 120 304 537 755 1191 1796 1689 2408 3078 3232 3641 4145 5007 6525 6375 3985 3139
 ... : 9 20 16 15 18 20 28 19 23 24 47 86 45 24 66 59 120 304 537 755 1191 1796 1689 2408 3078 3232 3641 4145 5009 6552 6437 3991 3139
 ... : 9 20 16 15 18 20 28 19 23 24 47 86 45 24 66 59 120 304 537 755 1191 1796 1689 2408 3078 3232 3641 4143 5012 6564 6513 4004 3139
 ... : 9 20 16 15 18 20 28 19 23 24 47 86 45 24 66 59 120 304 537 755 1191 1796 1689 2408 3078 3232 3641 4143 5011 6584 6580 4013 3139
 ... : 9 20 16 15 18 20 28 19 23 24 47 86 45 24 66 59 120 304 537 755 1191 1796 1689 2408 3078 3232 3641 4141 5007 6584 6653 4025 3139
 ... : 9 20 16 15 18 20 28 19 23 24 47 86 45 24 66 59 120 304 537 755 1191 1796 1689 2408 3078 3232 3641 4141 5008 6589 6706 4031 3139
 ... : 9 20 16 15 18 20 28 19 23 24 47 86 45 24 66 59 120 304 537 755 1191 1796 1689 2408 3078 3233 3645 4144 5011 6590 6756 4038 3139
 ... : 9 20 16 15 18 20 28 19 23 24 47 86 45 24 66 59 120 304 537 755 1191 1796 1689 2408 3078 3233 3647 4149 5014 6602 6814 4050 3139
 ... : 9 20 16 15 18 20 28 19 23 24 47 86 45 24 66 59 120 304 537 755 1191 1796 1689 2408 3078 3233 3647 4149 5016 6618 6864 4057 3139
 ... : 9 20 16 15 18 20 28 19 23 24 47 86 45 24 66 59 120 304 537 755 1191 1796 1689 2408 3078 3233 3647 4152 5020 6631 6905 4067 3140
 ... : 9 20 16 15 18 20 28 19 23 24 47 86 45 24 66 59 120 304 537 755 1191 1796 1689 2408 3078 3235 3650 4168 5040 6645 6922 4095 3141
 ... : 9 20 16 15 18 20 28 19 23 24 47 86 45 24 66 59 120 304 537 755 1191 1796 1689 2408 3078 3235 3649 4169 5065 6696 6952 4097 3141
 ... : 9 20 16 15 18 20 28 19 23 24 47 86 45 24 66 59 120 304 537 755 1191 1796 1689 2408 3078 3235 3649 4169 5066 6706 7008 4136 3141
 ... : 9 20 16 15 18 20 28 19 23 24 47 86 45 24 66 59 120 304 537 755 1191 1796 1689 2408 3078 3235 3651 4173 5071 6715 7032 4190 3141
 ... : 9 20 16 15 18 20 28 19 23 24 47 86 45 24 66 59 120 304 537 755 1191 1796 1689 2408 3078 3236 3653 4178 5088 6744 7073 4195 3141
 ... : 9 20 16 15 18 20 28 19 23 24 47 86 45 24 66 59 120 304 537 755 1191 1796 1689 2408 3078 3239 3654 4184 5098 6773 7092 4205 3141
 ... : 9 20 16 15 18 20 28 19 23 24 47 86 45 24 66 59 120 304 537 755 1191 1796 1689 2408 3078 3239 3654 4183 5109 6814 7139 4210 3141
 ... : 9 20 16 15 18 20 28 19 23 24 47 86 45 24 66 59 120 304 537 755 1191 1796 1689 2408 3078 3241 3657 4185 5122 6841 7185 4211 3141
 ... : 9 20 16 15 18 20 28 19 23 24 47 86 45 24 66 59 120 304 537 755 1191 1796 1689 2408 3077 3242 3656 4183 5126 6869 7219 4218 3141
 ... : 9 20 16 15 18 20 28 19 23 24 47 86 45 24 66 59 120 304 537 755 1191 1796 1689 2408 3077 3242 3656 4181 5132 6902 7265 4223 3141
 ... : 9 20 16 15 18 20 28 19 23 24 47 86 45 24 66 59 120 304 537 755 1191 1796 1689 2408 3077 3242 3656 4181 5133 6923 7314 4225 3141
 ... : 9 20 16 15 18 20 28 19 23 24 47 86 45 24 66 59 120 304 537 755 1191 1796 1689 2408 3077 3242 3656 4175 5147 6960 7325 4228 3141
 ... : 9 20 16 15 18 20 28 19 23 24 47 86 45 24 66 59 120 304 537 755 1191 1796 1689 2408 3077 3242 3656 4162 5138 6988 7364 4228 3141
 ... : 9 20 16 15 18 20 28 19 23 24 47 86 45 24 66 59 120 304 537 755 1191 1796 1689 2408 3077 3242 3656 4143 5122 6956 7393 4229 3141
 ... : 9 20 16 15 18 20 28 19 23 24 47 86 45 24 66 59 120 304 537 755 1191 1796 1689 2408 3077 3242 3656 4140 5121 6954 7420 4234 3141
 ... : 9 20 16 15 18 20 28 19 23 24 47 86 45 24 66 59 120 304 537 755 1191 1796 1689 2408 3077 3242 3656 4140 5128 6973 7465 4236 3141
 ... : 9 20 16 15 18 20 28 19 23 24 47 86 45 24 66 59 120 304 537 755 1191 1796 1689 2408 3077 3242 3656 4137 5132 6996 7506 4244 3141
 ... : 9 20 16 15 18 20 28 19 23 24 47 86 45 24 66 59 120 304 537 755 1191 1796 1689 2408 3077 3242 3656 4136 5134 7018 7558 4245 3141
 ... : 9 20 16 15 18 20 28 19 23 24 47 86 45 24 66 59 120 304 537 755 1191 1796 1689 2408 3077 3242 3656 4133 5133 7022 7610 4246 3141
 ... : 9 20 16 15 18 20 28 19 23 24 47 86 45 24 66 59 120 304 537 755 1191 1796 1689 2408 3077 3242 3656 4133 5140 7038 7657 4282 3142
 ... : 9 20 16 15 18 20 28 19 23 24 47 86 45 24 66 59 120 304 537 755 1191 1796 1689 2408 3077 3242 3656 4134 5146 7050 7689 4330 3144
 ... : 9 20 16 15 18 20 28 19 23 24 47 86 45 24 66 59 120 304 537 755 1191 1795 1689 2406 3077 3241 3645 4136 5154 7074 7723 4372 3145
