initialized model with 212 latches, 213 inputs and 1 properties
tsim: performed 21 steps
tsim: found cycle from 19
checking bound 0
checking bound 1
checking bound 2
tdecomp: unrolling 2 cycles
tsim: performed 19 steps
tsim: found cycle from 17
tsim: found 1 constants and 0 latch equivalences
tdecomp: (212, 852) -> (206, 244)
   2 : 6 2
   3 : 6 3 1
   4 : 6 3 0 2
completing final invariant with sub-IC3 call...
num_solve_calls = 125
num_solve_sat_calls = 43
num_solve_unsat_calls = 11
num_solve_approx_calls = 53
num_solve_approx_unsat_calls = 23
num_solve_conflicts = 93
num_solve_decisions = 13311
num_solve_propagations = 134134
avg_solve_conflicts = 1
avg_solve_decisions = 107
avg_solve_propagations = 1074
avg_solve_unsat_decisions = 0.000
stddev_solve_unsat_decisions = 0.000
num_added_cubes = 16
num_subsumed_cubes = 5
num_gc_frame = 6
num_reset = 0
num_try_blocking = 47
get_bad_cube_time = 0.018
rec_block_cube_time = 0.002
propagate_forward_time = 0.002
generalize_model_time = 0.008
generalize_and_push_time = 0.001
try_blocking_time = 0.004
reset_time = 0.000
clausify_time = 0.057
preprocess_time = 0.009
solve_time = 0.018
solve_sat_time = 0.009
solve_unsat_time = 0.009
prove_time = 0.096
memory_used_mb = 9
total_time = 0.155
Safe
