initialized model with 212 latches, 213 inputs and 1 properties
tsim: performed 21 steps
tsim: found cycle from 19
checking bound 0
checking bound 1
checking bound 2
tdecomp: unrolling 2 cycles
tsim: performed 19 steps
tsim: found cycle from 17
tsim: found 1 constants and 0 latch equivalences
tdecomp: (212, 852) -> (209, 245)
   2 : 1 0
   3 : 1 1 1
   4 : 1 1 1 0
   5 : 1 1 1 1 2
   6 : 1 1 1 1 1 1
   7 : 2 2 2 2 1 0 10
completing final invariant with sub-IC3 call...
num_solve_calls = 217
num_solve_sat_calls = 66
num_solve_unsat_calls = 21
num_solve_approx_calls = 101
num_solve_approx_unsat_calls = 51
num_solve_conflicts = 93
num_solve_decisions = 17983
num_solve_propagations = 126270
avg_solve_conflicts = 1
avg_solve_decisions = 83
avg_solve_propagations = 582
avg_solve_unsat_decisions = 0.000
stddev_solve_unsat_decisions = 0.000
num_added_cubes = 36
num_subsumed_cubes = 17
num_gc_frame = 18
num_reset = 0
num_try_blocking = 97
get_bad_cube_time = 0.010
rec_block_cube_time = 0.010
propagate_forward_time = 0.001
generalize_model_time = 0.002
generalize_and_push_time = 0.001
try_blocking_time = 0.011
reset_time = 0.000
clausify_time = 0.086
preprocess_time = 0.009
solve_time = 0.020
solve_sat_time = 0.013
solve_unsat_time = 0.007
prove_time = 0.127
memory_used_mb = 9
total_time = 0.206
Safe
