initialized model with 212 latches, 213 inputs and 1 properties
tsim: performed 21 steps
tsim: found cycle from 19
checking bound 0
checking bound 1
checking bound 2
tdecomp: unrolling 2 cycles
tsim: performed 19 steps
tsim: found cycle from 17
tsim: found 1 constants and 0 latch equivalences
tdecomp: (212, 852) -> (206, 244)
   2 : 6 1
   3 : 6 2 3
   4 : 6 2 0 6
completing final invariant with sub-IC3 call...
num_solve_calls = 161
num_solve_sat_calls = 50
num_solve_unsat_calls = 14
num_solve_approx_calls = 68
num_solve_approx_unsat_calls = 36
num_solve_conflicts = 107
num_solve_decisions = 14918
num_solve_propagations = 148054
avg_solve_conflicts = 1
avg_solve_decisions = 93
avg_solve_propagations = 920
avg_solve_unsat_decisions = 0.000
stddev_solve_unsat_decisions = 0.000
num_added_cubes = 24
num_subsumed_cubes = 10
num_gc_frame = 8
num_reset = 0
num_try_blocking = 57
get_bad_cube_time = 0.017
rec_block_cube_time = 0.003
propagate_forward_time = 0.000
generalize_model_time = 0.008
generalize_and_push_time = 0.001
try_blocking_time = 0.003
reset_time = 0.000
clausify_time = 0.043
preprocess_time = 0.009
solve_time = 0.015
solve_sat_time = 0.008
solve_unsat_time = 0.007
prove_time = 0.081
memory_used_mb = 9
total_time = 0.147
Safe
