initialized model with 40 latches, 40 inputs and 1 properties
tsim: reached all X state
tsim: performed 2 steps
checking bound 0
checking bound 1
checking bound 2
tdecomp: unrolling 2 cycles
tsim: reached all X state
tsim: performed 2 steps
tdecomp: no improvement found, reverting original model
   2 : 0 0
completing final invariant with sub-IC3 call...
num_solve_calls = 6
num_solve_sat_calls = 0
num_solve_unsat_calls = 0
num_solve_approx_calls = 0
num_solve_approx_unsat_calls = 0
num_solve_conflicts = 13880
num_solve_decisions = 65871
num_solve_propagations = 2409054
avg_solve_conflicts = 2314
avg_solve_decisions = 10979
avg_solve_propagations = 401509
avg_solve_unsat_decisions = 0.000
stddev_solve_unsat_decisions = 0.000
num_added_cubes = 0
num_subsumed_cubes = 0
num_gc_frame = 0
num_reset = 0
num_try_blocking = 0
get_bad_cube_time = 0.087
rec_block_cube_time = 0.000
propagate_forward_time = 0.000
generalize_model_time = 0.000
generalize_and_push_time = 0.000
try_blocking_time = 0.000
reset_time = 0.000
clausify_time = 0.405
preprocess_time = 0.021
solve_time = 0.509
solve_sat_time = 0.000
solve_unsat_time = 0.509
prove_time = 0.952
memory_used_mb = 20
total_time = 1.430
Safe
