initialized model with 256 latches, 49 inputs and 1 properties
tsim: reached all X state
tsim: performed 2 steps
checking bound 0
checking bound 1
checking bound 2
tdecomp: unrolling 2 cycles
tsim: reached all X state
tsim: performed 2 steps
tdecomp: no improvement found, reverting original model
 ... : 200
   2 : 248 33
 ... : 280 120
 ... : 312 196
 ... : 277 312
 ... : 265 409
   3 : 95 70 492
   4 : 95 53 63 454
   5 : 94 26 19 58 478
   6 : 94 16 4 29 71 467
   7 : 94 16 0 12 56 515 0
num_solve_calls = 19355
num_solve_sat_calls = 5220
num_solve_unsat_calls = 1102
num_solve_approx_calls = 10552
num_solve_approx_unsat_calls = 7244
num_solve_conflicts = 570005
num_solve_decisions = 1610937
num_solve_propagations = 207307606
avg_solve_conflicts = 30
avg_solve_decisions = 84
avg_solve_propagations = 10711
avg_solve_unsat_decisions = 14.433
stddev_solve_unsat_decisions = 47.601
num_added_cubes = 3204
num_subsumed_cubes = 2511
num_gc_frame = 57
num_reset = 2
num_try_blocking = 7764
get_bad_cube_time = 54.722
rec_block_cube_time = 3.266
propagate_forward_time = 1.206
generalize_model_time = 2.170
generalize_and_push_time = 2.224
try_blocking_time = 4.361
reset_time = 0.050
clausify_time = 0.265
preprocess_time = 0.050
solve_time = 63.317
solve_sat_time = 13.026
solve_unsat_time = 50.291
prove_time = 63.939
memory_used_mb = 14
total_time = 64.489
Safe
