initialized model with 159 latches, 17 inputs and 1 properties
tsim: reached all X state
tsim: performed 10 steps
checking bound 0
checking bound 1
checking bound 2
tdecomp: unrolling 2 cycles
tsim: reached all X state
tsim: performed 8 steps
tdecomp: no improvement found, reverting original model
   2 : 77 105
   3 : 69 121 129
 ... : 71 120 294
   4 : 69 105 154 159
 ... : 69 105 147 334
   5 : 69 111 157 262 208
 ... : 69 111 157 261 404
 ... : 69 111 158 264 591
   6 : 69 111 158 258 471 271
 ... : 69 111 159 265 488 404
 ... : 69 111 162 272 500 546
 ... : 69 111 164 276 511 685
   7 : 69 111 164 265 456 597 246
 ... : 69 111 164 265 460 632 355
 ... : 69 111 164 266 466 644 421
 ... : 69 111 165 263 460 637 455
   8 : 69 110 164 262 448 630 282 228
 ... : 69 110 164 262 453 646 323 290
 ... : 69 110 164 262 453 660 374 327
 ... : 69 110 164 262 453 665 414 392
 ... : 69 110 164 262 454 673 463 455
 ... : 69 110 164 262 454 675 506 543
 ... : 69 110 164 262 454 678 558 617
 ... : 69 110 164 262 454 687 613 677
 ... : 69 110 164 262 453 679 635 723
 ... : 69 110 164 262 453 682 669 780
   9 : 69 110 164 258 447 660 646 499 293
 ... : 69 110 164 258 447 661 657 539 352
 ... : 69 110 164 258 447 661 663 592 421
 ... : 69 110 164 258 447 661 667 652 475
 ... : 69 110 164 258 447 664 683 703 523
 ... : 69 110 164 258 447 665 695 755 575
 ... : 69 110 164 258 447 665 710 808 629
 ... : 69 110 164 258 447 665 718 840 662
 ... : 69 110 164 258 447 664 724 901 718
 ... : 69 110 164 258 447 664 729 960 779
 ... : 69 110 164 258 447 664 733 1014 853
 ... : 69 110 164 258 447 667 744 1061 909
 ... : 69 110 164 258 447 669 754 1102 978
 ... : 69 110 164 258 447 670 772 1151 1031
 ... : 69 110 164 258 447 670 784 1201 1095
 ... : 69 110 164 258 447 670 777 1221 1135
 ... : 69 110 164 258 450 682 804 1266 1173
  10 : 69 110 164 258 448 649 715 1073 840 332
 ... : 69 110 164 258 448 648 722 1113 892 351
 ... : 69 110 164 258 448 648 723 1122 948 406
 ... : 69 110 164 258 448 648 723 1139 1000 463
 ... : 69 110 164 258 448 648 726 1163 1052 513
 ... : 69 110 164 258 448 648 729 1186 1098 553
 ... : 69 110 164 258 448 652 751 1245 1142 553
 ... : 69 110 164 258 448 654 761 1281 1150 553
 ... : 69 110 164 258 448 654 765 1281 1088 456
 ... : 69 110 164 258 448 654 765 1285 1120 474
 ... : 69 110 164 258 448 654 765 1298 1178 523
 ... : 69 110 164 258 448 654 772 1328 1230 557
 ... : 69 110 164 258 448 654 774 1378 1298 563
 ... : 69 110 164 258 448 654 774 1392 1352 615
 ... : 69 110 164 258 448 654 777 1414 1407 665
 ... : 69 110 164 258 448 654 777 1425 1462 715
 ... : 69 110 164 258 448 654 777 1437 1517 770
 ... : 69 110 164 258 448 654 778 1455 1567 815
 ... : 69 110 164 258 448 654 782 1469 1621 865
 ... : 69 110 164 258 448 655 784 1489 1671 920
 ... : 69 110 164 258 448 655 783 1506 1721 965
 ... : 69 110 164 258 448 655 783 1523 1760 1014
 ... : 69 110 164 258 448 655 783 1536 1807 1070
 ... : 69 110 164 258 448 655 786 1563 1863 1100
 ... : 69 110 164 258 448 655 787 1569 1919 1157
 ... : 69 110 164 258 448 655 791 1568 1883 1119
 ... : 69 110 164 258 448 655 794 1591 1935 1165
 ... : 69 110 164 258 448 655 794 1608 1978 1208
 ... : 69 110 164 258 448 655 797 1627 2018 1253
 ... : 69 110 164 258 448 658 813 1664 2071 1267
 ... : 69 110 164 258 448 662 825 1680 2104 1315
 ... : 69 110 164 258 448 663 825 1689 2135 1364
 ... : 69 110 164 258 448 663 827 1699 2182 1420
 ... : 69 110 164 258 448 662 833 1735 2221 1442
 ... : 69 110 164 258 448 662 838 1756 2278 1483
 ... : 69 110 164 259 449 664 842 1771 2321 1532
 ... : 69 110 164 259 449 664 842 1778 2379 1588
 ... : 69 110 164 259 449 664 844 1795 2435 1639
 ... : 69 110 164 259 451 671 858 1816 2476 1676
 ... : 69 110 164 259 451 671 877 1856 2513 1700
 ... : 69 110 164 259 451 671 880 1880 2572 1731
 ... : 69 110 164 259 451 671 881 1890 2623 1781
 ... : 69 110 164 259 451 671 884 1908 2675 1826
 ... : 69 110 164 259 451 671 884 1920 2730 1880
 ... : 69 110 164 259 451 671 884 1928 2773 1925
 ... : 69 110 164 259 451 671 885 1942 2818 1976
 ... : 69 110 164 259 451 671 890 1966 2854 2016
 ... : 69 110 166 261 455 680 899 1992 2894 2041
 ... : 69 110 166 261 455 680 903 2013 2937 2086
 ... : 69 110 166 261 456 688 914 2023 2974 2129
 ... : 69 110 166 261 456 689 920 2040 3010 2161
 ... : 69 110 166 261 456 692 940 2065 3041 2195
 ... : 69 110 166 261 457 703 966 2101 3083 2195
 ... : 69 110 166 261 457 703 966 2118 3128 2234
 ... : 69 110 166 261 457 703 966 2120 3160 2302
 ... : 69 110 166 261 457 702 973 2142 3196 2347
 ... : 69 110 166 261 457 702 974 2155 3250 2404
 ... : 69 110 166 261 457 712 990 2183 3285 2423
 ... : 69 110 166 261 458 714 999 2206 3315 2462
 ... : 69 110 166 261 459 716 1008 2233 3351 2505
 ... : 69 110 166 261 460 720 1024 2270 3378 2523
 ... : 69 110 166 261 461 722 1028 2276 3415 2557
 ... : 69 110 166 261 461 722 1028 2284 3459 2602
 ... : 69 110 166 261 461 722 1028 2299 3507 2649
 ... : 69 110 166 261 461 722 1029 2316 3558 2688
 ... : 69 110 166 261 461 722 1030 2321 3552 2688
 ... : 69 111 170 265 468 732 1045 2342 3561 2678
 ... : 69 111 170 265 468 732 1045 2321 3439 2737
 ... : 69 111 170 265 468 732 1047 2325 3440 2526
 ... : 69 111 170 265 468 732 1052 2333 3371 2404
 ... : 69 111 170 265 468 732 1052 2348 3427 2453
 ... : 69 111 170 265 468 732 1052 2354 3479 2502
 ... : 69 111 170 265 469 735 1058 2373 3520 2544
 ... : 69 111 170 265 469 735 1059 2383 3568 2596
 ... : 69 111 170 265 469 735 1059 2402 3620 2634
 ... : 69 111 170 265 469 736 1064 2425 3658 2670
 ... : 69 111 170 265 469 736 1071 2451 3695 2700
 ... : 69 111 170 265 469 736 1077 2468 3708 2731
 ... : 69 111 170 265 469 736 1078 2490 3753 2769
 ... : 69 111 170 265 469 736 1079 2506 3750 2753
 ... : 69 111 170 265 469 737 1082 2530 3750 2792
 ... : 69 111 170 265 469 737 1082 2556 3786 2810
 ... : 69 111 170 265 469 737 1085 2570 3832 2859
 ... : 69 111 170 265 469 737 1087 2592 3873 2897
  11 : 68 109 166 260 437 702 944 2262 3437 2418 696
 ... : 68 109 166 260 437 695 929 2219 3436 2452 737
 ... : 68 109 166 260 437 695 929 2221 3451 2501 790
 ... : 68 109 166 260 437 695 930 2225 3474 2544 821
 ... : 68 109 166 260 437 695 930 2230 3483 2592 870
 ... : 68 109 166 260 437 700 945 2253 3511 2625 885
 ... : 68 109 166 260 437 700 948 2268 3538 2652 913
 ... : 68 109 167 264 443 707 961 2278 3552 2669 925
 ... : 68 109 167 265 451 715 977 2308 3582 2692 926
 ... : 68 112 168 268 457 720 984 2314 3597 2715 941
 ... : 68 112 168 268 457 720 983 2295 3581 2714 962
 ... : 68 112 168 268 457 720 982 2291 3546 2702 1015
 ... : 68 112 168 268 457 720 982 2305 3573 2741 1039
 ... : 68 112 168 268 457 720 983 2309 3594 2788 1078
 ... : 68 112 168 268 457 720 983 2311 3607 2834 1119
 ... : 68 112 168 268 457 720 983 2311 3617 2877 1177
 ... : 68 112 168 268 457 720 983 2311 3630 2921 1231
 ... : 68 112 168 268 457 720 986 2314 3614 2960 1256
 ... : 68 112 168 268 459 726 994 2334 3637 2991 1279
 ... : 68 112 168 268 459 726 994 2339 3659 3040 1331
 ... : 68 112 168 268 459 728 998 2355 3691 3082 1355
 ... : 68 112 168 268 459 728 998 2356 3711 3133 1409
 ... : 68 112 168 268 459 730 1001 2365 3736 3183 1448
 ... : 68 112 168 268 459 730 1001 2366 3753 3224 1494
 ... : 68 112 168 268 459 730 1003 2369 3762 3275 1534
 ... : 68 112 168 268 459 730 1003 2374 3784 3327 1581
 ... : 68 112 168 268 459 730 1003 2377 3796 3375 1628
 ... : 68 112 168 268 459 730 1004 2382 3821 3426 1670
 ... : 68 112 168 268 459 730 1004 2382 3825 3474 1721
 ... : 68 112 168 268 459 730 1004 2384 3833 3528 1776
 ... : 68 112 168 268 459 730 1004 2385 3844 3585 1823
 ... : 68 112 168 268 459 730 1004 2392 3873 3636 1858
 ... : 68 112 168 268 459 730 1004 2393 3883 3702 1906
 ... : 68 112 168 268 459 730 1004 2390 3895 3737 1944
 ... : 68 112 168 268 459 730 1007 2406 3933 3774 1955
 ... : 68 112 168 268 459 730 1008 2430 3979 3825 1955
 ... : 68 112 168 268 459 730 1011 2445 4019 3875 1961
 ... : 68 112 168 268 459 730 1015 2452 4037 3917 2010
 ... : 68 112 168 268 459 730 1015 2456 4058 3967 2052
 ... : 68 112 168 268 459 730 1015 2454 4066 4016 2108
 ... : 68 112 168 268 459 730 1015 2455 4077 4068 2158
 ... : 68 112 168 268 459 730 1015 2457 4084 4096 2227
 ... : 68 112 168 268 459 730 1015 2458 4086 4125 2275
 ... : 68 112 168 268 459 730 1015 2459 4083 4163 2325
 ... : 68 112 168 268 459 730 1015 2460 4092 4223 2378
 ... : 68 112 168 268 459 730 1015 2459 4095 4277 2449
 ... : 68 112 168 268 459 730 1015 2459 4100 4323 2490
 ... : 68 112 168 268 459 730 1015 2458 4105 4373 2550
 ... : 68 112 168 268 459 730 1015 2459 4115 4426 2595
 ... : 68 112 168 268 459 730 1015 2460 4132 4474 2644
 ... : 68 112 168 268 459 730 1015 2465 4155 4530 2687
 ... : 68 112 168 268 459 730 1015 2464 4168 4579 2729
 ... : 68 112 168 268 460 732 1017 2465 4135 4625 2784
 ... : 68 112 168 268 460 732 1019 2466 4143 4619 2797
 ... : 68 112 168 268 460 732 1020 2474 4168 4664 2834
 ... : 68 112 168 268 460 733 1033 2493 4191 4698 2864
 ... : 68 112 168 268 460 735 1035 2500 4203 4729 2895
 ... : 68 112 168 268 460 735 1035 2501 4210 4773 2941
 ... : 68 112 168 268 460 735 1035 2501 4221 4801 2978
 ... : 68 112 168 268 460 735 1035 2509 4248 4840 2999
 ... : 68 112 168 268 460 735 1036 2525 4278 4872 3024
 ... : 68 112 168 268 460 735 1040 2543 4310 4917 3050
 ... : 68 112 168 268 460 735 1038 2548 4320 4944 3081
  12 : 67 112 168 264 448 720 965 2244 3626 4533 2522 701
 ... : 67 112 168 264 448 720 965 2244 3628 4571 2559 748
 ... : 67 112 168 264 448 720 965 2244 3628 4599 2624 787
 ... : 67 112 168 264 448 720 965 2244 3628 4605 2688 841
 ... : 67 112 168 264 448 720 965 2244 3628 4613 2740 902
 ... : 67 112 168 264 448 720 965 2244 3628 4632 2787 945
 ... : 67 112 168 264 448 720 965 2244 3628 4641 2852 1003
 ... : 67 112 168 264 448 720 965 2244 3628 4655 2909 1064
 ... : 67 112 168 264 448 720 965 2244 3629 4673 2957 1123
 ... : 67 112 168 264 448 720 965 2244 3630 4685 3012 1169
 ... : 67 112 168 264 448 720 965 2244 3631 4709 3063 1200
 ... : 67 112 168 264 448 720 965 2244 3631 4724 3121 1260
 ... : 67 112 168 264 448 720 965 2244 3631 4741 3181 1317
 ... : 67 112 168 264 448 720 965 2244 3632 4754 3241 1373
 ... : 67 112 168 264 448 720 965 2247 3638 4775 3291 1422
 ... : 67 112 168 264 448 720 967 2254 3659 4829 3337 1422
 ... : 67 112 168 264 448 720 967 2254 3667 4855 3392 1451
 ... : 67 112 168 264 448 720 967 2254 3670 4866 3429 1493
 ... : 67 112 168 264 448 720 967 2254 3680 4921 3480 1500
 ... : 67 112 168 264 448 720 967 2256 3688 4942 3517 1534
 ... : 67 112 168 264 448 720 967 2256 3696 4981 3554 1556
 ... : 67 112 168 264 448 720 967 2256 3698 5009 3614 1594
 ... : 67 112 168 264 448 720 967 2256 3700 5021 3651 1629
 ... : 67 112 168 264 448 720 967 2256 3706 5043 3701 1678
 ... : 67 112 168 264 448 720 967 2256 3708 5056 3758 1731
 ... : 67 112 168 264 448 720 967 2256 3708 5068 3816 1782
 ... : 67 112 168 264 448 720 971 2266 3722 5087 3852 1815
 ... : 67 112 168 264 448 721 973 2280 3752 5118 3874 1837
 ... : 67 112 168 264 448 721 975 2288 3771 5171 3913 1837
 ... : 67 112 168 264 448 721 975 2289 3773 5181 3971 1895
 ... : 67 112 168 264 448 721 975 2290 3779 5197 4013 1948
 ... : 67 112 168 264 448 721 975 2291 3785 5218 4061 1989
 ... : 67 112 168 264 448 721 975 2290 3791 5241 4104 2029
 ... : 67 112 168 264 448 726 998 2327 3817 5249 4117 2042
 ... : 67 112 168 264 448 726 1002 2339 3852 5293 4123 2042
 ... : 67 112 168 264 448 726 1004 2344 3870 5332 4164 2042
 ... : 67 112 168 264 448 726 1004 2347 3882 5357 4202 2079
 ... : 67 112 168 264 448 726 1004 2348 3887 5375 4237 2126
 ... : 67 112 168 264 448 726 1004 2350 3891 5397 4290 2172
 ... : 67 112 168 264 448 726 1004 2350 3897 5416 4326 2203
 ... : 67 112 168 264 448 726 1004 2350 3897 5430 4371 2259
 ... : 67 112 168 264 448 726 1004 2353 3903 5458 4420 2296
 ... : 67 112 168 264 448 726 1004 2346 3907 5470 4452 2347
 ... : 67 112 168 264 448 726 1004 2345 3915 5498 4499 2372
 ... : 67 112 168 264 448 727 1006 2349 3919 5507 4544 2424
 ... : 67 112 168 264 448 727 1006 2349 3919 5527 4601 2471
 ... : 67 112 168 264 448 727 1006 2352 3925 5541 4639 2528
 ... : 67 112 168 264 448 727 1007 2354 3946 5596 4691 2528
 ... : 67 112 168 264 448 727 1008 2366 3984 5646 4720 2529
 ... : 67 112 168 264 448 727 1007 2371 3996 5667 4770 2547
 ... : 67 112 168 264 448 727 1010 2374 4008 5691 4819 2584
 ... : 67 112 168 264 448 727 1010 2374 4009 5705 4871 2640
 ... : 67 112 168 264 448 727 1010 2374 4013 5716 4906 2710
 ... : 67 112 168 264 448 727 1015 2384 4031 5750 4949 2732
 ... : 67 112 168 264 448 727 1015 2386 4037 5766 4991 2779
 ... : 67 112 168 264 448 727 1015 2386 4038 5780 5045 2825
 ... : 67 112 168 264 448 727 1015 2386 4034 5805 5087 2866
 ... : 67 112 168 264 448 727 1015 2386 4054 5853 5136 2876
 ... : 67 112 168 264 448 727 1015 2386 4055 5867 5194 2929
 ... : 67 112 168 264 448 727 1015 2386 4056 5883 5245 2985
 ... : 67 112 168 264 448 727 1015 2386 4064 5906 5293 3030
 ... : 67 112 168 264 448 727 1015 2386 4067 5929 5342 3075
 ... : 67 112 168 264 448 727 1015 2386 4069 5946 5384 3131
 ... : 67 112 168 264 448 727 1015 2386 4071 5966 5438 3177
 ... : 67 112 168 264 448 727 1015 2386 4070 5973 5483 3225
 ... : 67 112 168 264 448 727 1015 2386 4072 5989 5533 3270
 ... : 67 112 168 264 448 727 1015 2386 4072 6001 5585 3332
 ... : 67 112 168 264 448 727 1015 2387 4077 6001 5630 3373
 ... : 67 112 168 264 448 727 1015 2387 4077 6001 5647 3439
 ... : 67 112 168 264 448 727 1015 2388 4080 6020 5691 3493
 ... : 67 112 168 264 448 727 1019 2405 4123 6071 5703 3493
 ... : 67 112 168 264 448 727 1021 2414 4141 6106 5750 3493
 ... : 67 112 168 264 449 730 1028 2424 4159 6143 5793 3498
 ... : 67 112 168 264 449 730 1029 2424 4165 6163 5834 3539
 ... : 67 112 168 264 449 730 1029 2424 4169 6179 5879 3588
 ... : 67 112 168 264 449 730 1030 2427 4176 6199 5918 3626
 ... : 67 112 168 264 449 730 1030 2428 4181 6226 5969 3671
 ... : 67 112 168 264 449 730 1030 2432 4187 6243 6012 3715
 ... : 67 112 168 264 449 730 1030 2432 4188 6262 6050 3768
 ... : 67 112 168 264 449 730 1030 2436 4206 6280 6077 3801
 ... : 67 112 168 264 449 730 1031 2439 4220 6305 6112 3832
 ... : 67 112 168 264 449 730 1031 2439 4220 6318 6153 3887
 ... : 67 112 168 264 449 730 1031 2442 4227 6352 6193 3914
 ... : 67 112 168 264 449 730 1031 2445 4239 6378 6229 3953
 ... : 67 112 168 264 449 730 1033 2447 4249 6403 6269 3991
 ... : 67 112 168 264 449 730 1034 2450 4252 6419 6316 4020
 ... : 67 112 168 264 449 730 1034 2450 4252 6428 6363 4081
 ... : 67 112 168 264 449 730 1034 2452 4264 6457 6404 4111
 ... : 67 112 168 264 449 730 1034 2452 4274 6484 6447 4153
 ... : 67 112 168 264 449 730 1034 2452 4276 6507 6498 4202
 ... : 67 112 168 264 449 730 1034 2452 4278 6534 6548 4246
 ... : 67 112 168 264 449 730 1034 2452 4282 6547 6596 4295
 ... : 67 112 168 264 449 730 1034 2453 4286 6566 6652 4338
 ... : 67 112 168 264 449 730 1034 2453 4287 6574 6703 4401
 ... : 67 112 168 264 449 730 1034 2455 4297 6602 6748 4438
 ... : 67 112 168 264 449 730 1034 2455 4298 6607 6799 4498
 ... : 67 112 168 264 449 730 1034 2455 4299 6626 6848 4548
 ... : 67 112 168 264 449 730 1037 2464 4312 6653 6885 4574
 ... : 67 112 168 264 449 731 1042 2475 4321 6672 6927 4614
 ... : 67 112 168 264 449 731 1042 2475 4323 6673 6964 4661
 ... : 67 112 168 264 449 731 1042 2475 4324 6677 7011 4712
 ... : 67 112 168 264 449 731 1042 2475 4325 6691 7066 4759
 ... : 67 112 168 264 449 731 1042 2483 4347 6714 7094 4786
 ... : 67 112 168 264 449 732 1044 2490 4365 6743 7143 4804
 ... : 67 112 168 264 449 732 1044 2490 4366 6758 7195 4864
 ... : 67 112 168 264 449 732 1046 2496 4381 6782 7235 4902
 ... : 67 112 168 264 449 732 1046 2501 4401 6823 7283 4902
 ... : 67 112 168 264 449 732 1047 2505 4418 6848 7324 4928
 ... : 67 112 168 264 449 732 1048 2512 4432 6871 7368 4975
 ... : 67 112 168 264 449 732 1049 2518 4444 6885 7395 5017
 ... : 67 112 168 264 449 736 1062 2543 4469 6907 7401 5017
 ... : 67 112 168 264 449 736 1063 2544 4478 6930 7413 5009
 ... : 67 112 168 264 449 736 1063 2544 4483 6950 7464 5059
 ... : 67 112 168 264 449 736 1065 2556 4498 6968 7494 5097
 ... : 67 112 168 264 449 736 1066 2561 4513 6995 7533 5130
 ... : 67 112 168 264 449 736 1066 2561 4521 7024 7579 5174
 ... : 67 112 168 264 449 736 1066 2561 4524 7035 7621 5231
 ... : 67 112 168 264 449 736 1066 2561 4524 6993 7624 5247
 ... : 67 112 168 264 449 736 1065 2559 4528 7015 7652 5276
 ... : 67 112 168 264 449 736 1065 2560 4532 7041 7697 5314
 ... : 67 112 168 264 449 736 1065 2560 4535 7067 7748 5347
 ... : 67 112 168 264 449 736 1065 2561 4541 7082 7788 5399
 ... : 67 112 168 264 449 736 1065 2560 4537 7071 7739 5341
 ... : 67 112 168 264 449 736 1065 2560 4536 7051 7667 5292
 ... : 67 112 168 264 449 736 1065 2563 4546 7077 7710 5325
 ... : 67 112 168 264 449 736 1065 2563 4546 7097 7753 5382
 ... : 67 112 168 264 449 736 1065 2563 4546 7107 7811 5438
 ... : 67 112 168 264 449 736 1064 2556 4525 7087 7792 5474
 ... : 67 112 168 264 449 736 1064 2556 4529 7103 7823 5500
 ... : 67 112 168 264 449 736 1064 2557 4537 7118 7870 5540
 ... : 67 112 168 264 449 736 1064 2557 4543 7143 7917 5580
 ... : 67 112 168 264 449 736 1064 2559 4556 7168 7952 5610
 ... : 67 112 168 264 449 736 1064 2559 4559 7185 7995 5661
 ... : 67 112 168 264 449 736 1065 2568 4588 7230 8022 5675
 ... : 67 112 168 264 449 736 1068 2575 4603 7245 8052 5683
 ... : 67 112 168 264 449 736 1068 2577 4612 7266 8085 5698
 ... : 67 112 168 264 449 736 1068 2577 4615 7289 8119 5732
 ... : 67 112 168 264 449 736 1067 2577 4622 7279 8032 5613
 ... : 67 112 168 264 449 736 1067 2581 4633 7308 8082 5642
  13 : 67 111 168 261 443 733 1022 2368 3936 6138 6428 4199 1119
 ... : 67 111 168 261 443 733 1022 2369 3940 6146 6466 4247 1140
 ... : 67 111 168 261 443 733 1022 2369 3943 6157 6487 4287 1177
 ... : 67 111 168 261 443 733 1022 2369 3944 6165 6515 4324 1205
  14 : 67 111 168 260 441 725 1015 2353 3896 6111 6477 4335 660 591
 ... : 67 111 168 260 441 725 1015 2353 3900 6147 6514 4348 662 601
 ... : 67 111 168 260 441 725 1015 2353 3901 6158 6530 4385 695 603
 ... : 67 111 168 260 441 725 1015 2353 3901 6164 6549 4425 735 605
 ... : 67 111 168 260 441 725 1015 2353 3901 6164 6549 4434 789 640
 ... : 67 111 168 260 441 725 1015 2353 3901 6164 6552 4443 846 688
 ... : 67 111 168 260 441 725 1015 2353 3901 6164 6552 4455 890 739
 ... : 67 111 168 260 441 725 1015 2353 3901 6164 6553 4462 933 794
 ... : 67 111 168 260 441 725 1015 2353 3901 6168 6563 4489 960 842
 ... : 67 111 168 260 441 725 1015 2353 3901 6172 6574 4516 993 862
 ... : 67 111 168 260 441 725 1015 2353 3901 6169 6576 4528 1031 901
 ... : 67 111 168 260 441 725 1015 2353 3901 6170 6588 4570 1079 925
 ... : 67 111 168 260 441 725 1015 2353 3901 6170 6601 4609 1134 943
 ... : 67 111 168 260 441 725 1015 2353 3901 6170 6597 4605 1184 999
 ... : 67 111 168 260 441 725 1015 2353 3901 6170 6601 4627 1233 1045
 ... : 67 111 168 260 441 725 1015 2353 3901 6170 6603 4642 1270 1089
 ... : 67 111 168 260 441 725 1015 2353 3901 6154 6596 4660 1280 1110
 ... : 67 111 168 260 441 725 1015 2353 3901 6152 6600 4671 1300 1121
 ... : 67 111 168 260 441 725 1015 2353 3903 6177 6625 4686 1321 1138
 ... : 67 111 168 260 441 725 1015 2355 3907 6179 6638 4709 1346 1163
 ... : 67 111 168 260 441 725 1015 2355 3906 6179 6652 4724 1382 1185
 ... : 67 111 168 260 441 725 1015 2355 3906 6180 6660 4751 1417 1215
 ... : 67 111 168 260 441 725 1015 2355 3906 6180 6663 4768 1452 1246
 ... : 67 111 168 260 441 725 1015 2355 3907 6184 6685 4802 1488 1256
 ... : 67 111 168 260 441 725 1015 2355 3907 6185 6701 4834 1538 1276
 ... : 67 111 168 260 441 725 1015 2355 3907 6186 6711 4858 1581 1320
 ... : 67 111 168 260 441 725 1015 2355 3907 6186 6717 4880 1631 1364
 ... : 67 111 168 260 441 725 1015 2355 3907 6186 6718 4895 1685 1417
 ... : 67 111 168 260 441 725 1015 2355 3907 6187 6721 4918 1737 1461
 ... : 67 111 168 260 441 725 1015 2355 3907 6189 6724 4921 1788 1495
 ... : 67 111 168 260 441 725 1015 2355 3909 6197 6736 4941 1823 1531
 ... : 67 111 168 260 441 725 1015 2355 3910 6201 6755 4974 1867 1558
 ... : 67 111 168 260 441 725 1015 2355 3910 6204 6772 5004 1915 1588
 ... : 67 111 168 260 441 725 1015 2355 3910 6205 6777 5018 1949 1628
 ... : 67 111 168 260 441 725 1015 2355 3910 6222 6802 5027 1978 1662
 ... : 67 111 168 260 441 725 1015 2355 3910 6246 6849 5082 1979 1662
 ... : 67 111 168 260 441 725 1015 2355 3910 6250 6883 5135 2003 1664
 ... : 67 111 168 260 441 725 1015 2355 3910 6254 6903 5178 2042 1665
 ... : 67 111 168 260 441 725 1015 2355 3910 6262 6934 5226 2058 1666
 ... : 67 111 168 260 441 725 1015 2355 3910 6266 6946 5255 2116 1666
 ... : 67 111 168 260 441 725 1015 2355 3910 6276 6968 5294 2162 1669
 ... : 67 111 168 260 441 725 1015 2355 3910 6276 6968 5323 2219 1687
 ... : 67 111 168 260 441 725 1015 2355 3910 6276 6969 5333 2268 1741
 ... : 67 111 168 260 441 725 1015 2355 3910 6276 6973 5361 2316 1776
 ... : 67 111 168 260 441 725 1015 2355 3910 6276 6974 5366 2341 1842
 ... : 67 111 168 260 441 725 1015 2355 3911 6280 6981 5377 2348 1863
 ... : 67 111 168 260 441 725 1015 2355 3911 6280 6981 5387 2404 1907
 ... : 67 111 168 260 441 725 1015 2355 3911 6280 6973 5364 2419 1932
  15 : 67 111 168 260 441 725 1015 2334 3796 6030 6399 5124 2272 1293 642
 ... : 67 111 168 260 441 725 1015 2334 3796 6030 6405 5139 2300 1316 666
 ... : 67 111 168 260 441 725 1015 2334 3796 6030 6408 5158 2329 1354 693
 ... : 67 111 168 260 441 725 1015 2334 3796 6030 6411 5171 2347 1394 735
 ... : 67 111 168 260 441 725 1015 2336 3803 6047 6436 5213 2365 1397 743
 ... : 67 111 168 260 441 725 1015 2336 3803 6051 6452 5264 2413 1399 743
 ... : 67 111 168 260 441 725 1016 2338 3809 6064 6475 5302 2457 1406 743
 ... : 67 111 168 260 441 725 1017 2342 3822 6087 6500 5316 2475 1439 747
 ... : 67 111 168 260 441 725 1017 2342 3822 6090 6511 5358 2538 1453 747
 ... : 67 111 168 260 441 725 1017 2342 3822 6090 6511 5368 2583 1528 747
 ... : 67 111 168 260 441 725 1017 2342 3822 6090 6511 5378 2616 1595 748
 ... : 67 111 168 260 441 725 1017 2342 3823 6092 6518 5401 2653 1641 750
 ... : 67 111 168 260 441 725 1017 2342 3823 6093 6520 5405 2669 1683 802
 ... : 67 111 168 260 441 725 1017 2342 3826 6100 6533 5428 2695 1712 816
 ... : 67 111 168 260 441 725 1017 2342 3826 6100 6534 5435 2720 1764 861
 ... : 67 111 168 260 441 725 1017 2342 3826 6100 6535 5440 2731 1806 928
 ... : 67 111 168 260 441 725 1017 2342 3826 6100 6536 5445 2744 1860 980
 ... : 67 111 168 260 441 725 1017 2342 3826 6100 6536 5444 2754 1905 1042
 ... : 67 111 168 260 441 725 1017 2342 3826 6100 6536 5444 2765 1937 1123
 ... : 67 111 168 260 441 725 1017 2342 3826 6100 6536 5445 2774 1964 1179
 ... : 67 111 168 260 441 725 1017 2342 3826 6100 6540 5451 2778 2005 1229
 ... : 67 111 168 260 442 727 1019 2348 3842 6120 6551 5456 2795 2031 1232
 ... : 67 111 168 261 444 728 1023 2356 3858 6144 6584 5463 2795 2031 1232
 ... : 67 111 168 261 444 728 1023 2356 3861 6155 6613 5516 2822 2031 1232
 ... : 67 111 168 261 444 728 1023 2358 3867 6163 6627 5544 2869 2031 1232
 ... : 67 111 168 261 444 728 1024 2361 3876 6178 6650 5569 2905 2033 1232
 ... : 67 111 168 261 444 728 1024 2361 3876 6178 6652 5573 2941 2110 1233
 ... : 67 111 168 261 444 728 1024 2362 3880 6186 6662 5583 2969 2154 1233
 ... : 67 111 168 261 444 728 1025 2365 3890 6204 6688 5601 2992 2176 1233
 ... : 67 111 168 261 444 728 1026 2367 3896 6212 6703 5624 3011 2207 1233
 ... : 67 111 168 260 442 728 1023 2359 3875 6177 6662 5522 2880 2070 1244
 ... : 67 111 168 260 442 728 1023 2359 3875 6177 6662 5522 2881 2073 1263
 ... : 67 111 168 260 442 728 1023 2359 3875 6177 6662 5527 2915 2126 1303
 ... : 67 111 168 260 442 728 1023 2359 3875 6177 6662 5528 2937 2163 1344
  16 : 67 111 168 260 441 728 1020 2355 3853 6134 6449 5433 2886 2130 928 582
 ... : 67 111 168 260 441 729 1024 2372 3887 6165 6458 5434 2887 2130 930 590
 ... : 67 111 169 262 445 738 1035 2389 3905 6186 6485 5436 2887 2130 930 590
 ... : 67 111 169 262 444 738 1035 2398 3918 6201 6498 5436 2887 2130 930 590
 ... : 67 111 168 262 442 737 1033 2392 3910 6197 6522 5458 2890 2131 930 590
 ... : 67 111 168 262 442 737 1031 2385 3905 6202 6541 5464 2890 2126 920 605
 ... : 67 111 168 262 442 737 1031 2385 3908 6214 6566 5502 2918 2128 920 605
 ... : 67 111 168 262 442 737 1031 2385 3909 6221 6592 5548 2955 2128 921 605
 ... : 67 111 168 262 442 737 1031 2385 3909 6222 6604 5577 3000 2145 922 605
 ... : 67 111 168 262 442 737 1031 2385 3909 6223 6615 5602 3036 2186 922 605
 ... : 67 111 168 262 442 737 1031 2385 3911 6230 6631 5620 3070 2208 925 605
 ... : 67 111 168 262 442 737 1031 2391 3917 6231 6632 5633 3087 2258 928 605
 ... : 67 111 168 262 442 738 1034 2400 3937 6266 6656 5635 3074 2170 793 605
 ... : 67 111 168 262 442 738 1038 2413 3966 6296 6685 5646 3076 2170 793 605
 ... : 67 111 168 262 442 738 1038 2410 3958 6284 6674 5644 3072 2146 784 605
 ... : 67 111 168 262 442 738 1038 2410 3958 6284 6674 5644 3072 2148 789 599
  17 : 67 111 168 257 430 739 1037 2391 3905 6215 6571 5649 3064 2139 779 93 513
  18 : 67 111 168 257 430 739 1036 2390 3906 6197 6545 5588 3020 2092 697 87 50 539
  19 : 67 111 168 257 430 739 1036 2390 3906 6197 6545 5588 3020 2092 697 87 50 19 541
  20 : 67 111 168 257 430 739 1036 2390 3906 6197 6545 5588 3020 2092 697 87 50 18 16 534
  21 : 67 111 168 257 430 739 1036 2390 3906 6193 6545 5590 3018 2090 702 95 63 31 25 52 514
 ... : 67 111 168 257 430 739 1036 2390 3906 6193 6545 5590 3018 2092 707 106 74 46 34 60 525
  22 : 67 111 168 257 430 739 1036 2389 3906 6184 6534 5591 3017 2086 701 108 79 44 39 64 49 497
 ... : 67 111 168 257 430 739 1036 2389 3906 6184 6534 5591 3017 2086 702 127 103 57 44 66 59 502
 ... : 67 111 168 257 430 739 1036 2389 3906 6184 6534 5591 3017 2086 704 132 111 62 60 81 83 513
 ... : 67 111 168 257 430 739 1036 2389 3906 6184 6534 5591 3017 2088 709 136 119 71 63 82 96 531
 ... : 67 111 168 257 430 739 1036 2389 3906 6184 6534 5591 3017 2088 711 138 118 72 63 88 127 551
 ... : 67 111 168 257 430 739 1036 2389 3906 6184 6534 5589 3017 2088 718 158 142 90 75 97 130 552
 ... : 67 111 168 257 430 739 1036 2389 3906 6184 6534 5589 3017 2088 717 159 152 111 108 118 133 552
 ... : 67 111 168 257 430 739 1036 2389 3906 6184 6534 5589 3017 2088 726 181 179 123 119 128 135 552
 ... : 67 111 168 257 430 739 1036 2389 3906 6184 6534 5589 3017 2088 718 199 204 158 123 131 135 552
 ... : 67 111 168 257 430 739 1036 2389 3906 6184 6534 5589 3017 2088 719 211 230 181 133 143 137 552
 ... : 67 111 168 257 430 739 1036 2389 3906 6184 6534 5589 3017 2095 730 222 243 191 156 141 137 552
 ... : 67 111 168 257 430 739 1036 2389 3906 6184 6534 5589 3017 2099 750 248 267 204 171 145 139 552
 ... : 67 111 168 257 430 739 1036 2389 3906 6184 6534 5589 3017 2099 753 255 280 229 196 167 147 552
 ... : 67 111 168 257 430 739 1036 2389 3906 6184 6534 5589 3017 2099 754 258 288 241 219 198 151 552
 ... : 67 111 168 257 430 739 1036 2389 3906 6184 6534 5589 3017 2099 754 262 289 233 212 232 177 553
 ... : 67 111 168 257 430 739 1036 2389 3906 6184 6534 5589 3017 2099 754 262 289 237 222 263 233 555
 ... : 67 111 168 257 430 739 1036 2389 3906 6184 6534 5589 3017 2099 754 265 293 239 227 282 278 556
 ... : 67 111 168 257 430 739 1036 2389 3906 6184 6534 5589 3017 2099 754 265 294 240 232 296 314 600
 ... : 67 111 168 257 430 739 1036 2389 3906 6184 6534 5589 3017 2099 754 265 294 240 233 309 341 666
 ... : 67 111 168 257 430 739 1036 2389 3906 6184 6534 5589 3017 2099 754 265 297 244 237 320 356 714
 ... : 67 111 168 257 430 739 1036 2389 3906 6184 6534 5589 3017 2099 754 265 301 255 251 337 381 744
 ... : 67 111 168 257 430 739 1036 2389 3906 6184 6534 5589 3017 2099 754 265 301 262 282 368 413 745
 ... : 67 111 168 257 430 739 1036 2389 3906 6184 6534 5589 3017 2099 754 266 302 259 295 389 448 782
 ... : 67 111 168 257 430 739 1036 2389 3906 6184 6534 5589 3017 2101 757 270 310 267 273 403 471 801
 ... : 67 111 168 257 430 739 1036 2389 3906 6184 6534 5589 3017 2101 757 270 315 282 302 423 488 802
  23 : 67 111 168 257 430 739 1036 2389 3893 6101 6368 5414 3043 2122 818 259 188 151 172 344 407 235 627
  24 : 67 111 168 257 430 739 1036 2389 3893 6101 6366 5412 3042 2122 819 259 188 151 172 344 407 235 91 536
  25 : 67 111 168 257 430 739 1036 2389 3893 6101 6366 5411 3043 2122 819 259 188 151 172 344 407 235 90 31 506
  26 : 67 111 168 257 430 739 1036 2389 3893 6101 6366 5411 3043 2122 819 259 188 151 172 344 407 235 90 31 65 441
  27 : 67 111 168 257 430 739 1036 2389 3893 6101 6366 5411 3043 2122 819 259 188 151 172 344 407 235 90 31 63 44 412
