initialized model with 57 latches, 3 inputs and 1 properties
tsim: reached all X state
tsim: performed 10 steps
checking bound 0
checking bound 1
checking bound 2
tdecomp: unrolling 2 cycles
tsim: reached all X state
tsim: performed 8 steps
tdecomp: no improvement found, reverting original model
   2 : 5 8
   3 : 5 3 8
   4 : 5 3 2 7
   5 : 5 3 2 2 7
   6 : 5 5 6 6 7 17
   7 : 5 5 6 6 7 4 14
   8 : 5 5 6 6 7 4 2 13
   9 : 4 4 3 3 8 3 5 3 27
 ... : 4 4 3 3 9 8 21 21 58
 ... : 4 5 7 9 29 15 37 33 60
 ... : 4 5 9 9 40 48 76 50 60
 ... : 4 7 11 8 45 51 96 93 60
 ... : 4 4 4 8 29 48 112 113 63
 ... : 4 4 4 7 22 10 45 63 69
 ... : 4 4 6 6 19 17 46 58 105
 ... : 4 4 6 6 19 21 60 63 134
  10 : 4 4 6 6 19 18 57 55 69 68
  11 : 4 4 6 6 19 18 57 55 67 31 39
  12 : 4 4 6 6 19 18 57 55 67 31 14 26
 ... : 4 4 6 6 19 19 59 56 90 64 32 35
 ... : 4 4 6 6 19 20 59 61 92 82 76 38
 ... : 4 4 8 9 24 28 72 70 103 97 88 38
 ... : 4 4 8 9 24 28 72 71 101 105 129 63
 ... : 4 4 8 12 28 25 73 72 99 105 145 113
 ... : 4 4 7 11 27 26 71 79 104 121 158 113
 ... : 4 4 3 4 18 25 70 79 107 112 153 151
 ... : 4 4 3 3 11 15 70 76 98 105 144 187
 ... : 4 4 3 3 11 5 19 24 47 91 157 187
 ... : 4 4 3 3 11 5 19 22 36 48 93 184
  13 : 4 4 3 3 11 5 18 21 32 35 46 85 78
  14 : 4 4 3 3 11 5 18 21 32 35 46 85 58 20
  15 : 4 4 3 3 11 5 18 21 32 35 46 85 58 2 20
 ... : 4 4 6 6 16 9 26 23 31 28 40 83 61 4 24
 ... : 4 7 10 16 32 24 38 39 35 30 40 66 53 6 24
 ... : 4 7 10 16 31 34 50 55 64 65 47 67 53 6 24
 ... : 4 5 6 13 31 32 54 65 86 76 64 69 53 6 24
 ... : 4 5 6 14 33 33 56 69 86 105 90 95 59 6 24
 ... : 4 5 5 8 18 11 49 68 81 115 100 123 78 7 24
 ... : 4 5 5 8 18 11 49 68 80 118 100 147 111 27 27
 ... : 4 5 5 10 22 15 46 69 88 125 112 155 123 42 30
 ... : 4 5 6 11 22 16 50 74 94 135 121 163 129 45 30
 ... : 4 5 6 11 22 16 42 62 73 113 87 98 104 75 34
 ... : 4 5 6 11 22 16 42 62 73 112 87 97 111 102 79
  16 : 3 4 7 9 21 15 35 53 60 89 71 71 47 30 137 54
  17 : 3 4 7 9 19 15 31 43 40 56 46 41 49 33 137 34 23
  18 : 3 4 7 9 19 15 31 40 41 56 45 39 49 34 137 34 4 21
  19 : 3 4 7 9 19 15 31 40 40 56 45 36 49 34 137 34 4 2 22
  20 : 3 4 7 9 19 15 31 40 40 56 45 36 49 34 137 36 7 7 8 29
 ... : 3 4 7 9 19 16 33 49 44 60 48 46 46 27 140 37 6 4 8 31
 ... : 3 4 7 9 20 14 36 57 52 63 64 54 51 40 150 37 6 4 8 31
 ... : 3 4 7 9 20 14 36 57 52 63 64 56 53 40 165 59 10 4 8 31
 ... : 3 4 7 9 20 14 36 58 53 70 78 75 78 54 163 64 14 4 8 31
 ... : 3 4 7 9 20 14 36 58 54 72 79 76 96 97 182 65 14 4 8 31
 ... : 3 4 7 9 20 14 36 58 54 72 77 79 104 114 214 67 14 4 8 31
 ... : 3 4 7 9 20 14 36 58 54 72 78 79 102 118 256 105 17 4 8 31
 ... : 3 4 7 9 20 14 36 58 54 72 78 79 100 120 259 162 42 9 8 32
 ... : 3 4 7 9 20 14 36 57 53 69 80 80 100 118 261 185 69 10 8 32
 ... : 3 4 7 9 20 14 36 57 53 69 78 80 96 117 257 189 108 18 8 32
 ... : 3 4 7 9 20 14 36 56 53 69 76 83 99 115 254 176 142 26 8 32
 ... : 3 4 7 9 20 14 36 56 53 69 75 80 106 121 258 184 181 31 8 32
 ... : 3 4 7 9 20 14 37 56 55 70 73 87 105 120 261 192 189 40 8 32
 ... : 3 4 7 9 20 14 37 57 56 74 77 94 106 123 262 208 196 40 8 32
 ... : 3 4 7 9 20 14 37 57 56 74 77 92 105 126 263 221 220 75 10 47
 ... : 3 4 7 9 22 15 35 53 53 80 84 100 116 133 272 222 216 95 15 47
 ... : 3 4 7 8 22 15 31 47 55 88 88 104 121 139 279 242 226 96 16 47
 ... : 3 4 7 8 22 15 31 47 55 88 88 103 122 142 287 252 233 117 27 51
 ... : 3 4 7 8 22 15 31 47 55 88 87 101 117 133 284 249 231 182 32 51
 ... : 3 4 7 8 22 15 31 47 55 88 87 101 117 134 287 249 225 229 37 52
 ... : 3 4 7 8 22 15 31 47 55 88 87 101 117 135 291 258 231 247 80 55
 ... : 3 4 7 8 22 15 31 47 55 88 87 102 124 141 290 252 237 254 90 55
 ... : 3 4 7 8 22 15 31 47 54 89 94 105 129 141 301 259 254 260 92 55
 ... : 3 4 8 9 21 17 31 47 56 98 95 105 132 145 301 277 269 264 93 56
 ... : 3 4 8 9 21 17 31 47 56 98 94 105 134 147 307 281 257 282 133 75
 ... : 3 4 8 9 21 17 31 47 56 98 94 106 133 145 302 276 246 277 166 78
 ... : 3 4 8 9 21 17 31 47 56 98 94 106 134 141 304 275 244 264 215 80
 ... : 3 4 8 9 21 18 32 46 57 103 100 112 142 147 308 278 248 271 236 86
 ... : 3 4 8 9 21 18 32 46 58 107 106 120 153 163 323 286 257 275 241 86
 ... : 3 4 8 9 21 18 32 46 58 106 107 122 159 170 336 298 273 297 250 86
 ... : 3 4 8 9 21 18 32 46 58 108 110 126 168 184 351 312 275 294 266 86
 ... : 3 4 8 9 21 18 32 46 58 108 110 124 169 193 363 327 292 313 277 88
 ... : 3 4 8 9 21 18 32 46 57 106 114 126 171 201 382 340 306 317 277 88
 ... : 3 4 8 9 22 18 34 47 56 105 114 122 167 197 377 344 322 329 280 88
 ... : 3 4 8 9 21 18 38 47 67 121 132 131 169 199 387 349 325 330 280 88
 ... : 3 5 9 11 23 19 40 46 73 134 130 139 179 208 394 359 325 330 280 88
 ... : 3 5 9 11 23 19 40 46 73 134 130 134 175 204 391 378 345 348 285 90
 ... : 3 5 9 11 23 19 40 46 73 134 130 134 176 203 394 381 339 361 317 109
 ... : 3 5 9 10 20 23 49 56 85 141 141 141 182 210 400 387 343 366 317 109
 ... : 3 5 10 13 24 28 57 61 90 144 146 150 191 216 415 392 346 369 317 109
 ... : 3 4 8 13 24 29 59 64 90 151 160 157 201 224 418 397 346 369 317 109
 ... : 3 4 8 13 24 29 59 64 90 151 160 156 193 220 428 403 364 383 320 112
 ... : 3 4 8 13 24 29 59 64 90 150 156 151 195 216 427 408 357 375 347 124
 ... : 3 4 8 13 24 29 59 64 90 150 156 153 193 208 398 405 350 346 355 124
 ... : 3 4 8 13 24 29 59 64 90 150 156 153 193 208 401 405 364 357 384 146
 ... : 3 4 8 13 24 29 59 64 90 148 153 152 187 184 386 418 364 360 389 146
 ... : 3 4 8 13 24 27 58 66 90 134 151 160 194 189 394 425 366 360 389 146
 ... : 3 4 8 13 24 27 58 66 92 138 153 160 191 191 383 431 385 364 389 146
 ... : 3 4 8 13 24 27 58 66 92 138 152 161 184 186 369 431 402 397 393 146
 ... : 3 4 8 13 24 26 57 68 93 142 153 162 186 187 361 439 398 414 403 152
 ... : 3 4 8 13 26 26 52 72 95 144 157 169 190 189 364 442 398 415 436 164
 ... : 3 4 8 13 26 27 56 77 99 143 160 169 196 194 374 447 404 426 449 170
 ... : 3 4 8 13 26 27 56 76 102 146 161 171 200 204 384 453 411 429 458 204
 ... : 3 4 8 13 26 27 56 76 102 146 161 173 201 205 381 454 417 441 463 231
 ... : 3 4 8 13 26 27 56 76 102 146 161 173 201 205 380 455 423 444 470 258
 ... : 3 4 8 13 26 27 56 76 102 147 160 170 206 204 378 452 433 451 476 265
 ... : 3 4 8 13 26 27 56 75 99 143 159 171 203 202 375 455 440 452 495 296
 ... : 3 4 8 13 26 27 56 74 97 142 146 177 211 209 396 470 455 456 495 296
 ... : 3 4 8 13 26 28 60 78 99 147 148 178 211 209 403 480 467 458 495 296
 ... : 3 4 8 13 26 28 61 79 100 150 152 181 213 208 403 483 463 477 511 298
 ... : 3 4 8 13 26 28 61 79 100 152 152 179 211 206 402 482 475 479 522 311
 ... : 3 4 8 13 26 28 61 79 100 152 152 179 211 206 402 482 472 481 517 364
 ... : 3 4 8 13 26 28 61 80 99 147 148 177 212 206 398 488 468 482 520 387
 ... : 3 4 8 13 26 28 61 80 99 147 148 177 212 206 398 479 458 479 501 458
  21 : 3 4 5 14 16 29 45 62 87 113 81 121 144 136 310 322 331 360 362 331 294
  22 : 3 4 5 14 16 29 45 59 79 98 75 121 143 134 166 180 188 243 290 324 335 195
  23 : 3 4 5 13 11 25 45 59 71 96 67 115 137 130 157 177 185 229 279 283 366 126 92
 ... : 3 4 5 13 11 25 45 59 71 96 67 115 137 130 157 177 190 231 290 297 392 127 93
 ... : 3 4 5 13 11 25 45 59 71 96 67 115 137 130 157 177 190 231 290 301 396 172 122
  24 : 3 4 5 13 11 25 45 59 69 92 69 116 136 127 154 170 184 226 257 301 394 162 75 84
 ... : 3 4 5 13 11 25 45 59 69 92 69 116 136 127 154 171 189 237 273 328 406 164 80 92
 ... : 3 4 5 13 11 25 45 59 69 92 69 116 136 127 154 171 190 239 273 328 438 206 88 93
 ... : 3 4 5 13 11 25 45 59 69 92 69 116 136 127 154 172 189 239 277 330 449 230 110 100
 ... : 3 4 5 13 11 25 45 59 69 92 69 116 136 127 154 172 191 242 283 339 475 254 118 100
 ... : 3 4 5 13 11 25 45 59 69 92 69 116 136 127 154 171 188 242 283 337 484 288 160 100
 ... : 3 4 5 13 11 25 45 59 69 94 69 116 137 127 154 168 190 248 300 348 486 292 175 101
 ... : 3 4 5 13 11 25 45 60 69 93 72 117 136 128 152 170 193 250 302 356 490 292 175 101
 ... : 3 4 5 13 11 25 45 60 69 92 74 119 136 129 152 169 193 253 299 362 507 299 176 101
 ... : 3 4 5 13 11 25 45 60 69 91 73 117 136 129 152 167 191 252 294 364 518 335 189 102
 ... : 3 4 5 13 11 25 45 59 69 87 74 118 137 130 154 169 193 256 296 362 521 349 206 104
 ... : 3 4 5 13 11 25 45 59 69 87 74 118 137 131 153 168 192 254 302 363 520 336 248 110
 ... : 3 4 5 13 11 25 45 59 69 87 74 118 137 131 153 169 195 256 305 367 542 342 261 110
 ... : 3 4 5 13 11 25 45 59 69 87 74 118 137 131 153 169 198 261 309 369 550 377 275 112
 ... : 3 4 5 13 11 25 45 59 69 87 74 118 138 133 156 172 196 260 314 371 549 401 296 115
 ... : 3 4 5 13 11 25 46 61 70 91 78 123 143 140 166 178 198 278 323 377 551 401 296 115
 ... : 3 4 5 13 11 25 46 61 71 92 78 124 152 151 179 185 208 287 327 382 555 401 296 115
 ... : 3 4 5 13 11 25 46 61 71 92 78 125 154 152 180 187 211 296 328 385 566 413 302 115
 ... : 3 4 5 10 9 24 45 60 70 90 79 126 155 152 178 193 209 309 341 391 567 414 303 115
 ... : 3 4 8 14 16 26 52 67 76 97 87 135 167 155 179 193 209 309 341 391 567 414 303 115
 ... : 3 5 9 15 16 27 59 76 82 116 98 148 175 159 180 194 210 309 341 391 567 414 303 115
 ... : 3 5 9 15 16 26 43 77 85 127 104 153 181 173 191 203 214 310 344 391 567 414 303 115
 ... : 3 5 9 15 16 26 43 72 87 127 108 155 185 176 195 200 216 319 348 394 568 414 303 115
 ... : 3 5 9 15 16 26 43 72 87 127 108 155 185 177 198 204 221 326 349 402 578 419 308 117
 ... : 3 5 9 15 16 26 43 72 87 127 107 149 177 173 199 201 224 330 355 402 577 421 319 119
 ... : 3 5 9 15 16 26 43 72 87 127 107 150 180 176 199 177 214 339 369 408 580 421 319 119
 ... : 3 5 9 15 16 26 43 72 87 127 108 152 185 178 200 170 220 339 359 426 594 421 319 119
 ... : 3 5 9 15 16 24 37 66 87 127 109 153 185 180 197 170 220 336 344 407 607 441 319 119
 ... : 3 5 9 15 16 24 37 66 87 131 112 157 189 188 203 171 225 346 353 411 610 441 319 119
 ... : 3 5 9 15 16 24 37 67 88 128 117 158 193 189 205 171 229 350 351 418 619 442 319 119
 ... : 3 5 9 15 16 24 37 66 90 119 118 158 189 190 213 178 242 359 353 419 619 442 319 119
 ... : 3 5 9 15 16 24 37 66 90 119 118 157 189 186 212 178 241 364 378 443 630 442 319 119
 ... : 3 5 9 15 16 24 37 66 90 119 118 157 189 186 212 178 241 364 377 440 636 478 336 125
 ... : 3 5 9 15 16 24 37 66 90 119 118 157 189 186 212 178 241 363 375 437 626 478 396 135
 ... : 3 5 9 15 16 24 37 66 90 119 118 157 190 186 208 172 206 370 384 436 635 485 418 137
 ... : 3 5 9 15 16 24 37 66 90 119 118 157 190 186 208 171 206 365 378 436 621 483 457 154
 ... : 3 5 9 15 16 24 37 66 90 119 118 157 190 186 208 170 190 359 372 439 622 494 471 178
 ... : 3 5 9 15 16 24 37 66 90 119 118 157 190 186 206 164 189 355 368 423 615 496 490 222
 ... : 3 5 9 15 16 24 37 66 90 119 119 160 193 189 209 170 191 365 370 420 614 505 498 244
 ... : 3 5 9 15 16 24 37 67 92 120 122 164 201 193 213 173 187 370 380 430 622 509 498 244
 ... : 3 5 9 15 16 24 36 63 81 119 123 165 204 201 218 177 194 362 380 427 626 517 509 264
 ... : 3 5 9 15 16 24 36 63 81 119 123 165 204 201 218 177 194 362 380 426 625 520 510 347
 ... : 3 5 9 15 16 24 36 63 81 119 123 165 204 201 218 177 193 361 386 426 630 534 532 356
 ... : 3 5 9 15 16 24 36 63 81 119 123 165 204 198 218 179 196 364 389 421 623 521 542 401
 ... : 3 5 9 15 16 24 36 63 81 119 123 165 197 198 220 183 198 375 398 431 629 526 543 405
 ... : 3 5 9 15 16 24 36 63 82 118 113 159 197 208 222 188 209 383 408 433 630 526 543 405
 ... : 3 5 9 15 16 24 36 63 82 120 111 160 199 210 230 192 212 390 419 439 630 526 543 405
 ... : 3 5 9 15 16 24 37 64 84 123 114 164 200 211 236 196 215 403 420 448 631 526 543 405
 ... : 3 5 9 15 16 24 37 64 84 125 113 165 201 210 237 199 220 414 439 470 631 526 543 405
 ... : 3 5 9 15 16 24 37 64 84 126 114 166 205 215 240 201 222 410 429 462 661 536 544 405
 ... : 3 5 9 15 16 24 37 64 84 127 114 165 203 215 239 201 222 410 439 449 681 563 562 405
 ... : 3 5 9 15 16 24 37 64 84 127 114 165 203 215 239 201 222 410 439 442 678 577 609 420
 ... : 3 5 9 15 16 24 37 64 84 127 114 165 203 215 240 202 223 416 439 441 681 588 615 471
 ... : 3 5 9 15 16 24 37 64 84 127 114 165 191 209 242 205 225 426 446 447 692 601 623 483
 ... : 3 5 9 15 16 24 37 64 85 128 116 166 196 213 248 209 227 436 450 453 697 603 623 483
 ... : 3 5 9 15 18 26 39 68 90 132 122 167 200 214 249 223 235 442 451 454 697 603 623 483
 ... : 3 6 13 19 22 30 45 76 98 145 127 176 209 219 254 225 235 443 456 454 697 603 623 483
 ... : 3 6 13 19 22 32 49 80 101 148 129 177 211 222 251 225 242 447 459 457 698 603 623 483
 ... : 3 6 14 21 24 38 52 86 104 149 128 184 218 232 257 231 242 447 459 457 698 603 623 483
 ... : 3 6 14 21 24 38 53 88 109 157 136 191 220 236 258 232 245 453 463 458 702 603 624 483
 ... : 3 6 14 21 24 38 53 88 109 157 136 191 220 236 254 229 245 469 469 470 715 607 626 485
 ... : 3 6 14 21 24 38 53 88 109 157 136 191 224 237 256 233 247 476 471 470 714 610 632 490
 ... : 3 6 14 21 24 38 53 88 109 157 136 190 223 235 254 232 247 476 478 472 714 611 642 517
 ... : 3 6 14 21 24 38 53 88 109 157 136 190 223 235 250 232 247 476 478 470 705 605 627 607
 ... : 3 6 14 21 24 38 53 88 109 157 136 189 216 227 236 219 257 486 500 473 705 605 627 607
 ... : 3 6 14 21 24 38 53 88 109 157 136 189 216 228 234 224 244 502 507 494 706 605 627 607
 ... : 3 6 14 21 24 38 53 88 109 157 136 190 215 218 226 205 234 488 500 489 720 609 627 607
 ... : 3 6 14 21 24 38 53 88 109 157 136 190 215 218 217 205 226 470 492 489 720 609 627 607
 ... : 3 6 14 21 24 38 53 88 109 157 133 183 216 210 201 192 220 447 486 492 725 609 627 606
 ... : 3 6 14 21 24 38 53 88 109 157 130 180 215 199 194 193 221 450 469 480 736 611 627 606
 ... : 3 6 14 21 23 37 53 87 109 162 134 186 219 203 198 197 221 444 467 483 739 612 627 606
 ... : 3 6 14 21 23 38 53 87 111 165 132 180 215 202 202 191 228 447 471 485 742 613 627 606
 ... : 3 6 14 21 23 38 53 87 111 165 132 178 213 200 199 189 229 444 475 495 762 619 627 606
 ... : 3 6 14 21 23 38 53 87 111 165 132 178 213 200 199 189 229 443 458 472 733 617 628 606
 ... : 3 6 14 21 23 38 53 87 111 165 132 178 214 203 199 186 220 443 466 479 739 633 630 606
 ... : 3 6 14 21 23 38 53 87 111 165 132 178 214 203 199 186 218 441 459 471 727 664 639 608
 ... : 3 6 14 21 23 38 53 87 111 165 132 177 215 204 202 189 215 440 449 452 689 647 592 609
 ... : 3 6 14 21 23 38 53 87 111 165 132 177 216 206 203 189 216 453 454 457 706 653 597 609
 ... : 3 6 14 21 23 38 53 87 111 165 133 174 211 200 204 196 219 461 462 462 710 663 618 611
 ... : 3 6 14 21 23 38 53 87 111 163 132 166 208 192 198 199 219 450 465 468 715 663 618 611
 ... : 3 6 14 21 23 38 53 87 111 163 132 164 205 191 197 198 217 453 465 477 720 663 618 611
 ... : 3 6 14 21 23 38 53 87 111 163 132 163 205 191 197 198 218 449 455 461 711 679 637 614
 ... : 3 6 14 21 23 38 53 87 111 163 131 165 206 194 191 188 217 449 454 459 697 682 658 620
 ... : 3 6 14 21 23 38 53 87 111 168 134 164 202 188 178 186 209 454 463 460 697 683 658 620
 ... : 3 6 14 21 23 38 53 87 114 168 133 168 207 192 182 191 214 460 473 471 702 686 658 620
 ... : 3 6 14 21 23 38 53 87 113 168 133 172 215 198 184 198 216 464 470 477 715 688 658 620
 ... : 3 6 14 22 24 39 53 88 112 166 141 176 218 199 187 197 213 466 473 479 715 688 658 620
 ... : 4 8 16 25 27 44 56 94 117 175 145 184 226 205 192 201 218 468 473 479 715 688 658 620
 ... : 4 8 16 25 27 44 56 94 117 175 145 184 226 205 192 200 219 468 468 475 716 700 690 630
 ... : 4 8 16 25 27 44 56 94 117 175 145 187 231 212 203 211 230 473 471 473 713 698 699 632
 ... : 4 8 16 25 27 44 57 92 115 177 149 195 241 221 205 211 228 478 491 479 713 698 699 632
 ... : 4 8 16 25 27 44 57 92 113 177 145 194 241 223 206 212 222 482 494 492 724 699 699 632
 ... : 4 8 16 25 27 44 57 93 112 178 147 195 240 223 206 209 222 478 493 485 742 703 699 632
 ... : 4 8 16 25 27 44 57 93 112 178 146 195 240 221 208 211 220 478 493 488 746 708 699 632
 ... : 4 8 16 25 26 45 57 95 113 176 143 192 241 225 208 216 222 475 494 484 745 716 702 632
 ... : 4 8 15 25 27 43 56 88 111 181 147 206 245 230 208 216 221 477 495 484 745 716 702 632
 ... : 4 9 16 26 26 42 54 89 110 183 147 207 249 241 216 223 222 478 499 484 745 716 702 632
 ... : 4 9 16 26 26 42 54 89 111 184 149 209 252 244 215 225 231 485 498 479 732 729 717 632
 ... : 4 9 16 26 27 44 54 90 112 189 150 209 252 242 217 228 230 490 507 486 734 731 717 632
 ... : 4 9 17 28 29 47 55 93 113 192 155 222 260 248 221 230 229 490 507 486 734 731 717 632
 ... : 4 9 17 28 29 47 56 96 113 195 161 226 266 248 218 229 224 495 513 493 738 731 717 632
 ... : 4 9 17 29 30 49 62 101 118 199 165 230 277 263 222 237 228 499 514 493 738 731 717 632
 ... : 4 9 17 29 30 49 62 101 118 199 166 232 278 266 224 239 226 512 519 498 746 733 718 632
 ... : 4 9 17 29 30 49 62 102 121 201 169 234 283 268 231 236 227 522 532 500 749 733 718 632
 ... : 4 9 17 29 30 49 62 102 121 201 169 234 282 266 230 232 232 542 545 517 759 734 718 632
 ... : 3 8 19 34 32 52 67 107 126 204 174 248 290 272 233 233 231 541 546 520 760 734 718 632
 ... : 4 8 8 18 13 41 62 107 128 213 183 251 295 278 235 233 231 541 547 520 760 734 718 632
 ... : 4 8 8 18 13 41 62 106 126 205 176 243 282 257 225 222 223 494 506 487 714 686 699 584
 ... : 4 8 8 18 13 41 62 106 126 205 176 243 282 257 228 224 220 481 516 488 714 678 704 586
 ... : 4 8 8 18 13 41 62 106 126 205 176 243 282 257 228 223 218 472 514 483 719 691 721 589
 ... : 4 8 8 18 13 41 62 106 125 197 178 243 282 257 226 223 213 450 495 475 687 698 728 595
 ... : 4 8 8 18 13 41 62 106 125 197 178 243 282 256 226 222 211 449 490 461 670 645 669 610
 ... : 4 8 8 18 13 41 62 106 125 197 178 246 282 256 225 221 208 440 486 454 642 624 664 603
 ... : 4 8 8 18 13 41 62 106 125 197 178 246 282 255 225 222 208 445 490 456 649 635 677 624
 ... : 4 8 8 18 13 41 62 106 125 197 178 246 282 255 221 217 206 433 491 456 644 637 684 653
 ... : 4 8 8 18 13 41 62 106 125 198 179 248 282 252 224 223 208 434 501 468 647 635 684 653
 ... : 4 8 8 18 13 41 62 106 126 199 180 250 287 252 226 228 208 430 503 478 636 636 684 653
 ... : 4 8 8 18 13 41 62 106 126 199 180 250 283 252 229 222 203 426 475 456 638 630 685 653
 ... : 4 8 8 18 13 41 62 106 126 200 181 252 285 250 230 223 206 426 482 462 646 647 688 653
 ... : 4 8 8 18 13 41 62 106 126 200 181 252 285 250 231 224 210 429 484 455 631 647 702 659
 ... : 4 8 8 18 13 41 62 106 126 200 181 252 285 250 231 224 210 429 482 450 621 637 713 708
 ... : 4 8 8 18 13 41 62 106 126 200 181 252 286 250 233 225 212 433 489 454 621 632 708 730
 ... : 4 8 8 18 13 41 62 106 126 200 181 252 286 250 233 225 211 435 490 455 624 645 726 743
 ... : 4 8 8 18 13 41 62 106 126 200 180 251 283 248 231 223 206 443 494 460 643 653 727 746
 ... : 4 8 8 18 13 41 62 106 126 200 180 251 280 250 233 224 207 442 511 465 650 661 741 746
 ... : 4 8 8 18 13 41 62 106 126 200 179 253 282 253 237 230 211 443 511 466 652 669 756 782
 ... : 4 8 8 18 13 41 62 108 125 202 182 252 286 252 239 233 214 449 518 472 658 672 757 782
 ... : 4 8 8 18 13 41 62 108 125 202 182 252 286 252 239 233 214 449 513 465 653 686 760 817
 ... : 4 8 8 18 13 41 62 108 125 202 182 252 286 252 239 233 214 450 512 463 649 685 775 838
  25 : 4 8 8 17 12 35 43 97 84 169 150 202 230 199 190 179 136 368 307 287 447 576 568 569 411
  26 : 4 8 8 17 12 35 43 97 84 169 150 201 228 199 190 179 133 366 304 280 428 539 491 523 245 232
 ... : 4 8 8 17 12 35 43 97 81 168 148 208 224 204 178 172 128 356 300 278 428 539 493 523 245 233
 ... : 4 5 8 13 14 33 43 97 82 162 146 203 222 199 181 175 127 331 293 273 402 515 472 514 242 234
  27 : 4 5 8 13 13 32 39 90 69 90 85 160 113 177 190 186 129 113 268 208 269 340 452 414 338 101 214
 ... : 4 5 8 13 13 32 39 90 69 90 85 160 113 177 190 186 129 113 268 205 276 338 458 424 361 102 221
 ... : 4 5 8 13 13 32 39 90 69 90 85 160 113 177 190 186 129 113 268 205 278 345 466 436 391 143 221
 ... : 4 5 8 13 13 32 39 90 69 90 85 160 113 177 190 186 129 113 268 204 277 343 460 411 421 198 221
 ... : 4 5 8 13 13 32 39 90 69 90 85 160 113 177 190 186 129 113 268 205 276 345 461 425 442 230 253
 ... : 4 5 8 13 13 32 39 90 69 90 85 160 113 177 190 186 129 113 268 205 276 345 463 427 454 268 296
 ... : 4 5 8 13 13 32 39 90 69 90 85 160 113 177 190 186 129 113 268 205 276 345 464 425 452 312 340
 ... : 4 5 8 13 13 32 39 90 69 90 85 160 113 177 190 186 129 113 268 205 278 348 467 429 464 328 383
 ... : 4 5 8 13 13 32 39 90 69 90 85 160 113 177 190 186 129 113 268 205 278 345 454 426 475 350 422
 ... : 4 5 8 13 13 32 39 90 69 90 85 160 113 177 190 186 129 113 268 205 278 344 454 420 469 366 500
 ... : 4 5 8 13 13 32 39 90 69 90 85 160 113 177 190 186 129 113 268 205 278 344 454 419 480 388 572
 ... : 4 5 8 13 13 32 38 92 79 100 96 175 130 186 194 185 129 113 268 205 278 344 454 419 480 388 572
 ... : 4 5 8 14 13 33 40 91 78 102 98 175 132 194 206 206 147 122 273 208 278 344 454 419 480 388 572
 ... : 4 6 10 15 14 34 39 95 82 109 107 181 140 195 208 207 147 122 273 208 278 344 454 419 480 388 572
 ... : 4 6 8 16 13 34 35 92 84 109 113 169 121 178 181 172 128 102 251 195 267 323 436 388 458 382 572
 ... : 4 6 8 16 13 34 35 92 83 90 115 168 122 176 184 172 134 109 253 195 267 323 436 388 458 382 572
 ... : 4 6 8 16 13 33 33 92 76 82 110 159 122 165 195 176 136 111 254 195 267 323 436 388 458 382 572
 ... : 4 6 8 16 13 34 34 88 68 82 111 160 124 165 195 192 155 117 255 197 267 323 436 388 458 382 572
 ... : 4 6 8 16 14 34 35 89 67 81 110 157 127 172 200 192 163 123 257 190 267 323 436 388 458 382 572
 ... : 4 6 8 16 14 34 35 89 66 83 111 162 133 177 202 187 161 143 274 193 267 323 436 388 458 382 572
 ... : 4 6 8 16 14 34 35 89 66 83 111 164 135 178 205 186 168 148 288 203 265 322 436 388 458 382 572
 ... : 4 6 8 16 14 34 35 89 66 83 111 162 127 183 214 198 181 162 297 207 265 322 436 388 458 382 572
 ... : 4 6 8 16 14 34 35 90 68 83 113 165 128 176 215 205 190 177 306 212 265 322 436 388 458 382 572
 ... : 4 6 8 16 14 34 35 90 68 84 112 175 139 192 224 216 201 181 306 212 265 322 436 388 458 382 572
 ... : 4 6 8 16 14 34 35 90 68 84 112 175 140 199 230 228 221 204 313 215 265 322 436 388 458 382 572
 ... : 4 6 8 16 14 34 35 94 69 83 111 178 147 211 238 232 222 204 313 215 265 322 436 388 458 382 572
 ... : 4 6 8 16 14 34 35 95 73 91 116 185 153 224 244 240 226 205 313 215 265 322 436 388 458 382 572
 ... : 4 6 8 16 14 34 35 95 72 92 116 182 151 221 250 244 246 218 314 213 265 322 436 388 458 382 572
 ... : 4 6 8 16 14 34 36 95 72 92 117 184 153 225 252 246 255 236 329 221 266 322 436 388 458 382 572
 ... : 4 6 8 16 14 34 36 95 72 92 118 189 156 226 254 248 256 236 327 240 271 322 436 388 458 382 572
 ... : 4 6 8 16 14 34 36 96 72 92 121 194 157 228 257 253 266 240 337 254 278 323 437 388 458 382 572
 ... : 4 6 8 16 14 34 36 96 72 92 121 194 157 227 258 256 267 250 362 278 288 323 437 388 458 382 572
 ... : 4 6 8 16 14 34 36 96 72 92 121 194 156 226 258 256 266 245 325 305 300 324 437 388 458 382 572
 ... : 4 6 8 16 14 34 36 96 72 91 121 195 157 230 263 256 264 240 307 304 329 326 437 389 458 382 572
 ... : 4 6 8 16 14 34 36 96 72 91 121 192 154 238 268 271 277 251 306 304 329 326 437 389 458 382 572
 ... : 4 6 8 16 14 34 36 96 72 91 121 191 153 233 262 274 297 270 332 307 329 326 437 389 458 382 572
 ... : 4 6 8 16 14 34 36 96 72 91 121 191 152 230 250 269 292 278 339 324 333 326 437 389 458 382 572
 ... : 4 6 8 16 14 34 36 96 72 91 121 190 152 229 247 269 284 292 360 350 343 327 437 389 458 382 572
 ... : 4 6 8 16 14 34 36 97 74 92 124 195 156 241 262 278 289 299 365 352 343 327 437 389 458 382 572
 ... : 4 6 8 16 14 34 36 97 72 91 125 195 158 245 270 289 306 312 367 352 343 327 437 389 458 382 572
 ... : 4 6 8 15 14 32 34 102 76 92 131 204 169 257 274 292 309 314 367 352 343 327 437 389 458 382 572
 ... : 4 6 8 15 14 32 34 102 76 89 127 198 166 248 260 270 271 279 318 325 331 301 390 380 438 379 571
 ... : 4 6 8 15 14 32 34 102 76 89 127 198 166 247 255 253 260 256 308 316 373 318 391 380 438 379 571
 ... : 4 6 8 15 14 32 34 102 76 89 127 198 165 242 226 246 263 250 306 323 382 327 396 380 438 379 571
 ... : 4 6 8 12 10 30 32 98 72 90 127 195 169 248 235 255 271 251 308 323 382 327 396 380 438 379 571
 ... : 4 6 8 12 10 30 32 97 70 87 123 194 177 251 240 255 268 255 313 326 382 327 396 380 438 379 571
 ... : 4 6 8 12 10 30 32 96 69 88 122 194 177 252 239 254 273 262 332 334 382 327 396 380 438 379 571
 ... : 4 6 8 12 10 30 32 94 68 84 120 191 171 240 231 250 265 250 305 317 370 323 387 370 436 376 565
 ... : 4 6 8 12 10 30 32 94 68 84 120 191 170 240 231 237 246 234 267 297 354 302 394 371 437 376 565
 ... : 4 6 8 12 10 30 32 93 68 84 120 191 170 239 228 229 240 227 270 299 367 327 394 371 437 377 565
 ... : 4 6 8 12 10 30 32 93 68 84 120 191 170 239 228 228 239 227 269 296 365 360 428 376 437 377 565
 ... : 4 6 8 12 10 30 32 93 68 84 118 187 170 238 225 215 246 233 270 282 355 333 376 377 437 377 565
 ... : 4 6 8 12 10 30 32 92 67 85 116 185 159 230 208 189 216 225 274 284 355 333 376 377 437 377 565
 ... : 4 6 8 12 9 28 32 89 61 82 108 173 145 212 190 172 187 186 198 216 288 275 313 361 426 377 565
 ... : 4 6 8 12 9 28 32 89 61 82 108 173 145 212 190 172 187 185 197 216 284 270 297 394 449 377 565
 ... : 4 6 8 12 9 28 32 89 61 82 108 173 145 212 190 172 187 185 197 216 283 254 263 319 392 389 566
 ... : 4 6 8 12 9 28 32 89 61 82 105 173 145 212 190 172 186 185 196 214 284 255 265 304 319 358 573
 ... : 4 6 8 12 9 28 32 89 61 82 105 173 145 212 190 172 186 185 196 212 282 255 267 304 323 362 616
 ... : 4 6 8 12 8 26 29 76 49 73 93 156 137 206 176 164 170 170 183 203 263 256 267 304 323 362 616
 ... : 4 6 8 12 8 26 29 76 49 72 91 152 133 199 171 168 183 171 184 194 263 256 267 304 323 362 616
 ... : 4 6 8 12 8 26 29 76 48 68 86 132 114 193 155 144 178 190 206 205 266 257 267 304 323 362 616
 ... : 4 6 8 12 8 26 29 76 48 68 85 129 111 185 146 131 152 156 178 194 281 260 267 304 323 362 616
 ... : 4 6 8 12 8 26 29 76 48 68 85 129 111 185 146 131 151 154 174 188 278 279 297 311 323 365 616
 ... : 4 6 8 12 8 26 29 76 48 68 85 129 111 185 146 131 151 156 176 184 271 264 278 305 343 374 617
 ... : 4 6 8 12 8 26 29 76 48 68 85 129 111 185 146 131 152 155 175 186 276 274 294 316 345 374 617
 ... : 4 6 8 12 8 26 29 76 48 68 85 129 111 185 146 131 152 155 176 186 276 272 290 315 339 388 639
  28 : 4 6 7 11 8 26 27 49 28 46 44 79 70 121 100 91 75 92 103 104 138 126 115 77 126 117 119 264
 ... : 4 6 7 11 8 26 27 51 33 49 49 84 75 127 110 103 84 100 104 104 138 126 115 77 126 117 119 266
 ... : 4 6 7 11 8 26 27 51 33 50 48 86 78 128 112 104 91 115 125 120 139 126 115 77 126 117 119 266
 ... : 4 6 7 11 8 26 27 51 33 49 45 85 79 126 107 107 97 124 142 148 148 126 115 77 126 117 119 266
 ... : 4 6 7 11 8 26 27 51 33 49 45 85 79 126 107 107 97 123 135 145 183 146 121 77 126 117 119 266
 ... : 4 6 7 11 8 26 27 51 33 49 45 85 79 126 107 107 96 124 139 148 190 168 139 83 126 117 119 266
 ... : 4 6 7 11 8 26 27 51 33 49 45 85 79 126 107 107 96 124 139 148 199 182 174 105 129 117 119 266
 ... : 4 6 7 11 8 26 27 51 33 49 45 85 79 126 107 107 96 125 143 154 203 182 169 118 139 118 119 267
 ... : 4 6 7 11 8 26 27 51 33 49 45 85 79 126 107 107 96 125 143 158 211 192 186 140 161 125 123 273
 ... : 4 6 7 11 8 26 27 51 33 49 45 85 79 127 109 111 100 131 143 158 211 192 186 141 163 134 140 290
 ... : 4 6 7 11 8 26 27 51 33 49 45 85 79 127 109 111 101 128 149 172 226 204 199 150 168 134 140 290
 ... : 4 6 7 11 8 26 27 51 33 49 45 85 79 127 109 112 99 128 149 177 237 218 209 166 173 135 140 292
 ... : 4 6 7 11 8 26 27 51 33 49 45 85 79 127 109 112 99 128 148 177 236 222 213 175 203 164 145 296
 ... : 4 6 7 11 8 26 27 51 33 49 45 85 79 127 109 112 99 128 148 175 236 227 223 176 216 166 150 299
 ... : 4 6 7 11 8 26 27 51 33 49 45 85 79 127 109 112 100 127 150 177 240 235 233 185 228 177 151 300
 ... : 4 6 7 11 8 26 27 51 33 49 45 85 79 127 109 112 100 127 150 177 239 236 235 197 241 210 167 304
 ... : 4 6 7 11 8 26 27 51 33 49 45 87 81 128 111 116 105 137 151 178 239 235 234 192 235 213 197 309
 ... : 4 6 7 11 8 26 27 51 33 49 45 87 81 128 111 116 104 140 166 195 265 249 236 192 235 213 197 309
 ... : 4 6 7 11 8 26 27 51 33 49 45 87 81 128 111 116 103 137 163 195 268 256 267 222 237 214 197 309
 ... : 4 6 7 11 8 26 27 51 33 49 45 87 81 128 111 116 103 137 164 197 272 256 273 231 271 231 199 309
 ... : 4 6 7 11 8 26 27 51 33 49 45 87 81 128 111 116 103 137 163 195 266 252 259 231 280 259 207 310
 ... : 4 6 7 11 8 26 27 51 33 49 45 87 81 128 111 116 103 137 163 195 264 255 259 226 276 258 248 312
 ... : 4 6 7 11 8 26 27 51 33 50 46 89 84 132 113 121 108 147 171 201 264 255 259 226 276 258 251 312
 ... : 4 6 7 11 8 26 27 51 33 50 46 89 84 130 111 119 106 142 163 205 284 279 272 228 276 258 251 312
 ... : 4 6 7 11 8 26 27 51 33 50 46 89 83 130 111 115 104 141 159 202 274 280 271 242 296 265 254 313
 ... : 4 6 7 11 8 26 27 51 33 50 46 89 83 130 111 115 104 141 159 204 276 280 269 244 298 297 287 314
 ... : 4 6 7 11 8 26 27 51 33 50 46 89 83 130 111 115 104 141 159 202 277 278 260 236 295 287 289 358
 ... : 4 6 7 11 8 26 27 51 33 50 46 89 83 130 111 115 104 140 159 202 278 277 260 233 291 272 275 368
 ... : 4 6 7 11 8 26 27 51 33 50 46 89 83 130 111 114 104 140 160 202 282 277 273 239 291 272 275 368
 ... : 4 6 7 11 8 26 27 51 33 50 46 89 83 130 111 114 104 140 160 202 281 275 268 241 296 277 293 381
 ... : 4 6 7 11 8 26 27 51 33 50 46 89 83 130 111 114 104 140 160 202 281 273 265 240 300 280 306 392
 ... : 4 6 7 11 8 26 27 51 33 49 46 89 82 119 105 110 105 144 160 204 301 280 265 240 300 279 299 388
 ... : 4 6 7 11 8 26 27 51 33 49 46 89 82 118 105 110 100 139 158 202 305 302 281 240 300 279 299 388
 ... : 4 6 7 11 8 26 27 51 33 49 46 89 82 117 104 110 99 139 160 201 298 304 308 263 303 279 299 388
 ... : 4 6 7 11 8 26 27 51 33 49 46 89 82 117 104 110 99 139 160 197 292 299 309 294 351 286 299 389
 ... : 4 6 7 11 8 26 27 51 33 49 46 89 82 117 104 110 99 138 160 197 292 296 304 286 353 326 305 389
 ... : 4 6 7 11 8 26 27 51 33 49 46 89 82 117 104 110 99 138 160 197 292 294 302 285 352 337 345 408
 ... : 4 6 7 11 8 26 27 51 33 49 46 89 82 117 104 110 99 138 160 197 292 294 303 282 351 339 367 451
 ... : 4 6 7 11 8 27 28 55 39 56 55 98 88 126 113 113 102 141 163 198 290 292 300 281 349 337 369 459
 ... : 4 6 7 11 8 27 28 55 38 55 54 101 91 134 124 131 119 158 172 201 290 292 300 281 349 337 369 459
 ... : 4 6 7 11 8 27 28 55 38 55 55 103 92 139 128 144 131 168 179 202 291 292 300 281 349 337 369 459
 ... : 4 6 7 11 8 27 28 55 38 55 54 99 91 135 123 134 133 188 209 217 292 292 300 281 349 337 369 459
 ... : 4 6 7 11 8 27 28 55 38 54 54 98 91 134 120 130 130 174 195 216 297 314 306 281 349 337 369 459
 ... : 4 6 7 11 8 27 28 55 38 54 54 97 91 133 120 130 129 170 194 211 295 293 302 292 360 361 375 459
 ... : 4 6 7 11 8 27 28 55 38 54 54 97 91 133 120 129 129 170 193 210 288 288 298 296 369 355 381 471
 ... : 4 6 7 11 8 27 28 55 38 54 54 97 91 133 120 129 128 170 191 210 284 281 291 291 365 369 409 479
 ... : 4 6 7 11 8 27 28 55 37 54 54 97 91 133 120 129 128 165 188 204 272 268 276 284 359 370 414 510
 ... : 4 6 7 11 8 27 29 56 37 62 58 101 92 138 126 136 130 170 190 206 272 267 274 283 358 365 409 511
 ... : 4 6 7 11 8 27 29 56 36 56 59 112 97 143 134 146 141 176 198 209 272 267 274 283 358 365 409 511
 ... : 4 6 7 11 8 27 29 56 33 50 53 111 105 159 149 163 143 176 204 212 272 267 274 283 358 365 409 511
 ... : 4 6 7 11 8 27 29 56 33 50 53 111 103 153 147 161 159 201 227 218 272 267 274 283 358 365 409 511
 ... : 4 6 7 11 8 27 29 56 33 50 53 107 102 148 142 152 151 194 222 234 280 267 274 283 358 365 409 511
 ... : 4 6 7 11 8 27 29 56 33 50 53 107 102 147 141 151 148 190 215 218 287 281 275 283 355 366 409 511
 ... : 4 6 7 11 8 27 29 57 35 52 52 106 102 147 139 145 143 186 205 216 282 275 264 292 355 368 413 521
 ... : 4 6 7 11 8 27 29 57 36 51 52 107 101 148 145 152 151 201 223 220 282 275 264 292 355 368 413 521
 ... : 4 6 7 11 8 27 29 57 36 51 52 106 102 145 142 147 154 204 225 244 287 275 264 292 355 368 413 521
 ... : 4 6 7 11 8 27 29 57 36 48 51 105 102 145 141 145 153 198 215 226 293 289 286 294 355 368 413 521
 ... : 4 6 7 11 8 27 29 57 36 48 51 105 102 145 141 145 153 196 215 226 289 283 278 304 376 382 413 521
 ... : 4 6 7 11 8 27 29 57 36 47 52 106 102 143 140 147 156 198 218 226 285 282 275 297 360 377 419 534
 ... : 4 6 7 11 8 27 29 57 35 45 49 95 94 131 126 119 139 182 195 208 248 259 275 297 360 377 419 534
 ... : 4 6 7 11 8 27 29 57 33 43 49 92 87 122 120 110 135 172 181 195 207 206 206 239 322 347 407 540
 ... : 4 7 8 15 10 31 31 63 36 47 52 104 95 125 122 113 140 174 181 195 207 206 206 239 322 347 407 540
 ... : 4 7 7 13 10 29 32 65 38 49 52 104 92 131 130 122 153 185 189 195 207 206 206 239 322 347 407 540
 ... : 4 7 7 13 9 28 30 58 39 49 53 105 96 131 126 121 151 192 201 209 208 206 206 239 322 347 407 540
 ... : 4 7 7 13 9 28 30 58 38 46 52 98 91 127 121 115 147 194 205 222 211 208 206 239 322 347 407 540
 ... : 4 7 7 13 9 28 30 56 37 45 48 88 82 116 109 98 127 172 186 188 192 201 207 239 322 347 407 540
 ... : 4 7 7 13 9 28 30 56 36 43 45 84 80 112 107 95 121 167 173 179 185 191 192 205 302 354 411 544
  29 : 4 6 7 11 7 24 27 53 27 22 27 62 38 59 65 66 50 64 53 35 42 75 29 29 17 56 41 38 301
  30 : 4 6 7 11 7 24 27 53 27 22 27 62 38 59 65 66 50 64 53 35 42 75 29 29 17 56 41 38 19 282
  31 : 4 6 7 11 7 24 27 53 27 22 27 62 38 59 65 66 50 64 53 35 42 75 29 29 17 56 41 38 19 13 269
  32 : 4 6 7 11 7 24 27 53 27 22 27 62 38 59 65 66 50 64 53 35 42 75 29 29 17 56 41 38 19 13 17 252
  33 : 4 6 7 11 7 24 27 53 27 22 27 62 38 59 65 66 50 64 53 35 42 75 29 29 17 56 41 38 19 13 17 7 249
  34 : 4 6 7 11 7 24 27 53 27 22 27 62 38 59 65 66 50 64 53 35 42 75 29 29 17 56 41 38 19 13 17 7 14 235
  35 : 4 6 7 11 7 24 27 53 27 22 27 62 38 59 65 66 50 64 53 35 42 75 29 29 17 56 41 38 19 13 17 8 13 5 235
  36 : 4 6 7 11 7 24 27 53 27 22 27 62 38 59 65 66 50 64 53 35 42 75 29 29 17 56 41 38 19 13 17 8 13 4 10 227
  37 : 4 6 7 11 7 24 27 53 27 22 27 62 38 59 65 66 50 64 53 35 42 75 29 29 17 56 41 38 19 13 10 4 1 1 2 2 258
  38 : 4 7 7 11 7 24 27 53 27 22 27 62 38 59 65 66 50 64 53 35 42 75 29 29 17 56 41 38 19 15 13 10 3 2 3 1 2 258
  39 : 4 7 7 11 7 24 27 53 27 22 27 62 38 59 65 66 50 64 53 35 42 75 29 29 17 56 41 38 19 15 13 10 3 2 3 1 2 2 255
  40 : 4 7 7 11 7 24 27 53 27 22 27 62 38 59 65 66 50 64 53 35 42 75 29 29 17 56 41 38 19 15 13 10 3 2 3 1 2 2 9 239
  41 : 4 7 7 11 7 24 27 53 27 22 27 62 38 59 65 66 50 64 53 35 42 75 29 29 17 56 41 38 19 15 13 10 3 2 3 1 2 2 9 12 230
  42 : 4 7 7 11 7 24 27 53 27 22 27 62 38 59 65 66 50 64 53 35 42 75 29 29 17 56 41 38 19 14 14 10 9 4 3 1 2 2 9 11 4 240
  43 : 4 7 7 11 7 24 27 53 27 22 27 62 38 59 65 66 50 64 53 35 42 75 29 29 17 56 41 38 19 14 14 10 9 4 3 1 2 2 9 11 5 4 241
  44 : 4 7 7 11 7 24 27 53 27 22 27 62 38 59 65 66 50 64 53 35 42 75 29 29 17 56 41 38 19 14 14 10 9 4 3 1 2 2 9 11 5 3 3 243
  45 : 4 7 7 11 7 24 27 53 27 22 27 62 38 59 65 66 50 64 53 35 42 75 29 29 17 56 41 38 19 14 14 10 9 4 3 1 2 2 9 11 5 3 3 3 246
  46 : 4 7 7 11 7 24 27 53 27 22 27 62 38 59 65 66 50 64 53 35 42 75 29 29 17 56 41 38 19 14 14 10 9 4 3 1 2 2 9 5 4 2 2 2 4 258
  47 : 4 7 7 11 7 24 27 53 27 22 27 62 38 59 65 66 50 64 53 35 42 75 29 29 17 56 41 38 19 14 14 10 9 4 3 1 2 2 9 5 4 2 2 2 3 5 256
  48 : 4 7 7 11 7 24 27 53 27 22 27 62 38 59 65 66 50 64 53 35 42 75 29 29 17 56 41 38 19 14 14 10 9 4 3 1 2 2 9 5 4 2 2 2 3 5 4 253
  49 : 4 7 7 11 7 24 27 53 27 22 27 62 38 59 65 66 50 64 53 35 42 75 29 29 17 56 41 38 19 14 14 10 9 4 3 1 2 2 9 5 4 2 2 2 3 5 4 3 250
  50 : 4 7 7 11 7 24 27 53 27 22 27 62 38 59 65 66 50 64 53 35 42 75 29 29 17 56 41 38 19 14 14 10 9 4 3 1 2 2 9 5 4 2 2 2 3 5 4 3 4 248
  51 : 4 7 7 11 7 24 27 53 27 22 27 62 38 59 65 66 50 64 53 35 42 75 29 29 17 56 41 38 19 14 14 10 9 4 3 1 2 2 9 5 3 2 4 1 2 5 4 5 3 2 251
  52 : 4 7 7 11 7 24 27 53 27 22 27 62 38 59 65 66 50 64 53 35 42 75 29 29 17 56 41 38 19 14 14 10 9 4 3 1 2 2 9 5 3 2 4 1 2 5 4 5 3 2 8 245
  53 : 4 7 7 11 7 24 27 53 27 22 27 62 38 59 65 66 50 64 53 35 42 75 29 29 17 56 41 38 19 14 14 10 9 4 3 1 2 2 9 5 3 2 4 1 2 5 4 5 3 2 8 8 244
  54 : 4 7 7 11 7 24 27 53 27 22 27 62 38 59 65 66 50 64 53 35 42 75 29 29 17 56 41 38 19 14 14 10 9 4 3 1 2 2 9 5 3 2 4 1 2 5 4 5 3 2 2 7 4 261
 ... : 4 7 7 11 7 24 27 53 27 22 27 62 38 59 65 66 50 64 53 35 42 75 29 29 17 56 41 38 19 14 14 10 9 4 3 1 2 2 9 5 4 3 6 4 6 9 6 6 6 4 4 8 5 262
  55 : 4 7 7 11 7 24 27 53 27 22 27 62 38 59 65 66 50 64 53 35 42 75 29 29 17 56 41 38 19 14 14 10 9 4 3 1 2 2 9 5 4 3 6 2 3 2 7 3 6 6 6 2 9 5 265
  56 : 4 7 7 11 7 24 27 53 27 22 27 62 38 59 65 66 50 64 53 35 42 75 29 29 17 56 41 38 19 14 14 10 9 4 3 1 2 2 9 5 4 3 6 2 3 2 7 3 6 6 6 2 9 5 7 259
  57 : 4 7 7 11 7 24 27 53 27 22 27 62 38 59 65 66 50 64 53 35 42 75 29 29 17 56 41 38 19 14 14 10 9 4 3 1 2 2 9 5 4 3 6 2 3 2 7 3 6 6 6 2 3 1 1 4 267
  58 : 4 7 7 11 7 24 27 53 27 22 27 62 38 59 65 66 50 64 53 35 42 75 29 29 17 56 41 38 19 14 14 10 9 4 3 1 2 2 9 5 4 3 6 2 3 2 7 3 6 6 6 2 3 1 1 4 3 264
  59 : 4 7 7 11 7 24 27 53 27 22 27 62 38 59 65 66 50 64 53 35 42 75 29 29 17 56 41 38 19 14 14 10 9 4 3 1 2 2 9 5 4 3 6 2 3 2 7 3 6 6 6 2 3 1 1 4 3 10 254
  60 : 4 7 7 11 7 24 27 53 27 22 27 62 38 59 65 66 50 64 53 35 42 75 29 29 17 56 41 38 19 14 14 10 9 4 3 1 2 2 9 5 4 3 6 2 3 2 7 3 6 6 6 2 3 1 1 4 3 10 12 250
  61 : 4 7 7 11 7 24 27 53 27 22 27 62 38 59 65 66 50 64 53 35 42 75 29 29 17 56 41 38 19 14 14 10 9 4 3 1 2 2 9 5 4 3 6 2 3 2 7 3 6 6 5 1 1 1 2 2 1 2 3 2 273
  62 : 4 7 7 11 7 24 27 53 27 22 27 62 38 59 65 66 50 64 53 35 42 75 29 29 17 56 41 38 19 14 14 10 9 4 3 1 2 2 9 5 4 3 6 2 3 2 7 3 6 6 5 1 1 1 2 2 1 2 3 2 2 271
  63 : 4 7 7 11 7 24 27 53 27 22 27 62 38 59 65 66 50 64 53 35 42 75 29 29 17 56 41 38 19 14 14 10 9 4 3 1 2 2 9 5 4 3 6 2 3 2 7 3 6 6 5 1 1 1 2 2 1 2 3 2 2 1 270
  64 : 4 7 7 11 7 24 27 53 27 22 27 62 38 59 65 66 50 64 53 35 42 75 29 29 17 56 41 38 19 14 14 10 9 4 3 1 2 2 9 5 4 3 6 2 3 2 7 3 6 6 5 1 1 1 2 2 1 2 3 2 2 1 2 268
  65 : 4 7 7 11 7 24 27 53 27 22 27 62 38 59 65 66 50 64 53 35 42 75 29 29 17 56 41 38 19 14 14 10 9 4 3 1 2 2 9 5 4 3 6 2 3 2 7 3 6 6 5 1 1 1 2 2 1 2 3 2 2 1 2 10 258
  66 : 4 7 7 11 7 24 27 53 27 22 27 62 38 59 65 66 50 64 53 35 42 75 29 29 17 56 41 38 19 14 14 10 9 4 3 1 2 2 9 5 4 3 6 2 3 2 7 3 6 6 5 1 1 1 2 2 1 2 3 2 2 1 2 10 12 254
  67 : 4 7 7 11 7 24 27 53 27 22 27 62 38 59 65 66 50 64 53 35 42 75 29 29 17 56 41 38 19 14 14 10 9 4 3 1 2 2 9 5 4 3 6 2 3 2 7 3 6 6 5 1 1 1 2 2 1 2 3 2 2 1 2 11 13 12 268
  68 : 4 7 7 11 7 24 27 53 27 22 27 62 38 59 65 66 50 64 53 35 42 75 29 29 17 56 41 38 19 14 14 10 9 4 3 1 2 2 9 5 4 3 6 2 3 2 7 3 6 6 5 1 1 1 2 2 1 2 3 2 2 1 1 2 4 11 9 268
  69 : 4 7 7 11 7 24 27 53 27 22 27 62 38 59 65 66 50 64 53 35 42 75 29 29 17 56 41 38 19 14 14 10 9 4 3 1 2 2 9 5 4 3 6 2 3 2 7 3 6 6 5 1 1 1 2 2 1 2 3 2 2 1 1 2 4 11 9 13 263
 ... : 4 7 7 11 7 24 27 53 27 22 27 62 38 59 65 66 50 64 53 35 42 75 29 29 17 56 41 38 19 14 14 10 9 4 3 1 2 2 9 5 4 3 6 2 3 2 7 3 6 5 5 4 5 4 2 2 2 2 5 1 3 1 1 3 5 11 12 15 287
 ... : 4 7 7 11 7 24 27 53 27 22 27 62 38 59 65 66 50 64 53 35 42 75 29 29 17 56 41 38 19 14 14 10 9 4 3 1 2 2 9 5 4 3 6 2 3 2 7 3 6 4 4 5 5 4 1 3 2 2 6 3 4 3 4 5 9 13 13 15 287
  70 : 4 7 7 11 7 24 27 53 27 22 27 62 38 59 65 66 50 64 53 35 42 75 29 29 17 56 41 38 19 14 14 10 9 4 3 1 2 2 9 5 4 3 6 2 3 2 7 3 6 2 1 2 3 1 1 2 4 5 4 1 1 2 2 3 2 2 2 5 11 277
  71 : 4 7 7 11 7 24 27 53 27 22 27 62 38 59 65 66 50 64 53 35 42 75 29 29 17 56 41 38 19 14 14 10 9 4 3 1 2 2 9 5 4 3 6 2 3 2 7 3 6 2 1 2 3 1 1 2 4 5 4 1 1 2 2 3 2 2 2 5 11 19 264
  72 : 4 7 7 11 7 24 27 53 27 22 27 62 38 59 65 66 50 64 53 35 42 75 29 29 17 56 41 38 19 14 14 10 9 4 3 1 2 2 9 5 4 3 6 2 3 2 7 3 6 2 1 2 3 1 1 2 4 5 4 1 1 2 2 3 2 2 2 5 11 12 15 275
  73 : 4 7 7 11 7 24 27 53 27 22 27 62 38 59 65 66 50 64 53 35 42 75 29 29 17 56 41 38 19 14 14 10 9 4 3 1 2 2 9 5 4 3 6 2 3 2 7 3 6 2 1 2 3 1 1 2 4 5 4 1 1 2 2 3 2 2 2 5 11 14 14 20 273
  74 : 4 7 7 11 7 24 27 53 27 22 27 62 38 59 65 66 50 64 53 35 42 75 29 29 17 56 41 38 19 14 14 10 9 4 3 1 2 2 9 5 4 3 6 2 3 2 7 3 6 2 1 2 3 1 1 2 4 5 4 1 1 2 2 3 2 2 2 5 11 14 14 20 22 269
  75 : 4 7 7 11 7 24 27 53 27 22 27 62 38 59 65 66 50 64 53 35 42 75 29 29 17 56 41 38 19 14 14 10 9 4 3 1 2 2 9 5 4 3 6 2 3 2 7 3 6 2 1 2 3 1 1 2 4 5 4 1 1 2 2 3 2 2 2 5 11 14 13 16 13 10 298
  76 : 4 7 7 11 7 24 27 53 27 22 27 62 38 59 65 66 50 64 53 35 42 75 29 29 17 56 41 38 19 14 14 10 9 4 3 1 2 2 9 5 4 3 6 2 3 2 7 3 6 2 1 2 3 1 1 2 4 5 4 1 1 2 2 3 2 2 2 5 11 14 13 16 13 10 13 285
  77 : 4 7 7 11 7 24 27 53 27 22 27 62 38 59 65 66 50 64 53 35 42 75 29 29 17 56 41 38 19 14 14 10 9 4 3 1 2 2 9 5 4 3 6 2 3 2 7 3 6 2 1 2 3 1 1 2 4 5 4 1 1 2 2 3 2 2 2 5 11 14 13 16 13 10 14 30 269
  78 : 4 7 7 11 7 24 27 53 27 22 27 62 38 59 65 66 50 64 53 35 42 75 29 29 17 56 41 38 19 14 14 10 9 4 3 1 2 2 9 5 4 3 6 2 3 2 7 3 6 2 1 2 3 1 1 2 4 5 4 1 1 2 2 3 2 2 2 5 11 14 13 16 13 10 14 32 21 263
 ... : 4 7 7 11 7 24 27 53 27 22 27 62 38 59 65 66 50 64 53 35 42 75 29 29 17 56 41 38 19 14 14 10 9 4 3 1 2 2 9 5 4 3 6 2 3 2 7 3 6 2 1 2 3 1 1 2 4 5 4 1 1 2 2 3 2 2 2 5 11 14 13 14 13 14 15 37 32 284
  79 : 4 7 7 11 7 24 27 53 27 22 27 62 38 59 65 66 50 64 53 35 42 75 29 29 17 56 41 38 19 14 14 10 9 4 3 1 2 2 9 5 4 3 6 2 3 2 7 3 6 2 1 2 3 1 1 2 4 5 4 1 1 2 2 3 2 2 2 5 11 14 13 7 7 10 13 16 16 27 300
  80 : 4 7 7 11 7 24 27 53 27 22 27 62 38 59 65 66 50 64 53 35 42 75 29 29 17 56 41 38 19 14 14 10 9 4 3 1 2 2 9 5 4 3 6 2 3 2 7 3 6 2 1 2 3 1 1 2 4 5 4 1 1 2 2 3 2 2 2 5 11 14 11 7 7 10 10 8 8 13 11 313
  81 : 4 7 7 11 7 24 27 53 27 22 27 62 38 59 65 66 50 64 53 35 42 75 29 29 17 56 41 38 19 14 14 10 9 4 3 1 2 2 9 5 4 3 6 2 3 2 7 3 6 2 1 2 3 1 1 2 4 5 4 1 1 2 2 3 2 2 2 5 11 14 9 7 8 10 9 7 8 13 9 7 321
  82 : 4 7 7 11 7 24 27 53 27 22 27 62 38 59 65 66 50 64 53 35 42 75 29 29 17 56 41 38 19 14 14 10 9 4 3 1 2 2 9 5 4 3 6 2 3 2 7 3 6 2 1 2 3 1 1 2 4 5 4 1 1 2 2 3 2 2 2 5 11 14 9 7 8 10 9 7 8 13 9 7 5 315
  83 : 4 7 7 11 7 24 27 53 27 22 27 62 38 59 65 66 50 64 53 35 42 75 29 29 17 56 41 38 19 14 14 10 9 4 3 1 2 2 9 5 4 3 6 2 3 2 7 3 6 2 1 2 3 1 1 2 4 5 4 1 1 2 2 3 2 2 2 5 11 12 6 4 4 5 6 3 5 6 5 5 5 38 291
  84 : 4 7 7 11 7 24 27 53 27 22 27 62 38 59 65 66 50 64 53 35 42 75 29 29 17 56 41 38 19 14 14 10 9 4 3 1 2 2 9 5 4 3 6 2 3 2 7 3 6 2 1 2 3 1 1 2 4 5 4 1 1 2 2 3 2 2 2 5 11 12 6 4 4 5 6 3 5 6 5 5 6 30 19 296
  85 : 4 7 7 11 7 24 27 53 27 22 27 62 38 59 65 66 50 64 53 35 42 75 29 29 17 56 41 38 19 14 14 10 9 4 3 1 2 2 9 5 4 3 6 2 3 2 7 3 6 2 1 2 3 1 1 2 4 5 4 1 1 2 2 3 2 2 2 5 11 12 6 4 4 5 6 3 5 6 5 5 6 30 19 14 285
  86 : 4 7 7 11 7 24 27 53 27 22 27 62 38 59 65 66 50 64 53 35 42 75 29 29 17 56 41 38 19 14 14 10 9 4 3 1 2 2 9 5 4 3 6 2 3 2 7 3 6 2 1 2 3 1 1 2 4 5 4 1 1 2 2 3 2 2 2 5 11 12 6 4 4 5 6 3 5 6 5 5 6 30 19 12 9 293
  87 : 4 7 7 11 7 24 27 53 27 22 27 62 38 59 65 66 50 64 53 35 42 75 29 29 17 56 41 38 19 14 14 10 9 4 3 1 2 2 9 5 4 3 6 2 3 2 7 3 6 2 1 2 3 1 1 2 4 5 4 1 1 2 2 3 2 2 2 5 11 12 6 4 4 5 6 3 5 6 5 5 6 30 19 12 9 16 285
  88 : 4 7 7 11 7 24 27 53 27 22 27 62 38 59 65 66 50 64 53 35 42 75 29 29 17 56 41 38 19 14 14 10 9 4 3 1 2 2 9 5 4 3 6 2 3 2 7 3 6 2 1 2 3 1 1 2 4 5 4 1 1 2 2 3 2 2 2 5 11 12 5 3 3 3 5 3 5 6 5 5 6 29 12 8 8 12 8 300
  89 : 4 7 7 11 7 24 27 53 27 22 27 62 38 59 65 66 50 64 53 35 42 75 29 29 17 56 41 38 19 14 14 10 9 4 3 1 2 2 9 5 4 3 6 2 3 2 7 3 6 2 1 2 3 1 1 2 4 5 4 1 1 2 2 3 2 2 2 5 11 12 5 3 3 3 5 3 5 6 5 5 6 23 12 13 8 12 7 33 272
  90 : 4 7 7 11 7 24 27 53 27 22 27 62 38 59 65 66 50 64 53 35 42 75 29 29 17 56 41 38 19 14 14 10 9 4 3 1 2 2 9 5 4 3 6 2 3 2 7 3 6 2 1 2 3 1 1 2 4 5 4 1 1 2 2 3 2 2 2 5 11 12 5 3 3 3 5 3 5 6 5 5 6 23 7 18 7 10 8 15 17 284
  91 : 4 7 7 11 7 24 27 53 27 22 27 62 38 59 65 66 50 64 53 35 42 75 29 29 17 56 41 38 19 14 14 10 9 4 3 1 2 2 9 5 4 3 6 2 3 2 7 3 6 2 1 2 3 1 1 2 4 5 4 1 1 2 2 3 2 2 2 5 11 12 5 3 3 3 5 3 5 6 5 4 4 22 4 11 5 7 6 8 4 34 275
  92 : 4 7 7 11 7 24 27 53 27 22 27 62 38 59 65 66 50 64 53 35 42 75 29 29 17 56 41 38 19 14 14 10 9 4 3 1 2 2 9 5 4 3 6 2 3 2 7 3 6 2 1 2 3 1 1 2 4 5 4 1 1 2 2 3 2 2 2 5 11 12 5 3 3 3 5 3 5 6 5 4 4 22 4 11 5 7 6 8 4 30 21 270
  93 : 4 7 7 11 7 24 27 53 27 22 27 62 38 59 65 66 50 64 53 35 42 75 29 29 17 56 41 38 19 14 14 10 9 4 3 1 2 2 9 5 4 3 6 2 3 2 7 3 6 2 1 2 3 1 1 2 4 5 4 1 1 2 2 3 2 2 2 5 11 12 5 3 3 3 5 3 5 6 5 4 4 21 3 10 4 6 4 7 3 13 22 18 285
  94 : 4 7 7 11 7 24 27 53 27 22 27 62 38 59 65 66 50 64 53 35 42 75 29 29 17 56 41 38 19 14 14 10 9 4 3 1 2 2 9 5 4 3 6 2 3 2 7 3 6 2 1 2 3 1 1 2 4 5 4 1 1 2 2 3 2 2 2 5 11 12 5 3 3 3 5 3 5 6 5 4 4 21 3 10 4 4 3 4 7 7 19 14 18 284
  95 : 4 7 7 11 7 24 27 53 27 22 27 62 38 59 65 66 50 64 53 35 42 75 29 29 17 56 41 38 19 14 14 10 9 4 3 1 2 2 9 5 4 3 6 2 3 2 7 3 6 2 1 2 3 1 1 2 4 5 4 1 1 2 2 3 2 2 2 5 11 12 5 3 3 3 5 3 5 6 5 4 4 21 3 10 4 4 3 4 7 7 19 14 18 26 263
  96 : 4 7 7 11 7 24 27 53 27 22 27 62 38 59 65 66 50 64 53 35 42 75 29 29 17 56 41 38 19 14 14 10 9 4 3 1 2 2 9 5 4 3 6 2 3 2 7 3 6 2 1 2 3 1 1 2 4 5 4 1 1 2 2 3 2 2 2 5 11 12 5 3 3 3 5 3 5 6 5 4 4 5 2 1 1 1 0 21 6 6 26 11 17 29 288 0
completing final invariant with sub-IC3 call...
num_solve_calls = 1690992
num_solve_sat_calls = 667828
num_solve_unsat_calls = 40287
num_solve_approx_calls = 969167
num_solve_approx_unsat_calls = 321891
num_solve_conflicts = 342780
num_solve_decisions = 20898406
num_solve_propagations = 156993198
avg_solve_conflicts = 1
avg_solve_decisions = 13
avg_solve_propagations = 93
avg_solve_unsat_decisions = 0.093
stddev_solve_unsat_decisions = 0.500
num_added_cubes = 72853
num_subsumed_cubes = 71162
num_gc_frame = 1040
num_reset = 207
num_try_blocking = 847244
get_bad_cube_time = 1.086
rec_block_cube_time = 95.699
propagate_forward_time = 15.456
generalize_model_time = 3.469
generalize_and_push_time = 57.696
try_blocking_time = 81.777
reset_time = 13.593
clausify_time = 0.797
preprocess_time = 12.644
solve_time = 77.816
solve_sat_time = 62.594
solve_unsat_time = 15.223
prove_time = 112.434
memory_used_mb = 9
total_time = 112.974
Safe
