initialized model with 70 latches, 19 inputs and 1 properties
tsim: reached all X state
tsim: performed 5 steps
checking bound 0
checking bound 1
checking bound 2
tdecomp: unrolling 2 cycles
tsim: reached all X state
tsim: performed 3 steps
tdecomp: no improvement found, reverting original model
   2 : 12 14
   3 : 12 44 23
   4 : 12 33 73 68
   5 : 11 7 18 45 123
   6 : 11 7 18 34 55 94
   7 : 11 7 17 17 16 108 106
   8 : 11 7 17 17 15 68 106 93
 ... : 11 7 17 17 15 66 96 185
   9 : 11 7 17 17 10 16 35 69 179
  10 : 11 7 17 17 10 16 25 27 83 186
  11 : 11 7 17 17 10 16 25 25 13 29 260
  12 : 11 7 17 17 10 16 25 25 13 29 92 175
  13 : 11 7 17 17 10 16 25 25 13 17 11 41 270
  14 : 11 7 17 17 10 16 25 25 13 17 11 35 60 224
  15 : 11 7 17 17 10 16 25 25 13 17 11 12 14 73 246
  16 : 11 7 17 16 10 16 25 25 13 17 11 11 10 35 81 247
  17 : 11 7 17 16 10 16 25 25 13 17 11 11 10 22 16 34 319
  18 : 11 7 17 16 10 16 25 25 13 17 11 11 10 22 15 12 53 300
  19 : 11 7 17 16 10 16 25 25 13 17 11 11 10 22 15 7 11 41 322
  20 : 11 7 17 16 10 16 25 25 13 17 11 11 10 22 15 7 10 24 95 262
  21 : 11 7 17 16 10 16 25 25 13 17 11 11 10 20 15 7 10 22 46 134 215
  22 : 11 7 17 16 10 16 25 25 13 17 11 11 10 20 15 7 10 13 14 63 94 298
  23 : 11 7 17 16 10 16 25 25 13 17 11 11 10 20 15 7 10 13 12 8 13 13 445
  24 : 11 7 17 16 10 16 25 25 13 17 11 11 10 20 15 7 10 13 12 8 13 13 39 406
  25 : 11 7 17 16 10 16 25 25 13 17 11 11 10 20 15 7 10 13 12 8 13 10 14 127 315
  26 : 11 7 17 16 10 16 25 25 13 17 11 11 10 20 15 7 10 13 12 8 13 6 7 36 106 342
  27 : 11 7 17 16 10 16 25 25 13 17 11 11 10 20 15 7 10 13 12 8 13 6 7 25 16 60 410
  28 : 11 7 17 16 10 16 25 25 13 17 11 11 10 20 15 7 10 13 12 8 13 6 7 25 12 27 119 351
  29 : 11 7 17 16 10 16 25 25 13 17 11 11 10 20 15 7 10 13 12 8 13 6 7 25 12 27 67 192 239
 ... : 11 7 17 16 10 16 25 25 13 17 11 11 10 20 15 7 10 13 12 8 13 6 7 25 12 26 67 189 363
  30 : 11 7 17 16 10 16 25 25 13 17 11 11 10 20 15 7 10 13 12 8 13 6 7 25 12 15 35 27 89 463
  31 : 11 7 17 16 10 16 25 25 13 17 11 11 10 20 15 7 10 13 12 8 13 6 7 25 12 15 35 27 57 152 359
  32 : 11 7 17 16 10 16 25 25 13 17 11 11 10 20 15 7 10 13 12 8 13 6 7 25 12 15 35 18 9 63 109 434
  33 : 11 7 17 16 10 16 25 25 13 17 11 11 10 20 15 7 10 13 12 8 13 6 7 25 12 15 35 18 7 19 40 65 513
  34 : 11 7 17 16 10 16 25 25 13 17 11 11 10 20 15 7 10 13 12 8 13 6 7 25 12 15 35 18 7 19 26 22 45 529
  35 : 11 7 17 16 10 16 25 25 13 17 11 11 10 20 15 7 10 13 12 8 13 6 7 25 12 15 35 18 7 19 26 22 31 128 419
  36 : 11 7 17 16 10 16 25 25 13 17 11 11 10 20 15 7 10 13 12 8 13 6 7 25 12 15 35 18 7 19 26 20 13 45 78 475
  37 : 11 7 17 16 10 16 25 25 13 17 11 11 10 20 15 7 10 13 12 8 13 6 7 25 12 15 35 18 7 19 26 20 13 19 37 178 398
  38 : 11 7 17 16 10 16 25 25 13 17 11 11 10 20 15 7 10 13 12 8 13 6 7 25 12 15 35 18 7 19 26 20 13 12 16 10 18 607
  39 : 11 7 17 16 10 16 25 25 13 17 11 11 10 20 15 7 10 13 12 8 13 6 7 25 12 15 35 18 7 19 26 20 13 12 16 10 17 64 547
  40 : 11 7 17 16 10 16 25 25 13 17 11 11 10 20 15 7 10 13 12 8 13 6 7 25 12 15 35 18 7 19 26 20 13 12 16 10 9 8 10 619
  41 : 11 7 17 16 10 16 25 25 13 17 11 11 10 20 15 7 10 13 12 8 13 6 7 25 12 15 35 18 7 19 26 20 13 12 16 10 9 8 10 39 581
  42 : 11 7 17 16 10 16 25 25 13 17 11 11 10 20 15 7 10 13 12 8 13 6 7 25 12 15 35 18 7 19 26 20 13 12 16 10 9 8 10 23 82 519
  43 : 11 7 17 16 10 16 25 25 13 17 11 11 10 20 15 7 10 13 12 8 13 6 7 25 12 15 35 18 7 19 26 20 13 12 16 10 9 8 10 23 77 139 396
  44 : 11 7 17 16 10 16 25 25 13 17 11 11 10 20 15 7 10 13 12 8 13 6 7 25 12 15 35 18 7 19 26 20 13 12 16 10 9 8 10 13 7 49 78 549
  45 : 11 7 17 16 10 16 25 25 13 17 11 11 10 20 15 7 10 13 12 8 13 6 7 25 12 15 35 18 7 19 26 20 13 12 16 10 9 8 10 13 7 37 37 83 523
  46 : 11 7 17 16 10 16 25 25 13 17 11 11 10 20 15 7 10 13 12 8 13 6 7 25 12 15 35 18 7 19 26 20 13 12 16 10 9 8 10 13 7 37 12 21 19 600
  47 : 11 7 17 16 10 16 25 25 13 17 11 11 10 20 15 7 10 13 12 8 13 6 7 25 12 15 35 18 7 19 26 20 13 12 16 10 9 8 10 13 7 37 12 21 19 76 524
  48 : 11 7 17 16 10 16 25 25 13 17 11 11 10 20 15 7 10 13 12 8 13 6 7 25 12 15 35 18 7 19 26 20 13 12 16 10 9 8 10 13 7 37 12 15 12 38 87 498
  49 : 11 7 17 16 10 16 25 25 13 17 11 11 10 20 15 7 10 13 12 8 13 6 7 25 12 15 35 18 7 19 26 20 13 12 16 10 9 8 10 13 7 37 12 15 9 0 122 523 0
completing final invariant with sub-IC3 call...
num_solve_calls = 115894
num_solve_sat_calls = 34527
num_solve_unsat_calls = 2478
num_solve_approx_calls = 86948
num_solve_approx_unsat_calls = 55674
num_solve_conflicts = 90239
num_solve_decisions = 1139535
num_solve_propagations = 30845740
avg_solve_conflicts = 1
avg_solve_decisions = 10
avg_solve_propagations = 267
avg_solve_unsat_decisions = 0.204
stddev_solve_unsat_decisions = 0.744
num_added_cubes = 21905
num_subsumed_cubes = 20612
num_gc_frame = 267
num_reset = 15
num_try_blocking = 59558
get_bad_cube_time = 3.233
rec_block_cube_time = 2.041
propagate_forward_time = 3.632
generalize_model_time = 0.802
generalize_and_push_time = 1.566
try_blocking_time = 5.178
reset_time = 0.075
clausify_time = 0.206
preprocess_time = 0.050
solve_time = 8.034
solve_sat_time = 5.598
solve_unsat_time = 2.436
prove_time = 9.095
memory_used_mb = 8
total_time = 14.218
Safe
