initialized model with 5143 latches, 5127 inputs and 1 properties
tsim: performed 6 steps
tsim: found cycle from 3
checking bound 0
checking bound 1
checking bound 2
tdecomp: unrolling 2 cycles
tsim: performed 4 steps
tsim: found cycle from 1
tsim: found 2 constants and 0 latch equivalences
tdecomp: (5143, 20508) -> (2781, 10633)
   2 : 4 4
   3 : 4 3 10
   4 : 4 3 5 15
   5 : 4 3 5 3 17
   6 : 4 3 5 3 3 17
   7 : 4 3 5 3 3 3 17
   8 : 4 3 5 3 3 3 3 17
   9 : 4 3 5 3 3 3 3 3 17
  10 : 4 3 5 3 3 3 3 3 3 17
  11 : 4 3 5 3 3 3 3 3 3 3 17
  12 : 4 3 5 3 3 3 3 3 3 3 3 17
  13 : 4 3 5 3 3 3 3 3 3 3 3 3 17
  14 : 4 3 5 3 3 3 3 3 3 3 3 3 3 17
  15 : 4 3 5 3 3 3 3 3 3 3 3 3 3 3 17
  16 : 4 3 5 3 3 3 3 3 3 3 3 3 3 3 3 17
  17 : 4 3 5 3 3 3 3 3 3 3 3 3 3 3 3 3 17
  18 : 4 3 5 3 3 3 3 3 3 3 3 3 3 3 3 3 3 17
  19 : 4 3 5 3 3 3 3 3 3 3 3 3 3 3 3 3 3 3 17
  20 : 4 3 5 3 3 3 3 3 3 3 3 3 3 3 3 3 3 3 3 17
  21 : 4 3 5 3 3 3 3 3 3 3 3 3 3 3 3 3 3 3 3 3 17
  22 : 4 3 5 3 3 3 3 3 3 3 3 3 3 3 3 3 3 3 3 3 3 17
  23 : 4 3 5 3 3 3 3 3 3 3 3 3 3 3 3 3 3 3 3 3 3 3 17
  24 : 4 3 5 3 3 3 3 3 3 3 3 3 3 3 3 3 3 3 3 3 3 3 3 17
  25 : 4 3 5 3 3 3 3 3 3 3 3 3 3 3 3 3 3 3 3 3 3 3 3 3 17
  26 : 4 3 5 3 3 3 3 3 3 3 3 3 3 3 3 3 3 3 3 3 3 3 3 3 3 17
  27 : 4 3 5 3 3 3 3 3 3 3 3 3 3 3 3 3 3 3 3 3 3 3 3 3 3 3 17
  28 : 4 3 5 3 3 3 3 3 3 3 3 3 3 3 3 3 3 3 3 3 3 3 3 3 3 3 3 17
  29 : 4 3 5 3 3 3 3 3 3 3 3 3 3 3 3 3 3 3 3 3 3 3 3 3 3 3 3 3 17
 ... : 4 3 5 3 3 3 3 3 3 3 3 3 3 3 3 3 3 3 3 3 3 3 3 3 3 3 3 4 114
 ... : 4 3 5 3 3 3 3 3 3 3 3 3 3 3 3 3 3 3 3 3 3 3 3 3 3 3 3 6 193
 ... : 6 5 5 3 3 3 3 3 3 3 3 3 3 3 3 3 3 3 3 4 4 3 3 3 3 3 3 17 216
 ... : 6 5 7 5 5 6 4 4 3 3 3 3 3 3 3 3 3 3 3 3 3 3 3 3 3 3 3 37 237
 ... : 12 9 10 9 13 12 9 5 4 3 3 3 3 3 3 3 3 3 3 3 3 3 3 3 3 3 3 46 255
 ... : 12 9 10 9 13 12 9 5 4 3 3 3 3 3 3 3 3 3 3 3 3 3 3 3 3 3 3 46 348
 ... : 12 9 10 9 13 12 9 5 4 3 3 3 3 3 3 3 3 3 3 3 3 3 3 3 3 3 3 46 428
 ... : 12 9 10 9 13 12 9 5 4 3 3 3 3 3 3 3 3 3 3 3 3 3 3 3 3 3 3 51 537
  30 : 10 8 7 7 7 14 9 6 4 3 3 3 3 3 3 3 3 3 3 3 3 3 3 3 3 3 3 6 48 559
  31 : 10 8 7 7 7 14 9 6 4 3 3 3 3 3 3 3 3 3 3 3 3 3 3 3 3 3 3 4 33 15 561
  32 : 10 8 7 7 7 14 9 6 4 3 3 3 3 3 3 3 3 3 3 3 3 3 3 3 3 3 3 4 33 13 14 556
  33 : 10 8 7 7 7 14 9 6 4 3 3 3 3 3 3 3 3 3 3 3 3 3 3 3 3 3 3 4 33 13 14 8 548
 ... : 10 8 7 7 7 14 9 6 4 3 3 3 3 3 3 3 3 3 3 3 3 3 3 3 3 3 3 4 33 13 14 9 742
  34 : 10 8 7 7 7 14 9 6 4 3 3 3 3 3 3 3 3 3 3 3 3 3 3 3 3 3 3 3 22 10 12 9 27 833
  35 : 10 8 7 7 7 14 9 6 4 3 3 3 3 3 3 3 3 3 3 3 3 3 3 3 3 3 3 3 22 10 12 9 15 88 757
  36 : 10 8 7 7 7 14 9 6 4 3 3 3 3 3 3 3 3 3 3 3 3 3 3 3 3 3 3 3 22 10 12 9 11 81 60 791
  37 : 10 8 7 7 7 14 9 6 4 3 3 3 3 3 3 3 3 3 3 3 3 3 3 3 3 3 3 3 22 9 12 9 11 81 43 48 761
 ... : 10 8 7 7 7 14 9 6 4 3 3 3 3 3 3 3 3 3 3 3 3 3 3 3 3 3 3 3 22 9 12 9 11 81 43 49 935
  38 : 10 8 7 7 7 14 9 6 4 3 3 3 3 3 3 3 3 3 3 3 3 3 3 3 3 3 3 3 22 9 12 9 10 80 42 37 44 953
 ... : 10 8 7 7 7 14 9 6 4 3 3 3 3 3 3 3 3 3 3 3 3 3 3 3 3 3 3 3 22 9 12 9 10 80 42 37 55 1067
 ... : 10 8 7 7 7 14 9 6 4 3 3 3 3 3 3 3 3 3 3 3 3 3 3 3 3 3 3 3 22 9 12 9 10 80 42 41 64 1122
 ... : 10 8 7 7 7 14 9 6 4 3 3 3 3 3 3 3 3 3 3 3 3 3 3 3 3 3 3 3 22 9 12 9 10 80 42 48 84 1222
 ... : 10 8 7 7 7 14 9 6 4 3 3 3 3 3 3 3 3 3 3 3 3 3 3 3 3 3 3 3 22 9 12 9 10 80 42 49 86 1343
 ... : 10 8 7 7 7 14 9 6 4 3 3 3 3 3 3 3 3 3 3 3 3 3 3 3 3 3 3 3 22 9 12 9 10 80 42 51 90 1459
 ... : 10 8 7 7 7 14 9 6 4 3 3 3 3 3 3 3 3 3 3 3 3 3 3 3 3 3 3 3 22 9 12 9 10 80 42 67 117 1525
 ... : 10 8 7 7 7 14 9 6 4 3 3 3 3 3 3 3 3 3 3 3 3 3 3 3 3 3 3 3 22 9 12 9 10 80 42 70 121 1595
 ... : 10 8 7 7 7 14 9 6 4 3 3 3 3 3 3 3 3 3 3 3 3 3 3 3 3 3 3 3 22 9 12 9 10 80 46 74 132 1665
 ... : 10 8 7 7 7 14 9 6 4 3 3 3 3 3 3 3 3 3 3 3 3 3 3 3 3 3 3 3 22 9 12 9 10 80 47 74 139 1752
 ... : 10 8 7 7 7 14 9 6 4 3 3 3 3 3 3 3 3 3 3 3 3 3 3 3 3 3 3 3 22 9 12 9 10 80 47 80 147 1841
 ... : 10 8 7 7 7 14 9 6 4 3 3 3 3 3 3 3 3 3 3 3 3 3 3 3 3 3 3 3 22 9 12 9 10 80 48 83 151 1911
 ... : 10 8 7 7 7 14 9 6 4 3 3 3 3 3 3 3 3 3 3 3 3 3 3 3 3 3 3 3 22 9 12 9 10 80 50 89 155 2002
  39 : 10 8 7 7 7 14 9 6 4 3 3 3 3 3 3 3 3 3 3 3 3 3 3 3 3 3 3 3 16 8 11 8 9 79 50 96 142 394 1598
 ... : 10 8 7 7 7 14 9 6 4 3 3 3 3 3 3 3 3 3 3 3 3 3 3 3 3 3 3 3 16 8 11 8 9 79 50 95 142 397 1749
 ... : 10 8 7 7 7 14 9 6 4 3 3 3 3 3 3 3 3 3 3 3 3 3 3 3 3 3 3 3 16 8 11 8 9 79 50 95 142 397 1869
 ... : 10 8 7 7 7 14 9 6 4 3 3 3 3 3 3 3 3 3 3 3 3 3 3 3 3 3 3 3 16 8 11 8 9 79 50 95 142 397 1987
 ... : 10 8 7 7 7 14 9 6 4 3 3 3 3 3 3 3 3 3 3 3 3 3 3 3 3 3 3 3 16 8 11 8 9 79 50 95 142 397 2101
 ... : 10 8 7 7 7 14 9 6 4 3 3 3 3 3 3 3 3 3 3 3 3 3 3 3 3 3 3 3 16 8 11 8 9 79 50 95 142 397 2221
