initialized model with 354 latches, 349 inputs and 1 properties
tsim: performed 5 steps
tsim: found cycle from 2
checking bound 0
checking bound 1
checking bound 2
tdecomp: unrolling 2 cycles
tsim: performed 3 steps
tsim: found cycle from 0
tsim: found 2 constants and 0 latch equivalences
tdecomp: (354, 1396) -> (231, 768)
   2 : 4 2
   3 : 2 1 8
   4 : 2 1 1 7
   5 : 2 1 1 1 8
 ... : 2 1 1 1 97
   6 : 2 1 1 1 1 101
   7 : 2 1 1 1 1 4 100
   8 : 2 1 1 1 1 1 1 156
   9 : 2 1 1 1 1 1 1 9 147
  10 : 2 1 1 1 1 1 1 9 47 105
  11 : 2 1 1 1 1 1 1 9 47 7 98
  12 : 2 1 1 1 1 1 1 9 47 12 4 157
  13 : 2 1 1 1 1 1 1 9 46 12 7 55 196
  14 : 2 1 1 1 1 1 1 9 46 12 7 49 28 212
 ... : 2 1 1 1 1 1 1 9 46 12 7 49 38 326
  15 : 2 1 1 1 1 1 1 9 46 12 7 48 39 101 249
  16 : 2 1 1 1 1 1 1 9 46 12 7 48 36 25 92 318
 ... : 2 1 1 1 1 1 1 9 46 12 7 48 36 24 97 436
 ... : 2 1 1 1 1 1 1 9 46 12 7 48 38 29 117 502
 ... : 2 1 1 1 1 1 1 9 46 12 7 48 38 29 119 583
 ... : 2 1 1 1 1 1 1 9 46 12 7 48 38 29 120 656
 ... : 2 1 1 1 1 1 1 9 46 12 7 48 38 29 120 726
  17 : 2 1 1 1 1 1 1 9 46 12 7 43 38 28 104 198 538
 ... : 2 1 1 1 1 1 1 9 46 12 7 43 38 30 125 222 605
 ... : 2 1 1 1 1 1 1 9 46 12 7 43 39 36 141 259 641
 ... : 2 1 1 1 1 1 1 9 46 12 7 43 39 43 157 308 682
 ... : 2 1 1 1 1 1 1 9 46 12 7 43 39 43 157 304 791
  18 : 2 1 1 1 1 1 1 9 46 12 7 43 38 43 139 239 189 664
 ... : 2 1 1 1 1 1 1 9 46 12 7 43 38 43 139 249 219 756
 ... : 2 1 1 1 1 1 1 9 46 12 7 43 38 43 139 253 247 842
 ... : 2 1 1 1 1 1 1 9 46 12 7 43 38 43 139 265 286 891
 ... : 2 1 1 1 1 1 1 9 46 12 7 43 38 47 145 285 320 922
 ... : 2 1 1 1 1 1 1 9 46 12 7 43 38 48 147 309 367 952
 ... : 2 1 1 1 1 1 1 9 46 12 7 43 38 50 152 321 405 989
 ... : 2 1 1 1 1 1 1 9 46 12 7 43 37 49 153 328 438 1049
 ... : 2 1 1 1 1 1 1 9 46 12 7 43 37 49 153 330 490 1113
  19 : 2 1 1 1 1 1 1 9 46 12 7 43 24 42 123 259 485 315 875
 ... : 2 1 1 1 1 1 1 9 46 12 7 43 24 42 123 259 487 336 975
 ... : 2 1 1 1 1 1 1 9 46 12 7 43 24 42 123 259 502 351 1033
  20 : 2 1 1 1 1 1 1 9 46 12 7 43 24 42 123 258 498 345 196 879
 ... : 2 1 1 1 1 1 1 9 46 12 7 43 24 42 123 258 498 349 248 937
 ... : 2 1 1 1 1 1 1 9 46 12 7 43 24 42 123 258 496 349 275 1027
 ... : 2 1 1 1 1 1 1 9 46 12 7 43 24 42 123 258 496 349 308 1108
 ... : 2 1 1 1 1 1 1 9 46 12 7 43 24 42 123 258 496 350 323 1185
 ... : 2 1 1 1 1 1 1 9 46 12 7 43 24 42 123 258 496 350 323 1274
 ... : 2 1 1 1 1 1 1 9 46 12 7 43 24 42 123 258 496 350 323 1353
 ... : 2 1 1 1 1 1 1 9 46 12 7 43 24 42 123 258 496 350 335 1426
 ... : 2 1 1 1 1 1 1 9 46 12 7 43 24 42 123 258 499 361 378 1464
 ... : 2 1 1 1 1 1 1 9 46 12 7 43 24 42 123 258 499 362 425 1521
 ... : 2 1 1 1 1 1 1 9 46 12 7 43 24 42 123 258 500 364 451 1552
 ... : 2 1 1 1 1 1 1 9 46 12 7 43 24 42 123 258 502 366 484 1621
 ... : 2 1 1 1 1 1 1 9 46 12 7 43 24 42 123 258 502 369 523 1692
 ... : 2 1 1 1 1 1 1 9 46 12 7 43 24 42 123 257 529 400 542 1707
 ... : 2 1 1 1 1 1 1 9 46 12 7 43 24 42 123 261 550 434 578 1719
 ... : 2 1 1 1 1 1 1 9 46 12 7 43 24 42 123 262 568 453 613 1732
 ... : 2 1 1 1 1 1 1 9 46 12 7 43 24 42 123 262 568 460 656 1788
 ... : 2 1 1 1 1 1 1 9 46 12 7 43 24 42 123 262 568 463 688 1846
 ... : 2 1 1 1 1 1 1 9 46 12 7 43 24 42 123 262 581 470 709 1879
 ... : 2 1 1 1 1 1 1 9 46 12 7 43 24 42 123 264 596 503 749 1896
 ... : 2 1 1 1 1 1 1 9 46 12 7 43 24 42 124 271 616 529 782 1901
 ... : 2 1 1 1 1 1 1 9 46 12 7 43 24 42 124 283 640 550 806 1905
 ... : 2 1 1 1 1 1 1 9 46 12 7 43 24 43 126 305 668 568 820 1909
 ... : 2 1 1 1 1 1 1 9 46 12 7 43 24 43 126 310 694 602 843 1931
 ... : 2 1 1 1 1 1 1 9 46 12 7 43 24 43 126 310 710 648 882 1937
 ... : 2 1 1 1 1 1 1 9 46 12 7 43 24 43 126 312 716 656 918 1983
 ... : 2 1 1 1 1 1 1 9 46 12 7 43 24 47 128 326 732 667 927 2033
 ... : 2 1 1 1 1 1 1 9 46 12 7 43 24 49 130 340 734 686 943 2032
 ... : 2 1 1 1 1 1 1 9 46 12 7 43 24 49 130 340 729 681 972 2084
 ... : 2 1 1 1 1 1 1 9 46 12 7 43 24 49 130 340 737 691 1014 2111
  21 : 2 1 1 1 1 1 1 9 46 12 7 43 24 41 115 220 563 586 946 729 1593
  22 : 2 1 1 1 1 1 1 9 46 12 7 43 24 41 115 220 563 582 948 733 255 1365
 ... : 2 1 1 1 1 1 1 9 46 12 7 43 24 41 115 220 563 582 947 734 266 1461
 ... : 2 1 1 1 1 1 1 9 46 12 7 43 24 41 115 220 563 582 947 736 284 1540
 ... : 2 1 1 1 1 1 1 9 46 12 7 43 24 41 115 220 563 582 949 745 321 1590
 ... : 2 1 1 1 1 1 1 9 46 12 7 43 24 41 115 220 563 585 959 765 352 1618
 ... : 2 1 1 1 1 1 1 9 46 12 7 43 24 41 115 220 563 584 962 787 383 1640
 ... : 2 1 1 1 1 1 1 9 46 12 7 43 24 41 115 220 562 583 961 795 418 1684
 ... : 2 1 1 1 1 1 1 9 46 12 7 43 24 41 115 220 562 583 962 799 461 1721
 ... : 2 1 1 1 1 1 1 9 46 12 7 43 24 41 115 220 562 583 972 814 481 1756
 ... : 2 1 1 1 1 1 1 9 46 12 7 43 24 41 115 220 562 583 984 840 520 1780
 ... : 2 1 1 1 1 1 1 9 46 12 7 43 24 41 115 220 561 582 985 844 570 1823
 ... : 2 1 1 1 1 1 1 9 46 12 7 43 24 41 115 220 561 581 976 849 614 1849
 ... : 2 1 1 1 1 1 1 9 46 12 7 43 24 41 115 220 561 581 980 853 653 1889
 ... : 2 1 1 1 1 1 1 9 46 12 7 43 24 41 115 220 561 582 992 866 692 1930
 ... : 2 1 1 1 1 1 1 9 46 12 7 43 24 41 115 220 560 583 997 876 717 1966
 ... : 2 1 1 1 1 1 1 9 46 12 7 43 24 41 115 220 560 583 1003 878 749 2002
 ... : 2 1 1 1 1 1 1 9 46 12 7 43 24 41 115 220 560 583 1005 881 770 2053
 ... : 2 1 1 1 1 1 1 9 46 12 7 43 24 41 115 220 560 583 1005 881 803 2119
 ... : 2 1 1 1 1 1 1 9 46 12 7 43 24 41 115 220 560 583 1007 889 824 2193
 ... : 2 1 1 1 1 1 1 9 46 12 7 43 24 41 115 220 560 585 1013 901 855 2244
 ... : 2 1 1 1 1 1 1 9 46 12 7 43 24 41 115 220 560 585 1013 901 856 2338
 ... : 2 1 1 1 1 1 1 9 46 12 7 43 24 41 115 220 560 585 1013 901 858 2420
 ... : 2 1 1 1 1 1 1 9 46 12 7 43 24 41 115 220 560 585 1011 910 876 2485
 ... : 2 1 1 1 1 1 1 9 46 12 7 43 24 41 115 220 560 585 1012 919 920 2528
 ... : 2 1 1 1 1 1 1 9 46 12 7 43 24 41 115 220 560 585 1018 928 950 2572
 ... : 2 1 1 1 1 1 1 9 46 12 7 43 24 41 115 220 560 586 1032 946 980 2606
  23 : 2 1 1 1 1 1 1 9 46 12 7 43 24 41 114 212 544 518 923 826 831 618 2226
 ... : 2 1 1 1 1 1 1 9 46 12 7 43 24 41 114 212 544 518 927 831 836 640 2301
 ... : 2 1 1 1 1 1 1 9 46 12 7 43 24 41 114 212 544 518 928 837 856 674 2323
 ... : 2 1 1 1 1 1 1 9 46 12 7 43 24 41 114 212 544 518 928 837 878 694 2356
 ... : 2 1 1 1 1 1 1 9 46 12 7 43 24 41 114 212 544 518 928 837 902 710 2387
  24 : 2 1 1 1 1 1 1 9 46 12 7 43 24 41 114 212 544 515 924 822 884 625 353 2136
 ... : 2 1 1 1 1 1 1 9 46 12 7 43 24 41 114 212 544 516 931 830 895 631 371 2174
 ... : 2 1 1 1 1 1 1 9 46 12 7 43 24 41 114 212 544 516 934 831 905 639 406 2214
 ... : 2 1 1 1 1 1 1 9 46 12 7 43 24 41 114 212 544 516 934 831 909 647 439 2270
 ... : 2 1 1 1 1 1 1 9 46 12 7 43 24 41 114 212 544 516 934 831 909 647 454 2331
 ... : 2 1 1 1 1 1 1 9 46 12 7 43 24 41 114 212 544 516 940 843 927 663 465 2353
 ... : 2 1 1 1 1 1 1 9 46 12 7 43 24 41 114 212 544 516 942 845 932 668 489 2384
 ... : 2 1 1 1 1 1 1 9 46 12 7 43 24 41 114 212 544 516 945 847 940 677 508 2420
 ... : 2 1 1 1 1 1 1 9 46 12 7 43 24 41 114 212 544 516 945 847 949 687 540 2443
 ... : 2 1 1 1 1 1 1 9 46 12 7 43 24 41 114 212 544 516 945 847 951 688 567 2476
 ... : 2 1 1 1 1 1 1 9 46 12 7 43 24 41 114 212 544 516 945 847 951 688 579 2527
 ... : 2 1 1 1 1 1 1 9 46 12 7 43 24 41 114 212 544 516 954 861 970 696 599 2543
 ... : 2 1 1 1 1 1 1 9 46 12 7 43 24 41 114 212 544 516 955 862 977 703 625 2568
 ... : 2 1 1 1 1 1 1 9 46 12 7 43 24 41 114 212 544 516 965 870 978 704 642 2595
 ... : 2 1 1 1 1 1 1 9 46 12 7 43 24 41 114 212 544 516 969 876 989 718 655 2626
 ... : 2 1 1 1 1 1 1 9 46 12 7 43 24 41 114 212 544 516 969 878 993 722 681 2639
 ... : 2 1 1 1 1 1 1 9 46 12 7 43 24 41 114 212 544 516 969 878 992 723 694 2679
 ... : 2 1 1 1 1 1 1 9 46 12 7 43 24 41 114 212 544 516 982 895 1012 737 709 2689
 ... : 2 1 1 1 1 1 1 9 46 12 7 43 24 41 114 212 544 515 982 895 1020 745 734 2728
 ... : 2 1 1 1 1 1 1 9 46 12 7 43 24 41 114 212 544 515 982 895 1021 749 774 2792
 ... : 2 1 1 1 1 1 1 9 46 12 7 43 24 41 114 212 544 515 982 895 1021 752 803 2863
 ... : 2 1 1 1 1 1 1 9 46 12 7 43 24 41 114 212 544 515 982 895 1026 765 833 2903
 ... : 2 1 1 1 1 1 1 9 46 12 7 43 24 41 114 212 544 515 986 897 1031 774 860 2938
 ... : 2 1 1 1 1 1 1 9 46 12 7 43 24 41 114 212 544 515 1000 907 1043 783 882 2954
 ... : 2 1 1 1 1 1 1 9 46 12 7 43 24 41 114 212 544 515 1014 919 1069 795 898 2960
 ... : 2 1 1 1 1 1 1 9 46 12 7 43 24 41 114 212 544 515 1014 919 1071 799 936 3011
 ... : 2 1 1 1 1 1 1 9 46 12 7 43 24 41 114 212 544 515 1014 919 1075 802 976 3050
 ... : 2 1 1 1 1 1 1 9 46 12 7 43 24 41 114 212 544 515 1014 919 1083 810 1004 3109
 ... : 2 1 1 1 1 1 1 9 46 12 7 43 24 41 114 212 544 515 1014 920 1083 815 1044 3157
 ... : 2 1 1 1 1 1 1 9 46 12 7 43 24 41 114 212 544 515 1014 920 1113 846 1069 3174
 ... : 2 1 1 1 1 1 1 9 46 12 7 43 24 41 114 212 544 515 1014 920 1114 852 1115 3209
 ... : 2 1 1 1 1 1 1 9 46 12 7 43 24 41 114 212 544 515 1014 920 1117 866 1149 3240
 ... : 2 1 1 1 1 1 1 9 46 12 7 43 24 41 114 212 544 515 1014 920 1120 878 1179 3274
 ... : 2 1 1 1 1 1 1 9 46 12 7 43 24 41 114 212 544 515 1019 930 1151 905 1196 3280
 ... : 2 1 1 1 1 1 1 9 46 12 7 43 24 41 114 212 544 515 1022 941 1167 914 1211 3283
 ... : 2 1 1 1 1 1 1 9 46 12 7 43 24 41 114 212 544 515 1022 941 1178 927 1251 3322
 ... : 2 1 1 1 1 1 1 9 46 12 7 43 24 41 114 212 544 517 1028 958 1187 936 1280 3353
 ... : 2 1 1 1 1 1 1 9 46 12 7 43 24 41 114 212 544 517 1029 962 1207 957 1309 3372
 ... : 2 1 1 1 1 1 1 9 46 12 7 43 24 41 114 212 544 517 1038 970 1233 968 1322 3394
 ... : 2 1 1 1 1 1 1 9 46 12 7 43 24 41 114 212 544 517 1049 981 1266 985 1334 3396
 ... : 2 1 1 1 1 1 1 9 46 12 7 43 24 41 114 212 544 517 1049 981 1271 991 1376 3410
 ... : 2 1 1 1 1 1 1 9 46 12 7 43 24 41 114 212 544 517 1049 981 1270 999 1410 3455
 ... : 2 1 1 1 1 1 1 9 46 12 7 43 24 41 114 212 544 517 1049 981 1301 1016 1435 3459
 ... : 2 1 1 1 1 1 1 9 46 12 7 43 24 41 114 212 544 517 1037 975 1321 1026 1444 3460
 ... : 2 1 1 1 1 1 1 9 46 12 7 43 24 41 114 212 546 521 1036 975 1336 1029 1453 3460
 ... : 2 1 1 1 1 1 1 9 46 12 7 43 24 41 114 212 546 521 1035 975 1294 1020 1475 3460
 ... : 2 1 1 1 1 1 1 9 46 12 7 43 24 41 114 212 546 521 1034 976 1293 1017 1431 3468
 ... : 2 1 1 1 1 1 1 9 46 12 7 43 24 41 114 212 546 521 1033 973 1285 1018 1461 3501
 ... : 2 1 1 1 1 1 1 9 46 12 7 43 24 41 114 212 546 521 1033 973 1291 1020 1500 3549
 ... : 2 1 1 1 1 1 1 9 46 12 7 43 24 41 114 212 546 521 1033 973 1293 1024 1518 3574
 ... : 2 1 1 1 1 1 1 9 46 12 7 43 24 41 114 212 546 521 1033 973 1290 1026 1542 3661
 ... : 2 1 1 1 1 1 1 9 46 12 7 43 24 41 114 212 546 521 1032 974 1309 1048 1572 3690
 ... : 2 1 1 1 1 1 1 9 46 12 7 43 24 41 114 212 546 521 1032 974 1312 1062 1610 3726
 ... : 2 1 1 1 1 1 1 9 46 12 7 43 24 41 114 212 546 521 1032 974 1317 1075 1646 3762
 ... : 2 1 1 1 1 1 1 9 46 12 7 43 24 41 114 212 546 521 1033 977 1325 1089 1684 3779
 ... : 2 1 1 1 1 1 1 9 46 12 7 43 24 41 114 212 546 521 1033 978 1336 1106 1713 3805
 ... : 2 1 1 1 1 1 1 9 46 12 7 43 24 41 114 212 546 521 1036 984 1347 1111 1738 3819
 ... : 2 1 1 1 1 1 1 9 46 12 7 43 24 41 114 212 546 521 1038 991 1361 1123 1760 3839
 ... : 2 1 1 1 1 1 1 9 46 12 7 43 24 41 114 212 546 521 1038 991 1364 1130 1795 3886
  25 : 2 1 1 1 1 1 1 9 46 12 7 43 24 41 114 212 511 491 883 824 874 809 1013 1014 3711
 ... : 2 1 1 1 1 1 1 9 46 12 7 43 24 41 114 212 511 491 883 824 874 809 1013 1023 3799
 ... : 2 1 1 1 1 1 1 9 46 12 7 43 24 41 114 212 511 491 883 824 874 810 1030 1048 3844
 ... : 2 1 1 1 1 1 1 9 46 12 7 43 24 41 114 212 511 491 883 824 875 813 1038 1063 3873
 ... : 2 1 1 1 1 1 1 9 46 12 7 43 24 41 114 212 511 492 887 827 883 822 1051 1083 3906
 ... : 2 1 1 1 1 1 1 9 46 12 7 43 24 41 114 212 511 496 906 857 904 841 1055 1086 3906
  26 : 2 1 1 1 1 1 1 9 46 12 7 43 24 41 114 212 509 457 887 835 866 835 990 862 600 3532
 ... : 2 1 1 1 1 1 1 9 46 12 7 43 24 41 114 212 509 457 887 835 866 835 990 880 636 3578
 ... : 2 1 1 1 1 1 1 9 46 12 7 43 24 41 114 212 509 457 887 835 866 835 996 897 660 3629
 ... : 2 1 1 1 1 1 1 9 46 12 7 43 24 41 114 212 509 457 887 835 866 835 996 901 707 3680
 ... : 2 1 1 1 1 1 1 9 46 12 7 43 24 41 114 212 509 457 887 835 869 838 1003 913 754 3720
 ... : 2 1 1 1 1 1 1 9 46 12 7 43 24 41 114 212 509 457 895 852 886 849 1011 918 759 3727
 ... : 2 1 1 1 1 1 1 9 46 12 7 43 24 41 114 212 509 457 901 857 897 857 1028 939 774 3727
 ... : 2 1 1 1 1 1 1 9 46 12 7 43 24 41 114 212 509 457 905 859 906 864 1032 956 781 3740
 ... : 2 1 1 1 1 1 1 9 46 12 7 43 24 41 114 212 509 457 917 870 920 863 1043 970 793 3754
 ... : 2 1 1 1 1 1 1 9 46 12 7 43 24 41 114 212 516 466 926 874 934 878 1061 976 794 3757
 ... : 2 1 1 1 1 1 1 9 46 12 7 43 24 41 114 212 517 466 922 866 949 880 1072 977 795 3757
 ... : 2 1 1 1 1 1 1 9 46 12 7 43 24 41 114 212 517 466 922 866 950 882 1095 1005 826 3759
 ... : 2 1 1 1 1 1 1 9 46 12 7 43 24 41 114 212 517 466 922 867 963 894 1110 1016 848 3769
 ... : 2 1 1 1 1 1 1 9 46 12 7 43 24 41 114 212 517 466 922 867 969 900 1123 1034 863 3784
 ... : 2 1 1 1 1 1 1 9 46 12 7 43 24 41 114 212 517 466 922 867 969 900 1126 1040 890 3817
 ... : 2 1 1 1 1 1 1 9 46 12 7 43 24 41 114 212 517 466 922 867 972 904 1150 1084 907 3818
 ... : 2 1 1 1 1 1 1 9 46 12 7 43 24 41 114 212 517 466 922 867 980 913 1164 1110 934 3824
 ... : 2 1 1 1 1 1 1 9 46 12 7 43 24 41 114 212 517 466 923 867 980 916 1182 1130 964 3828
 ... : 2 1 1 1 1 1 1 9 46 12 7 43 24 41 114 212 517 466 924 867 984 922 1193 1146 984 3852
 ... : 2 1 1 1 1 1 1 9 46 12 7 43 24 41 114 212 517 466 924 867 984 922 1194 1148 1015 3897
 ... : 2 1 1 1 1 1 1 9 46 12 7 43 24 41 114 212 517 466 923 867 986 924 1214 1173 1040 3911
 ... : 2 1 1 1 1 1 1 9 46 12 7 43 24 41 114 212 517 466 923 867 985 927 1235 1200 1063 3928
 ... : 2 1 1 1 1 1 1 9 46 12 7 43 24 41 114 212 517 466 923 867 985 928 1257 1246 1089 3929
 ... : 2 1 1 1 1 1 1 9 46 12 7 43 24 41 114 212 517 466 923 867 985 928 1260 1256 1141 3977
 ... : 2 1 1 1 1 1 1 9 46 12 7 43 24 41 114 212 517 466 923 867 988 932 1280 1270 1173 4001
 ... : 2 1 1 1 1 1 1 9 46 12 7 43 24 41 114 212 517 466 923 867 988 930 1294 1283 1192 4020
 ... : 2 1 1 1 1 1 1 9 46 12 7 43 24 41 114 212 517 466 923 867 988 930 1305 1306 1231 4031
 ... : 2 1 1 1 1 1 1 9 46 12 7 43 24 41 114 212 517 466 923 867 990 934 1327 1324 1243 4044
 ... : 2 1 1 1 1 1 1 9 46 12 7 43 24 41 114 212 517 466 923 867 993 944 1335 1338 1274 4054
 ... : 2 1 1 1 1 1 1 9 46 12 7 43 24 41 114 212 517 466 923 867 997 950 1342 1346 1303 4061
 ... : 2 1 1 1 1 1 1 9 46 12 7 43 24 41 114 212 517 466 923 867 1017 957 1360 1357 1319 4061
 ... : 2 1 1 1 1 1 1 9 46 12 7 43 24 41 114 212 517 466 923 868 1035 967 1373 1362 1328 4062
 ... : 2 1 1 1 1 1 1 9 46 12 7 43 24 41 114 212 517 466 923 868 1035 967 1380 1366 1354 4091
 ... : 2 1 1 1 1 1 1 9 46 12 7 43 24 41 114 212 517 466 923 868 1033 963 1392 1376 1374 4094
 ... : 2 1 1 1 1 1 1 9 46 12 7 43 24 41 114 212 517 466 924 870 1046 981 1391 1363 1379 4110
 ... : 2 1 1 1 1 1 1 9 46 12 7 43 24 41 114 212 517 466 924 870 1030 962 1376 1371 1391 4114
 ... : 2 1 1 1 1 1 1 9 46 12 7 43 24 41 114 212 517 466 924 870 1029 962 1337 1335 1386 4128
 ... : 2 1 1 1 1 1 1 9 46 12 7 43 24 41 114 212 517 466 924 870 1029 962 1341 1335 1395 4202
  27 : 2 1 1 1 1 1 1 9 46 12 7 43 23 41 114 208 470 444 879 802 743 741 1037 864 1087 1073 4071
 ... : 2 1 1 1 1 1 1 9 46 12 7 43 23 41 114 208 470 444 879 802 743 740 1037 864 1087 1106 4150
 ... : 2 1 1 1 1 1 1 9 46 12 7 43 23 41 114 208 470 444 879 802 743 740 1037 865 1092 1133 4216
 ... : 2 1 1 1 1 1 1 9 46 12 7 43 23 41 114 208 470 444 879 802 743 740 1043 873 1103 1149 4256
 ... : 2 1 1 1 1 1 1 9 46 12 7 43 23 41 114 208 470 444 879 802 743 740 1050 893 1141 1170 4262
 ... : 2 1 1 1 1 1 1 9 46 12 7 43 23 41 114 208 470 444 879 802 743 741 1056 902 1163 1216 4276
 ... : 2 1 1 1 1 1 1 9 46 12 7 43 23 41 114 208 470 444 879 802 743 741 1056 905 1176 1246 4323
 ... : 2 1 1 1 1 1 1 9 46 12 7 43 23 41 114 208 470 444 879 802 743 741 1056 904 1183 1282 4381
 ... : 2 1 1 1 1 1 1 9 46 12 7 43 23 41 114 208 470 444 879 802 743 741 1056 906 1187 1314 4430
 ... : 2 1 1 1 1 1 1 9 46 12 7 43 23 41 114 208 470 444 879 802 744 743 1064 914 1193 1343 4476
 ... : 2 1 1 1 1 1 1 9 46 12 7 43 23 41 114 208 470 444 879 802 744 743 1071 924 1202 1365 4513
 ... : 2 1 1 1 1 1 1 9 46 12 7 43 23 41 114 208 470 444 879 802 744 743 1074 930 1212 1390 4547
 ... : 2 1 1 1 1 1 1 9 46 12 7 43 23 41 114 208 470 444 879 802 744 743 1082 937 1212 1411 4576
 ... : 2 1 1 1 1 1 1 9 46 12 7 43 23 41 114 208 470 444 879 802 744 743 1104 957 1224 1432 4596
 ... : 2 1 1 1 1 1 1 9 46 12 7 43 23 41 114 208 470 444 879 802 744 743 1115 973 1241 1449 4615
 ... : 2 1 1 1 1 1 1 9 46 12 7 43 23 41 114 208 470 444 879 802 744 743 1119 981 1253 1472 4637
 ... : 2 1 1 1 1 1 1 9 46 12 7 43 23 41 114 208 470 444 879 802 754 759 1129 996 1265 1491 4651
 ... : 2 1 1 1 1 1 1 9 46 12 7 43 23 41 114 208 470 444 879 802 753 756 1139 1013 1280 1510 4674
 ... : 2 1 1 1 1 1 1 9 46 12 7 43 23 41 114 208 470 444 879 802 753 761 1139 1024 1298 1529 4682
 ... : 2 1 1 1 1 1 1 9 46 12 7 43 23 41 114 208 470 444 879 802 751 758 1127 1004 1286 1541 4698
 ... : 2 1 1 1 1 1 1 9 46 12 7 43 23 41 114 208 470 444 879 797 748 754 1110 997 1281 1540 4680
  28 : 2 1 1 1 1 1 1 9 46 12 7 43 23 41 114 208 470 444 878 776 671 696 1022 880 866 997 901 4218
 ... : 2 1 1 1 1 1 1 9 46 12 7 43 23 41 114 208 470 444 878 776 671 696 1022 880 866 1013 933 4266
 ... : 2 1 1 1 1 1 1 9 46 12 7 43 23 41 114 208 470 444 878 776 671 696 1022 883 874 1032 952 4309
 ... : 2 1 1 1 1 1 1 9 46 12 7 43 23 41 114 208 470 444 878 776 671 696 1022 883 877 1044 962 4369
 ... : 2 1 1 1 1 1 1 9 46 12 7 43 23 41 114 208 470 444 879 777 675 700 1024 886 897 1063 978 4386
 ... : 2 1 1 1 1 1 1 9 46 12 7 43 23 41 114 208 470 444 880 778 685 722 1046 897 897 1063 990 4395
 ... : 2 1 1 1 1 1 1 9 46 12 7 43 23 41 114 208 470 444 883 780 692 727 1058 912 905 1068 999 4401
 ... : 2 1 1 1 1 1 1 9 46 12 7 43 23 41 114 208 470 444 883 780 692 727 1062 917 915 1087 1025 4411
 ... : 2 1 1 1 1 1 1 9 46 12 7 43 23 41 114 208 470 444 883 780 692 727 1063 922 926 1102 1039 4415
 ... : 2 1 1 1 1 1 1 9 46 12 7 43 23 41 114 208 470 444 883 780 692 727 1063 921 927 1136 1072 4415
 ... : 2 1 1 1 1 1 1 9 46 12 7 43 23 41 114 208 470 444 883 780 691 727 1061 921 931 1170 1107 4415
 ... : 2 1 1 1 1 1 1 9 46 12 7 43 23 41 114 208 470 444 883 780 696 729 1066 926 945 1197 1123 4416
 ... : 2 1 1 1 1 1 1 9 46 12 7 43 23 41 114 208 470 444 883 781 701 740 1084 941 952 1198 1135 4423
 ... : 2 1 1 1 1 1 1 9 46 12 7 43 23 41 114 208 470 444 883 781 704 748 1092 954 968 1206 1145 4441
 ... : 2 1 1 1 1 1 1 9 46 12 7 43 23 41 114 208 470 444 883 781 704 749 1097 960 986 1226 1170 4453
 ... : 2 1 1 1 1 1 1 9 46 12 7 43 23 41 114 208 470 444 883 783 709 755 1104 967 997 1239 1183 4462
 ... : 2 1 1 1 1 1 1 9 46 12 7 43 23 41 114 208 470 444 883 784 710 766 1122 976 1003 1244 1196 4465
 ... : 2 1 1 1 1 1 1 9 46 12 7 43 23 41 114 208 470 444 883 784 710 766 1130 981 1011 1254 1219 4485
 ... : 2 1 1 1 1 1 1 9 46 12 7 43 23 41 114 208 470 444 883 784 717 770 1131 981 1013 1256 1241 4510
 ... : 2 1 1 1 1 1 1 9 46 12 7 43 23 41 114 208 470 444 883 784 717 772 1140 985 1021 1259 1265 4523
 ... : 2 1 1 1 1 1 1 9 46 12 7 43 23 41 114 208 470 444 883 784 717 772 1144 989 1048 1282 1282 4527
 ... : 2 1 1 1 1 1 1 9 46 12 7 43 23 41 114 208 470 444 883 784 723 776 1150 995 1050 1289 1300 4543
 ... : 2 1 1 1 1 1 1 9 46 12 7 43 23 41 114 208 470 444 886 786 742 791 1162 998 1054 1296 1309 4545
 ... : 2 1 1 1 1 1 1 9 46 12 7 43 23 41 114 208 470 444 887 788 744 795 1184 1017 1069 1309 1319 4548
 ... : 2 1 1 1 1 1 1 9 46 12 7 43 23 41 114 208 470 444 887 788 744 795 1184 1020 1100 1333 1341 4548
 ... : 2 1 1 1 1 1 1 9 46 12 7 43 23 41 114 208 470 444 887 788 744 795 1184 1020 1119 1356 1376 4553
 ... : 2 1 1 1 1 1 1 9 46 12 7 43 23 41 114 208 470 444 887 788 744 795 1184 1020 1119 1359 1416 4605
 ... : 2 1 1 1 1 1 1 9 46 12 7 43 23 41 114 208 470 444 887 788 746 793 1191 1046 1137 1360 1421 4614
 ... : 2 1 1 1 1 1 1 9 46 12 7 43 23 41 114 208 470 444 887 788 746 791 1207 1062 1150 1370 1425 4616
 ... : 2 1 1 1 1 1 1 9 46 12 7 43 23 41 114 208 470 444 887 788 746 791 1207 1063 1182 1390 1459 4635
 ... : 2 1 1 1 1 1 1 9 46 12 7 43 23 41 114 208 470 444 887 788 746 791 1207 1063 1191 1402 1486 4669
 ... : 2 1 1 1 1 1 1 9 46 12 7 43 23 41 114 208 470 444 887 788 746 791 1207 1063 1193 1405 1497 4703
 ... : 2 1 1 1 1 1 1 9 46 12 7 43 23 41 114 208 470 444 887 788 746 791 1207 1063 1193 1411 1548 4758
 ... : 2 1 1 1 1 1 1 9 46 12 7 43 23 41 114 208 470 444 887 788 746 791 1207 1063 1196 1422 1580 4798
 ... : 2 1 1 1 1 1 1 9 46 12 7 43 23 41 114 208 470 444 887 788 746 791 1210 1065 1199 1424 1599 4832
 ... : 2 1 1 1 1 1 1 9 46 12 7 43 23 41 114 208 470 444 887 788 747 791 1216 1072 1208 1429 1619 4848
 ... : 2 1 1 1 1 1 1 9 46 12 7 43 23 41 114 208 470 444 887 788 750 793 1216 1078 1211 1443 1646 4860
 ... : 2 1 1 1 1 1 1 9 46 12 7 43 23 41 114 208 470 444 887 788 751 795 1217 1079 1211 1449 1678 4882
 ... : 2 1 1 1 1 1 1 9 46 12 7 43 23 41 114 208 470 444 887 788 755 799 1232 1091 1237 1463 1690 4884
 ... : 2 1 1 1 1 1 1 9 46 12 7 43 23 41 114 208 470 444 887 788 755 799 1232 1090 1236 1469 1714 4925
 ... : 2 1 1 1 1 1 1 9 46 12 7 43 23 41 114 208 470 444 887 788 755 799 1232 1090 1240 1479 1750 4953
 ... : 2 1 1 1 1 1 1 9 46 12 7 43 23 41 114 208 470 444 887 788 755 799 1232 1090 1247 1487 1798 4987
 ... : 2 1 1 1 1 1 1 9 46 12 7 43 23 41 114 208 470 444 887 788 758 801 1239 1099 1272 1506 1820 4989
 ... : 2 1 1 1 1 1 1 9 46 12 7 43 23 41 114 208 470 444 887 788 758 801 1241 1105 1287 1530 1832 4994
 ... : 2 1 1 1 1 1 1 9 46 12 7 43 23 41 114 208 470 444 887 788 758 801 1244 1106 1304 1545 1864 4997
 ... : 2 1 1 1 1 1 1 9 46 12 7 43 23 41 114 208 470 444 887 788 758 801 1244 1106 1321 1562 1898 5001
 ... : 2 1 1 1 1 1 1 9 46 12 7 43 23 41 114 208 470 444 887 788 758 801 1244 1106 1334 1572 1943 5006
 ... : 2 1 1 1 1 1 1 9 46 12 7 43 23 41 114 208 470 444 887 788 758 801 1244 1106 1336 1583 1984 5063
 ... : 2 1 1 1 1 1 1 9 46 12 7 43 23 41 114 208 470 444 887 788 758 801 1252 1114 1343 1596 2009 5088
 ... : 2 1 1 1 1 1 1 9 46 12 7 43 23 41 114 208 470 444 887 788 758 801 1249 1113 1356 1610 2040 5102
