initialized model with 3297 latches, 3292 inputs and 1 properties
tsim: performed 5 steps
tsim: found cycle from 2
checking bound 0
checking bound 1
checking bound 2
tdecomp: unrolling 2 cycles
tsim: performed 3 steps
tsim: found cycle from 0
tsim: found 2 constants and 0 latch equivalences
tdecomp: (3297, 13168) -> (2411, 7337)
   2 : 2 8
   3 : 2 1 11
   4 : 2 1 1 12
   5 : 2 1 1 1 12
   6 : 2 1 1 1 1 12
   7 : 2 1 1 1 1 1 12
   8 : 2 1 1 1 1 1 1 12
   9 : 2 1 1 1 1 1 1 1 12
  10 : 2 1 1 1 1 1 1 1 1 12
  11 : 2 1 1 1 1 1 1 1 1 1 12
  12 : 2 1 1 1 1 1 1 1 1 1 1 12
  13 : 2 1 1 1 1 1 1 1 1 1 1 1 12
  14 : 2 1 1 1 1 1 1 1 1 1 1 1 1 12
  15 : 2 1 1 1 1 1 1 1 1 1 1 1 1 1 12
  16 : 2 1 1 1 1 1 1 1 1 1 1 1 1 1 1 12
  17 : 2 1 1 1 1 1 1 1 1 1 1 1 1 1 1 1 12
  18 : 2 1 1 1 1 1 1 1 1 1 1 1 1 1 1 1 1 12
  19 : 2 1 1 1 1 1 1 1 1 1 1 1 1 1 1 1 1 1 12
  20 : 2 1 1 1 1 1 1 1 1 1 1 1 1 1 1 1 1 1 1 12
  21 : 2 1 1 1 1 1 1 1 1 1 1 1 1 1 1 1 1 1 1 1 12
  22 : 2 1 1 1 1 1 1 1 1 1 1 1 1 1 1 1 1 1 1 1 1 12
  23 : 2 1 1 1 1 1 1 1 1 1 1 1 1 1 1 1 1 1 1 1 1 1 12
  24 : 2 1 1 1 1 1 1 1 1 1 1 1 1 1 1 1 1 1 1 1 1 1 1 12
  25 : 2 1 1 1 1 1 1 1 1 1 1 1 1 1 1 1 1 1 1 1 1 1 1 1 12
  26 : 2 1 1 1 1 1 1 1 1 1 1 1 1 1 1 1 1 1 1 1 1 1 1 1 1 12
  27 : 2 1 1 1 1 1 1 1 1 1 1 1 1 1 1 1 1 1 1 1 1 1 1 1 1 1 12
  28 : 2 1 1 1 1 1 1 1 1 1 1 1 1 1 1 1 1 1 1 1 1 1 1 1 1 1 1 12
  29 : 2 1 1 1 1 1 1 1 1 1 1 1 1 1 1 1 1 1 1 1 1 1 1 1 1 1 1 1 12
 ... : 2 1 1 1 1 1 1 1 1 1 1 1 1 1 1 1 1 1 1 1 1 1 1 1 1 1 1 1 125
 ... : 2 1 1 1 1 1 1 1 1 1 1 1 1 1 1 1 1 1 1 1 1 1 1 1 1 1 1 1 208
 ... : 2 1 1 1 1 1 1 1 1 1 1 1 1 1 1 1 1 1 1 1 1 1 1 1 1 1 1 3 286
 ... : 2 1 1 1 1 1 1 1 1 1 1 1 1 1 1 1 1 1 1 1 1 1 1 1 1 1 1 6 357
 ... : 4 2 1 1 1 1 1 1 2 2 1 1 1 1 1 1 1 1 1 1 1 1 1 1 1 1 1 9 410
 ... : 5 3 2 2 2 2 2 2 1 1 1 1 1 1 1 1 1 1 1 1 1 1 1 1 1 1 1 11 437
 ... : 5 3 2 2 2 2 2 2 1 1 1 1 1 1 1 1 1 1 1 1 1 1 1 1 1 1 1 11 564
 ... : 5 3 2 2 2 2 2 2 1 1 1 1 1 1 1 1 1 1 1 1 1 1 1 1 1 1 1 12 699
 ... : 5 3 2 2 2 2 2 2 1 1 1 1 1 1 1 1 1 1 1 1 1 1 1 1 1 1 1 14 826
 ... : 5 3 2 2 2 2 2 2 1 1 1 1 1 1 1 1 1 1 1 1 1 1 1 1 1 1 1 30 897
  30 : 5 3 2 2 2 2 2 2 1 1 1 1 1 1 1 1 1 1 1 1 1 1 1 1 1 1 1 1 38 919
  31 : 5 3 2 2 2 2 2 2 1 1 1 1 1 1 1 1 1 1 1 1 1 1 1 1 1 1 1 1 12 13 932
  32 : 5 3 2 2 2 2 2 2 1 1 1 1 1 1 1 1 1 1 1 1 1 1 1 1 1 1 1 1 6 4 7 940
  33 : 5 3 2 2 2 2 2 2 1 1 1 1 1 1 1 1 1 1 1 1 1 1 1 1 1 1 1 1 5 4 5 9 934
  34 : 5 3 2 2 2 2 2 2 1 1 1 1 1 1 1 1 1 1 1 1 1 1 1 1 1 1 1 1 5 4 5 9 5 929
  35 : 5 3 2 2 2 2 2 2 1 1 1 1 1 1 1 1 1 1 1 1 1 1 1 1 1 1 1 1 5 4 5 9 5 5 924
  36 : 5 3 2 2 2 2 2 2 1 1 1 1 1 1 1 1 1 1 1 1 1 1 1 1 1 1 1 1 5 4 5 9 5 5 4 920
  37 : 5 3 2 2 2 2 2 2 1 1 1 1 1 1 1 1 1 1 1 1 1 1 1 1 1 1 1 1 5 4 5 9 5 5 4 7 980
  38 : 5 3 2 2 2 2 2 2 1 1 1 1 1 1 1 1 1 1 1 1 1 1 1 1 1 1 1 1 5 4 5 9 5 5 4 4 129 854
 ... : 5 3 2 2 2 2 2 2 1 1 1 1 1 1 1 1 1 1 1 1 1 1 1 1 1 1 1 1 5 4 5 9 5 5 4 4 129 1035
  39 : 5 3 2 2 2 2 2 2 1 1 1 1 1 1 1 1 1 1 1 1 1 1 1 1 1 1 1 1 5 4 5 9 5 5 4 2 128 26 1064
  40 : 5 3 2 2 2 2 2 2 1 1 1 1 1 1 1 1 1 1 1 1 1 1 1 1 1 1 1 1 5 4 5 9 5 5 4 2 128 24 24 1042
 ... : 5 3 2 2 2 2 2 2 1 1 1 1 1 1 1 1 1 1 1 1 1 1 1 1 1 1 1 1 5 4 5 9 5 5 4 2 126 24 24 1148
  41 : 5 3 2 2 2 2 2 2 1 1 1 1 1 1 1 1 1 1 1 1 1 1 1 1 1 1 1 1 5 4 5 9 5 5 4 2 126 24 24 32 1142
  42 : 5 3 2 2 2 2 2 2 1 1 1 1 1 1 1 1 1 1 1 1 1 1 1 1 1 1 1 1 5 4 5 9 5 5 4 2 126 24 24 18 110 1046
 ... : 5 3 2 2 2 2 2 2 1 1 1 1 1 1 1 1 1 1 1 1 1 1 1 1 1 1 1 1 5 4 5 9 5 5 4 2 126 24 24 18 109 1181
  43 : 5 3 2 2 2 2 2 2 1 1 1 1 1 1 1 1 1 1 1 1 1 1 1 1 1 1 1 1 5 4 5 9 5 5 4 2 126 24 24 18 109 13 1233
  44 : 5 3 2 2 2 2 2 2 1 1 1 1 1 1 1 1 1 1 1 1 1 1 1 1 1 1 1 1 5 4 5 9 5 5 4 2 126 24 24 18 109 11 19 1216
 ... : 5 3 2 2 2 2 2 2 1 1 1 1 1 1 1 1 1 1 1 1 1 1 1 1 1 1 1 1 5 4 5 9 5 5 4 2 126 24 24 18 109 11 19 1300
 ... : 5 3 2 2 2 2 2 2 1 1 1 1 1 1 1 1 1 1 1 1 1 1 1 1 1 1 1 1 5 4 5 9 5 5 4 2 126 24 24 18 109 11 19 1410
 ... : 5 3 2 2 2 2 2 2 1 1 1 1 1 1 1 1 1 1 1 1 1 1 1 1 1 1 1 1 5 4 5 9 5 5 4 2 126 24 24 18 109 11 20 1498
  45 : 5 3 2 2 2 2 2 2 1 1 1 1 1 1 1 1 1 1 1 1 1 1 1 1 1 1 1 1 5 4 5 9 5 5 4 2 126 24 24 18 109 9 16 15 1519
  46 : 5 3 2 2 2 2 2 2 1 1 1 1 1 1 1 1 1 1 1 1 1 1 1 1 1 1 1 1 5 4 5 9 5 5 4 2 126 24 24 18 109 9 16 15 112 1407
 ... : 5 3 2 2 2 2 2 2 1 1 1 1 1 1 1 1 1 1 1 1 1 1 1 1 1 1 1 1 5 4 5 9 5 5 4 2 126 24 24 18 109 9 16 15 112 1525
 ... : 5 3 2 2 2 2 2 2 1 1 1 1 1 1 1 1 1 1 1 1 1 1 1 1 1 1 1 1 5 4 5 9 5 5 4 2 126 24 24 18 109 9 16 15 113 1614
 ... : 5 3 2 2 2 2 2 2 1 1 1 1 1 1 1 1 1 1 1 1 1 1 1 1 1 1 1 1 5 4 5 9 5 5 4 2 126 24 24 18 109 9 16 15 133 1666
 ... : 5 3 2 2 2 2 2 2 1 1 1 1 1 1 1 1 1 1 1 1 1 1 1 1 1 1 1 1 5 4 5 9 5 5 4 2 126 24 24 18 109 9 16 15 158 1703
  47 : 5 3 2 2 2 2 2 2 1 1 1 1 1 1 1 1 1 1 1 1 1 1 1 1 1 1 1 1 5 4 5 9 5 5 4 2 126 24 24 18 107 9 16 12 110 75 1694
  48 : 5 3 2 2 2 2 2 2 1 1 1 1 1 1 1 1 1 1 1 1 1 1 1 1 1 1 1 1 5 4 5 9 5 5 4 2 126 24 24 18 107 9 16 12 109 73 93 1601
 ... : 5 3 2 2 2 2 2 2 1 1 1 1 1 1 1 1 1 1 1 1 1 1 1 1 1 1 1 1 5 4 5 9 5 5 4 2 126 24 24 18 107 9 16 12 109 73 93 1721
 ... : 5 3 2 2 2 2 2 2 1 1 1 1 1 1 1 1 1 1 1 1 1 1 1 1 1 1 1 1 5 4 5 9 5 5 4 2 126 24 24 18 107 9 16 12 109 73 92 1807
 ... : 5 3 2 2 2 2 2 2 1 1 1 1 1 1 1 1 1 1 1 1 1 1 1 1 1 1 1 1 5 4 5 9 5 5 4 2 126 24 24 18 107 9 16 12 109 75 107 1870
  49 : 5 3 2 2 2 2 2 2 1 1 1 1 1 1 1 1 1 1 1 1 1 1 1 1 1 1 1 1 5 4 5 9 5 5 4 2 126 24 24 18 107 9 16 12 109 74 93 59 1889
  50 : 5 3 2 2 2 2 2 2 1 1 1 1 1 1 1 1 1 1 1 1 1 1 1 1 1 1 1 1 4 4 5 9 5 5 4 2 126 24 24 18 107 9 16 12 109 74 93 49 139 1761
 ... : 5 3 2 2 2 2 2 2 1 1 1 1 1 1 1 1 1 1 1 1 1 1 1 1 1 1 1 1 4 4 5 9 5 5 4 2 126 24 24 18 106 9 16 12 109 74 93 49 139 1898
