initialized model with 618 latches, 613 inputs and 1 properties
tsim: performed 5 steps
tsim: found cycle from 2
checking bound 0
checking bound 1
checking bound 2
tdecomp: unrolling 2 cycles
tsim: performed 3 steps
tsim: found cycle from 0
tsim: found 2 constants and 0 latch equivalences
tdecomp: (618, 2452) -> (399, 1373)
   2 : 2 6
   3 : 2 1 7
   4 : 2 1 1 7
   5 : 2 1 1 1 7
   6 : 2 1 1 1 1 7
   7 : 2 1 1 1 1 1 7
   8 : 2 1 1 1 1 1 1 7
   9 : 2 1 1 1 1 1 1 1 7
  10 : 2 1 1 1 1 1 1 1 1 7
  11 : 2 1 1 1 1 1 1 1 1 1 7
  12 : 2 1 1 1 1 1 1 1 1 1 1 7
  13 : 2 1 1 1 1 1 1 1 1 1 1 1 7
  14 : 2 1 1 1 1 1 1 1 1 1 1 1 1 7
  15 : 2 1 1 1 1 1 1 1 1 1 1 1 1 1 7
  16 : 2 1 1 1 1 1 1 1 1 1 1 1 1 1 1 7
  17 : 2 1 1 1 1 1 1 1 1 1 1 1 1 1 1 1 7
  18 : 2 1 1 1 1 1 1 1 1 1 1 1 1 1 1 1 1 7
  19 : 2 1 1 1 1 1 1 1 1 1 1 1 1 1 1 1 1 1 7
  20 : 2 1 1 1 1 1 1 1 1 1 1 1 1 1 1 1 1 1 1 7
  21 : 2 1 1 1 1 1 1 1 1 1 1 1 1 1 1 1 1 1 1 1 7
  22 : 2 1 1 1 1 1 1 1 1 1 1 1 1 1 1 1 1 1 1 1 1 7
  23 : 2 1 1 1 1 1 1 1 1 1 1 1 1 1 1 1 1 1 1 1 1 1 7
  24 : 2 1 1 1 1 1 1 1 1 1 1 1 1 1 1 1 1 1 1 1 1 1 1 7
  25 : 2 1 1 1 1 1 1 1 1 1 1 1 1 1 1 1 1 1 1 1 1 1 1 1 7
  26 : 2 1 1 1 1 1 1 1 1 1 1 1 1 1 1 1 1 1 1 1 1 1 1 1 1 7
  27 : 2 1 1 1 1 1 1 1 1 1 1 1 1 1 1 1 1 1 1 1 1 1 1 1 1 1 7
  28 : 2 1 1 1 1 1 1 1 1 1 1 1 1 1 1 1 1 1 1 1 1 1 1 1 1 1 1 7
  29 : 2 1 1 1 1 1 1 1 1 1 1 1 1 1 1 1 1 1 1 1 1 1 1 1 1 1 1 1 7
 ... : 2 1 1 1 1 1 1 1 1 1 1 1 1 1 1 1 1 1 1 1 1 1 1 1 1 1 1 7 69
 ... : 4 3 2 1 1 1 1 1 1 1 1 1 1 1 1 1 1 1 1 1 1 1 1 1 1 1 1 11 92
  30 : 5 3 3 3 3 4 5 5 1 1 1 1 1 1 1 1 1 1 1 1 1 1 1 1 1 1 1 1 1 141
  31 : 5 3 3 3 3 4 5 5 1 1 1 1 1 1 1 1 1 1 1 1 1 1 1 1 1 1 1 1 1 2 139
  32 : 5 3 3 3 3 4 5 5 1 1 1 1 1 1 1 1 1 1 1 1 1 1 1 1 1 1 1 1 1 2 3 136
  33 : 5 3 3 3 3 4 5 5 1 1 1 1 1 1 1 1 1 1 1 1 1 1 1 1 1 1 1 1 1 2 3 3 133
  34 : 5 3 3 3 3 4 5 5 1 1 1 1 1 1 1 1 1 1 1 1 1 1 1 1 1 1 1 1 1 2 3 3 2 131
  35 : 5 3 3 3 3 4 5 5 1 1 1 1 1 1 1 1 1 1 1 1 1 1 1 1 1 1 1 1 1 2 3 3 2 2 129
  36 : 5 3 3 3 3 4 5 5 1 1 1 1 1 1 1 1 1 1 1 1 1 1 1 1 1 1 1 1 1 2 3 3 2 2 2 127
  37 : 5 3 3 3 3 4 5 5 1 1 1 1 1 1 1 1 1 1 1 1 1 1 1 1 1 1 1 1 1 2 3 3 2 2 2 1 149
  38 : 5 3 3 3 3 4 5 5 1 1 1 1 1 1 1 1 1 1 1 1 1 1 1 1 1 1 1 1 1 2 3 3 2 2 2 1 6 143
  39 : 5 3 3 3 3 4 5 5 1 1 1 1 1 1 1 1 1 1 1 1 1 1 1 1 1 1 1 1 1 2 3 3 2 2 2 1 6 10 155
  40 : 5 3 3 3 3 4 5 5 1 1 1 1 1 1 1 1 1 1 1 1 1 1 1 1 1 1 1 1 1 2 3 3 2 2 2 1 6 10 9 146
  41 : 5 3 3 3 3 4 5 5 1 1 1 1 1 1 1 1 1 1 1 1 1 1 1 1 1 1 1 1 1 2 3 3 2 2 2 1 6 10 9 7 163
  42 : 5 3 3 3 3 4 5 5 1 1 1 1 1 1 1 1 1 1 1 1 1 1 1 1 1 1 1 1 1 2 3 3 2 2 2 1 6 10 9 7 10 153
  43 : 5 3 3 3 3 4 5 5 1 1 1 1 1 1 1 1 1 1 1 1 1 1 1 1 1 1 1 1 1 2 3 3 2 2 2 1 6 10 9 7 10 13 172
  44 : 5 3 3 3 3 4 5 5 1 1 1 1 1 1 1 1 1 1 1 1 1 1 1 1 1 1 1 1 1 2 3 3 2 2 2 1 6 10 9 7 10 13 12 160
  45 : 5 3 3 3 3 4 5 5 1 1 1 1 1 1 1 1 1 1 1 1 1 1 1 1 1 1 1 1 1 2 3 3 2 2 2 1 6 10 9 7 10 13 11 10 210
  46 : 5 3 3 3 3 4 5 5 1 1 1 1 1 1 1 1 1 1 1 1 1 1 1 1 1 1 1 1 1 2 3 3 2 2 2 1 6 10 9 7 10 13 11 10 25 185
 ... : 5 3 3 3 3 4 5 5 1 1 1 1 1 1 1 1 1 1 1 1 1 1 1 1 1 1 1 1 1 2 3 3 2 2 2 1 6 10 9 7 10 13 11 10 27 281
 ... : 5 3 3 3 3 4 5 5 1 1 1 1 1 1 1 1 1 1 1 1 1 1 1 1 1 1 1 1 1 2 3 3 2 2 2 1 6 10 9 7 10 13 11 10 27 349
  47 : 5 3 3 3 3 4 5 5 1 1 1 1 1 1 1 1 1 1 1 1 1 1 1 1 1 1 1 1 1 2 3 3 2 2 2 1 6 10 9 7 10 13 11 10 25 20 385
  48 : 5 3 3 3 3 4 5 5 1 1 1 1 1 1 1 1 1 1 1 1 1 1 1 1 1 1 1 1 1 2 3 3 2 2 2 1 6 10 9 7 10 13 11 10 25 12 31 362
  49 : 5 3 3 3 3 4 5 5 1 1 1 1 1 1 1 1 1 1 1 1 1 1 1 1 1 1 1 1 1 2 3 3 2 2 2 1 6 10 9 7 10 13 11 10 25 12 30 7 380
  50 : 5 3 3 3 3 4 5 5 1 1 1 1 1 1 1 1 1 1 1 1 1 1 1 1 1 1 1 1 1 2 3 3 2 2 2 1 6 10 9 7 10 13 11 10 25 12 30 3 13 370
  51 : 5 3 3 3 3 4 5 5 1 1 1 1 1 1 1 1 1 1 1 1 1 1 1 1 1 1 1 1 1 2 3 3 2 2 2 1 6 10 9 7 10 13 11 10 25 12 30 3 10 10 375
  52 : 5 3 3 3 3 4 5 5 1 1 1 1 1 1 1 1 1 1 1 1 1 1 1 1 1 1 1 1 1 2 3 3 2 2 2 1 6 10 9 7 10 13 11 10 25 12 30 3 10 5 6 383
  53 : 5 3 3 3 3 4 5 5 1 1 1 1 1 1 1 1 1 1 1 1 1 1 1 1 1 1 1 1 1 2 3 3 2 2 2 1 6 10 9 7 10 13 11 10 25 12 25 3 10 5 7 4 393
  54 : 5 3 3 3 3 4 5 5 1 1 1 1 1 1 1 1 1 1 1 1 1 1 1 1 1 1 1 1 1 2 3 3 2 2 2 1 6 10 9 7 10 13 11 10 25 12 25 3 10 5 7 4 3 390
  55 : 5 3 3 3 3 4 5 5 1 1 1 1 1 1 1 1 1 1 1 1 1 1 1 1 1 1 1 1 1 2 3 3 2 2 2 1 6 10 9 7 10 13 11 10 25 12 25 3 10 5 7 3 3 5 400
  56 : 5 3 3 3 3 4 5 5 1 1 1 1 1 1 1 1 1 1 1 1 1 1 1 1 1 1 1 1 1 2 3 3 2 2 2 1 6 10 9 7 10 13 11 10 25 12 25 3 10 5 7 3 3 3 12 393
  57 : 5 3 3 3 3 4 5 5 1 1 1 1 1 1 1 1 1 1 1 1 1 1 1 1 1 1 1 1 1 2 3 3 2 2 2 1 6 10 9 7 10 13 11 10 25 12 25 3 9 4 5 2 2 1 9 5 403
  58 : 5 3 3 3 3 4 5 5 1 1 1 1 1 1 1 1 1 1 1 1 1 1 1 1 1 1 1 1 1 2 3 3 2 2 2 1 6 10 9 7 10 13 11 10 25 12 25 3 9 4 5 2 2 1 9 5 4 399
  59 : 5 3 3 3 3 4 5 5 1 1 1 1 1 1 1 1 1 1 1 1 1 1 1 1 1 1 1 1 1 2 3 3 2 2 2 1 6 10 9 7 10 13 11 10 25 12 25 3 9 4 2 1 3 3 2 1 9 6 448
  60 : 5 3 3 3 3 4 5 5 1 1 1 1 1 1 1 1 1 1 1 1 1 1 1 1 1 1 1 1 1 2 3 3 2 2 2 1 6 10 9 7 10 13 11 10 25 12 25 3 9 4 2 1 3 3 2 1 9 4 3 447
  61 : 5 3 3 3 3 4 5 5 1 1 1 1 1 1 1 1 1 1 1 1 1 1 1 1 1 1 1 1 1 2 3 3 2 2 2 1 6 10 9 7 10 13 11 10 25 12 25 3 9 4 2 1 4 4 5 3 8 4 4 7 466
  62 : 5 3 3 3 3 4 5 5 1 1 1 1 1 1 1 1 1 1 1 1 1 1 1 1 1 1 1 1 1 2 3 3 2 2 2 1 6 10 9 7 10 13 11 10 25 12 25 3 9 4 2 1 4 4 5 3 8 4 4 6 5 462
  63 : 5 3 3 3 3 4 5 5 1 1 1 1 1 1 1 1 1 1 1 1 1 1 1 1 1 1 1 1 1 2 3 3 2 2 2 1 6 10 9 7 10 13 11 10 25 12 25 3 9 4 2 1 3 4 5 2 9 2 5 5 7 11 466
  64 : 5 3 3 3 3 4 5 5 1 1 1 1 1 1 1 1 1 1 1 1 1 1 1 1 1 1 1 1 1 2 3 3 2 2 2 1 6 10 9 7 10 13 11 10 25 12 25 3 9 4 2 1 3 4 5 2 9 2 5 5 7 11 11 456
  65 : 5 3 3 3 3 4 5 5 1 1 1 1 1 1 1 1 1 1 1 1 1 1 1 1 1 1 1 1 1 2 3 3 2 2 2 1 6 10 9 7 10 13 11 10 25 12 25 3 10 5 3 2 3 5 5 4 5 3 3 3 4 6 4 5 472
  66 : 5 3 3 3 3 4 5 5 1 1 1 1 1 1 1 1 1 1 1 1 1 1 1 1 1 1 1 1 1 2 3 3 2 2 2 1 6 10 9 7 10 13 11 10 25 12 25 3 10 5 3 2 3 5 5 4 5 3 3 3 4 6 4 5 7 465
  67 : 5 3 3 3 3 4 5 5 1 1 1 1 1 1 1 1 1 1 1 1 1 1 1 1 1 1 1 1 1 2 3 3 2 2 2 1 6 10 9 7 10 13 11 10 25 12 25 3 10 5 3 2 3 5 5 4 5 3 3 3 4 6 4 5 7 6 459
  68 : 5 3 3 3 3 4 5 5 1 1 1 1 1 1 1 1 1 1 1 1 1 1 1 1 1 1 1 1 1 2 3 3 2 2 2 1 6 10 9 7 10 13 11 10 25 12 25 3 10 5 3 2 5 5 2 2 1 1 3 4 5 6 7 6 6 4 13 470
  69 : 5 3 3 3 3 4 5 5 1 1 1 1 1 1 1 1 1 1 1 1 1 1 1 1 1 1 1 1 1 2 3 3 2 2 2 1 6 10 9 7 10 13 11 10 25 12 25 3 10 5 3 2 5 5 2 2 1 1 3 4 5 6 6 4 4 3 7 8 469
  70 : 5 3 3 3 3 4 5 5 1 1 1 1 1 1 1 1 1 1 1 1 1 1 1 1 1 1 1 1 1 2 3 3 2 2 2 1 6 10 9 7 10 13 11 10 25 12 25 3 10 5 3 2 5 5 2 2 1 1 3 4 5 6 6 4 4 3 7 8 11 458
  71 : 5 3 3 3 3 4 5 5 1 1 1 1 1 1 1 1 1 1 1 1 1 1 1 1 1 1 1 1 1 2 3 3 2 2 2 1 6 10 9 7 10 13 11 10 25 12 25 3 10 5 3 2 5 5 2 2 1 1 3 4 5 6 6 4 4 3 7 8 11 4 460
 ... : 5 3 3 3 3 4 5 5 1 1 1 1 1 1 1 1 1 1 1 1 1 1 1 1 1 1 1 1 1 2 3 3 2 2 2 1 6 10 9 7 10 13 11 10 28 14 28 5 10 10 6 5 7 7 5 6 7 2 5 4 5 6 6 4 4 3 7 9 11 7 476
  72 : 5 3 3 3 3 4 5 5 1 1 1 1 1 1 1 1 1 1 1 1 1 1 1 1 1 1 1 1 1 2 3 3 2 2 2 1 6 10 9 7 10 13 11 10 28 12 27 3 9 4 3 5 3 3 5 3 4 6 10 3 2 3 5 8 3 4 5 6 3 4 7 491
  73 : 5 3 3 3 3 4 5 5 1 1 1 1 1 1 1 1 1 1 1 1 1 1 1 1 1 1 1 1 1 2 3 3 2 2 2 1 6 10 9 7 10 13 11 10 28 12 27 3 9 4 3 5 3 3 5 3 4 6 10 3 2 3 5 8 3 4 5 6 3 4 7 7 484
  74 : 5 3 3 3 3 4 5 5 1 1 1 1 1 1 1 1 1 1 1 1 1 1 1 1 1 1 1 1 1 2 3 3 2 2 2 1 6 10 9 7 10 13 11 10 28 12 27 3 9 4 3 5 3 3 5 3 4 6 10 3 2 3 5 8 3 4 5 6 3 4 7 7 2 481
  75 : 5 3 3 3 3 4 5 5 1 1 1 1 1 1 1 1 1 1 1 1 1 1 1 1 1 1 1 1 1 2 3 3 2 2 2 1 6 10 9 7 10 13 11 10 28 12 27 3 9 4 3 5 3 3 5 3 4 6 10 3 2 3 5 8 3 4 5 6 3 4 7 7 2 7 474
  76 : 5 3 3 3 3 4 5 5 1 1 1 1 1 1 1 1 1 1 1 1 1 1 1 1 1 1 1 1 1 2 3 3 2 2 2 1 6 10 9 7 10 13 11 10 28 12 27 3 9 4 3 5 3 3 5 3 4 6 10 3 2 3 5 8 3 4 5 6 3 4 7 7 2 7 5 469
  77 : 5 3 3 3 3 4 5 5 1 1 1 1 1 1 1 1 1 1 1 1 1 1 1 1 1 1 1 1 1 2 3 3 2 2 2 1 6 10 9 7 10 13 11 10 28 12 27 3 9 4 3 5 3 3 5 3 4 6 10 3 2 3 5 8 3 4 5 6 3 4 7 7 2 7 5 3 466
  78 : 5 3 3 3 3 4 5 5 1 1 1 1 1 1 1 1 1 1 1 1 1 1 1 1 1 1 1 1 1 2 3 3 2 2 2 1 6 10 9 7 10 13 11 10 28 12 27 3 9 4 3 5 3 3 7 3 1 2 4 2 4 5 9 3 2 5 5 8 5 7 5 7 4 7 3 1 8 474
  79 : 5 3 3 3 3 4 5 5 1 1 1 1 1 1 1 1 1 1 1 1 1 1 1 1 1 1 1 1 1 2 3 3 2 2 2 1 6 10 9 7 10 13 11 10 28 12 27 3 9 4 3 5 3 3 7 3 1 1 3 2 4 6 10 3 2 5 5 8 5 7 5 7 4 7 3 1 7 3 472
  80 : 5 3 3 3 3 4 5 5 1 1 1 1 1 1 1 1 1 1 1 1 1 1 1 1 1 1 1 1 1 2 3 3 2 2 2 1 6 10 9 7 10 13 11 10 28 12 27 3 9 4 3 5 3 3 7 3 1 1 3 2 4 6 10 3 2 5 5 8 5 7 5 7 4 7 3 1 7 3 1 471
  81 : 5 3 3 3 3 4 5 5 1 1 1 1 1 1 1 1 1 1 1 1 1 1 1 1 1 1 1 1 1 2 3 3 2 2 2 1 6 10 9 7 10 13 11 10 28 12 25 3 10 6 3 4 9 3 3 5 5 4 4 5 4 2 2 2 3 5 6 10 3 3 6 8 3 8 6 8 12 6 10 7 483
  82 : 5 3 3 3 3 4 5 5 1 1 1 1 1 1 1 1 1 1 1 1 1 1 1 1 1 1 1 1 1 2 3 3 2 2 2 1 6 10 9 7 10 13 11 10 28 12 25 3 10 6 3 4 9 3 3 5 5 4 4 5 4 2 2 2 3 5 6 10 3 3 6 8 3 8 6 8 12 6 10 7 5 478
  83 : 5 3 3 3 3 4 5 5 1 1 1 1 1 1 1 1 1 1 1 1 1 1 1 1 1 1 1 1 1 2 3 3 2 2 2 1 6 10 9 7 10 13 11 10 28 12 25 3 10 6 3 4 9 3 3 5 5 4 4 5 4 2 2 2 3 5 6 10 3 3 6 8 3 8 6 8 12 6 10 7 5 3 475
  84 : 5 3 3 3 3 4 5 5 1 1 1 1 1 1 1 1 1 1 1 1 1 1 1 1 1 1 1 1 1 2 3 3 2 2 2 1 6 10 9 7 10 13 11 10 28 12 25 3 10 6 3 4 9 3 3 5 5 4 4 5 4 2 2 2 3 5 6 10 3 3 6 8 3 8 6 8 12 6 10 7 5 3 10 465
  85 : 5 3 3 3 3 4 5 5 1 1 1 1 1 1 1 1 1 1 1 1 1 1 1 1 1 1 1 1 1 2 3 3 2 2 2 1 6 10 9 7 10 13 11 10 28 12 25 3 10 6 3 4 9 3 3 5 5 4 4 5 4 2 2 2 3 5 6 10 3 3 6 8 3 8 6 8 8 4 7 6 8 7 11 5 473
  86 : 5 3 3 3 3 4 5 5 1 1 1 1 1 1 1 1 1 1 1 1 1 1 1 1 1 1 1 1 1 2 3 3 2 2 2 1 6 10 9 7 10 13 11 10 28 12 25 3 10 6 3 4 9 3 3 5 5 4 4 5 4 2 2 2 3 5 6 10 3 3 6 8 3 8 6 8 8 4 7 6 8 7 11 5 5 468
 ... : 5 3 3 3 3 4 5 5 1 1 1 1 1 1 1 1 1 1 1 1 1 1 1 1 1 1 1 1 1 2 3 3 2 2 2 1 6 10 9 7 10 13 11 10 30 14 26 3 11 7 5 5 10 5 5 10 8 7 7 6 5 4 4 4 4 6 6 10 3 3 6 8 3 8 6 8 9 4 7 6 8 7 11 5 8 484
  87 : 5 3 3 3 3 4 5 5 1 1 1 1 1 1 1 1 1 1 1 1 1 1 1 1 1 1 1 1 1 2 3 3 2 2 2 1 6 10 9 7 10 13 11 10 30 12 25 3 11 6 3 3 4 4 3 7 3 3 2 4 4 4 3 6 6 4 3 5 5 5 4 7 5 4 7 8 4 8 6 8 8 5 7 9 7 8 505
  88 : 5 3 3 3 3 4 5 5 1 1 1 1 1 1 1 1 1 1 1 1 1 1 1 1 1 1 1 1 1 2 3 3 2 2 2 1 6 10 9 7 10 13 11 10 30 12 25 3 11 6 3 3 4 4 3 7 3 3 2 4 4 4 3 6 6 4 3 5 5 5 4 7 5 4 7 8 4 8 6 8 8 5 7 9 7 7 16 490
  89 : 5 3 3 3 3 4 5 5 1 1 1 1 1 1 1 1 1 1 1 1 1 1 1 1 1 1 1 1 1 2 3 3 2 2 2 1 6 10 9 7 10 13 11 10 30 12 25 3 11 6 3 3 4 4 3 7 3 3 2 4 4 4 3 6 6 4 3 5 5 5 4 7 5 4 7 8 4 8 6 8 8 5 7 9 7 7 9 6 494
  90 : 5 3 3 3 3 4 5 5 1 1 1 1 1 1 1 1 1 1 1 1 1 1 1 1 1 1 1 1 1 2 3 3 2 2 2 1 6 10 9 7 10 13 11 10 30 12 25 3 11 6 3 3 4 4 3 7 3 3 2 4 4 4 3 6 6 4 3 5 5 5 4 7 5 4 7 8 4 8 6 8 8 5 7 9 7 7 9 5 9 486
  91 : 5 3 3 3 3 4 5 5 1 1 1 1 1 1 1 1 1 1 1 1 1 1 1 1 1 1 1 1 1 2 3 3 2 2 2 1 6 10 9 7 10 13 11 10 30 12 25 3 11 6 3 3 4 4 3 7 3 3 2 4 4 4 3 6 6 4 3 5 5 5 4 7 5 4 7 8 4 8 6 8 8 5 7 9 7 7 10 4 6 5 495
  92 : 5 3 3 3 3 4 5 5 1 1 1 1 1 1 1 1 1 1 1 1 1 1 1 1 1 1 1 1 1 2 3 3 2 2 2 1 6 10 9 7 10 13 11 10 30 12 25 3 11 6 3 3 4 4 3 7 4 4 3 5 6 7 4 7 8 5 4 6 6 6 5 8 5 5 9 8 5 5 4 9 8 9 8 8 8 11 9 6 9 6 7 504
  93 : 5 3 3 3 3 4 5 5 1 1 1 1 1 1 1 1 1 1 1 1 1 1 1 1 1 1 1 1 1 2 3 3 2 2 2 1 6 10 9 7 10 13 11 10 30 12 25 3 11 6 3 3 4 4 3 7 4 4 3 5 6 7 4 7 8 5 4 6 6 6 5 8 5 5 9 8 5 5 4 9 8 9 8 8 8 11 9 6 9 6 7 5 499
 ... : 5 3 3 3 3 4 5 5 1 1 1 1 1 1 1 1 1 1 1 1 1 1 1 1 1 1 1 1 1 2 3 3 2 2 2 1 6 10 9 7 10 13 11 10 30 12 25 3 11 6 3 3 4 4 3 7 6 7 7 11 11 9 7 9 9 7 6 8 8 7 7 10 8 8 13 10 8 6 4 9 8 9 8 8 8 11 9 6 9 6 7 6 501
  94 : 5 3 3 3 3 4 5 5 1 1 1 1 1 1 1 1 1 1 1 1 1 1 1 1 1 1 1 1 1 2 3 3 2 2 2 1 6 10 9 7 10 13 11 10 30 12 25 3 11 6 3 3 4 4 3 7 3 2 1 3 3 2 3 3 4 5 4 7 6 5 4 7 10 7 6 10 13 6 4 5 8 3 3 5 5 11 6 9 5 3 6 5 5 517
  95 : 5 3 3 3 3 4 5 5 1 1 1 1 1 1 1 1 1 1 1 1 1 1 1 1 1 1 1 1 1 2 3 3 2 2 2 1 6 10 9 7 10 13 11 10 30 12 25 3 11 6 3 3 4 4 3 7 3 2 1 3 3 2 3 3 4 5 4 7 6 5 4 7 9 6 5 8 14 5 3 5 8 3 3 5 5 11 6 7 4 3 6 7 4 5 513
  96 : 5 3 3 3 3 4 5 5 1 1 1 1 1 1 1 1 1 1 1 1 1 1 1 1 1 1 1 1 1 2 3 3 2 2 2 1 6 10 9 7 10 13 11 10 30 12 25 3 11 6 3 3 4 4 3 7 3 2 1 3 3 2 3 3 4 5 4 7 6 5 4 7 9 6 5 8 14 5 3 5 8 3 3 5 5 11 6 7 4 3 6 7 3 4 10 505
  97 : 5 3 3 3 3 4 5 5 1 1 1 1 1 1 1 1 1 1 1 1 1 1 1 1 1 1 1 1 1 2 3 3 2 2 2 1 6 10 9 7 10 13 11 10 30 12 25 3 11 6 3 3 4 4 3 7 3 2 1 3 3 2 3 3 4 5 4 7 6 5 4 7 9 6 5 8 14 5 3 5 8 3 3 5 5 11 6 7 4 3 6 7 3 4 10 6 499
  98 : 5 3 3 3 3 4 5 5 1 1 1 1 1 1 1 1 1 1 1 1 1 1 1 1 1 1 1 1 1 2 3 3 2 2 2 1 6 10 9 7 10 13 11 10 30 12 25 3 11 6 3 3 4 4 3 7 3 2 1 3 3 2 3 3 4 5 4 7 6 5 4 7 9 6 5 8 14 5 3 5 8 3 3 5 5 11 6 7 4 3 6 7 3 4 10 6 4 495
  99 : 5 3 3 3 3 4 5 5 1 1 1 1 1 1 1 1 1 1 1 1 1 1 1 1 1 1 1 1 1 2 3 3 2 2 2 1 6 10 9 7 10 13 11 10 30 12 25 3 11 6 3 3 4 4 3 7 3 2 1 3 3 2 3 3 4 5 4 8 7 7 5 8 10 4 4 10 10 5 8 8 6 5 10 4 4 4 4 8 6 6 5 4 5 10 5 6 11 4 506
 100 : 5 3 3 3 3 4 5 5 1 1 1 1 1 1 1 1 1 1 1 1 1 1 1 1 1 1 1 1 1 2 3 3 2 2 2 1 6 10 9 7 10 13 11 10 30 12 25 3 11 6 3 3 4 4 3 7 3 2 1 3 3 2 3 3 4 5 4 8 7 7 5 8 10 4 4 10 10 5 8 8 6 5 10 4 4 4 4 8 6 6 5 4 5 10 5 6 11 4 9 497
 101 : 5 3 3 3 3 4 5 5 1 1 1 1 1 1 1 1 1 1 1 1 1 1 1 1 1 1 1 1 1 2 3 3 2 2 2 1 6 10 9 7 10 13 11 10 30 12 25 3 11 6 3 3 4 4 3 7 3 2 1 3 3 2 3 3 4 5 4 8 7 7 5 8 10 4 4 10 9 5 8 8 6 5 10 4 4 4 4 8 6 6 5 4 5 10 5 6 11 4 9 6 492
 ... : 5 3 3 3 3 4 5 5 1 1 1 1 1 1 1 1 1 1 1 1 1 1 1 1 1 1 1 1 1 2 3 3 2 2 2 1 6 10 9 7 11 15 12 11 31 14 26 5 13 7 4 5 6 5 4 9 5 3 2 5 6 3 4 4 6 7 6 9 10 7 5 8 10 4 4 10 9 5 8 8 7 6 10 4 4 4 4 8 6 6 5 4 5 10 5 6 11 5 10 9 495
 ... : 5 3 3 3 3 4 5 5 1 1 1 1 1 1 1 1 1 1 1 1 1 1 1 1 1 1 1 1 1 2 3 3 2 2 2 1 6 10 9 7 11 15 12 11 31 14 26 5 13 7 4 5 6 5 4 9 5 3 2 5 6 3 4 4 6 7 6 9 10 9 8 11 13 8 7 12 10 6 10 9 9 8 11 5 7 5 7 10 9 7 8 7 9 10 6 8 12 6 10 9 495
 102 : 5 3 3 3 3 4 5 5 1 1 1 1 1 1 1 1 1 1 1 1 1 1 1 1 1 1 1 1 1 2 3 3 2 2 2 1 6 10 9 7 11 15 12 10 30 11 25 4 9 6 3 2 5 5 3 6 5 6 3 3 6 3 2 2 5 9 8 7 6 8 5 6 6 6 6 5 7 6 6 4 9 10 6 5 10 11 7 7 8 9 4 5 11 9 8 7 5 7 13 10 8 507
 103 : 5 3 3 3 3 4 5 5 1 1 1 1 1 1 1 1 1 1 1 1 1 1 1 1 1 1 1 1 1 2 3 3 2 2 2 1 6 10 9 7 11 15 12 10 30 11 25 4 9 6 3 2 5 5 3 6 5 6 3 3 6 3 2 2 5 9 8 7 6 8 5 6 6 6 6 5 7 6 6 4 9 10 6 5 10 11 7 7 8 9 4 5 11 9 8 7 5 7 13 10 7 12 496
 104 : 5 3 3 3 3 4 5 5 1 1 1 1 1 1 1 1 1 1 1 1 1 1 1 1 1 1 1 1 1 2 3 3 2 2 2 1 6 10 9 7 11 15 12 10 30 11 25 4 9 6 3 2 5 5 3 6 5 6 3 3 6 3 2 2 5 9 8 7 6 8 5 6 6 6 6 5 7 6 6 4 9 10 6 5 10 11 7 7 8 9 4 5 11 9 8 7 5 7 13 10 7 10 8 495
 105 : 5 3 3 3 3 4 5 5 1 1 1 1 1 1 1 1 1 1 1 1 1 1 1 1 1 1 1 1 1 2 3 3 2 2 2 1 6 10 9 7 11 15 12 10 30 11 25 4 9 6 3 2 5 5 3 6 5 6 3 3 6 3 2 2 5 9 8 7 6 8 5 6 6 6 6 5 7 6 6 4 9 10 6 5 10 11 7 7 8 9 4 5 11 9 8 7 5 7 13 10 7 10 7 7 489
 ... : 5 3 3 3 3 4 5 5 1 1 1 1 1 1 1 1 1 1 1 1 1 1 1 1 1 1 1 1 1 2 3 3 2 2 2 1 6 10 9 7 11 15 12 10 32 12 26 5 10 7 4 3 7 6 4 6 5 6 3 3 6 3 2 2 5 9 8 7 6 8 5 6 6 6 6 5 7 6 6 4 9 10 6 5 10 11 7 7 8 9 4 5 11 9 8 7 5 7 12 11 10 13 9 12 516
 ... : 5 3 3 3 3 4 5 5 1 1 1 1 1 1 1 1 1 1 1 1 1 1 1 1 1 1 1 1 1 2 3 3 2 2 2 1 6 10 9 7 11 15 12 10 32 13 26 5 10 7 4 3 7 6 4 7 7 7 4 4 7 4 3 4 7 10 9 9 7 9 7 8 7 7 7 6 8 7 7 5 10 11 7 6 11 12 8 9 9 10 5 7 12 10 9 8 6 8 12 13 11 14 12 15 519
 ... : 5 3 3 3 3 4 5 5 1 1 1 1 1 1 1 1 1 1 1 1 1 1 1 1 1 1 1 1 1 2 3 3 2 2 2 1 6 10 9 7 11 15 12 10 33 13 27 7 12 9 5 4 9 6 4 9 9 8 5 6 9 4 3 6 10 12 12 12 11 13 9 9 7 9 8 7 9 8 8 6 11 12 8 7 12 13 9 9 11 12 7 8 12 10 9 8 6 8 12 13 11 14 12 17 520
 ... : 5 3 3 3 3 4 5 5 1 1 1 1 1 1 1 1 1 1 1 1 1 1 1 1 1 1 1 1 1 2 3 3 2 2 2 1 6 10 9 7 11 15 12 10 35 16 29 9 15 12 7 7 10 8 6 11 12 8 6 8 10 5 4 8 10 13 13 14 10 11 10 14 10 9 8 7 9 8 8 6 11 12 8 7 12 13 9 9 11 12 7 8 12 10 9 8 6 8 12 13 11 14 12 17 520
 ... : 5 3 3 3 3 4 5 5 1 1 1 1 1 1 1 1 1 1 1 1 1 1 1 1 1 1 1 1 1 2 3 3 2 2 2 1 6 10 9 7 13 18 13 12 36 16 30 11 16 12 7 9 11 8 7 12 12 9 9 12 10 6 6 11 12 16 16 16 13 13 12 16 10 9 8 7 9 8 8 6 11 12 8 7 12 13 9 9 11 12 7 8 12 10 9 8 6 8 12 13 11 14 12 17 523
 ... : 5 3 3 3 3 4 5 5 1 1 1 1 1 1 1 1 1 1 1 1 1 1 1 1 1 1 1 1 1 2 3 3 2 2 2 1 6 10 9 7 13 18 14 13 36 16 30 11 17 14 8 8 8 7 6 10 11 10 9 11 10 7 7 12 12 18 17 17 13 14 11 15 11 10 9 7 9 9 9 7 13 15 10 9 14 15 10 11 12 12 7 8 12 11 10 9 8 11 15 15 11 14 12 17 524
 106 : 5 3 3 3 3 4 5 5 1 1 1 1 1 1 1 1 1 1 1 1 1 1 1 1 1 1 1 1 1 2 3 3 2 2 2 1 6 10 9 7 13 18 14 13 26 14 27 6 10 7 4 3 2 5 2 2 7 6 3 3 3 8 2 4 12 17 14 12 10 11 10 8 11 10 10 6 13 7 9 5 6 5 7 5 7 10 15 11 13 13 13 4 4 8 11 6 7 9 7 4 4 14 12 9 8 580
 107 : 5 3 3 3 3 4 5 5 1 1 1 1 1 1 1 1 1 1 1 1 1 1 1 1 1 1 1 1 1 2 3 3 2 2 2 1 6 10 9 7 13 18 14 13 25 14 27 6 10 7 4 3 2 5 2 2 7 6 3 3 3 7 2 3 9 11 9 5 5 9 7 5 9 8 7 4 10 9 9 7 8 7 7 8 7 5 4 5 7 9 13 10 9 7 8 13 8 8 8 6 6 5 4 4 3 12 608
 108 : 5 3 3 3 3 4 5 5 1 1 1 1 1 1 1 1 1 1 1 1 1 1 1 1 1 1 1 1 1 2 3 3 2 2 2 1 6 10 9 7 13 18 14 13 25 14 27 6 10 6 3 3 2 5 2 2 7 6 3 3 3 7 2 3 9 11 9 5 5 9 7 5 9 8 7 4 10 9 9 6 7 6 6 6 7 4 4 6 8 10 14 11 9 7 8 13 8 8 8 6 6 5 4 4 3 12 14 595
 109 : 5 3 3 3 3 4 5 5 1 1 1 1 1 1 1 1 1 1 1 1 1 1 1 1 1 1 1 1 1 2 3 3 2 2 2 1 6 10 9 7 13 18 14 13 25 14 27 6 10 6 3 3 2 5 2 2 7 6 3 3 3 7 2 3 9 11 9 5 5 9 7 5 9 8 7 4 10 9 9 6 7 6 6 6 7 4 4 6 8 10 14 11 9 7 8 13 8 8 8 6 6 5 4 4 3 12 14 8 587
 110 : 5 3 3 3 3 4 5 5 1 1 1 1 1 1 1 1 1 1 1 1 1 1 1 1 1 1 1 1 1 2 3 3 2 2 2 1 6 10 9 7 13 18 14 13 25 14 27 6 10 6 3 3 2 5 2 2 7 6 3 3 3 7 2 3 9 11 9 5 5 9 7 5 9 8 7 4 10 9 9 6 7 6 6 6 7 4 4 6 8 10 14 11 9 7 8 13 8 8 8 6 6 5 4 4 3 12 14 8 6 581
 111 : 5 3 3 3 3 4 5 5 1 1 1 1 1 1 1 1 1 1 1 1 1 1 1 1 1 1 1 1 1 2 3 3 2 2 2 1 6 10 9 7 13 18 14 13 25 14 27 6 10 6 3 3 2 5 2 2 7 6 3 3 3 7 2 3 9 11 9 5 5 9 7 5 9 8 7 4 10 9 9 6 7 6 6 6 7 4 4 6 8 10 14 11 9 7 8 13 8 8 8 6 6 5 4 4 3 12 14 8 6 7 574
 112 : 5 3 3 3 3 4 5 5 1 1 1 1 1 1 1 1 1 1 1 1 1 1 1 1 1 1 1 1 1 2 3 3 2 2 2 1 6 10 9 7 13 18 14 13 25 14 27 6 10 6 3 3 2 5 2 2 7 6 3 3 3 7 2 3 9 11 9 5 5 9 7 5 9 8 7 4 10 9 9 6 7 6 6 6 7 4 4 6 8 10 14 11 9 7 8 13 8 8 8 6 6 5 4 4 3 12 14 8 6 7 9 565
 113 : 5 3 3 3 3 4 5 5 1 1 1 1 1 1 1 1 1 1 1 1 1 1 1 1 1 1 1 1 1 2 3 3 2 2 2 1 6 10 9 7 13 18 14 13 25 14 27 6 10 6 3 3 2 5 2 2 7 6 3 3 3 7 2 3 9 11 9 5 5 9 7 5 9 8 7 4 10 9 9 6 7 6 6 6 7 4 4 6 8 10 14 11 9 7 8 13 8 8 8 6 6 5 4 4 3 12 14 8 6 7 9 5 560
 114 : 5 3 3 3 3 4 5 5 1 1 1 1 1 1 1 1 1 1 1 1 1 1 1 1 1 1 1 1 1 2 3 3 2 2 2 1 6 10 9 7 13 18 14 13 25 14 27 6 10 6 3 3 2 5 2 2 7 6 3 3 3 7 2 3 9 11 9 5 5 9 7 5 9 8 7 4 10 9 9 6 7 6 6 6 7 4 4 6 8 10 14 11 9 7 8 13 8 8 8 6 6 5 4 4 3 12 14 8 6 7 9 4 4 557
 115 : 5 3 3 3 3 4 5 5 1 1 1 1 1 1 1 1 1 1 1 1 1 1 1 1 1 1 1 1 1 2 3 3 2 2 2 1 6 10 9 7 13 18 14 13 25 14 27 6 10 6 3 3 2 5 2 2 7 6 3 3 3 7 2 3 9 11 9 5 5 9 7 5 9 8 7 4 10 9 9 6 7 6 6 6 7 4 4 6 8 10 14 11 9 7 8 13 8 8 8 6 6 5 4 4 3 12 14 8 6 7 9 4 4 8 549
 116 : 5 3 3 3 3 4 5 5 1 1 1 1 1 1 1 1 1 1 1 1 1 1 1 1 1 1 1 1 1 2 3 3 2 2 2 1 6 10 9 7 13 18 14 13 25 14 27 6 10 6 3 3 2 5 2 2 7 6 3 3 3 7 2 3 9 11 9 5 5 9 7 5 9 8 7 4 10 9 9 6 7 6 6 6 7 4 4 6 8 10 14 11 9 7 8 13 8 8 8 6 6 5 4 4 3 12 14 8 6 7 9 4 4 8 7 543
 117 : 5 3 3 3 3 4 5 5 1 1 1 1 1 1 1 1 1 1 1 1 1 1 1 1 1 1 1 1 1 2 3 3 2 2 2 1 6 10 9 7 13 18 14 13 25 14 27 6 10 6 3 3 2 5 2 2 7 6 3 3 3 7 2 3 9 11 9 5 5 9 7 5 9 8 7 4 10 9 9 6 7 6 6 6 7 4 4 6 8 10 14 11 9 7 8 13 8 8 8 6 5 5 4 4 3 12 14 8 6 7 9 4 4 8 4 5 550
 ... : 5 3 3 3 3 4 5 5 1 1 1 1 1 1 1 1 1 1 1 1 1 1 1 1 1 1 1 1 1 2 3 3 2 2 2 1 6 10 9 7 15 19 16 14 27 16 29 8 11 7 4 3 2 5 2 2 7 6 3 3 3 7 2 3 9 11 9 5 5 9 8 5 9 8 7 4 10 9 9 8 10 9 9 8 8 4 4 6 8 11 15 11 9 7 8 13 8 8 8 6 5 5 4 4 3 12 14 9 7 8 9 4 4 8 4 4 562
 118 : 5 3 3 3 3 4 5 5 1 1 1 1 1 1 1 1 1 1 1 1 1 1 1 1 1 1 1 1 1 2 3 3 2 2 2 1 6 10 9 7 15 19 16 14 27 16 29 8 11 7 4 5 3 6 3 3 8 8 4 5 3 4 2 7 7 8 7 8 11 10 5 6 9 5 5 8 12 6 8 8 6 6 8 8 9 7 8 6 4 4 5 4 3 3 7 11 16 11 9 8 11 13 9 7 8 7 6 6 9 10 6 13 10 12 8 13 7 567
 119 : 5 3 3 3 3 4 5 5 1 1 1 1 1 1 1 1 1 1 1 1 1 1 1 1 1 1 1 1 1 2 3 3 2 2 2 1 6 10 9 7 15 19 16 14 27 16 29 8 11 7 4 5 3 6 3 3 8 8 4 5 3 4 2 7 7 8 7 8 11 10 5 6 9 5 5 8 12 5 5 8 6 6 8 8 9 7 9 9 4 4 5 4 3 3 6 11 16 11 10 8 11 13 9 7 8 7 6 6 7 9 5 13 10 12 8 12 9 8 561
 120 : 5 3 3 3 3 4 5 5 1 1 1 1 1 1 1 1 1 1 1 1 1 1 1 1 1 1 1 1 1 2 3 3 2 2 2 1 6 10 9 7 15 19 16 14 27 16 29 8 11 7 4 5 3 6 3 3 8 8 4 5 3 4 2 7 7 8 7 8 11 10 5 6 9 5 5 8 12 5 5 8 6 6 8 8 9 7 9 9 4 4 5 4 3 3 6 11 16 11 10 8 11 13 9 7 8 7 6 6 7 9 5 13 10 12 8 12 9 8 6 555
 121 : 5 3 3 3 3 4 5 5 1 1 1 1 1 1 1 1 1 1 1 1 1 1 1 1 1 1 1 1 1 2 3 3 2 2 2 1 6 10 9 7 15 19 16 14 27 16 29 8 11 7 4 5 3 6 3 3 8 8 4 5 3 4 2 7 7 8 7 8 11 10 5 6 9 5 5 8 12 5 5 8 6 6 8 8 9 7 9 9 4 4 5 4 3 3 6 11 16 11 10 8 11 13 9 7 8 7 6 6 7 9 5 13 10 12 8 12 9 8 6 7 548
 122 : 5 3 3 3 3 4 5 5 1 1 1 1 1 1 1 1 1 1 1 1 1 1 1 1 1 1 1 1 1 2 3 3 2 2 2 1 6 10 9 7 15 19 16 14 27 16 29 8 11 7 4 5 3 6 3 3 8 8 4 5 3 4 2 7 7 8 7 8 11 10 5 6 9 5 5 8 12 5 5 8 6 6 8 8 9 7 9 9 4 4 5 4 3 3 6 11 16 11 10 8 11 13 9 7 8 7 6 6 7 9 5 13 10 12 8 7 9 8 6 6 5 559
 123 : 5 3 3 3 3 4 5 5 1 1 1 1 1 1 1 1 1 1 1 1 1 1 1 1 1 1 1 1 1 2 3 3 2 2 2 1 6 10 9 7 15 19 16 14 27 16 29 8 11 7 4 5 3 6 3 3 8 8 4 5 3 4 2 7 7 8 7 8 11 10 5 6 9 5 5 8 12 5 5 8 6 6 8 8 9 7 9 9 4 4 5 4 3 3 6 11 16 11 10 8 11 13 9 7 8 7 6 6 7 9 5 13 10 12 8 7 9 8 6 5 3 3 567
 ... : 5 3 3 3 3 4 5 5 1 1 1 1 1 1 1 1 1 1 1 1 1 1 1 1 1 1 1 1 1 2 3 3 2 2 2 1 6 10 9 7 15 18 16 14 29 17 31 9 12 9 6 7 6 9 4 4 8 8 5 6 4 6 2 7 8 9 7 7 11 12 6 6 9 5 5 8 12 5 5 8 6 6 8 8 9 7 10 9 4 4 5 4 3 3 6 11 16 11 10 8 11 13 9 7 8 7 6 6 7 9 5 13 10 12 10 7 9 8 7 6 4 5 569
 ... : 5 3 3 3 3 4 5 5 1 1 1 1 1 1 1 1 1 1 1 1 1 1 1 1 1 1 1 1 1 2 3 3 2 2 2 1 6 10 9 7 15 18 16 14 29 17 31 9 12 9 6 6 6 8 4 6 10 11 7 9 6 9 4 9 10 12 9 10 15 15 8 9 10 5 5 9 12 6 7 9 8 9 10 9 9 7 10 9 4 4 5 4 3 3 6 11 16 11 10 8 11 13 9 7 8 7 6 6 7 9 5 13 10 12 10 7 9 8 7 6 4 5 569
 ... : 5 3 3 3 3 4 5 5 1 1 1 1 1 1 1 1 1 1 1 1 1 1 1 1 1 1 1 1 1 2 3 3 2 2 2 1 6 10 9 7 15 18 16 14 29 17 31 9 12 9 6 6 6 8 4 6 10 11 7 9 6 9 4 9 10 12 9 10 15 15 8 10 11 8 6 11 13 8 9 10 9 10 9 10 10 8 11 11 6 7 7 5 4 5 7 12 18 12 11 9 12 14 10 8 9 8 7 7 9 11 6 13 11 13 11 10 11 10 10 7 7 9 571
 ... : 5 3 3 3 3 4 5 5 1 1 1 1 1 1 1 1 1 1 1 1 1 1 1 1 1 1 1 1 1 2 3 3 2 2 2 1 6 10 9 7 15 18 16 14 29 17 31 9 12 9 6 6 6 8 4 6 10 11 7 9 6 9 4 9 9 12 9 10 15 15 8 9 10 8 6 12 14 7 7 9 9 11 10 11 12 11 13 13 7 10 9 6 6 9 11 15 20 17 12 9 12 14 10 8 9 8 7 7 9 11 6 13 11 13 11 10 11 10 10 7 7 9 571
 ... : 5 3 3 3 3 4 5 5 1 1 1 1 1 1 1 1 1 1 1 1 1 1 1 1 1 1 1 1 1 2 3 3 2 2 2 1 6 10 9 7 15 18 16 14 29 17 31 9 12 9 6 6 8 9 5 7 10 12 8 11 7 10 5 11 11 13 10 12 16 15 9 11 11 8 6 11 13 8 8 11 10 12 11 13 13 10 10 12 5 7 5 6 4 10 12 16 22 17 14 14 17 18 14 9 9 8 7 7 9 11 6 13 11 13 11 10 11 10 10 7 7 9 571
 ... : 5 3 3 3 3 4 5 5 1 1 1 1 1 1 1 1 1 1 1 1 1 1 1 1 1 1 1 1 1 2 3 3 2 2 2 1 6 10 9 7 15 18 16 14 29 17 31 9 12 9 6 6 8 9 5 7 10 12 8 11 7 10 5 11 11 13 10 12 16 15 9 11 11 8 6 11 13 8 8 11 10 12 11 13 13 10 10 12 5 7 5 6 4 10 12 16 22 17 14 14 17 19 16 13 13 11 11 12 12 14 10 18 16 15 15 13 16 12 13 9 7 9 571
 ... : 5 3 3 3 3 4 5 5 1 1 1 1 1 1 1 1 1 1 1 1 1 1 1 1 1 1 1 1 1 2 3 3 2 2 2 1 6 10 9 7 15 18 16 14 29 17 31 9 12 9 6 6 8 9 5 7 10 12 8 11 8 12 6 10 11 14 10 11 16 16 10 11 11 9 6 12 14 10 9 12 11 13 11 14 14 12 11 12 6 9 7 7 5 12 13 17 23 17 15 15 18 21 16 14 13 13 12 13 13 15 11 18 14 16 14 13 16 12 13 9 7 9 571
 ... : 5 3 3 3 3 4 5 5 1 1 1 1 1 1 1 1 1 1 1 1 1 1 1 1 1 1 1 1 1 2 3 3 2 2 2 1 6 10 9 7 15 18 16 14 29 17 31 9 12 9 6 6 8 9 5 7 12 15 8 11 8 12 7 12 12 15 11 13 18 17 11 13 11 10 7 13 16 12 10 13 12 14 12 16 15 13 12 14 7 10 8 9 6 13 13 17 23 17 15 15 18 21 16 13 12 13 12 13 13 15 11 18 14 15 13 12 17 13 14 10 10 11 571
