initialized model with 647 latches, 642 inputs and 1 properties
tsim: performed 5 steps
tsim: found cycle from 2
tsim: found 0 constants and 1 latch equivalences
seqsimpl: (647, 642) -> (392, 642)
checking bound 0
checking bound 1
checking bound 2
tdecomp: unrolling 2 cycles
tsim: performed 3 steps
tsim: found cycle from 0
tsim: found 2 constants and 0 latch equivalences
tdecomp: (392, 2568) -> (390, 1445)
 ... : 200
   2 : 149 88
 ... : 166 193
 ... : 194 267
 ... : 225 352
   3 : 217 141 208
 ... : 218 167 302
   4 : 210 174 181 178
 ... : 210 178 191 263
 ... : 210 177 213 368
   5 : 210 175 194 153 282
 ... : 210 178 205 179 365
   6 : 210 178 202 175 131 242
 ... : 210 178 202 175 144 339
 ... : 210 178 202 175 163 434
   7 : 210 178 202 175 132 124 362
 ... : 210 178 203 175 133 127 453
 ... : 215 183 203 175 133 124 472
 ... : 215 183 205 181 152 141 511
   8 : 211 173 203 174 140 134 153 392
 ... : 211 173 203 174 140 134 160 489
 ... : 211 173 204 178 145 153 186 533
   9 : 211 173 204 177 146 147 140 111 447
 ... : 211 173 204 177 146 152 150 147 512
 ... : 211 173 204 182 153 163 176 164 533
 ... : 211 173 204 182 161 169 192 180 554
 ... : 211 173 204 187 172 188 218 202 569
 ... : 211 173 204 191 179 191 221 218 602
 ... : 211 173 202 189 186 192 238 246 624
 ... : 211 173 202 188 181 183 225 225 633
 ... : 211 173 202 188 181 185 242 260 667
 ... : 211 173 202 188 181 185 250 277 706
 ... : 211 173 207 200 198 201 255 272 708
 ... : 211 173 209 205 199 200 267 288 708
  10 : 209 168 189 138 117 119 103 105 94 616
 ... : 209 168 189 138 117 112 105 108 92 635
  11 : 209 168 188 122 113 118 111 78 51 62 587
  12 : 209 168 188 122 113 118 111 75 41 49 60 606
 ... : 209 168 188 122 113 118 115 79 48 62 78 643
 ... : 209 168 188 122 113 116 116 78 52 72 93 653
  13 : 209 168 188 122 111 113 105 73 51 56 46 43 621
  14 : 209 168 188 122 111 113 105 73 51 56 46 42 48 588
 ... : 209 168 188 122 111 113 105 73 50 56 46 43 74 673
 ... : 209 168 188 122 111 113 106 77 56 67 57 53 85 692
  15 : 209 168 188 122 111 113 106 74 55 58 47 34 27 56 648
  16 : 209 168 188 122 111 113 106 74 55 58 47 34 26 35 55 641
  17 : 209 168 188 122 111 113 106 74 55 58 47 34 26 30 46 84 596
  18 : 209 168 188 122 111 113 106 74 55 58 47 34 26 30 41 51 133 533
 ... : 209 168 187 119 109 111 106 74 54 58 47 34 26 31 42 55 157 612
 ... : 209 168 187 119 109 111 106 74 54 58 47 33 30 30 41 53 184 680
  19 : 207 166 187 119 110 111 106 74 54 58 47 32 24 23 25 25 41 100 663
 ... : 207 166 187 119 110 111 106 74 54 58 48 37 32 27 35 32 50 102 669
  20 : 207 166 187 119 110 111 106 74 54 56 41 31 26 24 30 31 38 54 96 663
 ... : 207 166 187 119 110 111 106 74 55 62 47 38 34 29 33 32 41 57 98 668
  21 : 193 166 187 119 110 111 106 74 53 55 45 35 32 28 32 30 40 56 83 72 641
  22 : 193 166 187 119 110 111 106 74 53 55 45 35 32 28 32 30 40 56 83 54 62 657
 ... : 193 166 187 119 110 111 106 74 53 55 45 35 32 28 32 30 40 56 83 53 88 752
  23 : 193 166 187 119 110 111 106 74 53 55 45 35 32 28 32 30 40 56 82 46 61 99 658
  24 : 193 166 187 119 110 111 106 74 53 55 45 35 32 28 32 30 38 53 81 41 58 60 154 605
 ... : 193 166 187 119 110 111 106 74 53 55 45 36 36 31 39 38 41 60 87 45 64 65 155 611
 ... : 193 166 187 119 110 111 106 74 53 55 45 36 37 31 38 39 43 65 91 50 64 67 157 624
 ... : 193 166 187 119 110 111 106 74 53 55 45 36 37 31 38 39 43 64 90 50 64 74 164 677
 ... : 193 166 187 119 110 111 106 74 53 55 45 36 37 31 39 38 43 70 90 51 49 71 177 700
  25 : 193 166 187 119 110 111 106 74 52 51 41 36 36 29 22 30 20 31 22 46 48 22 30 53 797
  26 : 193 166 187 119 110 111 106 74 52 51 41 36 36 29 22 30 20 31 20 42 24 49 15 22 18 822
 ... : 193 166 187 119 110 111 106 74 52 51 41 36 36 29 22 30 20 32 21 45 30 58 23 33 28 846
  27 : 193 166 187 119 110 111 106 74 52 51 41 36 36 29 22 30 20 31 21 44 25 50 19 30 22 92 767
  28 : 193 166 187 119 110 111 106 74 52 51 41 36 36 29 22 30 20 31 21 44 25 50 19 30 20 62 63 748
 ... : 193 166 187 119 110 111 106 74 52 51 41 36 37 30 23 31 20 30 21 44 25 50 19 29 18 61 59 769
  29 : 193 166 187 119 110 111 106 74 52 51 41 36 36 29 21 30 21 31 22 42 25 50 19 28 15 55 44 55 727
 ... : 193 166 187 119 110 111 106 74 52 51 41 36 36 29 21 30 21 31 22 42 25 50 19 28 15 55 41 56 809
  30 : 193 166 187 119 110 111 106 74 52 51 41 36 36 29 21 30 21 31 22 42 25 50 19 28 15 54 29 32 33 798
 ... : 193 166 187 119 110 111 106 74 52 51 41 36 36 29 21 30 21 31 22 42 25 51 22 35 20 65 33 36 38 843
  31 : 193 166 187 119 110 111 106 74 52 51 41 36 36 29 21 30 21 31 22 42 24 48 17 25 13 25 15 34 27 79 786
  32 : 193 166 187 119 110 111 106 74 52 51 41 36 36 29 21 30 21 31 22 42 24 48 17 25 13 25 15 34 24 60 118 714
 ... : 193 166 187 119 110 111 106 74 52 51 41 36 36 29 21 30 21 31 22 42 24 48 17 25 15 26 18 39 31 73 126 751
 ... : 193 166 187 119 110 111 106 74 52 51 41 36 36 29 21 30 21 31 22 42 24 47 20 33 16 27 23 28 40 85 131 759
 ... : 193 166 187 119 110 111 106 74 52 51 41 36 37 29 21 30 21 31 22 42 24 47 20 32 17 25 21 26 35 93 134 766
 ... : 193 166 187 119 110 111 106 74 52 51 42 36 36 29 21 31 21 32 21 42 24 48 18 31 19 27 22 26 35 93 134 767
 ... : 193 166 187 119 111 112 107 75 53 53 45 39 35 29 21 31 21 32 21 42 24 48 17 29 16 26 23 29 36 94 136 769
 ... : 193 166 187 119 111 112 108 75 53 53 45 41 37 31 22 36 22 35 24 49 26 51 19 33 21 28 25 30 36 94 136 769
 ... : 193 166 187 119 111 112 108 75 53 53 45 39 36 30 21 34 21 36 24 51 27 54 20 32 20 31 25 32 38 97 140 774
 ... : 193 166 187 119 112 115 110 75 55 53 45 41 37 34 22 36 22 37 29 55 29 60 22 36 21 34 27 35 40 100 141 774
  33 : 193 166 187 116 110 112 107 73 53 50 45 42 36 28 22 32 20 42 29 54 25 54 17 23 12 25 20 25 10 37 28 95 813
  34 : 193 166 187 116 110 112 107 73 53 50 45 42 36 28 22 32 20 42 29 54 25 54 17 23 12 25 17 24 10 38 21 42 41 754
  35 : 193 166 187 116 110 112 107 73 53 50 45 42 36 28 22 32 20 42 29 54 25 54 17 23 12 25 17 24 10 37 21 37 27 32 761
  36 : 193 166 187 116 110 112 107 73 53 50 45 42 36 28 22 32 20 42 29 54 25 54 17 23 12 25 17 26 10 37 22 35 19 28 55 738
 ... : 193 166 187 116 110 112 107 73 53 50 45 42 36 28 22 32 20 42 29 54 26 57 17 23 12 25 17 26 10 37 22 35 19 28 55 822
  37 : 193 166 187 116 110 112 107 73 53 50 45 42 36 28 22 32 20 42 29 52 23 53 18 24 12 29 15 23 11 30 15 38 22 16 27 60 823
  38 : 193 166 187 116 110 112 107 73 53 50 45 42 36 28 22 32 20 42 29 52 23 53 18 24 12 29 15 23 11 30 15 38 22 16 27 56 149 680
 ... : 193 166 187 116 110 112 107 73 53 50 45 42 36 28 22 32 20 42 29 52 23 53 18 24 12 29 15 23 11 30 15 37 19 16 27 58 154 732
 ... : 193 166 187 116 110 112 107 73 53 50 45 42 36 28 22 32 20 42 29 55 24 57 20 36 17 38 19 29 12 30 15 37 19 16 27 58 154 732
 ... : 193 166 187 116 110 112 107 73 53 50 45 42 36 28 22 32 20 42 29 57 26 59 23 41 19 39 16 28 13 32 21 46 22 20 27 58 154 732
  39 : 193 166 187 116 110 112 107 73 53 50 45 42 36 28 22 32 20 42 29 54 22 51 15 22 11 29 14 26 10 30 15 23 14 35 34 45 141 168 632
 ... : 193 166 187 116 110 112 107 73 53 50 45 42 36 28 22 32 20 42 29 54 22 51 16 22 13 31 15 26 11 30 15 24 18 39 39 47 142 169 670
 ... : 193 166 187 116 110 112 107 73 53 50 45 42 36 28 22 32 20 42 29 55 24 54 16 25 15 32 16 29 12 32 17 27 17 44 39 47 142 169 671
  40 : 193 166 187 116 110 112 107 73 53 50 45 42 36 28 22 32 20 42 29 55 24 51 15 23 12 31 15 19 12 31 14 27 13 44 31 40 120 175 213 499
 ... : 193 166 187 116 110 112 107 73 53 50 45 42 36 28 22 32 20 42 29 55 24 51 15 23 12 31 15 19 12 31 14 27 13 44 31 40 120 175 223 598
 ... : 193 166 187 116 110 112 107 73 53 50 45 42 36 28 22 32 20 42 29 55 24 51 15 23 12 31 15 19 12 31 14 27 13 44 31 40 120 172 246 683
  41 : 193 166 187 116 110 112 107 73 53 50 45 42 36 28 22 32 20 42 29 55 24 51 15 23 12 31 15 19 12 31 14 27 13 44 31 36 107 99 127 110 658
 ... : 193 166 187 116 110 112 107 73 53 50 45 42 36 28 22 32 20 42 29 55 24 51 15 23 12 31 15 19 12 31 14 27 13 44 31 36 107 99 127 141 739
  42 : 193 166 187 116 110 112 107 73 53 50 45 42 36 28 22 32 20 42 29 55 24 51 15 23 12 31 15 19 12 31 14 27 13 44 29 34 95 61 47 50 50 947
  43 : 193 166 187 116 110 112 107 73 53 50 45 42 36 28 22 32 20 42 29 55 24 51 15 23 12 31 15 19 12 31 14 27 13 44 29 34 95 61 47 49 46 167 812
  44 : 193 166 187 116 110 112 107 73 53 50 45 42 36 28 22 32 20 42 29 55 24 51 15 23 12 31 15 19 12 31 14 27 13 44 29 34 95 61 42 47 51 146 80 779
 ... : 193 166 187 116 110 112 107 73 53 50 45 42 36 28 22 32 20 42 29 55 24 51 15 23 12 31 15 19 12 31 14 27 13 44 29 34 97 64 49 56 63 150 79 825
  45 : 193 166 187 116 110 112 107 73 53 50 45 42 36 28 22 32 20 42 29 55 24 50 16 23 12 31 15 19 12 31 14 27 13 44 29 26 73 42 27 28 37 55 57 88 899
  46 : 193 166 187 116 110 112 107 73 53 50 45 42 36 28 22 32 20 42 29 55 24 50 16 23 12 31 15 19 12 31 14 27 13 44 29 26 73 42 27 28 37 55 56 81 49 861
  47 : 193 166 187 116 110 112 107 73 53 50 45 42 36 28 22 32 20 42 29 55 24 50 16 23 12 31 15 19 12 31 14 27 13 44 29 26 73 38 25 28 37 49 49 78 16 66 869
  48 : 193 166 187 116 110 112 107 73 53 50 45 42 36 28 22 32 20 42 29 55 24 50 16 23 12 31 15 19 12 31 14 27 13 44 29 26 73 38 25 28 37 49 49 78 16 35 37 869
  49 : 193 166 187 116 110 112 107 73 53 50 45 42 36 28 22 32 20 42 29 55 24 50 16 23 12 31 15 19 12 31 14 27 13 44 22 26 74 38 25 28 36 47 51 76 14 33 25 33 895
  50 : 193 166 187 116 110 112 107 73 53 50 45 42 36 28 22 32 20 42 29 55 24 50 16 23 12 31 15 19 12 31 14 27 13 44 22 26 74 38 25 28 36 47 51 76 14 29 19 26 49 871
 ... : 193 166 187 116 110 112 107 73 53 50 45 42 36 28 22 32 20 42 29 57 25 50 16 23 12 31 16 19 12 32 14 27 13 43 24 27 74 38 25 28 35 46 50 79 18 32 23 30 57 899
 ... : 193 166 187 116 110 112 107 73 53 50 45 42 36 28 23 33 21 43 30 60 30 52 19 23 12 30 14 19 11 32 14 26 13 44 24 27 74 37 25 28 35 46 50 79 18 32 23 30 57 899
 ... : 193 166 187 116 110 112 107 73 53 50 45 42 35 28 23 33 22 45 32 62 30 53 19 23 12 30 14 19 11 32 14 26 13 44 23 28 74 38 24 27 37 48 50 78 19 33 24 30 57 900
  51 : 193 166 187 116 110 112 107 73 53 50 45 42 35 28 23 33 19 44 30 61 30 51 17 22 14 30 15 19 12 31 11 28 12 40 22 28 74 35 22 28 36 46 50 80 16 28 20 23 40 42 864
  52 : 193 166 187 116 110 112 107 73 53 50 45 42 35 28 23 33 19 44 30 61 30 51 17 22 14 30 15 19 12 31 11 28 12 40 22 28 74 35 22 28 36 46 50 80 16 28 20 23 33 22 74 857
 ... : 193 166 187 116 110 112 107 73 53 50 45 42 35 28 23 33 19 44 30 61 30 51 17 22 14 30 15 19 12 31 11 28 12 40 22 29 82 36 22 28 36 46 51 80 16 28 25 30 39 27 78 888
  53 : 193 166 187 116 110 112 107 73 53 50 45 42 35 28 23 33 19 44 30 61 30 51 17 22 14 30 15 19 12 31 11 28 12 40 21 27 66 34 20 25 28 43 36 17 18 24 27 20 105 23 53 25 942
  54 : 193 166 187 116 110 112 107 73 53 50 45 42 35 28 23 33 19 44 30 61 30 51 17 22 14 30 15 19 12 31 11 28 12 40 21 27 66 34 20 25 28 43 36 17 18 24 27 19 100 17 17 13 46 945
  55 : 193 166 187 116 110 112 107 73 53 50 45 42 35 28 23 33 19 44 30 61 30 51 17 22 14 30 15 19 12 31 11 28 12 40 21 27 66 34 20 25 28 43 36 17 18 24 27 19 100 17 17 13 42 47 902
  56 : 193 166 187 116 110 112 107 73 53 50 45 42 35 28 23 33 19 44 30 61 30 51 17 22 14 30 15 19 12 31 11 28 12 40 21 27 66 34 20 25 28 43 36 17 18 24 27 19 100 17 15 12 27 21 82 879
  57 : 193 166 187 116 110 112 107 73 53 50 45 42 35 28 23 33 19 44 30 61 30 51 17 22 14 30 15 19 12 31 11 28 12 40 21 27 66 34 20 25 28 43 36 17 18 24 27 19 100 17 15 12 23 20 47 61 892
  58 : 193 166 187 116 110 112 107 73 53 50 45 42 35 28 23 33 19 44 30 61 29 50 18 21 13 30 15 19 12 31 11 28 12 40 21 27 66 34 20 25 28 43 36 17 18 24 26 19 99 17 14 12 14 26 22 30 44 935
  59 : 193 166 187 116 110 112 107 73 53 50 45 42 35 28 23 33 19 44 30 61 29 50 18 21 13 30 15 19 12 31 11 28 12 40 21 27 66 34 20 25 28 43 36 17 18 24 26 19 99 17 14 12 14 26 21 30 42 56 883
 ... : 193 166 187 116 110 112 107 73 53 50 45 42 35 28 23 33 19 44 30 61 29 50 18 21 13 30 15 19 12 31 11 28 12 40 21 28 71 44 24 30 29 44 41 20 19 26 29 19 99 17 14 12 14 26 21 30 41 52 894
 ... : 193 166 187 116 110 112 107 73 53 50 45 42 35 28 23 33 19 44 30 61 29 50 18 21 13 30 15 19 12 31 11 28 12 40 21 29 73 43 25 30 29 44 39 23 20 33 33 21 99 18 14 13 14 26 21 30 44 57 896
  60 : 193 166 187 116 110 112 107 73 53 50 45 42 35 28 23 33 19 44 30 61 29 50 18 21 13 30 15 19 12 31 11 28 12 40 19 28 71 40 20 24 15 37 37 34 16 21 32 26 104 17 16 11 10 14 19 24 15 38 48 921
  61 : 193 166 187 116 110 112 107 73 53 50 45 42 35 28 23 33 19 44 30 61 29 50 18 21 13 30 15 19 12 31 11 28 12 40 19 28 71 40 20 24 15 37 37 34 16 21 32 26 104 17 16 11 10 14 19 24 15 21 32 33 921
 ... : 193 166 187 116 110 112 107 73 53 50 45 42 35 28 23 33 19 44 31 61 29 49 18 20 13 30 15 19 13 31 11 27 13 40 21 29 71 40 20 24 15 37 37 34 16 22 33 27 104 17 15 11 12 16 23 29 17 21 31 29 927
 ... : 193 166 187 116 110 112 107 73 54 50 45 42 35 28 22 34 20 46 30 62 30 50 19 21 13 30 15 19 13 31 11 27 14 40 20 28 67 38 20 24 16 37 37 34 16 22 33 27 104 17 15 11 12 16 23 29 17 21 31 29 927
 ... : 193 166 187 116 110 112 108 75 56 52 48 44 38 29 22 33 19 44 29 63 30 51 19 20 13 31 14 19 12 30 12 27 13 40 20 29 67 39 20 24 16 37 37 34 16 22 33 27 104 17 15 11 12 16 23 29 17 21 31 29 927
tdecomp: completing cex trace with 2 initial steps
seqsimpl: completing cex trace with simulation
num_solve_calls = 609677
num_solve_sat_calls = 258081
num_solve_unsat_calls = 9936
num_solve_approx_calls = 448673
num_solve_approx_unsat_calls = 207403
num_solve_conflicts = 221416
num_solve_decisions = 44697535
num_solve_propagations = 926642474
avg_solve_conflicts = 1
avg_solve_decisions = 74
avg_solve_propagations = 1520
avg_solve_unsat_decisions = 0.962
stddev_solve_unsat_decisions = 17.671
num_added_cubes = 59697
num_subsumed_cubes = 56086
num_gc_frame = 494
num_reset = 60
num_try_blocking = 287993
get_bad_cube_time = 23.668
rec_block_cube_time = 122.627
propagate_forward_time = 47.994
generalize_model_time = 23.982
generalize_and_push_time = 47.895
try_blocking_time = 144.803
reset_time = 3.779
clausify_time = 2.744
preprocess_time = 2.503
solve_time = 173.504
solve_sat_time = 138.811
solve_unsat_time = 34.693
prove_time = 196.012
memory_used_mb = 27
total_time = 196.374
Unsafe
