initialized model with 1120 latches, 1112 inputs and 1 properties
tsim: performed 10 steps
tsim: found cycle from 7
checking bound 0
checking bound 1
checking bound 2
tdecomp: unrolling 2 cycles
tsim: performed 8 steps
tsim: found cycle from 5
tsim: found 2 constants and 0 latch equivalences
tdecomp: (1120, 4448) -> (652, 2317)
   2 : 2 5
   3 : 2 2 11
   4 : 2 1 1 17
   5 : 2 1 1 1 16
   6 : 2 1 1 1 1 17
   7 : 2 1 1 1 1 1 16
   8 : 2 1 1 1 1 1 1 24
 ... : 2 1 1 1 1 1 1 119
   9 : 2 1 1 1 1 1 1 1 184
  10 : 2 1 1 1 1 1 1 1 1 202
  11 : 2 1 1 1 1 1 1 1 1 15 187
  12 : 2 1 1 1 1 1 1 1 1 15 44 155
  13 : 2 1 1 1 1 1 1 1 1 15 44 18 167
  14 : 2 1 1 1 1 1 1 1 1 15 43 11 31 211
 ... : 2 1 1 1 1 1 1 1 1 15 43 12 32 319
  15 : 2 1 1 1 1 1 1 1 1 15 37 13 21 36 350
 ... : 2 1 1 1 1 1 1 1 1 15 37 13 20 41 443
  16 : 2 1 1 1 1 1 1 1 1 15 35 9 12 28 18 463
 ... : 2 1 1 1 1 1 1 1 1 15 35 9 12 28 18 595
 ... : 2 1 1 1 1 1 1 1 1 15 35 9 12 31 28 654
 ... : 2 1 1 1 1 1 1 1 1 15 35 9 16 35 46 704
 ... : 2 1 1 1 1 1 1 1 1 15 36 9 20 47 71 732
 ... : 2 1 1 1 1 1 1 1 1 15 37 12 28 61 84 773
 ... : 2 1 1 1 1 1 1 1 1 15 37 12 31 63 111 830
 ... : 2 1 1 1 1 1 1 1 1 15 37 12 35 68 137 868
 ... : 2 1 1 1 1 1 1 1 1 15 37 12 35 68 152 938
 ... : 2 1 1 1 1 1 1 1 1 15 37 18 50 77 182 964
 ... : 2 1 1 1 1 1 1 1 1 15 37 18 50 83 209 1004
 ... : 2 1 1 1 1 1 1 1 1 15 37 18 50 86 220 1058
 ... : 2 1 1 1 1 1 1 1 1 15 38 23 59 100 241 1090
 ... : 2 1 1 1 1 1 1 1 1 15 38 25 72 114 261 1123
 ... : 2 1 1 1 1 1 1 1 1 15 38 26 79 135 304 1154
 ... : 2 1 1 1 1 1 1 1 1 15 38 26 79 137 332 1214
 ... : 2 1 1 1 1 1 1 1 1 15 38 26 81 138 350 1279
 ... : 2 1 1 1 1 1 1 1 1 15 38 26 82 143 381 1336
 ... : 2 1 1 1 1 1 1 1 1 15 38 26 83 153 412 1404
 ... : 2 1 1 1 1 1 1 1 1 15 38 26 83 153 448 1465
 ... : 2 1 1 1 1 1 1 1 1 15 38 26 83 153 464 1517
 ... : 2 1 1 1 1 1 1 1 1 15 38 26 88 170 486 1568
 ... : 2 1 1 1 1 1 1 1 1 15 38 26 88 174 508 1616
 ... : 2 1 1 1 1 1 1 1 1 15 38 26 88 179 519 1678
 ... : 2 1 1 1 1 1 1 1 1 15 38 26 94 181 532 1725
 ... : 2 1 1 1 1 1 1 1 1 15 38 26 102 198 548 1768
 ... : 2 1 1 1 1 1 1 1 1 15 38 26 107 213 571 1812
 ... : 2 1 1 1 1 1 1 1 1 15 38 26 106 218 608 1855
 ... : 2 1 1 1 1 1 1 1 1 15 38 26 106 218 631 1909
 ... : 2 1 1 1 1 1 1 1 1 15 38 26 114 225 647 1955
 ... : 2 1 1 1 1 1 1 1 1 15 38 26 114 226 683 2035
 ... : 2 1 1 1 1 1 1 1 1 15 38 26 114 228 701 2097
 ... : 2 1 1 1 1 1 1 1 1 15 38 26 114 229 747 2132
 ... : 2 1 1 1 1 1 1 1 1 15 38 26 114 229 777 2153
 ... : 2 1 1 1 1 1 1 1 1 15 38 26 114 230 794 2212
 ... : 2 1 1 1 1 1 1 1 1 15 38 26 114 231 802 2271
 ... : 2 1 1 1 1 1 1 1 1 15 38 26 115 239 814 2320
 ... : 2 1 1 1 1 1 1 1 1 15 38 28 118 242 818 2383
 ... : 2 1 1 1 1 1 1 1 1 15 38 29 132 250 829 2413
 ... : 2 1 1 1 1 1 1 1 1 15 38 29 137 264 858 2455
 ... : 2 1 1 1 1 1 1 1 1 15 38 29 139 279 874 2494
 ... : 2 1 1 1 1 1 1 1 1 15 38 29 141 293 896 2523
 ... : 2 1 1 1 1 1 1 1 1 15 38 29 141 294 939 2575
 ... : 2 1 1 1 1 1 1 1 1 15 38 29 140 301 974 2618
 ... : 2 1 1 1 1 1 1 1 1 15 38 29 139 307 1005 2650
 ... : 2 1 1 1 1 1 1 1 1 15 38 29 140 312 1049 2690
 ... : 2 1 1 1 1 1 1 1 1 15 38 29 142 315 1073 2740
 ... : 2 1 1 1 1 1 1 1 1 15 38 32 146 323 1103 2770
 ... : 2 1 1 1 1 1 1 1 1 15 38 32 147 332 1134 2819
 ... : 2 1 1 1 1 1 1 1 1 15 39 33 152 353 1164 2864
 ... : 2 1 1 1 1 1 1 1 1 15 39 33 153 357 1203 2920
 ... : 2 1 1 1 1 1 1 1 1 15 39 33 154 369 1234 2975
 ... : 2 1 1 1 1 1 1 1 1 15 39 35 160 379 1266 3024
 ... : 2 1 1 1 1 1 1 1 1 15 39 35 160 380 1304 3084
 ... : 2 1 1 1 1 1 1 1 1 15 39 35 163 390 1330 3138
 ... : 2 1 1 1 1 1 1 1 1 15 39 35 163 395 1357 3201
 ... : 2 1 1 1 1 1 1 1 1 15 39 35 163 398 1395 3261
 ... : 2 1 1 1 1 1 1 1 1 15 39 35 160 403 1430 3301
 ... : 2 1 1 1 1 1 1 1 1 15 39 35 160 393 1481 3352
 ... : 2 1 1 1 1 1 1 1 1 15 39 35 160 394 1512 3419
 ... : 2 1 1 1 1 1 1 1 1 15 39 36 162 397 1552 3462
 ... : 2 1 1 1 1 1 1 1 1 15 39 38 172 414 1579 3504
 ... : 2 1 1 1 1 1 1 1 1 15 39 38 173 425 1623 3553
 ... : 2 1 1 1 1 1 1 1 1 15 39 38 173 425 1654 3609
 ... : 2 1 1 1 1 1 1 1 1 15 39 38 174 430 1677 3663
 ... : 2 1 1 1 1 1 1 1 1 15 39 38 174 439 1719 3716
 ... : 2 1 1 1 1 1 1 1 1 15 39 38 176 446 1764 3772
 ... : 2 1 1 1 1 1 1 1 1 15 39 38 176 447 1790 3856
 ... : 2 1 1 1 1 1 1 1 1 15 39 38 177 460 1809 3907
 ... : 2 1 1 1 1 1 1 1 1 15 40 46 180 465 1841 3948
 ... : 2 1 1 1 1 1 1 1 1 15 40 46 180 475 1884 4006
 ... : 2 1 1 1 1 1 1 1 1 15 40 46 182 480 1901 4064
 ... : 2 1 1 1 1 1 1 1 1 15 40 46 182 488 1938 4116
 ... : 2 1 1 1 1 1 1 1 1 15 40 46 185 492 1973 4151
 ... : 2 1 1 1 1 1 1 1 1 15 40 46 185 494 1993 4217
 ... : 2 1 1 1 1 1 1 1 1 15 40 46 185 494 2003 4335
 ... : 2 1 1 1 1 1 1 1 1 15 41 46 191 502 2020 4388
 ... : 2 1 1 1 1 1 1 1 1 15 42 52 201 503 2012 4422
  17 : 2 1 1 1 1 1 1 1 1 15 10 49 68 189 1072 1232 3231
 ... : 2 1 1 1 1 1 1 1 1 15 10 49 68 189 1072 1235 3338
 ... : 2 1 1 1 1 1 1 1 1 15 10 49 68 179 1024 1241 3441
 ... : 2 1 1 1 1 1 1 1 1 15 10 49 68 170 994 1235 3434
  18 : 2 1 1 1 1 1 1 1 1 15 9 47 63 68 439 812 946 2913
 ... : 2 1 1 1 1 1 1 1 1 15 9 47 63 68 439 812 949 3009
 ... : 2 1 1 1 1 1 1 1 1 15 9 47 63 68 439 814 960 3094
 ... : 2 1 1 1 1 1 1 1 1 15 9 47 63 73 453 822 976 3154
 ... : 2 1 1 1 1 1 1 1 1 15 9 47 63 80 466 835 997 3194
 ... : 2 1 1 1 1 1 1 1 1 15 9 47 63 81 470 854 1030 3242
 ... : 2 1 1 1 1 1 1 1 1 15 9 47 63 81 472 856 1064 3273
 ... : 2 1 1 1 1 1 1 1 1 15 9 47 63 81 482 869 1104 3294
 ... : 2 1 1 1 1 1 1 1 1 15 9 47 63 81 486 876 1138 3329
 ... : 2 1 1 1 1 1 1 1 1 15 9 47 63 81 490 886 1162 3364
 ... : 2 1 1 1 1 1 1 1 1 15 9 47 63 82 501 906 1198 3384
 ... : 2 1 1 1 1 1 1 1 1 15 9 47 63 82 508 928 1239 3406
 ... : 2 1 1 1 1 1 1 1 1 15 9 47 63 82 510 948 1265 3443
 ... : 2 1 1 1 1 1 1 1 1 15 9 47 63 82 513 963 1294 3497
 ... : 2 1 1 1 1 1 1 1 1 15 9 47 63 82 514 977 1332 3544
 ... : 2 1 1 1 1 1 1 1 1 15 9 47 63 82 516 981 1365 3583
 ... : 2 1 1 1 1 1 1 1 1 15 9 47 63 82 521 1000 1385 3613
 ... : 2 1 1 1 1 1 1 1 1 15 9 47 63 82 521 1001 1413 3663
 ... : 2 1 1 1 1 1 1 1 1 15 9 47 63 82 522 1006 1436 3711
 ... : 2 1 1 1 1 1 1 1 1 15 9 47 63 83 524 1013 1465 3730
 ... : 2 1 1 1 1 1 1 1 1 15 9 47 63 83 527 1027 1504 3760
 ... : 2 1 1 1 1 1 1 1 1 15 9 47 63 83 532 1048 1545 3785
 ... : 2 1 1 1 1 1 1 1 1 15 9 47 63 83 532 1057 1575 3826
 ... : 2 1 1 1 1 1 1 1 1 15 9 47 63 83 532 1065 1614 3857
 ... : 2 1 1 1 1 1 1 1 1 15 9 47 63 83 534 1074 1651 3909
 ... : 2 1 1 1 1 1 1 1 1 15 9 47 63 83 534 1092 1686 3948
 ... : 2 1 1 1 1 1 1 1 1 15 9 47 64 89 539 1106 1711 3983
 ... : 2 1 1 1 1 1 1 1 1 15 9 47 64 89 540 1116 1765 4024
 ... : 2 1 1 1 1 1 1 1 1 15 9 47 64 89 540 1121 1803 4070
