initialized model with 7436 latches, 7426 inputs and 1 properties
tsim: performed 5 steps
tsim: found cycle from 2
checking bound 0
checking bound 1
checking bound 2
tdecomp: unrolling 2 cycles
tsim: performed 4 steps
tsim: found cycle from 1
tsim: found 2 constants and 0 latch equivalences
tdecomp: (7436, 29704) -> (3949, 15206)
   2 : 28 23
   3 : 28 1 37
   4 : 28 1 1 46
   5 : 28 1 1 1 54
 ... : 28 1 1 1 148
 ... : 28 1 1 1 243
 ... : 28 1 1 1 350
   6 : 21 1 1 1 1 424
   7 : 12 1 1 1 1 20 423
   8 : 12 1 1 1 1 19 1 436
 ... : 12 1 1 1 1 19 7 542
   9 : 12 1 1 1 1 14 1 1 559
 ... : 12 1 1 1 1 14 1 1 658
 ... : 12 1 1 1 1 14 1 1 763
 ... : 12 1 1 1 1 14 1 1 880
 ... : 12 1 1 1 1 14 1 1 1013
 ... : 12 1 1 1 1 14 1 1 1074
  10 : 11 1 1 1 1 11 1 2 56 964
  11 : 11 1 1 1 1 11 1 2 21 70 938
 ... : 11 1 1 1 1 11 1 2 21 72 1047
 ... : 11 1 1 1 1 11 1 2 21 83 1094
  12 : 11 1 1 1 1 11 1 1 10 55 4 1056
  13 : 11 1 1 1 1 11 1 1 7 51 2 3 1079
  14 : 11 1 1 1 1 11 1 1 6 50 2 3 24 1129
 ... : 11 1 1 1 1 11 1 1 6 50 2 3 27 1225
 ... : 11 1 1 1 1 11 1 1 6 50 2 3 47 1280
 ... : 11 1 1 1 1 11 1 1 6 50 2 3 47 1326
 ... : 11 1 1 1 1 11 1 1 6 50 2 3 56 1365
 ... : 11 1 1 1 1 11 1 1 8 50 3 4 71 1411
 ... : 11 1 1 1 1 11 1 1 12 53 5 4 105 1443
 ... : 11 1 1 1 1 11 1 1 13 54 6 5 122 1484
 ... : 11 1 1 1 1 11 1 1 13 53 6 5 133 1522
 ... : 11 1 1 1 1 11 1 1 10 52 6 5 143 1549
 ... : 11 1 1 1 1 11 1 1 11 52 6 5 145 1603
 ... : 11 1 1 1 1 11 1 1 14 53 6 5 143 1658
 ... : 11 1 1 1 1 11 1 1 14 53 6 5 151 1708
 ... : 11 1 1 1 1 11 1 1 16 53 6 5 163 1752
 ... : 11 1 1 1 1 11 1 1 16 55 10 9 182 1785
 ... : 11 1 1 1 1 11 4 1 19 67 17 17 187 1794
 ... : 11 1 1 1 1 11 3 2 23 77 27 30 199 1806
 ... : 11 1 1 1 1 11 4 2 21 78 33 35 208 1831
 ... : 11 1 1 1 1 11 4 2 22 78 37 41 212 1870
 ... : 11 1 1 1 1 11 4 2 21 82 42 48 235 1896
 ... : 11 1 1 1 1 11 4 2 21 82 42 54 250 1928
 ... : 11 1 1 1 1 11 5 3 22 82 46 59 259 1968
 ... : 11 1 1 1 1 11 5 3 23 86 51 70 278 1989
 ... : 11 1 1 1 1 11 1 1 10 57 13 20 252 1999
  15 : 10 1 1 1 1 11 1 1 6 50 8 10 51 49 1913
  16 : 10 1 1 1 1 11 1 1 6 23 23 7 51 49 86 1844
 ... : 10 1 1 1 1 11 1 1 6 23 17 1 28 42 20 1893
  17 : 9 1 1 1 1 11 1 1 6 23 17 1 8 4 3 15 1940
  18 : 9 1 1 1 1 11 1 1 6 23 17 1 6 4 1 15 22 1926
  19 : 8 1 1 1 1 5 1 1 6 23 15 1 6 2 1 6 26 58 1934
 ... : 8 1 1 1 1 5 1 1 6 23 15 1 6 2 1 6 26 83 2001
 ... : 8 1 1 1 1 5 1 1 6 23 15 1 6 4 2 8 27 112 2049
 ... : 8 1 1 1 1 5 1 1 6 23 15 1 6 6 3 11 29 136 2086
 ... : 8 1 1 1 1 5 1 1 6 23 15 1 6 6 3 11 29 178 2139
 ... : 8 1 1 1 1 5 1 1 6 23 15 1 6 6 3 12 29 207 2183
 ... : 8 1 1 1 1 5 1 1 6 23 15 1 6 10 4 13 30 227 2213
 ... : 8 1 1 1 1 5 1 1 6 23 15 1 6 7 3 15 31 201 2210
 ... : 8 1 1 1 1 5 1 1 6 23 15 2 6 6 4 21 44 187 2209
 ... : 8 1 1 1 1 5 1 1 6 23 15 2 6 6 4 29 55 182 2218
 ... : 8 1 1 1 1 5 1 1 6 23 15 2 6 8 7 37 67 195 2242
 ... : 8 1 1 2 3 5 1 1 6 24 15 2 6 9 6 38 69 202 2269
 ... : 9 4 1 1 2 6 1 4 6 22 13 2 6 3 3 19 69 210 2271
  20 : 9 3 1 1 1 5 1 3 5 17 13 1 6 2 1 6 23 5 18 2210
  21 : 9 3 1 1 1 5 1 3 5 17 13 1 1 2 1 6 13 3 12 2 2229
  22 : 9 3 1 1 1 5 1 3 5 17 13 1 1 2 1 6 13 3 12 2 25 2205
 ... : 9 3 1 1 1 5 1 3 5 17 13 1 1 2 1 6 13 3 12 2 23 2340
 ... : 9 3 1 1 1 5 1 3 5 17 13 1 1 2 1 6 13 3 12 2 23 2513
 ... : 9 3 1 1 1 5 1 3 5 17 13 1 1 2 1 6 13 3 12 2 23 2613
 ... : 9 3 1 1 1 5 1 3 5 17 13 1 1 2 1 6 13 3 12 2 23 2713
 ... : 9 3 1 1 1 5 1 3 5 17 13 1 1 2 1 6 13 3 12 2 28 2796
 ... : 9 3 1 1 1 5 1 1 5 17 14 2 2 2 1 6 5 1 15 4 37 2810
  23 : 9 7 3 2 3 6 2 1 5 17 13 1 1 2 2 6 5 1 15 3 18 48 2761
