initialized model with 531 latches, 523 inputs and 1 properties
tsim: performed 8 steps
tsim: found cycle from 5
checking bound 0
checking bound 1
checking bound 2
tdecomp: unrolling 2 cycles
tsim: performed 6 steps
tsim: found cycle from 3
tsim: found 2 constants and 0 latch equivalences
tdecomp: (531, 2092) -> (357, 1174)
   2 : 1 4
   3 : 1 2 19
   4 : 1 2 2 31
 ... : 2 2 16 102
 ... : 3 3 19 180
   5 : 3 2 1 3 113
   6 : 3 2 1 3 2 113
   7 : 3 2 1 2 1 2 131
   8 : 3 2 1 2 1 2 2 131
 ... : 3 2 1 1 1 2 18 203
 ... : 3 2 1 1 1 2 38 264
 ... : 3 2 2 1 1 3 52 313
   9 : 3 2 1 1 1 1 1 2 241
  10 : 3 2 1 1 1 1 1 1 4 238
  11 : 3 2 1 1 1 1 1 1 2 22 241
 ... : 3 2 1 1 1 1 1 1 2 39 330
  12 : 3 2 1 1 1 1 1 1 1 2 28 346
 ... : 3 2 1 1 1 1 1 1 1 2 46 409
 ... : 3 2 1 1 1 1 1 1 1 1 31 357
  13 : 3 2 1 1 1 1 1 1 1 1 1 6 360
  14 : 3 2 1 1 1 1 1 1 1 1 1 5 5 356
  15 : 3 2 1 1 1 1 1 1 1 1 1 1 2 91 285
 ... : 3 2 1 1 1 1 1 1 1 1 1 1 2 89 386
 ... : 3 2 1 1 1 1 1 1 1 1 1 1 2 108 412
 ... : 2 2 1 3 3 3 1 1 2 2 1 1 1 46 339
  16 : 2 2 1 1 1 1 3 1 1 1 1 1 1 1 2 358
  17 : 2 2 1 1 1 1 3 1 1 1 1 1 1 1 1 7 352
  18 : 2 2 1 1 1 1 3 1 1 1 1 1 1 1 1 5 74 294
  19 : 2 2 1 1 1 1 3 1 1 1 1 1 1 1 1 5 67 28 273
  20 : 2 2 1 1 1 1 3 1 1 1 1 1 1 1 1 5 67 28 10 265
  21 : 2 2 1 1 1 1 3 1 1 1 1 1 1 1 1 5 61 27 13 10 340
 ... : 2 2 1 1 1 1 3 1 1 1 1 1 1 1 1 5 61 27 13 18 398
 ... : 2 2 1 1 1 1 3 1 1 1 1 1 1 1 1 5 61 31 21 29 463
 ... : 2 2 1 1 1 1 3 1 1 1 1 1 1 1 1 5 61 32 25 49 521
 ... : 2 2 1 1 1 1 3 1 1 1 1 1 1 1 1 5 61 32 28 67 609
 ... : 2 2 1 1 1 1 3 1 1 1 1 1 1 1 1 5 61 34 32 87 668
 ... : 2 2 1 1 1 1 3 1 1 1 1 1 1 1 1 5 61 37 49 94 727
 ... : 2 2 1 1 1 1 3 1 1 1 1 1 1 1 1 5 61 37 49 117 812
 ... : 2 2 1 1 1 1 3 1 1 1 1 1 1 1 1 5 61 38 48 133 856
 ... : 2 2 1 1 1 1 3 1 1 1 1 1 1 1 1 5 61 42 53 152 896
 ... : 2 2 1 1 1 1 3 1 1 1 1 1 1 1 1 5 61 48 59 174 945
  22 : 2 2 1 1 1 1 3 1 1 1 1 1 1 1 1 5 41 41 57 168 122 872
 ... : 2 2 1 1 1 1 3 1 1 1 1 1 1 1 1 5 41 41 59 174 122 934
 ... : 2 2 1 1 1 1 3 1 1 1 1 1 1 1 1 5 41 41 63 176 134 983
  23 : 2 2 1 1 1 1 3 1 1 1 1 1 1 1 1 5 37 42 57 138 123 113 854
 ... : 2 2 1 1 1 1 3 1 1 1 1 1 1 1 1 5 37 42 59 139 125 128 920
 ... : 2 2 1 1 1 1 3 1 1 1 1 1 1 1 1 5 37 42 58 138 132 147 983
 ... : 2 2 1 1 1 1 3 1 1 1 1 1 1 1 1 5 37 42 58 138 132 148 1070
 ... : 2 2 1 1 1 1 3 1 1 1 1 1 1 1 1 5 37 42 58 148 137 159 1113
 ... : 2 2 1 1 1 1 3 1 1 1 1 1 1 1 1 5 37 42 58 153 156 184 1149
 ... : 2 2 1 1 1 1 3 1 1 1 1 1 1 1 1 5 37 42 60 159 162 200 1197
  24 : 2 2 1 1 1 1 3 1 1 1 1 1 1 1 1 5 37 41 51 145 114 196 255 971
 ... : 2 2 1 1 1 1 3 1 1 1 1 1 1 1 1 5 37 41 51 145 114 196 294 1080
 ... : 2 2 1 1 1 1 3 1 1 1 1 1 1 1 1 5 37 41 51 145 114 197 349 1138
 ... : 2 2 1 1 1 1 3 1 1 1 1 1 1 1 1 5 37 41 51 145 116 204 389 1193
 ... : 2 2 1 1 1 1 3 1 1 1 1 1 1 1 1 5 37 41 51 145 116 204 412 1246
 ... : 2 2 1 1 1 1 3 1 1 1 1 1 1 1 1 5 37 41 51 148 121 214 449 1271
 ... : 2 2 1 1 1 1 3 1 1 1 1 1 1 1 1 5 37 41 51 149 125 224 476 1309
 ... : 2 2 1 1 1 1 3 1 1 1 1 1 1 1 1 5 37 41 51 151 128 237 497 1337
 ... : 2 2 1 1 1 1 3 1 1 1 1 1 1 1 1 5 37 41 51 151 128 240 524 1403
 ... : 2 2 1 1 1 1 3 1 1 1 1 1 1 1 1 5 37 40 51 153 133 246 555 1424
 ... : 2 2 1 1 1 1 3 1 1 1 1 1 1 1 1 5 37 40 53 159 135 253 573 1476
 ... : 2 2 1 1 1 1 3 1 1 1 1 1 1 1 1 5 37 40 53 164 138 261 599 1509
 ... : 2 2 1 1 1 1 3 1 1 1 1 1 1 1 1 5 37 40 53 164 141 266 626 1575
  25 : 2 2 1 1 1 1 3 1 1 1 1 1 1 1 1 5 37 39 50 150 132 220 526 535 1236
 ... : 2 2 1 1 1 1 3 1 1 1 1 1 1 1 1 5 37 39 50 150 132 220 526 559 1335
 ... : 2 2 1 1 1 1 3 1 1 1 1 1 1 1 1 5 37 39 50 150 132 220 525 577 1420
 ... : 2 2 1 1 1 1 3 1 1 1 1 1 1 1 1 5 37 39 50 150 132 220 525 588 1509
 ... : 2 2 1 1 1 1 3 1 1 1 1 1 1 1 1 5 37 39 50 150 132 220 525 605 1609
 ... : 2 2 1 1 1 1 3 1 1 1 1 1 1 1 1 5 37 39 50 150 132 220 534 640 1673
 ... : 2 2 1 1 1 1 3 1 1 1 1 1 1 1 1 5 37 39 50 150 132 220 542 663 1715
 ... : 2 2 1 1 1 1 3 1 1 1 1 1 1 1 1 5 37 39 50 150 132 223 546 687 1787
 ... : 2 2 1 1 1 1 3 1 1 1 1 1 1 1 1 5 37 39 50 150 132 223 546 710 1880
 ... : 2 2 1 1 1 1 3 1 1 1 1 1 1 1 1 5 37 39 50 150 132 223 544 748 1955
 ... : 2 2 1 1 1 1 3 1 1 1 1 1 1 1 1 5 37 39 50 150 132 223 545 773 2055
 ... : 2 2 1 1 1 1 3 1 1 1 1 1 1 1 1 5 37 39 50 150 132 223 548 794 2125
 ... : 2 2 1 1 1 1 3 1 1 1 1 1 1 1 1 5 37 39 50 150 132 223 548 814 2202
 ... : 2 2 1 1 1 1 3 1 1 1 1 1 1 1 1 5 37 39 50 150 132 224 554 839 2276
 ... : 2 2 1 1 1 1 3 1 1 1 1 1 1 1 1 5 37 39 48 149 131 226 566 865 2310
 ... : 2 2 1 1 1 1 3 1 1 1 1 1 1 1 1 5 37 39 48 149 132 224 577 885 2353
  26 : 2 2 1 1 1 1 3 1 1 1 1 1 1 1 1 5 33 39 46 151 114 193 383 857 618 1817
 ... : 2 2 1 1 1 1 3 1 1 1 1 1 1 1 1 5 33 39 46 151 114 193 383 870 641 1888
 ... : 2 2 1 1 1 1 3 1 1 1 1 1 1 1 1 5 33 39 46 151 114 193 383 881 662 1937
 ... : 2 2 1 1 1 1 3 1 1 1 1 1 1 1 1 5 33 39 46 151 114 193 383 898 684 1997
 ... : 2 2 1 1 1 1 3 1 1 1 1 1 1 1 1 5 33 39 46 151 114 193 390 923 717 2028
 ... : 2 2 1 1 1 1 3 1 1 1 1 1 1 1 1 5 33 39 46 151 114 195 409 955 757 2037
 ... : 2 2 1 1 1 1 3 1 1 1 1 1 1 1 1 5 33 39 46 151 114 195 409 961 781 2099
 ... : 2 2 1 1 1 1 3 1 1 1 1 1 1 1 1 5 33 39 46 151 114 196 417 973 796 2140
 ... : 2 2 1 1 1 1 3 1 1 1 1 1 1 1 1 5 33 39 46 151 114 196 421 981 829 2178
 ... : 2 2 1 1 1 1 3 1 1 1 1 1 1 1 1 5 33 39 46 151 114 198 425 995 855 2219
 ... : 2 2 1 1 1 1 3 1 1 1 1 1 1 1 1 5 33 39 46 151 114 198 425 1003 877 2281
 ... : 2 2 1 1 1 1 3 1 1 1 1 1 1 1 1 5 33 39 46 151 114 198 425 1015 906 2316
 ... : 2 2 1 1 1 1 3 1 1 1 1 1 1 1 1 5 33 39 46 151 114 198 424 1023 936 2359
 ... : 2 2 1 1 1 1 3 1 1 1 1 1 1 1 1 5 33 39 46 151 114 198 428 1042 966 2371
 ... : 2 2 1 1 1 1 3 1 1 1 1 1 1 1 1 5 33 39 46 151 114 199 431 1057 983 2410
 ... : 2 2 1 1 1 1 3 1 1 1 1 1 1 1 1 5 33 39 46 151 114 200 437 1060 992 2467
 ... : 2 2 1 1 1 1 3 1 1 1 1 1 1 1 1 5 33 39 46 151 115 202 440 1073 1014 2512
 ... : 2 2 1 1 1 1 3 1 1 1 1 1 1 1 1 5 33 39 46 151 116 206 446 1079 1039 2543
 ... : 2 2 1 1 1 1 3 1 1 1 1 1 1 1 1 5 33 39 46 151 116 206 451 1099 1055 2567
 ... : 2 2 1 1 1 1 3 1 1 1 1 1 1 1 1 5 33 39 46 151 117 210 461 1115 1088 2588
 ... : 2 2 1 1 1 1 3 1 1 1 1 1 1 1 1 5 33 39 46 151 119 214 477 1115 1102 2593
 ... : 2 2 1 1 1 1 3 1 1 1 1 1 1 1 1 5 33 39 46 151 120 219 489 1132 1130 2604
 ... : 2 2 1 1 1 1 3 1 1 1 1 1 1 1 1 5 33 39 46 151 121 222 491 1141 1159 2654
 ... : 2 2 1 1 1 1 3 1 1 1 1 1 1 1 1 5 33 39 46 151 123 229 500 1148 1182 2671
 ... : 2 2 1 1 1 1 3 1 1 1 1 1 1 1 1 5 33 39 50 156 129 236 513 1161 1194 2678
 ... : 2 2 1 1 1 1 3 1 1 1 1 1 1 1 1 5 33 39 50 156 130 238 522 1178 1230 2702
 ... : 2 2 1 1 1 1 3 1 1 1 1 1 1 1 1 5 33 39 50 157 132 242 529 1198 1253 2721
 ... : 2 2 1 1 1 1 3 1 1 1 1 1 1 1 1 5 33 39 50 157 131 242 532 1211 1280 2749
 ... : 2 2 1 1 1 1 3 1 1 1 1 1 1 1 1 5 33 39 52 160 132 243 533 1214 1324 2795
 ... : 2 2 1 1 1 1 3 1 1 1 1 1 1 1 1 5 33 39 52 161 142 252 541 1227 1337 2806
 ... : 2 2 1 1 1 1 3 1 1 1 1 1 1 1 1 5 33 39 52 161 155 270 556 1244 1349 2813
 ... : 2 2 1 1 1 1 3 1 1 1 1 1 1 1 1 5 33 39 52 161 163 273 575 1257 1348 2816
 ... : 2 2 1 1 1 1 3 1 1 1 1 1 1 1 1 5 33 39 52 161 163 273 579 1281 1388 2830
 ... : 2 2 1 1 1 1 3 1 1 1 1 1 1 1 1 5 33 39 52 161 163 272 579 1291 1426 2888
 ... : 2 2 1 1 1 1 3 1 1 1 1 1 1 1 1 5 33 39 52 161 163 272 581 1298 1460 2941
 ... : 2 2 1 1 1 1 3 1 1 1 1 1 1 1 1 5 33 39 52 161 163 273 582 1304 1482 3002
 ... : 2 2 1 1 1 1 3 1 1 1 1 1 1 1 1 5 33 39 52 161 163 274 605 1344 1516 3006
 ... : 2 2 1 1 1 1 3 1 1 1 1 1 1 1 1 5 33 39 52 161 163 274 606 1354 1557 3045
 ... : 2 2 1 1 1 1 3 1 1 1 1 1 1 1 1 5 33 39 52 161 163 274 624 1375 1584 3065
 ... : 2 2 1 1 1 1 3 1 1 1 1 1 1 1 1 5 33 39 52 161 163 274 627 1382 1607 3104
 ... : 2 2 1 1 1 1 3 1 1 1 1 1 1 1 1 5 33 39 52 161 163 274 627 1393 1635 3146
 ... : 2 2 1 1 1 1 3 1 1 1 1 1 1 1 1 5 33 39 52 161 163 275 628 1414 1670 3182
 ... : 2 2 1 1 1 1 3 1 1 1 1 1 1 1 1 5 33 39 52 160 167 284 640 1448 1691 3187
 ... : 2 2 1 1 1 1 3 1 1 1 1 1 1 1 1 5 33 39 52 160 167 284 642 1465 1735 3227
 ... : 2 2 1 1 1 1 3 1 1 1 1 1 1 1 1 5 33 39 52 160 167 284 642 1479 1779 3268
 ... : 2 2 1 1 1 1 3 1 1 1 1 1 1 1 1 5 33 39 52 160 167 286 649 1506 1811 3288
 ... : 2 2 1 1 1 1 3 1 1 1 1 1 1 1 1 5 33 39 52 160 167 286 652 1521 1845 3318
 ... : 2 2 1 1 1 1 3 1 1 1 1 1 1 1 1 5 33 39 52 160 167 288 655 1532 1880 3367
 ... : 2 2 1 1 1 1 3 1 1 1 1 1 1 1 1 5 33 39 52 160 167 288 658 1534 1876 3399
 ... : 2 2 1 1 1 1 3 1 1 1 1 1 1 1 1 5 33 39 52 160 167 288 657 1559 1898 3425
 ... : 2 2 1 1 1 1 3 1 1 1 1 1 1 1 1 5 33 39 52 160 167 292 663 1573 1929 3467
 ... : 2 2 1 1 1 1 3 1 1 1 1 1 1 1 1 5 33 39 52 160 169 298 667 1590 1961 3492
 ... : 2 2 1 1 1 1 3 1 1 1 1 1 1 1 1 5 33 39 52 160 169 300 672 1606 2001 3531
 ... : 2 2 1 1 1 1 3 1 1 1 1 1 1 1 1 5 33 39 52 160 169 297 653 1627 2023 3554
 ... : 2 2 1 1 1 1 3 1 1 1 1 1 1 1 1 5 33 39 52 160 169 297 655 1625 2040 3592
 ... : 2 2 1 1 1 1 3 1 1 1 1 1 1 1 1 5 33 39 52 159 169 293 658 1612 2071 3647
 ... : 2 2 1 1 1 1 3 1 1 1 1 1 1 1 1 5 33 39 52 159 169 298 657 1610 2107 3674
 ... : 2 2 1 1 1 1 3 1 1 1 1 1 1 1 1 5 33 39 51 159 169 304 681 1644 2139 3680
 ... : 2 2 1 1 1 1 3 1 1 1 1 1 1 1 1 5 33 39 51 159 167 308 696 1668 2163 3685
 ... : 2 2 1 1 1 1 3 1 1 1 1 1 1 1 1 5 33 39 51 159 169 317 709 1679 2185 3704
 ... : 2 2 1 1 1 1 3 1 1 1 1 1 1 1 1 5 33 39 51 159 169 316 716 1697 2208 3733
 ... : 2 2 1 1 1 1 3 1 1 1 1 1 1 1 1 5 33 39 51 159 169 316 715 1701 2221 3797
 ... : 2 2 1 1 1 1 3 1 1 1 1 1 1 1 1 5 33 39 51 159 170 320 718 1717 2244 3834
 ... : 2 2 1 1 1 1 3 1 1 1 1 1 1 1 1 5 33 39 51 159 170 320 720 1732 2263 3871
 ... : 2 2 1 1 1 1 3 1 1 1 1 1 1 1 1 5 33 39 51 159 170 320 730 1750 2282 3898
 ... : 2 2 1 1 1 1 3 1 1 1 1 1 1 1 1 5 33 39 51 159 170 318 727 1758 2317 3967
 ... : 2 2 1 1 1 1 3 1 1 1 1 1 1 1 1 5 33 39 51 159 170 318 724 1760 2335 4049
 ... : 2 2 1 1 1 1 3 1 1 1 1 1 1 1 1 5 33 39 51 158 165 302 681 1654 2304 4058
 ... : 2 2 1 1 1 1 3 1 1 1 1 1 1 1 1 5 33 39 51 158 165 302 681 1659 2339 4107
 ... : 2 2 1 1 1 1 3 1 1 1 1 1 1 1 1 5 33 39 51 158 165 302 681 1678 2375 4144
 ... : 2 2 1 1 1 1 3 1 1 1 1 1 1 1 1 5 33 39 51 158 165 302 685 1723 2414 4153
 ... : 2 2 1 1 1 1 3 1 1 1 1 1 1 1 1 5 33 39 51 158 165 302 685 1739 2439 4192
 ... : 2 2 1 1 1 1 3 1 1 1 1 1 1 1 1 5 33 39 51 158 165 302 687 1754 2474 4242
 ... : 2 2 1 1 1 1 3 1 1 1 1 1 1 1 1 5 33 39 51 158 165 302 687 1777 2510 4286
 ... : 2 2 1 1 1 1 3 1 1 1 1 1 1 1 1 5 33 39 51 158 165 302 690 1794 2545 4330
 ... : 2 2 1 1 1 1 3 1 1 1 1 1 1 1 1 5 33 39 51 158 165 302 692 1824 2587 4361
 ... : 2 2 1 1 1 1 3 1 1 1 1 1 1 1 1 5 33 39 51 158 165 302 690 1833 2614 4419
