initialized model with 647 latches, 642 inputs and 1 properties
tsim: performed 5 steps
tsim: found cycle from 2
tsim: found 0 constants and 1 latch equivalences
seqsimpl: (647, 642) -> (392, 642)
checking bound 0
checking bound 1
checking bound 2
tdecomp: unrolling 2 cycles
tsim: performed 3 steps
tsim: found cycle from 0
tsim: found 2 constants and 0 latch equivalences
tdecomp: (392, 2568) -> (390, 1445)
 ... : 200
   2 : 146 89
 ... : 171 175
 ... : 190 261
   3 : 211 162 172
 ... : 211 187 296
   4 : 209 185 133 188
 ... : 209 183 151 299
 ... : 209 183 171 396
 ... : 209 186 200 447
   5 : 205 176 155 166 319
   6 : 198 178 154 131 104 295
   7 : 198 178 154 130 79 57 314
   8 : 198 178 154 130 73 49 51 309
   9 : 198 178 154 130 73 49 39 54 324
 ... : 198 178 154 130 73 49 38 62 408
 ... : 198 178 155 130 75 65 57 61 405
 ... : 198 180 165 136 83 66 44 61 416
 ... : 199 188 176 148 114 102 51 61 420
 ... : 202 192 176 149 115 105 56 62 434
  10 : 196 177 164 128 98 74 49 60 48 400
  11 : 196 177 164 128 98 74 48 53 53 62 383
 ... : 196 177 164 128 98 74 48 53 57 75 466
 ... : 196 177 164 128 98 74 48 54 61 87 510
  12 : 196 177 165 127 101 75 45 52 41 59 72 408
 ... : 196 177 165 127 101 74 48 58 48 67 80 436
 ... : 196 177 166 131 99 69 52 57 51 71 86 462
  13 : 196 174 151 112 94 89 43 49 37 60 56 64 433
 ... : 196 174 151 112 94 89 43 49 37 66 66 81 477
 ... : 196 174 151 112 94 90 46 54 44 64 62 86 505
  14 : 196 177 153 115 95 89 47 55 42 62 56 73 96 438
 ... : 196 177 153 115 95 89 47 55 42 62 56 72 123 539
  15 : 196 177 153 115 95 89 47 55 42 62 54 63 70 49 508
  16 : 196 177 153 115 95 89 47 55 42 62 54 61 67 41 44 473
 ... : 196 177 153 115 95 89 47 54 38 54 63 71 71 47 47 503
  17 : 196 177 153 115 95 89 46 53 38 53 57 68 74 53 34 50 489
 ... : 196 177 153 115 95 89 46 53 38 53 57 67 81 61 44 60 517
 ... : 196 177 153 115 95 89 46 54 40 56 60 69 85 60 42 61 563
  18 : 196 177 153 115 95 89 46 54 40 56 57 67 80 69 61 37 48 544
  19 : 196 177 153 115 95 89 46 54 40 56 57 67 80 69 61 38 57 63 542
 ... : 196 177 153 115 95 89 46 54 40 56 57 67 80 69 61 38 61 70 623
  20 : 196 177 153 115 95 89 46 54 40 56 57 67 79 70 60 32 46 62 92 562
  21 : 196 177 153 115 95 89 46 54 40 56 57 67 79 70 60 32 46 44 84 88 535
 ... : 196 177 153 115 95 89 46 54 40 56 57 67 79 70 60 32 46 47 85 95 576
 ... : 196 177 153 115 95 89 46 54 40 56 57 69 87 76 70 42 56 59 94 96 580
  22 : 196 177 153 115 95 89 46 54 40 56 57 68 78 67 68 39 30 45 75 58 38 576
 ... : 196 177 153 115 95 89 46 54 40 56 54 56 70 70 75 45 35 50 78 59 43 605
  23 : 196 177 153 115 95 89 46 54 40 56 53 55 70 70 64 36 27 47 74 55 34 71 558
 ... : 196 177 153 115 95 89 46 54 40 56 53 55 70 70 64 36 32 54 81 58 35 77 613
 ... : 196 177 153 115 95 89 46 54 40 56 53 55 70 70 64 35 33 39 67 65 39 79 621
  24 : 196 177 153 115 95 89 46 54 40 56 53 55 70 69 64 32 25 29 59 45 26 35 38 626
  25 : 196 177 153 115 95 89 46 54 40 56 53 55 70 69 64 32 25 29 59 45 26 35 34 43 594
  26 : 196 177 153 115 95 89 46 54 40 56 53 55 70 69 64 32 25 29 57 43 26 31 28 29 37 612
  27 : 196 177 153 115 95 89 46 54 40 56 53 55 70 69 64 32 25 29 57 43 26 30 27 30 24 45 601
 ... : 196 177 153 115 95 89 46 54 40 56 53 55 70 68 65 33 24 30 58 45 30 37 37 37 28 49 611
 ... : 196 177 153 115 95 89 46 54 40 56 53 55 70 68 70 40 31 35 62 51 41 41 35 37 28 49 612
 ... : 196 177 153 115 95 89 46 54 40 56 53 56 70 69 69 42 30 33 67 57 56 44 37 38 28 49 614
 ... : 196 177 153 115 95 89 46 54 40 56 55 55 69 68 68 41 31 33 67 59 56 46 38 38 28 49 614
 ... : 196 177 153 115 95 89 46 54 40 55 54 58 85 81 76 48 35 35 69 61 56 46 38 38 28 49 614
 ... : 196 177 153 115 95 89 46 54 40 55 54 58 94 90 96 63 39 37 70 61 56 46 38 38 28 49 614
  28 : 196 177 153 115 95 89 46 54 40 54 51 57 73 69 82 56 32 34 59 47 37 44 41 35 30 46 55 584
 ... : 196 177 153 115 95 89 46 54 40 54 51 57 73 69 82 56 32 34 59 47 37 44 41 35 31 49 68 675
  29 : 196 177 153 115 95 89 46 54 40 54 51 57 72 68 82 56 32 34 59 47 37 44 41 33 30 22 33 44 680
  30 : 196 177 153 115 95 89 46 54 40 54 51 57 72 68 82 56 32 34 59 47 37 44 41 33 30 19 31 43 41 644
  31 : 196 177 153 115 95 89 46 54 40 54 51 57 72 68 82 56 32 34 59 47 37 44 41 33 30 19 31 41 29 30 656
  32 : 196 177 153 115 95 89 46 54 40 54 51 57 72 68 82 56 32 34 59 47 37 44 41 33 30 19 31 36 24 16 27 683
 ... : 196 177 153 115 95 89 46 54 40 54 51 57 72 68 82 56 32 34 59 47 36 42 41 35 32 20 29 36 29 22 30 702
  33 : 196 177 153 115 95 89 46 54 40 54 51 57 72 68 82 56 28 28 26 33 30 37 35 34 35 20 30 19 39 18 23 26 703
  34 : 196 177 153 115 95 89 46 54 40 54 51 57 72 68 82 56 28 28 26 33 29 38 35 34 35 20 30 19 39 15 28 31 53 669
  35 : 196 177 153 115 95 89 46 54 40 54 51 57 72 68 82 56 28 28 26 33 29 38 35 34 35 20 30 19 39 15 26 29 32 69 695
  36 : 196 177 153 115 95 89 46 54 40 54 51 57 72 68 82 56 28 28 26 33 29 38 35 34 35 20 30 19 39 15 26 27 31 66 30 679
  37 : 196 177 153 115 95 89 46 54 40 54 51 57 72 68 82 56 28 28 26 33 29 38 35 34 32 21 31 16 21 11 21 27 45 64 23 32 680
  38 : 196 177 153 115 95 89 46 54 40 54 51 57 72 68 82 56 28 28 26 33 29 38 35 34 32 21 31 16 21 11 21 27 44 62 18 12 18 694
  39 : 196 177 153 115 95 89 46 54 40 54 51 57 72 68 82 56 28 28 26 33 29 38 35 34 32 21 31 16 21 11 21 27 44 63 16 12 17 57 644
 ... : 196 177 153 115 95 89 46 54 40 54 51 57 72 68 82 56 28 28 26 33 29 38 35 34 32 21 33 14 22 13 23 29 44 63 16 12 18 59 690
  40 : 196 177 153 115 95 89 46 54 40 54 51 57 72 68 81 53 25 24 27 33 29 38 35 34 32 21 31 13 16 10 22 37 45 64 16 6 16 26 48 665
 ... : 196 177 153 115 95 89 46 54 40 54 51 57 72 68 81 53 25 24 27 33 29 38 35 34 32 21 31 13 16 10 22 35 50 71 23 11 24 33 52 679
  41 : 196 177 153 115 95 89 46 54 40 54 51 57 72 68 81 53 25 24 27 33 29 38 35 34 32 21 31 13 16 10 22 26 22 62 16 12 24 18 16 33 704
 ... : 196 177 153 115 95 89 46 54 40 54 51 57 72 68 81 53 25 24 27 33 29 37 36 32 32 22 31 13 20 11 23 24 27 66 20 13 24 18 16 31 710
 ... : 196 177 153 115 95 89 46 54 40 54 51 57 72 68 81 53 25 24 27 33 30 38 34 32 33 21 31 14 21 13 24 26 25 60 21 14 30 22 17 33 711
  42 : 196 177 153 115 95 89 46 54 40 54 51 57 72 68 81 53 25 24 27 33 30 36 34 31 32 21 19 7 15 6 9 20 26 10 17 10 17 26 47 24 30 717
 ... : 196 177 153 115 95 89 46 54 40 54 51 57 72 68 81 53 25 24 27 33 30 36 34 32 36 23 20 8 18 8 11 20 28 13 21 10 17 27 47 23 31 726
  43 : 196 177 153 115 95 89 46 54 40 54 51 57 72 68 81 53 25 24 27 33 30 36 34 31 32 22 20 7 16 7 11 18 28 8 19 16 20 30 45 18 13 16 729
  44 : 196 177 153 115 95 89 46 54 40 54 51 57 72 68 81 53 25 24 27 33 30 36 34 31 32 22 20 7 16 7 11 18 28 8 19 16 20 30 45 18 13 13 28 706
  45 : 196 177 153 115 95 89 46 54 40 54 51 57 72 68 81 53 25 24 27 33 30 36 34 31 32 22 20 7 16 7 11 18 28 8 19 16 20 30 45 17 13 12 24 34 685
 ... : 196 177 153 115 95 89 46 54 40 54 51 57 72 68 81 53 25 24 27 34 33 43 39 38 39 29 21 7 16 7 11 18 28 8 19 17 21 31 48 19 17 14 24 36 697
 ... : 196 177 153 115 95 89 46 54 40 54 51 57 72 68 81 53 25 24 27 34 32 40 36 35 35 31 23 18 17 13 11 18 28 9 21 20 21 33 50 22 17 14 24 36 697
  46 : 196 177 153 115 95 89 46 54 40 54 51 57 72 68 81 53 25 24 27 33 33 37 37 31 33 27 14 16 8 14 9 16 15 23 9 9 6 23 23 30 23 43 13 13 16 766
  47 : 196 177 153 115 95 89 46 54 40 54 51 57 72 68 81 53 25 24 27 33 33 37 37 31 33 27 14 16 8 14 9 16 15 23 9 9 6 23 23 30 23 43 13 12 12 30 742
  48 : 196 177 153 115 95 89 46 54 40 54 51 57 72 68 81 53 25 24 27 33 33 37 37 31 33 27 14 16 8 14 9 16 15 23 9 9 6 23 23 30 23 43 13 11 12 25 53 705
 ... : 196 177 153 115 95 89 46 54 40 54 51 57 72 68 81 53 25 24 27 33 33 37 37 31 33 27 14 16 8 14 9 15 16 24 11 9 7 24 24 32 25 43 13 10 13 26 54 730
 ... : 196 177 153 115 95 89 46 54 40 54 51 57 72 68 81 53 25 24 27 33 33 37 37 31 33 27 14 17 8 14 9 15 15 26 12 10 9 23 23 31 23 44 13 11 14 29 56 730
  49 : 196 177 153 115 95 89 46 54 40 54 51 57 72 68 81 53 25 24 27 33 33 37 37 31 31 27 16 15 7 14 10 8 14 24 18 10 7 21 24 31 20 44 12 11 12 21 42 38 699
 ... : 196 177 153 115 95 89 46 54 40 54 51 57 72 68 81 53 25 24 27 33 33 37 37 31 31 27 16 15 7 14 10 8 14 24 18 10 7 21 24 31 20 44 12 11 12 21 40 39 788
  50 : 196 177 153 115 95 89 46 54 40 54 51 57 72 68 81 53 25 24 27 33 33 37 37 31 31 27 16 15 7 14 10 8 14 24 18 10 7 21 24 31 20 44 12 11 12 18 31 26 65 728
  51 : 196 177 153 115 95 89 46 54 40 54 51 57 72 68 81 53 25 24 27 33 33 37 37 31 31 27 16 15 7 14 10 8 14 24 18 10 7 21 24 31 20 44 12 11 12 18 31 26 49 58 691
  52 : 196 177 153 115 95 89 46 54 40 54 51 57 72 68 81 53 25 24 27 33 33 37 37 31 31 27 16 15 7 14 10 8 14 24 18 10 7 21 24 31 20 44 12 11 12 18 31 21 46 24 54 706
  53 : 196 177 153 115 95 89 46 54 40 54 51 57 72 68 81 53 25 24 27 33 33 37 37 31 31 27 16 15 7 14 10 8 14 24 18 10 7 21 24 31 20 44 12 11 12 18 31 21 46 24 47 27 687
 ... : 196 177 153 115 95 89 46 54 40 54 51 57 72 68 81 57 25 26 30 34 34 36 35 33 28 26 17 16 7 14 10 8 16 27 19 10 7 21 24 31 20 44 12 11 12 18 31 21 46 24 46 21 708
 ... : 196 177 153 115 95 89 46 54 40 54 51 57 72 68 84 58 27 28 34 38 37 37 37 32 29 25 15 16 8 16 12 14 19 28 19 10 7 21 24 31 20 44 12 11 12 18 31 21 46 24 46 21 708
  54 : 196 177 153 115 95 89 46 54 38 54 50 61 75 69 80 54 25 25 29 39 38 34 34 25 26 26 14 16 7 17 9 16 15 30 12 18 8 19 26 31 20 44 12 11 12 18 31 21 46 22 42 13 10 716
  55 : 196 177 153 115 95 89 46 54 38 54 50 61 75 69 80 54 25 25 29 38 38 34 34 25 26 24 16 16 5 18 8 13 17 29 12 19 8 19 26 31 20 44 12 11 12 18 31 21 46 22 42 11 4 24 709
 ... : 196 177 153 115 95 89 46 54 38 54 50 61 75 69 80 54 25 25 29 38 38 34 35 26 27 28 22 18 5 19 9 16 15 30 13 20 9 20 28 32 21 43 13 12 12 19 31 21 46 22 42 11 5 21 714
 ... : 196 177 153 115 95 89 46 54 38 54 50 61 75 69 80 54 25 25 29 38 38 34 35 26 27 28 22 18 5 18 9 15 16 31 14 21 9 20 28 32 21 43 14 13 12 19 31 21 47 22 43 11 6 23 717
  56 : 196 177 153 115 95 89 46 54 38 54 50 61 75 69 80 54 25 25 29 38 38 34 31 28 27 27 23 18 5 18 8 12 14 29 15 14 7 21 28 33 22 51 14 12 11 19 31 21 46 22 43 10 4 7 11 717
  57 : 196 177 153 115 95 89 46 54 38 54 50 61 75 69 80 54 25 25 29 38 38 34 31 28 27 27 23 18 5 18 8 12 14 29 15 14 7 21 28 33 22 51 14 12 11 19 31 21 46 22 43 10 4 7 8 16 707
 ... : 196 177 153 115 95 89 46 54 38 54 50 61 75 69 80 54 25 25 29 38 38 34 31 28 27 29 32 23 5 18 8 12 16 29 14 14 8 22 28 33 22 51 14 12 11 18 32 21 48 23 44 11 4 7 7 15 728
  58 : 196 177 153 115 95 89 46 54 38 54 50 61 75 69 80 54 25 25 29 38 38 34 31 28 27 29 31 25 11 19 9 12 13 29 14 13 8 21 27 32 23 46 23 14 12 19 32 20 46 23 44 12 5 7 6 10 16 721
  59 : 196 177 153 115 95 89 46 54 38 54 50 61 75 69 80 54 25 25 29 38 38 34 31 28 27 29 31 25 11 19 9 12 13 29 14 13 8 21 27 32 23 46 23 14 12 19 32 20 46 23 43 9 7 8 5 8 10 18 735
  60 : 196 177 153 115 95 89 46 54 38 54 50 61 75 69 80 54 25 25 29 38 38 34 31 28 27 29 31 25 11 19 9 12 13 29 14 13 8 21 27 32 23 46 23 14 12 19 32 20 46 23 43 9 7 8 5 8 9 12 17 724
  61 : 196 177 153 115 95 89 46 54 38 54 50 61 75 69 80 54 25 25 29 38 38 34 31 28 27 29 31 25 11 19 9 12 13 29 14 13 8 21 27 32 23 46 23 14 12 19 32 20 46 23 43 9 7 8 5 8 7 12 8 23 709
  62 : 196 177 153 115 95 89 46 54 38 54 50 61 75 69 80 54 25 25 29 38 38 34 31 28 27 29 31 25 11 19 9 12 13 29 14 13 8 21 27 32 23 46 23 14 12 19 32 20 46 23 43 9 7 8 5 8 7 12 8 11 11 711
 ... : 196 177 153 115 95 89 46 54 38 54 50 61 75 69 80 54 25 25 29 38 38 34 31 28 27 29 33 28 13 22 11 13 16 36 17 16 10 23 29 32 24 50 26 18 14 21 32 20 46 23 43 9 7 8 5 8 7 12 8 10 10 715
 ... : 196 177 153 115 95 89 46 54 38 54 50 61 75 69 80 54 25 25 29 38 38 34 32 28 27 30 29 24 13 22 11 13 14 35 17 16 8 23 29 32 24 50 26 18 13 20 35 22 48 23 44 13 11 10 8 9 9 16 10 11 10 715
 ... : 196 177 153 115 95 89 46 54 38 54 50 61 75 69 80 54 25 25 29 38 38 34 32 28 27 29 29 24 12 20 11 11 15 37 16 17 8 23 30 32 25 52 27 19 14 21 35 22 48 23 44 13 11 10 8 9 9 16 10 11 10 715
 ... : 196 177 153 115 95 89 46 54 38 54 50 61 75 69 79 54 25 25 31 39 38 34 32 29 28 29 28 23 12 19 12 11 14 35 15 17 8 24 28 32 26 52 28 20 15 22 35 22 48 23 44 13 11 10 8 9 9 16 10 11 10 715
 ... : 196 177 153 115 95 89 46 54 38 54 50 61 75 69 81 55 26 26 32 40 38 34 32 28 27 29 27 24 13 18 11 11 13 36 14 17 9 24 29 33 28 53 28 20 15 22 35 22 48 23 44 13 11 10 8 9 9 16 10 11 10 715
 ... : 196 177 153 115 95 89 46 54 38 54 50 61 73 68 81 54 26 25 30 39 40 39 33 28 27 30 29 24 13 18 11 11 13 36 14 17 9 24 29 33 28 53 28 20 15 22 35 22 48 23 44 13 11 10 8 9 9 16 10 11 10 716
 ... : 196 177 153 115 95 89 46 54 38 54 50 61 73 68 81 54 26 25 30 39 40 39 33 28 27 30 27 23 12 19 10 11 14 35 14 17 10 24 27 34 25 48 19 19 15 21 34 24 49 23 44 13 11 10 8 11 9 16 10 11 10 716
 ... : 196 177 153 115 97 94 47 55 38 52 49 61 73 68 81 54 26 25 30 39 40 39 33 28 28 30 27 23 12 18 10 12 15 37 14 17 10 24 27 34 25 48 19 19 15 21 34 24 49 23 44 13 11 10 8 11 9 16 10 11 10 716
 ... : 196 177 153 115 97 94 47 55 38 52 49 61 73 68 81 54 26 25 30 39 40 39 33 28 28 30 27 23 12 18 10 11 13 35 14 16 9 23 27 34 25 49 19 20 16 22 34 24 49 23 46 13 11 10 8 12 10 17 10 11 10 716
 ... : 196 177 153 115 97 94 47 55 38 52 49 61 73 68 81 54 26 25 30 39 40 39 33 28 28 30 27 23 12 18 10 11 13 35 14 16 9 23 27 33 24 49 19 20 16 21 33 24 49 23 48 18 13 11 9 13 12 17 10 11 10 716
 ... : 196 177 153 115 97 94 47 55 38 52 51 60 73 68 82 54 26 25 30 39 40 39 33 28 28 30 27 23 12 18 10 11 13 35 14 16 9 23 27 33 24 49 19 20 15 21 34 25 49 24 49 15 13 11 10 13 10 18 11 13 10 715
 ... : 196 176 152 113 97 94 47 55 38 52 49 59 75 68 82 54 26 25 30 39 40 39 33 28 28 30 27 23 12 18 10 11 13 35 14 16 9 23 27 33 24 49 19 20 14 22 34 24 50 24 48 14 13 12 9 14 11 21 12 15 11 713
 ... : 196 176 152 114 97 94 49 55 38 52 52 65 76 69 82 54 26 25 32 40 40 40 34 29 28 30 27 23 12 18 10 11 13 35 14 16 9 23 27 33 24 49 20 20 14 21 35 24 50 25 48 14 13 12 9 14 10 20 12 15 11 713
 ... : 196 176 152 113 97 94 49 55 38 52 52 65 78 70 82 56 29 27 31 39 40 41 34 29 30 32 27 23 12 18 10 11 13 35 14 16 9 23 27 33 24 49 20 20 14 21 35 24 50 25 48 14 13 12 9 14 10 20 12 15 11 715
 ... : 196 176 154 114 100 95 50 56 39 53 53 68 81 72 84 56 30 26 31 39 42 42 34 29 30 32 27 23 12 18 10 11 13 35 14 16 9 23 27 33 24 49 20 20 14 21 35 24 50 25 48 14 13 12 9 14 10 20 12 15 11 717
 ... : 196 176 154 116 101 96 50 56 39 52 52 66 81 74 92 64 35 30 31 39 42 42 34 29 30 32 27 23 12 18 10 11 13 35 14 16 9 23 27 33 24 49 20 20 14 21 35 24 50 25 48 14 13 12 9 14 10 20 12 15 11 717
 ... : 196 176 154 124 110 101 54 56 39 52 57 69 85 75 92 63 34 31 32 39 42 42 34 29 30 32 27 23 12 18 10 11 13 35 14 16 9 23 27 33 24 49 20 20 14 21 35 24 50 25 48 14 13 12 9 14 10 20 12 15 11 717
 ... : 196 176 154 127 118 106 57 58 39 52 54 68 81 74 93 68 39 38 37 39 42 42 34 29 30 32 27 23 12 18 10 11 13 35 14 16 9 23 27 33 24 49 20 20 14 21 35 24 50 25 48 14 13 12 9 14 10 20 12 15 11 717
 ... : 196 176 153 122 112 110 61 63 45 59 54 68 82 75 94 70 40 38 37 39 42 42 34 29 30 32 27 23 12 18 10 11 13 35 14 16 9 23 27 33 24 49 20 20 14 21 35 24 50 25 48 14 13 12 9 14 10 20 12 15 11 718
 ... : 196 177 156 122 109 110 59 61 41 53 53 68 82 77 94 73 45 41 37 39 42 42 34 29 30 32 27 23 12 18 10 11 13 35 14 16 9 23 27 33 24 49 20 20 14 21 35 24 50 25 48 14 13 12 9 14 10 20 12 15 11 718
 ... : 196 177 156 122 109 109 58 60 41 53 53 67 82 77 94 72 45 40 35 39 41 41 33 28 32 32 27 22 12 20 10 12 13 35 14 16 9 23 27 33 24 49 20 20 14 21 35 24 50 25 48 14 13 12 9 14 10 20 12 15 11 718
 ... : 196 177 156 122 109 109 58 60 41 53 53 67 82 77 94 72 45 40 33 39 36 38 32 28 32 32 27 21 11 19 11 12 12 36 13 16 9 23 27 34 23 47 18 20 13 21 36 25 51 26 50 16 14 13 9 14 10 20 12 15 11 718
 ... : 196 177 156 122 109 109 58 60 41 53 53 67 82 77 94 72 45 40 33 39 36 38 32 28 32 32 27 21 11 19 12 13 12 32 13 16 9 23 28 34 24 47 18 20 13 21 37 26 51 25 49 17 17 13 10 15 11 21 12 15 11 718
 ... : 196 179 159 118 106 103 54 56 39 52 53 64 82 75 91 65 37 35 34 39 36 38 32 28 32 32 27 21 11 19 12 13 12 32 13 16 9 23 28 34 24 47 18 20 13 21 36 25 51 25 49 17 17 13 10 15 11 21 12 15 11 718
 ... : 196 179 159 118 106 103 54 56 39 52 53 64 82 75 91 65 37 33 32 39 35 38 32 28 30 32 27 21 11 19 12 13 12 32 13 16 9 23 28 34 24 47 18 20 13 21 36 25 51 25 49 17 17 13 10 15 12 23 12 15 11 718
 ... : 196 179 159 118 106 103 54 57 41 54 57 68 83 78 93 68 38 35 34 41 36 40 33 30 31 34 27 21 11 19 12 13 12 32 13 16 9 23 28 34 24 47 18 20 13 21 36 25 51 25 49 17 17 13 10 16 12 21 12 14 12 722
 ... : 196 179 159 118 106 103 54 57 41 54 57 68 83 78 93 68 38 35 34 41 36 40 33 33 31 35 28 25 12 24 13 17 13 37 14 20 10 27 29 39 27 51 21 22 13 21 36 25 51 25 49 17 17 13 10 16 12 21 12 14 12 722
 ... : 196 179 161 121 107 103 54 57 41 54 57 68 83 78 93 68 38 35 34 41 36 40 33 33 31 35 28 25 12 24 13 17 13 37 14 20 10 27 29 39 27 51 21 22 13 21 36 25 51 25 49 17 17 13 10 17 15 22 12 14 12 719
 ... : 196 179 161 120 107 103 54 57 41 54 57 68 83 78 93 68 38 35 34 41 36 40 33 33 31 35 28 25 12 24 13 17 13 37 14 20 10 27 29 39 27 51 21 22 13 21 36 25 51 25 49 17 17 13 10 17 15 25 15 15 12 719
 ... : 196 179 162 119 107 103 54 57 41 54 57 68 83 78 93 68 38 35 34 41 36 40 33 33 31 35 28 25 12 24 13 17 13 37 14 20 10 27 29 39 27 51 20 22 13 21 36 25 51 25 49 17 17 13 10 17 15 25 15 17 12 715
 ... : 196 179 161 118 108 104 57 60 43 57 59 71 84 80 95 70 39 35 34 41 36 40 33 33 31 35 28 25 12 24 13 17 13 37 14 20 10 27 29 39 27 51 20 22 13 21 36 25 51 25 49 17 17 13 10 17 15 25 15 16 14 715
 ... : 196 179 161 118 108 104 57 60 43 57 59 71 84 80 95 71 39 37 35 44 38 44 34 38 32 39 29 29 13 28 14 20 14 40 15 25 12 29 30 40 28 52 21 24 15 22 36 25 51 25 49 17 17 13 10 17 15 25 15 16 14 715
 ... : 196 179 161 118 108 104 57 60 43 57 59 71 84 80 95 71 39 37 35 44 38 44 34 38 32 39 29 29 13 28 14 20 14 40 15 24 11 31 30 43 29 54 21 27 15 23 37 27 54 30 52 22 20 18 13 21 16 27 18 17 14 715
 ... : 196 179 161 118 108 105 57 60 43 57 59 71 84 80 95 71 39 37 35 44 38 44 34 38 32 39 29 29 13 28 14 20 14 40 15 24 11 31 30 43 29 54 21 27 15 23 37 27 54 30 52 22 21 21 16 24 20 29 19 18 15 719
  63 : 196 175 152 113 109 99 51 57 39 53 55 72 77 76 90 65 29 29 31 43 34 40 32 34 34 36 28 34 12 24 10 23 12 34 12 22 8 29 27 39 26 53 18 23 15 20 33 27 45 28 47 20 23 23 13 17 12 22 14 24 10 29 729
  64 : 196 175 152 113 109 99 51 57 39 53 55 72 77 76 90 65 29 29 31 43 34 40 32 34 34 36 28 34 12 24 10 23 12 34 12 22 8 29 27 39 26 53 18 23 15 20 33 27 45 28 47 20 23 23 13 17 12 22 14 23 10 21 23 718
 ... : 196 175 153 113 108 97 53 58 39 53 55 72 77 76 90 65 29 29 32 43 34 40 32 34 34 36 28 34 12 24 10 23 12 34 12 22 8 29 27 39 26 53 18 26 18 21 33 27 45 28 47 20 23 23 15 17 12 22 14 23 10 19 19 726
 ... : 196 175 154 115 116 99 54 61 42 54 55 72 77 76 90 65 29 29 32 43 34 40 32 34 34 36 28 35 13 24 10 23 12 34 12 22 8 29 27 39 26 53 18 26 18 21 33 27 45 28 47 20 23 23 14 20 13 23 16 23 10 19 19 726
 ... : 196 169 146 112 111 95 54 61 42 56 56 72 77 76 90 65 29 29 32 43 34 40 32 34 34 36 28 34 12 24 10 23 12 34 12 22 8 29 27 39 26 53 18 26 18 21 33 27 45 28 47 20 23 23 14 19 14 23 17 23 10 19 20 726
 ... : 196 169 146 112 111 96 54 61 44 56 59 73 77 76 90 65 29 29 31 44 34 40 32 34 34 36 28 34 12 24 10 23 12 35 13 22 8 29 27 39 26 53 18 27 18 22 33 27 45 28 47 20 23 23 14 18 14 23 17 24 11 19 19 725
 ... : 196 169 146 112 112 97 54 61 44 56 58 74 77 76 90 65 29 29 31 44 34 40 32 34 34 36 28 34 12 24 10 23 12 34 12 22 8 29 27 39 26 53 18 27 18 22 33 27 45 28 47 20 23 23 14 18 14 23 20 24 12 19 19 724
 ... : 196 169 146 112 112 100 60 68 47 68 60 74 79 76 90 65 29 29 31 44 35 40 32 34 34 36 28 34 12 24 10 23 12 35 12 22 8 29 27 39 26 53 18 27 18 24 34 29 45 28 47 20 23 23 14 18 13 23 19 27 13 19 19 724
 ... : 196 169 146 112 112 100 61 68 47 68 61 74 79 76 90 65 29 29 32 45 34 40 32 34 34 36 28 34 12 24 10 23 12 35 12 22 8 29 27 39 26 53 18 27 18 24 34 29 46 28 47 20 23 24 15 18 13 23 19 28 14 19 19 724
 ... : 196 169 146 112 113 100 62 69 47 67 62 74 79 76 90 65 29 29 32 45 35 41 33 35 35 37 29 36 13 25 10 23 12 35 12 22 8 29 27 39 26 53 18 27 18 24 34 29 45 29 47 20 23 25 16 18 13 23 19 28 14 19 19 724
 ... : 196 169 146 112 113 100 62 68 45 58 59 73 78 77 90 65 29 29 32 45 35 41 33 35 35 37 29 36 13 25 10 23 12 35 12 22 8 29 27 39 26 53 18 27 18 24 35 30 46 28 48 20 23 23 14 18 13 23 18 23 12 21 23 724
 ... : 196 169 146 111 113 100 63 69 48 60 59 74 78 77 91 65 29 29 32 46 35 40 34 36 35 37 29 36 13 25 10 23 13 36 12 22 8 29 27 39 26 53 18 27 18 24 35 32 47 32 48 25 26 27 14 18 13 23 18 23 12 21 23 725
 ... : 196 169 147 111 116 101 64 71 48 60 59 73 79 76 91 67 30 29 32 47 36 40 34 36 35 37 29 36 13 25 10 23 12 35 12 22 8 29 27 39 26 53 18 27 18 24 35 32 47 32 48 25 27 27 14 18 13 23 19 24 12 21 23 725
 ... : 196 169 146 110 116 101 64 71 48 60 59 73 79 76 91 67 31 29 32 46 35 40 34 36 35 37 29 36 13 25 10 23 12 35 12 22 8 29 27 39 26 53 18 27 18 24 35 32 47 32 48 25 26 27 15 19 13 23 18 23 12 21 23 720
tdecomp: completing cex trace with 2 initial steps
seqsimpl: completing cex trace with simulation
num_solve_calls = 597441
num_solve_sat_calls = 258359
num_solve_unsat_calls = 10609
num_solve_approx_calls = 431573
num_solve_approx_unsat_calls = 192503
num_solve_conflicts = 209393
num_solve_decisions = 47499555
num_solve_propagations = 949482430
avg_solve_conflicts = 1
avg_solve_decisions = 80
avg_solve_propagations = 1590
avg_solve_unsat_decisions = 1.344
stddev_solve_unsat_decisions = 31.204
num_added_cubes = 53090
num_subsumed_cubes = 49539
num_gc_frame = 637
num_reset = 75
num_try_blocking = 282197
get_bad_cube_time = 19.284
rec_block_cube_time = 131.904
propagate_forward_time = 47.049
generalize_model_time = 26.515
generalize_and_push_time = 48.532
try_blocking_time = 150.060
reset_time = 4.704
clausify_time = 3.026
preprocess_time = 3.118
solve_time = 175.343
solve_sat_time = 139.516
solve_unsat_time = 35.828
prove_time = 200.041
memory_used_mb = 26
total_time = 200.356
Unsafe
