initialized model with 87 latches, 82 inputs and 1 properties
tsim: performed 5 steps
tsim: found cycle from 2
tsim: found 0 constants and 1 latch equivalences
seqsimpl: (87, 82) -> (47, 82)
checking bound 0
checking bound 1
checking bound 2
tdecomp: unrolling 2 cycles
tsim: performed 3 steps
tsim: found cycle from 0
tsim: found 2 constants and 0 latch equivalences
tdecomp: (47, 328) -> (45, 175)
   2 : 12 1
   3 : 9 5 20
   4 : 9 4 4 24
   5 : 9 4 1 0 31
completing final invariant with sub-IC3 call...
num_solve_calls = 1878
num_solve_sat_calls = 659
num_solve_unsat_calls = 52
num_solve_approx_calls = 1322
num_solve_approx_unsat_calls = 841
num_solve_conflicts = 519
num_solve_decisions = 25279
num_solve_propagations = 863848
avg_solve_conflicts = 1
avg_solve_decisions = 14
avg_solve_propagations = 460
avg_solve_unsat_decisions = 0.000
stddev_solve_unsat_decisions = 0.000
num_added_cubes = 134
num_subsumed_cubes = 89
num_gc_frame = 17
num_reset = 0
num_try_blocking = 369
get_bad_cube_time = 0.036
rec_block_cube_time = 0.083
propagate_forward_time = 0.009
generalize_model_time = 0.021
generalize_and_push_time = 0.033
try_blocking_time = 0.068
reset_time = 0.000
clausify_time = 0.035
preprocess_time = 0.004
solve_time = 0.113
solve_sat_time = 0.079
solve_unsat_time = 0.034
prove_time = 0.173
memory_used_mb = 8
total_time = 0.224
Safe
