initialized model with 492 latches, 486 inputs and 1 properties
tsim: performed 6 steps
tsim: found cycle from 3
checking bound 0
checking bound 1
checking bound 2
tdecomp: unrolling 2 cycles
tsim: performed 4 steps
tsim: found cycle from 1
tsim: found 2 constants and 0 latch equivalences
tdecomp: (492, 1944) -> (347, 1088)
   2 : 2 0
   3 : 2 2 1
   4 : 2 2 2 1
   5 : 2 2 2 1 1
   6 : 2 2 2 1 1 1
   7 : 2 2 2 1 1 1 1
   8 : 2 2 2 1 1 1 1 1
   9 : 2 2 2 1 1 1 1 1 1
  10 : 2 2 2 1 1 1 1 1 1 1
  11 : 2 2 2 1 1 1 1 1 1 1 1
  12 : 2 2 2 1 1 1 1 1 1 1 1 1
  13 : 2 2 2 1 1 1 1 1 1 1 1 1 1
  14 : 2 2 2 1 1 1 1 1 1 1 1 1 1 1
  15 : 2 2 2 1 1 1 1 1 1 1 1 1 1 1 1
  16 : 2 2 2 1 1 1 1 1 1 1 1 1 1 1 1 1
  17 : 2 2 2 1 1 1 1 1 1 1 1 1 1 1 1 1 1
  18 : 2 2 2 1 1 1 1 1 1 1 1 1 1 1 1 1 1 1
  19 : 2 2 2 1 1 1 1 1 1 1 1 1 1 1 1 1 1 1 1
  20 : 2 2 2 1 1 1 1 1 1 1 1 1 1 1 1 1 1 1 1 1
  21 : 2 2 2 1 1 1 1 1 1 1 1 1 1 1 1 1 1 1 1 1 1
  22 : 2 2 2 1 1 1 1 1 1 1 1 1 1 1 1 1 1 1 1 1 1 1
  23 : 2 2 2 1 1 1 1 1 1 1 1 1 1 1 1 1 1 1 1 1 1 1 1
  24 : 2 2 2 1 1 1 1 1 1 1 1 1 1 1 1 1 1 1 1 1 1 1 1 1
  25 : 2 2 2 1 1 1 1 1 1 1 1 1 1 1 1 1 1 1 1 1 1 1 1 1 1
  26 : 2 2 2 1 1 1 1 1 1 1 1 1 1 1 1 1 1 1 1 1 1 1 1 1 1 1
  27 : 2 2 2 1 1 1 1 1 1 1 1 1 1 1 1 1 1 1 1 1 1 1 1 1 1 1 1
  28 : 2 2 2 1 1 1 1 1 1 1 1 1 1 1 1 1 1 1 1 1 1 1 1 1 1 1 1 1
  29 : 2 2 2 1 1 1 1 1 1 1 1 1 1 1 1 1 1 1 1 1 1 1 1 1 1 1 1 1 1
 ... : 2 2 2 1 1 1 1 1 1 1 1 1 1 1 1 1 1 1 1 1 1 1 1 1 1 1 1 1 105
 ... : 2 2 2 1 1 1 1 1 1 1 1 1 1 1 1 1 1 1 1 1 1 1 1 1 1 1 1 1 187
  30 : 2 2 2 1 1 1 1 1 1 1 1 1 1 1 1 1 1 1 1 1 1 1 1 1 1 1 1 1 1 190
  31 : 2 2 2 1 1 1 1 1 1 1 1 1 1 1 1 1 1 1 1 1 1 1 1 1 1 1 1 1 1 9 181
  32 : 2 2 2 1 1 1 1 1 1 1 1 1 1 1 1 1 1 1 1 1 1 1 1 1 1 1 1 1 1 9 6 175
  33 : 2 2 2 1 1 1 1 1 1 1 1 1 1 1 1 1 1 1 1 1 1 1 1 1 1 1 1 1 1 9 6 8 167
  34 : 2 2 2 1 1 1 1 1 1 1 1 1 1 1 1 1 1 1 1 1 1 1 1 1 1 1 1 1 1 9 6 8 8 186
  35 : 2 2 2 1 1 1 1 1 1 1 1 1 1 1 1 1 1 1 1 1 1 1 1 1 1 1 1 1 1 9 6 8 8 21 167
  36 : 2 2 2 1 1 1 1 1 1 1 1 1 1 1 1 1 1 1 1 1 1 1 1 1 1 1 1 1 1 9 6 8 8 16 76 131
  37 : 2 2 2 1 1 1 1 1 1 1 1 1 1 1 1 1 1 1 1 1 1 1 1 1 1 1 1 1 1 9 6 8 8 16 77 86 154
 ... : 2 2 2 1 1 1 1 1 1 1 1 1 1 1 1 1 1 1 1 1 1 1 1 1 1 1 1 1 1 9 6 8 8 16 78 101 280
  38 : 2 2 2 1 1 1 1 1 1 1 1 1 1 1 1 1 1 1 1 1 1 1 1 1 1 1 1 1 1 9 6 8 8 11 75 82 120 203
 ... : 2 2 2 1 1 1 1 1 1 1 1 1 1 1 1 1 1 1 1 1 1 1 1 1 1 1 1 1 1 9 6 8 8 11 75 82 122 322
 ... : 2 2 2 1 1 1 1 1 1 1 1 1 1 1 1 1 1 1 1 1 1 1 1 1 1 1 1 1 1 9 6 8 8 11 75 82 129 410
  39 : 2 2 2 1 1 1 1 1 1 1 1 1 1 1 1 1 1 1 1 1 1 1 1 1 1 1 1 1 1 9 6 8 8 11 75 82 118 106 318
  40 : 2 2 2 1 1 1 1 1 1 1 1 1 1 1 1 1 1 1 1 1 1 1 1 1 1 1 1 1 1 9 6 8 8 11 75 82 118 110 97 266
 ... : 2 2 2 1 1 1 1 1 1 1 1 1 1 1 1 1 1 1 1 1 1 1 1 1 1 1 1 1 1 9 6 8 8 11 75 82 118 110 105 377
 ... : 2 2 2 1 1 1 1 1 1 1 1 1 1 1 1 1 1 1 1 1 1 1 1 1 1 1 1 1 1 9 6 8 8 11 75 82 118 110 115 484
 ... : 2 2 2 1 1 1 1 1 1 1 1 1 1 1 1 1 1 1 1 1 1 1 1 1 1 1 1 1 1 9 6 8 8 11 75 82 118 117 136 576
  41 : 2 2 2 1 1 1 1 1 1 1 1 1 1 1 1 1 1 1 1 1 1 1 1 1 1 1 1 1 1 9 6 8 8 11 75 82 112 112 133 141 438
 ... : 2 2 2 1 1 1 1 1 1 1 1 1 1 1 1 1 1 1 1 1 1 1 1 1 1 1 1 1 1 9 6 8 8 11 75 82 112 112 132 149 572
  42 : 2 2 2 1 1 1 1 1 1 1 1 1 1 1 1 1 1 1 1 1 1 1 1 1 1 1 1 1 1 9 6 8 8 11 75 79 111 110 133 139 167 481
 ... : 2 2 2 1 1 1 1 1 1 1 1 1 1 1 1 1 1 1 1 1 1 1 1 1 1 1 1 1 1 9 6 8 8 11 75 79 111 110 133 139 170 613
  43 : 2 2 2 1 1 1 1 1 1 1 1 1 1 1 1 1 1 1 1 1 1 1 1 1 1 1 1 1 1 9 6 8 8 11 75 79 110 110 131 138 162 144 529
 ... : 2 2 2 1 1 1 1 1 1 1 1 1 1 1 1 1 1 1 1 1 1 1 1 1 1 1 1 1 1 9 6 8 8 11 75 79 110 110 131 138 162 156 626
  44 : 2 2 2 1 1 1 1 1 1 1 1 1 1 1 1 1 1 1 1 1 1 1 1 1 1 1 1 1 1 9 6 8 8 11 75 79 110 110 131 138 161 149 61 575
  45 : 2 2 2 1 1 1 1 1 1 1 1 1 1 1 1 1 1 1 1 1 1 1 1 1 1 1 1 1 1 9 6 8 8 11 75 79 110 106 126 136 159 141 50 41 635
  46 : 2 2 2 1 1 1 1 1 1 1 1 1 1 1 1 1 1 1 1 1 1 1 1 1 1 1 1 1 1 9 6 8 8 11 75 79 110 106 126 133 145 131 55 30 39 700
  47 : 2 2 2 1 1 1 1 1 1 1 1 1 1 1 1 1 1 1 1 1 1 1 1 1 1 1 1 1 1 9 6 8 8 11 75 79 110 106 126 130 138 128 54 30 26 17 710
  48 : 2 2 2 1 1 1 1 1 1 1 1 1 1 1 1 1 1 1 1 1 1 1 1 1 1 1 1 1 1 9 6 8 8 11 75 79 110 106 126 130 138 128 54 30 26 9 4 729
  49 : 2 2 2 1 1 1 1 1 1 1 1 1 1 1 1 1 1 1 1 1 1 1 1 1 1 1 1 1 1 9 6 8 8 11 75 79 110 106 126 130 138 128 54 30 26 9 4 10 719
  50 : 2 2 2 1 1 1 1 1 1 1 1 1 1 1 1 1 1 1 1 1 1 1 1 1 1 1 1 1 1 9 6 8 8 11 75 79 110 106 126 130 138 128 54 30 26 9 4 1 1 739
  51 : 2 2 2 1 1 1 1 1 1 1 1 1 1 1 1 1 1 1 1 1 1 1 1 1 1 1 1 1 1 9 6 8 8 11 75 79 110 106 126 130 138 128 54 30 26 9 4 1 1 11 728
  52 : 2 2 2 1 1 1 1 1 1 1 1 1 1 1 1 1 1 1 1 1 1 1 1 1 1 1 1 1 1 9 6 8 8 11 75 79 110 106 126 130 138 128 54 30 24 9 4 1 1 2 1 753
  53 : 2 2 2 1 1 1 1 1 1 1 1 1 1 1 1 1 1 1 1 1 1 1 1 1 1 1 1 1 1 9 6 8 8 11 75 79 110 106 126 130 138 128 54 30 24 9 4 1 1 2 1 11 742
  54 : 2 2 2 1 1 1 1 1 1 1 1 1 1 1 1 1 1 1 1 1 1 1 1 1 1 1 1 1 1 9 6 8 8 11 75 79 110 105 127 129 126 132 54 33 19 18 4 1 1 2 1 3 5 799
  55 : 2 2 2 1 1 1 1 1 1 1 1 1 1 1 1 1 1 1 1 1 1 1 1 1 1 1 1 1 1 9 6 8 8 11 75 79 110 105 127 129 126 132 54 33 19 18 4 1 1 2 1 3 5 14 785
  56 : 2 2 2 1 1 1 1 1 1 1 1 1 1 1 1 1 1 1 1 1 1 1 1 1 1 1 1 1 1 9 6 8 8 11 75 79 110 105 127 129 126 132 54 33 19 18 4 1 1 2 1 3 5 5 2 795
  57 : 2 2 2 1 1 1 1 1 1 1 1 1 1 1 1 1 1 1 1 1 1 1 1 1 1 1 1 1 1 9 6 8 8 11 75 79 110 105 127 129 126 132 54 33 19 18 4 1 1 2 1 3 5 5 2 12 783
  58 : 2 2 2 1 1 1 1 1 1 1 1 1 1 1 1 1 1 1 1 1 1 1 1 1 1 1 1 1 1 9 6 8 8 11 75 79 110 105 127 129 126 132 54 33 19 18 4 1 1 2 1 3 5 5 2 3 2 794
  59 : 2 2 2 1 1 1 1 1 1 1 1 1 1 1 1 1 1 1 1 1 1 1 1 1 1 1 1 1 1 9 6 8 8 11 75 79 110 105 127 129 126 132 54 33 19 18 4 1 1 2 1 3 5 5 2 3 1 11 784
  60 : 2 2 2 1 1 1 1 1 1 1 1 1 1 1 1 1 1 1 1 1 1 1 1 1 1 1 1 1 1 9 6 8 8 11 75 79 110 105 127 129 126 132 54 31 18 17 3 0 1 1 1 1 5 4 2 2 1 10 791 1
completing final invariant with sub-IC3 call...
