initialized model with 9010 latches, 8992 inputs and 1 properties
tsim: performed 12 steps
tsim: found cycle from 9
tsim: found 1 constants and 0 latch equivalences
seqsimpl: (9010, 8992) -> (4888, 8992)
checking bound 0
checking bound 1
checking bound 2
tdecomp: unrolling 2 cycles
tsim: performed 10 steps
tsim: found cycle from 7
tsim: found 2 constants and 0 latch equivalences
tdecomp: (4888, 35968) -> (4886, 18386)
   2 : 7 12
   3 : 7 3 27
   4 : 7 3 2 32
   5 : 7 3 2 2 32
   6 : 7 3 2 2 2 32
   7 : 7 3 2 2 2 2 32
   8 : 7 3 2 2 2 2 2 40
   9 : 7 3 2 2 2 2 2 2 40
  10 : 7 3 2 2 2 2 2 2 2 40
  11 : 7 3 2 2 2 2 2 2 2 2 40
  12 : 7 3 2 2 2 2 2 2 2 2 2 40
  13 : 7 3 2 2 2 2 2 2 2 2 2 2 40
  14 : 7 3 2 2 2 2 2 2 2 2 2 2 2 40
  15 : 7 3 2 2 2 2 2 2 2 2 2 2 2 2 40
  16 : 7 3 2 2 2 2 2 2 2 2 2 2 2 2 2 40
  17 : 7 3 2 2 2 2 2 2 2 2 2 2 2 2 2 2 40
  18 : 7 3 2 2 2 2 2 2 2 2 2 2 2 2 2 2 2 40
  19 : 7 3 2 2 2 2 2 2 2 2 2 2 2 2 2 2 2 2 40
  20 : 7 3 2 2 2 2 2 2 2 2 2 2 2 2 2 2 2 2 2 40
  21 : 7 3 2 2 2 2 2 2 2 2 2 2 2 2 2 2 2 2 2 2 40
  22 : 7 3 2 2 2 2 2 2 2 2 2 2 2 2 2 2 2 2 2 2 2 40
  23 : 7 3 2 2 2 2 2 2 2 2 2 2 2 2 2 2 2 2 2 2 2 2 40
  24 : 7 3 2 2 2 2 2 2 2 2 2 2 2 2 2 2 2 2 2 2 2 2 2 40
  25 : 7 3 2 2 2 2 2 2 2 2 2 2 2 2 2 2 2 2 2 2 2 2 2 2 40
  26 : 7 3 2 2 2 2 2 2 2 2 2 2 2 2 2 2 2 2 2 2 2 2 2 2 2 40
  27 : 7 3 2 2 2 2 2 2 2 2 2 2 2 2 2 2 2 2 2 2 2 2 2 2 2 2 40
  28 : 7 3 2 2 2 2 2 2 2 2 2 2 2 2 2 2 2 2 2 2 2 2 2 2 2 2 2 40
  29 : 7 3 2 2 2 2 2 2 2 2 2 2 2 2 2 2 2 2 2 2 2 2 2 2 2 2 2 2 40
 ... : 7 3 2 2 2 2 2 2 2 2 2 2 2 2 2 2 2 2 2 2 2 2 2 2 2 2 2 2 142
 ... : 6 3 2 2 2 2 2 2 2 2 2 2 2 2 2 2 2 2 2 2 2 2 2 2 2 2 2 3 245
 ... : 6 3 2 2 2 2 2 2 2 2 2 2 2 2 2 2 2 2 2 2 2 2 2 2 2 2 2 4 356
 ... : 6 3 2 2 2 2 2 2 2 2 2 2 2 2 2 2 2 2 2 2 2 2 2 2 2 2 2 3 424
 ... : 6 3 2 2 2 2 2 2 2 2 2 2 2 2 2 2 2 2 2 2 2 2 2 2 2 2 2 17 479
 ... : 6 3 2 2 2 2 2 2 2 2 2 2 2 2 2 2 2 2 2 2 2 2 2 2 2 2 2 23 542
 ... : 6 3 2 2 2 2 2 2 2 2 2 2 2 2 2 2 2 2 2 2 2 2 2 2 2 2 2 29 604
 ... : 6 3 2 2 2 2 2 2 2 2 2 2 2 2 2 2 2 2 2 2 2 2 2 2 2 2 2 32 670
