initialized model with 5399 latches, 5400 inputs and 1 properties
tsim: performed 5 steps
tsim: found cycle from 2
checking bound 0
checking bound 1
checking bound 2
tdecomp: unrolling 2 cycles
tsim: performed 4 steps
tsim: found cycle from 1
tsim: found 2 constants and 0 latch equivalences
tdecomp: (5399, 21600) -> (2922, 11144)
   2 : 3 6
   3 : 3 3 8
   4 : 3 3 3 9
   5 : 3 3 3 3 11
   6 : 3 3 3 3 3 25
   7 : 3 3 3 3 3 3 28
   8 : 3 3 3 3 3 3 3 28
   9 : 3 3 3 3 3 3 3 3 28
  10 : 3 3 3 3 3 3 3 3 3 28
  11 : 3 3 3 3 3 3 3 3 3 3 28
  12 : 3 3 3 3 3 3 3 3 3 3 3 28
  13 : 3 3 3 3 3 3 3 3 3 3 3 3 28
  14 : 3 3 3 3 3 3 3 3 3 3 3 3 3 28
  15 : 3 3 3 3 3 3 3 3 3 3 3 3 3 3 28
  16 : 3 3 3 3 3 3 3 3 3 3 3 3 3 3 3 28
  17 : 3 3 3 3 3 3 3 3 3 3 3 3 3 3 3 3 28
  18 : 3 3 3 3 3 3 3 3 3 3 3 3 3 3 3 3 3 28
  19 : 3 3 3 3 3 3 3 3 3 3 3 3 3 3 3 3 3 3 28
  20 : 3 3 3 3 3 3 3 3 3 3 3 3 3 3 3 3 3 3 3 28
  21 : 3 3 3 3 3 3 3 3 3 3 3 3 3 3 3 3 3 3 3 3 28
  22 : 3 3 3 3 3 3 3 3 3 3 3 3 3 3 3 3 3 3 3 3 3 28
  23 : 3 3 3 3 3 3 3 3 3 3 3 3 3 3 3 3 3 3 3 3 3 3 28
  24 : 3 3 3 3 3 3 3 3 3 3 3 3 3 3 3 3 3 3 3 3 3 3 3 28
  25 : 3 3 3 3 3 3 3 3 3 3 3 3 3 3 3 3 3 3 3 3 3 3 3 3 28
  26 : 3 3 3 3 3 3 3 3 3 3 3 3 3 3 3 3 3 3 3 3 3 3 3 3 3 28
  27 : 3 3 3 3 3 3 3 3 3 3 3 3 3 3 3 3 3 3 3 3 3 3 3 3 3 3 28
  28 : 3 3 3 3 3 3 3 3 3 3 3 3 3 3 3 3 3 3 3 3 3 3 3 3 3 3 3 28
  29 : 3 3 3 3 3 3 3 3 3 3 3 3 3 3 3 3 3 3 3 3 3 3 3 3 3 3 3 3 28
 ... : 3 3 3 3 3 3 3 3 3 3 3 3 3 3 3 3 3 3 3 3 3 3 3 3 3 3 3 3 123
 ... : 3 3 3 3 3 3 3 3 3 3 3 3 3 3 3 3 3 3 3 3 3 3 3 3 3 3 3 4 226
 ... : 3 3 3 3 3 3 3 3 3 3 3 3 3 3 3 3 3 3 3 3 3 3 3 3 3 3 4 5 313
 ... : 3 3 3 3 3 3 3 3 3 3 3 3 3 3 3 3 3 3 3 3 3 3 3 3 3 3 4 6 409
 ... : 3 3 2 2 2 2 2 2 2 2 2 2 2 2 2 2 2 2 2 2 2 2 2 2 2 2 2 8 476
 ... : 3 3 2 2 2 2 2 2 2 2 2 2 2 2 2 2 2 2 2 2 2 2 2 2 2 2 2 15 556
 ... : 3 3 2 2 2 2 2 2 2 2 2 2 2 2 2 2 2 2 2 2 2 2 2 2 2 2 2 38 601
 ... : 3 3 2 2 2 2 2 2 2 2 2 2 2 2 2 2 2 2 2 2 2 2 2 2 2 2 2 72 637
 ... : 5 4 2 2 2 2 2 2 2 2 2 2 2 2 2 2 2 2 2 2 2 2 2 2 2 2 3 83 650
 ... : 6 4 4 3 3 3 3 3 2 2 2 2 2 2 2 2 2 2 2 2 2 2 2 2 2 2 3 104 702
 ... : 6 4 4 3 3 3 3 3 2 2 2 2 2 2 2 2 2 2 2 2 2 2 2 2 2 2 3 104 810
 ... : 6 4 4 3 3 3 3 3 2 2 2 2 2 2 2 2 2 2 2 2 2 2 2 2 2 2 3 104 860
 ... : 6 4 4 3 3 3 3 3 2 2 2 2 2 2 2 2 2 2 2 2 2 2 2 2 2 2 3 104 931
 ... : 6 4 4 3 3 3 3 3 2 2 2 2 2 2 2 2 2 2 2 2 2 2 2 2 2 2 3 104 963
 ... : 6 4 4 3 3 3 3 3 2 2 2 2 2 2 2 2 2 2 2 2 2 2 2 2 2 2 3 104 1053
 ... : 6 4 4 3 3 3 3 3 2 2 2 2 2 2 2 2 2 2 2 2 2 2 2 2 2 2 3 104 1132
  30 : 4 2 3 2 2 2 2 2 1 1 1 1 1 1 1 1 1 1 1 1 1 1 1 1 1 1 1 2 76 1230
  31 : 4 2 3 2 2 2 2 2 1 1 1 1 1 1 1 1 1 1 1 1 1 1 1 1 1 1 1 1 53 31 1223
  32 : 4 2 3 2 2 2 2 2 1 1 1 1 1 1 1 1 1 1 1 1 1 1 1 1 1 1 1 1 52 31 6 1218
  33 : 4 2 3 2 2 2 2 2 1 1 1 1 1 1 1 1 1 1 1 1 1 1 1 1 1 1 1 1 52 31 5 5 1214
  34 : 4 2 3 2 2 2 2 2 1 1 1 1 1 1 1 1 1 1 1 1 1 1 1 1 1 1 1 1 52 31 5 4 3 1212
  35 : 4 2 3 2 2 2 2 2 1 1 1 1 1 1 1 1 1 1 1 1 1 1 1 1 1 1 1 1 52 31 5 4 3 2 1210
  36 : 4 2 3 2 2 2 2 2 1 1 1 1 1 1 1 1 1 1 1 1 1 1 1 1 1 1 1 1 52 31 5 4 3 2 70 1140
 ... : 4 2 3 2 2 2 2 2 1 1 1 1 1 1 1 1 1 1 1 1 1 1 1 1 1 1 1 1 52 31 5 4 3 2 70 1238
 ... : 4 2 3 2 2 2 2 2 1 1 1 1 1 1 1 1 1 1 1 1 1 1 1 1 1 1 1 1 52 31 5 4 3 2 70 1331
  37 : 4 2 3 2 2 2 2 2 1 1 1 1 1 1 1 1 1 1 1 1 1 1 1 1 1 1 1 1 34 26 5 4 3 2 78 68 1356
  38 : 4 2 3 2 2 2 2 2 1 1 1 1 1 1 1 1 1 1 1 1 1 1 1 1 1 1 1 1 31 26 5 4 3 2 78 48 160 1219
 ... : 4 2 3 2 2 2 2 2 1 1 1 1 1 1 1 1 1 1 1 1 1 1 1 1 1 1 1 1 31 26 5 4 3 2 78 48 160 1419
 ... : 4 2 3 2 2 2 2 2 1 1 1 1 1 1 1 1 1 1 1 1 1 1 1 1 1 1 1 1 31 26 5 4 3 2 78 48 160 1539
 ... : 4 2 3 2 2 2 2 2 1 1 1 1 1 1 1 1 1 1 1 1 1 1 1 1 1 1 1 1 31 26 5 4 3 2 78 48 160 1669
 ... : 4 2 3 2 2 2 2 2 1 1 1 1 1 1 1 1 1 1 1 1 1 1 1 1 1 1 1 1 31 26 5 4 3 2 78 48 160 1740
  39 : 4 2 3 2 2 2 2 2 1 1 1 1 1 1 1 1 1 1 1 1 1 1 1 1 1 1 1 1 30 26 5 4 3 2 78 46 157 120 1620
  40 : 4 2 3 2 2 2 2 2 1 1 1 1 1 1 1 1 1 1 1 1 1 1 1 1 1 1 1 1 30 21 5 4 3 2 78 45 157 102 65 1579
 ... : 4 2 3 2 2 2 2 2 1 1 1 1 1 1 1 1 1 1 1 1 1 1 1 1 1 1 1 1 30 21 5 4 3 2 78 45 157 102 65 1721
 ... : 4 2 3 2 2 2 2 2 1 1 1 1 1 1 1 1 1 1 1 1 1 1 1 1 1 1 1 1 30 21 5 4 3 2 78 45 157 102 70 1811
 ... : 4 2 3 2 2 2 2 2 1 1 1 1 1 1 1 1 1 1 1 1 1 1 1 1 1 1 1 1 30 21 5 4 3 2 78 45 157 103 76 1891
 ... : 4 2 3 2 2 2 2 2 1 1 1 1 1 1 1 1 1 1 1 1 1 1 1 1 1 1 1 1 30 21 5 4 3 2 78 45 157 103 79 1995
 ... : 4 2 3 2 2 2 2 2 1 1 1 1 1 1 1 1 1 1 1 1 1 1 1 1 1 1 1 1 30 21 5 4 3 2 78 45 157 103 81 2078
 ... : 4 2 3 2 2 2 2 2 1 1 1 1 1 1 1 1 1 1 1 1 1 1 1 1 1 1 1 1 30 21 5 4 3 2 78 45 157 103 82 2160
 ... : 4 2 3 2 2 2 2 2 1 1 1 1 1 1 1 1 1 1 1 1 1 1 1 1 1 1 1 1 30 21 5 4 3 2 78 45 157 103 101 2214
 ... : 4 2 3 2 2 2 2 2 1 1 1 1 1 1 1 1 1 1 1 1 1 1 1 1 1 1 1 1 30 21 5 4 3 2 78 45 157 103 116 2275
