initialized model with 9005 latches, 8994 inputs and 1 properties
tsim: performed 6 steps
tsim: found cycle from 3
checking bound 0
checking bound 1
checking bound 2
tdecomp: unrolling 2 cycles
tsim: performed 4 steps
tsim: found cycle from 1
tsim: found 2 constants and 0 latch equivalences
tdecomp: (9005, 35976) -> (4882, 18392)
   2 : 5 14
   3 : 5 1 21
   4 : 5 1 1 24
   5 : 5 1 1 1 24
   6 : 5 1 1 1 1 24
   7 : 5 1 1 1 1 1 24
   8 : 5 1 1 1 1 1 1 24
   9 : 5 1 1 1 1 1 1 1 24
  10 : 5 1 1 1 1 1 1 1 1 24
  11 : 5 1 1 1 1 1 1 1 1 1 24
  12 : 5 1 1 1 1 1 1 1 1 1 1 24
  13 : 5 1 1 1 1 1 1 1 1 1 1 1 24
  14 : 5 1 1 1 1 1 1 1 1 1 1 1 1 24
  15 : 5 1 1 1 1 1 1 1 1 1 1 1 1 1 24
  16 : 5 1 1 1 1 1 1 1 1 1 1 1 1 1 1 24
  17 : 5 1 1 1 1 1 1 1 1 1 1 1 1 1 1 1 24
  18 : 5 1 1 1 1 1 1 1 1 1 1 1 1 1 1 1 1 24
  19 : 5 1 1 1 1 1 1 1 1 1 1 1 1 1 1 1 1 1 24
  20 : 5 1 1 1 1 1 1 1 1 1 1 1 1 1 1 1 1 1 1 24
  21 : 5 1 1 1 1 1 1 1 1 1 1 1 1 1 1 1 1 1 1 1 24
  22 : 5 1 1 1 1 1 1 1 1 1 1 1 1 1 1 1 1 1 1 1 1 24
  23 : 5 1 1 1 1 1 1 1 1 1 1 1 1 1 1 1 1 1 1 1 1 1 24
  24 : 5 1 1 1 1 1 1 1 1 1 1 1 1 1 1 1 1 1 1 1 1 1 1 24
  25 : 5 1 1 1 1 1 1 1 1 1 1 1 1 1 1 1 1 1 1 1 1 1 1 1 24
  26 : 5 1 1 1 1 1 1 1 1 1 1 1 1 1 1 1 1 1 1 1 1 1 1 1 1 24
  27 : 5 1 1 1 1 1 1 1 1 1 1 1 1 1 1 1 1 1 1 1 1 1 1 1 1 1 24
  28 : 5 1 1 1 1 1 1 1 1 1 1 1 1 1 1 1 1 1 1 1 1 1 1 1 1 1 1 24
  29 : 5 1 1 1 1 1 1 1 1 1 1 1 1 1 1 1 1 1 1 1 1 1 1 1 1 1 1 1 24
 ... : 5 1 1 1 1 1 1 1 1 1 1 1 1 1 1 1 1 1 1 1 1 1 1 1 1 1 1 1 150
 ... : 5 1 1 1 1 1 1 1 1 1 1 1 1 1 1 1 1 1 1 1 1 1 1 1 1 1 1 1 231
 ... : 5 1 1 1 1 1 1 1 1 1 1 1 1 1 1 1 1 1 1 1 1 1 1 1 1 1 1 1 338
 ... : 5 1 1 1 1 1 1 1 1 1 1 1 1 1 1 1 1 1 1 1 1 1 1 1 1 1 1 1 408
 ... : 5 1 1 1 1 1 1 1 1 1 1 1 1 1 1 1 1 1 1 1 1 1 1 1 1 1 1 1 481
 ... : 5 1 1 1 1 1 1 1 1 1 1 1 1 1 1 1 1 1 1 1 1 1 1 1 1 1 1 3 583
  30 : 5 1 1 1 1 1 1 1 1 1 1 1 1 1 1 1 1 1 1 1 1 1 1 1 1 1 1 1 10 571
  31 : 5 1 1 1 1 1 1 1 1 1 1 1 1 1 1 1 1 1 1 1 1 1 1 1 1 1 1 1 9 14 558
  32 : 5 1 1 1 1 1 1 1 1 1 1 1 1 1 1 1 1 1 1 1 1 1 1 1 1 1 1 1 9 14 4 554
  33 : 5 1 1 1 1 1 1 1 1 1 1 1 1 1 1 1 1 1 1 1 1 1 1 1 1 1 1 1 9 14 4 2 552
  34 : 5 1 1 1 1 1 1 1 1 1 1 1 1 1 1 1 1 1 1 1 1 1 1 1 1 1 1 1 9 14 4 2 2 550
 ... : 5 1 1 1 1 1 1 1 1 1 1 1 1 1 1 1 1 1 1 1 1 1 1 1 1 1 1 1 9 14 4 2 2 719
  35 : 5 1 1 1 1 1 1 1 1 1 1 1 1 1 1 1 1 1 1 1 1 1 1 1 1 1 1 1 9 14 4 2 2 13 759
  36 : 5 1 1 1 1 1 1 1 1 1 1 1 1 1 1 1 1 1 1 1 1 1 1 1 1 1 1 1 9 14 4 2 2 3 73 696
 ... : 5 1 1 1 1 1 1 1 1 1 1 1 1 1 1 1 1 1 1 1 1 1 1 1 1 1 1 1 9 14 4 2 2 3 74 846
 ... : 5 1 1 1 1 1 1 1 1 1 1 1 1 1 1 1 1 1 1 1 1 1 1 1 1 1 1 1 9 14 4 2 2 3 73 960
 ... : 5 1 1 1 1 1 1 1 1 1 1 1 1 1 1 1 1 1 1 1 1 1 1 1 1 1 1 1 9 14 4 2 2 3 73 1094
