initialized model with 4404 latches, 4407 inputs and 1 properties
tsim: performed 5 steps
tsim: found cycle from 2
checking bound 0
checking bound 1
checking bound 2
tdecomp: unrolling 2 cycles
tsim: performed 3 steps
tsim: found cycle from 0
tsim: found 2 constants and 0 latch equivalences
tdecomp: (4404, 17628) -> (2412, 9054)
   2 : 5 4
   3 : 5 3 10
   4 : 5 3 1 11
   5 : 5 3 1 1 11
   6 : 5 3 1 1 1 11
   7 : 5 3 1 1 1 1 11
   8 : 5 3 1 1 1 1 1 11
   9 : 5 3 1 1 1 1 1 1 11
  10 : 5 3 1 1 1 1 1 1 1 11
  11 : 5 3 1 1 1 1 1 1 1 1 11
  12 : 5 3 1 1 1 1 1 1 1 1 1 11
  13 : 5 3 1 1 1 1 1 1 1 1 1 1 11
  14 : 5 3 1 1 1 1 1 1 1 1 1 1 1 11
  15 : 5 3 1 1 1 1 1 1 1 1 1 1 1 1 11
  16 : 5 3 1 1 1 1 1 1 1 1 1 1 1 1 1 11
  17 : 5 3 1 1 1 1 1 1 1 1 1 1 1 1 1 1 11
  18 : 5 3 1 1 1 1 1 1 1 1 1 1 1 1 1 1 1 11
  19 : 5 3 1 1 1 1 1 1 1 1 1 1 1 1 1 1 1 1 11
  20 : 5 3 1 1 1 1 1 1 1 1 1 1 1 1 1 1 1 1 1 11
  21 : 5 3 1 1 1 1 1 1 1 1 1 1 1 1 1 1 1 1 1 1 11
  22 : 5 3 1 1 1 1 1 1 1 1 1 1 1 1 1 1 1 1 1 1 1 11
  23 : 5 3 1 1 1 1 1 1 1 1 1 1 1 1 1 1 1 1 1 1 1 1 11
  24 : 5 3 1 1 1 1 1 1 1 1 1 1 1 1 1 1 1 1 1 1 1 1 1 11
  25 : 5 3 1 1 1 1 1 1 1 1 1 1 1 1 1 1 1 1 1 1 1 1 1 1 11
  26 : 5 3 1 1 1 1 1 1 1 1 1 1 1 1 1 1 1 1 1 1 1 1 1 1 1 11
  27 : 5 3 1 1 1 1 1 1 1 1 1 1 1 1 1 1 1 1 1 1 1 1 1 1 1 1 11
  28 : 5 3 1 1 1 1 1 1 1 1 1 1 1 1 1 1 1 1 1 1 1 1 1 1 1 1 1 11
  29 : 5 3 1 1 1 1 1 1 1 1 1 1 1 1 1 1 1 1 1 1 1 1 1 1 1 1 1 1 11
 ... : 5 3 1 1 1 1 1 1 1 1 1 1 1 1 1 1 1 1 1 1 1 1 1 1 1 1 1 1 131
 ... : 5 3 1 1 1 1 1 1 1 1 1 1 1 1 1 1 1 1 1 1 1 1 1 1 1 1 1 3 225
 ... : 5 3 1 1 1 1 1 1 1 1 1 1 1 1 1 1 1 1 1 1 1 1 1 1 1 1 1 4 310
 ... : 5 3 1 1 1 1 1 1 1 1 1 1 1 1 1 1 1 1 1 1 1 1 1 1 1 1 1 24 360
 ... : 5 3 1 1 1 1 1 1 1 1 1 1 1 1 1 1 1 1 1 1 1 1 1 1 1 1 1 34 430
 ... : 5 3 1 1 1 1 1 1 1 1 1 1 1 1 1 1 1 1 1 1 1 1 1 1 1 1 1 59 468
 ... : 7 3 1 1 1 1 1 1 1 1 1 1 1 1 1 1 1 1 1 1 1 1 1 1 1 1 2 76 486
 ... : 7 3 1 1 1 1 1 1 1 1 1 1 1 1 1 1 1 1 1 1 1 1 1 1 1 1 1 93 530
 ... : 9 6 3 4 4 4 4 3 2 2 1 1 1 1 1 1 1 1 1 1 1 1 1 1 1 1 1 99 579
