1
b0
00000000000000000000000000000000000000000000000000000000000000000000000000000000000000000000000000000000000000000000000000000000000000000000000000000000000000000000000000000000000000000000000000000000000000000000000000000000000000000000000000000
1000000000000000000000000000000000000000000000000000000000000000000000000000000000000000000000100000000000100000101011001111101001001110010001000011000000000000000000110111001111100011000000000000000000110101001100010000
1000000000000000000000000000000000000000000000000000000000000000000000000000000000000000000000000000000000000000101011001111101001001110010001000011000000000000000000110111001111100011000000000000000000110101001100010000
0110000000000000000000000000000000000000000000000000000000000000000000000000000000000000000000000000000000000000101011001111101001001110010001000011000000000000000000110111001111100011000000000000000000110101001100010000
0110000000000000000000000000000000000000000000000000000000000000000000000000000000000000000000000000000000000000101011001111101001001110010001000011000000000000000000110111001111100011000000000000000000110101001100010000
0110000000000000000000000000000000000000000000000000000000000000000000000000000000000000000000000000000000000000101011001111101001001110010001000011000000000000000000110111001111100011000000000000000000000101001100010000
1000000000000000000000000000000000000000000000000000000000000000000000000000000000000000000000000000000000000000101011001111101001001110010001000011000000000000000000110111001111100011000000000000000000000101001100010000
1000000000000000000000000000000000000000000000000000000000000000000000000000000000000000000000000000000000000000101011001111101001001110010001000011000000000000000000110111001111100011000000000000000000000001001100010000
1000000000000000000000000000000000000000000000000000000000000000000000000000000000000000000000000000000000000000101011001111101001001110010001000011000000000000000000110111001111100011000000000000000000000101001100010000
0110000000000000000000000000000000000000000000000000000000000000000000000000000000000000000000000000000000000000101011001111101001001110010001000011000000000000000000110111001111100011000000000000000000000101001100010000
0110000000000000000000000000000000000000000000000000000000000000000000000000000000000000000000000000000000000000101011001111101001001110010001000011000000000000000000110111001111100011000000000000000000000101001100010000
1000000000000000000000000000000000000000000000000000000000000000000000000000000000000000000000000000000000000000101011001111101001001110010001000011000000000000000000110111001111100011000000000000000000000101001100010000
0110000000000000000000000000000000000000000000000000000000000000000000000000000000000000000000000000000000000000101011001111101001001110010001000011000000000000000000110111001111100011000000000000000000000101001100010000
1011000000000000000000000000000000000000000000000000000000000000000000000000000000000000000000000000000000000000101011001111101001001110010001000011000000000000000000110111001111100011000000000000000000000100001100010000
1011000000000000000000000000000000000000000000000000000000000000000000000000000000000000000000000000000000000000101011001111101001001110010001000011000000000000000000110111001111100011000000000000000000000100001100010000
1000000000000000000000000000000000000000000000000000000000000000000000000000000000000000000000000000000000000000101011001111101001001110010001000011000000000000000000110011001111100011000000000000000000000100001100010000
1000000000000000000000000000000000000000000000000000000000000000000000000000000000000000000000000000000000000000101011001111101001001110010001000011000000000000000000110011001111100011000000000000000000000100001100010000
1000000000000000000000000000000000000000000000000000000000000000000000000000000000000000000000000000000000000000101011001111101001001110010001000011000000000000000000110011001111100011000000000000000000000100001100010000
1011000000000000000000000000000000000000000000000000000000000000000000000000000000000000000000000000000000000000101011001111101001001110010001000011000000000000000000110011001111100011000000000000000000000100001100010000
1011000000000000000000000000000000000000000000000000000000000000000000000000000000000000000000000000000000000000101011001111101001001110010001000011000000000000000000110011001011100011000000000000000000000100001100010000
1011000000000000000000000000000000000000000000000000000000000000000000000000000000000000000000000000000000000000101011001111101001001110010001000011000000000000000000110011000011100011000000000000000000000100001100010000
1011000000000000000000000000000000000000000000000000000000000000000000000000000000000000000000000000000000000000101011001111101001001110010001000011000000000000000000110011000011100011000000000000000000000100001100010000
1011000000000000000000000000000000000000000000000000000000000000000000000000000000000000000000000000000000000000101011001111101001001110010001000011000000000000000000110011000011100011000000000000000000000100001100010000
1000000000000000000000000000000000000000000000000000000000000000000000000000000000000000000000000000000000000000101011001111101001001110010001000011000000000000000000110011000011100011000000000000000000000100001100010000
1011000000000000000000000000000000000000000000000000000000000000000000000000000000000000000000000000000000000000101011001111101001001110010001000011000000000000000000110011000011100011000000000000000000000100001100010000
1011000000000000000000000000000000000000000000000000000000000000000000000000000000000000000000000000000000000000101011001111101001001110010001000011000000000000000000110011000011100011000000000000000000000100001100010000
1000000000000000000000000000000000000000000000000000000000000000000000000000000000000000000000000000000000000000101011001011101001001110010001000011000000000000000000110011000011100011000000000000000000000100001100010000
1000000000000000000000000000000000000000000000000000000000000000000000000000000000000000000000000000000000000000101011001011101001001110010001000011000000000000000000110011000011100011000000000000000000000100001100010000
1011000000000000000000000000000000000000000000000000000000000000000000000000000000000000000000000000000000000000101011001011101001001110010001000011000000000000000000110011000011100011000000000000000000000100001100010000
1011000000000000000000000000000000000000000000000000000000000000000000000000000000000000000000000000000000000000101011001011101001001110010001000011000000000000000000110011000011100011000000000000000000000100001100010000
1000000000000000000000000000000000000000000000000000000000000000000000000000000000000000000000000000000000000000101011001011101001001110010001000011000000000000000000110011100001100011000000000000000000000100001100010000
1000000000000000000000000000000000000000000000000000000000000000000000000000000000000000000000000000000000000000101011001011101001001110010001000011000000000000000000110011100001100011000000000000000000000100001100010000
1011000000000000000000000000000000000000000000000000000000000000000000000000000000000000000000000000000000000000101011011011101001001110010001000011000000000000000000110011100000000011000000000000000000000100001100010000
1011000000000000000000000000000000000000000000000000000000000000000000000000000000000000000000000000000000000000101011011011101001001110010001000011000000000000000000110011100010000011000000000000000000000100001100010000
1000000000000000000000000000000000000000000000000000000000000000000000000000000000000000000000000000000000000000001111011011101111001110010001000011000000000000000000110011101110000011000000000000000000000100001100010000
1011000000000000000000000000000000000000000000000000000000000000000000000000000000000000000000000000000000000000001111011011101111001110010001000011000000000000000000110011101110000011000000000000000000000100001100010000
1011000000000000000000000000000000000000000000000000000000000000000000000000000000000000000000000000000000000000001111011011101011001110010001000011000000000000000000010011001110000111000000000000000000000100001100010000
1000000000000000000000000000000000000000000000000000000000000000000000000000000000000000000000000000000000000000001111011011100011001110010001000011000000000000000000010011001110000111000000000000000000000100001100010000
0110000000000000000000000000000000000000000000000000000000000000000000000000000000000000000000000000000000000000001111011011100011001110010001000011000000000000000000000011001110000111000000000000000000000100001100010000
0110000000000000000000000000000000000000000000000000000000000000000000000000000000000000000000000000000000000000001111011011100011001110010001000011000000000000000000000111001110000011000000000000000000000100001100110000
0110000000000000000000000000000000000000000000000000000000000000000000000000000000000000000000000000000000000000001111011011100011001110010001000011000000000000000000000111001110000011000000000000000000000100001100010000
0110000000000000000000000000000000000000000000000000000000000000000000000000000000000000000000000000000000000000001111011011100011001110010001000011000000000000000000100111101110000011000000000000000000000100001100010000
1011000000000000000000000000000000000000000000000000000000000000000000000000000000000000000000000000000000000000001111011011100011001110010001000011000000000000000000100011101110000010000000000000000000000100001000010000
1000000000000000000000000000000000000000000000000000000000000000000000000000000000000000000000000000000000000000000111111011100001001110010001000011000000000000000000100011101110000010000000000000000000000100001000010000
0110000000000000000000000000000000000000000000000000000000000000000000000000000000000000000000000000000000000000000111111011100001001110010001000011000000000000000000110011001110000010000000000000000000000100001000010000
1011000000000000000000000000000000000000000000000000000000000000000000000000000000000000000000000000000000000000000111111011100001001110010001000011000000000000000000110011001110000010000000000000000000000100001000110000
1011000000000000000000000000000000000000000000000000000000000000000000000000000000000000000000000000000000000000000111111011100001001110010001000011000000000000000000110011001110000010000000000000000000000100001100110000
1011000000000000000000000000000000000000000000000000000000000000000000000000000000000000000000000000000000000000000111111011100001001110010001000011000000000000000000110011001110000010000000000000000000000100001100110000
0110000000000000000000000000000000000000000000000000000000000000000000000000000000000000000000000000000000000000000110111011100001001110010001000011000000000000000000110111001111000010000000000000000000000100001100110000
1011000000000000000000000000000000000000000000000000000000000000000000000000000000000000000000000000000000000000001110110111001011100111100100011110100011011110111011100101111010111111000011001011110111110101011011110101
1011000000000000000000000000000000000000000000000000000000000000000000000000000000000000000000000000000000000000000110110111001011100111100100011110100011011110111011100101111010111111000011001011110111110101011011100101
1011000000000000000000000000000000000000000000000000000000000000000000000000000000000000000000000000000000000000000110110111001011100111100100011110100011011110111011100101111010111111000011001011110111110101011011100101
1011000000000000000000000000000000000000000000000000000000000000000000000000000000000000000000000000000000000000000100110111001011100111100100011110100011011110111011100101111010111111000011001011110111110101011011100101
0110000000000000000000000000000000000000000000000000000000000000000000000000000000000000000000000000000000000000000100110111001011100111100100011110100011011110111011100101111010111111000011001011110111110101011011100101
0110000000000000000000000000000000000000000000000000000000000000000000000000000000000000000000000000000000000000000100110111001011100111100100011110100011011110111011100101111010111111000011001011110111110101011011100101
0110000000000000000000000000000000000000000000000000000000000000000000000000000000000000000000000000000000000000000100110111001011100111100100011110100011011110111011100101111010111111000011001011110111110101011011100101
0110000xx00x00xxx0000x000xx00x00xxx0000x000xx00x00xxx0100x000xx00x00xxx0000x000xx00x00xxx0000x000xx00x00xxx0000x000xx00x00xxx0000x000xx00x00xxx0000x000xx00x00xxx0000x00000000000x00010000000000000x00000000011010001x101000
0110000xxxxxx0xxx00x0x000xxxxxx0xxx00x0x000xxxxxx0xxx00x0x000xxxxxx0xxx00x0x000xxxxxx0xxx00x0x000xxxxxx0xxx00x0x000xxxxxx0xxx00x0x000xxxxxx0xxx00x0x000xxxxxx0xxx00x0x0000xx10x01xx0010x0000xx00x00xx0110x0000xx10x00xx0110x
0110000xxxxxxxxxx0xxxx000xxxxxxxxxx0xxxx000xxxxxxxxxx0xxxx000xxxxxxxxxx0xxxx000xxxxxxxxxx0xxxx000xxxxxxxxxx0xxxx000xxxxxxxxxx0xxxx000xxxxxxxxxx0xxxx000xxxxxxxxxx0xxxx000xxx0xxxxxx0x00x000xxx0xxxxxx0x01x000xxx0xxxxxx0x11x
0000xxxxxxxxxxxxxxxxxxxxxxxxxxxxxxxxxxxxxxxxxxxxxxxxxxxxxxxxxxxxxxxxxxxxxxxxxxxxxxxxxxxxxxxxxxxxxxxxxxxxxxxxxxxxxxxxxxxxxxxxxxxxxxxxxxxxxxxxxxxxxxxxxxxxxxxxxxxxxxxxxxxxxxxxxxxxxxxxxx0xxxxxxxxxxxxxxxxx1xxxxxxxxxxxxxxxxx1x
xxxxxxxxxxxxxxxxxxxxxxxxxxxxxxxxxxxxxxxxxxxxxxxxxxxxxxxxxxxxxxxxxxxxxxxxxxxxxxxxxxxxxxxxxxxxxxxxxxxxxxxxxxxxxxxxxxxxxxxxxxxxxxxxxxxxxxxxxxxxxxxxxxxxxxxxxxxxxxxxxxxxxxxxxxxxxxxxxxxxxxxxxxxxxxxxxxxxxxxxxxxxxxxxxxxxxxxxxxxx
.
