initialized model with 57 latches, 61 inputs and 1 properties
tsim: performed 3 steps
tsim: found cycle from 1
checking bound 0
checking bound 1
checking bound 2
tdecomp: unrolling 2 cycles
tsim: performed 2 steps
tsim: found cycle from 0
tsim: found 1 constants and 0 latch equivalences
tdecomp: (57, 244) -> (56, 165)
   2 : 4 8
   3 : 4 0 8
completing final invariant with sub-IC3 call...
num_solve_calls = 173
num_solve_sat_calls = 47
num_solve_unsat_calls = 12
num_solve_approx_calls = 70
num_solve_approx_unsat_calls = 62
num_solve_conflicts = 380
num_solve_decisions = 7601
num_solve_propagations = 362328
avg_solve_conflicts = 3
avg_solve_decisions = 44
avg_solve_propagations = 2095
avg_solve_unsat_decisions = 4.333
stddev_solve_unsat_decisions = 10.688
num_added_cubes = 28
num_subsumed_cubes = 16
num_gc_frame = 8
num_reset = 0
num_try_blocking = 45
get_bad_cube_time = 0.033
rec_block_cube_time = 0.009
propagate_forward_time = 0.002
generalize_model_time = 0.012
generalize_and_push_time = 0.009
try_blocking_time = 0.002
reset_time = 0.000
clausify_time = 0.073
preprocess_time = 0.016
solve_time = 0.043
solve_sat_time = 0.026
solve_unsat_time = 0.017
prove_time = 0.141
memory_used_mb = 10
total_time = 0.208
Safe
