initialized model with 4377 latches, 224 inputs and 1 properties
tsim: performed 41 steps
tsim: found cycle from 39
tsim: found 114 constants and 7 latch equivalences
seqsimpl: (4377, 224) -> (2253, 100)
checking bound 0
checking bound 1
checking bound 2
tdecomp: unrolling 2 cycles
tsim: reached all X state
tsim: performed 36 steps
tdecomp: no improvement found, reverting original model
   2 : 0 0
completing final invariant with sub-IC3 call...
num_solve_calls = 6
num_solve_sat_calls = 0
num_solve_unsat_calls = 0
num_solve_approx_calls = 0
num_solve_approx_unsat_calls = 0
num_solve_conflicts = 210
num_solve_decisions = 25850
num_solve_propagations = 385605
avg_solve_conflicts = 35
avg_solve_decisions = 4309
avg_solve_propagations = 64268
avg_solve_unsat_decisions = 0.000
stddev_solve_unsat_decisions = 0.000
num_added_cubes = 0
num_subsumed_cubes = 0
num_gc_frame = 0
num_reset = 0
num_try_blocking = 0
get_bad_cube_time = 0.055
rec_block_cube_time = 0.000
propagate_forward_time = 0.000
generalize_model_time = 0.000
generalize_and_push_time = 0.000
try_blocking_time = 0.000
reset_time = 0.000
clausify_time = 0.508
preprocess_time = 0.120
solve_time = 0.056
solve_sat_time = 0.000
solve_unsat_time = 0.056
prove_time = 0.720
memory_used_mb = 33
total_time = 1.319
Safe
