initialized model with 4377 latches, 224 inputs and 1 properties
tsim: performed 41 steps
tsim: found cycle from 39
tsim: found 114 constants and 7 latch equivalences
seqsimpl: (4377, 224) -> (2291, 100)
checking bound 0
checking bound 1
checking bound 2
tdecomp: unrolling 2 cycles
tsim: reached all X state
tsim: performed 38 steps
tdecomp: no improvement found, reverting original model
   2 : 50 53
   3 : 41 12 66
   4 : 41 12 5 61
   5 : 41 12 5 18 43
   6 : 41 12 5 17 12 45
   7 : 41 12 5 17 12 2 43
   8 : 41 12 5 17 12 2 1 42
   9 : 41 12 5 17 12 2 1 1 41
  10 : 41 12 5 17 12 2 1 1 1 40
  11 : 41 12 5 17 12 2 1 1 1 1 39
  12 : 41 12 5 17 12 2 1 1 1 1 1 38
  13 : 41 12 5 17 12 2 1 1 1 1 1 1 37
  14 : 41 12 5 17 12 2 1 1 1 1 1 1 1 36
  15 : 41 12 5 17 12 2 1 1 1 1 1 1 1 1 35
  16 : 41 12 5 17 12 2 1 1 1 1 1 1 1 1 1 34
  17 : 41 12 5 17 12 2 1 1 1 1 1 1 1 1 1 1 33
  18 : 41 12 5 17 12 2 1 1 1 1 1 1 1 1 1 1 1 32
  19 : 41 12 5 17 12 2 1 1 1 1 1 1 1 1 1 1 1 1 31
  20 : 41 12 5 17 12 2 1 1 1 1 1 1 1 1 1 1 1 1 1 30
  21 : 41 12 5 17 12 2 1 1 1 1 1 1 1 1 1 1 1 1 1 1 29
  22 : 41 12 5 17 12 2 1 1 1 1 1 1 1 1 1 1 1 1 1 1 1 28
  23 : 41 12 5 17 12 2 1 1 1 1 1 1 1 1 1 1 1 1 1 1 1 1 27
  24 : 41 12 5 17 12 2 1 1 1 1 1 1 1 1 1 1 1 1 1 1 1 1 1 26
  25 : 41 12 5 17 12 2 1 1 1 1 1 1 1 1 1 1 1 1 1 1 1 1 1 1 25
  26 : 41 12 5 17 12 2 1 1 1 1 1 1 1 1 1 1 1 1 1 1 1 1 1 1 1 24
  27 : 41 12 5 17 12 2 1 1 1 1 1 1 1 1 1 1 1 1 1 1 1 1 1 1 1 1 23
  28 : 41 12 5 17 12 2 1 1 1 1 1 1 1 1 1 1 1 1 1 1 1 1 1 1 1 1 1 22
  29 : 41 12 5 17 12 2 1 1 1 1 1 1 1 1 1 1 1 1 1 1 1 1 1 1 1 1 1 1 21
  30 : 41 12 5 17 12 2 1 1 1 1 1 1 1 1 1 1 1 1 1 1 1 1 1 1 1 1 1 1 1 20
  31 : 41 12 5 17 12 2 1 1 1 1 1 1 1 1 1 1 1 1 1 1 1 1 1 1 1 1 1 1 1 1 19
  32 : 41 12 5 17 12 2 1 1 1 1 1 1 1 1 1 1 1 1 1 1 1 1 1 1 1 1 1 1 1 1 1 18
  33 : 41 12 5 17 12 2 1 1 1 1 1 1 1 1 1 1 1 1 1 1 1 1 1 1 1 1 1 1 1 1 1 0 18
completing final invariant with sub-IC3 call...
num_solve_calls = 26241
num_solve_sat_calls = 5432
num_solve_unsat_calls = 139
num_solve_approx_calls = 25240
num_solve_approx_unsat_calls = 20021
num_solve_conflicts = 2810
num_solve_decisions = 935124
num_solve_propagations = 24226785
avg_solve_conflicts = 1
avg_solve_decisions = 36
avg_solve_propagations = 924
avg_solve_unsat_decisions = 0.014
stddev_solve_unsat_decisions = 0.170
num_added_cubes = 1219
num_subsumed_cubes = 1087
num_gc_frame = 163
num_reset = 0
num_try_blocking = 4503
get_bad_cube_time = 3.300
rec_block_cube_time = 0.324
propagate_forward_time = 0.854
generalize_model_time = 1.410
generalize_and_push_time = 0.082
try_blocking_time = 1.169
reset_time = 0.000
clausify_time = 2.934
preprocess_time = 0.125
solve_time = 4.284
solve_sat_time = 2.507
solve_unsat_time = 1.778
prove_time = 7.936
memory_used_mb = 33
total_time = 8.560
Safe
