initialized model with 86 latches, 84 inputs and 1 properties
tsim: performed 3 steps
tsim: found cycle from 1
checking bound 0
checking bound 1
checking bound 2
tdecomp: unrolling 2 cycles
tsim: performed 2 steps
tsim: found cycle from 0
tsim: found 1 constants and 0 latch equivalences
tdecomp: (86, 336) -> (85, 252)
   2 : 6 2
   3 : 6 7 0
   4 : 6 5 3 4
   5 : 6 5 3 0 4
completing final invariant with sub-IC3 call...
num_solve_calls = 477
num_solve_sat_calls = 139
num_solve_unsat_calls = 22
num_solve_approx_calls = 236
num_solve_approx_unsat_calls = 152
num_solve_conflicts = 948
num_solve_decisions = 24373
num_solve_propagations = 774465
avg_solve_conflicts = 2
avg_solve_decisions = 52
avg_solve_propagations = 1624
avg_solve_unsat_decisions = 0.000
stddev_solve_unsat_decisions = 0.000
num_added_cubes = 32
num_subsumed_cubes = 14
num_gc_frame = 9
num_reset = 0
num_try_blocking = 172
get_bad_cube_time = 0.088
rec_block_cube_time = 0.037
propagate_forward_time = 0.014
generalize_model_time = 0.038
generalize_and_push_time = 0.031
try_blocking_time = 0.037
reset_time = 0.000
clausify_time = 0.117
preprocess_time = 0.019
solve_time = 0.134
solve_sat_time = 0.071
solve_unsat_time = 0.063
prove_time = 0.290
memory_used_mb = 11
total_time = 0.440
Safe
