initialized model with 934 latches, 364 inputs and 1 properties
tsim: performed 17 steps
tsim: found cycle from 15
checking bound 0
checking bound 1
checking bound 2
tdecomp: unrolling 2 cycles
tsim: performed 15 steps
tsim: found cycle from 13
tsim: found 1 constants and 0 latch equivalences
tdecomp: (934, 1456) -> (933, 336)
 ... : 200
 ... : 401
   2 : 90 376
 ... : 77 556
   3 : 53 205 310
 ... : 53 205 503
 ... : 53 202 673
   4 : 32 56 114 432
   5 : 27 38 128 296 259
 ... : 27 38 128 304 442
 ... : 27 38 128 312 620
 ... : 27 38 123 325 714
 ... : 27 38 120 357 764
 ... : 27 38 122 380 849
 ... : 27 38 127 386 923
 ... : 27 36 127 387 964
   6 : 24 30 74 186 576 301
 ... : 24 30 74 186 590 466
 ... : 24 30 74 186 593 645
 ... : 24 30 74 186 598 786
 ... : 24 30 74 186 622 932
 ... : 24 30 74 186 631 1093
 ... : 24 30 73 195 661 1194
 ... : 24 29 74 195 648 1239
 ... : 24 29 74 194 641 1392
 ... : 24 29 74 193 636 1566
 ... : 24 28 74 193 640 1679
 ... : 24 28 74 193 641 1814
 ... : 24 27 72 188 624 1933
 ... : 23 25 67 172 611 1969
   7 : 18 14 14 64 73 456 710
 ... : 18 14 14 64 73 465 839
 ... : 18 14 14 64 74 466 975
 ... : 18 14 14 65 76 466 1080
 ... : 18 14 14 65 76 466 1280
 ... : 18 14 14 65 76 468 1446
   8 : 18 13 13 60 68 390 1238 360
 ... : 18 13 13 60 68 390 1238 560
 ... : 18 13 13 60 68 390 1238 761
 ... : 18 13 13 60 68 390 1237 962
 ... : 18 13 13 60 68 390 1237 1163
 ... : 18 13 13 60 68 390 1241 1335
 ... : 18 13 13 60 68 390 1252 1509
 ... : 18 13 13 60 68 390 1258 1685
 ... : 18 13 13 60 68 390 1258 1886
 ... : 18 13 13 60 68 387 1266 2031
 ... : 18 13 13 60 68 387 1271 2222
 ... : 18 13 13 60 68 387 1277 2405
 ... : 18 13 13 60 68 387 1277 2601
 ... : 18 13 13 60 68 387 1278 2790
 ... : 18 13 13 60 68 387 1294 2942
 ... : 18 13 13 60 68 387 1312 3104
 ... : 18 13 13 60 68 386 1326 3270
 ... : 18 13 13 60 68 385 1328 3458
 ... : 18 13 13 60 69 387 1335 3624
 ... : 18 13 13 61 69 396 1363 3690
 ... : 18 13 13 61 69 396 1380 3826
 ... : 18 13 13 61 68 393 1389 3946
 ... : 18 13 13 61 68 394 1416 4073
 ... : 18 13 12 60 68 390 1417 4201
 ... : 18 13 12 60 68 391 1446 4279
 ... : 18 13 12 60 68 391 1474 4399
 ... : 18 13 12 60 68 391 1503 4509
 ... : 18 13 11 60 67 397 1528 4581
 ... : 18 13 11 60 65 406 1557 4635
 ... : 18 13 11 60 64 404 1560 4772
 ... : 18 13 11 60 63 411 1558 4824
 ... : 18 13 11 60 59 413 1575 4928
 ... : 18 13 11 60 58 419 1606 5033
 ... : 18 13 11 60 58 437 1633 5086
 ... : 18 13 11 60 58 438 1648 5237
 ... : 18 13 11 60 60 448 1662 5309
 ... : 18 13 11 60 60 455 1688 5409
 ... : 18 13 11 60 61 465 1700 5499
   9 : 18 8 8 58 57 378 1480 4498 853
 ... : 18 8 8 58 57 378 1480 4499 1043
 ... : 18 8 8 58 57 378 1479 4507 1190
 ... : 18 8 8 58 57 378 1479 4523 1319
 ... : 18 8 8 58 57 378 1479 4522 1515
 ... : 18 8 8 58 57 378 1479 4522 1707
 ... : 18 8 8 58 57 378 1479 4522 1906
 ... : 18 8 8 58 57 378 1479 4526 2084
 ... : 18 8 8 58 57 378 1479 4533 2258
 ... : 18 8 8 58 57 378 1479 4568 2377
 ... : 18 8 8 58 57 378 1479 4584 2539
 ... : 18 8 8 58 57 378 1479 4594 2704
 ... : 18 8 8 58 57 378 1479 4615 2792
 ... : 18 8 8 58 57 378 1479 4610 2988
 ... : 18 8 8 58 57 378 1479 4606 3188
 ... : 18 8 8 58 57 378 1479 4601 3386
 ... : 18 8 8 58 57 378 1479 4605 3577
 ... : 18 8 8 58 57 378 1479 4610 3767
 ... : 18 8 8 58 57 378 1479 4666 3852
 ... : 18 8 8 58 57 378 1479 4703 3973
 ... : 18 8 8 58 57 378 1479 4703 4174
 ... : 18 8 8 58 57 378 1479 4749 4280
 ... : 18 8 8 58 57 378 1479 4758 4458
 ... : 18 8 8 58 57 378 1479 4801 4571
 ... : 18 8 8 58 57 378 1479 4853 4659
 ... : 18 8 8 58 57 378 1479 4853 4860
 ... : 18 8 8 58 57 378 1479 4858 5050
 ... : 18 8 8 58 57 378 1479 4856 5250
 ... : 18 8 8 58 57 378 1479 4858 5435
 ... : 18 8 8 58 57 378 1479 4863 5623
 ... : 18 8 8 58 57 378 1479 4883 5776
 ... : 18 8 8 58 57 378 1479 4908 5918
 ... : 18 8 8 58 57 378 1479 4938 6050
 ... : 18 8 8 58 57 378 1479 4998 6129
 ... : 18 8 8 58 57 378 1478 5021 6279
 ... : 18 8 8 58 57 378 1478 5020 6478
 ... : 18 8 8 58 57 378 1478 5018 6677
 ... : 18 8 8 58 57 378 1478 5010 6869
 ... : 18 8 8 58 57 378 1478 5015 7058
 ... : 18 8 8 58 57 378 1478 5047 7189
 ... : 18 8 8 58 57 378 1478 5094 7266
 ... : 18 8 8 58 57 378 1478 5124 7406
 ... : 18 8 8 58 57 378 1478 5183 7486
 ... : 18 8 8 58 57 378 1478 5229 7587
 ... : 18 8 8 58 57 378 1478 5275 7690
 ... : 18 8 8 58 57 378 1478 5313 7798
 ... : 18 8 8 58 57 378 1478 5305 7992
 ... : 18 8 8 58 57 378 1478 5340 8105
 ... : 18 8 8 58 57 378 1478 5344 8278
 ... : 18 8 8 58 57 378 1478 5357 8428
 ... : 18 8 8 58 57 378 1478 5411 8520
 ... : 18 8 8 58 57 378 1478 5471 8583
 ... : 18 8 8 58 57 378 1478 5516 8693
 ... : 18 8 8 58 57 378 1478 5542 8829
 ... : 18 8 8 58 57 378 1478 5564 8975
 ... : 18 8 8 58 57 378 1478 5604 9093
 ... : 18 8 8 58 57 378 1478 5634 9192
 ... : 18 8 8 58 57 378 1478 5645 9326
 ... : 18 8 8 58 57 380 1473 5675 9434
 ... : 18 8 8 58 57 392 1481 5717 9481
 ... : 18 8 8 58 57 392 1482 5732 9602
 ... : 18 8 8 58 57 392 1480 5731 9711
 ... : 18 8 8 58 57 392 1467 5699 9818
 ... : 18 8 8 58 57 392 1466 5687 9975
 ... : 18 8 8 58 57 392 1463 5708 10099
 ... : 18 8 8 58 57 392 1461 5727 10215
 ... : 18 8 8 58 57 393 1453 5662 10324
 ... : 18 8 8 58 57 398 1460 5680 10416
 ... : 18 8 8 58 57 398 1460 5681 10590
 ... : 18 8 8 58 57 398 1459 5680 10694
 ... : 18 8 8 58 57 408 1463 5706 10761
 ... : 18 8 8 58 57 412 1474 5736 10835
 ... : 18 8 8 58 57 412 1479 5745 10992
 ... : 18 8 8 58 57 412 1479 5746 11152
 ... : 18 8 8 58 57 412 1474 5689 11283
 ... : 18 8 8 58 57 412 1472 5697 11455
 ... : 18 8 8 58 57 412 1473 5713 11620
 ... : 18 8 8 58 57 412 1473 5747 11740
 ... : 18 8 8 58 57 412 1473 5755 11878
 ... : 18 8 8 58 57 412 1473 5754 12069
 ... : 18 8 8 58 57 412 1468 5735 12226
 ... : 18 8 8 58 57 412 1468 5734 12422
 ... : 18 8 8 58 57 418 1472 5740 12569
 ... : 18 8 8 58 57 429 1481 5770 12610
 ... : 18 8 8 58 58 438 1495 5804 12657
 ... : 18 8 8 58 58 449 1512 5823 12713
 ... : 18 8 8 58 58 455 1521 5838 12770
 ... : 18 8 8 58 58 456 1521 5839 12890
 ... : 18 8 8 58 58 462 1532 5867 12974
 ... : 18 8 8 58 58 475 1532 5880 13009
 ... : 18 8 8 58 58 490 1533 5897 13051
 ... : 18 8 8 58 58 491 1532 5914 13169
 ... : 18 8 8 58 58 503 1535 5933 13211
 ... : 18 8 8 58 58 515 1536 5954 13265
 ... : 18 8 8 58 58 519 1536 5982 13368
 ... : 18 8 8 58 58 519 1495 5909 13475
 ... : 18 8 8 58 58 519 1464 5880 13576
 ... : 18 8 8 58 58 519 1462 5906 13679
 ... : 18 8 8 58 58 519 1460 5913 13806
 ... : 18 8 8 58 58 519 1459 5933 13921
 ... : 18 8 8 58 58 518 1445 5930 13852
 ... : 18 8 8 58 58 518 1445 5949 13999
 ... : 18 8 8 58 58 518 1444 5982 14123
 ... : 18 8 8 58 58 518 1439 6005 14223
 ... : 18 8 8 58 58 518 1435 6025 14330
 ... : 18 8 8 58 58 517 1421 6056 14439
 ... : 18 8 8 58 58 517 1422 6059 14598
 ... : 18 8 8 58 58 517 1425 6086 14711
 ... : 18 8 8 58 58 516 1418 6096 14803
 ... : 18 8 8 58 57 511 1350 6114 14841
 ... : 18 8 8 58 57 511 1350 6113 14990
 ... : 18 8 8 58 57 510 1346 6107 15105
 ... : 18 8 8 58 57 509 1346 6100 15236
 ... : 18 8 8 58 57 509 1341 6103 15301
 ... : 18 8 8 58 57 507 1345 6112 15424
 ... : 18 8 8 58 57 506 1349 6112 15537
 ... : 18 8 8 58 57 505 1347 6127 15670
 ... : 18 8 8 58 56 505 1348 6151 15756
 ... : 18 8 8 58 56 502 1341 6155 15853
 ... : 18 8 8 58 55 498 1289 6147 15914
 ... : 18 8 8 58 55 498 1289 6150 16066
 ... : 18 8 8 58 55 498 1288 5977 16140
 ... : 18 8 8 58 55 498 1288 5977 16329
  10 : 16 6 6 58 41 77 644 3255 12104 3223
 ... : 16 6 6 58 41 77 644 3255 12104 3423
 ... : 16 6 6 58 41 77 644 3255 12104 3623
 ... : 16 6 6 58 41 77 644 3255 12104 3824
 ... : 16 6 6 58 41 77 644 3255 12111 4011
 ... : 16 6 6 58 41 77 644 3255 12112 4209
 ... : 16 6 6 58 41 77 644 3255 12115 4393
 ... : 16 6 6 58 41 77 644 3255 12157 4497
 ... : 16 6 6 58 41 77 644 3255 12161 4676
 ... : 16 6 6 58 41 77 644 3255 12167 4862
 ... : 16 6 6 58 41 77 644 3255 12226 4937
 ... : 16 6 6 58 41 77 644 3255 12233 5116
 ... : 16 6 6 58 41 77 644 3255 12238 5304
 ... : 16 6 6 58 41 77 644 3255 12246 5475
 ... : 16 6 6 58 41 77 644 3255 12246 5675
 ... : 16 6 6 58 41 77 644 3255 12244 5869
 ... : 16 6 6 58 41 77 644 3255 12271 6010
 ... : 16 6 6 58 41 77 644 3255 12287 6168
 ... : 16 6 6 58 41 77 644 3255 12311 6318
 ... : 16 6 6 58 41 77 644 3255 12307 6517
 ... : 16 6 6 58 41 77 644 3255 12312 6708
 ... : 16 6 6 58 41 77 644 3255 12312 6909
 ... : 16 6 6 58 41 77 644 3255 12322 7089
 ... : 16 6 6 58 41 77 644 3255 12322 7287
 ... : 16 6 6 58 41 77 644 3255 12322 7486
 ... : 16 6 6 58 41 77 644 3255 12335 7647
 ... : 16 6 6 58 41 77 644 3255 12335 7846
 ... : 16 6 6 58 41 77 644 3255 12334 8045
 ... : 16 6 6 58 41 77 644 3255 12366 8174
 ... : 16 6 6 58 41 77 644 3255 12386 8328
 ... : 16 6 6 58 41 77 644 3255 12396 8507
 ... : 16 6 6 58 41 77 644 3255 12414 8668
 ... : 16 6 6 58 41 77 644 3255 12434 8814
 ... : 16 6 6 58 41 77 644 3255 12434 9009
 ... : 16 6 6 58 41 77 644 3255 12436 9196
 ... : 16 6 6 58 41 77 644 3255 12432 9387
 ... : 16 6 6 58 41 77 644 3255 12442 9565
 ... : 16 6 6 58 41 77 644 3255 12442 9762
 ... : 16 6 6 58 41 77 644 3255 12452 9932
 ... : 16 6 6 58 41 77 644 3255 12458 10100
 ... : 16 6 6 58 41 77 644 3255 12459 10298
 ... : 16 6 6 58 41 77 644 3255 12459 10498
 ... : 16 6 6 58 41 77 644 3255 12459 10697
 ... : 16 6 6 58 41 77 644 3255 12459 10897
 ... : 16 6 6 58 41 77 644 3259 12479 11020
 ... : 16 6 6 58 41 77 645 3262 12493 11167
 ... : 16 6 6 58 41 77 645 3262 12493 11357
