initialized model with 933 latches, 364 inputs and 1 properties
tsim: performed 17 steps
tsim: found cycle from 15
checking bound 0
checking bound 1
checking bound 2
tdecomp: unrolling 2 cycles
tsim: performed 15 steps
tsim: found cycle from 13
tsim: found 1 constants and 0 latch equivalences
tdecomp: (933, 1456) -> (932, 342)
 ... : 200
   2 : 227 92
 ... : 227 292
 ... : 227 493
 ... : 227 694
 ... : 226 889
 ... : 221 1076
   3 : 68 553 296
 ... : 71 529 394
   4 : 27 147 181 370
 ... : 27 139 184 534
 ... : 27 144 224 610
 ... : 26 138 203 691
 ... : 25 136 201 730
   5 : 12 54 120 207 446
 ... : 12 53 120 205 580
 ... : 12 53 119 222 623
   6 : 9 44 85 120 260 394
 ... : 10 50 93 126 269 472
   7 : 6 8 6 55 142 150 369
 ... : 6 8 6 55 142 151 562
 ... : 6 8 6 54 143 172 705
 ... : 6 8 6 54 145 183 836
 ... : 6 8 6 54 145 195 1004
 ... : 6 8 6 54 144 207 1151
 ... : 6 8 6 54 143 210 1266
   8 : 6 8 6 54 128 193 833 383
 ... : 6 8 6 54 128 194 852 542
 ... : 6 8 6 54 128 197 866 635
 ... : 6 8 6 54 128 197 852 795
 ... : 6 8 6 54 131 205 885 860
 ... : 6 8 6 54 131 205 884 1061
 ... : 6 8 6 54 131 205 869 1238
 ... : 6 8 6 54 131 205 870 1395
 ... : 6 8 6 54 131 205 868 1573
 ... : 6 8 6 54 131 205 876 1743
 ... : 6 8 6 54 131 204 908 1853
 ... : 6 8 6 54 131 207 948 1947
 ... : 6 8 6 54 132 213 974 2039
 ... : 6 8 6 54 132 214 995 2173
 ... : 6 8 6 54 132 215 1004 2327
 ... : 6 8 6 54 133 218 1005 2483
 ... : 6 8 6 54 134 220 1013 2642
 ... : 6 8 6 54 134 220 1013 2842
   9 : 6 7 4 54 77 203 783 2429 567
 ... : 6 7 4 54 77 203 783 2429 767
 ... : 6 7 4 54 77 203 783 2429 968
 ... : 6 7 4 54 77 203 783 2427 1167
 ... : 6 7 4 54 77 203 783 2431 1340
 ... : 6 7 4 54 77 203 783 2432 1532
 ... : 6 7 4 54 77 203 783 2432 1732
 ... : 6 7 4 54 77 203 783 2430 1927
 ... : 6 7 4 54 77 203 783 2439 2104
 ... : 6 7 4 54 77 203 783 2466 2244
 ... : 6 7 4 54 77 203 783 2480 2400
 ... : 6 7 4 54 77 203 782 2483 2587
 ... : 6 7 4 54 77 203 782 2494 2759
 ... : 6 7 4 54 77 203 782 2511 2919
 ... : 6 7 4 54 77 203 781 2525 3079
 ... : 6 7 4 54 77 203 781 2548 3225
 ... : 6 7 4 54 77 203 781 2568 3375
 ... : 6 7 4 54 77 203 781 2577 3519
 ... : 6 7 4 54 77 203 781 2574 3719
 ... : 6 7 4 54 77 203 781 2585 3878
 ... : 6 7 4 54 77 203 781 2587 4073
 ... : 6 7 4 54 77 203 781 2591 4266
 ... : 6 7 4 54 77 203 781 2593 4461
  10 : 6 7 4 54 77 202 758 2425 4152 561
 ... : 6 7 4 54 77 202 758 2425 4152 761
 ... : 6 7 4 54 77 202 758 2425 4152 962
 ... : 6 7 4 54 77 202 758 2425 4152 1163
 ... : 6 7 4 54 77 202 758 2425 4152 1364
 ... : 6 7 4 54 77 202 758 2425 4152 1565
 ... : 6 7 4 54 77 202 758 2425 4152 1766
 ... : 6 7 4 54 77 202 758 2425 4152 1961
 ... : 6 7 4 54 77 202 758 2425 4152 2162
 ... : 6 7 4 54 77 202 758 2425 4152 2363
 ... : 6 7 4 54 77 202 758 2425 4152 2564
 ... : 6 7 4 54 77 202 758 2425 4152 2765
 ... : 6 7 4 54 77 202 758 2425 4152 2966
 ... : 6 7 4 54 77 202 758 2425 4162 3136
 ... : 6 7 4 54 77 202 758 2425 4173 3285
 ... : 6 7 4 54 77 202 758 2425 4173 3486
 ... : 6 7 4 54 77 202 758 2425 4173 3687
 ... : 6 7 4 54 77 202 758 2425 4173 3888
 ... : 6 7 4 54 77 202 758 2425 4173 4089
 ... : 6 7 4 54 77 202 758 2425 4173 4290
 ... : 6 7 4 54 77 202 758 2425 4173 4491
 ... : 6 7 4 54 77 202 758 2425 4173 4690
 ... : 6 7 4 54 77 202 758 2425 4173 4889
 ... : 6 7 4 54 77 202 758 2425 4182 5013
 ... : 6 7 4 54 77 202 758 2425 4189 5197
 ... : 6 7 4 54 77 202 758 2425 4200 5355
 ... : 6 7 4 54 77 202 758 2425 4200 5556
 ... : 6 7 4 54 77 202 758 2425 4200 5756
 ... : 6 7 4 54 77 202 758 2425 4203 5937
 ... : 6 7 4 54 77 202 758 2425 4205 6133
 ... : 6 7 4 54 77 202 758 2425 4208 6322
 ... : 6 7 4 54 77 202 758 2425 4213 6509
 ... : 6 7 4 54 77 202 758 2425 4220 6690
 ... : 6 7 4 54 77 202 758 2425 4238 6842
 ... : 6 7 4 54 77 202 758 2425 4245 7027
 ... : 6 7 4 54 77 202 759 2427 4263 7186
 ... : 6 7 4 54 77 202 759 2427 4268 7373
 ... : 6 7 4 54 77 202 759 2427 4271 7563
 ... : 6 7 4 54 77 202 759 2427 4287 7710
 ... : 6 7 4 54 77 202 759 2427 4307 7853
 ... : 6 7 4 54 77 202 759 2427 4319 8027
 ... : 6 7 4 54 77 202 759 2427 4321 8216
 ... : 6 7 4 54 77 202 759 2427 4321 8400
 ... : 6 7 4 54 77 202 759 2427 4314 8568
 ... : 6 7 4 54 77 202 759 2427 4324 8729
 ... : 6 7 4 54 77 202 759 2427 4324 8920
 ... : 6 7 4 54 77 202 759 2427 4339 9030
 ... : 6 7 4 54 77 202 759 2427 4354 9167
 ... : 6 7 4 54 77 202 759 2427 4369 9306
 ... : 6 7 4 54 77 202 759 2427 4393 9430
 ... : 6 7 4 54 77 202 759 2427 4409 9589
  11 : 6 7 4 54 74 203 759 2399 4272 8714 1027
 ... : 6 7 4 54 74 203 759 2399 4272 8714 1227
 ... : 6 7 4 54 74 203 759 2399 4272 8714 1428
 ... : 6 7 4 54 74 203 759 2399 4272 8728 1595
 ... : 6 7 4 54 74 203 759 2399 4272 8728 1796
 ... : 6 7 4 54 74 203 759 2399 4272 8728 1997
 ... : 6 7 4 54 74 203 759 2399 4272 8728 2198
 ... : 6 7 4 54 74 203 759 2399 4272 8728 2399
 ... : 6 7 4 54 74 203 759 2399 4272 8728 2600
 ... : 6 7 4 54 74 203 759 2399 4272 8738 2781
 ... : 6 7 4 54 74 203 759 2399 4272 8738 2982
 ... : 6 7 4 54 74 203 759 2399 4272 8764 3129
 ... : 6 7 4 54 74 203 759 2400 4277 8803 3219
 ... : 6 7 4 54 74 203 759 2400 4277 8815 3395
 ... : 6 7 4 54 74 203 759 2400 4277 8833 3554
 ... : 6 7 4 54 74 203 759 2400 4277 8850 3692
 ... : 6 7 4 54 74 203 759 2400 4277 8866 3858
 ... : 6 7 4 54 74 203 759 2400 4277 8867 4057
 ... : 6 7 4 54 74 203 759 2400 4277 8866 4258
 ... : 6 7 4 54 74 203 759 2400 4277 8866 4459
 ... : 6 7 4 54 74 203 759 2400 4277 8866 4660
 ... : 6 7 4 54 74 203 759 2400 4277 8866 4861
 ... : 6 7 4 54 74 203 759 2400 4277 8866 5061
 ... : 6 7 4 54 74 203 759 2400 4277 8882 5214
 ... : 6 7 4 54 74 203 759 2400 4277 8889 5378
 ... : 6 7 4 54 74 203 759 2400 4277 8889 5579
 ... : 6 7 4 54 74 203 759 2400 4277 8889 5777
 ... : 6 7 4 54 74 203 759 2400 4277 8889 5959
 ... : 6 7 4 54 74 203 759 2400 4277 8889 6160
 ... : 6 7 4 54 74 203 759 2400 4277 8903 6318
 ... : 6 7 4 54 74 203 759 2400 4277 8921 6468
 ... : 6 7 4 54 74 203 759 2400 4277 8942 6614
 ... : 6 7 4 54 74 203 759 2400 4286 8976 6701
 ... : 6 7 4 54 74 203 759 2400 4283 9006 6792
 ... : 6 7 4 54 74 203 759 2400 4283 9044 6900
 ... : 6 7 4 54 74 203 759 2400 4288 9076 7023
 ... : 6 7 4 54 74 203 759 2400 4292 9106 7127
 ... : 6 7 4 54 74 203 759 2400 4295 9125 7258
 ... : 6 7 4 54 74 203 759 2400 4300 9154 7358
 ... : 6 7 4 54 74 203 759 2400 4301 9178 7503
 ... : 6 7 4 54 74 203 759 2400 4303 9225 7586
 ... : 6 7 4 54 74 203 759 2400 4309 9255 7696
 ... : 6 7 4 54 74 203 759 2400 4317 9281 7817
 ... : 6 7 4 54 74 203 759 2400 4317 9296 7980
 ... : 6 7 4 54 74 203 759 2400 4319 9330 8091
 ... : 6 7 4 54 74 203 759 2400 4325 9364 8192
 ... : 6 7 4 54 74 203 759 2400 4325 9396 8327
 ... : 6 7 4 54 74 203 759 2400 4326 9426 8461
 ... : 6 7 4 54 74 203 759 2400 4326 9445 8613
 ... : 6 7 4 54 74 203 759 2400 4326 9472 8745
 ... : 6 7 4 54 74 203 759 2400 4326 9499 8883
 ... : 6 7 4 54 74 203 759 2400 4326 9537 8985
 ... : 6 7 4 54 74 203 759 2400 4329 9548 9135
 ... : 6 7 4 54 74 203 759 2400 4329 9550 9329
 ... : 6 7 4 54 74 203 759 2400 4329 9550 9530
 ... : 6 7 4 54 74 203 759 2400 4329 9550 9721
 ... : 6 7 4 54 74 203 759 2400 4329 9550 9922
 ... : 6 7 4 54 74 203 759 2400 4329 9550 10123
 ... : 6 7 4 54 74 203 759 2400 4329 9550 10323
 ... : 6 7 4 54 74 203 759 2400 4329 9550 10524
 ... : 6 7 4 54 74 203 759 2400 4329 9549 10725
 ... : 6 7 4 54 74 203 759 2400 4329 9549 10926
 ... : 6 7 4 54 74 203 759 2400 4329 9562 11096
 ... : 6 7 4 54 74 203 759 2400 4329 9572 11274
 ... : 6 7 4 54 74 203 759 2400 4329 9572 11474
 ... : 6 7 4 54 74 203 759 2400 4329 9577 11661
 ... : 6 7 4 54 74 203 759 2400 4329 9584 11841
 ... : 6 7 4 54 74 203 759 2400 4329 9588 12026
 ... : 6 7 4 54 74 203 759 2400 4330 9589 12221
 ... : 6 7 4 54 74 203 759 2400 4330 9589 12422
 ... : 6 7 4 54 74 203 759 2400 4330 9589 12618
 ... : 6 7 4 54 74 203 759 2400 4330 9565 12776
 ... : 6 7 4 54 74 203 759 2400 4330 9566 12975
 ... : 6 7 4 54 74 203 759 2400 4330 9568 13162
 ... : 6 7 4 54 74 203 759 2400 4330 9565 13358
 ... : 6 7 4 54 74 203 759 2400 4330 9567 13552
 ... : 6 7 4 54 74 203 759 2400 4330 9571 13743
 ... : 6 7 4 54 74 203 759 2400 4330 9574 13936
 ... : 6 7 4 54 74 203 759 2400 4330 9577 14131
 ... : 6 7 4 54 74 203 759 2400 4330 9587 14309
 ... : 6 7 4 54 74 203 759 2400 4330 9587 14507
 ... : 6 7 4 54 74 203 759 2400 4330 9592 14684
 ... : 6 7 4 54 74 203 759 2400 4330 9648 14747
 ... : 6 7 4 54 74 203 759 2400 4327 9654 14926
 ... : 6 7 4 54 74 203 759 2400 4328 9659 15106
 ... : 6 7 4 54 74 203 759 2400 4328 9659 15307
 ... : 6 7 4 54 74 203 759 2400 4328 9662 15501
 ... : 6 7 4 54 74 203 759 2400 4328 9669 15655
 ... : 6 7 4 54 74 203 759 2400 4327 9666 15855
