initialized model with 933 latches, 364 inputs and 1 properties
tsim: performed 17 steps
tsim: found cycle from 15
checking bound 0
checking bound 1
checking bound 2
tdecomp: unrolling 2 cycles
tsim: performed 15 steps
tsim: found cycle from 13
tsim: found 1 constants and 0 latch equivalences
tdecomp: (933, 1456) -> (932, 346)
 ... : 200
   2 : 283 106
 ... : 283 306
 ... : 282 507
 ... : 266 676
   3 : 49 188 400
   4 : 49 188 101 299
 ... : 49 188 132 426
 ... : 49 188 163 554
 ... : 49 190 195 672
 ... : 49 189 258 733
 ... : 49 190 312 806
   5 : 48 156 272 425 422
   6 : 48 154 269 413 125 444
 ... : 48 154 269 429 168 498
 ... : 48 167 285 449 203 531
 ... : 48 167 286 486 266 553
 ... : 48 167 289 490 308 619
 ... : 48 167 295 525 363 644
 ... : 48 167 295 539 416 700
 ... : 48 167 295 550 458 755
 ... : 48 167 295 559 516 816
 ... : 48 167 296 573 559 855
 ... : 48 167 296 586 615 907
 ... : 48 167 296 604 671 955
 ... : 48 167 300 626 722 998
 ... : 48 167 300 643 777 1053
 ... : 48 167 305 664 823 1092
 ... : 48 168 310 690 870 1132
 ... : 48 168 310 719 927 1165
 ... : 48 168 311 741 988 1199
 ... : 48 168 311 748 1033 1261
 ... : 48 168 313 759 1082 1316
 ... : 48 168 315 771 1133 1365
 ... : 48 169 326 794 1176 1410
 ... : 48 169 329 809 1230 1463
 ... : 48 171 338 824 1252 1508
 ... : 48 171 338 833 1307 1542
 ... : 48 171 341 844 1358 1593
 ... : 48 171 342 849 1416 1649
 ... : 48 171 346 856 1443 1699
 ... : 48 171 346 858 1477 1795
 ... : 48 171 348 870 1534 1850
 ... : 48 171 348 858 1561 1913
 ... : 48 171 348 863 1612 1972
 ... : 48 170 348 861 1628 2031
 ... : 48 170 348 861 1680 2114
 ... : 48 170 348 867 1722 2202
 ... : 48 170 349 875 1763 2277
 ... : 48 170 356 892 1802 2329
 ... : 48 170 353 884 1829 2411
 ... : 48 170 353 889 1855 2515
 ... : 48 169 349 893 1885 2631
 ... : 48 168 349 910 1935 2689
 ... : 48 168 352 919 1967 2774
 ... : 48 168 355 925 1990 2865
 ... : 48 169 359 931 1995 2929
   7 : 45 140 284 846 1817 2185 857
 ... : 45 140 284 846 1817 2205 1001
 ... : 45 140 284 846 1817 2209 1177
 ... : 45 140 284 846 1817 2229 1321
 ... : 45 140 284 846 1817 2283 1388
 ... : 45 140 284 846 1817 2339 1455
 ... : 45 140 284 846 1817 2400 1507
 ... : 45 140 284 846 1818 2448 1574
 ... : 45 140 284 846 1819 2496 1638
 ... : 45 140 284 846 1820 2555 1704
 ... : 45 140 284 846 1820 2613 1760
 ... : 45 140 284 846 1825 2652 1812
 ... : 45 140 284 846 1825 2689 1878
 ... : 45 140 284 846 1838 2738 1933
 ... : 45 140 284 846 1843 2792 1991
 ... : 45 140 284 846 1857 2854 2044
 ... : 45 140 284 846 1857 2908 2106
 ... : 45 140 284 846 1864 2970 2165
 ... : 45 140 284 846 1864 3027 2231
 ... : 45 140 284 846 1879 3081 2285
 ... : 45 140 284 846 1880 3134 2347
 ... : 45 140 284 846 1888 3192 2407
 ... : 45 140 284 846 1892 3249 2472
 ... : 45 140 284 846 1910 3295 2521
 ... : 45 140 284 846 1914 3346 2581
 ... : 45 140 284 846 1952 3394 2607
 ... : 45 140 284 846 1954 3440 2660
 ... : 45 140 284 846 2010 3503 2671
 ... : 45 140 284 846 2017 3542 2709
 ... : 45 140 284 846 2039 3598 2751
 ... : 45 140 284 846 2049 3649 2811
 ... : 45 140 284 846 2053 3702 2891
 ... : 45 140 284 846 2055 3731 2986
 ... : 45 140 284 846 2062 3790 3043
 ... : 45 140 284 846 2065 3834 3104
 ... : 45 140 284 846 2067 3894 3164
 ... : 45 140 284 846 2067 3957 3230
 ... : 45 140 284 846 2067 4019 3298
 ... : 45 140 284 846 2082 4074 3354
 ... : 45 140 284 846 2083 4137 3422
 ... : 45 140 284 846 2090 4200 3483
 ... : 45 140 284 846 2093 4260 3541
 ... : 45 140 284 846 2113 4326 3585
 ... : 45 140 284 846 2113 4389 3651
 ... : 45 140 284 846 2116 4438 3713
 ... : 45 140 284 846 2117 4489 3776
 ... : 45 140 284 846 2120 4553 3838
 ... : 45 140 284 846 2120 4616 3905
 ... : 45 140 284 846 2126 4673 3960
 ... : 45 139 284 845 2134 4735 4017
 ... : 45 139 284 845 2145 4797 4072
 ... : 45 139 284 844 2149 4848 4128
 ... : 45 139 284 844 2156 4909 4188
 ... : 45 139 284 844 2165 4971 4243
 ... : 45 139 284 844 2180 5025 4292
 ... : 45 139 284 844 2189 5087 4347
 ... : 45 139 284 844 2192 5145 4408
 ... : 45 139 284 844 2195 5202 4472
 ... : 45 139 284 844 2195 5268 4537
 ... : 45 139 284 844 2197 5330 4606
 ... : 45 139 284 844 2198 5394 4670
 ... : 45 139 284 844 2204 5449 4742
 ... : 45 139 284 844 2211 5506 4802
 ... : 45 139 284 844 2225 5563 4853
 ... : 45 139 284 844 2227 5626 4919
 ... : 45 139 284 844 2240 5686 4974
 ... : 45 139 284 844 2251 5743 5033
 ... : 45 139 284 845 2275 5794 5101
 ... : 45 139 284 847 2285 5846 5147
 ... : 45 139 284 847 2285 5906 5214
 ... : 45 139 284 847 2290 5967 5274
 ... : 45 139 284 847 2293 6028 5328
 ... : 45 139 284 847 2294 6086 5396
 ... : 45 139 284 847 2296 6148 5460
 ... : 45 139 284 849 2312 6199 5505
 ... : 45 139 284 849 2313 6264 5573
 ... : 45 139 284 849 2319 6317 5614
 ... : 45 139 284 849 2321 6376 5679
 ... : 45 139 284 849 2322 6415 5743
 ... : 45 139 284 849 2324 6473 5807
 ... : 45 139 284 849 2328 6523 5863
 ... : 45 139 284 849 2346 6571 5912
 ... : 45 139 284 848 2344 6606 5952
 ... : 45 139 284 848 2345 6668 6018
 ... : 45 139 284 848 2350 6726 6078
 ... : 45 139 284 848 2363 6784 6133
 ... : 45 139 284 848 2365 6844 6195
 ... : 45 139 284 848 2369 6903 6256
 ... : 45 139 284 848 2371 6961 6319
 ... : 45 139 284 848 2380 7019 6374
 ... : 45 139 284 848 2387 7079 6437
 ... : 45 139 284 848 2387 7136 6504
 ... : 45 139 284 848 2387 7201 6571
 ... : 45 139 284 848 2393 7252 6639
 ... : 45 139 284 848 2402 7306 6688
 ... : 45 139 284 848 2402 7360 6751
 ... : 45 139 284 848 2415 7412 6800
 ... : 45 139 284 848 2420 7468 6853
 ... : 45 139 284 848 2423 7532 6916
 ... : 45 139 284 848 2427 7592 6977
 ... : 45 139 284 848 2434 7656 7039
 ... : 45 139 284 848 2453 7710 7085
 ... : 45 139 284 848 2468 7761 7140
 ... : 45 139 284 848 2474 7821 7198
 ... : 45 139 284 848 2482 7878 7261
 ... : 45 139 284 848 2491 7927 7320
 ... : 45 139 284 847 2496 7935 7372
 ... : 45 139 284 847 2518 7985 7386
 ... : 45 139 284 847 2530 8045 7445
 ... : 45 139 284 846 2550 8096 7483
 ... : 45 139 284 846 2571 8134 7526
 ... : 45 139 284 846 2584 8189 7580
 ... : 45 139 284 846 2598 8244 7634
 ... : 45 139 284 846 2602 8296 7696
 ... : 45 139 284 846 2604 8333 7754
 ... : 45 139 284 846 2609 8377 7810
 ... : 45 139 284 846 2617 8436 7863
 ... : 45 139 284 846 2624 8491 7904
 ... : 45 139 284 846 2627 8542 7968
 ... : 45 139 284 846 2642 8600 8012
 ... : 45 139 284 846 2644 8650 8069
 ... : 45 139 284 846 2646 8702 8131
 ... : 45 139 284 846 2647 8753 8196
 ... : 45 139 284 846 2649 8801 8257
 ... : 45 139 284 846 2653 8857 8317
 ... : 45 139 284 846 2657 8914 8382
 ... : 45 139 284 846 2662 8958 8444
 ... : 45 139 284 846 2665 9015 8506
 ... : 45 139 284 846 2671 9070 8560
 ... : 45 139 284 846 2671 9130 8625
 ... : 45 139 284 846 2671 9194 8692
 ... : 45 139 284 846 2680 9251 8751
 ... : 45 139 284 846 2683 9309 8817
 ... : 45 139 284 846 2688 9363 8877
 ... : 45 139 284 846 2701 9424 8934
 ... : 45 139 284 846 2715 9479 8982
 ... : 45 139 284 846 2717 9541 9047
 ... : 45 139 284 846 2720 9598 9111
 ... : 45 139 284 846 2722 9657 9177
 ... : 45 139 284 846 2730 9720 9234
 ... : 45 139 284 846 2735 9780 9299
 ... : 45 139 284 846 2739 9841 9364
 ... : 45 139 284 846 2741 9901 9420
 ... : 45 139 284 846 2741 9967 9484
 ... : 45 139 284 846 2745 10022 9544
 ... : 45 139 284 846 2748 10084 9609
 ... : 45 139 284 846 2757 10144 9669
 ... : 45 139 284 846 2763 10203 9732
 ... : 45 139 284 846 2774 10257 9795
 ... : 45 139 284 846 2779 10320 9856
 ... : 45 139 284 846 2780 10384 9922
 ... : 45 139 284 846 2781 10445 9989
 ... : 45 139 284 846 2781 10504 10065
 ... : 45 139 284 846 2785 10561 10128
 ... : 45 139 284 846 2787 10624 10194
 ... : 45 139 284 846 2795 10683 10254
 ... : 45 139 284 846 2812 10738 10306
 ... : 45 139 284 846 2824 10791 10366
 ... : 45 139 284 853 2854 10838 10403
 ... : 45 139 284 854 2872 10883 10446
 ... : 45 139 284 854 2876 10927 10503
 ... : 45 139 284 854 2879 10988 10562
 ... : 45 139 284 854 2882 11045 10624
 ... : 45 139 284 854 2887 11108 10688
 ... : 45 139 284 854 2896 11148 10746
 ... : 45 139 284 854 2910 11208 10801
 ... : 45 139 284 854 2915 11273 10863
 ... : 45 139 284 854 2916 11338 10927
 ... : 45 139 284 859 2933 11393 10971
 ... : 45 139 284 859 2936 11439 11035
 ... : 45 139 284 859 2940 11493 11098
 ... : 45 139 284 859 2944 11556 11158
 ... : 45 139 284 859 2948 11611 11222
 ... : 45 139 284 859 2956 11674 11281
 ... : 45 139 284 859 2961 11728 11349
 ... : 45 139 284 859 2976 11787 11410
 ... : 45 139 284 861 3001 11837 11465
 ... : 45 139 284 861 3013 11894 11517
 ... : 45 139 284 865 3034 11942 11560
 ... : 45 139 284 865 3053 11994 11610
 ... : 45 139 284 865 3058 12047 11667
 ... : 45 139 284 865 3059 12108 11738
 ... : 45 139 284 865 3063 12152 11820
 ... : 45 139 284 865 3064 12206 11889
 ... : 45 139 284 865 3073 12251 11947
 ... : 45 139 284 865 3081 12285 12008
 ... : 45 139 284 865 3084 12328 12075
 ... : 45 139 284 865 3090 12367 12138
 ... : 45 139 284 865 3090 12421 12208
 ... : 45 139 284 865 3090 12470 12287
 ... : 45 139 284 865 3090 12526 12362
 ... : 45 139 284 866 3104 12570 12430
 ... : 45 139 284 867 3119 12608 12487
 ... : 45 139 284 867 3125 12648 12548
 ... : 45 139 284 867 3127 12707 12613
 ... : 45 139 284 867 3127 12758 12685
 ... : 45 139 284 867 3134 12805 12751
 ... : 45 139 284 866 3142 12855 12813
 ... : 45 139 284 866 3146 12906 12880
 ... : 45 139 284 866 3162 12949 12945
 ... : 45 139 284 866 3175 12990 13013
 ... : 45 139 284 869 3185 13023 13077
 ... : 45 139 284 873 3197 13042 13135
 ... : 45 139 284 874 3199 13078 13212
 ... : 45 139 284 874 3198 13117 13282
 ... : 45 139 284 876 3208 13154 13344
 ... : 45 139 284 876 3219 13190 13425
 ... : 45 139 284 876 3224 13241 13488
 ... : 45 139 284 876 3228 13296 13557
 ... : 45 139 284 876 3233 13340 13614
 ... : 45 139 284 876 3235 13386 13679
 ... : 45 139 284 877 3247 13412 13755
 ... : 45 139 284 877 3253 13425 13822
 ... : 45 139 284 877 3253 13467 13890
 ... : 45 139 284 877 3255 13502 13954
 ... : 45 139 284 877 3269 13526 14011
 ... : 45 139 284 877 3279 13549 14073
 ... : 45 139 284 879 3285 13568 14142
 ... : 45 139 284 882 3298 13618 14203
 ... : 45 139 284 888 3308 13669 14266
 ... : 45 139 284 890 3317 13707 14328
 ... : 45 139 284 895 3329 13744 14383
 ... : 45 139 284 896 3343 13779 14457
 ... : 45 139 284 896 3344 13831 14534
 ... : 45 139 284 896 3344 13882 14604
 ... : 45 139 284 896 3344 13924 14671
 ... : 45 139 284 896 3344 13967 14758
 ... : 45 139 284 899 3351 14022 14820
 ... : 45 139 284 906 3361 14060 14874
 ... : 45 139 284 907 3366 14092 14939
 ... : 45 139 284 907 3370 14119 14996
 ... : 45 139 284 907 3376 14136 15073
 ... : 45 139 284 907 3388 14159 15129
 ... : 45 139 284 907 3392 14190 15201
 ... : 45 139 284 907 3401 14236 15266
 ... : 45 139 284 907 3405 14300 15328
 ... : 45 139 284 907 3405 14363 15394
 ... : 45 139 284 907 3405 14424 15462
 ... : 45 139 284 907 3411 14480 15522
 ... : 45 139 284 907 3415 14537 15582
 ... : 45 139 284 907 3423 14600 15641
 ... : 45 139 284 907 3434 14656 15696
 ... : 45 139 284 907 3434 14714 15764
 ... : 45 139 284 907 3435 14779 15830
 ... : 45 139 284 906 3441 14841 15888
 ... : 45 139 284 906 3441 14905 15955
 ... : 45 139 284 906 3453 14964 16017
 ... : 45 139 284 906 3467 15021 16078
 ... : 45 139 284 906 3469 15082 16143
 ... : 45 139 284 906 3470 15132 16212
 ... : 45 139 284 906 3471 15196 16277
 ... : 45 139 284 906 3474 15257 16344
 ... : 45 139 284 906 3477 15313 16409
 ... : 45 139 284 906 3478 15367 16473
 ... : 45 139 284 906 3483 15429 16536
 ... : 45 139 284 906 3487 15493 16597
 ... : 45 139 284 906 3498 15551 16644
 ... : 45 139 284 906 3509 15609 16700
 ... : 45 139 284 906 3513 15668 16764
 ... : 45 139 284 905 3508 15727 16826
 ... : 45 139 284 904 3509 15784 16890
 ... : 45 139 284 903 3509 15842 16956
 ... : 45 139 284 900 3492 15886 17019
 ... : 45 139 284 900 3493 15944 17086
 ... : 45 139 284 904 3500 15989 17145
 ... : 45 139 284 903 3487 16012 17208
 ... : 45 139 284 901 3484 16062 17267
 ... : 45 139 284 899 3477 16126 17336
 ... : 45 139 284 897 3468 16178 17400
 ... : 45 139 284 903 3497 16229 17434
 ... : 45 138 284 906 3520 16273 17469
 ... : 45 138 284 907 3525 16323 17530
 ... : 45 138 284 907 3531 16385 17590
 ... : 45 138 284 908 3549 16443 17637
 ... : 45 138 284 909 3564 16502 17693
 ... : 45 138 284 900 3557 16540 17757
 ... : 45 138 284 901 3564 16602 17815
 ... : 45 138 284 902 3580 16663 17865
 ... : 45 138 284 903 3586 16720 17927
 ... : 45 138 284 905 3599 16778 17976
 ... : 45 138 284 907 3613 16829 18032
 ... : 45 138 284 908 3619 16889 18093
 ... : 45 138 284 912 3626 16946 18153
 ... : 45 138 284 912 3622 17000 18212
 ... : 45 138 284 911 3621 17054 18273
 ... : 45 138 284 914 3632 17112 18329
 ... : 45 138 284 915 3641 17170 18386
 ... : 45 138 284 916 3648 17232 18438
 ... : 45 137 283 915 3672 17290 18476
 ... : 45 137 283 919 3688 17346 18528
 ... : 45 137 283 920 3698 17384 18578
 ... : 45 137 283 920 3711 17449 18628
