initialized model with 933 latches, 364 inputs and 1 properties
tsim: performed 17 steps
tsim: found cycle from 15
checking bound 0
checking bound 1
checking bound 2
tdecomp: unrolling 2 cycles
tsim: performed 15 steps
tsim: found cycle from 13
tsim: found 1 constants and 0 latch equivalences
tdecomp: (933, 1456) -> (932, 338)
 ... : 200
   2 : 202 24
 ... : 197 207
 ... : 122 368
   3 : 70 201 188
   4 : 70 200 101 194
 ... : 70 200 124 331
 ... : 70 204 158 402
   5 : 70 206 166 103 350
   6 : 70 206 170 74 27 406
 ... : 70 206 170 74 28 514
 ... : 70 206 170 86 32 581
 ... : 70 206 180 110 39 611
 ... : 70 206 184 132 54 656
 ... : 70 206 189 146 81 706
 ... : 70 206 198 163 96 742
 ... : 70 206 207 183 119 776
 ... : 70 210 225 208 147 796
 ... : 70 211 227 221 175 845
 ... : 70 211 238 258 199 878
 ... : 70 211 242 273 249 926
 ... : 70 211 244 277 302 983
 ... : 70 212 246 281 322 1019
 ... : 70 214 260 297 349 1062
 ... : 70 215 267 306 381 1117
 ... : 70 216 270 298 368 1141
 ... : 70 225 308 320 368 1177
 ... : 70 227 355 365 375 1195
 ... : 70 227 364 385 390 1219
 ... : 70 230 397 415 400 1240
 ... : 70 231 399 427 414 1273
 ... : 71 240 421 454 430 1296
 ... : 71 240 425 475 460 1330
 ... : 71 241 431 490 490 1373
 ... : 71 241 436 510 524 1408
 ... : 74 264 464 532 535 1432
 ... : 74 268 492 567 560 1450
 ... : 74 269 503 588 593 1481
 ... : 74 269 503 595 611 1548
 ... : 74 269 508 604 641 1601
 ... : 74 269 509 613 696 1659
 ... : 74 269 507 628 734 1716
 ... : 74 269 507 652 766 1754
 ... : 74 269 515 671 799 1802
 ... : 74 269 518 681 844 1856
 ... : 78 280 539 692 856 1892
 ... : 78 299 562 703 864 1913
 ... : 78 304 564 700 867 1931
 ... : 78 304 565 709 903 1973
 ... : 78 304 569 716 935 1994
 ... : 78 304 576 746 958 2005
 ... : 78 304 581 799 1006 2017
 ... : 78 306 588 840 1042 2042
 ... : 78 306 594 891 1095 2059
 ... : 78 306 597 922 1133 2082
 ... : 78 306 597 932 1186 2143
 ... : 78 306 597 935 1199 2177
 ... : 78 306 599 956 1226 2213
 ... : 78 306 606 990 1269 2253
 ... : 78 306 609 1002 1316 2308
 ... : 78 306 610 1014 1353 2357
 ... : 78 306 620 1041 1397 2394
 ... : 78 306 625 1043 1434 2431
 ... : 78 306 626 1061 1484 2462
 ... : 78 306 626 1069 1534 2507
 ... : 78 306 628 1105 1590 2534
 ... : 78 306 647 1129 1619 2567
 ... : 78 310 663 1148 1623 2591
 ... : 78 310 663 1163 1657 2623
 ... : 78 310 668 1187 1680 2629
 ... : 78 310 668 1200 1725 2684
 ... : 78 310 671 1214 1745 2720
 ... : 78 310 672 1218 1757 2763
 ... : 78 310 672 1236 1797 2804
 ... : 78 310 674 1252 1791 2843
 ... : 78 310 675 1260 1810 2887
 ... : 78 312 679 1251 1809 2941
 ... : 78 315 688 1271 1828 2921
 ... : 78 315 688 1272 1865 2974
 ... : 77 291 720 1315 1884 2978
 ... : 78 290 715 1341 1926 2983
 ... : 78 291 658 1275 1945 2999
 ... : 78 291 663 1311 1973 3023
 ... : 78 291 673 1332 2000 3060
 ... : 76 292 679 1354 2027 3088
 ... : 76 291 692 1384 2061 3120
 ... : 76 291 695 1401 2096 3164
 ... : 76 292 703 1420 2124 3209
 ... : 76 293 707 1435 2155 3242
 ... : 76 293 700 1436 2189 3282
 ... : 76 294 707 1464 2215 3306
 ... : 76 293 704 1427 2218 3258
 ... : 76 298 709 1452 2261 3287
 ... : 79 298 725 1467 2282 3304
 ... : 79 297 616 1448 2300 3330
 ... : 79 296 596 1435 2349 3376
 ... : 78 291 564 1333 2324 3342
 ... : 78 291 564 1304 2278 3364
 ... : 78 291 564 1308 2334 3438
 ... : 78 290 562 1169 2321 3460
 ... : 78 290 563 1161 2224 3455
 ... : 78 290 567 1155 2094 3470
 ... : 73 215 443 1110 1939 3205
 ... : 73 214 441 1128 1962 3265
 ... : 74 206 430 1100 1921 3220
 ... : 73 204 400 1103 1973 3281
 ... : 73 204 399 1106 1999 3327
 ... : 72 199 381 1099 2018 3386
 ... : 71 192 365 1114 2043 3424
 ... : 71 190 359 1102 2064 3505
 ... : 71 190 359 1104 2118 3560
 ... : 71 190 358 1093 2141 3615
 ... : 71 190 358 1099 2172 3675
 ... : 70 189 355 1092 2173 3741
 ... : 70 189 355 1092 2178 3796
 ... : 69 187 345 1074 2220 3856
 ... : 69 187 342 1067 2230 3942
 ... : 69 186 336 1060 2272 4004
 ... : 69 186 334 1039 2311 4021
 ... : 68 164 320 1025 2329 4067
 ... : 68 162 318 1018 2333 4101
 ... : 68 160 311 1028 2356 4136
 ... : 68 160 313 1033 2341 4154
 ... : 68 160 312 1035 2325 4222
 ... : 68 160 312 1044 2346 4293
   7 : 11 19 31 85 634 1434 1784
 ... : 11 19 31 85 633 1442 1886
 ... : 11 19 31 85 624 1442 2051
 ... : 11 19 31 85 622 1285 2134
 ... : 11 19 31 85 619 1291 2261
 ... : 11 19 31 85 619 1293 2426
 ... : 11 19 31 85 619 1327 2531
 ... : 11 19 31 85 618 1364 2642
 ... : 11 19 31 85 618 1359 2784
 ... : 11 19 31 85 617 1383 2867
 ... : 11 19 31 85 613 1409 2965
 ... : 11 19 31 85 601 1422 3052
 ... : 11 19 31 86 581 1413 3154
 ... : 11 19 31 85 579 1438 3265
 ... : 11 19 31 85 580 1460 3382
 ... : 11 19 31 85 578 1466 3488
 ... : 11 19 31 85 578 1469 3597
 ... : 11 18 31 85 578 1484 3737
 ... : 11 18 31 85 571 1488 3883
 ... : 11 18 31 85 571 1477 4070
 ... : 11 18 31 85 571 1490 4220
 ... : 11 18 31 85 573 1516 4331
 ... : 11 18 31 85 573 1521 4504
 ... : 11 18 31 84 569 1539 4627
 ... : 11 18 31 84 572 1564 4748
 ... : 11 18 31 84 576 1586 4826
 ... : 11 18 31 84 573 1590 4936
 ... : 11 18 31 84 572 1603 5063
 ... : 11 18 31 84 575 1637 5170
 ... : 11 18 31 84 578 1666 5274
 ... : 11 18 31 84 579 1671 5433
 ... : 11 18 31 84 587 1709 5504
 ... : 11 18 31 84 585 1712 5591
 ... : 11 18 31 84 584 1725 5701
 ... : 11 18 31 84 583 1747 5809
 ... : 11 18 31 84 566 1748 5952
 ... : 11 18 29 84 566 1720 6097
 ... : 11 18 29 84 562 1739 6235
 ... : 11 18 29 84 562 1768 6341
 ... : 11 18 29 84 561 1791 6470
 ... : 11 18 29 84 561 1794 6643
 ... : 11 18 29 84 561 1801 6814
 ... : 11 18 28 84 563 1813 6890
 ... : 11 18 27 85 572 1832 7003
 ... : 11 18 27 85 573 1827 7194
 ... : 11 18 27 85 573 1827 7391
 ... : 11 18 27 85 573 1827 7575
 ... : 11 18 27 85 573 1834 7742
 ... : 11 18 27 85 573 1836 7929
 ... : 11 18 27 85 576 1835 8102
   8 : 7 11 25 83 360 1384 5737 2446
 ... : 7 11 25 83 360 1384 5737 2646
 ... : 7 11 25 83 360 1384 5737 2847
 ... : 7 11 25 83 360 1384 5737 3048
 ... : 7 11 25 83 360 1384 5737 3249
 ... : 7 11 25 83 360 1384 5737 3450
 ... : 7 11 25 83 360 1384 5737 3651
 ... : 7 11 25 83 360 1384 5737 3852
 ... : 7 11 25 83 360 1384 5737 4050
 ... : 7 11 25 83 360 1384 5737 4251
 ... : 7 11 25 83 360 1384 5737 4451
 ... : 7 11 25 83 360 1384 5737 4652
 ... : 7 11 25 83 360 1384 5737 4853
 ... : 7 11 25 83 360 1384 5737 5053
 ... : 7 11 25 83 360 1384 5742 5243
 ... : 7 11 25 83 360 1384 5742 5443
 ... : 7 11 25 83 360 1384 5742 5643
 ... : 7 11 25 83 360 1384 5742 5844
 ... : 7 11 25 83 360 1384 5742 6045
 ... : 7 11 25 83 360 1384 5743 6237
 ... : 7 11 25 83 360 1384 5743 6438
 ... : 7 11 25 83 360 1384 5743 6639
 ... : 7 11 25 83 360 1384 5743 6840
 ... : 7 11 25 83 360 1384 5743 7040
 ... : 7 11 25 83 360 1384 5743 7241
 ... : 7 11 25 83 360 1384 5743 7441
 ... : 7 11 25 83 360 1384 5743 7642
 ... : 7 11 25 83 360 1386 5772 7779
 ... : 7 11 25 83 360 1386 5774 7974
 ... : 7 11 25 83 360 1386 5775 8163
 ... : 7 11 25 83 360 1388 5794 8305
 ... : 7 11 25 83 360 1388 5794 8504
 ... : 7 11 25 83 360 1388 5811 8662
 ... : 7 11 25 83 360 1388 5809 8859
 ... : 7 11 25 83 360 1388 5814 9043
 ... : 7 11 25 83 360 1390 5823 9223
 ... : 7 11 25 83 360 1390 5826 9388
 ... : 7 11 25 83 360 1389 5831 9571
 ... : 7 11 25 83 360 1389 5836 9762
 ... : 7 11 25 83 360 1389 5862 9897
 ... : 7 11 25 83 360 1389 5861 10098
 ... : 7 11 25 83 360 1389 5865 10289
 ... : 7 11 25 83 360 1389 5870 10475
 ... : 7 11 25 83 360 1389 5870 10676
 ... : 7 11 25 83 360 1389 5870 10876
 ... : 7 11 25 83 360 1389 5870 11077
 ... : 7 11 25 83 360 1389 5871 11269
 ... : 7 11 25 83 360 1389 5895 11412
 ... : 7 11 25 83 360 1391 5922 11524
 ... : 7 11 25 83 360 1391 5921 11719
 ... : 7 11 25 83 360 1391 5915 11859
 ... : 7 11 25 83 361 1397 5958 11952
 ... : 7 11 25 83 361 1397 5960 12142
 ... : 7 11 25 83 361 1397 5974 12315
 ... : 7 11 25 83 361 1397 5975 12492
 ... : 7 11 25 83 361 1397 5972 12664
 ... : 7 11 25 83 361 1397 5972 12865
 ... : 7 11 25 83 361 1397 5972 13064
 ... : 7 11 25 83 361 1397 5972 13265
 ... : 7 11 25 83 361 1397 5972 13450
 ... : 7 11 25 83 361 1398 5972 13616
 ... : 7 11 25 83 361 1399 5974 13792
 ... : 7 11 25 83 361 1399 5974 13980
 ... : 7 11 25 83 361 1399 5974 14180
 ... : 7 11 25 83 361 1399 5974 14381
 ... : 7 11 25 83 361 1399 5974 14579
 ... : 7 11 25 83 361 1399 5974 14780
 ... : 7 11 25 83 362 1399 5975 14968
 ... : 7 11 25 83 362 1399 5975 15151
   9 : 7 10 23 76 314 1217 5592 11343 4088
 ... : 7 10 23 76 314 1217 5592 11343 4288
 ... : 7 10 23 76 314 1217 5592 11343 4489
 ... : 7 10 23 76 314 1217 5592 11343 4690
 ... : 7 10 23 76 314 1217 5592 11343 4891
 ... : 7 10 23 76 314 1217 5592 11343 5092
 ... : 7 10 23 76 314 1217 5592 11343 5293
 ... : 7 10 23 76 314 1217 5592 11350 5479
 ... : 7 10 23 76 314 1217 5592 11350 5678
 ... : 7 10 23 76 314 1217 5592 11349 5879
 ... : 7 10 23 76 314 1217 5592 11349 6080
 ... : 7 10 23 76 314 1217 5592 11349 6279
 ... : 7 10 23 76 314 1217 5592 11345 6480
 ... : 7 10 23 76 314 1217 5592 11345 6681
 ... : 7 10 23 76 314 1217 5592 11345 6882
 ... : 7 10 23 76 314 1217 5592 11345 7083
 ... : 7 10 23 76 314 1217 5592 11345 7284
 ... : 7 10 23 76 314 1217 5592 11345 7485
 ... : 7 10 23 76 314 1217 5592 11347 7662
 ... : 7 10 23 76 314 1217 5592 11352 7850
 ... : 7 10 23 76 314 1217 5592 11352 8049
 ... : 7 10 23 76 314 1217 5592 11352 8246
 ... : 7 10 23 76 314 1217 5592 11352 8447
 ... : 7 10 23 76 314 1217 5592 11360 8631
 ... : 7 10 23 76 314 1217 5592 11365 8822
 ... : 7 10 23 76 314 1217 5592 11378 8993
 ... : 7 10 23 76 314 1217 5592 11413 9113
 ... : 7 10 23 76 314 1217 5592 11424 9288
 ... : 7 10 23 76 314 1217 5592 11434 9469
 ... : 7 10 23 76 314 1217 5592 11438 9660
 ... : 7 10 23 76 314 1217 5592 11439 9860
 ... : 7 10 23 76 314 1217 5592 11438 10061
 ... : 7 10 23 76 314 1217 5592 11438 10262
 ... : 7 10 23 76 314 1217 5592 11439 10447
 ... : 7 10 23 76 314 1217 5592 11437 10648
 ... : 7 10 23 76 314 1217 5592 11441 10841
 ... : 7 10 23 76 314 1217 5592 11464 10996
 ... : 7 10 23 76 314 1217 5592 11459 11195
 ... : 7 10 23 76 314 1217 5592 11461 11391
 ... : 7 10 23 76 314 1217 5592 11470 11570
 ... : 7 10 23 76 314 1217 5592 11494 11722
 ... : 7 10 23 76 314 1217 5598 11531 11823
 ... : 7 10 23 76 314 1217 5602 11552 11961
 ... : 7 10 23 76 314 1217 5602 11562 12141
 ... : 7 10 23 76 314 1217 5602 11566 12327
 ... : 7 10 23 76 314 1217 5602 11566 12527
 ... : 7 10 23 76 314 1217 5602 11582 12689
 ... : 7 10 23 76 314 1217 5602 11579 12884
 ... : 7 10 23 76 314 1217 5602 11587 13069
 ... : 7 10 23 76 314 1217 5602 11646 13149
 ... : 7 10 23 76 314 1217 5605 11681 13252
 ... : 7 10 23 76 314 1217 5605 11685 13437
 ... : 7 10 23 76 314 1217 5605 11701 13604
 ... : 7 10 23 76 314 1217 5605 11702 13801
 ... : 7 10 23 76 314 1217 5605 11702 14002
 ... : 7 10 23 76 314 1217 5605 11689 14201
 ... : 7 10 23 76 314 1217 5605 11689 14394
 ... : 7 10 23 76 314 1217 5605 11687 14594
 ... : 7 10 23 76 314 1217 5605 11699 14768
 ... : 7 10 23 76 314 1217 5605 11724 14907
 ... : 7 10 23 76 314 1217 5605 11722 15107
 ... : 7 10 23 76 314 1217 5605 11743 15244
 ... : 7 10 23 76 314 1217 5605 11773 15383
 ... : 7 10 23 76 314 1217 5605 11824 15467
 ... : 7 10 23 76 314 1217 5605 11860 15582
 ... : 7 10 23 76 314 1217 5605 11916 15663
 ... : 7 10 23 76 314 1217 5605 11966 15748
 ... : 7 10 23 76 314 1217 5605 12008 15852
 ... : 7 10 23 76 314 1217 5605 12058 15943
 ... : 7 10 23 76 314 1217 5605 12089 16073
