initialized model with 933 latches, 364 inputs and 1 properties
tsim: performed 17 steps
tsim: found cycle from 15
checking bound 0
checking bound 1
checking bound 2
tdecomp: unrolling 2 cycles
tsim: performed 15 steps
tsim: found cycle from 13
tsim: found 1 constants and 0 latch equivalences
tdecomp: (933, 1456) -> (932, 332)
 ... : 200
   2 : 194 72
 ... : 194 272
   3 : 168 189 123
   4 : 168 189 69 54
 ... : 168 189 69 254
   5 : 166 187 65 175 122
 ... : 166 187 65 183 299
 ... : 151 167 64 211 315
 ... : 148 164 61 218 336
 ... : 147 163 60 197 485
   6 : 15 6 10 193 153 273
 ... : 15 6 10 194 171 387
 ... : 15 6 12 182 190 453
 ... : 15 6 12 154 211 522
   7 : 15 5 10 39 231 298 280
 ... : 15 5 10 39 233 304 456
 ... : 15 5 10 39 238 331 538
 ... : 15 5 9 38 237 345 639
 ... : 15 5 9 38 249 367 690
 ... : 15 5 9 38 250 391 776
 ... : 15 6 11 39 257 414 876
   8 : 15 5 11 38 240 335 628 357
 ... : 15 5 11 38 240 335 627 556
 ... : 15 5 11 38 240 335 650 694
 ... : 15 5 11 38 245 344 689 740
 ... : 15 5 11 38 251 356 712 821
 ... : 15 5 11 38 251 359 724 954
 ... : 15 5 11 38 254 366 741 1040
 ... : 15 5 11 38 254 366 750 1193
 ... : 15 5 11 38 254 365 769 1334
 ... : 15 5 11 38 258 370 788 1396
 ... : 15 5 11 38 259 374 798 1533
 ... : 15 5 11 38 259 374 806 1687
 ... : 15 5 11 38 259 375 807 1852
 ... : 15 5 11 38 259 377 844 1948
 ... : 15 5 11 38 259 378 869 2083
 ... : 15 5 11 38 259 378 883 2239
   9 : 15 5 10 35 238 339 695 1484 889
 ... : 15 5 10 35 238 338 690 1460 1062
 ... : 15 5 10 35 238 338 690 1468 1234
 ... : 15 5 10 35 238 338 690 1485 1396
 ... : 15 5 10 35 238 338 698 1518 1482
 ... : 15 5 10 35 238 337 694 1510 1656
 ... : 15 5 10 35 238 337 694 1509 1856
 ... : 15 5 10 35 238 337 697 1514 1921
 ... : 15 5 10 35 238 337 699 1536 2055
 ... : 15 5 10 35 238 337 698 1545 2215
 ... : 15 5 10 35 238 337 695 1549 2361
 ... : 15 5 10 35 238 337 695 1564 2503
 ... : 15 5 10 35 238 337 695 1565 2690
 ... : 15 5 10 35 238 337 697 1572 2865
 ... : 15 5 10 35 237 341 708 1596 2946
 ... : 15 5 10 35 236 343 709 1617 3058
  10 : 15 5 10 34 236 322 672 1524 2620 634
 ... : 15 5 10 34 236 322 671 1521 2615 834
 ... : 15 5 10 34 236 322 671 1521 2615 1034
 ... : 15 5 10 34 236 322 671 1521 2615 1235
 ... : 15 5 10 34 236 322 671 1519 2614 1435
 ... : 15 5 10 34 236 322 670 1515 2616 1628
 ... : 15 5 10 34 236 322 670 1515 2616 1825
 ... : 15 5 10 34 236 322 670 1515 2613 2024
 ... : 15 5 10 34 236 322 670 1515 2613 2225
 ... : 15 5 10 34 236 322 670 1515 2613 2426
 ... : 15 5 10 34 236 322 670 1515 2627 2592
 ... : 15 5 10 34 236 322 670 1515 2627 2793
 ... : 15 5 10 34 236 322 670 1515 2626 2990
 ... : 15 5 10 34 236 322 670 1515 2626 3191
 ... : 15 5 10 34 236 322 670 1515 2626 3392
 ... : 15 5 10 34 236 322 670 1515 2626 3592
 ... : 15 5 10 34 236 322 670 1515 2638 3763
 ... : 15 5 10 34 236 322 670 1516 2673 3851
 ... : 15 5 10 34 236 322 670 1513 2658 4041
 ... : 15 5 10 34 236 322 670 1513 2658 4242
 ... : 15 5 10 34 236 322 670 1520 2680 4385
 ... : 15 5 10 34 236 322 670 1520 2680 4580
 ... : 15 5 10 34 236 322 670 1520 2689 4755
 ... : 15 5 10 34 236 322 670 1520 2688 4876
 ... : 15 5 10 34 236 322 670 1526 2714 4976
 ... : 15 5 10 34 236 322 670 1526 2714 5175
 ... : 15 5 10 34 236 322 670 1526 2711 5373
 ... : 15 5 10 34 236 322 670 1526 2710 5574
 ... : 15 5 10 34 236 322 670 1526 2710 5775
 ... : 15 5 10 34 236 322 670 1526 2710 5976
 ... : 15 5 10 34 236 322 670 1526 2710 6177
 ... : 15 5 10 34 236 322 670 1526 2710 6378
 ... : 15 5 10 34 236 322 670 1526 2740 6516
 ... : 15 5 10 34 236 322 670 1526 2746 6703
 ... : 15 5 10 34 236 322 670 1526 2761 6874
 ... : 15 5 10 34 236 322 669 1525 2764 7067
 ... : 15 5 10 34 236 322 669 1525 2780 7230
 ... : 15 5 10 34 236 322 669 1525 2790 7384
 ... : 15 5 10 34 236 322 669 1525 2806 7545
 ... : 15 5 10 34 236 322 669 1530 2839 7644
 ... : 15 5 10 34 236 322 669 1529 2846 7821
 ... : 15 5 10 34 236 322 669 1530 2861 7983
 ... : 15 5 10 34 236 322 669 1534 2897 8092
 ... : 15 5 10 34 236 322 669 1534 2897 8293
 ... : 15 5 10 34 236 322 669 1535 2899 8466
 ... : 15 5 10 34 236 322 669 1535 2905 8646
 ... : 15 5 10 34 236 322 669 1535 2905 8847
  11 : 15 5 10 32 79 250 464 1218 2751 7089 1608
 ... : 15 5 10 32 79 250 464 1217 2751 7089 1808
 ... : 15 5 10 32 79 250 464 1217 2751 7089 2009
 ... : 15 5 10 32 79 250 464 1217 2751 7089 2210
 ... : 15 5 10 32 79 250 464 1217 2751 7101 2385
 ... : 15 5 10 32 79 250 464 1217 2751 7106 2575
 ... : 15 5 10 32 79 250 464 1217 2751 7109 2769
 ... : 15 5 10 32 79 250 464 1217 2751 7109 2969
 ... : 15 5 10 32 79 250 464 1217 2751 7108 3169
 ... : 15 5 10 32 79 250 464 1217 2751 7108 3370
 ... : 15 5 10 32 79 250 464 1217 2751 7125 3536
 ... : 15 5 10 32 79 250 464 1217 2751 7141 3697
 ... : 15 5 10 32 79 250 464 1217 2751 7153 3864
 ... : 15 5 10 32 79 250 464 1217 2751 7183 3990
 ... : 15 5 10 32 79 250 464 1217 2751 7185 4152
 ... : 15 5 10 32 79 250 464 1217 2751 7185 4353
 ... : 15 5 10 32 79 250 464 1217 2751 7185 4554
 ... : 15 5 10 32 79 250 464 1217 2751 7193 4737
 ... : 15 5 10 32 79 250 464 1217 2751 7196 4926
 ... : 15 5 10 32 79 250 464 1217 2751 7196 5125
 ... : 15 5 10 32 79 250 464 1217 2751 7196 5326
 ... : 15 5 10 32 79 250 464 1217 2751 7194 5523
 ... : 15 5 10 32 79 250 464 1217 2751 7196 5718
 ... : 15 5 10 32 79 250 464 1217 2751 7208 5891
 ... : 15 5 10 32 79 250 464 1217 2753 7227 6048
 ... : 15 5 10 32 79 250 464 1217 2753 7239 6217
 ... : 15 5 10 32 79 250 464 1217 2753 7237 6417
 ... : 15 5 10 32 79 250 464 1217 2753 7236 6618
 ... : 15 5 10 32 79 250 464 1217 2753 7233 6818
 ... : 15 5 10 32 79 250 464 1217 2753 7240 6995
 ... : 15 5 10 32 79 250 464 1217 2753 7240 7196
 ... : 15 5 10 32 79 250 464 1217 2753 7240 7371
 ... : 15 5 10 32 79 250 464 1217 2753 7262 7520
 ... : 15 5 10 32 79 250 464 1217 2753 7296 7639
 ... : 15 5 10 32 79 250 464 1217 2753 7331 7762
 ... : 15 5 10 32 79 250 464 1217 2753 7352 7919
 ... : 15 5 10 32 79 250 464 1217 2753 7386 8046
 ... : 15 5 10 32 79 250 464 1217 2753 7392 8235
 ... : 15 5 10 32 79 250 464 1217 2753 7410 8392
 ... : 15 5 10 32 79 250 464 1217 2752 7430 8537
 ... : 15 5 10 32 79 250 464 1217 2749 7446 8628
 ... : 15 5 10 32 79 250 464 1217 2749 7478 8745
 ... : 15 5 10 32 79 250 463 1215 2738 7466 8908
 ... : 15 5 10 32 79 250 463 1215 2729 7487 9022
 ... : 15 5 10 32 79 250 463 1215 2729 7520 9143
 ... : 15 5 10 32 79 250 463 1215 2729 7525 9313
 ... : 15 5 10 32 79 250 461 1214 2728 7524 9511
 ... : 15 5 10 32 79 250 461 1214 2728 7540 9672
 ... : 15 5 10 32 79 250 461 1214 2728 7532 9824
 ... : 15 5 10 32 79 250 461 1214 2728 7531 10025
 ... : 15 5 10 32 79 250 461 1214 2728 7564 10156
 ... : 15 5 10 32 79 250 461 1214 2728 7587 10308
 ... : 15 5 10 32 79 250 461 1214 2728 7598 10482
 ... : 15 5 10 32 79 250 461 1214 2728 7619 10640
 ... : 15 5 10 32 79 250 461 1214 2728 7642 10787
 ... : 15 5 10 32 79 250 461 1214 2728 7685 10896
 ... : 15 5 10 32 79 250 461 1214 2728 7700 11053
 ... : 15 5 10 32 79 250 461 1214 2728 7709 11229
 ... : 15 5 10 32 79 250 461 1214 2728 7740 11363
 ... : 15 5 10 32 79 250 461 1214 2728 7757 11509
 ... : 15 5 10 32 79 250 461 1214 2728 7769 11672
 ... : 15 5 10 32 79 250 461 1214 2728 7801 11803
 ... : 15 5 10 32 79 250 461 1214 2728 7811 11964
 ... : 15 5 10 32 79 250 461 1214 2728 7836 12101
 ... : 15 5 10 32 79 250 461 1214 2728 7841 12285
 ... : 15 5 10 32 79 250 461 1214 2728 7840 12486
 ... : 15 5 10 32 79 250 461 1214 2729 7843 12665
 ... : 15 5 10 32 79 250 461 1214 2729 7846 12855
 ... : 15 5 10 32 79 250 461 1214 2729 7846 13056
 ... : 15 5 10 32 79 250 461 1213 2729 7845 13251
 ... : 15 5 10 32 79 250 461 1213 2729 7844 13452
 ... : 15 5 10 32 79 250 461 1213 2729 7853 13630
 ... : 15 5 10 32 79 250 461 1213 2729 7875 13784
 ... : 15 5 10 32 79 250 461 1213 2729 7873 13985
 ... : 15 5 10 32 79 250 461 1213 2729 7904 14105
 ... : 15 5 10 32 79 250 461 1213 2729 7935 14234
 ... : 15 5 10 32 79 250 461 1213 2729 7935 14435
 ... : 15 5 10 32 79 250 461 1213 2729 7935 14635
 ... : 15 5 10 32 79 250 461 1213 2729 7934 14832
 ... : 15 5 10 32 79 250 461 1213 2729 7947 14978
 ... : 15 5 10 32 79 250 461 1214 2733 7983 15048
 ... : 15 5 10 32 79 250 461 1214 2734 7991 15221
 ... : 15 5 10 32 79 250 461 1214 2734 8019 15350
 ... : 15 5 10 32 79 250 461 1214 2734 8067 15444
 ... : 15 5 10 32 79 250 461 1214 2734 8087 15597
 ... : 15 5 10 32 79 250 461 1214 2736 8100 15758
 ... : 15 5 10 32 79 250 461 1214 2736 8102 15950
 ... : 15 5 10 32 79 250 461 1214 2736 8105 16145
 ... : 15 5 10 32 79 250 461 1214 2736 8102 16334
 ... : 15 5 10 32 79 250 461 1214 2736 8102 16532
 ... : 15 5 10 32 79 250 461 1214 2736 8101 16708
 ... : 15 5 10 32 79 250 461 1214 2736 8101 16909
  12 : 15 5 10 32 78 250 441 1135 2750 7416 15194 2045
 ... : 15 5 10 32 78 250 441 1135 2750 7416 15194 2245
 ... : 15 5 10 32 78 250 441 1135 2750 7415 15203 2424
 ... : 15 5 10 32 78 250 441 1135 2750 7415 15201 2625
 ... : 15 5 10 32 78 250 441 1135 2750 7415 15201 2826
 ... : 15 5 10 32 78 250 441 1135 2750 7415 15201 3027
 ... : 15 5 10 32 78 250 441 1135 2750 7415 15201 3228
 ... : 15 5 10 32 78 250 441 1135 2750 7415 15201 3429
 ... : 15 5 10 32 78 250 441 1135 2750 7415 15201 3630
 ... : 15 5 10 32 78 250 441 1135 2750 7415 15208 3812
 ... : 15 5 10 32 78 250 441 1135 2750 7415 15209 4010
 ... : 15 5 10 32 78 250 440 1135 2750 7415 15210 4190
 ... : 15 5 10 32 78 250 440 1135 2750 7415 15211 4388
 ... : 15 5 10 32 78 250 440 1135 2750 7415 15219 4571
 ... : 15 5 10 32 78 250 440 1135 2750 7415 15217 4769
 ... : 15 5 10 32 78 250 440 1135 2751 7417 15236 4919
 ... : 15 5 10 32 78 250 440 1135 2751 7417 15238 5090
 ... : 15 5 10 32 78 250 440 1135 2751 7417 15239 5285
 ... : 15 5 10 32 78 250 440 1135 2751 7417 15239 5486
 ... : 15 5 10 32 78 250 440 1135 2751 7417 15246 5670
 ... : 15 5 10 32 78 250 440 1135 2752 7419 15261 5835
 ... : 15 5 10 32 78 250 440 1135 2752 7419 15261 6030
 ... : 15 5 10 32 78 250 440 1135 2752 7409 15272 6190
 ... : 15 5 10 32 78 250 440 1135 2752 7409 15285 6360
 ... : 15 5 10 32 78 250 440 1135 2752 7409 15305 6505
 ... : 15 5 10 32 78 250 440 1135 2752 7409 15320 6668
 ... : 15 5 10 32 78 250 440 1135 2752 7409 15344 6796
 ... : 15 5 10 32 78 250 440 1135 2752 7413 15380 6907
 ... : 15 5 10 32 78 250 440 1135 2752 7413 15399 7061
 ... : 15 5 10 32 78 250 440 1135 2752 7413 15426 7190
 ... : 15 5 10 32 78 250 440 1135 2752 7415 15433 7365
 ... : 15 5 10 32 78 250 440 1135 2752 7420 15449 7521
 ... : 15 5 10 32 78 250 440 1135 2752 7421 15468 7662
 ... : 15 5 10 32 78 250 440 1135 2752 7421 15496 7803
 ... : 15 5 10 32 78 250 440 1135 2752 7421 15530 7893
 ... : 15 5 10 32 78 250 440 1135 2752 7421 15541 8069
 ... : 15 5 10 32 78 250 440 1135 2752 7423 15581 8176
 ... : 15 5 10 32 78 250 440 1135 2752 7431 15611 8279
 ... : 15 5 10 32 78 250 440 1135 2752 7431 15620 8436
 ... : 15 5 10 32 78 250 440 1135 2752 7431 15620 8637
