initialized model with 934 latches, 364 inputs and 1 properties
tsim: performed 17 steps
tsim: found cycle from 15
checking bound 0
checking bound 1
checking bound 2
tdecomp: unrolling 2 cycles
tsim: performed 15 steps
tsim: found cycle from 13
tsim: found 1 constants and 0 latch equivalences
tdecomp: (934, 1456) -> (933, 338)
 ... : 200
   2 : 219 61
 ... : 219 261
   3 : 219 365 64
 ... : 219 366 260
 ... : 219 384 400
 ... : 219 396 550
 ... : 155 282 507
 ... : 130 271 606
 ... : 128 319 675
 ... : 126 364 735
 ... : 123 397 792
 ... : 124 442 875
 ... : 129 484 946
 ... : 129 505 1055
 ... : 130 535 1081
 ... : 132 548 1126
 ... : 134 556 1161
 ... : 134 556 1248
 ... : 137 573 1259
 ... : 134 545 1276
 ... : 120 488 1122
   4 : 19 61 151 539
 ... : 19 60 170 687
 ... : 18 59 197 778
 ... : 24 68 197 866
 ... : 24 68 215 927
   5 : 21 57 160 455 525
 ... : 21 57 160 442 721
 ... : 21 57 160 452 888
   6 : 21 57 160 412 634 318
 ... : 21 57 160 412 637 508
 ... : 21 57 160 412 637 709
 ... : 21 57 160 412 637 910
 ... : 21 57 160 408 633 1037
 ... : 21 57 160 408 632 1235
 ... : 21 57 160 408 638 1416
 ... : 21 57 160 411 647 1584
 ... : 21 57 160 411 656 1747
 ... : 21 57 160 410 661 1921
 ... : 21 57 160 410 662 2110
 ... : 21 57 164 420 694 2192
 ... : 21 57 166 429 723 2292
 ... : 21 57 166 427 724 2430
 ... : 21 57 166 428 736 2576
 ... : 21 57 166 432 748 2677
 ... : 21 57 166 431 789 2771
 ... : 21 57 166 441 823 2836
 ... : 21 57 166 444 842 2941
 ... : 21 57 166 448 868 3038
 ... : 21 57 166 465 923 3106
 ... : 21 57 168 472 949 3173
 ... : 21 57 170 482 981 3235
 ... : 21 57 170 488 1009 3334
 ... : 21 57 171 493 1024 3273
 ... : 21 57 171 507 1080 3345
 ... : 21 57 169 508 1087 3443
 ... : 21 57 170 519 1118 3543
 ... : 21 57 171 518 1149 3646
 ... : 21 57 170 526 1182 3729
 ... : 21 57 170 541 1234 3794
 ... : 21 57 169 556 1273 3805
 ... : 21 57 168 558 1312 3876
 ... : 21 57 168 565 1349 3966
 ... : 21 57 170 579 1373 3975
 ... : 21 57 173 595 1407 4049
 ... : 21 57 175 597 1441 4128
 ... : 21 57 175 607 1478 4215
 ... : 21 57 175 620 1533 4285
 ... : 21 57 175 627 1562 4375
 ... : 21 58 183 642 1574 4300
 ... : 21 58 183 652 1626 4371
 ... : 21 58 183 657 1674 4450
 ... : 21 58 183 666 1720 4539
 ... : 21 58 183 676 1760 4636
 ... : 21 58 182 675 1770 4700
 ... : 21 58 182 676 1765 4784
 ... : 21 58 182 684 1807 4873
 ... : 21 58 184 688 1818 4942
 ... : 21 59 185 697 1837 5046
 ... : 21 59 185 697 1844 5185
 ... : 21 59 185 696 1836 5289
 ... : 21 59 185 700 1851 5437
 ... : 21 59 185 706 1875 5538
 ... : 21 59 186 710 1889 5572
 ... : 21 59 186 710 1889 5660
 ... : 21 59 186 708 1883 5801
 ... : 21 59 185 701 1882 5891
   7 : 18 55 162 412 947 4222 1226
 ... : 18 55 162 412 947 4223 1423
 ... : 18 55 162 412 947 4196 1624
 ... : 18 55 162 412 947 4196 1825
 ... : 18 55 162 412 947 4196 2026
 ... : 18 55 162 412 947 4200 2215
 ... : 18 55 162 412 947 4200 2416
 ... : 18 55 162 412 947 4204 2609
 ... : 18 55 162 412 947 4212 2790
 ... : 18 55 162 412 947 4212 2991
 ... : 18 55 162 412 947 4212 3192
 ... : 18 55 162 412 947 4212 3393
 ... : 18 55 162 412 947 4212 3594
 ... : 18 55 162 412 947 4212 3795
 ... : 18 55 162 412 947 4212 3996
 ... : 18 55 162 412 948 4216 4175
 ... : 18 55 162 412 948 4216 4376
 ... : 18 55 162 412 948 4231 4546
 ... : 18 55 162 412 948 4231 4747
 ... : 18 55 162 412 948 4232 4946
 ... : 18 55 162 412 948 4233 5142
 ... : 18 55 162 412 948 4233 5343
 ... : 18 55 162 412 948 4235 5540
 ... : 18 55 162 412 948 4235 5741
 ... : 18 55 162 412 948 4235 5942
 ... : 18 55 162 412 948 4235 6143
 ... : 18 55 162 412 948 4235 6344
 ... : 18 55 162 412 948 4235 6538
 ... : 18 55 162 412 948 4235 6739
 ... : 18 55 162 412 948 4188 6895
 ... : 18 55 162 412 948 4188 7096
 ... : 18 55 162 412 948 4188 7297
 ... : 18 55 162 412 948 4189 7496
 ... : 18 55 162 412 948 4189 7696
 ... : 18 55 162 412 948 4189 7897
 ... : 18 55 162 412 948 4189 8098
 ... : 18 55 162 412 948 4189 8298
 ... : 18 55 162 412 948 4195 8480
 ... : 18 55 162 412 948 4193 8677
 ... : 18 55 162 412 948 4200 8854
 ... : 18 55 162 412 948 4194 9032
 ... : 18 55 162 412 948 4198 9224
 ... : 18 55 162 412 946 4180 9387
 ... : 18 55 162 412 946 4180 9588
 ... : 18 55 162 412 946 4190 9740
 ... : 18 55 162 412 946 4200 9909
 ... : 18 55 162 412 946 4212 10067
 ... : 18 55 162 412 946 4227 10224
 ... : 18 55 162 412 946 4228 10418
 ... : 18 55 162 412 946 4227 10618
 ... : 18 55 162 412 946 4227 10817
 ... : 18 55 162 412 946 4227 11017
   8 : 14 53 154 405 940 3923 9840 1474
 ... : 14 53 154 405 940 3923 9840 1674
 ... : 14 53 154 405 940 3923 9840 1875
 ... : 14 53 154 405 940 3923 9840 2076
 ... : 14 53 154 405 940 3923 9840 2277
 ... : 14 53 154 405 940 3923 9840 2478
 ... : 14 53 154 405 940 3923 9840 2679
 ... : 14 53 154 405 940 3923 9840 2880
 ... : 14 53 154 405 940 3927 9864 3021
 ... : 14 53 154 405 942 3930 9898 3138
 ... : 14 53 154 405 942 3930 9898 3339
 ... : 14 53 154 405 942 3930 9899 3538
 ... : 14 53 154 405 942 3930 9899 3738
 ... : 14 53 154 405 942 3930 9900 3938
 ... : 14 53 154 405 942 3930 9900 4139
 ... : 14 53 154 405 942 3930 9900 4340
 ... : 14 53 154 405 942 3930 9900 4541
 ... : 14 53 154 405 942 3930 9904 4727
 ... : 14 53 154 405 942 3930 9904 4928
 ... : 14 53 154 405 942 3930 9904 5129
 ... : 14 53 154 405 942 3930 9904 5330
 ... : 14 53 154 405 942 3930 9904 5531
 ... : 14 53 154 405 942 3930 9904 5732
 ... : 14 53 154 405 942 3930 9904 5933
 ... : 14 53 154 405 942 3930 9909 6123
 ... : 14 53 154 405 942 3930 9947 6243
 ... : 14 53 154 405 942 3930 9947 6444
 ... : 14 53 154 405 942 3930 9947 6636
 ... : 14 53 154 405 942 3930 9947 6837
 ... : 14 53 154 405 942 3930 9947 7038
 ... : 14 53 154 405 942 3930 9947 7238
 ... : 14 53 154 405 942 3930 9947 7439
 ... : 14 53 154 405 942 3930 9947 7640
 ... : 14 53 154 405 942 3930 9947 7841
 ... : 14 53 154 405 942 3930 9948 8039
 ... : 14 53 154 405 942 3930 9991 8153
 ... : 14 53 154 405 942 3930 9991 8354
 ... : 14 53 154 405 942 3930 9991 8555
 ... : 14 53 154 405 942 3930 9991 8754
 ... : 14 53 154 405 942 3930 9991 8954
 ... : 14 53 154 405 942 3930 9993 9150
 ... : 14 53 154 405 942 3930 9993 9349
 ... : 14 53 154 405 942 3930 9993 9548
 ... : 14 53 154 405 942 3930 9993 9749
 ... : 14 53 154 405 942 3930 9993 9950
 ... : 14 53 154 405 942 3930 9992 10151
 ... : 14 53 154 405 942 3930 9992 10352
 ... : 14 53 154 405 942 3930 9992 10553
 ... : 14 53 154 405 942 3930 9991 10754
 ... : 14 53 154 405 942 3930 9991 10955
 ... : 14 53 154 405 942 3930 9990 11156
 ... : 14 53 154 405 942 3930 9990 11357
 ... : 14 53 154 405 942 3930 9990 11555
 ... : 14 53 154 405 942 3930 9990 11754
 ... : 14 53 154 405 942 3930 9990 11955
 ... : 14 53 154 405 942 3930 9991 12150
 ... : 14 53 154 405 942 3930 9991 12351
 ... : 14 53 154 405 942 3930 9991 12552
 ... : 14 53 154 405 942 3930 9991 12753
 ... : 14 53 154 405 942 3929 10006 12902
 ... : 14 53 154 405 942 3929 10006 13103
 ... : 14 53 154 405 942 3929 10006 13303
 ... : 14 53 154 405 942 3929 10006 13504
 ... : 14 53 154 405 942 3929 10006 13705
 ... : 14 53 154 405 942 3929 10006 13903
 ... : 14 53 154 405 942 3929 10009 14086
 ... : 14 53 154 405 942 3929 10009 14275
 ... : 14 53 154 405 942 3929 10009 14472
 ... : 14 53 154 405 942 3928 10032 14605
 ... : 14 53 154 405 943 3925 10088 14669
 ... : 14 53 154 405 944 3932 10135 14763
 ... : 14 53 154 405 944 3932 10135 14963
 ... : 14 53 154 405 944 3932 10137 15157
 ... : 14 53 154 405 944 3932 10140 15351
 ... : 14 53 154 405 944 3932 10140 15551
 ... : 14 53 154 405 944 3932 10141 15750
 ... : 14 53 154 405 944 3932 10141 15948
 ... : 14 53 154 405 944 3933 10161 16098
 ... : 14 53 154 405 944 3933 10171 16257
 ... : 14 53 154 405 944 3933 10169 16443
 ... : 14 53 154 405 944 3933 10169 16643
 ... : 14 53 154 405 944 3933 10187 16807
 ... : 14 53 154 405 944 3933 10221 16939
 ... : 14 53 154 405 944 3933 10222 17138
 ... : 14 53 154 405 944 3934 10231 17319
 ... : 14 53 154 405 944 3937 10248 17472
 ... : 14 53 154 405 944 3937 10248 17670
 ... : 14 53 154 405 944 3937 10248 17871
 ... : 14 53 154 405 944 3937 10260 18036
 ... : 14 53 154 405 944 3937 10269 18213
 ... : 14 53 154 405 944 3937 10284 18380
 ... : 14 53 154 405 944 3937 10314 18521
 ... : 14 53 154 405 944 3937 10360 18629
 ... : 14 53 154 405 944 3937 10390 18768
 ... : 14 53 154 405 944 3937 10419 18907
 ... : 14 53 154 405 944 3936 10453 19035
 ... : 14 53 154 405 944 3936 10483 19175
 ... : 14 53 154 405 944 3936 10516 19301
 ... : 14 53 154 405 944 3936 10518 19484
 ... : 14 53 154 405 944 3936 10539 19643
 ... : 14 53 154 405 944 3936 10545 19827
 ... : 14 53 154 405 944 3936 10545 20026
 ... : 14 53 154 405 944 3936 10568 20173
 ... : 14 53 154 405 944 3936 10594 20319
 ... : 14 53 154 405 944 3936 10625 20456
 ... : 14 53 154 405 944 3936 10643 20619
 ... : 14 53 154 405 944 3936 10662 20780
 ... : 14 53 154 405 944 3936 10696 20900
 ... : 14 53 154 405 944 3936 10718 21051
 ... : 14 53 154 405 944 3936 10743 21196
 ... : 14 53 154 405 944 3936 10774 21331
 ... : 14 53 154 405 944 3936 10799 21480
 ... : 14 53 154 405 944 3936 10817 21642
 ... : 14 53 154 405 944 3936 10817 21843
 ... : 14 53 152 406 943 3939 10853 21952
 ... : 14 53 152 406 943 3939 10900 22053
 ... : 14 53 152 406 945 3944 10959 22123
 ... : 14 53 152 406 945 3956 11016 22182
 ... : 14 53 154 412 954 3966 11059 22221
 ... : 13 52 152 412 952 3969 11107 22276
 ... : 13 52 152 413 956 3976 11153 22365
 ... : 13 52 152 413 956 3976 11158 22552
 ... : 13 52 152 413 956 3976 11159 22751
 ... : 13 52 152 413 956 3976 11159 22952
 ... : 13 52 152 413 956 3976 11159 23152
 ... : 13 52 152 413 956 3976 11158 23353
 ... : 13 52 152 413 956 3976 11159 23550
 ... : 13 52 152 413 956 3976 11174 23719
 ... : 13 52 152 413 956 3976 11174 23920
 ... : 13 52 152 413 956 3976 11186 24094
 ... : 13 52 152 413 956 3976 11188 24291
 ... : 13 52 152 413 956 3976 11206 24456
 ... : 13 52 152 413 956 3976 11220 24622
 ... : 13 52 152 413 956 3976 11224 24815
 ... : 13 52 152 413 956 3976 11224 25012
 ... : 13 52 152 413 956 3976 11227 25207
 ... : 13 52 152 413 956 3976 11233 25394
 ... : 13 52 152 413 956 3976 11246 25565
 ... : 13 52 152 413 956 3976 11256 25738
 ... : 13 52 152 413 956 3976 11256 25938
 ... : 13 52 152 413 957 3981 11313 26005
 ... : 13 52 152 413 957 3982 11371 26079
   9 : 13 51 149 401 908 3855 11378 23498 2637
 ... : 13 51 149 401 908 3855 11378 23498 2837
 ... : 13 51 149 401 908 3855 11378 23498 3038
 ... : 13 51 149 401 908 3855 11378 23498 3239
 ... : 13 51 149 401 908 3855 11378 23498 3438
 ... : 13 51 149 401 908 3855 11378 23498 3639
 ... : 13 51 149 401 908 3855 11378 23498 3840
 ... : 13 51 149 401 908 3855 11378 23498 4041
 ... : 13 51 149 401 908 3855 11378 23498 4242
 ... : 13 51 149 401 908 3855 11378 23498 4443
 ... : 13 51 149 401 908 3855 11378 23498 4644
 ... : 13 51 149 401 908 3855 11378 23498 4845
 ... : 13 51 149 401 908 3855 11378 23499 5043
 ... : 13 51 149 401 908 3855 11378 23499 5244
 ... : 13 51 149 401 908 3855 11378 23499 5445
 ... : 13 51 149 401 908 3855 11378 23500 5644
 ... : 13 51 149 401 908 3855 11378 23500 5845
 ... : 13 51 149 401 908 3855 11378 23500 6046
 ... : 13 51 149 401 908 3855 11378 23500 6247
 ... : 13 51 149 401 908 3855 11378 23500 6448
 ... : 13 51 149 401 908 3855 11378 23500 6649
 ... : 13 51 149 401 908 3855 11378 23500 6850
 ... : 13 51 149 401 908 3855 11378 23499 7050
 ... : 13 51 149 401 908 3855 11378 23499 7251
