initialized model with 934 latches, 364 inputs and 1 properties
tsim: performed 17 steps
tsim: found cycle from 15
checking bound 0
checking bound 1
checking bound 2
tdecomp: unrolling 2 cycles
tsim: performed 15 steps
tsim: found cycle from 13
tsim: found 1 constants and 0 latch equivalences
tdecomp: (934, 1456) -> (933, 338)
   2 : 54 109
   3 : 54 66 126
 ... : 54 108 222
 ... : 54 153 287
 ... : 54 211 354
 ... : 54 266 422
 ... : 54 303 537
 ... : 54 341 632
 ... : 54 394 703
 ... : 54 449 764
 ... : 56 485 832
 ... : 57 511 925
 ... : 61 560 1007
 ... : 62 605 1090
 ... : 62 608 1249
 ... : 62 620 1346
 ... : 62 661 1417
 ... : 62 692 1524
 ... : 68 719 1592
 ... : 77 749 1657
 ... : 77 736 1767
 ... : 83 758 1847
 ... : 86 694 1768
   4 : 39 138 654 542
 ... : 39 137 650 742
 ... : 39 137 649 943
   5 : 39 122 573 744 277
 ... : 39 122 573 744 476
 ... : 39 122 573 780 599
 ... : 39 122 573 810 729
 ... : 39 122 575 854 825
 ... : 38 122 551 913 874
 ... : 38 122 558 962 940
 ... : 38 123 559 995 988
 ... : 38 118 549 1030 1082
 ... : 38 117 547 1074 1180
 ... : 38 117 547 1104 1316
 ... : 38 117 547 1123 1472
 ... : 38 117 546 1147 1615
 ... : 38 117 546 1160 1773
 ... : 38 117 527 1188 1907
 ... : 38 117 525 1205 2063
 ... : 38 116 516 1221 2225
 ... : 38 116 519 1246 2361
 ... : 38 115 522 1264 2480
 ... : 38 116 525 1278 2605
   6 : 16 55 175 779 2103 569
 ... : 16 55 175 779 2137 676
 ... : 16 55 175 774 2186 738
 ... : 16 55 174 765 2234 805
 ... : 16 55 174 765 2274 907
 ... : 16 55 174 765 2311 997
 ... : 16 55 174 740 2358 1072
 ... : 16 55 174 731 2375 1151
 ... : 16 55 174 725 2411 1214
 ... : 16 55 174 719 2449 1279
 ... : 16 55 174 719 2498 1365
 ... : 16 55 174 719 2557 1438
 ... : 16 55 174 721 2611 1517
 ... : 16 55 174 721 2657 1617
 ... : 16 55 174 721 2720 1683
 ... : 16 55 174 721 2769 1774
 ... : 16 55 174 721 2831 1840
 ... : 16 55 174 721 2889 1918
 ... : 16 55 174 721 2925 1985
 ... : 16 55 174 721 2966 2055
 ... : 16 55 174 721 3031 2126
 ... : 16 55 174 723 3091 2195
 ... : 16 55 173 723 3151 2259
 ... : 16 55 173 726 3213 2321
 ... : 16 55 173 727 3279 2384
 ... : 16 55 173 728 3334 2460
 ... : 16 55 173 728 3388 2546
 ... : 16 55 173 719 3438 2616
 ... : 16 55 173 719 3496 2687
 ... : 16 55 173 719 3544 2780
 ... : 16 55 173 719 3591 2869
 ... : 16 55 173 719 3622 2996
 ... : 16 55 173 719 3622 3155
 ... : 16 55 173 719 3645 3307
 ... : 16 55 173 719 3698 3393
 ... : 16 55 173 718 3736 3493
 ... : 16 55 173 718 3783 3590
 ... : 16 55 173 719 3816 3699
 ... : 16 55 173 716 3864 3777
 ... : 16 55 173 721 3919 3854
 ... : 16 55 173 721 3967 3953
 ... : 16 55 173 721 3981 4124
 ... : 16 55 173 722 4001 4252
 ... : 16 55 173 723 4053 4333
 ... : 16 55 173 724 4110 4406
 ... : 16 55 173 724 4169 4481
 ... : 16 55 173 728 4212 4567
 ... : 16 55 173 728 4190 4728
 ... : 16 55 173 728 4226 4838
 ... : 16 55 173 728 4273 4943
 ... : 16 55 173 727 4318 5013
 ... : 16 55 173 729 4334 5100
 ... : 16 55 173 728 4343 5204
 ... : 16 55 173 731 4404 5273
 ... : 16 55 173 731 4463 5349
 ... : 16 55 173 735 4517 5416
 ... : 16 55 173 740 4575 5481
 ... : 16 55 173 742 4631 5545
 ... : 16 55 173 745 4691 5614
 ... : 16 55 173 747 4747 5686
 ... : 16 55 173 750 4786 5794
 ... : 16 55 173 751 4785 5844
 ... : 16 55 173 752 4814 5901
 ... : 16 55 173 752 4843 6035
 ... : 16 55 173 752 4841 6231
 ... : 16 55 173 752 4843 6382
 ... : 16 55 173 753 4876 6510
 ... : 16 55 173 753 4879 6703
 ... : 16 55 173 753 4903 6806
 ... : 16 55 173 753 4909 6930
 ... : 16 55 173 756 4959 7013
 ... : 16 55 173 760 5011 7095
 ... : 16 55 173 760 5026 7254
 ... : 16 55 173 760 5080 7327
 ... : 16 55 173 760 5111 7463
 ... : 16 55 173 760 5145 7590
 ... : 16 55 173 760 5183 7703
 ... : 16 55 173 760 5236 7769
 ... : 16 55 173 760 5272 7880
 ... : 16 55 173 759 5294 7976
 ... : 16 55 173 759 5325 8091
 ... : 16 55 173 762 5372 8171
 ... : 16 55 173 764 5405 8250
 ... : 16 55 173 764 5459 8328
 ... : 16 55 173 760 5508 8415
 ... : 16 55 173 760 5527 8573
 ... : 16 55 173 760 5561 8683
 ... : 16 55 173 761 5613 8761
 ... : 16 55 173 766 5651 8864
 ... : 16 55 173 766 5669 9023
 ... : 16 55 173 766 5709 9126
 ... : 16 55 173 766 5738 9265
 ... : 16 55 173 766 5790 9344
 ... : 16 55 173 766 5833 9445
 ... : 16 55 173 766 5855 9592
 ... : 16 55 173 766 5875 9744
 ... : 16 55 173 766 5906 9855
 ... : 16 55 173 766 5935 9979
 ... : 16 55 173 766 5961 10106
 ... : 16 55 173 766 6010 10196
 ... : 16 55 173 767 6053 10287
 ... : 16 55 173 767 6087 10412
 ... : 16 55 173 767 6137 10486
 ... : 16 55 173 767 6176 10600
 ... : 16 55 173 767 6214 10706
 ... : 16 55 173 767 6257 10781
 ... : 16 55 173 766 6284 10897
 ... : 16 55 173 766 6312 11012
 ... : 16 55 173 766 6350 11078
 ... : 16 55 173 766 6408 11146
 ... : 16 55 173 766 6443 11258
 ... : 16 55 173 766 6461 11400
 ... : 16 55 173 766 6474 11548
 ... : 16 55 173 766 6491 11667
 ... : 16 55 173 766 6522 11792
 ... : 16 55 173 766 6566 11873
 ... : 16 55 172 773 6596 11954
 ... : 16 55 172 773 6596 12122
 ... : 16 55 172 773 6603 12298
 ... : 16 55 172 773 6613 12453
 ... : 16 55 172 773 6647 12575
 ... : 16 55 172 773 6669 12727
 ... : 16 55 172 773 6700 12857
 ... : 16 55 172 773 6739 12973
 ... : 16 55 172 774 6776 13075
 ... : 16 55 174 776 6797 13130
 ... : 16 55 174 776 6841 13226
 ... : 16 55 174 777 6877 13352
 ... : 16 55 174 779 6918 13435
 ... : 16 55 174 779 6957 13529
 ... : 16 55 174 781 7001 13620
 ... : 16 55 174 781 7040 13733
 ... : 16 55 174 781 7089 13821
 ... : 16 55 174 781 7110 13972
 ... : 16 55 174 781 7140 14089
 ... : 16 55 174 781 7166 14224
 ... : 16 55 174 781 7183 14389
 ... : 16 55 174 781 7213 14525
 ... : 16 55 174 781 7247 14653
 ... : 16 55 174 781 7292 14751
 ... : 16 55 174 781 7306 14911
 ... : 16 55 174 781 7305 15110
 ... : 16 55 174 781 7310 15300
 ... : 16 55 174 781 7316 15484
 ... : 16 55 174 781 7335 15645
 ... : 16 55 174 781 7366 15766
 ... : 16 55 174 781 7368 15951
 ... : 16 55 174 781 7370 16141
 ... : 16 55 174 781 7368 16342
 ... : 16 55 174 781 7382 16510
 ... : 16 55 174 781 7388 16696
 ... : 16 55 174 781 7397 16875
 ... : 16 55 174 781 7419 17022
 ... : 16 55 174 781 7440 17179
 ... : 16 55 174 781 7462 17327
 ... : 16 55 174 781 7483 17478
 ... : 16 55 174 781 7499 17638
 ... : 16 55 174 781 7504 17822
 ... : 16 55 174 781 7532 17957
 ... : 16 55 174 781 7554 18106
 ... : 16 55 174 781 7577 18226
 ... : 16 55 174 781 7606 18352
 ... : 16 55 174 781 7629 18480
 ... : 16 55 174 781 7655 18612
 ... : 16 55 174 781 7676 18742
 ... : 16 55 174 781 7702 18864
 ... : 16 55 174 781 7719 19005
 ... : 16 55 174 781 7724 19192
 ... : 16 55 174 781 7725 19387
 ... : 16 55 174 781 7738 19548
 ... : 16 55 174 783 7767 19677
 ... : 16 55 174 784 7822 19762
 ... : 16 55 174 784 7834 19921
 ... : 16 55 174 784 7847 20065
 ... : 16 55 174 784 7851 20213
 ... : 16 55 174 784 7878 20326
 ... : 16 55 174 787 7887 20483
 ... : 16 55 174 787 7903 20639
 ... : 16 55 174 787 7916 20779
 ... : 16 55 174 787 7923 20939
 ... : 16 55 174 787 7923 21100
 ... : 16 55 174 787 7932 21280
 ... : 16 55 174 787 7932 21455
 ... : 16 54 173 784 7925 21593
 ... : 16 54 173 784 7935 21748
 ... : 16 54 173 784 7944 21904
 ... : 16 54 173 784 7949 22048
 ... : 16 54 173 784 7950 22211
 ... : 16 54 173 784 7939 22374
 ... : 16 54 173 784 7959 22520
 ... : 16 54 173 784 7959 22721
 ... : 16 54 173 784 7959 22908
 ... : 16 54 173 783 7927 23095
 ... : 16 54 173 782 7908 23270
 ... : 16 54 173 782 7908 23470
 ... : 16 54 173 782 7911 23664
 ... : 16 54 173 782 7917 23846
 ... : 16 54 173 782 7920 24037
 ... : 16 54 173 782 7927 24200
 ... : 16 54 173 781 7950 24308
 ... : 16 54 173 781 7954 24493
 ... : 16 54 173 781 7955 24688
 ... : 16 54 173 781 7956 24882
 ... : 16 54 173 781 7956 25077
 ... : 16 54 173 781 7955 25274
 ... : 16 54 173 781 7974 25400
 ... : 16 54 173 781 7990 25559
 ... : 16 54 173 781 7989 25757
 ... : 16 54 173 781 8007 25909
 ... : 16 54 173 781 8007 26106
 ... : 16 54 173 781 8008 26303
 ... : 16 54 173 781 8008 26468
 ... : 16 54 173 781 8022 26634
 ... : 16 54 173 781 8044 26757
 ... : 16 54 173 781 8075 26874
 ... : 16 54 170 778 8072 26982
 ... : 16 54 170 778 8090 27134
 ... : 16 54 170 778 8090 27330
 ... : 16 54 170 778 8114 27481
 ... : 16 54 170 778 8155 27591
   7 : 12 25 12 200 2180 14600 6680
