initialized model with 933 latches, 364 inputs and 1 properties
tsim: performed 17 steps
tsim: found cycle from 15
checking bound 0
checking bound 1
checking bound 2
tdecomp: unrolling 2 cycles
tsim: performed 15 steps
tsim: found cycle from 13
tsim: found 1 constants and 0 latch equivalences
tdecomp: (933, 1456) -> (932, 336)
 ... : 200
   2 : 96 281
 ... : 78 457
   3 : 70 176 302
 ... : 70 177 498
 ... : 65 159 561
   4 : 34 92 165 359
 ... : 34 92 191 483
 ... : 35 99 225 535
 ... : 35 94 253 598
 ... : 35 88 251 626
   5 : 25 14 18 57 442
   6 : 25 14 18 57 110 364
 ... : 25 14 18 57 116 532
   7 : 25 14 20 58 118 255 371
 ... : 25 14 20 58 118 252 550
 ... : 25 14 20 58 129 284 605
 ... : 25 14 20 58 128 293 742
 ... : 25 14 20 58 137 310 842
 ... : 25 14 20 57 145 317 938
 ... : 25 14 20 58 147 336 1026
 ... : 25 14 18 60 160 347 1087
 ... : 25 14 17 63 177 372 1139
   8 : 13 6 14 54 127 264 703 310
 ... : 13 6 14 54 127 262 703 510
 ... : 13 6 14 54 127 262 703 711
 ... : 13 6 14 54 127 262 703 912
 ... : 13 6 14 54 127 262 709 1096
 ... : 13 6 14 54 128 265 728 1241
 ... : 13 6 14 54 128 266 738 1383
 ... : 13 6 15 54 132 272 761 1509
 ... : 13 6 15 54 132 277 780 1604
 ... : 13 6 15 54 132 276 792 1763
   9 : 13 5 5 51 136 226 740 1594 235
 ... : 13 5 5 51 136 226 740 1594 435
 ... : 13 5 5 51 136 226 740 1594 636
 ... : 13 5 5 51 136 226 740 1594 837
 ... : 13 5 5 51 136 226 740 1593 1038
 ... : 13 5 5 51 136 226 740 1593 1239
 ... : 13 5 5 51 136 226 740 1593 1440
 ... : 13 5 5 51 136 226 740 1593 1641
 ... : 13 5 5 51 136 225 740 1592 1842
 ... : 13 5 5 51 136 225 740 1592 2043
 ... : 13 5 5 51 136 225 740 1592 2243
 ... : 13 5 5 51 136 225 740 1592 2444
 ... : 13 5 5 51 136 225 740 1592 2645
 ... : 13 5 5 51 136 225 740 1591 2842
 ... : 13 5 5 51 136 225 740 1589 3041
 ... : 13 5 5 51 136 225 740 1589 3238
 ... : 13 5 5 51 136 225 740 1589 3439
 ... : 13 5 5 51 136 225 740 1589 3640
 ... : 13 5 5 51 136 225 740 1592 3829
 ... : 13 5 5 51 136 225 742 1608 3981
 ... : 13 5 5 51 136 225 742 1610 4169
 ... : 13 5 5 51 136 225 743 1589 4333
 ... : 13 5 5 51 136 225 743 1599 4509
 ... : 13 5 5 51 136 225 742 1610 4672
 ... : 13 5 5 51 136 226 745 1617 4840
  10 : 13 5 5 49 136 203 725 1570 4503 374
 ... : 13 5 5 49 136 203 725 1570 4498 572
 ... : 13 5 5 49 136 203 725 1570 4498 773
 ... : 13 5 5 49 136 203 725 1570 4497 974
 ... : 13 5 5 49 136 203 725 1570 4497 1173
 ... : 13 5 5 49 136 203 725 1570 4497 1374
 ... : 13 5 5 49 136 203 725 1570 4497 1574
 ... : 13 5 5 49 136 203 725 1570 4508 1738
 ... : 13 5 5 49 136 203 725 1570 4508 1939
 ... : 13 5 5 49 136 203 725 1570 4508 2140
 ... : 13 5 5 49 136 203 725 1570 4508 2341
 ... : 13 5 5 49 136 203 725 1570 4508 2542
 ... : 13 5 5 49 136 203 725 1570 4508 2743
 ... : 13 5 5 49 136 203 725 1570 4508 2944
 ... : 13 5 5 49 136 203 725 1570 4507 3145
 ... : 13 5 5 49 136 203 725 1570 4507 3345
 ... : 13 5 5 49 136 203 725 1570 4507 3546
 ... : 13 5 5 49 136 203 725 1570 4505 3747
 ... : 13 5 5 49 136 203 725 1570 4505 3948
 ... : 13 5 5 49 136 203 725 1570 4505 4148
 ... : 13 5 5 49 136 203 725 1570 4515 4298
 ... : 13 5 5 49 136 203 725 1570 4541 4393
 ... : 13 5 5 49 136 203 725 1570 4548 4580
 ... : 13 5 5 49 136 203 725 1570 4556 4761
 ... : 13 5 5 49 136 203 725 1574 4577 4884
 ... : 13 5 5 49 136 203 725 1575 4585 5068
 ... : 13 5 5 49 136 203 725 1575 4585 5269
 ... : 13 5 5 49 136 203 725 1575 4585 5470
 ... : 13 5 5 49 136 203 725 1575 4593 5648
 ... : 13 5 5 49 136 203 725 1575 4599 5825
 ... : 13 5 5 49 136 203 725 1575 4599 6021
 ... : 13 5 5 49 136 203 725 1575 4603 6201
 ... : 13 5 5 49 136 203 725 1575 4603 6402
 ... : 13 5 5 49 136 203 725 1575 4604 6587
 ... : 13 5 5 49 136 203 725 1575 4604 6788
 ... : 13 5 5 49 136 203 727 1578 4624 6928
 ... : 13 5 5 49 136 203 728 1583 4661 7025
 ... : 13 5 5 49 136 203 728 1583 4664 7199
 ... : 13 5 5 49 136 203 728 1583 4663 7400
 ... : 13 5 5 49 136 203 728 1583 4675 7565
 ... : 13 5 5 49 136 203 728 1583 4719 7677
 ... : 13 5 5 49 136 203 728 1583 4729 7846
 ... : 13 5 5 49 136 203 728 1582 4731 7956
 ... : 13 5 5 49 136 203 728 1582 4746 8083
 ... : 13 5 5 49 136 203 728 1582 4746 8281
 ... : 13 5 5 49 136 203 728 1582 4768 8397
 ... : 13 5 5 49 136 203 728 1582 4788 8535
 ... : 13 5 5 49 136 203 728 1582 4788 8736
 ... : 13 5 5 49 136 203 728 1582 4788 8936
 ... : 13 5 5 49 136 203 728 1582 4788 9137
 ... : 13 5 5 49 136 203 728 1582 4788 9330
 ... : 13 5 5 49 136 203 728 1582 4788 9528
 ... : 13 5 5 49 136 203 728 1582 4788 9729
 ... : 13 5 5 49 136 203 728 1582 4788 9925
 ... : 13 5 5 49 136 203 728 1582 4790 10113
 ... : 13 5 5 49 136 203 728 1582 4789 10313
 ... : 13 5 5 49 136 203 728 1582 4789 10513
 ... : 13 5 5 49 136 203 728 1582 4792 10705
 ... : 13 5 5 49 136 203 728 1584 4805 10864
 ... : 13 5 5 49 136 203 728 1584 4807 11060
 ... : 13 5 5 49 136 203 728 1584 4806 11261
 ... : 13 5 5 49 136 203 728 1584 4806 11462
 ... : 13 5 5 49 136 203 728 1584 4806 11663
 ... : 13 5 5 49 136 203 728 1584 4828 11810
 ... : 13 5 5 49 136 203 728 1585 4836 11988
 ... : 13 5 5 49 136 203 728 1585 4844 12167
 ... : 13 5 5 49 136 203 728 1585 4863 12294
 ... : 13 5 5 49 136 203 728 1585 4884 12429
 ... : 13 5 5 49 136 203 728 1585 4884 12627
 ... : 13 5 5 49 136 203 728 1585 4884 12828
 ... : 13 5 5 49 136 203 728 1585 4884 13028
 ... : 13 5 5 49 136 203 728 1585 4886 13222
 ... : 13 5 5 49 136 203 728 1585 4886 13421
 ... : 13 5 5 49 136 203 728 1585 4889 13616
 ... : 13 5 5 49 136 203 728 1585 4889 13817
 ... : 13 5 5 49 136 203 728 1585 4889 14018
  11 : 13 5 5 49 119 172 737 1580 4807 13324 835
 ... : 13 5 5 49 119 172 737 1580 4807 13323 1035
 ... : 13 5 5 49 119 172 737 1580 4807 13326 1220
 ... : 13 5 5 49 119 172 737 1580 4807 13362 1307
 ... : 13 5 5 49 119 172 737 1580 4807 13371 1482
 ... : 13 5 5 49 119 172 737 1580 4807 13371 1683
 ... : 13 5 5 49 119 172 737 1580 4807 13371 1884
 ... : 13 5 5 49 119 172 737 1580 4807 13371 2085
 ... : 13 5 5 49 119 172 737 1580 4807 13369 2286
 ... : 13 5 5 49 119 172 737 1580 4807 13369 2487
 ... : 13 5 5 49 119 172 737 1580 4807 13369 2688
 ... : 13 5 5 49 119 172 737 1580 4807 13369 2889
 ... : 13 5 5 49 119 172 737 1580 4807 13369 3090
 ... : 13 5 5 49 119 172 737 1580 4807 13369 3290
 ... : 13 5 5 49 119 172 737 1580 4807 13369 3491
 ... : 13 5 5 49 119 172 737 1580 4807 13369 3692
 ... : 13 5 5 49 119 172 737 1580 4807 13382 3860
 ... : 13 5 5 49 119 172 737 1580 4807 13391 4033
 ... : 13 5 5 49 119 172 737 1580 4807 13406 4199
 ... : 13 5 5 49 119 172 737 1580 4807 13406 4400
 ... : 13 5 5 49 119 172 737 1580 4807 13406 4601
 ... : 13 5 5 49 119 172 737 1580 4807 13406 4802
 ... : 13 5 5 49 119 172 737 1580 4807 13406 5003
 ... : 13 5 5 49 119 172 737 1580 4807 13406 5204
 ... : 13 5 5 49 119 172 737 1580 4808 13411 5394
 ... : 13 5 5 49 119 172 737 1580 4808 13411 5595
 ... : 13 5 5 49 119 172 737 1580 4808 13411 5796
 ... : 13 5 5 49 119 172 737 1580 4808 13411 5996
 ... : 13 5 5 49 119 172 737 1580 4808 13411 6197
 ... : 13 5 5 49 119 172 737 1580 4808 13412 6396
 ... : 13 5 5 49 119 172 737 1580 4808 13414 6484
 ... : 13 5 5 49 119 172 737 1580 4808 13414 6685
 ... : 13 5 5 49 119 172 737 1580 4808 13414 6886
 ... : 13 5 5 49 119 172 737 1580 4808 13414 7087
 ... : 13 5 5 49 119 172 737 1580 4808 13414 7287
 ... : 13 5 5 49 119 172 737 1580 4808 13414 7488
 ... : 13 5 5 49 119 172 737 1580 4808 13416 7685
 ... : 13 5 5 49 119 172 737 1580 4808 13425 7866
 ... : 13 5 5 49 119 172 737 1580 4808 13425 8065
 ... : 13 5 5 49 119 172 737 1580 4808 13463 8167
 ... : 13 5 5 49 119 172 737 1580 4808 13463 8367
 ... : 13 5 5 49 119 172 737 1580 4808 13463 8559
 ... : 13 5 5 49 119 172 737 1580 4808 13463 8760
 ... : 13 5 5 49 119 172 737 1580 4808 13474 8936
 ... : 13 5 5 49 119 172 737 1580 4808 13495 9078
 ... : 13 5 5 49 119 172 737 1580 4808 13495 9278
 ... : 13 5 5 49 119 172 737 1580 4808 13501 9465
 ... : 13 5 5 49 119 172 737 1580 4808 13523 9615
 ... : 13 5 5 49 119 172 737 1580 4808 13543 9751
 ... : 13 5 5 49 119 172 737 1580 4808 13552 9928
 ... : 13 5 5 49 119 172 737 1580 4808 13552 10129
 ... : 13 5 5 49 119 172 737 1580 4808 13556 10321
 ... : 13 5 5 49 119 172 737 1580 4808 13561 10488
 ... : 13 5 5 49 119 172 737 1580 4808 13561 10689
 ... : 13 5 5 49 119 172 737 1580 4808 13576 10850
 ... : 13 5 5 49 119 172 737 1580 4808 13624 10935
 ... : 13 5 5 49 119 172 737 1580 4808 13666 11042
 ... : 13 5 5 49 119 172 737 1580 4808 13696 11172
 ... : 13 5 5 49 119 172 737 1580 4808 13729 11299
 ... : 13 5 5 49 119 172 737 1580 4808 13754 11450
 ... : 13 5 5 49 119 172 737 1580 4808 13762 11632
 ... : 13 5 5 49 119 172 737 1580 4808 13779 11779
 ... : 13 5 5 49 119 172 737 1580 4811 13809 11902
 ... : 13 5 5 49 119 172 737 1580 4811 13825 12062
 ... : 13 5 5 49 119 172 737 1580 4811 13845 12219
 ... : 13 5 5 49 119 172 737 1580 4811 13887 12322
 ... : 13 5 5 49 119 172 737 1580 4813 13924 12427
 ... : 13 5 5 49 119 172 737 1580 4813 13968 12539
 ... : 13 5 5 49 119 172 737 1580 4813 14008 12655
 ... : 13 5 5 49 119 172 737 1580 4813 14062 12742
 ... : 13 5 5 49 119 172 737 1580 4813 14111 12836
 ... : 13 5 5 49 119 172 737 1580 4813 14155 12946
 ... : 13 5 5 49 119 172 737 1580 4813 14205 13045
 ... : 13 5 5 49 119 172 737 1580 4813 14235 13181
 ... : 13 5 5 49 119 172 737 1580 4813 14262 13322
 ... : 13 5 5 49 119 172 737 1580 4813 14268 13502
 ... : 13 5 5 49 119 172 737 1580 4813 14289 13653
 ... : 13 5 5 49 119 172 737 1580 4813 14299 13831
 ... : 13 5 5 49 119 172 737 1580 4815 14334 13911
 ... : 13 5 5 49 119 172 737 1580 4816 14347 14066
 ... : 13 5 5 49 119 172 737 1580 4816 14347 14267
 ... : 13 5 5 49 119 172 737 1580 4816 14347 14468
 ... : 13 5 5 49 119 172 737 1580 4816 14347 14650
 ... : 13 5 5 49 119 172 737 1580 4816 14347 14850
 ... : 13 5 5 49 119 172 737 1580 4816 14350 15043
 ... : 13 5 5 49 119 172 737 1580 4816 14373 15190
 ... : 13 5 5 49 119 172 737 1580 4816 14404 15324
 ... : 13 5 5 49 119 172 737 1580 4816 14454 15421
 ... : 13 5 5 49 119 172 737 1580 4816 14469 15570
 ... : 13 5 5 49 119 172 737 1580 4816 14471 15767
 ... : 13 5 5 49 119 172 737 1580 4816 14471 15968
 ... : 13 5 5 49 119 172 737 1580 4816 14471 16169
 ... : 13 5 5 49 119 172 737 1580 4816 14473 16358
 ... : 13 5 5 49 119 172 737 1580 4816 14473 16554
 ... : 13 5 5 49 119 172 737 1580 4816 14478 16741
 ... : 13 5 5 49 119 172 737 1580 4816 14516 16866
 ... : 13 5 5 49 119 172 737 1580 4816 14571 16943
