initialized model with 934 latches, 364 inputs and 1 properties
tsim: performed 17 steps
tsim: found cycle from 15
checking bound 0
checking bound 1
checking bound 2
tdecomp: unrolling 2 cycles
tsim: performed 15 steps
tsim: found cycle from 13
tsim: found 1 constants and 0 latch equivalences
tdecomp: (934, 1456) -> (933, 334)
 ... : 200
   2 : 87 240
   3 : 86 70 252
 ... : 86 120 337
 ... : 86 167 416
 ... : 86 214 489
 ... : 86 250 604
 ... : 86 290 703
 ... : 86 309 825
 ... : 86 337 913
 ... : 86 355 1032
 ... : 87 382 1113
   4 : 80 340 442 726
 ... : 80 340 442 926
   5 : 80 338 444 166 783
 ... : 80 338 466 188 888
 ... : 80 338 470 212 949
 ... : 80 337 480 246 1003
 ... : 80 337 497 288 1055
 ... : 80 336 509 336 1111
 ... : 80 336 519 391 1166
 ... : 80 336 541 435 1197
 ... : 80 336 544 487 1263
 ... : 80 336 546 545 1324
 ... : 80 336 546 607 1390
 ... : 80 336 560 642 1445
 ... : 80 336 581 694 1481
 ... : 80 336 581 737 1546
 ... : 80 336 595 778 1595
 ... : 80 336 597 815 1655
 ... : 80 336 616 861 1695
 ... : 80 336 616 907 1761
 ... : 80 336 627 952 1809
 ... : 80 336 653 993 1841
 ... : 80 336 688 1041 1867
 ... : 80 336 731 1103 1892
 ... : 80 336 749 1141 1911
 ... : 80 336 749 1194 1965
 ... : 80 336 750 1248 2032
 ... : 80 336 751 1298 2098
 ... : 80 336 751 1353 2164
 ... : 80 336 766 1403 2206
 ... : 80 336 785 1460 2248
 ... : 80 336 788 1511 2312
 ... : 80 336 791 1555 2366
 ... : 80 336 790 1605 2432
 ... : 80 336 794 1654 2492
 ... : 80 336 800 1708 2552
 ... : 80 336 800 1769 2619
 ... : 80 336 801 1818 2689
 ... : 80 336 802 1866 2755
 ... : 80 336 799 1919 2819
 ... : 80 336 809 1969 2873
 ... : 80 336 809 2016 2938
 ... : 80 336 814 2075 3000
 ... : 80 336 812 2134 3066
 ... : 80 336 815 2189 3131
 ... : 80 336 805 2238 3183
 ... : 80 336 818 2281 3237
 ... : 80 336 838 2340 3282
 ... : 80 336 843 2394 3342
 ... : 80 336 856 2445 3382
 ... : 80 336 859 2494 3449
 ... : 80 336 862 2554 3510
 ... : 80 336 862 2616 3577
 ... : 80 336 864 2676 3650
 ... : 80 336 877 2722 3689
 ... : 80 336 881 2772 3752
 ... : 80 336 888 2823 3805
 ... : 80 336 912 2881 3844
 ... : 80 336 918 2931 3906
 ... : 80 336 938 2984 3957
 ... : 80 336 953 3035 3978
 ... : 80 336 961 3090 4027
 ... : 80 336 977 3139 4072
 ... : 80 336 993 3189 4127
 ... : 80 336 1005 3242 4187
 ... : 80 336 1009 3276 4267
 ... : 80 336 1015 3316 4326
 ... : 80 336 1017 3343 4434
 ... : 80 336 1025 3367 4527
 ... : 80 336 1033 3397 4589
 ... : 80 336 1042 3441 4643
 ... : 80 336 1046 3499 4704
 ... : 80 336 1053 3552 4766
 ... : 80 336 1069 3608 4819
 ... : 80 336 1075 3666 4882
 ... : 80 336 1086 3715 4926
 ... : 80 336 1093 3766 4991
 ... : 80 337 1099 3815 5051
 ... : 80 337 1117 3864 5103
 ... : 80 337 1133 3919 5155
 ... : 80 329 1142 3967 5207
 ... : 80 330 1159 4019 5250
 ... : 80 330 1170 4070 5306
 ... : 80 330 1171 4098 5439
 ... : 80 330 1172 4132 5552
 ... : 80 330 1174 4159 5633
 ... : 80 330 1191 4210 5670
 ... : 80 329 1200 4261 5723
 ... : 80 329 1236 4316 5749
 ... : 80 329 1239 4367 5801
 ... : 80 329 1247 4429 5860
 ... : 80 329 1254 4471 5915
 ... : 80 329 1254 4524 5979
 ... : 80 329 1250 4583 6044
 ... : 80 329 1262 4633 6081
 ... : 80 329 1263 4689 6141
 ... : 80 329 1274 4753 6194
 ... : 80 329 1275 4807 6257
 ... : 80 329 1279 4867 6320
 ... : 80 329 1280 4929 6380
 ... : 80 329 1290 4988 6439
 ... : 80 329 1291 5043 6504
 ... : 80 329 1327 5103 6538
 ... : 80 329 1341 5147 6585
 ... : 80 329 1351 5199 6641
 ... : 80 329 1388 5257 6666
 ... : 80 329 1403 5300 6724
 ... : 80 329 1403 5350 6789
 ... : 80 329 1405 5394 6850
 ... : 80 329 1408 5439 6915
 ... : 80 329 1408 5497 6979
 ... : 80 329 1410 5551 7044
 ... : 80 329 1415 5606 7106
 ... : 80 329 1416 5660 7170
 ... : 80 329 1417 5717 7235
 ... : 80 329 1417 5770 7300
 ... : 80 329 1419 5831 7365
 ... : 80 329 1419 5896 7433
 ... : 80 329 1420 5960 7499
 ... : 80 329 1420 6023 7568
 ... : 80 328 1421 6081 7627
 ... : 80 328 1422 6135 7694
 ... : 80 328 1431 6190 7754
 ... : 80 328 1467 6237 7791
 ... : 80 328 1492 6287 7822
 ... : 80 328 1492 6341 7884
 ... : 80 328 1497 6402 7944
 ... : 80 328 1518 6457 7988
 ... : 80 328 1535 6503 8029
 ... : 80 328 1551 6554 8075
 ... : 80 328 1554 6607 8135
 ... : 80 328 1557 6663 8197
 ... : 80 328 1561 6722 8261
 ... : 80 328 1565 6782 8323
 ... : 80 328 1572 6840 8386
 ... : 80 328 1576 6902 8449
 ... : 80 328 1581 6963 8510
 ... : 80 328 1608 7009 8548
 ... : 80 328 1618 7052 8602
 ... : 80 330 1630 7100 8641
 ... : 80 330 1637 7161 8693
 ... : 80 329 1654 7214 8732
 ... : 80 329 1658 7267 8796
 ... : 80 329 1672 7321 8848
 ... : 80 329 1676 7376 8912
 ... : 80 329 1699 7426 8956
 ... : 80 329 1712 7481 8998
 ... : 80 329 1728 7528 9058
 ... : 80 328 1753 7588 9100
 ... : 80 328 1763 7624 9155
 ... : 80 328 1772 7676 9213
 ... : 80 328 1777 7724 9276
 ... : 80 328 1793 7782 9326
 ... : 80 328 1805 7834 9381
 ... : 80 328 1807 7896 9444
 ... : 80 328 1829 7954 9489
 ... : 80 328 1836 8013 9551
 ... : 80 328 1839 8073 9622
 ... : 80 328 1840 8133 9689
 ... : 80 328 1853 8193 9743
 ... : 80 313 1870 8249 9795
 ... : 80 313 1875 8307 9854
 ... : 80 313 1881 8370 9914
 ... : 80 313 1882 8432 9980
 ... : 80 314 1862 8490 10044
 ... : 80 314 1862 8551 10108
 ... : 80 314 1864 8609 10173
 ... : 80 314 1871 8663 10234
 ... : 80 314 1905 8728 10261
 ... : 80 314 1909 8788 10326
 ... : 80 314 1914 8837 10376
 ... : 80 314 1933 8891 10430
 ... : 80 314 1937 8951 10492
 ... : 80 314 1942 9014 10552
 ... : 80 314 1956 9071 10602
 ... : 80 314 1967 9129 10660
 ... : 80 314 1973 9193 10721
 ... : 80 314 1976 9252 10783
 ... : 80 314 1978 9312 10847
 ... : 80 314 1978 9376 10912
 ... : 80 314 1978 9438 10978
 ... : 80 314 1984 9502 11039
 ... : 80 314 1988 9567 11100
 ... : 80 314 1989 9622 11167
 ... : 80 314 1991 9683 11228
 ... : 80 314 1991 9748 11293
 ... : 80 314 1991 9808 11360
 ... : 80 314 2005 9867 11414
 ... : 80 314 2007 9926 11478
 ... : 80 314 2009 9988 11540
 ... : 80 314 2021 10045 11588
 ... : 80 316 2043 10100 11632
 ... : 80 316 2045 10163 11696
 ... : 80 316 2048 10220 11762
 ... : 80 316 2048 10282 11815
 ... : 80 316 2052 10342 11876
 ... : 80 316 2055 10399 11930
 ... : 80 316 2062 10442 11992
 ... : 80 316 2070 10500 12055
 ... : 80 316 2067 10561 12115
 ... : 80 316 2075 10623 12171
 ... : 80 316 2075 10685 12237
 ... : 80 316 2076 10744 12305
 ... : 80 316 2077 10808 12371
 ... : 80 316 2077 10871 12438
 ... : 80 316 2080 10929 12503
 ... : 80 316 2082 10988 12566
 ... : 80 316 2085 11052 12628
 ... : 80 316 2085 11117 12691
 ... : 80 316 2092 11173 12753
 ... : 80 316 2094 11234 12815
 ... : 80 317 2100 11287 12873
 ... : 80 317 2102 11347 12939
 ... : 80 317 2102 11407 13006
 ... : 80 316 2089 11472 13067
 ... : 80 316 2090 11533 13135
 ... : 80 316 2090 11588 13209
 ... : 80 316 2092 11650 13270
 ... : 80 316 2092 11716 13335
