initialized model with 934 latches, 364 inputs and 1 properties
tsim: performed 17 steps
tsim: found cycle from 15
checking bound 0
checking bound 1
checking bound 2
tdecomp: unrolling 2 cycles
tsim: performed 15 steps
tsim: found cycle from 13
tsim: found 1 constants and 0 latch equivalences
tdecomp: (934, 1456) -> (933, 350)
 ... : 200
   2 : 86 167
   3 : 86 43 184
 ... : 86 85 263
 ... : 86 94 433
 ... : 86 142 520
 ... : 86 192 604
 ... : 86 229 719
 ... : 86 263 824
 ... : 86 312 883
   4 : 86 324 314 597
   5 : 86 322 309 196 598
 ... : 86 322 309 228 696
 ... : 86 322 309 240 803
 ... : 86 322 312 283 873
 ... : 86 322 316 277 952
 ... : 86 322 324 296 1013
 ... : 86 322 328 328 1070
 ... : 86 322 338 362 1130
 ... : 86 322 339 394 1197
 ... : 86 322 346 442 1260
 ... : 86 322 351 481 1320
 ... : 86 322 390 525 1352
 ... : 86 322 393 546 1415
 ... : 86 322 396 559 1480
 ... : 86 322 396 566 1547
 ... : 86 322 396 578 1611
 ... : 86 321 398 591 1672
 ... : 86 321 399 620 1724
 ... : 86 321 409 637 1783
 ... : 86 322 417 661 1836
 ... : 86 323 429 696 1891
 ... : 86 323 433 718 1956
 ... : 86 323 440 761 2015
 ... : 86 323 452 796 2069
 ... : 86 323 459 845 2129
 ... : 86 330 487 881 2165
 ... : 86 332 540 933 2178
 ... : 86 336 576 983 2204
 ... : 86 336 576 1034 2270
 ... : 86 336 577 1080 2322
 ... : 86 336 594 1115 2361
 ... : 86 339 608 1167 2414
 ... : 86 340 617 1213 2463
 ... : 86 341 629 1268 2519
 ... : 86 342 636 1321 2578
 ... : 86 343 654 1370 2628
 ... : 86 346 680 1424 2673
 ... : 86 347 697 1477 2726
 ... : 86 347 697 1526 2793
 ... : 86 347 697 1577 2860
 ... : 86 347 697 1627 2925
 ... : 86 347 697 1684 2992
 ... : 86 347 698 1745 3059
 ... : 86 347 701 1788 3126
 ... : 86 347 704 1805 3191
 ... : 86 347 716 1836 3257
 ... : 86 347 722 1862 3328
 ... : 86 347 730 1896 3398
 ... : 86 347 736 1917 3488
 ... : 86 347 744 1952 3568
 ... : 86 347 748 1985 3633
 ... : 86 347 757 2035 3696
 ... : 86 349 768 2084 3756
 ... : 86 350 783 2115 3811
 ... : 86 352 817 2171 3842
 ... : 86 352 824 2233 3900
 ... : 86 352 830 2273 3962
 ... : 86 352 870 2329 3982
 ... : 86 352 881 2361 4047
 ... : 86 352 890 2410 4108
 ... : 86 352 900 2450 4160
 ... : 86 353 917 2497 4217
 ... : 86 354 933 2547 4260
 ... : 86 354 944 2602 4318
 ... : 86 354 947 2648 4384
 ... : 86 359 967 2698 4430
 ... : 86 359 971 2742 4498
 ... : 86 359 983 2775 4555
 ... : 86 359 990 2824 4615
 ... : 86 359 996 2870 4675
 ... : 86 359 1002 2921 4740
 ... : 86 360 1001 2972 4796
 ... : 86 362 1018 3026 4845
 ... : 86 363 1026 3083 4908
 ... : 86 363 1032 3141 4966
 ... : 86 364 1053 3194 5014
 ... : 86 364 1074 3241 5061
 ... : 86 364 1082 3300 5120
 ... : 86 364 1095 3360 5178
 ... : 86 364 1103 3410 5237
 ... : 86 366 1139 3460 5275
 ... : 86 366 1190 3515 5286
 ... : 86 366 1219 3569 5327
 ... : 86 366 1223 3589 5367
 ... : 86 366 1228 3641 5431
 ... : 86 366 1238 3689 5495
 ... : 86 366 1301 3749 5501
 ... : 86 370 1324 3804 5543
 ... : 86 370 1331 3853 5599
 ... : 86 370 1333 3895 5665
 ... : 86 370 1337 3925 5708
 ... : 86 370 1373 3974 5730
 ... : 86 370 1379 4002 5835
 ... : 86 370 1379 4050 5928
 ... : 86 376 1386 4100 5980
 ... : 86 379 1392 4157 6037
 ... : 86 379 1412 4216 6082
 ... : 86 379 1416 4275 6144
 ... : 86 379 1419 4331 6209
 ... : 86 379 1461 4374 6245
 ... : 86 381 1524 4435 6248
 ... : 86 385 1581 4492 6253
 ... : 86 385 1582 4557 6317
 ... : 86 385 1582 4618 6385
 ... : 86 385 1583 4680 6452
 ... : 86 385 1583 4695 6482
 ... : 86 385 1590 4753 6543
 ... : 86 385 1596 4814 6608
 ... : 86 386 1643 4865 6625
 ... : 86 386 1689 4928 6646
 ... : 86 386 1689 4976 6713
 ... : 86 386 1696 5038 6773
 ... : 86 386 1696 5096 6840
 ... : 86 386 1696 5155 6900
 ... : 86 386 1696 5196 6945
 ... : 86 386 1699 5236 7011
 ... : 86 386 1701 5291 7075
 ... : 85 389 1729 5347 7113
 ... : 85 401 1746 5387 7170
 ... : 85 401 1757 5437 7230
 ... : 85 402 1766 5492 7293
 ... : 85 402 1773 5540 7354
 ... : 85 402 1779 5600 7406
 ... : 85 402 1790 5640 7462
 ... : 85 402 1839 5673 7504
 ... : 85 402 1906 5673 7571
 ... : 85 402 1932 5674 7611
 ... : 85 402 1938 5726 7675
 ... : 85 403 1943 5790 7735
 ... : 85 403 1946 5848 7803
 ... : 85 404 1958 5889 7852
 ... : 85 404 1979 5950 7898
 ... : 85 404 1997 5997 7939
 ... : 85 404 2001 6059 8003
 ... : 85 404 2010 6112 8060
 ... : 85 404 2013 6152 8119
 ... : 85 405 2014 6201 8188
 ... : 85 405 2018 6248 8250
 ... : 85 405 2037 6303 8295
 ... : 85 405 2059 6353 8346
 ... : 85 405 2061 6402 8412
 ... : 85 405 2064 6458 8481
 ... : 85 407 2088 6509 8517
 ... : 85 407 2095 6567 8576
 ... : 85 408 2114 6622 8621
 ... : 85 408 2115 6677 8684
 ... : 85 409 2135 6733 8739
 ... : 85 409 2163 6791 8776
 ... : 85 409 2161 6824 8854
 ... : 85 409 2164 6870 8937
 ... : 85 409 2166 6899 9027
 ... : 85 409 2172 6948 9102
 ... : 85 409 2185 7006 9155
 ... : 85 409 2195 7056 9210
 ... : 85 411 2203 7104 9268
 ... : 85 412 2216 7161 9314
 ... : 85 412 2213 7195 9370
 ... : 85 411 2221 7246 9425
 ... : 81 394 2235 7286 9440
 ... : 81 397 2260 7343 9480
 ... : 81 397 2260 7398 9547
 ... : 81 398 2275 7452 9603
 ... : 81 398 2312 7502 9633
 ... : 81 406 2346 7541 9658
 ... : 81 399 2371 7596 9698
 ... : 81 399 2384 7659 9755
 ... : 81 399 2412 7714 9788
 ... : 81 399 2413 7770 9854
 ... : 81 399 2429 7829 9905
 ... : 81 399 2429 7892 9969
 ... : 81 399 2431 7957 10033
 ... : 81 399 2432 8017 10101
 ... : 81 399 2448 8073 10149
 ... : 81 399 2448 8135 10211
 ... : 81 399 2448 8192 10277
 ... : 81 400 2463 8242 10318
 ... : 81 400 2465 8290 10388
 ... : 81 400 2464 8310 10486
 ... : 81 400 2467 8333 10547
 ... : 81 400 2470 8396 10612
 ... : 81 400 2472 8451 10687
 ... : 81 400 2478 8492 10749
 ... : 81 400 2484 8541 10800
 ... : 81 400 2486 8595 10874
 ... : 80 401 2399 8374 10875
 ... : 80 401 2420 8432 10920
 ... : 80 402 2430 8415 10947
 ... : 80 402 2437 8471 11007
 ... : 80 402 2494 8532 11016
 ... : 80 402 2538 8601 11035
 ... : 80 402 2538 8656 11100
 ... : 80 402 2526 8601 11159
 ... : 80 402 2541 8665 11212
 ... : 80 402 2547 8731 11273
 ... : 80 401 2529 8745 11330
 ... : 80 401 2531 8807 11394
 ... : 80 401 2538 8871 11454
 ... : 80 401 2543 8931 11515
 ... : 80 401 2555 8992 11567
 ... : 80 401 2555 9029 11639
 ... : 80 401 2556 9071 11703
 ... : 80 401 2574 9111 11762
 ... : 80 401 2576 9177 11826
 ... : 80 401 2582 9235 11886
 ... : 80 401 2594 9299 11939
 ... : 80 401 2597 9354 12001
 ... : 80 401 2597 9419 12067
 ... : 80 401 2596 9454 12133
 ... : 80 401 2596 9520 12200
 ... : 80 401 2598 9574 12248
 ... : 80 401 2606 9633 12306
 ... : 80 401 2608 9698 12369
 ... : 80 401 2609 9756 12436
 ... : 80 401 2614 9817 12500
 ... : 80 402 2616 9872 12562
 ... : 80 402 2593 9905 12619
 ... : 80 403 2595 9964 12687
 ... : 80 403 2595 10027 12754
 ... : 80 403 2597 10085 12820
   6 : 67 266 2241 8176 7715 6182
   7 : 67 265 2237 8106 7601 1416 4905
 ... : 67 265 2237 8106 7601 1477 4981
 ... : 67 265 2237 8106 7601 1527 5049
 ... : 67 265 2237 8106 7583 1588 5116
 ... : 67 265 2237 8106 7589 1641 5180
 ... : 67 265 2237 8106 7606 1667 5238
 ... : 67 265 2237 8109 7626 1711 5272
 ... : 67 265 2237 8112 7630 1757 5349
 ... : 67 265 2237 8112 7630 1820 5417
 ... : 67 265 2237 8112 7630 1880 5491
 ... : 67 265 2237 8112 7626 1929 5585
 ... : 67 265 2237 8112 7626 1982 5663
 ... : 67 265 2237 8112 7626 2024 5730
 ... : 67 265 2237 8112 7632 2069 5789
 ... : 67 265 2237 8035 7641 2104 5845
 ... : 67 265 2237 8036 7650 2136 5900
 ... : 67 265 2237 8036 7661 2183 5959
 ... : 67 265 2237 8037 7681 2228 6013
 ... : 67 265 2237 8040 7692 2270 6074
 ... : 67 265 2237 8040 7694 2328 6146
 ... : 67 265 2237 8040 7697 2389 6208
 ... : 67 265 2237 8040 7701 2443 6268
 ... : 67 265 2237 8039 7708 2498 6325
 ... : 67 265 2237 8024 7715 2546 6376
 ... : 67 265 2237 8025 7723 2598 6431
 ... : 67 265 2237 8031 7733 2643 6474
 ... : 67 265 2237 8031 7752 2683 6520
 ... : 67 265 2237 8038 7761 2731 6572
 ... : 67 265 2237 8039 7774 2785 6627
 ... : 67 265 2237 8039 7777 2835 6709
 ... : 67 265 2237 8039 7776 2895 6780
 ... : 67 265 2237 8039 7780 2951 6848
 ... : 67 265 2237 8039 7792 2996 6912
 ... : 67 265 2238 8036 7811 3044 6960
 ... : 67 265 2238 8036 7821 3098 7017
 ... : 67 265 2238 8036 7833 3144 7071
 ... : 67 265 2238 8037 7835 3183 7167
 ... : 67 265 2233 8032 7836 3222 7235
 ... : 67 265 2231 8012 7828 3263 7240
 ... : 67 265 2231 8012 7829 3328 7305
 ... : 67 265 2231 8012 7829 3391 7371
 ... : 67 265 2231 8012 7832 3451 7437
 ... : 67 265 2231 8011 7832 3512 7499
 ... : 67 265 2231 8005 7836 3562 7516
 ... : 67 265 2231 8007 7847 3619 7570
 ... : 67 265 2231 8008 7855 3670 7621
 ... : 67 265 2231 8017 7866 3703 7668
 ... : 67 265 2231 8007 7893 3723 7650
 ... : 67 265 2232 8016 7942 3771 7621
 ... : 67 265 2232 8016 7956 3832 7673
 ... : 67 265 2232 8016 7958 3895 7737
 ... : 67 265 2235 8025 7996 3951 7762
 ... : 67 265 2235 8025 8004 4005 7819
 ... : 67 265 2235 8025 8011 4062 7879
 ... : 67 265 2235 8025 8018 4114 7933
 ... : 67 265 2233 8025 8023 4163 7980
 ... : 67 265 2233 8026 8027 4226 8044
 ... : 67 265 2233 8028 8035 4286 8105
 ... : 67 265 2233 8028 8038 4320 8155
 ... : 67 265 2233 8028 8051 4375 8209
 ... : 67 265 2233 8030 8070 4423 8259
 ... : 67 265 2235 8041 8128 4477 8262
 ... : 67 265 2235 8041 8135 4544 8318
 ... : 67 265 2235 8041 8138 4604 8381
 ... : 67 265 2235 8041 8137 4664 8447
 ... : 67 265 2235 8041 8138 4712 8513
 ... : 67 265 2235 8041 8149 4766 8562
 ... : 67 265 2236 8053 8166 4807 8599
 ... : 67 265 2236 8053 8193 4865 8636
 ... : 67 265 2236 8053 8197 4924 8700
 ... : 67 265 2236 8053 8203 4978 8762
 ... : 67 265 2236 8053 8212 5025 8820
 ... : 67 265 2236 8053 8216 5090 8882
 ... : 67 265 2236 8053 8221 5151 8942
 ... : 67 265 2236 8056 8239 5210 8992
 ... : 67 265 2236 8056 8247 5271 9056
 ... : 67 265 2236 8056 8252 5335 9114
 ... : 67 265 2236 8056 8260 5392 9171
 ... : 67 265 2236 8056 8270 5450 9228
 ... : 67 265 2236 8058 8288 5508 9273
 ... : 67 265 2238 8064 8302 5557 9320
 ... : 67 265 2238 8070 8341 5606 9344
 ... : 67 265 2238 8077 8356 5647 9383
 ... : 67 265 2239 8086 8385 5694 9414
 ... : 67 265 2241 8093 8406 5739 9448
 ... : 67 265 2241 8092 8432 5799 9490
 ... : 67 265 2241 8091 8438 5859 9547
 ... : 67 265 2241 8090 8457 5920 9598
 ... : 67 265 2241 8090 8457 5977 9662
 ... : 67 265 2241 8090 8460 6041 9729
 ... : 67 265 2244 8094 8476 6091 9777
 ... : 67 265 2245 8095 8493 6148 9826
 ... : 67 265 2246 8097 8510 6199 9878
 ... : 67 265 2246 8097 8512 6266 9941
 ... : 67 265 2248 8099 8526 6320 9992
 ... : 67 265 2248 8094 8532 6376 10046
 ... : 67 265 2248 8096 8543 6416 10094
 ... : 67 265 2248 8097 8555 6470 10147
 ... : 67 265 2248 8099 8567 6517 10198
 ... : 67 265 2248 8099 8574 6573 10257
 ... : 67 265 2248 8099 8576 6631 10324
 ... : 67 265 2248 8099 8579 6689 10386
 ... : 67 265 2248 8099 8588 6743 10445
 ... : 67 265 2248 8099 8590 6804 10507
