initialized model with 934 latches, 364 inputs and 1 properties
tsim: performed 17 steps
tsim: found cycle from 15
checking bound 0
checking bound 1
checking bound 2
tdecomp: unrolling 2 cycles
tsim: performed 15 steps
tsim: found cycle from 13
tsim: found 1 constants and 0 latch equivalences
tdecomp: (934, 1456) -> (933, 330)
 ... : 200
   2 : 67 225
 ... : 67 425
   3 : 65 190 255
 ... : 65 204 415
 ... : 65 243 523
 ... : 65 307 592
 ... : 67 333 646
 ... : 67 345 712
 ... : 70 366 806
 ... : 70 389 935
 ... : 70 417 1056
 ... : 70 445 1151
 ... : 70 465 1230
 ... : 70 503 1324
 ... : 75 543 1398
 ... : 78 571 1508
 ... : 80 602 1604
 ... : 88 622 1700
 ... : 91 648 1820
 ... : 91 684 1891
 ... : 88 677 2041
 ... : 88 689 2189
 ... : 88 695 2325
 ... : 88 708 2492
 ... : 87 694 2643
 ... : 87 706 2786
   4 : 45 258 1466 1118
 ... : 45 258 1472 1271
 ... : 45 257 1472 1439
 ... : 45 253 1431 1479
 ... : 45 251 1453 1553
 ... : 45 253 1498 1622
 ... : 45 253 1523 1690
 ... : 45 254 1508 1733
 ... : 47 258 1516 1784
 ... : 47 257 1467 1930
 ... : 46 194 1232 1771
 ... : 45 171 853 1662
 ... : 44 138 598 1482
   5 : 21 32 57 156 570
 ... : 21 32 57 154 769
 ... : 21 32 57 154 967
   6 : 18 11 24 78 453 488
   7 : 18 11 24 66 434 314 347
 ... : 18 11 24 66 434 314 547
 ... : 18 11 24 66 434 317 735
 ... : 18 11 24 66 434 321 919
   8 : 18 11 24 66 434 325 767 292
 ... : 18 11 24 66 434 325 767 490
 ... : 18 11 24 66 434 325 795 614
 ... : 18 11 24 66 434 327 856 688
 ... : 18 11 24 66 434 330 859 810
 ... : 18 11 24 66 434 329 852 989
 ... : 18 11 24 66 434 329 884 1124
 ... : 18 11 24 66 434 329 900 1285
 ... : 18 11 24 66 434 332 923 1401
 ... : 18 11 24 66 434 332 897 1370
 ... : 18 11 24 66 434 331 926 1498
 ... : 18 11 24 66 434 333 968 1605
 ... : 18 11 24 66 434 337 971 1692
 ... : 18 11 24 66 434 337 972 1808
 ... : 18 11 24 66 437 346 1004 1869
 ... : 18 11 24 66 437 347 1033 1966
 ... : 18 11 24 66 437 347 1040 2046
 ... : 18 11 24 66 437 347 1041 2241
 ... : 18 11 24 66 437 347 1044 2432
 ... : 18 11 24 66 437 347 1040 2614
 ... : 18 11 24 66 437 347 1049 2763
 ... : 18 11 24 66 437 347 1072 2880
 ... : 18 11 24 66 437 347 1085 2994
 ... : 18 11 24 66 437 354 1054 3091
 ... : 18 11 24 66 437 359 1080 3152
 ... : 18 11 24 66 437 359 1099 3271
 ... : 18 11 24 66 437 359 1110 3383
 ... : 18 11 24 66 437 359 1114 3546
 ... : 18 11 24 66 437 361 1126 3704
 ... : 18 11 24 66 437 361 1138 3849
 ... : 18 11 24 66 437 362 1160 3971
 ... : 18 11 24 66 437 367 1195 4062
 ... : 18 11 24 66 440 379 1222 4150
 ... : 18 11 24 67 442 382 1245 4269
 ... : 18 11 24 67 442 382 1255 4434
 ... : 18 11 24 67 442 385 1276 4547
 ... : 18 11 24 67 442 385 1298 4666
 ... : 18 11 24 67 442 383 1329 4780
 ... : 18 11 24 67 442 383 1334 4934
 ... : 18 11 24 67 442 385 1364 5007
 ... : 18 11 24 67 442 388 1394 5112
 ... : 18 11 24 67 442 389 1410 5235
 ... : 18 11 24 67 443 398 1430 5259
 ... : 18 11 24 67 443 397 1444 5373
 ... : 18 11 24 67 441 401 1454 5475
 ... : 18 11 24 67 441 391 1448 5585
 ... : 18 11 24 67 441 400 1462 5699
 ... : 18 11 24 67 441 399 1478 5848
 ... : 18 11 24 67 441 401 1506 5905
 ... : 18 11 24 67 442 415 1536 5962
 ... : 18 11 24 67 442 420 1563 6060
 ... : 18 11 24 67 442 422 1609 6160
 ... : 18 11 24 67 442 420 1609 6166
 ... : 18 11 24 67 443 422 1618 6261
 ... : 18 11 24 67 443 421 1624 6354
 ... : 18 11 24 67 443 421 1632 6483
 ... : 18 11 24 67 443 421 1650 6636
 ... : 18 11 24 67 443 421 1676 6773
 ... : 18 11 24 67 443 421 1711 6898
 ... : 18 11 24 67 443 421 1734 7033
 ... : 18 11 24 67 443 421 1750 7198
 ... : 18 11 24 67 443 421 1758 7354
 ... : 18 11 24 67 443 421 1754 7442
 ... : 18 11 24 67 443 419 1745 7611
   9 : 15 8 3 57 314 219 1196 5574 1652
 ... : 15 8 3 57 314 219 1196 5574 1852
 ... : 15 8 3 57 314 219 1196 5574 2050
 ... : 15 8 3 57 314 219 1196 5574 2251
 ... : 15 8 3 57 314 219 1196 5574 2450
 ... : 15 8 3 57 314 219 1196 5574 2650
 ... : 15 8 3 57 314 219 1196 5588 2819
 ... : 15 8 3 57 314 219 1197 5596 2998
 ... : 15 8 3 57 314 219 1197 5596 3199
 ... : 15 8 3 57 314 219 1197 5596 3400
 ... : 15 8 3 57 314 219 1197 5596 3587
 ... : 15 8 3 57 314 219 1197 5596 3779
 ... : 15 8 3 57 314 219 1197 5596 3979
 ... : 15 8 3 57 314 219 1202 5603 4105
 ... : 15 8 3 57 314 222 1208 5588 4223
 ... : 15 8 3 57 314 222 1208 5588 4424
 ... : 15 8 3 57 314 222 1211 5599 4586
 ... : 15 8 3 57 314 222 1211 5599 4787
 ... : 15 8 3 57 314 222 1211 5596 4981
 ... : 15 8 3 57 314 222 1211 5588 5168
 ... : 15 8 3 57 314 222 1213 5606 5317
 ... : 15 8 3 57 314 222 1214 5609 5505
 ... : 15 8 3 57 314 222 1214 5609 5674
 ... : 15 8 3 57 314 222 1214 5609 5867
 ... : 15 8 3 57 314 222 1215 5625 6020
 ... : 15 8 3 57 314 222 1215 5635 6186
 ... : 15 8 3 57 314 220 1214 5603 6323
 ... : 15 8 3 57 314 220 1214 5610 6481
 ... : 15 8 3 57 314 220 1214 5610 6644
 ... : 15 8 3 57 314 220 1214 5615 6817
 ... : 15 8 3 57 314 220 1214 5620 7008
 ... : 15 8 3 57 314 220 1214 5639 7164
 ... : 15 8 3 57 314 220 1212 5588 7323
 ... : 15 8 3 57 314 220 1212 5600 7491
 ... : 15 8 3 57 314 220 1212 5607 7672
 ... : 15 8 3 57 314 220 1213 5610 7845
 ... : 15 8 3 57 314 220 1211 5628 7997
 ... : 15 8 3 57 314 220 1211 5627 8178
 ... : 15 8 3 57 314 220 1211 5626 8376
 ... : 15 8 3 57 314 220 1211 5630 8507
 ... : 15 8 3 57 314 220 1212 5631 8700
 ... : 15 8 3 57 314 220 1212 5642 8869
 ... : 15 8 3 57 314 220 1212 5663 9024
 ... : 15 8 3 57 314 220 1212 5676 9192
 ... : 15 8 3 57 314 220 1212 5683 9363
 ... : 15 8 3 57 314 220 1212 5692 9543
 ... : 15 8 3 57 314 220 1212 5726 9665
 ... : 15 8 3 57 314 220 1212 5733 9838
 ... : 15 8 3 57 314 222 1216 5756 9972
 ... : 15 8 3 57 314 224 1219 5771 10097
 ... : 15 8 3 57 314 224 1219 5774 10280
 ... : 15 8 3 57 314 224 1219 5774 10472
 ... : 15 8 3 57 314 224 1219 5772 10641
 ... : 15 8 3 57 314 224 1220 5781 10819
 ... : 15 8 3 57 314 224 1220 5784 11014
  10 : 15 8 3 57 313 202 1008 5201 9930 1302
 ... : 15 8 3 57 313 202 1008 5201 9930 1502
 ... : 15 8 3 57 313 202 1008 5201 9930 1703
 ... : 15 8 3 57 313 202 1008 5201 9930 1903
 ... : 15 8 3 57 313 202 1008 5201 9930 2104
 ... : 15 8 3 57 313 202 1008 5201 9930 2305
 ... : 15 8 3 57 313 202 1008 5201 9930 2506
 ... : 15 8 3 57 313 202 1008 5201 9930 2707
 ... : 15 8 3 57 313 202 1008 5201 9931 2906
 ... : 15 8 3 57 313 202 1008 5201 9952 3054
 ... : 15 8 3 57 313 202 1008 5201 9966 3223
 ... : 15 8 3 57 313 202 1008 5201 9969 3416
 ... : 15 8 3 57 313 202 1008 5201 9969 3616
 ... : 15 8 3 57 313 202 1008 5201 9969 3817
 ... : 15 8 3 57 313 202 1008 5201 9969 4018
 ... : 15 8 3 57 313 202 1008 5201 9969 4219
 ... : 15 8 3 57 313 202 1008 5201 9969 4420
 ... : 15 8 3 57 313 202 1008 5201 9977 4604
 ... : 15 8 3 57 313 202 1008 5201 9989 4779
 ... : 15 8 3 57 313 202 1008 5201 9989 4980
 ... : 15 8 3 57 313 202 1008 5201 9996 5167
 ... : 15 8 3 57 313 202 1008 5201 10016 5325
 ... : 15 8 3 57 313 202 1008 5201 10027 5503
 ... : 15 8 3 57 313 202 1008 5200 10031 5688
 ... : 15 8 3 57 313 202 1008 5200 10031 5889
 ... : 15 8 3 57 313 202 1008 5200 10031 6090
 ... : 15 8 3 57 313 202 1008 5200 10032 6289
 ... : 15 8 3 57 313 202 1008 5200 10056 6437
 ... : 15 8 3 57 313 202 1008 5200 10074 6597
 ... : 15 8 3 57 313 202 1008 5200 10074 6798
 ... : 15 8 3 57 313 202 1008 5200 10074 6999
 ... : 15 8 3 57 313 202 1008 5200 10074 7199
 ... : 15 8 3 57 313 202 1008 5199 10074 7399
 ... : 15 8 3 57 313 202 1008 5199 10075 7594
 ... : 15 8 3 57 313 202 1008 5199 10075 7795
 ... : 15 8 3 57 313 202 1008 5199 10075 7996
 ... : 15 8 3 57 313 202 1008 5199 10074 8197
 ... : 15 8 3 57 313 202 1008 5199 10074 8398
 ... : 15 8 3 57 313 202 1007 5199 10077 8537
 ... : 15 8 3 57 313 202 1007 5199 10079 8732
 ... : 15 8 3 57 313 202 1007 5200 10091 8903
 ... : 15 8 3 57 313 202 1007 5200 10091 9101
 ... : 15 8 3 57 313 202 1007 5200 10098 9282
 ... : 15 8 3 57 313 202 1007 5201 10106 9441
 ... : 15 8 3 57 313 202 1007 5201 10106 9642
 ... : 15 8 3 57 313 202 1007 5203 10098 9787
 ... : 15 8 3 57 313 202 1007 5205 10145 9884
 ... : 15 8 3 57 313 202 1007 5205 10195 9981
 ... : 15 8 3 57 313 202 1007 5209 10255 10048
 ... : 15 8 3 57 313 202 1006 5212 10309 10133
 ... : 15 8 3 57 313 202 1006 5212 10312 10329
 ... : 15 8 3 57 313 202 1006 5212 10319 10512
 ... : 15 8 3 57 313 202 1006 5212 10340 10659
 ... : 15 8 3 57 313 202 1006 5212 10356 10805
 ... : 15 8 3 57 313 202 1006 5212 10388 10936
 ... : 15 8 3 57 313 202 1006 5212 10411 11052
 ... : 15 8 3 57 313 202 1006 5212 10419 11212
 ... : 15 8 3 57 313 202 1006 5212 10459 11324
 ... : 15 8 3 57 313 202 1006 5212 10487 11460
 ... : 15 8 3 57 313 202 1006 5216 10501 11613
 ... : 15 8 3 57 313 202 1006 5217 10515 11774
 ... : 15 8 3 57 313 202 1006 5217 10546 11908
 ... : 15 8 3 57 313 202 1006 5217 10577 12036
 ... : 15 8 3 57 313 202 1006 5223 10615 12134
 ... : 15 8 3 57 313 202 1006 5224 10617 12311
 ... : 15 8 3 57 313 202 1006 5224 10643 12456
 ... : 15 8 3 57 313 202 1006 5224 10659 12620
 ... : 15 8 3 57 313 202 1006 5224 10668 12768
 ... : 15 8 3 57 313 202 1006 5224 10693 12898
 ... : 15 8 3 57 313 202 1006 5224 10721 13019
 ... : 15 8 3 57 313 202 1006 5224 10741 13160
 ... : 15 8 3 57 313 202 1006 5224 10765 13303
 ... : 15 8 3 57 313 202 1006 5224 10777 13388
 ... : 15 8 3 57 313 202 1008 5228 10830 13474
 ... : 15 8 3 57 313 201 1005 5227 10863 13582
 ... : 15 8 3 57 313 201 1006 5229 10909 13680
 ... : 15 8 3 57 313 201 1006 5231 10917 13861
 ... : 15 8 3 57 313 201 1006 5231 10925 14036
 ... : 15 8 3 57 313 201 1006 5231 10942 14201
 ... : 15 8 3 57 313 201 1006 5231 10942 14400
 ... : 15 8 3 57 313 201 1006 5234 10980 14506
 ... : 15 8 3 57 313 201 1007 5238 11019 14587
 ... : 15 8 3 57 313 201 1007 5238 11025 14773
 ... : 15 8 3 57 313 201 1007 5238 11042 14927
 ... : 15 8 3 57 313 201 1007 5238 11046 15117
 ... : 15 8 3 57 313 201 1007 5238 11044 15318
 ... : 15 8 3 57 313 201 1007 5228 11054 15465
 ... : 15 8 3 57 313 201 1007 5228 11060 15647
 ... : 15 8 3 57 313 201 1007 5228 11060 15848
  11 : 15 8 3 57 313 197 898 4899 10334 14671 1729
 ... : 15 8 3 57 313 197 898 4899 10334 14671 1929
 ... : 15 8 3 57 313 197 898 4899 10334 14671 2130
 ... : 15 8 3 57 313 197 898 4899 10334 14671 2331
 ... : 15 8 3 57 313 197 898 4899 10334 14671 2532
 ... : 15 8 3 57 313 197 898 4899 10334 14671 2731
 ... : 15 8 3 57 313 197 898 4899 10334 14671 2931
 ... : 15 8 3 57 313 197 898 4899 10334 14671 3132
 ... : 15 8 3 57 313 197 898 4899 10334 14671 3333
 ... : 15 8 3 57 313 197 898 4899 10334 14671 3534
 ... : 15 8 3 57 313 197 898 4899 10334 14671 3735
 ... : 15 8 3 57 313 197 898 4899 10334 14671 3936
 ... : 15 8 3 57 313 197 898 4899 10334 14671 4137
 ... : 15 8 3 57 313 197 898 4899 10334 14671 4338
 ... : 15 8 3 57 313 197 898 4899 10334 14669 4539
 ... : 15 8 3 57 313 197 898 4899 10334 14669 4740
 ... : 15 8 3 57 313 197 898 4899 10334 14681 4913
 ... : 15 8 3 57 313 197 898 4899 10334 14678 5114
 ... : 15 8 3 57 313 197 898 4899 10334 14678 5315
 ... : 15 8 3 57 313 197 898 4899 10334 14678 5516
 ... : 15 8 3 57 313 197 898 4899 10334 14677 5717
 ... : 15 8 3 57 313 197 898 4899 10334 14677 5918
 ... : 15 8 3 57 313 197 898 4899 10334 14677 6119
 ... : 15 8 3 57 313 197 898 4899 10334 14676 6319
 ... : 15 8 3 57 313 197 898 4899 10334 14676 6520
 ... : 15 8 3 57 313 197 898 4899 10334 14676 6721
 ... : 15 8 3 57 313 197 898 4899 10334 14676 6922
 ... : 15 8 3 57 313 197 898 4899 10334 14676 7123
 ... : 15 8 3 57 313 197 898 4899 10334 14676 7324
 ... : 15 8 3 57 313 197 898 4899 10334 14676 7525
 ... : 15 8 3 57 313 197 898 4899 10334 14684 7630
 ... : 15 8 3 57 313 197 898 4899 10334 14684 7830
 ... : 15 8 3 57 313 197 898 4899 10334 14684 8027
 ... : 15 8 3 57 313 197 898 4899 10334 14684 8225
 ... : 15 8 3 57 313 197 898 4899 10334 14684 8426
 ... : 15 8 3 57 313 197 898 4899 10334 14683 8627
 ... : 15 8 3 57 313 197 898 4899 10334 14683 8828
 ... : 15 8 3 57 313 197 898 4899 10334 14683 9029
 ... : 15 8 3 57 313 197 898 4899 10334 14683 9230
 ... : 15 8 3 57 313 197 898 4899 10334 14683 9431
 ... : 15 8 3 57 313 197 898 4899 10334 14683 9632
 ... : 15 8 3 57 313 197 898 4899 10333 14682 9833
 ... : 15 8 3 57 313 197 898 4899 10333 14679 10034
 ... : 15 8 3 57 313 197 898 4899 10333 14701 10186
 ... : 15 8 3 57 313 197 898 4899 10333 14701 10387
 ... : 15 8 3 57 313 197 898 4899 10333 14700 10588
 ... : 15 8 3 57 313 197 898 4899 10333 14700 10789
 ... : 15 8 3 57 313 197 898 4899 10334 14714 10935
 ... : 15 8 3 57 313 197 898 4899 10335 14752 11000
 ... : 15 8 3 57 313 197 899 4900 10341 14782 11111
 ... : 15 8 3 57 313 197 899 4900 10347 14824 11201
