initialized model with 934 latches, 364 inputs and 1 properties
tsim: performed 17 steps
tsim: found cycle from 15
checking bound 0
checking bound 1
checking bound 2
tdecomp: unrolling 2 cycles
tsim: performed 15 steps
tsim: found cycle from 13
tsim: found 1 constants and 0 latch equivalences
tdecomp: (934, 1456) -> (933, 338)
 ... : 200
   2 : 271 24
 ... : 271 224
 ... : 271 425
 ... : 271 626
   3 : 271 696 99
 ... : 271 695 298
 ... : 266 679 471
 ... : 217 579 598
 ... : 172 493 710
 ... : 164 524 790
 ... : 148 521 846
   4 : 78 419 293 541
   5 : 78 419 293 134 536
 ... : 78 419 293 147 603
 ... : 78 419 293 185 686
 ... : 78 419 296 237 749
 ... : 78 419 298 282 813
 ... : 78 419 303 336 879
 ... : 78 419 309 384 943
 ... : 78 419 310 444 1007
 ... : 78 419 313 503 1070
 ... : 78 419 320 540 1102
 ... : 78 419 322 601 1167
 ... : 78 419 338 642 1222
 ... : 78 419 342 681 1292
 ... : 78 419 363 652 1329
 ... : 78 419 387 692 1358
 ... : 78 419 396 726 1417
 ... : 78 419 400 751 1480
 ... : 78 419 401 777 1544
 ... : 78 419 409 800 1600
 ... : 78 419 414 820 1656
 ... : 78 419 421 840 1694
 ... : 78 419 436 871 1748
 ... : 78 419 439 900 1811
 ... : 78 419 446 932 1848
 ... : 78 419 452 969 1908
 ... : 78 419 459 1006 1967
 ... : 78 419 465 1041 2028
 ... : 78 419 467 1056 2087
 ... : 78 419 468 1114 2152
 ... : 78 419 476 1137 2233
 ... : 78 418 490 1156 2289
 ... : 78 418 497 1173 2350
 ... : 78 418 502 1190 2412
 ... : 78 418 506 1201 2476
 ... : 78 418 524 1212 2530
 ... : 78 418 528 1225 2592
 ... : 78 418 531 1250 2656
 ... : 78 417 536 1273 2707
 ... : 78 417 543 1279 2764
 ... : 78 416 598 1327 2783
 ... : 77 392 660 1374 2800
 ... : 77 392 709 1422 2816
 ... : 77 392 713 1426 2841
 ... : 77 392 711 1460 2886
 ... : 77 392 719 1487 2938
 ... : 77 394 742 1523 2989
 ... : 77 401 772 1555 3019
 ... : 77 401 786 1591 3064
 ... : 77 401 792 1631 3116
 ... : 77 401 832 1670 3142
 ... : 77 406 872 1712 3158
 ... : 77 412 890 1739 3196
 ... : 77 423 947 1786 3201
 ... : 77 427 1009 1836 3208
 ... : 77 427 1063 1884 3227
 ... : 76 452 1100 1916 3233
 ... : 76 452 1102 1936 3280
 ... : 76 452 1102 1947 3375
 ... : 76 452 1108 1975 3480
 ... : 76 452 1116 2026 3543
 ... : 76 452 1141 2080 3580
 ... : 76 452 1142 2139 3645
 ... : 76 451 1147 2194 3695
 ... : 76 451 1151 2249 3757
 ... : 76 451 1159 2293 3815
 ... : 76 451 1160 2353 3881
 ... : 76 451 1164 2410 3943
 ... : 76 451 1172 2473 3998
 ... : 76 451 1203 2533 4031
 ... : 76 451 1240 2592 4064
 ... : 76 451 1252 2631 4111
 ... : 76 453 1273 2676 4154
 ... : 76 453 1290 2735 4209
 ... : 76 453 1302 2793 4264
 ... : 76 453 1315 2845 4320
 ... : 76 453 1329 2900 4376
 ... : 76 449 1363 2944 4402
 ... : 76 454 1379 2994 4456
 ... : 76 454 1425 3030 4497
 ... : 76 454 1433 3066 4550
 ... : 76 461 1458 3107 4567
 ... : 76 461 1471 3153 4618
 ... : 76 467 1493 3194 4661
 ... : 76 468 1528 3237 4695
 ... : 76 468 1587 3294 4704
 ... : 76 468 1642 3340 4712
 ... : 76 469 1702 3401 4716
 ... : 76 473 1763 3459 4720
 ... : 75 464 1825 3505 4727
 ... : 75 463 1890 3572 4727
 ... : 73 420 1936 3628 4737
 ... : 73 420 1936 3684 4807
 ... : 73 420 1936 3693 4827
 ... : 73 420 1936 3700 4865
 ... : 73 420 1938 3736 4919
 ... : 73 420 1937 3781 4995
 ... : 73 420 1937 3818 5096
 ... : 73 420 1939 3835 5178
 ... : 73 419 1947 3882 5234
 ... : 73 418 1959 3934 5295
 ... : 73 418 1964 3985 5356
 ... : 73 418 1964 4046 5422
 ... : 73 418 1964 4082 5532
 ... : 73 418 1965 4066 5592
 ... : 73 418 1965 4112 5688
 ... : 73 417 1961 4150 5771
 ... : 73 417 1961 4206 5838
 ... : 73 417 1958 4227 5928
 ... : 73 417 1966 4269 5992
 ... : 73 417 1971 4313 6054
 ... : 73 417 1968 4358 6110
 ... : 73 417 1971 4419 6168
 ... : 73 417 1973 4478 6234
 ... : 73 417 1982 4525 6291
 ... : 73 417 1984 4588 6354
 ... : 73 417 1987 4647 6417
 ... : 73 417 1992 4704 6476
 ... : 73 417 1995 4762 6540
 ... : 73 417 1999 4821 6604
 ... : 73 417 2004 4882 6665
 ... : 73 417 2010 4933 6723
 ... : 73 417 2016 4980 6787
 ... : 73 417 2012 5035 6845
 ... : 73 417 2017 5098 6906
 ... : 73 417 2021 5160 6969
 ... : 73 417 2035 5197 7002
 ... : 73 417 2042 5252 7060
 ... : 73 417 2048 5300 7116
 ... : 73 417 2054 5353 7177
 ... : 73 417 2060 5413 7237
 ... : 73 417 2071 5452 7293
 ... : 72 415 2077 5497 7343
 ... : 72 415 2078 5559 7405
 ... : 72 415 2081 5615 7464
 ... : 72 416 2084 5675 7526
 ... : 72 418 2093 5728 7585
 ... : 72 426 2112 5773 7635
 ... : 72 429 2122 5824 7696
 ... : 72 431 2133 5876 7751
 ... : 72 436 2142 5923 7804
 ... : 72 438 2152 5974 7876
 ... : 72 439 2151 5985 7995
 ... : 72 441 2156 6015 8067
 ... : 72 441 2156 5998 8182
 ... : 72 441 2156 6022 8317
 ... : 72 441 2154 6068 8395
 ... : 72 441 2154 6085 8548
 ... : 72 441 2150 6098 8678
 ... : 72 441 2157 6147 8753
 ... : 72 441 2165 6185 8835
 ... : 71 437 2167 6224 8940
 ... : 71 437 2167 6229 9050
 ... : 71 437 2169 6213 9163
 ... : 71 437 2169 6230 9288
   6 : 24 52 846 4315 5583 3722
 ... : 24 52 846 4315 5596 3868
 ... : 24 52 846 4315 5642 3967
 ... : 24 52 846 4315 5692 4044
 ... : 24 52 846 4315 5713 4142
 ... : 24 52 846 4316 5777 4210
 ... : 24 52 846 4316 5837 4280
 ... : 24 52 846 4309 5883 4368
 ... : 24 52 844 4295 5918 4436
 ... : 24 52 844 4294 5958 4516
 ... : 24 52 844 4295 6012 4583
 ... : 24 52 844 4296 6059 4656
 ... : 24 52 844 4297 6123 4722
 ... : 24 52 844 4298 6186 4788
 ... : 24 52 844 4299 6246 4854
 ... : 24 52 844 4303 6297 4924
 ... : 24 52 844 4305 6359 4989
 ... : 24 52 844 4310 6421 5053
 ... : 24 52 844 4310 6464 5151
 ... : 24 52 844 4310 6528 5219
 ... : 24 52 844 4311 6582 5291
 ... : 24 52 844 4312 6641 5349
 ... : 24 52 843 4311 6686 5420
 ... : 24 52 843 4312 6748 5488
 ... : 24 52 843 4312 6804 5557
 ... : 24 52 843 4313 6855 5624
 ... : 24 52 843 4316 6908 5705
 ... : 24 52 843 4315 6965 5776
 ... : 24 52 843 4317 7010 5841
 ... : 24 52 843 4330 7065 5884
 ... : 24 52 843 4339 7130 5940
 ... : 24 52 843 4341 7186 6012
 ... : 24 52 843 4350 7233 6094
 ... : 24 52 843 4350 7291 6175
 ... : 24 52 843 4350 7336 6272
 ... : 24 52 843 4350 7392 6336
 ... : 24 52 843 4357 7448 6405
 ... : 24 52 843 4366 7501 6458
 ... : 24 52 843 4377 7560 6515
 ... : 24 52 843 4355 7621 6576
 ... : 24 52 843 4357 7684 6642
 ... : 24 52 842 4369 7734 6675
 ... : 24 52 842 4369 7792 6742
 ... : 24 52 842 4375 7843 6802
 ... : 24 52 842 4375 7908 6868
 ... : 24 52 842 4376 7971 6932
 ... : 24 52 842 4376 8020 7020
 ... : 24 52 842 4375 8083 7087
 ... : 24 52 842 4376 8143 7155
 ... : 24 52 842 4378 8206 7225
 ... : 24 52 842 4378 8265 7293
 ... : 24 52 842 4377 8329 7360
 ... : 24 52 842 4379 8387 7428
 ... : 24 52 842 4388 8449 7487
 ... : 24 52 842 4392 8509 7549
 ... : 24 52 842 4398 8566 7605
 ... : 24 52 842 4407 8620 7658
 ... : 24 52 842 4400 8678 7720
 ... : 24 52 841 4396 8721 7787
 ... : 24 52 841 4397 8785 7852
 ... : 24 52 841 4403 8845 7916
 ... : 24 52 841 4402 8901 7971
 ... : 24 52 841 4407 8963 8032
 ... : 24 52 832 4372 9014 8095
 ... : 24 52 830 4358 9058 8155
 ... : 24 52 830 4363 9114 8216
 ... : 24 52 830 4363 9179 8276
 ... : 24 52 830 4363 9243 8342
 ... : 24 52 830 4373 9290 8395
 ... : 24 52 830 4385 9350 8445
 ... : 24 52 830 4399 9399 8496
 ... : 24 52 830 4401 9455 8553
 ... : 24 52 830 4411 9511 8611
 ... : 24 52 830 4416 9567 8672
 ... : 24 52 830 4430 9623 8728
 ... : 24 52 830 4440 9682 8787
 ... : 24 52 830 4443 9742 8848
 ... : 24 52 830 4446 9805 8914
 ... : 24 52 830 4459 9862 8967
 ... : 24 52 830 4467 9917 9023
 ... : 24 52 830 4467 9981 9094
 ... : 24 52 830 4470 10042 9155
 ... : 24 52 830 4470 10107 9222
 ... : 24 52 830 4470 10174 9290
 ... : 24 52 830 4472 10232 9357
 ... : 24 52 830 4474 10299 9420
 ... : 24 52 830 4483 10362 9478
 ... : 24 52 830 4491 10420 9536
 ... : 24 52 830 4503 10481 9583
 ... : 24 52 830 4511 10539 9648
 ... : 24 52 830 4524 10599 9701
 ... : 24 52 830 4541 10659 9748
 ... : 24 52 830 4545 10718 9810
 ... : 24 52 830 4557 10779 9868
 ... : 24 52 830 4557 10841 9934
 ... : 24 52 830 4569 10895 9991
 ... : 24 52 830 4573 10957 10058
 ... : 24 52 830 4573 11022 10125
 ... : 24 52 830 4579 11056 10191
 ... : 24 52 829 4526 11114 10263
 ... : 24 52 829 4533 11176 10326
 ... : 24 52 829 4543 11234 10391
 ... : 24 52 829 4546 11300 10454
 ... : 24 52 829 4551 11352 10526
 ... : 24 52 829 4570 11410 10578
 ... : 24 52 829 4577 11463 10629
 ... : 24 52 829 4585 11524 10689
 ... : 24 52 829 4592 11585 10752
 ... : 24 52 829 4600 11649 10813
 ... : 24 52 829 4619 11703 10858
 ... : 24 52 829 4616 11759 10929
 ... : 24 52 829 4616 11808 11003
 ... : 24 52 829 4616 11867 11083
 ... : 24 52 829 4616 11928 11157
 ... : 24 52 829 4617 11976 11241
 ... : 24 52 829 4620 12031 11314
 ... : 24 52 829 4623 12085 11397
 ... : 24 52 829 4625 12142 11450
 ... : 24 52 829 4625 12199 11516
 ... : 24 52 829 4628 12244 11584
 ... : 24 52 829 4638 12290 11640
 ... : 24 52 827 4618 12329 11701
 ... : 24 52 827 4619 12368 11782
 ... : 24 52 827 4576 12406 11852
 ... : 24 52 827 4576 12452 11926
 ... : 24 52 827 4583 12503 11989
 ... : 24 52 827 4590 12543 12063
 ... : 24 52 827 4594 12595 12139
 ... : 24 52 827 4594 12653 12219
 ... : 24 52 827 4600 12702 12307
 ... : 24 52 827 4599 12719 12391
 ... : 24 52 827 4606 12757 12439
 ... : 24 52 827 4618 12817 12491
 ... : 24 52 827 4620 12882 12557
 ... : 24 52 827 4627 12943 12617
 ... : 24 51 827 4632 12970 12678
 ... : 24 51 827 4630 13024 12723
 ... : 24 51 825 4629 13084 12786
 ... : 24 51 825 4630 13143 12854
 ... : 24 51 825 4645 13193 12913
 ... : 24 51 825 4647 13244 12977
 ... : 24 51 825 4652 13295 13045
 ... : 24 51 825 4654 13353 13111
 ... : 24 51 825 4658 13408 13182
 ... : 24 51 824 4661 13456 13244
 ... : 24 51 824 4662 13493 13342
 ... : 24 51 824 4666 13536 13407
 ... : 24 51 824 4666 13582 13479
 ... : 24 51 824 4665 13609 13551
 ... : 24 51 824 4665 13655 13637
 ... : 24 51 824 4671 13704 13710
 ... : 24 51 824 4679 13752 13774
 ... : 24 51 824 4685 13802 13854
 ... : 24 51 824 4686 13852 13930
 ... : 24 51 824 4690 13896 14007
 ... : 24 51 824 4692 13930 14126
 ... : 24 51 819 4707 13968 14194
 ... : 24 51 819 4708 13987 14331
 ... : 24 51 819 4709 14042 14414
 ... : 24 51 819 4718 14097 14480
 ... : 24 51 819 4721 14130 14584
 ... : 24 51 819 4721 14178 14673
 ... : 24 51 819 4722 14230 14746
 ... : 24 51 819 4724 14279 14829
 ... : 24 51 819 4724 14324 14931
 ... : 24 51 819 4724 14380 14999
 ... : 24 51 819 4728 14426 15083
 ... : 24 51 819 4728 14473 15177
 ... : 24 51 818 4711 14519 15273
 ... : 24 51 818 4711 14554 15380
 ... : 24 51 818 4711 14586 15509
 ... : 24 51 818 4711 14618 15641
 ... : 24 51 818 4711 14666 15741
 ... : 24 51 818 4710 14699 15871
 ... : 24 51 818 4709 14716 16034
 ... : 24 51 818 4711 14742 16157
 ... : 24 51 818 4712 14770 16281
 ... : 24 51 818 4712 14811 16376
 ... : 24 51 818 4713 14855 16466
 ... : 24 51 818 4713 14893 16583
 ... : 24 51 818 4710 14937 16675
 ... : 24 51 818 4711 14981 16774
 ... : 24 51 818 4719 15026 16845
 ... : 24 51 818 4733 15076 16907
 ... : 24 51 818 4749 15123 16967
 ... : 24 51 818 4757 15160 17033
 ... : 24 51 818 4762 15192 17148
 ... : 24 51 818 4769 15239 17239
 ... : 24 51 818 4775 15289 17306
 ... : 24 51 818 4783 15336 17375
 ... : 24 51 818 4789 15371 17463
 ... : 24 51 818 4799 15424 17531
 ... : 24 51 818 4802 15469 17621
 ... : 24 51 818 4804 15507 17716
 ... : 24 51 818 4804 15566 17794
 ... : 24 51 818 4786 15629 17860
 ... : 24 51 818 4791 15682 17933
 ... : 24 51 818 4791 15720 18025
 ... : 24 51 818 4790 15762 18107
 ... : 24 51 817 4756 15705 18145
 ... : 24 51 817 4765 15733 18201
