initialized model with 934 latches, 364 inputs and 1 properties
tsim: performed 17 steps
tsim: found cycle from 15
checking bound 0
checking bound 1
checking bound 2
tdecomp: unrolling 2 cycles
tsim: performed 15 steps
tsim: found cycle from 13
tsim: found 1 constants and 0 latch equivalences
tdecomp: (934, 1456) -> (933, 336)
 ... : 200
   2 : 70 193
   3 : 70 133 200
 ... : 70 163 308
 ... : 70 203 418
 ... : 70 247 497
 ... : 84 295 542
 ... : 83 353 603
 ... : 80 394 682
 ... : 72 388 791
 ... : 71 390 924
 ... : 71 416 983
   4 : 53 159 626 522
 ... : 53 159 625 722
 ... : 53 159 624 922
   5 : 53 159 617 255 696
 ... : 53 159 617 274 842
 ... : 53 159 621 322 882
 ... : 53 159 637 371 937
 ... : 53 159 642 413 1001
 ... : 53 159 644 469 1066
 ... : 53 159 651 518 1121
 ... : 53 159 661 564 1183
 ... : 53 159 670 619 1235
 ... : 53 159 677 671 1298
 ... : 53 159 692 719 1356
 ... : 53 159 708 768 1416
 ... : 53 159 706 819 1477
 ... : 53 159 722 882 1524
 ... : 53 159 722 944 1591
 ... : 53 159 732 1006 1647
 ... : 53 159 748 1057 1692
 ... : 53 159 747 1115 1759
 ... : 53 159 754 1167 1818
 ... : 53 159 755 1197 1903
 ... : 53 159 771 1240 1976
 ... : 53 159 778 1283 2020
 ... : 53 159 792 1340 2077
 ... : 53 159 792 1392 2164
 ... : 53 159 792 1437 2253
 ... : 53 159 799 1481 2332
 ... : 53 159 837 1539 2358
 ... : 53 160 848 1579 2424
 ... : 53 160 848 1616 2527
 ... : 53 160 850 1668 2602
 ... : 53 160 859 1723 2660
 ... : 53 160 860 1784 2723
 ... : 53 161 886 1837 2770
 ... : 53 161 916 1895 2799
 ... : 53 161 923 1949 2862
 ... : 53 162 936 1990 2909
 ... : 53 163 984 2037 2919
 ... : 53 163 997 2089 2970
 ... : 53 164 1012 2147 3022
 ... : 53 164 1012 2192 3083
 ... : 53 164 1018 2246 3144
 ... : 53 174 1044 2285 3170
 ... : 53 174 1055 2336 3226
 ... : 53 174 1062 2398 3281
 ... : 53 178 1087 2453 3321
 ... : 53 182 1096 2496 3366
 ... : 53 183 1109 2538 3421
 ... : 53 183 1108 2602 3488
 ... : 53 183 1115 2659 3546
 ... : 53 183 1112 2717 3604
 ... : 53 183 1112 2781 3669
 ... : 53 183 1113 2841 3735
 ... : 53 183 1115 2900 3800
 ... : 53 184 1128 2954 3869
 ... : 53 186 1150 3002 3928
 ... : 53 189 1163 3045 3990
 ... : 53 191 1160 3088 4016
 ... : 53 191 1165 3123 4084
 ... : 53 191 1166 3165 4157
 ... : 53 191 1171 3212 4224
 ... : 53 192 1175 3248 4298
 ... : 52 178 1183 3268 4401
 ... : 52 179 1188 3252 4538
   6 : 22 55 396 1602 2759 1891
   7 : 22 55 334 1471 2639 921 1159
 ... : 22 55 334 1466 2643 958 1252
 ... : 22 55 334 1466 2643 1015 1311
 ... : 22 55 334 1466 2644 1067 1371
 ... : 22 55 334 1466 2651 1131 1431
 ... : 22 55 334 1466 2668 1189 1485
 ... : 22 55 334 1466 2676 1251 1541
 ... : 22 55 334 1464 2680 1304 1606
 ... : 22 55 334 1464 2686 1365 1660
 ... : 22 55 334 1464 2689 1428 1724
 ... : 22 55 334 1464 2701 1485 1778
 ... : 22 55 334 1464 2705 1543 1838
 ... : 22 55 334 1464 2705 1609 1903
 ... : 22 55 334 1464 2705 1674 1968
 ... : 22 55 334 1464 2706 1735 2034
 ... : 22 55 334 1456 2711 1792 2090
 ... : 22 55 334 1456 2712 1849 2156
 ... : 22 55 334 1461 2729 1894 2212
 ... : 22 55 334 1462 2735 1935 2298
 ... : 22 55 334 1458 2756 1993 2344
 ... : 22 55 334 1458 2756 2058 2411
 ... : 22 55 334 1458 2759 2123 2476
 ... : 22 55 334 1458 2761 2187 2539
 ... : 22 55 334 1458 2770 2249 2594
 ... : 22 55 334 1458 2772 2312 2659
 ... : 22 55 334 1458 2770 2376 2714
 ... : 22 55 334 1458 2772 2431 2778
 ... : 22 55 334 1458 2779 2494 2836
 ... : 22 55 334 1458 2795 2559 2886
 ... : 22 55 334 1458 2795 2619 2948
 ... : 22 55 334 1458 2795 2685 3013
 ... : 22 55 334 1458 2795 2750 3080
 ... : 22 55 334 1458 2805 2812 3140
 ... : 22 55 334 1458 2809 2873 3205
 ... : 22 55 334 1458 2811 2932 3280
 ... : 22 55 334 1457 2820 2986 3341
 ... : 22 55 334 1457 2828 3050 3398
 ... : 22 55 334 1457 2843 3111 3448
 ... : 22 55 334 1457 2849 3175 3510
 ... : 22 55 334 1457 2857 3238 3569
 ... : 22 55 334 1457 2863 3301 3628
 ... : 22 55 334 1457 2866 3360 3691
 ... : 22 55 334 1459 2884 3415 3733
 ... : 22 55 334 1460 2890 3469 3794
 ... : 22 55 334 1460 2902 3531 3850
 ... : 22 55 334 1460 2905 3576 3925
 ... : 22 55 334 1460 2905 3611 4047
 ... : 22 55 334 1460 2906 3664 4123
 ... : 22 55 334 1460 2911 3726 4186
 ... : 22 55 334 1460 2920 3779 4243
 ... : 22 55 334 1460 2926 3828 4330
 ... : 22 55 334 1460 2930 3890 4388
 ... : 22 55 334 1460 2931 3952 4453
 ... : 22 55 334 1460 2934 4011 4510
 ... : 22 55 334 1460 2935 4074 4568
 ... : 22 55 334 1460 2944 4137 4624
 ... : 22 55 334 1460 2947 4200 4684
 ... : 22 55 334 1460 2954 4249 4746
 ... : 22 55 334 1460 2961 4311 4805
 ... : 22 55 334 1460 2962 4375 4871
 ... : 22 55 334 1460 2963 4435 4936
 ... : 22 55 334 1460 2968 4490 4999
 ... : 22 55 334 1460 2972 4540 5081
 ... : 22 55 334 1461 2989 4602 5126
 ... : 22 55 334 1461 2995 4665 5188
 ... : 22 55 334 1461 3001 4728 5253
 ... : 22 55 334 1461 3006 4793 5316
 ... : 22 55 334 1459 3013 4846 5374
 ... : 22 55 334 1459 3017 4910 5436
 ... : 22 55 334 1458 3032 4962 5489
 ... : 22 55 334 1455 3043 5014 5554
 ... : 22 55 334 1455 3046 5046 5665
 ... : 22 55 334 1455 3046 5106 5744
 ... : 22 55 334 1455 3046 5172 5812
 ... : 22 55 334 1455 3045 5229 5893
 ... : 22 55 334 1455 3047 5283 5977
 ... : 22 55 334 1455 3047 5335 6041
 ... : 22 55 334 1444 3055 5394 6099
 ... : 22 55 334 1444 3058 5451 6168
 ... : 22 55 334 1444 3056 5476 6252
 ... : 22 55 334 1445 3078 5524 6299
 ... : 22 55 334 1445 3086 5572 6352
 ... : 22 55 334 1442 3111 5629 6395
 ... : 22 55 334 1442 3115 5695 6459
 ... : 22 55 334 1441 3123 5756 6519
 ... : 22 55 334 1409 3141 5807 6579
 ... : 22 55 334 1408 3104 5828 6632
 ... : 22 55 334 1409 3123 5883 6676
 ... : 22 55 334 1409 3126 5943 6739
 ... : 22 55 334 1409 3128 6001 6803
 ... : 22 55 334 1409 3137 6058 6862
 ... : 22 55 334 1409 3141 6113 6923
 ... : 22 55 334 1409 3151 6174 6980
 ... : 22 55 334 1409 3160 6234 7034
 ... : 22 55 334 1409 3168 6291 7082
 ... : 22 55 334 1409 3171 6355 7146
 ... : 22 55 334 1409 3174 6421 7210
 ... : 22 55 334 1409 3181 6485 7269
 ... : 22 55 334 1409 3190 6531 7327
 ... : 22 55 334 1410 3199 6597 7385
 ... : 22 55 334 1410 3198 6655 7447
 ... : 22 55 334 1411 3205 6717 7508
 ... : 22 55 334 1411 3214 6779 7566
 ... : 22 55 334 1411 3221 6840 7624
 ... : 22 55 334 1411 3229 6902 7688
 ... : 22 55 334 1412 3246 6962 7741
 ... : 22 55 334 1412 3259 7015 7793
 ... : 22 55 334 1412 3259 7076 7853
 ... : 22 55 334 1412 3259 7128 7919
 ... : 22 55 334 1412 3259 7194 7984
 ... : 22 55 334 1412 3259 7261 8049
 ... : 22 55 334 1412 3260 7324 8114
 ... : 22 55 334 1412 3261 7389 8175
 ... : 22 55 334 1412 3265 7450 8230
 ... : 22 55 334 1413 3271 7510 8289
 ... : 22 55 334 1413 3275 7575 8351
 ... : 22 55 334 1413 3276 7638 8418
 ... : 22 55 334 1413 3284 7700 8471
 ... : 22 55 334 1413 3292 7757 8523
 ... : 22 55 334 1413 3309 7812 8573
 ... : 22 55 334 1413 3312 7879 8635
 ... : 22 55 334 1413 3312 7946 8697
 ... : 22 55 334 1413 3313 8006 8764
 ... : 22 55 334 1414 3332 8069 8806
 ... : 22 55 334 1405 3348 8117 8849
 ... : 22 55 334 1405 3349 8184 8915
 ... : 22 55 334 1405 3353 8249 8977
 ... : 22 55 334 1405 3360 8311 9036
 ... : 22 55 334 1405 3360 8374 9100
 ... : 22 55 334 1405 3365 8437 9164
 ... : 22 55 334 1405 3369 8503 9226
 ... : 22 55 334 1405 3374 8565 9286
 ... : 22 55 334 1405 3374 8631 9353
 ... : 22 55 334 1405 3374 8691 9418
 ... : 22 55 334 1405 3382 8756 9477
 ... : 22 55 334 1405 3385 8817 9533
 ... : 22 55 334 1405 3385 8883 9601
 ... : 22 55 334 1405 3389 8948 9661
 ... : 22 55 334 1405 3393 9005 9726
 ... : 22 55 334 1378 3377 9064 9782
 ... : 22 55 334 1378 3384 9111 9841
 ... : 22 55 334 1378 3384 9160 9935
 ... : 22 55 334 1378 3384 9220 10004
 ... : 22 55 334 1378 3372 9252 10073
 ... : 22 55 334 1378 3374 9313 10142
 ... : 22 55 334 1379 3380 9362 10209
 ... : 21 55 326 1357 3363 9405 10259
 ... : 21 55 326 1357 3363 9440 10337
 ... : 21 55 326 1357 3358 9490 10391
 ... : 21 56 328 1359 3365 9522 10470
 ... : 21 55 325 1283 3365 9561 10529
 ... : 21 55 322 1214 3341 9592 10636
 ... : 21 55 322 1214 3336 9544 10776
 ... : 21 55 322 1214 3320 9569 10852
 ... : 21 55 322 1214 3316 9598 10927
 ... : 21 55 322 1214 3313 9593 10987
 ... : 21 55 322 1214 3313 9629 11078
 ... : 21 55 322 1214 3314 9672 11105
 ... : 21 55 322 1214 3309 9697 11165
 ... : 21 55 322 1212 3301 9541 11262
 ... : 21 55 322 1212 3303 9567 11337
 ... : 21 55 322 1210 3270 9576 11390
 ... : 21 55 322 1210 3211 9563 11450
 ... : 21 55 322 1203 3188 9470 11549
 ... : 21 55 322 1203 3182 9409 11627
 ... : 21 55 322 1203 3173 9286 11628
 ... : 21 55 322 1203 3176 9289 11780
 ... : 21 55 322 1204 3175 9299 11864
 ... : 21 55 322 1204 3175 9277 12019
 ... : 21 55 321 1183 3142 9037 12037
 ... : 21 55 320 1174 3093 8929 12125
 ... : 21 55 320 1172 3092 8897 12213
   8 : 16 39 150 609 1997 6342 8703 4675
 ... : 16 39 150 609 1997 6340 8695 4768
 ... : 16 39 150 609 1997 6341 8745 4840
 ... : 16 39 150 609 1997 6343 8798 4909
 ... : 16 39 150 609 1997 6343 8851 4993
 ... : 16 39 150 609 1997 6349 8903 5055
 ... : 16 39 150 609 1997 6354 8942 5148
 ... : 16 39 150 609 1997 6356 8997 5223
 ... : 16 39 150 609 1997 6366 9034 5311
 ... : 16 39 150 609 1997 6379 9080 5360
 ... : 16 39 150 609 1997 6389 9128 5417
 ... : 16 39 150 609 1997 6397 9173 5472
 ... : 16 39 150 609 1997 6398 9224 5547
 ... : 16 39 150 609 1997 6408 9268 5617
 ... : 16 39 150 609 1997 6408 9322 5700
 ... : 16 39 150 609 1997 6412 9372 5778
 ... : 16 39 150 609 1997 6415 9432 5841
 ... : 16 39 150 609 1997 6439 9485 5879
 ... : 16 39 150 609 1997 6452 9534 5940
 ... : 16 39 150 609 1997 6478 9588 5977
 ... : 16 39 150 609 1997 6493 9646 6023
 ... : 16 39 150 609 1997 6495 9701 6090
 ... : 16 39 150 609 1997 6511 9757 6139
 ... : 16 39 150 609 1997 6516 9821 6202
 ... : 16 39 150 609 1997 6521 9881 6265
 ... : 16 39 150 609 1997 6527 9928 6330
 ... : 16 39 150 609 1997 6530 9987 6394
 ... : 16 39 150 609 1997 6539 10048 6451
 ... : 16 39 150 609 1997 6539 10109 6514
 ... : 16 39 150 609 1997 6539 10167 6583
 ... : 16 39 150 609 1997 6539 10224 6656
 ... : 16 39 150 609 1997 6551 10276 6719
 ... : 16 39 150 609 1997 6553 10327 6782
 ... : 16 39 150 609 1997 6554 10386 6848
 ... : 16 39 150 609 1997 6554 10450 6915
 ... : 16 39 150 609 1997 6555 10509 6992
 ... : 16 39 150 609 1997 6557 10565 7067
 ... : 16 39 150 609 1997 6579 10614 7110
 ... : 16 39 150 609 1997 6607 10675 7147
 ... : 16 39 150 609 1997 6611 10725 7200
 ... : 16 39 150 609 1997 6623 10781 7261
 ... : 16 39 150 609 1997 6631 10840 7322
 ... : 16 39 150 609 1997 6631 10904 7387
 ... : 16 39 150 609 1997 6637 10962 7447
 ... : 16 39 150 609 1997 6655 11016 7490
 ... : 16 39 150 609 1997 6677 11071 7537
 ... : 16 39 150 609 1997 6678 11117 7597
 ... : 16 39 150 609 1997 6679 11179 7662
 ... : 16 39 150 609 1997 6691 11233 7717
 ... : 16 39 150 609 1997 6725 11301 7748
 ... : 16 39 150 609 1997 6749 11353 7795
 ... : 16 39 150 609 1997 6761 11389 7863
 ... : 16 39 150 609 1997 6788 11449 7906
 ... : 16 39 150 609 1997 6790 11503 7971
 ... : 16 39 150 609 1996 6795 11554 8025
 ... : 16 39 150 609 1999 6825 11603 8059
 ... : 16 39 150 609 2000 6869 11665 8078
 ... : 16 39 150 609 2000 6880 11696 8139
 ... : 16 39 150 609 2000 6919 11754 8162
 ... : 16 39 150 609 2000 6923 11807 8228
 ... : 16 39 150 609 2000 6924 11868 8292
 ... : 16 39 150 609 2000 6925 11932 8358
 ... : 16 39 150 609 2000 6930 11995 8420
 ... : 16 39 150 609 2000 6932 12052 8487
 ... : 16 39 150 609 2000 6935 12114 8550
 ... : 16 39 150 609 2000 6935 12179 8617
 ... : 16 39 150 609 2000 6939 12242 8674
 ... : 16 39 150 609 2000 6941 12294 8748
 ... : 16 39 150 609 2000 6941 12358 8816
 ... : 16 39 150 609 2000 6942 12410 8881
 ... : 16 39 150 609 1999 6948 12469 8942
 ... : 16 39 150 609 1999 6949 12533 9006
 ... : 16 39 150 609 1999 6954 12597 9071
 ... : 16 39 150 609 1999 6962 12642 9131
 ... : 16 39 150 609 1999 6973 12693 9185
