initialized model with 934 latches, 364 inputs and 1 properties
tsim: performed 17 steps
tsim: found cycle from 15
checking bound 0
checking bound 1
checking bound 2
tdecomp: unrolling 2 cycles
tsim: performed 15 steps
tsim: found cycle from 13
tsim: found 1 constants and 0 latch equivalences
tdecomp: (934, 1456) -> (933, 342)
 ... : 200
 ... : 401
   2 : 96 465
 ... : 89 664
   3 : 63 355 324
 ... : 63 355 523
 ... : 63 382 647
 ... : 63 391 782
   4 : 54 307 466 407
   5 : 54 307 465 155 372
 ... : 54 307 464 190 501
 ... : 54 307 475 246 556
 ... : 54 306 478 299 618
 ... : 54 306 484 354 681
 ... : 54 306 486 386 792
 ... : 54 306 488 417 910
 ... : 54 306 489 473 982
 ... : 54 306 489 508 1073
 ... : 54 306 489 550 1155
 ... : 54 306 489 611 1223
 ... : 54 306 488 675 1289
 ... : 54 306 493 705 1381
 ... : 54 306 493 761 1455
 ... : 54 306 493 823 1525
 ... : 54 306 496 885 1586
 ... : 54 306 498 945 1652
 ... : 54 306 502 994 1701
 ... : 54 306 503 1057 1769
 ... : 54 306 510 1103 1830
 ... : 54 306 519 1156 1882
 ... : 54 306 520 1218 1946
 ... : 54 306 527 1279 2005
 ... : 54 306 529 1325 2070
 ... : 54 306 533 1384 2132
 ... : 54 306 533 1442 2198
 ... : 54 306 534 1490 2257
 ... : 54 306 537 1528 2305
 ... : 54 306 538 1576 2393
 ... : 54 306 538 1628 2466
 ... : 54 306 538 1685 2549
 ... : 54 306 554 1742 2608
 ... : 54 306 574 1791 2645
 ... : 54 306 588 1845 2702
 ... : 54 306 598 1895 2756
 ... : 54 306 609 1953 2812
 ... : 54 306 612 2014 2874
 ... : 54 306 618 2069 2936
 ... : 54 306 627 2129 2993
 ... : 54 306 630 2182 3062
 ... : 54 306 645 2224 3115
 ... : 54 306 654 2284 3171
 ... : 54 306 658 2339 3235
 ... : 53 301 665 2395 3288
 ... : 53 301 669 2456 3347
 ... : 53 301 678 2513 3410
   6 : 35 114 538 2326 2157 1453
 ... : 35 114 538 2326 2205 1538
 ... : 35 114 538 2326 2214 1658
 ... : 35 114 538 2327 2257 1761
 ... : 35 114 538 2327 2282 1861
 ... : 35 114 538 2335 2337 1922
 ... : 35 114 538 2342 2396 1983
 ... : 35 114 538 2345 2457 2045
 ... : 35 114 538 2345 2524 2112
 ... : 35 114 538 2347 2585 2174
 ... : 35 114 538 2348 2644 2237
 ... : 35 114 538 2360 2701 2295
 ... : 35 114 538 2363 2766 2355
 ... : 35 114 538 2368 2825 2417
 ... : 35 114 538 2370 2882 2483
   7 : 23 97 455 2109 2649 960 1802
 ... : 23 97 455 2109 2649 1013 1879
 ... : 23 97 455 2109 2651 1065 1952
 ... : 23 97 455 2109 2655 1116 2015
 ... : 23 97 455 2109 2657 1172 2078
 ... : 23 97 455 2109 2668 1220 2138
 ... : 23 97 455 2109 2675 1281 2196
 ... : 23 97 455 2109 2681 1330 2251
 ... : 23 97 455 2109 2703 1383 2298
 ... : 23 97 455 2109 2705 1449 2360
 ... : 23 97 455 2109 2716 1510 2420
 ... : 23 97 455 2109 2747 1563 2458
 ... : 23 97 455 2109 2747 1627 2522
 ... : 23 97 455 2109 2749 1689 2587
 ... : 23 97 455 2109 2749 1734 2649
 ... : 23 97 455 2109 2751 1795 2715
 ... : 23 97 455 2052 2719 1841 2773
 ... : 23 97 455 2052 2726 1890 2833
 ... : 23 97 455 2051 2732 1939 2892
 ... : 23 97 455 2050 2739 1990 2955
 ... : 23 97 455 2051 2752 2034 3005
 ... : 23 97 455 2056 2768 2073 3057
 ... : 23 97 455 2059 2777 2120 3119
 ... : 23 97 455 2059 2790 2174 3176
 ... : 23 97 455 2059 2799 2222 3237
 ... : 23 97 455 2060 2814 2274 3291
 ... : 23 97 455 2060 2826 2329 3350
 ... : 23 97 455 2067 2851 2378 3388
 ... : 23 97 455 2075 2909 2430 3395
 ... : 23 97 455 2087 2947 2476 3420
 ... : 23 97 455 2087 2962 2530 3467
 ... : 23 97 455 2087 2974 2582 3520
 ... : 23 97 455 2087 2977 2635 3580
 ... : 23 97 455 2087 2989 2675 3635
 ... : 23 97 455 2087 3009 2723 3692
 ... : 23 97 455 2087 3038 2777 3730
 ... : 23 97 455 2087 3049 2829 3785
 ... : 23 97 455 2087 3052 2867 3850
 ... : 23 97 455 2088 3069 2932 3896
 ... : 23 97 455 2088 3082 2988 3948
 ... : 23 97 455 2089 3094 3032 4004
 ... : 23 97 455 2091 3118 3079 4043
 ... : 23 97 455 2091 3120 3134 4107
 ... : 23 97 455 2090 3130 3184 4158
 ... : 23 97 455 2090 3143 3207 4220
 ... : 23 97 455 2090 3157 3236 4262
 ... : 23 97 455 2090 3173 3290 4308
 ... : 23 97 455 2090 3199 3333 4350
 ... : 23 97 455 2091 3225 3386 4397
 ... : 23 97 455 2091 3235 3429 4453
 ... : 23 97 455 2091 3242 3489 4511
 ... : 23 97 455 2091 3246 3540 4569
 ... : 23 97 455 2092 3259 3593 4618
 ... : 23 97 455 2092 3266 3647 4682
 ... : 23 97 455 2093 3277 3696 4736
 ... : 23 97 455 2084 3293 3747 4785
 ... : 23 97 455 2084 3303 3800 4840
 ... : 23 97 455 2084 3310 3829 4876
 ... : 23 97 455 2088 3340 3874 4911
 ... : 23 97 455 2088 3358 3927 4947
 ... : 23 97 455 2088 3361 3962 5019
 ... : 23 97 455 2088 3293 4009 5081
 ... : 23 97 455 2088 3293 4069 5148
 ... : 23 97 455 2088 3293 4136 5214
 ... : 23 97 455 2088 3296 4196 5279
 ... : 23 97 455 2088 3260 4186 5347
 ... : 23 97 455 2088 3260 4238 5416
 ... : 23 97 455 2088 3271 4289 5479
 ... : 23 97 455 2091 3282 4324 5553
 ... : 23 97 455 2091 3296 4361 5630
 ... : 23 97 455 2091 3314 4414 5683
 ... : 23 97 455 2091 3315 4473 5744
 ... : 23 97 455 2091 3315 4538 5810
 ... : 23 97 455 2091 3315 4595 5877
 ... : 23 97 455 2091 3316 4657 5945
 ... : 23 97 455 2091 3327 4716 6006
 ... : 23 97 455 2091 3339 4768 6064
 ... : 23 97 455 2091 3364 4821 6103
 ... : 23 97 455 2091 3372 4882 6155
 ... : 23 97 455 2091 3408 4933 6190
 ... : 23 97 455 2091 3457 4991 6216
 ... : 23 97 455 2091 3460 5033 6262
 ... : 23 97 455 2091 3469 5089 6323
 ... : 23 97 455 2091 3534 5152 6325
 ... : 23 97 455 2091 3601 5218 6326
 ... : 23 97 455 2091 3634 5283 6356
 ... : 23 97 455 2091 3634 5344 6419
 ... : 23 97 455 2091 3643 5408 6477
 ... : 23 97 455 2091 3643 5473 6543
 ... : 23 97 455 2091 3644 5416 6608
 ... : 23 97 455 2091 3644 5476 6675
 ... : 23 97 455 2091 3649 5539 6738
 ... : 23 97 455 2091 3654 5596 6803
 ... : 23 97 455 2091 3654 5655 6870
 ... : 23 97 455 2091 3654 5692 6953
 ... : 23 97 455 2091 3683 5723 6979
 ... : 23 97 455 2091 3688 5786 7040
 ... : 23 97 455 2090 3686 5853 7106
 ... : 23 97 455 2090 3686 5919 7172
 ... : 23 97 455 2090 3699 5973 7230
 ... : 23 97 455 2090 3701 6037 7296
 ... : 23 97 455 2090 3708 6092 7358
 ... : 23 97 455 2090 3722 6146 7410
 ... : 23 97 455 2090 3732 6203 7458
 ... : 23 97 455 2090 3736 6267 7521
 ... : 23 97 455 2090 3736 6321 7584
 ... : 23 97 455 2090 3767 6378 7626
 ... : 23 97 455 2090 3780 6420 7666
 ... : 23 97 455 2090 3780 6484 7731
 ... : 23 97 455 2090 3786 6547 7791
 ... : 23 97 455 2090 3793 6605 7852
 ... : 23 97 455 2090 3793 6670 7919
 ... : 23 97 455 2090 3806 6718 7984
 ... : 23 97 455 2090 3814 6771 8018
 ... : 23 97 455 2090 3816 6836 8083
 ... : 23 97 455 2090 3819 6891 8156
 ... : 23 97 455 2090 3839 6941 8206
 ... : 23 97 455 2090 3843 7002 8275
 ... : 23 97 455 2090 3850 7060 8340
 ... : 23 97 455 2090 3871 7118 8398
 ... : 23 97 455 2090 3873 7179 8463
 ... : 23 97 455 2090 3874 7238 8531
 ... : 23 97 455 2090 3875 7262 8623
 ... : 23 97 455 2090 3877 7292 8708
 ... : 23 97 455 2090 3936 7345 8724
 ... : 23 97 455 2090 3953 7404 8773
 ... : 23 97 455 2090 3959 7464 8835
 ... : 23 97 455 2090 3968 7516 8898
 ... : 23 97 455 2090 3978 7549 8947
 ... : 23 97 455 2090 3979 7608 9013
 ... : 23 97 455 2090 3981 7660 9082
 ... : 23 97 455 2090 3994 7702 9142
 ... : 23 97 455 2090 4000 7754 9204
 ... : 23 97 455 2092 4012 7793 9262
 ... : 23 97 455 2093 4031 7830 9305
 ... : 23 97 455 2096 4048 7866 9348
 ... : 23 97 455 2096 4060 7917 9408
 ... : 23 97 455 2096 4063 7977 9469
 ... : 23 97 455 2096 4073 8034 9523
