initialized model with 934 latches, 364 inputs and 1 properties
tsim: performed 17 steps
tsim: found cycle from 15
checking bound 0
checking bound 1
checking bound 2
tdecomp: unrolling 2 cycles
tsim: performed 15 steps
tsim: found cycle from 13
tsim: found 1 constants and 0 latch equivalences
tdecomp: (934, 1456) -> (933, 332)
 ... : 200
 ... : 401
   2 : 240 178
 ... : 240 378
   3 : 240 499 65
 ... : 240 499 265
 ... : 240 504 455
 ... : 240 522 609
 ... : 240 581 680
 ... : 223 534 671
 ... : 224 593 735
 ... : 226 648 801
 ... : 221 678 880
 ... : 213 714 952
 ... : 172 704 1039
 ... : 171 726 1133
 ... : 174 762 1225
 ... : 139 735 1357
 ... : 141 765 1447
 ... : 140 764 1645
 ... : 140 770 1795
 ... : 141 798 1870
 ... : 140 826 1957
 ... : 140 836 2072
 ... : 140 846 2247
 ... : 139 850 2379
 ... : 140 876 2512
 ... : 140 888 2684
 ... : 140 895 2838
 ... : 143 908 3005
 ... : 140 914 3163
 ... : 140 922 3345
 ... : 135 946 3259
 ... : 135 942 3393
 ... : 134 941 3593
 ... : 125 932 3759
 ... : 125 898 3586
 ... : 125 868 3528
 ... : 116 736 3187
 ... : 116 664 2380
 ... : 113 653 2215
 ... : 114 643 2277
   4 : 41 147 417 790
 ... : 41 147 419 982
 ... : 41 150 393 973
 ... : 41 151 390 1107
 ... : 41 151 383 1193
 ... : 41 155 378 1293
 ... : 38 140 377 1367
 ... : 34 122 388 1442
 ... : 31 118 381 1532
 ... : 26 106 382 1577
   5 : 9 44 98 296 736
 ... : 8 44 97 294 869
 ... : 8 46 99 310 949
   6 : 3 47 66 206 486 594
 ... : 3 47 66 204 481 793
 ... : 3 47 66 205 490 959
 ... : 3 47 66 207 508 1054
 ... : 3 50 69 201 519 1134
 ... : 3 51 74 210 543 1223
   7 : 3 51 72 189 498 1168 185
 ... : 3 51 72 189 498 1168 385
 ... : 3 51 72 189 498 1168 586
 ... : 3 51 72 189 498 1168 787
 ... : 3 51 72 189 498 1168 988
 ... : 3 51 72 189 498 1168 1187
 ... : 3 51 72 189 498 1168 1388
 ... : 3 51 72 189 498 1175 1572
 ... : 3 51 72 189 498 1175 1773
 ... : 3 51 72 189 498 1174 1974
 ... : 3 51 72 189 498 1174 2175
 ... : 3 51 72 189 498 1174 2376
 ... : 3 51 72 189 498 1174 2577
 ... : 3 51 72 189 498 1174 2778
 ... : 3 51 72 189 498 1174 2979
 ... : 3 51 72 189 498 1173 3180
 ... : 3 51 72 189 498 1173 3381
 ... : 3 51 72 189 498 1173 3582
 ... : 3 51 72 189 498 1173 3783
 ... : 3 51 72 189 498 1173 3984
 ... : 3 51 72 189 498 1173 4185
 ... : 3 51 72 189 498 1193 4341
 ... : 3 51 72 189 498 1195 4518
 ... : 3 51 72 189 498 1194 4717
 ... : 3 51 72 189 498 1196 4876
 ... : 3 51 72 189 498 1202 5046
 ... : 3 51 72 189 498 1203 5213
 ... : 3 51 72 189 499 1210 5368
 ... : 3 51 72 189 499 1213 5563
 ... : 3 51 72 189 499 1220 5744
 ... : 3 51 72 189 499 1222 5931
 ... : 3 51 72 189 499 1222 6131
   8 : 3 51 70 184 493 1207 5601 615
 ... : 3 51 70 184 493 1207 5601 815
 ... : 3 51 70 184 493 1207 5601 1016
 ... : 3 51 70 184 493 1207 5601 1217
 ... : 3 51 70 184 493 1207 5601 1418
 ... : 3 51 70 184 493 1207 5601 1619
 ... : 3 51 70 184 493 1207 5601 1820
 ... : 3 51 70 184 493 1207 5601 2021
 ... : 3 51 70 184 493 1207 5614 2192
 ... : 3 51 70 184 493 1207 5633 2332
 ... : 3 51 70 184 493 1207 5633 2533
 ... : 3 51 70 184 493 1207 5633 2733
 ... : 3 51 70 184 493 1207 5632 2932
 ... : 3 51 70 184 493 1207 5631 3133
 ... : 3 51 70 184 493 1207 5631 3333
 ... : 3 51 70 184 493 1207 5631 3530
 ... : 3 51 70 184 493 1207 5631 3731
 ... : 3 51 70 184 493 1207 5631 3932
 ... : 3 51 70 184 493 1207 5631 4133
 ... : 3 51 70 184 493 1207 5631 4334
 ... : 3 51 70 184 493 1207 5631 4535
 ... : 3 51 70 184 493 1207 5631 4733
 ... : 3 51 70 184 493 1207 5631 4934
 ... : 3 51 70 184 493 1207 5631 5135
 ... : 3 51 70 184 493 1207 5634 5313
 ... : 3 51 70 184 493 1207 5648 5483
 ... : 3 51 70 184 493 1207 5679 5594
 ... : 3 51 70 184 493 1207 5717 5718
 ... : 3 51 70 184 493 1207 5717 5918
 ... : 3 51 70 184 493 1207 5717 6119
 ... : 3 51 70 184 493 1207 5720 6312
 ... : 3 51 70 184 493 1207 5722 6509
 ... : 3 51 70 184 493 1207 5722 6710
 ... : 3 51 70 184 493 1207 5722 6910
 ... : 3 51 70 184 493 1207 5726 7076
 ... : 3 51 70 184 493 1207 5726 7277
 ... : 3 51 70 184 493 1207 5726 7478
 ... : 3 51 70 184 493 1207 5726 7679
 ... : 3 51 70 184 493 1207 5726 7880
 ... : 3 51 70 184 493 1207 5726 8081
 ... : 3 51 70 184 493 1207 5725 8282
 ... : 3 51 70 184 493 1207 5729 8471
 ... : 3 51 70 184 493 1207 5734 8660
 ... : 3 51 70 184 493 1207 5734 8861
 ... : 3 51 70 184 493 1207 5733 9058
 ... : 3 51 70 184 493 1207 5733 9258
 ... : 3 51 70 184 493 1207 5733 9459
 ... : 3 51 70 184 493 1207 5733 9659
 ... : 3 51 70 184 493 1207 5733 9860
 ... : 3 51 70 184 493 1207 5733 10061
 ... : 3 51 70 184 493 1207 5752 10209
 ... : 3 51 70 184 493 1207 5753 10384
 ... : 3 51 70 184 493 1207 5753 10585
 ... : 3 51 70 184 493 1207 5753 10784
 ... : 3 51 70 184 493 1207 5764 10960
 ... : 3 51 70 185 495 1211 5770 11134
 ... : 3 51 70 185 495 1213 5782 11287
 ... : 3 51 70 185 495 1213 5811 11416
 ... : 3 51 70 185 495 1213 5813 11612
 ... : 3 51 70 185 495 1213 5813 11813
 ... : 3 51 70 185 495 1213 5813 12014
 ... : 3 51 70 185 495 1213 5813 12213
 ... : 3 51 70 185 495 1213 5813 12413
 ... : 3 51 70 185 495 1213 5813 12614
 ... : 3 51 70 185 495 1213 5813 12815
 ... : 3 51 70 185 495 1213 5813 13016
 ... : 3 51 70 185 495 1213 5842 13156
 ... : 3 51 70 185 495 1213 5853 13331
 ... : 3 51 70 185 495 1213 5853 13532
 ... : 3 51 70 185 495 1213 5874 13666
 ... : 3 51 70 185 495 1213 5893 13819
 ... : 3 51 70 185 495 1213 5912 13975
 ... : 3 51 70 185 495 1213 5945 14101
 ... : 3 51 70 185 495 1213 5955 14283
 ... : 3 51 70 185 495 1213 5955 14484
 ... : 3 51 70 185 495 1213 5958 14679
 ... : 3 51 70 185 495 1213 5958 14880
 ... : 3 51 70 185 495 1213 5966 15054
 ... : 3 51 70 185 495 1213 5968 15241
 ... : 3 51 70 185 495 1213 5968 15435
 ... : 3 51 70 185 495 1213 5968 15624
 ... : 3 51 70 185 495 1213 5988 15754
 ... : 3 51 70 185 495 1213 6052 15823
 ... : 3 51 70 185 495 1213 6090 15943
 ... : 3 51 70 185 495 1237 6139 15982
 ... : 3 52 72 186 485 1251 6187 16026
 ... : 3 52 72 186 485 1252 6222 16149
 ... : 3 52 72 186 485 1252 6261 16268
 ... : 3 52 72 186 485 1252 6261 16468
 ... : 3 52 72 186 485 1252 6261 16664
 ... : 3 52 72 186 485 1262 6254 16814
 ... : 3 52 72 186 485 1262 6265 16967
 ... : 3 52 72 186 485 1262 6283 17096
 ... : 3 52 72 186 485 1262 6313 17224
 ... : 3 52 72 186 485 1262 6347 17333
 ... : 3 52 72 186 485 1262 6406 17405
 ... : 3 52 72 186 486 1268 6459 17476
 ... : 3 52 72 186 486 1268 6497 17587
 ... : 3 52 72 186 486 1268 6548 17675
 ... : 3 52 72 186 486 1268 6585 17800
 ... : 3 52 72 186 486 1268 6585 18001
 ... : 3 52 72 186 486 1269 6612 18121
 ... : 3 52 72 186 487 1276 6665 18188
 ... : 3 52 72 186 487 1278 6710 18287
 ... : 3 52 72 186 488 1283 6763 18350
 ... : 3 52 72 186 488 1283 6811 18448
 ... : 3 52 72 186 488 1283 6855 18547
 ... : 3 52 72 186 488 1283 6858 18736
 ... : 3 52 72 186 488 1283 6865 18915
 ... : 3 52 72 186 488 1283 6865 19108
 ... : 3 52 72 186 488 1284 6875 19276
 ... : 3 52 72 186 488 1286 6896 19425
 ... : 3 52 72 188 495 1303 6934 19466
 ... : 3 52 72 188 495 1306 6973 19549
 ... : 3 52 72 189 496 1308 6995 19696
 ... : 3 52 72 189 496 1308 6995 19897
 ... : 3 52 72 189 496 1308 6995 20090
 ... : 3 52 72 189 496 1308 6998 20284
 ... : 3 52 72 189 496 1313 7028 20382
 ... : 3 52 72 189 490 1315 7045 20504
 ... : 3 52 72 189 490 1315 7045 20704
 ... : 3 52 72 189 490 1315 7054 20876
 ... : 3 52 72 189 490 1315 7093 20986
 ... : 3 52 72 189 490 1315 7119 21127
   9 : 3 52 70 166 455 1242 6822 19763 1409
 ... : 3 52 70 166 455 1242 6822 19763 1609
 ... : 3 52 70 166 455 1242 6822 19763 1810
 ... : 3 52 70 166 455 1242 6822 19762 2001
 ... : 3 52 70 166 455 1242 6822 19762 2202
 ... : 3 52 70 166 455 1242 6822 19762 2403
 ... : 3 52 70 166 455 1242 6822 19761 2604
 ... : 3 52 70 166 455 1242 6822 19761 2803
 ... : 3 52 70 166 455 1242 6822 19770 2973
 ... : 3 52 70 166 455 1242 6822 19772 3169
 ... : 3 52 70 166 455 1242 6822 19775 3361
 ... : 3 52 70 166 455 1242 6822 19743 3503
 ... : 3 52 70 166 455 1242 6822 19743 3704
 ... : 3 52 70 166 455 1242 6822 19743 3905
 ... : 3 52 70 166 455 1242 6822 19743 4106
 ... : 3 52 70 166 455 1242 6822 19735 4305
 ... : 3 52 70 166 455 1242 6822 19735 4506
 ... : 3 52 70 166 455 1242 6822 19737 4703
 ... : 3 52 70 166 455 1242 6822 19755 4832
 ... : 3 52 70 166 455 1242 6822 19755 5033
 ... : 3 52 70 166 455 1242 6822 19755 5233
 ... : 3 52 70 166 455 1242 6822 19759 5424
 ... : 3 52 70 166 455 1242 6822 19765 5612
 ... : 3 52 70 166 455 1242 6822 19779 5785
 ... : 3 52 70 166 455 1242 6822 19835 5872
 ... : 3 52 70 166 455 1242 6822 19890 5953
 ... : 3 52 70 166 455 1242 6822 19957 6020
 ... : 3 52 70 166 455 1242 6822 19966 6203
 ... : 3 52 70 166 455 1242 6822 19872 6375
 ... : 3 52 70 166 455 1242 6822 19887 6527
 ... : 3 52 70 166 455 1242 6822 19923 6656
 ... : 3 52 70 166 455 1242 6822 19989 6725
 ... : 3 52 70 166 455 1242 6822 20055 6791
 ... : 3 52 70 166 455 1242 6822 20122 6858
 ... : 3 52 70 166 455 1242 6822 20189 6922
 ... : 3 52 70 166 455 1242 6822 20198 7099
 ... : 3 52 70 166 455 1242 6822 20208 7275
 ... : 3 52 70 166 455 1242 6822 20213 7463
 ... : 3 52 70 166 455 1242 6822 20213 7664
 ... : 3 52 70 166 455 1242 6821 20229 7824
 ... : 3 52 70 166 455 1242 6821 20241 7990
 ... : 3 52 70 166 455 1242 6821 20258 8153
 ... : 3 52 70 166 455 1242 6821 20264 8329
 ... : 3 52 70 166 455 1242 6821 20270 8510
 ... : 3 52 70 166 455 1242 6821 20271 8706
 ... : 3 52 70 166 455 1242 6821 20271 8907
 ... : 3 52 70 166 455 1242 6821 20271 9108
 ... : 3 52 70 166 455 1242 6821 20288 9274
 ... : 3 52 70 166 455 1242 6821 20286 9475
 ... : 3 52 70 166 455 1242 6821 20286 9676
 ... : 3 52 70 166 455 1242 6821 20285 9877
 ... : 3 52 70 166 455 1242 6821 20285 10075
 ... : 3 52 70 166 455 1242 6821 20285 10275
 ... : 3 52 70 166 455 1242 6821 20285 10476
 ... : 3 52 70 166 455 1242 6821 20285 10677
 ... : 3 52 70 166 455 1242 6821 20285 10878
 ... : 3 52 70 166 455 1242 6821 20285 11079
 ... : 3 52 70 166 455 1242 6821 20285 11280
 ... : 3 52 70 166 455 1242 6821 20285 11480
 ... : 3 52 70 166 455 1242 6821 20285 11681
 ... : 3 52 70 166 455 1242 6821 20285 11881
 ... : 3 52 70 166 455 1242 6821 20285 12082
 ... : 3 52 70 166 455 1242 6821 20285 12283
