initialized model with 933 latches, 364 inputs and 1 properties
tsim: performed 17 steps
tsim: found cycle from 15
checking bound 0
checking bound 1
checking bound 2
tdecomp: unrolling 2 cycles
tsim: performed 15 steps
tsim: found cycle from 13
tsim: found 1 constants and 0 latch equivalences
tdecomp: (933, 1456) -> (932, 338)
 ... : 200
   2 : 205 179
 ... : 205 370
   3 : 204 270 100
 ... : 204 281 271
 ... : 202 283 370
   4 : 198 247 343 101
 ... : 198 247 367 213
 ... : 198 255 419 266
 ... : 198 255 475 338
 ... : 198 250 530 398
 ... : 198 247 561 523
 ... : 198 247 611 592
 ... : 198 243 662 657
 ... : 198 245 723 725
 ... : 196 242 716 815
 ... : 196 230 709 900
   5 : 176 79 189 413 584
 ... : 176 79 189 417 767
 ... : 175 78 169 368 862
 ... : 175 82 171 377 941
   6 : 170 67 79 158 347 750
 ... : 170 67 72 157 345 934
 ... : 170 67 71 156 352 1085
 ... : 170 67 71 161 371 1212
 ... : 170 75 69 161 380 1320
 ... : 170 77 69 164 390 1344
 ... : 169 78 57 137 374 1425
   7 : 169 53 16 75 235 616 622
 ... : 169 53 16 75 235 603 808
 ... : 169 53 16 75 233 609 953
 ... : 169 53 16 75 235 620 1096
 ... : 170 55 16 73 245 621 1116
 ... : 170 55 16 73 235 622 1223
   8 : 170 51 8 49 59 231 400 729
 ... : 170 51 8 49 59 231 401 921
 ... : 170 51 8 49 59 236 402 1034
 ... : 170 51 8 49 59 237 423 1153
 ... : 170 51 8 49 59 237 429 1314
 ... : 170 51 8 49 58 235 433 1329
 ... : 170 51 8 49 59 238 458 1428
 ... : 170 51 8 49 54 237 475 1464
 ... : 170 51 8 49 54 238 490 1566
   9 : 168 44 9 51 52 209 354 874 836
 ... : 168 44 9 51 52 209 354 883 1018
 ... : 168 44 9 51 52 209 354 886 1212
 ... : 168 44 9 51 52 209 355 893 1379
 ... : 168 44 9 51 52 207 348 898 1504
 ... : 168 44 9 51 52 207 348 920 1652
 ... : 168 44 9 51 52 207 349 920 1818
 ... : 168 44 9 51 52 206 349 937 1961
 ... : 168 44 9 51 52 206 349 973 2081
 ... : 168 44 9 51 52 207 356 998 2196
  10 : 3 2 3 44 210 200 341 971 1701 669
 ... : 3 2 3 44 210 200 341 971 1701 869
 ... : 3 2 3 44 210 200 341 971 1701 1056
 ... : 3 2 3 44 210 200 341 971 1701 1257
 ... : 3 2 3 44 210 200 342 978 1734 1368
 ... : 3 2 3 44 210 200 342 978 1735 1566
 ... : 3 2 3 44 210 200 342 978 1735 1767
 ... : 3 2 3 44 210 200 342 978 1735 1968
 ... : 3 2 3 44 210 200 342 978 1735 2169
 ... : 3 2 3 44 210 200 342 978 1735 2370
 ... : 3 2 3 44 210 200 342 978 1735 2566
 ... : 3 2 3 44 210 200 342 978 1735 2756
 ... : 3 2 3 44 210 200 342 978 1735 2957
 ... : 3 2 3 44 210 200 342 978 1735 3154
 ... : 3 2 3 44 210 200 342 978 1735 3355
 ... : 3 2 3 44 210 200 342 978 1735 3553
 ... : 3 2 3 44 210 200 342 978 1736 3752
 ... : 3 2 3 44 210 200 342 978 1741 3925
 ... : 3 2 3 44 210 200 342 979 1744 4103
 ... : 3 2 3 44 210 200 342 979 1744 4303
 ... : 3 2 3 44 210 200 342 979 1747 4497
 ... : 3 2 3 44 210 200 342 979 1747 4698
 ... : 3 2 3 44 210 200 342 979 1747 4899
 ... : 3 2 3 44 210 200 342 979 1747 5100
 ... : 3 2 3 44 210 200 342 979 1747 5301
 ... : 3 2 3 44 210 200 342 979 1747 5502
 ... : 3 2 3 44 210 200 342 979 1747 5702
 ... : 3 2 3 44 210 200 342 979 1747 5903
 ... : 3 2 3 44 210 200 342 979 1749 6100
 ... : 3 2 3 44 210 200 342 979 1754 6284
 ... : 3 2 3 44 210 200 342 979 1759 6430
 ... : 3 2 3 44 210 200 342 979 1763 6590
 ... : 3 2 3 44 210 200 342 985 1772 6742
 ... : 3 2 3 44 210 200 343 989 1781 6905
 ... : 3 2 3 44 210 200 343 986 1788 7079
 ... : 3 2 3 44 210 200 345 993 1798 7238
 ... : 3 2 3 44 210 200 345 993 1797 7433
 ... : 3 2 3 44 210 200 345 996 1811 7584
 ... : 3 2 3 44 210 200 345 996 1811 7771
 ... : 3 2 3 44 210 200 345 996 1809 7972
  11 : 3 2 3 44 202 160 259 783 1788 7080 976
 ... : 3 2 3 44 202 160 259 783 1788 7080 1176
 ... : 3 2 3 44 202 160 259 783 1788 7081 1372
 ... : 3 2 3 44 202 160 259 783 1789 7084 1563
 ... : 3 2 3 44 202 160 259 783 1789 7083 1763
 ... : 3 2 3 44 202 160 259 783 1789 7082 1964
 ... : 3 2 3 44 202 160 259 783 1789 7082 2165
 ... : 3 2 3 44 202 160 259 783 1789 7082 2366
 ... : 3 2 3 44 202 160 259 783 1789 7086 2559
 ... : 3 2 3 44 202 160 259 783 1794 7110 2695
 ... : 3 2 3 44 202 160 259 783 1794 7112 2890
 ... : 3 2 3 44 202 160 259 783 1794 7111 3091
 ... : 3 2 3 44 202 160 259 783 1794 7111 3289
 ... : 3 2 3 44 202 160 259 783 1794 7111 3490
 ... : 3 2 3 44 202 160 259 783 1794 7119 3673
 ... : 3 2 3 44 202 160 259 783 1794 7121 3869
 ... : 3 2 3 44 202 160 259 783 1794 7132 4041
 ... : 3 2 3 44 202 160 259 783 1794 7159 4181
 ... : 3 2 3 44 202 160 259 783 1794 7175 4341
 ... : 3 2 3 44 202 160 259 783 1794 7209 4466
 ... : 3 2 3 44 202 160 259 783 1794 7214 4654
 ... : 3 2 3 44 202 160 259 783 1794 7214 4855
 ... : 3 2 3 44 202 160 259 783 1794 7214 5056
 ... : 3 2 3 44 202 160 259 783 1794 7214 5244
 ... : 3 2 3 44 202 160 259 783 1794 7214 5445
 ... : 3 2 3 44 202 160 259 783 1794 7214 5646
 ... : 3 2 3 44 202 160 259 783 1794 7214 5846
 ... : 3 2 3 44 202 160 259 783 1794 7214 6047
 ... : 3 2 3 44 202 160 259 783 1794 7214 6244
 ... : 3 2 3 44 202 160 259 783 1794 7214 6444
 ... : 3 2 3 44 202 160 259 783 1794 7214 6645
 ... : 3 2 3 44 202 160 259 783 1794 7222 6821
 ... : 3 2 3 44 202 160 259 783 1794 7222 7022
 ... : 3 2 3 44 202 160 259 783 1794 7233 7200
 ... : 3 2 3 44 202 160 259 783 1794 7240 7384
 ... : 3 2 3 44 202 160 259 783 1794 7245 7576
 ... : 3 2 3 44 202 160 259 783 1794 7253 7759
 ... : 3 2 3 44 202 160 259 783 1794 7261 7941
 ... : 3 2 3 44 202 160 259 783 1794 7263 8129
 ... : 3 2 3 44 202 160 259 783 1794 7263 8310
 ... : 3 2 3 44 202 160 259 783 1794 7282 8464
 ... : 3 2 3 44 202 160 259 783 1794 7315 8582
 ... : 3 2 3 44 202 160 259 783 1794 7325 8757
 ... : 3 2 3 44 202 160 259 783 1794 7355 8894
 ... : 3 2 3 44 202 160 259 783 1794 7358 9081
 ... : 3 2 3 44 202 160 259 783 1794 7358 9281
 ... : 3 2 3 44 202 160 259 783 1794 7357 9481
 ... : 3 2 3 44 202 160 259 783 1794 7356 9681
 ... : 3 2 3 44 202 160 259 783 1794 7356 9881
 ... : 3 2 3 44 202 160 259 783 1794 7356 10082
 ... : 3 2 3 44 202 160 259 783 1794 7356 10283
 ... : 3 2 3 44 202 160 259 783 1794 7358 10479
 ... : 3 2 3 44 202 160 259 783 1794 7357 10674
 ... : 3 2 3 44 202 160 259 783 1794 7357 10873
 ... : 3 2 3 44 202 160 259 783 1794 7357 11074
 ... : 3 2 3 44 202 160 259 783 1794 7370 11243
 ... : 3 2 3 44 202 160 259 783 1794 7402 11369
 ... : 3 2 3 44 202 160 259 786 1797 7434 11486
 ... : 3 2 3 44 202 160 259 786 1799 7468 11613
 ... : 3 2 3 44 202 160 259 786 1799 7474 11799
 ... : 3 2 3 44 202 160 259 786 1799 7474 12000
 ... : 3 2 3 44 202 160 259 786 1799 7474 12199
 ... : 3 2 3 44 202 160 259 786 1799 7476 12393
 ... : 3 2 3 44 202 160 259 786 1799 7475 12590
 ... : 3 2 3 44 202 160 259 786 1799 7475 12786
 ... : 3 2 3 44 202 160 259 786 1799 7476 12985
 ... : 3 2 3 44 202 160 259 786 1799 7476 13186
 ... : 3 2 3 44 202 160 259 786 1799 7476 13383
 ... : 3 2 3 44 202 160 259 786 1799 7476 13583
 ... : 3 2 3 44 202 160 259 786 1799 7476 13784
 ... : 3 2 3 44 202 160 259 786 1799 7476 13985
 ... : 3 2 3 44 202 160 259 786 1799 7476 14186
 ... : 3 2 3 44 202 160 259 786 1799 7476 14386
 ... : 3 2 3 44 202 160 259 786 1799 7476 14587
 ... : 3 2 3 44 202 160 259 786 1799 7476 14787
 ... : 3 2 3 44 202 160 259 786 1799 7476 14988
 ... : 3 2 3 44 202 160 259 786 1799 7476 15187
 ... : 3 2 3 44 202 160 259 786 1799 7476 15388
 ... : 3 2 3 44 202 160 259 786 1799 7477 15580
 ... : 3 2 3 44 202 160 259 786 1799 7477 15779
 ... : 3 2 3 44 202 160 259 786 1799 7476 15979
 ... : 3 2 3 44 202 160 259 786 1799 7476 16173
 ... : 3 2 3 44 202 160 259 786 1799 7476 16373
 ... : 3 2 3 44 202 160 259 786 1799 7475 16573
 ... : 3 2 3 44 202 160 259 786 1799 7475 16774
 ... : 3 2 3 44 202 160 259 786 1799 7475 16975
 ... : 3 2 3 44 202 160 259 786 1799 7475 17176
 ... : 3 2 3 44 202 160 259 786 1799 7475 17375
 ... : 3 2 3 44 202 160 259 786 1799 7475 17576
 ... : 3 2 3 44 202 160 259 786 1799 7475 17777
 ... : 3 2 3 44 202 160 259 786 1799 7475 17978
 ... : 3 2 3 44 202 160 259 786 1799 7475 18178
 ... : 3 2 3 44 202 160 259 786 1799 7475 18379
 ... : 3 2 3 44 202 160 259 786 1799 7475 18579
 ... : 3 2 3 44 202 160 259 786 1799 7475 18779
 ... : 3 2 3 44 202 160 259 786 1799 7475 18975
 ... : 3 2 3 44 202 160 259 786 1799 7481 19163
 ... : 3 2 3 44 202 160 259 786 1799 7481 19362
 ... : 3 2 3 44 202 160 259 786 1799 7481 19560
 ... : 3 2 3 44 202 160 259 786 1799 7490 19739
 ... : 3 2 3 44 202 160 259 786 1799 7494 19929
 ... : 3 2 3 44 202 160 259 786 1799 7494 20124
 ... : 3 2 3 44 202 160 259 786 1799 7493 20322
 ... : 3 2 3 44 202 160 259 786 1799 7493 20523
 ... : 3 2 3 44 202 160 259 786 1799 7493 20724
 ... : 3 2 3 44 202 160 259 786 1799 7493 20924
 ... : 3 2 3 44 202 160 259 786 1799 7492 21124
 ... : 3 2 3 44 202 160 259 786 1799 7492 21287
 ... : 3 2 3 44 202 160 259 786 1799 7492 21488
 ... : 3 2 3 44 202 160 259 786 1799 7492 21689
 ... : 3 2 3 44 202 160 259 786 1799 7492 21890
 ... : 3 2 3 44 202 160 259 786 1799 7492 22091
 ... : 3 2 3 44 202 160 259 786 1799 7492 22291
 ... : 3 2 3 44 202 160 259 786 1799 7491 22491
 ... : 3 2 3 44 202 160 259 786 1799 7491 22692
 ... : 3 2 3 44 202 160 259 786 1799 7490 22889
 ... : 3 2 3 44 202 160 259 786 1799 7490 23090
 ... : 3 2 3 44 202 160 259 786 1799 7490 23291
  12 : 3 2 3 44 35 282 200 728 1794 7200 21740 1732
 ... : 3 2 3 44 35 282 200 728 1794 7200 21739 1932
 ... : 3 2 3 44 35 282 200 728 1794 7200 21739 2133
 ... : 3 2 3 44 35 282 200 728 1794 7200 21740 2332
 ... : 3 2 3 44 35 282 200 728 1794 7200 21748 2512
 ... : 3 2 3 44 35 282 200 728 1794 7202 21758 2690
 ... : 3 2 3 44 35 282 200 728 1797 7217 21803 2761
