initialized model with 933 latches, 364 inputs and 1 properties
tsim: performed 17 steps
tsim: found cycle from 15
checking bound 0
checking bound 1
checking bound 2
tdecomp: unrolling 2 cycles
tsim: performed 15 steps
tsim: found cycle from 13
tsim: found 1 constants and 0 latch equivalences
tdecomp: (933, 1456) -> (932, 330)
 ... : 200
   2 : 242 106
 ... : 242 306
 ... : 241 507
 ... : 239 679
   3 : 237 554 148
 ... : 237 554 346
 ... : 237 535 537
 ... : 236 510 724
 ... : 235 479 862
   4 : 209 326 407 332
 ... : 209 316 396 513
 ... : 209 315 400 677
 ... : 208 307 412 780
 ... : 209 313 429 837
 ... : 207 314 434 908
 ... : 206 309 421 1069
   5 : 24 77 213 543 451
 ... : 24 78 216 555 583
 ... : 24 77 224 554 647
   6 : 22 75 189 477 421 255
 ... : 22 75 189 477 421 455
 ... : 22 75 189 477 419 643
 ... : 22 75 189 478 423 814
   7 : 21 75 190 469 417 533 295
 ... : 21 75 190 469 418 561 414
 ... : 21 75 190 472 432 589 514
 ... : 21 75 190 473 437 608 651
   8 : 21 75 190 472 433 456 506 303
 ... : 21 75 190 472 433 456 520 462
 ... : 21 75 190 472 433 456 584 527
 ... : 21 75 190 472 433 456 638 608
 ... : 21 75 190 472 433 456 688 693
 ... : 21 75 190 472 433 456 750 761
 ... : 21 75 190 472 433 456 815 827
 ... : 21 75 190 472 433 456 879 895
 ... : 21 75 190 472 433 456 943 962
 ... : 21 75 190 472 433 456 1006 1031
 ... : 21 75 190 472 433 456 1066 1098
 ... : 21 75 190 472 433 466 1128 1153
 ... : 21 75 190 472 433 467 1187 1215
 ... : 21 75 190 472 433 469 1251 1280
 ... : 21 75 190 472 433 481 1292 1332
 ... : 21 75 190 472 433 482 1340 1419
 ... : 21 75 190 472 433 492 1400 1478
 ... : 21 75 190 472 433 497 1429 1543
 ... : 21 75 190 472 433 498 1456 1629
 ... : 21 75 190 472 433 498 1515 1696
 ... : 21 75 190 472 433 498 1575 1763
 ... : 21 75 190 472 433 500 1636 1828
 ... : 21 75 190 472 433 503 1699 1892
 ... : 21 75 190 472 433 504 1760 1959
 ... : 21 75 190 472 433 505 1818 2022
 ... : 21 75 190 472 433 506 1883 2088
 ... : 21 75 190 472 433 499 1920 2150
 ... : 21 75 190 472 433 505 1979 2210
 ... : 21 75 190 472 433 505 2045 2277
 ... : 21 75 190 472 433 506 2074 2411
 ... : 21 75 190 472 433 531 2090 2493
 ... : 21 75 190 472 433 547 2118 2540
 ... : 21 75 190 472 433 607 2161 2558
 ... : 21 75 190 472 433 617 2208 2619
 ... : 21 75 190 472 433 655 2254 2661
 ... : 21 75 190 472 433 655 2288 2727
 ... : 21 75 190 472 433 658 2324 2791
 ... : 21 75 190 472 433 658 2366 2857
 ... : 21 75 190 472 433 664 2412 2911
 ... : 21 75 190 472 433 664 2458 2978
 ... : 21 75 190 472 433 668 2507 3041
 ... : 21 75 190 472 433 668 2548 3108
 ... : 21 75 190 472 433 667 2586 3174
 ... : 21 75 190 472 433 667 2632 3229
 ... : 21 75 190 472 433 679 2642 3216
 ... : 21 75 190 472 432 696 2693 3267
 ... : 21 75 190 472 432 697 2724 3333
 ... : 21 75 190 472 432 705 2748 3375
 ... : 21 75 190 472 431 759 2794 3393
 ... : 21 75 190 472 431 802 2837 3401
 ... : 21 75 190 472 431 841 2875 3409
 ... : 21 75 190 472 431 869 2921 3447
 ... : 21 75 190 472 431 869 2955 3509
 ... : 21 75 190 472 431 871 2980 3539
 ... : 21 75 190 472 431 890 3024 3581
 ... : 21 75 190 472 431 931 3063 3618
 ... : 21 75 190 472 430 935 3109 3677
 ... : 21 75 190 472 430 944 3139 3713
 ... : 21 75 190 472 430 967 3182 3752
 ... : 21 75 190 472 430 972 3229 3812
 ... : 21 75 190 472 430 972 3275 3867
 ... : 21 75 190 472 430 986 3311 3922
 ... : 21 75 190 472 430 992 3366 3985
 ... : 21 75 190 472 430 996 3403 4020
 ... : 21 75 190 472 430 996 3442 4085
 ... : 21 75 190 472 430 1000 3486 4147
 ... : 21 75 190 472 430 1001 3522 4204
 ... : 21 75 190 472 430 1007 3568 4264
 ... : 21 75 190 472 430 1010 3616 4327
 ... : 21 75 190 472 430 1010 3657 4386
 ... : 21 75 190 472 430 1010 3692 4448
 ... : 21 75 190 472 430 1019 3741 4499
 ... : 21 75 190 472 430 1021 3783 4563
 ... : 21 75 190 472 430 1027 3828 4613
 ... : 21 75 190 472 430 1038 3877 4667
 ... : 21 75 190 472 430 1043 3927 4724
 ... : 21 75 190 472 430 1042 3973 4783
 ... : 21 75 190 472 430 1052 4009 4838
 ... : 21 75 190 472 430 1059 4056 4893
 ... : 21 75 190 472 430 1064 4104 4957
 ... : 21 75 190 472 430 1072 4137 5009
 ... : 21 75 190 472 430 1096 4184 5055
 ... : 21 75 190 472 430 1106 4238 5116
 ... : 21 75 190 472 430 1107 4275 5180
 ... : 21 75 190 472 430 1120 4313 5205
 ... : 21 75 190 472 430 1133 4355 5258
 ... : 21 75 190 472 430 1146 4402 5305
 ... : 21 75 190 472 430 1149 4460 5368
 ... : 21 75 190 472 430 1171 4507 5406
 ... : 21 75 190 472 430 1178 4541 5459
 ... : 21 75 190 472 430 1183 4592 5519
 ... : 21 75 190 472 430 1193 4639 5559
 ... : 21 75 190 472 430 1195 4680 5623
 ... : 21 75 190 472 430 1198 4735 5685
 ... : 21 75 190 472 430 1202 4791 5748
 ... : 21 75 190 472 430 1203 4832 5813
 ... : 21 75 190 472 429 1215 4880 5869
 ... : 21 75 190 472 429 1215 4921 5934
 ... : 21 75 190 472 429 1215 4980 6001
 ... : 21 75 190 472 429 1215 5012 6066
 ... : 21 75 190 472 429 1230 5063 6116
 ... : 21 75 190 472 429 1231 5103 6180
 ... : 21 75 190 472 429 1233 5148 6245
 ... : 21 75 190 472 429 1233 5198 6312
 ... : 21 75 190 472 429 1242 5250 6375
 ... : 21 75 190 472 429 1245 5309 6437
 ... : 21 75 190 472 429 1257 5350 6471
 ... : 21 75 190 472 429 1264 5390 6494
 ... : 21 75 190 472 429 1267 5434 6558
 ... : 21 75 190 472 429 1276 5483 6617
 ... : 21 75 190 472 429 1271 5545 6676
 ... : 21 75 190 472 429 1270 5602 6737
 ... : 21 75 190 472 429 1278 5659 6797
 ... : 21 75 190 472 429 1284 5709 6859
 ... : 21 75 190 472 429 1299 5741 6905
 ... : 21 75 190 472 429 1343 5803 6928
 ... : 21 75 190 472 428 1354 5852 6968
 ... : 21 75 190 472 428 1354 5869 7029
 ... : 21 75 190 472 428 1354 5897 7066
 ... : 21 75 190 472 428 1354 5946 7130
 ... : 21 75 190 472 428 1373 5998 7176
 ... : 21 75 190 472 428 1375 6054 7240
 ... : 21 75 190 472 428 1376 6090 7279
 ... : 21 75 190 472 428 1376 6118 7341
 ... : 21 75 190 472 428 1384 6164 7395
 ... : 21 75 190 472 428 1384 6203 7454
 ... : 21 75 190 472 428 1388 6256 7508
 ... : 21 75 190 472 428 1393 6275 7551
 ... : 21 75 190 472 428 1412 6301 7572
 ... : 21 75 190 472 428 1414 6348 7627
 ... : 21 75 190 472 428 1415 6395 7690
 ... : 21 75 190 472 428 1418 6432 7755
 ... : 21 75 190 472 428 1420 6479 7818
 ... : 21 75 190 472 428 1424 6533 7883
 ... : 21 75 190 472 428 1426 6586 7948
 ... : 21 75 190 472 428 1442 6636 7967
 ... : 21 75 190 472 428 1465 6682 8011
 ... : 21 75 190 472 428 1488 6743 8050
 ... : 21 75 190 472 428 1488 6789 8117
 ... : 21 75 190 472 428 1490 6835 8172
 ... : 21 75 190 472 428 1490 6866 8224
 ... : 21 75 190 472 428 1501 6910 8282
 ... : 21 75 190 472 428 1534 6941 8324
 ... : 21 75 190 472 428 1537 6992 8386
 ... : 21 75 190 472 428 1540 7050 8450
 ... : 21 75 190 472 428 1558 7085 8472
 ... : 21 75 190 472 428 1573 7129 8514
 ... : 21 75 190 472 428 1598 7177 8557
 ... : 21 75 190 472 428 1627 7206 8599
 ... : 21 75 190 472 428 1635 7270 8652
 ... : 21 75 190 472 428 1635 7308 8720
 ... : 21 75 190 472 428 1637 7350 8785
 ... : 21 75 190 472 428 1642 7398 8835
 ... : 21 75 190 472 428 1643 7423 8893
 ... : 21 75 190 472 428 1653 7452 8951
 ... : 21 75 190 472 428 1662 7487 9000
 ... : 21 75 190 472 428 1687 7516 9024
 ... : 21 75 190 472 428 1734 7565 9040
 ... : 21 75 190 472 428 1735 7586 9088
 ... : 21 75 190 472 428 1787 7619 9116
 ... : 21 75 190 472 428 1848 7685 9119
 ... : 21 75 190 472 428 1873 7726 9148
 ... : 21 75 190 472 428 1876 7745 9213
 ... : 21 75 190 472 428 1879 7793 9263
 ... : 21 75 190 472 428 1880 7853 9330
 ... : 21 75 190 472 428 1880 7879 9396
 ... : 21 75 190 472 428 1885 7927 9455
 ... : 21 75 190 472 428 1885 7978 9525
 ... : 21 75 190 472 428 1888 8035 9588
 ... : 21 75 190 472 428 1888 8083 9650
 ... : 21 75 190 472 428 1890 8137 9709
 ... : 21 75 190 472 428 1890 8192 9775
 ... : 21 75 190 472 428 1891 8233 9831
 ... : 21 75 190 472 428 1891 8251 9850
 ... : 21 75 190 472 428 1897 8298 9910
 ... : 21 75 190 472 428 1902 8343 9971
 ... : 21 75 190 472 428 1911 8389 10024
 ... : 21 75 190 472 428 1923 8437 10072
 ... : 21 75 190 472 428 1942 8440 10110
