initialized model with 933 latches, 364 inputs and 1 properties
tsim: performed 17 steps
tsim: found cycle from 15
checking bound 0
checking bound 1
checking bound 2
tdecomp: unrolling 2 cycles
tsim: performed 15 steps
tsim: found cycle from 13
tsim: found 1 constants and 0 latch equivalences
tdecomp: (933, 1456) -> (932, 338)
 ... : 200
   2 : 261 54
 ... : 261 254
 ... : 261 455
 ... : 261 656
 ... : 265 843
   3 : 92 326 333
   4 : 92 325 47 287
 ... : 92 325 103 362
   5 : 92 325 109 30 349
   6 : 92 325 109 33 20 373
 ... : 92 325 117 58 43 414
 ... : 92 325 133 89 57 455
 ... : 92 325 143 141 92 482
 ... : 92 325 143 200 118 521
 ... : 92 325 155 238 158 548
 ... : 92 325 154 248 160 609
 ... : 92 325 157 259 170 669
 ... : 92 325 158 264 180 728
 ... : 92 326 163 281 203 778
 ... : 92 327 168 289 215 817
 ... : 92 327 168 306 228 876
 ... : 92 327 168 316 252 933
 ... : 92 327 170 322 269 964
 ... : 92 326 178 334 282 984
 ... : 92 327 188 352 301 1025
 ... : 92 327 217 383 311 1062
 ... : 92 327 248 399 349 1076
 ... : 92 327 265 436 371 1102
 ... : 92 327 274 462 400 1130
 ... : 92 331 294 488 410 1148
 ... : 91 327 319 535 437 1169
 ... : 91 327 322 547 461 1208
 ... : 91 327 334 596 491 1234
 ... : 91 327 346 644 547 1239
 ... : 91 327 346 654 586 1294
 ... : 91 326 347 684 614 1265
 ... : 91 326 347 738 644 1302
 ... : 91 326 347 776 667 1344
 ... : 91 326 354 812 704 1371
 ... : 91 326 354 839 736 1423
 ... : 91 326 354 841 785 1485
 ... : 91 326 354 842 843 1544
 ... : 91 326 354 856 887 1579
 ... : 91 326 354 861 944 1637
 ... : 91 326 354 862 961 1651
 ... : 91 326 354 878 975 1669
 ... : 91 325 353 899 1032 1709
 ... : 91 325 356 935 1063 1746
 ... : 91 325 356 940 1117 1807
 ... : 91 325 356 953 1165 1857
 ... : 91 325 359 957 1194 1900
 ... : 91 325 360 970 1238 1951
 ... : 91 325 360 996 1284 1982
 ... : 90 326 365 1018 1309 2004
 ... : 90 326 370 1045 1344 1962
 ... : 90 326 375 1064 1392 2011
 ... : 90 326 375 1077 1415 2053
 ... : 89 324 395 1107 1441 2063
 ... : 89 324 396 1115 1470 2095
 ... : 89 324 397 1126 1517 2137
 ... : 88 323 393 1115 1546 2152
 ... : 87 310 406 1125 1554 2177
 ... : 86 305 408 1150 1579 2192
 ... : 86 302 401 1162 1526 2175
 ... : 86 299 406 1177 1551 2202
 ... : 86 301 410 1182 1562 2302
 ... : 86 301 410 1193 1591 2341
 ... : 86 300 415 1218 1634 2371
 ... : 86 300 416 1236 1688 2413
 ... : 86 300 416 1253 1731 2465
 ... : 86 299 416 1273 1769 2499
 ... : 86 299 415 1279 1772 2535
 ... : 86 299 415 1293 1806 2585
 ... : 86 299 418 1307 1848 2639
 ... : 86 299 418 1311 1906 2703
 ... : 86 299 419 1333 1944 2748
 ... : 88 308 441 1338 1971 2741
 ... : 88 308 443 1349 2009 2773
 ... : 88 308 443 1345 1966 2824
 ... : 88 308 445 1370 2017 2869
 ... : 87 271 448 1414 2064 2882
 ... : 87 271 452 1434 2115 2915
 ... : 87 271 454 1444 2163 2967
 ... : 87 271 460 1469 2209 2996
 ... : 86 270 466 1501 2248 3009
 ... : 86 269 469 1515 2285 3043
 ... : 86 269 470 1536 2332 3088
 ... : 86 269 470 1543 2395 3148
 ... : 86 269 472 1595 2450 3160
 ... : 86 269 472 1595 2494 3216
 ... : 86 269 474 1611 2546 3267
 ... : 86 268 462 1586 2589 3311
 ... : 86 268 462 1590 2641 3374
 ... : 86 268 462 1586 2694 3438
 ... : 86 268 462 1591 2754 3500
 ... : 86 268 462 1591 2809 3571
 ... : 86 268 462 1591 2873 3639
 ... : 86 268 462 1590 2924 3707
 ... : 86 268 462 1590 2983 3784
 ... : 86 268 462 1595 3038 3846
 ... : 86 268 462 1602 3092 3903
 ... : 86 268 461 1599 3153 3969
 ... : 86 268 461 1609 3213 4027
 ... : 86 268 457 1615 3258 4105
 ... : 85 267 458 1626 3298 4178
 ... : 85 267 458 1626 3354 4253
 ... : 85 267 460 1632 3375 4313
 ... : 84 266 463 1640 3386 4356
 ... : 82 261 448 1650 3376 4392
 ... : 82 261 451 1647 3398 4462
 ... : 80 259 452 1665 3441 4503
 ... : 79 257 453 1669 3487 4567
 ... : 79 257 453 1667 3515 4693
 ... : 79 255 454 1676 3558 4782
 ... : 79 255 455 1678 3575 4862
 ... : 79 255 456 1691 3615 4952
 ... : 79 255 456 1691 3621 5063
 ... : 79 255 459 1697 3619 5113
 ... : 74 248 465 1706 3632 5126
   7 : 21 33 118 467 2472 2572 2297
 ... : 21 33 118 467 2472 2601 2426
 ... : 21 33 118 467 2472 2602 2548
 ... : 21 33 118 467 2469 2639 2637
 ... : 21 33 118 467 2469 2690 2715
 ... : 21 33 118 467 2469 2727 2788
 ... : 21 33 118 467 2469 2774 2871
 ... : 21 33 118 467 2469 2812 2978
 ... : 21 33 118 467 2469 2842 3091
 ... : 21 33 118 467 2469 2867 3225
 ... : 21 33 118 467 2469 2913 3325
 ... : 21 33 118 467 2468 2973 3394
 ... : 21 33 118 467 2468 3038 3465
 ... : 21 33 118 467 2468 3092 3534
 ... : 21 33 118 467 2468 3148 3601
 ... : 21 33 118 467 2468 3202 3672
 ... : 21 33 118 467 2468 3262 3752
 ... : 21 33 118 467 2459 3311 3820
 ... : 21 33 118 466 2460 3359 3893
 ... : 21 33 118 466 2460 3403 3986
 ... : 21 33 118 466 2459 3427 4099
 ... : 21 33 118 466 2459 3444 4264
 ... : 21 33 118 466 2459 3487 4361
 ... : 21 33 118 466 2458 3534 4434
 ... : 21 33 118 466 2458 3594 4499
 ... : 21 33 118 466 2458 3652 4577
 ... : 21 33 118 466 2459 3699 4654
 ... : 21 33 118 466 2452 3745 4724
 ... : 21 33 118 466 2388 3799 4790
 ... : 21 33 118 466 2388 3853 4862
 ... : 21 33 118 466 2394 3888 4978
 ... : 21 33 118 466 2393 3895 5163
 ... : 21 33 118 466 2393 3915 5322
 ... : 21 33 118 466 2393 3919 5504
 ... : 21 33 118 466 2392 3927 5675
 ... : 21 33 118 466 2392 3957 5804
 ... : 21 33 118 466 2392 4007 5872
 ... : 21 33 118 466 2388 4051 5942
 ... : 21 33 118 466 2388 4099 6014
 ... : 21 33 118 466 2388 4144 6089
 ... : 21 33 118 466 2388 4195 6167
 ... : 21 33 118 466 2389 4246 6240
 ... : 21 33 118 466 2383 4298 6306
 ... : 21 33 118 466 2383 4344 6403
 ... : 21 33 118 466 2383 4397 6469
 ... : 21 33 118 466 2383 4416 6617
 ... : 21 33 118 466 2378 4351 6401
 ... : 21 33 118 466 2378 4393 6484
 ... : 21 33 118 466 2378 4448 6556
 ... : 21 33 116 418 2376 4487 6624
 ... : 21 33 116 421 2390 4531 6702
 ... : 21 33 116 425 2412 4578 6750
 ... : 21 33 116 425 2423 4605 6862
 ... : 21 33 116 425 2423 4647 6966
 ... : 21 33 116 425 2422 4661 7116
 ... : 21 33 116 425 2419 4694 7209
 ... : 21 33 116 425 2419 4742 7283
 ... : 21 33 116 425 2419 4787 7360
 ... : 21 33 116 425 2419 4789 7435
 ... : 21 33 116 425 2419 4829 7523
 ... : 21 33 116 425 2418 4861 7636
 ... : 21 33 116 425 2418 4921 7707
 ... : 21 33 116 425 2418 4949 7826
 ... : 21 33 116 425 2418 4998 7903
 ... : 21 33 116 425 2418 5030 8014
 ... : 21 33 116 425 2418 5058 8130
 ... : 21 33 116 425 2417 5095 8239
 ... : 21 33 116 425 2417 5122 8347
 ... : 21 33 116 425 2417 5173 8423
 ... : 21 33 116 425 2417 5221 8497
 ... : 21 33 116 425 2417 5272 8565
 ... : 21 33 116 425 2417 5326 8639
 ... : 21 33 116 425 2417 5377 8704
 ... : 21 33 116 425 2417 5434 8779
 ... : 21 33 116 425 2415 5482 8830
 ... : 21 33 116 425 2416 5526 8893
 ... : 21 33 116 425 2413 5580 8960
 ... : 21 33 116 425 2413 5637 9028
 ... : 21 33 116 425 2413 5694 9095
 ... : 21 33 116 425 2410 5707 9168
 ... : 21 33 116 425 2412 5770 9236
 ... : 21 33 116 425 2409 5824 9294
 ... : 21 33 116 423 2394 5872 9355
 ... : 21 33 116 423 2396 5909 9419
 ... : 21 33 116 423 2393 5929 9531
 ... : 21 33 116 423 2391 5936 9626
 ... : 21 33 116 423 2391 5938 9667
 ... : 21 33 116 423 2391 5950 9827
 ... : 21 33 116 423 2395 5944 9901
 ... : 21 33 116 423 2397 5933 9956
 ... : 21 33 116 422 2397 5943 10037
 ... : 21 33 116 422 2399 5969 10124
 ... : 21 33 116 422 2400 6007 10219
 ... : 21 33 116 422 2404 6056 10285
 ... : 21 33 116 422 2406 6091 10409
 ... : 21 33 116 422 2405 6080 10476
 ... : 21 33 116 422 2405 6095 10620
 ... : 21 33 116 422 2404 6108 10776
 ... : 21 33 116 422 2398 6146 10845
 ... : 21 33 116 422 2398 6202 10913
 ... : 21 33 116 422 2403 6258 10976
 ... : 21 33 116 419 2412 6309 11005
 ... : 21 33 116 419 2431 6358 11054
 ... : 21 33 115 419 2437 6402 11104
 ... : 21 33 115 421 2446 6416 11164
 ... : 21 33 115 421 2458 6449 11223
 ... : 21 33 115 421 2460 6481 11275
 ... : 21 33 115 421 2459 6531 11339
 ... : 21 33 115 422 2467 6571 11397
 ... : 21 33 115 424 2475 6622 11449
 ... : 21 33 115 424 2483 6645 11518
 ... : 21 33 115 424 2483 6656 11682
 ... : 21 33 115 424 2483 6686 11794
 ... : 21 33 115 424 2482 6715 11900
 ... : 21 33 115 424 2482 6739 12031
 ... : 21 33 115 424 2482 6745 12195
 ... : 21 33 115 424 2482 6780 12309
 ... : 21 33 115 424 2482 6800 12348
 ... : 21 33 115 424 2482 6829 12388
 ... : 21 33 115 425 2490 6850 12471
 ... : 21 33 115 425 2489 6846 12552
 ... : 21 33 115 424 2482 6862 12571
 ... : 21 33 115 424 2482 6908 12635
 ... : 21 33 115 424 2487 6962 12696
 ... : 21 33 115 423 2482 7016 12760
 ... : 21 33 115 421 2476 7046 12827
 ... : 21 33 115 421 2475 7076 12919
 ... : 21 33 115 421 2474 7106 13039
 ... : 21 33 115 420 2478 7111 13112
 ... : 21 33 115 420 2477 7119 13255
 ... : 21 33 115 420 2481 7155 13329
 ... : 21 33 115 420 2478 7197 13411
 ... : 21 33 115 420 2479 7247 13473
 ... : 21 33 115 420 2482 7285 13562
 ... : 21 33 115 420 2491 7339 13625
 ... : 21 33 115 419 2493 7373 13682
 ... : 21 33 115 421 2487 7417 13743
 ... : 21 33 115 421 2481 7433 13839
 ... : 21 33 115 421 2480 7445 13947
 ... : 21 33 115 421 2481 7505 14018
 ... : 21 33 115 420 2484 7558 14095
 ... : 21 33 115 420 2462 7597 14160
 ... : 21 33 115 420 2462 7635 14225
 ... : 21 33 115 420 2465 7680 14287
 ... : 21 33 115 420 2468 7735 14353
 ... : 21 33 115 419 2484 7782 14414
 ... : 21 33 115 419 2487 7836 14492
 ... : 21 33 115 419 2493 7879 14581
 ... : 21 33 115 417 2457 7882 14661
 ... : 21 33 115 417 2463 7914 14725
 ... : 21 33 115 416 2463 7891 14792
 ... : 21 33 115 416 2461 7894 14951
 ... : 21 33 115 418 2464 7891 15092
 ... : 21 33 115 420 2478 7933 15155
 ... : 21 33 115 420 2480 7913 15242
 ... : 21 33 115 420 2481 7915 15387
 ... : 21 33 115 420 2481 7926 15553
 ... : 21 33 115 420 2480 7941 15715
 ... : 21 33 115 420 2480 7961 15832
 ... : 21 33 115 420 2483 7996 15918
 ... : 21 33 115 420 2482 7997 16061
 ... : 21 33 115 420 2479 7937 16121
 ... : 21 33 115 420 2481 7946 16196
 ... : 21 33 115 420 2480 7958 16321
 ... : 21 33 115 420 2480 7964 16438
 ... : 21 33 115 420 2484 7985 16544
 ... : 21 33 115 420 2484 7976 16717
 ... : 21 33 115 420 2484 7973 16894
 ... : 21 33 115 420 2484 7965 17014
 ... : 21 33 115 420 2482 7975 17120
 ... : 21 33 115 420 2482 7962 17312
 ... : 21 33 115 419 2435 7918 17227
 ... : 21 33 115 421 2432 7957 17298
 ... : 21 33 115 423 2443 7991 17347
 ... : 21 33 115 426 2452 8023 17381
 ... : 21 33 115 428 2461 8053 17421
 ... : 21 33 115 428 2457 8049 17566
 ... : 21 33 115 428 2457 8073 17681
 ... : 21 33 115 428 2459 8087 17809
 ... : 21 33 114 428 2474 8133 17866
 ... : 21 33 113 429 2479 8178 17955
 ... : 21 33 113 429 2480 8218 18065
 ... : 21 33 113 429 2480 8258 18148
 ... : 21 33 113 429 2488 8307 18210
 ... : 21 33 113 428 2491 8312 18375
 ... : 21 33 113 428 2491 8311 18521
 ... : 21 33 113 428 2493 8330 18643
 ... : 21 33 113 428 2492 8351 18776
 ... : 21 33 113 428 2492 8358 18949
 ... : 21 33 113 428 2490 8366 18884
 ... : 21 33 113 427 2499 8395 18972
 ... : 21 33 113 427 2499 8405 19124
 ... : 21 33 113 427 2498 8438 19248
 ... : 21 33 113 427 2498 8451 19418
 ... : 21 33 113 427 2498 8454 19578
 ... : 21 33 113 427 2498 8455 19769
 ... : 21 33 113 427 2498 8455 19960
   8 : 14 17 69 246 1269 5449 12102 7038
 ... : 14 17 69 246 1269 5449 12102 7238
 ... : 14 17 69 246 1269 5449 12106 7430
 ... : 14 17 69 246 1269 5449 12122 7586
 ... : 14 17 69 246 1269 5449 12147 7719
 ... : 14 17 69 246 1269 5449 12188 7829
 ... : 14 17 69 246 1269 5448 12208 7980
 ... : 14 17 69 246 1269 5448 12216 8159
 ... : 14 17 69 246 1269 5448 12235 8317
 ... : 14 17 69 246 1269 5448 12243 8503
 ... : 14 17 69 246 1269 5369 12024 8535
 ... : 14 17 69 246 1269 5368 12027 8654
 ... : 14 17 69 246 1269 5364 12013 8771
 ... : 14 17 69 246 1269 5364 12007 8957
 ... : 14 17 69 246 1269 5364 12000 9152
 ... : 14 17 69 246 1269 5364 11998 9341
 ... : 14 17 69 246 1269 5364 11989 9542
 ... : 14 17 69 246 1269 5364 11996 9720
 ... : 14 17 69 246 1269 5364 12000 9899
 ... : 14 17 69 246 1269 5363 11990 10089
 ... : 14 17 69 246 1269 5365 12001 10230
 ... : 14 17 69 245 1266 5362 11988 10402
 ... : 14 17 69 245 1266 5362 11969 10600
 ... : 14 17 69 245 1266 5361 11966 10781
 ... : 14 17 69 245 1266 5361 11962 10982
 ... : 14 17 69 245 1266 5356 11951 11180
 ... : 14 17 69 245 1266 5356 11943 11372
 ... : 14 17 69 245 1266 5356 11950 11550
 ... : 14 17 69 245 1266 5356 11949 11732
 ... : 14 17 69 245 1266 5356 11948 11900
