initialized model with 934 latches, 364 inputs and 1 properties
tsim: performed 17 steps
tsim: found cycle from 15
checking bound 0
checking bound 1
checking bound 2
tdecomp: unrolling 2 cycles
tsim: performed 15 steps
tsim: found cycle from 13
tsim: found 1 constants and 0 latch equivalences
tdecomp: (934, 1456) -> (933, 338)
 ... : 200
   2 : 96 283
   3 : 96 229 215
 ... : 96 240 391
 ... : 96 249 556
 ... : 96 278 683
 ... : 96 332 768
 ... : 96 373 866
 ... : 96 383 1039
 ... : 95 403 1141
 ... : 86 373 1258
 ... : 80 354 1341
   4 : 44 199 642 516
 ... : 44 199 642 716
   5 : 44 196 634 478 434
 ... : 44 196 634 485 606
 ... : 44 196 635 541 677
 ... : 44 196 635 606 742
 ... : 44 196 637 668 803
 ... : 44 196 642 729 863
 ... : 43 194 602 790 915
 ... : 43 194 603 847 979
 ... : 43 194 604 901 1059
 ... : 43 194 606 955 1128
 ... : 43 194 609 1009 1186
 ... : 43 194 610 1075 1251
 ... : 43 194 613 1132 1319
 ... : 43 194 618 1193 1383
 ... : 43 194 626 1242 1439
 ... : 43 194 631 1305 1493
 ... : 43 191 654 1358 1544
 ... : 43 193 663 1414 1609
 ... : 43 194 676 1451 1650
 ... : 43 198 687 1505 1700
 ... : 43 204 706 1552 1753
 ... : 43 206 715 1601 1806
 ... : 43 207 722 1660 1866
 ... : 42 202 731 1718 1927
 ... : 42 206 749 1772 1977
 ... : 42 207 756 1817 2017
 ... : 42 208 767 1873 2064
 ... : 42 208 778 1917 2109
 ... : 42 209 784 1962 2169
 ... : 42 209 785 2016 2247
 ... : 42 209 787 2046 2365
 ... : 42 209 787 2079 2473
 ... : 42 209 787 2102 2616
 ... : 42 209 787 2130 2753
 ... : 42 209 787 2190 2813
 ... : 42 209 786 2245 2878
 ... : 42 200 770 2297 2943
 ... : 42 200 775 2348 3004
 ... : 42 200 774 2404 3067
 ... : 42 200 774 2418 3225
 ... : 42 200 774 2426 3354
 ... : 42 200 774 2447 3496
 ... : 42 200 774 2469 3608
 ... : 42 199 771 2482 3736
 ... : 42 199 771 2487 3920
 ... : 42 201 774 2505 4058
 ... : 42 202 786 2539 4142
 ... : 42 201 785 2571 4245
   6 : 36 112 523 2515 3529 768
 ... : 36 112 523 2515 3559 903
 ... : 36 112 523 2515 3565 1083
 ... : 36 112 523 2515 3603 1191
 ... : 36 112 523 2515 3638 1289
 ... : 36 112 523 2512 3669 1364
 ... : 36 112 523 2512 3727 1443
 ... : 36 112 523 2512 3779 1515
 ... : 36 112 523 2512 3806 1595
 ... : 36 112 523 2512 3872 1663
 ... : 36 112 523 2512 3922 1746
 ... : 36 112 523 2512 3978 1819
 ... : 36 112 523 2512 4043 1886
 ... : 36 112 523 2512 4096 1955
 ... : 36 112 523 2512 4158 2021
 ... : 36 112 523 2512 4220 2090
 ... : 36 112 523 2511 4283 2156
 ... : 36 112 523 2511 4344 2223
 ... : 36 112 523 2511 4403 2290
 ... : 36 112 523 2513 4456 2359
 ... : 36 112 523 2513 4516 2427
 ... : 36 112 523 2513 4572 2493
 ... : 36 112 523 2513 4625 2562
 ... : 36 112 523 2521 4685 2620
 ... : 36 112 523 2522 4737 2691
 ... : 36 112 523 2540 4774 2739
 ... : 36 112 523 2544 4826 2793
 ... : 36 112 523 2550 4887 2849
 ... : 36 112 523 2562 4931 2895
 ... : 36 112 523 2598 4988 2926
 ... : 36 112 523 2607 5050 2982
 ... : 36 112 523 2607 5100 3034
 ... : 36 112 523 2652 5152 3053
 ... : 36 112 523 2653 5199 3103
 ... : 36 112 523 2665 5250 3153
 ... : 36 112 523 2664 5309 3217
 ... : 36 112 523 2671 5369 3275
 ... : 36 112 523 2671 5418 3335
 ... : 36 112 523 2670 5458 3412
 ... : 36 112 523 2670 5517 3493
 ... : 36 112 523 2670 5579 3569
 ... : 36 112 523 2675 5622 3632
 ... : 36 112 523 2678 5684 3690
 ... : 36 112 523 2678 5741 3756
 ... : 36 112 523 2681 5801 3822
 ... : 36 112 523 2685 5859 3884
 ... : 36 112 523 2694 5911 3949
 ... : 36 112 523 2694 5976 4015
 ... : 36 112 523 2700 6033 4076
 ... : 36 112 523 2707 6094 4133
 ... : 36 112 523 2724 6153 4182
 ... : 36 112 523 2731 6218 4240
 ... : 36 112 523 2733 6263 4306
 ... : 36 112 523 2733 6302 4363
 ... : 36 112 523 2733 6337 4464
 ... : 36 112 523 2733 6386 4546
 ... : 36 112 523 2733 6447 4616
 ... : 36 112 523 2733 6503 4677
 ... : 36 112 523 2733 6561 4749
 ... : 36 112 523 2733 6629 4815
 ... : 36 112 523 2734 6693 4883
 ... : 36 112 523 2736 6755 4943
 ... : 36 112 523 2739 6810 5006
 ... : 36 112 523 2752 6869 5061
 ... : 36 112 523 2755 6935 5121
 ... : 36 112 523 2761 6994 5181
 ... : 36 112 523 2761 7061 5246
 ... : 36 112 523 2761 7127 5312
 ... : 36 112 523 2769 7189 5368
 ... : 36 112 523 2771 7251 5435
 ... : 36 112 523 2783 7315 5490
 ... : 36 112 523 2783 7382 5555
 ... : 36 112 523 2786 7445 5623
 ... : 36 112 523 2796 7502 5679
 ... : 36 112 523 2811 7561 5729
 ... : 36 112 523 2816 7625 5790
 ... : 36 112 523 2816 7690 5856
 ... : 36 112 523 2819 7733 5909
 ... : 36 112 523 2822 7797 5972
 ... : 36 112 523 2822 7850 6031
 ... : 36 112 523 2841 7907 6081
 ... : 36 112 523 2850 7970 6136
 ... : 36 112 523 2850 8028 6196
 ... : 36 112 523 2850 8092 6261
 ... : 36 112 523 2859 8151 6316
 ... : 36 112 523 2860 8214 6382
 ... : 36 112 523 2868 8269 6431
 ... : 36 112 523 2881 8327 6486
 ... : 36 112 523 2882 8389 6550
 ... : 36 112 523 2888 8442 6604
 ... : 36 112 523 2889 8504 6669
 ... : 36 112 523 2890 8556 6737
 ... : 36 112 523 2891 8612 6822
 ... : 36 112 523 2891 8618 7004
 ... : 36 112 523 2891 8672 7085
 ... : 36 112 523 2891 8714 7197
 ... : 36 112 523 2891 8736 7346
 ... : 36 112 524 2918 8780 7399
 ... : 36 112 524 2918 8784 7551
 ... : 36 112 524 2918 8818 7679
 ... : 36 112 524 2918 8866 7770
 ... : 36 112 524 2918 8914 7864
 ... : 36 112 524 2918 8956 7950
 ... : 36 112 524 2918 8975 8099
 ... : 36 112 524 2918 9026 8190
 ... : 36 112 524 2918 9088 8257
 ... : 36 112 524 2918 9124 8365
 ... : 36 112 524 2918 9155 8486
 ... : 36 112 524 2918 9185 8601
 ... : 36 112 524 2918 9238 8678
 ... : 36 112 524 2918 9287 8740
 ... : 36 112 524 2918 9326 8808
 ... : 36 112 524 2918 9385 8878
 ... : 36 112 524 2919 9447 8942
 ... : 36 112 524 2919 9508 9009
 ... : 36 112 524 2919 9571 9074
 ... : 36 112 524 2919 9634 9141
 ... : 36 112 524 2919 9694 9208
 ... : 36 112 524 2919 9755 9277
 ... : 36 112 524 2919 9807 9366
 ... : 36 112 524 2919 9860 9454
 ... : 36 112 524 2919 9876 9617
 ... : 36 112 524 2919 9893 9778
 ... : 36 112 524 2919 9952 9853
 ... : 36 112 524 2919 10011 9933
 ... : 36 112 524 2919 10065 10013
 ... : 36 112 524 2918 10081 10168
 ... : 36 112 524 2918 10132 10252
 ... : 36 112 524 2928 10187 10319
 ... : 36 112 524 2935 10240 10390
 ... : 36 112 524 2944 10290 10467
 ... : 36 112 524 2956 10342 10509
 ... : 36 112 524 2977 10400 10558
 ... : 36 112 524 2986 10457 10613
 ... : 36 112 524 2999 10512 10664
 ... : 36 112 524 3007 10575 10729
 ... : 36 112 524 3018 10631 10794
 ... : 36 112 524 3027 10688 10859
 ... : 36 112 524 3029 10733 10959
 ... : 36 112 524 3035 10787 11029
 ... : 36 112 524 3039 10845 11099
 ... : 36 112 524 3039 10894 11190
 ... : 36 112 524 3039 10948 11271
 ... : 36 112 524 3039 10991 11366
 ... : 36 112 524 3038 11028 11469
 ... : 36 112 524 3038 11071 11578
 ... : 36 112 524 3038 11109 11683
 ... : 36 112 524 3038 11147 11797
 ... : 36 112 524 3038 11161 11966
 ... : 36 112 524 3038 11171 12097
 ... : 36 112 524 3038 11210 12149
 ... : 36 112 524 3037 11219 12312
 ... : 36 112 524 3037 11261 12424
 ... : 36 112 524 3037 11308 12514
 ... : 36 112 524 3037 11373 12580
 ... : 36 112 524 3037 11430 12651
 ... : 36 112 524 3037 11492 12719
 ... : 36 112 524 3038 11557 12781
 ... : 36 112 524 3038 11614 12854
 ... : 36 112 524 3038 11661 12945
 ... : 36 112 524 3038 11705 13045
 ... : 36 112 524 3042 11764 13119
 ... : 36 112 524 3047 11825 13184
 ... : 36 112 524 3047 11861 13298
 ... : 36 112 524 3047 11906 13403
 ... : 36 112 524 3046 11932 13529
 ... : 36 112 524 3046 11967 13633
 ... : 36 112 524 3046 11994 13669
 ... : 36 112 524 3046 12047 13759
 ... : 36 112 524 3046 12104 13825
 ... : 36 112 524 3046 12161 13901
 ... : 36 112 524 3046 12186 14040
 ... : 36 112 524 3045 12205 14199
 ... : 36 112 524 3045 12213 14372
 ... : 36 112 524 3046 12250 14437
 ... : 36 112 524 3053 12302 14500
 ... : 36 112 524 3066 12343 14584
 ... : 36 112 524 3078 12384 14657
 ... : 36 112 524 3079 12396 14826
 ... : 36 112 524 3079 12428 14953
 ... : 36 112 524 3079 12428 15140
 ... : 36 112 524 3079 12482 15226
 ... : 36 112 524 3079 12540 15295
 ... : 36 112 524 3080 12600 15365
 ... : 36 112 524 3081 12651 15426
 ... : 36 112 524 3081 12705 15493
 ... : 36 112 524 3081 12745 15609
 ... : 36 112 524 3081 12802 15688
 ... : 36 112 524 3081 12817 15842
 ... : 36 112 524 3081 12875 15923
 ... : 36 112 524 3084 12887 16048
 ... : 36 112 524 3084 12914 16189
 ... : 36 112 524 3084 12925 16342
 ... : 36 112 524 3084 12985 16413
 ... : 36 112 524 3084 13042 16486
 ... : 36 112 524 3084 13108 16551
 ... : 36 112 524 3085 13159 16633
 ... : 36 112 524 3085 13201 16735
 ... : 36 112 524 3087 13260 16806
 ... : 36 112 524 3088 13318 16875
 ... : 36 112 524 3088 13350 16992
 ... : 36 112 524 3088 13383 17119
 ... : 36 112 524 3088 13419 17236
 ... : 36 112 524 3088 13452 17337
 ... : 36 112 524 3088 13471 17464
 ... : 36 112 524 3092 13520 17541
 ... : 36 112 524 3092 13552 17652
 ... : 36 112 524 3095 13596 17722
 ... : 36 112 524 3095 13631 17828
 ... : 36 112 524 3095 13686 17906
 ... : 36 112 524 3095 13721 18016
 ... : 36 112 524 3095 13759 18125
 ... : 36 112 524 3095 13782 18276
 ... : 36 112 524 3095 13790 18435
 ... : 36 112 524 3095 13829 18551
 ... : 36 112 524 3095 13869 18663
 ... : 36 112 524 3097 13928 18736
 ... : 36 112 525 3113 13980 18799
 ... : 36 112 525 3114 14038 18871
 ... : 36 112 525 3115 14074 18965
 ... : 36 112 525 3118 14123 19045
 ... : 36 112 525 3125 14173 19104
 ... : 36 112 525 3126 14227 19179
 ... : 36 112 525 3128 14276 19264
 ... : 36 112 525 3134 14322 19315
 ... : 36 112 525 3136 14371 19404
 ... : 36 112 525 3146 14424 19467
 ... : 36 112 525 3166 14483 19512
 ... : 36 112 525 3169 14545 19576
 ... : 36 112 525 3188 14603 19620
 ... : 36 112 525 3190 14656 19694
 ... : 36 112 525 3190 14718 19762
