initialized model with 933 latches, 364 inputs and 1 properties
tsim: performed 17 steps
tsim: found cycle from 15
checking bound 0
checking bound 1
checking bound 2
tdecomp: unrolling 2 cycles
tsim: performed 15 steps
tsim: found cycle from 13
tsim: found 1 constants and 0 latch equivalences
tdecomp: (933, 1456) -> (932, 336)
 ... : 200
   2 : 85 192
 ... : 59 291
   3 : 27 81 247
   4 : 23 33 34 305
 ... : 23 37 49 385
   5 : 18 20 22 106 281
 ... : 18 20 19 116 445
   6 : 18 14 9 60 104 307
 ... : 18 14 9 62 109 445
   7 : 18 14 7 59 82 432 162
 ... : 18 14 7 59 82 432 362
 ... : 18 13 6 59 78 439 506
 ... : 18 13 6 59 78 439 705
 ... : 18 13 6 59 78 448 864
 ... : 18 13 6 59 80 445 1020
 ... : 18 13 6 59 83 456 1077
 ... : 18 13 5 59 89 477 1187
 ... : 17 13 5 59 89 484 1278
   8 : 16 5 4 59 82 408 949 330
 ... : 16 5 4 59 82 408 957 508
 ... : 16 5 4 59 82 408 957 709
 ... : 16 5 4 59 82 408 957 910
 ... : 16 5 4 59 82 408 957 1111
 ... : 16 5 4 59 82 415 996 1200
 ... : 16 5 4 59 82 419 1006 1347
 ... : 16 5 4 59 82 419 1008 1543
 ... : 16 5 4 59 82 419 1008 1744
 ... : 16 5 4 59 82 419 1009 1943
 ... : 16 5 4 59 82 419 1020 2107
 ... : 16 5 4 59 82 419 1020 2308
 ... : 16 5 4 59 86 433 1042 2402
 ... : 16 5 4 59 86 433 1062 2532
 ... : 16 5 4 59 86 438 1084 2652
 ... : 16 5 4 59 85 442 1107 2740
 ... : 16 5 4 59 85 442 1129 2881
 ... : 16 5 4 59 85 442 1161 2988
 ... : 16 5 4 59 85 445 1195 3098
 ... : 16 5 7 60 92 456 1215 3191
   9 : 16 4 6 51 80 417 1065 2765 446
 ... : 16 4 6 51 80 417 1065 2762 634
 ... : 16 4 6 51 80 417 1065 2762 835
 ... : 16 4 6 51 80 417 1065 2761 1022
 ... : 16 4 6 51 80 417 1065 2760 1223
 ... : 16 4 6 51 80 417 1065 2763 1407
 ... : 16 4 6 51 80 417 1067 2780 1569
 ... : 16 4 6 51 80 417 1067 2806 1709
 ... : 16 4 6 51 80 417 1067 2845 1822
 ... : 16 4 6 51 80 417 1067 2848 2017
 ... : 16 4 6 51 80 417 1067 2854 2193
 ... : 16 4 6 51 80 417 1067 2853 2393
 ... : 16 4 6 51 80 417 1067 2853 2592
 ... : 16 4 6 51 80 417 1067 2869 2759
 ... : 16 4 6 51 80 417 1067 2865 2885
 ... : 16 4 6 51 80 417 1067 2892 3019
 ... : 16 4 6 51 80 417 1067 2906 3186
 ... : 16 4 6 51 80 417 1067 2906 3387
 ... : 16 4 6 51 80 417 1066 2906 3588
 ... : 16 4 6 51 80 417 1066 2911 3776
 ... : 16 4 6 51 80 417 1066 2913 3973
 ... : 16 4 6 51 80 417 1066 2913 4173
 ... : 16 4 6 51 80 417 1066 2913 4374
 ... : 16 4 6 51 80 417 1066 2944 4500
 ... : 16 4 6 51 80 417 1066 2945 4691
 ... : 16 4 6 51 80 417 1066 2946 4889
 ... : 16 4 6 51 80 417 1068 2953 5072
 ... : 16 4 6 51 80 417 1068 2965 5245
 ... : 16 4 6 51 80 417 1070 2991 5371
 ... : 16 4 6 51 80 417 1070 2993 5568
 ... : 16 4 6 51 80 417 1070 2993 5767
 ... : 16 4 6 51 80 417 1069 2989 5924
 ... : 16 4 6 51 80 417 1069 2989 6125
 ... : 16 4 6 51 80 417 1069 2989 6326
 ... : 16 4 6 51 80 417 1069 2989 6513
 ... : 16 4 6 51 80 417 1069 3001 6688
 ... : 16 4 6 51 80 417 1069 3001 6882
 ... : 16 4 6 51 80 417 1069 2994 7056
 ... : 16 4 6 51 80 417 1069 2993 7254
 ... : 16 4 6 51 80 417 1069 2992 7441
 ... : 16 4 6 51 80 417 1069 2993 7637
 ... : 16 4 6 51 80 417 1069 3017 7788
 ... : 16 4 6 51 80 417 1069 3043 7929
 ... : 16 4 6 51 80 417 1069 3074 8065
 ... : 16 4 6 51 80 417 1069 3079 8240
 ... : 16 4 6 51 80 417 1072 3106 8364
 ... : 16 4 6 51 82 417 1075 3142 8470
 ... : 16 4 6 51 82 417 1076 3181 8581
 ... : 16 4 6 51 82 417 1078 3209 8721
  10 : 16 4 6 51 81 401 1007 3028 8387 568
 ... : 16 4 6 51 81 401 1007 3028 8387 767
 ... : 16 4 6 51 81 401 1007 3028 8387 968
 ... : 16 4 6 51 81 401 1007 3028 8387 1169
 ... : 16 4 6 51 81 401 1007 3028 8387 1370
 ... : 16 4 6 51 81 401 1007 3028 8414 1514
 ... : 16 4 6 51 81 401 1007 3028 8456 1621
 ... : 16 4 6 51 81 401 1007 3028 8495 1728
 ... : 16 4 6 51 81 401 1007 3028 8500 1917
 ... : 16 4 6 51 81 401 1007 3028 8500 2118
 ... : 16 4 6 51 81 401 1007 3028 8500 2319
 ... : 16 4 6 51 81 401 1007 3028 8501 2517
 ... : 16 4 6 51 81 401 1007 3028 8501 2718
 ... : 16 4 6 51 81 401 1007 3028 8501 2919
 ... : 16 4 6 51 81 401 1007 3028 8508 3104
 ... : 16 4 6 51 81 401 1007 3028 8514 3287
 ... : 16 4 6 51 81 401 1007 3028 8525 3432
 ... : 16 4 6 51 81 401 1007 3028 8539 3576
 ... : 16 4 6 51 81 401 1007 3028 8554 3734
 ... : 16 4 6 51 81 401 1007 3028 8561 3914
 ... : 16 4 6 51 81 401 1007 3028 8561 4115
 ... : 16 4 6 51 81 401 1007 3028 8561 4316
 ... : 16 4 6 51 81 401 1007 3028 8561 4517
 ... : 16 4 6 51 81 401 1007 3028 8560 4717
 ... : 16 4 6 51 81 401 1007 3028 8561 4916
 ... : 16 4 6 51 81 401 1007 3028 8560 5117
 ... : 16 4 6 51 81 401 1007 3028 8560 5315
 ... : 16 4 6 51 81 401 1007 3028 8560 5516
 ... : 16 4 6 51 81 401 1009 3035 8598 5579
 ... : 16 4 6 51 81 401 1009 3035 8599 5762
 ... : 16 4 6 51 81 401 1009 3035 8607 5942
 ... : 16 4 6 51 81 401 1009 3034 8624 6063
 ... : 16 4 6 51 81 401 1009 3033 8625 6256
 ... : 16 4 6 51 81 401 1009 3033 8624 6457
 ... : 16 4 6 51 81 401 1009 3033 8625 6646
 ... : 16 4 6 51 81 401 1009 3033 8644 6793
 ... : 16 4 6 51 81 401 1009 3033 8658 6956
 ... : 16 4 6 51 81 401 1009 3033 8674 7109
 ... : 16 4 6 51 81 401 1009 3033 8680 7295
 ... : 16 4 6 51 81 401 1009 3033 8680 7496
 ... : 16 4 6 51 81 401 1009 3033 8680 7697
 ... : 16 4 6 51 81 401 1009 3033 8680 7898
 ... : 16 4 6 51 81 401 1009 3033 8680 8099
 ... : 16 4 6 51 81 401 1009 3033 8680 8300
 ... : 16 4 6 51 81 401 1009 3033 8680 8501
 ... : 16 4 6 51 81 401 1009 3033 8680 8700
 ... : 16 4 6 51 81 401 1009 3032 8693 8868
 ... : 16 4 6 51 81 401 1009 3032 8693 9066
 ... : 16 4 6 51 81 401 1009 3032 8693 9266
 ... : 16 4 6 51 81 401 1009 3031 8700 9446
 ... : 16 4 6 51 81 401 1009 3031 8704 9637
 ... : 16 4 6 51 81 401 1009 3031 8705 9831
 ... : 16 4 6 51 81 401 1009 3031 8705 10032
 ... : 16 4 6 51 81 401 1009 3031 8705 10233
 ... : 16 4 6 51 81 401 1009 3031 8705 10434
 ... : 16 4 6 51 81 401 1009 3031 8705 10634
 ... : 16 4 6 51 81 401 1009 3031 8705 10835
 ... : 16 4 6 51 81 401 1009 3031 8705 11035
  11 : 16 4 6 51 81 400 992 2874 8601 10408 796
 ... : 16 4 6 51 81 400 992 2874 8601 10408 996
 ... : 16 4 6 51 81 400 992 2874 8601 10458 1084
 ... : 16 4 6 51 81 400 992 2874 8601 10493 1211
 ... : 16 4 6 51 81 400 992 2874 8601 10551 1284
 ... : 16 4 6 51 81 400 992 2874 8601 10598 1378
 ... : 16 4 6 51 81 400 992 2874 8601 10598 1579
 ... : 16 4 6 51 81 400 992 2874 8601 10598 1780
 ... : 16 4 6 51 81 400 992 2874 8601 10598 1981
 ... : 16 4 6 51 81 400 992 2874 8601 10598 2182
 ... : 16 4 6 51 81 400 992 2874 8601 10598 2383
 ... : 16 4 6 51 81 400 992 2874 8601 10615 2548
 ... : 16 4 6 51 81 400 992 2874 8601 10653 2662
 ... : 16 4 6 51 81 400 992 2874 8601 10661 2846
 ... : 16 4 6 51 81 400 992 2874 8601 10677 2998
 ... : 16 4 6 51 81 400 992 2874 8601 10687 3177
 ... : 16 4 6 51 81 400 992 2874 8601 10711 3303
 ... : 16 4 6 51 81 400 992 2874 8601 10723 3480
 ... : 16 4 6 51 81 400 992 2874 8601 10729 3665
 ... : 16 4 6 51 81 400 992 2874 8601 10740 3826
 ... : 16 4 6 51 81 400 992 2874 8601 10757 3986
 ... : 16 4 6 51 81 400 992 2874 8600 10752 4123
 ... : 16 4 6 51 81 400 992 2874 8600 10772 4282
 ... : 16 4 6 51 81 400 992 2874 8600 10799 4423
 ... : 16 4 6 51 81 400 992 2874 8600 10825 4552
 ... : 16 4 6 51 81 400 992 2874 8595 10864 4674
 ... : 16 4 6 51 81 400 992 2874 8595 10874 4844
 ... : 16 4 6 51 81 400 992 2874 8595 10874 5045
 ... : 16 4 6 51 81 400 992 2874 8595 10900 5148
 ... : 16 4 6 51 81 400 992 2874 8597 10933 5260
 ... : 16 4 6 51 81 400 992 2874 8602 10943 5379
 ... : 16 4 6 51 81 400 992 2874 8599 10985 5469
 ... : 16 4 6 51 81 400 992 2874 8599 11030 5559
 ... : 16 4 6 51 81 400 992 2874 8598 11058 5594
 ... : 16 4 6 51 81 400 992 2874 8598 11057 5793
 ... : 16 4 6 51 81 400 992 2874 8598 11057 5994
 ... : 16 4 6 51 81 400 992 2874 8598 11057 6194
 ... : 16 4 6 51 81 400 992 2874 8598 11054 6395
 ... : 16 4 6 51 81 400 992 2874 8598 11063 6572
 ... : 16 4 6 51 81 400 992 2874 8598 11063 6773
 ... : 16 4 6 51 81 400 992 2874 8598 11061 6974
 ... : 16 4 6 51 81 400 992 2874 8598 11051 7175
 ... : 16 4 6 51 81 400 992 2874 8598 11051 7375
 ... : 16 4 6 51 81 400 992 2874 8598 11049 7576
 ... : 16 4 6 51 81 400 992 2874 8598 11047 7777
 ... : 16 4 6 51 81 400 992 2874 8598 11042 7973
 ... : 16 4 6 51 81 400 992 2874 8598 11042 8174
 ... : 16 4 6 51 81 400 992 2874 8598 11054 8317
 ... : 16 4 6 51 81 400 992 2874 8598 11072 8448
 ... : 16 4 6 51 81 400 992 2874 8598 11067 8649
 ... : 16 4 6 51 81 400 992 2874 8598 11074 8774
 ... : 16 4 6 51 81 400 992 2874 8598 11092 8908
 ... : 16 4 6 51 81 400 992 2874 8598 11092 9109
 ... : 16 4 6 51 81 400 992 2874 8598 11091 9309
 ... : 16 4 6 51 81 400 992 2874 8598 11090 9510
 ... : 16 4 6 51 81 400 992 2874 8598 11090 9711
 ... : 16 4 6 51 81 400 992 2874 8598 11090 9910
 ... : 16 4 6 51 81 400 992 2874 8598 11100 10070
 ... : 16 4 6 51 81 400 992 2874 8598 11098 10265
 ... : 16 4 6 51 81 400 992 2874 8598 11123 10389
 ... : 16 4 6 51 81 400 992 2874 8603 11148 10515
 ... : 16 4 6 51 81 400 992 2874 8603 11185 10637
 ... : 16 4 6 51 81 400 992 2874 8603 11193 10815
 ... : 16 4 6 51 81 400 992 2874 8603 11200 10966
 ... : 16 4 6 51 81 400 993 2875 8614 11236 11053
 ... : 16 4 6 51 81 400 993 2875 8617 11254 11189
 ... : 16 4 6 51 81 400 993 2875 8617 11254 11390
 ... : 16 4 6 51 81 400 994 2876 8622 11262 11545
 ... : 16 4 6 51 81 400 994 2876 8624 11311 11630
 ... : 16 4 6 51 82 402 999 2881 8629 11344 11690
 ... : 16 4 6 51 82 402 999 2881 8628 11337 11882
 ... : 16 4 6 51 82 402 999 2881 8628 11329 12082
  12 : 16 4 6 51 82 401 983 2831 8319 10984 10085 2457
 ... : 16 4 6 51 82 401 983 2831 8319 10984 10085 2649
 ... : 16 4 6 51 82 401 983 2831 8319 10985 10095 2777
 ... : 16 4 6 51 82 401 983 2831 8319 10988 10095 2924
 ... : 16 4 6 51 82 401 983 2831 8319 10988 10110 3067
 ... : 16 4 6 51 82 401 983 2831 8319 10988 10147 3184
 ... : 16 4 6 51 82 401 983 2831 8319 10987 10174 3284
 ... : 16 4 6 51 82 401 983 2831 8319 10987 10188 3417
 ... : 16 4 6 51 82 401 983 2831 8319 10987 10213 3551
 ... : 16 4 6 51 82 401 983 2831 8319 10987 10210 3743
 ... : 16 4 6 51 82 401 983 2831 8319 10991 10232 3836
