initialized model with 934 latches, 364 inputs and 1 properties
tsim: performed 17 steps
tsim: found cycle from 15
checking bound 0
checking bound 1
checking bound 2
tdecomp: unrolling 2 cycles
tsim: performed 15 steps
tsim: found cycle from 13
tsim: found 1 constants and 0 latch equivalences
tdecomp: (934, 1456) -> (933, 350)
 ... : 200
 ... : 401
   2 : 67 347
 ... : 67 547
 ... : 67 652
 ... : 67 702
 ... : 65 827
   3 : 60 334 512
 ... : 60 320 694
   4 : 47 220 309 483
   5 : 47 128 295 335 301
 ... : 47 128 294 359 420
 ... : 47 128 294 381 570
 ... : 47 128 296 447 626
 ... : 47 128 296 507 693
 ... : 47 128 297 570 751
 ... : 47 129 306 635 803
 ... : 47 129 306 698 871
 ... : 47 129 312 764 935
 ... : 47 129 314 816 994
 ... : 47 129 314 833 1080
 ... : 47 129 317 860 1214
 ... : 47 129 320 912 1298
 ... : 47 128 328 954 1392
 ... : 47 128 327 969 1543
 ... : 47 128 327 987 1688
 ... : 47 128 327 1007 1836
 ... : 47 128 327 1024 1997
 ... : 47 128 328 1056 2095
 ... : 47 128 331 1099 2157
 ... : 47 128 332 1124 2245
 ... : 47 128 332 1135 2394
 ... : 47 128 336 1162 2437
 ... : 47 128 338 1177 2552
   6 : 30 95 286 907 1766 879
   7 : 30 95 283 907 1768 521 483
 ... : 30 95 283 907 1768 556 608
 ... : 30 95 283 907 1768 614 690
 ... : 30 95 283 907 1768 629 855
 ... : 30 95 283 907 1768 675 961
 ... : 30 95 283 907 1768 741 1028
 ... : 30 95 283 907 1768 806 1093
 ... : 30 95 283 907 1773 868 1161
 ... : 30 95 283 906 1727 909 1204
 ... : 30 95 283 906 1727 967 1275
 ... : 30 95 283 906 1726 994 1368
 ... : 30 95 283 906 1726 1052 1440
 ... : 30 95 283 906 1724 1098 1500
 ... : 30 95 283 906 1724 1158 1569
 ... : 30 95 283 906 1726 1220 1629
 ... : 30 95 283 906 1726 1281 1696
 ... : 30 95 283 906 1729 1338 1757
 ... : 30 95 283 906 1728 1396 1836
 ... : 30 95 283 906 1728 1459 1907
 ... : 30 95 283 906 1728 1499 2003
 ... : 30 95 283 906 1728 1560 2080
 ... : 30 95 283 905 1726 1612 2128
 ... : 30 95 283 905 1732 1670 2187
 ... : 30 95 283 905 1737 1719 2258
 ... : 30 95 283 905 1741 1773 2313
 ... : 30 95 283 905 1741 1824 2389
 ... : 30 95 283 906 1755 1874 2445
 ... : 30 95 283 907 1758 1930 2510
 ... : 30 95 283 907 1762 1991 2575
 ... : 30 95 283 909 1773 2034 2632
 ... : 30 95 283 908 1780 2080 2688
 ... : 30 95 283 911 1792 2121 2737
 ... : 30 95 283 918 1810 2161 2792
 ... : 30 95 285 925 1832 2211 2837
 ... : 30 95 285 932 1847 2265 2897
 ... : 30 95 288 943 1867 2306 2939
 ... : 30 95 288 943 1866 2367 3017
 ... : 30 95 288 943 1866 2389 3161
 ... : 30 95 288 943 1868 2408 3293
 ... : 30 95 288 945 1878 2461 3350
 ... : 30 95 288 946 1887 2481 3449
 ... : 30 95 288 955 1906 2514 3497
 ... : 30 95 290 960 1912 2553 3553
 ... : 30 95 290 964 1928 2586 3609
 ... : 30 95 290 971 1938 2614 3657
 ... : 30 95 290 975 1945 2644 3706
 ... : 30 95 290 981 1956 2679 3768
 ... : 30 95 290 983 1964 2716 3841
 ... : 30 95 292 987 1951 2737 3926
 ... : 30 95 292 987 1950 2747 4060
 ... : 30 95 292 987 1950 2759 4227
 ... : 30 95 292 987 1950 2762 4410
 ... : 30 95 292 987 1950 2772 4576
 ... : 30 95 292 987 1951 2783 4736
 ... : 30 95 292 988 1951 2793 4888
 ... : 30 95 292 988 1950 2808 5029
 ... : 30 95 292 988 1950 2813 5203
 ... : 30 95 292 988 1953 2831 5323
 ... : 30 97 293 989 1953 2841 5450
 ... : 30 98 293 990 1953 2863 5563
   8 : 29 96 252 921 1644 2539 4500 1399
 ... : 29 96 252 921 1644 2539 4540 1500
 ... : 29 96 252 921 1644 2539 4554 1571
 ... : 29 96 252 921 1644 2539 4571 1651
 ... : 29 96 252 921 1643 2553 4594 1707
 ... : 29 96 252 921 1643 2561 4612 1791
 ... : 29 96 252 921 1643 2561 4621 1868
 ... : 29 96 252 921 1643 2561 4634 1973
 ... : 29 96 252 921 1643 2567 4660 2060
 ... : 29 96 252 921 1643 2575 4670 2131
 ... : 29 96 252 921 1643 2580 4692 2223
 ... : 29 96 252 921 1643 2580 4705 2298
 ... : 29 96 252 921 1643 2580 4715 2369
 ... : 29 96 252 921 1643 2585 4745 2439
 ... : 29 96 252 921 1643 2591 4762 2548
 ... : 29 96 252 921 1643 2614 4798 2586
 ... : 29 96 252 921 1643 2636 4849 2627
 ... : 29 96 252 921 1643 2644 4896 2683
 ... : 29 96 252 921 1643 2647 4936 2741
 ... : 29 96 252 921 1643 2661 4969 2791
 ... : 29 96 252 921 1645 2669 4989 2849
 ... : 29 96 252 921 1659 2689 5026 2894
 ... : 29 96 252 921 1659 2709 5077 2943
 ... : 29 96 252 921 1659 2712 5117 2999
 ... : 29 96 252 921 1659 2717 5158 3062
 ... : 29 96 252 921 1659 2721 5195 3122
 ... : 29 96 252 921 1659 2726 5237 3184
 ... : 29 96 252 921 1659 2734 5273 3244
 ... : 29 96 252 921 1659 2745 5320 3297
 ... : 29 96 252 921 1659 2767 5362 3336
 ... : 29 96 252 921 1659 2801 5381 3379
 ... : 29 96 252 921 1663 2833 5426 3415
 ... : 29 96 252 921 1663 2833 5457 3464
 ... : 29 96 252 921 1663 2833 5508 3530
 ... : 29 96 252 921 1663 2833 5556 3595
 ... : 29 96 252 921 1663 2836 5591 3661
 ... : 29 96 252 921 1663 2836 5647 3728
 ... : 29 96 252 921 1663 2836 5695 3795
 ... : 29 96 252 921 1663 2837 5747 3861
 ... : 29 96 252 921 1663 2837 5788 3928
 ... : 29 96 252 921 1663 2839 5840 3995
 ... : 29 96 252 921 1663 2850 5894 4054
 ... : 29 96 252 921 1665 2856 5940 4114
 ... : 29 96 252 921 1666 2863 5975 4171
 ... : 29 96 252 921 1667 2867 6034 4230
 ... : 29 96 252 921 1669 2878 6090 4283
 ... : 29 96 252 921 1669 2889 6148 4340
 ... : 29 96 252 921 1669 2901 6204 4389
 ... : 29 96 252 921 1671 2909 6247 4444
 ... : 29 96 252 921 1671 2935 6296 4479
 ... : 29 96 252 921 1671 2945 6347 4539
 ... : 29 96 252 921 1673 2962 6396 4588
 ... : 29 96 252 921 1675 2971 6445 4637
 ... : 29 96 252 921 1675 2973 6503 4702
 ... : 29 96 252 921 1676 2979 6538 4758
 ... : 29 96 252 921 1676 2983 6583 4817
 ... : 29 96 252 921 1678 3000 6625 4864
 ... : 29 96 252 921 1678 3006 6681 4925
 ... : 29 96 252 921 1680 3041 6732 4953
 ... : 29 96 252 921 1680 3047 6784 5013
 ... : 29 96 252 921 1680 3055 6834 5074
 ... : 29 96 252 921 1680 3061 6890 5140
 ... : 29 96 252 921 1681 3076 6911 5198
 ... : 29 96 252 921 1681 3084 6951 5260
 ... : 29 96 252 921 1681 3091 6988 5330
 ... : 29 96 252 921 1681 3095 7019 5415
 ... : 29 96 252 921 1681 3096 7061 5489
 ... : 29 96 252 921 1681 3096 7086 5593
 ... : 29 96 252 921 1682 3116 7117 5631
 ... : 29 96 252 921 1683 3147 7168 5669
 ... : 29 96 252 921 1683 3157 7223 5720
 ... : 29 96 252 921 1684 3185 7260 5749
 ... : 29 96 252 921 1684 3188 7305 5807
 ... : 29 96 252 921 1684 3198 7347 5858
 ... : 29 96 252 921 1684 3210 7391 5908
 ... : 29 96 252 921 1684 3220 7438 5953
 ... : 29 96 252 921 1683 3224 7493 6018
 ... : 29 96 252 921 1684 3234 7514 6061
 ... : 29 96 252 921 1693 3261 7551 6094
 ... : 29 96 252 921 1698 3278 7581 6134
 ... : 29 96 252 921 1700 3291 7614 6205
 ... : 29 96 252 921 1700 3295 7643 6271
 ... : 29 96 252 921 1700 3301 7684 6325
 ... : 29 96 252 921 1700 3301 7705 6464
 ... : 29 96 252 921 1700 3307 7756 6533
 ... : 29 96 252 921 1700 3307 7803 6617
 ... : 29 96 252 921 1700 3314 7849 6686
 ... : 29 96 252 921 1700 3319 7909 6744
 ... : 29 96 252 921 1704 3334 7955 6800
 ... : 29 96 252 921 1712 3363 7994 6832
 ... : 29 96 252 921 1718 3386 8040 6876
 ... : 29 96 252 921 1720 3391 8057 6905
 ... : 29 96 252 921 1720 3404 8113 6963
 ... : 29 96 252 921 1720 3417 8163 7012
 ... : 29 96 252 921 1722 3426 8195 7058
 ... : 29 96 252 921 1722 3432 8241 7130
 ... : 29 96 252 921 1722 3436 8261 7211
 ... : 29 96 252 921 1722 3436 8316 7281
 ... : 29 96 252 921 1722 3436 8369 7345
 ... : 29 96 252 921 1722 3441 8417 7405
 ... : 29 96 252 921 1722 3442 8464 7475
 ... : 29 96 252 921 1722 3448 8522 7534
 ... : 29 96 252 921 1722 3453 8544 7573
 ... : 29 96 252 921 1722 3456 8584 7632
 ... : 29 96 252 921 1722 3458 8628 7695
 ... : 29 96 252 921 1722 3462 8678 7745
 ... : 29 96 252 921 1722 3466 8722 7818
 ... : 29 96 252 921 1722 3468 8774 7884
 ... : 29 96 252 921 1722 3469 8828 7958
 ... : 29 96 252 921 1722 3472 8885 8021
 ... : 29 96 252 921 1722 3472 8934 8107
 ... : 29 96 252 921 1722 3476 8977 8196
 ... : 29 96 252 921 1722 3481 9016 8287
 ... : 29 96 252 921 1716 3482 9036 8384
 ... : 29 96 252 921 1716 3482 9085 8469
 ... : 29 96 252 921 1717 3488 9115 8546
 ... : 29 96 252 921 1716 3507 9134 8615
 ... : 29 96 252 921 1715 3528 9162 8673
 ... : 29 96 252 921 1715 3552 9204 8722
 ... : 29 96 252 921 1715 3589 9265 8752
 ... : 29 96 252 921 1715 3593 9291 8818
 ... : 29 96 252 921 1719 3614 9333 8855
 ... : 29 96 252 921 1719 3620 9371 8909
 ... : 29 96 252 921 1719 3620 9401 9007
 ... : 29 96 252 921 1719 3620 9427 9120
 ... : 29 96 252 921 1724 3650 9453 9205
 ... : 29 96 252 921 1746 3682 9476 9225
 ... : 29 96 252 921 1750 3716 9516 9238
 ... : 29 96 252 921 1756 3754 9544 9260
 ... : 29 96 252 921 1764 3798 9575 9288
 ... : 29 96 252 921 1770 3825 9613 9332
 ... : 29 96 252 921 1772 3864 9651 9347
 ... : 29 96 252 921 1777 3900 9693 9377
 ... : 29 96 252 921 1781 3938 9723 9402
 ... : 29 96 252 921 1781 3961 9756 9443
 ... : 29 96 252 921 1781 3983 9808 9487
 ... : 29 96 252 921 1781 3992 9851 9542
 ... : 29 96 252 921 1781 3997 9904 9601
 ... : 29 96 252 921 1781 4005 9958 9657
 ... : 29 96 252 921 1781 4009 10008 9718
 ... : 29 96 252 921 1781 4038 10044 9752
 ... : 29 96 252 921 1784 4056 10061 9773
 ... : 29 96 252 921 1793 4107 10102 9790
 ... : 29 96 252 921 1797 4135 10131 9810
 ... : 29 96 252 921 1797 4167 10180 9848
 ... : 29 96 252 921 1800 4179 10207 9893
 ... : 29 96 252 921 1800 4185 10263 9951
 ... : 29 96 252 921 1800 4187 10322 10015
 ... : 29 96 252 921 1800 4201 10354 10072
 ... : 29 96 252 921 1800 4214 10405 10119
 ... : 29 96 252 921 1800 4220 10469 10179
 ... : 29 96 252 921 1800 4224 10528 10240
 ... : 29 96 252 921 1800 4239 10584 10289
 ... : 29 96 252 921 1800 4242 10639 10353
 ... : 29 96 252 921 1800 4251 10693 10404
 ... : 29 96 252 921 1800 4260 10738 10460
 ... : 29 96 252 921 1800 4265 10795 10518
 ... : 29 96 252 921 1800 4279 10854 10568
 ... : 29 96 252 921 1800 4290 10909 10620
 ... : 29 96 252 921 1800 4295 10970 10683
 ... : 29 96 252 921 1800 4299 11028 10745
 ... : 29 96 252 921 1800 4308 11088 10801
 ... : 29 96 252 921 1800 4314 11138 10860
 ... : 29 96 252 921 1800 4325 11181 10917
 ... : 29 96 252 921 1801 4342 11231 10971
 ... : 29 96 252 921 1801 4347 11287 11025
 ... : 29 96 252 921 1802 4355 11343 11089
 ... : 29 96 252 921 1802 4355 11358 11215
 ... : 29 96 252 921 1802 4356 11410 11280
 ... : 29 96 252 921 1802 4359 11448 11365
 ... : 29 96 252 921 1803 4377 11472 11426
 ... : 29 96 252 921 1805 4385 11497 11493
 ... : 29 96 252 921 1805 4391 11523 11565
 ... : 29 96 252 921 1805 4394 11576 11622
 ... : 29 96 252 921 1805 4395 11611 11708
 ... : 29 96 252 921 1805 4396 11665 11775
 ... : 29 96 252 921 1805 4396 11721 11841
 ... : 29 96 252 921 1805 4399 11765 11912
 ... : 29 96 252 921 1805 4404 11816 11975
 ... : 29 96 252 921 1805 4407 11857 12071
 ... : 29 96 252 921 1805 4407 11887 12143
 ... : 29 96 252 921 1805 4415 11917 12217
 ... : 29 96 252 921 1805 4416 11958 12294
 ... : 29 96 252 921 1803 4444 12000 12344
 ... : 29 96 252 921 1807 4478 12035 12364
 ... : 29 96 252 921 1807 4495 12086 12413
 ... : 29 96 252 921 1807 4522 12131 12457
 ... : 29 96 252 921 1807 4532 12175 12520
 ... : 29 96 252 921 1807 4551 12199 12585
 ... : 29 96 252 921 1807 4558 12233 12646
 ... : 29 96 252 921 1807 4563 12254 12707
 ... : 29 96 252 921 1807 4564 12293 12786
 ... : 29 96 252 921 1807 4566 12331 12856
 ... : 29 96 252 921 1807 4569 12368 12943
 ... : 29 96 252 921 1807 4569 12420 13017
 ... : 29 96 252 921 1807 4573 12481 13082
 ... : 29 96 252 921 1807 4575 12541 13146
 ... : 29 96 252 921 1807 4575 12595 13211
 ... : 29 96 252 921 1807 4581 12639 13276
 ... : 29 96 252 921 1807 4585 12694 13343
 ... : 29 96 252 921 1807 4591 12750 13410
 ... : 29 96 252 921 1807 4603 12798 13463
 ... : 29 96 252 921 1810 4619 12846 13514
 ... : 29 96 252 921 1811 4628 12892 13562
 ... : 29 96 252 921 1811 4637 12944 13619
 ... : 29 96 252 921 1814 4651 12996 13674
 ... : 29 96 252 921 1816 4672 13049 13716
 ... : 29 96 252 921 1819 4698 13094 13748
 ... : 29 96 252 921 1826 4717 13140 13793
 ... : 29 96 252 921 1827 4737 13183 13841
 ... : 29 96 252 921 1830 4745 13238 13895
 ... : 29 96 252 921 1830 4745 13297 13961
 ... : 29 96 252 921 1830 4746 13339 14015
 ... : 29 96 252 921 1830 4747 13385 14080
 ... : 29 96 252 921 1830 4748 13427 14170
 ... : 29 96 252 921 1830 4748 13463 14246
 ... : 29 96 252 921 1832 4758 13508 14310
 ... : 29 96 252 921 1833 4761 13543 14380
 ... : 29 96 252 921 1833 4777 13591 14433
 ... : 29 96 252 921 1836 4806 13641 14463
 ... : 29 96 252 921 1837 4823 13685 14499
 ... : 29 96 252 921 1837 4834 13736 14542
 ... : 29 96 252 921 1839 4850 13782 14591
 ... : 29 96 252 921 1839 4866 13830 14632
 ... : 29 96 252 921 1840 4889 13861 14666
 ... : 29 96 252 921 1842 4910 13910 14706
 ... : 29 96 252 921 1842 4919 13964 14764
 ... : 29 96 252 921 1846 4948 14013 14797
 ... : 29 96 252 921 1849 4963 14060 14838
 ... : 29 96 252 921 1849 4967 14103 14901
 ... : 29 96 252 921 1849 4973 14157 14967
 ... : 29 96 252 921 1849 4973 14211 15031
 ... : 29 96 252 921 1849 4973 14263 15098
 ... : 29 96 252 921 1849 4979 14321 15155
 ... : 29 96 252 921 1849 4991 14368 15215
 ... : 29 96 252 921 1849 4992 14424 15278
 ... : 29 96 252 921 1849 4999 14465 15341
 ... : 29 96 252 921 1849 5005 14521 15399
 ... : 29 96 252 921 1849 5011 14587 15459
 ... : 29 96 252 921 1849 5015 14647 15523
 ... : 29 96 252 921 1850 5027 14701 15572
 ... : 29 96 252 921 1850 5036 14760 15628
 ... : 29 96 252 921 1850 5036 14818 15694
 ... : 29 96 252 921 1852 5049 14864 15734
 ... : 29 96 252 921 1852 5053 14919 15791
 ... : 29 96 252 921 1852 5062 14977 15846
 ... : 29 96 252 921 1852 5065 15034 15907
 ... : 29 96 252 921 1852 5066 15088 15972
 ... : 29 96 252 921 1852 5068 15147 16030
 ... : 29 96 252 921 1852 5069 15211 16097
 ... : 29 96 252 921 1852 5071 15269 16161
 ... : 29 96 252 921 1851 5082 15319 16213
 ... : 29 96 252 921 1851 5083 15366 16274
 ... : 29 96 252 921 1851 5091 15418 16334
 ... : 29 96 252 921 1852 5109 15471 16382
 ... : 29 96 252 921 1852 5111 15521 16444
 ... : 29 96 252 921 1855 5137 15571 16484
 ... : 29 96 252 921 1855 5137 15629 16547
 ... : 29 96 252 921 1856 5149 15672 16600
 ... : 29 96 252 921 1856 5149 15729 16665
 ... : 29 96 252 921 1856 5152 15788 16729
 ... : 29 96 252 921 1856 5195 15844 16756
 ... : 29 96 252 921 1856 5205 15880 16800
 ... : 29 96 252 921 1856 5208 15934 16859
