initialized model with 933 latches, 364 inputs and 1 properties
tsim: performed 17 steps
tsim: found cycle from 15
checking bound 0
checking bound 1
checking bound 2
tdecomp: unrolling 2 cycles
tsim: performed 15 steps
tsim: found cycle from 13
tsim: found 1 constants and 0 latch equivalences
tdecomp: (933, 1456) -> (932, 334)
 ... : 200
   2 : 223 58
 ... : 225 252
   3 : 218 204 69
   4 : 218 203 57 13
 ... : 218 203 115 59
 ... : 218 203 138 140
 ... : 218 204 169 265
 ... : 218 204 221 338
 ... : 218 205 280 407
 ... : 218 205 343 477
 ... : 202 190 330 502
 ... : 200 189 382 571
 ... : 198 204 432 626
 ... : 197 202 485 687
   5 : 47 94 413 342 486
   6 : 47 94 413 341 86 556
 ... : 47 94 413 353 109 624
 ... : 47 94 413 357 152 684
 ... : 47 94 413 357 212 754
 ... : 47 94 414 371 258 801
 ... : 47 94 416 380 300 857
 ... : 47 94 430 404 338 891
 ... : 47 94 430 409 368 942
 ... : 47 94 430 422 383 988
 ... : 47 94 430 443 415 1026
 ... : 47 94 431 474 447 1061
 ... : 47 102 476 518 455 1074
 ... : 47 102 522 557 457 1100
 ... : 47 107 519 618 497 1103
 ... : 47 107 522 647 547 1107
 ... : 47 107 528 662 593 1156
 ... : 47 107 532 667 599 1168
 ... : 47 110 576 728 615 1172
 ... : 47 110 592 778 649 1188
 ... : 47 110 612 811 694 1200
 ... : 47 113 615 821 744 1249
 ... : 47 113 615 820 758 1285
 ... : 47 113 618 855 781 1293
 ... : 47 113 623 882 822 1333
 ... : 47 113 626 899 851 1368
 ... : 47 113 626 914 876 1412
 ... : 47 113 648 951 912 1427
 ... : 47 114 673 1009 948 1432
 ... : 47 114 680 1062 989 1439
 ... : 47 114 711 1115 1021 1448
 ... : 47 114 710 1123 1043 1463
 ... : 47 114 712 1164 1089 1476
 ... : 47 114 717 1226 1144 1479
 ... : 47 114 736 1275 1186 1484
 ... : 47 114 736 1289 1247 1535
 ... : 47 114 736 1294 1272 1579
 ... : 47 114 738 1319 1309 1616
 ... : 47 117 758 1352 1342 1632
 ... : 47 117 758 1403 1396 1644
 ... : 47 117 776 1465 1442 1645
 ... : 47 117 779 1505 1501 1649
 ... : 47 117 779 1520 1554 1693
 ... : 47 117 779 1514 1596 1749
 ... : 47 117 779 1521 1649 1807
 ... : 47 117 779 1529 1673 1834
 ... : 47 117 782 1549 1702 1852
 ... : 47 117 803 1598 1749 1857
 ... : 47 117 818 1614 1795 1882
 ... : 47 117 818 1610 1836 1940
 ... : 47 117 818 1618 1850 1997
 ... : 47 117 819 1624 1892 2047
 ... : 47 117 819 1629 1952 2107
 ... : 47 117 821 1630 1993 2146
 ... : 47 117 847 1666 2033 2148
 ... : 47 117 868 1696 2073 2164
 ... : 47 117 867 1701 2120 2228
 ... : 47 117 867 1715 2154 2278
 ... : 47 117 868 1738 2191 2313
 ... : 47 117 876 1792 2239 2319
 ... : 47 117 890 1842 2292 2320
 ... : 47 117 906 1882 2339 2331
 ... : 47 117 908 1926 2385 2345
 ... : 47 117 908 1923 2424 2407
 ... : 47 117 911 1935 2436 2422
 ... : 47 117 916 1961 2483 2459
 ... : 47 117 924 1979 2505 2487
 ... : 47 118 938 2023 2548 2493
 ... : 47 120 947 2068 2601 2497
 ... : 47 121 958 2102 2655 2516
 ... : 47 121 964 2121 2674 2525
 ... : 47 121 987 2159 2704 2530
 ... : 47 122 997 2150 2734 2569
 ... : 47 122 996 2155 2796 2632
 ... : 47 122 1017 2192 2832 2652
 ... : 47 122 1041 2234 2874 2661
 ... : 47 122 1044 2243 2897 2714
 ... : 47 123 1067 2275 2930 2733
 ... : 47 125 1080 2292 2949 2758
 ... : 47 125 1080 2301 2977 2800
 ... : 47 125 1080 2312 3020 2846
 ... : 47 125 1087 2331 3058 2880
 ... : 47 125 1102 2368 3095 2909
 ... : 47 125 1112 2424 3145 2917
 ... : 47 125 1116 2441 3175 2934
 ... : 47 125 1118 2464 3229 2952
 ... : 47 125 1130 2515 3281 2954
 ... : 47 125 1143 2546 3309 2983
 ... : 47 125 1157 2564 3320 3021
 ... : 47 129 1183 2629 3353 3025
 ... : 47 129 1186 2644 3399 3065
 ... : 47 129 1186 2649 3447 3124
 ... : 47 129 1202 2683 3480 3146
 ... : 47 129 1203 2705 3514 3184
 ... : 47 129 1241 2752 3535 3188
 ... : 47 129 1250 2785 3570 3193
 ... : 47 135 1297 2820 3589 3202
 ... : 47 135 1309 2853 3622 3212
 ... : 47 135 1322 2884 3652 3220
 ... : 47 135 1322 2885 3690 3281
 ... : 47 135 1324 2891 3736 3338
 ... : 47 135 1333 2932 3780 3349
 ... : 46 138 1357 2969 3815 3350
 ... : 46 140 1364 2994 3840 3352
 ... : 46 140 1378 3048 3889 3355
 ... : 46 144 1406 3083 3916 3361
 ... : 46 148 1446 3115 3912 3368
 ... : 46 148 1457 3165 3960 3372
 ... : 46 149 1461 3213 4014 3378
 ... : 46 149 1464 3265 4075 3379
 ... : 46 149 1465 3307 4138 3381
 ... : 46 150 1477 3343 4176 3391
 ... : 46 152 1486 3383 4229 3393
 ... : 46 152 1486 3399 4283 3432
 ... : 46 152 1486 3399 4283 3432
 ... : 46 152 1486 3408 4321 3467
 ... : 46 152 1490 3431 4369 3504
 ... : 46 152 1492 3430 4422 3548
 ... : 46 152 1492 3437 4482 3604
 ... : 46 152 1493 3461 4530 3655
 ... : 46 152 1493 3472 4557 3697
 ... : 46 152 1493 3478 4611 3756
 ... : 46 152 1496 3507 4646 3784
 ... : 46 152 1499 3531 4700 3816
 ... : 46 152 1501 3560 4746 3849
 ... : 46 152 1502 3581 4787 3877
 ... : 46 152 1509 3611 4839 3910
 ... : 46 157 1521 3633 4875 3932
 ... : 46 160 1527 3656 4910 3971
 ... : 46 160 1530 3682 4958 4007
 ... : 46 160 1544 3725 5001 4026
 ... : 46 162 1554 3760 5034 4031
 ... : 46 162 1554 3762 5083 4084
 ... : 46 164 1563 3788 5129 4119
 ... : 46 164 1577 3834 5176 4123
 ... : 46 164 1578 3842 5211 4182
 ... : 46 164 1584 3876 5264 4211
 ... : 46 164 1584 3890 5302 4263
 ... : 46 164 1604 3921 5330 4280
 ... : 46 164 1612 3949 5372 4314
 ... : 46 165 1615 3963 5427 4360
 ... : 46 166 1636 4015 5470 4363
 ... : 46 166 1638 4032 5529 4409
 ... : 46 167 1648 4056 5558 4444
 ... : 46 169 1648 4062 5606 4489
 ... : 46 170 1681 4099 5638 4501
 ... : 46 173 1714 4141 5665 4505
 ... : 46 181 1744 4184 5700 4507
 ... : 46 181 1765 4234 5736 4508
 ... : 46 183 1782 4283 5780 4508
 ... : 46 183 1792 4320 5834 4517
 ... : 46 183 1792 4322 5882 4576
 ... : 46 183 1792 4321 5914 4640
 ... : 46 186 1807 4335 5934 4672
 ... : 46 191 1830 4384 5974 4672
 ... : 46 192 1848 4437 6016 4675
 ... : 46 194 1876 4483 6052 4675
 ... : 46 196 1893 4539 6103 4676
 ... : 46 200 1941 4586 6121 4680
 ... : 46 201 1948 4634 6176 4684
 ... : 46 203 1974 4685 6209 4690
 ... : 46 203 1982 4732 6265 4688
 ... : 46 205 2000 4786 6311 4691
 ... : 46 205 2004 4835 6371 4698
 ... : 46 206 2038 4889 6404 4703
 ... : 46 206 2045 4921 6456 4722
 ... : 46 206 2049 4931 6504 4787
 ... : 45 204 2028 4931 6529 4831
 ... : 45 204 2028 4931 6544 4865
 ... : 45 204 2028 4926 6562 4921
 ... : 45 204 2036 4947 6584 4937
 ... : 45 204 2039 4956 6617 4981
 ... : 45 204 2050 4994 6661 5010
 ... : 45 204 2053 5038 6716 5033
 ... : 45 205 2065 5063 6745 5063
 ... : 45 205 2066 5047 6766 5087
 ... : 45 205 2069 5053 6797 5132
 ... : 45 205 2069 5007 6556 5058
 ... : 45 205 2074 5041 6574 5079
 ... : 45 205 2084 5066 6595 5098
 ... : 45 205 2088 5013 6612 5121
 ... : 45 205 2088 5010 6661 5177
 ... : 45 205 2088 5040 6709 5215
 ... : 44 203 2092 5062 6747 5249
 ... : 44 199 2088 5079 6777 5269
 ... : 44 199 2088 5093 6832 5319
 ... : 44 199 2090 5105 6835 5349
 ... : 44 199 2093 5116 6872 5385
 ... : 44 199 2099 5033 6771 5404
 ... : 44 199 2100 5024 6732 5440
 ... : 44 199 2106 5036 6780 5473
 ... : 44 199 2106 5039 6825 5528
 ... : 44 199 2110 5069 6868 5548
 ... : 44 199 2114 5086 6917 5592
 ... : 44 199 2115 5104 6971 5639
 ... : 44 200 2120 5132 7000 5648
 ... : 44 199 2120 5150 7043 5683
 ... : 44 199 2120 5163 7085 5717
 ... : 44 199 2126 5183 7137 5761
 ... : 44 199 2127 5184 7148 5781
 ... : 43 204 2146 5219 7177 5800
 ... : 43 211 2167 5251 7206 5815
 ... : 43 213 2176 5269 7252 5857
 ... : 43 213 2175 5277 7302 5916
 ... : 43 213 2179 5300 7332 5936
 ... : 43 212 2165 5319 7348 5970
 ... : 43 212 2173 5352 7380 5982
 ... : 43 212 2173 5365 7412 6020
 ... : 43 212 2175 5380 7380 6012
 ... : 43 213 2182 5386 7393 6044
 ... : 43 213 2183 5407 7439 6083
 ... : 43 213 2183 5402 7433 6089
 ... : 43 213 2185 5409 7472 6137
 ... : 43 213 2185 5416 7505 6177
 ... : 43 213 2185 5435 7526 6200
 ... : 43 213 2189 5454 7575 6240
 ... : 43 214 2192 5488 7612 6264
 ... : 43 214 2198 5507 7663 6313
 ... : 43 214 2203 5558 7712 6320
 ... : 43 214 2203 5583 7763 6355
 ... : 43 214 2211 5599 7791 6392
 ... : 43 214 2212 5630 7844 6433
 ... : 43 214 2213 5654 7886 6466
 ... : 43 214 2216 5680 7944 6506
 ... : 45 211 2214 5691 7974 6537
 ... : 44 197 2223 5667 8004 6542
 ... : 44 196 2192 5705 8059 6560
 ... : 44 196 2195 5719 8108 6606
 ... : 41 182 2144 5728 8150 6647
 ... : 40 168 2099 5739 8205 6693
 ... : 40 169 2081 5748 8229 6727
 ... : 40 169 2081 5766 8283 6772
 ... : 40 169 2081 5777 8322 6817
 ... : 40 168 1807 5816 8373 6839
 ... : 40 168 1807 5830 8426 6885
 ... : 40 168 1808 5859 8480 6926
 ... : 40 168 1807 5841 8540 6978
 ... : 40 168 1807 5851 8595 7037
 ... : 40 168 1806 5153 8650 7096
 ... : 40 168 1808 5154 8673 7148
 ... : 40 168 1810 5163 8682 7197
 ... : 40 168 1810 5174 8730 7251
 ... : 40 168 1807 5140 8723 7273
 ... : 40 168 1806 5154 8773 7310
 ... : 40 168 1806 5172 8824 7350
 ... : 40 168 1806 5177 8878 7410
 ... : 40 168 1806 5194 8930 7462
 ... : 40 168 1806 5203 8987 7515
 ... : 40 168 1807 5219 9040 7566
 ... : 40 168 1807 5229 9093 7617
 ... : 40 168 1806 5244 9142 7671
 ... : 40 168 1810 5260 9198 7716
 ... : 40 169 1811 5276 9250 7754
 ... : 40 169 1814 5290 9300 7791
 ... : 40 169 1810 5298 9341 7821
 ... : 40 169 1810 5306 9385 7882
 ... : 40 169 1809 5291 9415 7938
 ... : 40 169 1809 5304 9393 7972
 ... : 40 169 1814 5319 9437 8015
 ... : 40 169 1819 5338 9489 8062
 ... : 38 153 1710 5344 9527 8099
 ... : 38 153 1713 5361 9553 8152
 ... : 38 152 1688 5379 9591 8194
 ... : 38 152 1692 5402 9638 8244
 ... : 38 151 1646 5112 9584 8245
 ... : 38 151 1646 5119 9628 8301
 ... : 38 151 1646 5127 9681 8365
 ... : 38 151 1646 5137 9730 8424
 ... : 38 151 1645 5130 9789 8485
 ... : 37 141 1220 5138 9835 8532
 ... : 37 141 1220 5124 9743 8585
 ... : 37 141 1220 5133 9798 8642
 ... : 37 141 1222 5131 9837 8691
 ... : 37 141 1228 5134 9887 8744
 ... : 37 142 1231 5146 9905 8732
 ... : 37 142 1217 5158 9952 8779
 ... : 37 142 1214 5154 9948 8798
 ... : 37 142 1214 5156 10005 8865
 ... : 37 142 1213 5168 10055 8923
 ... : 36 141 1176 4952 10042 8969
 ... : 36 141 1176 4943 10044 9001
 ... : 36 139 1172 4922 10054 9075
 ... : 36 135 1174 4945 10064 9120
 ... : 36 129 1127 4905 10110 9153
 ... : 36 129 1127 4906 10118 9209
 ... : 36 129 1127 4907 10148 9310
 ... : 35 126 1122 4916 10181 9359
 ... : 35 125 1122 4922 10196 9443
 ... : 35 125 1119 4881 10215 9507
 ... : 35 125 1117 4874 10112 9553
 ... : 35 124 1100 4867 10049 9593
 ... : 35 124 1100 4859 9972 9556
 ... : 35 124 1101 4866 10011 9632
 ... : 35 124 1101 4849 9997 9707
 ... : 35 124 1097 4832 9837 9741
 ... : 32 123 1077 4791 9690 9478
 ... : 32 116 952 4771 9449 9067
   7 : 10 12 54 205 1515 3107 3628
 ... : 10 12 54 205 1515 3153 3716
 ... : 10 12 54 204 1503 3203 3815
 ... : 10 12 54 204 1503 3265 3892
 ... : 10 12 54 204 1503 3317 3983
 ... : 10 12 54 204 1503 3380 4053
 ... : 10 12 54 204 1428 3437 4112
 ... : 10 12 54 204 1422 3496 4187
 ... : 10 12 54 204 1422 3534 4301
 ... : 10 12 54 204 1422 3570 4425
 ... : 10 12 54 204 1422 3591 4550
 ... : 10 12 54 204 1423 3641 4632
 ... : 10 12 54 204 1423 3704 4696
 ... : 10 12 54 204 1430 3752 4774
 ... : 10 12 54 204 1430 3810 4849
 ... : 10 12 54 204 1402 3849 4949
 ... : 10 12 54 204 1410 3902 5010
 ... : 10 12 54 204 1407 3953 5085
 ... : 10 12 54 204 1396 3967 5198
 ... : 10 12 54 204 1397 4005 5319
 ... : 10 12 54 204 1397 4044 5434
 ... : 10 12 54 204 1398 4078 5556
 ... : 10 12 54 204 1400 4133 5636
 ... : 10 12 54 204 1401 4186 5704
 ... : 10 12 54 204 1405 4202 5764
 ... : 10 12 54 204 1405 4242 5871
 ... : 10 12 54 204 1405 4279 5971
 ... : 10 12 54 204 1404 4303 6111
 ... : 10 12 54 204 1404 4350 6195
 ... : 10 12 54 204 1405 4409 6275
 ... : 10 12 54 204 1405 4468 6346
 ... : 10 12 54 204 1405 4520 6438
 ... : 10 12 54 204 1405 4569 6529
 ... : 10 12 54 204 1405 4631 6599
 ... : 10 12 54 204 1407 4692 6671
 ... : 10 12 54 204 1407 4749 6750
 ... : 10 12 54 204 1407 4809 6819
 ... : 10 12 54 204 1407 4864 6891
 ... : 10 12 54 202 1350 4910 6942
 ... : 10 12 54 202 1350 4955 7040
 ... : 10 12 54 202 1350 4979 7188
 ... : 10 12 54 202 1350 4999 7331
 ... : 10 12 54 202 1350 5018 7472
 ... : 10 12 54 202 1350 5033 7635
 ... : 10 12 54 202 1350 5045 7769
 ... : 10 12 54 202 1350 5067 7917
 ... : 10 12 54 202 1350 5093 8044
 ... : 10 12 54 202 1350 5125 8176
 ... : 10 12 54 202 1352 5177 8256
 ... : 10 12 54 202 1353 5214 8363
 ... : 10 12 54 202 1353 5243 8473
 ... : 10 12 54 202 1353 5270 8590
 ... : 10 12 54 202 1354 5298 8686
 ... : 10 12 54 202 1357 5338 8763
 ... : 10 12 54 202 1357 5371 8896
 ... : 10 12 54 202 1357 5391 9050
 ... : 10 12 54 202 1357 5414 9161
 ... : 10 12 54 202 1357 5440 9306
 ... : 10 12 54 202 1357 5472 9439
 ... : 10 12 54 202 1360 5519 9527
 ... : 10 12 54 202 1360 5549 9666
 ... : 10 12 54 202 1360 5549 9866
 ... : 10 12 54 202 1363 5576 9984
 ... : 10 12 54 202 1363 5588 10152
 ... : 10 12 54 202 1363 5588 10353
 ... : 10 12 54 202 1363 5597 10523
 ... : 10 12 54 202 1366 5633 10610
 ... : 10 12 54 202 1366 5687 10691
 ... : 10 12 54 202 1359 5729 10760
 ... : 10 12 54 202 1363 5785 10835
 ... : 10 12 54 202 1363 5840 10901
 ... : 10 12 54 197 1306 5897 10971
 ... : 10 12 54 197 1306 5957 11044
 ... : 10 12 54 197 1301 6018 11112
 ... : 10 12 54 197 1309 6072 11192
 ... : 10 12 54 197 1308 6133 11261
 ... : 10 12 54 197 1314 6184 11333
 ... : 10 12 54 196 1317 6220 11400
 ... : 10 12 54 196 1317 6272 11477
 ... : 10 12 54 196 1319 6322 11552
 ... : 10 12 54 196 1319 6342 11639
 ... : 10 12 54 196 1317 6380 11726
 ... : 10 12 54 196 1316 6404 11795
 ... : 10 12 54 196 1319 6453 11858
 ... : 10 12 54 196 1323 6507 11925
 ... : 10 12 54 195 1325 6545 11974
 ... : 10 12 54 195 1328 6607 12038
 ... : 10 12 54 192 1325 6652 12101
 ... : 10 12 54 192 1326 6460 12166
 ... : 10 12 54 192 1329 6518 12231
 ... : 10 12 54 192 1338 6566 12300
 ... : 10 12 54 192 1339 6609 12391
 ... : 10 12 54 192 1341 6660 12468
 ... : 10 12 54 190 1334 6685 12530
 ... : 10 12 54 190 1335 6729 12618
 ... : 10 12 54 190 1337 6774 12706
 ... : 10 12 54 190 1337 6794 12843
 ... : 10 12 54 190 1338 6852 12921
 ... : 10 12 54 190 1338 6905 12997
 ... : 10 12 54 190 1354 6960 13048
 ... : 10 12 54 190 1355 7001 13141
 ... : 10 12 54 190 1355 7058 13210
 ... : 10 12 54 190 1361 7109 13287
 ... : 10 12 54 190 1363 7140 13388
 ... : 10 12 54 190 1364 7172 13519
 ... : 10 12 54 190 1364 7200 13598
 ... : 10 12 54 190 1364 7240 13692
 ... : 10 12 54 190 1364 7265 13816
 ... : 10 12 54 190 1364 7319 13903
 ... : 10 12 54 190 1364 7373 13991
 ... : 10 12 54 190 1364 7420 14088
 ... : 10 12 54 190 1364 7473 14168
 ... : 10 12 54 190 1366 7515 14268
 ... : 10 12 54 190 1367 7550 14388
 ... : 10 12 54 190 1350 7592 14479
