initialized model with 934 latches, 364 inputs and 1 properties
tsim: performed 17 steps
tsim: found cycle from 15
checking bound 0
checking bound 1
checking bound 2
tdecomp: unrolling 2 cycles
tsim: performed 15 steps
tsim: found cycle from 13
tsim: found 1 constants and 0 latch equivalences
tdecomp: (934, 1456) -> (933, 342)
 ... : 200
   2 : 95 281
 ... : 77 476
   3 : 66 328 327
 ... : 66 348 475
 ... : 66 402 546
 ... : 66 396 742
   4 : 42 188 465 407
   5 : 42 188 464 98 505
 ... : 42 188 464 126 624
 ... : 42 188 464 136 697
 ... : 42 188 464 136 767
 ... : 42 188 464 137 836
 ... : 42 188 464 137 904
 ... : 42 188 464 140 974
 ... : 42 188 466 161 1068
 ... : 42 188 466 180 1159
 ... : 42 188 467 222 1240
 ... : 42 188 468 249 1341
 ... : 42 188 479 288 1401
 ... : 42 188 496 332 1450
 ... : 42 188 501 392 1514
 ... : 42 188 546 451 1532
 ... : 42 188 574 508 1571
 ... : 42 188 587 538 1619
 ... : 42 188 587 598 1690
 ... : 42 187 588 659 1755
 ... : 42 187 588 719 1823
 ... : 42 187 592 774 1882
 ... : 42 187 593 822 1946
 ... : 42 187 594 885 2010
 ... : 42 187 593 944 2074
 ... : 42 187 594 996 2141
 ... : 42 187 596 1056 2208
 ... : 42 187 600 1085 2280
 ... : 42 187 618 1132 2326
 ... : 42 187 622 1186 2388
 ... : 42 187 623 1244 2448
 ... : 42 187 640 1273 2502
 ... : 42 187 643 1304 2578
 ... : 42 183 654 1334 2639
 ... : 42 183 654 1397 2705
 ... : 42 181 620 1421 2767
 ... : 42 181 627 1475 2840
 ... : 42 181 628 1543 2904
 ... : 42 181 654 1602 2942
 ... : 42 181 655 1666 3007
 ... : 42 181 655 1727 3072
 ... : 42 181 660 1789 3134
 ... : 42 180 668 1841 3194
 ... : 42 180 668 1902 3259
 ... : 42 180 673 1963 3317
 ... : 42 180 674 2027 3385
 ... : 42 180 676 2091 3445
 ... : 42 180 682 2147 3506
 ... : 42 179 700 2199 3554
 ... : 42 179 703 2247 3629
 ... : 42 179 714 2305 3689
 ... : 42 179 728 2360 3747
 ... : 42 178 733 2416 3811
 ... : 42 178 750 2467 3859
 ... : 42 176 733 2481 3917
 ... : 42 176 746 2522 3973
 ... : 42 173 733 2544 4091
 ... : 42 173 732 2539 4240
 ... : 42 173 732 2542 4393
 ... : 42 173 731 2541 4533
 ... : 42 169 726 2554 4677
 ... : 42 169 726 2546 4840
 ... : 41 158 672 2395 4904
 ... : 41 172 689 2414 4917
 ... : 41 171 680 2336 5032
   6 : 22 39 89 241 1432 1173
 ... : 22 39 89 237 1426 1326
 ... : 22 39 87 234 1425 1480
 ... : 22 39 86 232 1426 1609
 ... : 22 39 86 205 1392 1659
 ... : 22 39 86 197 1361 1781
 ... : 22 39 86 196 1373 1941
 ... : 22 39 86 193 1379 2095
 ... : 22 39 86 191 1402 2231
 ... : 22 39 86 191 1426 2375
 ... : 22 39 86 188 1447 2437
 ... : 22 39 86 187 1457 2581
 ... : 22 39 86 186 1437 2713
 ... : 22 39 86 165 1399 2827
 ... : 22 39 86 165 1418 2931
 ... : 22 39 86 169 1457 3034
 ... : 22 39 86 178 1495 3125
 ... : 22 39 85 177 1505 3270
 ... : 22 39 85 165 1463 3390
 ... : 22 39 85 164 1470 3563
 ... : 22 39 84 161 1427 3668
 ... : 22 39 84 159 1408 3822
 ... : 22 39 84 159 1428 3971
 ... : 22 39 84 159 1438 4139
 ... : 22 39 84 159 1444 4322
 ... : 22 38 84 158 1455 4495
 ... : 22 38 84 158 1465 4676
 ... : 22 38 84 158 1469 4866
 ... : 22 38 84 157 1472 5036
 ... : 21 37 83 156 1463 5188
 ... : 21 37 83 159 1484 5322
 ... : 21 37 83 159 1511 5465
 ... : 21 37 83 159 1524 5639
 ... : 21 37 83 159 1539 5785
 ... : 21 37 83 159 1547 5963
 ... : 21 37 83 158 1551 6142
 ... : 21 37 83 157 1553 6308
 ... : 21 37 83 157 1545 6494
 ... : 21 37 83 155 1546 6667
 ... : 21 37 83 154 1548 6823
 ... : 21 36 83 145 1554 6927
 ... : 21 36 83 155 1588 7033
 ... : 21 36 83 155 1600 7201
 ... : 21 36 83 155 1626 7333
 ... : 21 36 83 155 1631 7486
 ... : 21 36 83 155 1644 7660
 ... : 21 36 83 155 1644 7856
 ... : 21 36 82 155 1655 7972
 ... : 21 36 82 155 1672 8120
 ... : 21 36 82 155 1680 8273
 ... : 21 36 82 155 1683 8464
 ... : 21 35 81 154 1683 8621
 ... : 21 35 81 154 1685 8801
 ... : 21 35 81 154 1685 8986
 ... : 21 35 81 154 1685 9184
 ... : 21 35 81 152 1679 9357
 ... : 21 35 81 152 1680 9553
 ... : 21 35 81 152 1680 9754
 ... : 21 35 81 152 1686 9930
 ... : 21 35 81 151 1686 10116
 ... : 21 35 81 151 1686 10301
 ... : 21 35 81 151 1699 10473
 ... : 21 35 81 151 1718 10635
 ... : 21 35 81 151 1734 10796
 ... : 21 35 81 151 1755 10938
 ... : 21 35 81 151 1774 11022
 ... : 21 35 81 151 1796 11143
 ... : 21 35 81 151 1796 11340
 ... : 21 35 81 151 1796 11541
 ... : 21 35 81 151 1819 11689
 ... : 21 35 81 151 1825 11876
 ... : 21 35 81 151 1827 12073
 ... : 21 35 81 151 1844 12236
 ... : 21 35 81 150 1849 12413
 ... : 21 35 81 150 1851 12601
 ... : 21 35 81 150 1851 12802
 ... : 21 35 81 150 1854 12976
 ... : 21 35 81 150 1854 13174
 ... : 21 35 81 150 1854 13367
 ... : 21 35 81 150 1861 13546
 ... : 21 35 81 150 1889 13684
 ... : 21 35 81 150 1921 13809
 ... : 21 35 81 150 1932 13984
 ... : 21 35 81 150 1932 14179
 ... : 21 35 81 150 1934 14370
 ... : 21 35 81 150 1934 14562
 ... : 21 35 81 150 1934 14763
 ... : 21 35 81 150 1934 14964
 ... : 21 35 81 150 1944 15144
 ... : 21 35 81 150 1970 15288
 ... : 21 35 81 150 1993 15433
 ... : 21 35 81 151 2003 15611
 ... : 21 35 81 151 2014 15788
 ... : 21 35 81 151 2014 15981
 ... : 21 35 81 151 2023 16157
 ... : 21 35 66 148 1744 16310
 ... : 21 35 66 148 1749 16499
 ... : 21 35 63 148 1739 16504
 ... : 21 35 63 148 1745 16687
 ... : 21 35 63 148 1765 16847
 ... : 21 35 63 148 1766 17045
 ... : 21 35 63 148 1766 17246
 ... : 21 35 63 148 1766 17447
 ... : 21 35 63 148 1766 17646
 ... : 21 35 63 148 1768 17838
 ... : 21 35 63 148 1765 18034
 ... : 21 35 63 148 1765 18235
 ... : 21 35 63 148 1765 18433
 ... : 21 34 63 125 1583 17934
 ... : 21 34 63 125 1583 18117
 ... : 21 34 63 125 1583 18285
 ... : 21 34 63 125 1582 18464
   7 : 13 25 26 83 1260 15926 2325
 ... : 13 25 26 83 1260 15926 2525
 ... : 13 25 26 83 1260 15926 2725
 ... : 13 25 26 83 1260 15925 2925
 ... : 13 25 26 83 1260 15925 3126
 ... : 13 25 26 83 1260 15925 3327
 ... : 13 25 26 83 1260 15925 3528
 ... : 13 25 26 83 1259 15924 3727
 ... : 13 25 26 83 1259 15924 3928
 ... : 13 25 26 83 1259 15924 4129
 ... : 13 25 26 83 1259 15924 4330
 ... : 13 25 26 83 1259 15924 4531
 ... : 13 25 26 83 1259 15924 4732
 ... : 13 25 26 83 1259 15924 4933
 ... : 13 25 26 83 1259 15924 5133
 ... : 13 25 26 83 1259 15924 5334
 ... : 13 25 26 83 1259 15924 5533
 ... : 13 25 26 83 1259 15924 5733
 ... : 13 25 26 83 1259 15924 5934
 ... : 13 25 25 82 1254 15928 6079
 ... : 13 25 25 82 1254 15928 6280
 ... : 13 25 25 82 1254 15928 6481
 ... : 13 25 25 82 1254 15928 6682
 ... : 13 25 25 82 1254 15928 6883
 ... : 13 25 25 82 1254 15928 7084
 ... : 13 25 25 82 1254 15928 7285
 ... : 13 25 25 82 1254 15928 7486
 ... : 13 25 25 82 1254 15928 7684
 ... : 13 25 25 82 1254 15928 7885
 ... : 13 25 25 82 1254 15928 8086
 ... : 13 25 25 82 1254 15928 8287
 ... : 13 25 25 82 1254 15928 8488
 ... : 13 25 25 82 1254 15928 8689
 ... : 13 25 25 82 1254 15941 8859
 ... : 13 25 25 82 1261 15979 8962
 ... : 13 25 25 82 1261 15979 9163
 ... : 13 25 25 82 1261 15979 9363
 ... : 13 25 25 82 1261 15979 9564
 ... : 13 25 25 82 1261 15985 9753
 ... : 13 25 25 82 1261 15992 9939
 ... : 13 25 25 82 1261 15992 10140
 ... : 13 25 25 82 1261 15992 10336
 ... : 13 25 25 82 1261 15992 10537
 ... : 13 25 25 82 1261 15992 10738
 ... : 13 25 25 82 1261 15992 10939
 ... : 13 25 25 82 1261 15992 11140
 ... : 13 25 25 82 1261 15992 11341
 ... : 13 25 25 82 1261 15992 11542
 ... : 13 25 25 82 1261 15992 11743
 ... : 13 25 25 82 1261 15992 11944
 ... : 13 25 25 82 1261 15992 12144
 ... : 13 25 25 82 1261 15996 12330
 ... : 13 25 25 82 1261 16007 12500
 ... : 13 25 25 82 1261 16013 12688
 ... : 13 25 25 82 1261 16020 12872
 ... : 13 25 25 82 1261 16020 13073
 ... : 13 25 25 82 1261 16020 13273
 ... : 13 25 25 82 1261 16020 13474
 ... : 13 25 25 82 1261 16020 13675
 ... : 13 25 25 82 1261 16020 13876
 ... : 13 25 25 82 1261 16020 14077
 ... : 13 25 25 82 1261 16020 14278
