initialized model with 933 latches, 364 inputs and 1 properties
tsim: performed 17 steps
tsim: found cycle from 15
checking bound 0
checking bound 1
checking bound 2
tdecomp: unrolling 2 cycles
tsim: performed 15 steps
tsim: found cycle from 13
tsim: found 1 constants and 0 latch equivalences
tdecomp: (933, 1456) -> (932, 340)
 ... : 200
 ... : 401
   2 : 264 234
 ... : 248 428
   3 : 57 303 310
 ... : 57 306 498
   4 : 30 114 201 380
 ... : 30 114 223 474
 ... : 29 103 236 569
   5 : 20 18 31 69 452
   6 : 17 13 21 64 136 361
 ... : 17 13 21 64 133 541
   7 : 17 13 21 64 105 271 356
 ... : 17 13 21 64 106 280 530
 ... : 17 12 21 65 115 309 582
 ... : 17 12 21 65 116 329 717
   8 : 17 11 17 62 103 294 502 232
 ... : 17 11 17 62 103 294 514 401
 ... : 17 11 17 62 103 294 539 542
 ... : 17 11 17 62 106 302 589 607
 ... : 17 11 17 62 109 311 643 659
 ... : 17 11 17 62 108 338 699 692
 ... : 17 11 17 62 108 338 763 752
 ... : 17 11 17 62 108 341 820 806
 ... : 17 11 17 62 108 343 828 808
 ... : 17 11 17 62 108 343 892 878
 ... : 17 11 17 62 108 343 949 957
 ... : 17 11 17 62 108 342 1000 1032
 ... : 17 11 17 62 108 344 1058 1102
 ... : 17 11 17 62 108 344 1111 1188
 ... : 17 11 17 62 108 344 1153 1280
 ... : 17 11 17 62 108 348 1203 1353
 ... : 17 11 17 62 108 352 1253 1424
 ... : 17 11 17 62 108 350 1252 1606
 ... : 17 11 17 62 107 353 1286 1717
 ... : 17 11 17 62 107 359 1320 1829
 ... : 17 11 17 62 107 367 1352 1935
 ... : 17 11 17 62 107 369 1381 2066
 ... : 17 11 17 62 107 369 1401 2215
 ... : 17 11 17 62 107 370 1429 2340
 ... : 17 11 17 62 107 370 1461 2470
 ... : 17 11 17 62 107 372 1505 2573
 ... : 17 11 17 62 107 384 1552 2640
 ... : 17 11 17 62 108 389 1580 2759
 ... : 17 11 17 62 108 389 1598 2907
 ... : 17 11 17 62 109 398 1657 2966
 ... : 17 11 17 62 110 400 1672 3046
 ... : 17 11 17 62 109 403 1697 3132
 ... : 17 11 17 62 109 405 1721 3261
 ... : 17 11 17 62 108 404 1738 3412
 ... : 17 11 17 62 112 420 1769 3488
 ... : 17 11 17 61 115 422 1783 3629
 ... : 17 11 17 61 115 425 1814 3722
 ... : 17 11 17 61 114 425 1792 3842
 ... : 17 11 17 61 114 424 1784 3999
 ... : 17 11 17 61 114 425 1795 4131
 ... : 17 11 17 61 114 431 1766 4168
 ... : 17 11 17 61 114 439 1783 4285
 ... : 17 11 17 61 115 447 1804 4400
 ... : 17 11 17 61 118 454 1826 4493
 ... : 17 11 17 61 125 476 1860 4526
 ... : 17 11 17 61 128 488 1888 4549
 ... : 17 11 17 61 128 488 1922 4674
 ... : 17 11 17 61 129 492 1944 4814
 ... : 17 11 17 61 129 495 1951 4935
 ... : 17 11 17 61 130 502 1959 5054
 ... : 17 11 18 63 136 523 1992 5111
 ... : 17 11 18 63 138 528 2005 5238
 ... : 17 11 18 63 138 532 2020 5335
 ... : 17 11 18 63 138 532 2020 5459
 ... : 17 11 18 63 140 538 2038 5581
 ... : 17 11 18 63 140 540 2065 5687
 ... : 17 11 18 63 140 541 2075 5791
 ... : 17 11 18 63 141 545 2094 5910
 ... : 17 11 18 63 146 562 2126 5994
 ... : 17 11 18 63 147 566 2132 6137
 ... : 17 11 18 63 147 566 2150 6294
 ... : 17 11 18 63 147 566 2154 6464
 ... : 17 11 18 63 147 566 2155 6633
   9 : 11 5 8 59 89 257 1008 3504 1540
 ... : 11 5 8 59 89 257 1008 3504 1738
 ... : 11 5 8 59 89 257 1010 3515 1897
 ... : 11 5 8 59 89 257 1017 3529 2005
 ... : 11 5 8 59 89 257 1017 3528 2206
 ... : 11 5 8 59 89 257 1017 3533 2390
 ... : 11 5 8 59 89 257 1017 3531 2578
 ... : 11 5 8 59 89 257 1018 3532 2768
 ... : 11 5 8 59 89 257 1018 3532 2967
 ... : 11 5 8 59 89 257 1018 3534 3155
 ... : 11 5 8 59 89 257 1018 3538 3343
 ... : 11 5 8 59 89 257 1018 3539 3542
 ... : 11 5 8 59 89 257 1018 3541 3738
 ... : 11 5 8 59 89 257 1018 3540 3934
 ... : 11 5 8 59 89 257 1018 3540 4135
 ... : 11 5 8 59 89 258 1023 3539 4288
 ... : 11 5 8 59 89 258 1023 3548 4466
 ... : 11 5 8 59 89 258 1026 3558 4618
  10 : 11 5 8 59 88 242 989 3433 3935 859
 ... : 11 5 8 59 88 242 989 3433 3935 1059
 ... : 11 5 8 59 88 242 989 3433 3943 1242
 ... : 11 5 8 59 88 242 989 3435 3969 1382
 ... : 11 5 8 59 88 242 989 3438 4004 1499
 ... : 11 5 8 59 88 242 989 3438 4004 1700
 ... : 11 5 8 59 88 242 989 3438 4011 1885
 ... : 11 5 8 59 88 242 989 3438 4011 2086
 ... : 11 5 8 59 88 242 989 3438 4011 2283
 ... : 11 5 8 59 88 242 989 3438 4012 2465
 ... : 11 5 8 59 88 242 989 3438 4017 2652
 ... : 11 5 8 59 88 242 989 3438 4018 2846
 ... : 11 5 8 59 88 242 989 3438 4019 3043
 ... : 11 5 8 59 88 242 989 3438 4044 3167
 ... : 11 5 8 59 88 242 989 3438 4055 3334
 ... : 11 5 8 59 88 242 989 3438 4081 3467
 ... : 11 5 8 59 88 242 989 3438 4111 3590
 ... : 11 5 8 59 88 242 989 3438 4130 3748
 ... : 11 5 8 59 88 242 989 3438 4140 3922
 ... : 11 5 8 59 88 242 989 3438 4136 4122
 ... : 11 5 8 59 88 242 989 3438 4134 4306
 ... : 11 5 8 59 88 242 989 3438 4133 4500
 ... : 11 5 8 59 88 242 989 3438 4154 4651
 ... : 11 5 8 59 88 242 989 3438 4154 4852
 ... : 11 5 8 59 88 242 989 3438 4146 5052
 ... : 11 5 8 59 88 242 989 3438 4146 5251
 ... : 11 5 8 59 88 242 989 3438 4146 5436
 ... : 11 5 8 59 88 242 989 3438 4161 5595
 ... : 11 5 8 59 88 242 989 3438 4175 5760
 ... : 11 5 8 59 88 242 989 3438 4208 5888
 ... : 11 5 8 59 88 242 989 3442 4231 6028
 ... : 11 5 8 59 88 242 989 3442 4233 6218
 ... : 11 5 8 59 88 242 989 3442 4243 6398
 ... : 11 5 8 59 88 242 989 3443 4256 6550
 ... : 11 5 8 59 88 242 989 3443 4255 6751
 ... : 11 5 8 59 88 242 989 3443 4265 6863
 ... : 11 5 8 59 88 242 989 3443 4272 7044
 ... : 11 5 8 59 88 242 989 3445 4280 7208
 ... : 11 5 8 59 88 242 991 3451 4291 7331
 ... : 11 5 8 59 88 242 991 3451 4285 7520
  11 : 11 5 8 59 88 241 970 3376 4193 6379 1326
 ... : 11 5 8 59 88 241 970 3376 4193 6379 1526
 ... : 11 5 8 59 88 241 970 3376 4193 6379 1727
 ... : 11 5 8 59 88 241 970 3376 4193 6385 1913
 ... : 11 5 8 59 88 241 970 3376 4193 6385 2114
 ... : 11 5 8 59 88 241 970 3376 4193 6385 2315
 ... : 11 5 8 59 88 241 970 3376 4193 6385 2516
 ... : 11 5 8 59 88 241 970 3376 4193 6385 2717
 ... : 11 5 8 59 88 241 970 3376 4195 6393 2897
 ... : 11 5 8 59 88 241 970 3379 4202 6410 3018
 ... : 11 5 8 59 88 241 970 3379 4208 6460 3086
 ... : 11 5 8 59 88 241 970 3379 4214 6500 3174
 ... : 11 5 8 59 88 241 970 3379 4214 6521 3315
 ... : 11 5 8 59 88 241 970 3379 4218 6553 3439
 ... : 11 5 8 59 88 241 970 3372 4228 6601 3500
 ... : 11 5 8 59 88 241 971 3375 4234 6623 3591
 ... : 11 5 8 59 88 241 971 3375 4234 6624 3772
 ... : 11 5 8 59 88 241 971 3375 4234 6630 3895
 ... : 11 5 8 59 88 241 971 3375 4234 6630 4096
 ... : 11 5 8 59 88 241 971 3375 4236 6639 4246
 ... : 11 5 8 59 88 241 971 3375 4236 6647 4425
 ... : 11 5 8 59 88 241 971 3375 4236 6668 4576
 ... : 11 5 8 59 88 241 971 3375 4236 6661 4759
 ... : 11 5 8 59 88 241 971 3375 4236 6688 4868
 ... : 11 5 8 59 88 241 971 3375 4236 6701 5029
 ... : 11 5 8 59 88 241 971 3375 4236 6734 5103
 ... : 11 5 8 59 88 241 971 3375 4236 6795 5174
 ... : 11 5 8 59 88 241 971 3375 4245 6842 5241
 ... : 11 5 8 59 88 241 971 3376 4249 6869 5325
 ... : 11 5 8 59 88 241 971 3376 4250 6860 5428
 ... : 11 5 8 59 88 241 971 3376 4251 6899 5532
 ... : 11 5 8 59 88 241 971 3376 4251 6939 5638
 ... : 11 5 8 59 88 241 971 3376 4251 6942 5805
 ... : 11 5 8 59 88 241 971 3376 4250 6939 6006
 ... : 11 5 8 59 88 241 971 3376 4250 6941 6201
 ... : 11 5 8 59 88 241 971 3376 4250 6942 6392
 ... : 11 5 8 59 88 241 971 3376 4254 6959 6539
 ... : 11 5 8 59 88 241 971 3376 4256 6989 6650
 ... : 11 5 8 59 88 241 971 3376 4256 6986 6842
 ... : 11 5 8 59 88 241 971 3376 4256 6997 6943
 ... : 11 5 8 59 88 241 971 3376 4256 7018 7055
 ... : 11 5 8 59 88 241 971 3376 4257 7031 7214
 ... : 11 5 8 59 88 241 971 3376 4259 7046 7348
 ... : 11 5 8 59 88 241 971 3376 4260 7073 7457
 ... : 11 5 8 59 88 241 971 3376 4270 7098 7578
 ... : 11 5 8 59 88 241 971 3376 4272 7120 7698
 ... : 11 5 8 59 88 241 971 3376 4272 7113 7861
 ... : 11 5 8 59 88 241 971 3376 4272 7117 8051
 ... : 11 5 8 59 88 241 971 3376 4272 7118 8242
 ... : 11 5 8 59 88 241 971 3376 4272 7119 8433
 ... : 11 5 8 59 88 241 971 3376 4273 7135 8593
 ... : 11 5 8 59 88 241 971 3376 4273 7139 8758
 ... : 11 5 8 59 88 241 971 3376 4282 7170 8866
 ... : 11 5 8 59 88 241 971 3378 4287 7216 8924
  12 : 11 5 8 59 88 238 966 3357 4289 6643 6452 2903
 ... : 11 5 8 59 88 238 966 3357 4289 6643 6453 3093
 ... : 11 5 8 59 88 238 966 3357 4289 6643 6454 3292
 ... : 11 5 8 59 88 238 966 3357 4289 6643 6460 3473
 ... : 11 5 8 59 88 238 966 3357 4289 6643 6468 3636
 ... : 11 5 8 59 88 238 966 3357 4289 6643 6468 3837
 ... : 11 5 8 59 88 238 966 3357 4289 6643 6468 4038
 ... : 11 5 8 59 88 238 966 3357 4289 6643 6468 4239
 ... : 11 5 8 59 88 238 966 3357 4289 6643 6471 4430
 ... : 11 5 8 59 88 238 966 3357 4289 6645 6484 4590
 ... : 11 5 8 59 88 238 966 3357 4289 6647 6496 4762
 ... : 11 5 8 59 88 238 966 3357 4289 6647 6508 4911
 ... : 11 5 8 59 88 238 966 3357 4289 6647 6517 5083
 ... : 11 5 8 59 88 238 966 3357 4289 6646 6522 5250
 ... : 11 5 8 59 88 238 966 3357 4289 6654 6554 5361
 ... : 11 5 8 59 88 238 966 3357 4289 6656 6593 5463
 ... : 11 5 8 59 88 238 966 3357 4289 6663 6628 5568
 ... : 11 5 8 59 88 238 966 3357 4291 6679 6664 5658
 ... : 11 5 8 59 88 238 966 3357 4294 6686 6697 5734
 ... : 11 5 8 59 88 238 966 3357 4294 6696 6722 5854
 ... : 11 5 8 59 88 238 966 3357 4294 6696 6721 6049
 ... : 11 5 8 59 88 238 966 3357 4294 6696 6733 6223
 ... : 11 5 8 59 88 238 966 3357 4294 6697 6754 6366
 ... : 11 5 8 59 88 238 966 3357 4294 6697 6803 6457
 ... : 11 5 8 59 88 238 966 3357 4294 6697 6842 6562
 ... : 11 5 8 59 88 238 966 3357 4294 6696 6857 6652
 ... : 11 5 8 59 88 238 966 3357 4294 6695 6858 6798
 ... : 11 5 8 59 88 238 966 3357 4294 6695 6867 6965
 ... : 11 5 8 59 88 238 966 3357 4294 6698 6873 7145
 ... : 11 5 8 59 88 238 966 3357 4294 6696 6878 7269
 ... : 11 5 8 59 88 238 966 3357 4294 6696 6896 7424
 ... : 11 5 8 59 88 238 966 3357 4294 6696 6904 7572
 ... : 11 5 8 59 88 238 967 3360 4296 6701 6920 7702
 ... : 11 5 8 59 88 238 967 3360 4296 6700 6931 7847
 ... : 11 5 8 59 88 238 967 3360 4296 6700 6929 8038
 ... : 11 5 8 59 88 238 967 3361 4299 6712 6953 8141
 ... : 11 5 8 59 88 238 967 3361 4299 6712 6976 8289
 ... : 11 5 8 59 88 238 967 3361 4299 6712 7012 8399
 ... : 11 5 8 59 88 238 967 3361 4299 6712 7017 8583
 ... : 11 5 8 59 88 238 967 3361 4300 6722 7038 8675
  13 : 11 5 8 59 88 238 966 3353 4285 6593 6745 5505 3556
 ... : 11 5 8 59 88 238 966 3353 4285 6593 6745 5514 3736
 ... : 11 5 8 59 88 238 966 3353 4285 6593 6746 5500 3848
 ... : 11 5 8 59 88 238 966 3353 4285 6581 6747 5531 3969
 ... : 11 5 8 59 88 238 966 3353 4285 6581 6746 5563 4078
 ... : 11 5 8 59 88 238 966 3353 4285 6581 6744 5581 4197
 ... : 11 5 8 59 88 238 966 3353 4285 6581 6745 5597 4347
 ... : 11 5 8 59 88 238 966 3353 4285 6581 6751 5617 4480
 ... : 11 5 8 59 88 238 966 3353 4285 6581 6752 5628 4632
 ... : 11 5 8 59 88 238 966 3353 4285 6581 6753 5640 4799
 ... : 11 5 8 59 88 238 966 3353 4285 6580 6753 5667 4927
 ... : 11 5 8 59 88 238 966 3353 4285 6579 6753 5688 5071
 ... : 11 5 8 59 88 238 966 3353 4285 6579 6753 5727 5186
 ... : 11 5 8 59 88 238 966 3353 4285 6579 6753 5740 5349
 ... : 11 5 8 59 88 238 966 3353 4285 6579 6753 5754 5509
 ... : 11 5 8 59 88 238 966 3353 4285 6579 6753 5762 5678
 ... : 11 5 8 59 88 238 966 3353 4285 6579 6753 5764 5869
 ... : 11 5 8 59 88 238 966 3353 4285 6579 6752 5774 6036
 ... : 11 5 8 59 88 238 966 3353 4285 6579 6752 5782 6213
 ... : 11 5 8 59 88 238 966 3353 4285 6579 6752 5799 6345
 ... : 11 5 8 59 88 238 966 3353 4285 6579 6758 5832 6441
 ... : 11 5 8 59 88 238 966 3353 4285 6582 6764 5865 6518
 ... : 11 5 8 59 88 238 966 3353 4285 6582 6772 5883 6571
 ... : 11 5 8 59 88 238 966 3353 4285 6582 6765 5887 6706
 ... : 11 5 8 59 88 238 966 3353 4285 6582 6765 5903 6851
 ... : 11 5 8 59 88 238 966 3353 4285 6582 6766 5896 6999
 ... : 11 5 8 59 88 238 966 3353 4285 6582 6762 5910 7155
 ... : 11 5 8 59 88 238 966 3353 4285 6583 6769 5932 7247
 ... : 11 5 8 59 88 238 966 3353 4287 6594 6787 5964 7298
 ... : 11 5 8 59 88 238 966 3353 4290 6609 6806 5986 7323
 ... : 11 5 8 59 88 238 966 3353 4293 6616 6821 6013 7371
 ... : 11 5 8 59 88 238 966 3355 4296 6620 6820 5999 7455
 ... : 11 5 8 59 88 238 966 3355 4296 6622 6828 6017 7576
 ... : 11 5 8 59 88 238 966 3355 4296 6622 6828 6018 7773
  14 : 11 5 8 59 88 238 965 3353 4294 6542 6516 5110 3620 4858
 ... : 11 5 8 59 88 238 965 3353 4293 6542 6515 5111 3637 4975
 ... : 11 5 8 59 88 238 965 3353 4293 6542 6515 5125 3671 5040
 ... : 11 5 8 59 88 238 965 3353 4293 6542 6515 5125 3677 5121
 ... : 11 5 8 59 88 238 965 3353 4293 6542 6515 5128 3688 5216
 ... : 11 5 8 59 88 238 965 3353 4293 6542 6515 5128 3736 5306
 ... : 11 5 8 59 88 238 965 3353 4293 6542 6515 5136 3766 5396
 ... : 11 5 8 59 88 238 965 3353 4293 6542 6516 5139 3782 5530
 ... : 11 5 8 59 88 238 965 3353 4293 6543 6517 5150 3818 5594
 ... : 11 5 8 59 88 238 965 3353 4293 6546 6521 5154 3856 5666
 ... : 11 5 8 59 88 238 965 3353 4293 6546 6522 5154 3871 5800
 ... : 11 5 8 59 88 238 965 3353 4293 6546 6522 5156 3894 5908
 ... : 11 5 8 59 88 238 965 3353 4293 6546 6522 5159 3923 5967
 ... : 11 5 8 59 88 238 965 3353 4293 6546 6522 5159 3937 6045
 ... : 11 5 8 59 88 238 965 3353 4293 6548 6526 5161 3951 6130
 ... : 11 5 8 59 88 238 965 3353 4293 6561 6547 5170 3977 6153
 ... : 11 5 8 59 88 238 965 3353 4294 6568 6554 5176 3981 6164
 ... : 11 5 8 59 88 238 965 3353 4294 6568 6554 5177 3998 6312
 ... : 11 5 8 59 88 238 965 3353 4294 6568 6554 5179 4032 6413
 ... : 11 5 8 59 88 238 965 3353 4294 6568 6554 5177 4026 6547
 ... : 11 5 8 59 88 238 965 3353 4294 6568 6554 5177 4036 6655
 ... : 11 5 8 59 88 238 965 3353 4294 6567 6554 5176 4063 6755
 ... : 11 5 8 59 88 238 965 3353 4294 6567 6554 5175 4062 6891
 ... : 11 5 8 59 88 238 965 3353 4294 6567 6554 5175 4079 6993
 ... : 11 5 8 59 88 238 965 3353 4294 6566 6554 5176 4081 7081
 ... : 11 5 8 59 88 238 965 3353 4294 6566 6554 5176 4084 7153
 ... : 11 5 8 59 88 238 965 3353 4294 6566 6554 5176 4099 7297
 ... : 11 5 8 59 88 238 965 3353 4294 6566 6554 5176 4108 7466
 ... : 11 5 8 59 88 238 965 3353 4294 6566 6554 5176 4130 7579
 ... : 11 5 8 59 88 238 965 3353 4294 6566 6556 5176 4134 7710
 ... : 11 5 8 59 88 238 965 3353 4294 6566 6553 5170 4145 7826
  15 : 11 5 8 59 88 238 965 3353 4292 6498 6393 4768 3264 2367 6191
 ... : 11 5 8 59 88 238 965 3353 4292 6498 6392 4768 3264 2372 6324
 ... : 11 5 8 59 88 238 965 3353 4292 6497 6392 4768 3265 2382 6487
 ... : 11 5 8 59 88 238 965 3353 4292 6497 6392 4768 3265 2391 6614
 ... : 11 5 8 59 88 238 965 3353 4292 6497 6392 4768 3265 2410 6749
 ... : 11 5 8 59 88 238 965 3353 4292 6497 6392 4768 3264 2414 6869
 ... : 11 5 8 59 88 238 965 3353 4292 6497 6392 4766 3268 2432 6961
 ... : 11 5 8 59 88 238 965 3353 4292 6497 6393 4768 3271 2469 7014
 ... : 11 5 8 59 88 238 965 3353 4292 6497 6391 4768 3278 2505 7064
