initialized model with 2915 latches, 1515 inputs and 1 properties
tsim: performed 25 steps
tsim: found cycle from 8
tsim: found 0 constants and 14 latch equivalences
seqsimpl: found 4 latch equivalences
seqsimpl: (2915, 1515) -> (2891, 1515)
checking bound 0
checking bound 1
checking bound 2
tdecomp: unrolling 2 cycles
tsim: performed 23 steps
tsim: found cycle from 6
tsim: found 2 constants and 0 latch equivalences
seqsimpl: found 2 latch equivalences
tdecomp: (2891, 6060) -> (2887, 3540)
 ... : 200
 ... : 400
 ... : 600
   2 : 549 192
 ... : 540 392
 ... : 536 592
 ... : 535 793
 ... : 534 990
 ... : 531 1188
 ... : 529 1388
 ... : 527 1577
   3 : 496 1468 212
 ... : 496 1467 412
 ... : 496 1467 612
 ... : 496 1464 813
 ... : 496 1464 1000
 ... : 496 1464 1200
 ... : 496 1463 1401
 ... : 496 1463 1598
 ... : 496 1463 1795
 ... : 496 1461 1996
 ... : 496 1461 2197
 ... : 496 1461 2397
 ... : 496 1458 2586
   4 : 484 1440 2467 330
 ... : 484 1440 2464 530
 ... : 484 1440 2462 727
 ... : 484 1440 2462 928
 ... : 484 1440 2461 1126
 ... : 484 1440 2458 1326
 ... : 484 1440 2458 1520
 ... : 484 1440 2456 1717
 ... : 484 1440 2455 1918
 ... : 484 1440 2455 2119
 ... : 484 1440 2455 2320
 ... : 484 1440 2455 2516
 ... : 484 1440 2454 2714
 ... : 484 1440 2449 2903
   5 : 483 1435 2399 2705 297
 ... : 483 1435 2399 2703 497
 ... : 483 1435 2399 2702 698
 ... : 483 1435 2399 2708 873
 ... : 483 1435 2399 2719 978
 ... : 483 1435 2399 2718 1177
