initialized model with 2915 latches, 1515 inputs and 1 properties
tsim: performed 25 steps
tsim: found cycle from 8
tsim: found 0 constants and 14 latch equivalences
seqsimpl: found 4 latch equivalences
seqsimpl: (2915, 1515) -> (2888, 1515)
checking bound 0
checking bound 1
checking bound 2
tdecomp: unrolling 2 cycles
tsim: performed 23 steps
tsim: found cycle from 6
tsim: found 2 constants and 0 latch equivalences
seqsimpl: found 2 latch equivalences
tdecomp: (2888, 6060) -> (2884, 3540)
 ... : 200
 ... : 395
 ... : 594
   2 : 533 238
 ... : 528 437
 ... : 524 636
 ... : 518 836
 ... : 513 1037
 ... : 512 1204
 ... : 517 1382
 ... : 514 1566
 ... : 522 1720
 ... : 533 1876
 ... : 537 2018
 ... : 532 2205
   3 : 485 1856 440
 ... : 485 1855 640
 ... : 485 1855 841
 ... : 485 1855 1042
 ... : 485 1853 1241
 ... : 485 1848 1440
 ... : 485 1848 1639
 ... : 490 1862 1774
 ... : 490 1861 1965
 ... : 490 1861 2166
 ... : 489 1853 2359
 ... : 489 1851 2558
 ... : 489 1850 2754
 ... : 489 1850 2947
 ... : 489 1849 3135
 ... : 489 1842 3336
 ... : 488 1839 3537
 ... : 488 1839 3738
 ... : 488 1844 3916
 ... : 488 1854 4084
 ... : 489 1858 4260
 ... : 492 1872 4416
 ... : 492 1872 4615
 ... : 491 1869 4788
 ... : 491 1867 4983
 ... : 491 1881 5114
 ... : 494 1893 5279
 ... : 497 1907 5417
   4 : 470 1843 4724 795
 ... : 470 1843 4724 995
 ... : 470 1843 4724 1196
 ... : 470 1843 4724 1396
 ... : 470 1843 4724 1597
 ... : 470 1843 4724 1797
 ... : 470 1843 4723 1996
 ... : 470 1843 4722 2197
