initialized model with 13594 latches, 13729 inputs and 1 properties
tsim: performed 14 steps
tsim: found cycle from 12
tsim: found 2 constants and 0 latch equivalences
seqsimpl: (13594, 13729) -> (13541, 13721)
checking bound 0
checking bound 1
checking bound 2
tdecomp: unrolling 2 cycles
tsim: performed 12 steps
tsim: found cycle from 10
tsim: found 1 constants and 0 latch equivalences
tdecomp: (13541, 54884) -> (13540, 34483)
   2 : 1 0
   3 : 1 1 0
   4 : 1 1 63 119
 ... : 1 1 63 315
 ... : 1 1 63 516
 ... : 1 1 63 715
 ... : 1 1 63 916
 ... : 1 1 63 1117
   5 : 1 1 63 726 527
 ... : 1 1 63 725 727
 ... : 1 1 63 725 928
 ... : 1 1 63 724 1128
 ... : 1 1 63 724 1329
 ... : 1 1 63 724 1527
 ... : 1 1 63 723 1726
 ... : 1 1 63 723 1925
 ... : 1 1 63 723 2120
 ... : 1 1 63 723 2318
