initialized model with 3519 latches, 1071 inputs and 1 properties
tsim: performed 9 steps
tsim: found cycle from 7
checking bound 0
checking bound 1
checking bound 2
tdecomp: unrolling 2 cycles
tsim: performed 7 steps
tsim: found cycle from 5
tsim: found 2 constants and 0 latch equivalences
tdecomp: (3519, 4284) -> (3468, 2794)
 ... : 200
 ... : 401
 ... : 602
 ... : 803
 ... : 1004
 ... : 1205
 ... : 1406
 ... : 1607
 ... : 1808
 ... : 2009
 ... : 2210
 ... : 2410
 ... : 2611
 ... : 2812
 ... : 3013
   2 : 1856 1214
 ... : 1856 1414
 ... : 1856 1615
 ... : 1856 1816
 ... : 1856 2017
 ... : 1856 2218
 ... : 1856 2419
 ... : 1856 2620
 ... : 1856 2821
 ... : 1856 3022
 ... : 1856 3223
 ... : 1856 3424
 ... : 1856 3625
 ... : 1856 3825
 ... : 1856 4024
 ... : 1856 4225
 ... : 1856 4426
 ... : 1856 4625
 ... : 1856 4826
 ... : 1856 5026
 ... : 1856 5226
 ... : 1856 5427
 ... : 1856 5628
 ... : 1856 5829
 ... : 1856 6030
 ... : 1856 6231
 ... : 1856 6432
 ... : 1856 6633
 ... : 1856 6834
 ... : 1856 7035
 ... : 1856 7236
 ... : 1856 7437
 ... : 1856 7636
 ... : 1856 7830
   3 : 1848 5520 2440
 ... : 1848 5520 2639
