initialized model with 13253 latches, 13236 inputs and 1 properties
tsim: performed 14 steps
tsim: found cycle from 12
checking bound 0
checking bound 1
checking bound 2
tdecomp: unrolling 2 cycles
tsim: performed 12 steps
tsim: found cycle from 10
tsim: found 1 constants and 0 latch equivalences
tdecomp: (13253, 52944) -> (12600, 37282)
   2 : 1 0
   3 : 1 1 1
   4 : 1 1 1 0
 ... : 1 1 1 126
   5 : 1 1 1 1 128
   6 : 1 1 1 1 1 127
   7 : 1 1 1 1 1 1 128
   8 : 1 1 1 1 1 1 1 127
tdecomp: completing cex trace with 2 initial steps
seqsimpl: completing cex trace with simulation
num_solve_calls = 196205
num_solve_sat_calls = 97121
num_solve_unsat_calls = 165
num_solve_approx_calls = 195001
num_solve_approx_unsat_calls = 98357
num_solve_conflicts = 1200
num_solve_decisions = 25749968
num_solve_propagations = 6184284903
avg_solve_conflicts = 1
avg_solve_decisions = 132
avg_solve_propagations = 31520
avg_solve_unsat_decisions = 0.000
stddev_solve_unsat_decisions = 0.000
num_added_cubes = 676
num_subsumed_cubes = 518
num_gc_frame = 41
num_reset = 0
num_try_blocking = 827
get_bad_cube_time = 87.291
rec_block_cube_time = 979.788
propagate_forward_time = 0.594
generalize_model_time = 62.706
generalize_and_push_time = 6.724
try_blocking_time = 973.580
reset_time = 0.000
clausify_time = 20.093
preprocess_time = 4.530
solve_time = 1037.067
solve_sat_time = 975.720
solve_unsat_time = 61.348
prove_time = 1092.319
memory_used_mb = 614
total_time = 1106.333
Unsafe
