initialized model with 3519 latches, 1071 inputs and 1 properties
tsim: performed 9 steps
tsim: found cycle from 7
checking bound 0
checking bound 1
checking bound 2
tdecomp: unrolling 2 cycles
tsim: performed 7 steps
tsim: found cycle from 5
tsim: found 2 constants and 0 latch equivalences
tdecomp: (3519, 4284) -> (3478, 2822)
 ... : 200
 ... : 401
 ... : 602
 ... : 803
 ... : 1004
 ... : 1205
 ... : 1406
 ... : 1607
   2 : 711 942
 ... : 710 1142
 ... : 710 1343
 ... : 709 1544
 ... : 706 1733
 ... : 706 1865
 ... : 707 1968
   3 : 705 928 1075
 ... : 705 928 1275
 ... : 705 928 1476
 ... : 705 929 1645
 ... : 703 953 1782
 ... : 703 996 1866
   4 : 702 1008 475 1428
 ... : 702 1008 475 1626
 ... : 702 1008 478 1774
 ... : 702 1008 479 1936
   5 : 702 1008 467 944 1014
 ... : 702 1008 467 924 1214
 ... : 702 1008 467 903 1415
 ... : 702 1008 467 823 1616
 ... : 702 1008 467 773 1817
 ... : 702 1008 467 683 2018
   6 : 702 1008 466 680 923 1182
 ... : 702 1008 466 661 825 1382
 ... : 702 1008 466 643 734 1555
 ... : 702 1008 466 643 728 1642
 ... : 702 1008 466 643 730 1721
 ... : 702 1008 466 642 737 1798
 ... : 702 1008 466 640 744 1883
 ... : 702 1008 466 639 744 1968
 ... : 702 1008 466 639 744 2035
 ... : 702 1008 466 639 724 2128
 ... : 702 1008 466 638 741 2205
 ... : 702 1008 466 638 750 2274
 ... : 702 1008 466 638 759 2349
 ... : 702 1008 466 638 775 2445
 ... : 702 1008 466 638 777 2518
 ... : 702 1008 466 638 777 2585
 ... : 702 1008 466 635 780 2666
 ... : 702 1008 466 635 798 2750
 ... : 702 1008 466 635 816 2842
 ... : 702 1008 466 633 829 2931
 ... : 702 1008 466 633 837 3036
 ... : 702 1008 466 631 847 3114
 ... : 702 1008 466 629 855 3197
 ... : 702 1008 466 628 860 3271
 ... : 702 1008 466 628 862 3336
 ... : 702 1008 466 628 875 3416
 ... : 702 1008 466 627 903 3496
 ... : 702 1008 466 627 917 3570
 ... : 702 1008 466 627 938 3660
   7 : 699 1008 467 629 937 736 2993
 ... : 699 1008 467 620 925 648 3186
 ... : 699 1008 467 617 916 605 3311
 ... : 699 1008 467 617 916 605 3380
 ... : 699 1008 467 617 916 605 3449
 ... : 699 1008 467 617 916 605 3518
 ... : 699 1008 467 617 916 605 3587
 ... : 699 1008 467 613 913 584 3690
 ... : 699 1008 467 611 905 511 3836
 ... : 699 1008 467 611 905 511 3903
 ... : 699 1008 467 611 905 511 3969
 ... : 699 1008 467 611 905 511 4039
 ... : 699 1008 467 611 905 511 4106
 ... : 699 1008 467 611 905 518 4195
 ... : 699 1008 467 611 905 533 4267
 ... : 699 1008 467 611 905 538 4337
 ... : 699 1008 467 611 905 546 4406
 ... : 699 1008 467 611 907 561 4496
 ... : 699 1008 467 611 907 579 4581
 ... : 699 1008 467 611 912 596 4648
 ... : 699 1008 467 611 916 609 4710
 ... : 699 1008 467 611 921 624 4770
 ... : 699 1008 467 611 927 650 4833
 ... : 699 1008 467 611 936 676 4885
 ... : 699 1008 467 611 941 701 4944
 ... : 699 1008 467 611 949 704 5017
 ... : 699 1008 467 611 949 709 5084
 ... : 699 1008 467 611 958 725 5142
 ... : 699 1008 467 611 968 748 5205
 ... : 699 1008 467 611 967 739 5328
 ... : 699 1008 467 611 967 739 5395
 ... : 699 1008 467 611 967 740 5463
 ... : 699 1008 467 611 967 748 5535
 ... : 699 1008 467 611 967 752 5598
 ... : 699 1008 467 611 967 754 5648
 ... : 699 1008 467 611 967 757 5713
 ... : 699 1008 467 611 967 758 5781
 ... : 699 1008 467 611 967 764 5848
 ... : 699 1008 467 611 968 777 5910
 ... : 699 1008 467 611 969 783 5972
 ... : 699 1008 467 611 971 796 6073
 ... : 699 1008 467 611 971 796 6163
 ... : 699 1008 467 611 971 797 6230
 ... : 699 1008 467 611 971 801 6299
 ... : 699 1008 467 611 970 825 6377
 ... : 699 1008 467 611 970 845 6447
 ... : 699 1008 467 611 970 845 6524
 ... : 699 1008 467 611 970 846 6591
 ... : 699 1008 467 611 970 852 6659
 ... : 699 1008 467 611 970 864 6728
 ... : 699 1008 467 611 970 874 6793
 ... : 699 1008 467 611 973 891 6856
 ... : 699 1008 467 611 973 897 6920
 ... : 699 1008 467 611 973 907 6988
 ... : 699 1008 467 611 975 930 7050
 ... : 699 1008 467 611 977 950 7113
 ... : 699 1008 467 611 978 966 7174
 ... : 699 1008 467 611 980 972 7239
 ... : 699 1008 467 611 980 985 7305
 ... : 699 1008 467 611 981 1003 7370
 ... : 699 1008 467 611 984 1014 7433
 ... : 699 1008 467 611 985 1028 7496
 ... : 699 1008 467 611 985 1029 7562
 ... : 699 1008 467 611 996 1040 7620
 ... : 699 1008 467 611 996 1056 7682
 ... : 699 1008 467 611 1000 1072 7742
 ... : 699 1008 467 611 1004 1087 7806
 ... : 699 1008 467 611 1008 1097 7870
 ... : 699 1008 467 611 1015 1114 7929
 ... : 699 1008 467 611 1018 1134 7993
 ... : 699 1008 467 611 1018 1161 8057
 ... : 699 1008 467 611 1018 1173 8123
 ... : 699 1008 467 611 1023 1201 8185
 ... : 699 1008 467 611 1029 1225 8245
 ... : 699 1008 467 611 1035 1252 8308
 ... : 699 1008 467 611 1037 1280 8368
 ... : 699 1008 467 611 1041 1305 8429
 ... : 699 1008 467 611 1048 1321 8492
 ... : 699 1008 467 611 1054 1339 8554
 ... : 699 1008 467 611 1060 1368 8617
 ... : 699 1008 467 610 1066 1391 8672
 ... : 699 1008 467 610 1073 1418 8731
 ... : 699 1008 467 610 1075 1449 8777
 ... : 699 1008 467 610 1082 1479 8835
 ... : 699 1008 467 610 1086 1506 8883
 ... : 699 1008 467 610 1091 1540 8922
 ... : 699 1008 467 610 1098 1568 8972
 ... : 699 1008 467 610 1101 1601 9025
 ... : 699 1008 467 610 1108 1625 9085
 ... : 699 1008 467 610 1109 1650 9148
 ... : 699 1008 467 610 1119 1677 9207
 ... : 699 1008 467 610 1124 1701 9268
 ... : 699 1008 467 610 1137 1730 9322
 ... : 699 1008 467 610 1141 1765 9366
 ... : 699 1008 467 610 1147 1791 9422
 ... : 699 1008 467 610 1154 1817 9481
 ... : 699 1008 467 610 1158 1841 9535
 ... : 699 1008 467 610 1158 1841 9602
 ... : 699 1008 467 610 1158 1841 9668
 ... : 699 1008 467 610 1159 1845 9734
 ... : 699 1008 467 610 1168 1862 9790
 ... : 699 1008 467 610 1170 1882 9846
 ... : 699 1008 467 610 1181 1906 9896
 ... : 699 1008 467 610 1211 1922 9947
 ... : 699 1008 467 610 1213 1933 10012
 ... : 699 1008 467 610 1213 1938 10079
 ... : 699 1008 467 610 1213 1942 10146
 ... : 699 1008 467 610 1213 1951 10212
 ... : 699 1008 467 610 1213 1952 10279
 ... : 699 1008 467 610 1213 1957 10346
 ... : 699 1008 467 610 1213 1963 10413
 ... : 699 1008 467 610 1215 1977 10476
 ... : 699 1008 467 610 1215 1992 10542
 ... : 699 1008 467 610 1215 2001 10608
 ... : 699 1008 467 610 1215 2004 10675
 ... : 699 1008 467 610 1215 2010 10741
 ... : 699 1008 467 610 1216 2033 10803
 ... : 699 1008 467 610 1216 2054 10870
 ... : 699 1008 467 610 1218 2061 10936
 ... : 699 1008 467 610 1218 2076 11001
 ... : 699 1008 467 610 1219 2081 11066
 ... : 699 1008 467 610 1219 2092 11132
 ... : 699 1008 467 610 1220 2111 11197
 ... : 699 1008 467 610 1220 2136 11263
 ... : 699 1008 467 610 1221 2140 11325
 ... : 699 1008 467 610 1221 2142 11391
 ... : 699 1008 467 610 1221 2158 11456
 ... : 699 1008 467 610 1221 2172 11523
 ... : 699 1008 467 610 1221 2184 11589
 ... : 699 1008 467 610 1221 2199 11656
 ... : 699 1008 467 610 1221 2214 11722
 ... : 699 1008 467 610 1221 2221 11787
 ... : 699 1008 467 610 1225 2239 11852
 ... : 699 1008 467 610 1228 2263 11914
 ... : 699 1008 467 610 1231 2273 11977
 ... : 699 1008 467 610 1236 2288 12042
 ... : 699 1008 467 610 1236 2297 12109
 ... : 699 1008 467 610 1236 2325 12175
 ... : 699 1008 467 610 1241 2336 12238
 ... : 699 1008 467 610 1241 2360 12302
 ... : 699 1008 467 610 1241 2372 12369
 ... : 699 1008 467 610 1245 2396 12420
 ... : 699 1008 467 610 1256 2428 12466
 ... : 699 1008 467 610 1271 2450 12527
 ... : 699 1008 467 610 1273 2469 12594
 ... : 699 1008 467 610 1273 2484 12660
 ... : 699 1008 467 610 1273 2499 12727
 ... : 699 1008 467 610 1273 2521 12795
 ... : 699 1008 467 610 1276 2539 12854
 ... : 699 1008 467 610 1284 2563 12914
 ... : 699 1008 467 610 1299 2583 12967
 ... : 699 1008 467 610 1301 2616 13032
 ... : 699 1008 467 610 1313 2644 13086
 ... : 699 1008 467 610 1319 2662 13147
 ... : 699 1008 467 610 1329 2680 13206
 ... : 699 1008 467 610 1340 2694 13262
 ... : 699 1008 467 610 1340 2712 13328
 ... : 699 1008 467 610 1340 2732 13393
 ... : 699 1008 467 610 1340 2747 13460
 ... : 699 1008 467 610 1340 2781 13527
 ... : 699 1008 467 610 1340 2797 13594
 ... : 699 1008 467 610 1340 2815 13661
 ... : 699 1008 467 610 1340 2849 13728
 ... : 699 1008 467 610 1340 2864 13795
 ... : 699 1008 467 610 1340 2888 13862
 ... : 699 1008 467 610 1340 2908 13927
 ... : 699 1008 467 610 1340 2941 13994
 ... : 699 1008 467 610 1340 2978 14061
 ... : 699 1008 467 610 1344 3013 14126
 ... : 699 1008 467 610 1344 3030 14194
 ... : 699 1008 467 610 1349 3051 14255
 ... : 699 1008 467 610 1356 3073 14318
 ... : 699 1008 467 610 1361 3095 14383
 ... : 699 1008 467 610 1363 3116 14444
 ... : 699 1008 467 610 1363 3134 14507
 ... : 699 1008 467 610 1367 3156 14558
 ... : 699 1008 467 610 1376 3186 14606
 ... : 699 1008 467 610 1380 3212 14664
 ... : 699 1008 467 610 1379 3229 14731
 ... : 699 1008 467 610 1381 3257 14797
 ... : 699 1008 467 610 1381 3278 14864
 ... : 699 1008 467 610 1384 3290 14906
 ... : 699 1008 467 610 1393 3319 14965
 ... : 699 1008 467 610 1398 3341 15029
 ... : 699 1008 467 610 1405 3370 15089
 ... : 699 1008 467 610 1408 3399 15153
 ... : 699 1008 467 610 1412 3421 15212
