initialized model with 3519 latches, 1071 inputs and 1 properties
tsim: performed 9 steps
tsim: found cycle from 7
checking bound 0
checking bound 1
checking bound 2
tdecomp: unrolling 2 cycles
tsim: performed 7 steps
tsim: found cycle from 5
tsim: found 2 constants and 0 latch equivalences
tdecomp: (3519, 4284) -> (3464, 2769)
 ... : 200
 ... : 401
 ... : 602
 ... : 803
 ... : 1004
 ... : 1205
 ... : 1406
 ... : 1607
 ... : 1808
   2 : 1099 870
 ... : 1099 1070
 ... : 1096 1270
 ... : 1093 1471
 ... : 1091 1672
 ... : 1084 1871
 ... : 1084 2072
 ... : 1059 2264
 ... : 1054 2465
 ... : 1045 2664
 ... : 1043 2865
 ... : 1043 3066
 ... : 1036 3266
 ... : 1035 3467
 ... : 1034 3668
 ... : 1032 3869
 ... : 1029 4070
 ... : 1028 4271
 ... : 1027 4469
 ... : 1027 4670
 ... : 1025 4869
 ... : 1025 5070
 ... : 1025 5271
 ... : 1025 5472
 ... : 1024 5673
 ... : 1024 5871
 ... : 1024 6060
 ... : 1024 6261
 ... : 1024 6462
 ... : 1023 6663
 ... : 1023 6864
 ... : 1023 7049
 ... : 1023 7244
 ... : 1023 7444
 ... : 1022 7639
 ... : 1022 7835
 ... : 1022 8035
 ... : 1022 8217
 ... : 1022 8380
 ... : 1022 8567
 ... : 1022 8739
   3 : 961 6528 2409
 ... : 961 6528 2607
 ... : 961 6528 2808
 ... : 961 6528 3009
 ... : 961 6528 3210
 ... : 961 6528 3411
 ... : 961 6527 3612
 ... : 961 6527 3813
