initialized model with 3519 latches, 1071 inputs and 1 properties
tsim: performed 9 steps
tsim: found cycle from 7
checking bound 0
checking bound 1
checking bound 2
tdecomp: unrolling 2 cycles
tsim: performed 7 steps
tsim: found cycle from 5
tsim: found 2 constants and 0 latch equivalences
tdecomp: (3519, 4284) -> (3447, 2758)
 ... : 200
 ... : 401
 ... : 602
 ... : 803
 ... : 1004
 ... : 1205
 ... : 1406
 ... : 1607
 ... : 1808
tdecomp: completing cex trace with 2 initial steps
seqsimpl: completing cex trace with simulation
num_solve_calls = 538992
num_solve_sat_calls = 117295
num_solve_unsat_calls = 1830
num_solve_approx_calls = 526933
num_solve_approx_unsat_calls = 413058
num_solve_conflicts = 9856
num_solve_decisions = 27036848
num_solve_propagations = 1990553082
avg_solve_conflicts = 1
avg_solve_decisions = 51
avg_solve_propagations = 3694
avg_solve_unsat_decisions = 0.001
stddev_solve_unsat_decisions = 0.023
num_added_cubes = 1830
num_subsumed_cubes = 0
num_gc_frame = 1
num_reset = 0
num_try_blocking = 3139
get_bad_cube_time = 141.509
rec_block_cube_time = 181.444
propagate_forward_time = 0.000
generalize_model_time = 69.950
generalize_and_push_time = 4.979
try_blocking_time = 177.504
reset_time = 0.000
clausify_time = 1.659
preprocess_time = 0.265
solve_time = 306.585
solve_sat_time = 209.643
solve_unsat_time = 96.942
prove_time = 324.688
memory_used_mb = 120
total_time = 326.681
Unsafe
