initialized model with 2915 latches, 1515 inputs and 1 properties
tsim: performed 25 steps
tsim: found cycle from 8
tsim: found 0 constants and 14 latch equivalences
seqsimpl: found 4 latch equivalences
seqsimpl: (2915, 1515) -> (2889, 1515)
checking bound 0
checking bound 1
checking bound 2
tdecomp: unrolling 2 cycles
tsim: performed 23 steps
tsim: found cycle from 6
tsim: found 2 constants and 0 latch equivalences
seqsimpl: found 2 latch equivalences
tdecomp: (2889, 6060) -> (2885, 3540)
 ... : 199
 ... : 400
 ... : 601
 ... : 802
 ... : 1003
 ... : 1203
   2 : 836 437
 ... : 836 637
 ... : 834 838
 ... : 831 1039
 ... : 831 1240
 ... : 831 1441
 ... : 822 1641
 ... : 823 1827
 ... : 835 1979
 ... : 850 2147
 ... : 840 2309
 ... : 834 2458
 ... : 829 2646
   3 : 749 2125 640
 ... : 749 2125 839
 ... : 749 2124 1040
 ... : 749 2120 1238
 ... : 749 2120 1439
 ... : 748 2118 1640
 ... : 748 2118 1841
 ... : 748 2116 2040
 ... : 748 2108 2234
 ... : 748 2106 2433
 ... : 748 2105 2634
 ... : 748 2104 2835
 ... : 748 2104 3034
 ... : 748 2104 3229
 ... : 748 2110 3417
 ... : 748 2110 3618
 ... : 748 2113 3812
 ... : 748 2125 3972
 ... : 748 2125 4172
 ... : 748 2124 4373
 ... : 748 2124 4572
 ... : 748 2121 4773
 ... : 748 2131 4918
 ... : 747 2126 5087
 ... : 747 2120 5280
 ... : 747 2118 5479
 ... : 747 2115 5667
 ... : 747 2112 5848
 ... : 746 2108 6042
 ... : 746 2102 6229
