initialized model with 13594 latches, 13729 inputs and 1 properties
tsim: performed 14 steps
tsim: found cycle from 12
tsim: found 2 constants and 0 latch equivalences
seqsimpl: (13594, 13729) -> (13541, 13721)
checking bound 0
checking bound 1
checking bound 2
tdecomp: unrolling 2 cycles
tsim: performed 12 steps
tsim: found cycle from 10
tsim: found 1 constants and 0 latch equivalences
tdecomp: (13541, 54884) -> (13540, 34483)
   2 : 1 0
   3 : 1 1 0
   4 : 1 1 16 18
 ... : 1 1 16 216
 ... : 1 1 16 417
   5 : 1 1 15 334 151
   6 : 1 1 15 332 84 247
   7 : 1 1 15 332 84 24 396
 ... : 1 1 15 332 84 23 561
 ... : 1 1 15 332 84 27 685
 ... : 1 1 15 332 84 31 784
 ... : 1 1 15 332 86 41 863
 ... : 1 1 15 332 86 60 930
 ... : 1 1 15 332 87 83 993
 ... : 1 1 15 332 91 103 1054
 ... : 1 1 15 332 92 128 1118
 ... : 1 1 15 332 93 161 1179
 ... : 1 1 15 332 94 182 1280
 ... : 1 1 15 332 94 185 1404
 ... : 1 1 15 332 96 208 1476
 ... : 1 1 15 332 97 216 1562
 ... : 1 1 15 332 102 240 1627
 ... : 1 1 15 332 106 271 1685
 ... : 1 1 15 332 110 294 1741
 ... : 1 1 15 332 115 321 1802
 ... : 1 1 15 332 124 343 1864
 ... : 1 1 15 332 125 361 1967
 ... : 1 1 15 332 125 390 2038
 ... : 1 1 15 332 129 409 2033
 ... : 1 1 15 332 131 440 2093
 ... : 1 1 15 332 132 474 2157
 ... : 1 1 15 332 139 500 2215
 ... : 1 1 15 332 143 525 2276
 ... : 1 1 15 332 153 552 2344
 ... : 1 1 15 332 157 589 2398
 ... : 1 1 15 332 157 619 2471
 ... : 1 1 15 332 157 664 2529
 ... : 1 1 15 332 158 712 2594
 ... : 1 1 15 332 159 753 2669
 ... : 1 1 15 332 161 795 2726
 ... : 1 1 15 332 165 843 2786
 ... : 1 1 15 332 167 898 2849
 ... : 1 1 15 332 169 948 2914
 ... : 1 1 15 332 169 1001 2975
