initialized model with 3519 latches, 1071 inputs and 1 properties
tsim: performed 9 steps
tsim: found cycle from 7
checking bound 0
checking bound 1
checking bound 2
tdecomp: unrolling 2 cycles
tsim: performed 7 steps
tsim: found cycle from 5
tsim: found 2 constants and 0 latch equivalences
tdecomp: (3519, 4284) -> (3467, 2793)
 ... : 200
 ... : 401
 ... : 602
 ... : 803
 ... : 1004
 ... : 1205
 ... : 1406
 ... : 1607
 ... : 1808
 ... : 2009
   2 : 919 1242
 ... : 919 1442
 ... : 918 1643
 ... : 918 1844
 ... : 918 2045
 ... : 918 2246
 ... : 917 2447
 ... : 917 2648
   3 : 904 1460 1261
 ... : 904 1460 1461
 ... : 904 1460 1661
 ... : 904 1459 1862
 ... : 904 1459 2063
   4 : 904 1446 836 1306
 ... : 904 1446 836 1506
 ... : 904 1446 836 1707
 ... : 904 1446 836 1908
 ... : 904 1446 836 2109
   5 : 904 1446 835 1055 1187
 ... : 904 1446 835 1039 1385
 ... : 904 1446 835 1006 1578
 ... : 904 1446 835 1023 1665
 ... : 904 1446 835 1027 1797
 ... : 904 1446 835 997 1955
 ... : 904 1446 835 999 2039
 ... : 904 1446 834 1006 2101
 ... : 904 1446 831 992 2153
 ... : 904 1446 831 1006 2235
 ... : 904 1446 831 1007 2298
 ... : 904 1446 830 1019 2352
 ... : 904 1446 830 1035 2427
 ... : 904 1446 829 1028 2512
 ... : 904 1446 828 1035 2603
 ... : 904 1446 834 992 2581
 ... : 904 1446 832 987 2652
 ... : 904 1446 831 1015 2734
 ... : 904 1446 831 1039 2800
 ... : 904 1446 830 1045 2884
 ... : 904 1446 830 1047 2974
 ... : 904 1446 828 1035 3071
 ... : 904 1446 827 1046 3142
 ... : 904 1446 827 1069 3211
 ... : 904 1446 824 1089 3278
 ... : 904 1446 821 1107 3352
 ... : 904 1446 819 1112 3425
 ... : 904 1446 817 1135 3500
 ... : 904 1446 817 1137 3606
 ... : 904 1446 815 1135 3651
 ... : 904 1446 814 1159 3715
 ... : 904 1446 814 1207 3786
 ... : 904 1446 814 1252 3849
 ... : 904 1446 814 1293 3913
 ... : 904 1446 814 1328 3975
 ... : 904 1446 814 1350 4026
 ... : 904 1446 813 1393 4081
 ... : 904 1446 812 1414 4143
 ... : 904 1446 810 1438 4196
 ... : 904 1446 810 1388 4250
 ... : 904 1446 803 1357 4346
 ... : 904 1446 800 1331 4436
 ... : 904 1446 796 1300 4490
 ... : 904 1446 793 1257 4498
 ... : 904 1446 791 1266 4562
 ... : 904 1446 792 1291 4624
 ... : 904 1446 794 1311 4667
 ... : 904 1446 795 1332 4720
 ... : 904 1446 796 1324 4778
 ... : 904 1446 797 1336 4824
 ... : 904 1446 808 1353 4879
 ... : 904 1444 811 1347 4919
 ... : 904 1444 809 1317 4985
 ... : 904 1444 802 1326 5083
 ... : 904 1444 802 1349 5182
 ... : 904 1444 798 1336 5300
 ... : 904 1444 800 1353 5367
 ... : 904 1444 795 1348 5459
 ... : 904 1444 792 1348 5535
 ... : 904 1443 790 1337 5649
 ... : 904 1443 791 1319 5703
 ... : 904 1443 787 1302 5818
 ... : 904 1443 784 1304 5890
 ... : 904 1443 783 1336 5953
 ... : 904 1443 781 1299 5998
 ... : 904 1443 776 1286 6122
 ... : 904 1443 772 1265 6183
 ... : 904 1443 768 1221 6244
 ... : 904 1443 765 1182 6235
 ... : 904 1443 763 1164 6295
 ... : 904 1443 762 1153 6418
   6 : 902 1436 711 641 1235 5428
 ... : 902 1436 711 641 1234 5628
 ... : 902 1436 711 641 1234 5829
 ... : 902 1436 711 641 1233 6029
 ... : 902 1436 711 641 1231 6222
 ... : 902 1436 711 641 1230 6359
 ... : 902 1436 711 641 1229 6559
 ... : 902 1436 711 641 1227 6756
 ... : 902 1436 711 638 1218 6938
 ... : 902 1436 711 638 1213 7128
 ... : 902 1436 711 638 1212 7324
 ... : 902 1436 711 638 1212 7458
 ... : 902 1436 711 638 1212 7646
 ... : 902 1436 711 638 1212 7746
 ... : 902 1436 711 638 1211 7879
   7 : 902 1436 708 618 1089 2004 6044
 ... : 902 1436 708 618 1089 1941 6242
 ... : 902 1436 708 618 1089 1873 6443
 ... : 902 1436 708 618 1089 1784 6621
 ... : 902 1436 708 618 1089 1767 6788
 ... : 902 1436 708 618 1089 1764 6875
 ... : 902 1436 708 618 1089 1750 7014
 ... : 902 1436 708 617 1089 1749 7146
 ... : 902 1436 708 617 1089 1747 7284
 ... : 902 1436 708 617 1089 1747 7371
 ... : 902 1436 708 617 1089 1747 7438
 ... : 902 1436 708 617 1089 1747 7525
 ... : 902 1436 708 617 1089 1748 7625
 ... : 902 1436 708 617 1089 1748 7711
 ... : 902 1436 708 617 1089 1748 7810
 ... : 902 1436 708 617 1089 1748 7889
 ... : 902 1436 708 617 1088 1748 8000
 ... : 902 1436 708 617 1088 1748 8108
 ... : 902 1436 708 616 1088 1748 8242
 ... : 902 1436 708 616 1088 1748 8313
 ... : 902 1436 708 616 1088 1747 8432
 ... : 902 1436 708 616 1088 1743 8530
 ... : 902 1436 708 616 1088 1743 8634
 ... : 902 1436 708 616 1088 1743 8710
 ... : 902 1436 708 616 1088 1742 8808
 ... : 902 1436 708 616 1088 1742 8902
 ... : 902 1436 708 616 1088 1742 8993
