initialized model with 3519 latches, 1071 inputs and 1 properties
tsim: performed 9 steps
tsim: found cycle from 7
checking bound 0
checking bound 1
checking bound 2
tdecomp: unrolling 2 cycles
tsim: performed 7 steps
tsim: found cycle from 5
tsim: found 2 constants and 0 latch equivalences
tdecomp: (3519, 4284) -> (3451, 2758)
 ... : 200
   2 : 143 113
   3 : 140 92 119
   4 : 140 90 43 115
   5 : 140 90 43 32 92
   6 : 140 90 43 32 9 94
   7 : 140 90 43 32 4 8 114
 ... : 140 90 43 32 4 8 202
 ... : 140 90 43 32 4 8 276
   8 : 140 90 43 32 3 2 10 289
 ... : 140 90 43 32 3 2 10 380
 ... : 140 90 43 32 3 2 10 451
 ... : 140 90 43 32 3 3 11 507
 ... : 140 90 43 32 3 3 16 575
 ... : 140 90 43 32 3 3 16 615
 ... : 140 90 43 32 3 4 16 658
 ... : 140 90 43 32 3 5 21 723
   9 : 140 90 43 32 3 4 8 15 695
 ... : 140 90 43 32 3 4 8 15 800
 ... : 140 90 43 32 3 4 8 15 869
 ... : 140 90 43 32 3 4 8 15 933
 ... : 140 90 43 32 3 4 8 17 1011
 ... : 140 90 43 32 3 4 8 17 1082
 ... : 140 90 43 32 3 4 8 23 1153
 ... : 140 90 43 32 3 4 10 31 1226
 ... : 140 90 43 32 3 4 10 37 1294
 ... : 140 90 43 32 3 4 10 46 1351
 ... : 140 90 43 32 3 4 10 46 1416
 ... : 140 90 43 32 3 4 10 46 1470
 ... : 140 90 43 32 3 4 9 11 1518
  10 : 140 90 43 32 3 4 8 11 55 1446
 ... : 140 90 43 32 3 4 8 11 55 1529
 ... : 140 90 43 32 3 4 8 11 55 1608
 ... : 140 90 43 32 3 4 8 11 55 1683
 ... : 140 90 43 32 3 4 8 11 59 1751
 ... : 140 90 43 32 3 4 8 11 60 1817
 ... : 140 90 43 32 3 4 8 11 61 1891
 ... : 140 90 43 32 3 4 8 11 64 1962
  11 : 140 90 43 32 3 4 8 10 27 95 1909
 ... : 140 90 43 32 3 4 8 10 27 90 1989
 ... : 140 90 43 32 3 4 8 10 27 90 2060
 ... : 140 90 43 32 3 4 8 10 27 90 2129
 ... : 140 90 43 32 3 4 8 10 27 90 2201
 ... : 140 90 43 32 3 4 8 10 27 92 2274
 ... : 140 90 43 32 3 4 8 10 27 97 2340
 ... : 140 90 43 32 3 4 8 10 27 112 2407
 ... : 140 90 43 32 3 4 8 10 27 114 2468
 ... : 140 90 43 32 3 4 8 10 27 115 2536
 ... : 140 90 43 32 3 4 8 10 27 119 2609
 ... : 140 90 43 32 3 4 8 10 29 126 2676
 ... : 140 90 43 32 3 4 8 10 32 132 2733
 ... : 140 90 43 32 3 4 8 10 32 134 2800
 ... : 140 90 43 32 3 4 8 10 32 135 2866
 ... : 140 90 43 32 3 4 8 10 33 138 2923
 ... : 140 90 43 32 3 4 8 10 34 143 2973
 ... : 140 90 43 32 3 4 8 10 36 145 3039
 ... : 140 90 43 32 3 4 8 10 37 150 3106
 ... : 140 90 43 32 3 4 8 10 38 156 3167
 ... : 140 90 43 32 3 4 8 10 39 157 3234
 ... : 140 90 43 32 3 4 8 10 39 159 3301
 ... : 140 90 43 32 3 4 8 10 39 161 3368
 ... : 140 90 43 32 3 4 8 10 40 165 3429
 ... : 140 90 43 32 3 4 8 10 40 165 3492
 ... : 140 90 43 32 3 4 8 10 41 170 3549
 ... : 140 90 43 32 3 4 8 10 41 171 3608
 ... : 140 90 43 32 3 4 8 10 42 180 3663
 ... : 140 90 43 32 3 4 8 11 44 183 3725
 ... : 140 90 43 32 3 4 8 11 45 183 3788
 ... : 140 90 43 32 3 4 8 11 48 186 3852
 ... : 140 90 43 32 3 4 8 11 49 189 3914
 ... : 140 90 43 32 3 4 8 11 52 191 3978
 ... : 140 90 43 32 3 4 8 15 56 196 4041
 ... : 140 90 43 32 3 4 8 16 60 200 4106
 ... : 140 90 43 32 3 4 8 17 64 205 4166
 ... : 140 90 43 32 3 4 8 18 65 206 4230
 ... : 140 90 43 32 3 4 8 18 67 210 4293
 ... : 140 90 43 32 3 4 8 18 71 214 4358
 ... : 140 90 43 32 3 4 8 18 72 216 4423
 ... : 140 90 43 32 3 4 8 21 75 221 4485
 ... : 140 90 43 32 3 4 8 21 79 225 4546
 ... : 140 90 43 32 3 4 8 22 82 228 4611
 ... : 140 90 43 32 3 4 8 22 84 234 4676
 ... : 140 90 43 32 3 4 8 22 88 239 4740
 ... : 140 90 43 32 3 4 8 23 92 247 4800
 ... : 140 90 43 32 3 4 8 23 94 252 4865
 ... : 140 90 43 32 3 4 8 23 98 255 4928
 ... : 140 90 43 32 3 4 8 23 103 263 4989
 ... : 140 90 43 32 3 4 8 24 105 266 5054
 ... : 140 90 43 32 3 4 8 26 113 271 5113
 ... : 140 90 43 32 3 4 8 27 122 274 5163
 ... : 140 90 43 32 3 4 8 27 127 280 5222
 ... : 140 90 43 32 3 4 8 28 135 282 5284
 ... : 140 90 43 32 3 4 8 28 140 289 5347
 ... : 140 90 43 32 3 4 8 29 144 294 5412
 ... : 140 90 43 32 3 4 8 32 152 298 5472
 ... : 140 90 43 32 3 4 8 37 163 302 5527
 ... : 140 90 43 32 3 4 8 28 89 260 5566
  12 : 140 90 43 32 3 4 6 6 23 33 76 5464
  13 : 140 90 43 32 3 4 6 6 20 30 60 183 5334
  14 : 140 90 43 32 3 4 6 6 20 30 60 176 31 5326
  15 : 140 90 43 32 3 4 6 6 20 30 60 164 21 19 5335
  16 : 140 90 43 32 3 4 6 6 20 30 58 124 9 3 15 5421
 ... : 140 90 43 32 3 4 6 6 20 30 58 124 9 3 12 5496
 ... : 140 90 43 32 3 4 6 6 20 30 58 124 9 3 12 5566
 ... : 140 90 43 32 3 4 6 6 20 30 58 124 9 3 20 5637
 ... : 140 90 43 32 3 4 6 6 20 30 58 124 9 3 22 5712
 ... : 140 90 43 32 3 4 6 6 20 30 58 124 9 3 22 5785
  17 : 140 90 43 32 3 4 6 6 20 30 58 82 8 2 10 47 5781
  18 : 140 90 43 32 3 4 6 6 20 30 58 82 5 1 8 44 79 5709
  19 : 140 90 43 32 3 4 6 6 20 30 58 82 5 1 8 44 72 42 5692
  20 : 140 90 43 32 3 4 6 6 20 30 57 79 1 0 8 44 72 42 5693 8
num_solve_calls = 382305
num_solve_sat_calls = 60606
num_solve_unsat_calls = 7661
num_solve_approx_calls = 292388
num_solve_approx_unsat_calls = 239935
num_solve_conflicts = 125189
num_solve_decisions = 57852849
num_solve_propagations = 1302240388
avg_solve_conflicts = 1
avg_solve_decisions = 152
avg_solve_propagations = 3407
avg_solve_unsat_decisions = 7.280
stddev_solve_unsat_decisions = 102.103
num_added_cubes = 56912
num_subsumed_cubes = 50534
num_gc_frame = 130
num_reset = 22
num_try_blocking = 124076
get_bad_cube_time = 179.430
rec_block_cube_time = 225.365
propagate_forward_time = 8.902
generalize_model_time = 128.727
generalize_and_push_time = 23.160
try_blocking_time = 156.953
reset_time = 9.376
clausify_time = 9.118
preprocess_time = 6.888
solve_time = 312.055
solve_sat_time = 177.634
solve_unsat_time = 134.421
prove_time = 421.555
memory_used_mb = 133
total_time = 423.168
Safe
