initialized model with 3519 latches, 1071 inputs and 1 properties
tsim: performed 9 steps
tsim: found cycle from 7
checking bound 0
checking bound 1
checking bound 2
tdecomp: unrolling 2 cycles
tsim: performed 7 steps
tsim: found cycle from 5
tsim: found 2 constants and 0 latch equivalences
tdecomp: (3519, 4284) -> (3467, 2764)
 ... : 200
 ... : 401
 ... : 602
 ... : 803
 ... : 1004
 ... : 1205
 ... : 1406
 ... : 1607
 ... : 1808
   2 : 860 1033
 ... : 859 1233
 ... : 859 1434
 ... : 859 1635
 ... : 859 1836
 ... : 859 2037
 ... : 857 2238
 ... : 857 2439
 ... : 857 2640
 ... : 857 2840
 ... : 857 3039
 ... : 857 3240
 ... : 856 3441
 ... : 855 3642
 ... : 855 3843
 ... : 855 4044
 ... : 855 4245
 ... : 855 4446
 ... : 855 4647
 ... : 855 4848
 ... : 854 5049
 ... : 852 5250
 ... : 851 5451
 ... : 851 5652
 ... : 849 5853
 ... : 847 6054
 ... : 845 6255
 ... : 845 6456
 ... : 842 6657
 ... : 840 6858
 ... : 838 7059
 ... : 837 7260
 ... : 837 7461
 ... : 835 7662
 ... : 834 7863
 ... : 830 8064
 ... : 830 8265
 ... : 828 8465
 ... : 827 8665
 ... : 827 8866
 ... : 827 9067
 ... : 825 9268
 ... : 824 9469
 ... : 824 9669
 ... : 824 9870
 ... : 824 10071
 ... : 819 10272
 ... : 804 10473
 ... : 795 10674
 ... : 794 10875
 ... : 794 11076
 ... : 794 11276
 ... : 794 11477
 ... : 794 11678
 ... : 794 11879
   3 : 778 8799 3128
 ... : 778 8799 3328
 ... : 778 8798 3529
 ... : 778 8798 3730
 ... : 778 8797 3931
 ... : 778 8797 4132
 ... : 777 8797 4333
 ... : 777 8797 4534
 ... : 777 8796 4735
 ... : 777 8796 4936
 ... : 777 8796 5137
 ... : 777 8796 5338
 ... : 777 8796 5539
 ... : 777 8795 5740
 ... : 777 8795 5941
 ... : 777 8795 6142
 ... : 777 8795 6343
 ... : 777 8795 6544
 ... : 777 8795 6742
 ... : 777 8795 6943
 ... : 777 8795 7144
