initialized model with 3519 latches, 1071 inputs and 1 properties
tsim: performed 9 steps
tsim: found cycle from 7
checking bound 0
checking bound 1
checking bound 2
tdecomp: unrolling 2 cycles
tsim: performed 7 steps
tsim: found cycle from 5
tsim: found 2 constants and 0 latch equivalences
tdecomp: (3519, 4284) -> (3455, 2759)
 ... : 200
 ... : 401
 ... : 602
 ... : 803
 ... : 1004
 ... : 1205
   2 : 809 556
   3 : 809 180 376
 ... : 808 193 526
 ... : 808 230 602
 ... : 806 255 709
 ... : 805 286 783
 ... : 805 306 898
 ... : 805 324 1021
 ... : 805 348 1123
 ... : 805 383 1166
 ... : 805 416 1239
 ... : 805 449 1313
 ... : 805 482 1405
 ... : 805 507 1495
 ... : 805 536 1567
 ... : 805 570 1624
 ... : 805 606 1690
 ... : 805 644 1755
 ... : 804 691 1821
 ... : 804 732 1889
 ... : 804 774 1952
 ... : 804 826 2017
 ... : 804 867 2071
 ... : 804 904 2135
 ... : 804 949 2201
 ... : 804 998 2266
 ... : 804 1044 2330
 ... : 804 1084 2396
 ... : 804 1118 2460
 ... : 804 1160 2524
 ... : 804 1206 2585
 ... : 804 1238 2554
 ... : 804 1278 2619
   4 : 803 1240 732 1815
   5 : 801 1240 723 362 1493
   6 : 801 1240 710 349 51 1504
   7 : 801 1239 708 331 24 76 1575
 ... : 801 1239 708 331 24 76 1775
 ... : 801 1239 708 331 24 76 1975
   8 : 801 1236 709 330 24 72 239 1780
 ... : 801 1236 709 328 24 72 238 1980
 ... : 801 1236 709 328 24 72 238 2181
 ... : 801 1236 709 328 24 72 238 2382
 ... : 801 1236 709 328 24 72 238 2583
 ... : 801 1236 709 328 24 72 238 2784
 ... : 801 1236 709 328 24 72 238 2985
 ... : 801 1236 709 328 24 72 238 3186
 ... : 801 1236 709 328 24 72 238 3387
 ... : 801 1236 709 328 24 72 238 3588
 ... : 801 1236 709 328 24 72 238 3789
 ... : 801 1236 709 328 24 72 238 3990
 ... : 801 1236 709 328 24 72 238 4191
 ... : 801 1236 709 328 24 72 238 4392
 ... : 801 1236 709 328 24 72 238 4593
 ... : 801 1236 709 328 24 72 238 4794
   9 : 801 1233 706 325 24 69 230 2420 2459
 ... : 801 1233 706 325 24 69 230 2420 2659
 ... : 801 1233 706 325 24 68 230 2419 2860
 ... : 801 1233 706 325 24 68 230 2418 3061
 ... : 801 1233 706 325 24 68 230 2418 3262
 ... : 801 1233 706 325 24 68 230 2417 3462
 ... : 801 1233 706 325 24 68 230 2417 3663
 ... : 801 1233 706 325 24 68 230 2416 3863
 ... : 801 1233 706 325 24 68 230 2416 4064
 ... : 801 1233 706 325 24 68 230 2416 4265
 ... : 801 1233 706 325 24 68 230 2416 4466
 ... : 801 1233 706 325 24 68 230 2416 4667
 ... : 801 1233 706 325 24 68 230 2416 4868
 ... : 801 1233 706 325 24 68 230 2416 5069
 ... : 801 1233 706 325 24 68 230 2402 5270
 ... : 801 1233 706 325 24 68 230 2400 5471
 ... : 801 1233 706 325 24 68 230 2400 5672
 ... : 801 1233 706 325 24 68 230 2400 5873
 ... : 801 1233 706 325 24 68 230 2400 6074
 ... : 801 1233 706 325 24 68 230 2400 6275
 ... : 801 1233 706 325 24 68 230 2400 6476
 ... : 801 1232 706 325 24 68 230 2400 6675
 ... : 801 1232 706 325 24 68 230 2400 6876
 ... : 801 1232 706 325 24 68 230 2400 7077
 ... : 801 1232 706 325 24 68 230 2400 7278
 ... : 801 1232 706 325 24 68 230 2400 7477
 ... : 801 1232 706 325 24 68 230 2400 7678
 ... : 801 1232 706 325 24 68 230 2400 7879
 ... : 801 1232 706 325 24 68 230 2400 8079
 ... : 801 1232 706 325 24 68 230 2400 8280
 ... : 801 1232 706 325 24 68 230 2400 8481
 ... : 801 1232 706 325 24 68 230 2400 8682
 ... : 801 1232 706 325 24 68 230 2400 8883
 ... : 801 1232 706 325 24 68 230 2400 9084
 ... : 801 1232 706 325 24 68 230 2400 9285
 ... : 801 1232 706 325 24 68 230 2400 9486
 ... : 801 1232 706 325 24 68 230 2400 9687
 ... : 801 1232 706 325 24 68 230 2400 9888
 ... : 801 1232 706 325 24 68 230 2400 10088
 ... : 801 1232 706 325 24 68 230 2400 10289
 ... : 801 1232 706 325 24 68 230 2400 10490
 ... : 801 1232 706 325 24 68 230 2400 10691
 ... : 801 1232 706 325 24 68 230 2400 10892
 ... : 801 1232 706 325 24 68 230 2400 11093
 ... : 801 1232 706 325 24 68 230 2400 11294
 ... : 801 1232 706 325 24 68 230 2400 11495
 ... : 801 1232 706 325 24 68 230 2400 11696
 ... : 801 1232 706 325 24 68 230 2400 11897
 ... : 801 1232 706 325 24 68 230 2400 12098
 ... : 801 1232 706 325 24 68 230 2400 12299
 ... : 801 1232 706 325 24 68 230 2400 12500
 ... : 801 1232 705 325 24 68 230 2400 12701
 ... : 801 1232 705 325 24 68 230 2400 12902
 ... : 801 1232 705 325 24 68 230 2400 13103
