initialized model with 3519 latches, 1071 inputs and 1 properties
tsim: performed 9 steps
tsim: found cycle from 7
checking bound 0
checking bound 1
checking bound 2
tdecomp: unrolling 2 cycles
tsim: performed 7 steps
tsim: found cycle from 5
tsim: found 2 constants and 0 latch equivalences
tdecomp: (3519, 4284) -> (3454, 2759)
 ... : 200
 ... : 401
 ... : 602
 ... : 803
   2 : 399 427
 ... : 404 608
 ... : 446 689
 ... : 483 767
 ... : 518 821
   3 : 495 532 389
 ... : 495 546 542
 ... : 497 581 590
 ... : 498 604 701
 ... : 507 634 765
 ... : 516 666 817
 ... : 522 690 844
 ... : 532 715 901
 ... : 539 729 959
 ... : 540 753 1024
   4 : 533 698 519 550
 ... : 533 698 523 728
 ... : 533 698 543 865
 ... : 535 701 564 929
 ... : 544 716 574 998
 ... : 544 718 585 1107
 ... : 544 726 602 1181
 ... : 547 731 612 1272
 ... : 548 737 627 1312
 ... : 551 745 644 1363
 ... : 551 745 643 1503
 ... : 556 755 654 1567
 ... : 563 768 682 1606
 ... : 565 772 691 1688
 ... : 570 788 706 1698
 ... : 576 791 724 1740
   5 : 567 783 592 1086 725
 ... : 567 783 592 1085 844
 ... : 567 783 592 1091 936
 ... : 567 783 592 1115 1031
 ... : 567 783 592 1168 1116
 ... : 567 783 592 1212 1187
 ... : 567 783 592 1261 1253
 ... : 567 783 592 1311 1325
 ... : 567 783 592 1361 1381
 ... : 567 783 592 1409 1442
 ... : 567 783 592 1462 1509
 ... : 567 783 592 1513 1575
 ... : 567 783 592 1569 1642
 ... : 567 783 592 1616 1709
 ... : 567 783 592 1669 1775
 ... : 567 783 592 1717 1844
 ... : 567 783 592 1761 1912
 ... : 567 783 592 1812 1975
 ... : 567 783 592 1855 2038
 ... : 567 783 592 1896 2124
 ... : 567 783 592 1946 2187
 ... : 567 783 590 1969 2237
 ... : 567 783 590 2017 2306
 ... : 567 783 590 2072 2372
 ... : 567 783 590 2105 2467
 ... : 567 783 589 2138 2539
 ... : 567 783 589 2186 2619
 ... : 567 783 589 2241 2677
 ... : 567 783 589 2302 2742
 ... : 567 783 589 2344 2804
 ... : 567 783 589 2391 2872
 ... : 567 783 589 2440 2933
 ... : 567 783 590 2477 2994
 ... : 567 783 591 2525 3052
 ... : 567 783 591 2570 3119
 ... : 567 783 592 2619 3185
 ... : 571 787 593 2650 3241
 ... : 571 787 594 2668 3305
 ... : 571 787 594 2688 3373
 ... : 571 787 594 2720 3416
 ... : 571 787 593 2751 3477
 ... : 571 788 594 2779 3535
 ... : 571 788 594 2809 3601
 ... : 571 788 594 2867 3657
 ... : 571 788 592 2880 3679
 ... : 571 788 591 2934 3737
 ... : 571 788 591 2997 3766
 ... : 571 788 591 3059 3828
 ... : 571 788 591 3117 3882
 ... : 571 788 589 3053 3753
 ... : 571 788 587 3076 3791
 ... : 571 790 593 3115 3831
 ... : 571 790 593 3172 3894
 ... : 572 791 594 3211 3954
 ... : 574 792 594 3261 4012
 ... : 578 796 595 3308 4060
 ... : 579 798 596 3341 4107
 ... : 581 801 598 3330 4123
 ... : 582 806 598 3324 4080
 ... : 583 809 599 3293 4038
 ... : 583 809 601 3337 4092
 ... : 583 813 602 3378 4136
 ... : 583 813 601 3404 4178
 ... : 587 818 606 3418 4222
 ... : 587 822 608 3464 4275
 ... : 586 818 601 3490 4336
 ... : 588 822 603 3527 4378
 ... : 588 822 603 3564 4440
 ... : 588 824 609 3607 4459
 ... : 595 828 610 3653 4498
 ... : 595 828 608 3674 4540
 ... : 597 830 611 3707 4592
 ... : 598 831 612 3760 4653
 ... : 598 832 610 3786 4700
 ... : 598 832 610 3847 4761
 ... : 598 832 610 3900 4820
 ... : 598 832 612 3944 4884
 ... : 598 832 612 3994 4933
 ... : 598 835 614 4039 4988
 ... : 600 839 621 4061 5040
 ... : 604 846 623 4072 5064
 ... : 610 862 626 4109 5102
 ... : 611 864 627 4144 5144
 ... : 609 864 628 4174 5192
 ... : 609 864 621 4027 5121
 ... : 609 865 624 4063 5178
 ... : 609 865 625 4110 5235
 ... : 611 862 620 4089 5263
 ... : 611 863 619 4144 5308
 ... : 612 864 616 4049 5240
 ... : 612 864 616 4107 5306
 ... : 612 864 616 4169 5366
 ... : 612 864 616 4224 5430
 ... : 612 864 616 4284 5492
 ... : 612 864 616 4339 5556
 ... : 612 864 616 4393 5616
 ... : 612 864 616 4448 5675
 ... : 612 863 613 4409 5682
 ... : 612 864 615 4408 5738
 ... : 612 864 615 4448 5799
 ... : 612 864 615 4483 5844
 ... : 610 863 610 4496 5838
 ... : 610 863 609 4507 5854
 ... : 610 863 611 4538 5904
 ... : 610 864 611 4590 5960
 ... : 611 865 612 4635 6001
 ... : 611 865 611 4637 5996
 ... : 613 868 608 4577 5965
 ... : 613 869 608 4617 6018
 ... : 610 868 605 4638 6060
 ... : 610 868 605 4693 6117
 ... : 610 868 604 4745 6181
 ... : 610 868 604 4793 6240
 ... : 610 873 607 4834 6288
 ... : 610 874 607 4809 6293
 ... : 610 874 605 4849 6338
 ... : 610 874 604 4839 6326
 ... : 610 874 604 4898 6390
 ... : 610 874 602 4880 6397
 ... : 611 874 600 4935 6449
 ... : 611 874 599 4967 6508
 ... : 611 879 602 4969 6490
 ... : 611 878 590 4945 6508
 ... : 611 874 586 4862 6452
 ... : 611 874 584 4859 6445
 ... : 611 874 581 4765 6372
 ... : 613 876 578 4643 6288
 ... : 613 876 571 4526 6136
 ... : 613 876 564 4373 5961
 ... : 613 876 561 4316 5933
 ... : 616 876 554 4080 5655
tdecomp: completing cex trace with 2 initial steps
seqsimpl: completing cex trace with simulation
num_solve_calls = 2416124
num_solve_sat_calls = 307834
num_solve_unsat_calls = 19732
num_solve_approx_calls = 2167362
num_solve_approx_unsat_calls = 1880378
num_solve_conflicts = 256353
num_solve_decisions = 103663131
num_solve_propagations = 6999975303
avg_solve_conflicts = 1
avg_solve_decisions = 43
avg_solve_propagations = 2898
avg_solve_unsat_decisions = 3.420
stddev_solve_unsat_decisions = 58.057
num_added_cubes = 22114
num_subsumed_cubes = 10475
num_gc_frame = 8
num_reset = 44
num_try_blocking = 208837
get_bad_cube_time = 256.890
rec_block_cube_time = 936.837
propagate_forward_time = 3.719
generalize_model_time = 207.804
generalize_and_push_time = 171.150
try_blocking_time = 775.953
reset_time = 17.415
clausify_time = 7.998
preprocess_time = 12.686
solve_time = 971.948
solve_sat_time = 510.898
solve_unsat_time = 461.050
prove_time = 1200.135
memory_used_mb = 180
total_time = 1202.367
Unsafe
