initialized model with 3519 latches, 1071 inputs and 1 properties
tsim: performed 9 steps
tsim: found cycle from 7
checking bound 0
checking bound 1
checking bound 2
tdecomp: unrolling 2 cycles
tsim: performed 7 steps
tsim: found cycle from 5
tsim: found 2 constants and 0 latch equivalences
tdecomp: (3519, 4284) -> (3466, 2793)
 ... : 200
 ... : 401
 ... : 602
 ... : 803
 ... : 1004
 ... : 1205
 ... : 1406
 ... : 1607
 ... : 1808
   2 : 770 1153
 ... : 770 1353
 ... : 769 1554
 ... : 769 1755
 ... : 767 1955
   3 : 751 980 1095
 ... : 751 980 1295
 ... : 751 980 1496
 ... : 751 980 1697
 ... : 751 980 1898
 ... : 751 980 2098
   4 : 749 979 691 1561
 ... : 749 979 691 1761
 ... : 749 979 691 1962
 ... : 749 979 690 2163
 ... : 749 979 690 2363
 ... : 749 979 689 2564
 ... : 749 979 700 2723
 ... : 749 978 713 2861
 ... : 749 978 733 2975
 ... : 749 978 736 3151
 ... : 747 978 725 3234
 ... : 744 979 725 3285
 ... : 744 991 745 3340
 ... : 744 1009 761 3410
 ... : 744 1014 759 3540
 ... : 743 1016 772 3641
 ... : 744 1024 792 3645
 ... : 744 1024 792 3769
 ... : 744 1025 812 3853
 ... : 744 1026 820 3956
 ... : 744 1030 839 4058
 ... : 744 1035 816 3889
 ... : 744 1035 774 3774
 ... : 742 1039 774 3801
 ... : 736 1046 779 3832
 ... : 734 1049 785 3883
 ... : 732 1042 774 3905
 ... : 729 1041 765 3990
 ... : 724 1042 776 4063
   5 : 718 1020 466 1324 2276
 ... : 718 1020 466 1317 2475
 ... : 717 1020 466 1232 2667
 ... : 717 1020 466 1203 2868
 ... : 717 1020 466 1181 3069
 ... : 716 1020 466 1150 3270
 ... : 716 1020 466 1117 3471
 ... : 716 1020 466 1092 3672
 ... : 716 1020 466 1084 3868
 ... : 716 1020 466 1076 4067
 ... : 716 1020 466 1070 4266
 ... : 716 1020 466 1059 4452
 ... : 716 1020 466 1038 4590
 ... : 716 1020 466 1051 4729
 ... : 716 1020 466 1043 4924
 ... : 716 1020 466 1044 5093
 ... : 716 1020 466 1040 5283
 ... : 716 1020 466 1040 5468
 ... : 716 1020 466 1052 5607
 ... : 716 1020 467 1070 5620
 ... : 716 1020 466 1066 5469
 ... : 716 1020 468 1058 5335
 ... : 716 1020 467 1054 5362
