initialized model with 55 latches, 21 inputs and 1 properties
tsim: reached all X state
tsim: performed 15 steps
checking bound 0
checking bound 1
checking bound 2
tdecomp: unrolling 2 cycles
tsim: reached all X state
tsim: performed 13 steps
tdecomp: no improvement found, reverting original model
   2 : 12 1
   3 : 12 49 31
   4 : 12 57 92 36
 ... : 12 57 83 133
   5 : 12 57 53 67 117
 ... : 12 57 51 93 235
 ... : 12 57 51 110 378
   6 : 12 57 50 109 144 324
 ... : 12 60 53 111 148 428
 ... : 12 63 56 118 157 510
   7 : 12 43 68 109 151 200 310
 ... : 12 43 68 109 151 198 396
 ... : 12 43 70 111 154 201 476
 ... : 12 43 70 111 154 197 535
 ... : 12 43 70 111 154 186 630
   8 : 12 43 70 111 154 163 74 648
 ... : 12 44 77 118 163 171 89 686
 ... : 12 44 78 118 165 174 92 843
 ... : 12 44 79 122 167 176 92 961
 ... : 12 45 80 129 177 189 104 968
 ... : 12 45 81 130 179 192 106 1019
 ... : 12 47 83 133 188 200 116 1040
 ... : 12 47 83 135 194 203 106 1082
 ... : 12 46 82 135 193 203 108 1103
   9 : 12 30 99 101 210 200 62 167 1004
 ... : 12 30 100 103 214 209 72 184 1036
 ... : 12 30 101 106 216 220 83 199 1074
 ... : 12 30 103 111 225 232 94 215 1098
 ... : 12 30 104 115 230 239 102 230 1120
 ... : 12 30 104 115 230 249 111 244 1154
 ... : 12 30 104 115 231 252 114 162 1260
  10 : 12 30 104 115 229 249 111 138 211 1065
 ... : 12 30 104 116 231 251 114 142 228 1133
 ... : 12 30 104 116 233 252 116 149 237 1227
  11 : 12 30 104 116 236 255 121 145 232 146 1167
 ... : 12 30 104 116 236 256 128 159 242 155 1185
 ... : 12 30 104 116 239 259 131 167 252 158 1231
 ... : 12 30 104 116 239 258 135 178 265 172 1262
  12 : 12 30 104 116 239 258 133 179 207 186 131 1156
 ... : 12 30 104 116 239 258 133 190 223 198 145 1174
 ... : 12 30 104 116 239 258 137 202 235 210 154 1198
 ... : 12 30 104 116 239 258 142 217 243 219 161 1217
 ... : 12 30 104 116 239 258 146 227 248 223 168 1230
 ... : 12 30 104 116 239 258 148 241 257 237 176 1249
 ... : 12 30 104 116 239 258 154 253 266 246 186 1266
 ... : 12 30 104 116 239 258 157 267 273 253 199 1287
 ... : 12 30 104 116 239 259 160 278 278 262 211 1297
 ... : 12 30 104 116 239 260 164 286 285 271 219 1311
 ... : 12 30 104 116 239 261 166 299 294 281 223 1321
 ... : 12 30 104 116 239 261 168 307 301 293 227 1331
 ... : 12 30 104 116 239 261 171 317 310 302 233 1343
 ... : 12 30 104 116 239 262 181 330 317 311 234 1354
 ... : 12 30 104 116 239 263 187 338 322 316 242 1364
 ... : 12 30 104 116 239 265 193 348 325 319 253 1379
 ... : 12 30 104 116 239 265 199 359 333 328 261 1392
  13 : 12 30 104 116 239 268 206 353 337 231 253 123 1283
 ... : 12 30 104 116 239 268 206 354 341 241 262 134 1312
 ... : 12 30 104 116 239 268 206 355 346 252 263 140 1344
 ... : 12 30 104 116 239 268 206 358 350 261 275 145 1357
 ... : 12 30 104 116 239 268 208 364 351 270 283 147 1372
 ... : 12 30 104 116 239 268 209 362 339 269 276 152 1389
 ... : 12 30 104 116 239 268 209 371 342 280 279 156 1407
 ... : 12 30 104 116 239 268 209 374 346 280 286 156 1423
  14 : 12 30 104 116 239 268 209 376 330 255 270 136 103 1367
 ... : 12 30 104 116 239 268 209 377 333 260 273 143 110 1391
 ... : 12 30 104 116 239 268 209 377 333 266 278 149 111 1407
  15 : 12 30 104 116 239 268 209 374 332 255 284 122 101 70 1377
  16 : 12 30 104 116 239 268 209 374 332 251 288 125 99 78 67 1348
  17 : 12 30 104 116 239 268 209 374 332 251 288 125 99 78 67 65 1296
  18 : 12 30 104 116 239 268 209 371 328 249 282 121 93 75 64 46 33 1315
  19 : 12 30 104 116 239 268 209 371 328 249 282 113 85 57 37 25 25 41 1374
  20 : 12 30 104 116 239 268 209 371 328 249 282 113 85 54 37 31 27 41 37 1350
  21 : 12 30 104 116 239 268 209 371 328 249 282 113 85 54 36 30 29 43 39 26 1333
  22 : 12 30 104 116 239 268 209 371 328 249 282 113 85 54 36 30 29 26 32 40 28 1332
  23 : 12 30 104 116 239 268 209 371 328 249 282 113 85 54 36 30 29 26 31 40 26 18 1329
  24 : 12 30 104 116 239 268 209 371 328 249 282 113 85 54 36 30 29 26 31 39 28 20 13 1326
  25 : 12 30 104 116 239 268 209 371 328 249 282 113 85 54 36 30 29 22 14 24 27 18 8 10 1367
  26 : 12 30 104 116 239 268 209 371 328 249 282 113 85 54 36 30 29 22 14 24 27 18 8 10 16 1353
 ... : 12 30 104 116 239 268 209 371 330 250 286 117 88 55 39 33 32 24 15 24 29 19 10 12 18 1357
 ... : 12 30 104 116 239 268 209 371 327 252 283 118 88 58 42 33 35 26 16 25 35 27 11 12 18 1357
 ... : 12 30 104 116 239 268 209 371 327 255 285 123 93 63 44 35 35 26 13 26 34 25 16 14 21 1359
 ... : 12 30 104 116 239 268 209 371 325 254 283 121 92 62 43 35 35 26 13 27 35 27 18 17 22 1362
  27 : 12 30 104 115 238 267 208 371 325 252 284 117 93 58 40 35 26 22 11 15 12 15 22 22 33 38 1355
 ... : 12 30 104 115 238 267 208 370 323 252 283 115 93 59 42 38 28 24 12 17 13 18 22 22 33 40 1359
  28 : 12 30 104 115 238 267 208 369 322 252 283 114 89 55 37 32 22 18 7 14 12 16 14 15 23 42 26 1356
 ... : 12 30 104 115 238 267 208 369 322 254 285 115 89 55 37 34 23 19 8 15 12 17 14 15 23 42 29 1361
 ... : 12 30 104 115 238 267 208 369 323 254 288 117 91 57 41 38 25 20 8 15 13 19 17 16 25 43 34 1371
 ... : 12 30 104 115 238 267 208 368 321 253 285 115 89 55 38 38 26 22 10 16 14 21 18 18 26 44 35 1372
 ... : 12 30 104 115 238 267 208 367 319 252 283 115 88 52 38 41 26 22 12 20 18 23 21 18 26 45 35 1372
 ... : 12 30 104 115 238 267 208 367 319 253 286 116 90 55 41 43 26 21 10 17 16 24 21 21 29 49 38 1374
 ... : 12 30 104 115 238 267 208 368 317 252 283 113 86 55 38 42 28 23 12 19 19 27 24 23 30 50 39 1375
 ... : 12 30 104 115 238 267 208 368 317 253 286 115 89 58 40 44 30 24 14 20 21 29 27 24 33 52 41 1378
 ... : 12 30 104 115 238 267 208 367 315 252 282 112 87 56 39 45 30 24 13 20 20 33 27 24 34 52 41 1379
 ... : 12 30 104 115 238 267 208 366 313 252 281 112 87 55 39 47 32 26 15 22 21 35 29 26 35 54 43 1381
 ... : 12 30 104 115 238 267 208 365 312 251 277 112 89 55 39 48 34 28 19 28 23 38 30 27 37 58 48 1383
 ... : 12 30 104 115 238 267 208 365 312 251 277 112 87 54 38 49 35 29 20 30 26 42 34 30 42 63 51 1389
 ... : 12 30 104 115 238 267 208 365 312 254 280 115 91 58 44 54 36 31 21 31 26 42 34 31 42 63 51 1390
 ... : 12 30 104 115 238 267 208 366 310 253 277 110 85 54 38 50 35 30 20 30 26 42 34 32 42 66 52 1391
 ... : 12 30 104 115 238 267 208 365 308 252 275 109 83 52 36 54 39 30 24 30 26 44 34 32 42 66 52 1393
 ... : 12 30 104 115 238 267 208 365 308 252 275 109 83 54 40 57 40 32 25 33 28 46 36 33 43 68 53 1395
 ... : 12 30 104 115 238 267 208 364 305 251 272 109 81 53 39 59 42 33 27 34 31 48 36 35 45 69 53 1395
 ... : 12 30 104 115 238 267 208 363 303 253 272 108 82 54 43 68 46 34 28 36 34 50 37 36 46 69 55 1398
 ... : 12 30 104 115 238 267 208 363 303 254 273 112 85 56 40 62 44 34 28 35 32 52 41 37 49 71 58 1404
 ... : 12 30 104 115 238 267 208 362 302 253 271 109 81 53 39 60 44 34 29 39 37 54 43 38 50 72 60 1405
 ... : 12 30 104 115 238 267 208 362 302 255 274 113 84 56 40 62 44 35 28 37 34 55 45 39 50 74 60 1407
 ... : 12 30 104 115 238 267 208 361 304 258 276 120 85 54 41 61 46 35 27 35 33 53 45 40 51 75 62 1411
 ... : 12 30 104 115 238 267 208 360 304 258 276 121 85 53 41 62 45 35 30 38 37 56 46 41 53 77 65 1413
 ... : 12 30 104 115 238 267 208 359 303 258 276 119 86 55 46 66 47 37 35 41 39 57 46 41 53 77 65 1413
 ... : 12 30 104 115 238 267 208 359 303 261 279 125 88 55 42 64 47 38 31 42 44 61 48 42 54 78 67 1417
 ... : 12 30 104 115 238 267 208 358 304 264 282 130 92 54 41 64 46 37 32 44 46 64 50 43 55 79 69 1420
 ... : 12 30 104 115 238 267 208 358 304 265 283 129 89 55 41 67 48 40 35 47 48 64 50 43 55 79 69 1420
 ... : 12 30 104 115 238 267 208 358 306 270 290 139 95 57 44 70 47 37 32 44 48 65 53 44 56 80 70 1421
 ... : 12 30 104 115 238 267 208 356 302 268 288 135 91 55 41 66 51 39 36 46 51 69 57 46 59 82 72 1423
 ... : 12 30 104 115 238 267 208 355 302 269 289 136 94 58 44 69 54 42 39 49 50 69 57 47 59 82 73 1424
 ... : 12 30 104 115 238 267 208 355 302 269 288 135 91 55 41 68 53 41 40 50 52 73 61 50 62 88 79 1430
 ... : 12 30 104 115 238 267 208 354 303 272 292 139 97 59 45 70 55 41 40 50 52 74 60 50 61 88 81 1433
 ... : 12 30 104 115 238 267 208 354 303 272 291 138 93 56 46 71 55 42 41 51 52 75 61 51 64 89 84 1434
 ... : 12 30 104 115 238 267 208 353 301 271 288 137 91 53 43 71 55 44 42 55 55 77 64 53 65 91 85 1436
 ... : 12 30 104 115 238 267 208 353 300 272 291 142 92 54 43 71 56 45 42 55 56 78 66 55 66 92 86 1437
 ... : 12 30 104 115 238 267 208 353 304 281 301 151 100 57 46 73 59 46 42 55 56 78 66 55 66 92 86 1440
 ... : 12 30 104 115 238 267 208 352 303 280 300 151 102 59 52 79 63 51 49 57 57 81 67 56 67 93 88 1443
 ... : 12 30 104 115 238 267 208 351 304 283 302 156 104 63 56 85 66 51 49 57 57 82 67 56 67 93 88 1443
 ... : 12 30 104 115 238 267 208 350 303 286 303 156 104 63 58 88 68 54 51 60 58 83 69 57 68 95 88 1443
 ... : 12 30 104 115 238 267 208 349 304 288 306 159 105 65 61 92 73 56 51 60 60 84 70 59 69 94 89 1444
 ... : 12 30 104 115 238 267 208 349 304 288 306 160 105 66 68 99 74 57 52 61 61 88 73 61 69 94 91 1445
 ... : 12 30 104 115 238 267 208 348 302 287 303 160 107 68 70 103 79 59 53 63 62 87 74 62 70 95 92 1448
 ... : 12 30 104 115 238 267 208 347 300 286 299 158 102 65 68 100 78 59 53 63 63 88 77 63 71 96 96 1454
 ... : 12 30 104 115 238 267 208 347 300 286 301 159 102 66 69 101 80 61 54 65 65 90 80 63 71 96 96 1455
 ... : 12 30 104 115 238 267 208 346 300 287 299 158 101 65 69 103 81 64 56 69 68 92 80 64 71 96 96 1455
 ... : 12 30 104 115 238 267 208 345 301 289 301 159 103 66 69 104 81 64 56 69 68 93 82 65 72 97 99 1456
 ... : 12 30 104 115 238 267 208 345 301 289 301 159 104 67 70 106 82 65 57 70 69 97 85 67 75 99 102 1461
 ... : 12 30 104 115 238 267 208 344 300 290 301 160 105 67 69 105 82 64 58 70 69 99 86 68 77 100 104 1463
 ... : 12 30 104 115 238 267 208 343 300 290 301 160 105 66 71 108 83 66 61 71 69 99 86 68 77 100 105 1463
 ... : 12 30 104 115 238 267 208 343 300 290 301 160 105 69 78 112 86 68 59 71 70 102 88 70 78 101 107 1466
 ... : 12 30 104 115 238 267 208 342 298 290 298 159 104 68 76 113 85 68 61 73 71 104 90 71 79 102 108 1467
 ... : 12 30 104 115 238 267 208 341 299 291 299 159 103 67 74 112 85 68 62 74 73 106 94 72 81 102 109 1467
 ... : 12 30 104 115 238 267 208 341 302 294 303 161 105 69 77 114 87 68 62 74 73 106 96 73 82 104 114 1473
 ... : 12 30 104 115 238 267 208 340 300 293 303 160 105 68 76 114 87 70 65 76 74 109 98 76 83 105 115 1475
 ... : 12 30 104 115 238 267 208 338 299 291 304 163 106 75 80 121 89 71 65 76 74 109 98 76 83 105 115 1475
 ... : 12 30 104 115 238 267 208 338 299 291 304 163 106 75 79 120 91 74 69 79 78 115 102 78 84 106 116 1476
 ... : 12 30 104 115 238 267 208 338 300 294 309 167 109 75 80 123 95 75 70 79 79 117 102 79 85 107 117 1479
 ... : 12 30 104 115 238 267 208 337 299 293 309 168 110 80 81 126 100 77 70 79 79 117 102 81 86 108 118 1482
 ... : 12 30 104 115 238 267 208 336 300 294 309 168 110 83 85 130 103 78 70 79 79 117 103 81 87 109 120 1485
 ... : 12 30 104 115 238 267 208 335 298 293 312 172 109 83 90 133 106 82 70 79 79 118 103 81 87 109 120 1485
 ... : 12 30 104 115 238 267 208 335 300 297 315 176 113 85 92 138 109 84 73 79 79 120 103 82 90 110 121 1488
 ... : 12 30 104 115 238 267 208 335 300 297 318 177 113 84 91 136 111 87 74 81 80 121 106 84 92 112 122 1491
 ... : 12 30 104 115 238 267 208 334 300 299 322 182 118 85 91 137 113 89 75 82 80 121 106 84 92 112 122 1491
 ... : 12 30 104 115 238 267 208 334 300 299 322 182 118 86 92 139 116 89 76 84 85 124 110 86 93 113 123 1493
 ... : 12 30 104 115 238 267 208 333 301 301 325 187 123 90 93 143 117 92 78 88 88 125 112 88 94 114 125 1496
 ... : 12 30 104 115 238 267 208 332 299 300 324 187 124 93 98 150 121 93 78 88 88 126 112 88 94 114 125 1496
 ... : 12 30 104 115 238 267 208 331 297 299 323 184 123 92 97 150 121 95 79 89 88 126 112 88 94 114 125 1496
 ... : 12 30 104 115 238 267 208 331 297 299 326 184 124 93 98 152 122 96 78 88 89 128 114 89 95 115 126 1497
 ... : 12 30 104 115 238 267 208 330 296 302 326 188 125 93 98 152 122 96 79 89 91 132 116 90 96 116 128 1500
 ... : 12 30 104 115 238 267 208 329 295 301 326 187 125 92 99 152 122 95 79 89 91 132 117 90 96 116 128 1500
 ... : 12 30 104 115 238 267 208 329 295 302 327 187 126 94 101 154 123 96 80 90 93 134 118 91 97 117 130 1503
 ... : 12 30 104 115 238 267 208 328 295 302 327 187 126 94 102 155 128 101 82 93 94 136 118 91 97 117 130 1503
 ... : 12 30 104 115 238 267 208 328 297 304 329 189 126 95 101 158 124 101 85 95 94 139 120 92 98 117 130 1504
 ... : 12 30 104 115 238 267 208 327 295 304 333 190 127 95 102 158 127 103 86 96 94 140 120 92 98 117 131 1504
 ... : 12 30 104 115 238 267 208 326 293 304 330 189 126 95 101 160 129 103 85 96 95 143 123 93 99 118 132 1505
 ... : 12 30 104 115 238 267 208 325 290 302 329 187 126 95 103 161 128 103 86 98 98 144 126 95 100 118 132 1505
 ... : 12 30 104 115 238 267 208 324 290 304 333 191 128 95 103 162 129 104 87 99 100 147 127 94 101 119 134 1508
 ... : 12 30 104 115 238 267 208 324 292 311 340 201 133 96 105 164 132 104 87 100 100 148 128 95 102 120 136 1511
 ... : 12 30 104 115 238 267 208 322 290 311 337 199 130 94 103 164 130 104 87 100 100 150 129 97 103 122 137 1511
 ... : 12 30 104 115 238 267 208 322 290 311 338 199 130 94 103 166 135 105 90 103 103 153 131 98 105 122 140 1514
 ... : 12 30 104 115 238 267 208 322 290 311 338 199 130 95 104 167 134 106 90 103 105 156 134 101 106 123 141 1516
 ... : 12 30 104 115 238 267 208 322 287 311 338 201 128 92 102 167 135 107 90 103 103 155 134 101 107 124 143 1519
 ... : 12 30 104 115 238 267 208 322 287 311 338 197 127 91 101 166 134 107 93 106 107 157 136 103 108 124 143 1519
 ... : 12 30 104 115 238 267 208 322 287 314 343 204 133 94 105 170 136 109 94 106 107 158 136 102 108 125 145 1522
 ... : 12 30 104 115 238 267 208 322 287 315 345 209 135 98 106 173 138 111 95 106 107 159 136 103 109 126 146 1525
 ... : 12 30 104 115 238 267 208 322 287 317 346 213 136 101 109 177 140 111 97 109 111 164 139 104 110 127 147 1526
 ... : 12 30 104 115 238 267 208 322 287 318 347 219 142 102 111 180 143 113 97 109 111 164 139 104 110 127 148 1527
 ... : 12 30 104 115 238 267 208 321 287 320 350 221 145 104 113 183 147 116 100 110 114 166 141 105 111 129 148 1527
 ... : 12 30 104 115 238 267 208 321 288 321 354 223 147 103 112 185 149 119 103 115 116 167 141 105 111 129 150 1527
 ... : 12 30 104 115 238 267 208 321 286 322 355 230 149 105 114 189 150 120 103 115 116 168 141 106 112 131 152 1530
 ... : 12 30 104 115 238 267 208 321 286 324 354 230 150 103 114 190 156 123 106 116 116 168 141 106 112 132 153 1530
 ... : 12 30 104 115 238 267 208 320 285 323 354 230 146 101 110 188 154 121 106 116 116 170 142 107 112 132 155 1529
 ... : 12 30 104 115 238 267 208 319 285 327 357 239 148 105 113 192 157 123 106 116 116 170 142 107 112 132 155 1529
 ... : 12 30 104 115 238 267 208 319 284 326 356 238 148 104 115 191 163 127 109 117 117 171 144 108 112 132 155 1529
 ... : 12 30 104 115 238 267 208 319 287 333 363 241 148 104 113 192 159 126 109 118 119 175 147 109 113 133 157 1532
 ... : 12 30 104 115 238 267 208 319 286 333 362 241 150 104 114 192 160 126 109 118 119 177 147 110 115 136 160 1534
 ... : 12 30 104 115 238 267 208 319 285 333 363 242 152 104 113 194 160 128 109 118 119 178 148 111 117 138 161 1536
 ... : 12 30 104 115 238 267 208 319 283 331 362 240 149 103 112 193 159 126 109 118 119 179 148 111 117 138 162 1536
 ... : 12 30 104 115 238 267 208 319 283 331 363 240 149 105 114 195 161 127 110 119 121 181 150 112 118 139 163 1538
 ... : 12 30 104 115 238 267 208 318 284 333 367 244 153 109 116 196 163 128 111 120 122 182 153 114 118 139 163 1538
 ... : 12 30 104 115 238 267 208 318 284 333 367 244 153 111 118 197 164 130 113 121 124 184 152 116 119 140 164 1539
 ... : 12 30 104 115 238 267 208 317 281 332 365 242 150 106 115 198 165 130 113 121 122 183 153 117 121 141 165 1541
 ... : 12 30 104 115 238 267 208 316 279 331 362 241 147 104 114 197 164 129 112 120 122 184 154 118 123 144 166 1543
 ... : 12 30 104 115 238 267 208 315 278 331 363 241 146 104 114 198 165 131 113 121 122 184 154 118 123 144 166 1543
 ... : 12 30 104 115 238 267 208 315 278 331 363 243 146 105 116 202 167 132 114 122 124 188 158 121 126 146 168 1546
 ... : 12 30 104 115 238 267 208 314 279 334 365 247 148 107 117 203 169 133 115 123 126 189 160 122 127 147 168 1546
 ... : 12 30 104 115 238 267 208 313 279 335 366 251 150 109 119 209 173 135 115 123 126 190 161 122 127 147 169 1547
 ... : 12 30 104 115 238 267 208 313 282 338 368 251 151 110 122 211 178 135 118 127 129 191 163 124 128 148 170 1548
 ... : 12 30 104 115 238 267 208 312 283 341 373 259 155 112 125 215 181 137 118 127 129 192 163 124 128 148 170 1548
 ... : 12 30 104 115 238 267 208 311 281 341 372 257 156 112 125 216 179 135 118 128 130 194 166 125 129 149 171 1549
 ... : 12 30 104 115 238 267 208 310 281 341 373 257 155 111 123 216 180 136 120 130 132 198 169 126 130 150 172 1550
 ... : 12 30 104 115 238 267 208 309 281 340 372 255 155 111 123 216 181 137 121 131 133 199 171 127 131 151 174 1550
 ... : 12 30 104 115 238 267 208 309 281 340 372 256 155 111 123 216 181 136 123 134 136 202 173 128 133 152 173 1552
 ... : 12 30 104 115 238 267 208 309 283 343 375 265 159 112 126 219 183 138 123 133 135 203 173 128 133 154 177 1558
 ... : 12 30 104 115 238 267 208 309 282 345 376 268 161 116 126 220 183 136 122 132 135 204 173 128 133 154 177 1559
 ... : 12 30 104 115 238 267 208 308 279 344 375 266 161 115 127 223 184 138 124 135 137 208 177 132 134 155 178 1560
 ... : 12 30 104 115 238 267 208 308 279 347 377 272 162 114 126 223 183 137 123 134 136 207 177 131 136 156 179 1563
 ... : 12 30 104 115 238 267 208 308 278 346 376 272 163 117 128 227 187 138 124 135 136 208 177 132 137 157 180 1566
 ... : 12 30 104 115 238 267 208 308 277 346 376 272 163 117 128 227 188 139 125 137 138 211 179 132 137 157 180 1567
 ... : 12 30 104 115 238 267 208 308 277 348 377 280 168 118 129 229 191 141 125 137 138 212 179 133 138 158 182 1571
 ... : 12 30 104 115 238 267 208 308 276 350 379 288 171 120 134 235 197 143 126 138 138 213 179 133 138 158 182 1571
 ... : 12 30 104 115 238 267 208 308 277 352 382 294 172 122 132 235 198 143 126 137 139 215 181 135 139 159 183 1572
 ... : 12 30 104 115 238 267 208 308 276 352 382 294 173 123 132 233 197 142 126 138 141 217 183 137 140 161 185 1573
 ... : 12 30 104 115 238 267 208 308 277 354 384 300 175 124 134 237 203 146 128 138 141 218 183 137 140 161 185 1574
 ... : 12 30 104 115 238 267 208 308 278 358 388 312 180 124 133 236 202 145 129 139 143 220 185 139 141 162 186 1576
 ... : 12 30 104 115 238 267 208 308 280 359 389 313 180 124 133 236 201 145 128 139 144 223 186 141 142 163 187 1577
 ... : 12 30 104 115 238 267 208 308 279 359 389 313 181 126 134 240 203 146 131 142 146 227 189 142 144 164 189 1578
 ... : 12 30 104 115 238 267 208 308 280 361 391 316 185 129 137 244 206 148 132 143 147 230 189 142 144 164 188 1579
 ... : 12 30 104 115 238 267 208 308 281 361 391 316 186 131 138 247 209 149 135 146 150 234 192 144 146 165 189 1580
 ... : 12 30 104 115 238 267 208 308 281 362 397 324 189 131 139 251 212 150 135 147 150 235 192 145 147 166 191 1586
 ... : 12 30 104 115 238 267 208 308 280 361 396 323 188 130 139 251 212 151 136 149 152 237 192 145 147 166 191 1587
 ... : 12 30 104 115 238 267 208 308 282 363 397 326 191 134 143 252 212 152 136 149 152 237 194 146 150 167 193 1591
 ... : 12 30 104 115 238 267 208 308 280 362 397 325 189 131 140 252 213 154 137 150 153 238 196 147 152 168 195 1592
 ... : 12 30 104 115 238 267 208 308 281 362 398 326 191 133 143 255 216 156 137 151 154 239 196 147 152 168 196 1592
 ... : 12 30 104 115 238 267 208 308 279 361 397 328 191 132 141 256 217 157 138 153 155 241 198 149 153 169 197 1593
 ... : 12 30 104 115 238 267 208 308 279 361 395 329 192 134 143 261 221 159 139 153 155 242 198 150 154 170 198 1596
 ... : 12 30 104 115 238 267 208 308 277 360 393 327 191 136 143 265 221 159 139 154 155 243 199 151 155 171 201 1601
 ... : 12 30 104 115 238 267 208 308 278 361 394 328 193 137 145 269 227 163 139 154 155 244 199 151 155 171 202 1602
 ... : 12 30 104 115 238 267 208 308 276 360 393 327 192 137 151 275 227 162 140 155 156 245 201 153 155 171 202 1603
 ... : 12 30 104 115 238 267 208 308 277 361 395 334 199 141 156 281 229 164 141 155 156 246 201 154 156 172 204 1605
 ... : 12 30 104 115 238 267 208 308 275 361 393 338 195 137 151 280 229 163 142 158 158 250 202 155 158 173 205 1607
 ... : 12 30 104 115 238 267 208 308 274 360 391 337 194 138 151 280 230 164 143 159 160 252 204 157 159 175 206 1607
 ... : 12 30 104 115 238 267 208 308 274 361 395 343 201 140 154 284 235 167 143 159 160 253 204 157 159 174 206 1608
 ... : 12 30 104 115 238 267 208 308 276 361 395 344 202 141 155 285 233 168 147 161 161 255 204 157 159 174 206 1608
 ... : 12 30 104 115 238 267 208 308 275 362 398 346 202 140 154 284 234 168 149 165 164 258 207 158 161 175 208 1610
 ... : 12 30 104 115 238 267 208 308 274 362 397 349 202 139 153 283 234 168 149 165 166 259 209 160 162 176 209 1611
 ... : 12 30 104 115 238 267 208 307 276 365 404 361 207 140 155 285 235 169 150 165 166 260 209 160 162 176 209 1611
 ... : 12 30 104 115 238 267 208 307 274 364 405 365 207 140 155 285 235 169 150 167 168 262 213 161 164 178 210 1613
 ... : 12 30 104 115 238 267 208 307 273 363 405 363 207 139 153 285 236 170 153 170 171 263 213 162 165 179 211 1616
 ... : 12 30 104 115 238 267 208 307 273 363 410 371 215 145 157 287 237 171 155 170 171 263 213 162 165 179 211 1616
 ... : 12 30 104 115 238 267 208 307 273 364 413 374 219 149 161 294 239 171 155 170 171 264 213 163 166 180 212 1619
 ... : 12 30 104 115 238 267 208 307 273 365 415 380 222 150 165 295 243 174 156 170 171 265 213 163 166 180 212 1620
 ... : 12 30 104 115 238 267 208 307 272 364 414 380 222 150 165 294 244 175 156 172 173 269 215 164 167 181 214 1623
 ... : 12 30 104 115 238 267 208 306 271 365 414 378 221 151 169 299 245 177 158 173 173 270 215 165 168 182 215 1626
 ... : 12 30 104 115 238 267 208 305 269 364 412 377 220 150 168 297 245 176 160 177 175 271 216 167 169 183 216 1627
 ... : 12 30 104 115 238 267 208 304 267 364 412 376 219 153 174 303 250 182 161 178 175 272 216 167 169 183 216 1627
 ... : 12 30 104 115 238 267 208 304 267 365 413 378 221 155 175 307 252 184 161 178 175 273 216 168 170 184 217 1630
 ... : 12 30 104 115 238 267 208 304 267 365 414 379 221 156 175 307 254 185 163 180 176 275 217 169 173 187 220 1634
 ... : 12 30 104 115 238 267 208 304 266 364 412 377 220 155 174 305 253 184 164 182 177 278 219 170 174 188 222 1636
 ... : 12 30 104 115 238 267 208 304 265 365 411 378 221 156 177 307 258 185 164 182 177 278 219 170 174 188 222 1637
 ... : 12 30 104 115 238 267 208 304 266 367 414 382 222 156 175 308 256 187 165 184 178 281 222 171 175 189 223 1639
 ... : 12 30 104 115 238 267 208 304 266 369 416 385 224 156 175 310 256 187 165 184 179 283 223 173 177 190 224 1641
 ... : 12 30 104 115 238 267 208 303 265 368 416 385 225 158 178 311 256 186 166 185 180 285 225 174 178 191 225 1642
 ... : 12 30 104 115 238 267 208 302 263 367 415 384 226 160 179 313 259 189 169 190 183 288 229 176 179 191 225 1642
 ... : 12 30 104 115 238 267 208 302 263 369 417 386 228 163 182 317 262 188 168 187 182 288 227 175 179 193 227 1646
 ... : 12 30 104 115 238 267 208 301 262 368 416 386 228 162 184 323 266 192 168 187 182 289 227 176 180 194 228 1650
 ... : 12 30 104 115 238 267 208 300 262 369 417 387 229 163 188 327 272 194 169 187 182 290 227 176 180 194 228 1650
 ... : 12 30 104 115 238 267 208 299 261 368 416 385 228 162 186 326 270 194 169 188 183 291 229 177 181 195 230 1651
 ... : 12 30 104 115 238 267 208 299 263 370 420 387 231 165 188 328 272 195 170 190 184 294 229 179 182 196 230 1654
 ... : 12 30 104 115 238 267 208 297 261 370 420 386 229 165 187 330 272 197 173 194 186 298 231 180 183 197 231 1655
 ... : 12 30 104 115 238 267 208 297 261 370 422 388 231 164 186 329 271 197 173 196 187 300 233 181 184 198 232 1657
 ... : 12 30 104 115 238 267 208 296 262 372 425 391 232 166 189 332 274 198 174 196 187 302 233 181 184 198 232 1657
 ... : 12 30 104 115 238 267 208 295 262 374 425 398 235 168 191 336 278 199 175 196 187 302 233 181 184 198 232 1657
 ... : 12 30 104 115 238 267 208 294 260 373 422 398 232 168 191 337 279 199 175 198 188 304 234 181 184 198 233 1657
 ... : 12 30 104 115 238 267 208 293 260 375 424 401 234 171 192 342 281 201 176 198 188 305 236 182 185 199 234 1658
 ... : 12 30 104 115 238 267 208 293 260 376 425 402 236 172 195 346 284 204 177 199 189 307 238 183 186 200 235 1659
 ... : 12 30 104 115 238 267 208 292 259 376 426 405 237 172 194 347 286 208 180 200 189 308 238 183 186 200 235 1659
 ... : 12 30 104 115 238 267 208 291 259 377 427 407 234 171 193 346 285 206 179 199 189 310 239 185 187 201 236 1660
 ... : 12 30 104 115 238 267 208 290 258 376 428 409 235 173 195 348 288 207 182 199 189 310 239 185 187 201 236 1660
 ... : 12 30 104 115 238 267 208 289 256 375 425 407 233 171 193 349 290 209 184 203 195 312 239 185 187 201 236 1660
 ... : 12 30 104 115 238 267 208 289 256 375 426 409 235 173 195 352 291 210 187 206 195 317 239 186 188 202 237 1663
 ... : 12 30 104 115 238 267 208 288 255 375 425 410 236 172 193 350 290 210 187 206 195 319 241 187 189 203 239 1667
 ... : 12 30 104 115 238 267 208 288 255 376 425 410 235 175 197 359 292 212 188 207 195 320 241 188 189 203 240 1668
 ... : 12 30 104 115 238 267 208 287 254 375 425 410 236 176 201 364 299 214 189 208 195 321 241 188 189 203 240 1668
 ... : 12 30 104 115 238 267 208 286 254 376 426 410 237 177 205 368 305 217 192 208 195 321 241 189 189 203 241 1668
 ... : 12 30 104 115 238 267 208 285 252 375 423 410 235 178 208 372 309 218 193 209 197 323 244 191 189 203 241 1669
 ... : 12 30 104 115 238 267 208 284 252 375 423 410 236 178 209 374 312 218 192 208 195 323 242 189 189 203 242 1669
 ... : 12 30 104 115 238 267 208 284 254 376 425 412 236 178 207 372 310 219 194 211 197 326 244 190 191 204 244 1671
 ... : 12 30 104 115 238 267 208 283 252 377 427 415 240 180 210 377 317 220 196 212 198 329 246 191 192 205 246 1674
 ... : 12 30 104 115 238 267 208 283 252 375 426 413 238 179 209 378 318 221 200 216 200 330 246 191 192 206 247 1674
 ... : 12 30 104 115 238 267 208 282 250 374 424 411 234 176 208 377 320 223 202 218 204 333 248 192 193 208 247 1675
 ... : 12 30 104 115 238 267 208 281 249 375 425 412 236 178 209 379 322 224 204 219 203 333 249 192 193 208 247 1675
 ... : 12 30 104 115 238 267 208 281 251 377 427 415 240 182 213 381 323 224 204 219 203 334 249 192 193 208 248 1675
  29 : 12 30 104 115 238 266 207 275 242 377 407 368 176 63 32 155 113 45 31 36 38 168 114 59 55 72 78 64 1475
  30 : 12 30 104 115 238 266 207 275 242 377 407 368 176 63 32 155 113 45 31 36 38 168 114 59 55 72 78 64 65 1433
 ... : 12 30 104 115 238 266 207 275 241 376 405 366 175 61 30 154 112 44 30 36 38 168 115 59 56 73 78 64 66 1434
 ... : 12 30 104 115 238 266 207 275 239 375 404 365 174 61 30 154 113 44 30 35 38 167 113 58 54 70 77 65 69 1454
 ... : 12 30 104 115 238 266 207 275 239 375 404 365 173 60 29 153 111 44 29 34 38 167 113 58 54 71 80 69 72 1457
 ... : 12 30 104 115 238 266 207 275 239 375 404 365 173 60 29 153 111 44 29 34 38 167 113 58 54 70 79 70 88 1499
 ... : 12 30 104 115 238 266 207 275 239 375 404 365 173 60 29 155 113 47 33 37 40 170 116 60 58 73 79 67 87 1508
  31 : 12 30 104 115 238 266 207 274 239 375 404 365 173 60 29 153 112 45 30 35 37 166 113 53 51 70 75 56 73 64 1454
 ... : 12 30 104 115 238 266 207 272 235 373 399 361 169 55 28 151 112 45 29 35 36 165 112 52 50 70 73 55 72 64 1457
 ... : 12 30 104 115 238 266 207 272 235 373 399 361 168 54 26 149 110 43 28 33 35 164 112 52 51 70 74 55 72 65 1459
 ... : 12 30 104 115 238 266 207 272 235 373 399 361 168 54 26 149 111 44 29 34 36 164 111 51 51 69 74 55 73 66 1459
 ... : 12 30 104 115 238 266 207 272 235 373 399 361 168 54 26 149 111 44 29 35 38 165 112 51 51 70 74 57 77 68 1474
 ... : 12 30 104 115 238 266 207 271 233 372 398 360 166 50 23 148 111 46 30 37 38 165 113 51 52 70 73 59 78 69 1474
 ... : 12 30 104 115 238 266 207 271 233 372 398 360 166 50 23 147 110 43 28 34 35 164 111 50 51 70 73 59 81 73 1483
  32 : 12 30 104 115 238 266 207 271 233 372 398 360 165 49 22 145 106 40 25 31 26 160 107 48 46 66 70 51 70 66 65 1432
 ... : 12 30 104 115 238 266 207 271 233 372 398 360 165 49 22 145 106 40 25 31 26 160 107 49 47 66 71 50 73 68 70 1463
 ... : 12 30 104 115 238 266 207 271 232 371 395 359 163 48 21 143 104 40 25 32 27 161 108 48 47 66 70 50 72 72 73 1482
  33 : 12 30 104 115 238 266 207 271 232 371 395 359 163 48 21 143 104 31 17 18 17 148 97 41 39 60 64 45 64 51 56 37 1451
 ... : 12 30 104 115 238 266 207 270 230 370 392 358 162 47 21 146 105 32 18 19 19 150 97 41 39 61 64 45 61 50 56 38 1456
 ... : 12 30 104 115 238 266 207 270 230 370 392 358 162 47 20 144 104 29 14 16 18 149 100 45 39 61 65 45 62 50 57 39 1458
 ... : 12 30 104 115 238 266 207 270 230 370 392 358 162 47 20 144 104 29 14 16 17 148 95 40 38 60 65 44 62 51 59 39 1464
 ... : 12 30 104 115 238 266 207 269 228 369 388 357 161 46 19 143 104 29 15 17 19 149 96 40 38 60 66 44 63 53 58 44 1473
 ... : 12 30 104 115 238 266 207 269 228 369 388 357 161 46 19 143 103 28 13 14 16 147 95 39 37 59 65 44 64 55 62 46 1475
 ... : 12 30 104 115 238 266 207 269 228 369 388 357 161 46 19 143 103 28 12 13 15 146 94 38 37 59 65 44 61 51 57 45 1475
  34 : 12 30 104 115 238 266 207 269 228 369 388 357 159 44 16 137 97 24 5 5 4 139 87 32 29 51 50 36 56 44 45 42 38 1495
 ... : 12 30 104 115 238 266 207 269 228 369 388 357 159 44 16 137 97 24 5 5 4 139 87 32 29 51 50 37 59 48 51 48 46 1511
 ... : 12 30 104 115 238 266 207 269 228 369 388 357 159 44 16 137 97 24 5 5 4 139 87 32 29 51 50 38 58 48 54 53 50 1531
  35 : 12 30 104 115 238 266 207 269 228 369 388 357 159 44 16 137 97 24 5 5 4 139 87 32 29 51 50 35 58 44 54 43 43 38 1512
 ... : 12 30 104 115 238 266 207 268 226 368 385 356 156 42 14 135 96 23 4 4 3 138 86 31 28 50 49 34 57 43 53 42 51 42 1529
  36 : 12 30 104 115 238 266 207 268 226 368 385 356 155 41 13 134 94 21 2 2 2 137 85 30 27 49 48 33 56 40 51 42 48 37 30 1505
 ... : 12 30 104 115 238 266 207 268 226 368 385 356 155 41 13 134 94 21 2 2 2 137 85 30 27 49 49 35 58 42 51 42 50 41 33 1523
  37 : 12 30 104 115 238 266 207 268 226 368 385 356 155 41 13 134 94 21 2 2 2 137 85 30 27 49 49 33 57 41 53 40 47 40 30 27 1504
 ... : 12 30 104 115 238 266 207 268 226 368 385 356 155 41 13 134 94 21 2 2 2 137 85 30 27 49 50 35 58 42 54 40 45 41 35 29 1509
 ... : 12 30 104 115 238 266 207 268 226 368 385 356 155 41 13 134 94 21 2 2 2 137 85 30 27 49 50 35 58 42 54 43 48 48 49 41 1530
 ... : 12 30 104 115 238 266 207 268 226 368 385 356 155 41 13 134 94 21 2 2 2 137 85 30 27 49 50 35 57 42 55 45 54 51 58 45 1541
  38 : 12 30 104 115 238 266 207 268 226 368 385 356 155 41 13 134 94 21 2 2 2 137 85 30 27 49 50 34 57 40 48 46 44 43 41 38 32 1509
 ... : 12 30 104 115 238 266 207 268 226 368 385 356 155 41 13 134 94 21 2 2 2 137 85 30 27 49 49 33 56 39 47 45 43 40 39 36 31 1510
  39 : 12 30 104 115 238 266 207 268 226 368 385 356 155 41 13 134 94 21 2 2 2 137 85 30 27 49 49 32 56 39 47 45 43 40 38 40 32 26 1507
 ... : 12 30 104 115 238 266 207 268 226 368 385 356 155 41 13 134 94 21 2 2 2 137 85 30 27 49 49 32 56 39 47 45 43 41 34 38 31 29 1521
  40 : 12 30 104 115 238 266 207 268 226 368 385 356 155 41 13 134 94 21 2 2 2 137 85 30 27 49 49 32 56 39 47 45 43 41 33 38 30 27 24 1500
 ... : 12 30 104 115 238 266 207 268 226 368 385 356 155 41 13 134 94 21 2 2 2 137 85 30 27 49 49 32 56 40 48 45 43 41 34 34 28 28 28 1512
 ... : 12 30 104 115 238 266 207 268 226 368 385 356 155 41 13 134 94 21 2 2 2 137 85 30 27 48 47 31 54 38 47 44 42 40 33 34 28 28 31 1517
 ... : 12 30 104 115 238 266 207 268 226 368 385 356 155 41 13 134 94 21 2 2 2 137 85 30 27 48 47 31 54 38 47 46 42 41 33 34 28 32 35 1527
 ... : 12 30 104 115 238 266 207 268 226 368 385 356 155 41 13 134 94 21 2 2 2 137 85 30 27 48 47 31 55 40 50 47 46 46 39 39 31 33 38 1533
  41 : 12 30 104 115 238 266 207 267 225 368 385 356 155 41 13 134 94 21 2 2 2 137 85 30 28 49 47 31 55 38 47 43 48 43 33 35 28 28 30 26 1511
 ... : 12 30 104 115 238 266 207 267 225 368 385 356 155 41 13 134 94 21 2 2 2 137 85 30 28 48 45 30 53 34 47 42 48 45 33 36 27 28 32 28 1524
  42 : 12 30 104 115 238 266 207 267 225 368 385 356 155 41 13 134 94 21 2 2 2 137 85 30 28 48 45 30 53 33 46 41 46 42 32 34 26 26 30 26 24 1506
 ... : 12 30 104 115 238 266 207 267 225 368 385 356 155 41 13 134 94 21 2 2 2 137 85 30 28 48 45 30 53 33 46 41 46 42 32 33 26 27 33 37 31 1530
  43 : 12 30 104 115 238 266 207 267 225 368 385 356 155 41 13 134 94 21 2 2 2 137 85 30 28 48 45 30 53 33 46 41 46 41 30 32 25 25 31 34 30 25 1516
 ... : 12 30 104 115 238 266 207 267 225 368 385 356 155 41 13 134 94 21 2 2 2 137 85 30 28 48 45 30 53 33 47 41 46 41 30 33 28 26 28 34 31 31 1538
 ... : 12 30 104 115 238 266 207 267 225 368 385 356 155 41 13 134 94 21 2 2 2 137 85 30 28 48 44 29 52 32 46 40 46 42 31 33 28 29 28 34 30 31 1538
  44 : 12 30 104 115 238 266 207 267 225 368 385 356 155 41 13 134 94 21 2 2 2 137 85 30 28 48 44 28 53 32 46 40 45 41 29 31 24 24 24 33 29 25 28 1513
 ... : 12 30 104 115 238 266 207 267 225 368 385 356 155 41 13 134 94 21 2 2 2 137 85 30 28 48 44 28 53 32 46 40 45 41 29 31 25 25 25 29 27 25 29 1529
  45 : 12 30 104 115 238 266 207 267 225 368 385 356 155 41 13 134 94 21 2 2 2 137 85 30 28 48 44 28 53 32 46 40 45 41 29 31 24 24 22 23 25 24 23 31 1512
 ... : 12 30 104 115 238 266 207 267 225 368 385 356 155 41 13 134 94 21 2 2 2 137 85 30 28 47 42 27 51 31 45 40 45 42 31 33 24 24 22 21 25 25 24 33 1517
 ... : 12 30 104 115 238 266 207 267 225 368 385 356 155 41 13 134 94 21 2 2 2 137 85 30 28 47 42 27 51 31 45 39 44 40 28 30 23 23 21 20 27 25 27 32 1527
  46 : 12 30 104 115 238 266 207 267 225 368 385 356 155 41 13 134 94 21 2 2 2 137 85 30 28 47 34 21 34 30 21 33 34 31 22 24 19 19 18 16 19 21 19 23 28 1499
 ... : 12 30 104 115 238 266 207 267 225 368 385 356 155 41 13 134 94 21 2 2 2 137 85 30 28 46 32 20 32 29 19 32 35 31 24 24 19 19 19 16 19 21 22 29 34 1523
  47 : 12 30 104 115 238 266 207 267 225 368 385 356 155 41 13 134 94 21 2 2 2 137 85 30 28 46 32 20 32 29 16 31 31 29 21 22 18 18 17 15 17 17 17 26 30 37 1491
 ... : 12 30 104 115 238 266 207 267 225 368 385 356 155 41 13 134 94 21 2 2 2 137 85 30 28 46 32 20 32 29 16 31 31 29 21 22 18 18 19 17 21 18 20 28 34 42 1499
 ... : 12 30 104 115 238 266 207 267 225 368 385 356 155 41 13 134 94 21 2 2 2 137 85 30 28 46 32 20 32 29 16 31 31 29 21 22 21 19 19 18 18 17 20 31 36 47 1513
  48 : 12 30 104 114 237 264 204 267 225 361 388 356 155 42 14 134 94 21 2 2 2 138 86 31 28 46 27 16 20 20 11 30 22 23 16 16 14 14 13 12 13 11 15 21 31 39 31 1485
 ... : 12 30 104 114 237 264 204 267 225 361 388 356 155 42 14 134 94 21 2 2 2 138 86 31 28 46 27 17 20 20 11 31 22 24 17 19 14 14 13 12 14 11 15 19 34 43 37 1502
 ... : 12 30 104 114 237 264 204 267 225 361 388 356 155 42 14 134 94 21 2 2 2 138 86 31 28 46 26 14 19 19 10 29 20 22 15 15 15 14 14 12 14 11 15 19 33 43 36 1502
 ... : 12 30 104 114 237 264 204 267 225 361 388 356 155 42 14 134 94 21 2 2 2 138 86 31 28 46 26 13 19 19 10 28 20 22 15 18 14 13 12 11 14 10 14 16 32 41 36 1501
  49 : 12 30 104 114 237 264 204 267 225 361 388 356 155 42 14 134 94 21 2 2 2 138 86 31 28 46 26 13 19 19 10 27 20 22 15 16 13 13 12 11 12 10 13 14 28 38 25 22 1506
  50 : 12 30 104 114 237 264 204 267 225 361 388 356 155 42 14 134 94 21 2 2 2 138 86 31 28 46 26 13 19 19 10 27 20 22 15 16 13 13 12 11 12 10 13 14 26 38 26 21 22 1505
 ... : 12 30 104 114 237 264 204 267 225 361 388 356 155 42 14 134 94 21 2 2 2 138 86 31 28 45 23 12 16 14 9 26 22 25 15 17 13 13 12 12 12 10 13 14 26 37 25 20 22 1515
 ... : 12 30 104 114 237 264 204 267 225 361 388 356 155 42 14 134 94 21 2 2 2 138 86 31 28 45 23 12 16 14 8 27 20 22 15 15 14 13 14 13 13 11 14 15 27 36 25 20 21 1513
 ... : 12 30 104 114 237 264 204 267 225 361 388 356 155 42 14 134 94 21 2 2 2 138 86 31 28 45 23 12 16 12 7 19 17 16 10 11 10 11 12 14 16 13 16 17 29 38 25 20 21 1515
 ... : 12 30 104 114 237 264 204 267 225 361 388 356 155 42 14 134 94 21 2 2 2 138 86 31 28 45 23 12 16 11 6 17 13 13 8 10 9 12 14 15 16 13 17 18 33 37 25 20 21 1518
 ... : 12 30 104 114 237 264 204 267 225 361 388 356 155 42 14 134 94 21 2 2 2 138 86 31 28 45 23 12 16 11 6 17 13 13 8 9 8 10 12 13 13 12 16 18 29 38 27 22 22 1519
  51 : 12 30 104 114 237 264 204 267 225 361 388 356 155 42 14 134 94 21 2 2 2 138 86 31 28 45 21 11 8 9 11 11 6 9 4 3 4 6 6 5 5 5 8 9 20 30 18 15 14 16 1495
 ... : 12 30 104 114 237 264 204 267 225 361 388 356 155 42 14 134 94 21 2 2 2 138 86 31 28 44 20 10 6 7 10 10 4 5 2 1 2 2 3 1 2 3 5 6 18 29 16 13 14 17 1498
  52 : 12 30 104 114 237 264 204 267 225 361 388 356 155 42 14 134 94 21 2 2 2 138 86 31 28 44 20 10 6 7 10 10 4 5 2 1 2 2 3 1 2 3 5 6 14 25 8 6 6 8 3 1492
  53 : 12 30 104 114 237 264 204 267 225 361 388 356 155 42 14 134 94 21 2 2 2 138 86 31 28 44 20 10 6 7 10 10 4 5 2 1 2 2 3 1 2 3 5 6 14 25 8 6 6 8 3 1 1491
  54 : 12 30 104 114 237 264 204 267 225 361 388 356 155 42 14 134 94 21 2 2 2 138 86 31 28 44 20 10 6 7 10 10 4 5 2 1 2 2 3 1 2 3 5 6 14 25 8 6 6 8 3 1 1 1490
  55 : 12 30 104 114 237 264 204 267 225 361 388 356 155 42 14 134 94 21 2 2 2 138 86 31 28 44 20 10 6 7 10 10 4 5 2 1 2 2 3 1 2 3 5 6 14 25 8 6 6 8 3 1 1 1 1489
  56 : 12 30 104 114 237 264 204 267 225 361 388 356 155 42 14 134 94 21 2 2 2 138 86 31 28 44 20 10 6 7 10 10 4 5 2 1 2 2 3 1 2 3 5 6 14 25 8 6 6 8 3 1 1 1 1 1488
  57 : 12 30 104 114 237 264 204 267 225 361 388 356 155 42 14 134 94 21 2 2 2 138 86 31 28 44 20 10 6 7 10 10 4 5 2 1 2 2 3 1 2 3 5 6 14 25 8 6 6 8 3 1 1 1 1 1 1487
  58 : 12 30 104 114 237 264 204 267 225 361 388 356 155 42 14 134 94 21 2 2 2 138 86 31 28 44 20 10 6 7 10 10 4 5 2 1 2 2 3 1 2 3 5 6 14 25 8 6 6 8 3 1 1 1 1 1 1 1486
  59 : 12 30 104 114 237 264 204 267 225 361 388 356 155 42 14 134 94 21 2 2 2 138 86 31 28 44 20 10 6 7 10 10 4 5 2 1 2 2 3 1 2 3 5 6 14 25 8 6 6 8 3 1 1 1 1 1 1 1 1485
  60 : 12 30 104 114 237 264 204 267 225 361 388 356 155 42 14 134 94 21 2 2 2 138 86 31 28 44 20 10 6 7 10 10 4 5 2 1 2 2 3 1 2 3 5 6 14 25 8 6 6 8 3 1 1 1 1 1 1 1 0 1485
completing final invariant with sub-IC3 call...
num_solve_calls = 1651505
num_solve_sat_calls = 668462
num_solve_unsat_calls = 23404
num_solve_approx_calls = 997362
num_solve_approx_unsat_calls = 353324
num_solve_conflicts = 592383
num_solve_decisions = 31620497
num_solve_propagations = 485340163
avg_solve_conflicts = 1
avg_solve_decisions = 20
avg_solve_propagations = 294
avg_solve_unsat_decisions = 0.496
stddev_solve_unsat_decisions = 2.711
num_added_cubes = 105298
num_subsumed_cubes = 100282
num_gc_frame = 766
num_reset = 177
num_try_blocking = 853242
get_bad_cube_time = 16.520
rec_block_cube_time = 141.373
propagate_forward_time = 78.451
generalize_model_time = 11.066
generalize_and_push_time = 88.656
try_blocking_time = 174.132
reset_time = 28.509
clausify_time = 2.038
preprocess_time = 26.589
solve_time = 183.559
solve_sat_time = 147.362
solve_unsat_time = 36.197
prove_time = 237.151
memory_used_mb = 34
total_time = 237.429
Safe
