initialized model with 34 latches, 10 inputs and 1 properties
tsim: reached all X state
tsim: performed 6 steps
checking bound 0
checking bound 1
checking bound 2
tdecomp: unrolling 2 cycles
tsim: reached all X state
tsim: performed 4 steps
tdecomp: no improvement found, reverting original model
   2 : 48 17
   3 : 55 121 43
 ... : 59 141 173
 ... : 60 147 339
   4 : 60 140 266 85
 ... : 62 146 281 225
 ... : 62 146 281 414
   5 : 62 147 272 366 127
 ... : 63 147 284 394 185
 ... : 66 152 299 422 253
 ... : 65 153 302 440 343
 ... : 65 152 299 450 455
 ... : 65 152 301 458 593
 ... : 65 152 300 461 733
   6 : 63 139 267 367 574 298
 ... : 63 139 268 369 588 428
 ... : 63 140 272 386 622 501
 ... : 63 141 280 411 652 540
 ... : 64 141 281 421 686 602
 ... : 64 141 281 421 706 730
 ... : 64 141 281 423 734 819
 ... : 64 141 281 424 746 962
 ... : 64 141 281 440 776 1043
 ... : 64 141 281 440 780 1187
   7 : 64 139 266 414 757 849 490
 ... : 64 139 267 422 768 871 575
 ... : 65 144 272 436 795 908 597
 ... : 65 143 278 455 815 941 633
 ... : 66 144 282 464 827 960 692
 ... : 66 144 282 467 841 992 751
 ... : 66 144 282 467 846 1003 856
 ... : 66 144 282 465 845 1008 984
 ... : 66 144 282 468 857 1030 1040
 ... : 66 144 282 468 868 1058 1115
 ... : 66 144 282 475 885 1067 1177
 ... : 66 144 282 475 892 1079 1325
 ... : 66 144 282 475 898 1092 1434
 ... : 66 144 282 475 902 1100 1565
 ... : 66 144 282 479 918 1140 1631
 ... : 66 144 282 480 929 1158 1728
 ... : 66 144 282 480 945 1197 1783
 ... : 66 144 282 480 949 1207 1887
 ... : 66 144 282 480 960 1241 1942
   8 : 66 139 268 455 929 1092 1203 873
 ... : 67 141 270 458 938 1103 1222 928
 ... : 68 143 272 464 951 1121 1251 959
 ... : 68 143 272 464 960 1138 1280 1004
 ... : 68 144 274 468 964 1142 1291 1104
 ... : 68 144 274 471 974 1163 1317 1172
 ... : 68 145 276 469 976 1179 1350 1207
 ... : 68 145 277 475 988 1207 1378 1241
 ... : 68 145 277 475 997 1230 1412 1291
 ... : 68 145 276 475 1004 1249 1436 1354
 ... : 68 145 276 476 1010 1257 1445 1442
 ... : 68 145 277 482 1024 1278 1471 1459
 ... : 68 145 277 483 1026 1283 1491 1536
 ... : 68 145 277 483 1027 1286 1506 1614
 ... : 68 145 277 483 1027 1291 1532 1683
 ... : 68 145 277 483 1038 1302 1546 1709
 ... : 68 145 277 482 1037 1303 1564 1815
 ... : 68 145 277 482 1042 1318 1589 1895
 ... : 68 145 277 482 1042 1325 1613 1990
 ... : 68 145 277 484 1046 1329 1647 2065
 ... : 68 145 277 484 1048 1330 1670 2149
 ... : 68 145 277 484 1049 1333 1687 2234
 ... : 68 145 278 485 1054 1337 1704 2312
 ... : 68 145 278 486 1066 1348 1717 2371
 ... : 68 145 278 486 1066 1349 1721 2479
 ... : 68 145 278 489 1073 1360 1745 2524
 ... : 67 143 277 488 1071 1369 1766 2567
   9 : 66 142 263 454 992 1261 1390 1836 1155
 ... : 66 142 263 454 992 1263 1395 1848 1296
 ... : 66 142 264 457 999 1273 1412 1872 1329
 ... : 66 142 264 459 1003 1283 1425 1899 1377
 ... : 66 142 264 460 1006 1289 1439 1932 1420
 ... : 66 142 264 460 1006 1292 1444 1942 1542
 ... : 66 142 264 460 1011 1299 1459 1968 1564
 ... : 66 142 264 460 1017 1302 1464 1986 1586
 ... : 66 142 264 461 1028 1315 1482 2009 1609
 ... : 66 142 264 461 1030 1320 1504 2032 1637
 ... : 66 142 264 461 1030 1322 1501 2039 1741
 ... : 66 142 264 461 1031 1324 1513 2057 1827
 ... : 66 142 264 461 1034 1334 1517 2078 1849
 ... : 66 142 264 461 1035 1335 1523 2097 1924
 ... : 66 142 264 461 1035 1335 1522 2103 2039
 ... : 66 142 264 461 1035 1336 1526 2115 2152
 ... : 66 142 264 461 1034 1344 1541 2146 2184
 ... : 66 142 264 461 1036 1346 1547 2159 2248
 ... : 66 142 264 461 1037 1353 1561 2180 2310
 ... : 66 142 264 461 1037 1353 1574 2194 2375
 ... : 66 142 264 461 1039 1354 1577 2214 2453
 ... : 66 142 264 466 1047 1368 1593 2241 2492
 ... : 66 142 264 466 1048 1370 1605 2268 2564
 ... : 66 142 264 466 1048 1370 1613 2290 2664
 ... : 66 142 264 466 1048 1375 1624 2303 2743
 ... : 66 142 264 466 1050 1379 1633 2310 2803
 ... : 66 142 264 466 1053 1386 1643 2324 2862
 ... : 66 142 264 466 1054 1395 1655 2344 2902
  10 : 66 142 262 461 1009 1300 1422 2173 1998 1263
 ... : 66 142 262 461 1009 1300 1423 2180 2019 1347
 ... : 66 142 262 461 1009 1300 1425 2185 2050 1422
 ... : 66 142 262 461 1010 1300 1424 2185 2069 1547
 ... : 68 147 266 470 1022 1308 1435 2199 2084 1556
 ... : 68 146 266 471 1023 1310 1436 2204 2110 1632
 ... : 68 146 266 471 1023 1310 1434 2203 2125 1730
 ... : 68 146 266 471 1023 1310 1433 2209 2146 1832
 ... : 68 146 266 471 1023 1313 1436 2220 2170 1857
 ... : 68 146 266 473 1025 1323 1449 2233 2189 1870
 ... : 68 146 266 478 1034 1326 1456 2246 2198 1893
 ... : 68 146 266 479 1037 1327 1459 2254 2225 1960
 ... : 68 146 266 479 1037 1328 1469 2265 2252 2010
 ... : 68 146 267 481 1038 1331 1470 2272 2276 2064
 ... : 68 146 267 481 1044 1341 1483 2289 2293 2108
 ... : 68 146 267 481 1044 1340 1489 2299 2314 2137
 ... : 68 146 267 481 1047 1349 1495 2305 2333 2163
 ... : 68 146 267 481 1050 1357 1500 2316 2362 2205
 ... : 68 146 267 481 1050 1363 1504 2322 2382 2238
 ... : 68 146 267 482 1055 1372 1517 2335 2402 2268
 ... : 68 146 267 482 1055 1372 1518 2341 2407 2376
 ... : 68 146 267 482 1055 1372 1521 2346 2432 2456
 ... : 68 146 267 482 1055 1374 1526 2353 2463 2493
 ... : 68 146 267 482 1059 1380 1532 2363 2482 2542
 ... : 68 146 267 482 1062 1392 1538 2382 2504 2586
 ... : 68 146 267 482 1062 1391 1537 2379 2519 2713
 ... : 68 146 267 482 1062 1390 1539 2383 2542 2816
 ... : 68 146 267 483 1067 1400 1553 2397 2561 2853
 ... : 68 146 267 482 1062 1397 1552 2388 2564 2962
 ... : 68 146 267 482 1060 1395 1554 2393 2598 3003
 ... : 68 146 267 482 1060 1395 1555 2389 2609 3123
 ... : 68 146 267 482 1062 1396 1559 2393 2635 3171
 ... : 68 146 267 482 1064 1402 1564 2396 2645 3227
 ... : 68 146 267 482 1064 1405 1571 2398 2649 3285
 ... : 68 146 267 482 1064 1407 1575 2403 2669 3338
 ... : 68 146 267 482 1065 1408 1578 2408 2688 3425
  11 : 68 146 267 474 1017 1325 1443 2131 2173 2218 1807
 ... : 68 146 267 474 1017 1325 1446 2132 2199 2252 1855
 ... : 68 146 267 474 1017 1326 1448 2137 2215 2271 1931
 ... : 68 146 267 474 1017 1326 1449 2140 2222 2294 1971
 ... : 68 146 267 474 1018 1328 1451 2147 2243 2315 2008
 ... : 68 146 267 474 1018 1328 1453 2148 2246 2333 2093
 ... : 68 146 267 474 1018 1328 1453 2148 2257 2357 2162
 ... : 68 146 267 474 1019 1328 1461 2157 2273 2380 2216
 ... : 69 147 270 476 1021 1329 1468 2163 2279 2390 2243
 ... : 69 147 270 476 1021 1329 1468 2177 2313 2428 2265
 ... : 69 147 270 476 1024 1337 1478 2189 2331 2451 2298
 ... : 69 148 270 480 1029 1343 1487 2198 2341 2466 2313
 ... : 69 148 270 481 1036 1355 1500 2214 2352 2474 2323
 ... : 69 148 270 481 1042 1355 1504 2226 2369 2495 2351
 ... : 69 148 270 482 1044 1356 1509 2226 2381 2515 2376
 ... : 69 148 270 482 1043 1356 1510 2239 2400 2536 2392
 ... : 69 148 270 482 1043 1356 1509 2242 2408 2556 2445
 ... : 69 148 270 482 1043 1356 1511 2247 2428 2581 2477
 ... : 69 148 270 483 1045 1359 1517 2256 2451 2613 2515
 ... : 69 148 270 483 1045 1359 1520 2262 2467 2655 2549
 ... : 69 148 270 483 1044 1359 1523 2262 2479 2677 2576
 ... : 69 148 270 483 1044 1359 1525 2258 2486 2695 2627
 ... : 69 148 270 483 1044 1359 1527 2259 2494 2711 2662
 ... : 69 148 270 483 1045 1362 1537 2266 2510 2735 2699
 ... : 69 148 270 483 1045 1361 1540 2276 2524 2749 2743
 ... : 69 148 270 483 1045 1361 1543 2282 2536 2767 2798
 ... : 69 148 270 483 1045 1362 1545 2286 2553 2781 2868
 ... : 69 148 270 483 1045 1362 1546 2287 2556 2789 2980
 ... : 69 148 270 481 1044 1348 1532 2264 2538 2776 3074
 ... : 69 148 270 481 1044 1349 1537 2267 2547 2787 3133
 ... : 69 148 270 481 1044 1348 1534 2272 2559 2796 3182
 ... : 69 148 270 481 1044 1349 1540 2285 2575 2824 3232
 ... : 69 148 270 481 1044 1349 1543 2293 2598 2856 3268
 ... : 69 148 270 481 1044 1349 1547 2295 2607 2878 3301
 ... : 69 148 270 481 1043 1345 1541 2291 2614 2903 3363
 ... : 69 148 270 481 1043 1346 1545 2296 2623 2920 3449
 ... : 69 148 270 481 1044 1345 1550 2298 2631 2945 3530
 ... : 69 148 270 481 1044 1345 1550 2300 2640 2956 3634
 ... : 69 148 270 481 1046 1347 1552 2309 2648 2961 3680
 ... : 69 148 270 481 1047 1349 1556 2321 2665 2980 3681
 ... : 69 148 270 481 1047 1350 1556 2317 2671 2993 3715
 ... : 69 148 270 481 1047 1350 1558 2316 2678 3009 3756
 ... : 69 148 270 481 1047 1350 1557 2316 2678 3020 3852
 ... : 69 148 270 481 1048 1352 1558 2319 2682 3033 3948
 ... : 69 148 270 481 1047 1350 1556 2317 2683 3041 4042
 ... : 69 148 270 481 1047 1350 1558 2318 2692 3065 4089
 ... : 69 148 270 481 1047 1350 1556 2319 2695 3083 4155
  12 : 69 148 267 473 1001 1249 1395 1971 2208 2521 2779 2337
 ... : 69 148 267 473 1001 1249 1395 1971 2210 2524 2797 2450
 ... : 69 148 267 473 1001 1250 1397 1981 2213 2539 2816 2472
 ... : 69 148 267 473 1001 1250 1398 1982 2213 2547 2836 2517
 ... : 69 148 267 473 1001 1251 1401 1987 2225 2558 2851 2538
 ... : 70 149 268 478 1011 1261 1419 2003 2235 2561 2855 2546
 ... : 70 149 268 478 1014 1266 1425 2011 2249 2579 2875 2566
 ... : 70 149 268 478 1015 1268 1430 2014 2261 2596 2891 2581
 ... : 70 149 268 478 1015 1269 1432 2020 2276 2612 2910 2603
 ... : 70 149 268 478 1015 1270 1433 2023 2283 2621 2932 2642
 ... : 70 149 268 478 1014 1269 1432 2022 2286 2623 2951 2706
 ... : 70 149 268 478 1014 1269 1432 2019 2282 2630 2971 2790
 ... : 70 149 268 478 1014 1269 1433 2019 2287 2642 2980 2854
 ... : 70 149 268 478 1014 1269 1433 2019 2287 2643 3001 2913
 ... : 70 149 268 478 1014 1270 1436 2026 2292 2656 3026 2980
 ... : 70 149 268 478 1014 1270 1435 2025 2292 2665 3047 3023
 ... : 70 149 268 478 1011 1268 1437 2025 2298 2677 3073 3073
 ... : 70 149 268 478 1011 1268 1437 2025 2297 2678 3091 3202
 ... : 70 149 268 478 1011 1268 1437 2027 2307 2687 3113 3240
 ... : 70 149 268 478 1011 1268 1435 2028 2317 2699 3134 3287
 ... : 70 149 268 478 1011 1268 1436 2033 2330 2706 3148 3342
 ... : 70 149 268 478 1011 1268 1436 2033 2331 2708 3167 3458
 ... : 70 149 268 478 1011 1268 1435 2033 2332 2715 3189 3508
 ... : 70 149 268 478 1011 1268 1436 2034 2339 2721 3207 3567
 ... : 70 149 268 479 1013 1269 1441 2040 2348 2734 3232 3608
 ... : 70 149 268 479 1015 1274 1447 2047 2356 2740 3246 3646
 ... : 70 149 268 479 1015 1274 1448 2045 2354 2753 3266 3710
 ... : 70 149 268 479 1015 1274 1449 2045 2361 2761 3293 3742
 ... : 70 149 268 479 1015 1274 1449 2045 2367 2770 3315 3791
 ... : 70 149 268 479 1015 1274 1448 2046 2370 2777 3337 3871
 ... : 70 149 268 479 1015 1276 1449 2045 2383 2794 3354 3919
 ... : 70 149 268 479 1017 1280 1452 2047 2392 2804 3378 3958
 ... : 70 149 268 479 1017 1281 1452 2045 2396 2808 3392 4013
 ... : 70 149 268 479 1017 1282 1456 2051 2409 2831 3408 4056
 ... : 70 149 269 480 1019 1285 1462 2055 2420 2837 3400 4069
 ... : 70 149 269 480 1019 1285 1461 2057 2426 2840 3410 4127
 ... : 70 149 269 480 1019 1285 1457 2056 2426 2841 3415 4259
 ... : 70 149 269 480 1019 1285 1459 2057 2431 2848 3447 4310
 ... : 70 149 269 480 1019 1285 1458 2062 2442 2860 3456 4335
 ... : 70 149 269 480 1019 1285 1458 2062 2443 2867 3475 4370
 ... : 70 149 269 480 1019 1285 1461 2062 2452 2876 3511 4405
 ... : 70 149 269 480 1019 1285 1462 2062 2455 2887 3527 4447
 ... : 70 149 269 480 1019 1285 1462 2064 2461 2894 3549 4490
 ... : 70 149 269 480 1019 1285 1462 2062 2460 2901 3560 4535
  13 : 70 149 269 479 970 1189 1303 1799 2075 2487 2651 2665 3047
 ... : 70 149 269 479 970 1189 1303 1799 2075 2489 2662 2682 3157
 ... : 70 149 269 479 970 1189 1306 1802 2082 2493 2671 2697 3198
 ... : 70 149 269 479 970 1189 1307 1802 2089 2500 2683 2715 3235
 ... : 70 149 269 479 970 1189 1311 1804 2094 2509 2705 2736 3264
 ... : 70 149 269 479 970 1189 1313 1805 2097 2517 2718 2758 3283
 ... : 70 149 269 479 970 1189 1316 1802 2108 2527 2735 2778 3301
 ... : 70 149 269 479 970 1189 1316 1802 2117 2536 2753 2807 3326
 ... : 70 149 269 479 970 1189 1316 1800 2117 2537 2759 2811 3370
 ... : 70 149 269 482 972 1193 1318 1804 2122 2543 2768 2838 3403
 ... : 70 149 269 482 972 1193 1318 1806 2129 2549 2776 2850 3468
 ... : 70 149 269 482 972 1193 1318 1806 2131 2551 2782 2865 3535
 ... : 70 149 269 482 972 1193 1318 1808 2134 2556 2790 2874 3607
 ... : 70 149 269 482 972 1193 1318 1809 2135 2559 2799 2886 3633
 ... : 70 149 269 482 972 1193 1318 1811 2138 2563 2809 2899 3701
 ... : 70 149 269 482 972 1193 1319 1818 2147 2575 2833 2927 3723
 ... : 70 149 269 482 971 1192 1316 1821 2147 2576 2839 2950 3783
 ... : 70 149 269 482 971 1192 1316 1821 2146 2576 2853 2968 3856
 ... : 70 149 269 482 971 1192 1316 1820 2148 2584 2869 2994 3902
 ... : 70 149 269 482 971 1192 1316 1820 2150 2589 2880 3004 3971
 ... : 70 149 269 482 971 1192 1316 1820 2150 2590 2880 3012 4099
 ... : 70 149 269 482 971 1192 1316 1820 2149 2589 2889 3032 4157
 ... : 70 149 269 482 971 1192 1317 1820 2152 2593 2902 3050 4218
 ... : 70 149 269 482 971 1192 1317 1822 2156 2597 2915 3076 4281
 ... : 70 149 269 482 971 1192 1318 1822 2158 2599 2931 3100 4322
 ... : 70 149 269 482 971 1192 1318 1822 2158 2598 2937 3112 4396
 ... : 70 149 269 482 971 1192 1318 1820 2157 2598 2943 3117 4462
 ... : 70 149 269 482 971 1192 1318 1818 2158 2594 2948 3121 4571
 ... : 70 149 269 482 971 1192 1321 1825 2169 2605 2955 3128 4606
 ... : 70 149 269 482 971 1192 1322 1823 2169 2614 2964 3155 4643
 ... : 70 149 269 482 971 1192 1321 1822 2170 2613 2966 3167 4707
 ... : 70 149 269 481 970 1193 1325 1832 2179 2626 2983 3179 4734
 ... : 70 149 269 481 970 1193 1327 1834 2182 2629 2992 3187 4806
 ... : 70 149 269 481 970 1193 1328 1832 2185 2628 3006 3214 4843
 ... : 70 149 269 481 970 1193 1328 1832 2184 2627 3003 3215 4919
 ... : 70 149 269 481 970 1193 1329 1832 2187 2629 3008 3233 4970
 ... : 70 149 269 481 970 1193 1330 1832 2188 2629 3010 3254 5015
  14 : 70 149 267 476 941 1133 1241 1647 1818 2242 2421 2641 2737 3718
 ... : 70 149 267 476 941 1133 1241 1647 1820 2246 2426 2654 2760 3794
 ... : 70 149 267 476 941 1133 1241 1645 1819 2244 2426 2657 2781 3870
 ... : 70 149 267 476 941 1133 1241 1646 1821 2248 2437 2669 2802 3905
 ... : 70 149 267 476 941 1133 1241 1647 1826 2254 2448 2683 2812 3925
 ... : 70 149 267 476 941 1133 1243 1649 1830 2263 2464 2700 2824 3929
 ... : 70 149 267 476 941 1133 1243 1649 1830 2264 2490 2737 2854 3950
 ... : 70 149 267 476 941 1133 1243 1649 1830 2266 2502 2763 2894 3966
 ... : 70 149 267 476 941 1133 1243 1649 1831 2269 2503 2768 2897 3995
 ... : 70 149 267 476 941 1133 1243 1649 1836 2278 2507 2774 2913 4022
 ... : 70 149 268 477 943 1137 1246 1653 1842 2286 2519 2784 2927 4046
 ... : 70 149 268 478 944 1138 1248 1655 1848 2293 2539 2802 2937 4052
 ... : 70 149 268 478 944 1138 1248 1655 1850 2301 2548 2819 2964 4082
 ... : 70 149 268 478 944 1138 1248 1655 1852 2309 2559 2834 2985 4119
 ... : 70 149 268 478 944 1138 1248 1655 1851 2308 2563 2839 3007 4139
 ... : 70 149 268 478 945 1139 1250 1661 1858 2319 2579 2851 3023 4161
 ... : 70 149 268 478 945 1139 1250 1661 1858 2319 2576 2851 3035 4231
 ... : 70 149 268 478 945 1139 1250 1661 1858 2319 2579 2856 3038 4312
 ... : 70 149 268 478 945 1139 1249 1661 1860 2324 2587 2868 3054 4351
 ... : 70 149 268 478 945 1139 1249 1661 1860 2325 2591 2873 3082 4418
 ... : 70 149 268 478 945 1139 1250 1662 1860 2331 2599 2888 3092 4496
 ... : 70 149 268 478 945 1139 1250 1662 1860 2330 2598 2894 3116 4567
 ... : 70 149 268 478 945 1139 1250 1662 1862 2330 2598 2896 3130 4660
 ... : 70 149 268 478 945 1139 1250 1662 1863 2332 2606 2897 3148 4741
 ... : 70 149 268 478 945 1139 1250 1662 1863 2331 2610 2900 3177 4797
 ... : 70 149 268 478 945 1139 1250 1662 1865 2335 2611 2907 3208 4862
 ... : 70 149 268 478 945 1139 1250 1662 1865 2335 2609 2907 3232 4929
 ... : 70 149 268 478 945 1139 1250 1662 1867 2338 2616 2917 3265 4990
 ... : 70 149 268 478 945 1139 1250 1662 1867 2340 2623 2929 3289 5055
 ... : 70 149 268 478 945 1139 1250 1662 1869 2343 2627 2932 3322 5119
 ... : 70 149 268 478 945 1138 1249 1661 1870 2345 2633 2947 3348 5187
 ... : 70 149 268 478 945 1138 1249 1661 1870 2346 2639 2973 3372 5231
 ... : 70 149 268 478 945 1138 1249 1661 1870 2347 2639 2989 3412 5277
 ... : 70 149 268 478 945 1138 1249 1661 1870 2347 2642 2990 3447 5317
 ... : 70 149 268 478 945 1138 1249 1661 1868 2346 2642 2998 3472 5376
 ... : 70 149 268 478 945 1138 1249 1661 1870 2348 2643 3004 3492 5418
 ... : 70 149 268 478 945 1138 1249 1661 1871 2352 2647 3008 3504 5485
 ... : 70 149 268 478 945 1138 1249 1661 1871 2357 2656 3022 3540 5519
 ... : 70 149 268 478 945 1138 1249 1660 1870 2356 2657 3020 3533 5581
 ... : 70 149 268 478 945 1138 1249 1660 1873 2364 2667 3030 3547 5612
 ... : 70 149 268 478 945 1138 1249 1660 1875 2367 2677 3046 3578 5640
 ... : 70 149 268 478 945 1138 1249 1660 1879 2375 2692 3065 3602 5654
  15 : 70 149 265 476 937 1123 1222 1600 1746 2067 2345 2622 2898 3163 3786
 ... : 70 149 265 476 937 1123 1221 1600 1746 2070 2355 2638 2913 3175 3816
 ... : 70 149 265 476 938 1124 1224 1603 1755 2084 2365 2645 2919 3180 3826
 ... : 70 149 265 476 938 1124 1223 1598 1755 2075 2361 2652 2933 3190 3842
 ... : 70 149 265 476 938 1124 1223 1598 1755 2075 2361 2654 2946 3204 3931
 ... : 70 149 265 476 938 1124 1223 1598 1758 2077 2364 2657 2966 3223 3965
 ... : 70 149 265 476 938 1124 1223 1598 1757 2078 2365 2657 2977 3257 4015
 ... : 70 149 265 476 938 1124 1224 1598 1760 2083 2370 2666 2987 3278 4052
 ... : 70 149 265 476 938 1124 1225 1599 1763 2087 2375 2673 3003 3299 4082
 ... : 70 149 265 476 938 1124 1225 1599 1763 2086 2374 2677 3009 3311 4130
 ... : 70 149 265 476 938 1124 1225 1599 1765 2090 2382 2681 3028 3337 4167
 ... : 70 149 265 476 938 1124 1225 1599 1765 2088 2381 2685 3042 3369 4193
 ... : 70 149 265 476 938 1124 1226 1600 1771 2094 2386 2690 3050 3383 4217
 ... : 70 149 265 476 938 1121 1225 1595 1768 2099 2395 2699 3062 3408 4241
 ... : 70 149 265 476 938 1121 1225 1595 1768 2100 2394 2702 3070 3425 4264
 ... : 70 149 265 476 938 1121 1225 1595 1768 2100 2394 2702 3085 3454 4327
 ... : 70 149 265 476 938 1121 1225 1595 1768 2101 2397 2704 3097 3487 4387
 ... : 70 149 265 476 938 1121 1225 1595 1768 2101 2397 2704 3108 3511 4471
 ... : 70 149 265 476 938 1121 1225 1595 1768 2101 2399 2708 3119 3534 4538
 ... : 70 149 265 476 938 1121 1225 1595 1768 2101 2399 2711 3129 3557 4618
 ... : 70 149 265 476 938 1121 1225 1595 1768 2101 2402 2714 3137 3574 4686
 ... : 70 149 265 476 938 1121 1225 1595 1768 2101 2405 2715 3142 3587 4800
 ... : 70 149 265 476 938 1121 1225 1595 1768 2101 2406 2720 3148 3600 4860
 ... : 70 149 265 476 938 1121 1225 1595 1770 2104 2409 2727 3158 3613 4924
 ... : 70 149 265 476 938 1121 1225 1595 1772 2105 2410 2731 3166 3633 4981
 ... : 70 149 265 476 938 1121 1225 1595 1772 2105 2411 2730 3181 3652 5049
 ... : 70 149 265 476 938 1121 1225 1595 1771 2104 2413 2734 3187 3660 5119
 ... : 70 149 265 476 938 1121 1225 1595 1771 2104 2420 2740 3194 3672 5178
 ... : 70 149 265 476 939 1125 1230 1599 1779 2112 2424 2746 3202 3693 5209
 ... : 70 149 265 476 939 1125 1230 1599 1779 2112 2425 2756 3218 3720 5255
 ... : 70 149 265 476 939 1125 1231 1599 1782 2115 2432 2763 3239 3734 5268
 ... : 70 149 265 476 939 1125 1231 1599 1785 2119 2445 2776 3257 3749 5292
 ... : 70 149 265 476 939 1125 1231 1599 1783 2118 2444 2778 3264 3777 5351
 ... : 70 149 265 476 939 1125 1231 1599 1783 2118 2444 2777 3276 3803 5399
 ... : 70 149 265 476 939 1125 1231 1598 1781 2117 2444 2780 3281 3823 5437
 ... : 70 149 265 476 939 1125 1231 1598 1781 2118 2445 2780 3294 3848 5480
  16 : 70 149 265 476 934 1092 1114 1434 1411 1527 1708 2063 2567 3371 3841 3588
 ... : 70 149 265 476 934 1092 1114 1434 1411 1527 1709 2063 2569 3378 3863 3686
 ... : 70 149 265 476 934 1092 1114 1434 1411 1526 1708 2060 2572 3385 3872 3731
 ... : 70 149 265 476 934 1092 1114 1434 1411 1526 1708 2066 2583 3400 3899 3797
 ... : 70 149 265 476 934 1092 1114 1434 1411 1526 1708 2067 2587 3415 3930 3847
 ... : 70 149 265 476 934 1092 1114 1434 1411 1526 1710 2073 2597 3440 3957 3876
 ... : 70 149 265 476 934 1092 1114 1434 1417 1530 1709 2071 2597 3442 3964 3888
 ... : 70 149 265 476 934 1092 1114 1434 1416 1532 1709 2076 2608 3450 3989 3908
 ... : 70 149 265 476 934 1092 1114 1435 1418 1534 1710 2076 2610 3453 4003 3956
 ... : 70 149 265 476 934 1092 1114 1435 1418 1534 1709 2075 2612 3463 4035 4006
 ... : 70 149 265 475 934 1091 1116 1440 1422 1537 1711 2078 2614 3481 4052 4023
 ... : 70 149 265 475 934 1091 1117 1441 1423 1541 1716 2082 2618 3493 4066 4065
 ... : 70 149 265 475 936 1093 1120 1443 1424 1544 1723 2097 2628 3507 4084 4095
 ... : 70 149 265 475 936 1093 1120 1443 1424 1544 1724 2099 2627 3512 4101 4153
 ... : 70 149 265 475 936 1093 1119 1442 1422 1543 1726 2100 2628 3510 4114 4273
 ... : 70 149 265 475 936 1093 1119 1442 1422 1543 1726 2099 2628 3512 4123 4365
 ... : 70 149 265 475 936 1093 1119 1442 1422 1543 1726 2101 2632 3519 4150 4438
 ... : 70 149 265 475 936 1093 1119 1442 1422 1543 1728 2103 2641 3533 4179 4479
 ... : 70 149 265 475 936 1093 1119 1442 1422 1543 1727 2103 2644 3534 4208 4541
 ... : 70 149 265 475 936 1093 1119 1442 1422 1542 1727 2105 2656 3543 4233 4590
 ... : 70 149 265 475 936 1093 1119 1442 1422 1542 1727 2105 2659 3550 4261 4655
 ... : 70 149 265 475 936 1093 1119 1442 1422 1542 1727 2107 2662 3559 4275 4749
 ... : 70 149 265 475 936 1093 1119 1442 1422 1542 1725 2107 2663 3572 4297 4793
 ... : 70 149 265 475 936 1093 1119 1442 1422 1542 1728 2111 2672 3586 4312 4825
 ... : 70 149 265 475 936 1093 1119 1442 1422 1542 1728 2112 2673 3594 4336 4887
 ... : 70 149 265 475 936 1093 1119 1442 1423 1543 1730 2113 2679 3600 4359 4932
 ... : 70 149 265 475 936 1093 1119 1442 1423 1544 1731 2113 2681 3599 4355 5037
 ... : 70 149 265 475 936 1093 1119 1442 1423 1544 1731 2114 2691 3607 4364 5095
 ... : 70 149 265 475 936 1093 1119 1442 1423 1546 1735 2116 2694 3616 4379 5185
 ... : 70 149 265 475 936 1093 1120 1443 1424 1549 1740 2119 2699 3622 4389 5244
 ... : 70 149 265 475 936 1093 1120 1443 1424 1549 1742 2124 2714 3646 4410 5275
 ... : 70 149 265 475 936 1093 1120 1443 1426 1553 1745 2132 2720 3661 4429 5308
 ... : 70 149 265 475 936 1093 1120 1443 1426 1553 1746 2133 2729 3679 4456 5357
 ... : 70 149 265 475 936 1093 1120 1444 1434 1564 1752 2133 2731 3692 4481 5381
 ... : 70 149 265 475 936 1093 1120 1444 1435 1565 1761 2152 2747 3711 4499 5392
 ... : 70 149 265 475 936 1093 1120 1444 1435 1565 1761 2154 2759 3714 4521 5445
 ... : 70 149 265 475 936 1093 1120 1444 1434 1564 1759 2154 2765 3729 4551 5485
 ... : 70 149 265 475 936 1093 1120 1444 1434 1563 1758 2152 2771 3731 4584 5523
  17 : 70 149 265 472 927 1066 1056 1334 1220 1152 1193 1404 2005 2900 3967 4454 3366
 ... : 70 149 265 472 927 1066 1056 1334 1220 1152 1193 1404 2009 2912 3989 4477 3421
 ... : 70 149 265 472 927 1066 1056 1334 1220 1152 1193 1404 2009 2915 4009 4520 3466
 ... : 70 149 265 472 927 1066 1056 1334 1220 1152 1193 1404 2009 2917 4020 4546 3550
 ... : 70 149 265 472 927 1066 1060 1338 1227 1155 1196 1405 2009 2919 4024 4553 3608
 ... : 70 149 265 472 927 1066 1060 1338 1227 1155 1196 1405 2015 2928 4037 4573 3648
 ... : 70 149 265 472 927 1066 1060 1338 1228 1152 1193 1401 2015 2935 4044 4578 3650
 ... : 70 149 265 472 927 1066 1065 1346 1232 1159 1200 1402 2015 2934 4045 4592 3675
 ... : 70 149 265 472 927 1066 1065 1346 1232 1159 1200 1402 2014 2939 4057 4609 3725
 ... : 70 149 265 472 927 1066 1065 1346 1232 1159 1200 1403 2019 2950 4074 4641 3747
 ... : 70 149 265 472 927 1066 1065 1346 1232 1159 1200 1402 2020 2960 4095 4654 3777
 ... : 70 149 265 472 927 1066 1065 1346 1232 1159 1200 1402 2021 2961 4111 4687 3822
 ... : 70 149 265 472 927 1066 1065 1346 1232 1159 1200 1405 2031 2968 4124 4706 3850
 ... : 70 149 265 472 927 1066 1065 1346 1232 1159 1200 1405 2031 2967 4133 4710 3936
 ... : 70 149 265 472 927 1066 1065 1346 1232 1159 1200 1406 2038 2974 4145 4730 3975
 ... : 70 149 265 472 927 1066 1065 1346 1232 1159 1200 1405 2039 2977 4151 4755 4052
 ... : 70 149 265 472 927 1066 1065 1346 1232 1159 1200 1405 2039 2976 4151 4759 4178
 ... : 70 149 265 472 927 1066 1065 1346 1232 1159 1200 1404 2037 2972 4148 4755 4296
 ... : 70 149 265 472 927 1066 1065 1346 1232 1159 1200 1404 2037 2971 4153 4763 4427
 ... : 70 149 265 472 927 1066 1065 1346 1232 1159 1200 1404 2037 2973 4164 4783 4489
 ... : 70 149 265 472 927 1066 1065 1346 1232 1159 1200 1401 2035 2974 4175 4786 4577
 ... : 70 149 265 472 927 1066 1065 1346 1232 1159 1200 1401 2036 2974 4185 4797 4639
 ... : 70 149 265 472 927 1066 1065 1346 1232 1159 1200 1400 2032 2972 4188 4812 4720
 ... : 70 149 265 472 927 1066 1065 1346 1232 1159 1200 1401 2030 2970 4179 4811 4836
 ... : 70 149 265 472 927 1066 1065 1346 1232 1159 1200 1400 2028 2971 4181 4816 4942
 ... : 70 149 265 472 927 1066 1065 1346 1232 1159 1200 1400 2027 2971 4188 4839 5002
 ... : 70 149 265 472 927 1066 1065 1346 1232 1159 1200 1400 2026 2975 4201 4860 5082
 ... : 70 149 265 472 927 1066 1065 1346 1231 1159 1200 1400 2027 2977 4207 4883 5146
 ... : 70 149 265 472 927 1066 1065 1346 1230 1158 1200 1400 2025 2975 4212 4903 5189
 ... : 70 149 265 472 927 1066 1065 1346 1233 1161 1204 1407 2030 2976 4215 4913 5229
 ... : 70 149 265 472 927 1066 1065 1346 1232 1158 1202 1405 2027 2973 4220 4930 5281
 ... : 70 149 265 472 927 1066 1065 1346 1232 1158 1202 1404 2027 2967 4217 4940 5350
  18 : 70 149 265 472 918 1045 1019 1254 1055 921 862 986 1364 1990 3242 4545 4283 3322
 ... : 70 149 265 472 918 1045 1019 1254 1055 921 862 986 1364 1990 3243 4554 4317 3372
 ... : 70 149 265 472 918 1045 1019 1254 1055 921 862 986 1364 1992 3253 4571 4358 3409
 ... : 70 149 265 472 918 1045 1019 1254 1055 921 862 986 1364 1990 3255 4581 4390 3458
 ... : 70 149 265 472 918 1045 1019 1254 1055 921 862 987 1369 1997 3268 4594 4406 3522
 ... : 70 149 265 472 918 1045 1019 1254 1055 921 862 987 1370 1998 3275 4605 4444 3563
 ... : 70 149 265 472 918 1045 1019 1254 1055 921 862 987 1370 1998 3276 4611 4462 3690
 ... : 70 149 265 472 918 1045 1019 1254 1055 921 862 987 1370 2000 3278 4627 4497 3734
 ... : 70 149 265 472 918 1045 1019 1254 1055 921 862 987 1372 2005 3286 4637 4535 3787
 ... : 70 149 265 472 918 1045 1019 1254 1055 921 860 982 1365 2002 3302 4654 4557 3835
 ... : 70 149 265 472 918 1045 1019 1254 1055 921 860 982 1364 2001 3296 4667 4592 3888
 ... : 70 149 265 472 918 1045 1019 1254 1055 921 860 982 1364 2005 3300 4678 4622 3963
 ... : 70 149 265 472 918 1045 1019 1254 1055 921 859 982 1363 2006 3305 4689 4648 4027
 ... : 70 149 265 472 918 1045 1019 1254 1055 921 859 982 1363 2006 3315 4707 4675 4062
 ... : 70 149 265 472 918 1045 1019 1254 1055 921 859 982 1363 2004 3315 4710 4704 4116
 ... : 70 149 265 472 918 1045 1019 1254 1055 921 859 982 1363 2006 3317 4717 4713 4170
 ... : 70 149 265 472 918 1045 1019 1254 1055 921 859 982 1363 2006 3312 4717 4714 4243
 ... : 70 149 265 472 918 1045 1019 1254 1055 921 859 982 1363 2006 3310 4710 4725 4338
 ... : 70 149 265 472 918 1045 1019 1254 1055 921 859 982 1363 2006 3316 4715 4759 4401
 ... : 70 149 265 472 918 1045 1019 1254 1055 921 859 984 1360 2004 3316 4720 4781 4459
 ... : 70 149 265 472 918 1045 1019 1254 1055 921 860 988 1366 2009 3327 4721 4789 4515
 ... : 70 149 265 472 918 1045 1019 1254 1055 921 860 988 1367 2009 3331 4735 4824 4559
 ... : 70 149 265 472 918 1045 1019 1253 1054 921 860 986 1361 2007 3332 4745 4845 4610
 ... : 70 149 265 472 918 1045 1019 1253 1054 921 860 986 1361 2012 3329 4755 4863 4645
 ... : 70 149 265 472 918 1045 1019 1253 1054 921 860 986 1361 2015 3330 4771 4889 4696
 ... : 70 149 265 472 918 1045 1019 1253 1054 921 859 986 1360 2011 3332 4780 4914 4759
 ... : 70 149 265 472 918 1045 1019 1253 1054 921 859 986 1358 2010 3329 4778 4926 4839
 ... : 70 149 265 472 918 1045 1019 1253 1054 921 859 986 1358 2010 3328 4775 4911 4980
 ... : 70 149 265 472 918 1045 1019 1253 1054 921 859 986 1358 2009 3327 4776 4923 5070
 ... : 70 149 265 472 918 1045 1019 1253 1054 921 857 982 1352 2009 3320 4783 4937 5142
 ... : 70 149 265 472 918 1045 1019 1253 1054 921 857 982 1356 2013 3335 4797 4957 5187
 ... : 70 149 265 472 918 1045 1019 1253 1054 921 857 982 1356 2013 3341 4804 4987 5249
 ... : 70 149 265 472 918 1045 1019 1253 1054 921 857 982 1356 2014 3352 4830 5021 5278
 ... : 70 149 265 472 918 1044 1018 1253 1053 920 856 980 1352 2009 3345 4834 5038 5297
 ... : 70 149 265 472 918 1044 1018 1253 1053 920 856 980 1352 2007 3344 4841 5076 5344
 ... : 70 149 265 472 918 1044 1018 1253 1053 920 856 980 1351 2002 3342 4843 5101 5390
 ... : 70 149 265 472 918 1044 1018 1253 1053 920 856 980 1351 2000 3340 4843 5131 5443
 ... : 70 149 265 472 918 1044 1018 1253 1053 920 856 980 1348 1996 3335 4839 5148 5485
 ... : 70 149 265 472 918 1044 1018 1253 1053 919 853 976 1354 1998 3344 4846 5167 5523
  19 : 70 149 265 470 916 1037 1017 1230 908 726 482 334 362 909 2093 3800 4628 4651 4271
 ... : 70 149 265 470 916 1037 1017 1230 908 726 482 334 362 909 2095 3802 4633 4678 4345
 ... : 70 149 265 470 916 1037 1017 1230 908 726 482 334 362 909 2095 3797 4632 4697 4403
 ... : 70 149 265 470 916 1037 1017 1230 908 726 482 334 362 909 2095 3797 4629 4701 4485
 ... : 70 149 265 470 916 1037 1017 1230 908 726 482 334 362 909 2095 3797 4632 4717 4620
 ... : 70 149 265 470 916 1038 1021 1231 911 728 483 334 362 913 2101 3806 4643 4731 4632
 ... : 70 149 265 470 916 1038 1021 1231 911 728 483 334 361 910 2095 3804 4664 4764 4671
 ... : 70 149 265 470 916 1038 1021 1231 911 728 483 334 361 909 2096 3808 4675 4806 4706
 ... : 70 149 265 470 916 1038 1021 1231 911 728 483 334 361 909 2096 3808 4676 4817 4781
 ... : 70 149 265 470 916 1038 1021 1231 911 728 483 334 360 906 2097 3809 4682 4836 4847
 ... : 70 149 265 470 916 1038 1021 1231 911 728 483 334 360 906 2097 3813 4682 4840 4941
 ... : 70 149 265 470 916 1038 1021 1231 911 728 483 334 360 905 2095 3811 4690 4873 5009
 ... : 70 149 265 470 916 1038 1021 1231 911 728 483 334 360 905 2094 3810 4703 4906 5064
 ... : 70 149 265 470 916 1038 1021 1231 911 728 483 334 360 907 2097 3811 4706 4906 5152
 ... : 70 149 265 470 916 1038 1021 1231 911 728 483 334 360 907 2097 3809 4713 4939 5204
 ... : 70 149 265 470 916 1038 1020 1231 911 728 483 334 360 906 2097 3808 4714 4943 5298
 ... : 70 149 265 470 916 1038 1020 1231 911 728 483 334 360 906 2098 3807 4727 4980 5356
 ... : 70 149 265 470 916 1038 1020 1231 911 728 483 334 360 906 2099 3816 4748 5002 5401
 ... : 70 149 265 470 916 1038 1020 1231 911 728 483 334 360 904 2099 3815 4751 5011 5506
 ... : 70 149 265 470 916 1038 1020 1231 911 728 483 334 360 900 2100 3818 4763 5022 5550
 ... : 70 149 265 470 916 1038 1020 1231 911 728 483 334 359 900 2100 3821 4773 5047 5588
 ... : 70 149 265 470 916 1038 1020 1231 911 728 483 334 359 900 2100 3818 4767 5059 5638
  20 : 70 149 265 470 915 1035 1001 1234 896 708 422 231 187 621 1488 3074 4041 4462 4203 3736
 ... : 70 149 265 470 915 1035 1001 1234 896 708 422 231 187 621 1488 3074 4044 4485 4238 3768
 ... : 70 149 265 470 915 1035 1001 1234 896 708 422 231 187 621 1487 3079 4062 4509 4267 3785
 ... : 70 149 265 470 915 1035 1001 1234 896 708 422 231 187 621 1487 3079 4071 4518 4291 3829
 ... : 70 149 265 470 915 1035 1001 1234 896 708 422 231 187 621 1486 3082 4081 4535 4319 3863
 ... : 70 149 265 470 915 1035 1001 1234 896 708 422 231 187 621 1486 3082 4086 4560 4365 3901
 ... : 70 149 265 470 915 1035 1001 1234 896 708 422 231 187 621 1486 3082 4085 4576 4403 3952
 ... : 70 149 265 470 915 1035 1001 1234 896 708 422 231 187 621 1486 3082 4097 4607 4451 3967
 ... : 70 149 265 470 915 1035 1001 1234 896 708 422 231 187 621 1486 3082 4099 4630 4486 4012
 ... : 70 149 265 470 915 1035 1001 1234 896 708 422 231 187 621 1486 3084 4099 4632 4515 4067
 ... : 70 149 265 470 915 1035 1001 1234 896 708 422 231 187 621 1486 3085 4100 4638 4534 4096
 ... : 70 149 265 470 915 1035 1001 1234 896 708 422 231 187 621 1486 3085 4104 4645 4556 4154
 ... : 70 149 265 470 915 1035 1001 1234 896 708 422 231 187 621 1485 3087 4111 4657 4578 4226
 ... : 70 149 265 470 915 1035 1001 1234 896 708 422 231 187 621 1485 3087 4113 4661 4600 4307
 ... : 70 149 265 470 915 1035 1001 1234 896 708 422 231 187 621 1485 3086 4112 4674 4619 4397
 ... : 70 149 265 470 915 1035 1001 1234 896 708 422 231 187 621 1485 3084 4115 4695 4633 4477
 ... : 70 149 265 470 915 1035 1001 1234 896 708 422 231 187 621 1486 3084 4125 4722 4674 4500
 ... : 70 149 265 470 915 1035 1001 1234 895 708 422 231 187 621 1485 3083 4127 4735 4689 4544
 ... : 70 149 265 470 915 1035 1001 1234 895 708 422 231 187 621 1485 3081 4127 4746 4723 4593
 ... : 70 149 265 470 915 1035 1001 1234 895 708 422 231 187 621 1485 3081 4124 4748 4745 4667
 ... : 70 149 265 470 915 1035 1001 1234 895 708 422 231 187 621 1485 3081 4125 4757 4771 4748
 ... : 70 149 265 470 915 1035 1001 1234 895 708 422 231 187 620 1486 3083 4131 4768 4804 4812
 ... : 70 149 265 470 915 1035 1001 1234 895 708 422 231 187 620 1486 3084 4132 4776 4827 4859
 ... : 70 149 265 470 915 1035 1001 1234 895 708 422 231 187 620 1487 3084 4134 4788 4844 4916
 ... : 70 149 265 470 915 1035 1001 1234 895 708 422 231 187 620 1487 3085 4135 4786 4854 5012
 ... : 70 149 265 470 915 1035 1001 1234 892 707 421 229 186 619 1487 3079 4134 4791 4868 5042
 ... : 70 149 265 470 915 1035 1001 1234 892 707 421 229 181 616 1483 3074 4126 4773 4860 5121
 ... : 70 149 265 470 915 1035 1000 1234 894 708 422 231 182 616 1485 3074 4120 4775 4877 5163
 ... : 70 149 265 470 915 1035 1000 1234 894 708 421 230 181 615 1484 3068 4118 4769 4898 5203
 ... : 70 149 265 470 915 1035 1000 1234 894 708 421 230 181 615 1484 3066 4118 4788 4938 5232
 ... : 70 149 265 470 915 1035 1000 1234 894 708 421 230 181 615 1484 3065 4126 4819 4978 5262
 ... : 70 149 265 470 915 1035 1000 1234 894 708 421 230 181 615 1484 3065 4128 4820 4998 5308
 ... : 70 149 265 470 915 1035 1000 1234 894 708 421 230 181 615 1483 3068 4131 4823 5018 5366
 ... : 70 149 265 470 915 1035 1000 1234 894 708 421 230 181 615 1483 3067 4130 4828 5045 5438
 ... : 70 149 265 470 915 1035 1000 1234 894 708 421 230 180 615 1482 3066 4130 4834 5073 5484
 ... : 70 149 265 470 915 1035 1000 1234 894 708 421 230 180 615 1482 3064 4127 4835 5098 5542
 ... : 70 149 265 470 915 1035 1000 1234 894 708 421 230 179 615 1482 3065 4128 4827 5105 5624
 ... : 70 149 265 470 915 1035 1000 1234 894 708 421 229 178 613 1481 3059 4131 4838 5129 5690
