initialized model with 130 latches, 17 inputs and 1 properties
tsim: performed 13 steps
tsim: found cycle from 7
checking bound 0
checking bound 1
checking bound 2
tdecomp: unrolling 2 cycles
tsim: performed 11 steps
tsim: found cycle from 5
tdecomp: no improvement found, reverting original model
   2 : 0 0
completing final invariant with sub-IC3 call...
num_solve_calls = 6
num_solve_sat_calls = 0
num_solve_unsat_calls = 0
num_solve_approx_calls = 0
num_solve_approx_unsat_calls = 0
num_solve_conflicts = 19
num_solve_decisions = 103
num_solve_propagations = 9977
avg_solve_conflicts = 4
avg_solve_decisions = 18
avg_solve_propagations = 1663
avg_solve_unsat_decisions = 0.000
stddev_solve_unsat_decisions = 0.000
num_added_cubes = 0
num_subsumed_cubes = 0
num_gc_frame = 0
num_reset = 0
num_try_blocking = 0
get_bad_cube_time = 0.001
rec_block_cube_time = 0.000
propagate_forward_time = 0.000
generalize_model_time = 0.000
generalize_and_push_time = 0.000
try_blocking_time = 0.000
reset_time = 0.000
clausify_time = 0.075
preprocess_time = 0.016
solve_time = 0.001
solve_sat_time = 0.000
solve_unsat_time = 0.001
prove_time = 0.099
memory_used_mb = 10
total_time = 0.218
Safe
