initialized model with 34 latches, 2 inputs and 1 properties
tsim: reached all X state
tsim: performed 6 steps
checking bound 0
checking bound 1
checking bound 2
tdecomp: unrolling 2 cycles
tsim: reached all X state
tsim: performed 4 steps
tdecomp: no improvement found, reverting original model
   2 : 5 0
   3 : 5 9 1
   4 : 5 10 7 4
   5 : 5 10 7 6 5
   6 : 5 10 7 6 9 5
   7 : 5 10 7 6 9 6 5
   8 : 5 10 7 5 7 5 6 20
   9 : 5 10 7 5 7 5 6 8 14
  10 : 5 10 7 5 7 5 7 5 6 16
  11 : 5 10 7 5 7 4 5 0 8 23 0
completing final invariant with sub-IC3 call...
num_solve_calls = 2948
num_solve_sat_calls = 1152
num_solve_unsat_calls = 102
num_solve_approx_calls = 1632
num_solve_approx_unsat_calls = 586
num_solve_conflicts = 2447
num_solve_decisions = 37402
num_solve_propagations = 1155105
avg_solve_conflicts = 1
avg_solve_decisions = 13
avg_solve_propagations = 392
avg_solve_unsat_decisions = 0.735
stddev_solve_unsat_decisions = 0.964
num_added_cubes = 198
num_subsumed_cubes = 124
num_gc_frame = 25
num_reset = 0
num_try_blocking = 1417
get_bad_cube_time = 0.116
rec_block_cube_time = 0.086
propagate_forward_time = 0.042
generalize_model_time = 0.047
generalize_and_push_time = 0.068
try_blocking_time = 0.126
reset_time = 0.000
clausify_time = 0.077
preprocess_time = 0.006
solve_time = 0.233
solve_sat_time = 0.164
solve_unsat_time = 0.069
prove_time = 0.336
memory_used_mb = 8
total_time = 0.609
Safe
