initialized model with 27 latches, 12 inputs and 1 properties
tsim: performed 34 steps
tsim: found cycle from 32
checking bound 0
checking bound 1
checking bound 2
tdecomp: unrolling 2 cycles
tsim: performed 32 steps
tsim: found cycle from 30
tdecomp: no improvement found, reverting original model
   2 : 1 0
   3 : 1 1 0
   4 : 1 1 1 0
   5 : 1 1 1 1 1
   6 : 1 1 1 1 1 0
   7 : 3 2 4 5 5 2 2
   8 : 3 2 4 5 5 2 1 2
   9 : 3 2 4 5 5 2 1 1 3
  10 : 3 2 4 5 5 2 1 1 1 2
  11 : 3 2 4 3 1 1 3 1 1 1 9
  12 : 3 2 4 3 1 1 3 1 1 1 1 8
  13 : 4 2 5 1 1 3 1 1 3 2 1 1 9
  14 : 6 3 7 1 1 1 5 2 2 2 5 3 2 12
  15 : 6 3 7 1 1 1 5 2 2 2 5 3 2 2 10
  16 : 6 3 7 1 1 1 5 2 2 2 5 3 2 2 1 9
  17 : 6 3 7 1 1 1 5 2 2 2 5 3 2 2 1 1 9
  18 : 6 3 7 1 1 1 5 2 2 2 5 3 2 2 1 1 1 10
  19 : 6 3 7 1 1 1 5 2 2 2 5 3 2 2 1 1 1 1 9
  20 : 6 3 7 1 1 1 5 2 2 2 5 1 1 1 1 1 1 1 1 17
  21 : 6 3 7 1 1 1 5 2 2 2 5 1 1 1 1 1 1 1 1 1 16
 ... : 9 4 10 1 1 1 7 1 1 2 6 2 4 3 3 1 1 1 1 1 17
  22 : 9 4 10 1 1 1 7 1 1 1 1 1 7 1 1 1 1 1 1 1 1 24
  23 : 9 4 10 1 1 1 7 1 1 1 1 1 7 1 1 1 1 1 1 1 1 1 31
 ... : 12 5 16 2 1 1 9 2 4 2 1 1 11 3 3 3 2 1 1 1 1 3 37
  24 : 12 5 16 1 1 1 10 1 1 1 1 1 11 4 4 3 2 2 2 2 2 2 7 35
  25 : 12 5 16 1 1 1 10 1 1 1 1 1 11 4 4 3 2 2 2 2 2 2 8 5 32
  26 : 12 5 16 1 1 1 10 1 1 1 1 1 11 4 4 3 2 2 2 2 2 2 8 5 8 24
  27 : 12 5 16 1 1 1 10 1 1 1 1 1 11 4 4 3 2 2 2 2 2 2 7 6 9 5 22
  28 : 12 5 16 1 1 1 10 1 1 1 1 1 11 4 4 3 2 2 2 2 2 2 7 6 9 5 6 16
  29 : 12 5 16 1 1 1 10 1 1 1 1 1 11 1 1 1 1 1 1 1 1 1 9 7 10 6 7 5 16
  30 : 12 5 16 1 1 1 10 1 1 1 1 1 11 1 1 1 1 1 1 1 1 1 9 7 10 6 7 5 4 17
  31 : 12 5 16 1 1 1 10 1 1 1 1 1 11 1 1 1 1 1 1 1 1 1 9 7 10 6 7 5 4 4 19
  32 : 12 5 16 1 1 1 10 1 1 1 1 1 11 1 1 1 1 1 1 1 1 1 9 7 10 6 6 6 5 4 4 16
 ... : 12 5 16 1 1 1 10 1 1 1 1 1 11 1 1 1 1 1 1 1 1 1 9 6 9 7 6 6 8 8 6 22
  33 : 12 5 16 1 1 1 10 1 1 1 1 1 11 1 1 1 1 1 1 1 1 1 9 4 5 3 2 2 3 2 2 3 37
  34 : 12 5 16 1 1 1 10 1 1 1 1 1 11 1 1 1 1 1 1 1 1 1 9 4 5 3 2 2 3 2 2 3 2 36
  35 : 12 5 16 1 1 1 10 1 1 1 1 1 11 1 1 1 1 1 1 1 1 1 9 4 5 3 2 2 3 2 2 3 2 2 36
  36 : 12 5 16 1 1 1 10 1 1 1 1 1 11 1 1 1 1 1 1 1 1 1 9 4 5 3 2 2 3 2 2 3 2 2 2 35
  37 : 12 5 16 1 1 1 10 1 1 1 1 1 11 1 1 1 1 1 1 1 1 1 9 3 3 2 1 1 1 1 1 1 1 2 1 1 44
  38 : 12 5 16 1 1 1 10 1 1 1 1 1 11 1 1 1 1 1 1 1 1 1 9 3 3 2 1 1 1 1 1 1 1 2 1 1 1 43
  39 : 12 5 16 1 1 1 10 1 1 1 1 1 11 1 1 1 1 1 1 1 1 1 9 0 3 1 0 0 0 0 0 0 0 1 0 0 2 46 0
num_solve_calls = 27353
num_solve_sat_calls = 11387
num_solve_unsat_calls = 608
num_solve_approx_calls = 15823
num_solve_approx_unsat_calls = 5056
num_solve_conflicts = 5431
num_solve_decisions = 189900
num_solve_propagations = 1720884
avg_solve_conflicts = 1
avg_solve_decisions = 7
avg_solve_propagations = 63
avg_solve_unsat_decisions = 0.043
stddev_solve_unsat_decisions = 0.295
num_added_cubes = 1472
num_subsumed_cubes = 1339
num_gc_frame = 459
num_reset = 3
num_try_blocking = 13701
get_bad_cube_time = 0.033
rec_block_cube_time = 0.590
propagate_forward_time = 0.165
generalize_model_time = 0.045
generalize_and_push_time = 0.466
try_blocking_time = 0.711
reset_time = 0.006
clausify_time = 0.075
preprocess_time = 0.004
solve_time = 0.662
solve_sat_time = 0.522
solve_unsat_time = 0.140
prove_time = 0.866
memory_used_mb = 8
total_time = 0.873
Safe
