initialized model with 130 latches, 66 inputs and 1 properties
tsim: performed 86 steps
tsim: found cycle from 21
tsim: found 0 constants and 7 latch equivalences
seqsimpl: (130, 66) -> (123, 66)
checking bound 0
checking bound 1
checking bound 2
tdecomp: unrolling 2 cycles
tsim: performed 84 steps
tsim: found cycle from 19
tsim: found 1 constants and 0 latch equivalences
tdecomp: (123, 264) -> (122, 197)
   2 : 7 23
   3 : 7 7 31
   4 : 7 7 5 32
   5 : 7 7 5 6 29
   6 : 7 7 5 5 5 39
   7 : 7 7 5 5 5 3 37
   8 : 7 7 5 5 5 3 3 44
   9 : 7 7 5 5 4 3 3 14 46
  10 : 7 6 5 6 4 3 3 14 3 53
  11 : 7 6 5 6 4 3 3 14 3 8 51
  12 : 7 6 5 6 4 3 3 13 3 5 7 55
  13 : 7 6 5 5 4 3 3 13 3 4 7 8 61
  14 : 7 6 4 6 4 3 3 13 3 4 7 8 12 59
  15 : 7 6 4 6 4 3 3 13 3 4 7 8 11 10 61
  16 : 7 6 4 6 4 3 3 13 3 4 7 8 11 9 11 73
 ... : 7 6 4 6 4 3 3 13 3 5 7 9 13 16 32 107
 ... : 7 6 4 6 4 3 3 13 3 5 11 9 14 15 42 118
  17 : 7 7 2 2 1 3 3 12 3 5 7 10 16 14 23 36 120
  18 : 7 7 2 2 1 3 3 12 3 5 7 10 16 14 23 36 27 101
  19 : 7 7 2 2 1 3 3 12 3 5 7 8 16 13 23 29 21 26 142
  20 : 7 7 2 2 1 3 3 12 3 5 7 8 16 13 23 28 22 30 47 128
  21 : 7 7 2 2 1 3 3 12 3 5 7 8 16 13 22 27 24 30 47 34 139
 ... : 7 7 2 2 1 3 3 11 3 5 7 8 16 13 21 29 26 33 55 48 206
  22 : 7 4 5 2 1 3 3 11 3 5 6 8 15 13 16 25 23 21 35 32 42 192
  23 : 7 4 5 2 1 3 3 11 3 5 6 8 15 13 16 25 23 21 34 31 41 40 166
  24 : 7 4 5 2 1 3 3 11 3 5 6 8 15 13 16 25 23 21 34 30 34 45 74 189
  25 : 7 4 5 2 1 3 3 11 3 5 6 8 15 13 15 26 23 16 23 8 8 32 33 54 226
  26 : 7 4 5 2 1 3 3 11 3 5 6 8 15 13 15 26 23 16 22 8 9 32 31 48 48 232
  27 : 7 4 5 2 1 3 3 11 3 5 6 8 15 13 15 26 23 16 22 8 9 30 23 41 51 72 230
  28 : 7 4 5 2 1 3 3 11 3 5 6 8 15 13 15 26 23 16 22 8 9 30 21 36 45 76 86 181
  29 : 7 4 5 2 1 3 3 11 3 5 6 8 15 13 15 24 22 14 25 8 9 30 21 30 28 63 84 74 210
  30 : 7 4 5 2 1 3 3 11 3 5 6 8 15 13 14 25 22 14 25 7 9 30 19 27 27 67 80 85 89 222
 ... : 7 4 5 2 1 3 3 11 3 5 6 8 15 13 14 25 23 16 27 10 13 34 26 43 39 72 82 82 94 250
 ... : 7 4 5 2 1 3 3 11 3 5 6 8 15 13 14 25 23 17 29 13 18 46 29 49 45 74 87 94 103 255
  31 : 7 4 5 2 1 3 3 11 3 5 6 8 15 13 14 19 25 20 30 15 15 39 26 42 31 75 96 93 102 99 210
 ... : 7 4 5 2 1 3 3 11 3 5 6 8 15 13 14 19 25 20 32 21 19 41 27 42 33 76 105 98 109 108 260
  32 : 7 4 5 2 1 3 3 11 3 5 6 8 15 13 14 19 25 20 30 21 20 41 26 41 32 76 96 93 99 108 106 178
  33 : 7 4 5 2 1 3 3 11 3 5 6 8 15 13 14 19 25 20 30 21 20 41 26 41 32 75 97 92 91 101 99 79 161
  34 : 7 4 5 2 1 3 3 11 3 5 6 8 15 13 14 19 25 20 30 21 20 41 26 40 32 74 98 92 92 101 94 76 65 158
  35 : 7 4 5 2 1 3 3 11 3 5 6 8 15 13 14 19 25 20 30 21 20 41 26 38 30 71 90 90 100 104 94 73 65 40 175
 ... : 7 4 5 2 1 3 3 11 3 5 6 8 15 13 14 19 25 20 30 21 20 41 26 38 30 71 90 90 100 104 95 78 75 55 262
 ... : 7 4 5 2 1 3 3 11 3 5 6 8 15 13 14 19 25 20 30 21 20 41 26 38 30 71 88 89 100 105 101 92 98 80 297
 ... : 7 4 5 2 1 3 3 11 3 5 6 8 15 13 14 19 25 20 30 21 20 41 26 38 30 71 90 97 101 115 118 98 107 89 319
  36 : 7 4 5 2 1 3 3 11 3 5 6 8 15 13 14 19 24 20 30 21 20 41 24 37 26 62 61 69 87 99 134 99 107 87 91 329
  37 : 7 4 5 2 1 3 3 11 3 5 6 8 15 13 14 19 24 20 30 21 20 41 24 37 26 62 60 67 88 98 135 95 109 87 86 86 283
  38 : 7 4 5 2 1 3 3 11 3 5 6 8 15 13 14 19 24 20 30 21 20 41 24 29 28 62 63 68 86 99 135 91 107 84 83 86 75 305
  39 : 7 4 5 2 1 3 3 11 3 5 6 8 15 13 14 19 24 20 30 21 20 41 24 29 28 62 63 67 85 98 129 85 96 80 77 88 69 90 326
 ... : 7 4 5 2 1 3 3 11 3 5 6 8 15 13 14 19 24 20 30 21 20 41 24 29 28 62 63 67 85 98 129 85 96 80 78 87 74 100 429
  40 : 7 4 5 2 1 3 3 11 3 5 6 8 15 13 14 19 24 20 30 21 20 41 24 29 28 62 63 66 84 97 128 84 96 72 71 74 74 88 70 383
  41 : 7 4 5 2 1 3 3 11 3 5 6 8 15 13 14 19 24 20 30 21 20 41 24 29 28 62 63 66 84 97 127 82 96 72 70 74 70 90 80 62 378
 ... : 7 4 5 2 1 3 3 11 3 5 6 8 15 13 14 19 24 20 30 21 20 41 24 29 28 62 63 66 84 97 127 82 96 72 70 73 70 93 87 75 437
  42 : 7 4 5 2 1 3 3 11 3 5 6 8 15 13 14 19 24 20 30 21 20 41 24 29 28 61 63 65 86 95 117 77 91 60 59 58 69 72 73 48 64 491
  43 : 7 4 5 2 1 3 3 11 3 5 6 8 15 13 14 19 24 20 30 21 20 41 24 28 25 58 59 65 82 92 115 76 81 54 55 49 67 69 73 48 70 48 520
  44 : 7 4 5 2 1 3 3 11 3 5 6 8 15 13 14 19 24 20 30 21 20 41 24 28 25 58 59 65 82 92 115 76 81 53 56 48 65 66 73 52 66 45 34 519
 ... : 7 4 5 2 1 3 3 11 3 5 6 8 15 13 14 19 24 20 30 21 20 41 24 28 25 58 59 65 82 92 115 78 84 59 60 51 67 67 73 53 71 54 46 548
 ... : 7 4 5 2 1 3 3 11 3 5 6 8 15 13 14 19 24 20 30 21 20 41 24 28 25 58 59 65 82 92 115 79 85 63 66 53 70 77 85 63 77 61 55 564
 ... : 7 4 5 2 1 3 3 11 3 5 6 8 15 13 14 19 24 20 30 21 20 41 24 28 25 58 59 65 82 92 115 80 86 63 70 57 77 81 97 72 80 61 57 579
 ... : 7 4 5 2 1 3 3 11 3 5 6 8 15 13 14 19 24 20 30 21 20 41 24 28 25 58 59 65 82 92 115 80 85 62 70 54 76 84 97 81 92 77 72 602
 ... : 7 4 5 2 1 3 3 11 3 5 6 8 15 13 14 19 24 20 30 21 20 41 24 28 25 58 59 65 82 92 116 83 92 72 81 63 84 85 98 82 96 79 79 620
 ... : 7 4 5 2 1 3 3 11 3 5 6 8 15 13 14 19 24 20 30 21 20 41 24 28 25 58 59 65 82 92 116 84 99 84 98 75 95 94 106 90 97 79 79 620
 ... : 7 4 5 2 1 3 3 11 3 5 6 8 15 13 14 19 24 20 30 21 20 41 24 28 25 58 59 65 82 92 116 85 100 86 103 85 103 105 109 98 105 87 84 622
 ... : 7 4 5 2 1 3 3 11 3 5 6 8 15 13 14 19 24 20 30 21 20 41 24 28 25 58 59 65 82 92 116 85 100 86 104 88 105 105 114 106 120 100 95 644
 ... : 7 4 5 2 1 3 3 11 3 5 6 8 15 13 14 19 24 20 30 21 20 41 24 28 25 58 59 65 82 92 115 86 105 89 106 93 109 108 121 111 124 108 103 660
 ... : 7 4 5 2 1 3 3 11 3 5 6 8 15 13 14 19 24 20 30 21 20 41 24 28 25 58 59 65 82 93 116 87 107 91 110 99 115 111 125 115 132 114 111 672
 ... : 7 4 5 2 1 3 3 11 3 5 6 8 15 13 14 19 24 20 30 21 20 41 24 28 25 58 59 66 84 97 120 92 121 104 121 108 122 114 127 116 135 115 111 677
 ... : 7 4 5 2 1 3 3 11 3 5 6 8 15 13 14 19 24 20 30 21 20 41 24 28 25 58 59 66 84 97 120 92 121 105 125 116 130 123 137 123 143 132 112 683
 ... : 7 4 5 2 1 3 3 11 3 5 6 8 15 13 14 19 24 20 30 21 20 41 24 28 25 58 59 66 84 97 120 92 122 107 126 119 135 127 141 127 148 142 132 717
 ... : 7 4 5 2 1 3 3 11 3 5 6 8 15 13 14 19 24 20 30 21 20 41 24 28 25 58 59 66 84 97 120 92 126 109 138 132 150 145 154 137 154 143 134 719
 ... : 7 4 5 2 1 3 3 11 3 5 6 8 15 13 14 19 24 20 30 21 20 41 24 28 25 58 59 66 84 97 120 93 126 108 136 134 153 150 164 149 162 153 136 720
 ... : 7 4 5 2 1 3 3 11 3 5 6 8 15 13 14 19 24 20 30 21 20 41 24 28 25 58 59 66 85 101 125 98 130 125 149 145 161 156 164 153 167 158 138 721
 ... : 7 4 5 2 1 3 3 11 3 5 6 8 15 13 14 19 24 20 30 21 20 41 24 28 25 58 59 66 85 101 125 98 131 129 154 151 170 167 176 165 178 173 141 726
 ... : 7 4 5 2 1 3 3 11 3 5 6 8 15 13 14 19 24 20 30 21 20 41 24 28 25 58 59 66 85 101 125 98 131 131 155 151 172 172 185 176 189 183 155 747
  45 : 7 4 5 2 1 3 3 11 3 5 6 8 15 13 14 19 24 20 30 21 20 41 24 28 25 58 59 61 81 95 116 87 102 107 133 112 132 126 126 159 141 151 131 136 802
  46 : 7 4 5 2 1 3 3 11 3 5 6 8 15 13 14 19 24 20 30 21 20 41 24 28 25 58 59 61 81 95 116 86 98 104 123 106 129 122 135 171 150 158 138 138 110 723
 ... : 7 4 5 2 1 3 3 11 3 5 6 8 15 13 14 19 24 20 30 21 20 41 24 28 25 58 59 61 81 95 116 86 98 104 123 106 128 121 137 176 157 169 145 141 119 760
  47 : 7 4 5 2 1 3 3 11 3 5 6 8 15 13 14 19 24 20 30 21 20 41 24 28 25 58 59 60 80 91 113 87 97 103 121 104 122 116 130 166 139 148 123 131 96 99 785
 ... : 7 4 5 2 1 3 3 11 3 5 6 8 15 13 14 19 24 20 30 21 20 41 24 28 25 58 59 60 80 91 113 87 97 103 121 104 125 120 134 173 146 155 129 135 97 102 828
 ... : 7 4 5 2 1 3 3 11 3 5 6 8 15 13 14 19 24 20 30 21 20 41 24 28 25 58 59 60 80 91 113 87 97 103 121 104 125 121 136 174 157 170 141 139 101 108 853
 ... : 7 4 5 2 1 3 3 11 3 5 6 8 15 13 14 19 24 20 30 21 20 41 24 28 25 58 59 60 80 93 120 89 100 108 127 107 125 125 140 177 163 172 146 142 107 114 857
 ... : 7 4 5 2 1 3 3 11 3 5 6 8 15 13 14 19 24 20 30 21 20 41 24 28 25 58 59 60 80 93 120 89 100 107 129 109 127 128 145 184 171 178 151 148 112 116 861
 ... : 7 4 5 2 1 3 3 11 3 5 6 8 15 13 14 19 24 20 30 21 20 41 24 28 25 58 59 60 80 93 120 90 101 108 130 110 130 131 147 188 172 182 160 159 126 127 868
 ... : 7 4 5 2 1 3 3 11 3 5 6 8 15 13 14 19 24 20 30 21 20 41 24 28 25 58 59 60 80 93 120 91 103 113 135 118 136 141 156 199 177 185 162 163 128 131 870
 ... : 7 4 5 2 1 3 3 11 3 5 6 8 15 13 14 19 24 20 30 21 20 41 24 28 25 58 59 60 80 93 120 91 103 113 136 119 138 142 161 206 192 203 175 170 131 133 879
 ... : 7 4 5 2 1 3 3 11 3 5 6 8 15 13 14 19 24 20 30 21 20 41 24 28 25 58 59 60 80 93 120 91 103 113 136 119 138 142 161 208 200 217 190 184 145 147 889
 ... : 7 4 5 2 1 3 3 11 3 5 6 8 15 13 14 19 24 20 30 21 21 41 25 30 27 58 59 61 80 93 120 91 110 119 139 122 141 142 161 208 202 217 191 187 149 156 904
  48 : 7 4 5 2 1 3 3 11 3 5 6 8 15 13 14 19 24 18 31 20 21 41 25 29 26 59 58 63 81 91 105 95 105 101 126 117 125 146 159 157 166 199 173 184 148 149 133 877
 ... : 7 4 5 2 1 3 3 11 3 5 6 8 15 13 14 19 24 18 31 20 21 42 26 29 26 59 59 63 81 92 107 98 108 106 131 124 128 151 164 162 172 203 174 184 148 149 133 885
 ... : 7 4 5 2 1 3 3 11 3 5 6 8 15 13 14 19 24 18 31 20 21 42 26 29 26 59 59 63 81 92 107 98 108 106 131 124 128 151 164 163 174 207 183 193 156 156 142 909
 ... : 7 4 5 2 1 3 3 11 3 5 6 8 15 13 14 19 24 18 31 20 21 42 26 29 26 59 59 63 81 92 106 97 107 106 133 127 132 157 169 168 178 212 189 198 160 160 145 912
  49 : 7 4 5 2 1 3 3 11 3 5 6 8 15 13 14 19 24 18 29 20 22 42 26 29 26 59 58 64 81 91 100 92 103 98 119 118 114 131 149 160 169 178 162 138 138 142 114 89 985
 ... : 7 4 5 2 1 3 3 11 3 5 6 8 15 13 14 19 24 18 29 20 22 42 26 29 26 59 58 64 81 91 100 92 103 98 119 118 114 131 149 160 170 182 165 143 147 152 130 106 1026
  50 : 7 4 5 2 1 3 3 11 3 5 6 8 15 13 14 19 24 18 29 20 22 42 26 29 26 59 58 64 80 90 99 90 102 96 117 117 110 129 141 157 171 178 167 148 144 146 118 103 91 979
 ... : 7 4 5 2 1 3 3 11 3 5 6 8 15 13 14 19 24 18 29 20 22 42 26 29 26 59 58 64 81 92 100 92 105 99 119 120 115 136 149 163 177 184 167 148 144 146 118 104 92 1002
 ... : 7 4 5 2 1 3 3 11 3 5 6 8 15 13 14 19 24 18 29 20 22 42 26 29 26 59 58 64 81 92 100 92 105 99 119 123 118 143 154 170 190 193 177 158 151 147 118 105 92 1009
 ... : 7 4 5 2 1 3 3 11 3 5 6 8 15 13 14 19 24 18 29 20 22 42 26 29 26 60 58 65 83 93 100 92 105 99 119 123 118 143 154 171 192 198 180 165 159 154 124 110 98 1020
  51 : 7 4 5 2 1 3 3 11 3 5 6 8 15 13 14 19 24 18 29 20 22 42 26 29 26 60 58 64 83 93 101 92 99 99 117 120 113 133 144 152 182 190 175 157 146 145 116 107 98 82 1037
 ... : 7 4 5 2 1 3 3 11 3 5 6 8 15 13 14 19 24 18 29 20 22 42 26 29 26 60 58 64 83 93 101 93 102 102 120 126 119 135 144 152 182 190 174 159 149 148 118 111 103 91 1065
 ... : 7 4 5 2 1 3 3 11 3 5 6 8 15 13 14 19 24 18 29 20 22 42 26 29 26 60 58 64 83 93 101 93 102 102 120 127 122 138 150 157 188 198 181 162 153 152 122 117 111 97 1071
 ... : 7 4 5 2 1 3 3 11 3 5 6 8 15 13 14 19 24 18 29 20 22 42 26 29 26 60 58 64 83 93 101 93 102 102 121 128 123 140 154 163 194 211 189 175 159 162 129 121 112 98 1071
 ... : 7 4 5 2 1 3 3 11 3 5 6 8 15 13 14 19 24 18 29 20 22 42 26 29 26 60 58 64 83 93 101 93 102 102 121 128 123 140 154 163 194 211 188 179 163 167 140 139 129 111 1090
 ... : 7 4 5 2 1 3 3 11 3 5 6 8 15 13 14 19 24 18 29 20 22 42 26 29 26 60 58 64 83 93 101 93 102 102 121 128 123 140 154 163 194 210 188 181 173 178 150 153 140 115 1115
 ... : 7 4 5 2 1 3 3 11 3 5 6 8 15 13 14 19 24 18 29 20 22 42 26 29 26 60 58 64 83 93 101 93 102 102 121 128 123 140 154 163 194 212 192 186 191 190 161 164 148 121 1120
 ... : 7 4 5 2 1 3 3 11 3 5 6 8 15 13 14 19 24 18 29 20 22 42 26 29 26 60 58 64 83 93 101 93 102 102 121 128 123 140 154 164 195 213 193 185 193 194 171 177 159 136 1147
  52 : 7 4 5 2 1 3 3 11 3 5 6 8 15 13 14 19 24 18 29 20 22 42 26 29 26 60 58 64 83 93 101 92 100 100 120 128 120 141 148 156 183 200 185 158 162 176 159 151 142 128 115 1171
 ... : 7 4 5 2 1 3 3 11 3 5 6 8 15 13 14 19 24 18 29 20 22 42 26 29 26 60 58 64 83 93 101 92 100 100 120 128 120 141 148 156 183 200 186 160 165 182 169 155 152 134 121 1191
 ... : 7 4 5 2 1 3 3 11 3 5 6 8 15 13 14 19 24 18 29 20 22 42 26 29 26 60 58 64 83 93 101 92 100 100 120 128 120 141 148 156 183 200 185 159 165 184 172 159 158 142 129 1235
 ... : 7 4 5 2 1 3 3 11 3 5 6 8 15 13 14 19 24 18 29 20 22 42 26 29 26 60 58 64 83 93 101 92 100 101 120 128 120 141 150 160 186 202 188 166 175 192 180 164 162 144 132 1249
 ... : 7 4 5 2 1 3 3 11 3 5 6 8 15 13 14 19 24 18 29 20 22 42 26 29 26 60 58 64 83 93 101 92 100 101 120 128 120 141 150 160 185 202 192 174 177 197 193 180 174 150 135 1253
 ... : 7 4 5 2 1 3 3 11 3 5 6 8 15 13 14 19 24 18 29 20 22 42 26 29 26 60 58 64 83 93 101 92 100 101 122 130 123 142 154 164 188 206 194 174 178 198 194 182 180 158 150 1276
 ... : 7 4 5 2 1 3 3 11 3 5 6 8 15 13 14 19 24 18 29 20 22 42 26 29 26 60 58 64 83 93 101 92 100 101 122 130 123 142 154 164 191 213 206 187 186 206 198 186 185 164 152 1276
  53 : 7 4 5 2 1 3 3 11 3 5 6 8 15 13 14 19 24 18 29 20 22 42 26 29 26 60 58 64 83 93 101 91 101 99 123 128 124 141 145 153 181 200 195 179 175 178 166 167 160 160 148 130 1244
 ... : 7 4 5 2 1 3 3 11 3 5 6 8 15 13 14 19 24 18 29 20 22 42 26 29 26 60 58 64 83 93 101 91 100 99 123 128 123 141 144 154 185 202 198 182 176 180 169 165 162 165 152 135 1275
 ... : 7 4 5 2 1 3 3 11 3 5 6 8 15 13 14 19 24 18 29 20 22 42 26 29 26 60 58 63 83 93 101 91 100 99 123 126 125 142 146 154 187 204 200 185 178 182 171 167 162 164 154 137 1312
 ... : 7 4 5 2 1 3 3 11 3 5 6 8 15 13 14 19 24 18 29 20 22 42 26 29 26 60 58 63 83 93 101 91 100 99 123 126 125 142 147 155 186 204 203 194 183 189 179 171 164 165 155 138 1321
 ... : 7 4 5 2 1 3 3 11 3 5 6 8 15 13 14 19 24 18 29 20 22 42 26 29 26 60 58 63 83 93 101 91 100 99 123 126 125 142 146 156 184 202 201 199 190 192 182 173 170 168 158 142 1337
 ... : 7 4 5 2 1 3 3 11 3 5 6 8 15 13 14 19 24 18 29 20 22 42 26 29 26 60 58 63 83 93 101 91 100 99 123 126 125 142 147 158 188 206 204 200 192 194 185 179 179 174 161 146 1347
 ... : 7 4 5 2 1 3 3 11 3 5 6 8 15 13 14 19 24 18 29 20 22 42 26 29 26 60 58 63 83 93 101 91 100 99 123 126 125 142 148 159 189 207 205 208 197 198 193 186 185 183 170 151 1363
 ... : 7 4 5 2 1 3 3 11 3 5 6 8 15 13 14 19 24 18 29 20 22 42 26 29 26 60 58 63 83 93 101 91 100 99 123 126 125 142 148 159 189 207 205 208 196 198 198 192 189 192 178 166 1393
 ... : 7 4 5 2 1 3 3 11 3 5 6 8 15 13 14 19 24 18 29 20 22 42 26 29 26 60 58 63 83 93 101 91 101 101 123 125 126 145 155 162 193 213 206 205 192 198 199 193 193 193 181 168 1398
 ... : 7 4 5 2 1 3 3 11 3 5 6 8 15 13 14 19 24 18 29 20 22 42 26 29 26 60 58 63 83 93 101 91 101 101 123 125 126 145 155 162 193 214 208 207 195 202 201 193 195 200 187 182 1427
  54 : 7 4 5 2 1 3 3 11 3 5 6 8 15 13 14 19 24 18 29 16 22 42 27 29 26 53 56 56 74 89 86 77 90 93 109 104 111 113 123 107 135 146 173 141 140 157 140 128 126 150 160 163 165 1652
 ... : 7 4 5 2 1 3 3 11 3 5 6 8 15 13 14 19 24 18 29 16 22 42 27 29 26 53 56 56 74 89 86 77 90 93 109 104 112 114 123 107 137 147 178 146 148 160 146 137 131 155 164 167 165 1667
 ... : 7 4 5 2 1 3 3 11 3 5 6 8 15 13 14 19 24 18 29 16 22 42 27 29 26 53 56 56 74 89 86 77 90 93 109 104 112 114 123 107 138 148 177 148 149 166 152 141 134 157 169 174 173 1689
 ... : 7 4 5 2 1 3 3 11 3 5 6 8 15 13 14 19 24 18 29 16 22 42 27 29 26 53 56 56 74 89 86 77 90 93 109 104 113 115 123 107 138 148 178 151 156 170 157 150 146 164 175 177 176 1696
 ... : 7 4 5 2 1 3 3 11 3 5 6 8 15 13 14 19 24 18 29 16 22 42 27 29 26 53 56 56 74 89 86 77 90 93 109 104 113 115 123 107 137 149 176 150 156 170 159 152 146 173 183 185 183 1722
 ... : 7 4 5 2 1 3 3 11 3 5 6 8 15 13 14 19 24 18 29 16 22 42 27 29 26 53 56 56 74 89 86 77 90 95 113 108 114 115 123 110 141 155 183 155 156 170 160 152 145 174 185 189 187 1740
 ... : 7 4 5 2 1 3 3 11 3 5 6 8 15 13 14 19 24 18 29 16 22 42 26 29 26 53 56 56 74 89 86 77 90 95 113 106 111 115 120 110 140 155 181 159 162 179 169 160 156 177 189 192 191 1744
 ... : 7 4 5 2 1 3 3 11 3 5 6 8 15 13 14 19 24 18 29 16 22 42 26 29 26 53 56 56 74 89 85 77 90 94 112 104 111 114 118 110 140 154 178 157 163 177 168 163 161 180 192 196 197 1719
 ... : 7 4 5 2 1 3 3 11 3 5 6 8 15 13 14 19 24 18 29 16 22 42 26 29 26 53 56 56 74 89 85 77 90 95 111 107 116 122 119 109 138 154 179 160 168 183 169 161 161 181 192 197 198 1725
  55 : 7 4 5 2 1 3 3 10 3 5 6 8 15 13 14 19 24 18 29 16 22 42 26 28 25 51 53 56 73 84 77 72 81 64 73 65 71 87 65 60 45 52 77 62 80 84 79 76 63 74 66 64 66 54 1640
  56 : 7 4 5 2 1 3 3 10 3 5 6 8 15 13 14 19 24 18 29 16 22 41 24 30 24 50 53 52 73 83 76 70 82 64 67 58 63 77 58 58 44 52 65 64 76 81 78 84 68 75 65 65 66 58 51 1576
 ... : 7 4 5 2 1 3 3 10 3 5 6 8 15 13 14 19 24 18 29 16 22 41 24 30 24 50 53 52 73 83 76 70 82 64 67 58 63 79 62 63 49 55 66 65 78 84 85 92 73 79 69 68 67 58 51 1581
 ... : 7 4 5 2 1 3 3 10 3 5 6 8 15 13 14 19 24 18 29 16 22 41 24 30 24 50 53 52 73 83 76 70 82 64 67 60 67 81 65 63 49 55 67 67 82 88 88 94 74 80 72 71 73 62 57 1587
  57 : 7 4 5 2 1 3 3 10 3 5 6 8 15 13 14 19 23 18 29 17 20 41 24 30 24 50 53 52 73 83 76 70 81 62 64 60 63 78 63 58 48 51 71 62 75 91 83 92 73 77 72 74 71 59 61 44 1537
 ... : 7 4 5 2 1 3 3 10 3 5 6 8 15 13 14 19 23 18 29 17 20 41 24 30 24 50 53 52 73 83 76 70 81 62 64 60 63 81 65 61 50 51 72 63 74 91 83 96 77 83 74 76 74 62 63 44 1543
  58 : 7 4 5 2 1 3 3 10 3 5 6 8 15 13 14 19 23 18 29 17 20 41 24 30 24 50 53 52 73 83 76 70 81 62 64 60 59 75 58 56 42 50 69 60 74 86 81 80 69 81 74 80 62 64 54 55 39 1540
  59 : 7 4 5 2 1 3 3 10 3 5 6 8 15 13 14 19 23 18 29 17 20 41 24 30 24 50 53 52 73 83 76 70 81 62 64 60 59 75 58 56 42 50 69 60 74 86 81 80 69 78 70 81 64 65 54 55 40 56 1477
  60 : 7 4 5 2 1 3 3 10 3 5 6 8 15 13 14 19 23 18 29 17 20 41 24 30 24 50 53 52 73 83 76 70 81 62 64 60 59 75 58 56 42 51 69 60 74 87 80 83 67 80 71 82 65 66 55 55 48 58 47 1437
 ... : 7 4 5 2 1 3 3 10 3 5 6 8 15 13 14 19 23 18 29 17 20 41 24 30 24 50 53 52 73 83 76 70 81 62 64 60 59 75 58 56 42 51 69 60 74 87 80 85 72 82 75 90 69 70 60 60 55 61 52 1446
  61 : 7 4 5 2 1 3 3 10 3 5 6 8 15 13 14 19 23 18 29 17 20 41 24 30 24 50 53 52 73 83 76 70 81 62 64 60 59 75 58 56 42 51 69 60 74 87 78 80 65 83 76 83 69 61 62 61 57 53 53 50 1437
 ... : 7 4 5 2 1 3 3 10 3 5 6 8 15 13 14 19 23 18 29 17 20 41 24 30 24 50 53 52 73 83 76 70 81 62 64 60 59 75 58 56 42 51 69 60 75 87 78 81 70 86 78 85 73 68 65 65 67 60 56 51 1438
  62 : 7 4 5 2 1 3 3 10 3 5 6 8 15 13 14 19 23 18 29 17 20 41 24 30 24 50 53 52 73 83 76 70 81 62 64 60 59 75 58 57 42 52 68 60 75 87 78 80 68 85 77 85 72 63 62 66 60 56 56 52 42 1420
 ... : 7 4 5 2 1 3 3 10 3 5 6 8 15 13 14 19 23 18 29 17 20 41 24 30 24 50 53 52 73 83 76 70 81 62 64 60 59 75 58 57 42 52 68 60 75 87 80 80 71 86 76 86 72 63 63 66 65 62 69 61 49 1437
  63 : 7 4 5 2 1 3 3 10 3 5 6 8 15 13 14 19 23 18 29 17 20 41 24 30 24 50 53 52 73 83 76 70 81 62 64 60 59 75 58 57 42 52 68 60 75 87 79 80 69 84 75 82 68 61 62 72 60 60 60 58 44 44 1423
  64 : 7 4 5 2 1 3 3 10 3 5 6 8 15 13 14 19 23 18 29 17 20 41 24 30 24 50 53 52 73 83 76 70 81 62 64 60 59 74 57 57 41 52 68 63 75 87 79 81 70 84 75 82 68 61 62 71 59 61 61 55 47 46 36 1420
  65 : 7 4 5 2 1 3 3 10 3 5 6 8 15 13 14 19 23 18 29 17 20 41 24 30 24 50 53 52 73 83 76 70 81 62 64 60 58 74 58 57 41 52 68 63 75 87 79 81 70 84 75 82 68 61 62 71 59 61 61 55 47 46 35 34 1395
 ... : 7 4 5 2 1 3 3 10 3 5 6 8 15 13 14 19 23 19 29 17 20 41 24 30 24 50 53 52 73 83 76 70 81 62 64 60 58 74 58 57 41 52 68 63 75 87 79 82 71 85 75 83 70 67 67 77 63 64 63 58 50 46 35 34 1401
tdecomp: completing cex trace with 2 initial steps
seqsimpl: completing cex trace with simulation
num_solve_calls = 669923
num_solve_sat_calls = 239211
num_solve_unsat_calls = 10096
num_solve_approx_calls = 449757
num_solve_approx_unsat_calls = 220242
num_solve_conflicts = 217697
num_solve_decisions = 24221964
num_solve_propagations = 259802572
avg_solve_conflicts = 1
avg_solve_decisions = 37
avg_solve_propagations = 388
avg_solve_unsat_decisions = 0.067
stddev_solve_unsat_decisions = 1.069
num_added_cubes = 68551
num_subsumed_cubes = 64279
num_gc_frame = 474
num_reset = 64
num_try_blocking = 341279
get_bad_cube_time = 6.077
rec_block_cube_time = 44.808
propagate_forward_time = 31.565
generalize_model_time = 5.668
generalize_and_push_time = 31.854
try_blocking_time = 66.330
reset_time = 1.640
clausify_time = 1.048
preprocess_time = 1.202
solve_time = 68.542
solve_sat_time = 54.056
solve_unsat_time = 14.486
prove_time = 83.102
memory_used_mb = 13
total_time = 83.173
Unsafe
