1
b0
0000000000000000000000000000000000000000000000000000000000000000000000000000000000000000000000000000000000000000000000000000000000
10000001010101100110000110011011010101001001100110010010111111010x
010000010101011001100001100110110101010010011001100100101111110100
110000010101011001100001100110110101010010011001100100101111110100
110000010101011001100001100110110101010010011001100100101111110100
110000010101011001100001100110110101010010011001100100101111110100
110000010101011001100001100110110101010010011001100100101111110100
110000010101011001100001100110110101010010011001100100101111110100
110000010101011001100001100110110101010010011001100100101111110100
110000010101011001100001100110110101010010011001100100101111110100
110000010101011001100001100110110101010010011001100100101111110100
110000010101011001100001100110110101010010011001100100101111110100
110000010101011001100001100110110101010010011001100100101111110100
110000010101011001100001100110110101010010011001100100101111110100
110000010101011001100001100110110101010010011001100100101111110100
110000010101011001100001100110110101010010011001100100101111110100
110000010101011001100001100110110101010010011001100100101111110100
110000010101011001100001100110110101010010011001100100101111110100
110000010101011001100001100110110101010010011001100100101111110100
110000010101011001100001100110110101010010011001100100101111110100
110000010101011001100001100110110101010010011001100100101111110100
110000010101011001100001100110110101010010011001100100101111110100
110000010101011001100001100110110101010010011001100100101111110100
110000010101011001100001100110110101010010011001100100101111110100
110000010101011001100001100110110101010010011001100100101111110100
110000010101011001100001100110110101010010011001100100101111110100
110000010101011001100001100110110101010010011001100100101111110100
110000010101011001100001100110110101010010011001100100101111110100
110000010101011001100001100110110101010010011001100100101111110100
110000010101011001100001100110110101010010011001100100101111110100
110000010101011001100001100110110101010010011001100100101111110100
110000010101011001100001100110110101010010011001100100101111110100
110000010101011001100001100110110101010010011001100100101111110100
110000010101011001100001100110110101010010011001100100101111110100
110000010101011001100001100110110101010010011001100100101111110100
110000010101011001100001100110110101010010011001100100101111110100
110000010101011001100001100110110101010010011001100100101111110100
110000010101011001100001100110110101010010011001100100101111110100
110000010101011001100001100110110101010010011001100100101111110100
110000010101011001100001100110110101010010011001100100101111110100
110000010101011001100001100110110101010010011001100100101111110100
110000010101011001100001100110110101010010011001100100101111110100
110000010101011001100001100110110101010010011001100100101111110100
110000010101011001100001100110110101010010011001100100101111110100
110000010101011001100001100110110101010010011001100100101111110100
110000010101011001100001100110110101010010011001100100101111110100
110000010101011001100001100110110101010010011001100100101111110100
110000010101011001100001100110110101010010011001100100101111110100
110000010101011001100001100110110101010010011001100100101111110100
110000010101011001100001100110110101010010011001100100101111110100
110000010101011001100001100110110101010010011001100100101111110100
110000010101011001100001100110110101010010011001100100101111110100
110000010101011001100001100110110101010010011001100100101111110100
110000010101011001100001100110110101010010011001100100101111110100
110000010101011001100001100110110101010010011001100100101111110100
110000010101011001100001100110110101010010011001100100101111110100
110000010101011001100001100110110101010010011001100100101111110100
110000010101011001100001100110110101010010011001100100101111110100
110000010101011001100001100110110101010010011001100100101111110100
110000010101011001100001100110110101010010011001100100101111110100
110000010101011001100001100110110101010010011001100100101111110100
110000010101011001100001100110110101010010011001100100101111110100
110000010101011001100001100110110101010010011001100100101111110100
110000010101011001100001100110110101010010011001100100101111110100
110000010101011001100001100110110101010010011001100100101111110100
110000010101011001100001100110110101010010011001100100101111110100
110000010101011001100001100110110101010010011001100100101111110100
110000010101011001100001100110110101010010011001100100101111110100
110000010101011001100001100110110101010010011001100100101111110100
110000010101011001100001100110110101010010011001100100101111110100
110000010101011001100001100110110101010010011001100100101111110100
110000010101011001100001100110110101010010011001100100101111110100
110000010101011001100001100110110101010010011001100100101111110100
110000010101011001100001100110110101010010011001100100101111110100
110000010101011001100001100110110101010010011001100100101111110100
110000010101011001100001100110110101010010011001100100101111110100
110000010101011001100001100110110101010010011001100100101111110100
110000010101011001100001100110110101010010011001100100101111110100
110000010101011001100001100110110101010010011001100100101111110100
110000010101011001100001100110110101010010011001100100101111110100
110000010101011001100001100110110101010010011001100100101111110100
110000010101011001100001100110110101010010011001100100101111110100
110000010101011001100001100110110101010010011001100100101111110100
110000010101011001100001100110110101010010011001100100101111110100
110000010101011001100001100110110101010010011001100100101111110100
110000010101011001100001100110110101010010011001100100101111110100
110000010101011001100001100110110101010010011001100100101111110100
110000010101011001100001100110110101010010011001100100101111110100
110000010101011001100001100110110101010010011001100100101111110100
110000010101011001100001100110110101010010011001100100101111110100
110000010101011001100001100110110101010010011001100100101111110100
110000010101011001100001100110110101010010011001100100101111110100
110000010101011001100001100110110101010010011001100100101111110100
110000010101011001100001100110110101010010011001100100101111110100
110000010101011001100001100110110101010010011001100100101111110100
110000010101011001100001100110110101010010011001100100101111110100
110000010101011001100001100110110101010010011001100100101111110100
110000010101011001100001100110110101010010011001100100101111110100
110000010101011001100001100110110101010010011001100100101111110100
110000010101011001100001100110110101010010011001100100101111110100
110000010101011001100001100110110101010010011001100100101111110100
110000010101011001100001100110110101010010011001100100101111110100
110000010101011001100001100110110101010010011001100100101111110100
110000010101011001100001100110110101010010011001100100101111110100
110000010101011001100001100110110101010010011001100100101111110100
110000010101011001100001100110110101010010011001100100101111110100
110000010101011001100001100110110101010010011001100100101111110100
110000010101011001100001100110110101010010011001100100101111110100
110000010101011001100001100110110101010010011001100100101111110100
110000010101011001100001100110110101010010011001100100101111110100
110000010101011001100001100110110101010010011001100100101111110100
110000010101011001100001100110110101010010011001100100101111110100
110000010101011001100001100110110101010010011001100100101111110100
110000010101011001100001100110110101010010011001100100101111110100
110000010101011001100001100110110101010010011001100100101111110100
110000010101011001100001100110110101010010011001100100101111110100
110000010101011001100001100110110101010010011001100100101111110100
110000010101011001100001100110110101010010011001100100101111110100
110000010101011001100001100110110101010010011001100100101111110100
110000010101011001100001100110110101010010011001100100101111110100
110000010101011001100001100110110101010010011001100100101111110100
110000010101011001100001100110110101010010011001100100101111110100
110000010101011001100001100110110101010010011001100100101111110100
110000010101011001100001100110110101010010011001100100101111110100
110000010101011001100001100110110101010010011001100100101111110100
110000010101011001100001100110110101010010011001100100101111110100
110000010101011001100001100110110101010010011001100100101111110100
110000010101011001100001100110110101010010011001100100101111110100
110000010101011001100001100110110101010010011001100100101111110100
110000010101011001100001100110110101010010011001100100101111110100
010000010101011001100001100110110101010010011001100100101111110100
010000010101011001100001100110110101010010011001100100101111110100
010000010101011001100001100110110101010010011001100100101111110100
010000010101011001100001100110110101010010011001100100101111110100
010000010101011001100001100110110101010010011001100100101111110100
010000010101011001100001100110110101010010011001100100101111110100
010000010101011001100001100110110101010010011001100100101111110100
010000010101011001100001100110110101010010011001100100101111110100
010000010101011001100001100110110101010010011001100100101111110110
110000010101011001100001100110110101010110011001100100101111110110
110000010101011001100001100110110101010110011001100100101111110110
110000010101011001100001100110110101010110011001100100101111110110
110000010101011001100001100110110101010110011001100100101111110110
110000010101011001100001100110110101010110011001100100101111110110
110000010101011001100001100110110101010110011001100100101111110110
110000010101011001100001100110110101010110011001100100101111110110
110000010101011001100001100110110101010110011001100100101111110110
110000010101011001100001100110110101010110011001100100101111110110
110000010101011001100001100110110101010110011001100100101111110110
110000010101011001100001100110110101010110011001100100101111110110
110000010101011001100001100110110101010110011001100100101111110110
110000010101011001100001100110110101010110011001100100101111110110
110000010101011001100001100110110101010110011001100100101111110110
110000010101011001100001100110110101010110011001100100101111110110
110000010101011001100001100110110101010110011001100100101111110110
110000010101011001100001100110110101010110011001100100101111110110
110000010101011001100001100110110101010110011001100100101111110110
110000010101011001100001100110110101010110011001100100101111110110
110000010101011001100001100110110101010110011001100100101111110110
110000010101011001100001100110110101010110011001100100101111110110
110000010101011001100001100110110101010110011001100100101111110110
110000010101011001100001100110110101010110011001100100101111110110
110000010101011001100001100110110101010110011001100100101111110110
110000010101011001100001100110110101010110011001100100101111110110
110000010101011001100001100110110101010110011001100100101111110110
110000010101011001100001100110110101010110011001100100101111110110
110000010101011001100001100110110101010110011001100100101111110110
110000010101011001100001100110110101010110011001100100101111110100
110000010101011001100001100110110101010110011001100100101111110100
110000010101011001100001100110110101010110011001100100101111110100
110000010101011001100001100110110101010110011001100100101111110100
110000010101011001100001100110110101010110011001100100101111110110
110000010101011001100001100110110101010110011001100100101111110110
110000010101011001100001100110110101010110011001100100101111110110
110000010101011001100001100110110101010110011001100100101111110110
110000010101011001100001100110110101010110011001100100101111110110
110000010101011001100001100110110101010110011001100100101111110110
110000010101011001100001100110110101010110011001100100101111110110
110000010101011001100001100110110101010110011001100100101111110110
110000010101011001100001100110110101010110011001100100101111110110
110000010101011001100001100110110101010110011001100100101111110110
110000010101011001100001100110110101010110011001100100101111110110
110000010101011001100001100110110101010110011001100100101111110110
110000010101011001100001100110110101010110011001100100101111110110
110000010101011001100001100110110101010110011001100100101111110110
110000010101011001100001100110110101010110011001100100101111110110
110000010101011001100001100110110101010110011001100100101111110110
110000010101011001100001100110110101010110011001100100101111110110
110000010101011001100001100110110101010110011001100100101111110110
110000010101011001100001100110110101010110011001100100101111110110
110000010101011001100001100110110101010110011001100100101111110110
110000010101011001100001100110110101010110011001100100101111110110
110000010101011001100001100110110101010110011001100100101111110110
110000010101011001100001100110110101010110011001100100101111110110
110000010101011001100001100110110101010110011001100100101111110110
110000010101011001100001100110110101010110011001100100101111110110
110000010101011001100001100110110101010110011001100100101111110110
110000010101011001100001100110110101010110011001100100101111110110
100000010101011001100001100110110101010110011001100100101111110100
100000010101011001100001100110110101010110011001100100101111110100
100000010101011001100001100110110101010110011001100100101111110100
100000010101011001100001100110110101010110011001100100101111110100
0100000101010110011000011001101101010101100110011001001011111101x0
xxxxxxxxxxxxxxxxxxxxxxxxxxxxxxxxxxxxxxxxxxxxxxxxxxxxxxxxxxxxxxxxx1
.
