initialized model with 160 latches, 88 inputs and 1 properties
tsim: performed 83 steps
tsim: found cycle from 18
tsim: found 0 constants and 5 latch equivalences
seqsimpl: (160, 88) -> (155, 88)
checking bound 0
checking bound 1
checking bound 2
tdecomp: unrolling 2 cycles
tsim: performed 81 steps
tsim: found cycle from 16
tsim: found 1 constants and 0 latch equivalences
tdecomp: (155, 352) -> (154, 263)
   2 : 10 23
   3 : 10 9 22
   4 : 10 8 10 26
   5 : 9 8 9 14 47
   6 : 9 8 9 14 20 38
   7 : 9 6 6 13 3 7 56
   8 : 9 6 6 13 3 6 25 42
   9 : 8 6 6 9 2 7 25 13 57
  10 : 8 6 6 9 2 7 24 14 12 63
  11 : 7 6 5 9 2 5 21 14 11 12 70
  12 : 6 6 5 9 2 4 20 12 11 8 18 79
 ... : 6 6 5 9 2 4 19 13 16 13 29 121
  13 : 6 6 5 9 2 4 19 9 11 8 14 22 111
  14 : 6 6 5 9 2 4 19 9 11 8 14 22 30 88
  15 : 6 6 5 9 2 4 19 7 7 7 12 19 20 27 117
  16 : 6 6 5 7 2 4 19 8 5 9 15 19 27 28 44 134
  17 : 6 6 5 7 2 4 19 8 5 9 13 20 27 30 32 48 133
  18 : 6 6 5 7 2 4 19 8 4 7 11 17 20 24 25 41 61 111
  19 : 6 6 5 7 2 4 19 8 4 7 11 15 20 25 24 32 39 48 138
  20 : 6 6 5 7 2 4 19 8 4 7 11 15 20 25 19 26 21 29 37 184
  21 : 6 6 5 7 2 4 19 8 4 7 11 15 20 25 19 26 18 22 36 30 189
  22 : 6 6 5 7 2 4 19 8 4 7 11 15 20 25 18 25 22 21 35 29 55 225
  23 : 6 5 4 7 2 4 19 8 4 7 11 15 20 23 16 22 24 21 35 28 49 53 220
  24 : 6 5 4 7 2 4 19 8 4 7 11 15 19 23 17 22 24 21 34 28 48 52 53 189
  25 : 6 5 4 7 2 4 19 8 4 7 11 15 19 23 17 22 24 21 34 28 45 52 48 49 194
  26 : 6 5 4 7 2 4 19 8 4 7 11 15 19 23 17 22 24 21 34 27 44 52 49 53 36 197
  27 : 6 5 4 7 2 4 19 8 4 7 11 15 19 23 17 22 24 21 34 27 44 52 47 52 37 41 205
  28 : 6 5 4 7 2 4 19 8 4 7 11 15 19 23 16 22 24 21 34 25 45 53 43 51 36 36 27 213
  29 : 6 5 4 7 2 4 19 8 4 7 11 15 19 23 16 22 23 21 32 21 37 50 38 54 36 33 23 46 211
  30 : 6 5 4 7 2 4 19 8 4 7 11 15 19 23 16 22 23 21 32 21 37 50 38 54 36 33 23 48 61 188
  31 : 6 5 4 7 2 4 19 8 4 7 11 15 19 23 16 22 23 21 32 21 36 50 37 54 36 32 23 47 52 62 195
 ... : 6 5 4 7 2 4 19 8 4 7 11 15 19 23 16 22 23 21 33 22 37 52 42 58 42 34 28 51 62 66 238
  32 : 6 5 4 7 2 4 19 8 4 7 11 15 19 22 16 22 23 20 27 22 38 50 38 53 45 31 21 37 57 52 87 260
  33 : 6 5 4 7 2 4 19 8 4 7 11 15 19 22 16 22 23 20 27 22 38 50 38 53 44 32 21 37 55 51 87 48 268
 ... : 6 5 4 7 2 4 19 8 4 7 11 15 19 22 16 22 23 20 27 22 38 50 38 53 44 34 23 40 58 54 91 59 348
  34 : 6 5 4 7 2 4 19 8 4 7 11 15 19 22 16 21 23 20 27 22 38 50 38 54 44 33 22 39 49 44 79 55 66 307
 ... : 6 5 4 7 2 4 19 8 4 7 11 15 19 22 16 21 23 20 27 22 38 50 38 54 50 40 30 46 55 48 82 58 72 334
 ... : 6 5 4 7 2 4 19 8 4 7 11 15 19 22 16 21 23 20 27 22 38 50 38 54 49 40 32 48 60 54 90 67 84 367
 ... : 6 5 4 7 2 4 19 8 4 7 11 15 19 22 16 21 23 20 27 22 38 50 38 54 52 40 31 48 64 57 96 77 98 397
 ... : 6 5 4 7 2 4 19 8 4 7 11 15 19 22 16 21 23 20 27 22 38 50 38 54 53 43 38 54 67 63 101 85 101 404
  35 : 6 5 4 7 2 4 19 8 4 7 11 15 19 22 16 21 23 20 27 22 38 49 36 54 44 39 33 48 57 49 59 60 60 88 455
  36 : 6 5 4 7 2 4 19 8 4 7 11 15 19 22 16 21 23 20 27 22 38 49 36 54 44 39 32 47 57 50 59 60 56 86 82 404
  37 : 6 5 4 7 2 4 19 8 4 7 11 15 19 22 16 21 23 20 27 22 38 49 36 54 44 39 32 47 57 50 56 60 53 87 77 101 373
  38 : 6 5 4 7 2 4 19 8 4 7 11 15 19 22 16 21 23 20 27 22 38 49 36 54 44 39 32 47 57 50 54 59 52 83 68 83 69 414
 ... : 6 5 4 7 2 4 19 8 4 7 11 15 19 22 16 21 23 20 27 22 38 49 36 54 44 39 32 47 57 50 53 57 49 82 69 91 85 473
  39 : 6 5 4 7 2 4 19 8 4 7 11 15 19 22 16 21 23 20 27 22 38 49 36 54 44 39 32 47 57 49 52 51 49 72 62 81 52 43 470
  40 : 6 5 4 7 2 4 19 8 4 7 11 15 19 22 16 21 23 20 27 22 38 44 32 50 34 38 32 46 54 48 52 40 41 62 70 84 49 45 30 513
  41 : 6 5 4 7 2 4 19 8 4 7 11 15 19 22 16 21 23 20 27 22 38 44 32 50 34 38 32 46 54 48 52 39 40 63 64 78 57 46 32 52 478
 ... : 6 5 4 7 2 4 19 8 4 7 11 15 19 22 16 21 23 20 27 22 38 44 32 50 34 38 32 46 54 48 52 39 40 64 66 81 63 53 38 63 520
  42 : 6 5 4 7 2 4 19 8 4 7 11 15 19 22 16 21 23 20 25 24 37 40 31 45 32 35 31 47 53 43 47 34 35 47 47 56 55 42 38 45 46 587
  43 : 6 5 4 7 2 4 19 8 4 7 11 15 19 22 16 21 23 20 25 21 35 40 31 45 32 35 31 50 53 43 48 34 35 47 47 56 55 42 38 45 44 33 563
 ... : 6 5 4 7 2 4 19 8 4 7 11 15 19 22 16 21 23 20 25 21 35 40 31 45 32 35 31 50 53 43 49 37 37 53 53 66 64 49 40 48 44 36 598
 ... : 6 5 4 7 2 4 19 8 4 7 11 15 19 22 16 21 23 20 25 21 35 40 31 45 32 35 31 50 53 43 49 37 37 53 53 66 67 57 52 62 62 53 610
 ... : 6 5 4 7 2 4 19 8 4 7 11 15 19 22 16 21 23 20 25 21 35 40 30 44 31 34 30 47 45 42 49 37 37 54 55 69 67 56 54 68 67 58 623
 ... : 6 5 4 7 2 4 19 8 4 7 11 15 19 22 16 21 23 20 25 21 35 40 30 44 31 34 30 47 45 42 49 37 37 54 55 71 73 65 65 75 73 68 648
 ... : 6 5 4 7 2 4 19 8 4 7 11 15 19 22 16 21 23 20 25 21 35 40 30 44 31 35 32 49 47 51 55 50 45 61 58 73 74 67 69 78 75 70 663
 ... : 6 5 4 7 2 4 19 8 4 7 11 15 19 22 16 21 23 20 25 21 35 40 30 44 31 35 32 49 47 51 55 48 50 67 67 84 86 77 81 92 80 72 677
 ... : 6 5 4 7 2 4 19 8 4 7 11 15 19 22 16 21 23 20 25 21 35 40 30 44 31 35 32 49 47 51 55 50 51 70 71 90 97 90 92 97 85 75 700
 ... : 6 5 4 7 2 4 19 8 4 7 11 15 19 22 16 21 23 20 25 21 35 40 30 44 31 35 32 49 47 51 55 50 51 73 72 90 98 98 98 107 95 83 732
  44 : 6 5 4 7 2 4 19 8 4 7 11 15 19 22 16 21 23 20 25 21 34 40 30 43 31 31 26 35 44 42 40 29 31 44 57 58 61 60 54 64 48 51 72 887
 ... : 6 5 4 7 2 4 19 8 4 7 11 15 19 22 16 21 23 20 25 21 34 40 30 44 34 33 27 38 46 43 39 29 31 46 59 60 62 63 57 65 50 51 73 908
 ... : 6 5 4 7 2 4 19 8 4 7 11 15 19 22 16 21 23 20 25 21 34 40 30 44 34 35 30 41 50 46 44 32 36 51 63 61 62 64 63 72 57 56 78 915
 ... : 6 5 4 7 2 4 19 8 4 7 11 15 19 22 16 21 23 20 25 21 34 40 30 44 34 35 36 43 51 47 45 34 41 56 69 69 64 70 70 76 59 58 78 920
 ... : 6 5 4 7 2 4 19 8 4 7 11 15 19 22 16 21 23 20 25 21 34 40 30 44 34 35 36 45 53 49 47 35 39 56 70 75 69 72 76 82 64 60 78 925
  45 : 6 5 4 7 2 4 19 8 4 7 11 15 19 22 16 21 23 19 25 21 34 40 31 42 33 33 32 44 52 47 41 33 38 51 63 64 49 47 46 65 54 45 59 50 1001
 ... : 6 5 4 7 2 4 19 8 4 7 11 15 19 22 16 21 23 19 25 21 34 40 31 41 33 33 32 44 53 49 43 35 41 54 66 65 52 50 51 72 62 49 63 52 1005
 ... : 6 5 4 7 2 4 19 8 4 7 11 15 19 22 16 21 23 19 25 21 34 40 31 41 33 33 33 44 53 49 44 36 40 53 73 70 54 50 51 72 60 51 62 54 1007
  46 : 6 5 4 7 2 4 19 8 4 7 11 15 19 22 16 21 23 19 25 21 34 37 32 32 28 30 30 37 54 48 48 34 38 52 59 50 43 41 33 49 38 36 40 28 26 1023
 ... : 6 5 4 7 2 4 19 8 4 7 11 15 19 22 16 21 23 19 25 21 34 37 32 32 28 30 32 40 59 51 49 37 43 56 63 56 45 43 35 53 41 36 40 28 26 1032
 ... : 6 5 4 7 2 4 19 8 4 7 11 15 19 22 16 21 23 19 25 21 34 37 32 32 28 30 32 41 59 52 52 38 45 60 67 58 54 49 38 54 43 40 43 29 27 1040
  47 : 6 5 4 7 2 4 19 8 4 7 11 15 19 22 16 21 23 19 25 21 33 37 29 32 26 27 30 35 57 51 43 30 36 49 52 48 59 43 40 59 42 39 45 35 27 32 1000
  48 : 6 5 4 7 2 4 19 8 4 7 11 15 19 22 16 21 23 19 25 21 33 37 29 32 26 27 30 35 57 50 43 29 35 49 52 48 58 44 40 59 42 37 43 34 27 33 28 962
  49 : 6 5 4 7 2 4 19 8 4 7 11 15 19 22 16 21 23 19 25 21 33 37 29 32 26 27 30 35 57 50 42 29 35 50 52 48 58 43 41 59 42 37 43 34 27 32 28 31 926
  50 : 6 5 4 6 2 4 19 8 4 7 11 15 19 22 16 21 23 19 25 21 33 37 29 33 26 27 30 35 58 50 44 27 33 55 43 38 56 52 41 58 49 34 45 38 24 31 31 35 34 916
  51 : 6 5 4 6 2 4 19 8 4 7 11 15 19 22 16 21 23 19 25 21 33 37 29 33 26 27 30 35 58 50 44 28 33 55 42 36 52 54 44 57 46 36 39 33 30 27 34 29 36 36 905
  52 : 6 5 4 6 2 4 19 8 4 7 11 15 19 22 16 21 23 19 25 21 33 37 29 33 26 27 30 35 58 50 44 28 33 55 42 36 52 53 41 57 45 36 39 33 30 28 37 30 28 34 20 899
  53 : 6 5 4 6 2 4 19 8 4 7 11 15 19 22 16 21 23 19 25 21 33 37 29 33 26 27 30 35 58 50 44 28 33 55 42 36 48 51 44 57 44 37 39 33 30 28 29 34 29 33 22 33 901
  54 : 6 5 4 6 2 4 19 8 4 7 11 15 19 22 16 21 23 19 25 21 33 37 29 33 26 27 30 35 58 50 44 28 33 55 42 39 49 50 45 54 45 44 42 37 31 28 31 35 30 34 23 34 27 897
  55 : 6 5 4 6 2 4 19 8 4 7 11 15 19 22 16 21 23 19 25 21 33 37 29 33 26 27 30 35 49 49 46 27 33 52 37 40 48 45 49 48 44 43 44 41 29 25 32 34 27 35 22 30 31 25 926
  56 : 6 5 4 6 2 4 19 8 4 7 11 15 19 22 16 21 23 19 25 21 33 37 29 33 26 27 30 35 49 49 46 27 33 52 37 40 48 45 49 48 44 43 44 41 29 25 32 34 27 35 22 30 31 27 27 911
  57 : 6 5 4 6 2 4 19 8 4 7 11 15 19 22 16 21 23 19 25 21 33 37 29 33 26 27 30 35 49 49 46 27 33 52 37 40 48 44 47 44 43 41 44 39 27 24 33 37 29 30 19 26 25 28 30 31 934
  58 : 6 5 4 6 2 4 19 8 4 7 11 15 19 22 16 21 23 19 25 21 33 37 29 33 26 27 30 35 49 49 46 27 32 53 35 36 48 44 47 44 43 41 44 39 27 24 33 37 29 30 20 27 26 33 34 32 36 914
 ... : 6 5 4 6 2 4 19 8 4 7 11 15 19 22 16 21 23 19 25 21 33 37 29 33 26 27 30 35 49 49 46 27 32 54 38 36 48 44 47 44 43 41 44 39 27 24 33 38 30 33 25 30 30 38 42 42 43 926
  59 : 6 5 4 6 2 4 19 8 4 7 11 15 19 22 16 21 23 19 25 21 33 37 29 33 26 27 30 35 49 49 46 27 32 54 37 37 48 44 47 44 43 41 43 39 28 24 33 39 32 31 22 30 28 35 37 31 39 34 941
  60 : 6 5 4 6 2 4 19 8 4 7 11 15 19 22 16 21 23 19 25 21 33 37 29 33 26 27 30 35 49 49 46 27 32 54 38 40 48 44 47 44 43 41 43 39 28 24 33 39 32 31 23 31 29 36 38 33 42 35 30 925
 ... : 6 5 4 6 2 4 19 8 4 7 11 15 19 22 16 21 23 19 25 21 33 37 29 33 26 27 30 35 49 49 46 27 32 55 39 40 49 44 47 44 43 41 43 40 30 25 34 39 32 31 25 38 34 43 42 39 48 40 32 930
 ... : 6 5 4 6 2 4 19 8 4 7 11 15 19 22 16 21 23 19 25 21 33 37 29 33 26 27 30 36 51 50 47 27 33 55 39 40 49 44 47 45 43 41 43 40 30 25 33 39 35 31 29 39 37 45 43 40 50 44 34 937
 ... : 6 5 4 6 2 4 19 8 4 7 11 15 19 22 16 21 23 19 25 21 33 37 29 33 26 27 30 36 51 50 47 27 33 55 39 40 49 44 47 45 43 41 43 40 30 25 33 39 38 31 28 40 42 51 47 48 54 50 38 939
  61 : 6 5 4 6 2 4 19 8 4 7 11 15 19 22 16 21 23 19 25 21 32 37 30 33 26 27 30 36 50 50 47 27 33 55 37 38 50 45 47 45 43 41 43 40 31 26 32 39 37 30 25 28 30 37 38 36 50 40 33 25 971
 ... : 6 5 4 6 2 4 19 8 4 7 11 15 19 22 16 21 23 19 25 21 32 37 30 33 26 27 30 36 50 49 46 26 32 54 36 37 49 44 47 45 43 41 43 42 36 30 34 42 41 34 29 31 33 39 39 37 51 41 35 26 972
  62 : 6 5 4 6 2 4 19 8 4 7 11 15 19 22 16 21 23 19 25 21 32 37 30 33 26 27 30 36 50 49 46 26 32 54 36 37 49 44 47 45 43 41 43 42 32 27 34 42 40 33 27 30 32 39 40 37 51 42 34 25 22 969
 ... : 6 5 4 6 2 4 19 8 4 7 11 15 19 22 16 21 23 19 25 21 32 37 30 33 26 27 30 36 50 49 46 26 32 54 36 37 49 44 47 45 43 41 43 42 33 30 38 49 44 35 28 30 33 40 42 41 57 48 41 32 25 973
  63 : 6 5 4 6 2 4 19 8 4 7 11 15 19 22 16 21 23 19 25 21 32 37 30 33 26 27 30 36 50 49 46 25 33 54 36 37 49 44 47 45 43 41 43 42 33 30 36 44 41 34 29 31 34 39 39 37 50 39 33 26 23 30 986
 ... : 6 5 4 6 2 4 19 8 4 7 11 15 19 22 16 21 23 19 25 21 32 37 30 33 26 28 30 36 50 49 46 25 33 54 36 37 49 44 47 45 43 41 43 42 33 30 36 44 41 34 29 32 34 38 39 39 55 48 37 33 31 35 993
  64 : 6 5 4 6 2 4 19 8 4 7 11 15 19 22 16 21 23 19 25 21 32 37 30 33 26 28 30 36 50 49 46 25 33 54 36 37 49 44 47 45 43 41 43 42 32 30 36 44 41 34 29 31 34 38 31 33 56 42 31 30 31 33 33 980
  65 : 6 5 4 6 2 4 19 8 4 7 11 15 19 22 16 21 23 19 25 21 32 37 30 33 26 28 30 36 50 49 46 25 33 54 36 37 49 44 47 45 43 41 43 42 32 30 36 44 41 34 29 31 34 38 31 33 56 42 31 30 31 31 31 32 953
  66 : 6 5 4 6 2 4 19 8 4 7 11 15 19 22 16 21 23 19 25 21 32 37 30 33 26 28 30 36 50 49 46 25 33 54 36 37 49 44 47 45 43 41 43 42 32 30 36 44 41 34 29 31 34 38 31 33 55 41 30 30 30 31 31 30 20 949
 ... : 6 5 4 6 2 4 19 8 4 7 11 15 19 22 16 21 23 19 25 21 32 37 30 33 26 28 30 36 50 49 46 25 33 56 38 38 50 46 47 45 44 41 43 43 33 30 36 44 41 34 29 31 34 38 32 33 56 42 32 31 35 36 33 31 23 956
  67 : 6 5 4 6 2 4 19 8 4 7 11 15 19 22 16 21 23 19 25 21 32 37 30 33 26 28 30 36 50 49 46 25 33 54 37 39 49 45 48 46 44 41 43 43 33 31 37 44 41 34 29 31 34 38 32 33 52 40 32 30 30 32 33 31 20 21 949
  68 : 6 5 4 6 2 4 19 8 4 7 11 15 19 22 16 21 23 19 25 21 32 37 30 33 26 28 30 36 50 49 46 25 33 54 37 39 49 45 48 46 44 41 43 43 33 31 37 44 41 34 29 31 34 38 32 33 52 40 32 30 30 32 33 31 20 21 20 941
 ... : 6 5 4 6 2 4 19 8 4 7 11 15 19 22 16 21 23 19 25 21 32 37 30 33 26 28 30 36 50 49 46 25 33 54 39 41 49 45 48 46 44 41 43 44 33 31 37 44 41 34 29 31 34 38 32 33 53 42 35 37 40 39 41 36 21 21 20 950
  69 : 6 5 4 6 2 4 19 8 4 7 11 15 19 22 16 21 23 19 25 21 32 37 30 33 26 28 29 36 49 49 46 24 33 56 38 40 49 45 48 47 45 41 43 44 33 31 37 44 41 34 29 31 34 38 32 33 52 40 32 31 29 33 33 31 22 23 23 21 944
 ... : 6 5 4 6 2 4 19 8 4 7 11 15 19 22 16 21 23 19 25 21 32 37 30 33 26 28 29 36 49 49 46 24 33 56 38 40 50 45 48 47 45 41 43 44 33 31 37 44 41 34 29 31 34 38 32 33 52 41 35 34 35 34 33 33 30 27 28 21 947
 ... : 6 5 4 6 2 4 19 8 4 7 11 15 19 22 16 21 23 19 25 21 32 37 30 33 26 28 29 36 49 49 46 24 33 57 40 43 51 46 48 47 45 41 43 44 33 31 37 44 41 34 29 31 34 38 33 33 52 41 35 34 36 34 33 35 36 36 36 26 950
 ... : 6 5 4 6 2 4 19 8 4 7 11 15 19 22 16 21 23 19 25 21 32 37 30 33 26 27 28 35 49 48 46 24 33 54 43 49 56 49 50 49 44 41 43 44 33 31 37 44 41 34 29 31 34 38 33 33 51 41 36 34 36 35 34 37 37 35 38 32 950
 ... : 6 6 5 6 2 4 19 8 4 7 11 15 19 22 16 21 23 19 25 21 32 37 30 33 26 27 28 35 49 48 44 24 33 52 41 47 55 48 51 50 48 42 43 44 33 31 37 44 41 34 29 31 34 38 33 33 51 41 36 34 36 35 34 37 37 35 38 32 952
 ... : 6 6 5 7 2 4 19 8 4 7 11 15 19 22 16 21 23 19 25 21 32 37 30 33 26 27 28 35 48 48 44 24 33 52 41 47 55 47 48 45 48 43 43 48 40 36 40 45 42 34 29 31 34 38 33 33 51 41 36 34 36 35 34 37 37 35 38 32 953
tdecomp: completing cex trace with 2 initial steps
seqsimpl: completing cex trace with simulation
num_solve_calls = 380412
num_solve_sat_calls = 137327
num_solve_unsat_calls = 5525
num_solve_approx_calls = 270427
num_solve_approx_unsat_calls = 140278
num_solve_conflicts = 136968
num_solve_decisions = 14484090
num_solve_propagations = 189313062
avg_solve_conflicts = 1
avg_solve_decisions = 39
avg_solve_propagations = 498
avg_solve_unsat_decisions = 0.093
stddev_solve_unsat_decisions = 2.012
num_added_cubes = 48022
num_subsumed_cubes = 44960
num_gc_frame = 505
num_reset = 43
num_try_blocking = 197575
get_bad_cube_time = 5.921
rec_block_cube_time = 20.438
propagate_forward_time = 19.418
generalize_model_time = 4.671
generalize_and_push_time = 13.879
try_blocking_time = 35.642
reset_time = 0.731
clausify_time = 0.965
preprocess_time = 0.481
solve_time = 39.274
solve_sat_time = 30.675
solve_unsat_time = 8.599
prove_time = 46.520
memory_used_mb = 14
total_time = 46.612
Unsafe
