1
b0
0000000000000000000000000000000000000000000000000000000000000000000000000000000000000000000000000000000000000000000000000000000000000000000000000000000000000000
001000001000000000011001001011010001010011111101010011001000010110010101010011111111100x
1111111111111000000110010010110100010100111111010100110010000101100101010100111111111000
1111111111111111000110010010110100010100111111010100110010000101100101010100111111111000
1111111111111111000110010010110100010100111111010100110010000101100101010100111111111000
1111111111111111000110010010110100010100111111010100110010000101100101010100111111111000
1111111111111111000110010010110100010100111111010100110010000101100101010100111111111000
1111111111111111000110010010110100010100111111010100110010000101100101010100111111111000
1111111111111111000110010010110100010100111111010100110010000101100101010100111111111000
1111111111111111000110010010110100010100111111010100110010000101100101010100111111111000
1111111111111111000110010010110100010100111111010100110010000101100101010100111111111000
1111111111111111000110010010110100010100111111010100110010000101100101010100111111111000
1111111111111111000110010010110100010100111111010100110010000101100101010100111111111000
1111111111111111000110010010110100010100111111010100110010000101100101010100111111111000
1111111111111111000110010010110100010100111111010100110010000101100101010100111111111000
1111111111111111000110010010110100010100111111010100110010000101100101010100111111111000
1111111111111111000110010010110100010100111111010100110010000101100101010100111111111000
1111111111111111000110010010110100010100111111010100110010000101100101010100111111111000
1111111111111111000110010010110100010100111111010100110010000101100101010100111111111000
1111111111111111000110010010110100010100111111010100110010000101100101010100111111111000
1111111111111111000110010010110100010100111111010100110010000101100101010100111111111000
1111111111111111000110010010110100010100111111010100110010000101100101010100111111111000
1111111111111111000110010010110100010100111111010100110010000101100101010100111111111000
1111111111111111000110010010110100010100111111010100110010000101100101010100111111111000
1111111111111111000110010010110100010100111111010100110010000101100101010100111111111000
1111111111111111000110010010110100010100111111010100110010000101100101010100111111111000
1111111111111111000110010010110100010100111111010100110010000101100101010100111111111000
1111111111111111000110010010110100010100111111010100110010000101100101010100111111111000
1111111111111111000110010010110100010100111111010100110010000101100101010100111111111000
1111111111111111000110010010110100010100111111010100110010000101100101010100111111111000
1111111111111111000110010010110100010100111111010100110010000101100101010100111111111000
1111111111111111000110010010110100010100111111010100110010000101100101010100111111111000
1111111111111111000110010010110100010100111111010100110010000101100101010100111111111000
1111111111111111000110010010110100010100111111010100110010000101100101010100111111111000
1111111111111111000110010010110100010100111111010100110010000101100101010100111111111000
1111111111111111000110010010110100010100111111010100110010000101100101010100111111111000
1111111111111111000110010010110100010100111111010100110010000101100101010100111111111000
1111111111111111000110010010110100010100111111010100110010000101100101010100111111111000
1111111111111111000110010010110100010100111111010100110010000101100101010100111111111000
1111111111111111000110010010110100010100111111010100110010000101100101010100111111111000
1111111111111111000110010010110100010100111111010100110010000101100101010100111111111000
1111111111111111000110010010110100010100111111010100110010000101100101010100111111111000
1111111111111111000110010010110100010100111111010100110010000101100101010100111111111000
1111111111111111000110010010110100010100111111010100110010000101100101010100111111111000
1111111111111111000110010010110100010100111111010100110010000101100101010100111111111000
1111111111111111000110010010110100010100111111010100110010000101100101010100111111111000
1111111111111111000110010010110100010100111111010100110010000101100101010100111111111000
1111111111111111000110010010110100010100111111010100110010000101100101010100111111111000
1111111111111111000110010010110100010100111111010100110010000101100101010100111111111000
1111111111111110000110010010110100010100111111010100110010000101100101010100111111111000
0001111111111110000110010010110100010100111111010100110010000101100101010100111111111000
0001111111111110000110010010110100010100111111010100110010000101100101010100111111111000
0001001111111110000110010010110100010100111111010100110010000101100101010100111111111000
0001001111111110000110010010110100010100111111010100110010000101100101010100111111111010
1001111000000000000110010010110100010100101111010100110010000101100101000100111111111010
1111111111111111000110010010110100010100101111010100110010000101100101000100111111111010
1111111111111110000110010010110100010100101111010100110010000101100101000100111111111010
1111111111111110000110010010110100010100101111010100110010000101100101000100111111111010
1111111111111110000110010010110100010100101111010100110010000101100101000100111111111010
1111111111111000000110010010110100010100101111010100110010000101100101000100111111111010
1111111111111000000110010010110100010100101111010100110010000101100101000100111111111010
1111111111110000000110010010110100010100101111010100110010000101100101000100111111111010
1111111000010000000110010010110100010100101111010100110010000101100101000100111111111010
1111111000010000000110010010110100010100101111010100110010000101100101000100111111111010
1111111000010000000110010010110100010100101111010100110010000101100101000100111111111010
1001001111111100000110010010110100010100101111010100110010000101100101000100111111111010
1001000000011100000110010010110100010100101111010100110010000101100101000100111111111010
1111111111111111000110010010110100010100101111010100110010000101100101000100111111111010
1111111111111111000110010010110100010100101111010100110010000101100101000100111111111010
1111111111111111000110010010110100010100101111010100110010000101100101000100111111111010
1111111111111111000110010010110100010100101111010100110010000101100101000100111111111010
1111111111111111000110010010110100010100101111010100110010000101100101000100111111111010
1111111111111111000110010010110100010100101111010100110010000101100101000100111111111010
1111111111111111000110010010110100010100101111010100110010000101100101000100111111111010
1111111111111111000110010010110100010100101111010100110010000101100101000100111111111010
1111111111111111000110010010110100010100101111010100110010000101100101000100111111111010
1111111111111111000110010010110100010100101111010100110010000101100101000100111111111010
1111111111111111000110010010110100010100101111010100110010000101100101000100111111111010
1111111111111111000110010010110100010100101111010100110010000101100101000100111111111010
1111111111111111000110010010110100010100101111010100110010000101100101000100111111111010
1111111111111111000110010010110100010100101111010100110010000101100101000100111111111010
1111111111111111000110010010110100010100101111010100110010000101100101000100111111111010
1111111111111111000110010010110100010100101111010100110010000101100101000100111111111010
1111111111111111000110010010110100010100101111010100110010000101100101000100111111111010
1111111111111111000110010010110100010100101111010100110010000101100101000100111111111010
1111111111111111000110010010110100010100101111010100110010000101100101000100111111111010
1111111111111111000110010010110100010100101111010100110010000101100101000100111111111010
1111111111111111000110010010110100010100101111010100110010000101100101000100111111111010
1001111111111111000110010010110100010100101111010100110010000101100101000100111111111010
1001111111111111000110010010110100010100101111010100110010000101100101000100111111111010
1001111111111111000110010010110100010100101111010100110010000101100101000100111111111010
1001111111111111000110010010110100010100101111010100110010000101100101000100111111111010
1001111111111111000110010010110100010100101111010100110010000101100101000100111111111010
1001111111111111000110010010110100010100101111010100110010000101100101000100111111111010
1001111111111111000110010010110100010100101111010100110010000101100101000100111111111010
1001111111111111000110010010110100010100101111010100110010000101100101000100111111111010
1101111111111111000110010010110100010100101111010100110010000101100101000100111111111010
1101111111111111000110010010110100010100101111010100110010000101100101000100111111111010
1111111111111111000110010010110100010100101111010100110010000101100101000100111111111010
1111111111111111000110010010110100010100101111010100110010000101100101000100111111111010
1111111111111111000110010010110100010100101111010100110010000101100101000100111111111010
1111111111111111000110010010110100010100101111010100110010000101100101000100111111111010
1111111111111111000110010010110100010100101111010100110010000101100101000100111111111010
1111111111111111000110010010110100010100101111010100110010000101100101000100111111111010
1111111111111111000110010010110100010100101111010100110010000101100101000100111111111010
1111111111111111000110010010110100010100101111010100110010000101100101000100111111111010
1111111111111111000110010010110100010100101111010100110010000101100101000100111111111010
1111111111111111000110010010110100010100101111010100110010000101100101000100111111111010
1111111111111111000110010010110100010100101111010100110010000101100101000100111111111010
1111111111111111000110010010110100010100101111010100110010000101100101000100111111111010
1111111111111111000110010010110100010100101111010100110010000101100101000100111111111010
1111111111111101000110010010110100010100101111010100110010000101100101000100111111111010
1111111111111101000110010010110100010100101111010100110010000101100101000100111111111010
1111111110000000000110010010110100010100101111010100110010000101100101000100111111111000
1111111111111110000110010010110100010100101111010100110010000101100101000100111111111000
1101000000000011000110010010110100010100101111010100110010000101100101000100111111111000
1111111111111110000110010010110100010100101111010100110010000101100101000100111111111000
00010011111111100001100100101101000101001011110101001100100001011001010001001111111110x0
xxxxxxxxxxxxxxxxxxxxxxxxxxxxxxxxxxxxxxxxxxxxxxxxxxxxxxxxxxxxxxxxxxxxxxxxxxxxxxxxxxxxxxx1
.
