1
b0
0000000000000000000000000000000000000000000000000000000000000000000000000000000000000000000000000000000000000000000000000000000000
11000110010110111010000011101111010101010010000101110010111111110x
110001100101101110100000111011110101010100100001011100101111111100
110001100101101110100000111011110101010100100001011100101111111100
110001100101101110100000111011110101010100100001011100101111111100
110001100101101110100000111011110101010100100001011100101111111100
110001100101101110100000111011110101010100100001011100101111111100
110001100101101110100000111011110101010100100001011100101111111100
110001100101101110100000111011110101010100100001011100101111111100
110001100101101110100000111011110101010100100001011100101111111100
110001100101101110100000111011110101010100100001011100101111111100
110001100101101110100000111011110101010100100001011100101111111100
110001100101101110100000111011110101010100100001011100101111111100
110001100101101110100000111011110101010100100001011100101111111100
110001100101101110100000111011110101010100100001011100101111111100
110001100101101110100000111011110101010100100001011100101111111100
110001100101101110100000111011110101010100100001011100101111111100
110001100101101110100000111011110101010100100001011100101111111100
110001100101101110100000111011110101010100100001011100101111111100
110001100101101110100000111011110101010100100001011100101111111100
110001100101101110100000111011110101010100100001011100101111111100
110001100101101110100000111011110101010100100001011100101111111100
110001100101101110100000111011110101010100100001011100101111111100
110001100101101110100000111011110101010100100001011100101111111100
110001100101101110100000111011110101010100100001011100101111111100
110001100101101110100000111011110101010100100001011100101111111100
110001100101101110100000111011110101010100100001011100101111111100
110001100101101110100000111011110101010100100001011100101111111100
110001100101101110100000111011110101010100100001011100101111111100
110001100101101110100000111011110101010100100001011100101111111100
110001100101101110100000111011110101010100100001011100101111111100
110001100101101110100000111011110101010100100001011100101111111100
110001100101101110100000111011110101010100100001011100101111111100
110001100101101110100000111011110101010100100001011100101111111100
110001100101101110100000111011110101010100100001011100101111111100
110001100101101110100000111011110101010100100001011100101111111100
110001100101101110100000111011110101010100100001011100101111111100
110001100101101110100000111011110101010100100001011100101111111100
110001100101101110100000111011110101010100100001011100101111111100
110001100101101110100000111011110101010100100001011100101111111100
110001100101101110100000111011110101010100100001011100101111111100
110001100101101110100000111011110101010100100001011100101111111100
110001100101101110100000111011110101010100100001011100101111111100
110001100101101110100000111011110101010100100001011100101111111100
110001100101101110100000111011110101010100100001011100101111111100
110001100101101110100000111011110101010100100001011100101111111100
110001100101101110100000111011110101010100100001011100101111111100
110001100101101110100000111011110101010100100001011100101111111100
110001100101101110100000111011110101010100100001011100101111111100
110001100101101110100000111011110101010100100001011100101111111100
110001100101101110100000111011110101010100100001011100101111111100
110001100101101110100000111011110101010100100001011100101111111100
110001100101101110100000111011110101010100100001011100101111111100
110001100101101110100000111011110101010100100001011100101111111100
110001100101101110100000111011110101010100100001011100101111111100
110001100101101110100000111011110101010100100001011100101111111100
110001100101101110100000111011110101010100100001011100101111111100
110001100101101110100000111011110101010100100001011100101111111100
110001100101101110100000111011110101010100100001011100101111111100
110001100101101110100000111011110101010100100001011100101111111100
110001100101101110100000111011110101010100100001011100101111111100
110001100101101110100000111011110101010100100001011100101111111100
110001100101101110100000111011110101010100100001011100101111111100
110001100101101110100000111011110101010100100001011100101111111100
110001100101101110100000111011110101010100100001011100101111111100
110001100101101110100000111011110101010100100001011100101111111100
110001100101101110100000111011110101010100100001011100101111111100
110001100101101110100000111011110101010100100001011100101111111100
110001100101101110100000111011110101010100100001011100101111111100
110001100101101110100000111011110101010100100001011100101111111100
110001100101101110100000111011110101010100100001011100101111111100
110001100101101110100000111011110101010100100001011100101111111100
110001100101101110100000111011110101010100100001011100101111111100
110001100101101110100000111011110101010100100001011100101111111100
110001100101101110100000111011110101010100100001011100101111111100
110001100101101110100000111011110101010100100001011100101111111100
110001100101101110100000111011110101010100100001011100101111111100
110001100101101110100000111011110101010100100001011100101111111100
110001100101101110100000111011110101010100100001011100101111111100
110001100101101110100000111011110101010100100001011100101111111100
110001100101101110100000111011110101010100100001011100101111111100
110001100101101110100000111011110101010100100001011100101111111100
110001100101101110100000111011110101010100100001011100101111111100
110001100101101110100000111011110101010100100001011100101111111100
110001100101101110100000111011110101010100100001011100101111111100
110001100101101110100000111011110101010100100001011100101111111100
110001100101101110100000111011110101010100100001011100101111111100
110001100101101110100000111011110101010100100001011100101111111100
110001100101101110100000111011110101010100100001011100101111111100
110001100101101110100000111011110101010100100001011100101111111100
110001100101101110100000111011110101010100100001011100101111111100
110001100101101110100000111011110101010100100001011100101111111100
110001100101101110100000111011110101010100100001011100101111111100
110001100101101110100000111011110101010100100001011100101111111100
110001100101101110100000111011110101010100100001011100101111111100
110001100101101110100000111011110101010100100001011100101111111100
110001100101101110100000111011110101010100100001011100101111111100
110001100101101110100000111011110101010100100001011100101111111100
110001100101101110100000111011110101010100100001011100101111111100
110001100101101110100000111011110101010100100001011100101111111100
110001100101101110100000111011110101010100100001011100101111111100
110001100101101110100000111011110101010100100001011100101111111100
110001100101101110100000111011110101010100100001011100101111111100
110001100101101110100000111011110101010100100001011100101111111100
110001100101101110100000111011110101010100100001011100101111111100
110001100101101110100000111011110101010100100001011100101111111100
110001100101101110100000111011110101010100100001011100101111111100
110001100101101110100000111011110101010100100001011100101111111100
110001100101101110100000111011110101010100100001011100101111111100
110001100101101110100000111011110101010100100001011100101111111100
110001100101101110100000111011110101010100100001011100101111111100
110001100101101110100000111011110101010100100001011100101111111100
110001100101101110100000111011110101010100100001011100101111111100
110001100101101110100000111011110101010100100001011100101111111100
110001100101101110100000111011110101010100100001011100101111111100
110001100101101110100000111011110101010100100001011100101111111110
110001100101101110000000111011110101010100100001011100101111111100
110001100101101110000000111011110101010100100001011100101111111110
110001100101101110000000111011110101010100100001011100101111111110
110001100101101110000000111011110101010100100001011100101111111110
110001100101101110000000111011110101010100100001011100101111111110
110001100101101110000000111011110101010100100001011100101111111110
110001100101101110000000111011110101010100100001011100101111111110
110001100101101110000000111011110101010100100001011100101111111110
110001100101101110000000111011110101010100100001011100101111111110
110001100101101110000000111011110101010100100001011100101111111110
110001100101101110000000111011110101010100100001011100101111111110
110001100101101110000000111011110101010100100001011100101111111110
110001100101101110000000111011110101010100100001011100101111111110
110001100101101110000000111011110101010100100001011100101111111110
110001100101101110000000111011110101010100100001011100101111111110
110001100101101110000000111011110101010100100001011100101111111110
110001100101101110000000111011110101010100100001011100101111111110
110001100101101110000000111011110101010100100001011100101111111110
110001100101101110000000111011110101010100100001011100101111111110
110001100101101110000000111011110101010100100001011100101111111110
110001100101101110000000111011110101010100100001011100101111111110
110001100101101110000000111011110101010100100001011100101111111110
110001100101101110000000111011110101010100100001011100101111111110
110001100101101110000000111011110101010100100001011100101111111110
110001100101101110000000111011110101010100100001011100101111111110
110001100101101110000000111011110101010100100001011100101111111110
110001100101101110000000111011110101010100100001011100101111111110
110001100101101110000000111011110101010100100001011100101111111110
110001100101101110000000111011110101010100100001011100101111111110
110001100101101110000000111011110101010100100001011100101111111110
110001100101101110000000111011110101010100100001011100101111111110
110001100101101110000000111011110101010100100001011100101111111110
110001100101101110000000111011110101010100100001011100101111111110
110001100101101110000000111011110101010100100001011100101111111110
110001100101101110000000111011110101010100100001011100101111111110
110001100101101110000000111011110101010100100001011100101111111110
110001100101101110000000111011110101010100100001011100101111111110
110001100101101110000000111011110101010100100001011100101111111110
110001100101101110000000111011110101010100100001011100101111111110
110001100101101110000000111011110101010100100001011100101111111110
110001100101101110000000111011110101010100100001011100101111111110
110001100101101110000000111011110101010100100001011100101111111110
110001100101101110000000111011110101010100100001011100101111111110
110001100101101110000000111011110101010100100001011100101111111110
110001100101101110000000111011110101010100100001011100101111111110
110001100101101110000000111011110101010100100001011100101111111110
110001100101101110000000111011110101010100100001011100101111111110
110001100101101110000000111011110101010100100001011100101111111110
110001100101101110000000111011110101010100100001011100101111111110
110001100101101110000000111011110101010100100001011100101111111110
110001100101101110000000111011110101010100100001011100101111111110
110001100101101110000000111011110101010100100001011100101111111110
110001100101101110000000111011110101010100100001011100101111111110
110001100101101110000000111011110101010100100001011100101111111110
110001100101101110000000111011110101010100100001011100101111111110
110001100101101110000000111011110101010100100001011100101111111110
110001100101101110000000111011110101010100100001011100101111111110
110001100101101110000000111011110101010100100001011100101111111110
110001100101101110000000111011110101010100100001011100101111111110
110001100101101110000000111011110101010100100001011100101111111100
010001100101101110000000111011110101010100100001011100101111111100
010001100101101110000000111011110101010100100001011100101111111100
100001100101101110000000111011110101010100100001011100101111111100
1100011001011011100000001110111101010101001000010111001011111111x0
xxxxxxxxxxxxxxxxxxxxxxxxxxxxxxxxxxxxxxxxxxxxxxxxxxxxxxxxxxxxxxxxx1
.
