initialized model with 20 latches, 4 inputs and 1 properties
tsim: performed 220 steps
checking bound 0
checking bound 1
checking bound 2
tdecomp: unrolling 2 cycles
tsim: performed 219 steps
tsim: found 1 constants and 0 latch equivalences
tdecomp: (20, 16) -> (19, 11)
   2 : 1 0
   3 : 1 1 0
   4 : 1 1 1 0
   5 : 1 1 1 1 0
   6 : 1 1 1 1 1 0
   7 : 1 1 1 1 1 1 0
   8 : 1 1 1 1 1 1 1 0
   9 : 1 1 1 1 1 1 1 1 0
  10 : 1 1 1 1 1 1 1 1 1 0
  11 : 1 1 1 1 1 1 1 1 1 1 1
  12 : 1 1 1 1 1 1 1 1 1 1 1 0
 ... : 1 1 1 1 1 1 1 1 2 1 1 0
 ... : 1 1 1 1 1 1 1 1 1 1 1 0
 ... : 1 1 1 1 1 1 1 1 2 2 1 0
 ... : 1 1 1 1 2 3 1 2 1 2 1 0
 ... : 1 1 1 1 1 1 2 1 2 1 1 0
 ... : 1 1 1 1 1 2 1 2 1 1 1 0
 ... : 1 1 1 1 1 1 1 2 2 1 1 0
 ... : 1 1 1 1 2 1 2 1 2 1 1 0
 ... : 1 1 1 1 1 1 1 2 2 2 1 0
 ... : 1 1 1 1 1 1 1 2 1 2 1 0
 ... : 1 1 1 1 1 2 3 2 2 2 1 0
 ... : 1 1 1 1 1 2 2 1 2 2 1 0
 ... : 1 1 1 1 2 1 2 1 1 2 1 0
 ... : 1 1 1 1 1 2 1 1 1 2 1 0
 ... : 1 1 1 1 1 2 1 2 1 2 1 0
 ... : 1 1 2 3 1 1 1 2 1 2 1 0
 ... : 1 1 1 1 1 1 1 1 2 1 1 0
 ... : 1 1 1 1 1 1 1 2 1 1 1 0
 ... : 1 1 1 1 1 1 1 1 2 1 1 0
 ... : 1 1 1 1 1 1 2 1 2 1 1 0
 ... : 1 1 1 1 1 1 1 1 2 1 1 0
 ... : 1 1 1 1 1 2 1 2 1 1 1 0
 ... : 1 1 2 1 2 1 2 1 1 1 1 0
 ... : 1 1 1 2 2 1 2 2 1 1 1 0
 ... : 1 1 1 2 1 2 1 2 1 1 1 0
 ... : 1 1 1 1 1 1 2 2 2 1 1 0
 ... : 1 1 1 2 1 2 2 1 2 1 1 0
 ... : 1 1 1 1 1 2 2 2 2 1 1 0
 ... : 1 1 1 1 2 2 1 2 2 1 1 0
 ... : 1 1 1 1 1 1 2 1 2 1 1 0
 ... : 1 1 1 1 1 1 1 1 2 1 1 0
 ... : 1 2 2 1 2 1 2 1 2 1 1 0
 ... : 1 1 1 2 1 1 2 1 2 1 1 0
  13 : 2 1 1 1 1 1 1 1 1 1 1 1 1
  14 : 2 1 1 1 1 1 1 1 1 1 1 1 1 1
  15 : 2 1 1 1 1 1 1 1 1 1 1 1 1 1 1
  16 : 2 1 1 1 1 1 1 1 1 1 1 1 1 1 1 1
  17 : 2 1 1 1 1 1 1 1 1 1 1 1 1 1 1 1 1
  18 : 2 1 1 1 1 1 1 1 1 1 1 1 1 1 1 1 1 1
  19 : 2 1 1 1 1 1 1 1 1 1 1 1 1 1 1 1 1 1 1
  20 : 2 1 1 1 1 1 1 1 1 1 1 1 1 1 1 1 1 1 1 1
  21 : 2 1 1 1 1 1 1 1 1 1 1 1 1 1 1 1 1 1 1 1 2
  22 : 2 1 1 1 1 1 1 1 1 1 1 1 1 1 1 1 1 1 1 1 1 1
 ... : 2 1 1 1 1 1 1 1 1 1 1 1 1 1 1 1 1 1 2 1 1 1
 ... : 2 1 1 1 1 1 1 1 1 1 1 1 1 1 1 1 1 1 1 1 1 1
 ... : 2 1 1 1 1 1 1 1 1 1 1 1 1 1 1 1 1 1 2 2 1 1
 ... : 2 1 1 1 1 1 1 1 1 1 1 1 1 1 2 3 1 2 1 2 1 1
 ... : 2 1 1 1 1 1 1 1 1 1 1 1 1 1 1 1 2 1 2 1 1 1
 ... : 2 1 1 1 1 1 1 1 1 1 1 1 1 1 1 2 1 2 1 1 1 1
 ... : 2 1 1 1 1 1 1 1 1 1 1 1 1 1 1 1 1 2 2 1 1 1
 ... : 2 1 1 1 1 1 1 1 1 1 1 1 1 1 2 1 2 1 2 1 1 1
 ... : 2 1 1 1 1 1 1 1 1 1 1 1 1 1 1 1 1 2 2 2 1 1
 ... : 2 1 1 1 1 1 1 1 1 1 1 1 1 1 1 1 1 2 1 2 1 1
 ... : 2 1 1 1 1 1 1 1 1 1 1 1 1 1 1 2 3 2 2 2 1 1
 ... : 2 1 1 1 1 1 1 1 1 1 1 1 1 1 1 2 2 1 2 2 1 1
 ... : 2 1 1 1 1 1 1 1 1 1 1 1 1 1 2 1 2 1 1 2 1 1
 ... : 2 1 1 1 1 1 1 1 1 1 1 1 1 1 1 2 1 1 1 2 1 1
 ... : 2 1 1 1 1 1 1 1 1 1 1 1 1 1 1 2 1 2 1 2 1 1
 ... : 2 1 1 1 1 1 1 1 1 1 1 1 2 3 1 1 1 2 1 2 1 1
 ... : 2 1 1 1 1 1 1 1 1 1 1 1 1 1 1 2 1 2 2 2 1 1
 ... : 2 1 1 1 1 1 1 1 1 1 1 1 1 1 1 1 2 1 2 2 1 1
 ... : 2 1 1 1 1 1 1 1 1 1 1 1 1 1 1 1 2 2 2 2 1 1
 ... : 2 1 1 1 1 1 1 1 1 1 1 1 1 2 2 1 1 2 2 2 1 1
 ... : 2 1 1 1 1 1 1 1 1 1 1 1 1 1 1 1 1 1 2 2 1 1
 ... : 2 1 1 1 1 1 1 1 1 1 1 1 1 1 1 2 2 1 2 2 1 1
 ... : 2 1 1 1 1 1 1 1 1 1 1 1 1 1 1 2 1 1 2 2 1 1
 ... : 2 1 1 1 1 1 1 1 1 1 1 2 1 2 1 2 2 1 2 2 1 1
 ... : 2 1 1 1 1 1 1 1 1 1 1 1 2 1 2 1 2 1 2 2 1 1
 ... : 2 1 1 1 1 1 1 1 1 1 1 1 1 1 1 2 1 1 2 2 1 1
 ... : 2 1 1 1 1 1 1 1 1 1 1 2 3 1 2 1 1 1 2 2 1 1
 ... : 2 1 1 1 1 1 1 1 1 1 1 1 2 3 2 2 1 1 2 2 1 1
 ... : 2 1 1 1 1 1 1 1 1 1 1 1 2 2 1 2 1 1 2 2 1 1
 ... : 2 1 1 1 1 1 1 1 1 1 2 3 2 2 2 2 1 1 2 2 1 1
 ... : 2 1 1 1 1 1 1 1 1 1 2 2 2 1 2 2 1 1 2 2 1 1
 ... : 2 1 1 1 1 1 1 1 1 1 2 2 1 1 2 2 1 1 2 2 1 1
 ... : 2 1 1 1 1 2 3 2 1 1 2 2 1 1 2 2 1 1 2 2 1 1
  23 : 4 1 1 1 1 1 1 1 1 1 1 1 1 1 1 1 1 1 1 1 1 1 2
  24 : 4 1 1 1 1 1 1 1 1 1 1 1 1 1 1 1 1 1 1 1 1 1 1 2
  25 : 4 1 1 1 1 1 1 1 1 1 1 1 1 1 1 1 1 1 1 1 1 1 1 1 2
  26 : 4 1 1 1 1 1 1 1 1 1 1 1 1 1 1 1 1 1 1 1 1 1 1 1 1 2
  27 : 4 1 1 1 1 1 1 1 1 1 1 1 1 1 1 1 1 1 1 1 1 1 1 1 1 1 2
  28 : 4 1 1 1 1 1 1 1 1 1 1 1 1 1 1 1 1 1 1 1 1 1 1 1 1 1 1 2
  29 : 4 1 1 1 1 1 1 1 1 1 1 1 1 1 1 1 1 1 1 1 1 1 1 1 1 1 1 1 3
  30 : 4 1 1 1 1 1 1 1 1 1 1 1 1 1 1 1 1 1 1 1 1 1 1 1 1 1 1 1 1 2
 ... : 4 1 1 1 1 1 1 1 1 1 1 1 1 1 1 1 1 1 1 1 1 1 1 1 1 1 2 1 1 2
 ... : 4 1 1 1 1 1 1 1 1 1 1 1 1 1 1 1 1 1 1 1 1 1 1 1 1 1 1 1 1 2
 ... : 4 1 1 1 1 1 1 1 1 1 1 1 1 1 1 1 1 1 1 1 1 1 1 1 1 1 2 2 1 2
 ... : 4 1 1 1 1 1 1 1 1 1 1 1 1 1 1 1 1 1 1 1 1 1 2 3 1 2 1 2 1 2
 ... : 4 1 1 1 1 1 1 1 1 1 1 1 1 1 1 1 1 1 1 1 1 1 1 2 3 1 1 2 2 2
 ... : 4 1 1 1 1 1 1 1 1 1 1 1 1 1 1 1 1 1 1 1 1 1 1 2 1 1 2 1 2 2
 ... : 4 1 1 1 1 1 1 1 1 1 1 1 1 1 1 1 1 1 1 1 1 1 1 1 1 1 2 2 2 2
 ... : 4 1 1 1 1 1 1 1 1 1 1 1 1 1 1 1 1 1 1 1 1 1 1 1 1 2 1 2 2 2
 ... : 4 1 1 1 1 1 1 1 1 1 1 1 1 1 1 1 1 1 1 1 1 1 1 1 2 2 1 2 2 2
 ... : 4 1 1 1 1 1 1 1 1 1 1 1 1 1 1 1 1 1 1 1 1 1 1 1 1 1 2 1 2 2
 ... : 4 1 1 1 1 1 1 1 1 1 1 1 1 1 1 1 1 1 1 1 1 1 1 1 1 1 2 2 2 2
 ... : 4 1 1 1 1 1 1 1 1 1 1 1 1 1 1 1 1 1 1 1 1 1 1 1 1 2 1 2 2 2
 ... : 4 1 1 1 1 1 1 1 1 1 1 1 1 1 1 1 1 1 1 1 1 1 1 2 3 2 1 1 2 2
 ... : 4 1 1 1 1 1 1 1 1 1 1 1 1 1 1 1 1 1 1 1 1 1 1 2 2 1 1 1 2 2
 ... : 4 1 1 1 1 1 1 1 1 1 1 1 1 1 1 1 1 1 1 1 1 1 1 2 1 1 2 1 2 2
 ... : 4 1 1 1 1 1 1 1 1 1 1 1 1 1 1 1 1 1 1 1 1 1 1 1 1 1 2 1 2 2
 ... : 4 1 1 1 1 1 1 1 1 1 1 1 1 1 1 1 1 1 1 1 1 1 2 2 1 2 1 1 2 2
 ... : 4 1 1 1 1 1 1 1 1 1 1 1 1 1 1 1 1 1 1 1 1 1 1 1 2 1 1 1 2 2
 ... : 4 1 1 1 1 1 1 1 1 1 1 1 1 1 1 1 1 1 1 1 1 1 1 1 2 2 1 1 2 2
 ... : 4 1 1 1 1 1 1 1 1 1 1 1 1 1 1 1 1 1 1 1 1 1 1 1 1 2 1 1 2 2
 ... : 4 1 1 1 1 1 1 1 1 1 1 1 1 1 1 1 1 1 1 1 1 1 1 1 1 1 1 1 2 2
 ... : 4 1 1 1 1 1 1 1 1 1 1 1 1 1 1 1 1 1 1 1 1 1 1 2 2 1 1 1 2 2
 ... : 4 1 1 1 1 1 1 1 1 1 1 1 1 1 1 1 1 1 1 1 1 1 2 2 1 1 1 1 2 2
 ... : 4 1 1 1 1 1 1 1 1 1 1 1 1 1 1 1 1 1 2 3 1 2 1 2 2 1 1 1 2 2
 ... : 4 1 1 1 1 1 1 1 1 1 1 1 1 1 1 1 1 1 2 1 2 1 2 1 2 1 1 1 2 2
 ... : 4 1 1 1 1 1 1 1 1 1 1 1 1 1 1 1 1 1 1 2 1 2 1 1 2 1 1 1 2 2
 ... : 4 1 1 1 1 1 1 1 1 1 1 1 1 1 1 1 1 1 1 1 1 2 2 1 2 1 1 1 2 2
 ... : 4 1 1 1 1 1 1 1 1 1 1 1 1 1 1 1 1 1 2 3 1 2 2 1 2 1 1 1 2 2
 ... : 4 1 1 1 1 1 1 1 1 1 1 1 1 1 1 1 1 1 2 1 2 1 2 1 2 1 1 1 2 2
 ... : 4 1 1 1 1 1 1 1 1 1 1 1 1 1 1 1 1 1 1 2 1 1 2 1 2 1 1 1 2 2
 ... : 4 1 1 1 1 1 1 1 1 1 1 1 1 1 1 1 2 2 2 1 1 1 2 1 2 1 1 1 2 2
 ... : 4 1 1 1 1 1 1 1 1 1 1 1 1 1 1 1 2 1 2 1 1 1 2 1 2 1 1 1 2 2
 ... : 4 1 1 1 1 2 1 2 1 1 2 1 2 1 1 1 2 1 2 1 1 1 2 1 2 1 1 1 2 3
  31 : 4 1 1 1 1 1 1 1 1 1 1 1 1 1 1 1 1 1 1 1 1 1 1 1 1 1 1 1 1 1 3
  32 : 4 1 1 1 1 1 1 1 1 1 1 1 1 1 1 1 1 1 1 1 1 1 1 1 1 1 1 1 1 1 0 3
num_solve_calls = 137114
num_solve_sat_calls = 57266
num_solve_unsat_calls = 8111
num_solve_approx_calls = 63710
num_solve_approx_unsat_calls = 12651
num_solve_conflicts = 6474
num_solve_decisions = 1104829
num_solve_propagations = 6721103
avg_solve_conflicts = 1
avg_solve_decisions = 9
avg_solve_propagations = 50
avg_solve_unsat_decisions = 0.000
stddev_solve_unsat_decisions = 0.000
num_added_cubes = 8165
num_subsumed_cubes = 8129
num_gc_frame = 6127
num_reset = 25
num_try_blocking = 67531
get_bad_cube_time = 0.005
rec_block_cube_time = 2.855
propagate_forward_time = 0.019
generalize_model_time = 0.344
generalize_and_push_time = 1.913
try_blocking_time = 2.686
reset_time = 0.031
clausify_time = 0.062
preprocess_time = 0.016
solve_time = 2.334
solve_sat_time = 1.796
solve_unsat_time = 0.538
prove_time = 2.910
memory_used_mb = 7
total_time = 2.916
Safe
