initialized model with 312 latches, 9 inputs and 1 properties
tsim: performed 6 steps
tsim: found cycle from 4
tsim: found 16 constants and 0 latch equivalences
seqsimpl: (312, 9) -> (15, 9)
checking bound 0
checking bound 1
checking bound 2
tdecomp: unrolling 2 cycles
tsim: reached all X state
tsim: performed 4 steps
tdecomp: no improvement found, reverting original model
   2 : 3 0
   3 : 3 1 2
   4 : 3 1 0 2
num_solve_calls = 78
num_solve_sat_calls = 24
num_solve_unsat_calls = 6
num_solve_approx_calls = 32
num_solve_approx_unsat_calls = 16
num_solve_conflicts = 84
num_solve_decisions = 967
num_solve_propagations = 34577
avg_solve_conflicts = 2
avg_solve_decisions = 13
avg_solve_propagations = 444
avg_solve_unsat_decisions = 0.000
stddev_solve_unsat_decisions = 0.000
num_added_cubes = 10
num_subsumed_cubes = 4
num_gc_frame = 7
num_reset = 0
num_try_blocking = 27
get_bad_cube_time = 0.004
rec_block_cube_time = 0.000
propagate_forward_time = 0.001
generalize_model_time = 0.001
generalize_and_push_time = 0.000
try_blocking_time = 0.001
reset_time = 0.000
clausify_time = 0.033
preprocess_time = 0.004
solve_time = 0.005
solve_sat_time = 0.004
solve_unsat_time = 0.001
prove_time = 0.045
memory_used_mb = 7
total_time = 0.071
Safe
