initialized model with 59 latches, 28 inputs and 1 properties
tsim: performed 9 steps
tsim: found cycle from 6
tsim: found 1 constants and 2 latch equivalences
seqsimpl: (59, 28) -> (32, 22)
checking bound 0
checking bound 1
checking bound 2
tdecomp: unrolling 2 cycles
tsim: performed 8 steps
tsim: found cycle from 5
tdecomp: no improvement found, reverting original model
seqsimpl: completing cex trace with simulation
num_solve_calls = 5
num_solve_sat_calls = 1
num_solve_unsat_calls = 0
num_solve_approx_calls = 0
num_solve_approx_unsat_calls = 0
num_solve_conflicts = 3
num_solve_decisions = 15
num_solve_propagations = 95
avg_solve_conflicts = 1
avg_solve_decisions = 3
avg_solve_propagations = 19
avg_solve_unsat_decisions = 0.000
stddev_solve_unsat_decisions = 0.000
num_added_cubes = 0
num_subsumed_cubes = 0
num_gc_frame = 0
num_reset = 0
num_try_blocking = 0
get_bad_cube_time = 0.000
rec_block_cube_time = 0.000
propagate_forward_time = 0.000
generalize_model_time = 0.000
generalize_and_push_time = 0.000
try_blocking_time = 0.000
reset_time = 0.000
clausify_time = 0.009
preprocess_time = 0.002
solve_time = 0.000
solve_sat_time = 0.000
solve_unsat_time = 0.000
prove_time = 0.013
memory_used_mb = 6
total_time = 0.020
Unsafe
