initialized model with 1121 latches, 72 inputs and 1 properties
tsim: performed 12 steps
tsim: found cycle from 10
checking bound 0
checking bound 1
checking bound 2
tdecomp: unrolling 2 cycles
tsim: performed 10 steps
tsim: found cycle from 8
tsim: found 2 constants and 0 latch equivalences
seqsimpl: found 4 latch equivalences
tdecomp: (1121, 288) -> (1115, 193)
 ... : 200
   2 : 160 112
   3 : 161 81 47
   4 : 156 92 53 73
   5 : 155 97 59 20 91
   6 : 152 97 69 32 12 126
   7 : 152 97 69 32 11 2 137
   8 : 152 97 69 32 11 2 4 139
   9 : 152 95 68 24 10 2 3 1 199
 ... : 152 95 68 24 10 2 3 12 286
  10 : 150 95 67 20 9 2 1 2 7 423
  11 : 150 95 67 20 9 2 1 2 5 15 414
  12 : 150 95 67 20 9 2 1 2 5 14 8 409
  13 : 150 95 67 20 9 2 1 2 5 3 6 1 440
  14 : 150 95 67 20 9 2 1 2 5 3 6 1 1 465
  15 : 150 95 67 20 9 2 1 2 4 2 2 1 1 2 469
  16 : 150 95 67 20 9 2 1 2 4 2 1 1 1 2 6 473
  17 : 150 95 67 20 9 2 1 2 4 2 1 1 1 2 2 1 487
 ... : 150 95 67 20 9 2 1 2 4 2 1 1 1 2 2 46 590
 ... : 150 95 67 20 9 2 1 2 2 2 1 1 1 2 1 47 685
 ... : 150 95 67 20 9 2 1 2 2 2 1 1 1 2 1 56 871
 ... : 150 95 67 20 9 2 1 2 2 2 1 1 1 2 1 56 1029
 ... : 150 95 67 20 9 2 1 2 2 2 1 1 1 2 1 56 1185
 ... : 150 95 67 20 9 2 1 2 2 2 1 1 17 2 1 56 1350
 ... : 150 95 67 20 9 2 1 2 2 2 1 1 17 2 1 56 1516
 ... : 150 95 67 20 9 2 1 2 2 2 1 1 17 2 1 56 1692
 ... : 149 95 67 20 9 2 1 2 2 2 1 1 17 2 1 56 1859
 ... : 149 95 67 20 9 2 1 2 2 2 1 1 17 2 1 56 2034
 ... : 149 95 67 20 9 2 1 2 2 2 1 1 17 2 1 56 2276
 ... : 149 95 67 20 9 2 1 2 2 2 1 1 17 2 1 56 2502
 ... : 149 95 67 20 9 2 1 2 2 2 1 1 17 2 1 56 2676
 ... : 149 95 67 20 9 2 1 2 2 2 1 1 17 2 1 56 2839
 ... : 149 95 67 20 9 2 1 2 2 2 1 1 17 2 1 56 3006
 ... : 149 95 67 20 9 2 1 2 2 2 1 1 17 2 1 56 3128
 ... : 149 95 67 20 9 2 1 2 2 2 1 1 17 2 1 56 3301
 ... : 149 95 67 20 9 2 1 2 2 2 1 1 17 2 1 56 3428
 ... : 149 95 67 20 9 2 1 2 2 2 1 1 17 2 1 56 3633
 ... : 149 94 67 20 9 2 1 2 2 2 1 1 17 2 1 56 3869
 ... : 149 94 67 20 9 2 1 2 2 2 1 1 17 2 1 56 4032
 ... : 149 94 67 20 9 2 1 2 2 2 1 1 17 2 1 56 4225
 ... : 149 94 67 20 9 2 1 2 2 2 1 1 17 2 1 56 4433
 ... : 149 94 67 20 9 2 1 2 2 2 1 1 17 2 1 56 4639
 ... : 149 93 67 20 9 2 1 2 2 2 1 1 63 2 1 56 4816
 ... : 149 93 67 20 9 2 1 2 2 2 1 1 147 5 1 56 5049
 ... : 149 93 67 20 9 2 1 2 2 2 1 1 473 12 1 56 5190
 ... : 149 93 67 20 9 2 1 2 2 2 1 1 473 12 1 56 5407
 ... : 149 93 67 20 9 2 1 2 2 2 1 1 522 13 1 56 5604
 ... : 149 93 67 20 9 2 1 2 2 2 1 1 524 13 1 56 5800
 ... : 149 93 67 20 9 2 1 2 2 2 1 1 650 17 1 56 6167
 ... : 149 93 67 20 9 2 1 2 2 2 1 1 653 18 1 56 6730
 ... : 149 93 67 20 9 2 1 2 2 2 1 1 658 18 1 56 7568
 ... : 149 93 67 20 9 2 1 2 2 2 1 1 702 19 1 56 8363
 ... : 149 93 67 20 9 2 1 2 2 2 1 1 719 22 1 56 8980
 ... : 149 93 67 20 9 2 1 2 2 2 1 1 859 23 1 56 9226
 ... : 149 93 67 20 9 2 1 2 2 2 1 1 861 23 1 56 9518
 ... : 149 93 67 20 9 2 1 2 2 2 1 1 871 24 1 56 9744
 ... : 149 93 67 20 9 2 1 2 2 2 1 1 873 24 1 56 10691
 ... : 149 93 67 20 9 2 1 2 2 2 1 1 938 25 1 56 11591
 ... : 149 93 67 20 9 2 1 2 2 2 1 1 986 27 1 56 12612
 ... : 149 93 67 20 9 2 1 2 2 2 1 1 986 27 1 56 12911
 ... : 149 93 67 20 9 2 1 2 2 2 1 1 991 28 1 56 13420
 ... : 149 93 67 20 9 2 1 2 2 2 1 1 991 28 1 56 14411
 ... : 149 93 67 20 9 2 1 2 2 2 1 1 1402 30 1 56 15283
 ... : 149 93 67 20 9 2 1 2 2 2 5 1 1786 53 1 56 15947
 ... : 149 93 67 20 9 2 1 2 2 2 5 1 2151 69 1 56 17221
 ... : 149 93 67 20 9 2 1 2 2 2 5 1 2240 70 1 56 17426
 ... : 149 93 67 20 9 2 1 2 2 2 5 1 2270 71 1 56 17747
 ... : 149 93 67 20 9 2 1 2 2 2 5 1 2292 72 1 56 17996
 ... : 149 93 67 20 9 2 1 2 2 2 5 1 2319 81 1 56 18605
 ... : 149 93 67 20 9 2 1 2 2 2 5 1 2696 110 1 56 19205
 ... : 149 93 67 20 9 2 1 2 2 2 5 1 2971 162 1 56 19627
 ... : 149 93 67 20 9 2 1 2 2 2 5 1 3394 199 1 56 19967
 ... : 149 93 67 20 9 2 1 2 2 2 5 1 3721 351 3 56 20530
 ... : 149 93 67 20 9 2 1 2 2 2 5 1 3804 1190 32 56 21160
 ... : 149 93 67 20 9 2 1 2 2 2 6 1 3965 1295 53 57 21901
 ... : 149 93 67 20 9 2 1 2 2 2 6 1 4068 1344 55 57 22312
 ... : 149 93 67 20 9 2 1 2 2 2 6 1 4309 1685 65 57 23210
 ... : 149 93 67 20 9 2 1 2 2 2 6 1 4386 1904 107 58 23867
 ... : 149 93 67 20 9 2 1 2 2 2 6 1 4425 1906 107 58 24510
 ... : 149 93 67 20 9 2 1 2 2 2 6 1 4456 1948 109 58 25135
 ... : 149 93 67 20 9 2 1 2 2 2 6 1 4523 1949 109 58 25496
 ... : 149 93 67 20 9 2 1 2 2 2 6 1 4561 1949 109 58 26136
 ... : 149 93 67 20 9 2 1 2 2 2 6 1 4830 1955 109 58 26555
 ... : 149 93 67 20 9 2 1 2 2 2 1 1 4183 247 21 52 23606
 ... : 149 93 67 20 9 2 1 2 2 2 1 1 4183 247 21 52 23759
 ... : 149 93 67 20 9 2 1 2 2 2 1 1 4183 247 21 52 23920
 ... : 149 93 67 20 9 2 1 2 2 2 1 1 4183 247 21 52 24088
 ... : 149 93 67 20 9 2 1 2 2 2 1 1 4208 247 21 52 24239
 ... : 149 93 67 20 9 2 1 2 2 2 1 1 4208 247 21 52 24466
 ... : 149 93 67 20 9 2 1 2 2 2 1 1 4242 248 21 52 24899
 ... : 149 93 67 20 9 2 1 2 2 2 1 1 4245 248 21 52 25394
 ... : 149 93 67 20 9 2 1 2 2 2 1 1 4265 248 21 52 26160
 ... : 148 93 67 20 9 2 1 2 2 2 1 1 4279 248 21 52 27007
 ... : 148 93 67 20 9 2 1 2 2 2 1 1 4280 248 21 52 27217
 ... : 148 93 67 20 9 2 1 2 2 2 1 1 4301 249 21 52 27439
 ... : 148 93 67 20 9 2 1 2 2 2 1 1 4327 251 21 52 27688
 ... : 148 93 67 20 9 2 1 2 2 2 1 1 4402 251 21 52 27894
 ... : 148 93 67 20 9 2 1 2 2 2 1 1 4531 299 22 52 28009
 ... : 148 93 67 20 9 2 1 2 2 2 1 1 5077 318 22 52 28266
 ... : 148 93 67 20 9 2 1 2 2 2 1 1 5024 317 22 52 28381
 ... : 148 93 67 20 9 2 1 2 2 2 1 1 5051 318 22 52 28688
 ... : 148 93 67 20 9 2 1 2 2 2 1 1 5051 318 22 52 29000
 ... : 148 93 67 20 9 2 1 2 2 2 1 1 5051 318 22 52 29605
 ... : 148 93 67 20 9 2 1 2 2 2 1 1 5061 318 22 52 29713
 ... : 148 93 67 20 9 2 1 2 2 2 1 1 5061 318 22 52 30094
 ... : 148 93 67 20 9 2 1 2 2 2 1 1 5064 318 22 52 30760
 ... : 148 93 67 20 9 2 1 2 2 2 1 1 5065 318 22 52 31137
 ... : 148 93 67 20 9 2 1 2 2 2 1 1 5065 318 22 52 31386
 ... : 148 93 67 20 9 2 1 2 2 2 1 1 5089 318 22 52 31771
 ... : 148 93 67 20 9 2 1 2 2 2 1 1 5089 318 22 52 31912
 ... : 148 93 67 20 9 2 1 2 2 2 1 1 5092 318 22 52 32091
 ... : 148 93 67 20 9 2 1 2 2 2 1 1 5099 318 22 52 32443
 ... : 148 93 67 20 9 2 1 2 2 2 1 1 5105 318 22 52 32636
 ... : 148 93 67 20 9 2 1 2 2 2 1 1 5137 321 22 52 33219
 ... : 148 93 67 20 9 2 1 2 2 2 1 1 5137 321 22 52 33482
