initialized model with 598 latches, 244 inputs and 1 properties
tsim: performed 14 steps
tsim: found cycle from 12
checking bound 0
checking bound 1
checking bound 2
tdecomp: unrolling 2 cycles
tsim: performed 12 steps
tsim: found cycle from 10
tsim: found 1 constants and 0 latch equivalences
tdecomp: (598, 976) -> (597, 445)
 ... : 200
   2 : 248 98
 ... : 627 294
   3 : 644 297 166
 ... : 663 697 355
 ... : 658 1314 556
 ... : 705 1683 685
   4 : 682 1681 715 243
 ... : 682 1676 1151 448
 ... : 686 1698 1689 611
 ... : 685 1795 2324 755
 ... : 708 1938 3020 848
 ... : 712 2039 3932 1011
 ... : 741 2235 4681 1104
 ... : 772 2464 5225 1194
 ... : 780 2669 6015 1284
 ... : 780 2684 6490 1439
 ... : 780 2752 7170 1591
 ... : 780 2794 7883 1770
 ... : 796 2944 8452 1890
 ... : 795 2958 9101 2063
 ... : 795 2969 9661 2248
 ... : 795 2975 10322 2450
 ... : 795 2995 11066 2636
 ... : 794 3025 11630 2805
   5 : 764 2879 10536 3173 787
 ... : 764 2886 10541 3628 980
 ... : 764 2885 10547 4070 1173
 ... : 764 2885 10553 4632 1363
 ... : 764 2886 10600 5706 1526
 ... : 776 2897 10713 6376 1678
 ... : 776 2896 10764 7348 1833
 ... : 775 2894 10876 7779 1948
 ... : 775 2901 11184 8665 2013
 ... : 775 2921 11591 9478 2077
 ... : 774 2953 11791 10164 2144
 ... : 790 3006 12011 10639 2198
 ... : 790 3006 12402 11439 2265
 ... : 790 3009 12505 12074 2394
 ... : 790 3009 12610 12705 2561
 ... : 790 3009 12665 13424 2766
 ... : 790 3049 12999 14118 2833
 ... : 793 3113 13379 14669 2889
