initialized model with 338 latches, 9 inputs and 1 properties
tsim: reached all X state
tsim: performed 5 steps
checking bound 0
checking bound 1
checking bound 2
tdecomp: unrolling 2 cycles
tsim: reached all X state
tsim: performed 3 steps
tdecomp: no improvement found, reverting original model
   2 : 21 5
   3 : 2 21 5
   4 : 2 24 21 1
 ... : 3 33 40 32
   5 : 2 32 77 79 24
 ... : 3 40 95 123 85
 ... : 4 44 107 161 139
   6 : 4 51 116 144 109 109
 ... : 4 51 116 142 114 197
   7 : 4 52 121 145 79 101 156
 ... : 4 52 122 136 80 129 191
   8 : 4 52 110 124 69 94 89 213
 ... : 4 54 120 124 71 98 107 239
 ... : 4 54 123 138 90 104 147 251
 ... : 4 54 123 151 104 114 182 264
 ... : 4 54 123 166 122 123 218 277
 ... : 4 54 124 169 125 125 214 347
   9 : 4 54 123 166 80 116 162 166 280
 ... : 4 54 124 178 93 129 182 194 299
 ... : 4 54 124 199 121 141 199 204 309
 ... : 4 54 124 217 148 151 215 223 318
 ... : 4 54 124 237 175 163 235 232 328
 ... : 4 54 126 244 175 155 240 292 338
 ... : 4 56 135 255 193 165 256 312 352
 ... : 4 56 137 266 223 194 272 325 365
 ... : 4 56 137 276 253 223 284 342 377
 ... : 4 56 137 280 260 232 307 399 390
 ... : 4 56 137 280 258 234 320 432 436
 ... : 4 56 137 281 257 231 319 448 517
 ... : 4 56 137 277 253 235 328 445 582
 ... : 4 56 137 277 251 231 336 465 671
 ... : 4 57 144 293 269 247 353 482 684
 ... : 4 57 144 311 293 278 368 499 696
 ... : 4 57 145 333 312 301 381 515 713
 ... : 4 57 145 340 315 305 391 578 720
 ... : 4 57 145 340 314 308 398 560 806
 ... : 4 57 145 340 314 308 404 569 847
  10 : 4 57 141 275 298 284 212 214 365 987
 ... : 4 60 155 288 295 277 230 225 382 1001
 ... : 4 60 159 296 317 302 248 233 390 1011
 ... : 4 61 167 304 330 317 263 245 401 1026
 ... : 4 61 166 300 322 311 252 244 436 1058
 ... : 4 61 172 302 329 317 276 253 459 1069
 ... : 4 61 176 302 328 321 291 268 488 1079
 ... : 4 61 176 302 328 316 281 270 537 1094
 ... : 4 62 180 314 331 323 299 278 557 1104
 ... : 4 62 180 335 350 342 316 285 572 1116
 ... : 4 62 182 352 356 356 332 309 595 1133
 ... : 4 62 182 356 357 357 335 318 640 1148
 ... : 4 63 191 378 362 356 356 325 651 1157
 ... : 4 63 193 383 364 363 376 347 681 1168
 ... : 4 63 193 383 366 362 371 360 725 1183
 ... : 4 63 199 384 350 352 401 378 746 1189
 ... : 4 63 200 390 354 365 423 399 778 1196
 ... : 4 63 202 392 355 367 424 440 811 1197
 ... : 4 63 202 392 355 367 425 413 839 1245
 ... : 4 63 203 403 365 376 447 434 856 1266
 ... : 4 63 203 410 373 393 467 455 874 1285
 ... : 4 63 203 410 373 391 474 445 886 1330
 ... : 4 63 203 411 374 391 476 438 833 1427
 ... : 4 63 203 414 386 394 493 456 857 1438
 ... : 4 63 203 414 386 400 491 472 888 1450
  11 : 4 63 201 405 365 339 401 271 331 588 1724
 ... : 4 63 202 411 373 346 414 285 336 603 1752
 ... : 4 63 203 419 378 351 427 311 342 611 1768
 ... : 4 63 203 420 378 351 431 322 375 623 1776
  12 : 4 63 203 419 379 340 412 290 313 579 508 1438
 ... : 4 63 204 425 390 348 425 301 320 584 525 1449
 ... : 4 63 204 434 399 357 442 332 330 589 536 1457
 ... : 4 63 204 434 400 357 440 327 347 614 553 1457
 ... : 4 63 204 435 404 359 445 327 346 618 590 1470
 ... : 4 63 204 436 409 375 486 351 355 630 594 1473
 ... : 4 63 204 438 415 384 509 393 360 641 604 1476
 ... : 4 63 204 438 415 384 505 353 368 691 636 1475
 ... : 4 63 204 440 421 391 514 364 374 692 664 1484
 ... : 4 63 205 454 448 415 534 372 382 701 670 1488
 ... : 4 63 205 460 453 423 548 376 390 721 682 1493
 ... : 4 63 205 460 453 423 550 373 388 723 719 1519
 ... : 4 63 206 467 458 430 566 384 391 724 739 1547
 ... : 4 63 206 470 466 439 583 392 395 737 756 1552
 ... : 4 63 206 470 466 440 581 393 387 739 781 1575
 ... : 4 63 207 473 472 452 612 417 399 749 788 1590
 ... : 4 63 207 475 475 455 620 421 394 768 810 1595
 ... : 4 63 207 480 486 465 634 432 401 769 821 1606
 ... : 4 63 207 485 495 468 647 432 403 785 841 1612
 ... : 4 63 207 487 497 474 667 440 405 793 877 1621
 ... : 4 63 207 491 501 476 682 463 438 809 888 1624
 ... : 4 63 207 491 501 476 682 456 411 814 946 1639
 ... : 4 63 207 491 501 473 678 451 405 800 959 1703
 ... : 4 63 207 499 509 484 699 473 420 811 964 1716
 ... : 4 63 207 502 514 493 714 473 425 820 978 1721
 ... : 4 63 207 502 518 498 727 491 437 829 1001 1724
 ... : 4 63 207 502 518 497 725 486 429 807 1024 1778
  13 : 4 63 207 492 491 411 588 421 209 345 554 573 2520
 ... : 4 63 209 501 503 418 603 434 213 356 558 575 2531
 ... : 4 63 209 501 504 421 601 435 218 367 574 589 2532
 ... : 4 63 209 504 509 425 608 443 217 363 586 616 2545
 ... : 4 63 209 506 509 427 609 451 229 374 603 624 2547
 ... : 4 63 209 506 509 427 605 451 222 363 604 666 2565
 ... : 4 63 211 510 516 433 623 463 226 375 624 672 2570
 ... : 4 63 211 512 520 436 629 467 230 371 624 695 2582
 ... : 4 63 212 520 527 439 629 478 243 376 629 699 2589
 ... : 4 63 212 525 537 450 636 487 245 381 633 699 2615
 ... : 4 63 212 527 540 451 641 489 253 378 626 697 2675
  14 : 4 63 212 520 531 443 377 368 223 164 229 441 669 3170
 ... : 4 63 212 520 532 449 379 371 229 168 238 448 683 3175
 ... : 4 63 212 520 532 449 378 366 221 154 221 447 723 3196
  15 : 4 63 212 521 533 447 360 259 158 87 68 261 398 628 3423
  16 : 4 63 212 521 533 446 360 255 132 71 91 196 303 604 693 2947
  17 : 4 63 212 521 533 445 359 255 131 57 63 135 178 411 576 927 2562
 ... : 4 63 212 521 533 445 359 255 124 45 53 130 174 413 591 945 2573
 ... : 4 63 212 521 533 445 359 255 123 43 51 128 169 407 585 966 2605
  18 : 4 63 212 521 533 444 359 256 110 19 41 77 96 357 501 571 629 2662
  19 : 4 63 212 521 533 444 359 256 108 15 2 0 208 364 501 570 637 2674 0
num_solve_calls = 528274
num_solve_sat_calls = 177222
num_solve_unsat_calls = 24326
num_solve_approx_calls = 210865
num_solve_approx_unsat_calls = 112538
num_solve_conflicts = 261264
num_solve_decisions = 25353221
num_solve_propagations = 205496991
avg_solve_conflicts = 1
avg_solve_decisions = 48
avg_solve_propagations = 389
avg_solve_unsat_decisions = 0.741
stddev_solve_unsat_decisions = 4.326
num_added_cubes = 50261
num_subsumed_cubes = 42790
num_mic_down_calls = 58295
num_mic_down_good = 13512
num_added_ctgs = 2640
num_gc_frame = 112
num_reset = 51
num_try_blocking = 234349
get_bad_cube_time = 2.161
rec_block_cube_time = 56.381
propagate_forward_time = 16.145
generalize_model_time = 10.334
generalize_and_push_time = 43.394
ctg_time = 16.752
try_blocking_time = 61.202
reset_time = 3.610
clausify_time = 2.540
preprocess_time = 2.232
solve_time = 58.940
solve_sat_time = 44.976
solve_unsat_time = 13.964
prove_time = 75.971
memory_used_mb = 18
total_time = 76.104
Safe
