initialized model with 97598 latches, 29540 inputs and 1 properties
tsim: performed 216 steps
tsim: found 21 constants and 13 latch equivalences
seqsimpl: (97598, 29540) -> (97564, 29540)
checking bound 0
checking bound 1
checking bound 2
tdecomp: unrolling 2 cycles
tsim: performed 216 steps
tsim: found 11 constants and 5 latch equivalences
seqsimpl: found 9 latch equivalences
tdecomp: (97564, 118160) -> (97539, 30786)
   2 : 9 0
   3 : 12 7 12
   4 : 13 9 14 9
   5 : 13 13 20 15 19
   6 : 13 13 20 12 16 18
 ... : 14 14 23 18 41 54
   7 : 13 12 13 11 22 31 58
   8 : 15 14 15 13 28 26 23 59
   9 : 15 14 15 13 28 20 20 40 48
  10 : 15 14 15 13 29 20 20 18 10 95
 ... : 14 14 15 14 32 26 30 36 33 150
  11 : 14 13 14 13 29 21 20 30 26 28 140
  12 : 14 13 14 13 29 20 21 27 29 38 18 169
 ... : 14 13 14 13 28 18 20 29 37 49 46 193
  13 : 14 13 14 13 28 18 16 27 25 26 32 20 210
  14 : 14 13 14 13 28 18 16 27 25 26 32 20 31 179
  15 : 14 13 14 13 28 18 16 27 25 30 38 34 35 19 227
  16 : 14 13 14 13 28 18 16 27 25 30 38 34 35 19 33 197
 ... : 14 13 14 13 29 17 15 20 21 34 44 36 38 22 85 224
 ... : 14 13 14 13 29 17 14 19 22 37 52 52 51 26 115 247
  17 : 14 13 14 13 29 17 14 18 19 33 44 50 51 28 49 37 324
 ... : 14 13 14 13 29 17 14 18 22 36 49 56 61 35 57 45 346
  18 : 14 13 14 13 29 17 13 16 18 31 28 35 22 15 29 25 30 409
 ... : 14 13 14 13 29 17 13 16 21 37 58 60 44 26 34 26 37 460
 ... : 14 13 14 13 29 17 13 17 22 38 55 70 57 30 58 39 60 482
 ... : 14 13 14 13 29 17 13 16 21 42 59 80 71 46 70 51 72 497
 ... : 14 13 14 13 29 17 13 16 21 42 56 78 74 49 85 59 82 522
 ... : 14 13 14 13 29 17 13 16 21 42 58 76 70 47 84 62 119 552
 ... : 14 13 14 13 29 17 13 16 24 48 59 86 73 53 92 74 135 562
