initialized model with 151 latches, 49 inputs and 1 properties
tsim: performed 11 steps
tsim: found cycle from 9
checking bound 0
checking bound 1
checking bound 2
tdecomp: unrolling 2 cycles
tsim: performed 9 steps
tsim: found cycle from 7
tsim: found 1 constants and 0 latch equivalences
tdecomp: (151, 196) -> (150, 97)
   2 : 7 2
   3 : 8 6 1
   4 : 7 5 4 3
 ... : 63 35 39 48
 ... : 98 91 163 91
 ... : 139 120 205 137
 ... : 185 166 258 180
 ... : 214 199 265 201
   5 : 198 215 220 154 154
 ... : 210 231 243 186 216
 ... : 242 273 285 260 278
 ... : 275 299 317 331 333
   6 : 259 279 303 246 249 207
 ... : 268 296 320 267 361 310
 ... : 274 317 351 318 505 362
 ... : 273 322 360 353 581 425
   7 : 233 277 373 388 471 389 291
 ... : 233 281 380 394 492 506 395
 ... : 234 285 383 406 527 590 480
 ... : 252 298 396 425 558 721 571
   8 : 243 290 391 425 517 601 454 348
 ... : 243 290 391 426 518 614 614 491
 ... : 243 290 392 427 525 643 778 615
 ... : 243 290 392 432 535 685 899 670
 ... : 243 290 393 439 553 720 963 741
   9 : 237 274 383 414 527 658 678 597 453
 ... : 238 276 384 415 530 660 678 770 565
 ... : 239 279 392 424 534 665 687 777 595
 ... : 239 277 392 431 540 668 697 858 686
 ... : 239 277 388 429 545 698 732 1015 764
 ... : 239 276 385 425 556 731 786 1172 844
 ... : 239 273 380 427 581 759 845 1362 960
  10 : 232 258 331 332 399 597 703 1228 765 652
 ... : 232 258 333 336 407 607 722 1260 1225 790
 ... : 232 258 333 342 429 632 743 1298 1462 866
 ... : 231 261 340 351 440 639 756 1337 1629 934
 ... : 231 262 345 361 463 680 796 1369 1771 977
 ... : 231 262 345 361 473 702 817 1410 2020 1046
 ... : 231 262 344 363 475 706 828 1431 2195 1122
 ... : 231 262 343 367 490 722 857 1486 2370 1188
 ... : 231 262 342 365 494 723 864 1507 2588 1282
 ... : 231 262 341 364 503 746 880 1539 2709 1335
  11 : 222 234 260 279 298 445 488 1329 1884 1434 985
 ... : 223 235 261 280 299 446 488 1334 1915 1598 1079
 ... : 224 236 262 282 302 448 484 1337 1957 1682 1135
 ... : 224 236 262 281 304 453 487 1342 2024 1879 1252
 ... : 224 236 262 281 304 452 487 1347 2055 2119 1366
  12 : 222 235 261 279 294 429 444 1285 1776 1711 993 1030
 ... : 222 235 261 279 294 429 444 1290 1825 1787 1207 1145
 ... : 222 235 261 279 294 429 444 1290 1878 1894 1494 1254
 ... : 222 235 261 279 293 423 443 1290 1908 1996 1860 1372
  13 : 218 230 249 260 245 346 367 1257 1686 1643 1624 955 1120
 ... : 218 230 249 260 245 346 367 1257 1710 1714 1686 1058 1251
 ... : 218 230 249 260 245 346 367 1258 1731 1777 1807 1251 1356
 ... : 218 231 254 266 249 350 374 1268 1762 1834 1884 1375 1413
 ... : 218 231 254 266 249 351 375 1272 1789 1862 1926 1402 1457
 ... : 218 231 254 270 255 357 377 1285 1826 1932 2022 1461 1516
 ... : 217 230 252 268 250 350 367 1276 1840 2013 2168 1638 1671
 ... : 216 230 252 271 253 353 371 1281 1848 2065 2261 1736 1752
 ... : 213 228 250 270 260 358 377 1303 1867 2093 2282 1755 1780
 ... : 213 228 251 271 262 364 382 1321 1904 2142 2371 1839 1806
 ... : 213 228 250 269 260 362 381 1326 1918 2160 2411 1897 1869
 ... : 213 230 255 271 261 366 390 1341 1942 2185 2438 1907 1899
 ... : 213 230 256 274 266 376 401 1349 1954 2225 2527 2084 2002
 ... : 213 230 256 274 266 375 399 1346 1973 2281 2606 2292 2106
 ... : 213 230 256 274 266 375 399 1346 1989 2330 2698 2499 2207
 ... : 213 230 256 274 266 374 399 1346 1991 2376 2838 2801 2330
 ... : 212 230 256 274 266 374 398 1349 2001 2428 2949 3003 2494
 ... : 212 229 256 274 265 373 398 1348 2022 2483 3077 3186 2598
 ... : 212 229 256 274 265 373 398 1348 2044 2523 3221 3443 2715
 ... : 212 229 256 274 265 373 398 1348 2047 2549 3317 3615 2820
 ... : 212 229 256 274 265 373 398 1348 2067 2585 3395 3806 2936
  14 : 201 225 241 251 224 298 266 1285 1788 2333 3010 3388 1645 2725
 ... : 201 225 241 251 224 298 264 1289 1802 2360 3057 3470 1813 2845
 ... : 201 225 241 251 224 298 263 1286 1806 2377 3083 3509 1925 2942
 ... : 201 225 241 251 224 298 263 1286 1812 2390 3146 3641 2112 3068
 ... : 201 225 241 251 224 298 263 1286 1816 2443 3207 3738 2335 3225
 ... : 201 225 241 251 224 298 263 1286 1842 2478 3294 3892 2548 3366
 ... : 201 225 241 251 224 298 263 1286 1850 2493 3344 3975 2758 3487
 ... : 201 225 241 251 224 298 263 1286 1854 2544 3447 4114 2960 3577
 ... : 201 225 241 251 224 298 263 1286 1858 2553 3467 4192 3133 3699
 ... : 200 225 240 250 222 298 263 1286 1855 2562 3527 4291 3293 3803
 ... : 200 225 240 250 222 298 263 1286 1860 2586 3566 4420 3521 3907
 ... : 200 225 240 250 222 298 263 1286 1866 2601 3642 4535 3735 4029
 ... : 200 225 240 250 222 298 263 1286 1853 2604 3678 4644 3960 4135
 ... : 200 225 240 250 222 298 263 1286 1862 2628 3728 4762 4092 4215
 ... : 200 225 240 250 222 298 263 1286 1861 2637 3749 4808 4295 4323
 ... : 200 225 240 250 222 298 263 1286 1862 2652 3797 4887 4486 4399
 ... : 200 225 240 250 222 298 263 1286 1864 2665 3833 4936 4739 4529
 ... : 200 225 240 250 222 298 263 1286 1865 2678 3887 5069 5035 4668
 ... : 200 225 240 250 222 298 263 1286 1865 2685 3919 5110 5216 4799
 ... : 200 225 240 250 222 298 263 1286 1870 2706 3979 5180 5418 4888
 ... : 200 225 239 250 222 298 262 1285 1866 2725 4014 5246 5597 4996
  15 : 196 217 223 215 189 232 170 1234 1587 2274 3347 4284 4554 2935 4625
 ... : 196 217 223 215 189 232 170 1234 1586 2282 3366 4308 4598 3122 4811
 ... : 196 217 223 215 189 232 170 1234 1586 2284 3394 4369 4681 3322 4913
 ... : 196 217 223 215 189 232 170 1234 1586 2289 3432 4417 4761 3526 5023
 ... : 196 217 223 215 189 232 170 1234 1587 2292 3461 4492 4843 3636 5163
 ... : 196 217 223 215 189 232 170 1234 1588 2300 3496 4566 4898 3811 5271
 ... : 196 217 223 215 189 232 170 1234 1588 2305 3534 4653 5019 4054 5425
 ... : 196 217 223 215 189 232 170 1234 1588 2314 3556 4722 5110 4237 5555
 ... : 196 217 223 215 189 232 170 1234 1588 2313 3566 4774 5173 4444 5716
 ... : 196 217 223 215 189 232 170 1234 1591 2342 3632 4842 5287 4653 5846
 ... : 196 217 223 215 189 232 170 1234 1591 2355 3665 4923 5406 4798 5957
 ... : 196 217 223 215 189 232 170 1234 1591 2365 3687 4969 5471 4900 6080
 ... : 196 217 223 215 189 232 170 1234 1591 2373 3711 5018 5542 5108 6226
 ... : 196 217 223 215 189 232 170 1234 1591 2378 3740 5075 5633 5367 6366
 ... : 196 217 223 215 189 232 170 1234 1591 2385 3754 5121 5754 5606 6516
 ... : 196 217 223 215 189 232 170 1234 1597 2388 3757 5137 5781 5700 6567
 ... : 196 217 223 215 189 232 170 1234 1605 2395 3776 5181 5860 5880 6648
 ... : 196 217 223 215 189 232 170 1234 1605 2403 3786 5218 5918 6021 6755
 ... : 196 217 223 215 189 232 170 1234 1605 2411 3803 5261 5961 6184 6842
 ... : 196 217 223 215 189 232 170 1234 1605 2413 3834 5326 6044 6358 6959
 ... : 196 217 223 215 189 232 170 1234 1605 2420 3854 5334 6059 6470 7041
 ... : 196 217 223 215 189 232 170 1234 1609 2422 3860 5350 6094 6586 7135
 ... : 196 217 223 215 189 232 170 1234 1609 2423 3873 5388 6170 6771 7238
 ... : 196 217 223 215 189 232 170 1234 1610 2432 3894 5427 6202 6885 7316
 ... : 196 217 223 215 189 232 170 1234 1617 2442 3911 5453 6287 7065 7420
 ... : 196 217 223 215 189 232 170 1234 1619 2445 3920 5496 6335 7179 7536
 ... : 196 217 223 215 189 232 170 1234 1619 2449 3924 5523 6381 7304 7636
  16 : 195 217 220 211 189 232 168 1228 1544 2335 3661 5122 5852 6206 3937 5858
 ... : 195 217 220 211 189 232 168 1228 1544 2335 3665 5133 5865 6258 4085 5974
 ... : 195 217 220 211 189 232 168 1228 1548 2337 3666 5142 5894 6331 4241 6056
 ... : 195 217 220 211 189 232 168 1228 1550 2338 3687 5154 5906 6388 4429 6171
 ... : 195 217 220 211 189 232 168 1228 1550 2345 3715 5188 5959 6447 4545 6237
 ... : 195 217 220 211 189 232 168 1228 1550 2345 3724 5222 6049 6549 4679 6318
 ... : 195 217 220 211 189 232 168 1228 1550 2347 3728 5256 6088 6617 4878 6416
 ... : 195 217 220 211 189 232 168 1228 1552 2353 3744 5298 6149 6679 5019 6501
 ... : 195 217 220 211 189 232 168 1228 1552 2353 3748 5311 6192 6773 5219 6610
 ... : 195 217 220 211 189 232 168 1228 1552 2353 3751 5325 6225 6837 5390 6721
 ... : 195 217 220 211 189 232 168 1228 1552 2355 3756 5345 6251 6904 5588 6805
 ... : 195 217 220 211 189 232 168 1228 1552 2355 3756 5351 6280 6951 5746 6926
 ... : 195 217 220 211 189 232 168 1228 1552 2355 3758 5362 6314 7037 5953 7032
