initialized model with 18833 latches, 579 inputs and 1 properties
tsim: performed 220 steps
tsim: found 1787 constants and 14 latch equivalences
seqsimpl: found 1 latch equivalences
seqsimpl: (18833, 579) -> (16386, 416)
checking bound 0
checking bound 1
checking bound 2
tdecomp: unrolling 2 cycles
tsim: performed 68 steps
tsim: found cycle from 47
tsim: found 1 constants and 5 latch equivalences
tdecomp: (16386, 1664) -> (16380, 416)
 ... : 200
   2 : 224 29
   3 : 17 208 30
   4 : 3 216 55 29
 ... : 4 219 75 98
 ... : 5 219 110 134
   5 : 3 220 115 96 31
 ... : 3 220 115 112 196
   6 : 3 220 115 100 171 56
 ... : 3 220 115 106 194 142
 ... : 3 220 115 111 218 213
 ... : 3 220 115 111 248 248
 ... : 3 220 115 111 279 287
 ... : 3 220 115 111 313 344
   7 : 3 219 112 98 61 16 660
   8 : 3 219 112 98 61 16 20 642
 ... : 3 219 112 98 61 16 20 693
   9 : 3 219 112 98 60 16 20 169 544
 ... : 3 219 112 99 60 16 23 202 598
 ... : 3 219 112 103 67 28 36 215 672
 ... : 3 219 112 104 77 40 56 239 743
 ... : 3 219 112 104 89 57 76 299 799
 ... : 3 219 112 104 89 70 111 372 897
 ... : 3 219 112 103 90 76 134 431 966
 ... : 3 219 112 102 94 80 147 459 1010
 ... : 3 219 112 104 101 86 153 462 1062
 ... : 3 219 117 103 101 86 159 466 1111
  10 : 3 217 115 88 74 60 72 60 78 1390
  11 : 3 217 115 88 73 60 70 53 75 117 1283
  12 : 3 217 115 88 73 59 71 53 75 117 156 1127
  13 : 3 217 115 88 73 59 71 53 75 117 156 105 1022
  14 : 3 217 115 88 73 59 70 49 75 110 112 90 177 930
 ... : 3 217 115 88 73 59 70 49 75 110 115 139 213 1005
 ... : 3 217 115 88 71 58 70 49 75 110 114 136 235 1121
  15 : 3 217 115 88 71 58 67 48 75 105 104 118 90 202 1078
 ... : 3 217 115 88 71 58 67 48 75 105 106 128 100 211 1176
 ... : 3 217 115 88 71 58 67 48 75 107 111 139 117 230 1264
 ... : 3 217 115 88 71 58 67 48 75 107 110 140 114 236 1369
 ... : 3 217 115 88 71 58 67 48 75 107 112 146 123 244 1489
 ... : 3 217 115 88 71 58 67 48 75 107 112 146 123 244 1623
 ... : 3 217 115 88 71 58 67 50 76 109 114 152 132 253 1704
  16 : 3 217 115 88 71 58 67 51 75 110 114 151 81 81 72 1770
 ... : 3 217 115 88 71 58 67 51 75 109 114 151 83 89 84 1869
 ... : 3 217 115 88 70 58 67 51 75 109 114 151 86 99 101 1966
  17 : 3 217 115 88 70 57 63 51 74 98 107 141 70 54 92 91 1947
 ... : 3 217 115 88 70 57 63 51 74 98 107 141 70 56 94 95 2091
 ... : 3 217 115 88 70 57 63 51 74 98 107 141 70 56 99 107 2238
 ... : 3 217 115 88 70 57 63 51 74 98 107 141 70 56 100 109 2358
 ... : 3 217 115 88 70 57 63 51 74 98 107 141 70 56 100 109 2459
 ... : 3 217 115 88 70 57 63 51 74 98 107 141 70 62 103 116 2594
 ... : 3 217 115 88 70 57 63 51 74 98 107 141 70 62 114 139 2715
 ... : 3 217 115 88 70 57 63 51 74 97 107 140 69 78 142 161 2844
 ... : 3 217 115 88 70 57 63 51 74 97 107 140 72 83 147 168 2945
 ... : 3 217 115 88 70 57 63 51 74 97 107 140 72 87 148 172 3044
 ... : 3 217 115 88 70 57 63 51 74 97 107 140 74 98 158 187 3122
 ... : 3 217 115 88 70 57 63 51 74 97 107 140 79 111 180 201 3216
 ... : 3 217 115 88 70 57 63 51 74 97 107 139 79 111 183 226 3327
 ... : 3 217 115 88 70 57 63 51 74 97 106 142 78 102 164 264 3414
 ... : 3 217 115 88 70 57 63 51 74 97 106 142 80 111 172 267 3508
  18 : 3 216 115 88 55 57 60 48 72 98 105 139 69 69 119 216 199 3567
 ... : 3 216 115 88 55 57 60 48 72 98 105 139 69 77 129 230 237 3690
 ... : 3 216 115 88 55 57 60 48 72 98 105 138 71 91 138 236 297 3801
 ... : 3 216 115 88 55 57 60 48 72 98 105 138 71 95 138 251 331 3763
  19 : 3 216 115 87 55 58 59 48 72 98 105 133 68 67 80 83 133 186 3867
  20 : 3 216 115 87 55 58 59 47 64 106 106 133 67 66 72 66 76 143 278 3793
 ... : 3 216 115 87 55 58 59 47 64 106 106 133 67 66 72 66 79 158 302 3872
 ... : 3 216 115 87 55 58 59 47 64 106 106 133 67 65 70 69 92 187 319 3983
 ... : 3 216 115 87 55 58 59 47 64 106 106 133 67 65 70 70 97 205 351 4056
 ... : 3 216 115 87 55 58 59 47 64 106 106 133 66 64 70 71 101 226 385 4149
 ... : 3 216 115 87 55 58 59 47 64 106 106 133 66 64 70 76 103 228 410 4250
  21 : 3 216 115 87 55 58 59 47 64 106 104 133 61 58 61 71 83 150 335 357 4066
 ... : 3 216 115 87 55 58 59 47 64 106 104 133 61 58 61 75 85 152 365 437 4158
 ... : 3 216 115 87 55 58 59 47 64 106 104 133 61 58 61 78 90 160 411 490 4220
 ... : 3 216 115 87 55 58 59 47 64 106 104 133 61 58 62 79 95 169 440 519 4301
 ... : 3 216 115 87 55 58 59 47 64 106 104 133 61 58 62 79 97 173 457 583 4394
 ... : 3 216 115 87 55 58 59 47 64 106 104 133 61 58 62 80 97 173 485 662 4521
 ... : 3 216 115 87 55 58 59 47 64 106 104 133 61 58 63 82 100 180 533 729 4641
 ... : 3 216 115 87 55 58 59 47 64 106 104 133 61 58 63 86 106 189 568 778 4707
 ... : 3 216 115 87 55 58 59 47 64 106 104 133 61 57 61 77 99 169 543 774 4762
 ... : 3 216 115 87 55 58 59 47 64 106 104 133 61 56 61 76 95 169 546 809 4855
 ... : 3 216 115 87 55 58 59 47 64 106 104 133 61 56 61 76 100 170 562 853 4943
 ... : 3 216 115 87 55 58 59 47 64 106 104 133 61 57 66 83 114 181 573 894 5006
 ... : 3 216 115 87 55 58 59 47 64 106 104 133 61 57 66 83 127 190 585 914 5096
 ... : 3 216 115 87 55 58 59 47 64 106 104 133 61 57 66 83 128 195 596 950 5177
 ... : 3 216 115 87 55 58 59 47 64 106 104 133 61 72 91 93 142 202 626 983 5228
 ... : 3 216 115 87 55 58 59 47 64 106 104 133 61 73 96 101 149 212 652 1031 5290
 ... : 3 216 115 87 55 58 59 47 64 106 104 133 61 73 96 104 154 219 688 1058 5369
 ... : 3 216 115 87 55 58 59 47 64 106 104 133 62 71 93 118 162 225 710 1105 5435
 ... : 3 216 115 87 55 58 59 47 64 106 104 133 62 71 93 117 162 231 739 1153 5502
 ... : 3 216 115 87 55 58 59 47 64 106 104 133 62 71 93 117 162 229 760 1211 5591
 ... : 3 216 115 87 55 58 59 47 64 106 104 133 62 71 93 129 179 230 767 1332 5689
 ... : 3 216 115 87 55 58 59 47 64 106 104 133 62 71 95 130 184 231 769 1459 5787
 ... : 3 216 115 87 55 58 59 47 64 106 104 133 62 72 111 147 204 241 777 1604 5928
 ... : 3 216 115 87 55 58 59 47 64 106 104 133 62 79 120 153 208 244 777 1638 6051
  22 : 3 216 115 87 55 57 60 45 64 103 105 131 59 73 93 95 136 141 283 557 797 6657
 ... : 3 216 115 87 55 57 60 45 64 103 105 131 59 72 93 95 136 141 288 569 818 6823
 ... : 3 216 115 87 55 57 60 45 64 103 105 131 59 72 93 95 136 140 289 592 872 6974
 ... : 3 216 115 87 55 57 60 45 64 103 105 131 59 72 93 98 137 141 290 649 1010 7122
 ... : 3 216 115 87 55 57 60 45 64 103 105 131 59 72 93 98 137 141 290 685 1096 7241
 ... : 3 216 115 87 55 57 60 45 64 103 105 131 59 78 106 99 139 143 291 723 1179 7440
 ... : 3 216 115 87 55 57 60 45 64 103 105 131 59 81 110 101 139 143 294 753 1243 7570
 ... : 3 216 115 87 55 57 60 45 64 103 105 131 59 81 112 102 138 144 295 844 1329 7639
 ... : 3 216 115 87 55 57 60 45 64 103 105 131 59 81 111 101 138 145 299 864 1382 7708
 ... : 3 216 115 87 55 57 60 45 64 103 105 131 59 81 115 105 141 148 305 884 1417 7826
 ... : 3 216 115 87 55 57 60 45 64 103 105 131 59 81 120 116 156 162 312 912 1514 7955
 ... : 3 216 115 87 55 57 60 45 64 103 105 131 59 84 123 117 158 167 323 944 1576 8133
