initialized model with 598 latches, 245 inputs and 1 properties
tsim: performed 14 steps
tsim: found cycle from 12
checking bound 0
checking bound 1
checking bound 2
tdecomp: unrolling 2 cycles
tsim: performed 12 steps
tsim: found cycle from 10
tsim: found 1 constants and 0 latch equivalences
tdecomp: (598, 980) -> (597, 448)
 ... : 200
 ... : 401
 ... : 602
 ... : 803
 ... : 1004
   2 : 949 164
 ... : 1281 366
 ... : 1560 514
 ... : 1883 646
 ... : 2223 804
 ... : 2480 956
 ... : 2751 1125
 ... : 3070 1286
 ... : 3380 1448
 ... : 3686 1561
 ... : 3985 1730
 ... : 4290 1911
 ... : 4478 2105
 ... : 4702 2305
   3 : 3799 2651 619
 ... : 3802 3111 806
 ... : 3801 3589 1007
 ... : 3798 3916 1203
 ... : 3821 4216 1314
 ... : 3913 4486 1370
 ... : 4020 4861 1426
 ... : 4031 5254 1598
 ... : 4050 5649 1776
 ... : 4256 6300 1865
 ... : 4390 7015 1948
 ... : 4529 7657 2012
 ... : 4677 8244 2081
 ... : 4793 8796 2206
 ... : 4843 9203 2317
 ... : 4856 9658 2487
 ... : 4905 10131 2631
 ... : 4979 10610 2716
