initialized model with 58 latches, 60 inputs and 1 properties
tsim: reached all X state
tsim: performed 6 steps
checking bound 0
checking bound 1
checking bound 2
tdecomp: unrolling 2 cycles
tsim: reached all X state
tsim: performed 4 steps
tdecomp: no improvement found, reverting original model
   2 : 9 16
   3 : 11 3 14
   4 : 11 7 29 46
   5 : 11 7 32 3 90
   6 : 11 7 32 3 0 90
completing final invariant with sub-IC3 call...
num_solve_calls = 3922
num_solve_sat_calls = 1178
num_solve_unsat_calls = 236
num_solve_approx_calls = 1288
num_solve_approx_unsat_calls = 768
num_solve_conflicts = 47113
num_solve_decisions = 201608
num_solve_propagations = 7815470
avg_solve_conflicts = 13
avg_solve_decisions = 52
avg_solve_propagations = 1993
avg_solve_unsat_decisions = 1.064
stddev_solve_unsat_decisions = 7.254
num_added_cubes = 400
num_subsumed_cubes = 257
num_mic_down_calls = 388
num_mic_down_good = 102
num_added_ctgs = 10
num_gc_frame = 21
num_reset = 0
num_try_blocking = 1409
get_bad_cube_time = 1.933
rec_block_cube_time = 0.209
propagate_forward_time = 0.044
generalize_model_time = 0.226
generalize_and_push_time = 0.200
ctg_time = 0.077
try_blocking_time = 0.250
reset_time = 0.000
clausify_time = 0.304
preprocess_time = 0.007
solve_time = 2.185
solve_sat_time = 0.944
solve_unsat_time = 1.241
prove_time = 2.553
memory_used_mb = 11
total_time = 2.845
Safe
