initialized model with 12781 latches, 713 inputs and 1 properties
tsim: performed 227 steps
tsim: found 0 constants and 1 latch equivalences
seqsimpl: (12781, 713) -> (12780, 713)
checking bound 0
checking bound 1
checking bound 2
tdecomp: unrolling 2 cycles
tsim: performed 225 steps
tsim: found 2 constants and 0 latch equivalences
seqsimpl: found 48 latch equivalences
tdecomp: (12780, 2852) -> (12729, 1295)
   2 : 1 0
   3 : 1 1 0
   4 : 1 1 1 0
   5 : 1 1 1 1 0
   6 : 1 1 1 1 1 0
   7 : 1 1 1 1 1 1 0
   8 : 1 1 1 1 1 1 1 0
   9 : 1 1 1 1 1 1 1 1 0
  10 : 1 1 1 1 1 1 1 1 1 0
  11 : 1 1 1 1 1 1 1 1 1 1 0
  12 : 1 1 1 1 1 1 1 1 1 1 1 1
  13 : 1 1 1 1 1 1 1 1 1 1 1 1 1
 ... : 1 1 1 1 1 1 1 1 1 1 1 5 138
 ... : 1 1 1 1 1 1 1 1 1 1 1 5 282
 ... : 1 1 1 1 1 1 1 1 1 1 1 5 408
 ... : 1 1 1 1 1 1 1 1 1 1 1 6 513
 ... : 1 1 1 1 1 1 1 1 1 1 1 6 623
 ... : 1 1 1 1 1 1 1 1 1 1 1 6 741
 ... : 1 1 1 1 1 1 1 1 1 1 1 6 859
 ... : 1 1 1 1 1 1 1 1 1 1 1 6 981
 ... : 1 1 1 1 1 1 1 1 1 1 1 8 1112
 ... : 1 1 1 1 1 1 1 1 1 1 1 8 1199
 ... : 1 1 1 1 1 1 1 1 1 1 1 8 1276
 ... : 1 1 1 1 1 1 1 1 1 1 1 8 1380
 ... : 1 1 1 1 1 1 1 1 1 1 1 8 1497
 ... : 1 1 1 1 1 1 1 1 1 1 1 8 1614
 ... : 1 1 1 1 1 1 1 1 1 1 1 8 1715
 ... : 1 1 1 1 1 1 1 1 1 1 1 9 1824
 ... : 1 1 1 1 1 1 1 1 1 1 1 9 1935
 ... : 1 1 1 1 1 1 1 1 1 1 1 9 2079
 ... : 1 1 1 1 1 1 1 1 1 1 1 9 2237
 ... : 1 1 1 1 1 1 1 1 1 1 1 10 2359
 ... : 1 1 1 1 1 1 1 1 1 1 1 10 2484
 ... : 1 1 1 1 1 1 1 1 1 1 1 10 2593
 ... : 1 1 1 1 1 1 1 1 1 1 1 11 2706
 ... : 1 1 1 1 1 1 1 1 1 1 1 11 2811
 ... : 1 1 1 1 1 1 1 1 1 1 1 11 2940
 ... : 1 1 1 1 1 1 1 1 1 1 1 11 3042
 ... : 1 1 1 1 1 1 1 1 1 1 1 11 3145
 ... : 1 1 1 1 1 1 1 1 1 1 1 11 3252
 ... : 1 1 1 1 1 1 1 1 1 1 1 11 3363
 ... : 1 1 1 1 1 1 1 1 1 1 1 11 3487
 ... : 1 1 1 1 1 1 1 1 1 1 1 11 3592
 ... : 1 1 1 1 1 1 1 1 1 1 1 11 3680
 ... : 1 1 1 1 1 1 1 1 1 1 1 11 3773
 ... : 1 1 1 1 1 1 1 1 1 1 1 11 3901
 ... : 1 1 1 1 1 1 1 1 1 1 1 11 4021
 ... : 1 1 1 1 1 1 1 1 1 1 1 11 4141
 ... : 1 1 1 1 1 1 1 1 1 1 1 11 4256
 ... : 1 1 1 1 1 1 1 1 1 1 1 11 4355
 ... : 1 1 1 1 1 1 1 1 1 1 1 11 4472
 ... : 1 1 1 1 1 1 1 1 1 1 1 11 4583
 ... : 1 1 1 1 1 1 1 1 1 1 1 11 4718
 ... : 1 1 1 1 1 1 1 1 1 1 1 11 4824
 ... : 1 1 1 1 1 1 1 1 1 1 1 11 4937
 ... : 1 1 1 1 1 1 1 1 1 1 1 11 5034
 ... : 1 1 1 1 1 1 1 1 1 1 1 11 5132
 ... : 1 1 1 1 1 1 1 1 1 1 1 12 5251
 ... : 1 1 1 1 1 1 1 1 1 1 1 12 5353
 ... : 1 1 1 1 1 1 1 1 1 1 1 12 5488
 ... : 1 1 1 1 1 1 1 1 1 1 1 13 5653
 ... : 1 1 1 1 1 1 1 1 1 1 1 15 5804
 ... : 1 1 1 1 1 1 1 1 1 1 1 15 5949
 ... : 1 1 1 1 1 1 1 1 1 1 1 15 6105
 ... : 1 1 1 1 1 1 1 1 1 1 1 15 6210
 ... : 1 1 1 1 1 1 1 1 1 1 1 15 6327
 ... : 1 1 1 1 1 1 1 1 1 1 1 15 6440
 ... : 1 1 1 1 1 1 1 1 1 1 1 15 6558
 ... : 1 1 1 1 1 1 1 1 1 1 1 15 6737
 ... : 1 1 1 1 1 1 1 1 1 1 1 15 6903
 ... : 1 1 1 1 1 1 1 1 1 1 1 15 7018
 ... : 1 1 1 1 1 1 1 1 1 1 1 16 7168
 ... : 1 1 1 1 1 1 1 1 1 1 1 16 7279
 ... : 1 1 1 1 1 1 1 1 1 1 1 18 7390
 ... : 1 1 1 1 1 1 1 1 1 1 1 18 7524
 ... : 1 1 1 1 1 1 1 1 1 1 1 18 7658
 ... : 1 1 1 1 1 1 1 1 1 1 1 18 7770
 ... : 1 1 1 1 1 1 1 1 1 1 1 18 7894
 ... : 1 1 1 1 1 1 1 1 1 1 1 18 8007
 ... : 1 1 1 1 1 1 1 1 1 1 1 18 8121
 ... : 1 1 1 1 1 1 1 1 1 1 1 18 8325
 ... : 1 1 1 1 1 1 1 1 1 1 1 18 8437
 ... : 1 1 1 1 1 1 1 1 1 1 1 18 8564
 ... : 1 1 1 1 1 1 1 1 1 1 1 18 8702
 ... : 1 1 1 1 1 1 1 1 1 1 1 18 8852
 ... : 1 1 1 1 1 1 1 1 1 1 1 18 8980
 ... : 1 1 1 1 1 1 1 1 1 1 1 18 9148
 ... : 1 1 1 1 1 1 1 1 1 1 1 18 9261
 ... : 1 1 1 1 1 1 1 1 1 1 1 19 9412
 ... : 1 1 1 1 1 1 1 1 1 1 1 19 9531
 ... : 1 1 1 1 1 1 1 1 1 1 1 21 9669
