initialized model with 3337 latches, 480 inputs and 1 properties
tsim: performed 46 steps
tsim: found cycle from 13
tsim: found 0 constants and 1 latch equivalences
seqsimpl: found 56 latch equivalences
seqsimpl: (3337, 480) -> (2395, 479)
checking bound 0
checking bound 1
checking bound 2
tdecomp: unrolling 2 cycles
tsim: performed 44 steps
tsim: found cycle from 11
tsim: found 3 constants and 0 latch equivalences
seqsimpl: found 10 latch equivalences
tdecomp: (2395, 1916) -> (2382, 574)
   2 : 130 3
   3 : 105 51 30
   4 : 105 51 29 1
 ... : 104 52 38 102
 ... : 114 97 129 193
 ... : 115 125 202 281
 ... : 116 133 276 361
 ... : 105 146 316 415
 ... : 92 161 393 467
 ... : 76 169 452 519
 ... : 63 154 406 564
 ... : 60 154 415 616
 ... : 59 151 438 664
 ... : 63 154 446 719
 ... : 56 150 465 767
 ... : 56 159 486 817
 ... : 57 170 491 855
 ... : 58 190 490 894
 ... : 58 198 491 945
 ... : 58 218 499 982
 ... : 58 224 499 1039
 ... : 58 231 504 1091
 ... : 58 238 505 1147
 ... : 58 244 505 1207
 ... : 58 245 508 1271
 ... : 58 245 508 1339
 ... : 58 243 512 1399
 ... : 57 243 511 1464
 ... : 59 246 526 1523
 ... : 58 246 526 1589
 ... : 58 246 526 1656
 ... : 58 246 527 1723
 ... : 58 246 526 1790
 ... : 57 253 532 1842
 ... : 57 253 563 1909
 ... : 57 253 578 1976
 ... : 56 252 574 2004
 ... : 56 252 576 2071
 ... : 56 258 577 2129
 ... : 56 258 576 2196
 ... : 56 258 580 2262
 ... : 56 258 581 2329
 ... : 55 257 580 2377
 ... : 54 257 580 2444
 ... : 54 257 583 2511
 ... : 54 257 583 2578
 ... : 54 257 583 2645
 ... : 54 257 584 2712
 ... : 54 257 585 2779
 ... : 54 257 585 2846
 ... : 53 257 586 2912
 ... : 53 257 586 2979
 ... : 53 257 586 3046
 ... : 53 257 586 3113
 ... : 53 257 586 3180
 ... : 53 257 586 3247
 ... : 53 257 586 3314
 ... : 53 257 586 3381
 ... : 53 257 586 3448
 ... : 53 257 586 3515
 ... : 53 257 586 3582
 ... : 53 257 586 3649
 ... : 53 257 586 3716
 ... : 53 257 586 3783
 ... : 53 257 586 3850
 ... : 53 257 586 3917
 ... : 53 257 586 3984
 ... : 53 257 586 4051
 ... : 53 257 586 4118
 ... : 53 257 586 4185
 ... : 53 257 586 4252
 ... : 53 257 586 4319
 ... : 53 257 586 4386
 ... : 53 257 586 4453
 ... : 53 257 586 4520
 ... : 53 257 586 4587
 ... : 53 257 586 4654
 ... : 53 257 586 4721
 ... : 53 257 586 4788
 ... : 53 257 587 4854
 ... : 53 257 587 4921
 ... : 53 257 587 4988
 ... : 53 257 587 5055
 ... : 53 257 587 5122
 ... : 53 257 587 5189
 ... : 52 258 590 5255
 ... : 52 258 590 5322
 ... : 52 258 589 5389
 ... : 52 258 589 5456
 ... : 52 258 589 5523
 ... : 52 258 589 5590
 ... : 52 258 589 5657
 ... : 52 258 589 5724
 ... : 52 258 589 5791
 ... : 52 258 590 5858
 ... : 52 258 590 5925
 ... : 52 258 590 5992
 ... : 52 258 590 6059
 ... : 52 258 590 6126
 ... : 52 258 590 6193
 ... : 52 258 590 6260
 ... : 52 258 590 6327
 ... : 52 258 590 6394
 ... : 52 258 590 6461
 ... : 52 258 590 6528
 ... : 52 258 590 6595
 ... : 52 258 590 6662
 ... : 52 258 590 6729
 ... : 52 258 590 6796
 ... : 52 258 590 6863
 ... : 52 258 590 6930
 ... : 52 258 590 6997
 ... : 52 258 590 7064
 ... : 52 258 590 7131
 ... : 52 258 590 7198
 ... : 52 258 590 7265
 ... : 52 258 590 7332
 ... : 52 258 590 7399
 ... : 52 258 590 7466
 ... : 52 258 590 7533
 ... : 52 258 590 7600
 ... : 52 258 590 7667
 ... : 52 258 590 7735
 ... : 52 258 590 7802
 ... : 52 258 590 7869
 ... : 52 258 590 7936
 ... : 52 258 590 8003
 ... : 52 258 590 8070
 ... : 52 258 590 8137
 ... : 52 258 590 8204
 ... : 52 258 590 8271
 ... : 52 258 590 8338
 ... : 52 258 590 8405
 ... : 52 258 590 8472
 ... : 52 258 590 8540
 ... : 52 258 590 8607
 ... : 52 258 590 8674
 ... : 52 258 590 8741
 ... : 52 258 590 8808
 ... : 52 258 590 8875
 ... : 52 258 590 8942
 ... : 52 258 590 9009
 ... : 52 258 590 9076
 ... : 52 258 590 9143
 ... : 52 258 590 9210
 ... : 52 258 590 9277
 ... : 52 258 590 9344
 ... : 52 258 590 9411
 ... : 52 258 590 9478
 ... : 52 258 590 9545
 ... : 52 258 590 9612
 ... : 52 258 590 9679
 ... : 52 258 590 9746
 ... : 52 258 590 9813
 ... : 52 258 590 9880
 ... : 52 258 590 9947
 ... : 52 258 590 10014
 ... : 52 258 590 10081
 ... : 52 258 590 10148
 ... : 52 258 590 10215
 ... : 52 258 590 10282
 ... : 52 258 590 10349
 ... : 52 258 590 10416
 ... : 52 258 590 10483
 ... : 52 258 590 10550
 ... : 52 258 590 10617
 ... : 52 258 590 10684
 ... : 52 258 590 10751
 ... : 52 258 590 10818
 ... : 52 258 590 10885
 ... : 52 258 590 10952
 ... : 52 258 590 11019
 ... : 52 258 590 11086
 ... : 52 258 590 11155
 ... : 52 258 590 11222
 ... : 52 258 590 11289
 ... : 52 258 590 11357
 ... : 52 258 590 11424
 ... : 52 258 590 11491
 ... : 52 258 590 11558
 ... : 52 258 590 11625
 ... : 52 258 590 11692
 ... : 52 258 590 11759
 ... : 52 258 590 11826
 ... : 52 258 590 11893
 ... : 52 258 590 11960
 ... : 52 258 590 12027
 ... : 52 258 590 12094
 ... : 52 258 590 12161
 ... : 52 258 590 12228
 ... : 52 258 590 12295
 ... : 52 258 590 12362
 ... : 52 258 590 12429
 ... : 52 258 590 12496
 ... : 52 258 590 12563
 ... : 52 258 590 12631
 ... : 52 258 590 12698
 ... : 52 258 590 12765
 ... : 52 258 590 12832
 ... : 52 258 590 12899
 ... : 52 258 590 12966
 ... : 52 258 590 13034
 ... : 52 258 590 13101
 ... : 52 258 590 13168
 ... : 52 258 590 13235
 ... : 52 258 590 13302
 ... : 52 258 590 13369
 ... : 52 258 591 13436
 ... : 52 258 591 13503
 ... : 52 258 591 13570
 ... : 52 258 591 13637
 ... : 52 258 591 13704
 ... : 52 258 591 13771
 ... : 52 258 591 13838
 ... : 52 258 591 13905
 ... : 52 258 591 13972
 ... : 52 258 591 14039
 ... : 52 258 591 14106
 ... : 52 258 591 14173
 ... : 52 258 591 14240
 ... : 52 258 591 14307
 ... : 52 258 591 14374
 ... : 52 258 591 14441
 ... : 52 258 591 14508
 ... : 52 258 591 14575
 ... : 52 258 591 14642
 ... : 52 258 591 14709
 ... : 52 258 591 14776
 ... : 52 258 591 14843
 ... : 52 258 591 14910
 ... : 52 258 591 14977
 ... : 52 258 591 15044
 ... : 52 258 591 15111
 ... : 52 258 591 15178
 ... : 52 258 591 15245
 ... : 52 258 591 15312
 ... : 52 258 591 15379
 ... : 52 258 591 15446
 ... : 52 258 591 15513
 ... : 52 258 591 15580
 ... : 52 258 591 15647
 ... : 52 258 591 15714
 ... : 52 258 591 15781
 ... : 52 258 591 15848
 ... : 52 258 591 15915
 ... : 52 258 591 15982
 ... : 52 258 591 16049
 ... : 52 258 591 16116
 ... : 52 258 591 16183
 ... : 52 258 591 16250
 ... : 52 258 591 16317
 ... : 52 258 591 16384
 ... : 52 258 591 16451
 ... : 52 258 591 16518
 ... : 52 258 591 16585
 ... : 52 258 591 16652
 ... : 52 258 591 16719
 ... : 52 258 591 16786
 ... : 52 258 591 16853
