initialized model with 252 latches, 13 inputs and 1 properties
tsim: performed 88 steps
tsim: found cycle from 79
checking bound 0
checking bound 1
checking bound 2
tdecomp: unrolling 2 cycles
tsim: performed 86 steps
tsim: found cycle from 77
tdecomp: no improvement found, reverting original model
   2 : 3 0
   3 : 3 4 3
   4 : 3 3 3 4
   5 : 3 3 2 3 3
   6 : 3 3 2 2 3 5
   7 : 3 3 2 2 3 8 4
   8 : 3 3 2 2 3 4 3 8
   9 : 2 2 1 1 1 1 1 3 9
  10 : 2 2 1 1 1 1 1 3 1 11
  11 : 2 2 1 1 1 1 1 3 1 3 8
  12 : 1 2 1 1 2 2 2 3 2 2 5 14
  13 : 1 2 1 1 2 2 2 3 2 2 2 1 17
  14 : 1 2 1 1 2 2 2 3 2 2 2 1 2 15
  15 : 1 2 1 1 2 2 2 3 2 2 2 1 2 2 13
  16 : 1 2 1 1 2 2 2 3 2 2 1 1 3 1 2 17
  17 : 1 2 1 1 2 2 2 3 2 2 1 1 3 1 2 2 15
  18 : 1 2 1 1 2 2 2 3 2 2 1 1 2 2 1 2 1 21
  19 : 1 2 1 1 2 2 2 3 2 2 1 1 2 2 1 2 1 2 19
  20 : 1 2 1 1 2 2 2 3 2 2 1 1 2 2 1 2 1 2 2 17
  21 : 1 2 1 1 2 2 2 3 2 2 1 1 2 2 1 2 1 2 1 2 19
  22 : 1 2 1 1 2 2 2 3 2 2 1 1 2 2 1 2 1 2 1 2 2 17
  23 : 1 2 1 1 2 2 2 3 2 2 1 1 2 2 1 2 1 1 1 2 2 2 18
  24 : 1 2 1 1 2 2 2 3 2 2 1 1 2 2 1 2 1 1 1 2 2 2 2 16
  25 : 1 2 1 1 2 2 2 3 2 2 1 1 2 2 1 2 1 1 1 2 2 2 2 1 16
  26 : 1 2 1 1 2 2 2 3 2 2 1 1 2 2 1 2 1 1 1 2 2 2 2 1 1 15
  27 : 1 2 1 1 2 2 2 3 2 2 1 1 2 2 1 2 1 1 1 2 2 2 2 1 1 1 14
  28 : 1 2 1 1 2 2 2 3 2 2 1 1 2 2 1 2 1 1 1 2 2 2 2 1 1 1 1 18
  29 : 1 2 1 1 2 2 2 3 2 2 1 1 2 2 1 2 1 1 1 2 2 2 2 1 1 1 1 1 17
  30 : 1 2 1 1 2 2 2 3 2 2 1 1 2 2 1 2 1 1 1 2 2 2 2 1 1 1 1 1 1 16
  31 : 1 2 1 1 2 2 2 3 2 2 1 1 2 2 1 2 1 1 1 2 2 2 2 1 1 1 1 1 1 1 15
  32 : 1 2 1 1 2 2 2 3 2 2 1 1 2 2 1 2 1 1 1 2 2 2 2 1 1 1 1 1 1 1 1 18
  33 : 1 2 1 1 2 2 2 3 2 2 1 1 2 2 1 2 1 1 1 2 2 2 2 1 1 1 1 1 1 1 1 1 17
  34 : 1 2 1 1 2 2 2 3 2 2 1 1 2 2 1 2 1 1 1 2 2 2 2 1 1 1 1 1 1 1 1 1 2 15
  35 : 1 2 1 1 2 2 2 3 2 2 1 1 2 2 1 2 1 1 1 2 2 2 2 1 1 1 1 1 1 1 1 1 1 1 16
  36 : 1 2 1 1 2 2 2 3 2 2 1 1 2 2 1 2 1 1 1 2 2 2 2 1 1 1 1 1 1 1 1 1 1 1 3 13
  37 : 1 2 1 1 2 2 2 3 2 2 1 1 2 2 1 2 1 1 1 2 2 2 2 1 1 1 1 1 1 1 1 1 1 1 1 2 14
  38 : 1 2 1 1 2 2 2 3 2 2 1 1 2 2 1 2 1 1 1 2 2 2 2 1 1 1 1 1 1 1 1 1 1 1 1 2 2 12
  39 : 1 2 1 1 2 2 2 3 2 2 1 1 2 2 1 2 1 1 1 2 2 2 2 1 1 1 1 1 1 1 1 1 1 1 1 2 2 2 13
  40 : 1 2 1 1 2 2 2 3 2 2 1 1 2 2 1 2 1 1 1 2 2 2 2 1 1 1 1 1 1 1 1 1 1 1 1 2 2 3 2 12
  41 : 1 2 1 1 2 2 2 3 2 2 1 1 2 2 1 2 1 1 1 2 2 2 2 1 1 1 1 1 1 1 1 1 1 1 1 2 2 3 1 2 17
  42 : 1 2 1 1 2 2 2 3 2 2 1 1 2 2 1 2 1 1 1 2 2 2 2 1 1 1 1 1 1 1 1 1 1 1 1 2 2 3 1 2 1 16
  43 : 1 2 1 1 2 2 2 3 2 2 1 1 2 2 1 2 1 1 1 2 2 2 2 1 1 1 1 1 1 1 1 1 1 1 1 2 2 3 1 2 1 2 14
  44 : 1 2 1 1 2 2 2 3 2 2 1 1 2 2 1 2 1 1 1 2 2 2 2 1 1 1 1 1 1 1 1 1 1 1 1 2 2 3 1 2 1 2 2 19
  45 : 1 2 1 1 2 2 2 3 2 2 1 1 2 2 1 2 1 1 1 2 2 2 2 1 1 1 1 1 1 1 1 1 1 1 1 2 2 3 1 2 1 2 2 1 19
  46 : 1 2 1 1 2 2 2 3 2 2 1 1 2 2 1 2 1 1 1 2 2 2 2 1 1 1 1 1 1 1 1 1 1 1 1 2 2 3 1 2 1 2 2 1 1 18
  47 : 1 2 1 1 2 2 2 3 2 2 1 1 2 2 1 2 1 1 1 2 2 2 2 1 1 1 1 1 1 1 1 1 1 1 1 2 2 3 2 3 1 3 2 2 3 2 22
  48 : 1 2 1 1 2 2 2 3 2 2 1 1 2 2 1 2 1 1 1 2 2 2 2 1 1 1 1 1 1 1 1 1 1 1 1 2 2 3 2 3 1 3 2 2 3 2 1 21
  49 : 1 2 1 1 2 2 2 3 2 2 1 1 2 2 1 2 1 1 1 2 2 2 2 1 1 1 1 1 1 1 1 1 1 1 1 2 2 3 2 3 1 3 2 2 3 2 1 1 20
  50 : 1 2 1 1 2 2 2 3 2 2 1 1 2 2 1 2 1 1 1 2 2 2 2 1 1 1 1 1 1 1 1 1 1 1 1 2 2 3 2 3 1 3 2 2 3 2 1 1 1 19
  51 : 1 2 1 1 2 2 2 3 2 2 1 1 2 2 1 2 1 1 1 2 2 2 2 1 1 1 1 1 1 1 1 1 1 1 1 2 2 3 2 3 1 3 2 2 3 1 1 2 2 2 27
  52 : 1 2 1 1 2 2 2 3 2 2 1 1 2 2 1 2 1 1 1 2 2 2 2 1 1 1 1 1 1 1 1 1 1 1 1 2 2 3 2 3 1 3 2 2 3 1 1 2 2 2 3 24
  53 : 1 2 1 1 2 2 2 3 2 2 1 1 2 2 1 2 1 1 1 2 2 2 2 1 1 1 1 1 1 1 1 1 1 1 1 2 2 3 2 3 1 3 2 2 3 1 1 2 2 2 3 1 23
  54 : 1 2 1 1 2 2 2 3 2 2 1 1 2 2 1 2 1 1 1 2 2 2 2 1 1 1 1 1 1 1 1 1 1 1 1 2 2 3 2 3 1 3 2 2 3 1 1 2 2 2 3 1 1 26
  55 : 1 2 1 1 2 2 2 3 2 2 1 1 2 2 1 2 1 1 1 2 2 2 2 1 1 1 1 1 1 1 1 1 1 1 1 2 2 3 2 3 1 3 2 2 3 1 1 2 2 2 3 1 1 1 26
  56 : 1 2 1 1 2 2 2 3 2 2 1 1 2 2 1 2 1 1 1 2 2 2 2 1 1 1 1 1 1 1 1 1 1 1 1 2 2 3 2 3 1 3 2 2 3 1 1 2 2 2 3 1 1 1 2 25
  57 : 1 2 1 1 2 2 2 3 2 2 1 1 2 2 1 2 1 1 1 2 2 2 2 1 1 1 1 1 1 1 1 1 1 1 1 2 2 3 2 3 1 3 2 2 3 1 1 2 2 2 3 1 1 1 2 2 23
  58 : 1 2 1 1 2 2 2 3 2 2 1 1 2 2 1 2 1 1 1 2 2 2 2 1 1 1 1 1 1 1 1 1 1 1 1 2 2 3 2 3 1 3 2 2 3 1 1 2 2 2 2 1 1 1 2 2 2 26
  59 : 1 2 1 1 2 2 2 3 2 2 1 1 2 2 1 2 1 1 1 2 2 2 2 1 1 1 1 1 1 1 1 1 1 1 1 2 2 3 2 3 1 3 2 2 3 1 1 2 2 2 2 1 1 1 2 2 2 2 24
  60 : 1 2 1 1 2 2 2 3 2 2 1 1 2 2 1 2 1 1 1 2 2 2 2 1 1 1 1 1 1 1 1 1 1 1 1 2 2 3 2 3 1 3 2 2 3 1 1 2 2 2 2 1 1 1 2 2 2 2 1 25
  61 : 1 2 1 1 2 2 2 3 2 2 1 1 2 2 1 2 1 1 1 2 2 2 2 1 1 1 1 1 1 1 1 1 1 1 1 2 2 3 2 3 1 3 2 2 3 1 1 2 2 2 2 1 1 1 2 2 2 2 1 1 24
  62 : 1 2 1 1 2 2 2 3 2 2 1 1 2 2 1 2 1 1 1 2 2 2 2 1 1 1 1 1 1 1 1 1 1 1 1 2 2 3 2 3 1 3 2 2 3 1 1 2 2 2 2 1 1 1 2 2 2 2 1 1 1 23
  63 : 1 2 1 1 2 2 2 3 2 2 1 1 2 2 1 2 1 1 1 2 2 2 2 1 1 1 1 1 1 1 1 1 1 1 1 2 2 3 2 3 1 3 2 2 3 1 1 2 2 2 2 1 1 1 2 2 2 2 1 1 1 1 27
  64 : 1 2 1 1 2 2 2 3 2 2 1 1 2 2 1 2 1 1 1 2 2 2 2 1 1 1 1 1 1 1 1 1 1 1 1 2 2 3 2 3 1 3 2 2 3 1 1 2 2 2 2 1 1 1 2 2 2 2 1 1 1 1 1 26
  65 : 1 2 1 1 2 2 2 3 2 2 1 1 2 2 1 2 1 1 1 2 2 2 2 1 1 1 1 1 1 1 1 1 1 1 1 2 2 3 2 3 1 3 2 2 3 1 1 2 2 2 2 1 1 1 2 2 2 2 1 1 1 1 1 1 25
  66 : 1 2 1 1 2 2 2 3 2 2 1 1 2 2 1 2 1 1 1 2 2 2 2 1 1 1 1 1 1 1 1 1 1 1 1 2 2 3 2 3 1 3 2 2 3 1 1 2 2 2 2 1 1 1 2 2 2 2 1 1 1 1 1 1 2 23
  67 : 1 2 1 1 2 2 2 3 2 2 1 1 2 2 1 2 1 1 1 2 2 2 2 1 1 1 1 1 1 1 1 1 1 1 1 2 2 3 2 3 1 3 2 2 3 1 1 2 2 2 2 1 1 1 2 2 2 2 1 1 1 1 1 1 2 1 26
  68 : 1 2 1 1 2 2 2 3 2 2 1 1 2 2 1 2 1 1 1 2 2 2 2 1 1 1 1 1 1 1 1 1 1 1 1 2 2 3 2 3 1 3 2 2 3 1 1 2 2 2 2 1 1 1 2 2 2 2 1 1 1 1 1 1 2 1 2 24
  69 : 1 2 1 1 2 2 2 3 2 2 1 1 2 2 1 2 1 1 1 2 2 2 2 1 1 1 1 1 1 1 1 1 1 1 1 2 2 3 2 3 1 3 2 2 3 1 1 2 2 2 2 1 1 1 2 2 2 2 1 1 1 1 1 1 2 1 2 2 22
  70 : 1 2 1 1 2 2 2 3 2 2 1 1 2 2 1 2 1 1 1 2 2 2 2 1 1 1 1 1 1 1 1 1 1 1 1 2 2 2 2 3 1 3 2 2 3 1 1 2 2 2 2 1 1 1 2 2 2 2 1 1 1 1 1 1 2 1 2 2 1 23
  71 : 1 2 1 1 2 2 2 3 2 2 1 1 2 2 1 2 1 1 1 2 2 2 2 1 1 1 1 1 1 1 1 1 1 1 1 2 2 2 2 3 1 3 2 2 3 1 1 2 2 2 2 1 1 1 2 2 2 2 1 1 1 1 1 1 2 1 2 2 1 1 23
  72 : 1 2 1 1 2 2 2 3 2 2 1 1 2 2 1 2 1 1 1 2 2 2 2 1 1 1 1 1 1 1 1 1 1 1 1 2 2 2 2 3 1 3 2 2 3 1 1 2 2 2 2 1 1 1 2 2 2 2 1 1 1 1 1 1 2 1 2 2 1 1 1 23
  73 : 1 2 1 1 2 2 2 3 2 2 1 1 2 2 1 2 1 1 1 2 2 2 2 1 1 1 1 1 1 1 1 1 1 1 1 2 2 2 2 3 1 3 2 2 3 1 1 2 2 2 2 1 1 1 2 2 2 2 1 1 1 1 1 1 2 1 2 2 1 1 1 1 23
  74 : 1 2 1 1 2 2 2 3 2 2 1 1 2 2 1 2 1 1 1 2 2 2 2 1 1 1 1 1 1 1 1 1 1 1 1 2 2 2 2 3 1 3 2 2 3 1 1 2 2 2 2 1 1 1 2 2 2 2 1 1 1 1 1 1 2 1 2 2 1 1 1 1 1 23
  75 : 1 2 1 1 2 2 2 3 2 2 1 1 2 2 1 2 1 1 1 2 2 2 2 1 1 1 1 1 1 1 1 1 1 1 1 2 2 2 2 3 1 3 2 2 3 1 1 2 2 2 2 1 1 1 2 2 2 2 1 1 1 1 1 1 2 1 2 2 1 1 1 1 1 1 23
  76 : 1 2 1 1 2 2 2 3 2 2 1 1 2 2 1 2 1 1 1 2 2 2 2 1 1 1 1 1 1 1 1 1 1 1 1 2 2 2 2 3 1 3 2 2 3 1 1 2 2 2 2 1 1 1 2 2 2 2 1 1 1 1 1 1 2 1 2 2 1 1 1 1 1 1 7 17
  77 : 1 2 1 1 2 2 2 3 2 2 1 1 2 2 1 2 1 1 1 2 2 2 2 1 1 1 1 1 1 1 1 1 1 1 1 2 2 2 2 3 1 3 2 2 3 1 1 2 2 2 2 1 1 1 2 2 2 2 1 1 1 1 1 1 2 1 2 2 1 1 1 1 1 1 7 4 14
  78 : 1 2 1 1 2 2 2 3 2 2 1 1 2 2 1 2 1 1 1 2 2 2 2 1 1 1 1 1 1 1 1 1 1 1 1 2 2 2 2 3 1 3 2 2 3 1 1 2 2 2 2 1 1 1 2 2 2 2 1 1 1 1 1 1 2 1 2 2 1 1 1 1 1 1 7 4 1 14
  79 : 1 2 1 1 2 2 2 3 2 2 1 1 2 2 1 2 1 1 1 2 2 2 2 1 1 1 1 1 1 1 1 1 1 1 1 2 2 2 2 3 1 3 2 2 3 1 1 2 2 2 2 1 1 1 2 2 2 2 1 1 1 1 1 1 2 1 2 2 1 1 1 1 1 1 7 4 1 1 14
  80 : 1 2 1 1 2 2 2 3 2 2 1 1 2 2 1 2 1 1 1 2 2 2 2 1 1 1 1 1 1 1 1 1 1 1 1 2 2 2 2 3 1 3 2 2 3 1 1 2 2 2 2 1 1 1 2 2 2 2 1 1 1 1 1 1 2 1 2 2 1 1 1 1 1 1 7 4 1 1 0 15
completing final invariant with sub-IC3 call...
num_solve_calls = 14608
num_solve_sat_calls = 7134
num_solve_unsat_calls = 295
num_solve_approx_calls = 9388
num_solve_approx_unsat_calls = 3621
num_solve_conflicts = 5582
num_solve_decisions = 869683
num_solve_propagations = 3991701
avg_solve_conflicts = 1
avg_solve_decisions = 60
avg_solve_propagations = 274
avg_solve_unsat_decisions = 0.054
stddev_solve_unsat_decisions = 0.544
num_added_cubes = 1747
num_subsumed_cubes = 1607
num_mic_down_calls = 872
num_mic_down_good = 141
num_added_ctgs = 63
num_gc_frame = 430
num_reset = 2
num_try_blocking = 8798
get_bad_cube_time = 0.096
rec_block_cube_time = 0.340
propagate_forward_time = 0.581
generalize_model_time = 0.080
generalize_and_push_time = 0.276
ctg_time = 0.108
try_blocking_time = 0.886
reset_time = 0.016
clausify_time = 0.431
preprocess_time = 0.009
solve_time = 0.909
solve_sat_time = 0.784
solve_unsat_time = 0.125
prove_time = 1.492
memory_used_mb = 8
total_time = 1.870
Safe
