initialized model with 72720 latches, 384 inputs and 1 properties
tsim: performed 363 steps
tsim: found 4477 constants and 7 latch equivalences
seqsimpl: found 6 latch equivalences
seqsimpl: (72720, 384) -> (54614, 384)
checking bound 0
checking bound 1
checking bound 2
tdecomp: unrolling 2 cycles
tsim: performed 225 steps
tsim: found 18 constants and 0 latch equivalences
tdecomp: (54614, 1536) -> (54596, 384)
   2 : 8 8
   3 : 9 9 8
   4 : 9 9 8 32
   5 : 9 9 8 8 24
 ... : 11 10 27 29 88
   6 : 11 10 29 22 29 72
   7 : 11 10 29 21 28 11 63
   8 : 11 10 26 18 25 11 12 78
   9 : 11 13 26 18 22 11 9 10 80
 ... : 11 13 26 18 22 15 13 31 169
  10 : 4 9 13 13 12 14 12 17 19 173
  11 : 4 9 13 13 12 14 12 17 19 23 150
  12 : 4 9 13 13 12 12 11 12 14 14 12 142
  13 : 4 9 13 13 12 12 11 12 14 14 12 6 137
 ... : 4 9 13 13 12 12 11 12 17 16 13 21 250
 ... : 4 9 13 14 13 18 17 18 22 30 26 34 303
 ... : 4 9 13 14 13 18 16 19 22 41 43 56 365
 ... : 4 9 13 14 13 19 16 18 22 53 56 66 410
  14 : 4 9 13 14 13 20 17 17 17 20 17 34 80 469
 ... : 4 9 13 14 13 20 17 17 17 20 17 34 80 559
 ... : 4 9 13 14 13 20 17 17 17 20 17 34 80 655
 ... : 4 9 13 14 13 20 17 17 17 20 17 34 89 756
 ... : 4 9 13 14 13 20 17 18 18 20 17 34 89 853
 ... : 4 9 13 14 13 20 17 18 18 20 17 34 90 930
 ... : 4 9 13 14 13 20 17 18 18 20 17 34 90 1010
 ... : 4 9 13 14 13 20 17 18 18 20 17 34 90 1098
