initialized model with 1263 latches, 94 inputs and 1 properties
tsim: performed 30 steps
tsim: found cycle from 28
tsim: found 0 constants and 1 latch equivalences
seqsimpl: (1263, 94) -> (1257, 87)
checking bound 0
checking bound 1
checking bound 2
tdecomp: unrolling 2 cycles
tsim: performed 28 steps
tsim: found cycle from 26
tsim: found 2 constants and 0 latch equivalences
tdecomp: (1257, 348) -> (1255, 87)
   2 : 10 19
   3 : 12 11 18
   4 : 12 14 4 17
   5 : 12 14 4 4 15
   6 : 12 14 4 2 4 20
   7 : 12 14 4 2 2 4 24
 ... : 11 16 16 22 37 93 83
   8 : 9 14 11 6 10 18 13 124
   9 : 9 14 11 6 10 18 13 29 95
  10 : 9 14 11 6 10 18 13 29 10 85
  11 : 9 14 11 6 10 18 13 29 9 15 73
  12 : 9 14 11 6 10 18 13 29 9 15 25 58
  13 : 9 14 11 6 10 18 13 29 9 15 25 5 53
  14 : 9 14 11 6 10 18 13 29 9 14 20 9 5 64
  15 : 9 14 11 6 10 18 13 33 17 15 15 7 7 8 102
  16 : 9 14 11 6 10 18 13 33 17 15 15 7 7 8 6 96
  17 : 9 14 11 6 10 18 13 23 23 7 3 2 4 6 7 7 118
 ... : 9 14 11 6 10 18 12 22 19 6 4 5 6 14 16 22 124
 ... : 9 14 11 6 10 18 14 24 30 20 13 12 10 17 21 52 162
  18 : 9 14 10 6 8 19 5 8 10 25 20 12 11 12 19 15 26 213
 ... : 7 12 10 6 8 19 6 9 12 28 25 15 12 15 22 18 41 228
 ... : 7 12 10 6 8 19 6 9 12 28 25 16 16 26 33 29 71 246
 ... : 7 12 10 6 8 19 6 9 12 28 25 16 16 30 47 42 100 267
 ... : 7 12 10 6 8 19 6 9 12 28 25 16 16 30 57 41 103 303
 ... : 7 12 10 6 8 19 6 9 12 28 25 16 20 34 69 53 117 332
 ... : 7 12 10 6 8 19 6 9 12 28 25 16 20 34 78 54 121 369
 ... : 7 12 10 6 8 19 6 9 12 28 25 17 21 34 81 54 121 395
 ... : 7 12 10 6 8 19 6 9 12 28 25 18 21 34 82 54 121 418
 ... : 7 12 10 6 8 19 6 9 12 28 25 18 21 34 90 55 126 451
 ... : 7 12 10 6 8 19 6 9 12 28 25 18 21 34 100 54 129 489
 ... : 7 12 10 6 8 19 6 9 12 28 25 19 22 35 102 54 129 513
 ... : 7 12 10 6 8 19 6 9 12 28 25 19 22 35 111 55 131 548
 ... : 7 12 10 6 8 19 6 9 12 28 25 20 22 35 118 54 131 584
 ... : 7 12 10 6 8 19 6 9 12 28 25 22 27 39 123 59 139 600
 ... : 7 12 10 6 8 19 6 9 12 28 25 24 29 44 134 71 153 627
 ... : 7 12 10 6 8 19 6 9 12 28 26 24 30 45 141 79 162 657
 ... : 7 12 10 6 8 19 6 9 12 28 26 25 32 51 152 84 174 683
 ... : 7 12 10 6 8 19 6 9 12 28 25 25 32 51 140 92 185 709
 ... : 7 12 15 12 8 19 6 9 12 28 25 24 32 51 141 92 187 722
 ... : 7 12 15 12 8 17 7 9 12 28 25 24 32 51 146 93 190 745
 ... : 7 12 15 12 8 17 7 9 12 28 25 24 32 51 147 93 190 770
 ... : 7 12 15 12 8 17 7 9 12 28 25 24 32 51 157 94 190 809
 ... : 7 12 15 12 8 17 7 9 12 28 25 24 32 51 159 93 190 836
 ... : 7 12 15 12 8 17 7 9 12 28 25 24 32 51 168 93 190 876
 ... : 7 12 15 12 8 17 7 9 12 28 25 24 32 50 174 93 190 908
 ... : 7 12 15 12 8 17 7 9 12 28 25 24 32 50 183 93 190 949
 ... : 7 12 15 12 8 17 7 9 12 28 25 24 32 50 186 97 193 967
 ... : 7 12 15 12 8 17 7 9 12 28 25 24 32 50 198 109 211 982
 ... : 7 12 15 12 8 17 7 9 12 28 25 24 32 50 200 109 211 1005
 ... : 7 12 15 12 8 17 7 9 12 28 25 24 32 50 203 109 220 1026
 ... : 7 12 15 12 8 17 7 9 12 28 25 24 32 50 202 109 235 1031
 ... : 7 12 15 12 8 17 7 9 12 28 25 24 32 50 212 110 235 1068
 ... : 7 12 15 12 8 17 7 9 12 28 25 24 32 50 222 109 235 1109
 ... : 7 12 15 12 8 17 7 9 12 28 25 24 32 50 231 110 236 1147
 ... : 7 12 15 12 8 17 7 9 12 28 25 24 32 50 237 110 236 1179
 ... : 7 12 15 12 8 17 7 9 12 28 25 24 32 50 247 109 236 1219
 ... : 7 11 16 12 8 17 7 9 12 28 25 24 32 50 247 109 250 1242
 ... : 7 11 16 12 8 17 7 9 12 28 25 24 32 50 247 109 252 1277
 ... : 7 11 16 12 8 17 7 9 12 28 25 24 32 50 247 109 259 1317
 ... : 7 11 16 12 8 17 7 9 12 28 25 24 32 50 247 109 266 1358
 ... : 7 11 16 12 8 17 7 9 12 28 25 24 32 50 247 109 273 1397
 ... : 7 11 16 12 8 17 7 9 12 28 25 25 33 51 248 109 275 1431
  19 : 7 5 15 5 6 15 5 9 10 24 21 25 22 15 207 32 73 694 838
 ... : 7 5 16 7 8 15 6 9 10 24 20 24 20 13 204 32 73 734 929
 ... : 7 5 16 7 8 15 6 9 10 24 20 24 20 13 204 32 78 760 959
 ... : 7 5 16 7 8 15 6 9 10 24 20 24 20 13 204 32 81 771 992
 ... : 7 5 16 7 8 15 6 9 10 24 20 24 20 13 204 32 87 795 1023
 ... : 7 5 16 7 8 15 6 9 10 24 20 24 20 13 204 32 91 812 1088
 ... : 7 5 16 7 8 15 6 9 10 24 20 24 20 13 204 32 96 831 1117
 ... : 7 5 16 7 8 15 6 9 10 24 20 24 20 13 204 32 103 859 1144
  20 : 7 5 16 7 6 13 5 9 10 25 20 24 20 13 204 29 66 370 605 1095
 ... : 7 5 16 7 6 13 5 9 10 25 20 24 20 13 204 26 63 370 717 1209
 ... : 7 5 16 7 6 13 5 9 10 25 20 24 20 13 204 26 63 375 819 1264
  21 : 7 5 16 7 6 13 5 9 10 25 20 24 20 13 204 26 57 189 249 663 1445
 ... : 7 5 16 7 6 13 5 9 10 25 20 24 20 13 204 26 57 189 253 730 1591
 ... : 7 5 16 7 6 13 5 9 10 25 20 24 20 13 204 22 50 186 261 881 1690
 ... : 7 5 16 7 6 13 5 9 10 25 20 24 20 13 204 21 47 185 275 929 1786
 ... : 7 5 16 7 6 13 5 9 10 25 20 24 20 13 204 21 47 185 275 996 1844
  22 : 7 5 16 7 6 13 5 9 9 25 20 24 20 13 204 20 36 175 244 868 713 1407
 ... : 7 5 16 7 6 13 5 9 9 25 20 24 20 13 204 20 36 175 244 876 786 1550
  23 : 7 5 16 7 6 13 5 9 9 25 20 24 20 13 204 17 30 163 233 835 723 539 1182
 ... : 7 5 16 7 6 13 5 9 9 25 20 24 20 13 204 17 30 163 234 829 731 579 1252
 ... : 7 5 16 7 6 13 5 9 9 25 20 24 20 13 204 17 30 163 233 830 728 592 1299
 ... : 7 5 16 7 6 13 5 9 9 25 20 24 20 13 204 17 30 163 232 822 748 646 1384
 ... : 7 5 16 7 6 13 5 9 9 25 20 24 20 13 204 17 30 163 232 814 759 671 1441
 ... : 7 5 16 7 6 13 5 9 9 25 20 24 20 13 204 17 30 163 232 798 756 678 1503
 ... : 7 5 16 7 6 13 5 9 9 25 20 24 20 13 204 17 29 161 232 791 760 711 1568
 ... : 7 5 16 7 6 13 5 9 9 25 20 24 20 13 204 17 29 161 232 775 760 715 1614
 ... : 7 5 16 7 6 13 5 9 9 25 20 24 20 13 204 17 29 161 232 773 754 782 1718
 ... : 7 5 16 7 6 13 5 9 9 25 20 24 20 13 204 17 29 161 232 770 796 842 1791
 ... : 7 5 16 7 6 13 5 9 9 25 20 24 20 13 204 17 29 161 232 755 805 881 1836
 ... : 7 5 16 7 6 13 5 9 9 25 20 24 20 13 204 17 29 161 232 743 823 937 1908
 ... : 7 5 16 7 6 13 5 9 9 25 20 24 20 13 204 17 29 161 232 735 851 985 1974
 ... : 7 5 16 7 6 13 5 9 9 25 20 24 20 13 204 17 29 160 230 727 885 1044 2034
 ... : 7 5 16 7 6 13 5 9 9 25 20 24 20 13 204 17 29 160 230 728 912 1085 2085
 ... : 7 5 16 7 6 13 5 9 9 25 20 24 20 13 204 17 29 160 229 720 928 1132 2123
 ... : 7 5 16 7 6 13 5 9 9 25 20 24 20 13 204 17 29 160 227 721 940 1194 2171
 ... : 7 5 16 7 6 13 5 9 9 25 20 24 20 13 204 17 29 160 226 711 977 1259 2217
  24 : 7 5 16 7 5 13 6 9 8 23 20 20 21 16 204 16 27 92 108 398 336 555 770 2915
 ... : 7 5 16 7 5 13 6 9 8 23 20 20 21 16 204 16 27 92 107 396 325 539 755 2959
 ... : 7 5 16 7 5 13 6 9 8 23 20 20 21 16 204 16 27 92 107 396 319 528 748 3036
 ... : 7 5 16 7 5 13 6 9 8 23 20 20 21 16 204 16 27 92 107 396 307 516 738 3083
 ... : 7 5 16 7 5 13 6 9 8 23 20 20 21 16 204 16 27 92 107 392 296 502 742 3125
 ... : 7 5 16 7 5 13 6 9 8 23 20 20 21 16 204 16 28 92 107 388 289 493 757 3183
 ... : 7 5 16 7 5 13 6 9 8 23 20 20 21 16 204 16 28 92 107 384 279 486 758 3236
  25 : 7 5 16 7 5 13 5 9 8 23 19 20 21 15 204 16 28 91 100 334 199 251 484 809 2845
 ... : 7 5 16 7 5 13 5 9 8 23 19 20 21 15 204 16 28 91 100 334 199 251 485 867 2883
 ... : 7 5 16 7 5 13 5 9 8 23 19 20 21 15 204 16 28 91 100 333 194 251 475 909 2959
 ... : 7 5 16 7 5 13 5 9 8 23 19 20 21 15 204 16 28 91 100 330 188 253 466 969 3009
 ... : 7 5 16 7 5 13 5 9 8 23 19 20 21 15 204 16 28 91 100 323 187 254 470 1042 3072
 ... : 7 5 16 7 5 13 5 9 8 23 19 20 21 15 204 16 28 91 100 323 187 254 469 1125 3123
 ... : 7 5 16 7 5 13 5 9 8 23 19 20 21 15 204 16 28 91 100 323 187 254 471 1194 3189
 ... : 7 5 16 7 5 13 5 9 8 23 19 20 21 15 204 16 28 91 100 323 187 254 471 1215 3229
 ... : 7 5 16 7 5 13 5 9 8 23 19 20 21 15 204 16 28 91 98 310 185 262 468 1266 3270
  26 : 7 5 16 7 5 13 5 8 8 22 18 21 19 13 197 12 22 95 73 205 126 228 357 810 1532 2294
 ... : 7 5 16 7 5 13 5 8 8 22 18 21 19 13 197 12 22 95 73 205 125 230 359 816 1551 2337
 ... : 7 5 16 7 5 13 5 8 8 22 18 21 19 13 197 12 22 100 78 209 130 234 370 821 1568 2348
 ... : 7 5 16 7 5 13 5 8 8 22 18 21 19 13 197 12 22 105 84 210 137 244 377 832 1582 2367
 ... : 7 5 16 7 5 13 5 8 8 22 18 21 19 13 197 12 22 113 82 210 136 246 386 849 1606 2400
 ... : 7 5 16 7 5 13 5 8 8 22 18 21 19 13 197 12 22 120 87 214 141 252 398 862 1617 2421
 ... : 7 5 16 7 5 13 5 8 8 22 18 21 19 13 197 12 22 126 94 220 149 261 408 871 1634 2441
 ... : 7 5 16 7 5 13 5 8 8 22 18 21 19 13 197 12 22 129 95 220 151 264 413 879 1652 2478
 ... : 7 5 16 7 5 13 5 8 8 22 18 21 19 13 197 12 22 129 95 220 151 266 415 880 1690 2528
 ... : 7 5 16 7 5 13 5 8 8 22 18 21 19 13 197 12 22 129 95 218 151 265 395 850 1697 2573
 ... : 7 5 16 7 5 13 5 8 8 22 18 21 19 13 197 12 22 129 95 218 151 265 395 852 1715 2635
 ... : 7 5 16 7 5 13 5 8 8 22 18 21 19 13 197 12 22 130 97 218 152 266 398 867 1731 2651
 ... : 7 5 16 7 5 13 5 8 8 22 18 21 19 13 197 12 22 136 101 221 158 273 407 873 1743 2669
 ... : 7 5 16 7 5 13 5 8 8 22 18 21 19 13 197 12 22 142 107 227 171 280 416 881 1755 2683
 ... : 7 5 16 7 5 13 5 8 8 22 18 21 19 13 197 12 22 149 113 232 182 286 424 888 1761 2696
 ... : 7 5 16 7 5 13 5 8 8 22 18 21 19 13 197 12 22 157 113 232 182 286 431 904 1785 2712
 ... : 7 5 16 7 5 13 5 8 8 22 18 21 19 13 197 12 22 161 117 235 190 290 437 909 1820 2748
 ... : 7 5 16 7 5 13 5 8 8 22 18 21 19 13 197 12 22 161 117 235 190 287 438 919 1838 2784
 ... : 7 5 16 7 5 13 5 8 8 22 18 21 19 13 197 12 22 162 118 236 191 285 435 916 1844 2850
 ... : 7 5 16 7 5 13 5 8 8 22 18 21 19 13 197 12 22 167 120 240 200 293 446 928 1873 2873
 ... : 7 5 16 7 5 13 5 8 8 22 18 21 19 13 197 12 22 174 121 244 206 302 456 937 1900 2889
 ... : 7 5 16 7 5 13 5 8 8 22 18 21 19 13 197 12 22 180 120 244 206 302 463 952 1923 2904
 ... : 7 5 16 7 5 13 5 8 8 22 18 21 19 13 197 12 22 187 120 248 211 309 474 966 1948 2920
 ... : 7 5 16 7 5 13 5 8 8 22 18 21 19 13 197 12 22 191 121 250 215 313 481 979 1985 2944
 ... : 7 5 16 7 5 13 5 8 8 22 18 21 19 13 197 12 22 191 121 250 215 315 482 997 2041 2976
 ... : 7 5 16 7 5 13 5 8 8 22 18 21 19 13 197 12 22 191 121 250 215 318 485 1011 2090 3026
 ... : 7 5 16 7 5 13 5 8 8 22 18 21 19 13 197 12 22 193 121 250 219 323 495 1026 2108 3053
 ... : 7 5 16 7 5 13 5 8 8 22 18 21 19 13 197 12 22 199 127 257 230 332 503 1034 2118 3071
 ... : 7 5 16 7 5 13 5 8 8 22 18 21 19 13 197 12 22 206 129 260 234 337 513 1051 2139 3087
 ... : 7 5 16 7 5 13 5 8 8 22 18 21 19 13 197 12 22 209 130 263 240 347 522 1066 2159 3111
 ... : 7 5 16 7 5 13 5 8 8 22 18 21 19 13 197 12 22 210 131 264 242 348 522 1054 2188 3152
 ... : 7 5 16 7 5 13 5 8 8 22 18 21 19 13 197 12 22 213 132 264 249 354 531 1065 2208 3187
 ... : 7 5 16 7 5 13 5 8 8 22 18 21 19 13 197 12 23 214 132 264 252 364 541 1082 2236 3221
 ... : 7 5 16 7 5 13 5 8 8 22 18 21 19 13 197 12 23 216 136 271 262 371 548 1092 2246 3246
 ... : 7 5 16 7 5 13 5 8 8 22 18 21 19 13 197 12 23 220 136 271 268 376 560 1109 2264 3274
 ... : 7 5 16 7 5 13 5 8 8 22 18 21 19 13 197 12 23 225 141 277 282 386 568 1117 2280 3293
 ... : 7 5 16 7 5 13 5 8 8 22 18 21 19 13 197 12 23 231 142 277 285 389 578 1130 2300 3308
 ... : 7 5 16 7 5 13 5 8 8 22 18 21 19 13 197 12 23 234 143 276 292 398 586 1140 2318 3328
 ... : 7 5 16 7 5 13 5 8 8 22 18 21 19 13 197 12 23 236 145 277 285 404 593 1133 2325 3367
 ... : 7 5 16 7 5 13 5 8 8 22 18 21 19 13 197 12 23 238 147 279 288 413 603 1143 2337 3397
 ... : 7 5 16 7 5 13 5 8 8 22 18 21 19 13 197 12 23 244 150 283 294 418 611 1150 2356 3417
 ... : 7 5 16 7 5 13 5 8 8 22 18 21 19 13 197 12 23 250 156 283 306 430 617 1155 2347 3455
 ... : 7 5 16 7 5 13 5 8 8 22 18 21 19 13 197 12 23 250 156 283 306 428 617 1155 2362 3504
 ... : 7 5 16 7 5 13 5 8 8 22 18 21 19 13 197 12 23 253 157 283 307 430 628 1171 2383 3533
 ... : 7 5 16 7 5 13 5 8 8 22 18 21 19 13 197 12 23 255 159 285 312 436 638 1185 2404 3559
 ... : 7 5 16 7 5 13 5 8 8 22 18 21 19 13 197 12 23 258 160 286 319 442 648 1201 2418 3591
 ... : 7 5 16 7 5 13 5 8 8 22 18 21 19 13 197 12 23 265 161 288 320 443 655 1215 2437 3616
 ... : 7 5 16 7 5 13 5 8 8 22 18 21 19 13 197 12 23 272 168 299 328 450 663 1222 2443 3626
 ... : 7 5 16 7 5 13 5 8 8 22 18 21 19 13 197 12 23 277 173 302 335 459 672 1230 2452 3641
 ... : 7 5 16 7 5 13 5 8 8 22 18 21 19 13 197 12 23 284 178 306 343 464 682 1238 2464 3651
 ... : 7 5 16 7 5 13 5 8 8 22 18 21 19 13 197 12 23 291 181 308 346 466 689 1250 2483 3666
 ... : 7 5 16 7 5 13 5 8 8 22 18 21 19 13 197 12 23 292 182 309 351 470 690 1255 2503 3695
 ... : 7 5 16 7 5 13 5 8 8 22 18 21 19 13 197 12 23 292 182 309 351 470 690 1256 2527 3735
 ... : 7 5 16 7 5 13 5 8 8 22 18 21 19 13 197 12 23 292 182 309 351 474 692 1272 2577 3771
 ... : 7 5 16 7 5 13 5 8 8 22 18 21 19 13 197 12 23 292 182 309 351 474 692 1287 2609 3823
 ... : 7 5 16 7 5 13 5 8 8 22 18 21 19 13 197 12 23 296 186 312 358 481 702 1300 2637 3855
 ... : 7 5 16 7 5 13 5 8 8 22 18 21 19 13 197 12 23 303 185 312 358 481 710 1319 2660 3879
 ... : 7 5 16 7 5 13 5 8 8 22 18 21 19 13 197 12 23 310 187 314 360 483 719 1333 2677 3905
 ... : 7 5 16 7 5 13 5 8 8 22 18 21 19 13 197 12 23 316 186 314 360 486 730 1349 2694 3937
 ... : 7 5 16 7 5 13 5 8 8 22 18 21 19 13 197 12 23 323 189 316 362 489 738 1368 2719 3973
 ... : 7 5 16 7 5 13 5 8 8 22 18 21 19 13 197 12 23 323 189 316 362 486 738 1371 2735 4032
 ... : 7 5 16 7 5 13 5 8 8 22 18 21 19 13 197 12 23 325 189 316 365 491 749 1385 2763 4066
 ... : 7 5 16 7 5 13 5 8 8 22 18 21 19 13 197 12 23 332 189 316 365 491 757 1400 2785 4098
 ... : 7 5 16 7 5 13 5 8 8 22 18 21 19 13 197 12 23 338 195 320 377 500 767 1408 2794 4118
 ... : 7 5 16 7 5 13 5 8 8 22 18 21 19 13 197 12 23 339 196 320 377 498 766 1406 2809 4156
 ... : 7 5 16 7 5 13 5 8 8 22 18 21 19 13 197 12 23 346 195 320 377 498 774 1426 2827 4170
 ... : 7 5 16 7 5 13 5 8 8 22 18 21 19 13 197 12 23 352 199 322 382 505 783 1437 2843 4193
 ... : 7 5 16 7 5 13 5 8 8 22 18 21 19 13 197 12 23 360 200 322 382 505 790 1455 2855 4221
 ... : 7 5 16 7 5 13 5 8 8 22 18 21 19 13 197 12 23 366 203 325 389 511 800 1469 2865 4247
 ... : 7 5 16 7 5 13 5 8 8 22 18 21 19 13 197 12 23 370 207 328 396 515 808 1472 2877 4278
 ... : 7 5 16 7 5 13 5 8 8 22 18 21 19 13 197 12 23 370 207 328 396 515 808 1472 2903 4362
 ... : 7 5 16 7 5 13 5 8 8 22 18 21 19 13 197 12 23 373 207 328 396 516 813 1479 2937 4412
 ... : 7 5 16 7 5 13 5 8 8 22 18 21 19 13 197 12 23 380 210 329 400 523 822 1492 2956 4423
 ... : 7 5 16 7 5 13 5 8 8 22 18 21 19 13 197 12 23 387 211 330 402 526 833 1508 2976 4439
 ... : 7 5 16 7 5 13 5 8 8 22 18 21 19 13 197 12 23 394 212 333 406 529 840 1521 2993 4459
 ... : 7 5 16 7 5 13 5 8 8 22 18 21 19 13 197 12 23 400 213 333 415 541 849 1532 3003 4478
 ... : 7 5 16 7 5 13 5 8 8 22 18 21 19 13 197 12 23 405 217 323 423 545 847 1508 2997 4508
 ... : 7 5 16 7 5 13 5 8 8 22 18 21 19 13 197 12 23 409 219 324 430 551 861 1521 3012 4532
 ... : 7 5 16 7 5 13 5 8 8 22 18 21 19 13 197 12 23 415 221 323 432 556 871 1539 3026 4560
 ... : 7 5 16 7 5 13 5 8 8 22 18 21 19 13 197 12 23 418 224 326 439 566 883 1549 3042 4582
 ... : 7 5 16 7 5 13 5 8 8 22 18 21 19 13 197 12 23 419 225 327 441 560 884 1553 3063 4641
 ... : 7 5 16 7 5 13 5 8 8 22 18 21 19 13 197 12 23 422 224 327 441 556 888 1559 3085 4683
 ... : 7 5 16 7 5 13 5 8 8 22 18 21 19 13 197 12 23 428 229 329 449 561 895 1568 3096 4696
 ... : 7 5 16 7 5 13 5 8 8 22 18 21 19 13 197 12 23 432 232 332 459 569 904 1581 3110 4711
 ... : 7 5 16 7 5 13 5 8 8 22 18 21 19 13 197 12 23 437 232 331 462 574 911 1596 3130 4726
  27 : 7 5 16 7 5 13 5 8 8 21 18 21 19 12 198 11 21 268 73 193 354 534 773 1095 1318 1540 5610
 ... : 7 5 16 7 5 13 5 8 8 21 18 21 19 12 198 11 21 268 73 193 354 534 774 1112 1328 1563 5683
 ... : 7 5 16 7 5 13 5 8 8 21 18 21 19 12 198 11 21 268 73 193 354 534 774 1139 1341 1587 5719
 ... : 7 5 16 7 5 13 5 8 8 21 18 21 19 12 198 11 21 268 73 193 354 534 774 1146 1371 1603 5777
 ... : 7 5 16 7 5 13 5 8 8 21 18 21 19 12 198 11 21 268 73 193 354 534 774 1150 1377 1611 5883
 ... : 7 5 16 7 5 13 5 8 8 21 18 21 19 12 198 11 21 268 72 192 355 536 778 1162 1391 1631 5917
 ... : 7 5 16 7 5 13 5 8 8 21 18 21 19 12 198 11 21 268 72 192 355 535 778 1179 1399 1645 5957
 ... : 7 5 16 7 5 13 5 8 8 21 18 21 19 12 198 11 21 268 72 192 355 535 778 1179 1423 1659 6009
 ... : 7 5 16 7 5 13 5 8 8 21 18 21 19 12 198 11 21 268 72 192 355 543 778 1179 1457 1679 6046
 ... : 7 5 16 7 5 13 5 8 8 21 18 21 19 12 198 11 21 268 72 192 355 545 778 1180 1473 1698 6099
 ... : 7 5 16 7 5 13 5 8 8 21 18 21 19 12 198 11 21 268 72 192 355 545 778 1180 1484 1717 6164
 ... : 7 5 16 7 5 13 5 8 8 21 18 21 19 12 198 11 21 268 72 192 355 544 778 1179 1496 1739 6192
 ... : 7 5 16 7 5 13 5 8 8 21 18 21 19 12 198 11 21 268 71 192 356 546 779 1183 1509 1750 6264
 ... : 7 5 16 7 5 13 5 8 8 21 18 21 19 12 198 11 21 268 69 190 357 548 784 1190 1519 1764 6295
 ... : 7 5 16 7 5 13 5 8 8 21 18 21 19 12 198 11 21 268 69 190 357 548 784 1190 1525 1782 6327
 ... : 7 5 16 7 5 13 5 8 8 21 18 21 19 12 198 11 21 269 70 191 359 550 784 1197 1534 1802 6348
 ... : 7 5 16 7 5 13 5 8 8 21 18 21 19 12 198 11 21 271 71 191 361 555 787 1203 1537 1806 6361
 ... : 7 5 16 7 5 13 5 8 8 21 18 21 19 12 198 11 21 274 74 191 364 559 790 1206 1540 1812 6371
 ... : 7 5 16 7 5 13 5 8 8 21 18 21 19 12 198 11 21 278 78 192 368 564 796 1212 1546 1828 6388
 ... : 7 5 16 7 5 13 5 8 8 21 18 21 19 12 198 11 21 278 78 197 378 570 802 1219 1552 1833 6400
 ... : 7 5 16 7 5 13 5 8 8 21 18 21 19 12 198 11 21 278 78 198 380 572 804 1220 1555 1819 6500
 ... : 7 5 16 7 5 13 5 8 8 21 18 21 19 12 198 11 21 278 78 199 382 575 806 1205 1529 1837 6558
 ... : 7 5 16 7 5 13 5 8 8 21 18 21 19 12 198 11 21 278 78 199 382 575 806 1205 1536 1852 6594
 ... : 7 5 16 7 5 13 5 8 8 21 18 21 19 12 198 11 21 278 78 199 382 575 806 1205 1541 1862 6650
 ... : 7 5 16 7 5 13 5 8 8 21 18 21 19 12 198 11 21 278 78 201 386 578 808 1206 1542 1863 6659
 ... : 7 5 16 7 5 13 5 8 8 21 18 21 19 12 198 11 21 278 78 204 389 584 815 1211 1548 1873 6670
 ... : 7 5 16 7 5 13 5 8 8 21 18 21 19 12 198 11 21 278 78 207 395 589 821 1217 1552 1875 6677
 ... : 7 5 16 7 5 13 5 8 8 21 18 21 19 12 198 11 21 278 78 212 406 599 832 1231 1565 1885 6691
 ... : 7 5 16 7 5 13 5 8 8 21 18 21 19 12 198 11 21 278 78 215 409 605 841 1234 1574 1897 6706
 ... : 7 5 16 7 5 13 5 8 8 21 18 21 19 12 198 11 21 278 78 215 409 605 841 1234 1592 1915 6729
 ... : 7 5 16 7 5 13 5 8 8 21 18 21 19 12 198 11 21 278 78 215 409 605 842 1238 1602 1932 6779
 ... : 7 5 16 7 5 13 5 8 8 21 18 21 19 12 198 11 21 278 78 216 410 605 844 1253 1608 1942 6811
 ... : 7 5 16 7 5 13 5 8 8 21 18 21 19 12 198 11 22 278 78 214 411 609 846 1239 1586 1954 6801
 ... : 7 5 16 7 5 13 5 8 8 21 18 21 19 12 198 11 22 277 77 216 413 610 848 1243 1594 1964 6836
 ... : 7 5 16 7 5 13 5 8 8 21 18 21 19 12 198 11 22 275 75 217 417 612 853 1248 1602 1976 6846
  28 : 7 5 16 7 5 11 6 7 7 15 19 22 19 12 199 11 21 98 13 226 353 482 815 1053 1287 1586 1952 5723
 ... : 7 5 16 7 5 11 6 7 7 15 19 22 19 12 199 11 21 98 13 226 352 482 814 1055 1285 1585 1981 5778
 ... : 7 5 16 7 5 11 6 7 7 15 19 22 19 12 199 11 21 98 13 226 347 477 810 1048 1283 1584 1991 5827
 ... : 7 5 16 7 5 11 6 7 7 15 19 22 19 12 199 11 21 98 13 226 347 477 812 1051 1285 1588 2013 5892
 ... : 7 5 16 7 5 11 6 7 7 15 19 22 19 12 199 11 21 98 13 226 347 477 813 1053 1287 1581 2040 5966
 ... : 7 5 16 7 5 11 6 7 7 15 19 22 19 12 199 11 21 98 13 226 345 471 811 1054 1288 1587 2055 6005
 ... : 7 5 16 7 5 11 6 7 7 15 19 22 19 12 199 11 21 98 13 226 343 471 810 1053 1288 1587 2074 6089
 ... : 7 5 16 7 5 11 6 7 7 15 19 22 19 12 199 11 21 98 13 226 342 469 809 1053 1286 1587 2102 6174
 ... : 7 5 16 7 5 11 6 7 7 15 19 22 19 12 199 11 21 98 13 226 342 469 809 1052 1288 1597 2134 6250
 ... : 7 5 16 7 5 11 6 7 7 15 19 22 19 12 199 11 21 98 13 226 342 469 809 1052 1289 1602 2126 6353
 ... : 7 5 16 7 5 11 6 7 7 15 19 22 19 12 199 11 21 98 13 226 342 469 809 1052 1291 1606 2150 6421
  29 : 7 5 16 7 5 11 6 7 7 15 19 22 19 12 199 11 21 98 13 226 309 409 504 866 1218 1662 1454 2688 4640
 ... : 7 5 16 7 5 11 6 7 7 15 19 22 19 12 199 11 21 98 13 226 309 409 505 873 1218 1663 1459 2705 4698
 ... : 7 5 16 7 5 11 6 7 7 15 19 22 19 12 199 11 21 98 13 226 310 410 505 877 1221 1657 1454 2733 4760
 ... : 7 5 16 7 5 11 6 7 7 15 19 22 19 12 199 11 21 98 13 226 309 413 508 880 1227 1667 1458 2755 4794
 ... : 7 5 16 7 5 11 6 7 7 15 19 22 19 12 199 11 21 98 13 226 309 413 505 883 1230 1669 1472 2772 4848
 ... : 7 5 16 7 5 11 6 7 7 15 19 22 19 12 199 11 21 98 13 226 311 414 501 884 1236 1679 1481 2789 4884
 ... : 7 5 16 7 5 11 6 7 7 15 19 22 19 12 199 11 21 98 13 226 311 414 500 884 1236 1678 1484 2746 4943
 ... : 7 5 16 7 5 11 6 7 7 15 19 22 19 12 199 11 21 98 13 226 311 414 500 885 1236 1680 1493 2777 5006
 ... : 7 5 16 7 5 11 6 7 7 15 19 22 19 12 199 11 21 98 13 226 311 414 499 885 1237 1686 1499 2797 5058
  30 : 7 5 16 7 5 11 6 7 7 15 19 22 19 12 199 11 21 98 13 223 305 400 478 861 1223 1642 1345 1873 1395 4828
 ... : 7 5 16 7 5 11 6 7 7 15 19 22 19 12 199 11 21 98 13 223 306 401 478 864 1231 1650 1357 1883 1408 4864
 ... : 7 5 16 7 5 11 6 7 7 15 19 22 19 12 199 11 21 98 13 223 306 401 478 866 1231 1658 1362 1889 1424 4891
 ... : 7 5 16 7 5 11 6 7 7 15 19 22 19 12 199 11 21 98 13 221 305 401 478 867 1231 1662 1366 1896 1444 4934
 ... : 7 5 16 7 5 11 6 7 7 15 19 22 19 12 199 11 21 98 13 218 303 402 478 868 1231 1662 1369 1901 1457 4959
 ... : 7 5 16 7 5 11 6 7 7 15 19 22 19 12 199 11 21 98 13 216 303 404 478 868 1228 1661 1374 1910 1477 4983
 ... : 7 5 16 7 5 11 6 7 7 15 19 22 19 12 199 11 21 98 13 213 303 404 478 868 1226 1660 1374 1912 1488 5014
 ... : 7 5 16 7 5 11 6 7 7 15 19 22 19 12 199 11 21 98 13 213 303 404 478 868 1225 1659 1383 1926 1515 5077
 ... : 7 5 16 7 5 11 6 7 7 15 19 22 19 12 199 11 21 98 13 212 303 405 478 869 1224 1658 1387 1931 1535 5118
 ... : 7 5 16 7 5 11 6 7 7 15 19 22 19 12 199 11 21 98 13 206 304 405 478 869 1221 1656 1390 1933 1552 5152
 ... : 7 5 16 7 5 11 6 7 7 15 19 22 19 12 199 11 21 98 13 203 304 407 478 871 1222 1655 1392 1935 1564 5186
 ... : 7 5 16 7 5 11 6 7 7 15 19 22 19 12 199 11 21 98 13 202 305 407 479 871 1223 1657 1397 1932 1580 5239
 ... : 7 5 16 7 5 11 6 7 7 15 19 22 19 12 199 11 21 98 13 200 305 407 479 870 1224 1657 1401 1947 1608 5292
 ... : 7 5 16 7 5 11 6 7 7 15 19 22 19 12 199 11 21 98 13 200 305 407 479 870 1224 1657 1404 1959 1621 5325
 ... : 7 5 16 7 5 11 6 7 7 15 19 22 19 12 199 11 21 98 13 199 307 409 477 871 1225 1657 1411 1961 1627 5367
 ... : 7 5 16 7 5 11 6 7 7 15 19 22 19 12 199 11 21 98 13 198 307 409 476 873 1220 1658 1416 1973 1653 5401
 ... : 7 5 16 7 5 11 6 7 7 15 19 22 19 12 199 11 21 98 13 194 308 410 476 873 1219 1660 1421 1979 1673 5437
 ... : 7 5 16 7 5 11 6 7 7 15 19 22 19 12 199 11 21 98 13 190 308 411 476 874 1218 1659 1421 1979 1682 5478
 ... : 7 5 16 7 5 11 6 7 7 15 19 22 19 12 199 11 21 98 13 184 308 411 476 874 1219 1661 1422 1983 1699 5508
 ... : 7 5 16 7 5 11 6 7 7 15 19 22 19 12 199 11 21 98 13 184 308 411 471 874 1216 1659 1424 1991 1707 5560
 ... : 7 5 16 7 5 11 6 7 7 15 19 22 19 12 199 11 21 98 13 184 308 411 470 874 1215 1658 1425 2001 1728 5624
 ... : 7 5 16 7 5 11 6 7 7 15 19 22 19 12 199 11 21 98 13 184 308 411 469 876 1217 1664 1428 2007 1742 5673
 ... : 7 5 16 7 5 11 6 7 7 15 19 22 19 12 199 11 21 98 13 184 308 411 467 876 1215 1664 1432 2005 1744 5725
 ... : 7 5 16 7 5 11 6 7 7 15 19 22 19 12 199 11 21 98 13 184 308 411 467 876 1208 1661 1439 2015 1767 5755
 ... : 7 5 16 7 5 11 6 7 7 15 19 22 19 12 199 11 21 98 13 183 309 412 468 880 1207 1663 1446 2021 1786 5809
 ... : 7 5 16 7 5 11 6 7 7 15 19 22 19 12 199 11 21 98 13 180 309 413 468 881 1204 1664 1451 2027 1806 5839
 ... : 7 5 16 7 5 11 6 7 7 15 19 22 19 12 199 11 21 98 13 178 311 415 470 883 1202 1667 1459 2034 1828 5879
 ... : 7 5 16 7 5 11 6 7 7 15 19 22 19 12 199 11 21 98 13 176 311 414 471 883 1201 1663 1457 2035 1846 5926
  31 : 7 5 16 7 5 11 6 7 7 15 19 22 19 12 199 11 21 98 12 22 363 321 307 402 859 1341 1304 1721 1551 2298 4984
 ... : 7 5 16 7 5 11 6 7 7 15 19 22 19 12 199 11 21 98 12 22 362 320 307 402 860 1343 1306 1720 1559 2309 5023
 ... : 7 5 16 7 5 11 6 7 7 15 19 22 19 12 199 11 21 98 12 22 361 320 308 405 861 1344 1305 1716 1566 2343 5061
 ... : 7 5 16 7 5 11 6 7 7 15 19 22 19 12 199 11 21 98 12 22 361 320 308 404 861 1344 1306 1713 1571 2371 5102
 ... : 7 5 16 7 5 11 6 7 7 15 19 22 19 12 199 11 21 98 12 22 363 323 308 406 862 1345 1304 1708 1574 2384 5148
 ... : 7 5 16 7 5 11 6 7 7 15 19 22 19 12 199 11 21 98 12 22 359 320 305 405 869 1353 1315 1715 1577 2386 5164
 ... : 7 5 16 7 5 11 6 7 7 15 19 22 19 12 199 11 21 98 12 22 358 324 304 404 871 1353 1313 1714 1580 2395 5185
 ... : 7 5 16 7 5 11 6 7 7 15 19 22 19 12 199 11 21 98 12 22 360 330 306 406 874 1357 1316 1714 1583 2409 5195
 ... : 7 5 16 7 5 11 6 7 7 15 19 22 19 12 199 11 21 98 12 22 358 328 305 410 876 1356 1317 1715 1588 2417 5232
 ... : 7 5 16 7 5 11 6 7 7 15 19 22 19 12 199 11 21 98 12 22 357 329 305 411 876 1356 1309 1714 1589 2430 5311
 ... : 7 5 16 7 5 11 6 7 7 15 19 22 19 12 199 11 21 98 12 22 356 331 304 413 875 1356 1309 1716 1588 2436 5335
 ... : 7 5 16 7 5 11 6 7 7 15 19 22 19 12 199 11 21 98 12 22 353 331 304 413 875 1356 1310 1722 1591 2441 5342
 ... : 7 5 16 7 5 11 6 7 7 15 19 22 19 12 199 11 21 98 12 22 350 331 302 415 874 1356 1311 1727 1597 2454 5357
 ... : 7 5 16 7 5 11 6 7 7 15 19 22 19 12 199 11 21 98 12 22 349 330 301 415 873 1356 1311 1730 1610 2487 5389
 ... : 7 5 16 7 5 11 6 7 7 15 19 22 19 12 199 11 21 98 12 22 349 330 301 415 873 1356 1314 1733 1616 2518 5452
 ... : 7 5 16 7 5 11 6 7 7 15 19 22 19 12 199 11 21 98 12 22 349 330 301 415 874 1357 1314 1734 1620 2532 5513
 ... : 7 5 16 7 5 11 6 7 7 15 19 22 19 12 199 11 21 98 12 22 349 330 301 415 881 1364 1321 1740 1627 2547 5535
 ... : 7 5 16 7 5 11 6 7 7 15 19 22 19 12 199 11 21 98 12 22 348 330 301 415 882 1365 1318 1741 1631 2575 5577
 ... : 7 5 16 7 5 11 6 7 7 15 19 22 19 12 199 11 21 98 12 22 348 331 302 416 885 1366 1294 1740 1633 2577 5624
 ... : 7 5 16 7 5 11 6 7 7 15 19 22 19 12 199 11 21 98 12 22 348 333 304 416 889 1370 1295 1742 1635 2592 5706
 ... : 7 5 16 7 5 11 6 7 7 15 19 22 19 12 199 11 21 98 12 22 348 335 304 416 889 1371 1298 1749 1646 2602 5722
 ... : 7 5 16 7 5 11 6 7 7 15 19 22 19 12 199 11 21 98 12 22 346 336 305 419 892 1374 1306 1752 1649 2617 5748
 ... : 7 5 16 7 5 11 6 7 7 15 19 22 19 12 199 11 21 98 12 22 347 337 306 420 893 1376 1311 1750 1657 2650 5786
 ... : 7 5 16 7 5 11 6 7 7 15 19 22 19 12 199 11 21 98 12 22 345 336 307 417 894 1378 1309 1744 1659 2659 5844
 ... : 7 5 16 7 5 11 6 7 7 15 19 22 19 12 199 11 21 98 12 22 340 336 308 421 892 1382 1314 1746 1665 2665 5873
 ... : 7 5 16 7 5 11 6 7 7 15 19 22 19 12 199 11 21 98 12 22 336 338 308 421 891 1382 1311 1741 1659 2680 5906
 ... : 7 5 16 7 5 11 6 7 7 15 19 22 19 12 199 11 21 98 12 22 331 336 307 420 893 1383 1311 1734 1663 2685 5936
 ... : 7 5 16 7 5 11 6 7 7 15 19 22 19 12 199 11 21 98 12 22 326 334 306 418 893 1385 1312 1728 1666 2693 5968
 ... : 7 5 16 7 5 11 6 7 7 15 19 22 19 12 199 11 21 98 12 22 321 332 303 416 892 1387 1315 1725 1667 2703 6006
 ... : 7 5 16 7 5 11 6 7 7 15 19 22 19 12 199 11 21 98 12 22 321 335 303 416 895 1388 1311 1720 1666 2715 6041
 ... : 7 5 16 7 5 11 6 7 7 15 19 22 19 12 199 11 21 98 12 22 320 337 303 416 895 1388 1309 1716 1665 2725 6071
 ... : 7 5 16 7 5 11 6 7 7 15 19 22 19 12 199 11 21 98 12 22 318 340 303 416 897 1389 1309 1710 1662 2738 6104
 ... : 7 5 16 7 5 11 6 7 7 15 19 22 19 12 199 11 21 98 12 22 315 339 301 415 895 1388 1312 1715 1668 2755 6125
 ... : 7 5 16 7 5 11 6 7 7 15 19 22 19 12 199 11 21 98 12 22 314 341 300 414 896 1387 1310 1715 1663 2758 6165
 ... : 7 5 16 7 5 11 6 7 7 15 19 22 19 12 199 11 21 98 12 22 312 341 300 414 893 1387 1310 1721 1668 2763 6175
 ... : 7 5 16 7 5 11 6 7 7 15 19 22 19 12 199 11 21 98 12 22 309 342 300 415 894 1387 1313 1725 1671 2774 6193
 ... : 7 5 16 7 5 11 6 7 7 15 19 22 19 12 199 11 21 98 12 22 308 342 299 414 894 1388 1314 1732 1679 2784 6209
 ... : 7 5 16 7 5 11 6 7 7 15 19 22 19 12 199 11 21 98 12 22 306 343 300 414 893 1387 1313 1735 1686 2790 6225
 ... : 7 5 16 7 5 11 6 7 7 15 19 22 19 12 199 11 21 98 12 22 302 339 296 415 892 1392 1315 1740 1688 2800 6243
 ... : 7 5 16 7 5 11 6 7 7 15 19 22 19 12 199 11 21 98 12 22 299 338 296 416 895 1393 1317 1744 1691 2809 6259
 ... : 7 5 16 7 5 11 6 7 7 15 19 22 19 12 199 11 21 98 12 22 296 336 293 418 899 1395 1320 1748 1697 2820 6270
 ... : 7 5 16 7 5 11 6 7 7 15 19 22 19 12 199 11 21 98 12 22 294 336 290 419 896 1395 1319 1751 1696 2832 6296
 ... : 7 5 16 7 5 11 6 7 7 15 19 22 19 12 199 11 21 98 12 22 295 338 290 420 898 1399 1322 1757 1698 2837 6310
 ... : 7 5 16 7 5 11 6 7 7 15 19 22 19 12 199 11 21 98 12 22 292 340 291 422 900 1397 1320 1758 1701 2850 6324
 ... : 7 5 16 7 5 11 6 7 7 15 19 22 19 12 199 11 21 98 12 22 290 338 290 423 902 1396 1317 1758 1702 2863 6353
 ... : 7 5 16 7 5 11 6 7 7 15 19 22 19 12 199 11 21 98 12 22 290 341 290 426 906 1400 1318 1764 1705 2873 6378
 ... : 7 5 16 7 5 11 6 7 7 15 19 22 19 12 199 11 21 98 12 22 290 346 290 426 908 1403 1319 1763 1702 2885 6405
 ... : 7 5 16 7 5 11 6 7 7 15 19 22 19 12 199 11 21 98 12 22 290 344 288 426 911 1402 1318 1764 1703 2889 6433
 ... : 7 5 16 7 5 11 6 7 7 15 19 22 19 12 199 11 21 98 12 22 288 343 286 424 907 1401 1317 1767 1702 2897 6449
 ... : 7 5 16 7 5 11 6 7 7 15 19 22 19 12 199 11 21 98 12 22 285 342 284 423 903 1400 1315 1768 1708 2905 6469
 ... : 7 5 16 7 5 11 6 7 7 15 19 22 19 12 199 11 21 98 12 22 285 344 284 424 904 1398 1314 1771 1709 2922 6492
 ... : 7 5 16 7 5 11 6 7 7 15 19 22 19 12 199 11 21 98 12 22 283 344 283 425 907 1400 1316 1770 1709 2938 6589
 ... : 7 5 16 7 5 11 6 7 7 15 19 22 19 12 199 11 21 98 12 22 283 346 282 424 910 1401 1317 1774 1711 2952 6602
 ... : 7 5 16 7 5 11 6 7 7 15 19 22 19 12 199 11 21 98 12 22 282 344 280 425 914 1405 1320 1773 1710 2959 6631
 ... : 7 5 16 7 5 11 6 7 7 15 19 22 19 12 199 11 21 98 12 22 280 342 279 420 915 1405 1320 1772 1711 2969 6658
 ... : 7 5 16 7 5 11 6 7 7 15 19 22 19 12 199 11 21 98 12 22 276 340 278 422 915 1408 1324 1776 1714 2975 6673
 ... : 7 5 16 7 5 11 6 7 7 15 19 22 19 12 199 11 21 98 12 22 275 339 276 422 918 1409 1325 1775 1714 2988 6697
 ... : 7 5 16 7 5 11 6 7 7 15 19 22 19 12 199 11 21 98 12 22 275 338 273 423 920 1412 1325 1777 1719 3002 6721
 ... : 7 5 16 7 5 11 6 7 7 15 19 22 19 12 199 11 21 98 12 22 280 342 274 426 927 1416 1325 1776 1722 3012 6745
 ... : 7 5 16 7 5 11 6 7 7 15 19 22 19 12 199 11 21 98 12 22 276 342 274 424 922 1414 1324 1776 1729 3018 6768
 ... : 7 5 16 7 5 11 6 7 7 15 19 22 19 12 199 11 21 98 12 22 274 339 270 423 922 1415 1322 1771 1728 3022 6797
 ... : 7 5 16 7 5 11 6 7 7 15 19 22 19 12 199 11 21 98 12 22 272 338 271 422 922 1417 1322 1769 1732 3040 6860
 ... : 7 5 16 7 5 11 6 7 7 15 19 22 19 12 199 11 21 98 12 22 272 336 269 422 922 1419 1321 1765 1730 3047 6911
 ... : 7 5 16 7 5 11 6 7 7 15 19 22 19 12 199 11 21 98 12 22 268 335 269 424 923 1419 1321 1764 1732 3055 6941
 ... : 7 5 16 7 5 11 6 7 7 15 19 22 19 12 199 11 21 98 12 22 266 335 268 427 923 1423 1320 1768 1733 3062 6965
  32 : 7 5 16 7 5 11 6 7 7 15 19 22 19 12 199 11 20 98 12 21 141 134 147 182 634 1070 1054 1468 1536 2182 2480 6649
 ... : 7 5 16 7 5 11 6 7 7 15 19 22 19 12 199 11 20 98 12 21 141 134 147 176 634 1070 1054 1468 1536 2182 2497 6699
 ... : 7 5 16 7 5 11 6 7 7 15 19 22 19 12 199 11 20 98 12 21 141 134 147 172 634 1070 1054 1468 1536 2190 2512 6763
 ... : 7 5 16 7 5 11 6 7 7 15 19 22 19 12 199 11 20 98 12 21 141 134 147 172 634 1069 1053 1468 1536 2187 2528 6809
 ... : 7 5 16 7 5 11 6 7 7 15 19 22 19 12 199 11 20 98 12 21 141 134 147 172 634 1069 1045 1467 1536 2188 2544 6850
 ... : 7 5 16 7 5 11 6 7 7 15 19 22 19 12 199 11 20 98 12 21 141 134 147 172 634 1067 1040 1468 1536 2175 2555 6868
 ... : 7 5 16 7 5 11 6 7 7 15 19 22 19 12 199 11 20 98 12 21 141 134 147 171 634 1067 1040 1468 1536 2168 2560 6907
 ... : 7 5 16 7 5 11 6 7 7 15 19 22 19 12 199 11 20 98 12 21 140 133 146 168 634 1070 1040 1469 1535 2168 2574 6943
 ... : 7 5 16 7 5 11 6 7 7 15 19 22 19 12 199 11 20 98 12 21 139 132 143 166 635 1075 1039 1468 1537 2173 2590 6994
 ... : 7 5 16 7 5 11 6 7 7 15 19 22 19 12 199 11 20 98 12 21 139 130 142 164 636 1078 1037 1466 1537 2175 2601 7017
 ... : 7 5 16 7 5 11 6 7 7 15 19 22 19 12 199 11 20 98 12 21 139 130 142 164 636 1074 1024 1470 1536 2176 2592 7020
 ... : 7 5 16 7 5 11 6 7 7 15 19 22 19 12 199 11 20 98 12 21 139 130 142 164 636 1071 1018 1469 1536 2171 2595 7042
  33 : 7 5 16 7 5 11 6 7 7 15 19 22 19 12 199 11 20 98 10 21 115 90 80 135 566 939 880 1381 1454 1854 1792 2213 6193
 ... : 7 5 16 7 5 11 6 7 7 15 19 22 19 12 199 11 20 98 10 21 115 90 80 135 566 939 879 1381 1453 1857 1797 2227 6311
 ... : 7 5 16 7 5 11 6 7 7 15 19 22 19 12 199 11 20 98 10 21 115 90 80 135 566 939 879 1380 1452 1857 1792 2260 6362
 ... : 7 5 16 7 5 11 6 7 7 15 19 22 19 12 199 11 20 98 10 21 115 90 80 134 566 939 879 1380 1451 1856 1786 2275 6447
 ... : 7 5 16 7 5 11 6 7 7 15 19 22 19 12 199 11 20 98 10 21 115 90 80 135 565 939 879 1380 1453 1857 1785 2289 6498
 ... : 7 5 16 7 5 11 6 7 7 15 19 22 19 12 199 11 20 98 10 21 115 90 80 135 565 939 879 1380 1453 1856 1783 2310 6544
 ... : 7 5 16 7 5 11 6 7 7 15 19 22 19 12 199 11 20 98 10 21 115 90 80 135 564 939 878 1382 1455 1856 1792 2342 6605
 ... : 7 5 16 7 5 11 6 7 7 15 19 22 19 12 199 11 20 98 10 21 115 90 80 135 563 940 878 1382 1455 1855 1797 2379 6675
 ... : 7 5 16 7 5 11 6 7 7 15 19 22 19 12 199 11 20 98 10 21 115 90 80 135 562 940 879 1382 1456 1854 1798 2385 6732
 ... : 7 5 16 7 5 11 6 7 7 15 19 22 19 12 199 11 20 98 10 21 115 90 80 135 562 940 878 1384 1460 1857 1800 2416 6781
 ... : 7 5 16 7 5 11 6 7 7 15 19 22 19 12 199 11 20 98 10 21 115 90 80 135 562 940 878 1384 1463 1863 1812 2434 6807
 ... : 7 5 16 7 5 11 6 7 7 15 19 22 19 12 199 11 20 98 10 21 115 90 80 135 562 940 878 1384 1465 1864 1820 2452 6821
  34 : 7 5 16 7 5 11 6 7 7 15 19 22 19 12 199 11 20 98 10 21 115 90 80 129 430 885 892 1349 1406 1664 1693 1502 1899 6450
 ... : 7 5 16 7 5 11 6 7 7 15 19 22 19 12 199 11 20 98 10 21 115 90 80 129 430 886 891 1351 1409 1668 1698 1506 1921 6512
 ... : 7 5 16 7 5 11 6 7 7 15 19 22 19 12 199 11 20 98 10 21 115 90 80 129 430 888 891 1353 1414 1673 1699 1512 1950 6561
 ... : 7 5 16 7 5 11 6 7 7 15 19 22 19 12 199 11 20 98 10 21 115 90 80 129 429 890 891 1354 1415 1675 1704 1516 1959 6579
 ... : 7 5 16 7 5 11 6 7 7 15 19 22 19 12 199 11 20 98 10 21 115 92 80 129 429 892 893 1360 1423 1679 1703 1514 1974 6617
 ... : 7 5 16 7 5 11 6 7 7 15 19 22 19 12 199 11 20 98 10 21 115 92 80 129 429 892 893 1361 1424 1681 1716 1525 1998 6647
 ... : 7 5 16 7 5 11 6 7 7 15 19 22 19 12 199 11 20 98 10 21 115 92 80 129 428 892 892 1360 1422 1684 1715 1534 2020 6680
 ... : 7 5 16 7 5 11 6 7 7 15 19 22 19 12 199 11 20 98 10 21 115 92 80 129 428 892 894 1360 1422 1686 1729 1544 2038 6734
 ... : 7 5 16 7 5 11 6 7 7 15 19 22 19 12 199 11 20 98 10 21 115 92 80 129 428 892 894 1360 1422 1686 1739 1553 2051 6776
 ... : 7 5 16 7 5 11 6 7 7 15 19 22 19 12 199 11 20 98 10 21 115 92 80 129 428 892 895 1360 1423 1687 1749 1564 2067 6811
 ... : 7 5 16 7 5 11 6 7 7 15 19 22 19 12 199 11 20 98 10 21 115 92 80 129 428 892 903 1360 1423 1687 1766 1574 2080 6834
 ... : 7 5 16 7 5 11 6 7 7 15 19 22 19 12 199 11 20 98 10 21 115 92 80 129 428 892 903 1361 1423 1688 1772 1586 2096 6892
 ... : 7 5 16 7 5 11 6 7 7 15 19 22 19 12 199 11 20 98 10 21 115 92 80 129 428 892 903 1361 1423 1689 1780 1593 2106 6971
 ... : 7 5 16 7 5 11 6 7 7 15 19 22 19 12 199 11 20 98 10 21 115 92 80 129 428 892 905 1361 1423 1689 1791 1601 2117 7017
 ... : 7 5 16 7 5 11 6 7 7 15 19 22 19 12 199 11 20 98 10 21 115 92 80 129 428 892 905 1361 1424 1691 1806 1619 2137 7067
 ... : 7 5 16 7 5 11 6 7 7 15 19 22 19 12 199 11 20 98 10 21 115 92 80 129 428 892 905 1361 1424 1691 1813 1634 2168 7113
 ... : 7 5 16 7 5 11 6 7 7 15 19 22 19 12 199 11 20 98 10 21 115 92 80 129 428 892 905 1361 1424 1693 1830 1648 2190 7150
 ... : 7 5 16 7 5 11 6 7 7 15 19 22 19 12 199 11 20 98 10 21 115 92 80 129 428 892 905 1361 1424 1694 1836 1658 2216 7186
 ... : 7 5 16 7 5 11 6 7 7 15 19 22 19 12 199 11 20 98 10 21 115 92 80 129 428 891 903 1360 1425 1697 1834 1663 2237 7238
 ... : 7 5 16 7 5 11 6 7 7 15 19 22 19 12 199 11 20 98 10 21 115 92 80 129 428 891 902 1357 1425 1698 1835 1667 2262 7309
 ... : 7 5 16 7 5 11 6 7 7 15 19 22 19 12 199 11 20 98 10 21 115 92 80 129 428 891 902 1355 1424 1695 1827 1661 2283 7389
 ... : 7 5 16 7 5 11 6 7 7 15 19 22 19 12 199 11 20 98 10 21 115 92 80 129 428 891 900 1353 1421 1693 1832 1667 2301 7422
 ... : 7 5 16 7 5 11 6 7 7 15 19 22 19 12 199 11 20 98 10 21 115 92 80 129 428 891 900 1353 1422 1693 1831 1673 2320 7481
 ... : 7 5 16 7 5 11 6 7 7 15 19 22 19 12 199 11 20 98 10 21 115 92 80 129 428 891 900 1354 1420 1692 1827 1669 2334 7543
 ... : 7 5 16 7 5 11 6 7 7 15 19 22 19 12 199 11 20 98 10 21 115 92 80 128 426 892 902 1358 1423 1699 1836 1677 2342 7565
 ... : 7 5 16 7 5 11 6 7 7 15 19 22 19 12 199 11 20 98 10 21 115 92 80 128 426 893 903 1359 1426 1707 1841 1685 2359 7597
 ... : 7 5 16 7 5 11 6 7 7 15 19 22 19 12 199 11 20 98 10 21 115 92 80 128 426 893 904 1360 1426 1716 1853 1698 2380 7621
 ... : 7 5 16 7 5 11 6 7 7 15 19 22 19 12 199 11 20 98 10 21 115 92 80 128 426 893 904 1360 1426 1725 1871 1713 2411 7635
 ... : 7 5 16 7 5 11 6 7 7 15 19 22 19 12 199 11 20 98 10 21 115 92 80 128 426 893 904 1360 1426 1733 1882 1725 2426 7667
 ... : 7 5 16 7 5 11 6 7 7 15 19 22 19 12 199 11 20 98 10 21 115 92 80 128 426 892 905 1358 1425 1732 1886 1739 2449 7708
 ... : 7 5 16 7 5 11 6 7 7 15 19 22 19 12 199 11 20 98 10 21 115 92 80 128 426 892 907 1359 1426 1729 1890 1755 2466 7739
 ... : 7 5 16 7 5 11 6 7 7 15 19 22 19 12 199 11 20 98 10 21 115 92 80 128 426 892 909 1359 1428 1726 1894 1762 2484 7795
 ... : 7 5 16 7 5 11 6 7 7 15 19 22 19 12 199 11 20 98 10 21 115 92 80 128 426 891 908 1359 1425 1718 1885 1774 2488 7884
 ... : 7 5 16 7 5 11 6 7 7 15 19 22 19 12 199 11 20 98 10 21 115 92 80 128 426 891 908 1359 1425 1720 1891 1786 2511 7928
 ... : 7 5 16 7 5 11 6 7 7 15 19 22 19 12 199 11 20 98 10 21 115 92 80 128 426 891 908 1360 1431 1728 1908 1802 2524 7956
 ... : 7 5 16 7 5 11 6 7 7 15 19 22 19 12 199 11 20 98 10 21 115 92 80 128 426 891 906 1355 1430 1735 1924 1819 2543 7982
 ... : 7 5 16 7 5 11 6 7 7 15 19 22 19 12 199 11 20 98 10 21 115 92 80 128 426 891 906 1355 1431 1738 1939 1835 2560 8025
 ... : 7 5 16 7 5 11 6 7 7 15 19 22 19 12 199 11 20 98 10 21 115 92 80 128 423 881 891 1346 1412 1715 1908 1817 2520 8037
 ... : 7 5 16 7 5 11 6 7 7 15 19 22 19 12 199 11 20 98 10 21 115 92 80 127 423 878 888 1340 1407 1707 1902 1818 2525 8088
 ... : 7 5 16 7 5 11 6 7 7 15 19 22 19 12 199 11 20 98 10 21 115 92 80 128 421 877 883 1343 1409 1707 1905 1821 2535 8131
 ... : 7 5 16 7 5 11 6 7 7 15 19 22 19 12 199 11 20 98 10 21 115 92 80 128 421 874 875 1345 1415 1717 1917 1826 2549 8167
 ... : 7 5 16 7 5 11 6 7 7 15 19 22 19 12 199 11 20 98 10 21 114 92 80 126 419 871 874 1346 1416 1721 1912 1828 2570 8213
 ... : 7 5 16 7 5 11 6 7 7 15 19 22 19 12 199 11 20 98 10 21 114 92 80 126 419 871 874 1346 1416 1717 1904 1835 2584 8277
 ... : 7 5 16 7 5 11 6 7 7 15 19 22 19 12 199 11 20 98 10 21 114 92 80 126 419 871 875 1348 1417 1720 1919 1845 2598 8323
 ... : 7 5 16 7 5 11 6 7 7 15 19 22 19 12 199 11 20 98 10 21 114 92 80 126 419 871 875 1350 1419 1727 1941 1869 2618 8356
 ... : 7 5 16 7 5 11 6 7 7 15 19 22 19 12 199 11 20 98 10 21 114 92 80 126 419 871 876 1351 1420 1731 1963 1883 2636 8386
 ... : 7 5 16 7 5 11 6 7 7 15 19 22 19 12 199 11 20 98 10 21 114 92 80 126 419 871 876 1352 1421 1732 1985 1893 2649 8431
 ... : 7 5 16 7 5 11 6 7 7 15 19 22 19 12 199 11 20 98 10 21 114 92 80 126 419 871 876 1351 1421 1734 1984 1893 2666 8491
 ... : 7 5 16 7 5 11 6 7 7 15 19 22 19 12 199 11 20 98 10 21 114 92 80 126 420 871 875 1351 1423 1738 1991 1901 2688 8536
 ... : 7 5 16 7 5 11 6 7 7 15 19 22 19 12 199 11 20 98 10 21 114 91 79 125 420 871 874 1352 1425 1744 1997 1906 2710 8579
 ... : 7 5 16 7 5 11 6 7 7 15 19 22 19 12 199 11 20 98 10 21 114 91 79 125 420 871 874 1352 1426 1750 2007 1914 2738 8636
 ... : 7 5 16 7 5 11 6 7 7 15 19 22 19 12 199 11 20 98 10 21 114 90 78 124 420 872 874 1354 1429 1751 2012 1920 2763 8687
 ... : 7 5 16 7 5 11 6 7 7 15 19 22 19 12 199 11 20 98 10 21 114 90 78 124 420 872 874 1354 1429 1757 2010 1921 2779 8768
 ... : 7 5 16 7 5 11 6 7 7 15 19 22 19 12 199 11 20 98 10 21 114 90 78 124 420 872 874 1354 1430 1769 2032 1934 2804 8800
 ... : 7 5 16 7 5 11 6 7 7 15 19 22 19 12 199 11 20 98 10 21 114 90 78 124 420 872 874 1354 1430 1775 2049 1949 2825 8839
 ... : 7 5 16 7 5 11 6 7 7 15 19 22 19 12 199 11 20 98 10 21 114 90 78 124 420 872 874 1354 1431 1782 2060 1964 2847 8865
 ... : 7 5 16 7 5 11 6 7 7 15 19 22 19 12 199 11 20 98 10 21 114 90 78 124 420 872 874 1355 1434 1791 2072 1972 2875 8899
 ... : 7 5 16 7 5 11 6 7 7 15 19 22 19 12 199 11 20 98 10 21 114 90 78 124 420 872 874 1356 1436 1799 2087 1986 2892 8939
 ... : 7 5 16 7 5 11 6 7 7 15 19 22 19 12 199 11 20 98 10 21 114 90 78 124 420 872 874 1357 1438 1802 2096 1998 2912 8982
 ... : 7 5 16 7 5 11 6 7 7 15 19 22 19 12 199 11 20 98 10 21 114 90 78 124 420 872 876 1360 1442 1811 2117 2012 2930 9004
 ... : 7 5 16 7 5 11 6 7 7 15 19 22 19 12 199 11 20 98 10 21 114 90 78 124 420 872 877 1362 1445 1819 2129 2029 2947 9042
 ... : 7 5 16 7 5 11 6 7 7 15 19 22 19 12 199 11 20 98 10 21 113 90 78 124 420 870 875 1363 1444 1822 2132 2032 2952 9092
 ... : 7 5 16 7 5 11 6 7 7 15 19 22 19 12 199 11 20 98 10 21 113 90 78 124 420 870 875 1363 1444 1825 2139 2045 2976 9128
 ... : 7 5 16 7 5 11 6 7 7 15 19 22 19 12 199 11 20 98 10 21 113 90 78 124 420 870 875 1363 1443 1826 2138 2047 3013 9203
 ... : 7 5 16 7 5 11 6 7 7 15 19 22 19 12 199 11 20 98 10 21 113 90 78 124 420 870 875 1361 1442 1830 2141 2057 3041 9244
 ... : 7 5 16 7 5 11 6 7 7 15 19 22 19 12 199 11 20 98 10 21 113 90 78 124 420 870 875 1361 1444 1832 2150 2065 3063 9288
 ... : 7 5 16 7 5 11 6 7 7 15 19 22 19 12 199 11 20 98 10 21 113 90 78 124 420 870 875 1361 1447 1834 2166 2077 3092 9324
 ... : 7 5 16 7 5 11 6 7 7 15 19 22 19 12 199 11 20 98 10 21 113 90 78 124 420 870 875 1361 1448 1836 2177 2088 3113 9372
 ... : 7 5 16 7 5 11 6 7 7 15 19 22 19 12 199 11 20 98 10 21 113 90 78 124 420 869 875 1362 1449 1839 2182 2095 3128 9447
 ... : 7 5 16 7 5 11 6 7 7 15 19 22 19 12 199 11 20 98 10 21 113 90 78 124 421 869 875 1363 1451 1839 2191 2101 3152 9488
 ... : 7 5 16 7 5 11 6 7 7 15 19 22 19 12 199 11 20 98 10 21 113 90 78 124 421 869 875 1363 1451 1839 2195 2106 3181 9543
 ... : 7 5 16 7 5 11 6 7 7 15 19 22 19 12 199 11 20 98 10 21 113 90 78 124 421 869 875 1363 1449 1840 2195 2110 3197 9603
 ... : 7 5 16 7 5 11 6 7 7 15 19 22 19 12 199 11 20 98 10 21 113 90 78 124 421 866 873 1363 1449 1841 2196 2116 3212 9670
 ... : 7 5 16 7 5 11 6 7 7 15 19 22 19 12 199 11 20 98 10 21 113 90 78 124 421 865 873 1364 1450 1841 2193 2117 3225 9753
 ... : 7 5 16 7 5 11 6 7 7 15 19 22 19 12 199 11 20 98 10 21 113 90 78 124 421 865 873 1364 1452 1841 2197 2119 3239 9811
 ... : 7 5 16 7 5 11 6 7 7 15 19 22 19 12 199 11 20 98 10 21 113 90 78 124 420 864 872 1364 1451 1843 2200 2125 3268 9869
 ... : 7 5 16 7 5 11 6 7 7 15 19 22 19 12 199 11 20 98 10 21 113 90 78 124 420 864 872 1364 1451 1843 2200 2126 3281 9923
 ... : 7 5 16 7 5 11 6 7 7 15 19 22 19 12 199 11 20 98 10 21 113 90 78 124 420 863 872 1364 1450 1842 2195 2126 3298 9977
 ... : 7 5 16 7 5 11 6 7 7 15 19 22 19 12 199 11 20 98 10 21 113 90 78 124 420 862 870 1364 1451 1845 2194 2128 3312 10021
 ... : 7 5 16 7 5 11 6 7 7 15 19 22 19 12 199 11 20 98 10 21 113 90 78 124 419 861 868 1365 1452 1844 2192 2127 3337 10095
  35 : 7 5 16 7 5 11 6 7 7 15 19 22 19 12 199 11 20 98 10 21 111 72 68 111 287 636 580 1092 1333 1562 1666 1642 2059 2696 10232
 ... : 7 5 16 7 5 11 6 7 7 15 19 22 19 12 199 11 20 98 10 21 111 72 68 111 287 636 580 1091 1333 1562 1667 1641 2060 2720 10316
 ... : 7 5 16 7 5 11 6 7 7 15 19 22 19 12 199 11 20 98 10 21 111 72 68 111 284 633 580 1089 1333 1560 1663 1649 2063 2741 10362
 ... : 7 5 16 7 5 11 6 7 7 15 19 22 19 12 199 11 20 98 10 21 111 72 68 111 284 633 580 1089 1333 1562 1664 1659 2072 2755 10404
 ... : 7 5 16 7 5 11 6 7 7 15 19 22 19 12 199 11 20 98 10 21 111 71 67 110 284 633 579 1088 1334 1562 1666 1665 2080 2774 10434
 ... : 7 5 16 7 5 11 6 7 7 15 19 22 19 12 199 11 20 98 10 21 111 70 66 109 283 632 577 1087 1330 1559 1669 1667 2089 2787 10477
 ... : 7 5 16 7 5 11 6 7 7 15 19 22 19 12 199 11 20 98 10 21 111 70 66 109 283 632 577 1087 1330 1559 1669 1667 2092 2812 10545
 ... : 7 5 16 7 5 11 6 7 7 15 19 22 19 12 199 11 20 98 10 21 111 70 66 108 285 632 574 1085 1333 1561 1668 1664 2095 2825 10591
 ... : 7 5 16 7 5 11 6 7 7 15 19 22 19 12 199 11 20 98 10 21 111 69 66 106 286 632 572 1087 1334 1559 1668 1659 2098 2853 10651
 ... : 7 5 16 7 5 11 6 7 7 15 19 22 19 12 199 11 20 98 10 21 111 68 66 105 286 629 568 1085 1335 1556 1666 1658 2102 2869 10685
 ... : 7 5 16 7 5 11 6 7 7 15 19 22 19 12 199 11 20 98 10 21 111 68 66 105 286 627 568 1085 1333 1554 1663 1660 2093 2887 10715
 ... : 7 5 16 7 5 11 6 7 7 15 19 22 19 12 199 11 20 98 10 21 111 68 66 105 286 627 568 1086 1335 1558 1670 1670 2101 2901 10740
 ... : 7 5 16 7 5 11 6 7 7 15 19 22 19 12 199 11 20 98 10 21 111 68 66 105 286 627 568 1081 1335 1565 1679 1679 2110 2912 10763
 ... : 7 5 16 7 5 11 6 7 7 15 19 22 19 12 199 11 20 98 10 21 111 67 65 104 286 625 566 1080 1335 1567 1682 1681 2114 2923 10826
 ... : 7 5 16 7 5 11 6 7 7 15 19 22 19 12 199 11 20 98 10 21 111 66 65 103 287 624 564 1079 1337 1568 1684 1683 2117 2947 10861
  36 : 7 5 16 7 5 11 6 7 7 15 19 22 19 12 199 11 20 98 10 21 96 47 43 57 57 378 434 585 608 1332 1592 1393 1608 2217 2410 11396
 ... : 7 5 16 7 5 11 6 7 7 15 19 22 19 12 199 11 20 98 10 21 96 47 43 57 57 378 434 585 608 1333 1597 1396 1611 2210 2452 11472
 ... : 7 5 16 7 5 11 6 7 7 15 19 22 19 12 199 11 20 98 10 21 96 47 43 57 57 378 434 585 607 1334 1613 1409 1619 2220 2466 11506
 ... : 7 5 16 7 5 11 6 7 7 15 19 22 19 12 199 11 20 98 10 21 96 47 43 57 57 378 434 585 607 1333 1618 1414 1622 2213 2485 11599
  37 : 7 5 16 7 5 11 6 7 7 15 19 22 19 12 199 11 20 98 10 21 96 47 43 57 57 377 433 577 606 1320 1592 1368 1597 2123 2416 3558 8303
 ... : 7 5 16 7 5 11 6 7 7 15 19 22 19 12 199 11 20 98 10 21 96 47 43 57 57 377 433 576 603 1321 1594 1373 1597 2119 2417 3651 8394
 ... : 7 5 16 7 5 11 6 7 7 15 19 22 19 12 199 11 20 98 10 21 96 47 43 57 57 377 433 576 603 1322 1593 1371 1596 2122 2425 3692 8466
 ... : 7 5 16 7 5 11 6 7 7 15 19 22 19 12 199 11 20 98 10 21 96 47 43 57 57 377 433 576 603 1322 1593 1372 1595 2118 2433 3755 8525
 ... : 7 5 16 7 5 11 6 7 7 15 19 22 19 12 199 11 20 98 10 21 96 47 43 57 57 377 433 576 597 1315 1592 1372 1590 2115 2422 3809 8623
 ... : 7 5 16 7 5 11 6 7 7 15 19 22 19 12 199 11 20 98 10 21 96 47 43 57 57 376 432 576 598 1316 1601 1377 1595 2125 2431 3823 8664
 ... : 7 5 16 7 5 11 6 7 7 15 19 22 19 12 199 11 20 98 10 21 96 47 43 57 57 376 432 576 598 1318 1608 1384 1604 2129 2437 3827 8686
 ... : 7 5 16 7 5 11 6 7 7 15 19 22 19 12 199 11 20 98 10 21 96 47 43 57 57 376 432 576 598 1322 1615 1389 1608 2134 2443 3864 8710
 ... : 7 5 16 7 5 11 6 7 7 15 19 22 19 12 199 11 20 98 10 21 96 47 43 57 57 376 431 576 590 1318 1611 1383 1605 2128 2435 3878 8862
 ... : 7 5 16 7 5 11 6 7 7 15 19 22 19 12 199 11 20 98 10 21 96 47 43 57 57 376 431 576 590 1319 1611 1389 1611 2131 2438 3865 8915
 ... : 7 5 16 7 5 11 6 7 7 15 19 22 19 12 199 11 20 98 10 21 96 47 43 57 57 376 431 576 591 1319 1612 1394 1618 2135 2439 3874 8964
 ... : 7 5 16 7 5 11 6 7 7 15 19 22 19 12 199 11 20 98 10 21 96 47 43 57 57 376 430 575 591 1319 1614 1399 1625 2142 2446 3879 9031
  38 : 7 5 16 7 5 11 6 7 7 15 19 22 19 12 199 11 20 98 10 21 96 47 43 57 56 370 313 421 435 764 902 691 921 1463 1672 2227 4146 9294
 ... : 7 5 16 7 5 11 6 7 7 15 19 22 19 12 199 11 20 98 10 21 96 47 43 57 56 370 313 421 435 764 902 691 921 1463 1672 2227 4200 9400
 ... : 7 5 16 7 5 11 6 7 7 15 19 22 19 12 199 11 20 98 10 21 96 47 43 57 56 370 313 421 435 764 907 694 924 1466 1677 2236 4239 9456
 ... : 7 5 16 7 5 11 6 7 7 15 19 22 19 12 199 11 20 98 10 21 96 47 43 57 56 370 313 421 434 768 913 697 931 1468 1686 2249 4276 9478
 ... : 7 5 16 7 5 11 6 7 7 15 19 22 19 12 199 11 20 98 10 21 96 47 43 57 56 370 313 421 434 768 913 697 930 1469 1688 2254 4300 9569
 ... : 7 5 16 7 5 11 6 7 7 15 19 22 19 12 199 11 20 98 10 21 96 47 43 57 56 371 314 422 432 771 916 700 931 1473 1700 2267 4321 9582
 ... : 7 5 16 7 5 11 6 7 7 15 19 22 19 12 199 11 20 98 10 21 96 47 43 57 56 370 314 423 430 773 915 702 934 1477 1704 2271 4336 9594
 ... : 7 5 16 7 5 11 6 7 7 15 19 22 19 12 199 11 20 98 10 21 96 47 43 57 56 370 314 422 429 775 919 705 938 1476 1710 2282 4361 9618
 ... : 7 5 16 7 5 11 6 7 7 15 19 22 19 12 199 11 20 98 10 21 96 47 43 57 56 370 314 422 429 776 920 708 938 1479 1715 2291 4393 9659
 ... : 7 5 16 7 5 11 6 7 7 15 19 22 19 12 199 11 20 98 10 21 96 47 43 57 56 370 314 422 429 777 920 710 935 1482 1717 2301 4425 9705
 ... : 7 5 16 7 5 11 6 7 7 15 19 22 19 12 199 11 20 98 10 21 96 47 43 57 56 370 314 422 429 777 917 708 928 1484 1722 2307 4455 9771
 ... : 7 5 16 7 5 11 6 7 7 15 19 22 19 12 199 11 20 98 10 21 96 47 43 57 56 370 314 422 430 778 920 713 934 1490 1729 2318 4484 9792
 ... : 7 5 16 7 5 11 6 7 7 15 19 22 19 12 199 11 20 98 10 21 96 47 43 57 56 370 314 420 428 779 923 719 938 1494 1734 2328 4511 9811
 ... : 7 5 16 7 5 11 6 7 7 15 19 22 19 12 199 11 20 98 10 21 96 47 43 57 56 370 314 420 428 779 923 721 941 1491 1733 2322 4529 9828
 ... : 7 5 16 7 5 11 6 7 7 15 19 22 19 12 199 11 20 98 10 21 96 47 43 57 56 370 314 420 428 779 923 721 941 1484 1727 2304 4552 9903
 ... : 7 5 16 7 5 11 6 7 7 15 19 22 19 12 199 11 20 98 10 21 96 47 43 57 56 370 315 421 428 780 924 726 949 1490 1734 2313 4575 9947
  39 : 7 5 16 7 5 11 6 7 7 15 19 22 19 12 199 11 20 98 10 21 96 47 43 57 56 350 293 393 414 736 873 665 836 1346 1545 2005 3006 5340 6991
 ... : 7 5 16 7 5 11 6 7 7 15 19 22 19 12 199 11 20 98 10 21 96 47 43 57 56 350 293 393 414 736 873 665 836 1346 1537 2008 3019 5367 7066
 ... : 7 5 16 7 5 11 6 7 7 15 19 22 19 12 199 11 20 98 10 21 96 47 43 57 56 346 292 391 411 738 874 668 838 1349 1542 2014 3025 5379 7077
 ... : 7 5 16 7 5 11 6 7 7 15 19 22 19 12 199 11 20 98 10 21 96 47 43 57 56 345 290 387 408 741 875 666 843 1353 1545 2019 3026 5404 7110
 ... : 7 5 16 7 5 11 6 7 7 15 19 22 19 12 199 11 20 98 10 21 96 47 43 57 56 344 287 385 406 745 877 670 841 1358 1545 2025 3030 5420 7121
 ... : 7 5 16 7 5 11 6 7 7 15 19 22 19 12 199 11 20 98 10 21 96 47 43 57 56 342 286 384 404 748 878 674 843 1360 1551 2034 3037 5428 7137
 ... : 7 5 16 7 5 11 6 7 7 15 19 22 19 12 199 11 20 98 10 21 96 47 43 57 56 342 285 383 403 750 879 675 843 1361 1551 2032 3032 5459 7252
 ... : 7 5 16 7 5 11 6 7 7 15 19 22 19 12 199 11 20 98 10 21 96 47 43 57 56 342 285 383 403 750 879 674 842 1363 1549 2035 3035 5510 7345
 ... : 7 5 16 7 5 11 6 7 7 15 19 22 19 12 199 11 20 98 10 21 96 47 43 57 56 342 285 383 403 750 879 673 839 1362 1549 2040 3042 5534 7457
 ... : 7 5 16 7 5 11 6 7 7 15 19 22 19 12 199 11 20 98 10 21 96 47 43 57 56 342 285 383 403 752 881 675 841 1365 1553 2048 3050 5568 7504
 ... : 7 5 16 7 5 11 6 7 7 15 19 22 19 12 199 11 20 98 10 21 96 47 43 57 56 342 285 383 403 755 884 677 846 1369 1562 2069 3058 5594 7526
 ... : 7 5 16 7 5 11 6 7 7 15 19 22 19 12 199 11 20 98 10 21 96 47 43 57 56 341 285 383 403 758 890 682 852 1372 1568 2089 3064 5616 7547
 ... : 7 5 16 7 5 11 6 7 7 15 19 22 19 12 199 11 20 98 10 21 96 47 43 57 56 339 285 383 403 760 895 686 858 1375 1571 2104 3075 5645 7563
 ... : 7 5 16 7 5 11 6 7 7 15 19 22 19 12 199 11 20 98 10 21 96 47 43 57 56 339 285 383 403 763 899 691 865 1377 1574 2117 3092 5675 7583
 ... : 7 5 16 7 5 11 6 7 7 15 19 22 19 12 199 11 20 98 10 21 96 47 43 57 56 339 287 384 404 764 901 693 868 1381 1579 2124 3113 5699 7605
 ... : 7 5 16 7 5 11 6 7 7 15 19 22 19 12 199 11 20 98 10 21 96 47 43 57 56 339 286 383 405 766 904 695 872 1388 1585 2130 3120 5711 7624
 ... : 7 5 16 7 5 11 6 7 7 15 19 22 19 12 199 11 20 98 10 21 96 47 43 57 56 339 286 383 405 768 906 699 879 1393 1591 2139 3135 5731 7647
 ... : 7 5 16 7 5 11 6 7 7 15 19 22 19 12 199 11 20 98 10 21 96 47 43 57 56 339 288 384 406 773 907 701 882 1396 1595 2145 3140 5747 7668
 ... : 7 5 16 7 5 11 6 7 7 15 19 22 19 12 199 11 20 98 10 21 96 47 43 57 56 339 288 385 408 775 910 706 894 1402 1602 2153 3146 5757 7680
 ... : 7 5 16 7 5 11 6 7 7 15 19 22 19 12 199 11 20 98 10 21 96 47 43 57 56 339 288 386 407 776 913 709 903 1411 1610 2158 3152 5772 7699
 ... : 7 5 16 7 5 11 6 7 7 15 19 22 19 12 199 11 20 98 10 21 96 47 43 57 56 339 287 385 406 777 910 713 905 1414 1611 2162 3157 5790 7718
 ... : 7 5 16 7 5 11 6 7 7 15 19 22 19 12 199 11 20 98 10 21 96 47 43 57 56 339 287 385 406 777 906 711 900 1413 1612 2170 3172 5797 7757
 ... : 7 5 16 7 5 11 6 7 7 15 19 22 19 12 199 11 20 98 10 21 96 47 43 57 56 339 287 385 407 777 907 715 901 1417 1616 2180 3181 5815 7779
 ... : 7 5 16 7 5 11 6 7 7 15 19 22 19 12 199 11 20 98 10 21 96 47 43 57 56 339 288 387 408 779 906 715 900 1419 1619 2189 3186 5830 7799
 ... : 7 5 16 7 5 11 6 7 7 15 19 22 19 12 199 11 20 98 10 21 96 47 43 57 56 339 288 387 409 782 909 720 910 1426 1625 2198 3191 5847 7818
 ... : 7 5 16 7 5 11 6 7 7 15 19 22 19 12 199 11 20 98 10 21 96 47 43 57 56 339 288 387 409 784 910 722 912 1427 1628 2205 3197 5866 7852
 ... : 7 5 16 7 5 11 6 7 7 15 19 22 19 12 199 11 20 98 10 21 96 47 43 57 56 339 289 388 409 784 912 723 916 1431 1631 2212 3212 5887 7867
 ... : 7 5 16 7 5 11 6 7 7 15 19 22 19 12 199 11 20 98 10 21 96 47 43 57 56 339 289 388 413 789 917 728 925 1436 1637 2216 3221 5902 7880
 ... : 7 5 16 7 5 11 6 7 7 15 19 22 19 12 199 11 20 98 10 21 96 47 43 57 56 339 288 388 411 791 917 730 927 1441 1643 2223 3226 5913 7899
 ... : 7 5 16 7 5 11 6 7 7 15 19 22 19 12 199 11 20 98 10 21 96 47 43 57 56 339 286 388 409 791 916 731 931 1442 1649 2238 3240 5937 7917
 ... : 7 5 16 7 5 11 6 7 7 15 19 22 19 12 199 11 20 98 10 21 96 47 43 57 56 339 286 389 410 795 920 734 939 1448 1655 2250 3253 5946 7930
 ... : 7 5 16 7 5 11 6 7 7 15 19 22 19 12 199 11 20 98 10 21 96 47 43 57 56 339 286 389 410 795 921 736 943 1451 1660 2256 3258 5963 7963
 ... : 7 5 16 7 5 11 6 7 7 15 19 22 19 12 199 11 20 98 10 21 96 47 43 57 56 339 286 390 413 797 925 739 947 1456 1668 2264 3268 5978 7979
 ... : 7 5 16 7 5 11 6 7 7 15 19 22 19 12 199 11 20 98 10 21 96 47 43 57 56 339 286 390 413 797 926 740 947 1456 1669 2268 3277 6020 8037
 ... : 7 5 16 7 5 11 6 7 7 15 19 22 19 12 199 11 20 98 10 21 96 47 43 57 56 339 286 390 413 796 924 739 944 1453 1669 2270 3276 6013 8163
 ... : 7 5 16 7 5 11 6 7 7 15 19 22 19 12 199 11 20 98 10 21 96 47 43 57 56 339 286 390 413 796 923 739 939 1451 1668 2277 3280 6012 8234
 ... : 7 5 16 7 5 11 6 7 7 15 19 22 19 12 199 11 20 98 10 21 96 47 43 57 56 339 286 390 413 796 923 738 938 1450 1663 2271 3276 6035 8321
 ... : 7 5 16 7 5 11 6 7 7 15 19 22 19 12 199 11 20 98 10 21 96 47 43 57 56 339 286 390 413 796 923 739 937 1450 1660 2277 3277 6053 8394
 ... : 7 5 16 7 5 11 6 7 7 15 19 22 19 12 199 11 20 98 10 21 96 47 43 57 56 339 286 390 413 796 923 740 940 1449 1660 2283 3273 6023 8472
 ... : 7 5 16 7 5 11 6 7 7 15 19 22 19 12 199 11 20 98 10 21 96 47 43 57 56 339 285 390 411 795 921 743 939 1450 1667 2293 3277 6039 8490
 ... : 7 5 16 7 5 11 6 7 7 15 19 22 19 12 199 11 20 98 10 21 96 47 43 57 56 339 285 390 410 796 921 746 940 1453 1671 2300 3280 6050 8502
 ... : 7 5 16 7 5 11 6 7 7 15 19 22 19 12 199 11 20 98 10 21 96 47 43 57 56 339 285 390 410 797 921 749 941 1457 1680 2309 3287 6060 8526
 ... : 7 5 16 7 5 11 6 7 7 15 19 22 19 12 199 11 20 98 10 21 96 47 43 57 56 339 285 391 410 801 922 754 944 1462 1683 2316 3291 6070 8540
 ... : 7 5 16 7 5 11 6 7 7 15 19 22 19 12 199 11 20 98 10 21 96 47 43 57 56 339 285 391 410 804 927 760 950 1465 1688 2322 3298 6083 8566
 ... : 7 5 16 7 5 11 6 7 7 15 19 22 19 12 199 11 20 98 10 21 96 47 43 57 56 339 286 391 411 805 927 763 952 1466 1691 2328 3306 6101 8580
 ... : 7 5 16 7 5 11 6 7 7 15 19 22 19 12 199 11 20 98 10 21 96 47 43 57 56 339 288 392 413 813 932 768 956 1470 1696 2332 3309 6109 8591
 ... : 7 5 16 7 5 11 6 7 7 15 19 22 19 12 199 11 20 98 10 21 96 47 43 57 56 339 288 392 413 815 930 768 957 1472 1698 2336 3309 6118 8604
 ... : 7 5 16 7 5 11 6 7 7 15 19 22 19 12 199 11 20 98 10 21 96 47 43 57 56 339 286 390 413 816 932 773 963 1479 1707 2345 3313 6129 8624
 ... : 7 5 16 7 5 11 6 7 7 15 19 22 19 12 199 11 20 98 10 21 96 47 43 57 56 338 284 394 416 818 933 779 968 1486 1711 2352 3318 6138 8639
 ... : 7 5 16 7 5 11 6 7 7 15 19 22 19 12 199 11 20 98 10 21 96 47 43 57 56 338 284 393 416 819 934 783 970 1490 1713 2354 3320 6149 8651
 ... : 7 5 16 7 5 11 6 7 7 15 19 22 19 12 199 11 20 98 10 21 96 47 43 57 56 337 285 392 417 821 936 784 970 1493 1714 2360 3324 6163 8672
 ... : 7 5 16 7 5 11 6 7 7 15 19 22 19 12 199 11 20 98 10 21 96 47 43 57 56 336 287 392 417 822 934 785 971 1497 1718 2368 3331 6174 8689
 ... : 7 5 16 7 5 11 6 7 7 15 19 22 19 12 199 11 20 98 10 21 96 47 43 57 56 336 286 390 416 824 934 786 973 1502 1724 2373 3334 6181 8718
 ... : 7 5 16 7 5 11 6 7 7 15 19 22 19 12 199 11 20 98 10 21 96 47 43 57 56 336 286 389 416 825 934 788 974 1503 1729 2382 3338 6191 8737
 ... : 7 5 16 7 5 11 6 7 7 15 19 22 19 12 199 11 20 98 10 21 96 47 43 57 56 336 284 389 417 827 937 790 975 1505 1734 2400 3351 6207 8751
 ... : 7 5 16 7 5 11 6 7 7 15 19 22 19 12 199 11 20 98 10 21 96 47 43 57 56 335 283 388 416 826 936 792 979 1505 1739 2417 3364 6218 8760
 ... : 7 5 16 7 5 11 6 7 7 15 19 22 19 12 199 11 20 98 10 21 96 47 43 57 56 334 283 387 413 827 936 793 978 1507 1743 2431 3376 6235 8779
 ... : 7 5 16 7 5 11 6 7 7 15 19 22 19 12 199 11 20 98 10 21 96 47 43 57 56 334 283 384 412 829 938 796 979 1511 1749 2438 3382 6251 8797
 ... : 7 5 16 7 5 11 6 7 7 15 19 22 19 12 199 11 20 98 10 21 96 47 43 57 56 332 282 384 414 833 942 802 986 1515 1755 2438 3383 6259 8813
 ... : 7 5 16 7 5 11 6 7 7 15 19 22 19 12 199 11 20 98 10 21 96 47 43 57 56 332 278 382 414 836 947 805 991 1520 1757 2442 3385 6268 8832
 ... : 7 5 16 7 5 11 6 7 7 15 19 22 19 12 199 11 20 98 10 21 96 47 43 57 56 332 278 382 413 838 950 808 991 1519 1757 2442 3385 6282 8857
 ... : 7 5 16 7 5 11 6 7 7 15 19 22 19 12 199 11 20 98 10 21 96 47 43 57 56 332 276 381 414 839 950 807 992 1523 1758 2450 3385 6298 8913
 ... : 7 5 16 7 5 11 6 7 7 15 19 22 19 12 199 11 20 98 10 21 96 47 43 57 56 332 275 380 413 840 948 814 994 1529 1765 2465 3395 6311 8922
 ... : 7 5 16 7 5 11 6 7 7 15 19 22 19 12 199 11 20 98 10 21 96 47 43 57 56 332 276 381 415 842 949 816 996 1531 1769 2472 3400 6313 8931
 ... : 7 5 16 7 5 11 6 7 7 15 19 22 19 12 199 11 20 98 10 21 96 47 43 57 56 331 275 381 415 842 951 812 995 1531 1770 2480 3407 6318 8953
 ... : 7 5 16 7 5 11 6 7 7 15 19 22 19 12 199 11 20 98 10 21 96 47 43 57 56 331 275 381 413 843 952 818 995 1529 1767 2481 3406 6322 8965
 ... : 7 5 16 7 5 11 6 7 7 15 19 22 19 12 199 11 20 98 10 21 96 47 43 57 56 331 274 381 413 845 952 819 995 1534 1767 2485 3411 6337 9009
 ... : 7 5 16 7 5 11 6 7 7 15 19 22 19 12 199 11 20 98 10 21 96 47 43 57 56 331 274 380 412 847 953 823 994 1537 1768 2491 3414 6346 9028
 ... : 7 5 16 7 5 11 6 7 7 15 19 22 19 12 199 11 20 98 10 21 96 47 43 57 56 331 274 380 412 848 954 825 998 1541 1773 2496 3421 6348 9072
 ... : 7 5 16 7 5 11 6 7 7 15 19 22 19 12 199 11 20 98 10 21 96 47 43 57 56 331 275 381 413 854 954 831 1001 1544 1778 2499 3423 6353 9087
 ... : 7 5 16 7 5 11 6 7 7 15 19 22 19 12 199 11 20 98 10 21 96 47 44 57 56 332 276 381 413 856 956 837 1008 1547 1782 2506 3429 6367 9101
 ... : 7 5 16 7 5 11 6 7 7 15 19 22 19 12 199 11 20 98 10 21 96 47 44 57 56 332 277 381 414 860 959 845 1011 1551 1783 2514 3434 6377 9119
 ... : 7 5 16 7 5 11 6 7 7 15 19 22 19 12 199 11 20 98 10 21 96 47 44 57 56 332 277 381 413 863 961 848 1014 1552 1784 2514 3435 6390 9145
 ... : 7 5 16 7 5 11 6 7 7 15 19 22 19 12 199 11 20 98 10 21 96 47 44 57 56 332 277 381 412 863 961 848 1013 1553 1789 2521 3445 6407 9199
 ... : 7 5 16 7 5 11 6 7 7 15 19 22 19 12 199 11 20 98 10 21 96 47 44 57 56 332 276 379 412 862 960 847 1014 1554 1792 2526 3447 6420 9228
 ... : 7 5 16 7 5 11 6 7 7 15 19 22 19 12 199 11 20 98 10 21 96 47 44 57 56 333 275 376 413 863 959 850 1016 1556 1792 2530 3452 6418 9288
 ... : 7 5 16 7 5 11 6 7 7 15 19 22 19 12 199 11 20 98 10 21 96 47 44 57 56 333 274 377 412 866 959 851 1016 1556 1792 2533 3460 6429 9322
 ... : 7 5 16 7 5 11 6 7 7 15 19 22 19 12 199 11 20 98 10 21 96 47 44 57 56 333 273 377 409 866 957 854 1015 1557 1793 2538 3469 6444 9340
 ... : 7 5 16 7 5 11 6 7 7 15 19 22 19 12 199 11 20 98 10 21 96 47 44 57 56 333 274 378 410 866 956 857 1016 1557 1798 2542 3475 6463 9354
 ... : 7 5 16 7 5 11 6 7 7 15 19 22 19 12 199 11 20 98 10 21 96 47 44 57 56 333 274 378 411 868 955 859 1016 1560 1804 2545 3474 6478 9371
  40 : 7 5 16 7 5 11 6 7 7 15 19 22 19 12 199 11 19 99 10 21 96 47 44 57 56 199 208 223 321 571 704 579 676 1200 1288 1873 2860 3849 4658 10362
 ... : 7 5 16 7 5 11 6 7 7 15 19 22 19 12 199 11 19 99 10 21 96 47 44 57 56 199 208 223 321 571 704 578 671 1200 1290 1880 2868 3857 4685 10419
 ... : 7 5 16 7 5 11 6 7 7 15 19 22 19 12 199 11 19 99 10 21 96 47 44 57 56 199 208 223 321 571 704 578 672 1198 1291 1882 2873 3861 4730 10498
 ... : 7 5 16 7 5 11 6 7 7 15 19 22 19 12 199 11 19 99 10 21 96 47 44 57 56 199 208 223 321 571 704 578 670 1195 1295 1883 2874 3860 4763 10566
 ... : 7 5 16 7 5 11 6 7 7 15 19 22 19 12 199 11 19 99 10 21 96 47 44 57 56 199 208 223 321 571 703 578 668 1196 1303 1890 2884 3864 4790 10622
 ... : 7 5 16 7 5 11 6 7 7 15 19 22 19 12 199 11 19 99 10 21 96 47 44 57 56 199 208 223 321 571 701 577 664 1195 1307 1897 2887 3861 4804 10716
 ... : 7 5 16 7 5 11 6 7 7 15 19 22 19 12 199 11 19 99 10 21 96 47 44 57 56 199 208 223 321 571 701 577 664 1195 1306 1894 2883 3860 4819 10895
 ... : 7 5 16 7 5 11 6 7 7 15 19 22 19 12 199 11 19 99 10 21 96 47 44 57 56 199 208 223 321 570 701 576 663 1194 1305 1897 2885 3855 4794 11054
  41 : 7 5 16 7 5 11 6 7 7 15 19 22 19 12 199 11 19 99 10 21 96 47 44 57 56 199 208 223 321 559 692 557 625 1098 1185 1582 2438 3532 3905 5528 7639
 ... : 7 5 16 7 5 11 6 7 7 15 19 22 19 12 199 11 19 99 10 21 96 47 44 57 56 199 208 223 321 559 692 557 624 1098 1187 1584 2440 3537 3918 5566 7714
 ... : 7 5 16 7 5 11 6 7 7 15 19 22 19 12 199 11 19 99 10 21 96 47 44 57 56 199 208 223 321 559 692 557 624 1098 1186 1583 2438 3536 3913 5594 7861
 ... : 7 5 16 7 5 11 6 7 7 15 19 22 19 12 199 11 19 99 10 21 96 47 44 57 56 199 208 223 321 559 692 557 622 1099 1186 1585 2443 3535 3901 5602 7965
 ... : 7 5 16 7 5 11 6 7 7 15 19 22 19 12 199 11 19 99 10 21 96 47 44 57 56 199 208 223 321 559 692 557 619 1101 1188 1588 2446 3534 3905 5617 8052
 ... : 7 5 16 7 5 11 6 7 7 15 19 22 19 12 199 11 19 99 10 21 96 47 44 57 56 199 208 223 321 559 692 557 619 1102 1190 1591 2446 3535 3907 5645 8144
 ... : 7 5 16 7 5 11 6 7 7 15 19 22 19 12 199 11 19 99 10 21 96 47 44 57 56 199 208 223 321 559 692 557 619 1102 1189 1590 2445 3537 3905 5654 8259
 ... : 7 5 16 7 5 11 6 7 7 15 19 22 19 12 199 11 19 99 10 21 96 47 44 57 56 199 208 223 321 559 692 557 619 1102 1189 1589 2445 3539 3909 5701 8375
 ... : 7 5 16 7 5 11 6 7 7 15 19 22 19 12 199 11 19 99 10 21 96 47 44 57 56 199 208 223 321 559 692 558 618 1101 1189 1591 2446 3534 3910 5719 8483
 ... : 7 5 16 7 5 11 6 7 7 15 19 22 19 12 199 11 19 99 10 21 96 47 44 57 56 199 208 223 321 559 692 557 618 1100 1189 1593 2448 3534 3912 5739 8596
 ... : 7 5 16 7 5 11 6 7 7 15 19 22 19 12 199 11 19 99 10 21 96 47 44 57 56 199 208 223 321 559 692 557 618 1099 1189 1592 2447 3527 3909 5777 8728
 ... : 7 5 16 7 5 11 6 7 7 15 19 22 19 12 199 11 19 99 10 21 96 47 44 57 56 199 208 223 321 558 692 557 618 1099 1189 1592 2447 3524 3889 5813 8853
 ... : 7 5 16 7 5 11 6 7 7 15 19 22 19 12 199 11 19 99 10 21 96 47 44 57 56 199 208 223 321 558 692 556 615 1099 1189 1595 2459 3528 3888 5831 8934
  42 : 7 5 16 7 5 11 6 7 7 15 19 22 19 12 199 11 19 99 10 21 96 47 43 55 53 195 207 222 320 549 660 535 556 872 1029 1358 2260 2829 3301 4527 5736 6531
 ... : 7 5 16 7 5 11 6 7 7 15 19 22 19 12 199 11 19 99 10 21 96 47 43 55 53 195 207 222 320 549 660 535 556 872 1029 1358 2260 2829 3300 4533 5780 6634
 ... : 7 5 16 7 5 11 5 7 7 15 19 22 19 12 199 11 19 99 10 21 96 47 43 55 53 195 207 222 320 549 660 535 555 872 1029 1357 2259 2829 3303 4537 5817 6709
 ... : 7 5 16 7 5 11 5 7 7 15 19 22 19 12 199 11 19 99 10 21 96 47 43 55 53 195 207 222 320 549 660 535 555 872 1029 1355 2254 2819 3298 4541 5851 6754
 ... : 7 5 16 7 5 11 5 7 7 15 19 22 19 12 199 11 19 99 10 21 96 47 43 55 53 195 207 222 320 549 660 535 555 872 1027 1354 2255 2811 3297 4535 5882 6817
 ... : 7 5 16 7 5 11 5 7 7 15 19 22 19 12 199 11 19 99 10 21 96 47 43 55 53 195 207 222 320 549 660 535 555 872 1025 1351 2253 2811 3303 4555 5905 6861
 ... : 7 5 16 7 5 11 5 7 7 15 19 22 19 12 199 11 19 99 10 21 96 47 43 55 53 195 207 222 320 549 660 535 555 872 1025 1351 2253 2810 3301 4551 5892 6975
 ... : 7 5 16 7 5 11 5 7 7 15 19 22 19 12 199 11 19 99 10 21 96 47 43 55 53 195 207 222 320 549 660 535 555 872 1025 1350 2254 2809 3303 4556 5902 7065
 ... : 7 5 16 7 5 11 5 7 7 15 19 22 19 12 199 11 19 99 10 21 96 47 43 55 53 195 207 222 320 549 660 535 555 872 1024 1350 2257 2811 3314 4570 5918 7104
 ... : 7 5 16 7 5 11 5 7 7 15 19 22 19 12 199 11 19 99 10 21 96 47 43 55 53 195 207 222 320 549 660 535 555 872 1024 1352 2258 2816 3324 4580 5933 7141
 ... : 7 5 16 7 5 11 5 7 7 15 19 22 19 12 199 11 19 99 10 21 96 47 43 55 53 195 207 222 320 549 660 535 557 871 1024 1352 2258 2816 3324 4587 5960 7206
 ... : 7 5 16 7 5 11 5 7 7 15 19 22 19 12 199 11 19 99 10 21 96 47 43 55 53 195 207 222 320 548 659 534 555 870 1024 1351 2257 2812 3327 4594 5984 7295
 ... : 7 5 16 7 5 11 5 7 7 15 19 22 19 12 199 11 19 99 10 21 96 47 43 55 53 195 207 222 320 548 659 533 554 869 1022 1349 2250 2810 3332 4613 6014 7350
 ... : 7 5 16 7 5 11 5 7 7 15 19 22 19 12 199 11 19 99 10 21 96 47 43 55 53 195 207 222 320 550 661 534 556 871 1027 1351 2252 2811 3340 4625 6027 7395
 ... : 7 5 16 7 5 11 5 7 7 15 19 22 19 12 199 11 19 99 10 21 96 47 43 55 53 195 207 222 320 553 667 540 560 875 1032 1362 2262 2819 3345 4631 6043 7406
 ... : 7 5 16 7 5 11 5 7 7 15 19 22 19 12 199 11 19 99 10 21 96 47 43 55 53 195 208 222 320 553 671 548 565 882 1037 1369 2270 2825 3349 4635 6053 7420
 ... : 7 5 16 7 5 11 5 7 7 15 19 22 19 12 199 11 19 99 10 21 96 47 43 55 53 195 209 222 320 554 676 552 570 885 1042 1378 2282 2834 3357 4640 6068 7435
 ... : 7 5 16 7 5 11 5 7 7 15 19 22 19 12 199 11 19 99 10 21 96 47 43 55 53 195 209 222 320 554 678 553 571 885 1044 1384 2285 2840 3369 4652 6095 7458
 ... : 7 5 16 7 5 11 5 7 7 15 19 22 19 12 199 11 19 99 10 21 96 47 43 55 53 195 209 222 320 556 684 562 577 890 1050 1394 2292 2843 3372 4658 6102 7468
 ... : 7 5 16 7 5 11 5 7 7 15 19 22 19 12 199 11 19 99 10 21 96 47 43 55 53 195 209 222 320 561 691 566 580 893 1054 1404 2301 2851 3381 4665 6110 7487
 ... : 7 5 16 7 5 11 5 7 7 15 19 22 19 12 199 11 19 99 10 21 96 47 43 55 53 195 209 222 320 562 697 570 584 897 1058 1409 2306 2857 3387 4671 6117 7508
 ... : 7 5 16 7 5 11 5 7 7 15 19 22 19 12 199 11 19 99 10 21 96 47 43 55 53 195 209 222 320 563 700 572 586 901 1062 1416 2313 2866 3396 4678 6128 7527
 ... : 7 5 16 7 5 11 5 7 7 15 19 22 19 12 199 11 19 99 10 21 96 47 43 55 53 195 209 222 320 563 700 572 586 901 1061 1411 2309 2858 3402 4696 6143 7571
