initialized model with 128 latches, 67 inputs and 1 properties
tsim: performed 14 steps
tsim: found cycle from 12
checking bound 0
checking bound 1
checking bound 2
tdecomp: unrolling 2 cycles
tsim: performed 12 steps
tsim: found cycle from 10
tsim: found 1 constants and 0 latch equivalences
tdecomp: (128, 268) -> (127, 104)
 ... : 200
 ... : 401
 ... : 602
   2 : 271 488
 ... : 289 687
 ... : 293 888
   3 : 211 195 930
 ... : 210 241 1130
   4 : 210 109 190 1142
   5 : 210 106 162 672 707
 ... : 210 104 159 799 948
 ... : 210 103 159 680 1150
   6 : 210 101 156 56 41 1802
   7 : 210 100 156 50 20 19 1853
   8 : 210 100 154 37 11 9 41 1893
   9 : 210 100 154 37 11 9 14 44 1915
  10 : 210 100 154 37 11 9 12 11 10 1979
  11 : 210 100 154 37 11 9 12 11 7 13 1985
  12 : 210 98 154 37 11 9 12 11 7 11 55 1963
  13 : 210 98 151 32 11 9 11 11 7 10 30 51 1978
  14 : 210 98 151 32 11 9 11 11 7 10 30 11 14 2034
  15 : 210 98 151 32 11 9 11 11 7 10 30 11 11 28 2018
  16 : 210 98 151 32 11 9 11 11 7 10 30 9 1 0 2069 3
num_solve_calls = 217323
num_solve_sat_calls = 53644
num_solve_unsat_calls = 19773
num_solve_approx_calls = 84096
num_solve_approx_unsat_calls = 68759
num_solve_conflicts = 494822
num_solve_decisions = 6910741
num_solve_propagations = 264422824
avg_solve_conflicts = 3
avg_solve_decisions = 32
avg_solve_propagations = 1217
avg_solve_unsat_decisions = 2.441
stddev_solve_unsat_decisions = 8.342
num_added_cubes = 27049
num_subsumed_cubes = 24387
num_mic_down_calls = 37174
num_mic_down_good = 17212
num_added_ctgs = 599
num_gc_frame = 118
num_reset = 23
num_try_blocking = 81430
get_bad_cube_time = 33.455
rec_block_cube_time = 21.871
propagate_forward_time = 13.864
generalize_model_time = 7.025
generalize_and_push_time = 20.398
ctg_time = 6.340
try_blocking_time = 33.527
reset_time = 0.689
clausify_time = 0.994
preprocess_time = 0.425
solve_time = 66.583
solve_sat_time = 42.673
solve_unsat_time = 23.910
prove_time = 70.583
memory_used_mb = 12
total_time = 70.636
Safe
