initialized model with 607 latches, 252 inputs and 1 properties
tsim: performed 14 steps
tsim: found cycle from 12
checking bound 0
checking bound 1
checking bound 2
tdecomp: unrolling 2 cycles
tsim: performed 12 steps
tsim: found cycle from 10
tsim: found 1 constants and 0 latch equivalences
tdecomp: (607, 1008) -> (606, 455)
 ... : 200
 ... : 401
 ... : 602
 ... : 803
 ... : 1004
 ... : 1205
   2 : 954 270
 ... : 1030 477
 ... : 1080 682
 ... : 1189 890
 ... : 1258 1091
 ... : 1390 1301
 ... : 1641 1476
 ... : 1828 1650
 ... : 2341 1815
   3 : 2050 1674 558
 ... : 2050 1719 763
 ... : 2049 1766 966
 ... : 2049 1776 1168
 ... : 2049 1806 1368
 ... : 2049 1840 1569
 ... : 2049 2005 1772
 ... : 2049 2358 1973
 ... : 2050 2475 2167
 ... : 2069 3128 2367
   4 : 2066 2916 1970 758
 ... : 2066 2916 2042 962
 ... : 2066 2916 2090 1164
 ... : 2066 2916 2131 1368
 ... : 2066 2916 2225 1572
 ... : 2066 2915 2268 1774
 ... : 2066 2914 2301 1977
   5 : 2060 2915 2140 1428 917
 ... : 2060 2915 2139 1505 1123
 ... : 2060 2915 2139 1540 1325
 ... : 2060 2915 2139 1571 1527
 ... : 2060 2915 2137 1597 1726
 ... : 2060 2915 2137 1668 1930
 ... : 2060 2915 2137 1722 2131
 ... : 2060 2915 2137 1795 2332
   6 : 2058 2915 2133 1644 1237 1334
 ... : 2058 2915 2133 1644 1358 1545
 ... : 2058 2915 2133 1644 1464 1748
   7 : 2057 2916 2133 1641 1409 928 971
 ... : 2057 2916 2133 1641 1409 998 1188
 ... : 2057 2916 2133 1641 1409 1091 1396
 ... : 2057 2916 2133 1641 1409 1140 1604
 ... : 2057 2916 2133 1641 1409 1217 1814
 ... : 2057 2916 2133 1641 1409 1301 2022
 ... : 2057 2916 2133 1641 1409 1445 2232
 ... : 2057 2916 2133 1641 1409 1501 2440
 ... : 2057 2916 2133 1641 1409 1531 2643
 ... : 2057 2916 2133 1641 1409 1588 2847
   8 : 2057 2916 2133 1641 1397 1511 1559 1523
 ... : 2057 2916 2133 1641 1397 1511 1651 1743
 ... : 2057 2916 2133 1641 1397 1511 1688 1947
 ... : 2057 2916 2133 1641 1397 1511 1773 2154
 ... : 2057 2916 2133 1641 1397 1511 1825 2359
 ... : 2057 2916 2133 1641 1397 1511 1859 2567
 ... : 2057 2916 2133 1641 1397 1511 1878 2768
 ... : 2057 2916 2133 1641 1397 1511 1923 2977
 ... : 2057 2916 2133 1641 1397 1511 1986 3188
   9 : 2055 2917 2132 1641 1396 1509 1864 1683 1675
 ... : 2055 2917 2132 1641 1396 1509 1864 1722 1904
 ... : 2055 2917 2132 1641 1396 1509 1864 1739 2109
 ... : 2055 2917 2132 1641 1396 1509 1864 1764 2316
 ... : 2055 2917 2132 1641 1396 1509 1864 1792 2538
 ... : 2055 2917 2132 1641 1396 1509 1864 1841 2773
 ... : 2055 2917 2132 1641 1396 1509 1864 1866 2999
 ... : 2055 2917 2132 1641 1396 1509 1864 1920 3224
 ... : 2055 2917 2132 1641 1396 1509 1864 1954 3461
 ... : 2055 2917 2132 1641 1396 1509 1864 1984 3679
  10 : 2055 2917 2132 1641 1396 1509 1864 1943 635 3241
  11 : 2055 2917 2132 1640 1395 1509 1866 1937 625 86 3170
  12 : 2055 2917 2132 1640 1395 1509 1866 1937 624 38 27 3193
  13 : 2055 2917 2132 1640 1395 1509 1866 1936 621 39 14 4 3205
  14 : 2055 2917 2132 1640 1395 1509 1866 1936 621 39 14 2 3 3204
  15 : 2055 2917 2132 1640 1395 1509 1866 1936 621 39 14 2 0 3207 0
num_solve_calls = 1067467
num_solve_sat_calls = 477858
num_solve_unsat_calls = 53978
num_solve_approx_calls = 367689
num_solve_approx_unsat_calls = 123105
num_solve_conflicts = 5093220
num_solve_decisions = 208509212
num_solve_propagations = 3677308751
avg_solve_conflicts = 5
avg_solve_decisions = 196
avg_solve_propagations = 3445
avg_solve_unsat_decisions = 62.872
stddev_solve_unsat_decisions = 836.210
num_added_cubes = 46058
num_subsumed_cubes = 26725
num_mic_down_calls = 181247
num_mic_down_good = 40455
num_added_ctgs = 6920
num_gc_frame = 53
num_reset = 77
num_try_blocking = 460993
get_bad_cube_time = 103.166
rec_block_cube_time = 935.614
propagate_forward_time = 129.131
generalize_model_time = 124.564
generalize_and_push_time = 897.339
ctg_time = 448.506
try_blocking_time = 807.312
reset_time = 26.679
clausify_time = 9.585
preprocess_time = 17.997
solve_time = 1106.267
solve_sat_time = 776.141
solve_unsat_time = 330.126
prove_time = 1170.182
memory_used_mb = 54
total_time = 1170.623
Safe
