initialized model with 607 latches, 256 inputs and 1 properties
tsim: performed 14 steps
tsim: found cycle from 12
checking bound 0
checking bound 1
checking bound 2
tdecomp: unrolling 2 cycles
tsim: performed 12 steps
tsim: found cycle from 10
tsim: found 1 constants and 0 latch equivalences
tdecomp: (607, 1024) -> (606, 461)
 ... : 200
 ... : 401
 ... : 602
 ... : 803
 ... : 1004
 ... : 1205
 ... : 1406
 ... : 1607
 ... : 1808
 ... : 2009
 ... : 2210
 ... : 2411
 ... : 2612
 ... : 2813
 ... : 3014
 ... : 3215
 ... : 3416
 ... : 3617
 ... : 3818
 ... : 4019
 ... : 4220
 ... : 4421
 ... : 4622
 ... : 4823
 ... : 5024
 ... : 5225
 ... : 5426
 ... : 5627
 ... : 5828
 ... : 6029
 ... : 6230
 ... : 6431
 ... : 6632
 ... : 6833
   2 : 5314 1667
 ... : 5381 1872
 ... : 5455 2077
 ... : 5738 2283
 ... : 6145 2485
 ... : 6318 2687
 ... : 6507 2889
 ... : 6630 3086
 ... : 6697 3288
 ... : 6985 3470
 ... : 7232 3666
 ... : 7578 3860
 ... : 8211 4061
 ... : 8461 4260
