initialized model with 367 latches, 37 inputs and 1 properties
tsim: performed 20 steps
tsim: found cycle from 18
checking bound 0
checking bound 1
checking bound 2
tdecomp: unrolling 2 cycles
tsim: performed 18 steps
tsim: found cycle from 16
tsim: found 1 constants and 0 latch equivalences
tdecomp: (367, 148) -> (366, 48)
   2 : 25 8
   3 : 55 25 17
 ... : 63 78 72
   4 : 64 65 87 51
 ... : 60 88 233 116
 ... : 62 98 329 175
 ... : 62 123 345 234
   5 : 60 116 288 283 100
 ... : 58 112 330 387 179
 ... : 62 111 362 488 240
 ... : 62 116 391 578 296
 ... : 65 118 412 638 364
 ... : 68 127 425 677 401
   6 : 67 111 306 427 515 196
 ... : 67 111 307 457 621 294
   7 : 67 111 293 402 543 286 193
 ... : 69 110 293 412 568 333 240
 ... : 69 112 298 420 637 384 245
 ... : 66 113 304 440 670 431 285
 ... : 70 114 297 440 692 457 299
 ... : 70 117 300 453 701 483 356
 ... : 70 117 298 433 715 592 421
 ... : 69 120 314 462 757 637 442
 ... : 69 119 319 467 794 734 486
 ... : 69 119 323 473 820 808 543
 ... : 69 121 336 485 843 889 573
 ... : 69 118 336 502 873 1017 622
 ... : 72 122 341 511 914 1091 655
 ... : 72 123 340 525 930 1141 716
   8 : 71 123 282 419 721 950 756 398
 ... : 71 125 291 441 744 982 816 431
 ... : 71 125 288 440 745 1002 892 456
 ... : 71 125 286 454 796 1069 967 487
 ... : 71 125 286 463 888 1241 1051 508
 ... : 71 125 286 461 899 1312 1270 574
 ... : 71 125 286 478 949 1386 1368 614
 ... : 71 125 285 488 982 1432 1482 655
 ... : 71 125 284 491 1047 1541 1582 671
 ... : 71 125 284 495 1075 1654 1724 719
 ... : 71 125 287 498 1079 1672 1843 797
 ... : 71 125 288 497 1072 1671 1891 834
 ... : 71 125 289 499 1065 1650 1948 878
 ... : 71 125 289 500 1061 1635 1952 933
 ... : 71 125 291 510 1075 1633 1960 960
 ... : 73 126 289 487 1054 1659 2030 995
 ... : 73 126 289 484 1048 1673 2150 1049
 ... : 73 126 291 486 1056 1688 2214 1099
 ... : 73 126 293 486 1055 1658 2234 1146
 ... : 74 128 302 504 1070 1708 2276 1176
 ... : 74 128 302 501 1067 1730 2354 1211
 ... : 73 130 306 512 1089 1730 2391 1256
   9 : 73 127 269 415 809 1212 1753 1371 476
 ... : 73 127 269 415 812 1226 1810 1486 528
 ... : 73 127 269 415 812 1228 1844 1668 610
 ... : 73 127 269 415 812 1236 1877 1786 664
 ... : 73 127 271 421 817 1248 1903 1846 699
 ... : 76 133 273 426 823 1260 1942 1909 726
 ... : 72 129 271 425 822 1261 1952 1944 759
 ... : 72 131 274 436 840 1308 2023 1965 767
 ... : 72 131 274 435 839 1304 2068 2074 806
 ... : 72 131 274 435 836 1302 2106 2192 874
 ... : 72 131 274 442 845 1328 2180 2244 882
 ... : 72 131 274 445 858 1354 2208 2348 935
 ... : 75 131 277 465 884 1405 2249 2348 935
 ... : 76 133 284 477 898 1419 2258 2349 935
 ... : 77 133 277 465 889 1409 2292 2366 935
 ... : 77 135 282 472 893 1429 2333 2381 935
 ... : 77 135 282 472 892 1414 2361 2463 955
 ... : 77 135 281 477 898 1429 2376 2619 993
 ... : 79 140 285 483 906 1436 2394 2700 1059
 ... : 79 140 284 492 912 1443 2434 2750 1076
 ... : 79 140 284 494 912 1445 2448 2809 1126
  10 : 79 133 270 457 804 1182 2050 2524 965 658
 ... : 79 133 270 457 804 1182 2047 2554 1125 726
 ... : 79 133 270 457 802 1182 2038 2569 1235 771
 ... : 79 133 270 457 802 1182 2036 2580 1361 839
 ... : 79 133 270 457 802 1182 2038 2628 1465 892
 ... : 79 133 270 457 802 1182 2041 2715 1685 962
 ... : 79 133 270 457 801 1180 2072 2853 1787 1011
 ... : 79 133 270 457 801 1188 2092 3015 1940 1050
 ... : 79 133 270 457 801 1187 2107 3147 2235 1107
 ... : 79 133 270 457 801 1187 2111 3220 2613 1164
 ... : 79 133 270 457 801 1187 2122 3317 2973 1228
 ... : 79 133 270 457 802 1189 2131 3381 3179 1273
 ... : 79 133 270 459 802 1187 2134 3420 3243 1292
 ... : 79 133 270 459 802 1189 2137 3462 3343 1325
 ... : 79 133 270 459 802 1191 2141 3516 3496 1374
 ... : 79 133 270 459 801 1193 2149 3597 3642 1430
 ... : 79 133 270 459 801 1194 2150 3679 3956 1494
 ... : 79 133 270 459 802 1197 2158 3747 4171 1536
 ... : 79 133 270 459 804 1199 2173 3755 4247 1574
 ... : 79 133 270 459 803 1199 2186 3812 4350 1592
 ... : 79 133 271 462 806 1205 2183 3798 4418 1628
 ... : 79 133 271 462 805 1203 2180 3774 4557 1718
 ... : 79 133 271 462 801 1196 2171 3753 4662 1773
  11 : 79 133 268 424 756 1067 1797 2545 3955 1622 759
 ... : 79 133 268 425 756 1069 1798 2542 3977 1699 809
 ... : 79 133 268 425 756 1069 1798 2541 4034 1939 887
 ... : 79 133 268 425 756 1069 1801 2570 4124 2103 938
 ... : 79 133 268 425 754 1064 1803 2591 4204 2195 956
 ... : 79 133 268 425 754 1064 1803 2596 4291 2344 1003
 ... : 79 133 268 425 738 1060 1800 2580 4254 2392 1051
 ... : 79 133 268 425 738 1060 1800 2584 4269 2574 1142
 ... : 79 133 268 425 738 1060 1802 2587 4327 2749 1193
 ... : 79 133 268 425 738 1060 1802 2595 4351 2848 1239
 ... : 79 133 268 425 738 1060 1803 2587 4351 2850 1270
  12 : 79 132 263 421 713 1041 1783 2500 4030 2586 735 912
 ... : 79 132 263 421 713 1041 1783 2500 4056 2817 964 978
 ... : 79 132 263 421 713 1041 1783 2501 4083 3062 1147 1013
 ... : 79 132 263 421 713 1041 1782 2501 4091 3245 1444 1084
 ... : 79 132 263 421 713 1041 1782 2501 4121 3367 1663 1153
 ... : 79 132 263 421 713 1041 1782 2501 4123 3572 1964 1218
 ... : 79 132 263 421 713 1041 1782 2499 4123 3743 2234 1278
 ... : 79 132 263 421 713 1041 1782 2499 4129 3848 2445 1338
 ... : 79 132 263 421 713 1041 1782 2499 4134 3983 2651 1391
 ... : 79 132 263 421 713 1041 1782 2502 4150 4123 2943 1445
 ... : 79 132 263 421 713 1041 1782 2496 4168 4273 3111 1485
 ... : 79 132 263 421 713 1041 1782 2496 4164 4372 3396 1548
 ... : 79 132 263 421 713 1041 1782 2497 4180 4486 3691 1620
 ... : 79 132 263 421 713 1041 1782 2497 4203 4735 3928 1672
 ... : 79 132 263 421 713 1041 1782 2497 4210 4860 4239 1735
 ... : 79 132 263 421 713 1041 1782 2502 4279 5041 4315 1742
 ... : 79 132 263 421 713 1042 1781 2498 4294 5175 4373 1745
 ... : 79 132 263 421 713 1043 1781 2501 4306 5278 4530 1781
 ... : 79 132 263 421 713 1043 1777 2511 4361 5420 4588 1782
 ... : 79 132 263 421 713 1043 1777 2510 4382 5532 4827 1834
 ... : 79 132 263 421 713 1043 1776 2507 4382 5581 5131 1927
 ... : 79 132 263 421 713 1043 1774 2510 4445 5693 5255 1970
 ... : 79 132 263 421 713 1043 1774 2511 4454 5787 5469 2038
 ... : 79 132 263 421 713 1043 1773 2510 4457 5843 5715 2108
 ... : 79 132 263 421 713 1043 1773 2517 4472 5879 5925 2154
 ... : 79 132 263 421 713 1043 1772 2521 4587 5975 5994 2160
 ... : 79 132 263 421 713 1043 1773 2527 4609 6011 6134 2216
 ... : 79 132 263 421 713 1043 1773 2517 4617 6066 6260 2261
 ... : 79 132 263 421 713 1043 1775 2515 4627 6077 6430 2315
 ... : 79 132 263 421 713 1043 1775 2515 4620 6087 6575 2381
 ... : 79 132 263 421 713 1043 1775 2514 4614 6091 6737 2480
 ... : 79 132 263 421 714 1043 1775 2513 4587 6112 6866 2532
 ... : 79 132 263 421 714 1043 1775 2511 4581 6126 6985 2597
 ... : 79 132 263 421 714 1043 1774 2512 4615 6164 7086 2631
 ... : 79 132 263 421 714 1043 1774 2510 4616 6184 7188 2675
 ... : 79 132 263 421 714 1043 1772 2509 4619 6198 7264 2735
 ... : 79 132 263 421 714 1043 1772 2510 4637 6264 7392 2790
 ... : 79 132 263 421 714 1043 1772 2510 4662 6305 7525 2850
 ... : 79 132 263 421 714 1043 1772 2510 4697 6466 7684 2911
 ... : 79 132 263 421 714 1043 1772 2510 4735 6554 7859 2957
 ... : 79 132 263 421 714 1043 1772 2511 4730 6570 8000 3030
  13 : 79 132 262 417 712 1013 1718 2351 4118 5809 7600 2749 1156
 ... : 79 132 262 417 712 1013 1718 2352 4126 5834 7668 2908 1197
 ... : 79 132 262 417 712 1013 1718 2352 4126 5844 7768 3257 1271
 ... : 79 132 262 417 712 1013 1718 2352 4126 5910 7966 3516 1298
 ... : 79 132 262 417 712 1013 1718 2352 4129 5954 8133 3844 1351
 ... : 79 132 262 417 712 1013 1718 2352 4130 5993 8219 4142 1413
 ... : 79 132 262 417 712 1013 1718 2352 4131 5995 8316 4366 1462
 ... : 79 132 262 417 712 1013 1718 2352 4128 5999 8392 4560 1532
 ... : 79 132 262 417 712 1013 1718 2352 4126 5996 8495 4841 1591
 ... : 79 132 262 417 712 1013 1718 2352 4125 6002 8566 5110 1652
 ... : 79 132 262 417 712 1013 1718 2352 4128 6006 8637 5486 1703
 ... : 79 132 262 417 712 1013 1718 2352 4128 6001 8732 5747 1768
 ... : 79 132 262 417 712 1013 1718 2352 4128 6000 8795 6074 1827
 ... : 79 132 262 417 712 1013 1718 2352 4127 5997 8826 6344 1897
 ... : 79 132 262 417 712 1013 1718 2352 4134 6047 8898 6441 1939
 ... : 79 132 262 417 712 1013 1718 2352 4132 6063 8959 6567 1993
 ... : 79 132 262 417 712 1013 1718 2352 4132 6063 9007 6909 2069
 ... : 79 132 262 417 712 1013 1718 2351 4135 6086 9091 7056 2114
 ... : 79 132 262 417 712 1013 1718 2351 4133 6093 9196 7302 2168
 ... : 79 132 262 417 712 1013 1718 2351 4155 6110 9260 7420 2215
 ... : 79 132 262 417 712 1013 1718 2351 4155 6121 9347 7620 2273
 ... : 79 132 262 417 712 1013 1718 2351 4158 6136 9426 7814 2323
 ... : 79 132 262 417 715 1022 1727 2360 4170 6151 9481 7924 2374
 ... : 79 132 262 419 722 1034 1744 2385 4197 6173 9498 7926 2377
 ... : 79 132 262 423 732 1058 1761 2404 4218 6190 9529 7948 2378
 ... : 79 132 262 423 732 1058 1755 2399 4217 6173 9538 8006 2400
 ... : 79 132 262 423 732 1058 1755 2399 4217 6190 9691 8281 2449
 ... : 79 132 262 423 732 1058 1755 2399 4215 6211 9790 8487 2524
 ... : 79 132 262 423 732 1058 1755 2399 4217 6221 9869 8606 2553
 ... : 79 132 262 423 732 1058 1755 2401 4228 6249 9863 8707 2587
 ... : 79 132 262 423 732 1058 1755 2398 4223 6211 9869 8775 2604
 ... : 79 132 262 423 732 1058 1755 2398 4226 6211 9855 8858 2628
 ... : 79 132 262 423 732 1058 1755 2398 4225 6191 9852 9043 2688
 ... : 79 132 262 423 732 1058 1755 2397 4216 6164 9823 9087 2727
 ... : 79 132 262 423 732 1058 1755 2397 4216 6158 9834 9223 2783
 ... : 79 132 262 423 732 1058 1755 2403 4214 6149 9848 9370 2821
 ... : 79 132 262 423 732 1058 1755 2403 4212 6144 9831 9503 2891
 ... : 79 132 262 423 732 1058 1755 2403 4212 6153 9834 9568 2929
 ... : 79 132 262 423 732 1058 1755 2403 4197 6111 9793 9709 2978
 ... : 79 132 262 423 732 1058 1755 2403 4197 6107 9816 9891 3047
 ... : 79 132 262 423 732 1058 1755 2403 4197 6128 9863 10021 3095
 ... : 79 132 262 423 732 1058 1755 2403 4195 6128 9931 10152 3148
 ... : 79 132 262 423 732 1059 1752 2420 4228 6159 9952 10241 3187
 ... : 79 132 262 423 732 1058 1752 2423 4248 6203 9965 10300 3220
 ... : 79 132 262 423 732 1058 1752 2426 4246 6207 9969 10344 3244
 ... : 79 132 262 423 732 1058 1752 2426 4247 6209 9966 10371 3274
 ... : 79 132 262 423 732 1058 1754 2428 4250 6224 9965 10415 3305
 ... : 79 132 262 423 732 1058 1754 2428 4270 6243 10051 10548 3344
 ... : 79 132 262 423 732 1058 1754 2431 4272 6260 10019 10548 3367
 ... : 79 132 262 423 732 1058 1754 2431 4281 6252 9943 10557 3414
 ... : 79 132 262 423 732 1058 1754 2431 4276 6217 9742 10422 3435
 ... : 79 132 262 423 732 1058 1754 2431 4284 6231 9786 10461 3465
 ... : 79 132 262 423 732 1058 1757 2431 4284 6244 9800 10509 3501
 ... : 79 132 262 423 732 1058 1757 2431 4282 6242 9791 10542 3538
 ... : 79 132 262 423 732 1058 1757 2431 4286 6244 9768 10601 3598
  14 : 79 132 261 412 729 1042 1691 2403 4048 5298 7261 8947 4306 1808
 ... : 79 132 261 412 729 1042 1691 2403 4048 5307 7250 9006 4422 1827
 ... : 79 132 261 412 729 1042 1691 2402 4046 5308 7254 9065 4695 1871
 ... : 79 132 261 412 729 1042 1691 2402 4046 5309 7276 9133 4947 1931
 ... : 79 132 261 412 729 1042 1691 2402 4046 5321 7326 9252 5157 1974
 ... : 79 132 261 412 729 1042 1691 2402 4046 5322 7328 9326 5472 2045
 ... : 79 132 261 412 729 1042 1691 2402 4047 5323 7316 9284 5823 2102
 ... : 79 132 261 412 729 1042 1691 2402 4047 5322 7329 9253 5948 2141
 ... : 79 132 261 412 729 1042 1691 2402 4047 5322 7329 9285 6123 2195
 ... : 79 132 261 412 729 1042 1691 2402 4047 5321 7327 9298 6372 2264
 ... : 79 132 261 412 729 1042 1691 2404 4077 5338 7316 9320 6434 2312
 ... : 79 132 261 412 729 1042 1691 2404 4078 5323 7316 9332 6499 2336
 ... : 79 132 261 412 729 1042 1691 2404 4078 5323 7314 9329 6579 2398
 ... : 79 132 261 412 729 1042 1691 2404 4067 5374 7361 9378 6647 2427
 ... : 79 132 261 412 729 1042 1693 2407 4067 5377 7374 9421 6734 2466
 ... : 79 132 261 412 729 1042 1693 2407 4067 5382 7412 9514 6854 2494
 ... : 79 132 261 412 729 1042 1693 2407 4068 5398 7416 9578 6959 2542
 ... : 79 132 261 412 729 1042 1693 2407 4070 5400 7432 9623 7059 2604
 ... : 79 132 261 412 729 1042 1693 2407 4070 5393 7447 9731 7260 2649
 ... : 79 132 261 412 729 1042 1693 2407 4070 5393 7468 9808 7487 2701
 ... : 79 132 261 412 729 1042 1693 2407 4070 5394 7501 9920 7677 2756
 ... : 79 132 261 412 729 1042 1693 2407 4070 5394 7512 10035 7888 2822
 ... : 79 132 261 412 729 1042 1693 2407 4071 5394 7512 10101 8068 2879
 ... : 79 132 261 412 729 1042 1693 2407 4071 5392 7508 10132 8234 2951
 ... : 79 132 261 412 729 1042 1693 2406 4074 5410 7523 10204 8264 2952
 ... : 79 132 261 412 729 1042 1693 2406 4073 5403 7557 10275 8324 2957
 ... : 79 132 261 412 729 1042 1691 2418 4084 5410 7586 10329 8362 2963
 ... : 79 132 261 412 729 1042 1691 2418 4083 5417 7624 10376 8407 2988
 ... : 79 132 261 412 729 1042 1691 2418 4083 5418 7629 10378 8494 3072
 ... : 79 132 261 412 729 1042 1691 2418 4083 5417 7624 10376 8594 3149
 ... : 79 132 261 412 729 1042 1691 2418 4083 5417 7666 10470 8723 3195
 ... : 79 132 261 412 729 1042 1691 2418 4093 5462 7761 10574 8864 3227
 ... : 79 132 261 412 729 1042 1691 2418 4093 5461 7870 10823 8936 3230
 ... : 79 132 261 412 729 1042 1691 2418 4093 5460 7881 10931 9178 3304
 ... : 79 132 261 412 729 1042 1691 2418 4093 5462 7902 11015 9399 3368
 ... : 79 132 261 412 729 1042 1691 2418 4093 5459 7948 11058 9535 3404
 ... : 79 132 261 412 729 1042 1691 2418 4093 5455 7945 11056 9647 3458
 ... : 79 132 261 412 729 1042 1691 2417 4092 5468 7979 11046 9710 3500
 ... : 79 132 261 412 729 1042 1691 2417 4092 5540 8068 11107 9725 3511
 ... : 79 132 261 412 729 1042 1691 2417 4092 5548 8085 11157 9790 3523
 ... : 79 132 261 412 729 1042 1691 2417 4092 5547 8089 11196 9933 3591
 ... : 79 132 261 412 729 1042 1691 2417 4092 5545 8097 11297 10082 3622
 ... : 79 132 261 412 729 1042 1691 2417 4092 5555 8123 11369 10298 3681
 ... : 79 132 261 412 729 1042 1691 2417 4092 5555 8160 11461 10489 3749
 ... : 79 132 261 412 729 1042 1691 2417 4092 5563 8175 11525 10651 3815
 ... : 79 132 261 412 729 1042 1691 2417 4092 5569 8152 11528 10832 3883
 ... : 79 132 261 412 729 1042 1691 2417 4085 5566 8143 11508 10961 3931
 ... : 79 132 261 412 729 1042 1691 2417 4088 5555 8126 11503 11020 3967
 ... : 79 132 261 412 729 1042 1691 2417 4088 5557 8110 11476 11103 4007
 ... : 79 132 261 412 729 1042 1691 2417 4088 5557 8105 11456 11204 4072
 ... : 79 132 261 412 729 1042 1691 2417 4109 5613 8141 11537 11250 4085
 ... : 79 132 261 412 729 1042 1691 2417 4111 5611 8126 11477 11292 4135
 ... : 79 132 261 412 729 1042 1691 2417 4117 5632 8144 11488 11346 4156
 ... : 79 132 261 412 729 1042 1691 2417 4119 5655 8156 11480 11413 4202
 ... : 79 132 261 412 729 1042 1691 2417 4119 5659 8178 11515 11528 4246
 ... : 79 132 261 412 729 1042 1691 2419 4109 5638 8144 11522 11606 4276
 ... : 79 132 261 412 729 1042 1691 2419 4109 5640 8177 11610 11799 4336
 ... : 79 132 261 412 729 1042 1691 2419 4109 5646 8170 11630 11908 4393
 ... : 79 132 261 412 729 1042 1691 2419 4106 5600 8161 11635 11984 4448
  15 : 79 132 261 411 729 1042 1690 2395 3948 5250 6960 9139 10877 5292 1882
 ... : 79 132 261 411 729 1042 1690 2395 3948 5250 6960 9137 10929 5645 1943
 ... : 79 132 261 411 729 1042 1690 2395 3948 5250 6957 9130 11003 6040 2009
 ... : 79 132 261 411 729 1042 1690 2395 3949 5256 6997 9214 11165 6230 2031
 ... : 79 132 261 411 729 1042 1690 2395 3949 5257 6994 9201 11210 6429 2070
 ... : 79 132 261 411 729 1042 1690 2395 3949 5257 6997 9201 11235 6709 2129
 ... : 79 132 261 411 729 1042 1690 2395 3949 5257 7000 9251 11342 6845 2157
 ... : 79 132 261 411 729 1042 1690 2395 3948 5255 7003 9233 11399 7031 2189
 ... : 79 132 261 411 729 1042 1690 2395 3948 5255 7003 9234 11461 7348 2245
 ... : 79 132 261 411 729 1042 1690 2395 3948 5255 7003 9251 11536 7566 2301
 ... : 79 132 261 411 729 1042 1690 2395 3948 5255 7004 9280 11686 7780 2350
 ... : 79 132 261 411 729 1042 1690 2395 3948 5254 7004 9285 11794 8130 2423
 ... : 79 132 261 411 729 1042 1690 2395 3948 5254 7003 9296 11946 8452 2490
 ... : 79 132 261 411 729 1042 1690 2395 3948 5254 7053 9373 12042 8677 2534
 ... : 79 132 261 411 729 1042 1690 2395 3955 5267 7088 9489 12225 8767 2543
 ... : 79 132 261 411 729 1042 1690 2395 3955 5273 7109 9518 12280 8899 2569
 ... : 79 132 261 411 729 1042 1690 2395 3955 5273 7122 9552 12347 9140 2646
 ... : 79 132 261 411 729 1042 1690 2395 3955 5274 7182 9640 12474 9319 2668
 ... : 79 132 261 411 729 1042 1690 2395 3955 5265 7170 9688 12618 9409 2681
 ... : 79 132 261 411 729 1042 1690 2395 3955 5265 7170 9700 12634 9664 2744
 ... : 79 132 261 411 729 1042 1690 2395 3955 5265 7185 9699 12629 9797 2779
 ... : 79 132 261 411 729 1042 1690 2395 3955 5265 7187 9714 12750 10057 2845
 ... : 79 132 261 411 729 1042 1690 2395 3955 5265 7190 9723 12794 10340 2915
 ... : 79 132 261 411 729 1042 1690 2395 3955 5265 7189 9736 12852 10628 2968
 ... : 79 132 261 411 729 1042 1690 2395 3955 5265 7195 9754 12966 10850 3034
 ... : 79 132 261 411 729 1042 1690 2395 3955 5266 7196 9754 13006 11023 3088
 ... : 79 132 261 411 728 1042 1690 2394 3956 5270 7191 9771 13013 11059 3114
 ... : 79 132 261 411 728 1042 1690 2394 3953 5274 7222 9814 13040 11090 3118
 ... : 79 132 261 411 728 1042 1690 2394 3949 5256 7190 9810 13068 11100 3119
 ... : 79 132 261 411 728 1042 1690 2394 3949 5254 7184 9802 13061 11158 3152
 ... : 79 132 261 411 728 1042 1690 2394 3949 5248 7172 9795 13052 11209 3199
 ... : 79 132 261 411 728 1042 1690 2394 3951 5251 7180 9812 13100 11242 3223
 ... : 79 132 261 411 728 1042 1690 2394 3951 5251 7178 9832 13187 11417 3262
 ... : 79 132 261 411 728 1042 1690 2394 3951 5262 7209 9885 13301 11549 3295
 ... : 79 132 261 411 728 1042 1690 2394 3951 5281 7236 9901 13339 11676 3325
 ... : 79 132 261 411 728 1042 1690 2394 3951 5281 7236 9931 13381 11860 3378
 ... : 79 132 261 411 728 1042 1690 2394 3951 5294 7277 9994 13467 11896 3389
 ... : 79 132 261 411 728 1042 1690 2394 3950 5275 7288 10021 13548 11965 3398
 ... : 79 132 261 411 728 1042 1690 2394 3950 5275 7289 10019 13509 12167 3443
 ... : 79 132 261 411 728 1042 1690 2394 3950 5275 7291 10028 13591 12425 3514
 ... : 79 132 261 411 728 1042 1690 2394 3950 5275 7291 10028 13631 12556 3567
 ... : 79 132 261 411 728 1042 1690 2394 3950 5275 7290 10016 13658 12738 3629
 ... : 79 132 261 411 728 1042 1690 2394 3950 5275 7292 10021 13692 12909 3689
 ... : 79 132 261 411 728 1042 1690 2394 3950 5275 7310 10031 13715 13134 3754
 ... : 79 132 261 411 728 1042 1690 2394 3950 5283 7317 10055 13772 13322 3842
 ... : 79 132 261 411 728 1042 1690 2394 3950 5283 7313 10055 13780 13369 3888
 ... : 79 132 261 411 728 1042 1690 2394 3950 5278 7308 10044 13805 13515 3953
 ... : 79 132 261 411 728 1042 1690 2394 3950 5276 7288 10019 13736 13591 4031
 ... : 79 132 261 411 728 1042 1690 2394 3953 5275 7276 10028 13808 13704 4062
 ... : 79 132 261 411 728 1042 1690 2394 3953 5280 7282 10046 13866 13826 4107
 ... : 79 132 261 411 728 1042 1690 2394 3953 5278 7277 10049 13917 13979 4148
 ... : 79 132 261 411 728 1042 1690 2394 3953 5275 7278 10052 13951 14104 4198
 ... : 79 132 261 411 728 1042 1690 2394 3952 5273 7270 10054 13935 14170 4258
