initialized model with 372 latches, 38 inputs and 1 properties
tsim: performed 20 steps
tsim: found cycle from 18
checking bound 0
checking bound 1
checking bound 2
tdecomp: unrolling 2 cycles
tsim: performed 18 steps
tsim: found cycle from 16
tsim: found 1 constants and 0 latch equivalences
tdecomp: (372, 152) -> (371, 49)
   2 : 40 19
   3 : 48 19 28
 ... : 56 61 78
   4 : 58 75 125 74
 ... : 65 84 155 151
 ... : 67 111 247 207
 ... : 69 130 305 263
   5 : 67 126 231 212 139
 ... : 68 133 280 320 212
 ... : 67 132 331 385 272
 ... : 66 146 371 461 314
 ... : 68 151 395 511 361
   6 : 67 148 356 421 352 164
 ... : 66 148 356 463 468 230
 ... : 66 149 363 497 635 303
 ... : 66 152 390 593 762 346
 ... : 66 152 392 634 879 438
   7 : 66 147 340 587 780 449 235
 ... : 65 146 341 595 824 602 294
 ... : 65 147 343 616 866 718 359
 ... : 65 145 319 569 868 813 407
 ... : 65 145 319 573 876 940 465
 ... : 66 146 316 583 890 949 474
 ... : 71 151 319 548 834 1007 531
 ... : 72 154 322 568 886 1043 566
 ... : 71 154 329 588 943 1139 598
 ... : 73 162 353 639 1010 1178 600
 ... : 72 160 346 646 1080 1285 646
 ... : 72 162 354 658 1076 1392 703
 ... : 72 162 352 666 1076 1444 781
 ... : 72 162 352 668 1068 1508 871
   8 : 71 156 300 487 821 1129 911 486
 ... : 71 156 298 494 846 1207 1014 532
 ... : 74 161 310 510 878 1241 1065 547
 ... : 73 159 305 510 875 1245 1183 611
 ... : 73 159 303 494 872 1171 1134 641
 ... : 73 159 303 494 875 1208 1311 714
 ... : 73 159 303 495 882 1248 1415 777
 ... : 74 161 310 499 893 1306 1481 812
 ... : 74 161 308 498 898 1310 1600 865
 ... : 73 163 312 508 906 1334 1672 903
 ... : 73 163 312 506 916 1378 1768 949
 ... : 73 163 315 519 934 1403 1832 983
 ... : 73 163 315 520 930 1416 1944 1044
   9 : 73 161 295 478 740 1238 1664 973 634
 ... : 73 161 295 478 737 1236 1712 1156 681
 ... : 73 161 295 478 735 1236 1768 1481 755
 ... : 73 161 295 473 743 1244 1798 1526 772
 ... : 73 161 295 473 744 1248 1831 1676 819
 ... : 73 161 295 472 742 1241 1829 1803 890
 ... : 73 161 295 472 745 1243 1872 1944 926
 ... : 74 163 297 472 736 1238 1881 2056 994
 ... : 76 166 301 481 750 1267 1919 2121 1013
 ... : 76 166 301 486 754 1296 1962 2188 1041
 ... : 76 166 301 485 755 1294 1964 2333 1116
 ... : 76 166 301 486 759 1322 1991 2410 1177
 ... : 76 166 300 490 741 1307 2081 2480 1196
 ... : 76 166 300 490 734 1283 2031 2586 1259
 ... : 83 167 305 504 744 1297 2040 2623 1283
 ... : 83 170 311 510 761 1307 2046 2627 1283
 ... : 83 167 307 507 765 1324 2103 2655 1283
 ... : 83 167 307 507 760 1318 2124 2790 1350
  10 : 82 166 295 470 618 968 1531 2383 1065 743
 ... : 82 166 294 473 621 976 1560 2420 1117 757
 ... : 82 166 294 473 621 979 1554 2421 1206 804
 ... : 82 166 294 473 621 977 1562 2459 1345 883
 ... : 82 166 294 473 621 977 1563 2474 1477 954
 ... : 82 166 294 473 621 977 1562 2526 1606 1018
 ... : 82 166 294 473 620 980 1570 2570 1731 1065
 ... : 82 166 294 473 620 978 1574 2645 1957 1129
 ... : 82 166 293 490 641 995 1577 2665 2048 1177
 ... : 82 166 292 500 671 1031 1627 2718 2069 1189
 ... : 82 166 292 501 674 1029 1644 2844 2313 1239
 ... : 82 166 292 507 682 1035 1649 2912 2559 1306
 ... : 82 166 292 506 683 1043 1675 2967 2689 1335
 ... : 82 166 292 506 685 1043 1689 3038 2919 1375
 ... : 82 166 292 506 685 1041 1697 3095 3056 1419
  11 : 82 166 282 480 660 994 1625 2869 2928 987 858
 ... : 82 166 282 480 660 994 1625 2879 3058 1159 913
 ... : 82 166 282 480 660 994 1625 2898 3144 1316 963
 ... : 82 166 282 480 660 994 1624 2900 3211 1483 1044
 ... : 82 166 282 480 660 994 1622 2906 3299 1691 1109
 ... : 82 166 282 480 660 994 1622 2916 3391 1908 1175
 ... : 82 166 282 480 660 994 1625 2932 3419 1957 1197
 ... : 82 166 282 482 666 1000 1638 2985 3619 2023 1210
 ... : 82 166 282 482 666 1000 1639 3017 3783 2183 1238
 ... : 82 166 282 482 666 1000 1636 3024 3913 2451 1311
 ... : 82 166 282 482 666 1000 1637 3044 4056 2683 1368
 ... : 82 166 282 483 667 1000 1635 3059 4190 2905 1414
 ... : 82 166 282 483 666 1002 1646 3107 4371 3062 1436
 ... : 82 166 282 483 666 1002 1646 3108 4458 3361 1503
 ... : 82 166 282 483 666 1002 1645 3111 4536 3635 1568
 ... : 82 166 281 491 671 1008 1644 3112 4586 3718 1581
 ... : 82 166 281 491 669 1009 1641 3118 4629 3857 1632
 ... : 82 166 281 491 669 1009 1647 3122 4672 4148 1699
 ... : 82 166 280 496 670 1019 1656 3141 4711 4262 1726
 ... : 82 166 280 496 670 1020 1659 3156 4723 4484 1787
 ... : 82 166 280 496 670 1020 1659 3154 4763 4688 1893
 ... : 82 166 280 496 670 1020 1659 3155 4842 5096 1987
 ... : 82 166 280 496 671 1021 1659 3154 4903 5312 2057
 ... : 82 166 280 498 672 1024 1661 3171 4968 5440 2080
 ... : 82 166 280 498 671 1023 1656 3156 4916 5350 2097
 ... : 82 166 280 498 671 1022 1654 3162 4959 5450 2133
  12 : 82 165 273 465 655 969 1582 2851 4458 5229 1740 1110
 ... : 82 165 273 465 655 969 1583 2853 4460 5221 1796 1147
 ... : 82 165 273 465 655 970 1584 2856 4461 5243 1866 1198
 ... : 82 165 273 465 655 970 1584 2856 4447 5290 2057 1256
 ... : 82 165 273 465 655 970 1584 2856 4450 5333 2209 1323
 ... : 82 165 273 465 655 970 1584 2856 4461 5362 2338 1387
 ... : 82 165 273 465 655 970 1584 2856 4472 5502 2571 1464
 ... : 82 165 273 465 655 970 1584 2855 4483 5774 2844 1521
 ... : 82 165 273 465 655 970 1584 2854 4501 5976 3156 1578
 ... : 82 165 273 465 655 970 1583 2858 4516 6079 3456 1649
 ... : 82 165 273 465 655 970 1583 2858 4512 6116 3725 1745
 ... : 82 165 273 465 655 970 1582 2858 4512 6220 4003 1822
 ... : 82 165 273 465 655 970 1582 2858 4511 6302 4273 1909
 ... : 82 165 273 465 655 970 1582 2858 4508 6357 4466 2000
 ... : 82 165 273 465 655 970 1580 2877 4559 6408 4523 2039
 ... : 82 165 273 465 655 970 1580 2886 4606 6602 4622 2047
 ... : 82 165 273 465 655 970 1580 2886 4608 6654 4907 2106
 ... : 82 165 273 465 655 970 1579 2885 4610 6714 5111 2159
 ... : 82 165 273 467 657 973 1580 2884 4590 6732 5227 2196
 ... : 82 165 273 467 657 973 1580 2884 4584 6788 5575 2276
 ... : 82 165 273 467 657 973 1578 2863 4588 6801 5779 2328
 ... : 82 165 273 467 657 973 1578 2856 4542 6719 5955 2391
 ... : 82 165 273 467 657 973 1578 2858 4513 6753 6100 2429
 ... : 82 165 273 467 657 973 1578 2859 4496 6686 6244 2498
 ... : 82 165 273 467 657 973 1576 2857 4493 6744 6347 2554
 ... : 82 165 273 467 657 973 1576 2854 4507 6863 6653 2609
 ... : 82 165 273 467 657 973 1576 2854 4515 6917 6821 2673
  13 : 82 165 272 444 621 938 1494 2565 3656 5454 6066 2383 1538
 ... : 82 165 272 444 621 938 1494 2565 3672 5482 6109 2425 1552
 ... : 82 165 272 444 621 938 1494 2569 3672 5474 6119 2545 1593
 ... : 82 165 272 444 621 938 1494 2569 3678 5487 6139 2603 1613
 ... : 82 165 272 444 621 938 1494 2569 3698 5523 6204 2676 1617
 ... : 82 165 272 444 621 938 1494 2570 3698 5507 6177 2659 1653
 ... : 82 165 272 444 621 938 1494 2570 3696 5479 6329 2866 1707
 ... : 82 165 272 444 621 938 1494 2570 3699 5493 6483 3213 1768
 ... : 82 165 272 444 621 938 1494 2570 3698 5506 6681 3602 1857
 ... : 82 165 272 444 621 938 1494 2570 3697 5513 6896 4094 1926
 ... : 82 165 272 444 621 938 1494 2570 3694 5502 7034 4528 2000
 ... : 82 165 272 444 621 938 1494 2570 3698 5536 7098 4750 2054
 ... : 82 165 272 444 621 938 1494 2570 3698 5559 7311 5024 2109
 ... : 82 165 272 444 621 938 1494 2570 3697 5563 7515 5283 2194
 ... : 82 165 272 444 621 938 1494 2570 3696 5581 7598 5519 2249
 ... : 82 165 272 444 621 938 1494 2570 3695 5618 7711 5836 2307
 ... : 82 165 272 444 621 938 1494 2570 3702 5684 7835 6213 2378
 ... : 82 165 272 444 621 937 1492 2566 3700 5681 7830 6317 2431
 ... : 82 165 272 444 621 937 1492 2566 3700 5665 7878 6506 2469
 ... : 82 165 272 444 621 937 1492 2566 3700 5665 7932 6816 2555
 ... : 82 165 272 445 621 937 1492 2564 3688 5618 7886 6809 2577
 ... : 82 165 272 445 620 937 1487 2555 3689 5619 7882 6837 2613
 ... : 82 165 272 445 620 937 1487 2555 3701 5649 7975 6961 2656
 ... : 82 165 272 445 620 937 1487 2555 3699 5642 8023 7187 2702
 ... : 82 165 272 445 620 937 1487 2554 3690 5616 8034 7327 2748
 ... : 82 165 272 445 620 937 1487 2554 3690 5616 8012 7459 2796
 ... : 82 165 272 445 620 937 1487 2554 3691 5633 8042 7631 2847
 ... : 82 165 272 445 620 937 1487 2554 3691 5638 8098 7789 2904
 ... : 82 165 272 445 620 937 1487 2554 3693 5650 8137 7967 2974
 ... : 82 165 272 445 620 937 1487 2554 3693 5655 8216 8164 3024
 ... : 82 165 272 445 620 937 1485 2558 3687 5666 8278 8339 3066
 ... : 82 165 272 445 620 937 1485 2563 3690 5650 8284 8372 3104
 ... : 82 165 272 445 620 937 1485 2563 3686 5646 8276 8506 3154
 ... : 82 165 272 445 620 936 1486 2565 3718 5749 8308 8554 3197
 ... : 82 165 272 445 620 936 1489 2542 3738 5804 8378 8584 3199
 ... : 82 165 272 445 620 936 1489 2542 3734 5770 8367 8627 3239
 ... : 82 165 272 445 620 936 1489 2542 3745 5785 8399 8711 3293
 ... : 82 165 272 445 620 936 1489 2541 3750 5751 8376 8781 3315
 ... : 82 165 272 445 620 936 1489 2541 3748 5744 8340 8909 3374
 ... : 82 165 272 445 620 936 1489 2541 3747 5752 8379 9165 3446
 ... : 82 165 272 445 620 936 1489 2541 3744 5759 8398 9271 3495
 ... : 82 165 272 445 620 936 1489 2541 3751 5767 8416 9362 3566
 ... : 82 165 272 445 620 936 1489 2541 3758 5830 8517 9472 3593
 ... : 82 165 272 445 620 936 1489 2541 3765 5830 8450 9544 3646
 ... : 82 165 272 445 620 936 1489 2541 3775 5862 8544 9731 3683
  14 : 82 165 268 438 605 855 1467 2529 3589 4596 6439 8706 3899 1856
 ... : 82 167 276 441 616 872 1497 2557 3594 4598 6445 8715 3913 1871
 ... : 82 167 276 441 623 916 1595 2706 3631 4598 6446 8717 3916 1885
 ... : 82 168 283 455 630 916 1601 2772 3658 4598 6446 8717 3916 1887
 ... : 82 168 283 455 629 909 1589 2813 3742 4637 6449 8718 3918 1890
 ... : 82 168 283 455 629 906 1582 2847 3961 4728 6453 8719 3921 1892
 ... : 82 168 283 456 637 932 1615 2887 4081 4757 6455 8719 3924 1894
 ... : 82 168 283 456 637 929 1647 2913 4161 4805 6458 8722 3938 1903
 ... : 82 168 283 456 637 949 1689 2969 4261 4834 6459 8722 3938 1903
 ... : 81 166 282 456 639 960 1692 2988 4322 4875 6459 8722 3938 1903
 ... : 81 166 282 456 638 964 1698 3018 4363 4898 6459 8722 3939 1903
 ... : 81 166 282 456 639 960 1702 3017 4366 5018 6498 8722 3943 1906
 ... : 81 166 282 456 639 960 1703 3019 4402 5104 6563 8740 3944 1907
 ... : 81 166 282 456 640 965 1698 3019 4426 5204 6612 8747 3946 1907
 ... : 81 166 282 456 640 964 1697 3019 4446 5296 6696 8761 3950 1913
 ... : 81 166 282 456 640 964 1697 3018 4450 5372 6763 8773 3955 1917
 ... : 81 166 282 456 640 964 1696 3009 4452 5449 6838 8828 3966 1925
 ... : 81 166 282 456 640 964 1695 3008 4455 5495 6929 8899 3990 1938
 ... : 81 166 282 456 640 964 1695 3008 4452 5520 7011 8963 4003 1945
 ... : 81 166 282 456 640 964 1695 3007 4451 5522 7010 9000 4022 1945
 ... : 81 166 282 456 640 964 1695 3006 4467 5607 7101 9039 4028 1952
 ... : 81 166 282 456 640 964 1695 3008 4479 5659 7179 9069 4042 1953
 ... : 81 166 282 456 640 964 1695 3010 4496 5725 7222 9096 4044 1966
 ... : 81 166 282 456 640 964 1695 3010 4504 5754 7276 9154 4061 1969
 ... : 81 166 282 456 640 964 1697 3014 4538 5823 7366 9198 4064 1970
 ... : 81 166 282 456 640 964 1697 3014 4544 5823 7375 9252 4084 1970
 ... : 81 166 282 456 640 964 1697 3014 4539 5856 7408 9320 4136 1979
 ... : 81 166 282 456 640 964 1697 3016 4547 5873 7443 9396 4188 1982
 ... : 81 166 282 456 640 964 1697 3017 4549 5879 7485 9473 4252 1982
 ... : 81 166 282 456 640 964 1697 3018 4550 5879 7486 9543 4329 1985
 ... : 81 166 282 456 640 964 1697 3018 4549 5885 7490 9545 4387 1987
 ... : 81 166 282 456 640 964 1697 3016 4546 5874 7462 9532 4456 1997
 ... : 81 166 282 456 640 964 1697 3017 4553 5919 7512 9582 4491 2007
 ... : 81 166 282 456 640 964 1697 3017 4555 5952 7559 9651 4560 2023
 ... : 81 166 282 456 640 964 1697 3017 4555 5960 7609 9706 4630 2084
 ... : 81 166 282 456 640 964 1697 3017 4552 5955 7603 9731 4768 2168
 ... : 81 166 282 456 640 964 1697 3017 4552 5961 7654 9798 4830 2211
 ... : 81 166 282 456 640 964 1697 3017 4554 5985 7711 9837 4875 2222
 ... : 81 166 282 456 640 964 1697 3017 4555 5999 7733 9852 4924 2260
 ... : 81 166 282 456 640 964 1697 3017 4555 6015 7770 9917 4952 2321
 ... : 81 166 282 456 640 964 1697 3017 4558 6026 7826 9981 4993 2329
 ... : 81 166 282 456 640 964 1697 3017 4558 6027 7845 10047 5065 2363
 ... : 81 166 282 456 640 964 1697 3017 4558 6030 7859 10088 5143 2439
 ... : 81 166 282 456 640 964 1697 3017 4558 6032 7853 10110 5151 2479
 ... : 81 166 282 456 640 964 1697 3017 4554 6020 7828 10063 5151 2577
 ... : 81 166 282 456 640 964 1697 3017 4554 6020 7827 10049 5172 2667
 ... : 81 166 282 456 640 964 1697 3017 4552 6019 7822 10041 5177 2728
 ... : 81 166 282 456 640 964 1697 3017 4553 6059 7856 10111 5234 2744
 ... : 81 166 282 456 640 964 1697 3017 4562 6065 7857 10125 5258 2749
 ... : 81 166 282 456 640 964 1697 3017 4562 6065 7857 10190 5460 2808
 ... : 81 166 282 456 640 964 1697 3017 4561 6065 7860 10280 5771 2865
 ... : 81 166 282 456 640 964 1697 3017 4561 6072 7874 10392 6059 2928
 ... : 81 166 282 456 640 964 1697 3017 4561 6076 7886 10449 6348 2994
 ... : 81 166 282 456 640 964 1697 3019 4559 6091 7937 10404 6425 3009
 ... : 81 166 282 456 640 964 1697 3019 4559 6082 7932 10392 6669 3051
 ... : 81 166 282 456 640 964 1697 3019 4560 6093 7948 10389 6790 3083
 ... : 81 166 282 456 640 964 1697 3019 4560 6093 7955 10406 6961 3156
 ... : 81 166 282 456 640 964 1697 3019 4560 6093 7946 10481 7388 3225
 ... : 81 166 282 456 640 964 1697 3019 4560 6093 7941 10445 7505 3317
 ... : 81 166 282 456 640 964 1697 3017 4551 6085 7882 10433 7732 3376
 ... : 81 166 282 456 640 964 1697 3017 4551 6085 7897 10566 7914 3442
 ... : 81 166 282 456 640 964 1697 3017 4551 6084 7908 10664 8195 3522
 ... : 81 166 282 456 640 964 1697 3017 4517 6076 7907 10674 8391 3570
 ... : 81 166 282 456 640 964 1697 3017 4502 6078 7898 10621 8433 3603
 ... : 81 166 282 456 640 964 1697 3017 4503 6072 7907 10648 8572 3650
 ... : 81 166 282 456 640 964 1697 3017 4502 6070 7867 10570 8639 3690
  15 : 81 166 274 445 635 919 1609 2959 4412 5804 6833 8074 7452 3393 3044
 ... : 82 172 283 450 642 930 1614 2982 4460 5827 6833 8074 7453 3393 3049
 ... : 82 172 283 447 640 930 1620 3007 4524 5895 6865 8081 7454 3395 3050
 ... : 82 172 283 447 639 929 1621 3014 4608 6034 6933 8087 7458 3401 3051
 ... : 82 172 283 449 647 943 1644 3072 4706 6074 6937 8087 7458 3401 3051
 ... : 82 172 283 449 647 943 1649 3085 4815 6157 6987 8095 7471 3421 3053
 ... : 82 170 281 448 650 949 1655 3079 4819 6201 7005 8095 7471 3421 3053
 ... : 82 170 281 448 650 949 1654 3097 4846 6281 7069 8122 7471 3421 3053
 ... : 82 170 281 448 650 949 1655 3105 4864 6359 7151 8191 7479 3422 3054
 ... : 82 170 281 448 650 949 1654 3104 4854 6348 7135 8227 7487 3423 3055
 ... : 82 170 281 448 650 949 1654 3104 4852 6366 7150 8241 7550 3440 3061
 ... : 82 170 281 448 650 949 1654 3104 4851 6393 7256 8383 7598 3445 3064
 ... : 82 170 281 448 650 949 1654 3104 4850 6408 7329 8536 7703 3471 3065
 ... : 82 170 281 448 650 949 1654 3104 4852 6418 7366 8625 7785 3500 3067
 ... : 82 170 281 448 650 949 1654 3104 4850 6420 7404 8792 7930 3567 3087
 ... : 82 170 281 448 650 949 1654 3104 4845 6445 7506 8871 7974 3594 3101
 ... : 82 170 281 448 650 949 1654 3104 4843 6443 7508 8918 8046 3662 3115
 ... : 82 170 281 448 650 949 1654 3096 4847 6465 7564 9000 8126 3709 3123
 ... : 82 170 281 448 650 949 1654 3095 4851 6464 7561 9040 8254 3768 3128
 ... : 82 170 281 448 650 949 1654 3095 4851 6463 7560 9058 8353 3839 3154
 ... : 82 170 281 448 650 949 1654 3095 4851 6463 7559 9061 8458 4053 3231
 ... : 82 170 281 448 650 949 1654 3095 4851 6463 7559 9067 8527 4238 3324
 ... : 82 170 281 448 650 949 1654 3095 4851 6463 7557 9062 8594 4415 3413
 ... : 82 170 281 448 650 949 1654 3095 4851 6463 7560 9067 8621 4453 3453
 ... : 82 170 281 448 650 949 1654 3095 4851 6463 7560 9068 8633 4513 3503
 ... : 82 170 281 448 650 949 1654 3095 4851 6461 7555 9076 8761 4623 3548
 ... : 82 170 281 448 650 949 1654 3095 4850 6459 7555 9081 8856 4838 3628
 ... : 82 170 281 448 650 949 1654 3095 4850 6459 7569 9119 8994 4992 3660
 ... : 82 170 281 448 650 949 1654 3095 4850 6458 7559 9145 9077 5152 3686
 ... : 82 170 281 448 650 949 1654 3095 4850 6458 7558 9153 9151 5353 3730
 ... : 82 170 281 448 650 949 1654 3095 4850 6461 7564 9176 9264 5509 3755
 ... : 82 170 281 448 650 949 1654 3095 4850 6460 7563 9175 9356 5762 3796
 ... : 82 170 281 448 650 949 1654 3095 4850 6456 7562 9186 9397 6042 3854
 ... : 82 170 281 448 650 949 1654 3091 4857 6464 7564 9190 9485 6296 3907
 ... : 82 170 281 448 650 949 1654 3091 4858 6464 7572 9202 9616 6717 3979
 ... : 82 170 281 448 650 949 1654 3091 4859 6470 7566 9213 9673 6845 4010
 ... : 82 170 281 448 650 949 1654 3091 4860 6474 7588 9241 9702 7072 4082
 ... : 82 170 281 448 650 949 1654 3091 4860 6474 7590 9255 9775 7192 4148
 ... : 82 170 281 448 650 949 1654 3091 4860 6475 7587 9344 9921 7272 4165
 ... : 82 170 281 448 650 949 1654 3091 4858 6472 7579 9382 10114 7380 4178
 ... : 82 170 281 448 650 949 1654 3091 4858 6472 7579 9392 10224 7624 4225
 ... : 82 170 281 448 650 949 1654 3091 4858 6472 7583 9405 10340 7999 4286
 ... : 82 170 281 448 650 949 1654 3091 4858 6472 7583 9408 10403 8346 4360
 ... : 82 170 281 448 650 949 1654 3091 4858 6472 7583 9417 10511 8561 4420
 ... : 82 170 281 448 650 949 1654 3091 4857 6472 7583 9427 10654 8788 4485
 ... : 82 170 281 448 650 949 1654 3091 4857 6472 7583 9422 10760 9083 4555
 ... : 82 170 281 448 650 949 1654 3096 4861 6491 7624 9456 10836 9244 4595
 ... : 82 170 281 448 650 949 1654 3096 4861 6504 7647 9480 10858 9271 4605
 ... : 82 170 281 448 650 949 1654 3096 4861 6505 7641 9490 10898 9415 4665
 ... : 82 170 281 448 650 949 1654 3096 4860 6489 7620 9545 10884 9488 4707
 ... : 82 170 281 448 650 949 1654 3093 4856 6471 7563 9559 11090 9558 4709
 ... : 82 170 281 448 650 949 1654 3093 4856 6469 7560 9584 11261 9777 4746
 ... : 82 170 281 448 650 949 1654 3093 4856 6469 7558 9580 11336 10120 4817
 ... : 82 170 281 448 650 949 1654 3093 4856 6469 7555 9577 11465 10509 4895
 ... : 82 170 281 448 650 949 1654 3093 4856 6468 7541 9569 11480 10958 4985
 ... : 82 170 281 448 650 949 1654 3093 4853 6459 7512 9537 11452 11007 5005
 ... : 82 170 281 448 650 949 1654 3093 4853 6460 7511 9534 11460 11048 5057
 ... : 82 170 281 448 650 949 1654 3093 4853 6462 7496 9558 11516 11158 5085
 ... : 82 170 281 448 650 949 1654 3093 4853 6463 7500 9566 11529 11279 5133
 ... : 82 170 281 448 650 949 1654 3093 4853 6462 7495 9512 11497 11478 5230
 ... : 82 170 281 448 650 949 1654 3093 4853 6461 7496 9521 11547 11651 5289
 ... : 82 170 281 448 650 949 1654 3093 4854 6467 7497 9517 11569 11714 5350
 ... : 82 170 281 448 650 949 1654 3093 4854 6466 7495 9446 11593 11923 5400
  16 : 82 168 279 450 639 918 1607 2962 4771 6152 7052 8054 9051 11571 3908 4114
 ... : 82 168 279 450 639 918 1607 2962 4771 6160 7101 8141 9136 11606 3924 4129
 ... : 82 168 279 450 639 918 1607 2962 4771 6164 7124 8240 9289 11695 3946 4132
 ... : 82 168 279 450 639 918 1607 2962 4771 6164 7128 8273 9365 11816 4027 4132
 ... : 82 168 279 450 639 918 1607 2962 4773 6168 7143 8305 9442 11858 4059 4143
 ... : 82 168 279 450 639 918 1607 2962 4787 6188 7173 8340 9515 11918 4109 4154
 ... : 82 168 279 450 639 918 1607 2962 4787 6188 7188 8430 9594 11993 4172 4154
 ... : 82 168 279 450 639 918 1607 2962 4787 6190 7192 8496 9661 12029 4205 4156
 ... : 82 168 279 450 639 918 1607 2962 4787 6189 7192 8519 9727 12076 4267 4175
 ... : 82 168 279 450 639 918 1607 2962 4787 6191 7192 8541 9775 12144 4345 4181
 ... : 82 168 279 450 639 918 1607 2962 4787 6192 7208 8607 9836 12167 4357 4186
 ... : 82 168 279 450 639 918 1607 2962 4787 6192 7207 8611 9915 12261 4437 4200
 ... : 82 168 279 450 639 918 1607 2962 4787 6192 7206 8630 9983 12396 4532 4212
 ... : 82 168 279 450 639 918 1607 2962 4787 6192 7205 8636 10002 12448 4648 4270
 ... : 82 168 279 450 639 918 1607 2962 4787 6192 7205 8636 10022 12482 4794 4348
 ... : 82 168 279 450 639 918 1607 2962 4787 6194 7216 8700 10116 12598 4893 4363
 ... : 82 168 279 450 639 918 1607 2962 4787 6194 7215 8714 10122 12622 4949 4404
 ... : 82 168 279 450 639 918 1607 2962 4787 6200 7234 8763 10166 12684 5032 4439
 ... : 82 168 279 450 639 918 1607 2962 4787 6200 7234 8787 10198 12726 5116 4480
 ... : 82 168 279 450 639 918 1607 2962 4787 6199 7246 8835 10305 12776 5138 4487
 ... : 82 168 279 450 639 918 1607 2962 4787 6200 7256 8886 10367 12839 5173 4502
 ... : 82 168 279 450 639 918 1607 2962 4787 6200 7256 8896 10436 12890 5238 4521
 ... : 82 168 279 450 639 918 1607 2962 4792 6210 7272 8929 10461 12910 5271 4530
 ... : 82 168 279 450 639 918 1607 2962 4792 6210 7272 8932 10511 12957 5367 4554
 ... : 82 168 279 450 639 918 1607 2962 4792 6210 7272 8933 10552 13027 5526 4617
 ... : 82 168 279 450 639 918 1607 2962 4792 6210 7272 8937 10562 13084 5591 4676
 ... : 82 168 279 450 639 918 1607 2962 4792 6210 7272 8937 10559 13073 5705 4758
 ... : 82 168 279 450 639 918 1607 2962 4795 6213 7279 8951 10560 13060 5710 4801
 ... : 82 168 279 450 639 918 1607 2962 4795 6213 7280 8965 10573 13089 5784 4875
 ... : 82 168 279 450 639 918 1607 2962 4795 6213 7280 8968 10575 13077 5827 4930
 ... : 82 168 279 450 639 918 1607 2962 4795 6214 7287 8981 10592 13102 5906 4972
 ... : 82 168 279 450 639 918 1607 2962 4795 6214 7288 8986 10601 13070 5950 5009
 ... : 82 168 279 450 639 918 1607 2962 4795 6214 7288 8996 10613 13050 5901 5047
 ... : 82 168 279 450 639 918 1607 2962 4795 6214 7288 9015 10634 13073 5921 5086
 ... : 82 168 279 450 639 918 1607 2962 4795 6214 7290 9019 10669 13132 5983 5125
 ... : 82 168 279 450 639 918 1607 2962 4802 6231 7308 9040 10697 13174 6086 5170
 ... : 82 168 279 450 639 918 1607 2962 4802 6231 7308 9038 10775 13387 6183 5209
 ... : 82 168 279 450 639 918 1607 2962 4802 6231 7308 9038 10791 13705 6642 5290
 ... : 82 168 279 450 639 918 1607 2962 4802 6231 7308 9038 10792 13850 6932 5366
