initialized model with 786 latches, 30 inputs and 1 properties
tsim: performed 22 steps
tsim: found cycle from 20
checking bound 0
checking bound 1
checking bound 2
tdecomp: unrolling 2 cycles
tsim: performed 20 steps
tsim: found cycle from 18
tsim: found 1 constants and 0 latch equivalences
tdecomp: (786, 120) -> (785, 73)
   2 : 31 6
   3 : 34 26 36
   4 : 34 29 17 25
   5 : 33 28 35 25 56
   6 : 33 28 36 53 29 77
   7 : 33 28 36 53 34 9 103
 ... : 33 28 36 60 52 79 185
 ... : 33 28 34 63 73 124 284
 ... : 33 28 35 67 87 137 377
   8 : 33 27 34 62 68 141 87 454
 ... : 33 26 34 58 57 142 130 539
 ... : 33 26 34 58 57 146 155 650
   9 : 33 26 30 35 52 137 151 69 657
 ... : 33 26 31 38 56 146 162 73 756
 ... : 33 26 31 38 56 151 178 150 915
 ... : 33 26 31 38 56 150 180 180 1017
 ... : 33 26 31 38 56 150 182 216 1181
  10 : 33 26 31 38 56 147 170 215 94 1143
 ... : 33 26 31 38 56 147 170 219 103 1261
 ... : 33 26 31 38 56 151 178 196 129 1349
 ... : 33 26 31 38 56 151 179 211 160 1459
 ... : 35 44 36 41 59 156 184 218 173 1535
 ... : 34 47 39 45 70 176 193 216 172 1584
 ... : 34 75 50 49 77 185 202 212 172 1634
 ... : 36 84 72 63 83 196 210 210 171 1656
 ... : 35 94 102 91 104 228 221 214 172 1683
 ... : 35 85 154 185 199 260 227 215 172 1744
 ... : 34 81 190 280 292 257 183 173 129 1554
 ... : 34 81 190 290 308 268 200 172 128 1583
  11 : 30 67 169 259 267 242 168 67 31 34 1497
  12 : 30 67 169 259 267 242 168 63 30 24 9 1502
  13 : 30 67 169 259 267 241 168 63 28 25 3 107 1403
  14 : 30 67 169 259 267 241 167 64 27 26 3 106 105 1299
  15 : 30 67 169 259 267 241 167 64 27 26 3 106 105 140 1159
  16 : 30 67 169 259 267 239 166 63 27 26 3 18 68 77 45 1358
 ... : 30 67 169 259 267 239 166 63 27 26 3 18 71 83 65 1446
 ... : 30 67 169 259 267 239 166 63 27 25 6 18 74 86 124 1541
 ... : 30 67 169 259 267 239 166 63 27 25 7 23 77 96 128 1681
 ... : 30 67 169 259 267 239 166 63 27 25 7 23 77 110 150 1774
 ... : 30 67 169 259 267 239 164 63 27 32 15 36 104 115 150 1819
 ... : 30 67 169 259 267 237 170 67 27 32 16 36 116 137 156 1894
  17 : 30 67 164 251 252 223 152 93 36 33 23 35 106 96 125 58 1897
 ... : 30 67 164 251 252 222 152 93 36 33 23 35 106 98 130 78 1984
 ... : 30 67 164 251 252 222 152 93 36 33 23 35 112 104 137 101 2064
 ... : 30 67 164 251 252 222 152 93 36 33 23 35 112 105 138 122 2155
 ... : 30 67 164 251 252 226 158 113 45 37 25 45 126 112 138 124 2180
 ... : 30 67 164 257 259 230 157 120 55 42 29 49 135 116 139 124 2207
 ... : 30 67 164 257 259 229 157 120 60 62 54 61 153 125 142 126 2238
 ... : 30 67 164 257 259 229 159 125 66 80 66 72 162 135 146 126 2264
 ... : 30 67 164 257 259 230 160 126 73 90 79 81 170 144 148 126 2316
 ... : 30 67 164 257 259 230 160 125 73 95 99 117 208 165 150 127 2378
 ... : 30 67 164 257 259 232 165 128 76 97 103 121 218 200 177 135 2411
 ... : 30 67 164 257 259 255 215 165 109 108 106 128 250 244 183 154 2562
 ... : 30 67 164 257 259 255 215 165 116 119 111 132 251 252 189 158 2751
 ... : 30 67 164 257 259 255 215 177 118 119 113 136 266 261 196 163 2882
 ... : 30 67 164 257 259 257 231 218 153 135 127 189 302 293 206 165 2959
 ... : 30 67 164 257 259 257 231 219 155 141 149 216 363 311 215 173 2976
 ... : 30 67 164 257 259 257 231 219 154 140 147 216 378 332 234 186 3015
 ... : 30 67 164 257 259 257 231 219 154 140 150 217 379 334 230 192 3047
  18 : 30 66 159 255 255 245 224 210 156 131 142 188 366 309 172 139 114 2976
  19 : 30 66 159 255 255 245 223 211 156 131 142 187 366 309 172 136 107 106 2881
 ... : 30 66 159 255 255 245 223 211 156 131 142 187 366 309 172 139 115 157 2993
 ... : 30 66 159 255 255 245 223 211 156 131 142 187 366 310 178 151 126 165 3086
 ... : 30 66 159 255 255 245 226 226 165 152 149 191 377 323 193 158 128 171 3196
 ... : 30 66 159 255 255 245 226 226 167 158 153 203 400 363 285 182 130 171 3256
 ... : 30 66 159 255 255 245 226 226 167 158 154 205 403 377 296 204 145 173 3275
 ... : 30 66 159 255 255 245 226 226 167 158 154 205 404 376 304 226 198 192 3388
 ... : 30 66 159 255 255 245 226 226 167 158 154 205 405 376 309 238 240 222 3436
 ... : 30 66 159 255 255 245 226 226 167 158 154 206 405 397 314 247 248 234 3581
 ... : 30 66 159 255 255 245 226 226 167 158 154 206 405 398 316 250 252 236 3777
 ... : 30 66 159 255 255 245 226 226 167 158 154 206 406 398 316 250 252 238 4041
 ... : 30 66 159 255 255 245 226 226 167 158 164 236 447 428 340 250 262 245 4128
 ... : 30 66 159 255 255 245 226 226 167 158 166 240 461 511 439 274 262 245 4221
 ... : 30 66 159 255 255 245 226 226 167 158 171 252 488 566 583 303 262 245 4355
 ... : 30 66 159 255 255 245 226 226 167 158 171 254 497 621 670 325 261 245 4423
 ... : 30 66 159 255 255 245 226 226 167 158 171 254 499 665 821 386 261 246 4522
 ... : 30 66 159 255 255 245 226 226 167 158 171 256 509 749 1019 458 266 246 4588
 ... : 30 66 159 255 255 245 226 226 167 158 171 255 516 843 1238 549 280 246 4695
 ... : 30 66 159 255 255 245 226 226 167 158 176 261 531 956 1349 584 281 248 4781
 ... : 30 66 159 255 255 245 226 227 172 170 183 267 535 981 1415 620 290 251 4810
 ... : 30 66 159 255 255 245 226 227 172 170 183 267 535 981 1415 679 318 254 4880
 ... : 30 66 159 255 255 245 226 227 172 170 183 267 535 981 1417 721 376 350 4990
 ... : 30 66 159 255 255 245 226 227 172 170 186 296 552 996 1424 723 374 418 5140
 ... : 30 66 159 255 255 245 226 227 172 170 190 305 569 1009 1425 724 371 414 5174
 ... : 30 66 159 255 255 245 226 227 172 170 190 305 569 1007 1425 730 377 448 5251
 ... : 30 66 159 255 255 245 226 231 180 180 196 313 597 1017 1432 732 383 456 5282
  20 : 30 66 158 255 256 240 228 230 174 180 191 309 569 967 1395 692 338 299 226 5262
 ... : 30 66 158 255 256 240 228 230 174 180 191 309 569 967 1395 692 338 307 246 5370
 ... : 30 66 158 255 256 240 228 230 174 180 191 309 569 967 1395 692 342 319 269 5439
 ... : 30 66 158 255 256 240 228 230 174 180 191 309 569 967 1395 700 356 372 410 5520
 ... : 30 66 158 255 257 246 232 234 184 183 193 312 588 972 1400 703 358 373 411 5548
 ... : 30 66 158 272 278 276 244 254 191 187 198 313 588 972 1402 704 360 379 412 5576
 ... : 30 66 158 272 278 277 251 269 226 231 223 344 622 1005 1417 715 362 382 415 5669
 ... : 30 66 158 271 296 317 281 304 292 312 249 358 645 1019 1446 725 364 382 442 5708
 ... : 30 66 158 270 301 348 335 347 324 325 281 403 679 1038 1462 746 371 387 457 5761
 ... : 30 66 158 270 301 347 339 358 355 373 298 406 692 1073 1485 758 378 388 457 5804
 ... : 30 66 158 270 301 347 339 358 355 373 298 405 691 1077 1490 785 403 412 508 5937
 ... : 30 66 158 270 301 347 339 358 355 373 298 405 691 1077 1490 790 414 448 604 5988
 ... : 30 66 158 270 301 347 339 359 357 376 303 418 726 1094 1495 791 417 448 604 6043
 ... : 30 66 158 270 301 347 343 368 366 396 320 442 765 1100 1495 791 419 448 604 6083
 ... : 30 66 158 270 301 347 343 369 378 451 418 518 813 1140 1498 793 426 449 605 6147
 ... : 30 66 158 270 301 347 343 372 383 475 487 594 884 1181 1502 793 436 450 605 6200
 ... : 30 66 158 270 301 347 343 373 390 496 551 687 950 1258 1510 797 442 451 605 6244
 ... : 30 66 158 270 301 347 343 373 390 515 628 833 1098 1341 1524 805 474 453 607 6297
 ... : 30 66 158 270 301 347 343 373 390 514 669 905 1278 1458 1551 815 481 453 607 6354
 ... : 30 66 158 270 301 347 343 373 390 513 678 936 1350 1592 1616 843 516 461 607 6403
 ... : 30 66 158 270 301 347 343 373 390 513 681 943 1376 1631 1689 862 535 471 610 6454
 ... : 30 66 158 270 301 347 343 373 390 513 684 985 1476 1776 1744 867 545 513 619 6488
 ... : 30 66 158 270 301 347 343 373 390 513 687 1006 1526 1861 1775 870 545 523 635 6528
 ... : 30 66 158 270 301 347 343 373 390 513 694 1043 1604 1998 1824 879 546 524 640 6560
 ... : 30 66 158 270 301 347 343 373 390 514 700 1065 1634 2083 1901 903 548 527 643 6608
 ... : 30 66 158 270 301 347 343 373 390 516 718 1076 1700 2183 1955 907 554 532 647 6629
 ... : 30 66 158 270 301 347 343 373 390 516 718 1090 1756 2263 2002 969 586 556 656 6694
 ... : 30 66 158 270 301 347 343 373 390 519 725 1119 1830 2348 2041 987 587 556 656 6742
 ... : 30 66 158 270 301 347 343 373 390 519 731 1144 1887 2416 2076 999 589 556 656 6806
 ... : 30 66 158 270 301 347 343 373 390 519 731 1148 1909 2465 2146 1038 615 557 657 6859
 ... : 30 66 158 270 301 347 343 373 390 519 731 1148 1919 2512 2223 1096 631 557 658 6897
 ... : 30 66 158 270 301 347 343 373 390 519 731 1151 1935 2584 2321 1164 653 560 658 6910
 ... : 30 66 158 270 301 347 343 373 392 520 731 1157 1970 2636 2408 1219 683 567 658 6937
 ... : 30 66 158 270 301 346 343 373 392 520 734 1178 1999 2741 2549 1283 711 575 658 6989
 ... : 30 66 158 270 301 346 345 390 430 559 785 1206 2018 2765 2574 1313 719 578 660 7026
 ... : 30 66 158 270 301 346 345 390 430 576 810 1241 2054 2830 2668 1377 748 593 666 7077
 ... : 30 66 158 270 301 346 345 390 430 576 810 1254 2081 2900 2761 1430 765 593 667 7099
 ... : 30 66 158 270 301 346 345 390 430 576 810 1260 2100 2986 2929 1476 778 595 667 7120
 ... : 30 66 158 270 301 346 345 390 430 575 811 1266 2114 3039 3047 1535 793 596 670 7136
 ... : 30 66 158 270 301 346 345 390 430 575 811 1286 2151 3100 3099 1583 820 599 670 7161
 ... : 30 66 158 270 301 346 345 392 431 575 817 1310 2186 3147 3158 1627 837 604 672 7180
 ... : 30 66 158 270 301 346 346 407 438 595 826 1317 2199 3156 3191 1649 843 605 673 7188
 ... : 30 66 158 270 301 346 346 407 438 595 826 1317 2197 3153 3201 1689 883 615 674 7203
 ... : 30 66 158 270 301 346 346 407 438 595 826 1317 2197 3151 3198 1739 929 621 677 7234
 ... : 30 66 158 270 301 346 346 407 438 595 826 1317 2196 3151 3198 1782 949 626 681 7278
 ... : 30 66 158 270 301 346 346 407 438 595 826 1317 2191 3149 3202 1806 1061 709 716 7368
 ... : 30 66 158 270 301 346 346 407 439 597 827 1317 2192 3149 3203 1807 1059 727 733 7482
 ... : 30 66 149 265 288 350 374 444 476 605 827 1318 2192 3149 3203 1809 1059 727 734 7502
 ... : 30 66 149 265 287 348 368 441 480 617 837 1347 2223 3150 3203 1812 1060 727 734 7515
 ... : 30 66 148 263 287 348 368 446 494 628 841 1329 2211 3182 3236 1814 1068 727 734 7528
 ... : 30 66 148 263 287 349 368 446 502 640 842 1324 2213 3182 3238 1821 1069 727 734 7588
 ... : 30 66 148 263 287 351 368 446 499 644 842 1324 2215 3183 3229 1894 1095 728 734 7617
 ... : 30 66 148 263 287 351 368 446 499 644 842 1324 2232 3428 3405 1925 1110 729 734 7645
 ... : 30 66 148 264 287 369 410 492 515 653 852 1329 2248 3436 3406 1927 1112 729 734 7649
 ... : 30 66 148 264 288 378 475 607 650 701 857 1332 2249 3438 3406 1928 1114 729 734 7658
 ... : 30 66 148 264 288 377 463 584 657 850 954 1356 2270 3452 3407 1930 1115 729 735 7684
 ... : 30 66 148 264 288 390 486 598 686 904 1022 1454 2323 3486 3416 1933 1116 732 735 7733
 ... : 30 66 148 264 288 393 501 600 700 999 1151 1578 2341 3532 3420 1933 1117 736 735 7800
 ... : 30 66 152 289 325 451 553 620 702 1003 1165 1608 2348 3538 3421 1933 1117 736 735 7831
 ... : 30 68 199 477 541 521 555 621 705 1002 1165 1608 2348 3538 3421 1933 1117 736 735 7937
 ... : 30 68 199 515 614 668 582 636 710 1003 1165 1608 2349 3538 3421 1933 1117 736 735 7989
 ... : 30 68 199 515 656 817 696 679 730 1005 1166 1609 2350 3538 3421 1933 1117 736 735 8044
 ... : 30 68 199 515 651 825 764 729 767 1073 1204 1652 2354 3547 3424 1934 1117 737 736 8071
 ... : 30 68 199 515 651 842 806 740 783 1163 1254 1741 2358 3554 3425 1934 1117 737 737 8073
 ... : 30 68 199 515 651 842 826 745 792 1250 1349 1834 2361 3577 3426 1934 1118 737 737 8111
 ... : 30 68 199 515 651 842 854 774 809 1376 1445 1893 2364 3611 3426 1934 1118 737 737 8124
 ... : 30 68 199 515 651 842 871 803 827 1473 1560 2016 2375 3633 3430 1935 1119 737 737 8145
 ... : 30 68 199 515 651 842 871 805 846 1495 1676 2225 2387 3652 3432 1935 1120 737 738 8175
 ... : 30 68 199 515 651 842 871 821 877 1531 1768 2336 2395 3667 3432 1936 1121 738 739 8202
 ... : 30 68 199 515 651 842 871 832 890 1563 1925 2548 2407 3692 3432 1937 1121 739 739 8273
 ... : 30 68 199 515 651 842 871 843 904 1578 2082 2715 2415 3707 3435 1938 1121 739 739 8330
 ... : 30 68 199 515 651 842 870 843 907 1596 2191 2921 2517 3717 3438 1940 1122 740 744 8398
 ... : 30 68 199 514 669 886 898 858 925 1617 2206 2941 2585 3731 3439 1941 1122 740 744 8419
 ... : 30 68 199 514 669 886 898 860 943 1652 2267 3009 2661 3741 3441 1944 1143 740 744 8439
 ... : 30 68 199 514 669 886 898 860 941 1652 2311 3127 2827 3764 3444 1950 1144 740 744 8454
 ... : 30 68 199 514 669 885 898 858 943 1658 2359 3218 2982 3777 3446 1952 1147 740 744 8462
 ... : 30 68 203 546 742 1008 933 870 961 1676 2373 3238 2995 3780 3448 1952 1149 740 744 8492
 ... : 30 68 203 546 742 1008 933 870 961 1674 2421 3327 3221 3804 3450 1953 1149 740 744 8518
 ... : 30 68 203 546 742 1008 932 871 963 1676 2445 3397 3363 3821 3455 1956 1151 740 744 8528
 ... : 30 68 203 600 901 1236 1110 911 963 1676 2445 3399 3367 3821 3456 1958 1151 740 744 8593
 ... : 30 68 203 599 993 1425 1360 990 964 1676 2445 3399 3367 3821 3456 1958 1151 740 744 8670
 ... : 30 68 203 599 1017 1477 1574 1225 1010 1679 2445 3401 3371 3821 3456 1959 1151 740 744 8759
 ... : 30 68 203 599 1019 1496 1727 1505 1064 1680 2445 3401 3371 3821 3456 1959 1151 740 744 8822
 ... : 30 68 203 599 1019 1496 1741 1515 1072 1689 2445 3401 3372 3821 3456 1960 1151 740 744 8838
 ... : 30 68 203 612 1055 1594 1774 1530 1086 1699 2469 3432 3395 3824 3459 1963 1152 740 744 8874
 ... : 30 68 203 612 1055 1594 1773 1529 1085 1704 2479 3533 3591 3858 3465 1964 1153 740 744 8885
 ... : 30 68 203 612 1055 1594 1776 1530 1090 1731 2531 3635 3722 3915 3483 1964 1155 740 744 8933
 ... : 30 68 203 612 1055 1594 1776 1530 1100 1762 2631 3710 3842 3957 3496 1964 1157 740 744 9016
 ... : 30 68 203 612 1055 1594 1776 1530 1117 1788 2707 3847 3940 3977 3508 1964 1157 740 744 9062
 ... : 30 68 203 612 1055 1594 1776 1530 1128 1835 2808 3968 4025 4010 3517 1966 1159 740 744 9105
 ... : 30 68 203 612 1055 1594 1776 1530 1129 1847 2892 4085 4161 4034 3528 1969 1159 740 744 9134
 ... : 30 68 203 612 1055 1594 1776 1530 1130 1858 2980 4180 4325 4057 3534 1971 1161 740 744 9177
 ... : 30 68 203 612 1055 1594 1776 1530 1132 1876 3056 4250 4423 4070 3542 1972 1162 740 744 9184
 ... : 30 68 203 612 1055 1594 1776 1529 1130 1877 3095 4277 4560 4171 3579 1976 1164 742 745 9231
 ... : 30 68 203 612 1055 1594 1776 1529 1130 1874 3085 4232 4777 4402 3645 1985 1164 742 745 9281
 ... : 30 68 203 612 1055 1594 1776 1529 1129 1873 3082 4239 4888 4576 3669 1992 1168 743 745 9341
 ... : 30 68 203 612 1055 1594 1775 1529 1128 1870 3075 4197 4951 4827 3739 1999 1169 745 745 9351
 ... : 30 68 203 612 1055 1594 1775 1529 1128 1870 3067 4161 4976 5052 3781 2003 1169 746 746 9369
 ... : 30 68 203 612 1055 1594 1780 1530 1128 1872 3087 4173 5026 5195 3801 2009 1169 746 746 9409
 ... : 30 68 203 612 1055 1596 1784 1533 1133 1889 3223 4257 5113 5254 3815 2016 1181 746 746 9482
 ... : 30 68 203 612 1055 1596 1786 1534 1133 1896 3324 4329 5215 5322 3829 2017 1191 747 746 9527
 ... : 30 68 203 612 1055 1596 1786 1534 1133 1903 3431 4420 5334 5397 3846 2026 1199 749 746 9557
 ... : 30 68 203 612 1055 1598 1802 1541 1138 1916 3520 4472 5372 5439 3866 2027 1207 749 746 9585
 ... : 30 68 203 617 1056 1590 1815 1582 1156 1936 3556 4506 5389 5462 3878 2029 1220 750 745 9629
 ... : 30 68 203 617 1056 1590 1821 1589 1198 2002 3616 4561 5420 5511 3893 2040 1244 757 746 9678
 ... : 30 68 207 623 1064 1600 1877 1646 1267 2021 3641 4572 5428 5515 3896 2044 1247 758 747 9703
