initialized model with 2389 latches, 532 inputs and 1 properties
tsim: performed 44 steps
tsim: found cycle from 41
checking bound 0
checking bound 1
checking bound 2
tdecomp: unrolling 2 cycles
tsim: performed 42 steps
tsim: found cycle from 39
tsim: found 1 constants and 0 latch equivalences
seqsimpl: found 1 latch equivalences
tdecomp: (2389, 2128) -> (2387, 792)
   2 : 11 1
   3 : 8 10 8
   4 : 8 10 7 1
   5 : 7 9 3 6 9
   6 : 6 9 3 6 2 17
   7 : 6 9 3 6 2 1 16
   8 : 6 9 3 6 2 1 1 15
 ... : 6 9 3 6 21 6 12 92
 ... : 6 9 3 6 32 12 18 159
 ... : 6 9 3 7 4 6 24 218
   9 : 6 9 3 7 3 2 3 6 213
  10 : 6 9 3 7 3 2 3 5 2 212
 ... : 6 9 3 7 3 2 32 13 37 252
 ... : 7 11 5 13 9 4 34 21 55 304
 ... : 7 11 5 13 10 8 37 27 59 359
 ... : 7 11 5 21 13 10 37 33 60 406
 ... : 7 11 5 22 13 10 37 41 64 482
 ... : 7 11 5 26 18 16 40 51 68 544
 ... : 7 13 8 29 22 17 39 47 61 590
  11 : 9 13 6 7 7 6 34 16 18 19 573
  12 : 9 13 6 7 7 6 34 16 18 19 4 567
  13 : 9 13 6 7 7 6 34 16 18 19 4 17 550
  14 : 9 13 6 7 7 6 34 16 18 19 4 17 8 542
  15 : 9 13 6 7 7 6 34 16 18 19 4 17 8 60 482
  16 : 9 13 6 7 7 6 34 16 18 19 4 17 8 60 13 469
  17 : 9 13 6 7 7 6 34 16 18 19 4 17 8 60 13 18 451
  18 : 9 13 6 7 7 6 34 16 18 19 4 17 8 60 13 18 10 441
  19 : 9 13 6 7 7 6 34 16 18 19 4 17 8 60 13 18 10 10 431
  20 : 9 13 6 7 7 6 34 16 18 19 4 17 8 60 13 18 10 10 23 408
  21 : 9 13 6 7 7 6 34 16 18 18 4 17 8 60 13 18 10 10 23 12 404
  22 : 9 13 6 7 7 6 34 16 18 18 4 17 8 60 13 18 10 10 23 9 11 397
  23 : 9 13 6 7 7 6 24 16 15 17 3 17 8 52 17 19 10 11 6 4 24 11 448
  24 : 9 13 6 7 7 6 24 16 15 17 3 17 8 52 17 19 10 11 6 4 24 8 8 444
 ... : 9 13 6 7 7 6 24 16 15 16 3 17 8 47 17 19 10 11 6 11 28 13 15 499
  25 : 8 8 11 6 7 5 3 15 12 8 12 3 16 8 20 10 17 9 13 10 9 8 3 27 594
  26 : 8 8 11 6 7 5 3 15 12 8 12 3 16 8 20 10 17 9 13 10 9 8 3 27 19 575
  27 : 8 8 11 6 7 5 3 15 12 8 12 3 16 8 20 10 17 9 13 10 9 8 3 27 16 13 566
 ... : 8 8 11 6 7 5 3 15 12 8 12 3 16 8 20 10 17 9 13 10 9 9 5 25 23 18 626
  28 : 8 8 11 6 7 5 3 15 12 8 12 3 15 7 20 10 17 9 13 10 8 8 6 5 4 29 20 631
  29 : 8 8 11 6 7 5 3 15 12 8 12 3 15 7 20 10 17 9 13 10 8 8 6 5 4 29 17 11 624
 ... : 8 8 11 6 7 5 3 15 12 8 12 3 15 7 20 10 17 9 13 10 8 8 6 6 15 38 26 16 669
  30 : 8 8 11 6 7 5 3 15 12 8 12 3 15 7 20 8 16 9 13 10 10 10 6 6 4 5 5 34 19 689
  31 : 8 8 11 6 7 5 3 15 12 8 12 3 15 7 20 8 16 9 13 10 10 10 6 6 4 5 5 34 16 12 681
 ... : 8 8 11 6 7 5 3 15 12 8 12 3 15 7 20 8 16 9 13 10 10 5 4 4 3 4 9 37 19 14 753
 ... : 8 8 11 6 7 5 3 15 12 8 12 3 15 7 20 8 16 9 13 10 10 5 4 4 3 4 12 37 21 16 803
 ... : 8 8 11 6 7 5 3 15 12 8 12 3 15 7 20 8 16 9 13 10 10 5 3 4 3 4 12 43 26 18 861
 ... : 8 8 11 6 7 5 3 15 12 8 12 3 15 7 20 8 16 9 19 17 13 9 6 6 4 5 10 43 28 20 889
 ... : 8 8 11 6 7 5 3 15 12 8 12 3 15 7 20 8 16 9 22 21 22 13 7 6 4 5 11 43 28 20 923
 ... : 8 8 11 6 7 5 3 15 12 8 12 3 15 7 20 8 16 9 22 21 23 15 12 7 7 8 13 43 30 24 973
  32 : 7 7 6 11 7 5 3 15 12 8 12 3 12 6 20 7 17 9 21 20 24 15 13 13 8 9 13 42 30 23 34 957
  33 : 7 7 6 11 7 5 3 15 12 8 12 3 12 6 20 7 17 9 21 20 24 15 13 13 8 9 13 42 30 23 28 26 950
 ... : 7 7 6 11 7 5 3 15 12 8 12 3 12 6 20 7 17 9 21 20 24 15 13 13 8 9 13 42 36 31 36 36 999
 ... : 7 7 6 11 7 5 3 15 12 8 12 3 12 6 20 7 17 9 21 20 24 15 14 15 9 10 19 47 40 36 42 40 1027
 ... : 7 7 6 11 7 5 3 15 12 8 12 3 12 6 20 7 17 9 21 20 26 16 20 18 14 13 23 50 40 37 41 40 1062
 ... : 7 7 6 11 7 5 3 15 12 8 12 3 12 6 20 7 17 9 21 20 26 16 22 25 20 21 26 60 43 38 42 42 1104
  34 : 7 7 6 11 7 5 3 15 12 8 11 2 10 5 20 7 17 9 21 20 26 18 20 22 15 18 25 61 43 38 35 47 33 1098
  35 : 7 7 6 11 7 5 3 15 12 8 11 2 10 5 20 7 17 9 21 20 26 18 20 22 15 18 25 61 43 38 35 47 29 26 1082
 ... : 7 7 6 11 7 5 3 15 12 8 11 2 10 5 20 7 17 9 21 20 26 18 20 22 17 33 27 65 46 42 36 48 30 30 1147
 ... : 7 7 6 11 7 5 3 15 12 8 11 2 10 5 20 7 17 9 21 20 26 18 20 22 17 39 34 86 56 56 39 51 30 30 1191
  36 : 7 7 6 11 7 5 3 5 7 3 5 2 10 5 13 4 12 9 21 19 26 18 19 23 14 38 33 89 56 57 24 41 27 20 19 1246
  37 : 7 7 6 11 7 5 3 5 7 3 5 2 10 5 13 4 12 9 21 19 26 18 19 23 14 38 33 89 56 57 24 41 27 20 18 10 1236
 ... : 7 7 6 11 7 5 3 5 7 3 5 2 10 5 13 4 12 9 21 19 26 18 19 23 14 38 33 89 58 58 26 42 30 23 26 21 1274
 ... : 7 7 6 11 7 5 3 5 7 3 5 2 10 5 13 4 12 9 21 19 26 18 19 23 14 38 35 90 59 61 32 48 40 31 32 25 1296
 ... : 7 7 6 11 7 5 3 5 7 3 5 2 10 5 13 4 12 9 21 19 26 18 19 23 14 37 35 90 58 61 27 45 37 28 32 28 1327
 ... : 7 7 6 11 7 5 3 5 7 3 5 2 10 5 13 4 12 9 21 19 26 18 19 23 14 37 34 89 58 62 26 43 38 29 32 27 1361
 ... : 7 7 6 11 7 5 3 5 7 3 5 2 10 5 13 4 12 9 21 19 26 18 19 23 14 37 34 87 58 62 26 44 36 29 32 27 1397
 ... : 7 7 6 11 7 5 3 5 7 3 5 2 10 5 13 4 12 9 21 19 26 17 16 21 12 35 33 85 66 73 32 48 40 33 35 26 1428
 ... : 7 7 6 11 7 5 3 5 7 3 5 2 9 5 13 4 12 9 20 20 26 17 16 21 15 37 33 85 66 73 32 48 40 33 35 26 1446
 ... : 7 7 6 11 7 5 3 5 7 3 5 2 9 5 13 4 12 9 20 22 30 20 24 27 23 43 35 88 72 75 34 48 40 33 35 26 1478
 ... : 7 7 6 11 7 5 3 5 7 3 5 2 9 5 13 4 12 9 20 22 30 20 33 35 30 47 39 91 79 76 35 48 40 33 35 26 1516
 ... : 7 7 6 11 7 5 3 5 7 3 5 2 9 4 15 7 19 12 21 24 31 24 34 36 32 49 40 92 77 76 35 49 40 33 35 26 1562
 ... : 7 7 6 11 7 5 3 5 7 3 5 2 9 4 15 7 20 13 26 27 33 27 33 37 38 59 49 95 79 78 36 51 41 34 35 26 1570
 ... : 7 7 6 11 7 5 3 5 7 3 5 2 9 4 16 8 22 15 30 32 37 30 34 38 39 61 49 95 79 82 36 51 41 34 35 26 1610
 ... : 7 7 6 11 7 5 3 5 7 3 5 2 9 4 16 9 23 17 31 37 43 38 41 46 44 54 52 93 80 81 36 51 41 34 35 26 1633
 ... : 7 7 6 11 7 5 3 5 7 3 5 5 12 8 26 22 34 21 34 41 45 39 41 46 44 54 52 93 80 81 36 51 41 34 35 26 1652
 ... : 7 7 6 11 7 5 3 5 7 3 5 6 13 8 25 21 37 21 47 51 52 45 41 46 44 54 52 93 80 81 36 51 41 34 35 26 1663
 ... : 7 7 6 11 7 5 3 5 7 3 5 6 13 8 25 21 43 27 49 56 56 51 43 47 45 54 52 93 80 81 36 51 41 34 35 26 1685
 ... : 7 7 6 11 7 5 3 5 7 3 5 7 14 5 22 19 41 25 44 49 52 51 52 53 49 60 60 96 82 83 38 53 43 36 35 26 1686
 ... : 7 6 6 10 7 4 3 5 7 3 5 7 14 5 22 19 42 26 47 52 59 55 57 57 52 61 66 100 84 83 38 53 43 36 35 26 1709
 ... : 7 6 5 9 7 3 3 5 7 3 5 13 15 6 24 21 45 30 57 59 59 55 57 56 53 65 69 100 84 83 38 53 43 36 35 26 1742
 ... : 7 6 5 9 7 3 3 5 7 3 5 14 18 7 24 22 49 37 68 76 64 56 57 56 54 66 69 100 84 83 38 54 44 37 35 26 1766
 ... : 8 9 10 14 9 3 3 5 7 3 5 14 23 10 24 22 49 37 68 76 64 58 60 64 63 75 74 106 88 86 40 55 44 37 35 26 1779
 ... : 8 9 10 14 9 3 3 5 7 3 5 18 23 11 31 26 49 38 68 76 67 60 66 70 70 79 76 111 94 89 41 55 45 37 35 26 1797
 ... : 8 8 8 10 9 3 5 5 8 7 5 20 22 10 28 22 44 35 71 76 67 60 66 70 71 80 76 111 94 89 41 55 45 37 35 26 1822
 ... : 8 8 8 10 9 3 5 5 8 7 5 20 22 10 28 22 47 37 74 77 83 70 63 67 69 76 79 112 96 93 44 56 45 37 35 26 1827
 ... : 8 8 8 10 9 3 5 5 8 7 5 20 22 10 28 22 48 40 76 84 101 85 74 74 76 81 83 112 96 96 47 56 45 37 35 26 1832
 ... : 8 8 8 10 9 3 5 5 8 7 5 20 22 10 30 23 53 48 93 100 111 93 76 75 76 81 83 112 96 99 47 56 45 37 35 26 1855
 ... : 8 8 8 10 9 3 5 5 8 7 5 20 22 10 30 23 53 48 94 102 120 110 84 88 80 83 83 113 98 99 47 56 45 37 35 26 1879
 ... : 8 8 8 10 9 3 5 5 8 7 5 20 22 10 30 23 53 48 101 104 143 128 100 92 83 88 83 113 99 99 47 56 45 37 35 26 1895
 ... : 8 8 8 10 9 3 5 5 8 7 5 20 22 10 31 24 56 53 106 107 146 134 112 100 96 93 85 113 99 99 47 56 45 37 35 26 1908
 ... : 8 8 8 10 9 3 5 5 8 7 5 20 22 10 31 25 61 61 114 121 160 144 123 110 104 98 86 113 99 99 47 56 45 37 35 26 1915
 ... : 8 8 8 10 9 3 5 5 8 7 5 20 22 10 31 25 61 61 113 121 166 156 136 121 125 118 95 116 99 100 47 56 45 37 35 26 1928
 ... : 8 8 8 10 9 3 5 5 7 7 6 20 22 10 33 27 63 72 127 132 172 157 139 123 125 119 98 119 99 101 48 56 45 37 35 26 1961
 ... : 8 8 8 10 9 3 5 5 7 7 6 20 21 10 31 27 69 81 141 150 189 163 142 125 127 120 99 123 99 101 48 56 45 37 38 26 1977
 ... : 8 8 8 10 9 3 5 5 7 7 6 20 21 10 30 26 67 88 162 165 209 171 154 129 127 120 101 126 99 101 48 57 51 39 38 26 1997
 ... : 8 8 8 10 9 3 5 5 7 7 6 20 21 10 30 26 67 86 167 169 211 185 180 143 137 123 103 133 99 103 48 57 51 39 41 26 2026
 ... : 8 8 8 10 9 3 5 5 7 7 6 20 21 10 30 26 66 83 167 168 215 181 196 143 142 131 110 141 101 105 49 57 51 40 41 26 2046
 ... : 8 8 8 10 9 3 5 5 7 7 6 20 21 10 30 26 66 83 168 179 228 197 214 157 155 144 115 144 102 106 49 57 51 40 41 26 2051
 ... : 8 8 8 10 9 3 5 5 7 7 6 20 21 10 30 26 66 83 168 190 240 218 243 181 169 147 115 147 102 107 49 60 51 40 41 26 2060
 ... : 8 8 8 10 9 3 5 5 7 7 6 20 21 10 30 26 66 83 168 190 243 225 252 201 180 150 120 149 102 110 50 60 51 40 41 26 2075
 ... : 8 8 8 10 9 3 5 5 7 7 6 20 21 10 30 26 66 83 170 195 254 230 266 208 193 155 124 156 103 110 50 60 51 40 41 26 2088
 ... : 8 8 8 10 9 3 5 5 7 7 6 20 21 10 30 26 67 84 172 199 273 235 275 218 202 157 127 159 107 110 50 60 51 40 41 26 2129
 ... : 8 8 8 10 9 3 5 5 7 7 6 20 21 10 30 26 66 82 190 204 305 253 305 223 203 157 136 159 112 110 51 60 51 40 41 26 2138
 ... : 8 8 8 10 9 3 5 5 7 7 6 19 21 9 29 25 65 78 196 203 303 253 296 221 207 159 130 162 112 110 51 60 51 40 41 26 2160
 ... : 8 8 8 10 9 3 5 5 7 7 6 19 21 9 29 25 65 77 194 202 302 245 298 234 222 167 139 170 120 116 53 62 51 40 41 26 2173
 ... : 8 8 8 10 9 3 5 5 7 7 6 19 21 9 29 25 65 77 194 201 304 245 300 223 222 160 139 174 126 133 64 65 51 40 41 26 2184
 ... : 8 8 8 10 9 3 5 5 7 7 6 19 21 9 29 25 65 76 193 200 304 244 301 223 222 161 147 186 134 130 63 61 52 40 43 27 2195
 ... : 8 8 8 10 9 3 5 5 7 7 6 19 24 10 32 30 69 78 193 202 307 246 303 227 227 164 151 187 140 132 64 62 53 41 44 27 2210
 ... : 8 8 7 10 9 3 5 6 7 7 6 19 21 10 31 32 71 78 193 217 315 249 304 225 227 164 153 189 140 134 64 62 53 42 44 27 2226
 ... : 8 8 7 10 9 3 5 6 7 7 6 19 21 10 31 32 70 78 196 221 325 255 311 225 228 163 158 192 140 135 66 62 53 42 44 27 2227
 ... : 8 8 7 10 8 3 5 6 7 7 6 19 21 10 31 32 70 78 196 221 325 258 310 221 236 174 176 204 144 137 66 62 53 43 46 27 2254
 ... : 8 8 7 10 8 3 5 6 7 7 6 19 21 10 31 32 70 78 196 221 327 262 312 222 237 159 172 207 151 137 76 67 55 44 46 27 2283
 ... : 8 8 7 10 8 3 5 6 7 7 6 19 21 10 31 32 70 78 196 221 327 262 312 222 237 159 176 211 154 139 79 69 57 47 49 28 2308
 ... : 8 8 7 10 8 3 5 6 7 7 6 19 21 10 31 32 70 78 195 224 335 273 325 235 250 165 182 216 157 141 80 70 57 47 49 28 2315
 ... : 8 8 7 10 8 3 5 6 7 7 6 19 21 10 31 32 70 78 195 223 339 283 348 260 276 188 192 218 158 145 84 70 57 47 49 28 2322
 ... : 8 8 7 10 8 3 5 6 7 7 6 19 21 10 31 33 71 83 200 229 347 290 357 268 291 200 207 228 161 146 87 70 57 47 49 28 2337
 ... : 8 8 7 10 8 3 5 6 7 7 6 19 21 10 31 33 71 83 199 229 346 295 361 278 304 216 218 232 164 151 90 71 57 47 49 28 2355
 ... : 8 8 7 10 8 3 5 6 7 7 6 19 21 10 31 34 72 85 201 231 349 296 367 281 310 220 232 247 176 157 94 74 58 47 49 28 2388
 ... : 8 8 7 10 8 3 5 6 7 7 6 19 19 10 31 34 72 85 201 231 352 297 375 292 322 238 242 260 186 161 94 76 58 47 49 28 2421
 ... : 8 8 7 10 8 3 5 6 7 7 6 19 19 10 31 34 72 85 201 231 349 291 374 298 330 242 251 274 199 166 99 77 58 47 49 28 2428
 ... : 8 8 7 10 8 3 5 6 7 7 6 19 19 10 31 34 72 85 201 232 351 299 401 323 341 248 257 285 213 172 100 77 58 47 49 28 2431
 ... : 8 8 7 10 8 3 5 6 7 7 6 19 19 10 31 34 72 85 201 232 351 299 408 337 378 282 280 290 214 173 102 77 58 47 49 28 2453
 ... : 8 8 7 10 8 3 5 6 7 7 6 19 19 10 31 34 72 85 201 231 352 303 426 363 397 305 304 298 223 183 105 77 58 47 49 28 2472
 ... : 8 8 7 10 8 3 5 6 7 7 6 19 19 10 31 34 72 85 201 231 351 302 429 372 413 330 335 318 239 181 114 80 59 47 49 28 2491
 ... : 8 8 7 10 8 3 5 6 7 7 6 19 19 10 31 34 72 85 201 231 350 302 427 372 418 357 384 339 257 212 123 81 59 47 49 28 2522
 ... : 8 8 7 10 8 3 5 6 7 7 6 19 19 10 31 34 72 85 201 231 350 307 436 393 437 374 397 350 260 214 126 85 61 47 49 28 2547
 ... : 8 8 7 10 8 3 5 6 7 7 6 19 19 10 31 34 72 85 201 231 350 311 450 409 470 402 415 374 265 215 134 90 61 47 49 28 2568
 ... : 8 8 7 10 8 3 5 6 7 7 6 19 19 10 31 34 72 85 201 231 349 312 453 415 478 421 433 394 278 218 138 94 62 48 50 29 2590
 ... : 8 8 7 10 8 3 5 6 7 7 6 19 19 10 31 34 72 85 201 231 349 312 454 426 499 440 450 404 297 222 141 95 64 49 50 29 2612
 ... : 8 8 7 10 8 3 5 6 7 7 6 19 19 10 31 34 72 85 201 231 349 313 461 434 514 460 476 425 305 226 147 100 66 49 50 29 2636
 ... : 8 8 7 10 8 3 5 6 7 7 6 19 19 10 31 34 72 85 201 231 351 315 471 444 525 473 497 447 327 243 151 102 67 49 50 29 2642
 ... : 8 8 7 10 8 3 5 6 7 7 6 19 19 10 31 34 72 85 201 230 351 314 471 443 544 491 513 467 354 251 164 107 70 49 50 29 2660
 ... : 8 8 7 10 8 3 5 6 7 7 6 19 19 10 31 34 72 85 201 230 350 312 472 447 548 509 544 492 366 257 165 109 72 50 50 29 2674
 ... : 8 8 7 10 8 3 5 6 7 7 6 19 19 10 30 34 72 85 200 229 350 312 470 451 557 511 551 507 385 265 168 110 71 50 50 29 2674
 ... : 8 8 7 10 8 3 5 6 7 7 6 19 19 10 30 34 72 85 200 229 352 313 478 469 575 522 550 508 395 272 170 111 72 51 51 30 2680
 ... : 8 8 7 10 8 3 5 6 7 7 6 19 19 10 30 34 72 85 200 228 353 317 490 496 607 548 566 511 396 273 171 111 72 51 51 30 2692
 ... : 8 8 7 10 8 3 5 6 7 7 6 19 19 10 30 34 72 85 200 227 353 314 492 501 634 587 597 533 404 280 173 114 73 51 51 30 2705
 ... : 8 8 7 10 8 3 5 6 7 7 6 19 19 10 30 34 72 85 200 227 353 315 495 503 649 599 645 579 432 282 181 114 73 51 51 30 2716
 ... : 8 8 7 10 8 3 5 6 7 7 6 19 19 10 30 34 72 85 200 227 353 315 495 506 655 624 684 621 452 291 184 116 75 55 52 31 2755
 ... : 8 8 7 10 8 3 5 6 7 7 6 19 19 10 30 34 72 85 200 227 353 315 501 513 652 645 721 653 474 297 192 118 76 55 52 31 2766
 ... : 8 8 7 10 8 3 5 6 7 7 6 19 19 10 30 34 72 85 200 227 353 315 501 514 654 660 741 692 509 309 196 119 79 55 52 31 2774
 ... : 8 8 7 10 8 3 5 6 7 7 6 19 19 10 30 34 72 85 200 227 353 315 501 513 651 669 759 725 553 318 201 123 81 60 54 40 2785
 ... : 8 8 7 10 8 3 5 6 7 7 6 19 19 10 30 34 72 85 200 227 353 315 501 513 651 672 770 759 616 365 217 127 83 60 54 40 2803
 ... : 8 8 7 10 8 3 5 6 7 7 6 19 19 10 30 34 72 85 200 227 355 318 504 514 662 689 781 783 655 386 222 129 83 60 54 41 2822
 ... : 8 8 7 10 8 3 5 6 7 7 6 19 18 10 31 36 75 87 199 222 373 347 528 518 663 689 781 784 657 393 226 130 83 60 54 41 2833
 ... : 8 8 7 10 8 3 5 6 7 7 6 19 18 10 31 35 74 88 201 222 378 373 573 575 690 695 783 786 661 395 229 131 83 60 54 41 2837
 ... : 8 8 7 10 8 3 5 6 7 7 6 19 18 10 31 34 73 88 202 224 379 381 590 610 725 712 784 789 662 395 229 132 83 60 54 41 2848
 ... : 8 8 7 10 8 3 5 6 7 7 6 19 18 10 31 34 73 88 202 224 378 378 604 627 775 754 806 794 663 399 230 133 83 60 54 41 2851
 ... : 8 8 7 10 8 3 5 6 7 7 6 19 18 10 31 34 73 88 202 222 376 379 616 620 783 778 842 816 672 407 235 135 84 60 54 41 2861
 ... : 8 8 7 10 8 3 5 6 7 7 6 19 18 10 31 34 73 88 202 222 376 379 616 621 787 792 870 867 703 429 243 138 84 60 54 41 2870
 ... : 8 8 7 10 8 3 5 6 7 7 6 19 18 10 31 34 73 88 202 222 376 379 616 627 798 808 885 903 731 447 246 141 84 60 54 41 2882
 ... : 8 8 7 10 8 3 5 6 7 7 6 19 18 10 31 34 73 88 202 221 374 375 626 638 822 828 907 919 743 450 248 141 84 60 54 43 2901
 ... : 8 8 7 10 8 3 5 6 7 7 6 19 18 10 31 34 73 88 204 222 376 381 643 649 829 834 915 930 769 457 255 141 84 60 54 43 2917
 ... : 8 8 7 10 8 3 5 6 7 7 6 19 18 10 31 34 73 88 207 223 385 392 683 679 855 846 917 934 775 459 255 141 84 60 54 43 2933
 ... : 8 8 7 10 8 3 5 6 7 7 6 19 18 10 31 34 73 88 207 225 389 398 701 698 891 881 945 939 778 465 259 142 84 61 55 43 2940
 ... : 8 8 7 10 8 3 5 6 7 7 6 19 18 10 31 34 73 88 207 226 390 402 717 723 933 915 961 943 783 467 263 146 84 61 55 43 2945
 ... : 8 8 7 10 8 3 5 6 7 7 6 19 18 10 31 34 73 88 207 226 390 403 718 733 954 954 1009 961 793 471 265 149 84 61 55 43 2955
 ... : 8 8 7 10 8 3 5 6 7 7 6 19 18 10 31 34 73 88 207 226 390 403 718 736 958 955 1031 1014 829 486 269 151 84 61 55 43 2959
 ... : 8 8 7 10 8 3 5 6 7 7 6 19 18 10 31 34 73 88 207 220 390 410 740 742 964 962 1039 1025 836 486 269 151 84 61 55 44 2971
 ... : 8 8 7 10 8 3 5 6 7 7 6 19 18 10 31 34 73 88 207 222 392 411 743 744 965 974 1063 1046 879 511 270 152 84 61 55 44 2974
 ... : 9 9 8 10 7 2 6 6 7 8 8 22 19 16 34 35 74 90 208 223 392 412 744 745 965 975 1067 1054 892 519 272 154 87 61 55 44 2980
 ... : 9 9 8 10 7 2 6 6 7 8 8 22 20 19 37 48 81 101 216 237 405 420 764 753 968 975 1067 1055 893 519 273 155 87 61 55 44 2980
 ... : 9 9 8 10 7 2 6 6 7 8 8 22 20 19 37 49 81 101 227 253 429 433 783 758 969 975 1067 1055 893 521 273 155 87 61 55 44 2983
 ... : 9 9 8 10 7 2 6 6 7 8 8 22 20 19 37 51 80 106 235 266 447 466 814 797 990 979 1067 1056 893 521 273 155 87 61 55 44 2987
 ... : 9 9 8 10 7 2 6 6 7 8 8 22 20 19 37 51 80 106 235 272 459 492 847 824 1008 981 1071 1059 895 522 273 155 87 61 55 44 2997
 ... : 9 9 8 10 7 2 6 6 7 8 8 22 20 19 37 51 80 106 235 272 462 506 876 863 1057 1004 1068 1060 897 526 275 155 87 61 55 44 3005
 ... : 9 9 8 10 7 2 6 6 7 8 8 22 20 19 37 51 80 106 235 272 463 511 890 886 1096 1043 1083 1063 898 529 275 156 87 61 55 44 3016
 ... : 9 9 8 10 7 2 6 6 7 7 7 22 17 21 40 62 92 114 241 276 470 522 900 889 1096 1043 1083 1064 898 527 275 156 87 61 55 44 3029
 ... : 9 9 8 10 7 2 6 6 7 7 7 22 17 21 40 62 93 121 251 281 479 536 914 907 1102 1044 1083 1065 900 528 275 156 87 61 55 44 3037
 ... : 9 9 8 10 7 2 6 6 7 7 7 22 17 21 40 65 94 125 253 284 483 536 927 934 1146 1078 1100 1069 900 532 275 157 87 61 55 44 3042
 ... : 9 9 8 10 7 2 6 6 7 7 7 22 17 21 40 68 96 131 257 296 500 554 943 942 1147 1078 1100 1069 902 533 276 157 87 61 55 44 3053
 ... : 9 9 8 10 7 2 6 6 7 7 7 22 17 21 40 68 96 133 258 308 514 575 981 974 1166 1085 1102 1072 908 542 276 157 87 61 55 44 3065
 ... : 9 9 8 10 7 2 6 6 7 7 7 22 17 21 40 67 96 133 258 311 517 588 1026 1033 1200 1089 1102 1075 908 545 276 157 87 61 55 44 3068
 ... : 9 9 8 10 7 2 6 6 7 7 7 22 17 21 40 67 95 132 255 318 526 599 1045 1044 1202 1092 1101 1075 909 545 277 157 87 61 55 44 3072
 ... : 9 9 8 10 7 2 6 6 7 7 7 22 17 21 40 67 97 134 253 323 543 619 1076 1063 1208 1093 1102 1075 909 547 277 157 87 61 55 44 3089
 ... : 9 9 8 10 7 2 6 6 7 7 7 22 17 21 40 67 97 133 252 324 583 654 1105 1086 1222 1104 1105 1077 909 547 278 157 87 61 55 44 3099
 ... : 9 9 8 10 7 2 6 6 7 7 7 22 17 21 40 67 97 133 252 325 606 688 1148 1119 1240 1107 1105 1078 909 548 279 157 87 61 55 44 3113
 ... : 9 9 8 10 7 2 6 6 7 7 7 22 17 21 40 67 97 133 252 325 607 689 1153 1149 1279 1121 1108 1078 910 547 279 157 87 61 55 44 3129
 ... : 9 9 8 10 7 2 6 6 7 7 7 22 17 21 40 67 96 133 253 330 611 698 1190 1181 1307 1130 1111 1082 913 548 280 157 87 61 55 44 3140
 ... : 9 9 8 10 7 2 6 6 7 7 7 22 17 21 40 67 96 133 252 339 616 707 1224 1235 1337 1135 1112 1081 916 555 281 157 87 61 55 44 3154
 ... : 9 9 8 10 7 2 6 6 7 7 7 22 17 21 40 67 96 133 252 342 616 713 1233 1261 1366 1146 1114 1081 916 557 282 157 87 61 55 44 3165
 ... : 9 9 8 10 7 2 6 6 7 7 7 22 17 21 40 67 96 133 252 344 618 717 1263 1301 1398 1160 1115 1083 916 557 282 157 87 61 55 44 3170
 ... : 9 9 8 10 7 2 6 6 7 7 7 22 17 21 40 67 96 133 252 343 615 717 1267 1320 1440 1197 1124 1084 918 558 284 161 87 61 55 44 3187
 ... : 9 9 8 10 7 2 6 6 7 7 7 22 17 21 40 67 96 133 251 346 613 726 1276 1343 1466 1210 1130 1084 919 558 284 161 87 61 55 45 3201
 ... : 9 9 8 10 7 2 6 6 7 7 7 22 17 20 39 68 99 136 261 363 624 739 1287 1346 1466 1210 1130 1085 919 558 284 161 87 61 55 45 3202
 ... : 9 9 8 10 7 2 6 6 7 7 7 22 17 20 39 68 99 137 261 363 623 744 1292 1367 1508 1251 1141 1087 919 558 284 161 87 61 55 45 3210
 ... : 9 9 8 10 7 2 6 6 7 7 7 22 17 20 39 68 99 137 261 363 623 749 1297 1386 1537 1315 1183 1095 920 561 285 161 87 61 55 45 3216
 ... : 9 9 8 10 7 2 6 6 7 7 7 22 17 20 39 68 99 137 261 363 623 751 1304 1402 1570 1355 1215 1105 924 563 287 162 87 61 56 45 3232
 ... : 9 9 8 10 7 2 6 6 7 7 7 22 17 20 39 68 99 137 261 363 621 753 1302 1421 1607 1386 1251 1119 934 567 287 162 87 61 56 45 3237
 ... : 9 9 8 10 7 2 6 5 7 7 7 22 17 20 39 68 99 137 261 363 619 757 1320 1435 1635 1440 1290 1122 938 569 290 160 88 62 56 45 3243
 ... : 9 9 8 10 7 2 6 5 7 7 7 22 17 20 39 68 99 137 261 365 615 757 1324 1443 1651 1469 1318 1125 947 575 292 160 88 64 56 45 3252
 ... : 9 9 8 10 7 2 6 5 7 7 7 22 17 20 39 68 99 137 261 365 615 757 1325 1439 1663 1505 1363 1139 947 574 289 162 89 65 56 45 3252
 ... : 9 9 8 10 7 2 6 5 7 7 7 22 17 20 39 68 99 137 261 365 617 757 1334 1454 1696 1528 1389 1148 955 576 291 162 89 65 56 46 3260
 ... : 9 9 8 10 7 2 6 5 7 7 7 22 17 20 39 68 99 135 259 362 611 770 1350 1471 1716 1553 1406 1149 956 577 291 162 89 65 57 46 3266
 ... : 9 9 8 10 7 2 6 5 7 7 7 22 17 20 39 68 99 135 259 362 610 773 1362 1493 1748 1583 1426 1157 960 579 293 162 89 65 57 46 3270
 ... : 9 9 8 10 7 2 6 5 7 7 7 22 17 20 39 68 99 135 259 362 609 771 1365 1506 1752 1612 1477 1197 973 582 294 163 89 65 57 46 3280
 ... : 9 9 8 10 6 2 6 5 7 7 7 22 17 20 39 68 99 135 259 362 609 771 1365 1508 1756 1647 1530 1244 990 587 298 167 91 66 58 46 3296
 ... : 9 9 8 10 6 2 6 5 7 7 7 22 17 20 39 68 101 133 258 361 607 767 1362 1506 1758 1661 1565 1277 1001 589 302 168 93 68 58 46 3299
 ... : 9 9 8 10 6 2 6 5 7 7 7 22 17 20 39 68 101 133 258 361 607 767 1366 1517 1771 1668 1600 1313 1013 591 304 170 93 68 58 46 3311
 ... : 9 9 8 10 6 2 6 5 7 7 7 22 17 20 39 68 101 133 258 361 607 767 1367 1518 1777 1696 1644 1355 1036 596 305 170 93 68 58 46 3320
 ... : 9 9 8 10 6 2 6 5 7 7 7 22 17 20 39 68 101 133 258 361 607 768 1372 1534 1805 1756 1707 1396 1051 601 305 170 93 68 58 46 3328
 ... : 9 9 8 10 6 2 6 5 7 7 7 22 17 20 39 68 101 133 258 360 607 768 1374 1540 1833 1795 1755 1418 1063 609 311 172 94 68 58 46 3344
 ... : 9 9 8 10 6 2 6 5 7 7 7 22 17 20 39 68 101 133 258 360 608 770 1381 1551 1855 1812 1775 1438 1070 612 314 172 94 68 60 46 3354
 ... : 9 9 8 10 6 2 6 5 7 7 7 22 17 20 39 68 101 133 258 360 608 769 1379 1555 1880 1849 1829 1468 1076 612 314 172 94 69 60 47 3364
 ... : 9 9 8 10 6 2 6 5 7 7 7 22 17 20 39 68 101 133 258 360 608 769 1378 1558 1905 1886 1896 1531 1102 618 315 173 94 69 60 47 3370
 ... : 9 9 8 10 6 2 6 5 7 7 7 22 17 20 39 68 101 133 258 360 607 769 1377 1560 1908 1900 1920 1608 1177 634 315 173 94 69 60 47 3376
 ... : 9 9 8 10 6 2 6 5 7 7 7 22 17 20 39 68 101 132 259 362 616 774 1378 1563 1919 1912 1943 1635 1212 648 317 174 94 69 60 47 3382
 ... : 9 9 8 10 6 2 6 5 7 7 7 22 17 20 39 68 101 132 259 363 618 782 1389 1583 1945 1927 1951 1640 1215 648 319 174 94 69 60 47 3382
 ... : 9 9 8 10 6 2 6 5 7 7 7 22 17 20 37 68 97 130 256 363 631 797 1408 1591 1951 1931 1954 1641 1217 649 319 174 95 70 60 47 3395
 ... : 9 9 8 10 6 2 6 5 7 7 7 22 17 20 37 68 97 131 255 363 630 802 1416 1610 1968 1945 1963 1648 1221 651 320 174 95 70 60 47 3395
 ... : 9 9 8 10 6 2 6 5 7 7 7 22 17 20 37 68 97 131 255 362 630 814 1426 1637 1996 1969 1976 1651 1223 653 320 174 95 70 60 47 3399
 ... : 9 9 8 10 6 2 6 5 7 7 7 22 17 20 37 68 97 131 255 362 630 816 1430 1649 2037 2040 2035 1669 1230 654 320 174 95 70 60 47 3404
 ... : 9 9 8 10 6 2 6 5 7 7 7 22 17 20 37 68 97 131 256 363 633 823 1447 1668 2058 2058 2050 1694 1236 657 321 174 95 70 60 48 3404
 ... : 9 9 8 10 6 2 6 5 7 7 7 22 17 20 37 68 97 134 261 373 651 843 1466 1686 2066 2062 2053 1695 1237 657 321 174 95 70 60 48 3409
 ... : 9 9 8 10 6 2 6 5 7 7 7 22 17 20 37 68 97 134 262 377 655 847 1470 1692 2066 2066 2051 1684 1237 655 319 172 95 70 60 48 3397
 ... : 9 9 8 10 6 2 6 5 7 7 7 22 17 20 37 68 97 134 262 377 655 847 1474 1719 2082 2100 2070 1703 1245 656 319 172 95 70 61 49 3395
 ... : 9 9 8 10 6 2 6 5 7 7 7 22 17 20 37 68 97 134 262 377 655 848 1475 1723 2082 2106 2080 1724 1278 664 320 173 95 70 61 52 3394
 ... : 9 9 8 10 6 2 6 5 7 7 7 22 17 20 37 68 97 134 261 378 662 858 1487 1750 2105 2138 2097 1733 1281 664 320 174 96 70 61 52 3395
 ... : 9 9 8 10 6 2 6 5 7 7 7 22 17 20 37 68 97 134 261 378 662 858 1488 1749 2109 2148 2117 1772 1323 673 324 179 97 70 61 52 3397
 ... : 9 9 8 10 6 2 6 5 7 7 7 22 17 20 37 68 97 134 261 378 662 858 1492 1757 2137 2180 2149 1805 1343 674 325 179 99 71 61 52 3405
 ... : 9 9 8 10 6 2 6 5 7 7 7 22 17 20 37 68 97 134 261 378 662 858 1492 1759 2138 2192 2173 1837 1381 686 328 179 99 71 61 52 3415
 ... : 9 9 8 10 6 2 6 5 7 7 7 22 17 20 37 68 97 134 261 378 661 857 1492 1758 2137 2204 2212 1884 1430 700 331 179 99 71 61 52 3423
 ... : 9 9 8 10 6 2 6 5 7 7 7 22 17 20 37 68 97 134 261 378 661 857 1492 1760 2144 2208 2224 1898 1469 714 334 180 99 71 61 56 3440
 ... : 9 9 8 10 6 2 6 5 7 7 7 22 17 20 37 68 97 134 261 378 661 857 1494 1769 2160 2233 2260 1930 1504 734 335 181 99 71 61 56 3450
 ... : 9 9 8 10 6 2 6 5 7 7 7 22 17 20 37 68 97 134 261 378 661 857 1506 1786 2179 2259 2292 1956 1524 741 336 183 101 71 61 56 3452
 ... : 9 9 8 10 6 2 6 5 7 7 7 22 17 20 37 68 97 134 261 378 661 857 1505 1786 2184 2268 2328 2013 1561 753 337 185 104 72 61 56 3464
 ... : 9 9 8 10 6 2 6 5 7 7 7 22 17 20 37 68 97 134 261 378 661 854 1505 1784 2183 2267 2324 2047 1623 770 340 185 104 72 61 56 3474
 ... : 9 9 8 10 6 2 6 5 7 7 7 22 17 20 37 68 97 134 261 378 664 857 1515 1800 2195 2274 2329 2053 1628 773 343 185 104 72 61 56 3476
 ... : 9 9 8 10 6 2 6 5 7 7 7 22 17 20 37 68 97 134 261 378 663 861 1521 1804 2207 2297 2359 2094 1649 779 347 186 107 75 61 56 3479
 ... : 9 9 8 10 6 2 6 5 7 7 7 22 17 20 37 68 97 134 261 378 666 867 1530 1835 2246 2338 2388 2102 1653 783 348 186 107 75 61 56 3483
 ... : 9 9 8 10 6 2 6 5 7 7 7 22 17 20 37 68 97 134 261 378 666 869 1532 1836 2251 2353 2410 2122 1661 785 350 191 112 78 61 56 3483
 ... : 9 9 8 10 6 2 6 5 7 7 7 22 17 20 37 68 97 134 261 378 666 867 1528 1841 2256 2361 2408 2143 1706 796 350 191 112 78 61 56 3485
 ... : 9 9 8 10 6 2 6 5 7 7 7 22 17 20 37 68 97 134 261 378 666 868 1532 1848 2260 2366 2417 2173 1768 808 353 193 112 78 61 56 3491
 ... : 9 9 8 10 6 2 6 5 7 7 7 22 17 20 37 68 97 134 261 378 663 868 1533 1852 2273 2386 2446 2204 1796 811 355 194 112 78 61 56 3494
 ... : 9 9 8 10 6 2 6 5 7 7 7 22 17 20 37 68 97 134 261 377 665 875 1534 1866 2296 2412 2471 2219 1807 814 356 194 113 78 64 56 3498
 ... : 9 9 8 10 6 2 6 5 7 7 7 22 17 20 37 68 97 134 261 377 665 876 1544 1876 2303 2435 2490 2245 1840 821 357 195 115 79 64 56 3506
 ... : 9 9 8 10 6 2 6 5 7 7 7 22 17 20 37 71 100 138 265 383 681 887 1561 1880 2307 2436 2489 2270 1870 823 359 195 115 79 64 56 3506
 ... : 9 9 8 10 6 2 6 5 7 7 7 22 17 20 38 72 98 136 269 390 685 895 1586 1921 2331 2447 2492 2273 1875 824 361 195 115 79 64 56 3509
 ... : 9 9 8 10 6 2 6 5 7 7 7 22 17 20 38 72 98 136 269 390 685 889 1581 1931 2339 2489 2532 2306 1889 833 362 195 115 79 64 56 3512
 ... : 9 9 8 10 6 2 6 5 7 7 7 22 17 20 38 72 98 135 268 387 684 885 1580 1928 2337 2487 2527 2325 1896 844 372 201 116 79 64 56 3516
 ... : 9 9 8 10 6 2 6 5 7 7 7 22 17 20 38 72 98 134 268 386 685 883 1584 1932 2349 2502 2543 2348 1921 848 373 201 116 79 64 56 3517
 ... : 9 9 8 10 6 2 6 5 7 7 7 22 17 20 38 72 98 134 268 386 685 882 1584 1926 2338 2502 2553 2373 1969 882 379 202 115 80 65 56 3525
 ... : 9 9 8 10 6 2 6 5 7 7 7 22 17 20 38 72 98 134 268 387 685 883 1585 1934 2357 2521 2581 2402 1991 899 389 208 115 80 65 56 3529
 ... : 9 9 8 10 6 2 6 5 7 7 7 22 17 20 38 72 100 138 273 400 690 903 1608 1944 2362 2527 2587 2412 2002 905 392 209 115 80 65 56 3535
 ... : 9 9 8 10 6 2 6 5 7 7 7 22 17 20 38 72 100 138 273 403 695 913 1613 1961 2412 2548 2606 2434 2017 917 392 209 115 80 65 56 3539
 ... : 9 9 8 10 6 2 6 5 7 7 7 22 17 20 38 72 100 137 272 403 694 913 1607 1946 2402 2545 2607 2445 2046 948 397 209 115 80 65 56 3544
 ... : 9 9 8 10 6 2 6 5 7 7 7 22 17 20 38 72 100 138 273 403 696 916 1609 1949 2409 2548 2604 2466 2062 992 404 214 115 80 65 56 3543
 ... : 9 9 8 10 6 2 6 5 7 7 7 22 17 20 38 72 100 138 273 403 694 916 1628 1972 2425 2539 2607 2471 2061 992 406 214 115 80 65 56 3545
 ... : 9 9 8 10 6 2 6 5 7 7 7 22 17 20 38 72 100 138 272 403 694 918 1625 1978 2445 2567 2643 2486 2079 998 409 215 115 80 65 56 3548
 ... : 9 9 8 10 6 2 6 5 7 7 7 22 17 20 38 72 100 138 272 403 694 918 1625 1978 2444 2564 2646 2500 2125 1072 426 221 118 80 65 56 3555
 ... : 9 9 8 10 6 2 6 5 7 7 7 22 17 20 38 72 100 138 272 403 694 918 1624 1976 2447 2568 2659 2521 2165 1121 438 225 121 80 65 56 3569
 ... : 9 9 8 10 6 2 6 5 7 7 7 22 17 20 38 72 100 138 272 403 694 918 1623 1975 2457 2576 2669 2563 2213 1163 446 227 123 83 67 58 3575
 ... : 9 9 8 10 6 2 6 5 7 7 7 22 17 20 38 72 100 138 272 402 693 917 1622 1978 2458 2594 2684 2591 2248 1180 449 231 124 85 67 58 3582
 ... : 9 9 8 10 6 2 6 5 7 7 7 22 17 20 38 72 100 138 272 402 693 917 1622 1979 2456 2601 2713 2635 2287 1207 455 232 124 85 67 61 3591
 ... : 9 9 8 10 6 2 6 5 7 7 7 22 17 20 38 72 100 138 272 402 693 915 1620 1974 2447 2604 2726 2668 2329 1264 462 232 124 85 67 61 3597
 ... : 9 9 8 10 6 2 6 5 7 7 7 22 17 20 38 72 100 138 272 402 693 915 1619 1974 2446 2603 2738 2686 2371 1322 481 237 124 85 67 61 3604
 ... : 9 9 8 10 6 2 6 5 7 7 7 22 17 20 38 72 100 138 272 402 693 915 1619 1973 2444 2603 2735 2693 2413 1406 511 239 124 85 67 63 3609
 ... : 9 9 8 10 6 2 6 5 7 7 7 22 17 20 38 72 100 138 272 402 693 915 1619 1971 2459 2618 2755 2716 2447 1448 518 239 128 86 68 63 3611
 ... : 9 9 8 10 6 2 6 5 7 7 7 22 17 20 38 72 100 138 272 402 693 915 1619 1973 2463 2622 2767 2740 2487 1479 527 239 128 87 68 63 3621
 ... : 9 9 8 10 6 2 6 5 7 7 7 22 17 20 38 72 99 138 272 400 690 915 1616 1972 2459 2616 2773 2765 2560 1554 541 237 129 87 68 63 3617
 ... : 9 9 8 10 6 2 6 5 7 7 7 22 17 20 38 72 99 138 272 400 690 917 1617 1969 2451 2613 2772 2778 2589 1581 547 237 130 87 68 63 3629
 ... : 9 9 8 10 6 2 6 5 7 7 7 22 17 20 38 72 99 138 271 399 689 913 1613 1955 2438 2601 2748 2763 2618 1703 560 239 131 88 68 64 3634
 ... : 9 9 8 10 6 2 6 5 7 7 7 22 17 20 38 72 99 138 271 399 689 913 1612 1953 2458 2622 2750 2764 2638 1729 569 241 131 88 68 64 3636
 ... : 9 9 8 10 6 2 6 5 7 7 7 22 17 20 38 72 99 138 271 399 689 913 1613 1964 2492 2673 2800 2802 2673 1742 571 243 131 88 68 64 3639
 ... : 9 9 8 10 6 2 6 5 7 7 7 22 17 20 38 72 99 138 271 399 688 911 1613 1962 2489 2665 2795 2804 2704 1806 585 243 132 88 68 64 3633
 ... : 9 9 8 10 6 2 6 5 7 7 7 22 17 20 38 72 99 138 271 399 688 911 1613 1962 2490 2678 2801 2867 2755 1846 594 244 134 92 68 64 3634
 ... : 9 9 8 10 6 2 6 5 7 7 7 22 17 20 38 72 99 138 271 399 688 911 1613 1964 2494 2685 2807 2882 2795 1881 600 248 137 98 68 64 3641
 ... : 9 9 8 10 6 2 6 5 7 7 7 22 17 20 38 72 99 138 271 399 688 911 1609 1971 2519 2726 2847 2907 2806 1886 603 249 138 98 68 64 3641
 ... : 9 9 8 10 6 2 6 5 7 7 7 22 17 20 38 72 99 138 271 399 687 911 1609 1974 2523 2740 2888 2953 2843 1898 605 249 138 98 68 65 3650
 ... : 9 9 8 10 6 2 6 5 7 7 7 22 17 20 38 72 99 138 271 399 687 917 1619 1989 2532 2756 2923 2988 2894 1931 613 249 140 99 68 65 3657
 ... : 9 9 8 10 6 2 6 5 7 7 7 22 17 20 38 72 99 138 271 399 687 917 1623 2024 2600 2836 2966 3008 2899 1938 614 249 140 99 68 65 3661
 ... : 9 9 8 10 6 2 6 5 7 7 7 22 17 20 38 72 99 138 271 399 687 917 1623 2029 2625 2885 3023 3063 2914 1944 618 249 140 100 75 66 3661
 ... : 9 9 8 10 6 2 6 5 7 7 7 22 17 20 38 72 99 138 271 399 687 917 1623 2029 2631 2921 3089 3151 2944 1954 623 249 140 100 75 66 3664
 ... : 9 9 8 10 6 2 6 5 7 7 7 22 17 20 38 72 99 138 271 399 687 917 1623 2029 2639 2954 3165 3220 2987 1968 625 249 140 100 77 66 3665
 ... : 9 9 8 10 6 2 6 5 7 7 7 22 17 20 38 72 99 138 271 399 691 923 1623 2048 2648 2971 3192 3244 3017 1980 628 250 140 100 77 66 3668
 ... : 9 9 8 10 6 2 6 5 7 7 7 22 17 20 38 72 99 138 271 399 691 924 1635 2089 2715 3025 3223 3261 3029 1985 633 253 141 100 77 66 3670
 ... : 9 9 8 10 6 2 6 5 7 7 7 22 17 20 38 72 99 138 271 399 691 924 1635 2093 2727 3050 3276 3309 3044 1991 637 254 142 100 77 66 3674
 ... : 9 9 8 10 6 2 6 5 7 7 7 22 17 20 38 72 99 138 271 399 691 924 1652 2103 2753 3083 3319 3341 3064 1998 637 254 142 101 77 66 3675
 ... : 9 9 8 10 6 2 6 5 7 7 7 22 17 20 38 72 99 138 271 399 691 924 1652 2106 2771 3111 3380 3390 3097 2009 638 256 144 103 77 66 3680
 ... : 9 9 8 10 6 2 6 5 7 7 7 22 17 20 38 72 99 138 271 399 691 924 1652 2105 2771 3112 3398 3430 3152 2025 642 257 144 103 77 66 3681
 ... : 9 9 8 10 6 2 6 5 7 7 7 22 17 20 38 72 99 138 271 399 691 924 1652 2106 2779 3120 3440 3490 3201 2040 649 259 145 105 78 66 3682
 ... : 9 9 8 10 6 2 6 5 7 7 7 22 17 20 38 72 99 138 277 402 703 958 1686 2144 2792 3121 3439 3489 3202 2042 649 258 145 105 78 66 3678
 ... : 9 9 8 10 6 2 6 5 7 7 7 22 17 20 38 72 99 138 280 405 712 973 1707 2195 2815 3125 3441 3489 3202 2042 650 258 146 105 78 66 3680
 ... : 9 9 8 10 6 2 6 5 7 7 7 22 17 20 38 72 99 138 280 405 718 978 1726 2239 2847 3160 3463 3493 3203 2045 654 258 146 105 78 66 3680
 ... : 9 9 8 10 6 2 6 5 7 7 7 22 17 20 38 72 99 138 280 405 718 978 1732 2260 2885 3222 3533 3512 3213 2050 656 259 146 105 78 66 3682
 ... : 9 9 8 10 6 2 6 5 7 7 7 22 17 20 38 72 99 138 280 405 719 979 1734 2268 2895 3241 3572 3564 3233 2058 660 260 146 105 78 66 3683
 ... : 9 9 8 10 6 2 6 5 7 7 7 22 17 20 38 72 99 138 280 405 719 979 1734 2268 2897 3249 3592 3609 3296 2071 669 263 147 105 78 66 3688
 ... : 9 9 8 10 6 2 6 5 7 7 7 22 17 20 38 72 99 138 280 406 723 982 1737 2270 2901 3251 3601 3643 3346 2107 676 267 147 105 78 66 3689
 ... : 9 9 8 10 6 2 6 5 7 7 7 22 17 20 38 72 99 138 280 407 730 990 1771 2292 2928 3265 3619 3647 3348 2111 678 268 148 105 78 66 3689
 ... : 9 9 8 10 6 2 6 5 7 7 7 22 17 20 38 72 99 138 280 407 730 992 1776 2297 2941 3296 3658 3655 3349 2116 678 268 148 106 78 66 3690
 ... : 9 9 8 10 6 2 6 5 7 7 7 22 17 20 38 72 99 138 280 407 729 990 1779 2298 2936 3290 3656 3672 3381 2137 687 268 148 106 78 66 3692
 ... : 9 9 8 10 6 2 6 5 7 7 7 22 17 20 38 72 99 138 280 407 729 990 1779 2298 2934 3287 3654 3701 3447 2181 701 277 149 106 78 66 3703
 ... : 9 9 8 10 6 2 6 5 7 7 7 22 17 20 38 72 99 138 280 407 729 990 1779 2298 2933 3286 3674 3719 3489 2215 720 280 150 107 78 66 3707
 ... : 9 9 8 10 6 2 6 5 7 7 7 22 17 20 38 72 99 138 280 407 729 990 1779 2299 2943 3305 3717 3773 3535 2228 722 280 150 107 78 66 3709
 ... : 9 9 8 10 6 2 6 5 7 7 7 22 17 20 38 72 99 138 280 406 729 990 1779 2311 2974 3327 3740 3808 3565 2249 729 283 151 107 78 66 3717
 ... : 9 9 8 10 6 2 6 5 7 7 7 22 17 20 38 72 99 138 280 406 729 990 1779 2313 2983 3340 3766 3875 3593 2268 739 283 151 107 78 66 3728
 ... : 9 9 8 10 6 2 6 5 7 7 7 22 17 20 38 72 99 138 280 406 729 990 1779 2313 2983 3340 3765 3887 3631 2326 769 283 151 107 80 66 3726
 ... : 9 9 8 10 6 2 6 5 7 7 7 22 17 20 38 72 99 138 280 406 729 990 1779 2313 2990 3344 3774 3906 3702 2394 779 288 152 108 80 66 3732
 ... : 9 9 8 10 6 2 6 5 7 7 7 22 17 20 38 72 99 138 280 406 729 989 1779 2312 2990 3346 3801 3947 3770 2442 792 290 152 108 80 66 3734
 ... : 9 9 8 10 6 2 6 5 7 7 7 22 17 20 38 72 99 138 279 406 729 989 1779 2311 2990 3342 3802 3947 3825 2530 812 293 152 108 80 66 3734
 ... : 9 9 8 10 6 2 6 5 7 7 7 22 17 20 38 72 99 138 279 406 729 989 1779 2312 2980 3339 3809 3967 3853 2584 827 297 152 110 80 66 3735
 ... : 9 9 8 10 6 2 6 5 7 7 7 22 17 20 38 72 99 138 279 406 729 989 1779 2312 2980 3338 3810 3986 3889 2633 849 303 155 112 81 66 3746
 ... : 9 9 8 10 6 2 6 5 7 7 7 22 17 20 38 72 99 138 279 406 729 989 1779 2311 2980 3348 3826 3999 3915 2676 885 314 156 112 81 60 3770
 ... : 9 9 8 10 6 2 6 5 7 7 7 22 17 20 38 72 98 138 279 406 729 988 1777 2312 2986 3347 3830 4011 3928 2708 919 327 159 117 82 61 3782
 ... : 9 9 8 10 6 2 6 5 7 7 7 22 17 20 38 72 98 138 279 406 729 987 1776 2312 2987 3353 3843 4042 3974 2749 940 332 164 118 83 61 3790
 ... : 10 10 10 11 7 4 7 5 7 7 7 23 18 21 39 74 101 141 282 408 731 989 1778 2314 2988 3353 3843 4049 3982 2756 944 335 164 118 83 61 3795
 ... : 10 10 10 11 8 4 5 8 9 11 10 24 21 21 41 78 104 144 286 412 731 984 1771 2315 2989 3353 3843 4049 3982 2756 944 335 164 118 83 61 3797
 ... : 10 10 10 11 8 4 5 10 13 15 13 27 26 26 48 92 111 148 287 412 731 986 1771 2315 2989 3353 3843 4049 3982 2756 944 335 164 118 83 61 3804
 ... : 10 10 10 11 8 4 5 10 13 15 14 29 24 29 52 92 110 145 293 417 732 986 1771 2315 2990 3353 3843 4049 3982 2756 944 335 164 119 83 61 3813
 ... : 10 10 10 11 8 4 5 10 9 11 14 29 23 34 55 95 117 152 299 425 735 986 1771 2315 2989 3353 3843 4049 3981 2756 945 335 164 119 83 61 3816
 ... : 10 10 10 11 8 4 5 10 9 11 13 25 23 36 53 96 121 159 304 423 737 976 1767 2314 2990 3353 3843 4049 3981 2756 945 335 164 119 83 61 3816
 ... : 10 10 10 11 8 4 5 9 8 9 12 21 18 28 47 86 108 146 298 417 725 986 1766 2314 2993 3354 3843 4049 3981 2756 945 335 164 119 83 62 3820
 ... : 10 10 10 11 8 4 5 9 8 9 12 21 18 28 46 86 104 145 287 404 709 974 1761 2324 3002 3360 3843 4046 3985 2763 949 335 166 119 83 62 3821
 ... : 10 10 10 11 8 4 5 9 8 9 12 21 18 28 46 86 104 145 287 404 709 974 1761 2324 3004 3363 3847 4065 4014 2824 972 355 166 120 83 62 3835
 ... : 10 10 10 11 8 4 5 9 8 9 12 21 18 28 46 86 104 145 287 404 709 974 1761 2323 3005 3371 3878 4083 4039 2863 1000 374 166 120 83 62 3836
 ... : 10 10 10 11 8 4 5 9 8 9 12 21 18 28 46 86 104 145 287 404 708 973 1760 2329 3011 3379 3902 4140 4108 2893 1008 380 167 120 83 62 3836
 ... : 10 10 10 11 8 4 5 9 8 9 12 21 18 28 46 86 104 145 287 404 708 973 1760 2329 3015 3389 3907 4150 4144 2971 1079 390 171 120 83 62 3841
 ... : 10 10 10 11 8 4 5 9 8 9 12 21 18 28 46 86 104 145 287 404 708 973 1760 2328 3015 3387 3910 4169 4171 3012 1122 399 175 120 85 64 3858
 ... : 10 10 10 11 8 4 5 9 8 9 12 21 18 28 46 86 104 145 287 404 708 973 1759 2332 3017 3389 3908 4177 4188 3039 1165 415 177 120 86 65 3871
 ... : 10 10 10 11 8 4 5 9 8 9 12 21 18 28 46 86 104 145 287 404 708 973 1759 2332 3021 3391 3910 4181 4200 3091 1222 426 180 122 89 65 3874
 ... : 10 10 10 11 8 4 5 9 8 9 12 21 18 28 46 86 104 145 287 404 708 972 1759 2332 3031 3401 3924 4194 4230 3184 1293 441 181 124 89 65 3880
 ... : 10 10 10 11 8 4 5 9 8 9 12 21 18 28 46 86 104 145 287 404 708 972 1759 2332 3031 3405 3931 4205 4245 3256 1350 460 184 128 92 65 3882
 ... : 10 10 10 11 8 4 5 9 8 9 12 21 18 28 46 86 104 145 287 404 708 972 1759 2332 3035 3415 3942 4224 4282 3331 1392 468 187 129 92 65 3890
 ... : 10 10 10 11 8 4 5 9 8 9 12 21 18 28 46 86 104 145 287 404 708 972 1759 2332 3037 3418 3948 4232 4291 3399 1453 478 191 129 93 67 3892
 ... : 10 10 10 11 8 4 5 9 8 9 12 21 18 28 46 86 104 145 287 403 708 972 1759 2332 3035 3417 3944 4236 4293 3460 1524 505 194 131 95 72 3901
 ... : 10 10 10 11 8 4 5 9 8 9 12 21 18 28 46 86 104 145 287 403 708 972 1767 2346 3049 3435 3968 4261 4304 3467 1535 507 194 131 96 72 3908
 ... : 10 10 10 11 8 4 5 9 8 9 12 21 18 28 46 86 104 145 287 403 706 971 1768 2352 3072 3461 3986 4275 4315 3472 1545 511 194 131 97 72 3911
 ... : 10 10 10 11 8 4 5 9 8 9 12 21 18 28 46 86 104 145 287 403 706 971 1770 2357 3076 3466 4002 4299 4357 3490 1556 514 196 131 97 72 3913
 ... : 10 10 10 11 8 4 5 9 8 9 12 21 18 28 46 86 104 145 287 403 706 971 1778 2371 3090 3490 4036 4355 4386 3503 1556 515 197 131 97 72 3916
 ... : 10 10 10 11 8 4 5 9 8 9 12 21 18 28 46 86 104 145 287 403 706 971 1777 2371 3086 3488 4040 4380 4407 3525 1567 521 198 131 97 72 3924
 ... : 10 10 10 11 8 4 5 9 8 9 12 21 18 28 46 86 104 145 287 403 706 971 1779 2381 3090 3497 4038 4386 4449 3584 1583 524 198 131 98 72 3926
 ... : 10 10 10 11 8 4 5 9 8 9 12 21 18 28 46 86 104 145 287 403 706 971 1779 2380 3090 3496 4035 4383 4472 3631 1625 534 201 132 99 73 3934
 ... : 10 10 10 11 8 4 5 9 8 9 12 21 18 28 46 86 104 145 287 403 706 971 1779 2380 3090 3496 4033 4388 4486 3687 1682 545 206 133 99 73 3939
 ... : 10 10 10 11 8 4 5 9 8 9 12 21 18 28 46 86 104 145 287 403 706 971 1779 2379 3086 3494 4017 4367 4468 3699 1733 552 207 134 99 73 3942
 ... : 10 10 10 11 8 4 5 9 8 9 12 21 18 28 46 86 104 145 287 403 706 971 1779 2377 3085 3491 4017 4362 4460 3721 1805 587 215 134 99 73 3944
 ... : 10 10 10 11 8 4 5 9 8 9 12 21 18 28 46 86 104 145 287 402 707 972 1782 2374 3087 3490 4021 4380 4479 3766 1855 595 215 134 99 76 3947
 ... : 10 10 10 11 8 4 5 9 8 9 12 21 18 28 46 86 104 145 287 402 707 972 1782 2374 3086 3484 4020 4372 4497 3826 1938 600 219 135 100 76 3950
 ... : 10 10 10 11 8 4 5 9 8 9 12 21 18 28 46 86 104 145 287 402 707 972 1782 2371 3088 3493 4039 4398 4522 3860 1971 603 220 136 100 77 3950
 ... : 10 10 10 11 8 4 5 9 8 9 12 21 18 28 46 86 104 145 287 402 707 972 1782 2369 3090 3493 4049 4405 4526 3910 2036 612 222 136 100 77 3953
 ... : 10 10 10 11 8 4 5 9 8 9 12 21 18 28 46 86 104 145 287 402 706 972 1782 2369 3085 3492 4064 4450 4570 3963 2050 615 224 137 101 77 3956
 ... : 10 10 10 11 8 4 5 9 8 9 12 21 18 28 46 86 104 145 287 402 706 972 1782 2368 3081 3485 4066 4460 4584 4020 2087 631 226 139 106 78 3955
 ... : 10 10 10 11 8 4 5 9 8 9 12 21 18 28 46 86 104 145 287 402 706 972 1782 2366 3086 3493 4073 4469 4602 4060 2123 641 230 141 112 81 3964
 ... : 10 10 10 11 8 4 5 9 8 9 12 21 18 28 46 86 104 145 287 402 706 972 1781 2366 3086 3493 4077 4489 4646 4108 2160 652 235 143 112 82 3971
 ... : 10 10 10 11 8 4 5 9 8 9 12 21 18 28 46 86 104 145 287 402 706 972 1781 2366 3086 3492 4076 4492 4663 4171 2228 673 240 147 113 85 3976
 ... : 10 10 10 11 8 4 5 9 8 9 12 21 18 28 46 86 104 145 287 402 706 972 1781 2366 3087 3495 4086 4504 4684 4216 2279 682 239 148 114 86 3980
 ... : 10 10 10 11 8 4 5 9 8 9 12 21 18 28 46 86 104 145 287 402 706 972 1779 2365 3084 3488 4080 4507 4728 4290 2337 691 240 148 116 90 3984
 ... : 10 10 10 11 8 4 5 9 8 9 12 21 18 28 46 86 104 145 287 402 706 972 1778 2366 3096 3516 4107 4527 4739 4321 2377 698 241 150 116 90 3986
 ... : 10 10 10 11 8 4 5 9 8 9 12 21 18 28 46 86 104 145 287 402 706 972 1778 2366 3096 3523 4124 4555 4801 4368 2399 712 246 151 117 90 3995
 ... : 10 10 10 11 8 4 5 9 8 9 12 21 18 28 46 86 104 145 287 402 706 972 1778 2367 3099 3524 4130 4575 4836 4430 2456 724 248 151 117 90 4001
 ... : 10 10 10 11 8 4 5 9 8 9 12 21 18 28 46 86 104 145 287 402 706 972 1778 2369 3100 3526 4144 4593 4865 4482 2492 735 249 151 117 90 4006
 ... : 10 10 10 11 8 4 5 9 8 9 12 21 18 28 46 86 104 145 287 402 706 972 1778 2369 3098 3526 4146 4602 4897 4537 2525 751 252 152 120 90 4010
 ... : 10 10 10 11 8 4 5 9 8 9 12 21 18 28 46 86 104 145 287 402 706 972 1778 2371 3099 3528 4150 4622 4922 4612 2577 767 253 151 120 90 4013
 ... : 10 10 10 11 8 4 5 9 8 9 12 21 18 28 46 86 104 145 287 402 706 972 1778 2371 3099 3528 4156 4648 4962 4671 2611 778 254 152 120 90 4013
 ... : 10 10 10 11 8 4 5 9 8 9 12 21 18 28 46 86 104 145 287 402 706 971 1778 2389 3124 3545 4166 4655 4977 4727 2649 786 255 153 121 92 4014
 ... : 10 10 10 11 8 4 5 9 8 9 12 21 18 28 46 86 104 145 287 402 706 971 1778 2389 3132 3557 4193 4692 5030 4766 2675 791 256 153 122 92 4016
 ... : 10 10 10 11 8 4 5 9 8 9 12 21 18 28 46 86 101 144 285 400 698 968 1771 2393 3140 3566 4211 4705 5065 4821 2695 796 258 153 122 92 4022
 ... : 10 10 10 11 8 4 5 9 8 9 12 21 18 28 46 86 101 144 287 400 700 979 1776 2391 3143 3564 4214 4713 5084 4850 2717 800 257 152 122 92 4000
 ... : 10 10 10 11 8 4 5 9 8 9 12 21 18 28 46 86 101 144 288 403 702 984 1786 2427 3186 3583 4227 4717 5090 4851 2720 801 257 152 122 92 4001
 ... : 10 10 10 11 8 4 5 9 8 9 12 21 18 28 46 86 101 144 288 403 702 984 1787 2438 3210 3622 4263 4740 5103 4858 2722 802 257 152 122 92 4001
 ... : 10 10 10 11 8 4 5 9 8 9 12 21 18 28 46 86 101 144 288 403 702 984 1787 2441 3216 3622 4270 4758 5116 4878 2727 804 258 152 122 92 4004
 ... : 10 10 10 11 8 4 5 9 8 9 12 21 18 28 46 86 101 144 288 403 702 984 1787 2443 3215 3618 4263 4771 5129 4915 2747 809 264 153 122 92 4008
 ... : 10 10 10 11 8 4 5 9 8 9 12 21 18 28 46 86 101 144 288 403 702 984 1787 2443 3215 3616 4263 4779 5139 4978 2824 820 266 154 122 93 4008
 ... : 10 10 10 11 8 4 5 9 8 9 12 21 18 28 46 86 101 144 288 403 702 984 1786 2443 3212 3610 4258 4784 5141 5020 2884 836 271 158 122 93 4009
 ... : 10 10 10 11 8 4 5 9 8 9 12 21 18 28 46 86 101 144 288 403 702 984 1785 2442 3210 3615 4261 4810 5167 5051 2912 848 272 158 125 95 4012
 ... : 10 10 10 11 8 4 5 9 8 9 12 21 18 28 46 86 101 144 288 403 702 984 1785 2442 3208 3621 4266 4831 5185 5093 2945 856 272 158 127 98 4013
 ... : 10 10 10 11 8 4 5 9 8 9 12 21 18 28 46 86 101 144 288 403 702 984 1785 2442 3208 3620 4263 4833 5199 5166 2995 869 276 159 128 98 4015
 ... : 10 10 10 11 8 4 5 9 8 9 12 21 18 28 46 86 101 144 288 403 702 984 1785 2442 3208 3620 4260 4839 5220 5208 3047 879 281 160 131 100 4020
 ... : 10 10 10 11 8 4 5 9 8 9 12 21 18 28 46 86 101 144 288 403 702 984 1785 2440 3204 3622 4255 4841 5231 5225 3079 890 286 161 131 101 4021
 ... : 10 10 10 11 8 4 5 9 8 9 12 21 18 28 46 86 101 144 288 403 702 984 1785 2442 3207 3625 4260 4857 5246 5248 3107 901 290 162 132 103 4024
 ... : 10 10 10 11 8 4 5 9 8 9 12 21 18 28 46 86 101 144 288 403 702 984 1785 2441 3206 3621 4266 4857 5254 5293 3161 918 292 165 132 103 4030
 ... : 10 10 10 11 8 4 5 9 8 9 12 21 18 28 45 84 100 144 284 400 683 956 1743 2395 3160 3586 4256 4856 5246 5299 3173 922 294 165 132 103 4036
 ... : 10 10 10 11 8 4 5 9 8 9 12 21 18 28 45 84 100 144 284 400 683 954 1732 2376 3155 3566 4220 4827 5224 5295 3182 924 294 165 132 103 4036
 ... : 10 10 10 11 8 4 5 9 8 9 12 21 18 28 45 84 100 144 285 395 649 944 1717 2362 3122 3510 4174 4822 5219 5307 3187 924 295 165 132 103 4036
 ... : 10 10 10 11 8 4 5 9 8 9 12 21 18 28 45 84 100 144 286 397 652 947 1720 2362 3121 3501 4164 4808 5172 5262 3196 934 299 165 132 103 4047
 ... : 10 10 10 11 8 4 5 9 8 9 12 21 18 28 45 84 100 144 286 397 652 947 1719 2362 3121 3500 4164 4807 5176 5286 3265 953 308 165 133 104 4058
 ... : 10 10 10 11 8 4 5 9 8 9 12 21 18 28 45 84 100 144 286 397 652 947 1717 2346 3116 3506 4190 4854 5212 5305 3275 961 309 166 133 105 4063
 ... : 10 10 10 11 8 4 5 9 8 9 12 21 18 28 45 84 100 144 286 397 652 947 1717 2344 3113 3503 4184 4847 5209 5384 3305 980 324 170 133 105 4070
 ... : 10 10 10 11 8 4 5 9 8 9 12 21 18 28 45 84 100 144 286 397 652 947 1717 2345 3113 3507 4190 4859 5214 5395 3338 1002 335 178 133 105 4072
 ... : 10 10 10 11 8 4 5 9 8 9 12 21 18 28 45 84 100 144 286 397 652 947 1717 2345 3113 3507 4195 4900 5261 5441 3351 1021 337 178 134 105 4077
 ... : 10 10 10 11 8 4 5 9 8 9 12 21 18 28 45 84 100 144 286 397 652 947 1717 2345 3113 3507 4193 4909 5281 5476 3409 1054 352 179 134 105 4111
 ... : 10 10 10 11 8 4 5 9 8 9 12 21 18 28 45 84 100 144 286 397 652 947 1717 2345 3113 3507 4196 4920 5297 5511 3463 1090 362 185 135 105 4116
 ... : 10 10 10 11 8 4 5 9 8 9 12 21 18 28 45 84 100 144 286 397 652 947 1717 2345 3113 3507 4196 4940 5315 5550 3520 1118 370 187 135 105 4142
 ... : 10 10 10 11 8 4 5 9 8 9 12 21 18 28 45 84 100 144 286 397 652 947 1717 2345 3112 3505 4196 4937 5316 5578 3628 1186 384 189 136 106 4161
 ... : 10 10 10 11 8 4 5 9 8 9 12 21 18 28 45 84 100 144 286 397 651 946 1715 2343 3104 3506 4194 4932 5284 5600 3665 1227 403 189 138 108 4170
 ... : 10 10 10 11 8 4 5 9 8 9 12 21 18 28 45 84 100 144 286 397 651 946 1714 2336 3099 3503 4189 4926 5273 5607 3701 1250 408 192 140 110 4182
 ... : 10 10 10 11 8 4 5 9 8 9 12 21 18 28 45 83 100 144 287 403 653 950 1712 2336 3099 3501 4185 4934 5286 5629 3722 1262 410 192 140 111 4197
 ... : 10 10 10 11 8 4 5 9 8 9 12 21 18 28 45 83 100 146 290 408 658 956 1704 2331 3098 3510 4189 4936 5283 5630 3723 1262 410 192 140 111 4199
 ... : 10 10 10 11 8 4 5 9 8 9 12 21 18 27 44 82 96 145 289 410 644 947 1687 2335 3092 3526 4202 4946 5285 5634 3724 1262 410 192 140 111 4204
 ... : 10 10 10 11 8 4 5 9 8 9 12 21 18 26 44 82 96 145 288 418 650 951 1696 2341 3095 3558 4227 4980 5299 5640 3726 1264 410 193 140 111 4207
 ... : 10 10 10 11 8 4 5 9 8 9 12 21 18 26 44 81 95 144 288 418 650 948 1692 2340 3097 3571 4250 4999 5320 5641 3726 1266 412 193 141 111 4208
 ... : 10 10 10 11 8 4 5 9 8 9 12 20 18 26 44 80 95 144 288 418 652 947 1695 2352 3110 3599 4277 5038 5345 5646 3726 1269 412 193 142 111 4210
 ... : 10 10 10 11 8 4 5 9 8 9 12 20 18 26 44 80 95 144 288 418 652 948 1703 2365 3113 3608 4293 5058 5366 5656 3727 1270 415 193 142 111 4221
 ... : 10 10 10 11 8 4 5 9 8 9 12 20 18 26 43 80 93 144 288 419 651 950 1708 2368 3119 3625 4301 5081 5383 5671 3731 1271 415 193 142 111 4221
 ... : 10 10 10 11 8 4 5 9 8 9 12 20 18 26 43 80 93 144 288 419 651 950 1709 2369 3115 3624 4312 5107 5403 5679 3734 1273 417 193 142 111 4226
 ... : 10 10 10 11 8 4 5 9 8 9 12 20 18 26 43 80 93 144 288 419 651 951 1712 2377 3119 3624 4314 5115 5417 5727 3753 1277 419 195 145 111 4226
 ... : 10 10 10 11 8 4 5 9 8 9 12 20 18 26 43 80 93 144 288 419 651 951 1713 2383 3126 3632 4326 5135 5438 5755 3780 1282 420 195 145 112 4228
 ... : 10 10 10 11 8 4 5 9 8 9 12 20 18 26 43 80 93 144 287 419 651 952 1713 2384 3130 3639 4326 5138 5451 5780 3802 1292 428 197 146 113 4235
 ... : 10 10 10 11 8 4 5 9 8 9 12 20 18 26 43 80 93 144 287 419 651 952 1713 2381 3130 3644 4344 5163 5464 5783 3826 1300 432 197 146 113 4242
 ... : 10 10 10 11 8 4 5 9 8 9 12 20 18 26 43 80 93 144 287 417 649 953 1711 2389 3142 3655 4353 5173 5482 5807 3855 1308 432 197 146 113 4247
 ... : 10 10 10 11 8 4 5 9 8 9 12 20 18 26 43 80 93 143 287 417 650 952 1716 2395 3139 3645 4344 5180 5505 5850 3883 1313 434 198 147 113 4251
 ... : 10 10 10 11 8 4 5 9 8 9 12 20 18 26 43 80 93 143 285 415 647 944 1689 2343 3075 3583 4282 5106 5442 5793 3872 1322 437 198 147 113 4251
 ... : 10 10 10 11 8 4 5 9 8 9 12 20 18 26 43 80 93 143 285 415 647 944 1689 2343 3076 3589 4288 5114 5456 5818 3896 1343 443 198 147 113 4251
 ... : 10 10 10 11 8 4 5 9 8 9 12 20 18 26 43 80 93 143 284 415 647 944 1689 2340 3080 3597 4294 5128 5469 5849 3927 1370 447 198 147 113 4256
 ... : 10 10 10 11 8 4 5 9 8 9 12 20 18 26 43 80 93 143 284 415 647 944 1689 2340 3080 3597 4292 5129 5477 5878 3993 1427 466 201 150 113 4262
 ... : 10 10 10 11 8 4 5 9 8 9 12 20 18 26 43 80 93 143 284 415 647 944 1689 2340 3080 3597 4292 5132 5486 5906 4034 1469 477 203 151 114 4270
 ... : 10 10 10 11 8 4 5 9 8 9 12 20 18 26 43 80 93 143 284 415 646 943 1688 2340 3089 3608 4314 5137 5500 5930 4053 1495 485 204 151 114 4270
 ... : 10 10 10 11 8 4 5 9 8 9 12 20 18 26 43 80 93 143 284 415 646 943 1688 2339 3090 3618 4338 5173 5549 5957 4065 1499 490 205 152 114 4274
 ... : 10 10 10 11 8 4 5 9 8 9 12 20 18 26 43 80 93 143 284 415 646 943 1688 2339 3090 3620 4338 5179 5559 5992 4103 1521 496 205 152 114 4276
 ... : 10 10 10 11 8 4 5 9 8 9 12 20 18 26 43 80 93 143 284 415 646 943 1688 2337 3087 3623 4330 5182 5557 6022 4156 1571 512 209 152 114 4278
 ... : 10 10 10 11 8 4 5 9 8 9 12 20 18 26 43 80 93 143 284 415 646 943 1688 2337 3088 3625 4335 5189 5568 6040 4182 1611 533 212 152 114 4280
 ... : 10 10 10 11 8 4 5 9 8 9 12 20 18 26 43 80 93 143 284 414 646 944 1689 2340 3091 3626 4338 5187 5567 6028 4225 1663 541 215 154 114 4285
 ... : 10 10 10 11 8 4 5 9 8 9 12 20 18 26 43 80 93 143 284 414 646 944 1689 2340 3090 3626 4337 5186 5575 6050 4250 1707 554 217 154 115 4294
 ... : 10 10 10 11 8 4 5 9 8 9 12 20 18 26 43 80 93 143 284 414 646 944 1689 2340 3090 3626 4335 5185 5584 6080 4324 1757 574 222 154 115 4302
 ... : 10 10 10 11 8 4 5 9 8 9 12 20 18 26 43 80 93 143 284 414 646 944 1685 2340 3088 3626 4336 5188 5583 6084 4359 1822 600 225 155 115 4316
 ... : 10 10 10 11 8 4 5 9 8 9 12 20 18 26 43 80 93 143 284 414 646 944 1685 2339 3088 3627 4332 5184 5572 6067 4394 1914 619 235 155 115 4319
 ... : 10 10 10 11 8 4 5 9 8 9 12 20 18 26 43 80 93 143 284 414 646 944 1685 2340 3089 3626 4329 5178 5571 6107 4464 1977 634 240 156 117 4327
 ... : 10 10 10 11 8 4 5 9 8 9 12 20 18 26 43 80 93 143 284 414 646 944 1685 2341 3092 3630 4329 5182 5580 6147 4488 2005 644 242 156 117 4338
 ... : 10 10 10 11 8 4 5 9 8 9 12 20 18 26 43 80 93 143 284 414 646 944 1682 2340 3089 3627 4325 5172 5573 6153 4547 2075 653 245 158 120 4341
