initialized model with 10009 latches, 12 inputs and 1 properties
tsim: performed 28 steps
tsim: found cycle from 25
checking bound 0
checking bound 1
checking bound 2
tdecomp: unrolling 2 cycles
tsim: performed 26 steps
tsim: found cycle from 23
tsim: found 2 constants and 0 latch equivalences
tdecomp: (10009, 48) -> (10007, 24)
   2 : 15 7
   3 : 14 17 14
   4 : 14 17 34 14
 ... : 8 19 45 54
 ... : 8 18 40 105
   5 : 6 15 3 36 112
   6 : 6 15 3 36 62 118
   7 : 6 15 3 36 16 68 118
   8 : 6 15 3 36 16 68 88 129
   9 : 6 15 3 36 16 68 55 97 135
  10 : 6 15 3 36 16 68 55 97 154 171
  11 : 6 15 3 36 16 68 55 97 75 176 173
 ... : 6 15 3 36 16 68 55 97 75 193 268
 ... : 6 15 3 36 16 68 55 97 75 170 405
  12 : 6 15 3 36 16 68 55 97 75 153 269 187
 ... : 6 15 3 36 16 68 55 97 75 153 247 387
  13 : 6 15 3 36 16 68 55 97 75 153 112 400 130
 ... : 6 15 3 36 16 68 55 97 75 155 114 424 182
 ... : 6 15 3 36 16 68 55 97 75 156 115 440 212
 ... : 6 15 3 36 16 68 55 97 75 156 115 434 275
 ... : 6 15 3 36 16 68 55 97 75 156 115 413 391
 ... : 6 15 3 36 16 68 55 97 75 153 114 392 521
  14 : 6 15 3 36 16 68 55 97 75 150 113 246 559 162
 ... : 6 15 3 36 16 68 55 97 75 150 113 246 614 361
  15 : 6 15 3 36 16 68 55 97 75 150 113 246 204 750 108
 ... : 6 15 3 36 16 68 55 97 75 150 113 246 206 789 149
 ... : 6 15 3 36 16 68 55 97 75 150 113 246 206 814 201
 ... : 6 15 3 36 16 68 55 97 75 150 113 249 208 830 232
 ... : 6 15 3 36 16 68 55 97 75 150 113 244 199 850 235
 ... : 6 15 3 36 16 68 55 97 75 150 113 244 198 862 318
 ... : 6 15 3 36 16 68 55 97 75 150 113 244 196 851 453
 ... : 6 15 3 36 16 68 55 97 75 150 113 244 196 833 629
 ... : 6 15 3 36 16 68 55 97 75 150 113 241 193 796 728
  16 : 6 15 3 36 16 68 55 97 75 150 113 226 173 522 936 172
 ... : 6 15 3 36 16 68 55 97 75 150 113 226 173 531 1230 237
 ... : 6 15 3 36 16 68 55 97 75 150 113 226 173 528 1186 431
 ... : 6 15 3 36 16 68 55 97 75 150 113 226 173 525 1079 631
  17 : 6 15 3 36 16 68 55 97 75 150 113 226 173 523 409 1241 122
 ... : 6 15 3 36 16 68 55 97 75 150 113 226 173 532 421 1254 156
 ... : 6 15 3 36 16 68 55 97 75 150 113 226 173 529 417 1294 158
 ... : 6 15 3 36 16 68 55 97 75 150 113 226 173 529 417 1332 161
 ... : 6 15 3 36 16 68 55 97 75 150 113 226 173 531 421 1362 170
 ... : 6 15 3 36 16 68 55 97 75 150 113 226 173 530 415 1381 174
 ... : 6 15 3 36 16 68 55 97 75 150 113 226 173 528 430 1408 174
 ... : 6 15 3 36 16 68 55 97 75 150 113 226 173 527 426 1444 177
 ... : 6 15 3 36 16 68 55 97 75 150 113 226 173 526 424 1480 183
 ... : 6 15 3 36 16 68 55 97 75 150 113 226 173 524 422 1506 214
 ... : 6 15 3 36 16 68 55 97 75 150 113 226 173 522 420 1513 255
 ... : 6 15 3 36 16 68 55 97 75 150 113 226 173 522 421 1537 281
 ... : 6 15 3 36 16 68 55 97 75 150 113 226 173 513 416 1550 283
 ... : 6 15 3 36 16 68 55 97 75 150 113 226 173 508 411 1578 296
 ... : 6 15 3 36 16 68 55 97 75 150 113 226 173 508 410 1583 346
 ... : 6 15 3 36 16 68 55 97 75 150 113 226 173 507 408 1589 377
 ... : 6 15 3 36 16 68 55 97 75 150 113 226 173 504 405 1553 475
 ... : 6 15 3 36 16 68 55 97 75 150 113 226 173 502 403 1482 613
 ... : 6 15 3 36 16 68 55 97 75 150 113 226 173 501 401 1429 741
  18 : 6 15 3 36 16 68 55 97 75 150 113 225 173 417 337 1062 1031 107
 ... : 6 15 3 36 16 68 55 97 75 150 113 225 173 417 337 1068 1402 145
 ... : 6 15 3 36 16 68 55 97 75 150 113 225 173 417 337 1065 1556 198
 ... : 6 15 3 36 16 68 55 97 75 150 113 225 173 417 337 1066 1625 250
 ... : 6 15 3 36 16 68 55 97 75 150 113 225 173 417 337 1059 1550 447
 ... : 6 15 3 36 16 68 55 97 75 150 113 225 173 417 337 1055 1495 648
  19 : 6 15 3 36 16 68 55 97 75 150 113 225 173 413 333 1006 750 1368 116
 ... : 6 15 3 36 16 68 55 97 75 150 113 225 173 413 332 1006 756 1409 123
 ... : 6 15 3 36 16 68 55 97 75 150 113 225 173 413 332 1006 756 1451 131
 ... : 6 15 3 36 16 68 55 97 75 150 113 225 173 413 332 1006 756 1491 131
 ... : 6 15 3 36 16 68 55 97 75 150 113 225 173 413 332 1006 757 1531 135
 ... : 6 15 3 36 16 68 55 97 75 150 113 225 173 413 332 1006 756 1575 140
 ... : 6 15 3 36 16 68 55 97 75 150 113 225 173 413 332 1006 755 1615 162
 ... : 6 15 3 36 16 68 55 97 75 150 113 225 173 413 332 1006 757 1648 166
 ... : 6 15 3 36 16 68 55 97 75 150 113 225 173 413 332 1006 761 1681 168
 ... : 6 15 3 36 16 68 55 97 75 150 113 225 173 413 332 999 758 1718 172
 ... : 6 15 3 36 16 68 55 97 75 150 113 225 173 413 332 999 758 1758 175
 ... : 6 15 3 36 16 68 55 97 75 150 113 225 173 413 332 998 757 1782 216
 ... : 6 15 3 36 16 68 55 97 75 150 113 225 173 413 332 998 757 1814 244
 ... : 6 15 3 36 16 68 55 97 75 150 113 225 173 413 332 998 758 1849 254
 ... : 6 15 3 36 16 68 55 97 75 150 113 225 173 413 332 997 756 1887 258
 ... : 6 15 3 36 16 68 55 97 75 150 113 225 173 413 332 997 756 1925 263
 ... : 6 15 3 36 16 68 55 97 75 150 113 225 173 413 332 996 756 1959 269
 ... : 6 15 3 36 16 68 55 97 75 150 113 225 173 413 332 996 756 1976 311
 ... : 6 15 3 36 16 68 55 97 75 150 113 225 173 413 332 996 756 2001 358
 ... : 6 15 3 36 16 68 55 97 75 150 113 225 173 413 332 996 756 2019 426
 ... : 6 15 3 36 16 68 55 97 75 150 113 225 173 413 332 995 754 2039 447
 ... : 6 15 3 36 16 68 55 97 75 150 113 225 173 413 332 995 753 2048 504
 ... : 6 15 3 36 16 68 55 97 75 150 113 225 173 413 332 993 753 2026 597
 ... : 6 15 3 36 16 68 55 97 75 150 113 225 173 413 332 991 753 2034 690
 ... : 6 15 3 36 16 68 55 97 75 150 113 225 173 412 332 991 751 2054 715
 ... : 6 15 3 36 16 68 55 97 75 150 113 225 173 412 332 991 750 2001 895
 ... : 6 15 3 36 16 68 55 97 75 150 113 225 173 412 332 991 750 1955 1095
  20 : 6 15 3 36 16 68 55 97 75 150 113 225 173 412 331 968 715 1695 1281 99
 ... : 6 15 3 36 16 68 55 97 75 150 113 225 173 412 331 968 715 1714 1731 121
 ... : 6 15 3 36 16 68 55 97 75 150 113 225 173 412 331 968 715 1729 1828 125
 ... : 6 15 3 36 16 68 55 97 75 150 113 225 173 412 331 968 715 1746 2049 145
 ... : 6 15 3 36 16 68 55 97 75 150 113 225 173 412 331 968 717 1762 2182 169
 ... : 6 15 3 36 16 68 55 97 75 150 113 225 173 412 331 967 717 1793 2185 169
 ... : 6 15 3 36 16 68 55 97 75 150 113 225 173 412 331 965 715 1809 2229 173
 ... : 6 15 3 36 16 68 55 97 75 150 113 225 173 412 331 965 713 1831 2339 187
 ... : 6 15 3 36 16 68 55 97 75 150 113 225 173 412 331 965 713 1859 2406 205
 ... : 6 15 3 36 16 68 55 97 75 150 113 225 173 412 331 965 712 1857 2547 224
 ... : 6 15 3 36 16 68 55 97 75 150 113 225 173 412 331 965 712 1877 2620 230
 ... : 6 15 3 36 16 68 55 97 75 150 113 225 173 412 331 965 711 1890 2726 246
 ... : 6 15 3 36 16 68 55 97 75 150 113 225 173 412 331 965 710 1901 2829 269
 ... : 6 15 3 36 16 68 55 97 75 150 113 225 173 412 331 965 710 1911 2891 279
 ... : 6 15 3 36 16 68 55 97 75 150 113 225 173 412 331 965 708 1913 2931 334
 ... : 6 15 3 36 16 68 55 97 75 150 113 225 173 412 331 965 707 1922 3003 368
 ... : 6 15 3 36 16 68 55 97 75 150 113 225 173 412 331 965 705 1916 3003 444
 ... : 6 15 3 36 16 68 55 97 75 150 113 225 173 412 331 965 705 1906 2958 618
 ... : 6 15 3 36 16 68 55 97 75 150 113 225 173 412 331 965 705 1895 2866 817
 ... : 6 15 3 36 16 68 55 97 75 150 113 225 173 412 331 965 704 1881 2806 1013
  21 : 6 15 3 36 16 68 55 97 75 150 113 225 173 412 331 957 697 1791 1715 2045 115
 ... : 6 15 3 36 16 68 55 97 75 150 113 225 173 412 331 957 697 1791 1717 2083 128
 ... : 6 15 3 36 16 68 55 97 75 150 113 225 173 412 331 957 697 1794 1722 2119 160
 ... : 6 15 3 36 16 68 55 97 75 150 113 225 173 412 331 957 697 1796 1726 2150 168
 ... : 6 15 3 36 16 68 55 97 75 150 113 225 173 412 331 957 696 1796 1727 2209 202
 ... : 6 15 3 36 16 68 55 97 75 150 113 225 173 412 331 957 696 1797 1730 2247 229
 ... : 6 15 3 36 16 68 55 97 75 150 113 225 173 412 331 957 696 1797 1730 2286 230
 ... : 6 15 3 36 16 68 55 97 75 150 113 225 173 412 331 957 696 1802 1735 2322 236
 ... : 6 15 3 36 16 68 55 97 75 150 113 225 173 412 331 957 696 1808 1740 2353 246
 ... : 6 15 3 36 16 68 55 97 75 150 113 225 173 412 331 957 696 1810 1744 2389 248
 ... : 6 15 3 36 16 68 55 97 75 150 113 225 173 412 331 957 696 1811 1744 2427 252
 ... : 6 15 3 36 16 68 55 97 75 150 113 225 173 412 331 957 696 1812 1743 2467 256
 ... : 6 15 3 36 16 68 55 97 75 150 113 225 173 412 331 957 696 1820 1749 2501 261
 ... : 6 15 3 36 16 68 55 97 75 150 113 225 173 412 331 957 696 1831 1762 2527 264
 ... : 6 15 3 36 16 68 55 97 75 150 113 225 173 412 331 957 696 1835 1767 2546 266
 ... : 6 15 3 36 16 68 55 97 75 150 113 225 173 412 331 957 696 1828 1766 2577 271
 ... : 6 15 3 36 16 68 55 97 75 150 113 225 173 412 331 957 696 1826 1763 2611 281
 ... : 6 15 3 36 16 68 55 97 75 150 113 225 173 412 331 957 696 1821 1759 2643 283
 ... : 6 15 3 36 16 68 55 97 75 150 113 225 173 412 331 957 696 1821 1760 2681 286
 ... : 6 15 3 36 16 68 55 97 75 150 113 225 173 412 331 957 696 1820 1763 2714 317
 ... : 6 15 3 36 16 68 55 97 75 150 113 225 173 412 331 957 696 1819 1765 2746 357
 ... : 6 15 3 36 16 68 55 97 75 150 113 225 173 412 331 957 696 1819 1763 2784 374
 ... : 6 15 3 36 16 68 55 97 75 150 113 225 173 412 331 957 696 1819 1763 2822 375
 ... : 6 15 3 36 16 68 55 97 75 150 113 225 173 412 331 957 696 1816 1759 2861 385
 ... : 6 15 3 36 16 68 55 97 75 150 113 225 173 412 331 957 696 1816 1766 2893 409
 ... : 6 15 3 36 16 68 55 97 75 150 113 225 173 412 331 957 696 1815 1766 2918 438
 ... : 6 15 3 36 16 68 55 97 75 150 113 225 173 412 331 957 696 1815 1766 2954 439
 ... : 6 15 3 36 16 68 55 97 75 150 113 225 173 412 331 957 696 1815 1766 2988 447
 ... : 6 15 3 36 16 68 55 97 75 150 113 225 173 412 331 957 696 1815 1767 3015 464
 ... : 6 15 3 36 16 68 55 97 75 150 113 225 173 412 331 957 697 1820 1769 3046 486
 ... : 6 15 3 36 16 68 55 97 75 150 113 225 173 412 331 957 697 1820 1771 3082 495
 ... : 6 15 3 36 16 68 55 97 75 150 113 225 173 412 331 957 697 1818 1768 3111 516
 ... : 6 15 3 36 16 68 55 97 75 150 113 225 173 412 331 957 697 1818 1773 3127 536
 ... : 6 15 3 36 16 68 55 97 75 150 113 225 173 412 331 957 697 1817 1772 3150 536
 ... : 6 15 3 36 16 68 55 97 75 150 113 225 173 412 331 957 697 1816 1771 3180 538
 ... : 6 15 3 36 16 68 55 97 75 150 113 225 173 412 331 957 697 1811 1767 3179 553
 ... : 6 15 3 36 16 68 55 97 75 150 113 225 173 412 331 957 697 1807 1764 3206 565
 ... : 6 15 3 36 16 68 55 97 75 150 113 225 173 412 331 957 697 1807 1764 3244 577
 ... : 6 15 3 36 16 68 55 97 75 150 113 225 173 412 331 957 697 1807 1763 3273 598
 ... : 6 15 3 36 16 68 55 97 75 150 113 225 173 412 331 957 697 1806 1763 3293 623
 ... : 6 15 3 36 16 68 55 97 75 150 113 225 173 412 331 957 697 1806 1763 3315 677
 ... : 6 15 3 36 16 68 55 97 75 150 113 225 173 412 331 957 697 1805 1763 3350 686
 ... : 6 15 3 36 16 68 55 97 75 150 113 225 173 412 331 957 697 1805 1763 3387 695
 ... : 6 15 3 36 16 68 55 97 75 150 113 225 173 412 331 957 696 1804 1763 3419 714
 ... : 6 15 3 36 16 68 55 97 75 150 113 225 173 412 331 957 696 1803 1762 3440 761
 ... : 6 15 3 36 16 68 55 97 75 150 113 225 173 412 331 957 699 1805 1763 3466 785
 ... : 6 15 3 36 16 68 55 97 75 150 113 225 173 412 331 957 699 1805 1761 3458 884
 ... : 6 15 3 36 16 68 55 97 75 150 113 225 173 412 331 957 699 1805 1759 3430 1026
 ... : 6 15 3 36 16 68 55 97 75 150 113 225 173 412 330 957 699 1805 1757 3437 1078
