initialized model with 3196 latches, 844 inputs and 1 properties
tsim: performed 7 steps
tsim: found cycle from 4
tsim: found 12 constants and 264 latch equivalences
seqsimpl: found 7 latch equivalences
seqsimpl: (3196, 844) -> (68, 31)
checking bound 0
checking bound 1
checking bound 2
tdecomp: unrolling 2 cycles
tsim: performed 3 steps
tsim: found cycle from 0
tdecomp: no improvement found, reverting original model
   2 : 5 0
   3 : 40 17 21
   4 : 40 2 16 24
   5 : 40 2 0 58 0
completing final invariant with sub-IC3 call...
num_solve_calls = 2932
num_solve_sat_calls = 1089
num_solve_unsat_calls = 236
num_solve_approx_calls = 720
num_solve_approx_unsat_calls = 390
num_solve_conflicts = 326
num_solve_decisions = 50185
num_solve_propagations = 358896
avg_solve_conflicts = 1
avg_solve_decisions = 18
avg_solve_propagations = 123
avg_solve_unsat_decisions = 0.068
stddev_solve_unsat_decisions = 0.268
num_added_cubes = 177
num_subsumed_cubes = 77
num_mic_down_calls = 423
num_mic_down_good = 119
num_added_ctgs = 15
num_gc_frame = 14
num_reset = 0
num_try_blocking = 907
get_bad_cube_time = 0.029
rec_block_cube_time = 0.035
propagate_forward_time = 0.006
generalize_model_time = 0.022
generalize_and_push_time = 0.031
ctg_time = 0.006
try_blocking_time = 0.040
reset_time = 0.000
clausify_time = 0.052
preprocess_time = 0.003
solve_time = 0.057
solve_sat_time = 0.036
solve_unsat_time = 0.021
prove_time = 0.136
memory_used_mb = 8
total_time = 0.280
Safe
