initialized model with 10602 latches, 208 inputs and 1 properties
tsim: performed 32 steps
tsim: found cycle from 23
tsim: found 0 constants and 1 latch equivalences
seqsimpl: (10602, 208) -> (10461, 208)
checking bound 0
checking bound 1
checking bound 2
tdecomp: unrolling 2 cycles
tsim: performed 30 steps
tsim: found cycle from 21
tdecomp: no improvement found, reverting original model
   2 : 7 0
   3 : 8 36 44
   4 : 8 36 28 16
 ... : 9 43 35 73
 ... : 11 47 44 145
   5 : 12 11 27 56 180
 ... : 12 11 27 80 275
 ... : 17 27 54 103 312
 ... : 20 29 60 122 361
 ... : 18 34 74 137 410
 ... : 18 40 96 165 436
 ... : 20 46 121 194 466
 ... : 20 49 115 208 503
 ... : 20 48 117 222 554
 ... : 20 49 123 238 614
 ... : 22 51 128 246 655
 ... : 22 52 135 257 703
 ... : 22 52 135 262 736
 ... : 22 53 135 267 745
 ... : 22 53 131 261 750
   6 : 18 35 78 144 225 616
   7 : 18 35 78 142 223 107 511
   8 : 18 35 77 139 224 104 63 454
   9 : 18 35 77 139 224 104 65 66 422
  10 : 18 35 77 139 224 104 65 53 54 381
  11 : 18 35 77 139 223 104 65 53 55 63 388
  12 : 18 35 77 139 223 104 65 53 55 62 43 346
  13 : 18 35 77 139 223 104 65 52 55 60 41 34 335
  14 : 18 35 77 139 223 104 65 52 55 60 41 31 23 315
  15 : 18 35 77 139 223 104 65 52 55 60 41 31 23 36 279
  16 : 18 35 77 139 223 104 65 52 55 58 41 30 23 42 10 290
  17 : 18 35 77 139 223 104 65 52 55 58 41 30 23 42 9 4 287
  18 : 18 35 77 139 223 104 65 52 55 58 41 30 23 42 8 4 2 286
 ... : 18 35 77 139 223 104 65 52 55 58 41 30 23 42 8 4 2 382
  19 : 18 35 77 139 223 104 65 52 55 58 41 30 23 42 8 2 0 376 0
num_solve_calls = 89364
num_solve_sat_calls = 27767
num_solve_unsat_calls = 3884
num_solve_approx_calls = 53607
num_solve_approx_unsat_calls = 35707
num_solve_conflicts = 30821
num_solve_decisions = 77083328
num_solve_propagations = 522385814
avg_solve_conflicts = 1
avg_solve_decisions = 863
avg_solve_propagations = 5846
avg_solve_unsat_decisions = 2.720
stddev_solve_unsat_decisions = 34.115
num_added_cubes = 7558
num_subsumed_cubes = 6210
num_mic_down_calls = 6913
num_mic_down_good = 2077
num_added_ctgs = 261
num_gc_frame = 81
num_reset = 7
num_try_blocking = 31796
get_bad_cube_time = 5.043
rec_block_cube_time = 98.878
propagate_forward_time = 7.484
generalize_model_time = 27.443
generalize_and_push_time = 68.718
ctg_time = 10.430
try_blocking_time = 100.114
reset_time = 5.488
clausify_time = 6.697
preprocess_time = 2.971
solve_time = 97.827
solve_sat_time = 67.688
solve_unsat_time = 30.139
prove_time = 116.246
memory_used_mb = 92
total_time = 118.324
Safe
