initialized model with 857 latches, 68 inputs and 1 properties
tsim: performed 8 steps
tsim: found cycle from 6
tsim: found 1 constants and 2 latch equivalences
seqsimpl: (857, 68) -> (854, 68)
checking bound 0
checking bound 1
checking bound 2
tdecomp: unrolling 2 cycles
tsim: performed 6 steps
tsim: found cycle from 4
tsim: found 1 constants and 0 latch equivalences
tdecomp: (854, 272) -> (853, 133)
 ... : 200
   2 : 268 10
   3 : 135 139 137
 ... : 142 169 290
 ... : 170 220 351
 ... : 207 261 412
 ... : 237 314 481
 ... : 261 370 553
 ... : 297 437 616
 ... : 307 476 765
 ... : 323 499 923
 ... : 366 567 1005
 ... : 407 645 1072
 ... : 455 725 1138
 ... : 508 791 1224
 ... : 548 843 1333
 ... : 615 910 1435
 ... : 657 976 1540
 ... : 697 1045 1641
 ... : 718 1120 1757
   4 : 551 772 1943 217
 ... : 551 772 1967 418
 ... : 551 772 1953 619
 ... : 551 772 1953 820
 ... : 551 772 1955 1021
 ... : 551 772 1956 1222
 ... : 551 772 1956 1423
 ... : 551 772 2061 1594
 ... : 551 777 2077 1709
   5 : 551 785 1903 1101 840
 ... : 551 785 1903 1106 1040
 ... : 552 786 1905 1112 1227
 ... : 552 786 1905 1113 1425
 ... : 552 786 1905 1116 1626
 ... : 552 786 1905 1116 1827
 ... : 552 786 1905 1116 2028
 ... : 552 786 1908 1128 2222
 ... : 552 786 1870 1276 2323
 ... : 552 786 1827 1420 2424
 ... : 552 786 1808 1484 2584
 ... : 552 786 1808 1488 2785
 ... : 552 786 1808 1494 2975
 ... : 552 786 1817 1534 3105
 ... : 552 786 1798 1656 3212
 ... : 552 786 1753 1807 3313
 ... : 552 786 1713 1984 3428
 ... : 552 786 1602 2105 3628
   6 : 552 786 1574 1649 2395 1756
 ... : 552 786 1574 1646 2410 1921
 ... : 552 786 1574 1630 2448 1939
 ... : 552 786 1574 1613 2485 1961
 ... : 552 786 1574 1595 2525 1998
 ... : 552 786 1574 1577 2571 2035
 ... : 552 786 1574 1559 2608 2053
 ... : 552 786 1574 1542 2644 2071
 ... : 552 786 1574 1532 2662 2180
 ... : 552 795 1583 1543 2678 2339
 ... : 552 806 1597 1567 2726 2361
 ... : 552 818 1611 1592 2755 2383
 ... : 552 834 1613 1619 2783 2410
 ... : 556 854 1624 1648 2818 2439
 ... : 562 871 1640 1680 2880 2478
 ... : 562 887 1659 1719 2938 2513
 ... : 562 904 1680 1740 2973 2552
 ... : 562 924 1702 1771 3023 2589
 ... : 563 938 1723 1798 3061 2622
 ... : 563 953 1740 1820 3104 2656
 ... : 563 967 1758 1852 3142 2693
 ... : 563 985 1771 1883 3190 2732
 ... : 563 1002 1783 1907 3240 2770
 ... : 563 1017 1795 1927 3278 2808
 ... : 563 1020 1811 1932 3340 2842
 ... : 563 1022 1827 1934 3407 2872
 ... : 563 1022 1846 1935 3474 2904
 ... : 563 1022 1863 1943 3534 2933
 ... : 563 1022 1884 1947 3600 2969
 ... : 563 1022 1904 1948 3667 3001
 ... : 563 1027 1924 1949 3731 3034
 ... : 563 1028 1941 1949 3799 3065
 ... : 563 1030 1958 1950 3866 3097
 ... : 563 1031 1979 1954 3933 3129
 ... : 563 1031 1999 1955 4000 3161
 ... : 563 1032 2022 1959 4068 3194
 ... : 563 1037 2042 1960 4136 3228
 ... : 563 1042 2058 1961 4202 3258
 ... : 563 1050 2080 1965 4265 3291
 ... : 563 1052 2105 1973 4326 3328
 ... : 563 1056 2125 1973 4391 3361
 ... : 563 1060 2149 1979 4458 3396
 ... : 563 1069 2165 1979 4525 3424
 ... : 563 1076 2181 1980 4592 3452
 ... : 563 1081 2204 1981 4658 3486
 ... : 563 1085 2223 1984 4725 3516
 ... : 563 1089 2243 1990 4792 3548
 ... : 563 1093 2265 1996 4863 3581
 ... : 563 1102 2284 2002 4928 3613
 ... : 563 1107 2300 2003 4996 3642
 ... : 563 1109 2315 2003 5063 3672
 ... : 563 1115 2338 2009 5129 3706
 ... : 563 1116 2340 2010 5140 3881
 ... : 563 1117 2340 2005 5180 3982
 ... : 563 1117 2345 2020 5245 4036
 ... : 563 1117 2348 2020 5265 4082
 ... : 563 1117 2349 2018 5297 4118
 ... : 563 1117 2353 2020 5321 4150
 ... : 563 1117 2356 2018 5346 4183
 ... : 563 1117 2360 2023 5375 4217
 ... : 563 1117 2358 2022 5410 4252
 ... : 563 1117 2362 2024 5437 4283
 ... : 565 1122 2368 2032 5452 4422
 ... : 565 1130 2392 2039 5511 4450
 ... : 565 1147 2416 2045 5573 4481
 ... : 565 1159 2439 2047 5635 4509
 ... : 565 1164 2459 2051 5698 4538
 ... : 565 1170 2480 2057 5757 4569
 ... : 565 1182 2500 2060 5820 4596
 ... : 565 1188 2517 2069 5878 4628
 ... : 565 1194 2534 2071 5941 4653
 ... : 565 1194 2566 2077 6000 4684
 ... : 565 1198 2584 2080 6064 4710
 ... : 565 1199 2590 2080 6098 4821
 ... : 567 1213 2610 2088 6153 4874
 ... : 567 1231 2636 2091 6221 4909
 ... : 567 1239 2668 2098 6287 4946
 ... : 567 1250 2693 2110 6359 4985
 ... : 567 1259 2721 2116 6429 5021
 ... : 567 1275 2745 2116 6510 5055
 ... : 567 1283 2768 2116 6595 5090
 ... : 567 1294 2791 2120 6676 5123
 ... : 567 1308 2816 2120 6754 5154
 ... : 567 1314 2858 2127 6829 5204
 ... : 567 1314 2858 2127 6833 5405
 ... : 567 1314 2858 2120 6832 5554
 ... : 567 1314 2858 2098 6830 5586
 ... : 567 1314 2857 2075 6832 5613
 ... : 567 1315 2859 2051 6837 5638
 ... : 567 1315 2859 2028 6848 5661
 ... : 569 1331 2877 2039 6902 5691
 ... : 569 1344 2900 2050 6971 5723
 ... : 569 1356 2930 2053 7049 5758
 ... : 569 1367 2954 2053 7116 5792
 ... : 569 1377 2985 2055 7183 5830
 ... : 569 1384 3006 2063 7242 5860
 ... : 569 1403 3023 2073 7308 5888
 ... : 569 1419 3042 2085 7368 5915
 ... : 569 1423 3070 2089 7432 5947
 ... : 571 1437 3088 2107 7485 5973
 ... : 571 1451 3108 2112 7559 6011
 ... : 571 1463 3133 2120 7635 6044
 ... : 571 1475 3159 2123 7717 6075
 ... : 571 1486 3181 2125 7794 6108
 ... : 571 1494 3202 2133 7866 6140
 ... : 571 1510 3224 2145 7938 6168
 ... : 571 1522 3247 2148 8016 6199
 ... : 571 1525 3262 2153 8091 6228
 ... : 571 1535 3294 2160 8172 6259
 ... : 571 1540 3301 2160 8198 6406
 ... : 571 1540 3301 2160 8199 6607
 ... : 571 1540 3301 2160 8208 6806
 ... : 571 1540 3301 2159 8209 7007
 ... : 573 1552 3308 2165 8235 7140
 ... : 573 1555 3326 2174 8289 7165
 ... : 573 1560 3351 2178 8349 7191
 ... : 573 1568 3376 2186 8403 7219
 ... : 573 1573 3397 2189 8459 7246
 ... : 573 1575 3410 2204 8507 7270
 ... : 573 1578 3428 2206 8562 7297
 ... : 573 1581 3448 2208 8618 7327
 ... : 573 1590 3471 2212 8676 7354
 ... : 573 1593 3497 2215 8735 7382
 ... : 573 1595 3512 2221 8787 7406
 ... : 575 1599 3520 2232 8815 7497
 ... : 575 1599 3520 2232 8815 7698
 ... : 575 1599 3520 2232 8815 7899
 ... : 575 1599 3520 2232 8816 8100
 ... : 575 1599 3520 2232 8817 8301
 ... : 575 1599 3520 2232 8817 8502
 ... : 575 1611 3550 2238 8873 8560
 ... : 575 1622 3585 2252 8934 8596
 ... : 575 1629 3616 2263 8997 8633
 ... : 575 1633 3643 2275 9064 8669
 ... : 575 1642 3672 2280 9125 8704
 ... : 575 1653 3701 2285 9192 8742
 ... : 575 1664 3728 2286 9257 8778
 ... : 575 1669 3765 2293 9322 8811
 ... : 575 1670 3802 2305 9382 8849
 ... : 575 1672 3819 2308 9432 8926
 ... : 575 1672 3819 2308 9432 9127
 ... : 575 1672 3819 2308 9345 9202
   7 : 534 1709 3692 2332 7306 9076 2369
 ... : 534 1709 3692 2332 7301 9168 2456
 ... : 534 1709 3692 2332 7289 9249 2543
 ... : 534 1709 3692 2332 7285 9334 2629
 ... : 534 1709 3692 2332 7278 9415 2727
 ... : 534 1709 3692 2332 7272 9502 2809
 ... : 535 1709 3692 2334 7272 9552 2888
 ... : 535 1709 3692 2334 7263 9584 2971
 ... : 535 1709 3692 2334 7251 9637 3056
 ... : 535 1709 3692 2334 7243 9682 3141
 ... : 535 1709 3692 2334 7239 9720 3230
 ... : 535 1709 3692 2334 7239 9673 3331
 ... : 535 1709 3692 2334 7239 9623 3432
 ... : 535 1709 3692 2334 7239 9704 3587
 ... : 535 1709 3692 2334 7239 9734 3788
 ... : 535 1709 3692 2334 7239 9736 3989
 ... : 535 1709 3692 2334 7239 9780 4190
 ... : 535 1709 3694 2336 7242 9808 4356
 ... : 535 1709 3694 2336 7242 9787 4505
 ... : 535 1709 3694 2336 7242 9737 4605
 ... : 535 1709 3694 2336 7242 9698 4723
 ... : 535 1709 3694 2336 7242 9647 4824
 ... : 535 1709 3694 2336 7242 9598 4924
 ... : 535 1709 3694 2336 7242 9550 5024
 ... : 535 1709 3694 2336 7242 9501 5125
 ... : 535 1709 3694 2336 7242 9450 5226
 ... : 535 1709 3694 2336 7242 9401 5326
 ... : 535 1709 3694 2336 7242 9370 5466
 ... : 535 1709 3694 2336 7242 9377 5667
 ... : 535 1709 3694 2336 7242 9425 5816
 ... : 535 1709 3694 2336 7242 9510 5919
 ... : 535 1709 3694 2336 7242 9579 6042
 ... : 535 1709 3694 2336 7242 9583 6243
 ... : 535 1709 3694 2336 7242 9605 6444
 ... : 535 1709 3694 2336 7242 9605 6645
 ... : 535 1709 3694 2336 7242 9616 6846
 ... : 535 1709 3694 2336 7242 9616 7047
 ... : 535 1709 3694 2336 7242 9616 7248
 ... : 535 1709 3694 2336 7246 9625 7422
 ... : 535 1709 3694 2336 7245 9658 7549
 ... : 535 1709 3694 2336 7245 9665 7718
 ... : 535 1709 3695 2335 7244 9672 7905
 ... : 535 1709 3695 2329 7237 9757 7966
 ... : 535 1709 3695 2320 7220 9810 7999
 ... : 535 1709 3696 2319 7205 9863 8056
 ... : 535 1709 3696 2319 7200 9889 8137
 ... : 535 1709 3696 2319 7200 9924 8215
 ... : 535 1709 3696 2319 7198 9968 8296
 ... : 535 1709 3696 2319 7195 9999 8375
 ... : 535 1709 3696 2319 7194 10041 8454
 ... : 535 1709 3696 2319 7185 10079 8535
 ... : 535 1709 3696 2319 7178 10104 8643
 ... : 535 1709 3696 2319 7178 10116 8740
 ... : 535 1709 3697 2319 7178 10123 8827
 ... : 535 1709 3697 2319 7179 10135 8927
 ... : 535 1709 3697 2319 7178 10156 9029
 ... : 535 1709 3697 2319 7179 10171 9159
 ... : 535 1709 3698 2320 7177 10217 9246
 ... : 535 1709 3700 2326 7176 10261 9309
 ... : 535 1709 3703 2331 7176 10307 9370
 ... : 535 1710 3705 2332 7181 10311 9546
 ... : 535 1710 3705 2332 7181 10311 9747
 ... : 535 1710 3705 2332 7181 10311 9948
 ... : 535 1710 3705 2332 7181 10415 10149
 ... : 535 1710 3705 2332 7181 10503 10292
 ... : 535 1710 3705 2332 7181 10517 10460
 ... : 535 1710 3705 2332 7182 10520 10560
 ... : 535 1710 3705 2332 7182 10521 10661
 ... : 535 1710 3705 2332 7182 10514 10807
 ... : 535 1710 3705 2332 7182 10460 10910
 ... : 535 1710 3705 2332 7182 10409 11011
 ... : 535 1710 3705 2332 7181 10427 11167
 ... : 535 1710 3705 2332 7178 10529 11252
 ... : 535 1710 3705 2332 7171 10624 11337
 ... : 535 1710 3705 2331 7158 10703 11421
 ... : 535 1710 3705 2331 7149 10779 11505
 ... : 535 1710 3705 2331 7147 10732 11645
 ... : 535 1710 3705 2331 7147 10581 11846
 ... : 535 1710 3705 2331 7147 10581 12047
 ... : 535 1710 3705 2331 7142 10600 12195
 ... : 535 1710 3705 2331 7136 10641 12279
 ... : 535 1710 3705 2331 7131 10680 12357
 ... : 535 1710 3705 2331 7122 10720 12433
 ... : 535 1710 3705 2331 7117 10762 12515
 ... : 535 1710 3705 2331 7111 10798 12591
 ... : 535 1710 3705 2331 7104 10837 12669
 ... : 535 1710 3705 2331 7102 10853 12810
 ... : 535 1710 3705 2331 7099 10861 12982
 ... : 535 1710 3705 2331 7091 10890 13072
 ... : 535 1710 3705 2331 7084 10928 13171
 ... : 535 1710 3705 2331 7076 10884 13302
 ... : 535 1710 3705 2331 7069 10865 13418
 ... : 535 1710 3705 2331 7064 10926 13505
 ... : 535 1710 3705 2331 7052 10981 13592
 ... : 535 1710 3705 2331 7034 11034 13675
 ... : 535 1710 3705 2331 7021 11096 13762
 ... : 535 1710 3705 2331 7018 11180 13848
 ... : 535 1710 3705 2331 7001 11261 13936
 ... : 535 1710 3705 2331 6988 11326 14020
 ... : 535 1710 3705 2331 6978 11411 14103
 ... : 535 1710 3705 2331 6968 11464 14193
 ... : 535 1710 3705 2331 6959 11490 14302
 ... : 535 1710 3705 2331 6950 11520 14401
 ... : 535 1710 3705 2331 6934 11577 14484
 ... : 535 1710 3705 2331 6925 11636 14570
 ... : 535 1710 3705 2331 6918 11680 14654
 ... : 535 1710 3705 2331 6907 11743 14739
 ... : 535 1710 3705 2331 6903 11757 14914
 ... : 535 1710 3705 2331 6903 11758 15115
   8 : 535 1709 3680 2307 6367 10132 12907 4378
 ... : 535 1709 3680 2307 6367 10133 12932 4541
 ... : 535 1709 3680 2307 6367 10133 12906 4642
 ... : 535 1709 3680 2307 6367 10133 12876 4743
 ... : 535 1709 3683 2310 6367 10134 12876 4894
 ... : 535 1709 3686 2316 6376 10157 12947 4922
 ... : 535 1709 3690 2327 6386 10175 12988 4940
 ... : 535 1709 3693 2333 6394 10187 13035 4961
 ... : 535 1709 3698 2339 6400 10187 13079 4988
 ... : 535 1708 3703 2345 6404 10190 13112 5012
 ... : 535 1708 3708 2354 6410 10191 13137 5032
 ... : 535 1708 3712 2364 6414 10193 13171 5057
 ... : 535 1708 3717 2370 6417 10197 13205 5087
 ... : 535 1708 3721 2378 6421 10195 13240 5112
 ... : 535 1708 3726 2386 6425 10194 13275 5138
 ... : 535 1708 3731 2395 6429 10195 13301 5165
 ... : 535 1708 3735 2403 6430 10200 13343 5193
 ... : 535 1708 3740 2412 6430 10204 13367 5220
 ... : 535 1708 3746 2418 6430 10209 13396 5247
 ... : 535 1708 3752 2423 6429 10213 13421 5278
 ... : 535 1708 3757 2430 6430 10215 13445 5306
 ... : 535 1708 3761 2439 6430 10217 13471 5333
 ... : 535 1708 3767 2445 6430 10215 13483 5361
 ... : 535 1708 3772 2451 6430 10218 13503 5386
 ... : 535 1708 3777 2459 6431 10222 13516 5407
 ... : 535 1708 3783 2468 6431 10220 13526 5432
 ... : 535 1708 3788 2473 6431 10220 13541 5459
 ... : 535 1708 3793 2479 6431 10217 13564 5490
 ... : 535 1708 3798 2484 6431 10214 13581 5518
 ... : 535 1708 3803 2492 6431 10211 13596 5547
 ... : 535 1708 3807 2501 6431 10208 13629 5572
 ... : 535 1712 3819 2523 6453 10219 13651 5595
 ... : 535 1715 3823 2534 6472 10243 13712 5623
 ... : 535 1715 3824 2542 6483 10267 13783 5654
 ... : 535 1718 3836 2559 6502 10282 13831 5680
 ... : 535 1720 3841 2564 6514 10294 13876 5709
 ... : 535 1723 3855 2586 6534 10303 13896 5779
 ... : 535 1723 3856 2596 6548 10321 13946 5810
 ... : 535 1725 3863 2611 6569 10336 13990 5834
 ... : 535 1725 3866 2619 6582 10351 14050 5862
 ... : 535 1727 3876 2639 6607 10362 14095 5884
 ... : 535 1728 3882 2654 6625 10375 14130 5901
 ... : 535 1728 3890 2667 6637 10389 14183 5928
 ... : 535 1730 3895 2678 6653 10408 14223 5948
 ... : 535 1730 3901 2692 6671 10416 14280 5974
 ... : 535 1730 3911 2709 6706 10427 14333 5996
 ... : 535 1730 3913 2722 6725 10438 14395 6016
 ... : 535 1730 3922 2743 6751 10447 14452 6040
 ... : 535 1730 3930 2756 6780 10469 14509 6059
 ... : 535 1730 3937 2769 6801 10478 14566 6082
 ... : 535 1730 3945 2787 6826 10490 14630 6105
 ... : 535 1730 3956 2809 6856 10503 14692 6130
 ... : 535 1730 3963 2826 6878 10513 14747 6148
 ... : 535 1730 3971 2847 6898 10521 14807 6169
 ... : 535 1730 3971 2860 6920 10530 14873 6190
 ... : 535 1730 3975 2872 6942 10538 14936 6210
 ... : 535 1730 3981 2889 6966 10549 14996 6228
 ... : 535 1730 3988 2907 6987 10557 15059 6246
 ... : 535 1730 3999 2916 7004 10569 15125 6267
 ... : 535 1730 4006 2935 7033 10588 15193 6289
 ... : 535 1730 4016 2948 7054 10595 15258 6309
 ... : 535 1730 4024 2958 7071 10605 15325 6331
 ... : 535 1730 4028 2980 7094 10615 15398 6350
 ... : 535 1730 4035 3000 7116 10623 15458 6372
 ... : 535 1730 4038 3012 7135 10633 15521 6395
 ... : 535 1730 4039 3017 7149 10636 15570 6424
 ... : 535 1730 4046 3026 7163 10644 15616 6454
 ... : 535 1730 4048 3035 7177 10648 15676 6480
 ... : 535 1730 4061 3061 7205 10657 15721 6510
 ... : 535 1730 4070 3080 7223 10660 15773 6550
 ... : 535 1730 4075 3089 7236 10665 15828 6577
 ... : 535 1730 4089 3107 7262 10673 15872 6602
 ... : 535 1730 4093 3116 7273 10676 15930 6637
 ... : 535 1730 4100 3129 7289 10678 15986 6672
 ... : 535 1730 4108 3143 7302 10680 16040 6699
 ... : 535 1730 4114 3157 7315 10687 16094 6728
 ... : 535 1730 4127 3174 7331 10691 16141 6763
 ... : 535 1730 4132 3180 7343 10699 16192 6790
 ... : 535 1730 4135 3189 7355 10698 16237 6818
 ... : 535 1730 4139 3202 7369 10701 16287 6844
 ... : 535 1730 4146 3214 7381 10702 16341 6868
 ... : 535 1730 4153 3223 7396 10711 16389 6895
 ... : 535 1730 4159 3232 7411 10716 16444 6924
 ... : 535 1730 4160 3247 7425 10723 16491 6950
 ... : 535 1730 4163 3253 7437 10728 16544 6976
 ... : 535 1730 4163 3263 7452 10736 16591 7004
 ... : 535 1730 4171 3276 7465 10741 16639 7027
 ... : 535 1730 4179 3286 7479 10744 16691 7055
 ... : 535 1730 4179 3294 7492 10749 16741 7082
 ... : 535 1730 4180 3305 7505 10757 16793 7110
 ... : 535 1730 4183 3315 7517 10759 16847 7138
 ... : 535 1730 4190 3327 7530 10764 16892 7163
 ... : 535 1732 4197 3344 7548 10768 16939 7186
 ... : 535 1733 4204 3353 7562 10785 16982 7214
 ... : 535 1734 4211 3363 7575 10791 17034 7243
 ... : 535 1734 4215 3370 7590 10802 17075 7281
 ... : 535 1737 4223 3386 7610 10819 17116 7302
 ... : 535 1738 4230 3400 7626 10826 17147 7329
 ... : 535 1738 4234 3411 7643 10838 17202 7361
 ... : 535 1738 4236 3420 7660 10844 17247 7385
 ... : 535 1738 4239 3427 7677 10852 17290 7413
 ... : 535 1738 4243 3433 7694 10855 17338 7441
 ... : 535 1738 4250 3444 7708 10861 17383 7470
 ... : 535 1738 4252 3451 7726 10866 17430 7494
 ... : 535 1738 4257 3463 7741 10868 17486 7521
 ... : 535 1738 4259 3471 7754 10875 17535 7549
 ... : 535 1738 4263 3480 7770 10881 17578 7574
 ... : 535 1738 4265 3492 7785 10883 17629 7603
 ... : 535 1738 4271 3502 7799 10885 17677 7633
 ... : 535 1738 4275 3508 7811 10887 17726 7662
 ... : 535 1738 4277 3516 7826 10891 17780 7685
 ... : 535 1738 4279 3525 7839 10893 17831 7716
 ... : 535 1740 4286 3540 7857 10908 17864 7739
 ... : 535 1741 4297 3558 7878 10922 17897 7754
 ... : 535 1741 4298 3567 7892 10933 17943 7786
 ... : 535 1741 4305 3580 7904 10946 17993 7815
 ... : 535 1741 4308 3590 7921 10950 18046 7841
 ... : 535 1743 4319 3608 7938 10965 18078 7861
 ... : 535 1743 4319 3611 7943 10966 18106 7959
 ... : 535 1743 4319 3611 7943 10966 18163 8075
 ... : 535 1743 4319 3611 7943 10966 18287 8177
 ... : 535 1743 4319 3611 7943 10966 18415 8278
 ... : 535 1743 4319 3611 7943 10969 18463 8349
 ... : 535 1743 4319 3611 7943 10975 18482 8422
 ... : 535 1743 4319 3611 7943 10980 18513 8508
 ... : 535 1743 4319 3611 7943 10976 18512 8705
 ... : 535 1743 4319 3611 7943 10976 18515 8906
 ... : 535 1743 4319 3611 7942 10976 18512 9095
 ... : 535 1743 4319 3611 7942 10977 18536 9204
 ... : 535 1743 4319 3611 7942 10979 18559 9328
 ... : 535 1743 4319 3611 7942 10977 18686 9529
 ... : 535 1743 4319 3611 7942 10977 18652 9657
 ... : 535 1743 4319 3611 7942 10977 18602 9758
 ... : 535 1743 4319 3611 7942 10977 18568 9890
 ... : 535 1743 4319 3611 7942 10977 18545 10021
 ... : 535 1743 4319 3611 7942 10977 18492 10123
 ... : 535 1743 4319 3611 7942 10978 18444 10223
 ... : 535 1743 4319 3611 7942 10978 18393 10324
 ... : 535 1743 4319 3611 7942 10978 18344 10425
 ... : 535 1743 4319 3611 7942 10978 18338 10525
 ... : 535 1743 4319 3611 7942 10978 18296 10626
 ... : 535 1743 4319 3611 7942 10978 18269 10726
 ... : 535 1743 4319 3611 7942 10978 18237 10827
 ... : 535 1743 4319 3611 7942 10978 18187 10927
 ... : 535 1743 4319 3611 7942 10978 18167 11027
 ... : 535 1743 4319 3611 7942 10978 18138 11128
 ... : 535 1743 4319 3611 7942 10978 18088 11231
 ... : 535 1743 4319 3611 7942 10978 18038 11332
 ... : 535 1743 4319 3611 7942 10978 17996 11450
 ... : 535 1743 4319 3611 7942 10978 17997 11651
 ... : 535 1743 4319 3611 7942 10978 17997 11852
 ... : 535 1743 4319 3611 7942 10978 17979 11987
 ... : 535 1743 4319 3611 7942 10978 17943 12087
 ... : 535 1743 4319 3611 7942 10978 17997 12213
 ... : 535 1743 4319 3611 7942 10978 18216 12414
 ... : 535 1743 4319 3611 7942 10983 18333 12564
 ... : 535 1743 4319 3611 7942 11000 18376 12621
 ... : 535 1743 4319 3611 7940 11018 18411 12717
 ... : 535 1743 4319 3612 7943 11035 18469 12782
 ... : 535 1743 4319 3612 7943 11035 18473 12983
 ... : 535 1743 4319 3612 7943 11035 18497 13130
 ... : 535 1743 4319 3612 7943 11035 18535 13257
 ... : 535 1743 4319 3612 7943 11035 18595 13394
 ... : 535 1743 4319 3612 7943 11035 18660 13509
 ... : 535 1743 4319 3612 7943 11035 18671 13688
 ... : 535 1743 4319 3612 7943 11035 18696 13870
 ... : 535 1743 4319 3612 7943 11035 18463 14056
 ... : 535 1743 4319 3612 7943 11035 18469 14257
 ... : 535 1743 4319 3612 7943 11035 18665 14494
 ... : 535 1743 4319 3612 7943 11039 18689 14672
 ... : 535 1743 4319 3612 7943 11039 18693 14873
 ... : 535 1743 4319 3612 7943 11039 18695 15074
 ... : 535 1743 4319 3612 7943 11039 18695 15275
 ... : 535 1743 4319 3612 7943 11039 18696 15476
 ... : 535 1743 4319 3612 7943 11039 18703 15678
 ... : 535 1743 4319 3612 7943 11039 18704 15879
 ... : 535 1743 4319 3612 7943 11039 18704 16080
