initialized model with 2352 latches, 192 inputs and 1 properties
tsim: performed 98 steps
tsim: found cycle from 35
checking bound 0
checking bound 1
checking bound 2
tdecomp: unrolling 2 cycles
tsim: performed 96 steps
tsim: found cycle from 33
tsim: found 1 constants and 0 latch equivalences
tdecomp: (2352, 768) -> (2351, 444)
   2 : 1 1
   3 : 1 1 1
   4 : 1 1 1 1
   5 : 1 1 1 1 1
   6 : 1 1 1 1 3 1
   7 : 1 1 1 1 4 6 3
   8 : 1 1 1 1 5 15 14 16
   9 : 1 1 1 1 6 22 28 34 20
 ... : 1 1 1 1 8 29 33 42 89
 ... : 1 1 1 1 9 36 37 45 180
 ... : 1 1 1 1 10 38 43 55 315
 ... : 1 1 1 1 10 38 43 55 414
 ... : 1 1 1 1 10 38 43 55 597
 ... : 1 1 1 1 10 40 47 60 728
  10 : 1 1 1 1 10 39 48 58 66 674
  11 : 1 1 1 1 10 39 48 58 90 72 640
 ... : 1 1 1 1 10 49 66 87 105 89 658
 ... : 1 1 1 1 12 56 76 101 113 98 702
 ... : 1 1 1 1 12 56 78 106 118 113 759
 ... : 1 1 1 4 15 57 82 107 117 115 847
 ... : 1 1 1 4 15 57 82 107 116 115 959
 ... : 1 1 1 4 15 57 81 108 118 116 1078
 ... : 1 1 1 4 15 57 81 108 117 116 1248
 ... : 1 1 1 4 15 57 82 109 117 116 1369
 ... : 1 1 1 4 15 57 82 109 115 116 1645
 ... : 1 1 1 4 15 57 82 112 118 122 1726
 ... : 1 1 1 4 15 57 83 114 117 123 1886
 ... : 1 1 1 4 16 58 84 115 118 160 1984
 ... : 1 1 1 4 16 58 85 117 121 168 2119
 ... : 1 1 1 4 16 58 88 123 124 169 2203
 ... : 1 1 1 4 16 58 88 123 124 169 2328
 ... : 1 1 1 4 16 58 88 123 124 169 2436
 ... : 1 1 1 4 16 58 88 123 124 169 2561
 ... : 1 1 1 4 16 58 88 123 124 170 2700
 ... : 1 1 1 4 16 62 92 127 135 179 2784
 ... : 1 1 1 4 19 62 96 127 135 179 2943
 ... : 1 1 2 5 5 50 84 114 132 179 3078
 ... : 1 1 3 8 11 59 88 114 132 179 3185
 ... : 1 1 3 8 11 59 88 108 155 185 3412
 ... : 1 1 3 8 9 74 85 104 160 187 3532
 ... : 1 1 3 8 9 80 85 105 162 188 3719
 ... : 1 1 3 10 10 82 85 106 163 188 3901
 ... : 1 1 3 11 10 15 69 97 159 192 4097
 ... : 1 1 3 11 10 15 66 92 158 195 4368
 ... : 1 1 3 12 11 16 77 93 158 195 4542
 ... : 1 1 3 12 13 20 20 56 159 194 4649
 ... : 1 1 3 12 14 23 22 61 161 194 4810
 ... : 1 1 3 12 14 23 22 64 160 194 4956
 ... : 1 1 3 12 16 25 24 71 162 194 5031
 ... : 1 1 3 12 16 25 24 82 159 194 5193
 ... : 1 1 3 14 19 26 24 88 159 193 5377
 ... : 1 1 3 14 19 28 26 95 157 194 5462
 ... : 1 1 3 14 19 28 26 95 161 194 5592
 ... : 1 1 3 16 20 30 30 101 170 196 5721
 ... : 1 1 3 16 20 30 30 102 181 196 5870
 ... : 1 1 3 17 23 34 34 109 183 196 5991
 ... : 1 1 4 18 24 36 35 114 184 196 6203
 ... : 1 1 4 18 24 39 36 131 192 204 6282
 ... : 1 1 4 18 24 39 36 140 193 204 6459
 ... : 1 1 4 19 25 40 36 148 193 204 6573
 ... : 1 1 4 20 27 46 38 151 193 204 6741
 ... : 1 1 4 21 28 47 39 163 197 208 6896
 ... : 1 1 4 20 30 50 39 173 200 209 7055
 ... : 1 1 4 20 30 55 44 177 188 209 7155
 ... : 1 1 4 24 32 57 45 65 41 145 7238
  12 : 1 1 4 19 37 54 46 66 41 40 468 6645
  13 : 1 1 4 19 37 54 46 66 41 36 431 864 5817
  14 : 1 1 4 19 37 54 46 66 40 29 345 698 853 5251
  15 : 1 1 4 19 37 53 47 66 39 28 321 610 845 456 4967
 ... : 1 1 4 19 37 53 47 66 40 28 321 621 860 481 5007
  16 : 1 1 4 19 37 53 47 66 39 30 123 267 200 223 372 6142
 ... : 1 1 4 19 37 53 47 66 39 30 124 273 211 245 395 6177
 ... : 1 1 4 19 37 53 47 66 38 29 123 273 241 261 402 6217
 ... : 1 1 4 19 37 53 47 66 38 29 125 278 244 267 416 6308
 ... : 1 1 4 19 37 53 47 66 38 29 124 278 245 274 420 6432
  17 : 1 1 4 19 37 53 47 66 38 29 110 222 220 276 196 495 6376
  18 : 1 1 4 19 37 53 47 66 38 28 109 209 222 282 169 192 765 6039
 ... : 1 1 4 19 37 53 47 66 38 28 109 210 228 299 180 201 780 6095
 ... : 1 1 4 19 37 53 47 66 39 29 110 211 234 312 200 221 785 6144
 ... : 1 1 4 19 37 53 47 66 39 29 110 211 235 323 216 255 804 6187
 ... : 1 1 4 19 37 53 47 66 39 29 110 211 235 335 232 282 827 6227
 ... : 1 1 4 19 37 53 47 66 39 29 110 213 236 341 240 316 852 6253
 ... : 1 1 4 19 37 53 47 66 39 29 109 213 236 342 251 332 855 6314
 ... : 1 1 4 19 37 53 47 66 39 29 111 215 238 348 258 348 868 6367
 ... : 1 1 4 19 37 53 47 66 39 29 111 222 246 358 266 362 882 6447
 ... : 1 1 4 19 37 53 47 66 39 29 110 222 249 361 273 364 882 6557
 ... : 1 1 4 19 37 53 47 66 39 29 109 221 250 366 280 373 882 6717
 ... : 1 1 4 19 37 53 47 66 39 29 107 221 249 366 282 375 882 6901
 ... : 1 1 4 19 37 53 47 66 39 29 107 221 249 366 334 383 882 7092
 ... : 1 1 4 19 37 53 47 66 39 29 107 221 250 368 348 392 882 7276
 ... : 1 1 4 19 37 53 47 66 39 29 107 221 251 370 353 397 882 7431
 ... : 1 1 4 19 37 53 47 66 39 29 107 220 251 373 358 407 884 7487
 ... : 1 1 4 19 37 53 47 66 39 29 107 223 252 373 358 407 884 7678
 ... : 1 1 4 19 37 53 47 66 39 29 107 224 255 382 366 420 890 7723
 ... : 1 1 4 19 37 53 47 66 39 29 107 224 255 385 372 427 893 7838
 ... : 1 1 4 19 37 53 47 66 39 29 107 224 255 385 372 429 893 8141
 ... : 1 1 4 19 37 53 47 66 39 29 107 224 255 386 373 431 895 8265
 ... : 1 1 4 19 37 53 47 66 39 29 107 224 255 393 377 433 897 8473
 ... : 1 1 4 19 37 53 47 66 39 29 107 225 257 395 380 440 898 8670
 ... : 1 1 4 19 37 53 47 66 39 29 107 226 257 395 381 441 899 8783
 ... : 1 1 4 19 37 53 47 66 39 29 106 226 257 395 384 441 899 9085
 ... : 1 1 4 19 37 53 47 66 39 30 108 227 258 399 387 448 904 9238
 ... : 1 1 4 19 37 53 47 66 39 30 108 227 257 400 389 451 905 9554
 ... : 1 1 4 19 37 53 47 66 39 30 108 228 261 402 391 453 908 9743
 ... : 1 1 4 19 37 53 47 66 39 30 107 228 267 413 394 461 910 9848
 ... : 1 1 4 19 37 53 47 66 39 30 107 228 268 415 395 465 912 9928
 ... : 1 1 4 19 37 53 47 66 39 30 107 227 270 420 406 477 914 10075
 ... : 1 1 4 19 37 53 47 66 38 30 107 228 274 427 410 488 919 10186
 ... : 1 1 4 19 37 53 47 66 38 29 106 228 274 427 422 491 929 10311
 ... : 1 1 4 19 37 53 47 66 38 29 106 228 274 426 423 492 935 10602
 ... : 1 1 4 19 37 53 47 66 38 29 106 228 274 434 441 512 942 10714
 ... : 1 1 4 19 37 53 47 66 38 29 106 228 274 434 447 517 944 10832
 ... : 1 1 4 19 37 53 47 66 38 29 106 228 274 435 458 529 949 10930
 ... : 1 1 4 19 37 53 47 66 38 29 106 228 274 438 506 553 955 11064
 ... : 1 1 4 19 37 53 47 66 38 29 106 228 274 438 520 576 962 11178
 ... : 1 1 4 19 37 53 47 66 38 29 106 228 274 441 543 579 962 11290
 ... : 1 1 4 19 37 53 47 66 38 29 106 228 274 442 567 585 962 11457
 ... : 1 1 4 19 37 53 47 66 38 29 106 228 274 451 589 606 964 11648
 ... : 1 1 4 19 37 53 47 66 38 29 106 227 274 484 594 608 965 11869
 ... : 1 1 4 19 37 53 47 66 38 29 106 227 274 484 600 611 966 12041
 ... : 1 1 4 19 37 53 47 66 38 29 106 227 274 484 600 612 966 12333
 ... : 1 1 4 19 37 53 47 66 38 29 106 227 275 485 635 638 974 12557
 ... : 1 1 4 19 37 53 47 66 38 29 106 227 275 485 650 639 981 12857
 ... : 1 1 4 19 37 53 47 66 38 29 106 227 275 485 650 639 981 12982
 ... : 1 1 4 19 37 53 47 66 38 29 106 227 275 487 650 651 982 13176
 ... : 1 1 4 19 37 53 47 66 38 29 106 227 275 487 704 699 983 13303
 ... : 1 1 4 19 37 53 47 66 38 29 106 226 275 487 720 705 986 13621
 ... : 1 1 4 19 37 53 47 66 38 29 106 226 274 488 738 714 994 13794
 ... : 1 1 4 19 37 53 47 66 38 29 106 226 274 487 738 715 995 14020
 ... : 1 1 4 19 37 53 47 66 38 29 106 226 274 487 738 720 1004 14179
 ... : 1 1 4 19 37 53 47 66 38 29 106 226 275 490 740 725 1011 14342
 ... : 1 1 4 19 37 53 47 66 38 29 105 226 275 491 741 727 1013 14544
 ... : 1 1 4 19 37 53 47 66 38 29 105 226 275 491 741 727 1014 14802
 ... : 1 1 4 19 37 53 47 66 38 29 106 228 275 494 744 728 1014 15035
 ... : 1 1 4 19 37 53 47 66 38 29 106 228 275 494 744 728 1014 15272
 ... : 1 1 4 19 37 53 47 66 38 29 106 228 275 494 744 731 1014 15544
 ... : 1 1 4 19 37 53 47 66 38 29 106 228 273 494 742 732 1014 15765
 ... : 1 1 4 19 37 53 47 66 38 29 106 228 273 494 743 735 1022 16063
 ... : 1 1 4 19 37 53 47 66 38 29 106 228 273 494 743 737 1022 16300
 ... : 1 1 4 19 37 53 47 66 38 29 106 228 273 494 743 738 1023 16639
 ... : 1 1 4 19 37 53 47 66 38 29 106 228 273 494 743 740 1026 16767
 ... : 1 1 4 19 37 53 47 66 38 29 106 228 273 494 747 745 1028 17300
 ... : 1 1 4 19 37 53 47 66 38 29 106 228 273 494 749 754 1028 17867
 ... : 1 1 4 19 37 53 47 66 38 29 106 228 273 494 750 755 1028 18006
 ... : 1 1 4 19 37 53 47 66 38 29 106 228 273 494 750 755 1028 18141
 ... : 1 1 4 19 37 53 47 66 38 29 106 228 273 494 750 755 1028 18424
 ... : 1 1 4 19 37 53 47 66 38 29 106 228 273 494 750 755 1029 18612
 ... : 1 1 4 19 37 53 47 66 38 29 106 228 273 494 750 756 1031 18757
 ... : 1 1 4 19 37 53 47 66 38 29 106 228 273 494 751 759 1031 19054
 ... : 1 1 4 19 37 53 47 66 38 29 106 228 273 494 751 759 1038 19235
 ... : 1 1 4 19 37 53 47 66 38 29 106 228 273 494 751 760 1041 19364
 ... : 1 1 4 19 37 53 47 66 38 29 106 228 273 494 751 761 1041 19601
 ... : 1 1 4 19 37 53 47 66 38 29 106 228 273 494 751 761 1041 19762
 ... : 1 1 4 19 37 53 47 66 38 29 106 228 273 494 751 761 1041 20394
 ... : 1 1 4 19 37 53 47 66 38 29 106 228 273 494 751 761 1041 20615
 ... : 1 1 4 19 37 53 47 66 38 29 106 228 273 494 751 761 1041 20778
 ... : 1 1 4 19 37 53 47 66 38 29 106 228 273 494 751 761 1041 21214
 ... : 1 1 4 19 37 53 47 66 38 29 106 228 273 494 751 762 1047 21427
 ... : 1 1 4 19 37 53 47 66 38 29 106 228 273 493 751 763 1054 21645
 ... : 1 1 4 19 37 53 47 66 37 29 106 228 271 494 752 764 1062 21798
 ... : 1 1 4 19 37 53 47 66 37 29 106 228 271 494 754 764 1062 22067
 ... : 1 1 4 19 37 53 47 66 37 29 106 228 271 494 758 764 1062 22482
 ... : 1 1 4 19 37 53 47 66 36 29 105 228 271 494 759 772 1066 22654
 ... : 1 1 4 19 37 53 47 66 36 29 105 228 271 494 759 772 1066 22893
 ... : 1 1 4 19 37 53 47 66 36 29 105 228 271 495 759 772 1066 23235
