initialized model with 2247 latches, 4 inputs and 1 properties
tsim: performed 69 steps
tsim: found cycle from 62
checking bound 0
checking bound 1
checking bound 2
tdecomp: unrolling 2 cycles
tsim: performed 67 steps
tsim: found cycle from 60
tsim: found 1 constants and 0 latch equivalences
seqsimpl: found 1 latch equivalences
tdecomp: (2247, 16) -> (2245, 8)
   2 : 20 6
   3 : 16 9 31
   4 : 15 16 20 41
   5 : 16 19 28 28 61
   6 : 15 19 28 25 31 34
 ... : 18 23 35 32 65 104
 ... : 17 23 41 44 91 140
   7 : 16 25 37 41 60 41 187
   8 : 16 25 41 49 71 33 53 197
   9 : 16 24 41 49 71 33 46 12 193
  10 : 14 23 41 49 70 29 42 11 38 205
 ... : 14 23 41 49 70 29 41 31 79 281
 ... : 13 23 41 49 70 31 45 36 104 337
 ... : 13 23 40 48 75 48 66 56 119 379
 ... : 13 23 39 49 78 52 75 68 127 451
 ... : 13 23 39 49 81 60 82 71 147 503
 ... : 13 23 39 49 84 71 96 92 162 551
 ... : 13 23 39 49 84 71 106 118 212 634
 ... : 13 23 39 49 85 80 121 128 224 739
 ... : 13 23 39 49 86 84 132 157 252 861
 ... : 13 23 38 48 87 92 144 160 292 955
 ... : 13 23 38 48 88 94 156 200 408 1007
 ... : 13 23 38 47 87 98 169 226 430 1045
 ... : 13 22 36 47 90 104 187 256 478 1076
 ... : 13 22 36 47 88 101 190 259 509 1211
 ... : 13 22 39 55 92 106 195 268 535 1257
 ... : 13 24 39 58 81 89 186 224 529 1291
 ... : 13 24 39 58 82 86 172 230 514 1351
 ... : 15 28 50 76 116 104 182 234 517 1377
 ... : 17 33 54 88 166 141 191 236 521 1413
 ... : 16 33 57 94 195 237 264 281 543 1450
 ... : 16 33 57 93 207 273 332 322 590 1482
 ... : 26 42 68 98 215 284 376 363 618 1517
 ... : 26 43 80 114 240 334 416 375 645 1526
 ... : 26 43 81 113 248 349 469 428 685 1592
 ... : 26 43 91 128 257 357 496 451 697 1628
 ... : 25 48 98 147 277 384 516 464 706 1639
 ... : 25 48 107 145 310 440 546 488 709 1671
 ... : 25 52 115 153 330 472 576 516 715 1680
 ... : 24 52 116 156 344 497 596 516 729 1699
 ... : 24 51 122 166 337 531 698 573 750 1716
 ... : 24 51 122 176 372 570 749 609 764 1752
 ... : 24 51 125 184 397 626 826 657 773 1764
 ... : 24 51 124 189 417 679 901 711 786 1794
 ... : 24 51 124 188 427 745 1032 784 808 1811
 ... : 24 51 124 188 437 759 1061 848 866 1827
 ... : 24 51 124 188 432 786 1122 933 913 1840
 ... : 23 49 121 185 436 812 1178 985 950 1847
 ... : 23 49 120 184 419 800 1225 1070 1033 1855
 ... : 23 49 119 183 409 794 1250 1181 1141 1863
 ... : 23 49 119 182 410 813 1362 1289 1195 1865
  11 : 16 35 72 124 253 461 732 591 782 895 1782
 ... : 16 35 72 124 255 480 763 652 819 927 1810
 ... : 16 35 74 146 317 531 805 698 837 942 1817
 ... : 16 35 73 147 339 574 833 717 845 945 1821
 ... : 16 36 70 149 350 567 771 672 782 933 1722
 ... : 16 36 75 153 371 585 780 679 786 945 1726
 ... : 19 38 73 151 379 600 800 693 797 956 1735
 ... : 19 39 75 151 380 619 834 714 829 977 1746
 ... : 21 41 74 146 380 645 911 793 857 984 1750
 ... : 21 40 67 128 381 659 946 839 874 988 1759
 ... : 20 38 59 108 354 652 960 878 903 996 1764
 ... : 22 39 58 104 324 633 872 818 860 984 1755
 ... : 26 43 65 104 320 644 858 808 853 976 1758
 ... : 28 44 69 111 322 633 856 814 865 978 1763
 ... : 28 44 69 112 313 629 872 857 902 1006 1766
  12 : 24 36 47 75 165 269 386 559 574 747 579 1944
 ... : 23 36 48 75 168 273 398 567 576 751 585 1971
 ... : 23 36 48 75 168 273 408 585 605 776 616 1987
 ... : 23 36 49 74 167 269 400 581 607 767 611 1999
 ... : 22 35 48 73 166 278 397 574 607 792 645 1997
  13 : 22 35 50 72 146 252 339 534 445 662 574 643 1694
 ... : 22 35 50 72 146 252 339 534 446 667 600 703 1818
 ... : 23 36 52 74 146 256 339 555 457 677 609 717 1828
 ... : 25 37 52 75 147 263 356 568 461 677 609 739 1846
  14 : 25 37 52 73 138 259 349 556 446 666 527 637 339 1656
  15 : 25 37 52 73 138 259 348 557 446 665 526 629 322 465 1320
 ... : 25 37 52 73 138 259 348 557 446 665 526 629 341 532 1454
  16 : 25 37 52 73 138 259 348 557 446 664 514 606 304 460 516 1163
  17 : 25 37 51 71 131 255 347 555 445 663 515 606 304 445 534 287 1052
 ... : 25 37 51 71 131 255 347 555 445 663 515 606 304 445 533 438 1209
 ... : 25 37 51 71 131 255 347 555 445 662 515 610 309 463 551 468 1267
  18 : 25 37 51 71 131 255 347 555 444 638 529 593 310 425 521 419 290 1147
 ... : 25 37 51 71 131 255 347 555 444 638 529 593 314 439 555 498 404 1236
  19 : 25 37 51 71 131 253 345 546 434 632 526 547 308 442 564 458 442 245 1184
 ... : 25 37 51 71 131 253 345 546 434 632 526 547 308 442 564 458 469 311 1290
  20 : 25 37 51 71 131 253 345 545 434 633 526 546 309 442 560 442 452 285 171 1231
 ... : 25 37 51 71 131 253 345 545 434 633 526 546 309 442 561 451 456 309 246 1361
 ... : 25 37 51 71 131 253 345 545 434 633 526 546 309 441 559 448 463 352 300 1471
  21 : 25 37 51 71 131 253 345 545 434 633 519 545 306 442 544 414 413 298 222 251 1441
  22 : 25 37 51 71 131 253 345 545 434 633 519 545 306 442 544 414 413 297 203 224 134 1371
 ... : 25 37 51 71 131 253 345 545 434 633 519 545 306 442 544 414 414 299 213 256 208 1472
 ... : 25 37 51 71 131 253 345 545 434 633 519 545 306 442 548 421 422 317 234 280 247 1522
 ... : 25 37 51 71 131 253 345 545 434 633 519 545 306 442 548 421 423 322 248 304 277 1632
 ... : 25 37 51 71 131 253 345 545 434 633 519 545 306 442 548 421 425 383 343 343 290 1755
 ... : 25 37 51 71 131 253 345 545 434 633 519 545 306 442 548 420 424 411 416 441 316 1858
 ... : 25 37 51 71 131 253 345 545 434 633 519 545 306 442 548 420 430 422 437 499 371 1953
 ... : 25 37 51 71 131 253 345 545 434 633 519 545 306 442 548 420 443 450 481 543 400 2019
 ... : 25 37 51 71 131 253 345 545 434 633 519 545 306 442 550 426 462 476 520 594 438 2105
 ... : 25 37 51 71 131 253 345 545 434 633 519 545 306 442 550 426 464 495 541 682 659 2165
 ... : 25 37 51 71 131 253 345 545 434 633 519 545 306 441 550 426 469 516 568 732 716 2222
 ... : 25 37 51 71 131 253 345 545 434 632 519 545 305 441 550 426 472 528 584 783 775 2287
 ... : 25 37 51 71 131 253 345 545 434 632 519 545 305 441 550 427 478 548 622 816 819 2342
 ... : 25 37 51 71 131 253 345 545 434 632 519 545 305 441 550 432 488 566 642 875 897 2395
 ... : 25 37 51 71 131 253 345 545 434 632 519 544 304 441 552 437 496 586 678 905 919 2430
 ... : 25 37 51 71 131 253 345 545 434 630 519 544 303 439 552 441 527 630 714 941 958 2485
 ... : 25 37 51 71 131 253 345 545 434 630 519 544 303 439 552 440 547 638 730 971 1028 2536
 ... : 25 37 51 71 131 253 345 544 434 630 519 544 303 435 552 441 557 691 775 1004 1048 2603
 ... : 25 37 51 71 131 253 345 544 434 630 519 544 303 435 552 441 556 695 792 1037 1159 2699
 ... : 25 37 51 71 131 253 345 544 434 630 519 544 303 435 552 441 556 722 841 1066 1235 2768
 ... : 25 37 51 71 131 253 345 544 434 630 519 544 303 433 560 459 582 733 862 1072 1249 2825
 ... : 25 37 51 71 131 253 345 544 431 630 519 543 303 433 558 463 611 791 899 1098 1257 2913
 ... : 25 36 51 71 131 252 344 544 430 630 519 543 303 432 557 463 611 795 919 1117 1279 2985
 ... : 25 36 51 71 131 252 344 544 430 630 519 543 303 432 557 463 611 802 937 1127 1299 3059
 ... : 25 36 51 71 131 252 344 544 430 630 519 543 303 432 557 462 614 808 965 1165 1330 3109
 ... : 25 36 51 71 131 252 344 544 430 630 519 543 303 432 557 462 613 813 977 1186 1373 3191
 ... : 25 36 51 71 131 252 344 544 430 630 519 543 303 432 557 462 613 822 988 1208 1387 3365
 ... : 25 36 51 71 131 252 344 544 430 630 519 543 303 432 557 462 620 845 1027 1236 1407 3423
 ... : 25 36 51 71 131 252 344 544 430 630 519 543 303 432 557 462 619 853 1064 1284 1494 3530
 ... : 25 36 51 71 131 252 344 544 430 630 519 543 303 432 557 462 622 885 1110 1305 1508 3641
 ... : 25 36 51 71 131 252 344 544 430 630 519 543 303 432 557 461 627 916 1170 1324 1526 3730
 ... : 25 36 51 71 131 252 344 544 430 630 519 543 303 431 558 471 636 966 1227 1365 1562 3776
 ... : 25 36 51 71 131 252 344 544 430 630 519 543 303 431 561 477 646 984 1295 1422 1596 3838
 ... : 25 36 51 71 131 252 344 544 430 630 519 543 303 431 561 477 646 1022 1366 1468 1614 3896
 ... : 25 36 51 71 131 252 344 544 430 630 519 543 303 431 561 481 660 1070 1448 1561 1649 3960
 ... : 25 36 51 71 131 252 344 544 430 630 519 543 303 431 561 482 674 1131 1517 1643 1685 4025
 ... : 25 36 51 71 131 252 344 544 430 630 519 543 303 431 561 481 680 1162 1652 1805 1795 4118
 ... : 25 36 51 71 131 252 344 544 430 630 519 543 303 431 563 483 689 1172 1690 1920 1944 4216
 ... : 25 36 51 71 131 252 344 544 430 630 519 543 303 431 563 484 702 1215 1739 1965 2033 4324
 ... : 25 36 51 71 131 252 344 544 430 630 519 543 303 431 563 484 702 1216 1756 2047 2200 4456
 ... : 25 36 51 71 131 252 344 544 430 630 519 543 303 431 563 484 702 1216 1844 2179 2334 4585
 ... : 25 36 51 71 131 252 344 544 430 630 519 543 303 431 572 508 732 1272 1889 2236 2382 4655
 ... : 25 36 51 71 131 252 344 544 430 630 519 543 303 431 572 508 735 1284 1932 2325 2547 4724
 ... : 25 36 51 71 131 252 344 544 430 630 519 543 303 431 572 508 738 1294 1986 2375 2569 4773
  23 : 25 36 49 67 125 234 316 523 399 590 516 532 276 398 550 472 708 1023 1581 1887 2083 896 4760
 ... : 25 36 49 67 125 234 316 523 399 590 516 532 276 398 550 476 735 1079 1706 1992 2165 929 4884
 ... : 25 36 49 67 125 234 316 523 399 590 516 532 276 398 550 494 800 1195 1768 2019 2172 935 4946
 ... : 25 36 49 67 125 234 316 523 399 590 516 532 276 398 550 510 835 1287 1893 2120 2225 948 5002
 ... : 25 36 49 67 125 234 316 523 399 590 516 532 276 398 558 547 882 1348 1971 2186 2265 952 5037
 ... : 25 36 49 67 125 234 316 523 399 590 516 532 276 398 558 548 886 1393 2065 2372 2444 1040 5102
 ... : 25 36 49 67 125 234 316 523 399 590 516 532 276 398 558 548 886 1405 2128 2484 2538 1136 5215
 ... : 25 36 49 67 125 234 316 523 399 590 516 532 276 398 558 558 897 1454 2204 2597 2612 1189 5337
 ... : 25 36 49 67 125 234 316 523 399 590 516 532 276 398 558 558 900 1489 2299 2741 2695 1295 5412
 ... : 25 36 49 67 125 234 316 523 399 590 516 532 276 398 558 561 925 1550 2391 2825 2734 1317 5436
 ... : 25 36 49 67 125 234 316 523 399 590 516 532 276 398 559 570 942 1607 2448 2923 2847 1395 5513
 ... : 25 36 49 67 125 234 316 523 399 590 516 532 276 401 561 573 951 1626 2488 2973 2883 1410 5575
 ... : 25 36 49 67 125 234 316 523 399 590 516 532 276 401 561 577 953 1644 2588 3055 2958 1482 5730
 ... : 25 36 49 67 125 234 316 523 399 590 516 532 276 401 561 597 1009 1698 2754 3213 3045 1499 5823
 ... : 25 36 49 67 125 234 316 523 399 590 516 532 276 401 566 614 1052 1760 2821 3291 3086 1528 5914
 ... : 25 36 49 67 125 234 316 523 399 590 516 532 276 401 568 626 1076 1783 2831 3328 3124 1560 5981
 ... : 25 36 49 67 125 234 316 523 399 590 516 532 276 401 570 630 1103 1817 2907 3429 3193 1608 6079
 ... : 25 36 49 67 125 234 316 523 399 590 516 532 276 401 571 631 1124 1866 2983 3517 3269 1654 6210
 ... : 25 36 49 67 125 234 316 523 399 590 516 532 276 401 571 632 1130 1884 3026 3581 3319 1702 6316
 ... : 25 36 49 67 125 234 316 523 399 590 516 532 276 401 583 683 1193 1946 3097 3621 3340 1718 6359
 ... : 25 36 49 67 125 234 316 523 399 590 516 530 280 405 584 693 1215 1976 3127 3629 3342 1717 6402
 ... : 25 36 49 67 125 234 316 523 399 590 516 530 280 405 586 695 1223 1984 3166 3658 3357 1722 6476
 ... : 25 36 49 67 125 234 316 523 399 590 516 530 280 405 586 695 1224 1992 3221 3795 3468 1760 6581
 ... : 25 36 49 67 125 234 316 523 399 590 516 530 280 405 586 695 1224 1992 3233 3859 3575 1937 6740
 ... : 25 36 49 67 125 234 316 523 399 590 516 530 280 405 586 695 1224 1999 3253 3899 3638 2091 6873
 ... : 25 36 49 67 125 234 316 523 399 590 516 530 280 405 586 699 1238 2016 3303 3981 3733 2229 7055
 ... : 25 36 49 67 125 234 316 523 399 590 516 530 280 405 586 699 1238 2061 3376 4069 3755 2272 7162
 ... : 25 36 49 67 125 234 316 523 399 590 516 530 280 405 586 699 1238 2073 3493 4256 3908 2423 7352
 ... : 25 36 49 67 125 234 316 523 399 590 516 530 280 405 586 699 1238 2080 3575 4402 4066 2461 7419
 ... : 25 36 49 67 125 234 316 523 399 590 516 530 280 405 586 699 1241 2092 3623 4532 4213 2568 7524
 ... : 25 36 49 67 125 234 316 523 399 590 516 530 280 405 586 699 1241 2094 3645 4667 4335 2683 7654
 ... : 25 36 49 67 125 234 316 523 399 590 516 530 280 404 585 695 1239 2099 3659 4688 4427 2872 7905
 ... : 25 36 49 67 125 234 316 523 399 590 516 528 280 404 585 694 1237 2101 3676 4726 4502 3020 7999
 ... : 25 36 49 67 125 234 316 523 399 590 516 528 280 410 602 735 1362 2221 3797 4845 4550 3054 8082
 ... : 25 36 49 67 125 234 316 523 399 590 516 527 277 411 616 760 1419 2294 3868 4934 4584 3073 8181
 ... : 25 36 49 67 125 234 316 523 399 590 516 527 277 411 616 760 1423 2323 3927 5009 4718 3211 8338
 ... : 25 36 49 67 125 234 316 523 399 590 516 527 277 411 616 760 1433 2348 3979 5116 4821 3309 8400
 ... : 25 36 49 67 125 234 316 523 399 590 516 527 277 411 616 767 1437 2354 3994 5138 4837 3332 8541
 ... : 25 36 49 67 125 234 315 522 399 590 516 527 277 412 620 774 1450 2360 4008 5165 4859 3354 8656
 ... : 25 36 49 67 125 234 315 522 399 590 516 527 277 420 646 796 1471 2385 4059 5200 4862 3364 8740
 ... : 25 36 49 67 125 234 315 522 399 590 516 527 277 430 666 825 1498 2471 4101 5223 4876 3350 8834
 ... : 25 36 49 67 125 234 315 522 399 590 516 527 277 436 681 861 1514 2476 4115 5233 4888 3362 8934
 ... : 25 36 49 67 125 234 315 522 399 590 516 527 277 436 681 861 1522 2494 4146 5262 4936 3407 9043
 ... : 25 36 49 67 125 234 315 522 399 590 516 527 277 438 686 867 1540 2524 4180 5274 4954 3417 9134
 ... : 25 36 49 67 125 234 315 522 399 590 516 527 277 438 686 867 1540 2527 4186 5304 4966 3419 9317
 ... : 25 36 49 67 125 234 315 522 399 590 516 527 277 438 686 867 1540 2530 4196 5312 4972 3422 9512
 ... : 25 36 49 67 125 234 315 522 399 590 516 526 277 438 686 873 1546 2533 4202 5316 4973 3444 9646
 ... : 25 36 49 67 125 234 315 522 399 590 516 526 277 438 686 874 1548 2535 4219 5330 4993 3462 9896
 ... : 25 36 49 67 125 234 315 522 399 590 516 526 277 438 686 872 1550 2536 4223 5334 4993 3465 10361
 ... : 25 36 49 67 125 234 315 522 399 590 516 526 277 438 690 885 1556 2544 4232 5350 5031 3493 10556
 ... : 25 36 49 67 125 234 315 522 399 590 516 526 277 438 690 885 1556 2555 4251 5405 5079 3533 10685
 ... : 25 36 49 67 125 234 315 522 399 590 516 526 277 438 690 885 1557 2556 4258 5449 5130 3615 10796
 ... : 25 36 49 67 125 234 315 522 399 590 516 526 276 437 684 879 1583 2588 4296 5494 5162 3707 10867
 ... : 25 36 49 67 125 234 315 522 399 590 516 526 276 437 684 887 1602 2619 4340 5545 5244 3794 10936
 ... : 25 36 49 67 125 234 315 522 399 590 516 526 276 437 684 888 1607 2638 4387 5612 5306 3860 11020
 ... : 25 36 49 67 125 234 315 522 399 590 516 526 276 437 684 890 1612 2651 4417 5680 5368 3961 11116
 ... : 25 36 49 67 125 234 315 522 399 590 516 526 276 437 684 890 1613 2654 4436 5715 5469 4137 11202
 ... : 25 36 49 67 125 234 315 522 399 590 516 526 277 449 713 906 1627 2691 4454 5740 5504 4219 11304
 ... : 25 36 49 67 125 234 315 522 399 590 516 526 279 454 724 943 1649 2714 4492 5770 5537 4252 11392
 ... : 25 36 49 67 125 234 315 522 399 590 516 526 279 454 724 943 1655 2749 4506 5782 5552 4336 11480
 ... : 25 36 49 67 125 234 315 522 399 590 516 526 279 454 726 962 1671 2770 4557 5841 5616 4382 11533
 ... : 25 36 49 67 125 234 315 522 399 590 516 526 279 454 739 977 1697 2785 4605 5965 5703 4438 11583
 ... : 25 36 49 67 125 234 315 522 399 590 516 526 280 458 745 983 1713 2797 4658 6040 5758 4453 11669
 ... : 25 36 49 67 125 234 315 522 399 590 516 526 280 458 745 983 1713 2804 4669 6165 6024 4503 11836
 ... : 25 36 49 67 125 234 315 522 399 590 516 526 280 469 767 1026 1760 2854 4709 6196 6029 4504 11903
 ... : 25 36 49 67 125 234 315 522 399 590 516 526 280 468 779 1058 1831 2892 4753 6250 6054 4506 11928
 ... : 25 36 49 67 125 234 315 522 399 590 516 526 280 468 779 1058 1834 2899 4773 6256 6059 4515 12125
 ... : 25 36 49 67 125 234 315 522 399 590 516 525 282 471 782 1077 1892 2938 4800 6282 6058 4511 12145
 ... : 25 36 49 67 125 234 315 522 399 590 516 525 282 471 787 1098 1953 2990 4838 6296 6067 4514 12240
 ... : 25 36 49 67 125 234 315 522 398 589 515 524 282 471 790 1124 2016 3095 4879 6315 6072 4519 12347
 ... : 25 36 49 67 125 234 315 522 398 589 515 524 282 471 791 1133 2032 3108 4908 6331 6076 4530 12471
 ... : 25 36 49 67 125 234 315 522 398 589 515 524 280 472 818 1193 2130 3198 4952 6348 6079 4531 12506
 ... : 25 36 49 67 125 234 315 522 398 589 515 524 280 504 899 1254 2159 3214 4957 6352 6079 4531 12583
 ... : 25 36 49 67 125 234 315 522 398 589 514 524 280 505 921 1311 2219 3269 5019 6405 6098 4570 12670
 ... : 25 36 49 67 125 234 315 522 398 589 514 524 280 505 921 1330 2241 3286 5045 6512 6193 4628 12824
 ... : 25 36 49 67 125 234 315 522 398 589 514 524 280 505 921 1330 2250 3316 5090 6555 6240 4664 13122
 ... : 25 36 49 67 125 234 315 522 398 589 514 524 280 505 920 1328 2255 3329 5086 6569 6321 4738 13179
 ... : 25 36 49 67 125 234 315 522 398 589 514 524 280 505 920 1328 2255 3330 5087 6596 6393 4775 13431
 ... : 25 36 49 67 125 234 315 522 398 589 514 524 280 505 920 1328 2255 3331 5105 6628 6422 4799 13788
 ... : 25 36 49 67 125 234 315 522 398 589 514 524 280 505 920 1328 2255 3338 5127 6664 6491 4840 13954
 ... : 25 36 49 67 125 234 315 522 398 589 514 524 280 505 920 1328 2255 3352 5194 6750 6556 4900 14038
 ... : 25 36 49 67 125 234 315 522 398 589 514 524 281 507 930 1342 2288 3416 5222 6812 6612 4948 14066
 ... : 25 36 49 67 125 234 315 522 398 589 514 524 281 507 939 1355 2324 3446 5256 6816 6615 4961 14103
 ... : 25 36 49 67 125 234 315 522 398 589 514 524 281 507 939 1356 2334 3453 5322 6948 6734 5024 14126
 ... : 25 36 49 67 125 234 315 522 398 589 514 524 281 507 939 1356 2334 3452 5325 6980 6823 5168 14388
 ... : 25 36 49 67 125 234 315 522 398 589 514 528 286 517 945 1368 2360 3470 5340 7007 6834 5171 14453
 ... : 25 36 49 67 125 234 315 522 398 589 514 528 286 528 983 1381 2385 3519 5382 7023 6842 5183 14514
 ... : 25 36 49 67 125 234 315 522 398 589 514 529 307 555 1029 1413 2403 3538 5387 7026 6842 5184 14554
 ... : 25 36 49 67 125 234 315 522 398 589 514 529 307 581 1104 1466 2454 3567 5381 7033 6846 5186 14577
 ... : 25 36 49 67 125 234 315 522 398 589 513 529 308 579 1108 1474 2471 3610 5414 7047 6850 5191 14586
 ... : 25 36 49 67 125 234 315 522 398 589 513 529 308 582 1126 1493 2490 3626 5438 7064 6870 5192 14663
