initialized model with 9629 latches, 352 inputs and 1 properties
tsim: performed 70 steps
tsim: found cycle from 49
tsim: found 0 constants and 12 latch equivalences
seqsimpl: (9629, 352) -> (9236, 352)
checking bound 0
checking bound 1
checking bound 2
tdecomp: unrolling 2 cycles
tsim: performed 68 steps
tsim: found cycle from 47
tsim: found 1 constants and 0 latch equivalences
tdecomp: (9236, 1408) -> (9235, 352)
   2 : 1 13
   3 : 4 7 29
   4 : 5 9 36 13
   5 : 5 9 38 14 22
   6 : 5 9 38 11 6 21
   7 : 5 9 38 11 6 2 19
   8 : 5 9 38 11 6 2 3 16
 ... : 5 9 38 12 7 3 12 112
 ... : 5 9 39 15 15 10 21 208
 ... : 5 9 39 15 18 18 27 307
 ... : 5 9 40 32 37 54 45 447
   9 : 5 9 40 30 32 29 24 44 427
 ... : 5 9 40 30 31 29 29 58 521
 ... : 5 9 40 34 38 36 43 72 596
 ... : 5 9 40 33 42 60 85 116 685
  10 : 5 9 40 29 29 23 47 66 50 659
  11 : 5 9 40 29 29 21 45 63 51 51 622
  12 : 5 9 40 29 29 21 43 59 62 68 78 591
  13 : 5 9 40 29 29 21 43 59 61 69 81 38 560
  14 : 5 9 40 29 29 21 43 59 61 69 81 26 17 560
  15 : 5 9 40 29 29 21 43 59 61 68 84 30 27 15 624
  16 : 5 9 40 29 29 21 43 59 60 68 84 30 28 14 17 671
 ... : 5 9 40 29 29 21 43 59 60 69 88 32 31 20 28 797
 ... : 5 9 40 29 29 21 43 59 60 69 88 35 37 38 36 949
 ... : 5 9 40 29 29 21 43 59 60 68 87 34 35 32 40 1061
 ... : 5 9 40 28 29 21 43 59 60 68 87 36 50 45 52 1205
 ... : 5 9 40 27 29 21 43 58 60 68 87 36 62 61 81 1310
 ... : 5 9 40 27 29 21 43 58 60 69 88 36 48 37 95 1404
  17 : 5 9 40 27 27 17 40 43 52 65 82 38 42 28 65 37 1376
  18 : 5 9 40 27 27 17 40 43 52 65 82 38 42 28 65 23 30 1388
  19 : 5 9 40 27 27 17 40 43 52 65 82 38 44 31 59 34 41 35 1446
 ... : 5 9 40 27 27 17 40 42 51 65 82 38 44 31 59 54 63 60 1592
  20 : 5 9 40 27 27 17 40 41 50 57 87 40 44 27 56 45 30 67 56 1579
 ... : 5 9 40 27 27 17 40 41 50 57 87 42 44 27 57 45 30 68 58 1704
 ... : 5 9 40 27 27 17 40 41 50 57 87 42 44 27 61 48 33 68 61 1851
 ... : 5 9 40 27 27 17 40 41 50 57 87 42 44 27 62 50 36 69 62 2004
 ... : 5 9 40 27 27 17 40 41 50 58 91 46 47 29 72 53 36 69 62 2119
 ... : 5 9 40 27 27 17 40 41 50 58 106 70 55 30 78 65 37 69 65 2233
 ... : 5 9 40 27 27 17 40 41 50 58 108 79 63 35 84 79 41 71 70 2373
 ... : 5 9 40 27 27 17 40 41 50 61 128 109 106 52 94 80 41 72 74 2517
 ... : 5 9 40 27 27 17 40 41 50 61 131 127 113 56 97 82 41 72 78 2703
 ... : 5 9 40 27 27 17 40 41 50 61 133 150 124 64 97 82 41 72 80 2852
 ... : 5 9 40 27 27 17 40 41 50 62 138 176 153 86 105 85 41 72 80 2988
 ... : 5 9 40 27 27 17 40 41 50 62 138 198 205 102 108 97 41 72 81 3181
 ... : 5 9 40 27 27 17 40 41 50 62 146 213 244 111 110 118 42 72 81 3374
 ... : 5 9 40 27 27 17 40 41 50 62 147 221 331 141 121 130 42 72 81 3403
 ... : 5 9 40 27 27 17 40 41 50 62 148 222 412 191 137 140 42 72 81 3424
 ... : 5 9 40 27 27 17 40 41 50 62 149 238 444 208 139 148 42 72 81 3543
 ... : 5 9 40 27 27 17 40 41 50 62 149 256 446 208 139 149 42 72 81 3672
 ... : 5 9 40 27 27 17 40 41 50 62 149 284 456 210 144 149 42 72 81 3861
 ... : 5 9 40 27 27 17 40 41 50 62 149 318 472 222 146 149 42 72 81 4074
 ... : 5 9 40 27 27 17 40 41 50 62 151 337 484 239 153 150 42 72 81 4289
 ... : 5 9 40 27 27 17 40 41 50 62 151 350 512 282 165 156 42 76 81 4484
 ... : 5 9 40 27 27 17 40 41 50 62 151 356 559 347 198 168 42 76 81 4627
 ... : 5 9 40 27 27 17 40 41 50 63 153 378 587 369 217 173 42 82 81 4758
 ... : 5 9 40 27 27 17 40 41 49 63 165 416 630 370 221 179 42 82 81 4819
 ... : 5 9 40 27 27 17 40 41 49 63 173 456 686 389 229 185 42 82 81 4922
 ... : 5 9 40 27 27 17 40 41 49 63 176 459 747 389 229 185 42 82 81 4951
 ... : 5 9 40 27 27 17 40 41 50 67 188 506 818 401 230 194 42 82 81 5068
 ... : 5 9 40 27 27 17 40 41 50 67 188 524 849 409 233 196 42 82 81 5260
 ... : 5 9 40 27 27 17 40 41 50 67 188 535 878 444 248 199 42 82 81 5511
 ... : 5 9 40 27 27 17 40 41 50 67 188 539 908 493 257 209 52 82 81 5712
 ... : 5 9 40 27 27 17 40 41 50 67 188 540 959 550 264 215 52 82 81 5804
 ... : 5 9 40 27 27 17 40 41 50 67 188 543 1024 550 264 215 52 82 81 5903
 ... : 5 9 40 27 27 17 40 41 50 67 188 546 1053 561 271 217 52 82 81 5961
 ... : 5 9 40 27 27 17 40 41 50 67 188 546 1075 616 283 237 63 83 81 6047
 ... : 5 9 40 27 27 17 40 41 50 67 188 551 1119 700 297 243 68 84 81 6142
 ... : 5 9 40 27 27 17 40 41 50 67 188 555 1148 733 302 250 69 84 81 6251
 ... : 5 9 40 27 27 17 40 41 50 74 197 582 1166 755 307 254 69 84 81 6427
 ... : 5 9 40 27 27 17 40 41 50 74 197 582 1169 764 307 254 69 84 81 6587
 ... : 5 9 40 27 27 17 40 41 50 74 197 581 1206 798 313 273 105 89 82 6746
 ... : 5 9 40 27 27 17 40 41 50 74 197 581 1220 872 326 291 133 89 82 6930
 ... : 5 9 40 27 27 17 40 41 50 74 197 588 1233 934 338 304 140 89 82 7085
 ... : 5 9 40 27 27 17 40 41 50 74 206 598 1243 964 344 317 146 94 82 7188
 ... : 5 9 40 27 27 17 40 41 50 74 208 604 1269 1016 357 322 154 94 83 7272
 ... : 5 9 40 27 27 17 40 41 50 74 213 616 1284 1023 360 322 154 94 83 7370
 ... : 5 9 40 27 27 17 40 41 50 76 233 678 1350 1032 365 326 154 94 83 7469
 ... : 5 9 40 27 27 17 40 41 50 76 254 694 1371 1052 374 330 154 94 84 7555
 ... : 5 9 40 27 27 17 40 41 50 83 270 747 1412 1064 385 353 160 95 84 7719
 ... : 5 9 40 27 27 17 40 41 50 83 270 747 1425 1137 419 368 194 99 84 7747
 ... : 5 9 40 27 27 17 40 41 50 83 272 772 1453 1161 437 381 207 100 84 7794
 ... : 5 9 40 27 27 17 40 41 50 83 277 856 1527 1199 443 389 208 101 84 7958
 ... : 5 9 40 27 27 17 40 41 50 83 278 886 1584 1255 457 396 210 101 84 8115
 ... : 5 9 40 27 27 17 40 41 50 83 278 895 1624 1307 485 427 217 101 84 8327
 ... : 5 9 40 27 27 17 40 41 50 83 278 895 1623 1307 485 467 262 101 84 8394
 ... : 5 9 40 27 27 17 40 41 50 83 278 895 1626 1318 486 535 316 101 84 8432
 ... : 5 9 40 27 27 17 40 41 50 83 278 895 1625 1328 493 576 358 103 84 8494
 ... : 5 9 40 27 27 17 40 41 50 83 278 896 1626 1355 506 637 415 106 84 8579
 ... : 5 9 40 27 27 17 40 41 50 83 278 896 1624 1360 509 688 457 111 84 8632
 ... : 5 9 40 27 27 17 40 41 50 83 278 897 1628 1390 524 745 529 117 84 8733
 ... : 5 9 40 27 27 17 40 41 50 83 278 899 1644 1443 552 792 576 120 84 8800
 ... : 5 9 40 27 27 17 40 41 50 83 278 898 1652 1466 561 814 595 129 84 8915
 ... : 5 9 40 27 27 17 40 41 50 83 278 898 1675 1503 573 822 620 135 84 8953
 ... : 5 9 40 27 27 17 40 41 50 83 278 903 1680 1578 623 884 697 135 84 9016
 ... : 5 9 40 27 27 17 40 41 50 83 278 903 1684 1621 639 903 724 135 85 9156
 ... : 5 9 40 27 27 17 40 41 50 83 278 903 1683 1626 649 910 728 135 87 9260
 ... : 5 9 40 27 27 17 40 41 50 83 278 903 1683 1629 661 915 730 135 87 9352
 ... : 5 9 40 27 27 17 40 41 50 84 279 912 1708 1685 698 926 733 136 87 9448
 ... : 5 9 40 27 27 17 40 41 50 84 280 918 1714 1693 704 926 733 136 87 9572
 ... : 5 9 40 27 27 17 40 41 50 84 280 922 1754 1808 756 931 734 137 87 9689
