initialized model with 197 latches, 17 inputs and 1 properties
tsim: performed 14 steps
tsim: found cycle from 11
checking bound 0
checking bound 1
checking bound 2
tdecomp: unrolling 2 cycles
tsim: performed 12 steps
tsim: found cycle from 9
tsim: found 1 constants and 0 latch equivalences
tdecomp: (197, 68) -> (196, 29)
   2 : 1 1
   3 : 3 1 1
   4 : 3 1 1 1
   5 : 3 1 1 1 1
   6 : 3 1 1 1 1 1
   7 : 3 1 1 1 1 5 2
   8 : 3 1 1 1 1 6 20 15
   9 : 3 1 1 1 1 7 32 46 21
 ... : 3 1 1 1 1 15 58 70 111
  10 : 3 1 1 1 2 15 59 79 74 86
 ... : 3 1 1 1 2 15 66 119 128 178
 ... : 3 1 1 1 4 24 95 153 167 230
  11 : 3 1 1 1 4 24 95 156 208 115 157
 ... : 3 1 1 1 4 24 106 185 220 122 213
 ... : 3 1 1 1 4 24 111 204 247 132 290
 ... : 3 1 1 1 4 24 112 221 266 204 373
 ... : 3 1 1 1 4 24 114 234 306 370 482
  12 : 3 1 1 1 4 24 114 234 306 541 237 353
 ... : 3 1 1 1 3 18 29 265 323 546 240 381
 ... : 3 1 1 1 3 20 44 289 337 548 240 437
 ... : 3 1 1 1 3 20 50 307 351 554 241 490
 ... : 3 1 1 1 3 22 52 236 365 571 249 566
 ... : 3 1 1 1 3 24 53 77 317 590 257 1042
 ... : 3 1 1 1 3 31 73 90 322 590 257 1307
 ... : 3 1 1 1 3 31 94 167 316 616 259 1651
 ... : 3 1 1 1 3 31 98 251 348 634 262 1745
 ... : 3 1 1 1 3 31 99 322 385 653 270 1847
 ... : 3 1 1 1 4 40 115 344 305 547 282 2011
 ... : 3 1 1 1 6 46 128 361 313 548 282 2339
 ... : 3 1 1 1 8 51 132 382 332 556 283 2443
 ... : 3 1 1 1 8 55 143 400 338 565 283 2534
 ... : 3 1 1 1 9 57 148 420 252 592 289 2631
 ... : 3 1 1 1 9 59 152 428 287 621 305 2850
 ... : 3 1 1 1 9 59 155 433 299 641 321 3479
 ... : 3 1 1 1 9 60 157 446 311 649 324 3559
 ... : 3 1 1 1 10 67 163 459 316 653 334 3664
 ... : 3 1 1 1 10 69 173 473 325 653 335 4541
 ... : 3 1 1 1 10 69 174 477 332 657 338 5736
 ... : 3 1 1 1 10 69 177 487 337 660 339 6546
 ... : 3 1 1 1 10 69 178 490 341 660 339 7088
  13 : 3 1 1 1 10 69 178 490 336 175 97 39 7047
  14 : 3 1 1 1 10 69 178 490 335 176 99 45 44 7027
 ... : 3 1 1 1 10 72 191 502 354 180 94 60 62 7062
 ... : 3 1 1 1 10 72 193 523 398 223 103 61 62 7112
 ... : 3 1 1 1 10 72 193 524 412 252 125 72 62 7219
 ... : 3 1 1 1 10 72 193 530 430 283 145 78 63 7302
 ... : 3 1 1 1 10 72 193 533 448 305 166 82 63 7379
 ... : 3 1 1 1 10 72 193 533 486 318 188 90 65 7460
 ... : 3 1 1 1 10 72 198 560 519 345 190 88 69 7486
 ... : 3 1 1 1 10 72 198 572 537 372 197 89 69 7486
 ... : 3 1 1 1 10 80 224 595 548 372 197 89 69 7535
 ... : 3 1 1 1 10 80 231 616 568 384 198 89 69 7622
 ... : 3 1 1 1 11 83 251 636 583 392 206 89 69 7678
 ... : 3 1 1 1 15 92 280 666 598 397 207 89 69 7670
 ... : 3 1 1 6 29 105 296 686 609 398 207 89 69 7699
 ... : 3 1 1 6 38 116 314 702 617 399 207 89 69 7780
 ... : 3 1 1 6 38 126 330 727 635 403 207 89 69 7855
 ... : 3 1 1 8 49 151 355 741 637 403 207 89 69 7971
 ... : 3 1 1 9 57 163 378 757 642 403 207 89 69 8051
 ... : 3 1 1 12 66 175 389 764 648 404 207 89 69 8175
 ... : 3 1 1 12 75 193 408 771 651 404 207 89 69 8262
 ... : 3 1 1 13 83 207 422 781 654 405 207 89 69 8341
 ... : 3 1 1 13 86 213 437 796 665 415 207 89 69 8391
 ... : 3 1 1 14 86 216 445 816 678 415 207 89 69 8395
 ... : 3 1 4 24 60 77 454 826 692 420 209 89 69 8406
 ... : 3 1 4 34 97 113 321 808 692 420 209 89 69 8492
 ... : 3 1 4 38 114 124 334 812 692 420 209 89 69 9012
 ... : 3 1 4 38 126 158 364 822 692 420 209 89 69 9234
 ... : 3 1 4 41 137 174 382 824 692 420 209 89 69 9711
 ... : 3 1 4 42 141 192 157 842 698 420 209 89 69 9753
 ... : 3 1 4 42 142 210 179 850 705 421 210 89 69 10524
 ... : 3 1 4 42 143 214 181 852 705 421 210 89 69 11612
 ... : 3 1 4 42 149 234 202 868 712 421 210 89 69 11784
 ... : 3 1 4 42 151 246 220 888 724 424 210 89 69 11877
 ... : 3 1 4 42 151 251 256 915 735 427 210 89 69 11970
 ... : 3 1 4 42 153 257 269 927 740 429 210 89 69 12066
 ... : 3 1 4 42 153 260 269 931 743 429 210 89 69 12149
 ... : 3 1 4 43 161 269 285 947 759 437 210 89 69 12210
 ... : 3 1 4 43 165 287 308 963 765 437 210 89 69 12277
 ... : 3 1 4 44 168 294 327 993 782 444 211 89 69 12429
 ... : 3 1 5 49 177 316 341 1003 784 444 211 89 69 12928
 ... : 3 1 5 49 181 330 365 1019 785 444 211 89 69 12995
 ... : 3 1 5 49 181 346 387 1040 792 444 211 89 69 13060
 ... : 3 1 5 49 181 352 394 1052 801 446 211 89 69 13093
 ... : 3 1 5 49 181 359 403 1074 814 448 211 89 69 13187
 ... : 3 1 5 49 181 363 418 1084 829 454 211 89 69 13283
 ... : 3 1 5 49 181 363 420 1087 837 456 211 89 69 13358
 ... : 3 1 5 49 181 366 423 1098 852 464 213 89 69 13444
 ... : 3 1 5 49 181 366 424 1100 868 471 216 89 69 13530
 ... : 3 1 5 49 181 366 423 1104 872 473 220 89 69 13589
 ... : 3 1 5 49 181 366 428 1107 878 478 223 89 69 13649
 ... : 3 1 5 49 181 368 456 1138 895 483 226 89 69 13698
 ... : 3 1 5 49 181 377 475 1168 911 490 226 89 69 13786
 ... : 3 1 5 49 181 384 493 1198 944 502 226 89 69 13866
 ... : 3 1 5 49 181 388 508 1221 951 505 227 89 69 13948
 ... : 3 1 5 49 181 388 518 1231 958 507 230 89 69 14036
 ... : 3 1 5 49 181 388 524 1271 978 517 232 89 69 14128
 ... : 3 1 5 49 181 388 531 1286 986 520 236 89 69 14193
 ... : 3 1 5 49 181 388 531 1037 988 535 245 89 69 14287
 ... : 3 1 5 49 181 393 539 557 705 507 250 91 69 14341
 ... : 3 1 5 49 181 393 544 558 710 509 250 91 69 14586
 ... : 3 1 5 49 181 393 544 558 708 453 191 104 80 14603
  15 : 3 1 5 46 177 396 539 554 671 403 185 86 83 86 14445
  16 : 3 1 5 46 177 394 537 554 671 403 185 81 97 100 86 14402
 ... : 3 1 5 46 177 394 537 554 671 403 185 71 91 101 98 14482
 ... : 3 1 5 46 177 394 537 554 671 403 185 70 109 126 128 14546
 ... : 3 1 5 46 177 394 537 554 665 387 215 84 121 132 133 14555
 ... : 3 1 5 46 177 394 537 553 654 401 251 119 136 132 133 14575
 ... : 3 1 5 46 177 394 537 552 565 399 259 131 146 132 133 14629
 ... : 3 1 5 46 182 399 542 554 560 426 295 145 153 132 133 14669
 ... : 3 1 5 49 185 405 552 565 581 434 307 146 153 132 133 14686
 ... : 3 1 5 49 188 411 567 594 600 440 308 146 153 132 133 14743
 ... : 3 1 5 49 188 411 568 618 636 463 313 147 153 132 133 14879
 ... : 3 1 5 49 188 420 583 647 666 475 316 148 153 132 133 14956
 ... : 3 1 5 55 205 439 602 653 673 476 316 148 153 132 133 14970
 ... : 3 1 5 59 223 488 631 665 673 472 315 148 153 132 133 14991
 ... : 3 1 5 59 244 528 669 677 676 472 315 148 153 132 133 15196
 ... : 3 1 5 59 266 570 701 699 684 472 315 148 153 132 133 15282
 ... : 3 1 7 68 276 588 713 709 690 473 315 148 153 132 133 15311
 ... : 4 11 16 78 279 588 713 709 690 473 315 148 153 132 133 15312
 ... : 4 11 16 78 279 588 713 709 690 473 315 148 159 155 253 15452
  17 : 4 11 16 78 276 585 709 700 641 419 317 112 62 155 263 145 15246
 ... : 4 11 16 78 276 585 709 700 614 432 330 113 62 20 109 109 15300
 ... : 4 11 16 78 276 585 709 701 624 441 361 126 63 20 97 109 15306
 ... : 4 11 23 99 306 602 711 703 632 453 373 129 63 20 97 109 15311
 ... : 4 11 28 125 333 617 722 630 633 453 373 129 63 20 97 109 15325
 ... : 4 11 29 127 332 616 719 617 547 451 387 132 63 24 78 97 15342
 ... : 4 11 29 127 332 616 719 617 547 395 407 155 67 24 78 97 15350
 ... : 4 11 29 127 332 616 719 617 547 401 433 225 108 33 78 97 15358
 ... : 4 11 33 148 358 628 726 627 530 411 457 249 112 33 78 97 15361
 ... : 9 13 40 161 372 658 753 628 530 411 457 249 112 33 78 97 15369
 ... : 9 13 44 171 379 684 778 640 531 411 457 249 112 33 78 97 15387
 ... : 9 13 44 177 391 702 812 663 536 411 457 249 112 33 78 97 15413
 ... : 9 13 44 177 380 674 813 687 557 419 457 249 112 33 78 97 15469
 ... : 9 13 44 178 378 684 818 702 571 427 458 249 112 33 78 97 15524
 ... : 9 13 44 178 378 682 826 721 594 440 464 249 112 33 78 97 15596
 ... : 9 13 44 178 378 682 826 727 622 454 473 255 112 33 78 97 15685
 ... : 9 13 44 178 378 683 832 746 649 461 489 262 113 33 78 97 15709
 ... : 9 13 44 178 378 684 835 769 687 497 489 264 113 33 78 97 15739
 ... : 9 13 45 180 380 661 765 685 608 529 512 273 113 33 78 97 15752
 ... : 9 13 45 180 380 660 763 678 600 450 480 282 123 34 78 97 15776
 ... : 9 13 45 180 380 660 763 678 600 450 484 312 154 62 87 97 15816
 ... : 9 13 45 180 376 648 760 670 582 445 482 313 176 104 126 112 15876
 ... : 9 13 45 180 376 648 760 670 582 445 485 324 197 117 132 115 15967
 ... : 9 13 45 180 376 648 760 670 588 473 502 362 207 118 132 115 16093
 ... : 9 13 45 180 376 648 760 670 588 476 516 383 226 126 133 115 16324
 ... : 9 13 45 180 376 648 760 671 597 497 542 410 237 130 133 115 16400
 ... : 9 13 45 180 376 648 760 671 600 510 563 434 250 133 133 115 16458
 ... : 9 13 45 180 376 648 760 675 616 525 576 444 256 136 133 115 16490
 ... : 9 13 45 180 376 649 764 671 624 548 594 455 256 136 133 115 16536
 ... : 9 13 45 180 376 651 776 693 591 569 606 458 257 136 133 115 16589
 ... : 9 13 45 180 376 653 794 724 603 584 606 458 257 136 133 115 16594
 ... : 9 13 45 182 388 668 811 744 605 584 606 458 257 136 133 115 16660
 ... : 9 13 45 182 389 673 815 768 628 598 606 458 257 136 133 115 16681
 ... : 9 13 45 182 393 681 831 791 645 605 608 458 257 136 133 115 16755
 ... : 9 13 45 182 394 684 841 814 671 628 613 465 262 136 133 115 16826
 ... : 9 13 45 182 394 685 842 817 687 521 631 467 262 136 133 115 16867
 ... : 9 13 45 182 394 685 844 811 705 528 635 467 262 136 133 115 16915
 ... : 9 13 45 185 396 697 846 821 717 535 636 465 262 136 133 115 16933
 ... : 9 13 45 185 397 701 847 824 729 548 643 468 262 136 133 115 17100
 ... : 9 13 45 185 397 702 850 835 739 563 657 476 263 136 133 115 17180
 ... : 9 13 45 185 397 702 852 841 754 575 659 479 263 136 133 115 17326
 ... : 9 13 45 185 397 702 852 841 772 634 563 370 265 136 133 115 17549
 ... : 9 13 45 185 397 702 852 841 772 646 607 397 267 136 133 115 17750
 ... : 9 13 45 197 403 718 862 858 788 655 612 399 269 136 133 115 17785
 ... : 9 15 49 207 408 719 862 858 788 655 612 399 269 136 133 115 17787
 ... : 9 15 49 207 408 719 862 858 780 664 646 410 270 136 116 106 17804
 ... : 9 15 49 216 454 767 867 858 765 679 648 410 270 136 116 106 17809
 ... : 9 15 51 246 494 795 889 861 766 679 648 410 270 136 116 106 17815
 ... : 12 20 63 277 505 797 890 863 767 680 660 425 281 148 117 106 17816
 ... : 12 20 63 277 505 797 890 863 767 680 679 514 342 220 168 106 17816
 ... : 12 20 63 277 505 797 890 863 767 680 679 545 407 260 324 116 17816
 ... : 12 20 63 277 505 797 890 863 767 680 679 545 426 314 372 267 17816
 ... : 12 20 63 277 505 797 890 863 767 680 681 556 433 339 455 339 17816
 ... : 12 20 63 277 505 797 890 863 767 680 681 558 442 339 459 442 17830
  18 : 12 19 59 260 483 721 802 750 687 612 609 474 347 151 233 273 628 15256
 ... : 12 19 59 260 483 721 802 750 687 610 630 486 354 155 193 213 666 15299
 ... : 12 19 58 260 483 721 802 750 687 607 627 492 356 154 214 222 709 15354
  19 : 12 19 58 260 483 721 802 749 687 607 627 491 331 114 115 149 232 789 15103
 ... : 12 19 58 260 483 721 802 749 687 607 627 491 331 114 114 156 269 882 15153
 ... : 12 19 58 260 483 721 802 749 687 607 627 491 331 114 114 160 268 960 15219
 ... : 12 19 58 260 483 721 802 749 687 610 627 494 332 114 116 158 274 1011 15365
 ... : 12 19 58 260 483 721 802 749 687 610 638 566 379 123 116 199 316 1055 15381
 ... : 12 19 58 260 483 721 802 749 687 610 638 584 425 140 121 281 351 1056 15381
 ... : 12 19 58 260 483 721 802 749 687 610 638 592 455 175 146 356 384 1058 15400
 ... : 12 19 58 260 483 721 802 749 687 610 638 592 455 188 197 451 407 1065 15433
 ... : 12 19 58 260 483 721 802 749 687 610 638 592 455 197 224 529 446 1075 15447
 ... : 12 19 58 260 483 721 802 749 687 610 638 597 467 196 171 521 449 1218 15523
  20 : 12 19 58 260 483 721 802 749 687 610 637 598 466 193 164 531 391 490 361 15842
 ... : 12 19 58 260 483 721 802 749 687 610 637 598 466 193 164 534 395 457 383 15915
 ... : 12 19 58 260 483 721 802 749 687 610 637 598 466 193 164 535 400 469 400 16005
 ... : 12 19 58 260 483 721 802 749 687 610 637 598 466 193 164 538 409 481 418 16094
 ... : 12 19 58 260 483 721 802 749 687 610 637 598 466 193 164 543 419 502 454 16177
 ... : 12 19 58 260 483 721 802 749 687 610 637 598 466 193 164 548 442 502 488 16265
 ... : 12 19 58 260 483 721 802 749 687 610 651 637 491 197 164 549 460 531 588 16344
 ... : 12 19 58 260 483 721 802 749 687 610 651 666 575 223 172 552 465 529 644 16365
 ... : 12 19 58 260 483 721 802 749 687 610 651 679 604 238 190 565 465 529 695 16381
 ... : 12 19 58 260 483 721 802 749 687 610 651 680 595 240 190 589 485 530 731 16404
 ... : 12 19 58 260 483 721 802 749 687 610 651 680 595 240 190 594 542 565 772 16416
 ... : 12 19 58 260 483 721 802 749 687 610 651 680 595 240 190 608 585 624 833 16432
 ... : 12 19 58 260 483 721 802 749 687 610 651 680 595 240 190 614 582 627 927 16435
 ... : 12 19 58 260 483 721 802 749 687 610 651 680 595 240 191 632 636 670 990 16444
 ... : 12 19 58 260 483 721 802 749 687 610 651 680 595 240 191 631 664 696 1058 16492
 ... : 12 19 58 260 483 721 802 749 687 610 651 680 595 240 191 631 675 732 1108 16561
 ... : 12 19 58 260 483 721 802 749 687 610 651 680 595 240 191 631 677 743 1143 16674
 ... : 12 19 58 260 483 721 802 749 687 610 651 680 595 240 191 642 689 750 1192 16752
 ... : 12 19 58 260 483 721 802 749 687 610 651 680 595 240 191 653 760 776 1267 16755
 ... : 12 19 58 260 483 721 802 749 687 610 651 680 595 240 191 653 765 816 1347 16761
 ... : 12 19 58 260 483 721 802 749 687 610 651 715 631 257 198 654 770 819 1404 16770
 ... : 12 19 58 260 483 721 802 749 687 610 651 683 611 256 205 670 774 819 1386 16782
 ... : 12 19 58 260 483 721 802 749 687 610 651 683 610 253 204 687 828 862 1446 16794
 ... : 12 19 58 260 483 721 802 749 687 610 651 683 610 253 204 696 865 910 1525 16795
 ... : 12 19 58 260 483 721 802 749 687 610 651 683 610 252 204 702 908 954 1596 16802
 ... : 12 19 58 260 483 721 802 749 687 610 651 683 610 252 204 702 915 1009 1691 16848
 ... : 12 19 58 260 483 721 802 749 687 610 651 683 610 252 204 702 915 1024 1746 16973
 ... : 12 19 58 260 483 721 802 749 687 610 651 683 615 254 205 713 949 1032 1778 17043
 ... : 12 19 58 260 483 721 802 749 687 610 651 683 623 260 211 736 966 1048 1822 17060
 ... : 12 19 58 260 483 721 802 749 687 610 651 683 623 260 211 746 1004 1077 1901 17064
 ... : 12 19 58 260 483 721 802 749 687 610 651 683 623 264 214 756 1029 1119 1964 17071
 ... : 12 19 58 260 483 721 802 749 687 610 651 686 631 270 220 772 1047 1130 1996 17085
 ... : 12 19 58 260 483 721 802 749 687 610 651 686 631 270 220 779 1068 1172 2049 17090
 ... : 12 19 58 260 483 721 802 749 687 610 651 686 631 270 220 779 1074 1197 2095 17168
 ... : 12 19 58 260 483 721 802 749 687 610 651 686 631 270 220 779 1076 1211 2143 17249
 ... : 12 19 58 260 483 721 802 749 687 610 651 686 631 270 220 779 1111 1261 2208 17317
 ... : 12 19 58 260 483 721 801 749 683 609 651 685 630 270 220 779 1123 1309 2381 17380
 ... : 12 19 58 260 483 721 801 749 683 609 651 685 630 270 220 780 1136 1332 2517 17450
 ... : 12 19 58 260 483 721 801 749 683 609 651 685 630 270 220 780 1149 1358 2650 17538
  21 : 12 19 58 260 483 721 801 749 683 609 651 670 579 246 205 752 1113 1230 3043 2464 15200
 ... : 12 19 58 260 483 721 801 749 683 609 651 670 579 246 205 752 1098 1212 3048 2539 15222
 ... : 12 19 58 260 483 721 801 749 683 602 685 706 598 247 205 755 1100 1220 3048 2574 15230
 ... : 12 19 58 260 483 721 801 749 683 604 701 731 617 252 205 755 1100 1220 3071 2632 15231
 ... : 12 19 58 260 483 721 801 749 683 604 701 754 690 273 210 756 1100 1220 3102 2712 15231
 ... : 12 19 58 260 483 721 801 749 683 605 707 771 709 283 215 756 1100 1220 3138 2765 15232
 ... : 12 19 58 260 483 721 801 749 683 605 716 790 720 303 220 756 1100 1220 3193 2784 15232
 ... : 12 19 58 260 483 721 801 749 683 605 718 805 766 317 226 758 1100 1220 3232 2856 15236
 ... : 12 19 58 260 483 721 801 749 683 605 720 812 794 320 229 760 1100 1220 3278 2934 15236
 ... : 12 19 58 260 483 721 801 749 683 605 720 817 806 333 238 766 1100 1220 3321 2962 15239
 ... : 12 19 58 260 483 721 801 749 683 605 720 818 808 350 245 771 1103 1220 3351 3001 15240
 ... : 12 19 58 260 483 721 801 749 683 605 721 827 835 374 257 776 1104 1220 3381 3075 15247
 ... : 12 19 58 260 483 721 801 749 683 605 722 835 866 407 279 780 1105 1220 3412 3180 15254
 ... : 12 19 58 260 483 721 801 749 683 605 722 845 879 427 264 772 1124 1220 3430 3209 15257
 ... : 12 19 58 260 483 721 801 749 683 605 722 845 879 437 287 783 1152 1221 3449 3269 15263
 ... : 12 19 58 260 483 721 801 749 683 605 722 845 876 437 288 797 1168 1245 3474 3004 15263
 ... : 12 19 58 260 483 721 801 749 683 605 722 845 880 441 289 798 1172 1251 3504 3034 15264
 ... : 12 19 58 260 483 721 801 749 683 605 722 845 882 440 296 819 1182 1254 3529 3083 15267
 ... : 12 19 58 260 483 721 801 749 683 605 722 853 884 449 312 856 1194 1269 3534 3079 15271
 ... : 12 19 58 260 483 721 801 749 683 605 722 853 889 459 315 860 1203 1286 3566 3130 15272
 ... : 12 19 58 260 483 721 801 749 683 605 722 859 894 472 326 882 1212 1296 3613 3162 15272
 ... : 12 19 58 260 483 721 801 749 683 605 722 859 902 498 350 900 1218 1296 3654 3201 15272
 ... : 12 19 58 260 483 721 801 749 683 605 722 859 902 498 348 922 1230 1316 3673 3217 15275
 ... : 12 19 58 260 483 721 801 749 683 607 742 872 917 507 351 922 1231 1318 3673 3225 15279
 ... : 12 19 58 260 483 721 801 749 623 597 750 899 938 510 351 922 1231 1318 3673 3274 15279
 ... : 12 19 58 260 483 721 801 749 623 597 762 931 969 520 353 922 1231 1318 3711 3306 15279
 ... : 12 19 58 260 483 721 801 749 623 603 761 940 995 552 362 922 1231 1318 3737 3345 15279
 ... : 12 19 58 260 483 721 801 749 617 600 764 951 1010 565 370 924 1231 1318 3758 3392 15279
 ... : 12 19 58 260 483 721 801 749 617 600 764 954 1042 611 369 929 1231 1310 3780 3528 15234
 ... : 12 19 58 260 483 721 801 749 617 600 764 954 1060 666 413 940 1226 1300 3833 3715 15236
 ... : 12 19 58 260 483 721 801 749 617 600 764 954 1060 678 456 968 1232 1302 3870 3856 15240
 ... : 12 19 58 260 483 721 801 749 617 600 764 954 1060 701 493 992 1246 1311 3886 4045 15244
 ... : 12 19 58 260 483 721 801 749 617 600 764 954 1060 726 526 1013 1251 1314 3916 4196 15253
 ... : 12 19 58 260 483 721 801 749 617 600 764 955 1086 795 607 1050 1257 1315 3957 4373 15263
 ... : 12 19 58 260 483 721 801 749 617 600 764 955 1086 847 674 1067 1259 1313 4005 4532 15279
 ... : 12 19 58 260 483 721 801 749 617 600 764 955 1086 873 743 1116 1273 1316 4037 4693 15289
 ... : 12 19 58 260 483 721 801 749 617 600 764 955 1087 885 762 1148 1289 1326 4066 4841 15302
 ... : 12 19 58 260 483 721 801 749 617 600 764 955 1087 894 808 1175 1305 1329 4088 5082 15321
 ... : 12 19 58 260 483 721 801 749 617 600 764 955 1087 904 847 1193 1310 1334 4124 5207 15327
 ... : 12 19 58 260 483 721 801 749 617 600 764 955 1087 916 890 1223 1332 1342 4164 5372 15335
 ... : 12 19 58 260 483 721 801 749 617 600 764 955 1087 934 928 1253 1344 1350 4199 5498 15344
 ... : 12 19 58 260 483 721 801 749 617 600 764 955 1087 944 984 1279 1362 1353 4227 5604 15349
 ... : 12 19 58 260 483 721 801 749 617 600 764 955 1087 949 1006 1322 1379 1369 4254 5691 15354
 ... : 12 19 58 260 483 721 801 749 617 600 764 955 1088 958 1036 1361 1413 1397 4294 5780 15368
 ... : 12 19 58 260 483 721 801 749 617 600 764 955 1088 958 1063 1377 1434 1407 4331 5940 15371
 ... : 12 19 58 260 483 721 801 749 617 600 764 955 1088 971 1084 1401 1465 1440 4360 6085 15382
 ... : 12 19 58 260 483 721 801 749 617 600 764 955 1090 993 1122 1427 1477 1441 4393 6227 15384
 ... : 12 19 58 260 483 721 801 749 617 600 764 955 1090 1003 1127 1429 1492 1457 4407 6332 15390
 ... : 12 19 58 260 483 721 801 749 617 600 764 955 1090 1003 1127 1433 1498 1457 4425 6382 15395
 ... : 12 19 58 260 483 721 801 749 617 600 764 955 1090 1003 1145 1489 1536 1470 4456 6557 15397
 ... : 12 19 58 260 483 721 801 749 617 600 764 955 1090 1003 1193 1541 1557 1479 4474 6926 15446
 ... : 12 19 58 260 483 721 801 749 617 600 764 955 1090 1007 1225 1584 1603 1499 4503 7156 15462
 ... : 12 19 58 260 483 721 801 749 617 600 764 955 1090 1007 1225 1634 1714 1554 4534 7318 15475
 ... : 12 19 58 260 483 721 801 749 617 600 764 955 1090 1007 1237 1656 1749 1599 4564 7564 15497
 ... : 12 19 58 260 483 721 801 749 617 600 764 955 1090 1007 1237 1661 1774 1651 4607 7752 15509
 ... : 12 19 58 260 483 721 801 749 617 600 764 955 1090 1007 1237 1661 1772 1664 4637 7891 15533
 ... : 12 19 58 260 483 721 801 749 617 600 764 956 1093 1018 1240 1664 1780 1653 4638 7995 15539
 ... : 12 19 58 260 483 721 801 749 617 600 764 956 1118 1057 1272 1675 1779 1653 4680 8191 15543
 ... : 12 19 58 260 483 721 801 749 617 600 764 958 1130 1097 1293 1684 1781 1653 4716 8348 15571
 ... : 12 19 58 260 483 721 801 749 617 600 764 958 1130 1097 1304 1714 1805 1664 4741 8410 15581
 ... : 12 19 58 260 483 721 801 749 617 600 764 958 1130 1100 1307 1724 1827 1678 4765 8497 15599
 ... : 12 19 58 260 483 721 801 749 617 600 764 958 1130 1100 1310 1734 1842 1701 4785 8612 15599
 ... : 12 19 58 260 483 721 801 749 617 600 764 958 1130 1116 1350 1758 1858 1709 4808 8725 15617
 ... : 12 19 58 260 483 721 801 749 617 600 764 958 1132 1191 1432 1794 1863 1714 4841 8917 15642
 ... : 12 19 58 260 483 721 801 749 617 600 764 958 1177 1250 1478 1815 1865 1714 4874 9059 15661
 ... : 12 19 58 260 483 721 801 749 617 600 764 958 1177 1260 1539 1842 1873 1718 4892 9193 15687
 ... : 12 19 58 260 483 721 801 749 617 600 764 958 1177 1274 1583 1867 1884 1716 4911 9331 15709
 ... : 12 19 58 260 483 721 801 749 617 600 764 960 1189 1292 1590 1876 1888 1716 4942 9465 15724
 ... : 12 19 58 260 483 721 801 749 617 600 764 960 1207 1358 1652 1894 1893 1718 4960 9572 15753
 ... : 12 19 58 260 483 721 801 749 617 600 764 960 1207 1373 1714 1951 1915 1726 4982 9746 15783
 ... : 12 19 58 260 483 721 801 749 617 600 764 960 1207 1380 1774 1976 1925 1728 4998 9895 15800
 ... : 12 19 58 260 483 721 801 749 617 600 764 960 1210 1394 1803 1995 1931 1731 5014 9939 15815
 ... : 12 19 58 260 483 721 801 749 617 600 764 960 1210 1397 1838 2021 1947 1735 5027 10075 15825
 ... : 12 19 58 260 483 721 801 749 617 600 764 960 1210 1422 1867 2084 1967 1738 5047 10157 15851
 ... : 12 19 58 260 483 721 801 749 617 600 764 960 1210 1435 1939 2121 1976 1739 5075 10269 15857
 ... : 12 19 58 260 483 721 801 749 617 600 764 960 1210 1435 1982 2158 1995 1744 5089 10393 15882
 ... : 12 19 58 260 483 721 801 749 617 600 764 960 1210 1437 1989 2156 1989 1749 5104 10504 15897
 ... : 12 19 58 260 483 721 801 749 617 600 764 960 1210 1441 1996 2165 1990 1755 5115 10548 15913
 ... : 12 19 58 260 483 721 801 749 617 600 764 960 1210 1466 2026 2190 1993 1756 5134 10669 15963
 ... : 12 19 58 260 483 721 801 749 617 600 764 960 1245 1529 2061 2201 1999 1761 5165 10808 15989
 ... : 12 19 58 260 483 721 801 749 617 600 764 960 1244 1584 2174 2231 2001 1761 5209 10976 16021
 ... : 12 19 58 260 483 721 801 749 617 600 764 960 1244 1589 2210 2259 2006 1764 5227 11071 16034
 ... : 12 19 58 260 483 721 801 749 617 600 764 960 1244 1593 2242 2289 2017 1768 5257 11235 16056
 ... : 12 19 58 260 483 721 801 749 617 600 764 960 1244 1593 2262 2313 2030 1773 5274 11348 16070
 ... : 12 19 58 260 483 721 801 749 617 600 764 960 1244 1598 2268 2325 2040 1773 5291 11423 16084
 ... : 12 19 58 260 483 721 801 749 617 600 764 960 1244 1598 2268 2349 2061 1793 5303 11523 16085
 ... : 12 19 58 260 483 721 801 749 617 600 764 960 1244 1598 2268 2359 2093 1811 5317 11635 16093
 ... : 12 19 58 260 483 721 801 749 617 600 764 960 1244 1598 2268 2373 2122 1831 5330 11757 16103
 ... : 12 19 58 260 483 721 801 749 617 600 764 960 1244 1598 2268 2374 2147 1856 5361 11856 16109
 ... : 12 19 58 260 483 721 801 749 617 600 764 960 1249 1606 2284 2391 2160 1869 5377 11936 16114
 ... : 12 19 58 260 483 721 801 749 617 600 764 960 1271 1627 2309 2405 2171 1871 5400 12032 16140
