initialized model with 31947 latches, 1560 inputs and 1 properties
tsim: performed 85 steps
tsim: found cycle from 82
tsim: found 786 constants and 0 latch equivalences
seqsimpl: (31947, 1560) -> (18392, 852)
checking bound 0
checking bound 1
checking bound 2
tdecomp: unrolling 2 cycles
tsim: performed 83 steps
tsim: found cycle from 80
tdecomp: no improvement found, reverting original model
   2 : 26 0
 ... : 56 89
 ... : 71 164
   3 : 50 44 145
   4 : 50 39 57 137
 ... : 59 43 70 181
 ... : 69 52 93 207
 ... : 83 72 114 233
 ... : 87 74 116 286
 ... : 85 73 117 350
 ... : 85 73 117 419
 ... : 87 73 124 492
 ... : 86 73 127 563
 ... : 86 72 134 638
   5 : 79 68 135 131 565
   6 : 80 68 137 101 86 599
 ... : 80 71 141 105 100 663
 ... : 81 71 151 115 116 690
 ... : 81 72 165 132 129 710
 ... : 81 72 180 148 142 730
 ... : 81 72 183 154 140 788
 ... : 83 73 178 150 147 834
 ... : 82 73 185 160 157 879
 ... : 82 74 195 171 165 917
 ... : 89 77 200 175 180 941
   7 : 87 72 153 195 171 131 862
 ... : 95 76 153 200 175 128 900
   8 : 91 74 153 201 172 113 85 884
 ... : 91 74 165 212 189 129 90 888
 ... : 91 74 174 222 209 137 92 897
 ... : 92 74 179 227 224 155 96 921
 ... : 92 74 192 243 240 178 96 926
 ... : 92 74 206 254 258 191 98 929
 ... : 92 77 217 261 281 207 100 937
 ... : 92 81 239 282 308 213 100 937
 ... : 92 82 247 292 333 229 103 937
 ... : 92 82 254 302 360 242 103 937
 ... : 92 82 263 313 378 256 104 937
 ... : 93 82 267 316 389 281 119 954
 ... : 94 82 273 325 401 297 144 963
 ... : 97 82 276 331 409 307 166 985
 ... : 100 82 277 336 413 298 212 1008
 ... : 101 82 277 337 416 311 220 1052
 ... : 101 82 278 338 420 320 231 1101
 ... : 103 82 280 339 420 343 246 1131
 ... : 103 82 282 341 420 365 259 1148
 ... : 103 82 287 345 427 381 271 1162
 ... : 103 82 296 352 448 388 273 1165
 ... : 103 82 306 362 466 400 275 1165
 ... : 106 82 308 365 469 422 293 1182
 ... : 107 82 311 368 475 431 312 1202
 ... : 107 82 314 370 477 435 329 1236
 ... : 108 82 314 370 474 451 356 1283
 ... : 108 82 315 372 477 466 374 1316
 ... : 109 82 318 374 482 484 397 1341
 ... : 110 82 324 374 491 495 407 1361
 ... : 111 82 328 375 500 507 421 1377
 ... : 112 82 331 379 510 528 432 1394
 ... : 112 82 331 379 512 547 458 1424
 ... : 113 82 333 382 524 554 471 1451
 ... : 114 82 337 385 534 568 489 1470
 ... : 114 82 339 386 539 583 511 1502
 ... : 114 82 341 387 539 590 539 1529
 ... : 117 82 343 390 547 601 552 1557
 ... : 119 82 345 392 555 611 576 1572
 ... : 120 82 346 394 557 618 607 1609
 ... : 120 82 348 396 560 627 634 1638
 ... : 122 82 351 400 568 644 660 1657
 ... : 122 82 355 404 573 657 674 1681
 ... : 122 82 360 409 581 671 692 1697
 ... : 122 82 365 415 591 684 704 1710
 ... : 122 82 371 419 603 702 717 1725
 ... : 122 82 375 424 613 718 726 1748
 ... : 123 82 380 428 624 732 740 1762
 ... : 126 82 382 431 635 745 756 1779
 ... : 129 82 383 434 643 755 773 1812
 ... : 129 82 389 441 653 771 783 1824
 ... : 133 82 390 444 661 786 799 1848
 ... : 133 82 390 444 656 801 825 1884
 ... : 133 82 390 444 655 812 851 1929
 ... : 135 82 392 445 659 820 876 1961
 ... : 135 82 394 447 659 831 900 1985
 ... : 136 82 394 448 661 840 920 2021
 ... : 137 82 395 449 660 846 932 2068
 ... : 137 82 395 449 660 846 955 2106
 ... : 137 82 397 449 661 861 980 2133
 ... : 137 82 400 454 665 869 1004 2157
 ... : 137 82 404 455 668 873 1027 2189
 ... : 137 82 409 456 674 882 1048 2206
 ... : 137 82 413 458 679 892 1068 2226
 ... : 137 82 420 463 687 898 1081 2235
 ... : 137 82 424 462 689 908 1101 2260
 ... : 137 82 427 464 692 909 1123 2278
 ... : 137 82 433 467 702 922 1132 2288
 ... : 137 82 439 471 710 930 1145 2298
 ... : 137 82 445 472 718 939 1159 2313
 ... : 137 82 447 473 720 945 1174 2348
 ... : 137 82 450 476 721 947 1191 2373
 ... : 137 82 452 476 715 947 1214 2404
 ... : 137 82 452 477 714 950 1242 2426
 ... : 137 82 454 477 714 955 1260 2474
 ... : 137 82 454 478 717 959 1277 2514
 ... : 137 82 459 481 720 962 1290 2539
 ... : 137 82 463 485 723 965 1302 2572
 ... : 137 82 469 487 727 972 1310 2587
 ... : 137 82 471 490 730 983 1321 2618
 ... : 137 82 473 492 732 989 1334 2659
 ... : 137 82 473 492 729 990 1325 2736
 ... : 137 82 473 492 720 988 1330 2806
 ... : 138 82 474 493 716 984 1328 2863
 ... : 138 82 477 495 715 981 1338 2909
 ... : 138 82 483 498 717 988 1353 2927
 ... : 138 82 489 502 723 997 1365 2950
 ... : 138 82 495 506 728 1003 1380 2963
 ... : 138 82 502 512 733 1008 1391 2977
 ... : 138 82 505 515 732 1011 1405 3020
 ... : 138 82 506 517 732 1019 1432 3059
 ... : 138 82 508 519 732 1026 1452 3099
 ... : 138 82 514 522 736 1029 1470 3120
 ... : 138 82 519 525 744 1036 1486 3140
 ... : 138 82 522 528 745 1042 1506 3174
 ... : 138 82 524 529 739 1047 1516 3223
 ... : 137 82 524 529 739 1050 1518 3265
 ... : 137 82 535 540 752 1060 1519 3279
 ... : 137 82 543 549 755 1063 1526 3314
   9 : 137 82 542 540 590 861 1704 1348 2115
 ... : 137 82 542 541 591 861 1718 1371 2145
  10 : 137 82 542 539 589 848 1726 1365 140 2049
 ... : 138 82 542 540 587 851 1725 1369 147 2087
 ... : 139 83 542 541 587 855 1730 1377 147 2128
 ... : 139 83 542 541 587 855 1748 1394 164 2151
 ... : 139 83 542 541 587 855 1761 1415 176 2164
 ... : 139 83 548 548 591 862 1762 1418 171 2189
 ... : 139 83 559 558 600 867 1771 1428 171 2191
 ... : 142 85 561 566 615 875 1774 1429 172 2206
 ... : 141 85 562 580 641 880 1779 1429 172 2206
 ... : 137 82 560 579 627 890 1784 1431 174 2211
 ... : 137 82 561 581 630 899 1805 1440 175 2223
 ... : 136 81 561 584 633 902 1810 1445 176 2241
  11 : 133 75 551 554 613 893 1776 1405 173 160 2149
 ... : 134 76 553 556 616 896 1790 1427 187 164 2154
 ... : 134 76 553 556 616 896 1794 1428 206 184 2165
 ... : 134 76 553 557 616 896 1793 1429 213 199 2199
 ... : 134 76 552 556 617 898 1798 1434 223 206 2204
  12 : 133 72 549 553 613 893 1788 1431 210 181 101 2160
 ... : 133 72 549 553 612 896 1790 1451 218 196 102 2180
 ... : 133 72 550 553 607 891 1782 1470 229 214 103 2202
 ... : 133 72 550 553 602 886 1772 1479 241 232 107 2226
 ... : 133 72 551 553 601 887 1767 1480 244 251 114 2236
 ... : 133 72 551 553 601 887 1764 1491 249 271 119 2255
 ... : 133 72 551 553 599 886 1759 1506 263 290 119 2270
 ... : 133 72 551 553 599 886 1757 1533 278 331 120 2273
 ... : 133 72 551 553 596 884 1766 1613 279 331 120 2288
 ... : 133 72 554 554 598 890 1778 1637 280 331 120 2300
 ... : 133 72 559 557 606 903 1799 1647 280 331 120 2306
 ... : 133 72 560 559 610 913 1823 1676 281 331 120 2316
 ... : 133 72 561 562 609 917 1833 1708 283 332 120 2329
 ... : 133 72 563 564 609 919 1844 1741 295 334 120 2340
 ... : 133 72 564 566 604 918 1850 1788 304 336 120 2364
 ... : 133 72 564 567 602 919 1857 1838 313 340 120 2387
 ... : 133 72 564 567 598 917 1856 1899 344 348 120 2400
 ... : 133 72 564 567 596 914 1863 1938 375 353 120 2413
 ... : 133 72 564 567 597 916 1866 1994 410 362 120 2413
 ... : 133 72 565 567 596 916 1870 2027 430 369 120 2417
 ... : 133 72 566 567 594 918 1879 2085 454 373 120 2417
 ... : 133 72 568 568 596 919 1890 2105 466 379 120 2418
 ... : 133 72 569 568 594 920 1897 2131 484 387 120 2418
 ... : 133 72 571 568 596 919 1898 2151 498 397 121 2418
 ... : 133 72 571 568 592 918 1897 2157 504 418 122 2432
 ... : 133 72 571 568 592 918 1901 2195 518 434 126 2433
 ... : 133 72 571 568 589 916 1900 2227 536 459 126 2441
 ... : 133 72 571 568 588 915 1902 2256 563 475 127 2445
 ... : 133 72 571 569 585 915 1907 2273 550 486 128 2457
 ... : 133 72 571 569 584 914 1907 2285 583 517 133 2462
 ... : 133 72 571 569 584 914 1909 2297 610 542 138 2462
 ... : 133 72 571 569 584 914 1911 2315 608 538 138 2465
 ... : 133 72 571 569 584 914 1911 2330 619 528 143 2466
 ... : 133 72 571 569 584 914 1913 2338 609 517 144 2468
 ... : 133 72 571 569 584 915 1913 2337 609 538 150 2470
 ... : 133 72 571 569 583 915 1915 2347 630 551 155 2472
 ... : 133 72 571 570 584 917 1917 2347 586 535 157 2478
 ... : 133 72 571 571 583 915 1915 2354 608 559 157 2478
 ... : 133 72 571 571 583 915 1916 2359 617 572 160 2479
 ... : 133 72 572 571 582 916 1918 2365 619 577 163 2482
 ... : 133 72 572 571 581 915 1919 2373 618 585 169 2488
 ... : 133 72 572 571 581 915 1921 2390 647 609 175 2488
 ... : 133 72 572 572 582 916 1929 2407 666 618 175 2490
 ... : 133 72 572 572 582 916 1930 2410 678 636 177 2493
 ... : 133 72 572 573 583 918 1934 2411 624 605 179 2501
 ... : 133 72 572 574 583 919 1937 2413 629 624 179 2505
 ... : 133 72 572 574 583 918 1936 2421 630 639 183 2507
 ... : 133 72 572 574 582 917 1939 2425 608 644 187 2507
 ... : 133 72 572 574 582 917 1940 2416 597 645 197 2508
 ... : 133 72 572 574 582 917 1940 2417 609 659 205 2509
 ... : 133 72 572 574 582 917 1940 2417 612 672 211 2509
 ... : 133 72 572 574 580 914 1933 2485 615 686 211 2510
 ... : 133 72 572 574 578 912 1928 2465 643 745 217 2517
 ... : 133 72 572 574 578 912 1925 2470 632 776 235 2524
 ... : 133 72 572 574 578 912 1922 2477 634 803 243 2535
 ... : 133 72 572 574 578 912 1919 2481 633 852 250 2537
 ... : 133 72 572 574 578 912 1919 2495 637 898 254 2540
 ... : 133 72 574 576 578 913 1930 2533 642 905 255 2554
 ... : 133 72 574 576 577 920 1939 2585 648 918 257 2570
 ... : 133 72 574 576 577 920 1941 2603 653 939 269 2585
 ... : 133 72 574 576 577 920 1941 2602 642 976 283 2600
 ... : 133 72 574 576 577 920 1938 2588 628 999 304 2614
 ... : 133 72 574 576 577 920 1938 2584 635 1011 337 2622
 ... : 133 72 574 576 577 920 1938 2582 609 1010 335 2629
 ... : 133 72 574 576 577 919 1938 2582 616 1005 363 2648
 ... : 133 72 574 576 577 919 1938 2582 625 1017 396 2676
 ... : 133 72 574 576 577 919 1937 2578 620 1022 425 2698
 ... : 133 72 574 576 577 919 1937 2563 603 1027 431 2736
