initialized model with 202 latches, 49 inputs and 1 properties
tsim: performed 6 steps
tsim: found cycle from 4
tsim: found 1 constants and 0 latch equivalences
seqsimpl: (202, 49) -> (199, 49)
checking bound 0
checking bound 1
checking bound 2
tdecomp: unrolling 2 cycles
tsim: reached all X state
tsim: performed 3 steps
tdecomp: no improvement found, reverting original model
 ... : 200
   2 : 100 117
 ... : 110 309
   3 : 108 211 199
 ... : 108 224 399
 ... : 108 232 600
 ... : 108 241 801
   4 : 108 220 667 330
 ... : 108 220 709 531
 ... : 108 220 729 732
 ... : 108 220 741 933
 ... : 108 220 774 1133
 ... : 108 220 781 1332
 ... : 108 219 804 1533
 ... : 108 219 833 1729
 ... : 108 219 855 1922
 ... : 108 219 855 2124
 ... : 108 219 863 2324
