initialized model with 31947 latches, 1560 inputs and 1 properties
tsim: performed 85 steps
tsim: found cycle from 82
tsim: found 786 constants and 0 latch equivalences
seqsimpl: (31947, 1560) -> (18364, 852)
checking bound 0
checking bound 1
checking bound 2
tdecomp: unrolling 2 cycles
tsim: performed 83 steps
tsim: found cycle from 80
tdecomp: no improvement found, reverting original model
   2 : 12 1
 ... : 46 83
   3 : 54 35 87
   4 : 55 25 26 124
 ... : 61 27 40 188
 ... : 62 29 64 260
 ... : 63 31 71 324
 ... : 70 35 90 362
 ... : 77 39 97 413
 ... : 77 39 99 481
 ... : 80 41 104 533
   5 : 66 43 100 120 433
   6 : 65 43 105 97 91 406
 ... : 66 43 116 112 101 435
 ... : 66 43 126 125 108 472
 ... : 67 44 121 126 108 516
 ... : 73 49 127 130 118 559
 ... : 75 48 126 130 132 589
 ... : 75 49 139 149 145 610
 ... : 75 49 148 159 147 650
 ... : 75 49 166 171 165 664
 ... : 75 49 169 174 155 763
 ... : 77 50 172 176 139 859
 ... : 77 50 188 186 153 881
   7 : 74 47 185 184 137 153 787
 ... : 74 46 189 189 136 136 846
 ... : 85 57 198 199 140 135 869
 ... : 90 61 204 208 154 154 872
 ... : 86 60 208 210 157 173 904
   8 : 84 60 203 211 150 148 89 860
 ... : 84 60 215 227 166 161 89 865
 ... : 86 60 225 239 182 184 91 882
 ... : 86 60 237 252 199 206 92 883
 ... : 86 60 250 265 216 230 93 890
 ... : 86 60 260 277 234 254 94 890
 ... : 86 60 272 288 252 280 98 891
 ... : 88 60 282 298 267 295 99 899
 ... : 89 60 292 314 283 318 100 905
 ... : 89 60 306 327 304 334 100 911
 ... : 89 60 316 337 323 365 102 917
 ... : 91 60 328 349 342 382 103 920
 ... : 94 60 338 358 355 405 108 928
 ... : 95 61 355 371 373 421 109 933
 ... : 95 61 363 386 399 435 112 937
 ... : 94 62 369 392 420 448 113 947
 ... : 94 63 373 398 444 468 116 952
 ... : 94 63 381 404 458 506 132 957
 ... : 93 64 384 410 469 551 151 968
 ... : 92 66 393 419 487 564 165 974
 ... : 92 66 393 419 488 583 213 989
 ... : 94 66 395 421 491 560 263 1010
 ... : 98 66 395 424 489 533 334 1040
 ... : 99 66 401 433 504 528 364 1053
 ... : 100 66 405 435 507 535 369 1091
 ... : 101 66 407 438 511 547 377 1119
 ... : 101 66 407 443 514 556 383 1156
 ... : 102 66 407 445 518 575 394 1183
 ... : 102 66 408 447 518 587 402 1219
 ... : 104 66 408 448 512 595 410 1268
 ... : 104 66 408 448 506 602 412 1328
 ... : 104 66 409 451 502 607 412 1378
 ... : 104 66 409 451 496 613 409 1436
 ... : 106 66 410 452 496 623 421 1485
 ... : 107 66 410 452 496 635 434 1528
 ... : 108 66 410 453 497 650 438 1573
 ... : 108 66 411 453 492 652 439 1628
 ... : 108 66 413 455 489 655 442 1682
 ... : 109 67 418 460 497 674 457 1704
 ... : 111 67 422 466 506 684 468 1721
 ... : 111 67 424 467 507 690 487 1748
 ... : 112 67 428 470 513 698 499 1770
 ... : 113 67 431 472 513 702 511 1793
 ... : 115 67 433 475 512 710 529 1827
 ... : 115 67 433 476 503 711 537 1891
 ... : 115 67 433 476 500 717 541 1952
 ... : 115 67 434 475 495 719 536 2018
 ... : 115 67 438 476 499 729 554 2052
 ... : 115 67 446 483 506 734 570 2060
 ... : 117 67 448 486 513 749 588 2082
 ... : 119 67 450 490 524 761 602 2101
 ... : 121 67 453 494 536 770 617 2119
 ... : 123 67 455 499 547 783 634 2136
 ... : 124 67 458 501 556 795 647 2163
 ... : 126 67 462 505 567 810 659 2182
 ... : 126 67 464 506 571 822 681 2218
 ... : 126 67 468 508 577 832 704 2230
 ... : 127 67 472 509 584 845 719 2257
 ... : 127 67 477 511 590 864 739 2275
 ... : 127 67 481 517 598 877 753 2289
 ... : 128 67 485 521 603 900 765 2313
 ... : 129 67 488 525 605 911 787 2338
 ... : 130 67 489 527 613 925 805 2362
 ... : 130 67 491 528 616 938 831 2396
 ... : 131 67 491 530 616 942 858 2428
 ... : 133 67 494 530 618 953 874 2469
 ... : 133 67 496 531 620 959 889 2516
 ... : 133 67 503 535 627 964 905 2531
 ... : 133 67 507 539 630 975 922 2559
 ... : 133 67 508 540 633 982 939 2594
 ... : 133 67 511 541 632 982 948 2640
 ... : 133 67 515 545 634 986 963 2668
 ... : 133 67 515 545 628 991 980 2729
 ... : 133 67 520 548 632 1001 1003 2744
 ... : 133 67 524 551 640 1013 1023 2757
 ... : 133 67 527 552 643 1023 1048 2776
 ... : 133 67 530 554 650 1037 1068 2794
 ... : 133 67 535 558 658 1052 1081 2812
 ... : 133 67 536 561 662 1058 1100 2840
 ... : 133 67 537 562 665 1065 1121 2878
 ... : 133 67 539 562 666 1069 1138 2916
 ... : 134 67 544 563 670 1075 1149 2943
 ... : 134 67 546 564 674 1081 1172 2957
 ... : 134 67 547 565 673 1088 1187 2986
 ... : 134 67 548 566 674 1094 1201 3025
 ... : 134 67 548 569 675 1108 1220 3052
 ... : 134 67 551 571 677 1119 1231 3076
 ... : 134 67 554 571 680 1124 1250 3111
 ... : 134 67 559 576 687 1133 1265 3136
 ... : 134 67 561 578 684 1137 1267 3194
 ... : 134 67 566 585 686 1139 1257 3243
 ... : 134 67 578 603 696 1149 1266 3257
 ... : 134 67 590 614 713 1161 1266 3266
 ... : 134 67 594 618 710 1158 1269 3309
   9 : 132 68 595 611 602 962 1348 1215 2249
 ... : 132 68 597 611 604 952 1365 1234 2269
  10 : 133 69 597 613 605 945 1366 1235 199 2097
 ... : 133 69 599 614 607 946 1361 1241 199 2128
  11 : 133 69 599 615 605 948 1360 1244 199 182 1965
 ... : 133 69 606 622 610 952 1357 1244 200 186 1983
 ... : 133 69 617 634 617 956 1366 1254 200 186 1985
 ... : 133 69 631 647 635 972 1370 1254 200 186 1990
 ... : 133 69 631 647 628 969 1375 1273 207 196 2009
 ... : 133 69 631 647 626 969 1385 1279 213 213 2028
 ... : 133 69 631 647 626 969 1391 1291 228 221 2039
 ... : 133 69 631 647 626 969 1396 1296 243 245 2045
  12 : 133 69 631 647 626 965 1391 1262 226 265 61 2042
 ... : 133 69 632 648 625 974 1396 1274 229 268 63 2057
 ... : 133 68 632 651 628 977 1401 1282 239 270 63 2073
 ... : 131 71 634 644 619 976 1404 1284 239 271 64 2082
 ... : 131 70 633 644 615 973 1398 1286 240 282 71 2100
  13 : 130 67 627 638 618 964 1382 1258 231 280 72 77 2090
 ... : 131 67 626 638 620 967 1385 1256 229 278 70 76 2123
 ... : 133 72 627 644 621 967 1389 1259 232 283 77 84 2140
  14 : 130 67 628 637 624 970 1388 1253 233 281 74 76 43 2121
 ... : 130 67 628 637 621 969 1383 1248 232 289 77 85 45 2137
 ... : 130 67 629 638 619 972 1381 1254 234 299 79 86 45 2152
 ... : 130 67 629 638 619 972 1383 1253 239 301 81 92 50 2165
 ... : 130 67 629 638 619 973 1388 1263 247 312 86 96 52 2175
 ... : 130 67 629 638 619 973 1388 1279 264 321 91 103 52 2190
 ... : 130 67 629 638 619 973 1403 1290 274 323 92 103 52 2215
 ... : 130 67 629 638 619 974 1410 1281 266 326 91 109 57 2226
 ... : 130 67 629 639 620 975 1412 1287 270 329 97 110 57 2231
 ... : 130 67 629 638 618 974 1412 1290 274 335 100 110 63 2262
  15 : 129 67 629 638 618 970 1409 1278 263 324 110 101 55 75 2231
  16 : 129 67 629 638 618 970 1409 1278 263 323 109 98 62 84 66 2198
 ... : 129 67 629 638 616 972 1405 1276 261 331 113 103 64 87 66 2215
 ... : 129 67 629 638 615 971 1403 1275 261 328 113 112 64 92 69 2228
 ... : 129 67 630 637 614 971 1403 1275 260 326 110 113 65 92 68 2249
 ... : 129 67 630 638 611 977 1403 1283 262 329 111 114 65 92 68 2265
 ... : 129 67 630 638 610 978 1400 1281 262 334 112 121 67 95 69 2275
 ... : 129 67 645 654 630 992 1400 1281 262 334 112 121 67 95 69 2275
 ... : 129 67 647 654 624 987 1407 1291 262 334 112 121 67 97 70 2284
 ... : 129 67 647 655 624 988 1411 1300 269 341 115 127 70 101 70 2292
 ... : 129 67 647 655 624 988 1414 1305 291 364 126 130 71 101 70 2297
 ... : 129 67 647 655 624 988 1415 1309 301 377 153 146 74 102 70 2300
 ... : 129 67 647 655 624 988 1415 1308 305 391 173 166 81 103 70 2304
 ... : 129 67 647 655 624 988 1417 1309 310 400 195 185 90 107 71 2311
 ... : 129 67 647 655 624 988 1418 1311 315 406 201 203 105 107 71 2319
 ... : 129 67 647 655 624 988 1424 1317 318 409 226 219 106 107 71 2319
 ... : 129 67 647 655 624 988 1424 1317 320 410 238 249 126 115 71 2323
 ... : 129 67 647 655 624 988 1424 1317 320 410 240 250 159 138 73 2335
 ... : 129 67 647 655 624 988 1427 1319 321 412 249 263 173 154 73 2340
 ... : 129 67 647 655 624 988 1427 1319 315 409 249 266 187 170 76 2340
 ... : 129 67 647 655 624 988 1427 1322 321 423 262 275 194 171 76 2345
 ... : 129 67 647 655 624 988 1427 1323 327 429 286 307 209 175 76 2347
 ... : 129 67 647 655 624 988 1427 1323 329 432 289 320 218 186 77 2369
 ... : 129 67 647 655 624 988 1430 1326 331 431 284 320 212 220 109 2379
 ... : 132 71 649 661 625 988 1439 1338 346 439 290 320 212 220 109 2391
 ... : 137 79 654 672 635 1002 1450 1343 351 440 291 320 213 221 109 2396
 ... : 137 79 654 674 636 1007 1463 1349 358 449 298 322 216 221 109 2409
 ... : 137 79 654 674 636 1007 1463 1354 362 469 330 356 243 226 109 2411
 ... : 137 79 657 682 668 1020 1474 1358 368 474 338 360 243 226 110 2413
 ... : 137 78 655 688 684 1034 1487 1369 372 476 339 360 244 227 111 2427
 ... : 135 77 654 687 685 1045 1503 1382 385 482 343 361 245 228 112 2442
 ... : 135 76 654 685 681 1036 1496 1384 397 512 357 362 247 228 112 2452
 ... : 132 77 657 687 681 1039 1500 1386 398 512 357 362 247 230 114 2456
 ... : 131 76 656 684 666 1035 1497 1393 398 514 357 362 247 230 114 2461
 ... : 131 76 656 686 664 1034 1500 1393 396 523 366 372 251 230 114 2476
 ... : 131 76 656 686 664 1034 1499 1391 388 549 398 391 261 231 114 2476
 ... : 131 76 656 686 664 1034 1499 1392 393 567 434 423 290 239 116 2478
 ... : 131 76 656 686 664 1034 1498 1391 394 573 476 469 353 246 121 2480
 ... : 131 76 656 686 664 1034 1498 1391 403 584 504 504 404 253 121 2484
 ... : 128 72 654 684 666 1035 1498 1393 404 568 493 518 412 254 121 2484
 ... : 128 72 654 684 666 1034 1497 1388 397 558 484 486 412 274 137 2487
 ... : 128 72 654 684 666 1034 1497 1388 398 562 493 521 457 291 139 2489
 ... : 128 72 654 683 665 1034 1497 1388 399 565 490 529 497 323 146 2491
 ... : 128 72 654 683 665 1034 1497 1388 393 559 481 536 496 339 160 2492
 ... : 128 72 654 683 665 1034 1499 1391 392 569 493 541 520 358 173 2492
 ... : 128 72 654 683 665 1034 1499 1392 392 567 487 547 546 393 190 2501
 ... : 128 72 654 683 665 1034 1499 1392 392 568 492 549 573 429 235 2512
