initialized model with 202 latches, 49 inputs and 1 properties
tsim: performed 6 steps
tsim: found cycle from 4
tsim: found 1 constants and 0 latch equivalences
seqsimpl: (202, 49) -> (200, 49)
checking bound 0
checking bound 1
checking bound 2
tdecomp: unrolling 2 cycles
tsim: reached all X state
tsim: performed 3 steps
tdecomp: no improvement found, reverting original model
   2 : 80 106
 ... : 94 306
   3 : 91 154 167
 ... : 91 167 367
 ... : 91 190 568
   4 : 91 173 480 277
 ... : 91 173 519 477
 ... : 91 173 560 681
 ... : 91 173 577 882
 ... : 91 173 594 1083
 ... : 91 173 613 1284
 ... : 91 173 615 1485
 ... : 91 173 635 1686
   5 : 91 173 601 1354 550
 ... : 91 173 601 1436 751
 ... : 91 173 601 1491 954
 ... : 91 173 601 1547 1155
 ... : 91 173 600 1599 1355
 ... : 91 173 600 1646 1556
 ... : 91 173 600 1696 1757
 ... : 91 173 600 1751 1958
 ... : 91 173 600 1784 2159
seqsimpl: completing cex trace with simulation
num_solve_calls = 235822
num_solve_sat_calls = 60564
num_solve_unsat_calls = 26619
num_solve_approx_calls = 63818
num_solve_approx_unsat_calls = 38806
num_solve_conflicts = 1028853
num_solve_decisions = 7825874
num_solve_propagations = 4174364594
avg_solve_conflicts = 5
avg_solve_decisions = 34
avg_solve_propagations = 17702
avg_solve_unsat_decisions = 4.153
stddev_solve_unsat_decisions = 21.579
num_added_cubes = 6171
num_subsumed_cubes = 1296
num_mic_down_calls = 41772
num_mic_down_good = 22410
num_added_ctgs = 792
num_gc_frame = 7
num_reset = 20
num_try_blocking = 78547
get_bad_cube_time = 1073.293
rec_block_cube_time = 224.010
propagate_forward_time = 16.969
generalize_model_time = 107.282
generalize_and_push_time = 210.402
ctg_time = 87.425
try_blocking_time = 234.274
reset_time = 6.176
clausify_time = 7.768
preprocess_time = 3.138
solve_time = 1305.588
solve_sat_time = 808.480
solve_unsat_time = 497.107
prove_time = 1320.485
memory_used_mb = 110
total_time = 1322.268
Unsafe
