initialized model with 1594 latches, 365 inputs and 1 properties
tsim: performed 30 steps
tsim: found cycle from 25
tsim: found 330 constants and 108 latch equivalences
seqsimpl: found 1 latch equivalences
seqsimpl: (1594, 365) -> (538, 17)
checking bound 0
checking bound 1
checking bound 2
tdecomp: unrolling 2 cycles
tsim: performed 28 steps
tsim: found cycle from 23
tsim: found 1 constants and 0 latch equivalences
seqsimpl: found 1 latch equivalences
tdecomp: (538, 68) -> (536, 35)
   2 : 15 8
   3 : 15 3 8
   4 : 15 2 4 8
   5 : 15 1 3 2 9
   6 : 15 1 3 2 2 7
   7 : 15 1 3 2 2 2 5
   8 : 15 1 3 2 2 2 2 5
   9 : 15 1 3 2 2 2 2 2 4
  10 : 15 1 3 2 2 2 2 2 20 13
  11 : 15 1 3 2 2 2 2 2 18 4 14
  12 : 15 1 3 2 2 2 2 2 18 3 2 16
  13 : 15 1 3 2 2 2 2 2 18 3 2 2 14
  14 : 15 1 3 2 2 2 2 2 18 3 2 2 15 18
  15 : 15 1 3 2 2 2 2 2 18 3 2 2 17 20 18
  16 : 15 1 3 2 2 2 2 2 18 3 2 2 17 20 9 38
  17 : 15 1 3 2 2 2 2 2 18 3 2 2 17 20 9 8 35
  18 : 15 1 3 2 2 2 2 2 18 3 2 2 17 21 10 26 7 96
  19 : 15 1 3 2 2 2 2 2 18 3 2 2 17 21 10 26 7 34 62
 ... : 15 1 3 2 2 2 2 2 18 3 2 2 17 22 11 44 9 48 92
  20 : 15 1 3 2 2 2 2 2 18 3 2 2 17 22 11 46 11 38 11 109
  21 : 15 1 3 2 2 2 2 2 18 3 2 2 17 22 11 46 11 38 11 18 91
 ... : 15 1 3 2 2 2 2 2 18 3 2 2 17 23 12 50 15 49 21 27 132
 ... : 15 1 3 2 2 2 2 2 18 3 2 2 17 23 12 51 16 55 28 65 152
  22 : 15 1 3 2 2 2 2 2 18 3 2 2 17 23 12 51 16 59 32 65 19 159
  23 : 15 1 3 2 2 2 2 2 18 3 2 2 17 23 12 51 16 59 32 65 19 19 140
 ... : 15 1 3 2 2 2 2 2 18 3 2 2 17 23 12 51 16 59 32 71 25 57 165
 ... : 15 1 3 2 2 2 2 2 18 3 2 2 17 24 13 78 17 75 32 72 26 55 168
 ... : 15 1 3 2 2 2 2 2 18 3 2 2 17 24 13 79 18 77 34 75 28 51 206
 ... : 15 1 3 2 2 2 2 2 18 3 2 2 17 25 14 85 23 82 36 77 29 63 258
 ... : 15 1 3 2 2 2 2 2 18 3 2 2 17 25 14 86 24 83 37 81 32 70 275
 ... : 15 1 3 2 2 2 2 2 18 3 2 2 17 25 14 87 25 86 41 94 38 78 317
 ... : 15 1 3 2 2 2 2 2 18 3 2 2 17 25 14 89 26 88 43 95 39 93 322
 ... : 15 1 3 2 2 2 2 2 18 3 2 2 17 25 14 89 26 90 44 109 41 79 351
 ... : 15 1 3 2 2 2 2 2 18 3 2 2 17 25 14 90 26 108 46 120 49 81 356
 ... : 15 1 3 2 2 2 2 2 18 3 2 2 17 25 14 90 26 112 48 123 54 84 366
 ... : 15 1 3 2 2 2 2 2 18 3 2 2 17 25 14 90 26 113 49 128 58 127 379
 ... : 15 1 3 2 2 2 2 2 18 3 2 2 17 25 14 90 26 113 49 137 63 104 420
  24 : 15 1 3 2 2 2 2 2 18 3 2 2 17 25 14 90 26 113 49 137 61 96 23 407
  25 : 15 1 3 2 2 2 2 2 18 3 2 2 17 25 14 90 26 113 49 137 61 96 23 27 380
 ... : 15 1 3 2 2 2 2 2 18 3 2 2 17 25 14 95 31 105 58 135 59 93 21 27 393
 ... : 15 1 3 2 2 2 2 2 18 3 2 2 17 25 14 96 32 111 64 148 68 97 26 26 410
 ... : 15 1 3 2 2 2 2 2 18 3 2 2 17 25 14 96 32 115 68 151 73 98 30 25 419
 ... : 15 1 3 2 2 2 2 2 18 3 2 2 17 25 14 96 32 118 73 157 79 104 35 24 435
 ... : 15 1 3 2 2 2 2 2 18 3 2 2 17 26 15 99 35 123 78 171 89 119 45 26 441
 ... : 15 1 3 2 2 2 2 2 18 3 2 2 17 26 15 99 35 125 80 179 96 138 59 35 462
 ... : 15 1 3 2 2 2 2 2 18 3 2 2 17 26 15 99 35 125 80 184 99 152 72 44 492
  26 : 15 1 3 2 2 2 2 2 18 3 2 2 17 26 15 99 35 125 77 187 100 160 81 60 35 485
  27 : 15 1 3 2 2 2 2 2 18 3 2 2 17 26 15 99 35 125 77 187 100 160 81 60 30 33 457
 ... : 15 1 3 2 2 2 2 2 18 3 2 2 17 26 15 100 37 128 79 186 103 140 81 55 29 33 475
 ... : 15 1 3 2 2 2 2 2 18 3 2 2 17 26 15 102 39 138 90 197 114 144 86 56 30 33 478
 ... : 15 1 3 2 2 2 2 2 18 3 2 2 17 26 15 102 39 142 94 206 124 148 91 57 31 33 480
 ... : 15 1 3 2 2 2 2 2 18 3 2 2 17 26 15 102 39 144 96 213 131 154 98 59 33 32 482
 ... : 15 1 3 2 2 2 2 2 18 3 2 2 17 26 15 103 40 149 100 220 138 162 106 64 38 33 486
 ... : 15 1 3 2 2 2 2 2 18 3 2 2 17 26 15 103 40 151 103 226 147 168 116 69 46 33 488
 ... : 15 1 3 2 2 2 2 2 18 3 2 2 17 26 15 103 40 152 104 232 153 179 127 79 56 38 495
 ... : 15 1 3 2 2 2 2 2 18 3 2 2 17 26 15 103 40 152 104 235 156 189 140 85 67 38 510
 ... : 15 1 3 2 2 2 2 2 18 3 2 2 17 26 15 103 40 152 104 236 157 195 146 96 78 57 522
 ... : 15 1 3 2 2 2 2 2 18 3 2 2 17 26 15 103 40 152 104 236 157 195 148 98 85 75 559
  28 : 15 1 3 2 2 2 2 2 18 3 2 2 17 26 15 103 40 152 104 236 157 195 148 98 85 75 45 525
  29 : 15 1 3 2 2 2 2 2 18 3 2 2 17 26 15 103 40 152 104 236 157 195 148 98 85 75 38 54 478
 ... : 15 1 3 2 2 2 2 2 18 3 2 2 18 27 17 122 41 153 104 236 157 195 148 98 85 75 38 54 504
 ... : 15 1 3 2 2 2 2 2 18 3 2 2 18 27 17 122 41 154 105 237 158 196 149 106 90 89 39 55 535
 ... : 15 1 3 2 2 2 2 2 18 3 2 2 18 27 17 122 41 154 105 241 162 202 162 116 95 80 39 55 574
 ... : 15 1 3 2 2 2 2 2 18 3 2 2 18 27 17 124 43 155 106 243 164 211 174 130 109 93 39 55 586
 ... : 15 1 3 2 2 2 2 2 18 3 2 2 18 27 17 126 45 160 111 252 173 236 180 132 110 94 39 55 588
 ... : 15 1 3 2 2 2 2 2 18 3 2 2 18 27 17 127 46 163 114 259 180 222 181 133 111 94 39 55 591
 ... : 15 1 3 2 2 2 2 2 18 3 2 2 18 27 17 127 46 164 115 264 185 233 186 139 112 98 39 55 620
 ... : 15 1 3 2 2 2 2 2 18 3 2 2 18 27 17 127 46 164 115 266 187 243 202 153 122 104 39 55 652
 ... : 15 1 3 2 2 2 2 2 18 3 2 2 18 27 17 128 47 166 117 270 191 260 217 166 138 109 39 55 663
 ... : 15 1 3 2 2 2 2 2 18 3 2 2 18 27 17 128 47 168 119 277 199 263 220 169 141 115 39 55 667
 ... : 15 1 3 2 2 2 2 2 18 3 2 2 18 27 17 128 47 169 120 282 204 271 224 179 158 129 39 55 667
 ... : 15 1 3 2 2 2 2 2 18 3 2 2 18 27 17 128 47 169 120 286 208 271 218 183 164 124 39 55 670
 ... : 15 1 3 2 2 2 2 2 18 3 2 2 18 27 17 128 47 169 120 288 210 286 228 196 174 124 40 55 677
 ... : 15 1 3 2 2 2 2 2 18 3 2 2 18 27 17 129 48 172 123 296 218 293 237 204 178 128 40 55 682
 ... : 15 1 3 2 2 2 2 2 18 3 2 2 18 27 17 129 48 173 123 298 220 313 258 223 199 132 40 55 687
 ... : 15 1 3 2 2 2 2 2 18 3 2 2 18 27 17 129 48 174 125 304 227 334 259 222 197 133 40 55 689
 ... : 15 1 3 2 2 2 2 2 18 3 2 2 18 27 17 129 48 174 125 311 234 336 255 229 202 138 40 55 690
 ... : 15 1 3 2 2 2 2 2 18 3 2 2 18 27 17 129 48 174 125 311 235 347 259 239 209 138 41 55 694
 ... : 15 1 3 2 2 2 2 2 18 3 2 2 18 27 17 129 48 175 126 315 239 351 271 245 215 144 41 55 710
 ... : 15 1 3 2 2 2 2 2 18 3 2 2 18 27 17 129 48 175 126 316 240 356 271 255 224 167 41 55 710
 ... : 15 1 3 2 2 2 2 2 18 3 2 2 18 27 17 129 48 175 126 317 241 359 274 272 241 165 43 55 714
 ... : 15 1 3 2 2 2 2 2 18 3 2 2 18 27 17 129 48 175 126 317 241 360 275 279 250 171 44 63 714
 ... : 15 1 3 2 2 2 2 2 18 3 2 2 18 27 17 129 48 181 126 317 241 360 275 283 254 203 46 55 718
 ... : 15 1 3 2 2 2 2 2 18 3 2 2 18 27 17 130 49 178 129 337 244 361 276 283 254 203 46 55 719
 ... : 15 1 3 2 2 2 2 2 18 3 2 2 18 27 17 130 49 180 131 334 249 367 279 284 255 203 46 55 721
 ... : 15 1 3 2 2 2 2 2 18 3 2 2 18 27 17 130 49 180 131 340 251 374 284 298 257 203 46 55 722
 ... : 15 1 3 2 2 2 2 2 18 3 2 2 18 27 17 130 49 181 132 344 255 383 290 302 261 204 47 55 722
 ... : 15 1 3 2 2 2 2 2 18 3 2 2 18 27 17 130 49 181 132 346 257 395 296 332 265 209 48 55 734
 ... : 15 1 3 2 2 2 2 2 18 3 2 2 18 27 17 130 49 181 132 346 257 398 298 343 276 222 49 59 737
 ... : 15 1 3 2 2 2 2 2 18 3 2 2 18 27 17 130 49 181 132 346 257 400 298 347 279 212 52 61 746
 ... : 15 1 3 2 2 2 2 2 18 3 2 2 18 27 17 130 49 182 133 353 260 412 301 357 280 212 52 61 747
 ... : 15 1 3 2 2 2 2 2 18 3 2 2 18 27 17 130 49 182 133 354 261 421 304 372 283 213 53 61 748
 ... : 15 1 3 2 2 2 2 2 18 3 2 2 18 27 17 130 49 182 133 355 262 428 307 377 286 225 54 61 749
 ... : 15 1 3 2 2 2 2 2 18 3 2 2 18 27 17 130 49 182 133 356 263 431 310 393 289 224 57 63 757
 ... : 15 1 3 2 2 2 2 2 18 3 2 2 18 27 17 130 49 182 133 356 263 434 312 417 294 237 59 79 759
 ... : 15 1 3 2 2 2 2 2 18 3 2 2 18 27 17 130 49 182 133 356 263 437 313 423 298 244 64 64 775
 ... : 15 1 3 2 2 2 2 2 18 3 2 2 18 27 17 131 50 197 136 364 266 438 314 423 298 244 64 64 777
 ... : 15 1 3 2 2 2 2 2 18 3 2 2 18 27 17 131 50 199 137 363 269 440 316 434 298 244 64 64 777
 ... : 15 1 3 2 2 2 2 2 18 3 2 2 18 27 17 131 50 200 138 369 273 447 321 441 300 244 64 64 778
 ... : 15 1 3 2 2 2 2 2 18 3 2 2 18 27 17 131 50 201 139 373 277 455 328 444 304 245 65 64 778
 ... : 15 1 3 2 2 2 2 2 18 3 2 2 18 27 17 131 50 201 139 375 278 459 331 463 308 246 66 64 778
 ... : 15 1 3 2 2 2 2 2 18 3 2 2 18 27 17 131 50 201 139 375 278 462 333 460 313 249 69 71 778
 ... : 15 1 3 2 2 2 2 2 18 3 2 2 18 27 17 131 50 202 140 386 282 469 338 462 315 251 70 64 781
 ... : 15 1 3 2 2 2 2 2 18 3 2 2 18 27 17 131 50 202 140 387 283 472 340 486 317 252 71 64 782
 ... : 15 1 3 2 2 2 2 2 18 3 2 2 18 27 17 131 50 202 140 387 283 480 343 487 320 253 72 64 782
 ... : 15 1 3 2 2 2 2 2 18 3 2 2 18 27 17 131 50 202 140 387 283 484 343 477 323 259 75 65 783
 ... : 15 1 3 2 2 2 2 2 18 3 2 2 18 27 17 131 50 202 140 388 284 487 347 490 329 262 78 78 783
 ... : 15 1 3 2 2 2 2 2 18 3 2 2 18 27 17 131 50 202 140 388 284 488 348 495 333 274 84 81 788
 ... : 15 1 3 2 2 2 2 2 18 3 2 2 18 27 17 131 50 203 141 394 288 498 352 499 334 276 85 72 792
 ... : 15 1 3 2 2 2 2 2 18 3 2 2 18 27 17 131 50 203 141 395 289 503 357 523 340 294 87 72 794
 ... : 15 1 3 2 2 2 2 2 18 3 2 2 18 27 17 131 50 203 141 396 290 511 358 546 343 285 90 73 797
 ... : 15 1 3 2 2 2 2 2 18 3 2 2 18 27 17 131 50 203 141 396 290 516 362 544 348 287 92 78 797
 ... : 15 1 3 2 2 2 2 2 18 3 2 2 18 27 17 131 50 203 141 396 290 517 363 555 352 310 97 75 803
 ... : 15 1 3 2 2 2 2 2 18 3 2 2 18 27 17 131 50 203 141 396 290 533 363 557 353 310 100 77 812
 ... : 15 1 3 2 2 2 2 2 18 3 2 2 18 27 17 131 50 203 141 398 291 519 365 563 354 310 100 77 840
 ... : 15 1 3 2 2 2 2 2 18 3 2 2 18 27 17 131 50 203 141 398 291 523 367 564 358 318 102 77 840
 ... : 15 1 3 2 2 2 2 2 18 3 2 2 18 27 17 131 50 203 141 398 291 524 368 579 361 316 105 92 842
 ... : 15 1 3 2 2 2 2 2 18 3 2 2 18 27 17 131 50 203 141 398 291 524 368 581 363 351 109 80 845
 ... : 15 1 3 2 2 2 2 2 18 3 2 2 18 27 17 131 50 203 141 398 291 525 368 583 364 348 113 85 852
  30 : 15 1 3 2 2 2 2 2 18 3 2 2 17 26 16 130 49 202 140 397 290 523 368 587 368 357 122 93 56 828
  31 : 15 1 3 2 2 2 2 2 18 3 2 2 17 26 16 130 49 202 140 397 290 523 368 587 368 357 121 85 47 49 796
 ... : 15 1 3 2 2 2 2 2 18 3 2 2 17 26 16 130 49 202 140 397 290 523 368 587 368 357 121 92 54 75 850
 ... : 15 1 3 2 2 2 2 2 18 3 2 2 17 26 16 130 49 202 140 397 290 523 368 587 368 360 122 94 54 96 906
 ... : 15 1 3 2 2 2 2 2 18 3 2 2 17 26 16 130 49 202 140 397 290 523 368 588 369 364 122 95 54 96 981
 ... : 15 1 3 2 2 2 2 2 18 3 2 2 17 26 16 130 49 202 140 397 290 523 368 588 369 370 127 97 54 96 1051
 ... : 15 1 3 2 2 2 2 2 18 3 2 2 17 26 16 130 49 202 140 397 290 523 368 588 369 372 128 98 54 97 1115
 ... : 15 1 3 2 2 2 2 2 18 3 2 2 17 26 16 130 49 202 140 397 290 523 368 589 369 374 129 99 54 97 1211
 ... : 15 1 3 2 2 2 2 2 18 3 2 2 17 26 16 130 49 202 140 397 290 523 368 589 369 375 129 101 54 97 1361
 ... : 15 1 3 2 2 2 2 2 18 3 2 2 17 26 16 130 49 202 140 397 290 523 368 589 369 376 130 105 54 97 1443
 ... : 15 1 3 2 2 2 2 2 18 3 2 2 17 26 16 130 49 202 140 397 290 523 368 589 369 376 130 105 54 97 1519
 ... : 15 1 3 2 2 2 2 2 18 3 2 2 17 26 16 130 49 202 140 397 290 523 368 589 369 377 131 107 54 97 1595
 ... : 15 1 3 2 2 2 2 2 18 3 2 2 17 26 16 130 49 202 140 397 290 523 368 589 369 378 131 107 54 97 1666
 ... : 15 1 3 2 2 2 2 2 18 3 2 2 17 26 16 130 49 202 140 397 290 523 368 589 369 378 131 107 54 97 1749
 ... : 15 1 3 2 2 2 2 2 18 3 2 2 17 26 16 130 49 202 140 397 290 523 368 589 369 378 131 116 54 97 1823
 ... : 15 1 3 2 2 2 2 2 18 3 2 2 17 26 16 130 49 202 140 397 290 523 368 589 369 378 131 120 54 97 1890
 ... : 15 1 3 2 2 2 2 2 18 3 2 2 17 26 16 130 49 202 140 397 290 523 368 589 369 378 131 124 54 98 1983
 ... : 15 1 3 2 2 2 2 2 18 3 2 2 17 26 16 130 49 202 140 397 290 523 368 589 369 378 131 132 54 98 2041
 ... : 15 1 3 2 2 2 2 2 18 3 2 2 17 26 16 130 49 202 140 397 290 523 368 589 369 378 131 136 54 98 2123
 ... : 15 1 3 2 2 2 2 2 18 3 2 2 17 26 16 130 49 202 140 397 290 523 368 592 376 385 133 137 54 98 2178
 ... : 15 1 3 2 2 2 2 2 18 3 2 2 17 26 16 130 49 202 140 397 290 523 368 593 376 387 135 144 54 98 2245
 ... : 15 1 3 2 2 2 2 2 18 3 2 2 17 26 16 130 49 202 140 397 290 523 368 593 376 389 137 147 54 98 2319
 ... : 15 1 3 2 2 2 2 2 18 3 2 2 17 26 16 130 49 202 140 397 290 523 368 593 376 389 137 147 54 98 2399
 ... : 15 1 3 2 2 2 2 2 18 3 2 2 17 26 16 130 49 202 140 397 290 523 368 593 372 389 138 150 54 99 2467
 ... : 15 1 3 2 2 2 2 2 18 3 2 2 17 26 16 130 49 202 140 397 290 523 368 593 372 393 142 157 54 99 2496
 ... : 15 1 3 2 2 2 2 2 18 3 2 2 17 26 16 130 49 202 140 397 290 523 368 593 372 395 143 163 54 100 2575
 ... : 15 1 3 2 2 2 2 2 18 3 2 2 17 26 16 130 49 202 140 397 290 523 368 593 372 395 143 163 54 103 2763
 ... : 15 1 3 2 2 2 2 2 18 3 2 2 17 26 16 130 49 202 140 397 290 523 368 593 372 395 143 163 54 104 2911
 ... : 15 1 3 2 2 2 2 2 18 3 2 2 17 26 16 130 49 202 140 397 290 523 368 593 372 395 143 163 54 104 3057
 ... : 15 1 3 2 2 2 2 2 18 3 2 2 17 26 16 130 49 202 140 397 290 523 368 593 372 395 143 163 54 104 3193
 ... : 15 1 3 2 2 2 2 2 18 3 2 2 17 26 16 130 49 202 140 397 290 523 368 593 372 395 143 163 54 104 3352
 ... : 15 1 3 2 2 2 2 2 18 3 2 2 17 26 16 130 49 202 140 397 290 523 368 593 372 395 143 163 54 104 3568
 ... : 15 1 3 2 2 2 2 2 18 3 2 2 17 26 16 130 49 202 140 397 290 523 368 593 372 395 143 163 54 104 3794
 ... : 15 1 3 2 2 2 2 2 18 3 2 2 17 26 16 130 49 202 140 397 290 523 368 593 372 395 143 163 54 104 4023
 ... : 15 1 3 2 2 2 2 2 18 3 2 2 17 26 16 130 49 202 140 397 290 523 368 593 372 395 143 163 54 104 4216
 ... : 15 1 3 2 2 2 2 2 18 3 2 2 17 26 16 130 49 202 140 397 290 523 368 593 372 395 143 163 54 104 4346
 ... : 15 1 3 2 2 2 2 2 18 3 2 2 17 26 16 130 49 202 140 397 290 523 368 593 372 395 143 163 54 104 4551
 ... : 15 1 3 2 2 2 2 2 18 3 2 2 17 26 16 130 49 202 140 397 290 523 368 593 372 395 143 163 54 104 4717
 ... : 15 1 3 2 2 2 2 2 18 3 2 2 17 26 16 130 49 202 140 397 290 523 368 593 372 395 143 163 54 104 4924
 ... : 15 1 3 2 2 2 2 2 18 3 2 2 17 26 16 130 49 202 140 397 290 530 375 622 386 406 144 163 54 104 4935
 ... : 15 1 3 2 2 2 2 2 18 3 2 2 17 26 16 130 49 202 140 397 290 537 382 638 404 413 146 163 54 104 4958
 ... : 15 1 3 2 2 2 2 2 18 3 2 2 17 26 16 130 49 202 140 397 290 540 385 652 432 419 147 163 54 104 4996
 ... : 15 1 3 2 2 2 2 2 18 3 2 2 17 26 16 130 49 202 140 397 290 540 385 652 432 420 147 163 54 104 5064
 ... : 15 1 3 2 2 2 2 2 18 3 2 2 17 26 16 130 49 202 140 397 290 540 385 652 432 422 147 163 54 104 5242
 ... : 15 1 3 2 2 2 2 2 18 3 2 2 17 26 16 130 49 202 140 397 290 540 385 652 432 422 147 167 54 104 5473
 ... : 15 1 3 2 2 2 2 2 18 3 2 2 17 26 16 130 49 202 140 397 290 540 385 652 432 422 147 168 54 104 5748
 ... : 15 1 3 2 2 2 2 2 18 3 2 2 17 26 16 130 49 202 140 397 290 540 385 652 432 422 147 170 54 104 5967
 ... : 15 1 3 2 2 2 2 2 18 3 2 2 17 26 16 130 49 202 140 397 290 540 385 652 432 422 147 174 54 104 6179
 ... : 15 1 3 2 2 2 2 2 18 3 2 2 17 26 16 130 49 202 140 397 290 540 385 652 432 422 147 182 55 104 6544
 ... : 15 1 3 2 2 2 2 2 18 3 2 2 17 26 16 130 49 202 140 397 290 540 385 652 432 422 147 189 55 104 6663
 ... : 15 1 3 2 2 2 2 2 18 3 2 2 17 26 16 130 49 202 140 397 290 540 385 652 432 422 147 190 55 105 6980
 ... : 15 1 3 2 2 2 2 2 18 3 2 2 17 26 16 130 49 202 140 397 290 540 385 652 432 422 147 200 55 105 7139
 ... : 15 1 3 2 2 2 2 2 18 3 2 2 17 26 16 130 49 202 140 397 290 540 385 652 432 423 147 206 55 105 7306
 ... : 15 1 3 2 2 2 2 2 18 3 2 2 17 26 16 130 49 202 140 397 290 540 385 652 432 423 147 206 55 105 7563
 ... : 15 1 3 2 2 2 2 2 18 3 2 2 17 26 16 130 49 202 140 397 290 540 385 652 432 423 147 207 55 105 7746
 ... : 15 1 3 2 2 2 2 2 18 3 2 2 17 26 16 130 49 202 140 397 290 540 385 652 432 425 149 207 55 105 7955
 ... : 15 1 3 2 2 2 2 2 18 3 2 2 17 26 16 130 49 202 140 397 290 540 385 652 432 425 149 208 55 105 8123
 ... : 15 1 3 2 2 2 2 2 18 3 2 2 17 26 16 130 49 202 140 397 290 540 385 652 432 425 149 209 55 105 8363
 ... : 15 1 3 2 2 2 2 2 18 3 2 2 17 26 16 130 49 202 140 397 290 540 385 652 432 425 149 209 55 105 8618
 ... : 15 1 3 2 2 2 2 2 18 3 2 2 17 26 16 130 49 202 140 397 290 540 385 652 432 425 149 209 55 105 8889
 ... : 15 1 3 2 2 2 2 2 18 3 2 2 17 26 16 130 49 202 140 397 290 540 385 652 432 425 149 209 55 105 9153
 ... : 15 1 3 2 2 2 2 2 18 3 2 2 17 26 16 130 49 202 140 397 290 540 385 652 432 425 149 209 55 105 9421
 ... : 15 1 3 2 2 2 2 2 18 3 2 2 17 26 16 130 49 202 140 397 290 540 385 652 432 425 149 209 55 105 9629
 ... : 15 1 3 2 2 2 2 2 18 3 2 2 17 26 16 130 49 202 140 397 290 540 385 652 432 425 149 210 55 105 9743
 ... : 15 1 3 2 2 2 2 2 18 3 2 2 17 26 16 130 49 202 140 397 290 540 385 652 432 425 149 210 55 105 9960
 ... : 15 1 3 2 2 2 2 2 18 3 2 2 17 26 16 130 49 202 140 397 290 540 385 652 432 425 149 210 55 105 10174
 ... : 15 1 3 2 2 2 2 2 18 3 2 2 17 26 16 130 49 202 140 397 290 540 385 652 432 425 149 210 55 105 10442
 ... : 15 1 3 2 2 2 2 2 18 3 2 2 17 26 16 130 49 202 140 397 290 540 385 652 432 425 149 210 55 105 10707
 ... : 15 1 3 2 2 2 2 2 18 3 2 2 17 26 16 130 49 202 140 397 290 540 385 652 432 428 152 214 55 105 10839
 ... : 15 1 3 2 2 2 2 2 18 3 2 2 17 26 16 130 49 202 140 397 290 540 385 652 432 428 152 215 55 105 11123
 ... : 15 1 3 2 2 2 2 2 18 3 2 2 17 26 16 130 49 202 140 397 290 540 385 652 432 428 152 217 55 105 11350
 ... : 15 1 3 2 2 2 2 2 18 3 2 2 17 26 16 130 49 202 140 397 290 540 385 652 432 428 152 217 55 105 11624
 ... : 15 1 3 2 2 2 2 2 18 3 2 2 17 26 16 130 49 202 140 397 290 540 385 652 432 428 152 218 55 105 11894
 ... : 15 1 3 2 2 2 2 2 18 3 2 2 17 26 16 130 49 202 140 397 290 540 385 652 432 428 152 218 55 105 12174
 ... : 15 1 3 2 2 2 2 2 18 3 2 2 17 26 16 130 49 202 140 397 290 540 385 652 432 428 152 218 55 105 12451
 ... : 15 1 3 2 2 2 2 2 18 3 2 2 17 26 16 130 49 202 140 397 290 540 385 652 432 428 152 218 55 105 12716
 ... : 15 1 3 2 2 2 2 2 18 3 2 2 17 26 16 130 49 202 140 397 290 540 385 652 432 428 152 218 55 105 12984
 ... : 15 1 3 2 2 2 2 2 18 3 2 2 17 26 16 130 49 202 140 397 290 540 385 652 432 428 152 219 55 105 13240
 ... : 15 1 3 2 2 2 2 2 18 3 2 2 17 26 16 130 49 202 140 397 290 540 385 652 432 428 152 219 55 105 13502
 ... : 15 1 3 2 2 2 2 2 18 3 2 2 17 26 16 130 49 202 140 397 290 540 385 652 432 428 152 219 55 105 13755
 ... : 15 1 3 2 2 2 2 2 18 3 2 2 17 26 16 130 49 202 140 397 290 540 385 652 432 428 152 219 55 105 14007
 ... : 15 1 3 2 2 2 2 2 18 3 2 2 17 26 16 130 49 202 140 397 290 540 385 652 432 428 152 219 55 105 14205
 ... : 15 1 3 2 2 2 2 2 18 3 2 2 17 26 16 130 49 202 140 397 290 540 385 652 432 428 152 219 55 105 14461
 ... : 15 1 3 2 2 2 2 2 18 3 2 2 17 26 16 130 49 202 140 397 290 540 385 652 432 428 152 219 55 105 14688
 ... : 15 1 3 2 2 2 2 2 18 3 2 2 17 26 16 130 49 202 140 397 290 540 385 652 432 428 152 219 55 105 14938
 ... : 15 1 3 2 2 2 2 2 18 3 2 2 17 26 16 130 49 202 140 397 290 540 385 652 432 428 152 219 55 105 15196
 ... : 15 1 3 2 2 2 2 2 18 3 2 2 17 26 16 130 49 202 140 397 290 540 385 652 432 428 152 219 55 105 15452
 ... : 15 1 3 2 2 2 2 2 18 3 2 2 17 26 16 130 49 202 140 397 290 540 385 652 432 428 152 219 55 105 15720
 ... : 15 1 3 2 2 2 2 2 18 3 2 2 17 26 16 130 49 202 140 397 290 540 385 652 432 428 152 219 55 105 15892
 ... : 15 1 3 2 2 2 2 2 18 3 2 2 17 26 16 130 49 202 140 397 290 540 385 652 432 428 152 219 55 105 16166
 ... : 15 1 3 2 2 2 2 2 18 3 2 2 17 26 16 130 49 202 140 397 290 540 385 652 432 428 152 219 55 105 16422
 ... : 15 1 3 2 2 2 2 2 18 3 2 2 17 26 16 130 49 202 140 397 290 540 385 652 432 428 152 219 55 105 16701
 ... : 15 1 3 2 2 2 2 2 18 3 2 2 17 26 16 130 49 202 140 397 290 540 385 652 432 428 152 219 55 105 16960
 ... : 15 1 3 2 2 2 2 2 18 3 2 2 17 26 16 130 49 202 140 397 290 540 385 652 432 428 152 219 55 105 17220
 ... : 15 1 3 2 2 2 2 2 18 3 2 2 17 26 16 130 49 202 140 397 290 540 385 652 432 428 152 219 55 105 17500
 ... : 15 1 3 2 2 2 2 2 18 3 2 2 17 26 16 130 49 202 140 397 290 540 385 652 432 428 152 219 55 105 17756
 ... : 15 1 3 2 2 2 2 2 18 3 2 2 17 26 16 130 49 202 140 397 290 540 385 652 432 428 152 219 55 105 18025
 ... : 15 1 3 2 2 2 2 2 18 3 2 2 17 26 16 130 49 202 140 397 290 540 385 652 432 428 152 219 55 105 18247
 ... : 15 1 3 2 2 2 2 2 18 3 2 2 17 26 16 130 49 202 140 397 290 540 385 652 432 428 152 219 55 105 18420
 ... : 15 1 3 2 2 2 2 2 18 3 2 2 17 26 16 130 49 202 140 397 290 540 385 652 432 428 152 219 55 105 18691
 ... : 15 1 3 2 2 2 2 2 18 3 2 2 17 26 16 130 49 202 140 397 290 540 385 652 432 428 152 219 55 105 18895
 ... : 15 1 3 2 2 2 2 2 18 3 2 2 17 26 16 130 49 202 140 397 290 540 385 652 432 428 152 219 55 105 19154
 ... : 15 1 3 2 2 2 2 2 18 3 2 2 17 26 16 130 49 202 140 397 290 540 385 652 432 428 152 219 55 105 19407
 ... : 15 1 3 2 2 2 2 2 18 3 2 2 17 26 16 130 49 202 140 397 290 540 385 652 432 428 152 219 55 105 19654
 ... : 15 1 3 2 2 2 2 2 18 3 2 2 17 26 16 130 49 202 140 397 290 540 385 652 432 428 152 220 55 105 19954
 ... : 15 1 3 2 2 2 2 2 18 3 2 2 17 26 16 130 49 202 140 397 290 540 385 652 432 428 152 221 55 105 20217
 ... : 15 1 3 2 2 2 2 2 18 3 2 2 17 26 16 130 49 202 140 397 290 540 385 652 432 428 152 222 55 105 20490
 ... : 15 1 3 2 2 2 2 2 18 3 2 2 17 26 16 130 49 202 140 397 290 540 385 652 432 428 152 222 55 105 20742
 ... : 15 1 3 2 2 2 2 2 18 3 2 2 17 26 16 130 49 202 140 397 290 540 385 652 432 428 152 222 55 105 21005
 ... : 15 1 3 2 2 2 2 2 18 3 2 2 17 26 16 130 49 202 140 397 290 540 385 652 432 428 152 222 55 105 21230
 ... : 15 1 3 2 2 2 2 2 18 3 2 2 17 26 16 130 49 202 140 397 290 540 385 652 432 428 152 222 55 105 21492
 ... : 15 1 3 2 2 2 2 2 18 3 2 2 17 26 16 130 49 202 140 397 290 540 385 652 432 428 152 222 55 105 21721
 ... : 15 1 3 2 2 2 2 2 18 3 2 2 17 26 16 130 49 202 140 397 290 540 385 652 432 428 152 222 55 105 21992
 ... : 15 1 3 2 2 2 2 2 18 3 2 2 17 26 16 130 49 202 140 397 290 540 385 652 432 428 152 222 55 105 22275
 ... : 15 1 3 2 2 2 2 2 18 3 2 2 17 26 16 130 49 202 140 397 290 540 385 652 432 428 152 222 55 105 22554
 ... : 15 1 3 2 2 2 2 2 18 3 2 2 17 26 16 130 49 202 140 397 290 540 385 652 432 428 152 222 55 105 22827
 ... : 15 1 3 2 2 2 2 2 18 3 2 2 17 26 16 130 49 202 140 397 290 540 385 652 432 428 152 222 55 105 23082
 ... : 15 1 3 2 2 2 2 2 18 3 2 2 17 26 16 130 49 202 140 397 290 540 385 652 432 428 152 222 55 105 23316
 ... : 15 1 3 2 2 2 2 2 18 3 2 2 17 26 16 130 49 202 140 397 290 540 385 652 432 428 152 223 55 105 23575
 ... : 15 1 3 2 2 2 2 2 18 3 2 2 17 26 16 130 49 202 140 397 290 540 385 652 432 428 152 223 55 105 23800
 ... : 15 1 3 2 2 2 2 2 18 3 2 2 17 26 16 130 49 202 140 397 290 540 385 652 432 428 152 224 55 105 24063
 ... : 15 1 3 2 2 2 2 2 18 3 2 2 17 26 16 130 49 202 140 397 290 540 385 652 432 428 152 224 55 105 24334
 ... : 15 1 3 2 2 2 2 2 18 3 2 2 17 26 16 130 49 202 140 397 290 540 385 652 432 428 152 224 55 105 24590
 ... : 15 1 3 2 2 2 2 2 18 3 2 2 17 26 16 130 49 202 140 397 290 540 385 652 432 428 152 224 55 105 24844
 ... : 15 1 3 2 2 2 2 2 18 3 2 2 17 26 16 130 49 202 140 397 290 540 385 652 432 428 152 224 55 105 25052
 ... : 15 1 3 2 2 2 2 2 18 3 2 2 17 26 16 130 49 202 140 397 290 540 385 652 432 428 152 224 55 105 25314
 ... : 15 1 3 2 2 2 2 2 18 3 2 2 17 26 16 130 49 202 140 397 290 540 385 652 432 428 152 224 55 105 25582
 ... : 15 1 3 2 2 2 2 2 18 3 2 2 17 26 16 130 49 202 140 397 290 540 385 652 432 428 152 224 55 105 25847
 ... : 15 1 3 2 2 2 2 2 18 3 2 2 17 26 16 130 49 202 140 397 290 540 385 652 432 428 152 225 55 105 26093
 ... : 15 1 3 2 2 2 2 2 18 3 2 2 17 26 16 130 49 202 140 397 290 540 385 652 432 428 152 225 55 105 26355
 ... : 15 1 3 2 2 2 2 2 18 3 2 2 17 26 16 130 49 202 140 397 290 540 385 652 432 428 152 226 55 105 26652
 ... : 15 1 3 2 2 2 2 2 18 3 2 2 17 26 16 130 49 202 140 397 290 540 385 652 432 428 152 226 55 105 26912
 ... : 15 1 3 2 2 2 2 2 18 3 2 2 17 26 16 130 49 202 140 397 290 540 385 652 432 428 152 227 55 105 27177
 ... : 15 1 3 2 2 2 2 2 18 3 2 2 17 26 16 130 49 202 140 397 290 540 385 652 432 428 152 227 55 105 27424
 ... : 15 1 3 2 2 2 2 2 18 3 2 2 17 26 16 130 49 202 140 397 290 540 385 652 432 428 152 227 55 105 27684
 ... : 15 1 3 2 2 2 2 2 18 3 2 2 17 26 16 130 49 202 140 397 290 540 385 652 432 428 152 227 55 105 27923
 ... : 15 1 3 2 2 2 2 2 18 3 2 2 17 26 16 130 49 202 140 397 290 540 385 652 432 428 152 227 55 105 28089
 ... : 15 1 3 2 2 2 2 2 18 3 2 2 17 26 16 130 49 202 140 397 290 540 385 652 432 428 152 228 55 105 28284
 ... : 15 1 3 2 2 2 2 2 18 3 2 2 17 26 16 130 49 202 140 397 290 540 385 652 432 428 152 228 55 105 28546
 ... : 15 1 3 2 2 2 2 2 18 3 2 2 17 26 16 130 49 202 140 397 290 540 385 652 432 428 152 228 55 105 28804
 ... : 15 1 3 2 2 2 2 2 18 3 2 2 17 26 16 130 49 202 140 397 290 540 385 652 432 428 152 228 55 105 29072
 ... : 15 1 3 2 2 2 2 2 18 3 2 2 17 26 16 130 49 202 140 397 290 540 385 652 432 428 152 228 55 105 29343
 ... : 15 1 3 2 2 2 2 2 18 3 2 2 17 26 16 130 49 202 140 397 290 540 385 652 432 428 152 228 55 105 29576
 ... : 15 1 3 2 2 2 2 2 18 3 2 2 17 26 16 130 49 202 140 397 290 540 385 652 432 428 152 229 55 105 29895
 ... : 15 1 3 2 2 2 2 2 18 3 2 2 17 26 16 130 49 202 140 397 290 540 385 652 432 428 152 229 55 105 30163
 ... : 15 1 3 2 2 2 2 2 18 3 2 2 17 26 16 130 49 202 140 397 290 540 385 652 432 428 152 232 55 105 30407
 ... : 15 1 3 2 2 2 2 2 18 3 2 2 17 26 16 130 49 202 140 397 290 540 385 652 432 428 152 232 55 105 30642
 ... : 15 1 3 2 2 2 2 2 18 3 2 2 17 26 16 130 49 202 140 397 290 540 385 652 432 428 152 232 55 105 30880
 ... : 15 1 3 2 2 2 2 2 18 3 2 2 17 26 16 130 49 202 140 397 290 540 385 652 432 428 152 232 55 105 31148
 ... : 15 1 3 2 2 2 2 2 18 3 2 2 17 26 16 130 49 202 140 397 290 540 385 652 432 428 152 232 55 105 31407
 ... : 15 1 3 2 2 2 2 2 18 3 2 2 17 26 16 130 49 202 140 397 290 540 385 652 432 428 152 232 55 105 31657
 ... : 15 1 3 2 2 2 2 2 18 3 2 2 17 26 16 130 49 202 140 397 290 540 385 652 432 428 152 232 55 105 31928
 ... : 15 1 3 2 2 2 2 2 18 3 2 2 17 26 16 130 49 202 140 397 290 540 385 652 432 428 152 232 55 105 32130
 ... : 15 1 3 2 2 2 2 2 18 3 2 2 17 26 16 130 49 202 140 397 290 540 385 652 432 428 152 232 55 105 32362
 ... : 15 1 3 2 2 2 2 2 18 3 2 2 17 26 16 130 49 202 140 397 290 540 385 652 432 428 152 232 55 105 32576
 ... : 15 1 3 2 2 2 2 2 18 3 2 2 17 26 16 130 49 202 140 397 290 540 385 652 432 428 152 232 55 105 32821
 ... : 15 1 3 2 2 2 2 2 18 3 2 2 17 26 16 130 49 202 140 397 290 540 385 652 432 428 152 232 55 105 33062
 ... : 15 1 3 2 2 2 2 2 18 3 2 2 17 26 16 130 49 202 140 397 290 540 385 652 432 428 152 232 55 105 33251
 ... : 15 1 3 2 2 2 2 2 18 3 2 2 17 26 16 130 49 202 140 397 290 540 385 652 432 428 152 232 55 105 33423
 ... : 15 1 3 2 2 2 2 2 18 3 2 2 17 26 16 130 49 202 140 397 290 540 385 652 432 428 152 232 55 105 33685
 ... : 15 1 3 2 2 2 2 2 18 3 2 2 17 26 16 130 49 202 140 397 290 540 385 652 432 428 152 232 55 105 33953
 ... : 15 1 3 2 2 2 2 2 18 3 2 2 17 26 16 130 49 202 140 397 290 540 385 652 432 428 152 232 55 105 34221
 ... : 15 1 3 2 2 2 2 2 18 3 2 2 17 26 16 130 49 202 140 397 290 540 385 652 432 428 152 233 55 105 34488
 ... : 15 1 3 2 2 2 2 2 18 3 2 2 17 26 16 130 49 202 140 397 290 540 385 652 432 428 152 233 55 105 34756
 ... : 15 1 3 2 2 2 2 2 18 3 2 2 17 26 16 130 49 202 140 397 290 540 385 652 432 428 152 233 55 105 35006
 ... : 15 1 3 2 2 2 2 2 18 3 2 2 17 26 16 130 49 202 140 397 290 540 385 652 432 428 152 233 55 105 35250
 ... : 15 1 3 2 2 2 2 2 18 3 2 2 17 26 16 130 49 202 140 397 290 540 385 652 432 428 152 233 55 105 35512
 ... : 15 1 3 2 2 2 2 2 18 3 2 2 17 26 16 130 49 202 140 397 290 540 385 652 432 428 152 233 55 105 35772
 ... : 15 1 3 2 2 2 2 2 18 3 2 2 17 26 16 130 49 202 140 397 290 540 385 652 432 428 152 233 55 105 36035
 ... : 15 1 3 2 2 2 2 2 18 3 2 2 17 26 16 130 49 202 140 397 290 540 385 652 432 428 152 233 55 105 36253
 ... : 15 1 3 2 2 2 2 2 18 3 2 2 17 26 16 130 49 202 140 397 290 540 385 652 432 428 152 233 55 105 36507
 ... : 15 1 3 2 2 2 2 2 18 3 2 2 17 26 16 130 49 202 140 397 290 540 385 652 432 428 152 241 55 105 36749
 ... : 15 1 3 2 2 2 2 2 18 3 2 2 17 26 16 130 49 202 140 397 290 540 385 652 432 428 152 242 55 105 36911
 ... : 15 1 3 2 2 2 2 2 18 3 2 2 17 26 16 130 49 202 140 397 290 540 385 652 432 428 152 246 56 105 37081
 ... : 15 1 3 2 2 2 2 2 18 3 2 2 17 26 16 130 49 202 140 397 290 540 385 652 432 428 152 254 57 105 37639
 ... : 15 1 3 2 2 2 2 2 18 3 2 2 17 26 16 130 49 202 140 397 290 540 385 652 432 428 152 257 57 105 37797
 ... : 15 1 3 2 2 2 2 2 18 3 2 2 17 26 16 130 49 202 140 397 290 540 385 652 432 428 152 277 58 105 38082
 ... : 15 1 3 2 2 2 2 2 18 3 2 2 17 26 16 130 49 202 140 397 290 540 385 652 432 428 152 287 59 105 38400
 ... : 15 1 3 2 2 2 2 2 18 3 2 2 17 26 16 130 49 202 140 397 290 540 385 652 432 428 152 287 59 105 38761
 ... : 15 1 3 2 2 2 2 2 18 3 2 2 17 26 16 130 49 202 140 397 290 540 385 652 432 428 152 289 59 105 39514
 ... : 15 1 3 2 2 2 2 2 18 3 2 2 17 26 16 130 49 202 140 397 290 540 385 652 432 428 152 291 59 105 39588
 ... : 15 1 3 2 2 2 2 2 18 3 2 2 17 26 16 130 49 202 140 397 290 540 385 652 432 428 152 293 59 105 39730
