initialized model with 15560 latches, 237 inputs and 1 properties
tsim: performed 80 steps
tsim: found cycle from 63
tsim: found 3803 constants and 1333 latch equivalences
seqsimpl: (15560, 237) -> (1724, 133)
checking bound 0
checking bound 1
checking bound 2
tdecomp: unrolling 2 cycles
tsim: performed 38 steps
tsim: found cycle from 21
tsim: found 1 constants and 0 latch equivalences
seqsimpl: found 1 latch equivalences
tdecomp: (1724, 532) -> (1722, 133)
   2 : 2 0
 ... : 38 84
 ... : 73 184
 ... : 111 284
 ... : 147 383
   3 : 135 131 303
   4 : 135 131 124 249
 ... : 136 136 152 303
 ... : 136 136 163 378
 ... : 134 140 187 441
   5 : 129 143 217 146 332
   6 : 127 130 212 140 146 206
   7 : 127 130 212 140 146 77 129
   8 : 127 130 212 140 146 77 68 61
   9 : 127 130 212 140 146 77 68 28 33
  10 : 127 130 212 140 146 77 68 28 14 21
  11 : 127 130 212 140 146 77 68 28 14 2 19
  12 : 126 129 211 139 146 80 71 31 16 6 6 49
 ... : 126 129 210 138 147 83 75 34 17 9 9 103
 ... : 126 129 210 138 147 83 75 34 17 9 9 169
  13 : 126 129 209 135 148 85 76 34 20 9 10 11 197
  14 : 126 129 209 135 148 85 76 34 20 9 10 11 8 190
  15 : 126 129 209 135 148 85 76 34 20 9 10 11 8 1 189
 ... : 126 129 209 135 148 85 76 35 20 9 10 11 8 1 252
 ... : 126 129 210 138 150 88 78 37 21 9 10 11 8 1 314
 ... : 126 129 212 138 151 88 81 36 21 11 11 12 9 1 364
 ... : 126 129 212 138 151 92 83 37 21 11 11 12 9 4 428
  16 : 125 128 206 140 147 91 87 38 9 11 8 11 19 4 5 440
 ... : 125 128 206 140 148 91 87 38 9 11 8 11 19 4 5 506
 ... : 125 128 206 140 148 91 87 43 9 11 8 11 19 4 35 579
 ... : 125 128 206 140 148 91 87 42 10 11 8 11 19 4 57 650
 ... : 125 128 206 140 148 91 87 42 10 11 8 11 19 4 58 743
 ... : 125 128 206 140 148 91 87 42 10 11 8 11 19 4 58 849
 ... : 125 128 206 140 148 91 87 42 10 11 8 11 19 4 58 941
 ... : 125 128 206 140 148 91 87 42 10 11 8 11 19 4 58 1028
 ... : 125 128 206 140 148 91 87 42 10 11 8 11 19 4 58 1117
 ... : 125 128 206 140 148 91 87 42 10 11 8 11 19 4 58 1205
 ... : 125 128 206 140 148 91 87 42 10 11 8 11 19 4 58 1291
 ... : 125 128 206 140 148 91 87 42 10 11 8 11 19 4 58 1379
 ... : 125 128 206 140 148 91 87 42 10 11 8 11 19 4 58 1452
 ... : 125 128 206 140 148 91 87 42 10 11 8 11 19 4 58 1538
 ... : 125 128 206 140 148 91 87 42 10 11 8 11 19 4 58 1625
 ... : 125 128 206 141 149 91 87 42 10 11 8 11 19 4 58 1710
 ... : 125 128 206 141 150 92 90 49 12 20 25 13 20 4 58 1760
  17 : 119 128 206 137 147 88 91 50 13 19 20 33 13 22 10 299 1408
 ... : 119 128 206 137 147 88 91 55 24 22 20 33 13 22 10 322 1485
 ... : 119 128 206 137 147 88 91 57 29 27 25 35 13 22 10 349 1559
 ... : 119 128 206 137 147 88 91 57 29 28 28 66 22 33 10 363 1620
 ... : 119 128 206 137 147 88 91 57 29 28 28 67 22 33 16 303 1474
 ... : 119 128 206 137 147 88 91 57 29 28 28 75 33 41 22 309 1536
 ... : 119 128 206 137 147 88 91 57 35 30 30 76 33 41 24 312 1599
 ... : 119 128 206 137 147 90 91 61 40 34 34 81 39 46 28 318 1644
 ... : 119 128 206 137 147 90 91 65 53 38 38 91 52 55 30 320 1687
 ... : 119 128 206 137 147 90 91 65 53 38 38 99 63 64 40 330 1737
 ... : 119 128 206 137 147 94 92 66 56 41 38 105 69 70 45 335 1790
 ... : 119 128 206 137 147 95 92 67 61 46 46 113 76 76 49 342 1821
 ... : 119 128 206 137 147 95 92 67 65 54 54 117 84 85 54 352 1843
 ... : 119 128 206 137 147 95 92 71 81 58 58 121 89 90 57 355 1887
 ... : 119 128 206 137 147 95 92 71 83 60 66 137 99 98 60 359 1921
 ... : 119 128 206 137 147 95 92 71 85 67 82 141 103 103 68 368 1959
 ... : 119 128 206 137 147 95 92 71 87 69 90 149 113 112 73 374 1982
 ... : 119 128 206 137 147 95 92 75 92 70 90 149 113 112 78 379 2044
 ... : 119 128 206 137 147 95 92 75 101 78 94 157 124 120 83 384 2069
 ... : 119 128 206 137 147 95 92 75 111 89 102 165 130 125 85 389 2091
 ... : 119 128 206 137 147 96 92 76 115 93 106 169 139 133 90 395 2124
 ... : 119 128 206 137 147 96 92 81 133 98 111 174 144 137 94 403 2162
 ... : 119 128 206 137 147 96 92 85 141 102 118 181 154 145 97 406 2184
 ... : 119 128 206 137 147 96 92 85 151 112 122 185 159 150 100 409 2218
 ... : 119 128 206 137 147 96 92 85 157 118 130 193 169 160 104 413 2241
 ... : 119 128 206 137 147 96 92 85 157 118 130 197 174 164 109 418 2303
 ... : 119 128 206 137 147 96 92 85 157 118 130 209 191 179 113 422 2357
 ... : 119 128 206 137 147 96 92 85 157 118 130 223 212 196 116 425 2404
 ... : 119 128 206 137 147 96 92 85 157 118 130 231 226 209 121 430 2452
 ... : 119 128 206 137 147 96 92 85 157 118 130 241 236 218 125 434 2511
 ... : 119 128 206 137 147 96 92 85 157 118 134 245 241 222 130 440 2558
 ... : 119 128 206 137 147 96 92 86 170 129 141 248 241 222 134 444 2601
 ... : 119 128 206 137 147 96 92 87 176 131 141 253 252 230 139 450 2652
 ... : 119 128 206 137 147 96 92 87 178 134 145 263 263 239 143 456 2701
 ... : 119 128 206 137 147 96 92 87 182 137 145 267 268 244 147 462 2757
 ... : 119 128 206 137 147 96 92 87 187 143 153 275 278 252 150 465 2779
 ... : 119 128 206 137 147 96 92 87 189 152 161 279 283 256 156 471 2814
 ... : 119 128 206 137 147 96 92 87 191 155 165 293 300 268 159 474 2857
 ... : 119 128 206 137 147 96 92 87 191 155 165 301 316 280 164 479 2905
 ... : 119 128 206 137 147 96 92 87 191 155 165 309 328 288 168 483 2967
 ... : 119 128 206 137 147 96 92 87 196 162 169 313 328 288 173 488 3017
 ... : 119 128 206 137 147 96 92 87 200 170 174 317 338 296 177 498 3050
 ... : 119 128 206 137 147 96 92 87 204 174 177 323 344 300 183 504 3103
 ... : 119 128 206 137 147 96 92 87 212 182 182 329 354 308 186 508 3122
 ... : 119 128 206 137 147 96 92 87 212 182 186 333 363 316 191 513 3163
 ... : 119 128 206 137 147 98 92 88 216 187 191 339 372 324 194 522 3207
 ... : 119 128 206 137 147 98 92 88 220 194 202 347 379 329 196 524 3232
 ... : 119 128 206 137 147 100 92 89 225 198 206 355 393 340 200 528 3266
 ... : 119 128 206 137 147 100 92 89 225 198 206 359 399 344 206 534 3331
 ... : 119 128 206 137 147 100 92 89 225 198 206 367 408 351 210 538 3399
 ... : 119 128 206 137 147 102 92 92 230 204 210 371 414 356 214 543 3441
 ... : 119 128 206 137 147 102 92 94 238 214 215 375 423 364 217 546 3463
 ... : 119 128 206 137 147 102 92 94 243 220 223 383 433 372 220 549 3486
 ... : 119 128 206 137 147 102 92 94 243 220 223 393 447 380 224 553 3545
