initialized model with 3337 latches, 480 inputs and 1 properties
tsim: performed 46 steps
tsim: found cycle from 13
tsim: found 0 constants and 1 latch equivalences
seqsimpl: found 56 latch equivalences
seqsimpl: (3337, 480) -> (2841, 479)
checking bound 0
checking bound 1
checking bound 2
tdecomp: unrolling 2 cycles
tsim: performed 44 steps
tsim: found cycle from 11
tsim: found 3 constants and 0 latch equivalences
seqsimpl: found 10 latch equivalences
tdecomp: (2841, 1916) -> (2828, 574)
 ... : 200
   2 : 161 104
   3 : 102 118 205
   4 : 89 116 125 133
 ... : 86 122 180 231
 ... : 82 122 219 306
 ... : 80 127 269 384
 ... : 78 128 270 395
 ... : 76 134 293 445
 ... : 63 125 298 489
 ... : 61 125 317 552
 ... : 64 139 332 585
 ... : 64 159 338 621
 ... : 60 169 353 688
 ... : 56 180 384 738
 ... : 56 205 387 784
 ... : 52 210 400 890
 ... : 48 216 411 931
 ... : 46 248 413 965
 ... : 46 261 416 1085
 ... : 43 269 422 1165
 ... : 43 269 431 1367
 ... : 39 269 434 1556
 ... : 36 269 436 1759
 ... : 36 269 436 1960
 ... : 36 269 436 2161
 ... : 36 269 436 2362
 ... : 36 269 439 2563
 ... : 36 269 439 2764
 ... : 36 269 439 2965
   5 : 17 253 259 339 2822
 ... : 17 253 258 340 2980
 ... : 17 274 261 344 3020
 ... : 16 283 263 351 3070
 ... : 16 298 264 360 3133
 ... : 16 309 276 367 3166
 ... : 13 315 277 387 3252
 ... : 14 327 283 405 3294
 ... : 13 338 284 419 3344
 ... : 12 355 285 420 3381
 ... : 12 357 286 430 3456
 ... : 12 361 281 447 3560
 ... : 12 366 288 463 3646
 ... : 12 376 292 468 3701
 ... : 11 385 294 476 3755
 ... : 11 394 294 488 3819
 ... : 11 399 295 520 3899
 ... : 11 403 295 536 3980
 ... : 10 409 295 565 4049
 ... : 10 413 298 579 4130
 ... : 10 421 297 601 4189
 ... : 10 431 302 610 4231
 ... : 10 433 303 648 4302
 ... : 10 444 307 669 4356
 ... : 10 444 308 741 4456
 ... : 10 458 310 746 4499
 ... : 9 462 312 765 4568
 ... : 9 471 312 782 4627
 ... : 9 473 312 804 4715
 ... : 9 474 315 830 4809
 ... : 8 479 316 836 4868
 ... : 8 487 316 848 4938
 ... : 8 492 317 862 4990
 ... : 8 494 318 877 5064
 ... : 7 500 321 880 5116
 ... : 7 502 325 929 5182
 ... : 7 507 329 940 5257
 ... : 7 513 332 974 5330
 ... : 7 514 333 1002 5402
 ... : 7 516 333 1055 5480
 ... : 7 518 334 1093 5569
 ... : 7 519 334 1127 5658
 ... : 7 521 333 1169 5737
 ... : 7 521 333 1210 5831
 ... : 7 522 337 1251 5924
 ... : 7 523 337 1290 6000
 ... : 7 523 337 1336 6093
 ... : 7 523 337 1408 6187
 ... : 7 525 337 1457 6280
 ... : 7 529 338 1475 6362
 ... : 7 530 338 1521 6432
 ... : 7 535 338 1545 6507
 ... : 7 535 338 1592 6609
 ... : 6 535 339 1634 6712
 ... : 6 535 339 1677 6804
 ... : 6 535 339 1769 6912
 ... : 6 535 338 1862 7014
 ... : 6 535 338 1970 7114
 ... : 6 535 338 2089 7208
 ... : 6 535 338 2285 7321
 ... : 6 535 338 2368 7432
 ... : 6 535 338 2454 7542
 ... : 6 535 338 2536 7638
 ... : 6 535 338 2704 7746
 ... : 6 535 338 2819 7852
 ... : 6 535 338 2999 7953
 ... : 6 535 338 3129 8053
 ... : 6 535 338 3291 8163
 ... : 6 535 338 3405 8264
 ... : 6 535 338 3465 8344
 ... : 6 535 338 3523 8427
 ... : 6 535 338 3601 8530
 ... : 6 535 338 3699 8637
 ... : 6 535 338 3879 8753
 ... : 6 535 338 4002 8847
   6 : 4 530 337 1187 3531 8208
 ... : 4 530 337 1178 3577 8317
 ... : 4 530 336 1181 3605 8397
 ... : 4 530 338 1198 3632 8484
 ... : 4 530 340 1223 3645 8560
 ... : 4 530 340 1225 3670 8693
 ... : 4 530 340 1230 3693 8792
 ... : 4 532 340 1232 3723 8877
 ... : 4 534 340 1233 3738 8959
 ... : 4 534 340 1231 3769 9089
 ... : 4 537 340 1231 3785 9168
 ... : 4 539 341 1230 3801 9287
 ... : 4 539 341 1232 3803 9405
 ... : 4 539 341 1229 3816 9505
 ... : 4 539 340 1232 3821 9564
 ... : 4 539 341 1237 3826 9634
 ... : 4 539 341 1239 3832 9725
 ... : 4 539 341 1239 3845 9849
 ... : 4 539 341 1239 3851 9943
 ... : 4 539 341 1239 3852 10037
 ... : 4 539 341 1240 3862 10139
 ... : 4 539 341 1240 3868 10235
