initialized model with 4774 latches, 205 inputs and 1 properties
tsim: performed 27 steps
tsim: found cycle from 25
checking bound 0
checking bound 1
checking bound 2
tdecomp: unrolling 2 cycles
tsim: performed 25 steps
tsim: found cycle from 23
tsim: found 2 constants and 0 latch equivalences
tdecomp: (4774, 820) -> (4678, 377)
   2 : 75 25
   3 : 44 47 48
   4 : 69 51 47 54
   5 : 69 51 47 15 40
 ... : 67 54 48 25 119
 ... : 64 54 53 35 188
 ... : 63 60 65 41 251
 ... : 58 61 88 67 353
 ... : 57 67 121 95 413
 ... : 54 71 130 119 472
 ... : 53 74 157 140 576
 ... : 52 71 165 172 651
 ... : 52 71 182 229 753
 ... : 46 86 212 262 822
 ... : 48 90 267 307 892
 ... : 49 96 287 344 937
 ... : 49 98 302 404 1023
   6 : 45 98 297 312 205 961
 ... : 44 97 295 309 210 1053
 ... : 44 97 326 320 219 1127
 ... : 47 101 347 342 253 1193
 ... : 47 101 351 374 327 1248
 ... : 47 101 368 392 359 1335
 ... : 47 102 385 397 365 1396
 ... : 47 102 394 410 386 1476
 ... : 47 102 402 423 406 1556
 ... : 47 103 416 426 416 1625
 ... : 47 104 437 420 429 1741
 ... : 47 105 458 419 442 1808
 ... : 47 108 495 428 454 1883
 ... : 47 108 536 461 482 1950
 ... : 47 108 578 496 514 2048
 ... : 47 108 606 518 538 2115
 ... : 47 108 657 652 595 2202
 ... : 47 108 701 693 635 2268
 ... : 47 108 717 780 689 2333
 ... : 47 108 724 780 710 2369
 ... : 47 108 727 787 726 2458
 ... : 47 108 737 839 756 2542
 ... : 47 108 754 874 789 2612
 ... : 49 112 756 927 905 2699
 ... : 48 111 695 975 1027 2789
 ... : 48 111 695 986 1073 2882
 ... : 48 110 655 1026 1111 2946
 ... : 48 110 656 1023 1181 2959
 ... : 48 110 659 1024 1264 2963
 ... : 48 110 659 1039 1315 3006
 ... : 48 110 659 1050 1357 3073
 ... : 48 110 659 1060 1395 3145
 ... : 48 110 657 1058 1422 3231
 ... : 48 110 674 1137 1482 3309
 ... : 48 110 672 1243 1552 3400
 ... : 48 110 693 1300 1634 3475
 ... : 48 110 693 1337 1690 3555
 ... : 47 109 654 1361 1736 3645
 ... : 47 109 696 1571 1866 3716
 ... : 47 109 698 1585 1891 3793
 ... : 47 109 701 1608 1904 3853
 ... : 47 111 717 1687 2088 3926
 ... : 47 111 721 1720 2134 4007
 ... : 47 111 752 1808 2180 4061
 ... : 47 117 767 1778 2192 4115
 ... : 47 117 766 1789 2234 4189
 ... : 47 116 731 1804 2310 4263
 ... : 47 116 728 1953 2606 4347
 ... : 47 116 726 1933 2683 4418
 ... : 47 116 725 2062 2888 4530
 ... : 47 116 729 2175 3068 4609
 ... : 47 116 736 2344 3241 4704
 ... : 47 118 776 2500 3319 4741
 ... : 47 118 776 2470 3304 4786
 ... : 43 124 683 2361 3336 4828
 ... : 48 133 706 2318 3340 4870
 ... : 48 137 739 2353 3353 4957
 ... : 47 145 783 2329 3401 5018
 ... : 47 150 831 2361 3420 5094
 ... : 47 150 842 2362 3434 5143
 ... : 47 150 842 2380 3445 5168
 ... : 47 150 842 2378 3435 5222
 ... : 47 150 903 2440 3479 5303
 ... : 47 150 908 2470 3532 5383
 ... : 47 150 906 2528 3644 5485
 ... : 47 150 906 2586 3771 5614
 ... : 47 150 905 2711 3867 5728
 ... : 47 150 903 2810 4042 5843
 ... : 47 150 902 2968 4312 6011
 ... : 47 150 902 3055 4511 6175
 ... : 47 150 902 3189 4745 6298
 ... : 47 150 907 3331 4901 6392
 ... : 47 150 907 3492 5237 6488
 ... : 47 150 914 3641 5555 6605
 ... : 47 150 917 3769 5845 6738
 ... : 47 150 917 3965 6288 6902
 ... : 47 150 917 4113 6570 7009
 ... : 47 150 920 4359 6911 7173
 ... : 47 150 932 4414 6956 7241
 ... : 47 152 980 4452 6992 7302
 ... : 47 154 1142 4613 7045 7364
 ... : 46 155 1098 4610 7013 7351
 ... : 46 155 1090 4598 7010 7379
 ... : 46 155 1105 4711 6909 7349
 ... : 46 154 1147 4829 7041 7437
 ... : 46 154 1146 4944 7202 7526
 ... : 46 154 1143 5051 7382 7624
 ... : 46 154 1143 5152 7545 7694
 ... : 46 154 1142 5186 7619 7795
 ... : 46 154 1164 5200 7772 7901
 ... : 46 153 1140 5188 7786 7986
 ... : 46 168 1244 5252 7788 8002
 ... : 46 176 1389 5351 7806 8015
 ... : 46 176 1432 5452 7830 8045
 ... : 46 178 1475 5449 7815 8057
 ... : 46 178 1443 5491 7835 8118
 ... : 46 178 1450 5545 7871 8213
 ... : 46 178 1451 5600 7906 8296
 ... : 46 178 1474 5606 7906 8344
 ... : 45 187 1534 5678 7959 8385
   7 : 39 179 1166 4536 5154 2565 8192
 ... : 39 179 1166 4535 5113 2644 8284
 ... : 39 179 1166 4535 5157 2769 8388
 ... : 39 179 1166 4534 5157 2806 8436
 ... : 39 179 1166 4535 5163 2917 8450
 ... : 39 179 1166 4538 5164 3018 8486
 ... : 39 179 1166 4544 5168 3078 8544
 ... : 39 179 1166 4518 5179 3135 8591
 ... : 39 179 1172 4542 5213 3188 8682
 ... : 39 179 1186 4588 5260 3223 8751
 ... : 39 179 1186 4607 5287 3268 8814
 ... : 39 179 1186 4607 5319 3331 8907
 ... : 39 179 1186 4620 5347 3371 8972
 ... : 39 179 1186 4677 5381 3381 9065
 ... : 39 179 1186 4689 5431 3425 9167
 ... : 39 179 1186 4689 5468 3484 9295
 ... : 39 179 1186 4688 5536 3594 9392
 ... : 39 179 1186 4689 5579 3671 9541
 ... : 39 179 1186 4689 5625 3812 9680
 ... : 39 179 1186 4689 5654 3878 9858
 ... : 39 179 1186 4689 5737 4069 10025
 ... : 39 179 1186 4689 5810 4140 10125
 ... : 39 179 1186 4689 5828 4273 10245
 ... : 39 179 1186 4689 5847 4324 10363
 ... : 39 179 1186 4689 5930 4429 10468
 ... : 39 179 1186 4689 5978 4483 10570
