initialized model with 3993 latches, 514 inputs and 1 properties
tsim: performed 22 steps
tsim: found cycle from 20
checking bound 0
checking bound 1
checking bound 2
tdecomp: unrolling 2 cycles
tsim: performed 20 steps
tsim: found cycle from 18
tsim: found 1 constants and 0 latch equivalences
tdecomp: (3993, 2056) -> (3975, 858)
   2 : 3 2
   3 : 12 2 7
 ... : 14 5 118
 ... : 14 5 211
 ... : 14 5 301
 ... : 14 5 376
 ... : 14 5 455
 ... : 14 5 540
 ... : 14 5 613
 ... : 14 5 690
 ... : 14 5 769
 ... : 14 5 841
 ... : 14 5 914
 ... : 14 5 982
 ... : 14 5 1052
 ... : 14 5 1121
 ... : 14 5 1191
 ... : 14 5 1260
 ... : 14 5 1328
 ... : 14 5 1395
 ... : 14 5 1462
 ... : 14 5 1529
 ... : 14 5 1596
 ... : 14 5 1663
 ... : 14 5 1732
 ... : 14 5 1799
 ... : 14 5 1866
 ... : 14 5 1935
 ... : 14 5 2002
 ... : 14 5 2069
 ... : 14 5 2136
 ... : 14 5 2203
 ... : 20 10 2282
 ... : 33 31 318
 ... : 88 70 388
   4 : 92 65 49 374
 ... : 98 71 62 456
 ... : 112 82 83 528
 ... : 111 91 99 608
 ... : 111 95 112 678
 ... : 113 110 122 761
 ... : 115 116 134 830
 ... : 126 124 143 891
 ... : 128 143 184 970
 ... : 128 149 204 1054
 ... : 207 197 233 1097
 ... : 219 219 275 1151
 ... : 225 256 378 1226
 ... : 240 277 454 1290
 ... : 240 295 474 1356
 ... : 262 330 502 1419
 ... : 260 342 552 1493
 ... : 265 359 651 1602
 ... : 292 403 736 1669
 ... : 309 449 767 1729
 ... : 317 477 825 1789
 ... : 327 497 871 1856
 ... : 325 511 904 1948
 ... : 321 518 939 2019
 ... : 320 522 991 2098
 ... : 322 538 1043 2175
 ... : 322 552 1153 2289
 ... : 324 558 1218 2379
 ... : 337 588 1265 2459
 ... : 351 610 1335 2516
 ... : 370 639 1402 2559
 ... : 379 654 1446 2596
 ... : 385 662 1478 2669
 ... : 402 679 1520 2722
 ... : 406 680 1547 2787
 ... : 409 692 1737 2864
 ... : 420 701 1751 2934
 ... : 418 710 1816 3003
 ... : 426 731 1841 3068
 ... : 452 766 1883 3122
 ... : 497 838 1991 3178
 ... : 496 913 2115 3273
 ... : 491 941 2157 3359
 ... : 488 962 2221 3445
 ... : 489 978 2290 3532
 ... : 507 987 2343 3616
 ... : 523 1000 2393 3685
 ... : 544 1035 2447 3749
 ... : 600 1078 2477 3786
 ... : 597 1079 2511 3872
 ... : 596 1090 2559 3947
 ... : 595 1109 2652 4059
 ... : 595 1113 2796 4167
 ... : 596 1150 2980 4268
 ... : 594 1168 3056 4338
 ... : 594 1198 3219 4446
 ... : 607 1234 3447 4594
 ... : 615 1258 3521 4673
 ... : 634 1285 3607 4739
 ... : 643 1298 3673 4803
 ... : 640 1306 3810 4886
 ... : 639 1312 3851 4972
 ... : 639 1341 3960 5071
 ... : 639 1379 4067 5184
 ... : 637 1418 4444 5329
 ... : 637 1437 4529 5418
 ... : 638 1451 4654 5511
 ... : 637 1450 4813 5618
 ... : 632 1475 4889 5715
 ... : 632 1498 5058 5813
 ... : 631 1525 5211 5914
 ... : 631 1531 5523 6032
 ... : 630 1565 5625 6158
 ... : 630 1586 5752 6278
 ... : 629 1607 5852 6425
 ... : 629 1617 5975 6518
 ... : 629 1642 6120 6629
 ... : 703 1674 6189 6682
 ... : 732 1694 6237 6776
 ... : 754 1728 6307 6881
 ... : 764 1736 6442 6993
 ... : 771 1775 6557 7109
 ... : 940 1828 6618 7182
 ... : 1014 1869 6743 7247
 ... : 1031 1899 6848 7329
 ... : 1040 1900 6923 7425
 ... : 1062 1929 6966 7481
 ... : 1127 1978 7037 7587
 ... : 1177 2055 7194 7690
 ... : 1217 2110 7290 7772
 ... : 1218 2118 7327 7840
 ... : 1225 2144 7356 7892
 ... : 1225 2227 7452 8030
 ... : 1225 2311 7586 8150
 ... : 1223 2362 7634 8227
 ... : 1241 2462 7681 8298
 ... : 1244 2482 7746 8360
 ... : 1244 2544 7852 8461
 ... : 1243 2591 7964 8555
 ... : 1243 2645 8052 8647
 ... : 1241 2672 8167 8738
 ... : 1241 2704 8259 8817
 ... : 1443 2800 8385 8873
 ... : 1475 2892 8417 8857
 ... : 1607 3089 8489 8892
 ... : 1604 3117 8553 8953
 ... : 1603 3123 8677 9037
