initialized model with 3337 latches, 480 inputs and 1 properties
tsim: performed 46 steps
tsim: found cycle from 13
tsim: found 0 constants and 1 latch equivalences
seqsimpl: found 56 latch equivalences
seqsimpl: (3337, 480) -> (2560, 479)
checking bound 0
checking bound 1
checking bound 2
tdecomp: unrolling 2 cycles
tsim: performed 44 steps
tsim: found cycle from 11
tsim: found 3 constants and 0 latch equivalences
seqsimpl: found 10 latch equivalences
tdecomp: (2560, 1916) -> (2547, 574)
   2 : 40 28
   3 : 65 71 82
   4 : 59 85 80 70
 ... : 53 99 128 130
   5 : 44 98 107 79 85
 ... : 44 98 117 122 177
 ... : 45 100 139 158 239
 ... : 42 108 182 217 281
 ... : 37 108 204 268 331
 ... : 31 110 204 296 410
 ... : 31 113 212 313 452
 ... : 24 107 203 359 520
 ... : 23 106 212 371 561
 ... : 23 106 219 391 624
 ... : 26 109 226 371 674
 ... : 25 117 230 387 722
 ... : 24 117 233 401 770
 ... : 26 128 238 409 817
 ... : 31 135 243 418 851
 ... : 31 135 241 422 896
 ... : 31 140 251 442 946
 ... : 31 147 255 461 1002
 ... : 30 166 259 467 1020
 ... : 31 175 265 479 1064
 ... : 29 181 273 493 1116
 ... : 29 183 276 504 1189
 ... : 28 196 282 513 1225
 ... : 25 207 284 518 1260
 ... : 24 218 285 522 1300
 ... : 24 225 290 536 1377
 ... : 25 239 290 542 1414
 ... : 26 250 294 557 1455
   6 : 13 240 250 179 414 1370
 ... : 13 246 252 179 424 1434
 ... : 13 258 256 180 429 1481
 ... : 13 264 257 180 446 1547
 ... : 13 264 259 183 467 1617
 ... : 13 264 260 183 520 1701
 ... : 13 281 262 183 526 1729
 ... : 13 286 262 184 556 1796
 ... : 13 288 265 185 634 1874
 ... : 12 301 270 188 645 1918
 ... : 12 303 270 188 645 1982
 ... : 12 303 270 188 645 2049
 ... : 12 303 270 188 644 2117
 ... : 12 303 270 188 649 2187
 ... : 12 303 270 188 654 2260
 ... : 9 309 274 192 660 2312
 ... : 9 308 270 202 671 2365
 ... : 9 308 270 217 672 2415
 ... : 10 310 271 218 675 2475
 ... : 11 319 271 218 683 2522
 ... : 11 321 271 218 684 2587
 ... : 11 321 271 218 684 2656
 ... : 11 321 271 218 684 2724
 ... : 11 321 271 218 684 2790
 ... : 11 321 271 218 684 2858
 ... : 11 321 271 218 684 2925
 ... : 11 321 271 218 684 2992
 ... : 11 324 271 218 684 3055
 ... : 11 324 272 218 684 3122
 ... : 11 324 272 218 684 3189
 ... : 11 324 272 218 684 3256
 ... : 11 324 273 218 684 3323
 ... : 11 324 273 218 684 3390
 ... : 11 324 273 218 684 3457
 ... : 11 324 273 218 684 3524
 ... : 11 324 273 218 684 3591
 ... : 11 324 273 218 684 3658
 ... : 11 324 273 218 684 3725
 ... : 11 324 273 218 684 3792
 ... : 11 324 273 218 684 3859
 ... : 11 324 273 218 684 3926
 ... : 11 324 273 218 684 3993
 ... : 11 324 273 218 684 4060
 ... : 11 324 273 218 684 4127
 ... : 11 324 273 218 684 4194
 ... : 11 324 273 218 684 4261
 ... : 11 324 274 218 684 4328
 ... : 11 324 274 218 684 4395
 ... : 11 324 275 218 684 4462
 ... : 11 324 275 218 684 4529
 ... : 11 324 275 218 684 4596
 ... : 11 324 275 218 684 4663
 ... : 11 324 275 218 684 4730
 ... : 11 324 275 218 684 4797
 ... : 11 324 275 218 684 4864
 ... : 11 324 275 218 684 4931
 ... : 11 324 275 218 684 4998
 ... : 11 324 275 218 684 5065
 ... : 11 324 275 218 684 5132
 ... : 11 324 275 218 684 5199
 ... : 11 324 275 218 684 5266
 ... : 11 324 275 218 684 5333
 ... : 11 324 275 218 684 5400
 ... : 11 324 275 218 684 5467
 ... : 11 324 275 218 684 5534
 ... : 11 324 275 218 684 5601
 ... : 11 324 275 218 684 5668
 ... : 11 324 275 218 684 5735
 ... : 11 324 275 218 684 5802
 ... : 11 324 275 218 684 5869
 ... : 11 324 275 218 684 5936
 ... : 11 324 275 218 684 6003
 ... : 11 324 275 218 684 6070
 ... : 11 324 275 218 684 6137
 ... : 11 324 275 218 684 6204
 ... : 11 324 275 218 684 6271
 ... : 11 324 275 218 684 6338
 ... : 11 324 275 218 684 6405
 ... : 11 324 275 218 684 6472
 ... : 11 324 275 218 684 6539
 ... : 11 324 275 218 684 6606
 ... : 11 324 275 218 684 6673
 ... : 11 324 275 218 684 6740
 ... : 11 324 275 218 684 6807
 ... : 11 324 275 218 684 6874
 ... : 11 324 275 218 684 6941
 ... : 11 324 275 218 684 7008
 ... : 11 324 275 218 684 7075
 ... : 11 324 275 218 684 7142
 ... : 11 324 275 218 684 7209
 ... : 11 324 275 218 684 7276
 ... : 11 324 275 218 684 7343
 ... : 11 324 275 218 684 7410
 ... : 11 324 275 218 684 7479
 ... : 11 324 275 218 684 7546
 ... : 11 324 275 218 684 7613
 ... : 11 324 275 218 684 7680
 ... : 11 324 275 218 684 7747
 ... : 11 324 275 218 684 7814
 ... : 11 324 275 218 684 7881
 ... : 11 324 275 218 684 7948
 ... : 11 324 275 218 684 8015
 ... : 11 324 275 218 684 8082
 ... : 11 324 275 218 684 8149
 ... : 11 324 275 218 684 8216
 ... : 11 324 275 218 684 8283
 ... : 11 324 275 218 684 8350
 ... : 11 324 275 218 684 8417
 ... : 11 324 275 218 684 8484
 ... : 11 324 275 218 684 8551
 ... : 11 324 275 218 684 8618
 ... : 11 324 275 218 684 8685
 ... : 11 324 275 218 684 8752
 ... : 11 324 275 218 684 8819
 ... : 11 324 275 218 684 8886
 ... : 11 324 275 218 684 8953
 ... : 11 324 275 218 684 9020
 ... : 11 324 275 218 684 9087
 ... : 11 324 275 218 684 9154
 ... : 11 324 275 218 684 9221
 ... : 11 324 275 218 684 9288
 ... : 11 324 275 218 684 9355
 ... : 11 324 275 218 684 9422
 ... : 11 324 275 218 684 9489
 ... : 11 324 275 218 684 9556
 ... : 11 324 275 218 684 9623
 ... : 11 324 275 218 684 9690
 ... : 11 324 275 218 684 9757
 ... : 11 324 275 218 684 9824
 ... : 11 324 275 218 684 9891
 ... : 11 324 275 218 684 9958
 ... : 11 324 275 218 684 10025
 ... : 11 324 275 218 684 10092
 ... : 11 324 275 218 684 10159
 ... : 11 324 275 218 684 10226
 ... : 11 324 275 218 684 10293
 ... : 11 324 275 218 684 10360
 ... : 11 324 275 218 684 10427
 ... : 11 324 275 218 684 10494
 ... : 11 324 275 218 684 10561
 ... : 11 324 275 218 684 10628
 ... : 11 324 275 218 684 10695
 ... : 11 324 275 218 684 10762
 ... : 11 324 275 218 684 10829
 ... : 11 324 275 218 684 10896
 ... : 11 324 275 218 684 10963
 ... : 11 324 275 218 684 11031
 ... : 11 324 275 218 684 11098
 ... : 11 324 275 218 684 11165
 ... : 11 324 275 218 684 11231
 ... : 11 324 275 218 684 11299
 ... : 11 324 275 218 684 11365
 ... : 11 324 275 218 684 11432
 ... : 11 324 275 218 684 11500
 ... : 11 324 275 218 684 11566
 ... : 11 324 275 218 684 11633
 ... : 11 324 275 218 684 11700
 ... : 11 324 275 218 684 11768
 ... : 11 324 275 218 684 11835
 ... : 11 324 275 218 684 11901
 ... : 11 324 275 218 684 11969
 ... : 11 324 275 218 684 12035
 ... : 11 324 275 218 684 12102
 ... : 11 324 275 218 684 12169
 ... : 11 324 275 218 684 12237
 ... : 11 324 275 218 684 12304
 ... : 11 324 275 218 684 12372
 ... : 11 324 275 218 684 12438
 ... : 11 324 275 218 684 12505
 ... : 11 324 275 218 684 12573
 ... : 11 324 275 218 684 12639
 ... : 11 324 275 218 684 12706
 ... : 11 324 275 218 684 12774
 ... : 11 324 275 218 684 12840
 ... : 11 324 276 218 684 12908
 ... : 11 324 276 218 684 12975
 ... : 11 324 276 218 684 13043
 ... : 11 324 276 218 684 13109
 ... : 11 324 276 218 684 13177
 ... : 11 324 276 218 684 13244
 ... : 11 324 276 218 684 13310
 ... : 11 324 276 218 684 13378
 ... : 11 324 276 218 684 13444
 ... : 11 324 276 218 684 13512
 ... : 11 324 276 218 684 13580
 ... : 11 324 276 218 684 13646
 ... : 11 324 276 218 684 13713
 ... : 11 324 276 218 684 13781
 ... : 11 324 276 218 684 13847
 ... : 11 324 276 218 684 13915
 ... : 11 324 276 218 684 13981
 ... : 11 324 276 218 684 14048
 ... : 11 324 276 218 684 14115
 ... : 11 324 276 218 684 14183
 ... : 11 324 276 218 684 14249
 ... : 11 324 276 218 684 14316
 ... : 11 324 276 218 684 14383
 ... : 11 324 276 218 684 14450
 ... : 11 324 276 218 684 14518
 ... : 11 324 276 218 684 14585
 ... : 11 324 276 218 684 14653
 ... : 11 324 276 218 684 14719
 ... : 11 324 276 218 684 14787
 ... : 11 324 276 218 684 14853
 ... : 11 324 276 218 684 14921
 ... : 11 324 276 218 684 14988
 ... : 11 324 276 218 684 15054
 ... : 11 324 276 218 684 15122
 ... : 11 324 276 218 684 15189
 ... : 11 324 276 218 684 15255
 ... : 11 324 276 218 684 15323
 ... : 11 324 276 218 684 15390
 ... : 11 324 276 218 684 15456
 ... : 11 324 276 218 684 15523
 ... : 11 324 276 218 684 15591
 ... : 11 324 276 218 684 15658
 ... : 11 324 276 218 684 15724
 ... : 11 324 276 218 684 15792
 ... : 11 324 276 218 684 15858
 ... : 11 324 276 218 684 15926
 ... : 11 324 276 218 684 15993
 ... : 11 324 276 218 684 16060
 ... : 11 324 276 218 684 16127
 ... : 11 324 276 218 684 16193
 ... : 11 324 276 218 684 16260
 ... : 11 324 276 218 684 16327
 ... : 11 324 276 218 684 16396
 ... : 11 324 276 218 684 16464
 ... : 11 324 276 218 684 16531
 ... : 11 324 276 218 684 16597
 ... : 11 324 276 218 684 16665
 ... : 11 324 276 218 684 16731
 ... : 11 324 276 218 684 16799
 ... : 11 324 276 218 684 16866
 ... : 11 324 276 218 684 16932
 ... : 11 324 276 218 684 17000
 ... : 11 324 276 218 684 17067
 ... : 11 324 276 218 684 17134
 ... : 11 324 276 218 684 17201
 ... : 11 324 276 218 684 17268
 ... : 11 324 276 218 684 17334
 ... : 11 324 276 218 684 17401
 ... : 11 324 276 218 684 17468
 ... : 11 324 276 218 684 17536
 ... : 11 324 276 218 684 17604
 ... : 11 324 276 218 684 17670
 ... : 11 324 276 218 684 17737
 ... : 11 324 276 218 684 17804
 ... : 11 324 276 218 684 17873
 ... : 11 324 276 218 684 17940
 ... : 11 324 276 218 684 18006
 ... : 11 324 276 218 684 18074
 ... : 11 324 276 218 684 18141
 ... : 11 324 276 218 684 18209
 ... : 11 324 276 218 684 18276
 ... : 11 324 276 218 684 18342
 ... : 11 324 276 218 684 18409
 ... : 11 324 276 218 684 18477
 ... : 11 324 276 218 684 18544
 ... : 11 324 276 218 684 18610
 ... : 11 324 276 218 684 18678
 ... : 11 324 276 218 684 18744
 ... : 11 324 276 218 684 18812
 ... : 11 324 276 218 684 18878
 ... : 11 324 276 218 684 18946
 ... : 11 324 276 218 684 19013
 ... : 11 324 276 218 684 19079
 ... : 11 324 276 218 684 19146
 ... : 11 324 276 218 684 19213
 ... : 11 324 276 218 684 19281
 ... : 11 324 276 218 684 19347
 ... : 11 324 276 218 684 19415
 ... : 11 324 276 218 684 19481
 ... : 11 324 276 218 684 19549
 ... : 11 324 276 218 684 19616
 ... : 11 324 276 218 684 19684
 ... : 11 324 277 218 684 19750
 ... : 11 324 277 218 684 19818
 ... : 11 324 277 218 684 19885
 ... : 11 324 277 218 684 19953
 ... : 11 324 277 218 684 20019
 ... : 11 324 277 218 684 20088
 ... : 11 324 277 218 684 20154
 ... : 11 324 275 219 684 20207
 ... : 11 324 275 226 686 20253
 ... : 11 324 275 241 686 20305
 ... : 11 324 275 251 686 20362
 ... : 11 324 275 279 690 20399
 ... : 11 324 275 279 690 20466
 ... : 11 324 274 239 691 20531
 ... : 11 324 274 205 699 20597
 ... : 11 327 278 206 739 20648
 ... : 11 328 279 210 781 20717
 ... : 10 327 278 210 781 20782
 ... : 10 327 278 210 781 20849
 ... : 10 327 278 210 786 20912
 ... : 10 329 278 210 808 20982
 ... : 10 331 278 214 831 21036
 ... : 9 334 279 213 866 21097
 ... : 9 338 280 213 895 21174
 ... : 9 338 280 213 903 21234
 ... : 9 338 280 213 903 21300
 ... : 9 338 280 213 903 21368
 ... : 9 338 280 213 903 21434
 ... : 9 338 280 213 903 21502
 ... : 9 338 281 213 903 21568
 ... : 9 338 281 213 903 21636
 ... : 9 338 281 213 903 21702
 ... : 9 338 282 213 903 21770
 ... : 9 338 282 213 903 21836
 ... : 9 338 282 213 903 21904
 ... : 9 338 283 213 903 21971
 ... : 9 338 283 213 903 22037
 ... : 9 338 283 213 903 22105
 ... : 9 338 284 213 903 22171
 ... : 9 338 284 213 903 22239
 ... : 9 338 284 213 903 22305
 ... : 9 338 284 213 903 22373
 ... : 9 338 284 213 903 22440
 ... : 9 338 284 213 903 22506
 ... : 9 338 285 213 903 22574
 ... : 9 338 285 213 903 22640
 ... : 9 338 286 213 903 22707
 ... : 9 338 286 213 903 22774
 ... : 9 338 286 213 903 22842
 ... : 9 338 286 213 903 22909
 ... : 9 338 286 213 903 22975
 ... : 9 338 286 213 903 23043
 ... : 9 338 286 213 903 23109
