initialized model with 3862 latches, 4 inputs and 1 properties
tsim: performed 217 steps
tsim: found 1016 constants and 5 latch equivalences
seqsimpl: found 3 latch equivalences
seqsimpl: (3862, 4) -> (2445, 4)
checking bound 0
checking bound 1
checking bound 2
tdecomp: unrolling 2 cycles
tsim: performed 67 steps
tsim: found cycle from 60
tsim: found 5 constants and 4 latch equivalences
tdecomp: (2445, 16) -> (2354, 8)
   2 : 43 10
   3 : 46 16 10
   4 : 46 16 12 6
   5 : 46 16 12 7 5
   6 : 46 16 12 13 4 11
   7 : 46 16 12 16 7 2 33
   8 : 46 16 12 19 10 2 2 78
 ... : 46 16 12 23 25 11 10 128
 ... : 46 16 12 28 31 15 30 174
   9 : 46 16 15 35 42 16 5 8 234
  10 : 46 16 15 35 42 16 5 7 2 236
  11 : 46 16 15 35 42 16 5 7 2 2 236
  12 : 46 16 15 35 42 16 5 7 2 2 2 239
  13 : 46 16 15 35 42 16 5 7 2 2 2 2 238
  14 : 45 16 15 35 42 16 5 6 2 2 2 2 2 245
 ... : 45 16 15 35 42 16 5 6 2 2 2 2 2 322
 ... : 45 16 15 35 42 16 5 6 2 2 2 2 2 414
 ... : 45 16 15 35 42 16 5 6 2 2 2 2 2 525
 ... : 45 16 15 35 42 16 5 6 2 2 2 2 2 617
 ... : 45 16 15 35 42 16 5 6 2 2 2 2 2 706
 ... : 45 16 15 35 42 16 5 6 2 2 2 2 3 804
 ... : 45 16 15 35 42 16 5 6 2 2 2 2 3 947
  15 : 45 16 15 35 37 16 5 6 2 2 2 2 2 61 908
 ... : 45 16 15 35 37 16 5 6 2 2 2 2 2 61 1003
 ... : 45 16 15 35 37 16 5 6 2 2 2 2 2 60 1109
 ... : 45 16 15 35 37 16 5 6 2 2 2 2 2 59 1241
 ... : 45 16 15 35 37 16 5 6 2 2 2 2 2 59 1336
 ... : 45 16 15 35 37 16 5 6 3 2 2 2 2 59 1393
 ... : 45 16 15 35 37 16 5 6 2 2 3 2 2 59 1468
 ... : 45 16 15 35 37 16 5 6 2 2 2 2 3 59 1551
 ... : 45 16 15 35 37 16 5 6 2 2 2 2 3 59 1620
 ... : 44 16 15 35 37 16 5 6 2 2 2 2 3 59 1696
 ... : 44 16 15 35 37 16 5 6 2 2 2 2 3 59 1770
 ... : 44 16 15 35 37 16 5 6 2 2 2 2 3 59 1848
 ... : 44 16 15 35 37 16 5 6 2 2 2 2 3 59 1936
 ... : 44 16 15 35 37 16 5 6 2 2 2 2 3 59 2049
 ... : 44 16 15 35 37 16 5 6 2 2 2 2 3 59 2137
 ... : 44 16 15 35 37 16 5 6 2 2 2 2 2 59 2277
 ... : 44 16 15 35 37 16 5 6 2 2 2 2 2 59 2641
 ... : 44 16 15 35 37 16 5 6 2 2 2 2 2 59 2976
 ... : 44 16 15 35 37 16 5 6 2 2 2 2 2 59 3237
  16 : 44 16 15 35 37 16 5 6 2 2 2 2 2 56 170 3140
 ... : 44 16 15 35 37 16 5 6 2 2 2 2 2 55 234 3273
 ... : 44 16 15 35 37 16 5 6 2 2 2 2 2 49 251 3418
 ... : 44 16 15 35 36 16 5 6 2 2 2 2 2 49 261 3512
 ... : 44 16 15 35 36 16 5 6 2 2 2 2 2 48 259 3718
 ... : 44 16 15 35 36 16 5 6 2 2 2 2 2 48 256 4012
 ... : 44 16 15 35 36 16 5 6 2 2 2 2 2 48 256 4150
 ... : 44 16 15 35 36 16 5 6 2 2 2 2 2 48 256 4260
 ... : 44 16 15 35 36 16 5 6 2 2 2 2 2 48 256 4364
 ... : 44 16 15 35 36 16 5 6 2 2 2 2 2 48 255 4435
 ... : 44 16 15 35 36 16 5 6 2 2 2 2 2 48 255 4513
 ... : 44 16 15 35 36 16 5 8 5 5 3 2 2 48 255 4641
 ... : 44 16 15 35 36 16 5 8 5 5 3 2 2 48 255 4857
 ... : 44 16 15 35 36 16 5 8 5 5 3 2 2 48 255 5008
 ... : 44 16 15 35 36 16 5 8 5 5 3 2 2 48 256 5218
 ... : 44 16 15 35 37 17 5 7 8 10 6 3 2 48 256 5330
 ... : 43 16 15 35 37 17 5 7 8 10 6 3 2 48 255 5411
 ... : 43 16 15 35 37 17 5 7 8 10 6 3 2 48 255 5535
 ... : 43 16 15 35 37 17 5 7 8 10 6 3 2 47 255 5629
 ... : 43 16 15 35 37 17 5 13 10 17 8 6 3 48 255 5698
 ... : 43 16 15 35 37 17 5 13 10 21 6 4 3 48 255 5842
 ... : 43 16 15 35 37 17 5 13 10 21 6 4 3 48 255 6099
 ... : 43 16 15 35 37 17 5 13 10 21 6 4 3 48 256 6331
 ... : 43 16 15 35 37 17 5 13 10 21 6 4 3 48 255 6621
 ... : 43 16 15 35 37 17 5 13 10 21 6 4 3 48 256 6876
 ... : 43 16 15 35 37 17 5 13 10 21 6 4 3 48 256 7192
 ... : 43 16 15 35 37 17 5 13 10 21 6 4 3 48 256 7517
 ... : 43 16 15 35 37 17 5 13 10 21 6 4 3 48 256 7716
 ... : 43 16 15 35 37 17 5 13 10 21 6 4 3 48 253 7925
 ... : 43 16 15 35 37 17 5 13 10 21 6 4 3 48 254 8087
 ... : 43 16 15 35 37 17 5 13 10 21 6 4 3 48 254 8303
 ... : 43 16 15 35 37 17 5 13 10 21 6 4 3 49 254 8402
 ... : 43 16 15 35 37 17 5 14 11 21 6 4 3 49 254 8612
 ... : 43 16 15 35 37 17 5 14 11 21 6 4 3 49 254 8828
 ... : 43 16 15 35 37 17 5 14 11 21 6 4 3 49 255 8923
 ... : 43 16 15 35 37 17 5 14 11 21 7 5 4 49 255 9061
 ... : 43 16 15 35 37 17 5 14 12 21 7 6 4 49 259 9235
 ... : 43 16 15 35 37 17 5 14 13 23 9 8 6 49 258 9376
 ... : 43 16 15 35 37 17 5 14 13 23 9 8 6 50 266 9538
 ... : 43 16 15 35 37 17 5 14 13 23 9 8 6 50 266 9865
 ... : 43 16 15 35 37 17 5 14 13 23 9 8 6 50 266 10467
 ... : 43 16 15 35 37 17 5 14 13 23 9 8 6 50 266 10938
 ... : 43 16 15 35 37 17 5 14 13 23 9 8 6 49 266 11138
 ... : 43 16 15 35 37 17 5 14 13 23 9 8 6 49 268 11332
 ... : 43 16 15 35 37 17 7 14 13 23 9 8 6 49 268 11493
 ... : 43 16 15 35 37 18 9 14 13 23 9 8 6 49 268 11752
 ... : 43 16 15 35 37 18 9 14 13 23 9 8 6 49 269 11968
 ... : 43 16 15 35 37 18 9 14 13 23 9 8 6 49 268 12286
 ... : 43 16 15 35 37 18 9 14 13 23 9 8 6 49 268 12671
 ... : 42 16 15 35 37 25 39 19 13 23 9 8 6 49 268 13024
 ... : 42 16 15 35 37 27 44 24 29 31 18 20 10 49 269 13189
 ... : 42 16 15 35 37 27 44 24 29 32 23 26 21 50 270 13544
 ... : 42 16 15 35 37 27 44 24 29 32 23 26 21 51 270 14000
 ... : 42 16 15 35 37 27 44 24 29 32 28 31 27 52 270 14523
 ... : 42 16 15 35 37 27 44 24 29 32 28 31 31 55 270 15002
 ... : 42 16 15 36 39 30 45 25 26 23 9 8 5 49 267 14087
 ... : 41 15 14 36 42 38 56 32 29 24 10 9 6 50 270 14150
 ... : 40 14 13 35 43 40 58 35 34 28 11 10 7 51 272 14211
 ... : 40 14 13 35 43 40 58 35 39 39 21 19 11 52 277 14281
 ... : 40 14 13 35 43 40 58 38 47 65 29 20 14 52 280 14474
 ... : 40 14 13 35 43 43 59 38 49 70 35 35 15 51 281 14517
 ... : 40 14 13 35 43 43 59 38 49 70 35 35 15 51 281 14719
 ... : 40 14 13 35 43 47 61 40 48 68 31 35 15 51 281 14835
 ... : 40 14 13 35 44 56 70 47 55 73 36 13 6 49 284 14916
 ... : 40 14 13 35 44 56 72 54 63 72 39 16 7 51 284 15032
 ... : 40 14 13 35 44 56 78 59 72 73 43 18 7 55 299 15166
 ... : 40 14 13 35 44 56 78 59 72 73 50 58 15 55 300 15339
 ... : 40 14 13 35 44 56 78 59 74 79 63 114 27 55 312 15695
 ... : 40 14 13 35 44 56 78 59 74 79 63 141 60 56 319 16081
 ... : 40 14 13 35 44 56 78 59 74 79 63 148 62 56 324 16636
 ... : 40 14 13 35 44 56 81 72 87 94 73 151 62 56 328 16972
 ... : 40 14 13 35 44 56 81 72 87 108 89 185 71 56 333 17436
 ... : 40 14 13 35 44 56 81 72 94 115 93 201 90 57 335 17775
 ... : 40 14 13 35 44 56 81 72 94 116 107 263 108 58 338 18033
 ... : 40 14 13 35 44 56 81 72 94 117 116 275 112 58 341 18274
 ... : 40 14 13 35 44 55 81 72 94 121 126 314 142 63 347 18625
 ... : 40 14 13 35 44 55 81 72 94 121 126 320 211 71 352 18949
 ... : 40 14 13 35 44 55 81 72 97 129 128 355 292 78 352 19193
 ... : 40 14 13 35 44 55 81 72 103 134 147 411 337 83 360 19600
 ... : 40 14 13 35 44 55 81 72 104 135 147 417 346 102 382 19838
 ... : 40 14 13 35 44 55 81 72 104 135 147 469 409 121 383 20077
 ... : 40 14 13 35 44 55 81 72 104 135 146 469 417 126 386 20476
 ... : 40 14 13 35 44 55 81 72 104 135 146 468 417 127 402 20918
 ... : 40 14 13 35 44 55 81 72 104 135 146 468 417 127 402 21112
 ... : 40 14 13 35 44 55 81 74 105 135 146 468 417 127 403 21532
 ... : 40 14 13 35 44 55 81 74 107 137 147 470 434 138 417 21899
 ... : 40 14 13 35 44 55 81 74 109 152 152 474 444 142 434 22053
 ... : 40 14 13 35 44 55 81 74 109 151 157 477 449 143 439 22445
 ... : 40 14 13 35 44 55 81 74 109 151 156 477 460 146 451 22699
 ... : 40 14 13 35 44 55 81 74 109 151 156 477 460 145 454 23141
 ... : 40 14 13 35 44 55 81 74 109 151 156 477 460 145 454 23584
 ... : 40 14 13 35 44 55 81 74 109 151 156 477 460 145 454 23926
 ... : 40 14 13 35 44 55 81 74 109 152 165 478 460 145 455 24333
 ... : 40 14 13 35 44 55 81 74 109 152 164 478 460 145 457 24662
 ... : 40 14 13 35 44 55 81 73 109 152 163 477 463 150 483 24994
 ... : 40 14 13 35 44 55 81 73 109 154 186 484 466 151 487 25344
 ... : 40 14 13 35 44 55 81 73 109 154 186 490 469 153 494 25645
 ... : 40 14 13 35 44 55 81 73 109 154 186 490 470 189 519 25970
 ... : 40 14 13 35 44 55 81 73 109 154 186 490 470 241 627 26305
 ... : 40 14 13 35 44 55 81 73 109 154 186 490 470 262 723 26584
 ... : 40 14 13 35 44 55 81 73 109 154 187 491 468 266 735 26814
 ... : 40 14 13 35 44 55 81 73 109 154 187 491 468 266 736 27022
 ... : 40 14 13 35 44 55 81 73 109 154 187 491 468 266 757 27354
 ... : 40 14 13 35 44 55 81 73 110 156 256 498 468 266 774 27653
 ... : 40 14 13 35 44 55 81 73 110 157 333 532 471 266 775 27750
  17 : 40 14 13 34 44 54 61 68 107 147 253 471 453 272 394 1135 26577
 ... : 40 14 13 34 44 54 61 68 107 147 253 471 453 272 394 1135 26675
 ... : 40 14 13 34 44 54 61 68 107 147 253 471 453 272 394 1137 26805
 ... : 40 14 13 34 44 54 61 69 107 147 253 471 453 272 394 1154 26899
 ... : 40 14 13 34 44 54 61 72 108 148 253 471 453 272 393 1159 27048
 ... : 40 14 13 34 48 56 61 72 108 148 253 471 453 272 393 1163 27150
 ... : 40 14 13 34 48 56 62 73 108 148 253 471 453 272 393 1163 27240
 ... : 40 14 13 34 48 70 81 82 109 148 253 471 453 272 393 1163 27426
 ... : 40 14 13 34 48 70 81 82 109 148 253 471 453 272 393 1164 27703
 ... : 40 14 13 34 48 70 81 89 123 148 253 471 453 272 393 1164 27947
 ... : 40 14 13 34 48 70 85 94 124 148 253 471 453 272 393 1163 28056
 ... : 40 14 13 34 48 70 108 159 155 162 253 471 453 272 393 1163 28168
 ... : 40 14 13 34 48 70 112 239 257 239 268 474 453 272 393 1163 28369
 ... : 40 14 13 34 48 76 149 295 370 292 280 474 453 272 393 1164 28634
 ... : 40 14 13 34 52 96 178 396 469 349 285 474 453 272 393 1164 28921
 ... : 40 14 13 34 52 101 199 479 507 381 286 474 453 272 393 1165 29044
 ... : 40 14 13 34 52 104 258 763 687 411 289 474 453 272 393 1165 29263
 ... : 40 14 13 35 55 133 321 807 730 443 291 474 453 272 393 1168 29361
 ... : 40 14 13 35 55 149 409 880 739 443 291 474 453 272 393 1173 29547
  18 : 40 14 13 35 55 139 372 700 570 484 292 433 462 250 395 456 485 29447
  19 : 40 14 13 35 55 139 369 686 572 481 292 429 459 250 393 378 349 2489 27038
  20 : 40 14 13 35 55 139 368 687 571 481 291 427 454 250 392 376 339 2457 1855 25144
  21 : 40 14 13 35 55 138 369 687 570 481 291 423 450 222 376 366 273 2279 1802 988 24430
  22 : 40 14 13 35 55 138 367 687 571 478 256 419 444 104 143 261 262 2258 1640 494 237 24623
  23 : 40 14 13 35 55 138 367 687 571 478 255 419 445 103 143 261 260 1069 628 159 114 81 27171
  24 : 40 14 13 35 55 138 367 685 571 479 256 418 445 102 140 259 252 1003 576 147 76 43 248 27246
  25 : 40 14 13 35 55 138 367 685 571 479 254 415 445 102 140 259 252 1001 481 168 74 34 211 661 26649
  26 : 40 14 13 35 55 138 367 685 571 479 254 412 444 102 140 259 252 1001 473 164 73 33 210 632 187 26495
  27 : 40 14 13 35 55 138 367 685 571 479 254 412 444 102 140 256 247 993 466 96 36 31 206 631 172 157 26479
  28 : 40 14 13 35 55 138 367 685 571 478 254 412 444 102 140 255 247 993 466 95 36 31 204 628 167 115 216 26317
  29 : 40 14 13 35 55 138 367 685 571 478 254 412 444 102 140 255 246 993 466 92 35 24 54 91 12 17 30 65 27387
  30 : 40 14 13 35 55 138 367 685 571 478 254 412 444 102 140 254 133 923 419 75 42 23 52 88 11 11 13 34 156 27543
 ... : 40 14 13 35 55 138 367 685 571 478 254 412 444 102 140 254 133 923 419 75 42 23 52 88 11 11 13 34 156 27822
 ... : 40 14 13 35 55 138 367 685 571 478 254 412 444 102 140 254 133 923 419 75 42 23 52 88 11 11 13 33 156 28077
 ... : 40 14 13 35 55 138 367 685 571 478 254 412 444 102 140 253 132 923 419 75 42 23 52 88 11 11 13 33 156 28253
 ... : 40 14 13 35 55 138 367 685 571 478 254 412 444 102 140 253 132 923 419 75 42 23 52 88 11 11 13 33 156 28517
 ... : 40 14 13 35 55 138 367 685 571 478 254 412 444 102 140 253 132 923 419 75 42 23 52 88 11 11 13 33 156 28980
 ... : 40 14 13 35 55 138 367 685 571 478 254 412 444 102 140 253 132 923 419 75 42 23 52 88 11 11 14 33 156 29565
 ... : 40 14 13 35 55 138 367 685 571 478 254 412 444 102 140 253 132 923 419 75 42 23 52 88 11 11 13 33 156 29997
 ... : 40 14 13 35 55 138 367 685 571 478 254 412 444 102 139 253 132 923 419 75 42 23 52 88 11 11 13 33 156 30457
 ... : 40 14 13 35 55 138 367 685 571 478 254 412 444 102 139 253 132 923 419 75 42 23 52 88 11 11 13 33 156 30759
 ... : 40 14 13 35 55 138 367 685 571 478 254 412 444 102 139 253 132 923 419 75 42 23 52 88 11 11 13 33 157 31002
 ... : 40 14 13 35 55 138 367 685 571 478 254 412 444 102 139 253 132 923 419 75 42 23 52 88 11 11 13 33 157 31198
