initialized model with 1072 latches, 74 inputs and 1 properties
tsim: performed 29 steps
tsim: found cycle from 24
checking bound 0
checking bound 1
checking bound 2
tdecomp: unrolling 2 cycles
tsim: performed 27 steps
tsim: found cycle from 22
tsim: found 2 constants and 0 latch equivalences
tdecomp: (1072, 296) -> (1070, 93)
   2 : 4 1
   3 : 6 15 11
   4 : 6 15 8 3
 ... : 6 33 104 86
   5 : 5 34 44 62 183
   6 : 5 34 44 62 132 51
   7 : 5 34 44 62 132 27 24
   8 : 5 34 44 62 132 27 4 20
   9 : 5 4 10 6 40 30 13 5 119
  10 : 5 4 10 6 40 30 13 5 5 118
  11 : 5 4 10 6 40 30 13 5 4 5 117
 ... : 5 4 10 7 40 32 15 17 7 23 133
 ... : 5 4 10 7 40 29 21 24 11 39 159
  12 : 5 4 10 6 40 17 14 13 4 11 2 204
  13 : 5 4 10 6 40 17 14 13 4 11 2 19 185
  14 : 5 4 10 6 40 17 14 13 4 11 2 5 111 89
 ... : 5 4 10 6 40 17 14 13 4 11 2 5 120 291
  15 : 5 4 10 6 40 17 14 13 4 11 2 5 120 130 172
  16 : 5 3 10 6 31 17 14 13 4 11 2 5 119 128 133 231
  17 : 5 3 10 6 31 17 14 13 4 11 2 5 119 127 104 74 286
  18 : 5 3 10 6 31 17 14 13 4 11 2 5 119 125 100 70 133 259
  19 : 5 3 10 6 31 17 14 13 4 11 2 5 119 125 100 69 63 127 257
  20 : 5 3 10 6 31 17 14 13 4 11 2 5 119 125 98 71 61 61 120 282
  21 : 5 3 10 6 31 17 14 13 4 11 2 5 119 126 97 70 63 65 61 184 214
  22 : 5 3 10 6 31 17 14 13 4 11 2 5 119 125 97 69 65 64 62 185 105 155
  23 : 5 3 10 6 31 17 14 13 4 11 2 5 110 111 86 60 60 64 59 97 56 99 277
  24 : 5 3 10 6 31 17 14 13 4 11 2 5 110 111 86 60 60 64 58 49 55 69 110 332
  25 : 5 3 10 6 31 17 14 13 4 11 2 5 110 111 86 60 60 64 58 49 55 67 96 156 272
 ... : 5 3 10 6 31 17 14 13 4 11 2 5 110 111 86 60 60 65 59 49 55 70 97 163 428
  26 : 5 3 10 5 31 17 14 13 4 11 2 5 110 109 86 60 61 65 57 49 54 70 97 111 186 330
 ... : 5 3 10 5 31 17 14 13 4 11 2 5 110 109 85 59 60 65 56 51 61 74 100 115 219 504
  27 : 5 3 10 5 31 17 14 13 4 11 2 5 110 109 85 59 60 65 56 50 60 71 96 108 148 193 396
  28 : 5 3 10 5 31 17 14 13 4 11 2 5 110 109 85 59 60 65 56 50 60 71 96 108 148 195 223 444
 ... : 5 3 10 5 31 17 14 13 4 11 2 5 110 109 85 59 60 65 56 50 60 71 96 108 148 194 293 679
 ... : 5 3 10 5 31 17 14 13 4 11 2 5 110 109 85 59 60 65 56 50 60 71 99 108 161 251 345 742
  29 : 5 3 10 5 31 17 14 13 4 11 2 5 86 108 83 58 60 61 58 50 60 71 98 75 142 206 306 321 463
 ... : 5 3 10 5 31 17 14 13 4 11 2 5 86 108 83 58 60 61 58 50 60 71 98 75 145 211 317 423 611
 ... : 5 3 10 5 31 17 14 13 4 11 2 5 86 108 83 58 60 61 58 50 60 71 102 77 148 240 328 490 669
  30 : 5 3 10 5 31 17 14 13 4 11 2 5 86 108 81 59 60 61 58 50 60 71 97 73 139 228 313 417 309 473
 ... : 5 3 10 5 31 17 14 13 4 11 2 5 86 108 81 59 60 61 58 50 60 71 97 73 139 230 315 434 404 609
 ... : 5 3 10 5 31 17 14 13 4 11 2 5 86 108 82 60 62 61 60 52 62 71 110 86 152 240 319 434 404 611
 ... : 5 3 10 5 31 17 14 13 4 11 2 5 86 108 82 60 62 61 60 52 62 71 115 99 153 238 320 436 404 611
 ... : 5 3 10 5 31 17 14 13 4 11 2 5 86 109 82 60 62 62 60 52 62 71 115 99 155 240 338 472 424 617
 ... : 5 3 10 5 31 17 14 13 4 11 2 5 86 109 82 60 62 62 60 52 62 71 119 103 161 246 343 481 514 728
 ... : 5 3 10 5 31 17 14 13 4 11 2 5 86 114 87 74 70 68 61 53 65 73 123 105 173 254 359 494 517 744
  31 : 5 3 10 5 31 17 14 13 4 11 2 5 86 112 89 69 72 61 59 55 65 73 121 101 168 243 356 489 495 311 512
 ... : 5 3 10 5 31 17 14 13 4 11 2 5 86 112 89 69 72 61 59 55 65 73 121 101 168 247 366 493 526 389 605
 ... : 5 3 10 5 31 17 14 13 4 11 2 5 86 112 89 69 72 61 59 55 65 73 121 101 168 247 374 522 579 441 675
 ... : 5 3 10 5 31 17 14 13 4 11 2 5 86 112 89 69 72 61 59 55 65 73 121 101 168 247 374 534 613 550 771
 ... : 5 3 10 5 31 17 14 13 4 11 2 5 86 112 89 69 73 63 60 57 67 73 121 102 169 249 380 578 639 576 791
  32 : 5 3 10 5 31 17 14 13 4 11 2 5 86 112 89 65 65 54 63 56 66 71 120 100 167 224 371 532 583 540 445 503
 ... : 5 3 10 5 31 17 14 13 4 11 2 5 86 112 89 65 65 54 63 56 66 71 120 100 167 224 371 534 591 546 516 642
 ... : 5 3 10 5 31 17 14 13 4 11 2 5 86 112 89 65 65 54 63 56 66 71 120 100 167 224 371 539 611 582 580 699
 ... : 5 3 10 5 31 17 14 13 4 11 2 5 86 112 89 65 65 54 63 56 66 71 120 100 167 224 370 544 631 615 643 761
  33 : 5 3 10 5 31 17 14 13 4 11 2 5 86 110 89 65 65 54 63 56 65 72 120 99 166 214 372 538 630 597 627 434 565
 ... : 5 3 10 5 31 17 14 13 4 11 2 5 86 110 89 65 65 54 63 56 65 72 120 99 166 214 372 538 633 605 634 580 701
 ... : 5 3 10 5 31 17 14 13 4 11 2 5 86 110 89 65 65 54 63 56 65 72 120 99 166 214 372 538 639 605 638 643 836
  34 : 5 3 10 5 31 17 14 13 4 11 2 5 86 110 89 65 65 54 63 56 65 72 120 99 166 213 372 537 629 597 636 602 356 569
 ... : 5 3 10 5 31 17 14 13 4 11 2 5 86 110 89 65 65 54 63 56 65 72 120 99 166 213 372 537 629 600 650 619 454 707
 ... : 5 3 10 5 31 17 14 13 4 11 2 5 86 110 89 65 65 54 63 56 65 72 120 99 166 214 379 556 658 627 707 644 460 709
 ... : 5 3 10 5 31 17 14 13 4 11 2 5 86 110 89 65 65 54 66 59 75 78 123 107 171 234 394 586 666 635 707 644 460 710
 ... : 5 3 10 5 31 17 14 13 4 11 2 5 86 110 89 65 65 54 68 58 73 81 131 118 185 249 415 614 680 640 707 644 460 710
 ... : 5 3 10 5 31 17 14 13 4 11 2 5 86 110 89 65 65 54 67 60 79 87 137 117 186 260 425 634 701 653 710 646 460 725
 ... : 5 3 10 5 31 17 14 13 4 11 2 5 86 110 89 65 65 52 66 59 78 89 140 122 188 260 420 613 680 659 719 648 462 725
 ... : 5 3 10 5 31 17 14 13 4 11 2 5 86 110 89 65 65 52 66 59 78 89 140 122 188 260 420 613 685 658 725 669 477 726
 ... : 5 3 10 5 31 17 14 13 4 11 2 5 86 110 89 65 65 52 66 59 78 89 140 122 188 260 420 611 694 669 735 698 515 747
 ... : 5 3 10 5 31 17 14 13 4 11 2 5 86 110 89 65 65 52 66 59 78 89 140 122 188 260 420 612 716 690 782 743 535 758
 ... : 5 3 10 5 31 17 14 13 4 11 2 5 86 110 89 65 65 52 66 59 78 89 140 122 188 260 420 615 721 706 799 772 558 777
 ... : 5 3 10 5 31 17 14 13 4 11 2 5 86 110 89 65 65 52 66 59 82 93 141 127 191 270 434 631 737 721 810 778 559 778
 ... : 5 3 10 5 31 17 14 13 4 11 2 5 86 110 89 65 65 52 66 65 88 95 147 139 201 271 444 658 748 727 810 778 559 792
 ... : 5 3 10 5 31 17 14 13 4 11 2 5 86 110 89 65 65 50 64 67 84 102 147 129 193 264 432 663 752 732 811 778 560 802
 ... : 5 3 10 5 31 17 14 13 4 11 2 5 86 110 89 65 65 50 64 67 84 99 148 135 211 277 456 672 755 732 811 778 560 807
 ... : 5 3 10 5 31 17 14 13 4 11 2 5 86 110 89 65 65 50 64 67 84 98 146 129 205 276 456 691 794 767 837 789 560 807
 ... : 5 3 10 5 31 17 14 13 4 11 2 5 86 110 89 65 65 50 64 67 84 98 146 130 207 288 481 706 803 776 850 809 569 807
 ... : 5 3 10 5 31 17 14 13 4 11 2 5 86 110 89 65 65 50 64 67 84 98 146 130 207 288 481 706 807 785 868 848 614 826
 ... : 5 3 10 5 31 17 14 13 4 11 2 5 86 110 89 65 65 50 64 67 84 98 146 130 208 287 484 710 816 797 872 866 636 845
 ... : 5 3 10 5 31 17 14 13 4 11 2 5 86 110 89 65 65 50 64 67 84 98 139 128 207 280 508 734 831 798 874 867 637 845
 ... : 5 3 10 5 31 17 14 13 4 11 2 5 86 110 89 65 65 50 64 67 81 95 137 123 202 280 506 732 826 805 892 867 653 874
 ... : 5 3 10 5 31 17 14 13 4 11 2 5 86 110 89 65 65 50 64 67 81 95 137 123 202 280 506 739 834 812 895 880 678 894
 ... : 5 3 10 5 31 17 14 13 4 11 2 5 86 110 89 65 65 50 64 67 81 95 137 122 202 283 500 777 852 828 911 884 678 896
 ... : 5 3 10 5 31 17 14 13 4 11 2 5 86 110 89 65 65 50 64 67 81 95 137 122 202 283 499 833 887 855 931 887 679 896
 ... : 5 3 10 5 31 17 14 13 4 11 2 5 86 110 89 65 65 50 64 78 91 112 158 128 202 284 512 859 916 861 935 889 679 896
 ... : 5 3 10 5 31 17 14 13 4 11 2 5 86 110 89 65 65 50 64 76 89 112 158 128 202 283 516 872 923 881 959 913 693 901
 ... : 5 3 10 5 31 17 14 13 4 11 2 5 86 110 89 65 65 50 64 76 89 117 162 129 209 296 535 882 935 893 982 925 696 902
 ... : 5 3 10 5 31 17 14 13 4 11 2 5 86 110 89 65 65 50 64 76 89 120 161 129 207 296 535 897 938 899 999 961 723 925
 ... : 5 3 10 5 31 17 14 13 4 11 2 5 86 110 89 65 65 50 64 76 89 120 161 129 206 295 535 910 941 916 1016 986 758 959
 ... : 5 3 10 5 31 17 14 13 4 11 2 5 86 110 89 65 65 50 64 76 89 118 160 131 211 291 546 917 939 929 1034 992 798 991
  35 : 5 3 10 5 31 17 14 13 4 11 2 5 85 110 73 79 66 44 53 49 59 67 94 73 117 174 387 777 753 700 834 950 751 519 716
 ... : 5 3 10 5 31 17 14 13 4 11 2 5 85 110 73 79 66 44 53 49 59 67 94 73 117 174 387 802 763 737 851 977 768 582 738
 ... : 5 3 10 5 31 17 14 13 4 11 2 5 85 110 73 79 66 44 53 49 59 67 94 73 117 174 387 797 762 739 862 979 767 602 756
 ... : 5 3 10 5 31 17 14 13 4 11 2 5 85 110 73 79 66 44 53 49 59 67 94 73 117 174 387 797 775 757 885 989 783 632 783
 ... : 5 3 10 5 31 17 14 13 4 11 2 5 85 110 73 79 66 44 53 49 59 67 94 73 117 174 387 797 778 753 874 993 792 718 862
  36 : 5 3 10 5 31 17 14 13 4 11 2 5 85 110 73 79 66 44 53 49 59 67 94 73 117 174 384 782 739 696 758 839 688 687 494 736
 ... : 5 3 10 5 31 17 14 13 4 11 2 5 85 110 73 79 66 44 53 49 59 67 94 73 117 174 384 782 742 697 762 846 688 683 590 841
 ... : 5 3 10 5 31 17 14 13 4 11 2 5 85 110 73 79 66 44 53 49 59 67 94 73 117 174 384 781 742 695 772 846 692 694 593 841
  37 : 5 3 10 5 31 17 14 13 4 11 2 5 85 110 73 79 66 44 53 49 59 67 94 73 117 174 384 781 742 691 763 828 670 649 559 365 673
 ... : 5 3 10 5 31 17 14 13 4 11 2 5 85 110 73 79 66 44 53 49 59 67 94 73 117 174 387 783 746 692 761 838 677 665 583 449 743
 ... : 5 3 10 5 31 17 14 13 4 11 2 5 85 110 73 79 66 44 53 49 59 67 95 77 121 178 395 787 750 699 765 839 680 669 586 458 747
 ... : 5 3 10 5 31 17 14 13 4 11 2 5 85 110 73 79 66 44 53 49 58 65 95 76 121 174 394 776 749 699 770 839 683 678 599 464 749
 ... : 5 3 10 5 31 17 14 13 4 11 2 5 85 110 73 79 66 44 53 49 58 65 95 76 121 174 394 776 749 699 770 846 689 668 595 539 812
  38 : 5 3 10 5 31 17 14 13 4 11 2 5 85 110 73 79 66 44 53 41 56 58 89 69 115 162 374 769 741 692 762 827 690 655 536 494 394 716
 ... : 5 3 10 5 31 17 14 13 4 11 2 5 85 110 73 79 66 44 53 41 56 58 89 69 115 162 374 769 741 692 762 827 699 672 578 516 463 839
 ... : 5 3 10 5 31 17 14 13 4 11 2 5 85 110 73 79 66 44 53 41 56 58 89 69 115 162 374 769 740 690 761 841 717 703 609 579 481 843
 ... : 5 3 10 5 31 17 14 13 4 11 2 5 85 110 73 79 66 44 53 41 56 58 89 69 115 162 374 769 740 690 761 841 719 701 610 595 558 926
  39 : 5 3 10 5 31 17 14 13 4 11 2 5 85 110 73 79 66 44 53 41 56 58 89 69 115 162 374 768 740 690 761 834 711 699 599 589 533 431 673
 ... : 5 3 10 5 31 17 14 13 4 11 2 5 85 110 73 79 66 44 53 41 56 58 89 69 115 162 374 768 740 690 761 834 711 698 599 606 556 535 787
 ... : 5 3 10 5 31 17 14 13 4 11 2 5 85 110 73 79 66 44 53 41 56 58 89 69 115 162 374 768 740 690 762 840 714 714 607 625 588 558 800
 ... : 5 3 10 5 31 17 14 13 4 11 2 5 85 110 73 79 66 44 53 41 56 58 89 69 115 162 374 768 738 685 754 819 705 716 628 670 598 559 802
 ... : 5 3 10 5 31 17 14 13 4 11 2 5 85 110 73 79 66 44 53 41 56 58 89 69 115 162 380 782 745 703 764 824 705 721 643 686 614 562 831
 ... : 5 3 10 5 31 17 14 13 4 11 2 5 85 110 73 79 66 44 53 41 56 58 89 69 115 162 380 779 752 716 785 853 736 751 687 716 615 562 833
 ... : 5 3 10 5 31 17 14 13 4 11 2 5 85 110 73 79 66 44 53 41 56 58 89 69 116 162 388 781 760 723 795 888 764 772 690 716 615 562 835
 ... : 5 3 10 5 31 17 14 13 4 11 2 5 85 110 73 79 66 44 53 41 56 58 89 69 116 164 392 802 792 761 823 910 777 775 692 716 615 562 837
 ... : 5 3 10 5 31 17 14 13 4 11 2 5 85 110 73 79 66 44 53 41 56 58 89 69 116 164 392 806 801 776 838 926 811 795 698 718 615 563 837
 ... : 5 3 10 5 31 17 14 13 4 11 2 5 85 110 73 79 66 44 53 41 56 58 89 69 116 167 397 817 813 791 846 937 819 795 698 718 615 563 844
 ... : 5 3 10 5 31 17 14 13 4 11 2 5 85 110 73 79 66 44 53 41 56 58 89 69 116 168 400 821 819 805 870 976 846 804 698 718 615 563 850
 ... : 5 3 10 5 31 17 14 13 4 11 2 5 85 110 73 79 66 44 53 41 56 58 89 69 116 168 400 821 820 805 869 993 897 871 725 725 616 563 850
 ... : 5 3 10 5 31 17 14 13 4 11 2 5 85 110 73 79 66 44 53 41 56 58 89 69 116 168 400 822 820 805 873 988 898 890 771 773 619 563 856
 ... : 5 3 10 5 31 17 14 13 4 11 2 5 85 110 73 79 66 44 53 41 56 58 89 69 116 168 400 824 822 809 878 993 903 913 825 811 623 563 856
 ... : 5 3 10 5 31 17 14 13 4 11 2 5 85 110 73 79 66 44 53 41 56 58 89 69 116 168 400 824 821 808 883 1003 921 935 838 843 658 572 858
 ... : 5 3 10 5 31 17 14 13 4 11 2 5 85 110 73 79 66 44 53 41 56 58 89 69 116 168 399 825 825 817 893 1017 932 956 865 872 662 572 859
 ... : 5 3 10 5 31 17 14 13 4 11 2 5 85 110 73 79 66 44 53 41 56 58 89 69 117 169 409 840 839 830 899 1026 947 974 882 887 663 573 859
 ... : 5 3 10 5 31 17 14 13 4 11 2 5 85 110 73 79 66 44 53 41 56 58 89 69 117 169 411 848 858 846 920 1054 956 979 884 887 663 573 859
 ... : 5 3 10 5 31 17 14 13 4 11 2 5 85 110 73 79 66 44 53 41 56 58 89 69 117 169 411 848 854 843 913 1065 984 1003 893 892 664 573 862
 ... : 5 3 10 5 31 17 14 13 4 11 2 5 85 111 75 82 67 44 55 44 58 62 94 80 120 178 428 862 866 849 916 1068 989 1003 893 892 664 573 863
 ... : 5 3 10 5 31 17 14 13 4 11 2 5 85 111 75 82 67 44 55 44 58 62 94 80 119 177 436 889 915 879 938 1078 991 1003 893 892 664 573 863
 ... : 5 3 10 5 31 17 14 13 4 11 2 5 85 112 76 84 70 45 55 44 58 62 94 80 119 180 440 891 914 881 939 1089 1004 1014 897 892 664 573 863
 ... : 5 3 10 5 31 17 14 13 4 11 2 5 85 112 76 84 70 45 55 44 58 62 94 80 119 180 440 889 911 878 936 1091 1016 1023 921 921 685 578 866
 ... : 5 3 10 5 31 17 14 13 4 11 2 5 85 112 76 84 70 45 55 44 58 62 94 80 119 180 440 889 911 877 935 1087 1020 1028 930 958 734 595 871
 ... : 5 3 10 5 31 17 14 13 4 11 2 5 85 112 76 84 70 45 55 44 58 62 94 80 119 180 440 889 911 877 935 1089 1022 1030 933 965 767 647 880
 ... : 5 3 10 5 31 17 14 13 4 11 2 5 85 112 76 84 70 45 55 44 58 62 94 80 119 180 440 889 911 877 935 1090 1027 1039 964 989 805 691 886
 ... : 5 3 10 5 31 17 14 13 4 11 2 5 85 112 76 84 70 45 55 44 58 62 94 80 119 180 440 889 911 877 935 1090 1028 1041 970 1000 822 740 941
 ... : 5 3 10 5 31 17 14 13 4 11 2 5 85 112 76 84 70 45 55 44 58 62 94 80 119 180 440 892 917 882 943 1100 1037 1059 989 1012 839 767 957
 ... : 5 3 10 5 31 17 14 13 4 11 2 5 85 112 76 84 70 45 55 44 58 62 94 80 119 180 440 893 924 895 952 1101 1042 1069 995 1017 846 798 991
 ... : 5 3 10 5 31 17 14 13 4 11 2 5 85 112 76 84 70 45 55 44 58 62 94 80 119 180 439 888 921 891 948 1099 1036 1061 991 1006 831 846 1097
  40 : 5 3 10 5 31 17 14 13 4 11 2 5 85 109 71 80 66 44 58 44 58 62 94 78 117 164 436 814 839 809 865 973 907 897 870 833 759 765 581 848
 ... : 5 3 10 5 31 17 14 13 4 11 2 5 85 109 71 80 66 44 58 44 58 62 94 78 118 167 440 818 841 808 865 974 907 897 871 834 762 769 664 926
 ... : 5 3 10 5 31 17 14 13 4 11 2 5 85 109 71 80 66 44 58 44 58 62 94 78 118 167 440 818 842 809 866 973 911 903 873 843 772 782 706 987
  41 : 5 3 10 5 31 17 14 13 4 11 2 5 85 109 71 80 66 44 58 44 58 62 94 78 118 166 438 821 839 800 857 964 910 908 887 843 763 764 654 462 751
 ... : 5 3 10 5 31 17 14 13 4 11 2 5 85 109 71 80 66 44 58 44 58 62 94 78 118 166 438 821 839 800 857 964 910 908 886 843 763 767 666 571 885
 ... : 5 3 10 5 31 17 14 13 4 11 2 5 85 109 71 80 66 44 58 44 58 62 94 78 118 166 438 821 839 800 857 964 910 908 886 842 763 775 677 663 1027
  42 : 5 3 10 5 31 17 14 13 4 11 2 5 85 109 71 80 66 44 58 44 58 62 94 78 118 166 438 821 839 800 857 964 910 908 880 841 750 756 661 597 443 742
 ... : 5 3 10 5 31 17 14 13 4 11 2 5 85 109 71 80 66 44 58 44 58 62 94 78 118 166 438 821 839 800 857 964 910 908 880 841 761 795 707 632 529 818
 ... : 5 3 10 5 31 17 14 13 4 11 2 5 85 109 71 80 66 44 58 44 58 62 94 78 118 166 438 821 839 800 857 964 910 908 880 844 769 809 739 700 588 836
 ... : 5 3 10 5 31 17 14 13 4 11 2 5 85 109 71 80 66 44 58 44 58 62 94 78 118 166 438 821 837 798 855 959 907 918 905 862 793 838 751 706 588 836
 ... : 5 3 10 5 31 17 14 13 4 11 2 5 85 109 71 80 66 44 58 44 58 62 94 78 118 166 438 821 837 798 855 959 907 918 912 884 827 881 788 750 614 847
 ... : 5 3 10 5 31 17 14 13 4 11 2 5 85 109 71 80 66 44 58 44 58 62 94 78 118 166 438 821 837 798 855 967 912 934 919 917 861 926 814 776 629 852
 ... : 5 3 10 5 31 17 14 13 4 11 2 5 85 109 71 80 66 44 58 44 58 62 94 78 118 166 438 821 837 798 855 969 916 941 939 943 895 964 840 785 633 852
 ... : 5 3 10 5 31 17 14 13 4 11 2 5 85 109 71 80 66 44 58 44 58 62 94 78 118 166 438 821 837 798 855 969 916 942 940 948 907 982 858 818 662 857
 ... : 5 3 10 5 31 17 14 13 4 11 2 5 85 109 71 80 66 44 58 44 58 62 94 78 118 166 438 821 837 798 855 969 913 947 943 947 890 972 852 828 676 864
 ... : 5 3 10 5 31 17 14 13 4 11 2 5 85 109 71 80 66 44 58 44 58 62 94 78 118 166 438 821 837 798 855 969 913 947 943 947 895 980 878 856 708 898
 ... : 5 3 10 5 31 17 14 13 4 11 2 5 85 109 71 80 66 44 58 44 58 62 94 78 118 166 438 821 837 798 855 969 913 947 943 947 896 975 874 875 761 940
 ... : 5 3 10 5 31 17 14 13 4 11 2 5 85 109 71 80 66 44 58 44 58 62 94 78 118 166 438 821 837 798 855 969 913 947 943 947 897 980 876 891 792 992
 ... : 5 3 10 5 31 17 14 13 4 11 2 5 85 109 71 80 66 44 58 44 58 62 94 78 118 166 438 821 837 798 855 969 913 947 943 947 896 983 900 928 854 1048
 ... : 5 3 10 5 31 17 14 13 4 11 2 5 85 109 71 80 66 44 58 44 58 62 94 78 118 166 438 821 837 798 855 969 913 947 942 955 914 1025 972 1000 916 1075
 ... : 5 3 10 5 31 17 14 13 4 11 2 5 85 109 71 80 66 44 58 44 58 62 94 78 118 166 438 821 837 798 855 969 913 947 942 958 916 1022 974 1008 954 1155
 ... : 5 3 10 5 31 17 14 13 4 11 2 5 85 109 71 80 66 44 58 44 58 62 94 78 118 166 438 821 837 798 855 969 915 951 958 985 940 1032 980 1012 958 1159
 ... : 5 3 10 5 31 17 14 13 4 11 2 5 85 109 71 80 66 44 58 44 58 62 94 78 118 166 438 821 837 798 854 960 900 930 940 979 952 1059 1001 1023 959 1165
 ... : 5 3 10 5 31 17 14 13 4 11 2 5 85 109 71 80 66 44 58 44 58 62 94 78 118 166 439 827 844 804 855 960 899 932 953 997 975 1088 1036 1037 960 1168
 ... : 5 3 10 5 31 17 14 13 4 11 2 5 85 109 71 80 66 44 58 44 58 62 94 78 118 166 439 827 845 806 860 983 932 956 978 1025 988 1089 1036 1037 960 1173
 ... : 5 3 10 5 31 17 14 13 4 11 2 5 85 109 71 80 66 44 58 44 58 62 94 78 118 166 439 827 845 806 860 986 928 957 977 1032 1004 1107 1061 1051 967 1176
 ... : 5 3 10 5 31 17 14 13 4 11 2 5 85 109 71 80 66 44 58 44 58 62 94 78 118 166 439 827 845 806 860 986 933 967 991 1044 1018 1123 1076 1063 967 1176
 ... : 5 3 10 5 31 17 14 13 4 11 2 5 85 109 71 80 66 44 58 44 58 62 94 78 118 166 439 827 845 806 860 986 936 978 1005 1069 1043 1145 1090 1064 967 1176
 ... : 5 3 10 5 31 17 14 13 4 11 2 5 85 109 71 80 66 44 58 44 58 62 94 78 118 166 439 827 845 806 860 986 936 978 1005 1076 1050 1159 1120 1114 1012 1191
 ... : 5 3 10 5 31 17 14 13 4 11 2 5 85 109 71 80 66 44 58 44 58 62 94 78 118 166 439 827 845 806 860 984 934 976 1004 1075 1043 1165 1135 1124 1020 1197
 ... : 5 3 10 5 31 17 14 13 4 11 2 5 85 109 71 80 66 44 58 44 58 62 94 78 118 166 439 827 845 806 860 984 934 979 1004 1073 1046 1158 1142 1135 1049 1220
 ... : 5 3 10 5 31 17 14 13 4 11 2 5 85 109 71 80 66 44 58 44 58 62 94 78 118 166 439 827 845 806 860 988 940 986 1018 1093 1069 1175 1160 1143 1062 1223
 ... : 5 3 10 5 31 17 14 13 4 11 2 5 85 109 71 80 66 44 58 44 58 62 94 78 118 166 439 827 845 806 860 988 942 988 1020 1100 1072 1189 1169 1167 1093 1243
  43 : 5 3 10 5 31 17 14 13 4 11 2 5 85 109 71 80 66 44 58 44 58 62 94 78 118 165 438 804 820 786 825 940 875 900 852 959 948 1072 1035 1084 1036 713 890
 ... : 5 3 10 5 31 17 14 13 4 11 2 5 85 109 71 80 66 44 58 44 58 62 94 78 118 165 438 804 820 786 825 940 875 900 852 959 956 1081 1047 1110 1059 777 962
 ... : 5 3 10 5 31 17 14 13 4 11 2 5 85 109 71 80 66 44 58 44 58 62 94 78 118 165 438 804 820 786 826 945 885 917 865 971 963 1087 1054 1112 1059 777 971
 ... : 5 3 10 5 31 17 14 13 4 11 2 5 85 109 71 80 66 44 58 44 58 62 94 78 118 165 438 804 821 789 826 952 889 927 878 996 988 1128 1067 1124 1066 777 977
 ... : 5 3 10 5 31 17 14 13 4 11 2 5 85 109 71 80 66 44 58 44 58 62 94 78 118 165 438 804 821 789 826 952 889 926 878 996 989 1126 1067 1128 1084 817 1032
 ... : 5 3 10 5 31 17 14 13 4 11 2 5 85 109 71 80 66 44 58 44 58 62 94 78 118 165 438 804 821 789 826 951 892 934 889 1007 995 1148 1073 1131 1085 817 1033
 ... : 5 3 10 5 31 17 14 13 4 11 2 5 85 109 71 80 66 44 58 44 58 62 94 78 118 165 438 806 822 792 833 965 898 953 899 1015 1002 1158 1083 1146 1090 818 1034
 ... : 5 3 10 5 31 17 14 13 4 11 2 5 85 109 71 80 66 44 58 44 58 62 94 78 118 165 438 806 824 797 845 972 914 959 891 1028 1010 1159 1083 1146 1090 818 1036
 ... : 5 3 10 5 31 17 14 13 4 11 2 5 85 109 71 80 66 44 58 43 58 62 94 80 119 165 440 810 828 799 839 968 916 965 894 1029 1009 1159 1083 1146 1090 818 1036
 ... : 5 3 10 5 31 17 14 13 4 11 2 5 85 109 71 80 66 44 58 43 58 62 94 80 119 166 444 819 840 812 852 980 925 976 897 1029 1009 1159 1083 1146 1090 818 1036
 ... : 5 3 10 5 31 17 14 13 4 11 2 5 85 109 71 80 66 44 58 43 58 62 94 80 119 166 444 820 844 818 858 989 934 978 905 1035 1012 1159 1083 1146 1090 818 1036
 ... : 5 3 10 5 31 17 14 13 4 11 2 5 85 109 71 80 66 44 58 43 58 62 94 80 119 166 443 819 843 821 858 984 928 985 920 1063 1034 1166 1085 1146 1090 818 1036
 ... : 5 3 10 5 31 17 14 13 4 11 2 5 85 109 71 80 66 44 58 43 58 62 94 80 119 166 442 815 833 808 847 976 926 992 920 1064 1021 1160 1088 1147 1090 818 1036
 ... : 5 3 10 5 31 17 14 13 4 11 2 5 85 109 71 80 66 44 58 43 58 62 94 80 119 166 442 815 833 808 846 975 925 992 918 1066 1027 1176 1104 1175 1101 818 1036
 ... : 5 3 10 5 31 17 14 13 4 11 2 5 85 109 71 80 66 44 58 43 58 62 94 80 119 166 442 815 833 808 846 976 930 1002 932 1081 1047 1203 1128 1212 1113 818 1037
 ... : 5 3 10 5 31 17 14 13 4 11 2 5 85 109 71 80 66 44 58 43 58 62 94 80 119 166 442 815 833 808 846 976 930 1006 943 1107 1073 1226 1141 1250 1139 821 1038
 ... : 5 3 10 5 31 17 14 13 4 11 2 5 85 109 71 80 66 44 58 43 58 62 94 80 119 166 442 815 833 808 846 973 930 1005 942 1112 1088 1239 1151 1260 1157 828 1044
 ... : 5 3 10 5 31 17 14 13 4 11 2 5 85 109 71 80 66 44 58 43 58 62 94 80 119 166 442 815 833 808 846 973 930 1005 941 1118 1100 1257 1184 1268 1167 849 1045
 ... : 5 3 10 5 31 17 14 13 4 11 2 5 85 109 71 80 66 44 58 43 58 62 94 80 119 166 442 815 833 808 846 975 936 1011 948 1118 1100 1260 1183 1276 1202 874 1058
 ... : 5 3 10 5 31 17 14 13 4 11 2 5 85 109 71 80 66 44 58 43 58 62 94 80 119 166 442 815 833 808 845 975 936 1009 943 1117 1100 1246 1173 1274 1221 916 1097
 ... : 5 3 10 5 31 17 14 13 4 11 2 5 85 109 71 80 66 44 58 43 58 62 94 80 119 166 442 815 833 808 845 975 936 1008 947 1134 1135 1275 1199 1288 1228 924 1098
 ... : 5 3 10 5 31 17 14 13 4 11 2 5 85 109 71 80 66 44 58 43 58 62 94 80 119 166 442 815 832 807 845 975 938 1011 946 1136 1160 1285 1202 1299 1233 940 1139
 ... : 5 3 10 5 31 17 14 13 4 11 2 5 85 109 71 80 66 44 58 43 58 62 94 80 119 166 442 815 832 807 845 975 938 1011 946 1136 1158 1285 1193 1299 1228 981 1195
 ... : 5 3 10 5 31 17 14 13 4 11 2 5 85 109 71 80 66 44 58 43 58 62 94 80 119 166 442 815 832 807 845 975 938 1011 945 1133 1157 1292 1202 1301 1259 1024 1204
  44 : 5 3 10 5 31 17 14 13 4 11 2 5 85 109 71 80 66 44 58 40 58 62 94 77 121 167 444 803 800 778 820 937 904 944 891 1005 1063 1159 1147 1196 1148 952 585 944
 ... : 5 3 10 5 31 17 14 13 4 11 2 5 85 109 71 80 66 44 58 40 58 62 94 77 121 167 444 803 800 778 820 937 904 943 892 1011 1066 1171 1156 1200 1145 954 661 985
 ... : 5 3 10 5 31 17 14 13 4 11 2 5 85 109 71 80 66 44 58 40 58 62 94 77 121 167 445 804 802 772 820 966 935 975 910 1014 1066 1171 1156 1200 1145 954 661 985
 ... : 5 3 10 5 31 17 14 13 4 11 2 5 85 109 71 80 66 44 58 40 58 62 94 77 121 167 445 804 801 773 818 982 957 991 929 1024 1067 1171 1156 1200 1145 954 661 985
 ... : 5 3 10 5 31 17 14 13 4 11 2 5 85 109 71 80 66 44 58 40 58 62 94 77 121 167 445 809 808 783 823 1020 986 1047 990 1068 1075 1171 1156 1200 1145 954 661 985
 ... : 5 3 10 5 31 17 14 13 4 11 2 5 85 109 71 80 66 44 58 40 58 62 94 77 121 167 445 810 812 782 831 1035 997 1055 1010 1102 1108 1183 1157 1200 1145 954 661 986
 ... : 5 3 10 5 31 17 14 13 4 11 2 5 85 109 71 80 66 44 58 40 58 62 94 77 121 167 445 812 814 798 847 1061 1032 1104 1048 1120 1108 1183 1157 1200 1145 954 661 990
 ... : 5 3 10 5 31 17 14 13 4 11 2 5 85 109 71 80 66 44 58 40 58 62 94 77 121 167 445 812 814 797 846 1058 1039 1107 1041 1138 1149 1229 1181 1206 1145 954 661 992
 ... : 5 3 10 5 31 17 14 13 4 11 2 5 85 109 71 80 66 44 58 40 58 62 94 77 121 167 445 812 813 796 846 1057 1033 1109 1042 1144 1154 1221 1189 1239 1156 957 661 994
 ... : 5 3 10 5 31 17 14 13 4 11 2 5 85 109 71 80 66 44 58 40 58 62 94 77 121 167 445 812 813 796 846 1057 1033 1109 1042 1144 1158 1227 1196 1253 1174 996 676 996
 ... : 5 3 10 5 31 17 14 13 4 11 2 5 85 109 71 80 66 44 58 40 58 62 94 77 121 167 445 812 813 796 846 1057 1033 1109 1042 1144 1156 1222 1199 1268 1202 1027 751 1033
 ... : 5 3 10 5 31 17 14 13 4 11 2 5 85 109 71 80 66 44 58 40 58 62 94 77 121 167 445 812 813 796 846 1057 1033 1109 1042 1144 1156 1222 1201 1290 1255 1064 775 1046
 ... : 5 3 10 5 31 17 14 13 4 11 2 5 85 109 71 80 66 44 58 40 58 62 94 77 121 167 445 812 813 796 846 1057 1033 1109 1042 1145 1159 1226 1206 1297 1269 1098 857 1108
 ... : 5 3 10 5 31 17 14 13 4 11 2 5 85 109 71 80 66 44 58 40 58 62 94 77 121 167 445 812 813 796 846 1057 1033 1109 1040 1144 1154 1218 1195 1281 1255 1077 914 1277
  45 : 5 3 10 5 31 17 14 13 4 11 2 5 85 109 71 80 66 44 58 40 58 62 94 77 121 167 445 806 795 760 809 983 988 1070 1001 1122 1141 1208 1187 1245 1190 1012 787 583 878
 ... : 5 3 10 5 31 17 14 13 4 11 2 5 85 109 71 80 66 44 58 40 58 62 94 77 121 167 445 806 795 760 809 983 988 1070 1001 1122 1141 1208 1187 1246 1192 1015 797 674 1026
 ... : 5 3 10 5 31 17 14 13 4 11 2 5 85 109 71 80 66 44 58 40 58 62 94 77 121 167 445 806 795 760 809 983 988 1070 1003 1123 1142 1209 1188 1250 1197 1022 810 739 1132
 ... : 5 3 10 5 31 17 14 13 4 11 2 5 85 109 71 80 66 44 58 40 58 62 94 77 121 167 445 806 795 760 809 983 988 1070 1003 1123 1143 1218 1208 1290 1235 1081 858 760 1132
 ... : 5 3 10 5 31 17 14 13 4 11 2 5 85 109 71 80 66 44 58 40 58 62 94 77 121 167 445 806 795 760 809 979 982 1069 1006 1131 1159 1241 1234 1318 1243 1083 859 761 1133
 ... : 5 3 10 5 31 17 14 13 4 11 2 5 85 109 71 80 66 44 58 40 58 62 94 77 121 167 445 806 795 760 809 979 982 1069 1006 1131 1159 1239 1229 1322 1256 1098 881 776 1138
 ... : 5 3 10 5 31 17 14 13 4 11 2 5 85 109 71 80 66 44 58 40 58 62 94 77 121 167 445 806 795 760 809 979 982 1069 1008 1141 1171 1248 1239 1326 1261 1099 888 785 1151
 ... : 5 3 10 5 31 17 14 13 4 11 2 5 85 109 71 80 66 44 58 40 58 62 94 77 121 167 445 806 795 760 809 979 982 1069 1009 1145 1184 1261 1250 1328 1266 1106 894 791 1156
 ... : 5 3 10 5 31 17 14 13 4 11 2 5 85 109 71 80 66 44 58 40 58 62 94 77 121 167 445 806 795 760 809 979 982 1069 1009 1145 1184 1261 1250 1329 1273 1130 938 826 1189
 ... : 5 3 10 5 31 17 14 13 4 11 2 5 85 109 71 80 66 44 58 40 58 62 94 77 121 167 445 806 795 760 809 979 982 1069 1009 1145 1184 1261 1251 1338 1284 1149 985 894 1206
 ... : 5 3 10 5 31 17 14 13 4 11 2 5 85 109 71 80 66 44 58 40 58 62 94 77 121 167 445 806 795 760 809 979 982 1069 1009 1145 1184 1274 1268 1354 1306 1179 1035 920 1215
  46 : 5 3 10 5 31 17 14 13 4 11 2 5 85 109 71 80 66 44 58 40 58 62 94 77 121 167 445 805 796 760 809 978 978 1064 1005 1131 1148 1243 1225 1292 1236 1134 981 873 505 945
 ... : 5 3 10 5 31 17 14 13 4 11 2 5 85 109 71 80 66 44 58 40 58 62 94 77 121 167 445 805 796 760 809 978 978 1064 1005 1131 1148 1243 1225 1292 1239 1146 1010 928 629 1008
 ... : 5 3 10 5 31 17 14 13 4 11 2 5 85 109 71 80 66 44 58 40 58 62 94 77 121 167 445 805 796 760 809 978 978 1064 1005 1131 1148 1243 1225 1295 1259 1162 1033 961 674 1030
 ... : 5 3 10 5 31 17 14 13 4 11 2 5 85 109 71 80 66 44 58 40 58 62 94 77 121 167 445 805 796 760 809 978 978 1064 1005 1131 1148 1243 1225 1298 1276 1187 1070 1014 722 1039
 ... : 5 3 10 5 31 17 14 13 4 11 2 5 85 109 71 80 66 44 58 40 58 62 94 77 121 167 445 805 796 760 809 978 978 1064 1005 1131 1148 1243 1225 1302 1284 1201 1102 1049 743 1052
 ... : 5 3 10 5 31 17 14 13 4 11 2 5 85 109 71 80 66 44 58 40 58 62 94 77 121 167 445 805 796 760 809 978 978 1064 1005 1131 1149 1247 1242 1340 1318 1238 1113 1052 743 1056
 ... : 5 3 10 5 31 17 14 13 4 11 2 5 85 109 71 80 66 44 58 40 58 62 94 77 121 167 445 805 796 760 809 978 980 1065 1010 1140 1162 1263 1261 1370 1337 1245 1113 1052 743 1057
 ... : 5 3 10 5 31 17 14 13 4 11 2 5 85 109 71 80 66 44 58 40 58 62 94 77 121 167 445 805 796 760 809 978 980 1065 1010 1140 1163 1265 1266 1376 1343 1254 1126 1055 744 1057
 ... : 5 3 10 5 31 17 14 13 4 11 2 5 85 109 71 80 66 44 58 40 58 62 94 77 121 167 445 805 796 760 809 979 989 1069 1013 1150 1176 1272 1273 1381 1349 1250 1125 1061 747 1058
 ... : 5 3 10 5 31 17 14 13 4 11 2 5 85 109 71 80 66 44 58 40 58 62 94 77 121 167 445 805 796 760 809 979 989 1075 1024 1178 1197 1292 1279 1396 1359 1255 1126 1061 747 1061
 ... : 5 3 10 5 31 17 14 13 4 11 2 5 85 109 71 80 66 44 58 40 58 62 94 77 121 167 445 805 796 760 809 979 989 1074 1025 1175 1209 1297 1279 1399 1363 1273 1133 1067 750 1063
 ... : 5 3 10 5 31 17 14 13 4 11 2 5 85 109 71 80 66 44 58 40 58 62 94 77 121 167 445 805 796 760 809 979 989 1074 1025 1177 1210 1306 1291 1405 1372 1283 1152 1090 765 1071
 ... : 5 3 10 5 31 17 14 13 4 11 2 5 85 109 71 80 66 44 58 40 58 62 94 77 121 167 445 805 796 760 809 979 989 1074 1025 1177 1210 1306 1291 1405 1371 1290 1162 1097 802 1115
 ... : 5 3 10 5 31 17 14 13 4 11 2 5 85 109 71 80 66 44 58 40 58 62 94 77 121 167 445 805 796 760 809 979 989 1074 1025 1171 1204 1306 1300 1416 1380 1303 1170 1106 804 1117
 ... : 5 3 10 5 31 17 14 13 4 11 2 5 85 109 71 80 66 44 58 40 58 62 94 77 121 167 445 805 796 760 809 980 993 1078 1029 1175 1212 1321 1308 1427 1375 1310 1171 1107 804 1118
 ... : 5 3 10 5 31 17 14 13 4 11 2 5 85 109 71 80 66 44 58 40 58 62 94 77 121 167 445 805 796 760 809 980 993 1078 1028 1175 1215 1331 1316 1425 1380 1309 1173 1111 812 1122
 ... : 5 3 10 5 31 17 14 13 4 11 2 5 85 109 71 80 66 44 58 40 58 62 94 77 121 167 445 805 796 760 809 980 993 1078 1028 1175 1215 1330 1318 1428 1384 1330 1198 1154 851 1160
 ... : 5 3 10 5 31 17 14 13 4 11 2 5 85 109 71 80 66 44 58 40 58 62 94 77 121 167 445 805 796 760 809 980 993 1078 1028 1174 1212 1333 1325 1442 1403 1346 1207 1163 859 1174
 ... : 5 3 10 5 31 17 14 13 4 11 2 5 85 109 71 80 66 44 58 40 58 62 94 77 121 167 445 805 796 760 809 980 993 1082 1034 1179 1219 1345 1341 1451 1407 1356 1214 1163 859 1204
 ... : 5 3 10 5 31 17 14 13 4 11 2 5 85 109 71 80 66 44 58 40 58 62 94 77 121 167 445 805 796 760 809 980 993 1082 1035 1181 1223 1362 1362 1458 1416 1356 1214 1163 859 1269
 ... : 5 3 10 5 31 17 14 13 4 11 2 5 85 109 71 80 66 44 58 40 58 62 94 77 121 167 445 805 796 760 809 981 994 1084 1037 1182 1224 1373 1370 1491 1441 1381 1228 1174 861 1285
 ... : 5 3 10 5 31 17 14 13 4 11 2 5 85 109 71 80 66 44 58 40 58 62 94 77 121 167 445 805 796 760 809 981 994 1084 1037 1183 1232 1388 1388 1516 1456 1389 1243 1190 866 1287
 ... : 5 3 10 5 31 17 14 13 4 11 2 5 85 109 71 80 66 44 58 40 58 62 94 77 121 167 445 805 796 760 809 981 994 1084 1037 1183 1232 1390 1395 1533 1485 1424 1267 1208 882 1290
 ... : 5 3 10 5 31 17 14 13 4 11 2 5 85 109 71 80 66 44 58 40 58 62 94 77 121 167 445 805 796 760 809 981 994 1084 1037 1183 1232 1389 1393 1532 1489 1432 1282 1242 932 1332
 ... : 5 3 10 5 31 17 14 13 4 11 2 5 85 109 71 80 66 44 58 40 58 62 94 77 121 167 445 805 796 760 809 981 994 1084 1037 1183 1232 1389 1393 1530 1506 1451 1303 1269 940 1351
 ... : 5 3 10 5 31 17 14 13 4 11 2 5 85 109 71 80 66 44 58 40 58 62 94 77 121 167 445 805 796 760 809 981 995 1089 1043 1189 1240 1398 1399 1532 1510 1455 1309 1270 947 1353
 ... : 5 3 10 5 31 17 14 13 4 11 2 5 85 109 71 80 66 44 58 40 58 62 94 77 121 167 445 805 796 761 819 994 1004 1105 1067 1220 1254 1411 1407 1533 1510 1455 1309 1270 947 1353
 ... : 5 3 10 5 31 17 14 13 4 11 2 5 85 109 71 80 66 44 58 40 58 62 94 77 121 167 445 805 796 761 819 995 1011 1106 1069 1230 1270 1428 1420 1541 1513 1456 1309 1270 947 1354
 ... : 5 3 10 5 31 17 14 13 4 11 2 5 85 109 71 80 66 44 58 40 58 62 94 77 121 167 445 805 796 761 819 995 1009 1106 1069 1231 1280 1445 1425 1549 1519 1483 1324 1271 948 1355
 ... : 5 3 10 5 31 17 14 13 4 11 2 5 85 109 71 80 66 44 58 40 58 62 94 77 121 167 445 805 796 761 819 995 1009 1106 1069 1231 1279 1451 1432 1543 1510 1503 1349 1287 951 1355
 ... : 5 3 10 5 31 17 14 13 4 11 2 5 85 109 71 80 66 44 58 40 58 62 94 77 121 167 445 805 796 761 819 995 1009 1106 1069 1233 1283 1454 1436 1541 1511 1510 1355 1318 982 1360
 ... : 5 3 10 5 31 17 14 13 4 11 2 5 85 109 71 80 66 44 58 40 58 62 94 77 121 167 445 805 796 761 819 995 1009 1106 1069 1233 1282 1454 1436 1545 1512 1515 1364 1333 1011 1401
 ... : 5 3 10 5 31 17 14 13 4 11 2 5 85 109 71 80 66 44 58 40 58 62 94 75 121 167 445 805 796 761 819 1000 1024 1109 1075 1240 1310 1489 1479 1582 1525 1516 1364 1333 1011 1417
 ... : 5 3 10 5 31 17 14 13 4 11 2 5 85 109 71 80 66 44 58 40 58 62 94 73 121 167 443 805 796 761 819 1000 1024 1108 1077 1246 1322 1522 1522 1621 1540 1516 1364 1333 1011 1429
 ... : 5 3 10 5 31 17 14 13 4 11 2 5 85 109 71 80 66 44 58 40 58 62 94 73 118 166 440 803 796 761 819 1000 1024 1108 1077 1246 1316 1526 1544 1624 1574 1548 1371 1333 1011 1434
 ... : 5 3 10 5 31 17 14 13 4 11 2 5 85 109 71 80 66 44 58 40 58 62 94 73 118 166 440 803 796 761 819 1000 1024 1108 1077 1247 1324 1561 1575 1654 1599 1559 1372 1333 1011 1438
 ... : 5 3 10 5 31 17 14 13 4 11 2 5 85 109 71 80 66 44 58 40 58 62 94 73 118 166 440 803 796 761 819 1000 1025 1107 1078 1255 1327 1566 1576 1656 1604 1600 1391 1338 1013 1447
 ... : 5 3 10 5 31 17 14 13 4 11 2 5 85 109 71 80 66 44 58 40 58 62 94 73 118 166 440 818 805 770 828 1005 1027 1105 1089 1265 1332 1569 1580 1656 1604 1601 1391 1340 1013 1451
 ... : 5 3 10 5 31 17 14 13 4 11 2 5 85 109 71 80 66 44 58 40 58 62 94 73 118 166 441 821 813 771 825 1004 1023 1125 1117 1303 1365 1592 1590 1656 1604 1601 1391 1340 1013 1452
 ... : 5 3 10 5 31 17 14 13 4 11 2 5 85 109 71 80 66 44 58 40 58 62 94 73 118 166 441 821 813 771 825 1004 1023 1126 1116 1300 1373 1614 1609 1680 1630 1603 1391 1340 1013 1452
 ... : 5 3 10 5 31 17 14 13 4 11 2 5 85 109 71 80 66 44 58 40 58 62 94 73 118 166 441 821 813 771 826 1012 1036 1136 1121 1307 1379 1620 1611 1689 1632 1603 1391 1340 1013 1457
 ... : 5 3 10 5 31 17 14 13 4 11 2 5 85 109 71 80 66 44 58 40 58 62 94 73 118 166 441 821 813 771 826 1011 1035 1130 1115 1309 1378 1622 1626 1700 1640 1604 1391 1340 1013 1457
 ... : 5 3 10 5 31 17 14 13 4 11 2 5 85 109 71 80 66 44 58 40 58 62 94 73 118 166 441 821 813 772 832 1023 1051 1139 1123 1308 1383 1634 1639 1723 1662 1611 1393 1340 1013 1457
 ... : 5 3 10 5 31 17 14 13 4 11 2 5 85 109 71 80 66 44 58 40 58 62 94 73 118 166 441 820 813 772 832 1023 1050 1138 1121 1305 1390 1626 1643 1713 1662 1651 1429 1344 1014 1459
 ... : 5 3 10 5 31 17 14 13 4 11 2 5 85 109 71 80 66 44 58 40 58 62 94 73 118 166 441 820 813 772 832 1023 1050 1138 1126 1309 1392 1628 1644 1717 1668 1669 1464 1372 1017 1469
 ... : 5 3 10 5 31 17 14 13 4 11 2 5 85 109 71 80 66 44 58 40 58 62 94 73 118 166 441 820 813 772 832 1023 1050 1138 1125 1309 1391 1627 1641 1710 1678 1678 1501 1406 1022 1482
 ... : 5 3 10 5 31 17 14 13 4 11 2 5 85 109 71 80 66 44 58 40 58 62 94 73 118 166 441 820 830 778 848 1059 1102 1184 1159 1327 1393 1627 1641 1710 1678 1678 1501 1406 1022 1482
 ... : 5 3 10 5 31 17 14 13 4 11 2 5 85 109 71 80 66 44 58 40 58 62 94 73 118 166 441 820 830 778 848 1059 1108 1176 1204 1347 1421 1660 1645 1720 1666 1678 1501 1406 1022 1482
 ... : 5 3 10 5 31 17 14 13 4 11 2 5 85 109 71 80 66 44 58 40 58 62 94 73 118 166 441 820 822 777 843 1049 1102 1168 1203 1357 1429 1670 1653 1726 1674 1678 1502 1406 1022 1496
 ... : 5 3 10 5 31 17 14 13 4 11 2 5 85 109 71 80 66 44 58 40 58 62 94 73 118 166 441 820 822 777 839 1041 1067 1149 1135 1317 1394 1608 1602 1693 1634 1641 1475 1401 1041 1497
 ... : 5 3 10 5 31 17 14 13 4 11 2 5 85 109 71 80 66 44 58 40 58 62 94 73 118 166 441 820 822 777 839 1041 1066 1148 1134 1316 1398 1615 1607 1699 1652 1670 1505 1419 1065 1526
 ... : 5 3 10 5 31 17 14 13 4 11 2 5 85 109 71 80 66 44 58 40 58 62 94 73 118 166 441 820 822 777 839 1041 1066 1148 1134 1316 1398 1614 1606 1698 1659 1676 1508 1439 1107 1563
 ... : 5 3 10 5 31 17 14 13 4 11 2 5 85 109 71 80 66 44 58 40 58 62 94 73 118 166 441 820 822 777 839 1044 1075 1155 1138 1317 1402 1622 1628 1720 1671 1692 1509 1439 1125 1608
 ... : 5 3 10 5 31 17 14 13 4 11 2 5 85 109 71 80 66 44 58 40 58 62 94 73 118 166 441 820 822 777 839 1054 1106 1181 1172 1337 1431 1626 1628 1720 1671 1692 1509 1439 1125 1608
 ... : 5 3 10 5 31 17 14 13 4 11 2 5 85 109 71 80 66 44 58 40 58 62 94 73 118 166 441 820 822 777 839 1060 1116 1196 1188 1364 1458 1646 1635 1724 1671 1692 1509 1439 1125 1608
 ... : 5 3 10 5 31 17 14 13 4 11 2 5 85 109 71 80 66 44 58 40 58 62 94 73 118 166 441 820 822 777 839 1060 1116 1196 1188 1365 1459 1648 1639 1734 1685 1704 1527 1451 1148 1622
 ... : 5 3 10 5 31 17 14 13 4 11 2 5 85 109 71 80 66 44 58 40 58 62 94 73 118 166 441 820 822 777 839 1060 1116 1200 1194 1370 1468 1664 1650 1745 1692 1719 1533 1453 1175 1641
 ... : 5 3 10 5 31 17 14 13 4 11 2 5 85 109 71 80 66 44 58 40 58 62 94 73 118 166 441 820 822 777 839 1056 1116 1201 1219 1397 1487 1708 1675 1765 1696 1722 1536 1454 1175 1641
 ... : 5 3 10 5 31 17 14 13 4 11 2 5 85 109 71 80 66 44 58 40 58 62 94 73 118 166 441 820 822 777 839 1056 1115 1198 1205 1392 1473 1711 1709 1758 1687 1722 1536 1454 1175 1641
 ... : 5 3 10 5 31 17 14 13 4 11 2 5 85 109 71 80 66 44 58 40 58 62 94 73 118 166 441 820 822 777 839 1054 1130 1228 1233 1425 1485 1720 1705 1762 1684 1721 1541 1451 1175 1641
 ... : 5 3 10 5 31 17 14 13 4 11 2 5 85 109 71 80 66 44 58 40 58 62 94 73 118 166 441 820 822 777 839 1051 1127 1231 1238 1441 1495 1737 1721 1775 1702 1733 1541 1451 1175 1642
 ... : 5 3 10 5 31 17 14 13 4 11 2 5 85 109 71 80 66 44 58 40 58 62 94 73 118 166 441 820 822 777 839 1051 1127 1231 1238 1441 1495 1736 1719 1774 1704 1748 1547 1470 1220 1663
 ... : 5 3 10 5 31 17 14 13 4 11 2 5 85 109 71 80 66 44 58 40 58 62 94 73 118 166 441 820 822 777 839 1051 1127 1231 1238 1441 1498 1743 1742 1795 1730 1754 1575 1488 1220 1663
 ... : 5 3 10 5 31 17 14 13 4 11 2 5 85 109 71 80 66 44 58 40 58 62 94 73 118 166 441 820 822 777 839 1051 1127 1233 1245 1457 1503 1759 1752 1820 1748 1765 1576 1488 1220 1663
 ... : 5 3 10 5 31 17 14 13 4 11 2 5 85 109 71 80 66 44 58 40 58 62 94 73 118 166 441 820 822 777 839 1051 1127 1233 1245 1457 1503 1759 1752 1815 1742 1762 1580 1494 1246 1683
 ... : 5 3 10 5 31 17 14 13 4 11 2 5 85 109 71 80 66 44 58 40 58 62 94 73 118 166 441 820 822 777 839 1051 1127 1233 1244 1456 1501 1757 1748 1807 1746 1756 1591 1504 1248 1692
 ... : 5 3 10 5 31 17 14 13 4 11 2 5 85 109 71 80 66 44 58 40 58 62 94 73 118 166 441 820 822 782 853 1055 1131 1242 1246 1460 1501 1759 1749 1804 1752 1765 1584 1510 1257 1693
 ... : 5 3 10 5 31 17 14 13 4 11 2 5 85 109 71 80 66 44 58 40 58 62 94 73 118 166 441 820 822 782 869 1077 1202 1317 1280 1469 1501 1759 1749 1804 1752 1765 1584 1510 1257 1694
 ... : 5 3 10 5 31 17 14 13 4 11 2 5 85 109 71 80 66 44 58 40 58 62 94 73 118 166 441 820 822 783 881 1103 1220 1369 1285 1469 1501 1759 1749 1804 1752 1765 1584 1510 1257 1694
 ... : 5 3 10 5 31 17 14 13 4 11 2 5 85 109 71 80 66 44 58 40 58 62 94 73 118 166 441 820 822 784 884 1111 1202 1353 1292 1486 1517 1770 1750 1804 1752 1765 1584 1510 1257 1703
 ... : 5 3 10 5 31 17 14 13 4 11 2 5 85 109 71 80 66 44 58 40 58 62 94 73 118 166 441 820 822 784 884 1111 1203 1350 1302 1505 1538 1831 1800 1839 1756 1765 1584 1510 1257 1709
 ... : 5 3 10 5 31 17 14 13 4 11 2 5 85 109 71 80 66 44 58 40 58 62 94 73 118 166 441 820 822 784 884 1110 1203 1344 1302 1506 1540 1832 1828 1932 1817 1777 1584 1510 1257 1719
 ... : 5 3 10 5 31 17 14 13 4 11 2 5 85 109 71 80 66 44 58 40 58 62 94 73 118 166 441 820 822 782 874 1102 1202 1351 1288 1494 1533 1829 1836 1933 1817 1779 1584 1510 1257 1726
 ... : 5 3 10 5 31 17 14 13 4 11 2 5 85 109 71 80 66 44 58 40 58 62 94 73 118 166 441 820 822 782 872 1098 1203 1351 1288 1493 1534 1816 1814 1909 1861 1837 1597 1510 1257 1736
 ... : 5 3 10 5 31 17 14 13 4 11 2 5 85 109 71 80 66 44 58 40 58 62 94 73 118 166 441 820 822 782 872 1097 1194 1336 1282 1491 1533 1815 1809 1909 1862 1872 1644 1540 1265 1753
 ... : 5 3 10 5 31 17 14 13 4 11 2 5 85 109 71 80 66 44 58 40 58 62 94 73 118 166 441 820 822 782 872 1097 1194 1336 1282 1491 1532 1815 1817 1925 1898 1915 1687 1583 1300 1757
 ... : 5 3 10 5 31 17 14 13 4 11 2 5 85 109 71 80 66 44 58 40 58 62 94 73 118 166 441 820 822 782 872 1097 1194 1332 1278 1491 1535 1811 1824 1918 1898 1897 1700 1604 1306 1776
 ... : 5 3 10 5 31 17 14 13 4 11 2 5 85 109 71 80 66 44 58 40 58 62 94 73 118 166 441 820 822 782 872 1097 1194 1332 1278 1491 1535 1811 1824 1918 1896 1895 1702 1610 1316 1815
 ... : 5 3 10 5 31 17 14 13 4 11 2 5 85 109 71 80 66 44 58 40 58 62 94 73 118 166 441 820 822 781 866 1088 1180 1302 1277 1491 1535 1810 1820 1918 1896 1897 1706 1660 1359 1862
 ... : 5 3 10 5 31 17 14 13 4 11 2 5 85 109 71 80 66 44 58 40 58 62 94 73 118 166 441 820 822 781 866 1088 1180 1302 1277 1491 1535 1810 1823 1926 1900 1922 1735 1690 1395 1887
 ... : 5 3 10 5 31 17 14 13 4 11 2 5 85 109 71 80 66 44 58 40 58 62 94 73 118 166 441 820 822 780 861 1084 1150 1274 1264 1489 1532 1808 1826 1927 1898 1916 1739 1689 1395 1885
 ... : 5 3 10 5 31 17 14 13 4 11 2 5 85 109 71 80 66 44 58 40 58 62 94 73 118 166 441 820 822 780 860 1084 1149 1274 1262 1487 1530 1808 1826 1922 1890 1874 1679 1637 1388 1886
 ... : 5 3 10 5 31 17 14 13 4 11 2 5 85 109 71 80 66 44 58 40 58 62 94 73 118 166 441 820 822 780 860 1084 1148 1273 1262 1487 1527 1808 1824 1920 1890 1894 1695 1672 1419 1923
 ... : 5 3 10 5 31 17 14 13 4 11 2 5 85 109 71 80 66 44 58 40 58 62 94 73 118 166 441 820 822 780 860 1084 1148 1273 1262 1487 1529 1811 1830 1941 1912 1914 1715 1704 1443 1939
 ... : 5 3 10 5 31 17 14 13 4 11 2 5 85 109 71 80 66 44 58 40 58 62 94 73 118 166 443 818 821 778 863 1088 1150 1282 1278 1495 1539 1825 1842 1948 1920 1915 1715 1704 1443 1939
 ... : 5 3 10 5 31 17 14 13 4 11 2 5 85 109 71 80 66 44 58 40 58 62 94 73 118 166 443 818 821 778 863 1091 1150 1281 1281 1503 1551 1824 1860 1949 1921 1915 1715 1704 1443 1939
 ... : 5 3 10 5 31 17 14 13 4 11 2 5 85 109 71 80 66 44 58 40 58 62 94 73 118 166 443 818 821 778 863 1091 1157 1292 1291 1519 1557 1828 1860 1949 1921 1915 1715 1704 1443 1940
 ... : 5 3 10 5 31 17 14 13 4 11 2 5 85 109 71 80 66 44 58 40 58 62 94 73 118 166 443 818 821 778 863 1091 1155 1289 1292 1527 1576 1855 1869 1949 1921 1915 1715 1704 1443 1943
 ... : 5 3 10 5 31 17 14 13 4 11 2 5 85 109 71 80 66 44 58 40 58 62 94 73 118 166 443 818 821 778 863 1091 1154 1287 1285 1521 1583 1855 1879 1963 1926 1916 1715 1704 1443 1950
 ... : 5 3 10 5 31 17 14 13 4 11 2 5 85 109 71 80 66 44 58 40 58 62 94 73 118 166 445 839 835 833 900 1110 1161 1284 1285 1529 1593 1857 1879 1963 1926 1916 1715 1705 1443 1970
 ... : 5 3 10 5 31 17 14 13 4 11 2 5 85 109 71 80 66 44 58 40 58 62 94 73 118 167 445 839 838 839 902 1108 1166 1298 1301 1541 1598 1865 1880 1963 1926 1916 1715 1705 1443 1970
 ... : 5 3 10 5 31 17 14 13 4 11 2 5 85 109 71 80 66 44 58 40 58 62 94 73 118 167 445 839 838 840 904 1113 1174 1315 1330 1579 1626 1872 1883 1967 1928 1919 1716 1705 1442 1990
 ... : 5 3 10 5 31 17 14 13 4 11 2 5 85 109 71 80 66 44 58 40 58 62 94 73 118 167 445 839 838 842 907 1118 1178 1331 1365 1616 1713 1912 1888 1968 1928 1919 1716 1705 1442 1991
 ... : 5 3 10 5 31 17 14 13 4 11 2 5 85 109 71 80 66 44 58 40 58 62 94 73 118 167 445 839 838 842 907 1117 1178 1339 1372 1633 1734 1929 1891 1972 1930 1919 1716 1705 1442 1991
 ... : 5 3 10 5 31 17 14 13 4 11 2 5 85 109 71 80 66 44 58 40 58 62 94 73 118 167 445 839 838 842 906 1117 1177 1340 1383 1641 1743 1962 1934 1976 1931 1919 1716 1705 1442 1991
 ... : 5 3 10 5 31 17 14 13 4 11 2 5 85 109 71 80 66 44 58 40 58 62 94 73 118 167 445 839 838 848 948 1164 1216 1382 1397 1656 1752 1968 1940 1979 1931 1919 1716 1705 1442 1991
 ... : 5 3 10 5 31 17 14 13 4 11 2 5 85 109 71 80 66 44 58 40 58 62 94 73 118 167 445 839 838 847 953 1171 1217 1387 1423 1694 1794 1977 1940 1979 1931 1919 1716 1705 1442 1992
 ... : 5 3 10 5 31 17 14 13 4 11 2 5 85 109 71 80 66 44 58 40 58 62 94 73 118 167 445 839 838 847 949 1169 1221 1403 1441 1706 1800 1979 1940 1979 1931 1919 1716 1705 1442 1995
 ... : 5 3 10 5 31 17 14 13 4 11 2 5 85 109 71 80 66 44 58 40 58 62 94 73 118 167 445 840 838 846 945 1173 1230 1417 1453 1719 1806 1986 1941 1979 1931 1919 1716 1705 1442 1996
 ... : 5 3 10 5 31 17 14 13 4 11 2 5 85 109 71 80 66 44 58 40 58 62 94 73 118 167 445 837 834 842 954 1188 1241 1420 1459 1724 1808 1994 1950 1982 1931 1919 1716 1705 1442 1996
