initialized model with 4708 latches, 462 inputs and 1 properties
tsim: performed 224 steps
tsim: found 109 constants and 1 latch equivalences
seqsimpl: (4708, 462) -> (3707, 252)
checking bound 0
checking bound 1
checking bound 2
tdecomp: unrolling 2 cycles
tsim: performed 223 steps
tdecomp: no improvement found, reverting original model
 ... : 200
 ... : 401
   2 : 214 343
   3 : 29 1 529
   4 : 29 1 220 309
 ... : 29 1 139 509
   5 : 5 1 1 253 476
 ... : 5 1 1 232 618
 ... : 5 1 1 234 692
   6 : 5 1 1 1 1 919
   7 : 5 1 1 1 1 69 850
   8 : 5 1 1 1 1 38 156 777
   9 : 5 1 1 1 1 34 10 156 780
 ... : 5 1 1 1 1 34 10 106 863
  10 : 5 1 1 1 1 32 10 21 167 792
 ... : 5 1 1 1 1 32 11 21 171 968
 ... : 5 1 1 1 1 32 11 21 172 1107
 ... : 5 1 1 1 1 32 11 21 172 1278
 ... : 5 1 1 1 1 32 11 21 173 1446
 ... : 5 1 1 1 1 32 11 21 173 1635
 ... : 5 1 1 1 1 32 11 21 173 1814
 ... : 5 1 1 1 1 32 11 21 172 1993
  11 : 5 1 1 1 1 30 12 21 154 1365 727
 ... : 5 1 1 1 1 30 12 21 154 1368 844
 ... : 5 1 1 1 1 30 12 21 154 1365 993
 ... : 5 1 1 1 1 30 12 21 154 1336 1138
 ... : 5 1 1 1 1 30 12 21 154 1323 1281
 ... : 5 1 1 1 1 30 12 21 154 1314 1446
 ... : 5 1 1 1 1 30 12 21 153 1287 1626
 ... : 5 1 1 1 1 30 12 21 151 1257 1817
 ... : 5 1 1 1 1 30 12 21 151 1256 1993
 ... : 5 1 1 1 1 30 12 21 151 1254 2128
 ... : 5 1 1 1 1 30 12 21 151 1253 2315
  12 : 5 1 1 1 1 29 11 22 19 168 1699 774
 ... : 5 1 1 1 1 29 11 22 19 168 1681 974
 ... : 5 1 1 1 1 29 11 22 19 168 1618 1175
 ... : 5 1 1 1 1 29 11 22 19 168 1606 1377
 ... : 5 1 1 1 1 29 11 22 19 168 1549 1578
 ... : 5 1 1 1 1 29 11 22 19 168 1464 1778
 ... : 5 1 1 1 1 29 11 22 19 168 1324 1979
 ... : 5 1 1 1 1 29 11 22 19 168 1178 2180
 ... : 5 1 1 1 1 29 11 22 19 168 1172 2381
 ... : 5 1 1 1 1 29 11 22 19 168 1136 2582
  13 : 5 1 1 1 1 29 11 22 19 168 855 2136 752
 ... : 5 1 1 1 1 29 11 22 19 168 855 2151 962
 ... : 5 1 1 1 1 29 11 22 19 168 855 2164 1180
 ... : 5 1 1 1 1 29 11 22 19 168 855 2177 1390
 ... : 5 1 1 1 1 29 11 22 19 168 857 2188 1547
 ... : 5 1 1 1 1 29 12 27 27 178 873 2065 1563
 ... : 5 1 1 1 1 29 13 27 28 183 885 2083 1597
 ... : 5 1 1 1 1 32 14 32 32 189 891 1945 1607
 ... : 5 1 1 1 1 32 14 32 32 189 891 1918 1786
 ... : 5 1 1 1 1 32 14 32 32 189 891 1842 1984
 ... : 5 1 1 1 1 32 14 32 32 189 891 1787 2182
 ... : 5 1 1 1 1 32 14 32 32 189 891 1658 2375
 ... : 5 1 1 1 1 32 14 32 32 189 891 1529 2570
 ... : 5 1 1 1 1 32 14 32 32 189 891 1430 2769
  14 : 5 1 1 1 1 31 11 29 28 185 876 275 2731 1262
 ... : 5 1 1 1 1 31 11 29 28 185 876 275 2799 1462
 ... : 5 1 1 1 1 31 11 29 28 184 876 279 2827 1633
 ... : 5 1 1 1 1 31 11 29 28 185 879 286 2834 1579
 ... : 5 1 1 1 1 31 11 29 28 185 879 286 2847 1774
 ... : 5 1 1 1 1 31 11 29 28 185 874 288 2846 1922
 ... : 5 1 1 1 1 30 10 29 28 186 877 301 2863 1921
 ... : 5 1 1 1 1 30 9 33 32 190 879 305 2704 2040
  15 : 5 1 1 1 1 30 8 31 25 179 163 224 226 3145 1253
 ... : 5 1 1 1 1 30 8 31 25 179 163 224 226 3144 1452
 ... : 5 1 1 1 1 30 8 31 25 179 163 224 226 3144 1653
 ... : 5 1 1 1 1 30 8 31 25 179 163 224 226 3142 1854
 ... : 5 1 1 1 1 30 8 31 25 179 163 224 226 3149 2013
 ... : 5 1 1 1 1 30 8 31 25 179 163 224 226 3149 2211
 ... : 5 1 1 1 1 30 8 31 25 179 163 224 230 3155 2370
 ... : 5 1 1 1 1 30 8 31 25 179 163 224 232 3157 2559
 ... : 5 1 1 1 1 30 8 31 25 179 163 224 236 3173 2719
 ... : 5 1 1 1 1 30 8 31 25 179 163 224 238 3187 2856
 ... : 5 1 1 1 1 30 8 31 27 183 166 227 243 3194 2861
 ... : 5 1 1 1 1 30 8 31 27 183 166 227 243 3078 2633
 ... : 5 1 1 1 1 30 8 31 27 183 166 227 243 2959 2808
