initialized model with 5606 latches, 125 inputs and 1 properties
tsim: performed 122 steps
tsim: found cycle from 97
tsim: found 3235 constants and 298 latch equivalences
seqsimpl: (5606, 125) -> (448, 23)
checking bound 0
checking bound 1
checking bound 2
tdecomp: unrolling 2 cycles
tsim: performed 45 steps
tsim: found cycle from 40
tsim: found 1 constants and 0 latch equivalences
seqsimpl: found 1 latch equivalences
tdecomp: (448, 92) -> (446, 41)
   2 : 1 0
   3 : 1 1 1
   4 : 1 1 1 0
   5 : 1 2 1 2 6
   6 : 1 2 1 2 1 5
   7 : 1 2 1 2 1 1 4
   8 : 1 2 1 2 1 1 2 4
   9 : 1 2 1 2 1 2 1 1 13
  10 : 1 2 1 2 1 2 1 1 1 12
  11 : 1 2 1 2 1 2 1 2 1 1 14
  12 : 1 2 1 2 1 2 1 2 1 1 1 13
 ... : 3 3 6 9 10 9 10 7 8 5 16 25
 ... : 3 3 6 10 11 12 15 10 15 8 25 87
 ... : 3 4 8 12 15 16 19 16 21 20 31 123
 ... : 3 4 13 13 16 14 24 25 31 28 42 155
 ... : 3 4 19 15 18 14 31 31 38 41 52 171
 ... : 3 4 20 17 21 17 35 38 42 50 64 188
 ... : 9 7 32 21 27 20 45 48 49 55 65 213
tdecomp: completing cex trace with 2 initial steps
seqsimpl: completing cex trace with simulation
num_solve_calls = 32504
num_solve_sat_calls = 10911
num_solve_unsat_calls = 1628
num_solve_approx_calls = 12957
num_solve_approx_unsat_calls = 7497
num_solve_conflicts = 4234
num_solve_decisions = 2164470
num_solve_propagations = 11195917
avg_solve_conflicts = 1
avg_solve_decisions = 67
avg_solve_propagations = 345
avg_solve_unsat_decisions = 0.537
stddev_solve_unsat_decisions = 1.756
num_added_cubes = 955
num_subsumed_cubes = 295
num_mic_down_calls = 4212
num_mic_down_good = 928
num_added_ctgs = 181
num_gc_frame = 54
num_reset = 2
num_try_blocking = 9434
get_bad_cube_time = 0.015
rec_block_cube_time = 2.736
propagate_forward_time = 0.011
generalize_model_time = 0.521
generalize_and_push_time = 2.188
ctg_time = 0.764
try_blocking_time = 2.625
reset_time = 0.037
clausify_time = 0.185
preprocess_time = 0.022
solve_time = 2.339
solve_sat_time = 1.810
solve_unsat_time = 0.529
prove_time = 2.938
memory_used_mb = 16
total_time = 3.280
Unsafe
