initialized model with 29494 latches, 1121 inputs and 1 properties
tsim: performed 17 steps
tsim: found cycle from 15
tsim: found 770 constants and 221 latch equivalences
seqsimpl: (29494, 1121) -> (21864, 1091)
checking bound 0
checking bound 1
checking bound 2
tdecomp: unrolling 2 cycles
tsim: performed 14 steps
tsim: found cycle from 12
tsim: found 10 constants and 0 latch equivalences
tdecomp: (21864, 4364) -> (21854, 1149)
   2 : 22 47
 ... : 35 137
 ... : 47 245
   3 : 67 28 257
   4 : 65 25 96 205
   5 : 65 21 92 32 263
   6 : 65 21 92 30 29 306
 ... : 67 27 97 31 20 350
   7 : 68 30 104 38 26 40 344
 ... : 69 32 108 47 37 64 381
 ... : 75 36 112 52 41 74 413
 ... : 98 44 125 65 48 74 458
 ... : 103 55 152 94 51 74 546
 ... : 108 57 168 110 66 74 587
   8 : 107 48 162 114 63 32 91 585
 ... : 107 48 162 116 68 41 88 639
 ... : 124 49 162 121 74 53 92 689
 ... : 129 53 174 125 85 62 96 718
 ... : 131 55 176 129 87 71 95 759
 ... : 132 55 183 130 93 87 102 774
 ... : 135 55 188 130 100 110 109 797
 ... : 134 56 189 135 100 113 112 846
 ... : 134 56 192 153 108 114 112 898
 ... : 134 56 198 170 113 116 112 955
 ... : 134 57 204 181 113 116 112 1024
 ... : 134 57 205 220 114 116 112 1088
 ... : 135 57 207 225 115 119 114 1110
 ... : 135 57 208 234 130 119 114 1158
 ... : 134 58 211 271 174 129 115 1208
 ... : 134 58 214 286 207 172 115 1230
 ... : 134 59 220 322 276 217 143 1258
 ... : 141 63 231 335 293 225 152 1283
 ... : 142 65 242 338 304 259 187 1304
 ... : 142 65 242 340 333 282 211 1325
 ... : 142 65 243 354 368 337 260 1358
 ... : 143 65 244 359 426 413 302 1401
 ... : 143 65 244 344 419 407 347 1446
 ... : 143 65 244 338 427 423 405 1512
 ... : 143 65 244 339 435 427 449 1594
 ... : 143 65 244 343 523 461 454 1630
 ... : 143 65 244 342 572 474 441 1656
 ... : 143 65 244 342 575 506 479 1698
 ... : 143 65 244 342 583 525 489 1740
 ... : 143 64 242 354 612 533 491 1801
 ... : 143 64 243 367 675 546 494 1848
 ... : 143 64 244 373 716 572 498 1900
 ... : 143 64 244 377 748 627 531 1936
 ... : 143 64 244 379 763 677 578 1977
 ... : 143 64 244 379 774 720 607 2011
 ... : 143 64 244 379 782 769 641 2049
 ... : 143 64 244 387 802 795 668 2086
 ... : 143 64 244 387 811 853 709 2122
 ... : 143 64 244 387 826 888 722 2152
