initialized model with 1931 latches, 343 inputs and 1 properties
tsim: performed 10 steps
tsim: found cycle from 8
tsim: found 0 constants and 1 latch equivalences
seqsimpl: (1931, 343) -> (1930, 343)
checking bound 0
checking bound 1
checking bound 2
tdecomp: unrolling 2 cycles
tsim: performed 8 steps
tsim: found cycle from 6
tsim: found 2 constants and 0 latch equivalences
seqsimpl: found 2 latch equivalences
tdecomp: (1930, 1372) -> (1926, 813)
 ... : 200
 ... : 401
 ... : 602
 ... : 803
 ... : 1004
 ... : 1205
 ... : 1406
 ... : 1607
 ... : 1808
   2 : 1328 631
 ... : 1396 832
 ... : 1445 1029
 ... : 1498 1231
 ... : 1603 1438
 ... : 1709 1610
 ... : 1768 1781
   3 : 1374 1074 1116
 ... : 1374 1154 1328
 ... : 1374 1233 1546
 ... : 1374 1282 1753
 ... : 1374 1336 1959
 ... : 1373 1382 2143
 ... : 1374 1460 2297
 ... : 1368 1520 2453
 ... : 1364 1546 2600
   4 : 1295 1074 1951 1209
 ... : 1295 1073 2030 1442
 ... : 1295 1073 2055 1659
 ... : 1295 1072 2089 1870
 ... : 1294 1073 2143 2064
 ... : 1292 1076 2177 2260
 ... : 1291 1074 2185 2472
 ... : 1290 1072 2229 2649
 ... : 1290 1072 2269 2862
 ... : 1290 1071 2340 3070
 ... : 1288 1070 2429 3280
 ... : 1287 1072 2488 3451
   5 : 1252 1019 1767 2205 2194
 ... : 1252 1018 1766 2314 2405
 ... : 1252 1018 1766 2384 2611
 ... : 1251 1018 1765 2469 2825
 ... : 1251 1018 1764 2565 3034
 ... : 1251 1018 1764 2652 3240
 ... : 1251 1018 1764 2724 3443
 ... : 1251 1018 1761 2808 3647
 ... : 1251 1018 1757 2908 3851
 ... : 1251 1018 1757 2993 4061
 ... : 1251 1018 1757 3123 4265
 ... : 1251 1018 1758 3198 4470
   6 : 1242 1007 1712 2716 2679 2433
 ... : 1242 1007 1712 2715 2917 2640
 ... : 1242 1007 1712 2714 3195 2850
 ... : 1242 1007 1712 2714 3441 3053
 ... : 1242 1007 1712 2713 3721 3258
 ... : 1242 1007 1712 2712 4007 3466
 ... : 1242 1007 1711 2710 4227 3678
 ... : 1242 1007 1710 2710 4401 3880
 ... : 1242 1007 1709 2710 4638 4080
   7 : 1235 1000 1698 2670 4285 2380 2424
 ... : 1235 1000 1698 2670 4285 2473 2639
 ... : 1235 1000 1698 2670 4285 2623 2861
 ... : 1235 1000 1698 2670 4283 2809 3073
 ... : 1235 1000 1698 2670 4293 2994 3281
 ... : 1235 1000 1698 2670 4295 3212 3500
   8 : 1235 1000 1696 2667 4272 2843 1355 2629
 ... : 1235 1000 1696 2667 4272 2838 1530 2834
 ... : 1235 1000 1696 2667 4272 2837 1693 3053
 ... : 1234 1000 1696 2667 4272 2836 1815 3260
 ... : 1234 1000 1696 2667 4272 2834 1932 3468
 ... : 1234 1000 1696 2666 4272 2833 2035 3682
   9 : 1232 1001 1695 2651 4277 2802 1569 1272 2958
 ... : 1232 1000 1695 2651 4277 2802 1566 1462 3188
 ... : 1232 1000 1695 2651 4277 2802 1564 1630 3415
 ... : 1232 1000 1695 2651 4276 2802 1564 1777 3631
 ... : 1232 1000 1695 2651 4275 2802 1564 1922 3861
  10 : 1232 1000 1695 2651 4273 2782 1536 1532 1080 3299
 ... : 1232 1000 1695 2651 4272 2781 1535 1529 1239 3519
 ... : 1232 1000 1695 2651 4269 2781 1534 1526 1376 3745
  11 : 1232 999 1692 2650 4269 2767 1508 1486 1200 597 3483
 ... : 1232 999 1692 2650 4269 2767 1508 1486 1197 765 3711
  12 : 1232 999 1692 2650 4267 2765 1503 1470 1187 709 407 3432
 ... : 1232 999 1692 2650 4267 2765 1501 1470 1181 703 648 3695
  13 : 1232 998 1692 2650 4265 2752 1491 1455 1140 679 586 392 3538
  14 : 1232 997 1691 2648 4259 2751 1481 1442 1127 654 554 448 240 3685
  15 : 1232 997 1691 2648 4257 2750 1481 1441 1126 650 543 404 186 153 3685
  16 : 1232 997 1691 2648 4257 2744 1481 1432 1123 644 536 392 160 116 82 3726
  17 : 1232 996 1692 2648 4256 2744 1482 1432 1123 642 536 391 148 105 48 198 3613
  18 : 1232 996 1692 2647 4252 2744 1474 1427 1117 648 527 385 142 87 38 94 95 3763
  19 : 1232 996 1692 2647 4252 2743 1470 1425 1114 646 530 375 136 71 24 43 36 62 3898
  20 : 1232 996 1692 2647 4252 2743 1470 1425 1112 646 527 375 133 68 22 41 31 33 171 3790
  21 : 1232 990 1689 2613 4247 2757 1470 1425 1112 643 525 375 117 54 7 3 4 14 34 29 4117
  22 : 1232 990 1689 2613 4247 2757 1470 1425 1112 643 524 375 116 54 7 2 4 13 23 12 90 4066
  23 : 1232 990 1689 2613 4244 2759 1471 1425 1112 643 524 375 116 54 7 2 4 12 23 9 56 75 4040
  24 : 1232 990 1689 2613 4244 2758 1470 1425 1112 642 525 375 115 54 7 2 4 12 21 4 36 39 109 4004
  25 : 1232 990 1689 2613 4244 2758 1470 1425 1112 639 527 374 115 54 7 2 4 12 21 4 34 37 98 59 3964
  26 : 1232 990 1689 2613 4244 2758 1470 1425 1112 639 527 374 115 54 7 2 4 12 21 4 34 21 20 18 29 4077
  27 : 1232 990 1689 2613 4244 2758 1470 1425 1112 639 527 374 115 54 6 2 4 11 21 3 32 20 20 15 17 66 4032
  28 : 1232 990 1689 2612 4245 2758 1470 1425 1111 640 527 372 115 54 6 2 4 11 21 3 31 20 20 15 12 47 194 3888
  29 : 1232 990 1689 2612 4245 2758 1470 1425 1111 640 527 372 115 54 6 2 4 11 20 3 31 15 14 11 10 32 129 104 3884
  30 : 1232 990 1689 2612 4244 2755 1470 1425 1111 640 525 372 115 53 6 2 3 8 9 3 30 15 14 4 0 34 129 107 3913 6
completing final invariant with sub-IC3 call...
num_solve_calls = 1506786
num_solve_sat_calls = 709795
num_solve_unsat_calls = 51710
num_solve_approx_calls = 978475
num_solve_approx_unsat_calls = 426405
num_solve_conflicts = 1248145
num_solve_decisions = 336650974
num_solve_propagations = 3685498191
avg_solve_conflicts = 1
avg_solve_decisions = 224
avg_solve_propagations = 2446
avg_solve_unsat_decisions = 2.184
stddev_solve_unsat_decisions = 33.211
num_added_cubes = 122876
num_subsumed_cubes = 99360
num_mic_down_calls = 134209
num_mic_down_good = 36457
num_added_ctgs = 10111
num_gc_frame = 184
num_reset = 74
num_try_blocking = 776437
get_bad_cube_time = 276.664
rec_block_cube_time = 431.695
propagate_forward_time = 345.944
generalize_model_time = 152.483
generalize_and_push_time = 397.134
ctg_time = 158.626
try_blocking_time = 692.598
reset_time = 13.008
clausify_time = 9.328
preprocess_time = 7.310
solve_time = 948.983
solve_sat_time = 769.818
solve_unsat_time = 179.165
prove_time = 1058.965
memory_used_mb = 44
total_time = 1128.813
Safe
