initialized model with 698 latches, 65 inputs and 1 properties
tsim: performed 61 steps
tsim: found cycle from 56
checking bound 0
checking bound 1
checking bound 2
tdecomp: unrolling 2 cycles
tsim: performed 59 steps
tsim: found cycle from 54
tsim: found 2 constants and 0 latch equivalences
tdecomp: (698, 260) -> (696, 184)
   2 : 23 98
   3 : 20 5 98
   4 : 20 4 5 95
   5 : 20 4 5 3 93
 ... : 14 4 6 17 147
 ... : 10 4 6 15 176
 ... : 12 4 6 17 208
   6 : 6 5 9 10 40 183
   7 : 6 5 9 10 43 24 208
   8 : 5 4 6 8 40 29 15 245
   9 : 5 4 6 8 40 29 15 12 241
 ... : 5 4 6 8 40 29 21 45 332
 ... : 5 4 6 8 40 42 36 59 401
 ... : 5 4 6 8 38 42 38 71 462
  10 : 6 5 7 11 37 34 36 38 62 436
  11 : 6 5 7 11 37 34 36 38 53 94 362
  12 : 6 5 7 11 37 34 36 38 49 46 45 433
  13 : 6 5 7 11 37 33 36 37 50 46 44 49 431
 ... : 6 5 7 11 37 33 36 37 50 48 56 82 529
 ... : 6 5 7 11 37 34 37 42 61 63 74 96 578
 ... : 6 5 9 11 45 44 41 45 62 68 77 104 600
 ... : 6 5 9 11 45 44 41 43 65 74 88 128 672
 ... : 6 5 9 11 43 43 40 43 67 80 91 146 698
 ... : 6 5 9 11 44 48 46 46 72 84 98 160 743
 ... : 6 5 9 10 45 47 47 43 59 84 109 182 795
  14 : 6 5 9 9 34 53 45 38 59 85 79 120 187 774
 ... : 6 5 9 9 34 53 45 38 59 87 83 124 229 867
  15 : 6 5 9 9 34 53 45 38 53 83 80 122 197 317 639
 ... : 6 5 9 9 34 53 45 38 53 85 82 123 209 362 766
  16 : 6 5 9 9 34 53 45 38 53 77 81 116 200 307 299 583
 ... : 6 5 9 9 34 53 45 38 53 77 82 121 208 328 347 662
 ... : 6 5 9 9 34 53 45 38 53 76 83 129 216 346 398 755
  17 : 5 4 8 8 33 52 36 38 53 77 76 126 198 333 317 279 583
 ... : 5 4 8 8 33 52 36 38 52 77 76 126 195 334 318 322 763
 ... : 5 4 8 8 33 52 36 38 52 77 76 126 195 343 332 379 839
 ... : 5 4 8 8 33 52 36 38 52 77 76 126 195 342 342 428 923
 ... : 5 4 8 8 33 52 36 38 52 77 76 127 199 363 357 476 993
 ... : 5 4 8 8 33 52 36 38 52 76 76 127 200 367 366 529 1057
 ... : 5 4 8 8 33 52 36 38 52 76 76 127 200 366 379 577 1139
 ... : 5 4 8 8 33 52 36 38 52 76 76 128 201 378 405 640 1232
 ... : 5 4 8 8 33 52 36 38 52 81 86 135 210 386 410 643 1239
 ... : 4 3 5 5 28 53 39 45 69 87 96 143 214 389 411 646 1244
 ... : 4 3 5 5 28 51 38 45 70 93 111 145 229 412 427 670 1265
 ... : 4 3 5 5 29 52 41 47 72 101 116 150 233 418 432 688 1308
 ... : 4 3 5 5 29 52 44 53 78 108 126 158 239 425 442 698 1325
 ... : 4 3 5 5 29 52 44 55 82 110 128 160 242 429 443 722 1377
 ... : 4 3 5 5 29 53 46 54 86 108 126 161 247 435 444 758 1428
 ... : 4 3 5 5 29 53 46 54 86 108 126 161 249 438 454 784 1516
 ... : 4 3 5 5 29 53 46 54 86 108 126 165 259 441 462 819 1556
 ... : 4 3 5 5 29 53 46 54 86 108 126 165 257 438 476 854 1631
 ... : 4 3 5 5 29 53 46 54 86 108 126 165 257 443 490 889 1693
 ... : 4 3 5 5 29 53 46 54 86 108 126 165 253 443 511 943 1766
 ... : 4 3 5 5 29 53 46 54 86 108 127 167 260 452 523 965 1803
 ... : 4 3 5 5 29 53 46 54 86 108 127 167 265 457 542 1015 1848
 ... : 4 3 5 5 29 53 46 54 86 108 133 173 287 468 565 1070 1877
 ... : 4 3 5 5 29 53 46 54 86 108 134 175 295 480 594 1127 1912
  18 : 4 3 5 5 27 33 28 50 83 105 121 139 234 329 403 484 863 1707
 ... : 4 3 5 5 27 33 28 50 83 105 121 139 234 329 401 480 872 1824
 ... : 4 3 5 5 27 33 28 50 83 105 122 142 239 332 408 485 886 1877
 ... : 4 3 5 5 27 33 28 52 85 108 124 142 242 327 397 485 902 1939
 ... : 4 3 5 5 27 33 28 52 85 108 124 139 239 324 390 484 955 2012
  19 : 4 3 5 5 26 33 25 46 89 87 106 107 206 230 319 437 639 751 1600
 ... : 4 3 5 5 26 33 25 46 89 87 106 108 209 233 320 438 643 760 1736
 ... : 4 3 5 5 26 33 25 46 89 87 106 108 211 236 325 442 658 790 1790
 ... : 4 3 5 5 26 33 25 46 89 87 106 109 214 238 328 443 674 802 1828
 ... : 4 3 5 5 26 33 25 46 89 87 106 109 214 238 329 440 680 793 1915
  20 : 4 3 5 5 24 31 23 46 92 87 103 101 190 201 328 369 589 632 597 1684
 ... : 4 3 5 5 24 31 23 46 92 87 103 101 190 201 328 369 590 639 648 1826
 ... : 4 3 5 5 24 31 23 46 92 87 103 101 189 201 324 362 578 644 677 1884
 ... : 4 3 5 5 24 31 23 46 92 87 103 101 189 202 324 362 579 662 711 1948
 ... : 4 3 5 5 24 31 23 46 92 87 103 101 189 201 325 358 574 662 793 2032
 ... : 4 3 5 5 24 31 23 46 92 87 103 101 189 204 322 356 574 650 821 2105
  21 : 4 3 5 5 24 31 23 46 92 86 97 101 172 177 279 274 518 550 608 753 1743
 ... : 4 3 5 5 24 31 23 46 92 86 97 101 172 177 279 272 514 548 622 784 1888
 ... : 4 3 5 5 24 31 23 46 92 86 97 101 172 177 279 272 514 547 626 803 1971
 ... : 4 3 5 5 24 31 23 46 92 86 97 101 172 177 279 272 513 546 622 824 2094
 ... : 4 3 5 5 24 31 23 46 92 86 97 101 172 177 279 272 517 547 623 839 2167
 ... : 4 3 5 5 24 31 23 46 92 88 101 102 173 178 280 275 520 550 621 847 2222
 ... : 4 3 5 5 24 31 23 46 92 88 103 108 175 181 283 278 526 552 626 862 2264
 ... : 4 3 5 5 24 31 23 46 94 90 105 110 179 194 288 285 532 557 630 865 2265
 ... : 4 3 5 5 24 31 23 46 94 90 105 110 181 199 292 289 538 562 638 879 2323
 ... : 4 3 5 5 24 31 23 46 94 90 105 110 181 198 291 287 538 563 642 932 2392
 ... : 4 3 5 5 24 31 23 46 94 90 105 110 181 198 290 287 538 564 649 963 2479
 ... : 4 3 5 5 24 31 23 46 94 90 105 110 181 198 290 286 539 567 659 978 2551
 ... : 4 3 5 5 24 31 23 46 94 90 105 110 181 198 289 286 537 567 664 1015 2634
 ... : 4 3 5 5 24 31 23 46 94 90 105 110 181 198 290 287 538 574 672 1057 2692
 ... : 4 3 5 5 24 31 23 46 94 90 105 110 180 197 290 285 534 569 677 1087 2770
 ... : 4 3 5 5 24 31 23 46 94 90 105 110 180 197 290 286 532 568 680 1133 2844
 ... : 4 3 5 5 24 31 23 46 94 90 105 110 180 197 289 284 535 575 684 1165 2900
 ... : 4 3 5 5 24 31 23 46 94 90 105 110 180 197 289 284 535 574 687 1215 2968
 ... : 4 3 5 5 24 31 23 46 94 90 105 110 179 197 290 284 537 578 692 1248 3002
 ... : 4 3 5 5 24 31 23 46 94 90 105 110 179 197 290 288 540 588 694 1299 3077
 ... : 4 3 5 5 24 31 23 46 94 90 105 110 179 197 290 285 537 584 692 1324 3132
 ... : 4 3 5 5 24 31 23 46 94 90 104 109 179 197 293 285 528 580 696 1343 3181
 ... : 4 3 5 5 24 31 23 46 94 90 104 109 179 197 294 289 528 589 702 1392 3228
 ... : 4 3 5 5 24 31 23 46 94 90 104 109 179 197 299 289 529 596 717 1410 3280
 ... : 4 3 5 5 24 31 23 46 94 90 104 109 179 196 297 288 529 596 720 1398 3313
  22 : 4 3 5 5 24 27 23 45 78 79 85 91 155 136 214 209 273 328 342 492 1030 3362
 ... : 4 3 5 5 24 27 23 45 78 79 85 91 155 136 214 209 273 329 343 489 1048 3513
  23 : 4 3 5 5 24 27 23 45 77 78 84 91 153 138 214 204 269 312 329 441 843 1020 2782
 ... : 4 3 5 5 24 27 23 45 77 78 84 91 153 138 214 204 269 312 329 443 845 1053 2909
 ... : 4 3 5 5 24 27 23 45 77 78 84 91 153 138 214 204 269 312 329 441 845 1081 3013
 ... : 4 3 5 5 24 27 23 45 77 78 84 91 153 138 214 204 269 311 328 435 809 1117 3120
  24 : 4 3 5 5 24 27 23 45 77 78 84 91 150 137 208 203 265 307 306 370 620 709 751 3072
 ... : 4 3 5 5 24 27 23 45 77 78 84 91 150 137 208 203 265 307 306 370 620 708 764 3180
 ... : 4 3 5 5 24 27 23 45 77 78 84 91 150 137 208 203 263 307 306 371 625 720 775 3269
 ... : 4 3 5 5 24 27 23 45 77 78 84 91 150 137 208 202 262 311 309 374 642 736 798 3335
 ... : 4 3 5 5 24 27 23 45 77 78 84 91 150 137 208 202 262 310 308 373 640 734 804 3460
 ... : 4 3 5 5 24 27 23 45 77 78 84 91 150 137 208 202 262 310 308 370 642 751 845 3551
  25 : 4 3 5 5 24 27 23 45 76 76 78 88 144 129 199 165 203 233 252 297 492 582 474 562 3174
 ... : 4 3 5 5 24 27 23 45 76 76 78 88 144 129 199 165 203 233 252 297 492 581 477 586 3287
 ... : 4 3 5 5 24 27 23 45 76 76 78 88 144 129 199 165 203 233 253 298 494 582 481 591 3337
 ... : 4 3 5 5 24 27 23 45 76 76 78 88 144 129 199 165 204 233 254 299 501 590 487 610 3384
 ... : 4 3 5 5 24 27 23 45 76 78 78 88 144 129 198 165 204 233 254 301 502 592 490 625 3453
 ... : 4 3 5 5 24 27 23 45 76 78 78 88 144 129 198 165 204 233 254 301 503 592 495 664 3549
 ... : 4 3 5 5 24 27 23 45 76 78 78 88 144 129 198 165 204 233 255 302 494 594 484 665 3581
 ... : 4 3 5 5 24 27 23 45 76 78 78 88 144 129 198 165 204 233 255 302 494 595 485 698 3679
 ... : 4 3 5 5 24 27 23 45 76 78 78 88 144 129 198 165 204 233 255 302 494 595 488 720 3762
 ... : 4 3 5 5 24 27 23 45 76 78 78 88 144 129 198 165 204 233 255 302 494 593 499 776 3858
 ... : 4 3 5 5 24 27 23 45 76 78 78 88 144 129 198 165 203 232 254 299 499 595 521 807 3904
 ... : 4 3 5 5 24 27 23 45 76 78 78 88 144 129 198 165 203 232 254 302 505 609 537 855 3950
 ... : 4 3 5 5 24 27 23 45 76 78 78 88 144 129 198 165 203 232 254 302 503 614 550 933 4020
 ... : 4 3 5 5 24 27 23 45 76 78 78 88 144 129 198 165 203 233 256 304 511 627 568 993 4057
 ... : 4 3 5 5 24 27 23 45 76 78 78 88 144 129 200 168 211 241 268 316 530 652 591 1022 4073
 ... : 4 3 5 5 24 27 23 45 76 78 78 88 144 131 207 170 213 243 275 326 544 661 619 1059 4100
 ... : 4 3 5 5 24 27 23 45 76 78 78 86 145 133 212 173 220 249 284 335 549 667 627 1075 4117
 ... : 4 3 5 5 24 27 23 45 76 78 78 86 145 133 212 173 222 255 291 338 556 687 645 1105 4144
 ... : 4 3 5 5 24 27 23 45 76 78 78 86 145 133 212 173 223 254 293 339 560 696 669 1147 4175
 ... : 4 3 5 5 24 27 23 45 76 78 78 86 145 133 212 174 225 255 294 340 563 699 685 1181 4215
 ... : 4 3 5 5 24 27 23 45 76 78 78 86 145 133 212 174 225 255 294 338 566 701 697 1228 4237
 ... : 4 3 5 5 24 27 23 45 76 78 78 86 145 135 215 180 244 269 309 349 577 723 719 1245 4251
 ... : 4 3 5 5 24 27 23 45 76 78 78 86 147 135 218 183 248 272 315 356 588 735 738 1260 4276
 ... : 4 3 5 5 24 27 23 45 76 78 78 86 147 135 218 183 248 272 314 355 589 741 746 1280 4346
 ... : 4 3 5 5 24 27 23 45 76 78 78 86 147 137 223 189 253 278 320 367 597 750 754 1297 4356
 ... : 4 3 5 5 24 27 23 45 76 78 78 86 147 140 225 193 262 286 327 376 606 761 773 1316 4368
 ... : 4 3 5 5 24 27 23 45 76 78 78 86 149 143 229 197 267 303 339 393 622 776 780 1320 4380
 ... : 4 3 5 5 24 27 23 45 76 78 78 86 149 145 233 203 274 310 350 403 636 787 793 1329 4382
 ... : 4 3 5 5 24 27 23 45 76 78 78 86 151 155 235 206 278 312 354 406 639 793 803 1358 4428
 ... : 4 3 5 5 24 27 23 45 76 78 78 86 151 157 236 209 281 318 360 411 647 807 811 1373 4450
 ... : 4 3 5 5 24 27 23 45 76 78 78 86 151 157 236 209 281 318 360 413 649 817 833 1428 4485
 ... : 4 3 5 5 24 27 23 45 76 78 78 86 151 157 236 209 281 318 360 413 656 827 843 1472 4520
 ... : 4 3 5 5 24 27 23 45 76 78 78 86 151 157 239 211 284 320 364 414 672 842 864 1516 4547
 ... : 4 3 5 5 24 27 23 45 76 78 78 86 151 157 239 212 285 325 369 418 681 855 878 1542 4580
 ... : 4 3 5 5 24 27 23 45 76 78 78 86 151 157 239 216 298 354 396 449 725 882 892 1548 4584
 ... : 4 3 5 5 24 27 23 45 76 78 78 86 151 157 239 215 296 350 396 453 760 929 928 1573 4591
 ... : 4 3 5 5 24 27 23 45 76 78 78 86 151 157 240 216 297 353 397 455 763 937 936 1597 4628
 ... : 4 3 5 5 24 27 23 45 76 78 78 86 152 158 241 217 297 354 397 457 767 952 953 1621 4684
 ... : 4 3 5 5 24 27 23 45 76 78 78 86 154 158 243 223 300 357 401 465 785 971 974 1645 4700
 ... : 4 3 5 5 24 27 23 45 76 79 79 89 157 162 248 227 301 357 403 467 791 996 995 1687 4731
 ... : 4 3 5 5 24 27 23 45 76 79 79 89 157 163 249 228 307 360 405 468 793 999 1000 1733 4783
 ... : 4 3 5 5 24 27 23 45 76 79 79 89 157 163 249 228 307 360 405 469 796 1019 1025 1771 4823
 ... : 4 3 5 5 24 27 23 45 76 79 79 89 157 163 249 228 307 360 405 470 801 1040 1048 1807 4862
 ... : 4 3 5 5 24 27 23 45 76 79 79 89 157 163 251 230 309 370 420 480 814 1058 1078 1865 4896
 ... : 4 3 5 5 24 27 23 45 76 79 79 90 161 167 257 235 315 385 447 502 837 1080 1092 1876 4905
 ... : 4 3 5 5 24 27 23 44 75 82 83 92 166 171 261 250 326 393 456 507 849 1087 1104 1882 4912
 ... : 4 3 5 5 24 27 23 42 73 81 82 91 163 169 260 253 336 401 466 514 855 1094 1119 1894 4940
 ... : 4 3 5 5 24 27 23 42 73 81 82 91 163 169 260 257 334 400 470 520 865 1110 1142 1922 4957
 ... : 4 3 5 5 24 27 23 42 73 82 84 91 160 159 262 260 338 404 475 528 878 1121 1157 1954 4979
 ... : 4 3 5 5 24 27 23 42 73 81 85 92 163 162 265 264 344 410 481 533 888 1131 1171 1969 4991
 ... : 4 3 5 5 24 27 23 43 75 83 87 94 168 166 269 267 345 413 488 539 897 1140 1179 1980 4999
 ... : 4 3 5 5 24 27 23 43 75 83 87 94 168 166 269 268 347 415 486 542 900 1148 1202 2013 5020
  26 : 4 3 5 5 23 23 24 43 71 52 90 82 137 149 231 219 278 325 344 323 570 654 740 917 1483 4875
 ... : 4 3 5 5 23 23 24 43 71 52 90 82 137 149 231 219 278 326 346 323 571 655 741 920 1509 4979
 ... : 4 3 5 5 23 23 24 43 71 52 90 82 137 149 231 219 278 327 346 325 576 667 747 942 1536 5038
  27 : 4 3 5 5 23 23 24 43 71 52 90 82 136 148 231 217 274 298 336 320 559 674 735 935 1483 1503 3702
 ... : 4 3 5 5 23 23 24 43 71 52 90 82 136 148 231 217 274 298 336 320 559 674 735 937 1491 1549 3803
 ... : 4 3 5 5 23 23 24 43 71 52 90 82 136 148 231 217 274 298 336 320 559 674 735 937 1493 1608 3949
 ... : 4 3 5 5 23 23 24 43 71 52 90 82 136 148 231 217 274 298 336 322 562 678 738 945 1492 1693 4033
 ... : 4 3 5 5 23 23 24 43 71 52 90 82 136 148 231 217 274 298 336 321 565 680 738 947 1495 1778 4141
 ... : 4 3 5 5 23 23 24 43 72 54 92 83 137 150 233 220 278 303 339 324 568 683 743 950 1508 1794 4160
  28 : 4 3 5 5 23 23 24 43 72 53 92 83 137 150 232 216 265 297 332 312 546 660 730 934 1216 1352 1014 3862
 ... : 4 3 5 5 23 23 24 43 72 53 92 83 137 150 232 216 265 297 332 312 546 660 730 934 1217 1362 1083 4001
 ... : 4 3 5 5 23 23 24 43 72 53 92 83 137 150 232 216 265 297 332 312 546 660 730 938 1225 1362 1143 4091
 ... : 4 3 5 5 23 23 24 43 72 53 92 83 138 155 236 219 269 302 340 321 554 671 748 952 1232 1375 1151 4098
 ... : 4 3 5 5 23 23 24 43 72 53 92 83 138 155 236 219 269 302 340 321 556 672 749 957 1244 1396 1196 4161
 ... : 4 3 5 5 23 23 24 43 72 53 92 83 138 155 236 219 269 302 340 321 558 676 752 961 1267 1430 1244 4211
 ... : 4 3 5 5 23 23 24 43 72 53 92 83 138 155 236 219 269 302 340 321 559 678 760 968 1280 1442 1263 4275
 ... : 4 3 5 5 23 23 24 43 72 53 92 83 138 154 236 219 268 302 346 325 564 689 770 978 1294 1460 1283 4293
 ... : 4 3 5 5 23 23 24 43 72 53 92 83 138 154 235 219 268 303 347 329 569 695 777 984 1312 1490 1312 4319
  29 : 4 3 5 5 23 23 24 43 72 53 92 83 138 141 221 211 252 277 295 268 463 530 676 889 1118 1279 1083 1099 4158
 ... : 4 3 5 5 23 23 24 43 72 53 92 83 138 141 221 211 252 277 295 268 463 530 676 889 1118 1277 1085 1136 4260
 ... : 4 3 5 5 23 23 24 43 72 53 92 83 138 141 221 211 252 277 295 268 463 530 671 893 1132 1281 1090 1143 4321
 ... : 4 3 5 5 23 23 24 43 72 53 92 81 136 139 230 213 253 278 296 269 464 532 671 892 1132 1283 1092 1145 4333
 ... : 4 3 5 5 23 23 24 43 72 53 93 79 135 137 231 213 253 278 296 269 464 531 670 891 1131 1282 1091 1166 4406
 ... : 4 3 5 5 23 23 24 43 72 53 93 79 135 137 231 213 253 278 296 269 464 531 670 891 1132 1286 1099 1243 4522
 ... : 4 3 5 5 23 23 24 43 72 53 93 79 135 137 231 213 253 278 296 269 464 531 670 891 1135 1296 1128 1280 4540
 ... : 4 3 5 5 23 23 24 43 72 53 93 79 135 137 231 213 253 278 296 269 464 531 672 895 1143 1309 1156 1323 4593
 ... : 4 3 5 5 23 23 24 43 72 53 93 79 135 137 231 213 253 278 296 269 464 534 680 911 1157 1329 1175 1367 4642
 ... : 4 3 5 5 23 23 24 43 72 53 93 79 135 137 231 213 253 278 296 269 464 536 683 919 1166 1351 1203 1419 4678
 ... : 4 3 5 5 23 23 24 43 72 53 93 79 135 137 231 213 253 278 296 270 470 545 697 941 1174 1371 1216 1434 4691
 ... : 4 3 5 5 23 23 24 43 72 53 93 79 135 137 231 213 253 278 296 270 470 545 698 943 1177 1382 1237 1514 4767
 ... : 4 3 5 5 23 23 24 43 72 53 93 79 135 137 231 213 253 278 296 270 471 546 698 944 1178 1387 1250 1561 4866
 ... : 4 3 5 5 23 23 24 43 72 53 93 79 135 137 231 213 253 278 296 271 476 547 699 940 1181 1397 1275 1604 4917
 ... : 4 3 5 5 23 23 24 43 72 53 93 79 135 137 231 213 253 278 296 271 476 550 702 937 1190 1410 1292 1652 4962
 ... : 4 3 5 5 23 23 24 43 72 53 93 79 135 137 231 213 253 278 296 273 479 553 704 939 1191 1421 1302 1681 4992
 ... : 4 3 5 5 23 23 24 43 72 53 93 79 135 137 231 213 254 280 298 274 481 556 706 943 1200 1441 1328 1720 5015
 ... : 4 3 5 5 23 23 24 43 72 53 93 79 135 137 231 213 254 280 298 274 481 557 707 944 1202 1447 1331 1761 5075
 ... : 4 3 5 5 23 23 24 43 72 53 93 79 135 137 231 213 254 280 298 274 481 557 709 955 1223 1475 1362 1811 5112
 ... : 4 3 5 5 23 23 24 43 72 53 93 79 135 137 231 213 254 280 298 274 481 559 716 964 1238 1499 1382 1853 5140
 ... : 4 3 5 5 23 23 24 43 72 53 93 79 135 137 231 213 254 280 297 274 481 559 717 961 1238 1497 1388 1906 5186
 ... : 4 3 5 5 23 23 24 43 72 53 93 79 135 137 231 213 254 280 297 274 481 559 720 965 1241 1506 1395 1949 5243
 ... : 4 3 5 5 23 23 24 43 72 53 93 79 135 137 231 213 254 280 297 274 481 558 720 963 1244 1521 1420 1991 5265
 ... : 4 3 5 5 23 23 24 43 72 53 93 79 135 137 231 213 254 280 297 274 483 558 720 963 1247 1541 1444 2041 5318
 ... : 4 3 5 5 23 23 24 43 72 53 93 79 135 137 231 213 254 280 297 274 484 558 720 966 1256 1564 1478 2102 5354
 ... : 4 3 5 5 23 23 24 43 72 53 93 79 135 137 231 213 257 283 302 281 488 563 726 972 1270 1583 1510 2160 5400
 ... : 4 3 5 5 23 23 24 43 72 53 93 79 136 139 233 216 262 288 305 284 496 574 738 981 1277 1588 1518 2174 5413
 ... : 4 3 5 5 23 23 24 43 72 53 93 79 136 139 233 216 262 288 305 284 496 576 739 981 1282 1611 1562 2234 5451
 ... : 4 3 5 5 23 23 24 43 72 53 93 79 136 139 233 217 266 295 310 291 509 595 768 995 1289 1616 1568 2254 5460
 ... : 4 3 5 5 23 23 24 43 72 53 93 79 136 139 233 217 266 294 310 292 512 599 777 1013 1311 1652 1605 2321 5482
 ... : 4 3 5 5 23 23 24 43 72 53 93 79 136 138 234 214 266 295 311 294 517 601 779 1019 1324 1666 1629 2378 5527
 ... : 4 3 5 5 23 23 24 43 72 53 93 79 136 138 234 214 266 295 315 297 523 604 783 1023 1328 1681 1667 2450 5556
 ... : 4 3 5 5 23 23 24 43 72 53 93 79 136 138 234 214 265 294 313 298 525 607 786 1030 1335 1698 1709 2533 5596
 ... : 4 3 5 5 23 23 24 43 72 53 93 79 136 138 234 214 265 294 313 298 525 607 785 1030 1336 1721 1746 2616 5648
 ... : 4 3 5 5 23 23 24 43 72 53 93 79 136 138 234 214 268 298 316 304 531 611 789 1037 1348 1737 1780 2664 5673
 ... : 4 3 5 5 23 23 24 43 72 53 93 79 136 138 234 214 268 298 316 308 533 616 792 1038 1354 1754 1807 2705 5698
 ... : 4 3 5 5 23 23 24 43 72 53 93 79 136 138 234 214 268 298 317 309 536 623 797 1046 1372 1772 1841 2744 5717
 ... : 4 3 5 5 23 23 24 43 72 53 93 79 136 138 234 214 268 298 317 311 540 631 815 1060 1394 1807 1872 2768 5725
 ... : 4 3 5 5 23 23 24 43 72 53 93 79 136 138 234 214 268 299 321 314 553 642 826 1074 1406 1836 1891 2800 5734
 ... : 4 3 5 5 23 23 24 43 72 53 93 79 136 138 234 214 268 299 321 314 554 644 837 1097 1439 1884 1925 2847 5761
 ... : 4 3 5 5 23 23 24 43 72 53 93 79 136 138 234 214 268 299 321 314 554 645 839 1100 1442 1893 1943 2948 5824
 ... : 4 3 5 5 23 23 24 43 72 53 93 79 136 138 234 214 268 299 321 314 554 645 839 1105 1454 1909 1954 2978 5857
  30 : 4 3 5 5 23 21 26 43 72 52 92 80 135 130 228 196 238 252 315 283 455 553 712 947 1242 1521 1607 1943 2178 5480
  31 : 4 3 5 5 23 21 26 43 72 52 92 80 135 130 228 196 238 252 315 283 455 553 710 947 1240 1517 1588 1891 2027 1689 4145
 ... : 4 3 5 5 23 21 26 43 72 52 92 80 135 130 228 196 238 252 315 283 455 553 710 949 1241 1521 1590 1898 2035 1738 4228
 ... : 4 3 5 5 23 21 26 43 72 52 92 80 135 130 228 196 238 252 315 283 455 553 710 949 1242 1527 1610 1919 2075 1836 4268
 ... : 4 3 5 5 23 21 26 43 72 52 92 80 135 130 228 196 238 252 315 283 455 553 710 949 1242 1527 1611 1918 2072 1870 4380
 ... : 4 3 5 5 23 21 26 43 72 52 92 80 135 130 228 196 238 252 315 283 457 554 711 950 1246 1531 1619 1931 2100 1951 4416
 ... : 4 3 5 5 23 21 26 43 72 52 92 80 135 130 228 196 238 252 315 283 457 554 711 950 1246 1530 1620 1953 2160 2114 4477
 ... : 4 3 5 5 23 21 26 43 72 52 92 80 135 130 228 197 238 252 315 282 455 554 712 951 1247 1534 1625 1964 2192 2161 4499
 ... : 4 3 5 5 23 21 26 43 72 52 92 80 135 130 228 198 239 253 315 288 460 561 718 958 1258 1544 1629 1970 2194 2166 4501
 ... : 4 3 5 5 23 21 26 43 72 52 92 80 135 130 228 198 239 253 315 288 460 560 717 958 1262 1549 1637 1988 2227 2233 4519
 ... : 4 3 5 5 23 21 26 43 72 52 92 80 135 130 228 198 239 253 315 289 461 559 725 965 1267 1555 1654 2006 2253 2251 4526
 ... : 4 3 5 5 23 21 26 43 72 52 92 80 135 130 228 198 239 253 315 289 461 558 725 965 1267 1557 1649 2010 2294 2365 4609
 ... : 4 3 5 5 23 21 26 43 72 52 92 80 135 130 228 198 239 253 315 289 461 558 725 965 1267 1557 1652 2027 2342 2474 4692
 ... : 4 3 5 5 23 21 26 43 72 52 92 80 135 130 228 198 239 253 315 289 461 558 725 964 1267 1557 1652 2028 2360 2571 4790
  32 : 4 3 5 5 23 21 26 43 72 52 91 80 135 130 228 198 238 238 303 273 422 487 650 798 1028 1279 1245 1595 1841 2106 1828 4783
 ... : 4 3 5 5 23 21 26 43 72 52 91 80 135 130 228 198 238 238 303 272 422 487 650 798 1028 1281 1245 1597 1851 2112 1885 4865
 ... : 4 3 5 5 23 21 26 43 72 52 91 80 135 130 228 198 238 238 302 272 421 486 649 797 1028 1287 1250 1608 1868 2135 1926 4902
 ... : 4 3 5 5 23 21 26 43 72 52 91 80 135 130 228 198 238 238 302 272 421 486 649 797 1028 1287 1250 1609 1877 2161 1986 4964
 ... : 4 3 5 5 23 21 26 43 72 52 91 80 135 130 228 198 238 238 302 272 421 486 649 797 1028 1287 1250 1609 1876 2192 2076 5083
 ... : 4 3 5 5 23 21 26 43 72 52 91 80 135 130 228 198 238 238 302 272 421 486 649 798 1029 1292 1256 1613 1894 2228 2173 5138
  33 : 4 3 5 5 23 21 26 43 72 52 91 80 135 130 227 196 235 235 298 265 414 467 639 777 981 1234 1152 1488 1794 2081 1976 1850 4080
 ... : 4 3 5 5 23 21 26 43 72 52 91 80 135 130 227 196 235 235 298 265 414 467 639 777 981 1234 1152 1488 1794 2083 1986 1906 4225
 ... : 4 3 5 5 23 21 26 43 72 52 91 80 135 130 227 196 235 235 298 265 414 467 639 777 981 1234 1152 1488 1794 2084 1991 1949 4325
 ... : 4 3 5 5 23 21 26 43 72 52 91 80 135 130 227 196 235 235 298 265 414 467 639 777 981 1234 1152 1488 1794 2084 2012 2031 4441
 ... : 4 3 5 5 23 21 26 43 72 52 91 80 135 130 227 196 235 235 298 265 414 467 639 777 981 1234 1152 1486 1792 2084 2014 2147 4562
 ... : 4 3 5 5 23 21 26 43 72 52 91 80 135 130 227 196 235 235 298 265 414 467 639 777 981 1234 1152 1486 1794 2097 2038 2231 4662
 ... : 4 3 5 5 23 21 26 43 72 52 91 80 135 130 227 196 235 235 298 265 414 467 639 777 981 1234 1152 1486 1798 2113 2089 2354 4745
 ... : 4 3 5 5 23 21 26 43 72 52 91 80 135 130 227 196 235 235 298 265 414 467 639 777 981 1234 1152 1487 1798 2121 2119 2506 4839
 ... : 4 3 5 5 23 21 26 43 72 52 91 80 135 130 227 196 235 235 298 265 414 467 639 777 981 1234 1153 1490 1798 2126 2149 2603 4881
 ... : 4 3 5 5 23 21 26 43 72 52 91 80 135 130 227 196 235 235 298 265 414 467 639 777 981 1235 1155 1493 1812 2147 2175 2653 4899
 ... : 4 3 5 5 23 21 26 43 72 52 91 80 135 130 227 196 235 235 298 265 414 467 639 779 984 1240 1158 1501 1825 2159 2201 2689 4914
 ... : 4 3 5 5 23 21 26 43 72 52 91 80 135 130 227 196 235 235 298 265 414 467 639 779 984 1240 1158 1501 1828 2163 2225 2764 4954
 ... : 4 3 5 5 23 21 26 43 72 52 91 80 135 130 227 196 235 235 298 265 414 467 639 779 984 1240 1158 1502 1830 2171 2241 2836 5023
 ... : 4 3 5 5 23 21 26 43 72 52 91 80 135 130 227 196 235 235 298 265 414 468 641 781 987 1241 1160 1507 1837 2179 2249 2868 5055
 ... : 4 3 5 5 23 21 26 43 72 52 91 80 135 130 227 196 235 235 298 265 414 468 641 781 987 1241 1160 1510 1843 2192 2281 2949 5096
 ... : 4 3 5 5 23 21 26 43 72 52 91 80 135 130 227 196 235 235 298 265 414 468 641 781 987 1241 1160 1511 1852 2217 2315 3003 5122
 ... : 4 3 5 5 23 21 26 43 72 52 91 80 135 130 227 196 235 235 298 265 414 468 641 781 987 1242 1165 1521 1869 2239 2347 3046 5142
 ... : 4 3 5 5 23 21 26 43 72 52 91 80 135 130 227 196 235 235 298 265 414 468 642 782 989 1248 1172 1526 1881 2262 2366 3109 5170
 ... : 4 3 5 5 23 21 26 43 72 52 91 80 135 130 227 196 235 235 298 265 414 468 642 782 992 1256 1179 1532 1891 2270 2382 3159 5186
 ... : 4 3 5 5 23 21 26 43 72 52 91 80 135 130 227 196 235 235 298 265 414 468 642 782 992 1257 1183 1535 1903 2300 2422 3247 5215
 ... : 4 3 5 5 23 21 26 43 72 52 91 80 135 130 227 196 235 235 298 265 414 471 649 787 1001 1272 1193 1544 1913 2313 2439 3293 5243
 ... : 4 3 5 5 23 21 26 43 72 52 91 80 135 130 227 196 235 235 298 265 414 476 651 788 1003 1285 1209 1553 1925 2338 2467 3318 5253
 ... : 4 3 5 5 23 21 26 43 72 52 91 80 135 130 227 196 235 235 298 265 414 476 652 789 1004 1292 1214 1560 1942 2356 2493 3385 5317
 ... : 4 3 5 5 23 21 26 43 72 52 91 80 135 130 227 196 235 235 302 267 418 477 655 793 1010 1294 1222 1565 1951 2362 2509 3432 5341
 ... : 4 3 5 5 23 21 26 43 72 52 91 80 135 130 227 196 235 235 301 266 416 476 652 791 1005 1286 1212 1565 1952 2372 2530 3501 5390
 ... : 4 3 5 5 23 21 26 43 72 52 91 80 135 130 227 196 235 235 300 265 414 474 648 789 998 1281 1199 1559 1948 2388 2553 3538 5408
 ... : 4 3 5 5 23 21 26 43 72 52 91 80 135 130 227 196 235 235 300 265 414 474 647 787 998 1279 1197 1555 1947 2392 2559 3648 5444
 ... : 4 3 5 5 23 21 26 43 72 52 91 80 135 130 227 196 235 235 300 265 413 472 646 783 991 1269 1188 1545 1936 2393 2575 3702 5484
 ... : 4 3 5 5 23 21 26 43 72 52 91 80 135 130 227 196 235 235 300 265 413 472 646 783 991 1269 1188 1545 1935 2397 2597 3767 5578
 ... : 4 3 5 5 23 21 26 43 72 52 91 80 135 130 227 196 235 235 300 265 413 472 646 783 991 1269 1188 1545 1935 2400 2602 3809 5681
 ... : 4 3 5 5 23 21 26 43 72 52 91 80 135 130 227 196 235 235 300 265 413 472 645 782 989 1268 1189 1546 1933 2403 2617 3881 5760
 ... : 4 3 5 5 23 21 26 43 72 52 91 80 135 130 227 196 235 235 300 265 413 472 645 783 989 1270 1190 1551 1938 2408 2624 3915 5800
 ... : 4 3 5 5 23 21 26 43 72 52 91 80 135 130 227 196 235 235 300 265 413 472 645 781 990 1274 1201 1559 1945 2421 2637 3944 5833
 ... : 4 3 5 5 23 21 26 43 72 52 91 80 135 130 227 196 235 235 300 265 413 472 645 781 990 1274 1201 1559 1945 2422 2643 4009 5928
 ... : 4 3 5 5 23 21 26 43 72 52 91 80 135 130 227 196 235 235 300 265 413 472 645 781 990 1274 1201 1559 1945 2422 2648 4068 6032
 ... : 4 3 5 5 23 21 26 43 72 52 91 80 135 130 227 196 235 235 300 265 413 472 645 781 990 1274 1201 1560 1945 2423 2659 4126 6121
 ... : 4 3 5 5 23 21 26 43 72 52 91 80 135 130 227 196 235 235 300 265 413 472 645 781 990 1274 1201 1560 1947 2426 2672 4200 6208
 ... : 4 3 5 5 23 21 26 43 72 52 91 80 135 130 227 196 235 235 300 265 413 472 645 781 990 1274 1201 1560 1953 2436 2686 4245 6262
 ... : 4 3 5 5 23 21 26 43 72 52 91 80 135 130 227 196 235 235 300 265 413 472 645 781 990 1274 1201 1560 1953 2437 2693 4294 6332
 ... : 4 3 5 5 23 21 26 43 72 52 91 80 135 130 227 196 235 235 300 265 413 472 645 781 990 1274 1201 1560 1953 2439 2714 4389 6413
 ... : 4 3 5 5 23 21 26 43 72 52 91 80 135 130 227 196 235 235 300 265 413 472 645 781 990 1274 1201 1560 1954 2445 2717 4439 6487
 ... : 4 3 5 5 23 21 26 43 72 52 91 80 135 130 227 196 235 235 300 265 413 472 645 781 990 1274 1201 1560 1954 2435 2726 4548 6578
 ... : 4 3 5 5 23 21 26 43 72 52 91 80 135 130 227 196 235 235 300 265 413 472 645 781 989 1272 1200 1559 1943 2441 2726 4626 6639
 ... : 4 3 5 5 23 21 26 43 72 52 91 80 135 130 227 196 235 235 300 265 413 472 645 781 991 1275 1203 1567 1961 2462 2737 4647 6670
 ... : 4 3 5 5 23 21 26 43 72 52 91 80 135 130 227 196 235 235 300 265 413 472 645 781 991 1276 1204 1568 1962 2474 2742 4679 6734
 ... : 4 3 5 5 23 21 26 43 72 52 91 80 135 130 227 193 232 233 298 265 413 473 647 783 993 1279 1206 1571 1965 2476 2743 4680 6747
  34 : 4 3 5 5 23 21 22 46 72 52 91 80 136 128 226 193 222 222 300 251 392 435 566 665 821 1126 1074 1286 1711 1924 2029 2684 2830 6672
 ... : 4 3 5 5 23 21 22 46 72 52 91 80 136 128 226 193 222 222 300 251 392 435 566 665 821 1126 1074 1286 1714 1924 2030 2689 2873 6777
 ... : 4 3 5 5 23 21 22 46 72 52 91 80 136 128 226 193 222 222 300 251 392 435 566 665 821 1126 1074 1286 1714 1921 2033 2710 2941 6875
  35 : 4 3 5 5 23 21 22 46 72 52 91 80 128 124 230 190 215 220 293 243 391 433 563 664 819 1113 1030 1247 1681 1872 1976 2573 2744 2858 4482
 ... : 4 3 5 5 23 21 22 46 72 52 91 80 128 124 230 190 215 220 293 243 391 433 563 664 819 1113 1030 1247 1681 1872 1976 2570 2764 2987 4646
 ... : 4 3 5 5 23 21 22 46 72 52 91 80 128 124 230 190 215 220 293 243 391 433 563 664 819 1113 1030 1247 1680 1872 1975 2571 2765 3066 4737
 ... : 4 3 5 5 23 21 22 46 72 52 91 80 128 124 230 190 215 220 293 243 391 433 563 664 819 1113 1030 1247 1680 1872 1979 2578 2801 3124 4794
 ... : 4 3 5 5 23 21 22 46 72 52 91 80 128 124 230 190 215 220 293 243 391 433 563 664 819 1113 1030 1246 1680 1872 1980 2584 2817 3265 4904
  36 : 4 3 5 5 23 21 22 46 72 52 91 80 128 124 230 189 215 220 293 243 391 432 563 664 818 1113 1031 1229 1659 1834 1889 2415 2480 2898 1938 4051
 ... : 4 3 5 5 23 21 22 46 72 52 91 80 128 124 230 189 215 220 293 242 391 432 563 664 818 1113 1031 1229 1659 1834 1889 2415 2480 2940 2117 4183
 ... : 4 3 5 5 23 21 22 46 72 52 91 80 128 124 230 189 215 220 293 242 391 432 563 664 818 1113 1031 1229 1659 1834 1889 2415 2480 2948 2182 4329
 ... : 4 3 5 5 23 21 22 46 72 52 91 80 128 124 230 189 215 220 293 242 391 432 563 664 818 1113 1031 1229 1659 1834 1889 2415 2485 2966 2251 4402
 ... : 4 3 5 5 23 21 22 46 72 52 91 80 128 124 230 189 215 220 293 242 391 432 563 664 818 1113 1031 1228 1658 1838 1892 2419 2491 2995 2306 4499
 ... : 4 3 5 5 23 21 22 46 72 52 91 80 128 124 230 189 215 220 293 242 391 432 563 664 818 1113 1033 1234 1667 1848 1898 2433 2499 3025 2345 4551
 ... : 4 3 5 5 23 21 22 46 72 52 91 80 128 124 230 189 215 220 293 242 391 432 563 664 818 1113 1033 1235 1666 1844 1896 2431 2498 3039 2383 4640
 ... : 4 3 5 5 23 21 22 46 72 52 91 80 128 124 230 189 215 220 293 242 391 432 563 664 818 1113 1033 1235 1673 1857 1912 2439 2528 3083 2418 4665
 ... : 4 3 5 5 23 21 22 46 72 52 91 80 128 124 230 189 215 220 293 242 391 432 563 664 818 1113 1033 1235 1673 1865 1917 2449 2543 3104 2459 4694
  37 : 4 3 5 5 23 21 22 46 72 52 91 80 128 124 230 189 213 217 291 241 389 430 559 655 808 1094 1019 1198 1676 1844 1875 2342 2511 2851 2291 1728 3722
 ... : 4 3 5 5 23 21 22 46 72 52 91 80 128 124 230 189 213 217 291 241 389 430 559 655 808 1094 1019 1198 1676 1844 1875 2342 2511 2847 2298 1796 3846
 ... : 4 3 5 5 23 21 22 46 72 52 91 80 128 124 230 189 213 217 291 241 389 430 559 655 808 1094 1019 1198 1676 1844 1875 2342 2511 2846 2304 1861 4002
 ... : 4 3 5 5 23 21 22 46 72 52 91 80 128 124 230 189 213 217 291 241 389 430 559 655 808 1094 1019 1198 1676 1844 1875 2342 2511 2845 2307 1928 4147
 ... : 4 3 5 5 23 21 22 46 72 52 91 80 128 124 230 189 213 217 291 241 389 430 559 655 808 1094 1019 1198 1676 1844 1875 2342 2511 2845 2329 2029 4237
 ... : 4 3 5 5 23 21 22 46 72 52 91 80 128 124 230 189 213 217 291 241 389 430 559 655 808 1094 1019 1198 1676 1844 1875 2342 2511 2847 2335 2090 4330
 ... : 4 3 5 5 23 21 22 46 72 52 91 80 128 124 230 189 213 217 291 241 389 430 559 655 808 1094 1019 1198 1676 1843 1875 2342 2511 2849 2351 2230 4454
 ... : 4 3 5 5 23 21 22 46 72 52 91 80 128 124 230 189 213 217 291 241 389 430 559 655 808 1094 1019 1198 1676 1843 1875 2342 2511 2854 2364 2298 4552
 ... : 4 3 5 5 23 21 22 46 72 52 91 80 128 124 230 189 213 217 291 241 389 430 559 655 808 1094 1019 1198 1676 1843 1875 2342 2511 2855 2385 2378 4651
 ... : 4 3 5 5 23 21 22 46 72 52 91 80 128 124 230 189 213 217 291 241 389 430 559 655 808 1094 1019 1198 1676 1843 1876 2345 2518 2878 2446 2574 4766
 ... : 4 3 5 5 23 21 22 46 72 52 91 80 128 124 230 189 213 217 291 241 389 430 559 655 808 1094 1019 1198 1675 1844 1878 2346 2520 2892 2493 2704 4824
 ... : 4 3 5 5 23 21 22 46 72 52 91 80 128 124 230 189 213 217 291 241 389 430 559 655 808 1094 1019 1198 1675 1844 1878 2344 2530 2933 2585 2887 4882
 ... : 4 3 5 5 23 21 22 46 72 52 91 80 128 124 230 189 213 217 291 241 389 430 559 655 808 1094 1019 1198 1675 1843 1882 2360 2556 2961 2658 3065 4930
 ... : 4 3 5 5 23 21 22 46 72 52 91 80 128 124 230 189 213 217 291 241 389 430 559 655 808 1094 1019 1198 1675 1843 1882 2360 2556 2973 2707 3299 5005
 ... : 4 3 5 5 23 21 22 46 72 52 91 80 128 124 230 189 213 217 291 241 389 430 559 655 808 1094 1019 1200 1681 1850 1890 2373 2575 2988 2724 3322 5023
 ... : 4 3 5 5 23 21 22 46 72 52 91 80 128 124 230 189 213 217 291 241 389 430 559 655 808 1094 1018 1200 1686 1853 1901 2383 2589 3001 2732 3334 5039
 ... : 4 3 5 5 23 21 22 46 72 52 91 80 128 124 230 189 213 217 291 241 389 430 559 655 808 1094 1018 1200 1689 1855 1907 2396 2606 3023 2755 3354 5048
 ... : 4 3 5 5 23 21 22 46 72 52 91 80 128 124 230 189 213 217 291 241 389 430 559 655 808 1094 1018 1199 1689 1857 1909 2400 2616 3034 2776 3387 5079
 ... : 4 3 5 5 23 21 22 46 72 52 91 80 128 124 230 189 213 217 291 241 389 430 559 655 808 1094 1018 1199 1689 1857 1909 2400 2619 3036 2843 3611 5203
 ... : 4 3 5 5 23 21 22 46 72 52 91 80 128 124 230 189 213 217 291 241 389 430 559 655 808 1094 1018 1199 1689 1857 1913 2410 2629 3084 2911 3714 5245
 ... : 4 3 5 5 23 21 22 46 72 52 91 80 128 124 230 189 213 217 291 241 389 430 559 655 808 1094 1018 1199 1689 1857 1913 2411 2631 3107 2958 3915 5313
 ... : 4 3 5 5 23 21 22 46 72 52 91 80 128 124 230 189 213 217 291 241 389 430 559 655 808 1094 1018 1199 1689 1857 1913 2411 2633 3107 2976 3981 5426
 ... : 4 3 5 5 23 21 22 46 72 52 91 80 128 124 230 189 213 217 291 241 389 430 559 655 808 1094 1018 1199 1689 1857 1913 2411 2634 3115 2993 4049 5522
 ... : 4 3 5 5 23 21 22 46 72 52 91 80 128 124 230 189 213 217 291 241 389 430 559 655 808 1094 1018 1201 1694 1869 1921 2417 2643 3124 3007 4069 5543
 ... : 4 3 5 5 23 21 22 46 72 52 91 80 128 124 230 189 213 217 291 241 389 430 559 655 809 1095 1025 1206 1701 1883 1932 2437 2659 3138 3014 4073 5546
 ... : 4 3 5 5 23 21 22 46 72 52 91 80 128 124 230 189 213 217 291 241 389 430 559 655 809 1096 1026 1208 1700 1884 1932 2443 2667 3153 3033 4095 5571
 ... : 4 3 5 5 23 21 22 46 72 52 91 80 128 124 230 189 213 217 291 241 389 430 559 655 809 1096 1026 1208 1700 1884 1932 2443 2667 3154 3036 4146 5711
 ... : 4 3 5 5 23 21 22 46 72 52 91 80 128 124 230 189 213 217 291 241 389 430 559 655 809 1096 1026 1208 1700 1884 1932 2443 2669 3162 3058 4259 5789
 ... : 4 3 5 5 23 21 22 46 72 52 91 80 128 124 230 189 213 217 291 241 389 430 559 655 809 1096 1026 1208 1700 1884 1932 2443 2671 3165 3077 4360 5885
 ... : 4 3 5 5 23 21 22 46 72 52 91 80 128 124 230 189 213 217 291 241 389 430 559 655 809 1096 1026 1208 1700 1884 1932 2443 2671 3175 3091 4403 6011
 ... : 4 3 5 5 23 21 22 46 72 52 91 80 128 124 230 189 213 217 291 241 389 430 559 655 809 1096 1026 1208 1700 1881 1932 2439 2670 3161 3107 4484 6123
 ... : 4 3 5 5 23 21 22 46 72 52 91 80 128 124 230 189 213 217 291 241 389 430 559 655 809 1096 1026 1208 1700 1880 1932 2440 2676 3169 3120 4565 6215
 ... : 4 3 5 5 23 21 22 46 72 52 91 80 128 124 230 189 213 217 291 241 389 430 559 655 809 1096 1026 1208 1700 1880 1932 2440 2680 3170 3130 4651 6310
 ... : 4 3 5 5 23 21 22 46 72 52 91 80 128 124 230 189 213 217 291 241 389 430 559 655 809 1096 1026 1208 1700 1880 1932 2440 2680 3183 3149 4702 6359
 ... : 4 3 5 5 23 21 22 46 72 52 91 80 128 124 230 189 213 217 291 241 389 430 559 655 809 1096 1026 1208 1701 1882 1935 2443 2686 3200 3170 4730 6395
 ... : 4 3 5 5 23 21 22 46 72 52 91 80 128 124 229 188 213 217 291 241 389 429 559 652 808 1096 1025 1207 1701 1885 1940 2449 2698 3220 3192 4772 6447
 ... : 4 3 5 5 23 21 22 46 72 52 91 80 128 124 229 188 213 217 291 241 389 429 559 652 808 1098 1027 1211 1705 1891 1945 2460 2708 3231 3210 4796 6480
 ... : 4 3 5 5 23 21 22 46 72 52 91 80 128 124 229 188 213 217 291 241 389 429 559 652 808 1098 1027 1211 1705 1891 1945 2460 2706 3230 3226 4864 6524
 ... : 4 3 5 5 23 21 22 46 72 52 91 80 128 124 229 188 213 217 291 241 389 429 559 652 808 1098 1027 1212 1706 1892 1949 2463 2710 3234 3240 4892 6558
 ... : 4 3 5 5 23 21 22 46 72 52 91 80 128 124 229 188 213 217 291 241 389 429 559 652 808 1098 1027 1213 1705 1894 1960 2475 2715 3255 3250 4917 6589
 ... : 4 3 5 5 23 21 22 46 72 52 91 80 128 124 229 188 213 217 291 241 389 429 559 653 809 1099 1030 1206 1700 1885 1958 2486 2720 3264 3249 4913 6591
 ... : 4 3 5 5 23 21 22 46 72 52 91 80 128 124 229 188 213 217 291 241 389 429 559 653 809 1101 1034 1211 1715 1893 1965 2495 2733 3269 3254 4930 6597
 ... : 4 3 5 5 23 21 22 46 72 52 91 80 128 124 229 188 213 217 291 241 389 429 559 653 809 1101 1037 1216 1720 1902 1967 2501 2737 3273 3256 4944 6624
 ... : 4 3 5 5 23 21 22 46 72 52 91 80 128 124 229 188 213 217 291 241 389 429 559 653 809 1101 1037 1216 1720 1902 1967 2501 2737 3273 3263 4996 6725
 ... : 4 3 5 5 23 21 22 46 72 52 91 80 128 124 229 188 213 217 291 241 389 429 559 653 809 1101 1037 1216 1719 1902 1966 2500 2720 3276 3267 5081 6791
 ... : 4 3 5 5 23 21 22 46 72 52 91 80 128 124 229 188 213 217 291 241 389 429 559 653 809 1101 1037 1216 1719 1902 1966 2500 2720 3278 3276 5132 6898
 ... : 4 3 5 5 23 21 22 46 72 52 91 80 128 124 229 188 213 217 291 241 389 429 559 653 809 1101 1037 1216 1719 1902 1966 2502 2730 3310 3303 5179 6933
 ... : 4 3 5 5 23 21 22 46 72 52 91 80 128 124 229 188 213 217 291 241 389 429 559 653 809 1101 1037 1216 1719 1903 1976 2529 2747 3347 3323 5247 6976
 ... : 4 3 5 5 23 21 22 46 72 52 91 80 128 124 229 188 213 217 291 241 389 429 559 653 809 1101 1037 1216 1719 1902 1976 2530 2743 3370 3348 5361 6999
 ... : 4 3 5 5 23 21 22 46 72 52 91 80 128 124 229 188 213 217 291 241 389 429 559 653 809 1101 1037 1216 1719 1902 1976 2530 2743 3360 3368 5590 7051
 ... : 4 3 5 5 23 21 22 46 72 52 91 80 128 124 229 188 213 217 291 241 389 429 559 653 809 1101 1037 1216 1719 1902 1979 2537 2749 3383 3396 5659 7078
 ... : 4 3 5 5 23 21 22 46 72 52 91 80 128 124 229 188 213 217 291 241 389 429 559 653 809 1101 1037 1216 1719 1902 1979 2537 2752 3388 3412 5745 7136
 ... : 4 3 5 5 23 21 22 46 72 52 91 80 128 124 229 188 213 217 291 241 389 429 559 653 809 1101 1037 1216 1718 1902 1977 2537 2756 3397 3433 5794 7192
 ... : 4 3 5 5 23 21 22 46 72 52 91 80 128 124 229 188 213 217 291 241 389 429 559 653 809 1101 1037 1216 1718 1902 1976 2540 2765 3410 3459 5890 7249
 ... : 4 3 5 5 23 21 22 46 72 52 91 80 128 124 229 188 213 217 291 241 389 429 559 653 809 1101 1037 1214 1718 1902 1976 2540 2770 3432 3468 5934 7308
 ... : 4 3 5 5 23 21 22 46 72 52 91 80 128 124 229 186 213 217 291 241 389 429 559 653 809 1101 1037 1214 1718 1901 1973 2536 2773 3443 3492 5981 7326
 ... : 4 3 5 5 23 21 22 46 72 52 91 80 128 124 229 186 213 217 291 241 389 429 559 653 809 1101 1037 1214 1718 1900 1972 2536 2780 3446 3505 6052 7366
 ... : 4 3 5 5 23 21 22 46 72 52 91 80 128 124 229 186 213 217 291 241 389 429 559 653 809 1101 1037 1215 1722 1908 1982 2546 2796 3471 3526 6083 7392
 ... : 4 3 5 5 23 21 22 46 72 52 91 80 128 124 229 186 213 217 291 241 389 429 559 653 809 1101 1037 1215 1724 1910 1983 2553 2814 3498 3544 6123 7416
 ... : 4 3 5 5 23 21 22 46 72 52 91 80 128 124 229 186 213 217 291 241 389 429 559 655 810 1103 1040 1216 1728 1917 1986 2563 2824 3504 3547 6148 7428
 ... : 4 3 5 5 23 21 22 46 72 52 91 80 128 124 229 186 213 217 291 241 389 429 559 655 810 1103 1043 1218 1727 1916 1994 2569 2833 3521 3562 6159 7450
 ... : 4 3 5 5 23 21 22 46 72 52 91 80 128 124 229 186 213 217 291 241 389 429 559 655 810 1103 1042 1218 1726 1918 1991 2567 2833 3515 3549 6148 7488
 ... : 4 3 5 5 23 21 22 46 72 52 91 80 128 124 229 186 213 217 291 241 389 429 559 655 810 1103 1042 1218 1726 1918 1991 2566 2833 3518 3560 6217 7567
 ... : 4 3 5 5 23 21 22 46 72 52 91 80 128 124 229 186 213 217 291 241 389 429 559 655 810 1103 1042 1218 1726 1922 1992 2569 2838 3523 3570 6241 7617
 ... : 4 3 5 5 23 21 22 46 72 52 91 80 128 124 229 186 213 217 291 241 389 429 559 655 810 1102 1041 1221 1724 1928 2000 2583 2849 3533 3593 6279 7639
 ... : 4 3 5 5 23 21 22 46 72 52 91 80 128 124 229 186 213 217 291 241 389 429 559 655 810 1104 1044 1225 1727 1937 2006 2592 2861 3548 3612 6309 7662
 ... : 4 3 5 5 23 21 22 46 72 52 91 80 128 124 229 186 213 217 291 241 389 429 559 655 810 1104 1044 1225 1727 1937 2006 2592 2861 3560 3638 6374 7720
 ... : 4 3 5 5 23 21 22 46 72 52 91 80 128 124 229 186 213 217 291 241 389 429 559 655 810 1104 1044 1225 1727 1938 2009 2594 2869 3577 3656 6428 7793
 ... : 4 3 5 5 23 21 22 46 72 52 91 80 128 124 229 186 213 217 291 241 389 429 559 655 810 1104 1044 1225 1727 1938 2010 2595 2876 3592 3675 6480 7838
 ... : 4 3 5 5 23 21 22 46 72 52 91 80 128 124 229 186 213 217 291 241 389 429 559 655 810 1104 1044 1225 1726 1933 1989 2574 2842 3579 3663 6497 7823
 ... : 4 3 5 5 23 21 22 46 72 52 91 80 128 124 229 186 213 217 291 241 389 429 559 655 810 1104 1044 1225 1726 1934 1991 2584 2853 3596 3692 6541 7858
 ... : 4 3 5 5 23 21 22 46 72 52 91 80 128 124 229 186 213 217 291 241 389 429 559 655 810 1105 1046 1225 1726 1935 1994 2588 2858 3604 3706 6576 7886
 ... : 4 3 5 5 23 21 22 46 72 52 91 80 128 124 229 186 213 217 291 241 389 429 559 655 810 1108 1049 1226 1729 1938 1998 2591 2868 3617 3718 6606 7905
 ... : 4 3 5 5 23 21 22 46 72 52 91 80 128 124 229 186 213 217 291 241 389 429 559 655 810 1108 1050 1227 1730 1942 2000 2595 2872 3625 3729 6639 7921
 ... : 4 3 5 5 23 21 22 46 72 52 91 80 128 124 229 186 213 217 291 241 389 429 559 655 810 1108 1050 1227 1730 1942 2001 2597 2878 3637 3750 6706 7964
 ... : 4 3 5 5 23 21 22 46 72 52 91 80 128 124 229 186 213 217 291 241 389 429 559 655 810 1108 1050 1227 1729 1944 2007 2604 2897 3670 3767 6727 7971
 ... : 4 3 5 5 23 21 22 46 72 52 91 80 128 124 229 186 213 217 291 241 390 430 559 656 815 1113 1056 1236 1741 1957 2017 2612 2907 3681 3776 6729 7973
 ... : 4 3 5 5 23 21 22 46 72 52 91 80 128 124 229 186 213 217 291 241 390 430 559 656 815 1113 1056 1237 1744 1960 2021 2618 2916 3694 3770 6752 7994
 ... : 4 3 5 5 23 21 22 46 72 52 91 80 128 124 229 186 213 217 291 241 390 430 559 656 815 1113 1056 1237 1745 1958 2019 2612 2914 3693 3762 6724 7928
 ... : 4 3 5 5 23 21 22 46 72 52 91 80 128 124 229 186 213 217 291 241 391 431 559 660 817 1115 1057 1242 1756 1968 2024 2617 2927 3715 3775 6735 7934
 ... : 4 3 5 5 23 21 22 46 72 52 91 80 128 124 229 186 213 217 291 241 391 431 559 661 819 1116 1058 1242 1758 1974 2026 2621 2930 3729 3800 6783 7950
 ... : 4 3 5 5 23 21 22 46 72 52 91 80 128 124 229 186 213 217 291 241 391 431 559 661 819 1116 1058 1242 1761 1977 2031 2631 2941 3747 3821 6818 7965
 ... : 4 3 5 5 23 21 22 46 72 52 91 80 128 124 229 186 213 217 291 241 391 431 559 661 819 1116 1058 1242 1762 1980 2035 2631 2953 3786 3860 6867 7979
 ... : 4 3 5 5 23 21 22 46 72 52 91 80 128 124 229 186 213 217 291 241 391 431 559 661 821 1117 1060 1245 1765 1981 2040 2640 2967 3804 3877 6901 7999
 ... : 4 3 5 5 23 21 22 46 72 52 91 80 128 124 229 186 213 217 291 241 391 431 559 661 821 1117 1060 1245 1765 1984 2047 2646 2981 3823 3889 6942 8037
 ... : 4 3 5 5 23 21 22 46 72 52 91 80 128 124 229 186 213 217 291 241 391 431 559 661 821 1117 1060 1246 1772 1991 2059 2657 2991 3842 3915 6976 8060
 ... : 4 3 5 5 23 21 22 46 72 52 91 80 128 124 229 186 213 217 291 241 391 431 558 661 821 1117 1060 1246 1771 1991 2058 2657 3000 3867 3951 7049 8099
 ... : 4 3 5 5 23 21 22 46 72 52 91 80 128 124 229 186 213 217 291 241 391 431 558 661 821 1117 1060 1246 1771 1991 2058 2657 3001 3882 3985 7121 8159
 ... : 4 3 5 5 23 21 22 46 72 52 91 80 128 124 229 186 213 217 291 241 391 431 558 661 821 1117 1060 1246 1771 1988 2061 2661 3015 3904 4006 7183 8192
 ... : 4 3 5 5 23 21 22 46 72 52 91 80 128 124 229 186 213 217 291 241 391 431 558 661 821 1117 1060 1246 1771 1988 2061 2663 3015 3908 4020 7218 8273
 ... : 4 3 5 5 23 21 22 46 72 52 91 80 128 124 229 186 213 217 291 241 391 433 559 661 825 1121 1065 1256 1785 2005 2074 2669 3017 3910 4021 7228 8285
 ... : 4 3 5 5 23 21 22 46 72 52 91 80 128 124 229 186 213 217 291 241 391 433 559 661 825 1124 1069 1265 1795 2020 2089 2696 3032 3926 4040 7258 8297
 ... : 4 3 5 5 23 21 22 46 72 52 91 80 128 124 229 186 213 217 291 241 391 433 559 661 825 1124 1069 1265 1796 2023 2087 2701 3042 3943 4063 7300 8310
 ... : 4 3 5 5 23 21 22 46 72 52 91 80 128 124 229 186 213 217 291 242 393 435 560 662 827 1125 1070 1265 1796 2022 2086 2706 3056 3974 4090 7339 8336
 ... : 4 3 5 5 23 21 22 46 72 52 91 80 128 124 229 186 213 217 291 242 393 435 560 662 827 1125 1070 1267 1798 2023 2089 2715 3058 3988 4127 7423 8394
 ... : 4 3 5 5 23 21 22 46 72 52 91 80 128 124 229 186 213 217 291 242 393 435 560 662 827 1125 1070 1267 1798 2024 2090 2716 3064 3992 4141 7490 8440
 ... : 4 3 5 5 23 21 22 46 72 52 91 80 128 124 229 186 214 219 293 246 393 435 560 663 830 1127 1072 1272 1803 2033 2102 2721 3075 3995 4143 7493 8453
 ... : 4 3 5 5 23 21 22 46 72 52 91 80 128 124 229 186 216 219 294 249 399 440 563 665 833 1130 1075 1276 1806 2036 2104 2722 3078 3996 4148 7497 8459
  38 : 4 3 5 5 23 21 19 46 71 52 91 80 128 123 227 182 205 205 288 246 388 409 547 630 778 1028 966 1111 1378 1555 1453 1605 1924 2376 2694 3094 3816 10849
  39 : 4 3 5 5 23 21 19 46 71 52 91 80 126 121 229 182 205 205 287 247 388 409 547 630 777 1028 965 1112 1373 1544 1443 1614 1894 2324 2691 3041 3672 3928 7256
 ... : 4 3 5 5 23 21 19 46 71 52 91 80 126 121 229 182 205 205 287 247 388 409 547 630 777 1028 965 1112 1373 1544 1443 1614 1894 2324 2691 3041 3688 4147 7398
 ... : 4 3 5 5 23 21 19 46 71 52 91 80 126 121 229 182 205 205 287 247 388 409 547 630 777 1028 965 1112 1373 1544 1443 1614 1894 2324 2694 3059 3729 4247 7492
 ... : 4 3 5 5 23 21 19 46 71 52 91 80 126 121 229 182 205 205 287 247 388 409 547 630 777 1028 965 1112 1372 1544 1442 1614 1894 2322 2694 3057 3730 4316 7639
 ... : 4 3 5 5 23 21 19 46 71 52 91 80 126 121 229 182 205 205 287 247 388 409 547 630 777 1028 965 1112 1372 1544 1443 1617 1899 2336 2715 3078 3749 4337 7666
 ... : 4 3 5 5 23 21 19 46 71 52 91 80 126 121 229 182 205 205 287 247 388 409 546 629 776 1028 965 1112 1372 1544 1443 1617 1898 2336 2714 3091 3772 4400 7791
  40 : 4 3 5 5 23 21 19 46 71 52 91 80 126 121 229 182 205 205 287 247 388 408 546 628 774 1021 965 1116 1375 1541 1441 1613 1894 2315 2678 2958 3495 4141 3043 5415
 ... : 4 3 5 5 23 21 19 46 71 52 91 80 126 121 229 182 205 205 287 247 388 408 546 628 774 1021 965 1116 1376 1542 1444 1616 1897 2318 2682 2964 3502 4157 3112 5494
 ... : 4 3 5 5 23 21 19 46 71 52 91 80 126 121 229 182 205 205 287 247 388 408 546 628 774 1021 965 1116 1376 1542 1444 1616 1897 2318 2682 2962 3509 4195 3230 5624
 ... : 4 3 5 5 23 21 19 46 71 52 91 80 126 121 229 182 205 205 287 247 388 408 546 628 774 1021 965 1116 1376 1542 1444 1616 1898 2327 2687 2970 3539 4230 3275 5642
 ... : 4 3 5 5 23 21 19 46 71 52 91 80 126 121 229 182 205 205 287 247 388 408 546 628 774 1021 965 1116 1376 1542 1443 1616 1899 2333 2696 2978 3553 4244 3298 5686
 ... : 4 3 5 5 23 21 19 46 71 52 91 80 126 121 229 182 205 205 287 247 388 408 546 628 774 1021 965 1116 1376 1542 1443 1616 1899 2334 2697 2984 3568 4284 3358 5764
 ... : 4 3 5 5 23 21 19 46 71 52 91 80 126 121 229 182 205 205 287 247 388 408 546 628 774 1021 965 1116 1376 1542 1443 1616 1899 2334 2700 2996 3586 4311 3410 5815
 ... : 4 3 5 5 23 21 19 46 71 52 91 80 126 121 229 182 205 205 287 247 388 408 546 628 774 1021 965 1116 1376 1542 1443 1616 1900 2342 2703 3005 3595 4327 3439 5866
 ... : 4 3 5 5 23 21 19 46 71 52 91 80 126 121 229 182 205 205 287 247 388 408 546 628 774 1021 965 1116 1376 1542 1443 1616 1902 2346 2709 3011 3615 4352 3505 5963
 ... : 4 3 5 5 23 21 19 46 71 52 91 80 126 121 229 182 205 205 287 247 388 408 546 628 774 1021 965 1116 1376 1543 1445 1616 1905 2348 2713 3014 3624 4362 3589 6037
 ... : 4 3 5 5 23 21 19 46 71 52 91 80 126 121 229 182 205 205 287 247 388 408 546 628 774 1021 964 1116 1376 1543 1446 1615 1907 2351 2720 3021 3636 4387 3625 6087
 ... : 4 3 5 5 23 21 19 46 71 52 91 80 126 121 229 182 205 205 287 247 388 408 546 628 774 1021 964 1116 1374 1543 1448 1615 1902 2354 2722 3024 3643 4408 3664 6129
 ... : 4 3 5 5 23 21 19 46 71 52 91 80 126 121 229 182 205 205 287 247 388 408 546 628 774 1021 964 1116 1374 1543 1448 1618 1906 2362 2725 3039 3670 4443 3726 6168
 ... : 4 3 5 5 23 21 19 46 71 52 91 80 126 121 229 182 205 205 287 247 388 408 546 628 774 1021 964 1115 1374 1543 1448 1617 1907 2370 2730 3048 3687 4468 3806 6276
 ... : 4 3 5 5 23 21 19 46 71 52 91 80 126 121 229 182 205 205 287 247 388 408 546 628 774 1021 964 1115 1374 1543 1448 1618 1909 2375 2737 3055 3694 4484 3915 6391
  41 : 4 3 5 5 23 21 19 46 71 52 91 80 125 121 229 182 205 206 287 247 388 408 546 628 771 1017 953 1102 1345 1508 1432 1580 1892 2279 2571 2927 3444 4142 3378 3020 4752
 ... : 4 3 5 5 23 21 19 46 71 52 91 80 125 121 229 182 205 206 287 247 388 408 546 628 771 1017 953 1102 1345 1508 1432 1580 1892 2279 2571 2927 3444 4143 3378 3115 4917
 ... : 4 3 5 5 23 21 19 46 71 52 91 80 125 121 229 182 205 206 287 247 388 408 546 628 771 1017 953 1102 1345 1508 1432 1580 1892 2279 2571 2927 3444 4146 3389 3204 5004
 ... : 4 3 5 5 23 21 19 46 71 52 91 80 125 121 229 182 205 206 287 247 388 408 546 628 771 1017 953 1102 1345 1508 1432 1580 1892 2279 2571 2927 3445 4146 3414 3428 5123
 ... : 4 3 5 5 23 21 19 46 71 52 91 80 125 121 229 182 205 206 287 247 388 408 546 628 771 1017 953 1102 1345 1508 1432 1580 1892 2279 2571 2927 3445 4147 3441 3519 5222
 ... : 4 3 5 5 23 21 19 46 71 52 91 80 125 121 229 182 205 206 287 247 388 408 546 628 771 1017 953 1102 1345 1508 1432 1580 1892 2279 2571 2927 3445 4147 3458 3618 5344
 ... : 4 3 5 5 23 21 19 46 71 52 91 80 125 121 229 182 205 206 287 247 388 408 546 628 771 1017 953 1102 1345 1508 1432 1580 1892 2279 2571 2927 3445 4151 3487 3703 5439
 ... : 4 3 5 5 23 21 19 46 71 52 91 80 125 121 229 182 205 206 287 247 388 408 546 628 771 1017 953 1102 1345 1508 1432 1580 1892 2279 2573 2927 3445 4159 3500 3803 5496
 ... : 4 3 5 5 23 21 19 46 71 52 91 80 125 121 229 182 205 206 287 247 388 408 546 628 771 1017 953 1102 1345 1508 1432 1580 1892 2279 2573 2927 3445 4162 3503 3851 5601
 ... : 4 3 5 5 23 21 19 46 71 52 91 80 125 121 229 182 205 206 287 247 388 408 546 628 771 1017 953 1102 1345 1508 1432 1580 1892 2279 2573 2927 3445 4167 3531 3967 5698
 ... : 4 3 5 5 23 21 19 46 71 52 91 80 125 121 229 182 205 206 287 247 388 408 546 628 771 1017 953 1102 1345 1508 1432 1580 1892 2279 2573 2927 3445 4166 3561 4075 5804
 ... : 4 3 5 5 23 21 19 46 71 52 91 80 125 121 229 182 205 206 287 247 388 408 546 628 771 1017 953 1102 1345 1508 1432 1580 1892 2279 2573 2927 3445 4165 3572 4135 5913
 ... : 4 3 5 5 23 21 19 46 71 52 91 80 125 121 229 182 205 206 287 247 388 408 546 628 771 1017 953 1102 1345 1508 1432 1580 1892 2279 2573 2929 3456 4173 3600 4244 5966
 ... : 4 3 5 5 23 21 19 46 71 52 91 80 125 121 229 182 205 206 287 247 388 408 546 628 771 1017 953 1102 1345 1508 1432 1580 1892 2279 2573 2929 3453 4176 3614 4320 6029
 ... : 4 3 5 5 23 21 19 46 71 52 91 80 125 121 229 182 205 206 287 247 388 408 546 628 771 1017 953 1102 1345 1508 1432 1580 1892 2279 2573 2929 3453 4180 3659 4478 6106
 ... : 4 3 5 5 23 21 19 46 71 52 91 80 125 121 229 182 205 206 287 247 388 408 546 628 771 1017 953 1102 1345 1508 1432 1580 1892 2279 2573 2931 3460 4189 3683 4510 6163
 ... : 4 3 5 5 23 21 19 46 71 52 91 80 125 121 229 182 205 206 287 247 388 408 546 628 771 1017 953 1102 1345 1508 1432 1580 1892 2279 2573 2931 3461 4195 3696 4546 6221
 ... : 4 3 5 5 23 21 19 46 71 52 91 80 125 121 229 182 205 206 287 247 388 408 546 628 771 1017 953 1102 1345 1508 1432 1580 1893 2283 2579 2940 3473 4206 3717 4589 6251
 ... : 4 3 5 5 23 21 19 46 71 52 91 80 125 121 229 182 205 206 287 247 388 408 546 628 771 1017 953 1102 1345 1508 1433 1580 1894 2286 2581 2948 3489 4226 3735 4639 6281
 ... : 4 3 5 5 23 21 19 46 71 52 91 80 125 121 229 182 205 206 287 247 388 408 546 628 771 1017 953 1102 1345 1508 1433 1580 1894 2286 2581 2948 3489 4228 3748 4712 6388
 ... : 4 3 5 5 23 21 19 46 71 52 91 80 125 121 229 182 205 206 287 247 388 408 546 628 771 1017 953 1102 1345 1508 1433 1580 1894 2286 2581 2949 3497 4235 3756 4744 6439
 ... : 4 3 5 5 23 21 19 46 71 52 91 80 125 121 229 182 205 206 287 247 388 408 546 628 771 1017 953 1102 1345 1508 1433 1580 1894 2287 2582 2949 3502 4241 3764 4796 6513
 ... : 4 3 5 5 23 21 19 46 71 52 91 80 125 121 229 182 205 206 287 247 388 408 546 628 771 1017 953 1102 1345 1508 1433 1581 1895 2290 2589 2958 3507 4251 3773 4807 6521
 ... : 4 3 5 5 23 21 19 46 71 52 91 80 125 121 229 182 205 206 287 247 388 408 546 628 771 1017 953 1103 1346 1510 1434 1583 1896 2292 2590 2961 3509 4255 3782 4900 6573
 ... : 4 3 5 5 23 21 19 46 71 52 91 80 125 121 229 182 205 206 287 247 388 408 546 628 771 1017 953 1103 1346 1510 1434 1583 1896 2292 2590 2961 3509 4260 3825 5047 6645
 ... : 4 3 5 5 23 21 19 46 71 52 91 80 125 121 229 182 205 206 287 247 388 408 546 628 771 1017 953 1106 1351 1518 1443 1588 1899 2293 2592 2967 3515 4266 3857 5098 6690
 ... : 4 3 5 5 23 21 19 46 71 52 91 80 125 121 229 182 205 206 287 247 388 408 546 628 771 1017 953 1106 1351 1519 1444 1596 1906 2300 2602 2975 3530 4278 3872 5148 6744
 ... : 4 3 5 5 23 21 19 46 71 52 91 80 125 121 229 182 205 206 287 247 388 408 546 628 771 1017 953 1106 1351 1519 1444 1596 1906 2300 2602 2975 3532 4284 3890 5201 6839
 ... : 4 3 5 5 23 21 19 46 71 52 91 80 125 121 229 182 205 206 287 247 388 408 546 628 771 1017 953 1106 1351 1519 1444 1596 1906 2300 2602 2977 3539 4299 3907 5228 6904
 ... : 4 3 5 5 23 21 19 46 71 52 91 80 125 121 229 182 205 206 287 247 388 408 546 628 771 1017 953 1106 1351 1519 1444 1596 1906 2300 2608 2984 3550 4317 3920 5258 6915
 ... : 4 3 5 5 23 21 19 46 71 52 91 80 125 121 229 182 205 206 287 247 388 408 546 628 771 1017 953 1106 1350 1518 1444 1595 1907 2301 2615 2998 3561 4328 3934 5277 6937
