initialized model with 180 latches, 17 inputs and 1 properties
tsim: performed 8 steps
tsim: found cycle from 6
checking bound 0
checking bound 1
checking bound 2
tdecomp: unrolling 2 cycles
tsim: performed 6 steps
tsim: found cycle from 4
tsim: found 1 constants and 0 latch equivalences
tdecomp: (180, 68) -> (179, 29)
 ... : 200
 ... : 401
 ... : 602
   2 : 575 225
 ... : 711 427
 ... : 816 628
   3 : 758 425 269
 ... : 758 558 483
 ... : 758 803 692
 ... : 758 959 895
 ... : 758 1104 1102
   4 : 758 1050 737 636
 ... : 758 1056 938 831
 ... : 758 1059 1118 1026
 ... : 758 1057 1334 1222
 ... : 758 1057 1526 1417
 ... : 758 1057 1665 1609
 ... : 758 1057 1856 1799
 ... : 758 1052 2099 2006
 ... : 758 1052 2218 2207
 ... : 758 1051 2279 2408
 ... : 758 1050 2374 2610
 ... : 758 1050 2425 2811
 ... : 758 1050 2505 3012
 ... : 758 1050 2545 3213
 ... : 758 1049 2596 3414
 ... : 758 1049 2659 3608
 ... : 758 1049 2690 3808
   5 : 758 1027 1584 3977 1049
 ... : 758 1025 1582 4255 1245
 ... : 758 1025 1574 4556 1451
 ... : 758 1025 1576 5119 1632
 ... : 758 1025 1572 5515 1812
 ... : 758 1025 1572 5808 2003
 ... : 758 1025 1572 6372 2203
 ... : 758 1024 1571 6629 2395
 ... : 758 1023 1570 6828 2586
 ... : 758 1022 1576 7119 2781
 ... : 758 1021 1584 7503 2959
   6 : 758 1003 1328 7488 2531 1024
 ... : 758 1003 1328 7488 3257 1232
 ... : 758 1003 1328 7488 4142 1441
 ... : 758 1003 1328 7488 4795 1639
 ... : 758 1003 1328 7486 6322 1839
 ... : 758 1003 1328 7473 7456 2024
 ... : 758 1003 1328 7473 8373 2223
 ... : 758 1003 1328 7473 8635 2427
 ... : 758 1003 1328 7473 8768 2630
 ... : 758 1003 1328 7473 8958 2846
 ... : 758 1003 1328 7473 9052 3049
 ... : 758 1003 1328 7473 9201 3249
   7 : 758 1003 1306 7493 8879 2612 1203
 ... : 758 1003 1306 7493 8879 4023 1404
 ... : 758 1003 1306 7493 8879 5297 1609
 ... : 758 1003 1306 7493 8879 6506 1812
 ... : 758 1003 1306 7493 8879 7487 2026
 ... : 758 1003 1306 7437 8791 9362 2221
 ... : 758 1003 1306 7437 8791 10227 2427
 ... : 758 1003 1306 7437 8790 10770 2632
 ... : 758 1003 1306 7437 8790 11598 2837
 ... : 758 1003 1306 7437 8790 12730 3043
 ... : 758 1003 1306 7437 8790 13388 3247
 ... : 758 1003 1306 7437 8790 14023 3450
 ... : 758 1003 1306 7437 8790 14813 3647
 ... : 758 1003 1306 7437 8790 15693 3846
 ... : 758 1003 1306 7437 8790 16469 4046
 ... : 758 1003 1306 7437 8804 17388 4246
 ... : 758 1003 1306 7437 8804 18163 4446
 ... : 758 1003 1306 7437 8804 18902 4650
 ... : 758 1003 1306 7437 8804 19241 4853
 ... : 758 1003 1306 7437 8804 19752 5057
 ... : 758 1003 1306 7437 8804 20278 5259
 ... : 758 1003 1306 7437 8804 20550 5462
 ... : 758 1003 1306 7437 8776 20584 5544
 ... : 758 1003 1306 7437 8776 20988 5744
 ... : 758 1003 1306 7437 8776 21227 5940
 ... : 758 1003 1306 7437 8776 21385 6143
 ... : 758 1003 1306 7437 8776 21558 6343
 ... : 758 1003 1306 7437 8776 21787 6544
   8 : 758 1003 1297 7438 8718 20014 7181 1246
 ... : 758 1003 1297 7438 8718 20014 7423 1466
 ... : 758 1002 1297 7438 8718 20014 8151 1669
 ... : 758 1002 1297 7438 8718 20010 9079 1872
 ... : 758 1002 1297 7438 8718 20006 9822 2076
 ... : 758 1002 1297 7438 8718 20006 10843 2281
