initialized model with 5468 latches, 270 inputs and 1 properties
tsim: performed 28 steps
tsim: found cycle from 19
tsim: found 0 constants and 1 latch equivalences
seqsimpl: (5468, 270) -> (3933, 240)
checking bound 0
checking bound 1
checking bound 2
tdecomp: unrolling 2 cycles
tsim: performed 26 steps
tsim: found cycle from 17
tdecomp: no improvement found, reverting original model
   2 : 0 0
completing final invariant with sub-IC3 call...
num_solve_calls = 6
num_solve_sat_calls = 0
num_solve_unsat_calls = 0
num_solve_approx_calls = 0
num_solve_approx_unsat_calls = 0
num_solve_conflicts = 22
num_solve_decisions = 136
num_solve_propagations = 1534
avg_solve_conflicts = 4
avg_solve_decisions = 23
avg_solve_propagations = 256
avg_solve_unsat_decisions = 0.000
stddev_solve_unsat_decisions = 0.000
num_added_cubes = 0
num_subsumed_cubes = 0
num_mic_down_calls = 0
num_mic_down_good = 0
num_added_ctgs = 0
num_gc_frame = 0
num_reset = 0
num_try_blocking = 0
get_bad_cube_time = 0.000
rec_block_cube_time = 0.000
propagate_forward_time = 0.000
generalize_model_time = 0.000
generalize_and_push_time = 0.000
ctg_time = 0.000
try_blocking_time = 0.000
reset_time = 0.000
clausify_time = 0.167
preprocess_time = 0.097
solve_time = 0.001
solve_sat_time = 0.000
solve_unsat_time = 0.001
prove_time = 0.307
memory_used_mb = 31
total_time = 2.625
Safe
