initialized model with 9801 latches, 202 inputs and 1 properties
tsim: reached all X state
tsim: performed 12 steps
checking bound 0
checking bound 1
checking bound 2
tdecomp: unrolling 2 cycles
tsim: reached all X state
tsim: performed 10 steps
tdecomp: no improvement found, reverting original model
 ... : 200
   2 : 107 182
 ... : 165 382
 ... : 207 584
 ... : 260 790
 ... : 418 991
   3 : 351 647 450
   4 : 350 659 168 465
 ... : 350 659 287 710
 ... : 350 659 397 981
 ... : 350 649 458 1237
   5 : 350 630 389 311 1148
 ... : 350 630 389 432 1411
   6 : 350 630 386 395 418 1262
 ... : 350 630 386 394 480 1510
 ... : 350 630 386 394 517 1754
   7 : 347 633 383 384 400 405 1639
 ... : 347 633 383 383 395 501 1929
   8 : 347 631 383 381 391 448 440 1637
   9 : 347 631 383 381 391 432 408 186 1738
  10 : 347 631 383 381 391 431 395 144 107 1724
  11 : 347 631 383 380 391 427 377 125 49 82 1829
  12 : 347 631 383 377 391 427 376 122 40 33 91 1930
  13 : 346 632 382 376 389 423 366 118 38 13 13 50 2099
  14 : 346 632 382 376 389 423 366 107 35 8 5 23 90 2076
  15 : 346 630 379 375 389 417 358 100 30 8 3 16 17 72 2179
  16 : 346 630 379 375 389 416 358 101 30 7 2 12 7 27 69 2225
  17 : 346 630 379 375 389 416 357 84 15 30 6 10 3 16 24 44 2266
  18 : 346 630 379 375 389 416 356 84 4 5 1 3 3 9 23 17 87 2303
  19 : 346 630 379 375 389 414 356 83 3 2 0 4 3 9 21 16 73 2477 6
completing final invariant with sub-IC3 call...
num_solve_calls = 270196
num_solve_sat_calls = 97843
num_solve_unsat_calls = 10932
num_solve_approx_calls = 134950
num_solve_approx_unsat_calls = 72242
num_solve_conflicts = 251894
num_solve_decisions = 331178035
num_solve_propagations = 2602152339
avg_solve_conflicts = 1
avg_solve_decisions = 1226
avg_solve_propagations = 9631
avg_solve_unsat_decisions = 7.441
stddev_solve_unsat_decisions = 70.613
num_added_cubes = 34461
num_subsumed_cubes = 28875
num_mic_down_calls = 31275
num_mic_down_good = 7126
num_added_ctgs = 2175
num_gc_frame = 129
num_reset = 24
num_try_blocking = 131815
get_bad_cube_time = 186.984
rec_block_cube_time = 542.247
propagate_forward_time = 35.202
generalize_model_time = 131.543
generalize_and_push_time = 512.459
ctg_time = 165.481
try_blocking_time = 551.434
reset_time = 23.104
clausify_time = 24.473
preprocess_time = 10.697
solve_time = 696.291
solve_sat_time = 554.876
solve_unsat_time = 141.415
prove_time = 778.525
memory_used_mb = 129
total_time = 797.729
Safe
