initialized model with 10746 latches, 208 inputs and 1 properties
tsim: performed 32 steps
tsim: found cycle from 23
tsim: found 0 constants and 1 latch equivalences
seqsimpl: (10746, 208) -> (10615, 208)
checking bound 0
checking bound 1
checking bound 2
tdecomp: unrolling 2 cycles
tsim: performed 30 steps
tsim: found cycle from 21
tdecomp: no improvement found, reverting original model
   2 : 7 0
   3 : 9 3 39
   4 : 9 3 39 0
   5 : 9 3 39 0 18
num_solve_calls = 4232
num_solve_sat_calls = 640
num_solve_unsat_calls = 172
num_solve_approx_calls = 3142
num_solve_approx_unsat_calls = 2799
num_solve_conflicts = 989
num_solve_decisions = 2490542
num_solve_propagations = 16110432
avg_solve_conflicts = 1
avg_solve_decisions = 589
avg_solve_propagations = 3807
avg_solve_unsat_decisions = 4.814
stddev_solve_unsat_decisions = 53.536
num_added_cubes = 168
num_subsumed_cubes = 99
num_mic_down_calls = 173
num_mic_down_good = 66
num_added_ctgs = 3
num_gc_frame = 17
num_reset = 0
num_try_blocking = 524
get_bad_cube_time = 0.707
rec_block_cube_time = 3.075
propagate_forward_time = 0.041
generalize_model_time = 1.051
generalize_and_push_time = 1.501
ctg_time = 0.173
try_blocking_time = 3.106
reset_time = 0.000
clausify_time = 1.949
preprocess_time = 0.431
solve_time = 3.555
solve_sat_time = 1.932
solve_unsat_time = 1.624
prove_time = 6.409
memory_used_mb = 85
total_time = 8.823
Safe
