initialized model with 1211 latches, 76 inputs and 1 properties
tsim: performed 27 steps
tsim: found cycle from 25
checking bound 0
checking bound 1
checking bound 2
tdecomp: unrolling 2 cycles
tsim: performed 25 steps
tsim: found cycle from 23
tsim: found 1 constants and 0 latch equivalences
seqsimpl: found 21 latch equivalences
tdecomp: (1211, 304) -> (1189, 190)
   2 : 39 35
   3 : 39 51 61
   4 : 39 68 62 60
 ... : 41 73 99 157
 ... : 40 77 151 270
 ... : 45 104 232 380
   5 : 45 113 205 134 334
 ... : 44 113 212 184 436
 ... : 44 115 246 220 491
 ... : 46 117 271 224 546
 ... : 45 124 289 230 650
 ... : 46 129 318 247 777
   6 : 46 124 308 156 96 797
   7 : 46 124 310 162 110 119 812
 ... : 45 124 337 189 111 132 965
 ... : 44 123 357 235 122 136 1061
 ... : 45 124 366 291 168 171 1113
 ... : 45 125 370 332 202 183 1216
 ... : 45 126 370 348 210 196 1328
 ... : 49 141 378 353 221 213 1445
 ... : 48 151 410 399 235 218 1542
 ... : 48 157 450 525 253 223 1612
 ... : 62 184 545 616 261 229 1711
   8 : 62 179 509 580 232 131 63 1690
 ... : 62 179 509 587 236 156 110 1779
 ... : 62 179 509 591 239 160 129 1918
 ... : 62 198 521 617 246 164 130 2008
 ... : 62 198 523 641 306 175 132 2216
 ... : 62 198 523 641 306 176 132 2301
 ... : 62 198 522 657 330 180 132 2487
   9 : 62 195 500 674 344 175 138 141 2420
 ... : 62 195 500 674 355 183 143 126 2546
 ... : 62 195 504 684 365 201 176 157 2625
 ... : 63 252 583 722 368 201 176 157 2692
 ... : 63 252 587 734 376 202 174 148 2787
 ... : 63 264 636 837 499 223 174 148 2807
 ... : 63 264 636 842 607 403 203 152 2939
 ... : 63 264 637 841 663 476 224 153 3003
 ... : 63 264 648 930 761 540 241 153 3091
 ... : 63 264 650 1008 917 681 280 160 3148
 ... : 63 264 650 1012 1010 1039 320 161 3301
 ... : 63 264 649 1023 981 1117 339 168 3390
 ... : 63 264 649 1023 980 1193 433 185 3496
 ... : 63 264 649 1023 981 1244 552 224 3658
 ... : 63 264 648 1016 970 1256 708 269 3719
 ... : 63 264 648 1016 968 1370 837 303 3799
 ... : 62 261 619 985 969 1473 969 329 3866
 ... : 62 261 618 956 955 1490 1185 392 3971
 ... : 64 261 638 1107 1018 1503 1203 394 4005
 ... : 64 261 641 1232 1262 1549 1203 395 4023
 ... : 64 261 641 1255 1335 1611 1232 399 4076
 ... : 64 261 642 1301 1454 1788 1278 404 4154
 ... : 64 261 641 1325 1544 1907 1326 412 4197
 ... : 64 260 635 1336 1567 1921 1349 413 4265
 ... : 64 260 708 1346 1606 1935 1355 413 4301
 ... : 64 260 746 1443 1704 1975 1362 413 4432
 ... : 63 261 746 1446 1702 1948 1303 372 4364
 ... : 63 261 746 1446 1702 1948 1303 375 4350
  10 : 63 253 691 1234 1363 1284 771 258 100 4192
  11 : 62 252 681 1214 1334 1261 739 276 103 258 3962
 ... : 62 252 681 1212 1334 1259 745 292 166 341 4040
 ... : 62 252 681 1212 1334 1259 748 307 194 365 4136
  12 : 62 252 681 1211 1333 1150 574 253 214 344 127 4134
 ... : 62 252 681 1211 1333 1150 576 258 222 355 180 4203
 ... : 62 252 681 1211 1332 1164 609 313 245 357 188 4267
 ... : 62 252 681 1213 1334 1166 610 335 281 379 230 4314
 ... : 61 251 680 1213 1334 1167 612 341 308 402 290 4335
  13 : 61 251 680 1212 1335 1161 608 332 303 378 216 593 3855
 ... : 61 251 680 1212 1335 1161 608 334 307 389 234 640 3939
  14 : 61 251 674 1182 1280 1119 622 295 290 407 231 270 498 3847
 ... : 61 251 674 1182 1280 1119 622 295 291 417 236 296 544 3933
 ... : 61 251 674 1182 1279 1119 622 295 291 417 242 312 595 4022
 ... : 61 251 674 1182 1279 1119 622 295 289 417 246 336 649 4058
 ... : 61 251 674 1182 1279 1119 623 295 289 416 245 338 703 4206
 ... : 61 251 674 1181 1279 1120 623 305 313 439 258 351 720 4266
 ... : 61 251 674 1181 1279 1124 642 330 352 451 259 353 779 4343
 ... : 61 251 674 1181 1279 1125 643 331 360 460 262 363 813 4381
 ... : 61 251 674 1181 1279 1131 655 350 365 461 268 380 845 4455
 ... : 61 251 674 1181 1281 1136 660 360 385 472 276 369 827 4443
  15 : 61 251 674 1181 1280 1094 660 379 373 454 250 319 258 161 4896
 ... : 61 251 674 1181 1280 1094 660 379 373 471 271 342 271 176 5014
 ... : 61 251 674 1181 1280 1094 660 379 373 471 271 342 271 179 5145
 ... : 61 251 674 1181 1280 1094 660 382 385 473 275 346 275 182 5315
 ... : 61 251 674 1181 1280 1094 660 387 419 543 299 350 277 184 5398
 ... : 61 251 674 1181 1280 1094 664 401 456 576 322 354 276 184 5486
 ... : 61 251 674 1181 1280 1094 664 401 455 576 322 362 359 328 5607
 ... : 61 251 674 1181 1280 1094 664 401 460 590 335 362 362 361 5685
 ... : 61 251 674 1181 1280 1094 664 401 472 638 382 378 363 361 5738
 ... : 61 251 674 1181 1279 1093 656 387 473 689 479 419 369 363 5798
 ... : 61 251 674 1181 1279 1093 656 387 476 719 512 501 387 366 5872
 ... : 61 251 674 1181 1279 1097 665 391 508 731 520 559 427 370 5911
 ... : 61 251 674 1181 1283 1113 728 436 560 738 525 562 428 371 5917
 ... : 61 251 674 1181 1282 1115 744 458 645 776 544 568 429 372 5963
 ... : 61 251 674 1181 1282 1123 794 512 672 799 548 570 429 374 5987
 ... : 61 251 674 1181 1282 1121 797 517 687 838 571 575 430 380 6018
 ... : 61 251 674 1181 1282 1121 806 529 716 868 603 584 436 383 6040
 ... : 61 251 674 1181 1281 1125 807 556 754 883 613 593 440 385 6109
 ... : 61 251 674 1181 1281 1125 814 559 764 890 627 610 442 385 6131
 ... : 61 251 674 1181 1281 1125 814 558 764 897 652 665 472 393 6165
 ... : 61 251 674 1181 1281 1125 814 558 770 900 658 676 490 411 6246
 ... : 61 251 674 1181 1281 1125 814 557 773 926 666 685 496 416 6376
 ... : 61 251 674 1181 1281 1125 814 557 773 929 667 708 526 466 6411
 ... : 61 251 674 1181 1281 1125 814 557 773 928 671 736 609 505 6518
 ... : 61 251 674 1181 1281 1125 814 557 773 928 672 738 640 534 6608
 ... : 61 251 674 1181 1281 1125 814 557 773 928 672 740 655 591 6681
 ... : 61 251 674 1181 1281 1125 814 561 803 942 732 783 662 594 6781
 ... : 61 251 674 1181 1281 1125 815 572 823 974 765 799 691 610 6815
 ... : 61 251 674 1181 1281 1128 817 577 826 986 789 823 714 614 6829
 ... : 61 251 674 1181 1281 1130 819 580 830 985 811 837 736 634 6853
 ... : 61 251 674 1181 1281 1130 819 580 830 996 820 841 800 643 6858
 ... : 61 251 674 1181 1281 1130 818 551 836 1004 890 873 818 645 6897
 ... : 61 251 674 1181 1281 1130 819 553 843 1007 935 912 852 649 6956
 ... : 61 251 674 1181 1281 1130 822 559 850 1020 955 947 862 651 6968
 ... : 61 251 674 1181 1283 1131 824 563 853 1020 964 981 875 655 6976
 ... : 61 251 674 1181 1283 1131 824 563 857 1026 981 999 907 661 7028
 ... : 61 251 674 1181 1283 1131 823 564 847 1025 981 1000 915 662 7058
 ... : 61 251 674 1181 1283 1131 824 576 861 1048 992 1021 931 669 7092
 ... : 61 251 674 1181 1283 1133 829 581 876 1054 994 1022 941 674 7142
 ... : 61 251 674 1181 1283 1133 830 580 876 1057 1001 1027 961 719 7161
 ... : 61 251 674 1181 1283 1133 831 586 883 1070 1037 1052 986 726 7206
 ... : 61 251 674 1180 1282 1134 837 589 886 1091 1070 1070 993 731 7240
 ... : 61 251 674 1180 1282 1136 840 597 894 1102 1088 1088 1024 762 7264
 ... : 61 251 674 1180 1282 1136 840 597 893 1108 1108 1109 1044 793 7311
 ... : 61 251 674 1180 1282 1136 840 598 932 1234 1280 1169 1030 802 7394
 ... : 61 251 674 1180 1282 1136 840 598 934 1261 1349 1229 1049 830 7456
 ... : 61 251 674 1180 1282 1144 841 598 933 1257 1387 1319 1094 850 7576
 ... : 61 251 674 1180 1282 1144 843 601 941 1286 1406 1325 1097 852 7707
 ... : 61 251 674 1180 1282 1144 843 601 945 1288 1451 1374 1221 909 7830
 ... : 61 251 674 1180 1282 1144 843 601 945 1292 1461 1396 1268 972 8001
 ... : 61 251 674 1180 1282 1144 843 601 955 1315 1564 1487 1306 983 8023
 ... : 61 251 674 1180 1282 1144 843 601 955 1325 1610 1600 1416 1025 8059
 ... : 61 251 674 1180 1282 1144 843 601 955 1325 1609 1707 1643 1097 8135
 ... : 61 251 674 1180 1282 1144 842 600 952 1327 1680 1954 1746 1135 8207
 ... : 61 251 674 1180 1282 1144 842 600 952 1327 1682 2126 1934 1184 8276
 ... : 61 251 674 1180 1282 1144 842 600 952 1327 1684 2342 2324 1245 8379
 ... : 61 251 674 1180 1282 1144 837 601 974 1382 1753 2397 2431 1274 8440
 ... : 61 251 674 1179 1282 1144 837 605 977 1407 1770 2456 2524 1296 8495
 ... : 61 251 674 1179 1282 1144 837 605 976 1405 1780 2549 2640 1335 8591
 ... : 61 251 674 1179 1282 1144 837 605 976 1405 1781 2565 2688 1388 8686
 ... : 61 251 674 1179 1282 1144 837 605 976 1404 1781 2574 2690 1388 8686
 ... : 61 251 674 1178 1277 1130 834 606 992 1449 1855 2660 2725 1403 8728
 ... : 61 251 674 1178 1277 1130 834 609 994 1453 1904 2741 2779 1413 8754
 ... : 61 251 674 1178 1277 1130 834 609 994 1454 1915 2786 2853 1455 8781
 ... : 61 251 674 1178 1277 1143 854 624 1015 1502 1926 2880 2874 1467 8855
 ... : 61 251 674 1178 1277 1148 857 639 1038 1517 1943 2932 2901 1475 8880
 ... : 61 251 674 1178 1277 1149 859 640 1046 1521 1950 2970 2981 1500 8932
 ... : 61 251 674 1178 1277 1159 865 671 1067 1543 1955 2998 2995 1518 8999
 ... : 61 251 674 1178 1277 1161 896 680 1072 1569 1976 3021 3011 1531 9029
 ... : 61 251 674 1178 1277 1161 896 680 1072 1568 1984 3086 3070 1589 9122
 ... : 61 251 674 1178 1277 1161 896 680 1071 1568 1983 3085 3121 1665 9220
 ... : 61 251 674 1181 1290 1172 911 682 1071 1573 2003 3093 3122 1665 9298
 ... : 61 251 695 1309 1378 1227 945 695 1072 1573 2003 3093 3122 1666 9317
 ... : 61 251 695 1306 1400 1279 1055 730 1082 1582 2014 3114 3129 1694 9402
 ... : 61 251 695 1310 1405 1288 1096 769 1114 1596 2015 3114 3130 1695 9521
 ... : 61 252 707 1319 1411 1296 1114 789 1171 1611 2018 3126 3130 1700 9579
 ... : 61 252 707 1319 1414 1297 1125 811 1229 1615 2018 3126 3130 1700 9633
 ... : 61 252 712 1343 1439 1333 1200 871 1243 1619 2019 3126 3131 1700 9656
 ... : 61 252 712 1361 1469 1382 1261 945 1274 1623 2023 3127 3132 1700 9674
 ... : 61 252 712 1361 1472 1414 1318 1068 1354 1627 2024 3127 3133 1700 9686
 ... : 61 252 712 1361 1478 1484 1452 1172 1430 1648 2028 3127 3157 1727 9724
 ... : 61 252 712 1361 1478 1526 1536 1283 1489 1683 2030 3133 3168 1743 9757
 ... : 61 252 712 1361 1478 1531 1546 1315 1572 1695 2035 3140 3186 1746 9812
 ... : 61 252 712 1361 1482 1571 1588 1401 1639 1778 2039 3145 3192 1782 9860
 ... : 61 252 712 1361 1487 1579 1590 1468 1657 1786 2039 3145 3192 1782 9860
 ... : 61 252 712 1361 1487 1587 1688 1570 1743 1821 2047 3147 3202 1786 9924
 ... : 61 252 712 1361 1490 1610 1764 1701 1846 1868 2074 3160 3217 1807 9962
 ... : 61 252 712 1361 1490 1612 1786 1730 1854 1920 2078 3161 3221 1817 9967
 ... : 61 252 712 1361 1491 1636 1887 1800 1882 2027 2082 3165 3231 1840 9992
 ... : 61 252 712 1361 1493 1639 1900 1840 1962 2105 2088 3165 3232 1849 10043
 ... : 61 252 712 1361 1493 1643 1906 1883 2022 2176 2088 3165 3235 1871 10126
 ... : 61 252 712 1361 1494 1683 1978 1960 2073 2210 2094 3168 3237 1876 10156
 ... : 61 252 712 1361 1498 1729 2045 2005 2110 2252 2104 3180 3237 1882 10236
 ... : 61 263 750 1437 1536 1748 2072 2049 2134 2272 2106 3180 3236 1882 10273
 ... : 74 364 980 1527 1586 1773 2082 2049 2134 2272 2106 3180 3236 1882 10283
 ... : 74 364 976 1563 1707 1905 2139 2057 2157 2276 2107 3181 3236 1882 10296
 ... : 74 364 984 1668 1850 2098 2229 2080 2160 2279 2107 3186 3257 1884 10317
 ... : 74 364 990 1713 1967 2286 2367 2135 2172 2281 2122 3192 3266 1885 10357
 ... : 74 364 990 1748 2096 2505 2519 2182 2175 2286 2128 3197 3268 1885 10382
 ... : 74 364 990 1748 2099 2532 2630 2301 2180 2292 2131 3214 3290 1896 10413
 ... : 74 364 990 1748 2103 2534 2773 2486 2209 2307 2137 3234 3349 1903 10462
 ... : 74 364 1000 1772 2119 2553 2810 2563 2247 2313 2139 3247 3356 1905 10482
 ... : 74 364 1000 1771 2117 2583 2898 2816 2302 2326 2141 3264 3358 1905 10516
 ... : 74 364 1000 1771 2121 2617 3044 2956 2351 2337 2144 3271 3358 1906 10532
 ... : 74 364 1000 1770 2125 2633 3080 2974 2373 2363 2152 3274 3369 1908 10548
 ... : 74 364 1000 1770 2125 2632 3126 3083 2488 2404 2154 3287 3384 1913 10600
 ... : 74 364 1000 1770 2126 2650 3184 3235 2613 2449 2174 3334 3428 1924 10629
 ... : 74 364 1000 1770 2126 2654 3205 3258 2734 2545 2181 3357 3441 1931 10649
 ... : 74 364 1000 1770 2128 2655 3209 3289 2818 2666 2204 3372 3456 1942 10689
 ... : 74 364 1000 1770 2128 2655 3212 3298 2894 2845 2256 3399 3494 1946 10735
 ... : 74 364 1000 1770 2128 2655 3212 3299 2912 3111 2324 3431 3534 1956 10756
 ... : 74 364 1000 1770 2128 2655 3212 3299 2922 3249 2390 3448 3540 1962 10787
 ... : 74 364 1000 1770 2127 2687 3289 3360 2942 3350 2411 3450 3548 1965 10803
 ... : 74 364 1000 1770 2127 2713 3400 3505 3016 3363 2412 3450 3548 1966 10820
 ... : 74 364 1000 1769 2128 2711 3411 3553 3113 3439 2418 3464 3556 1966 10845
 ... : 74 364 1000 1769 2128 2707 3400 3573 3289 3551 2419 3466 3568 1968 10913
 ... : 74 364 1000 1769 2128 2707 3405 3590 3405 3620 2435 3486 3586 1979 10972
 ... : 74 364 1000 1769 2127 2703 3401 3587 3430 3825 2475 3492 3598 1995 11075
 ... : 74 364 1000 1769 2127 2703 3400 3606 3523 3926 2499 3494 3619 1999 11195
 ... : 74 364 1000 1769 2127 2704 3397 3643 3629 3978 2523 3498 3639 1999 11235
 ... : 74 364 1000 1769 2127 2705 3401 3655 3717 4064 2554 3535 3664 2009 11336
 ... : 74 364 1000 1769 2127 2705 3395 3671 3854 4172 2616 3587 3677 2018 11495
 ... : 74 364 1000 1769 2127 2705 3395 3674 3983 4466 2738 3703 3698 2025 11739
 ... : 74 364 1000 1769 2127 2705 3396 3695 4075 4901 2802 3728 3719 2042 11857
 ... : 74 364 1000 1769 2127 2705 3396 3700 4125 5024 2911 3751 3720 2043 11889
 ... : 74 364 1000 1769 2127 2705 3396 3700 4231 5259 2993 3782 3723 2045 11946
 ... : 74 364 999 1766 2215 2772 3445 3744 4249 5377 3022 3793 3740 2055 11960
 ... : 74 364 999 1791 2307 2859 3560 3856 4315 5382 3023 3795 3766 2061 11984
 ... : 74 364 999 1814 2361 2925 3613 3883 4346 5394 3023 3796 3791 2064 12020
 ... : 74 364 999 1835 2448 3047 3759 3924 4346 5396 3023 3796 3799 2065 12036
 ... : 74 364 999 1835 2451 3119 3944 3998 4369 5416 3024 3800 3825 2082 12079
 ... : 74 364 999 1835 2497 3267 4076 4061 4384 5427 3028 3803 3863 2085 12112
 ... : 74 364 999 1835 2501 3353 4249 4204 4453 5437 3031 3803 3890 2088 12169
 ... : 74 364 999 1847 2515 3413 4280 4260 4529 5467 3050 3824 3933 2106 12236
 ... : 74 364 999 1853 2526 3439 4331 4339 4565 5480 3052 3825 3934 2106 12266
 ... : 74 364 999 1853 2526 3462 4364 4449 4635 5510 3058 3832 3944 2115 12282
 ... : 74 364 999 1853 2523 3508 4470 4530 4689 5570 3061 3849 3992 2125 12314
 ... : 74 364 999 1853 2541 3578 4587 4627 4758 5587 3068 3866 3999 2138 12337
 ... : 74 364 999 1853 2546 3615 4706 4781 4946 5624 3074 3879 4022 2157 12418
 ... : 74 364 999 1853 2546 3613 4836 4877 5056 5711 3106 3892 4062 2167 12471
 ... : 74 364 999 1853 2562 3674 4974 4974 5116 5759 3110 3900 4071 2172 12512
 ... : 74 364 999 1853 2562 3681 5011 5020 5192 5801 3118 3907 4090 2174 12553
