initialized model with 951 latches, 153 inputs and 1 properties
tsim: reached all X state
tsim: performed 5 steps
checking bound 0
checking bound 1
checking bound 2
tdecomp: unrolling 2 cycles
tsim: reached all X state
tsim: performed 3 steps
tdecomp: no improvement found, reverting original model
   2 : 12 29
   3 : 8 3 62
   4 : 8 3 0 62
completing final invariant with sub-IC3 call...
num_solve_calls = 2193
num_solve_sat_calls = 738
num_solve_unsat_calls = 128
num_solve_approx_calls = 560
num_solve_approx_unsat_calls = 434
num_solve_conflicts = 218551
num_solve_decisions = 727508
num_solve_propagations = 5141698
avg_solve_conflicts = 100
avg_solve_decisions = 332
avg_solve_propagations = 2345
avg_solve_unsat_decisions = 194.172
stddev_solve_unsat_decisions = 1273.262
num_added_cubes = 230
num_subsumed_cubes = 157
num_mic_down_calls = 288
num_mic_down_good = 51
num_added_ctgs = 0
num_gc_frame = 16
num_reset = 0
num_try_blocking = 625
get_bad_cube_time = 1.324
rec_block_cube_time = 0.365
propagate_forward_time = 0.014
generalize_model_time = 0.063
generalize_and_push_time = 0.217
ctg_time = 0.045
try_blocking_time = 0.373
reset_time = 0.000
clausify_time = 0.047
preprocess_time = 0.007
solve_time = 1.923
solve_sat_time = 0.192
solve_unsat_time = 1.731
prove_time = 2.022
memory_used_mb = 11
total_time = 2.617
Safe
