initialized model with 651 latches, 91 inputs and 1 properties
tsim: performed 101 steps
tsim: found cycle from 99
checking bound 0
checking bound 1
checking bound 2
tdecomp: unrolling 2 cycles
tsim: performed 99 steps
tsim: found cycle from 97
tsim: found 1 constants and 0 latch equivalences
tdecomp: (651, 364) -> (650, 159)
   2 : 66 19
   3 : 67 11 15
   4 : 74 30 20 58
   5 : 74 30 20 6 52
   6 : 74 30 20 6 3 49
 ... : 74 30 22 19 28 127
 ... : 73 33 44 25 41 185
 ... : 72 33 56 37 56 248
 ... : 73 34 61 42 72 318
 ... : 73 37 89 74 108 370
 ... : 72 37 99 95 135 446
 ... : 72 37 103 116 162 514
 ... : 72 37 104 134 213 584
 ... : 73 40 123 165 235 614
 ... : 81 64 163 222 261 657
 ... : 83 81 246 327 330 676
 ... : 89 117 331 376 391 705
 ... : 89 119 348 388 421 753
 ... : 89 119 374 441 482 827
 ... : 89 125 416 506 531 892
 ... : 89 126 429 544 571 949
 ... : 88 125 433 598 657 1046
 ... : 87 125 426 613 740 1114
 ... : 87 127 432 654 842 1186
 ... : 87 127 430 678 945 1263
 ... : 87 130 451 729 1008 1339
 ... : 88 134 477 778 1060 1396
 ... : 89 139 502 804 1103 1445
 ... : 91 139 475 778 1160 1500
 ... : 90 140 482 777 1138 1539
   7 : 89 134 448 693 764 673 1159
   8 : 89 133 439 665 738 644 324 876
 ... : 89 133 438 649 743 681 355 939
 ... : 89 133 437 645 780 743 415 989
 ... : 89 133 437 644 773 766 482 1077
 ... : 89 133 433 633 759 811 567 1144
 ... : 89 133 432 634 780 853 614 1183
 ... : 88 129 432 630 788 880 700 1226
 ... : 88 129 432 630 798 919 787 1291
 ... : 88 129 431 628 800 969 885 1351
 ... : 88 129 430 633 797 1004 990 1407
 ... : 88 129 430 633 800 1095 1100 1468
 ... : 88 129 430 636 806 1147 1140 1543
 ... : 88 131 509 744 876 1209 1160 1583
 ... : 88 131 509 757 909 1248 1224 1678
 ... : 88 131 509 757 915 1337 1368 1733
 ... : 88 131 509 755 909 1368 1455 1791
 ... : 88 131 508 754 912 1398 1557 1876
 ... : 88 131 520 804 946 1421 1607 1937
 ... : 88 131 526 809 957 1454 1635 2004
 ... : 88 131 525 829 985 1458 1674 2103
 ... : 88 131 525 865 1022 1476 1713 2176
 ... : 88 129 524 862 1041 1505 1748 2235
 ... : 88 129 525 873 1061 1523 1792 2313
 ... : 88 129 527 869 1063 1534 1866 2408
 ... : 88 129 528 863 1044 1523 1849 2431
 ... : 88 128 528 859 1050 1517 1899 2502
 ... : 88 128 528 880 1059 1554 1958 2554
 ... : 88 128 529 876 1063 1567 2018 2628
 ... : 88 128 533 885 1078 1591 2056 2668
 ... : 88 128 537 895 1083 1604 2121 2744
 ... : 88 128 537 896 1116 1639 2199 2827
 ... : 88 128 537 904 1131 1664 2288 2912
 ... : 88 128 538 922 1158 1670 2370 3000
 ... : 88 128 538 920 1163 1703 2464 3064
 ... : 88 127 540 929 1197 1753 2531 3110
 ... : 88 129 544 950 1225 1797 2575 3141
 ... : 88 129 544 963 1242 1811 2623 3194
 ... : 92 135 559 964 1265 1828 2655 3209
 ... : 92 135 562 986 1286 1846 2683 3223
 ... : 92 135 562 981 1279 1833 2733 3275
 ... : 92 135 573 998 1304 1822 2756 3343
 ... : 92 135 574 1005 1323 1844 2844 3431
 ... : 92 135 582 1035 1343 1846 2846 3462
 ... : 92 134 586 1042 1347 1830 2853 3510
 ... : 95 135 597 1076 1373 1841 2881 3543
 ... : 98 141 601 1047 1362 1856 2901 3569
 ... : 99 145 630 1079 1389 1883 2924 3584
 ... : 99 145 634 1111 1422 1906 2971 3614
 ... : 99 145 638 1133 1389 1890 3005 3673
 ... : 99 146 640 1136 1396 1902 3028 3711
 ... : 99 145 634 1132 1401 1923 3068 3763
 ... : 99 145 627 1117 1398 1942 3090 3816
 ... : 112 154 652 1159 1420 1962 3101 3845
 ... : 114 159 663 1178 1443 2005 3153 3876
 ... : 114 161 586 925 1156 1727 2750 3717
   9 : 112 158 406 571 572 576 1148 1258 1726
  10 : 112 158 404 567 563 567 1126 1263 297 1461
  11 : 112 158 400 569 563 558 1125 1270 295 106 1360
  12 : 112 158 400 569 563 558 1125 1270 295 102 39 1325
  13 : 112 158 400 569 563 558 1124 1270 295 102 39 15 1311
  14 : 112 158 400 569 563 558 1124 1270 295 102 39 14 4 1308
  15 : 112 158 400 569 563 558 1123 1269 295 102 39 14 2 2 1310
  16 : 112 158 400 569 563 558 1123 1269 295 102 39 14 2 2 2 1308
  17 : 112 158 400 569 563 558 1123 1269 295 102 39 14 2 2 1 2 1307
 ... : 112 158 400 566 562 556 1123 1270 300 105 50 25 8 2 1 2 1403
 ... : 112 158 400 566 562 556 1123 1265 303 108 59 35 16 5 1 5 1514
 ... : 112 158 400 566 562 556 1123 1265 303 118 69 40 25 7 2 6 1595
 ... : 112 158 400 566 562 555 1122 1265 307 127 78 47 45 11 4 6 1675
 ... : 112 158 400 566 562 555 1121 1264 309 137 85 50 53 20 6 6 1778
 ... : 112 158 400 566 558 555 1118 1257 319 170 151 98 77 24 11 6 1869
 ... : 112 158 400 566 558 555 1118 1257 319 180 159 130 155 70 19 6 1954
 ... : 112 158 400 565 557 555 1117 1258 321 181 186 144 188 94 42 10 2061
 ... : 112 158 400 565 557 555 1117 1258 321 181 187 171 238 156 80 19 2212
 ... : 112 158 400 565 557 553 1116 1257 321 181 194 184 246 164 95 45 2300
 ... : 112 158 400 565 557 550 1116 1257 321 193 200 197 264 196 111 48 2432
 ... : 112 158 400 565 557 550 1116 1256 319 194 206 247 311 223 138 60 2598
 ... : 112 158 400 565 557 550 1115 1253 326 201 228 258 356 245 140 60 2698
 ... : 112 158 400 565 557 550 1115 1252 326 199 228 253 386 289 157 62 2784
 ... : 112 158 400 565 557 550 1115 1252 326 207 241 261 449 339 205 70 2835
 ... : 112 158 400 565 555 547 1115 1251 329 208 260 274 467 368 214 93 2949
 ... : 112 158 400 565 555 547 1115 1251 329 208 256 270 460 386 260 132 3030
 ... : 112 158 400 565 555 547 1115 1251 329 208 256 271 464 388 274 218 3213
 ... : 112 158 400 565 554 546 1115 1251 331 226 287 285 478 411 274 222 3266
 ... : 112 158 400 565 554 546 1115 1251 333 230 291 297 523 430 276 224 3370
 ... : 112 158 400 564 552 546 1114 1247 348 282 363 390 650 545 296 224 3500
 ... : 112 158 400 564 552 546 1112 1247 347 285 384 423 701 649 324 227 3611
 ... : 112 158 400 564 552 546 1111 1260 362 316 396 441 733 780 374 229 3683
 ... : 112 158 400 563 552 546 1111 1260 362 316 398 465 750 870 396 229 3800
 ... : 112 158 400 563 552 545 1110 1259 361 316 389 484 807 950 429 232 3861
 ... : 112 158 400 563 552 543 1109 1258 363 319 396 494 842 990 449 237 3929
 ... : 112 158 400 563 552 543 1109 1258 363 319 396 504 861 1044 496 244 4031
 ... : 112 158 400 563 552 542 1106 1257 363 324 400 517 899 1208 530 250 4082
 ... : 112 158 400 563 552 542 1106 1257 363 324 400 569 973 1333 582 262 4147
 ... : 112 158 400 563 552 542 1106 1257 363 324 400 587 1013 1423 659 283 4274
 ... : 112 158 400 563 552 541 1106 1257 362 323 407 601 1056 1467 669 302 4360
 ... : 112 158 400 563 552 540 1105 1256 362 323 414 602 1091 1600 692 306 4421
 ... : 112 158 400 563 552 540 1105 1256 365 329 442 628 1109 1641 707 310 4485
 ... : 112 158 400 563 552 540 1105 1259 371 334 452 657 1136 1661 849 320 4510
 ... : 112 158 400 563 552 540 1103 1254 371 335 456 659 1155 1726 875 370 4566
 ... : 112 158 400 563 552 540 1102 1253 371 335 458 663 1181 1791 985 412 4681
 ... : 112 158 400 563 552 540 1102 1253 371 335 458 666 1205 1814 1017 420 4787
 ... : 112 158 400 563 552 540 1101 1252 367 344 469 677 1248 1841 1035 427 4886
 ... : 112 158 400 562 552 540 1101 1252 367 344 470 677 1268 1921 1111 470 4953
 ... : 112 158 400 562 552 540 1101 1252 367 344 470 677 1288 1966 1191 557 5136
 ... : 112 158 400 562 552 540 1100 1250 363 344 472 682 1311 2013 1230 567 5198
 ... : 112 158 400 562 552 540 1099 1247 362 345 475 686 1329 2077 1249 568 5334
 ... : 112 158 400 562 552 538 1092 1245 367 353 490 707 1347 2100 1258 575 5394
 ... : 112 158 400 562 552 537 1091 1244 366 349 494 728 1457 2158 1323 588 5433
 ... : 112 158 400 562 552 536 1091 1242 364 348 494 737 1434 2201 1337 610 5517
 ... : 112 158 400 562 552 536 1091 1238 359 349 521 783 1462 2278 1377 614 5604
 ... : 112 158 400 562 552 536 1090 1237 359 349 521 786 1472 2312 1407 623 5803
 ... : 112 158 400 561 551 535 1090 1233 355 350 539 799 1492 2339 1418 640 5927
 ... : 112 158 400 561 551 535 1090 1232 353 350 543 805 1517 2362 1447 664 6038
 ... : 112 158 400 561 551 534 1086 1227 349 347 554 826 1520 2432 1474 669 6105
 ... : 112 158 400 561 551 534 1086 1225 344 342 558 836 1524 2477 1535 693 6177
 ... : 112 158 400 560 551 534 1086 1223 334 327 538 822 1520 2522 1561 709 6239
 ... : 112 158 400 560 551 534 1086 1223 332 326 538 821 1526 2557 1661 773 6320
 ... : 112 158 400 560 551 534 1086 1223 332 326 541 828 1532 2587 1703 798 6362
 ... : 112 158 400 560 551 534 1086 1223 332 324 533 820 1519 2599 1728 816 6414
 ... : 112 158 400 560 551 534 1086 1223 332 324 532 814 1505 2576 1780 885 6462
 ... : 112 158 400 559 551 534 1086 1222 331 321 527 811 1498 2604 1875 934 6501
 ... : 112 158 400 559 551 534 1086 1222 331 321 527 806 1484 2613 1961 1003 6531
 ... : 112 158 400 559 551 534 1086 1222 331 319 529 821 1485 2604 2031 1105 6552
 ... : 112 158 400 559 551 534 1086 1222 331 317 525 816 1474 2594 2044 1165 6526
 ... : 112 158 400 559 551 534 1086 1222 331 317 524 814 1470 2582 2033 1257 6622
 ... : 112 158 400 559 551 534 1086 1222 330 316 524 813 1446 2558 2006 1283 6606
 ... : 112 158 400 559 551 534 1086 1222 330 316 524 812 1444 2547 2049 1328 6646
 ... : 112 158 400 559 551 534 1086 1222 330 316 524 812 1444 2547 2115 1420 6772
 ... : 112 158 400 559 551 534 1086 1222 330 337 532 819 1449 2565 2114 1439 6866
 ... : 112 158 400 557 550 534 1086 1222 330 338 534 820 1455 2585 2153 1476 6899
 ... : 112 158 400 557 550 534 1086 1222 330 341 571 862 1506 2646 2194 1486 6926
 ... : 112 158 400 557 550 534 1086 1222 330 341 571 870 1513 2682 2302 1602 7107
 ... : 112 158 400 557 550 534 1086 1222 329 341 574 871 1519 2700 2345 1633 7208
 ... : 112 158 400 556 549 532 1086 1222 329 341 574 871 1519 2696 2341 1651 7235
 ... : 112 158 400 556 549 533 1089 1227 339 348 580 874 1522 2700 2351 1673 7294
 ... : 112 158 400 556 549 536 1090 1232 356 357 591 886 1529 2705 2353 1673 7335
 ... : 112 158 400 556 549 540 1090 1238 364 370 603 898 1541 2718 2372 1679 7377
 ... : 112 158 400 556 549 540 1090 1242 371 386 614 910 1553 2767 2385 1688 7442
 ... : 112 158 400 556 549 545 1094 1252 436 451 657 928 1558 2769 2386 1690 7583
 ... : 112 158 400 556 549 551 1097 1260 453 490 682 955 1578 2778 2390 1692 7676
 ... : 112 158 400 556 549 550 1098 1266 510 579 770 1000 1588 2781 2393 1696 7807
 ... : 112 158 400 556 549 551 1100 1267 525 601 847 1069 1623 2803 2400 1698 7916
 ... : 112 158 400 556 549 553 1112 1275 550 647 884 1134 1664 2828 2420 1702 8015
 ... : 112 158 400 556 548 553 1113 1281 589 722 974 1216 1729 2858 2441 1706 8053
 ... : 112 158 400 556 548 553 1115 1289 637 794 1047 1319 1820 2884 2465 1712 8080
 ... : 112 158 400 557 551 560 1123 1307 656 827 1080 1335 1831 2891 2468 1713 8168
 ... : 112 158 400 557 554 561 1127 1315 673 836 1086 1340 1835 2899 2479 1724 8241
 ... : 112 158 400 557 554 561 1127 1315 673 836 1086 1340 1835 2972 2623 1769 8332
 ... : 112 158 400 557 554 561 1127 1315 672 836 1086 1341 1842 3007 2702 1839 8511
 ... : 112 158 400 557 553 561 1127 1333 680 846 1094 1346 1843 3009 2711 1873 8583
 ... : 112 158 400 557 556 564 1130 1337 688 865 1097 1348 1856 3027 2728 1882 8643
 ... : 112 158 400 557 556 564 1130 1337 688 867 1105 1361 1870 3064 2753 1883 8691
 ... : 112 158 400 557 556 564 1130 1337 688 866 1102 1364 1877 3086 2796 1926 8759
 ... : 112 158 400 557 556 564 1130 1336 686 866 1101 1387 1894 3109 2800 1931 8825
 ... : 112 158 400 557 556 564 1130 1335 685 867 1106 1390 1895 3119 2848 1955 8846
 ... : 112 158 400 556 556 563 1129 1335 683 867 1106 1391 1898 3124 2891 1984 8868
 ... : 112 158 400 556 556 563 1128 1340 688 886 1147 1429 1963 3173 2931 1991 8928
 ... : 112 158 400 556 556 563 1128 1340 690 886 1148 1432 1974 3221 3034 2013 9010
 ... : 112 158 400 556 556 563 1128 1340 690 886 1148 1432 1993 3231 3069 2043 9117
 ... : 112 158 400 556 556 563 1128 1339 689 885 1147 1434 1987 3247 3095 2114 9257
 ... : 112 158 400 556 556 563 1128 1339 689 885 1147 1434 1994 3267 3117 2157 9319
 ... : 112 158 400 556 556 563 1128 1339 689 884 1150 1436 2004 3300 3140 2179 9378
 ... : 112 158 400 556 556 563 1128 1338 687 881 1127 1443 2017 3333 3164 2197 9448
 ... : 112 158 400 556 556 563 1128 1338 685 881 1132 1413 2012 3361 3199 2222 9522
 ... : 112 158 400 556 556 563 1128 1338 683 884 1135 1412 2021 3356 3257 2271 9589
 ... : 112 158 400 556 556 563 1128 1338 681 885 1134 1410 2030 3403 3309 2315 9632
 ... : 112 158 400 556 555 563 1128 1338 681 885 1134 1409 2026 3338 3323 2397 9753
 ... : 112 158 400 556 555 563 1128 1338 680 885 1137 1420 2096 3392 3341 2413 9786
 ... : 112 158 400 556 555 563 1128 1338 680 883 1137 1428 2145 3465 3391 2450 9828
 ... : 112 158 400 556 555 563 1127 1338 680 883 1135 1428 2190 3514 3434 2487 9886
 ... : 112 158 400 556 555 563 1127 1338 680 883 1132 1433 2218 3527 3489 2570 9960
 ... : 112 158 400 556 554 562 1127 1338 680 883 1132 1432 2216 3511 3579 2658 10024
 ... : 112 158 400 556 554 562 1127 1338 678 882 1118 1430 2232 3531 3597 2708 10111
 ... : 112 158 400 556 553 562 1127 1336 677 889 1115 1411 2209 3528 3616 2741 10146
 ... : 112 158 400 556 553 562 1127 1336 677 890 1116 1411 2211 3509 3638 2776 10197
 ... : 112 158 400 556 553 562 1128 1338 675 890 1127 1435 2231 3555 3658 2784 10231
 ... : 112 158 400 556 553 562 1128 1338 675 897 1141 1455 2273 3597 3673 2788 10256
 ... : 112 158 400 556 553 562 1128 1338 675 899 1147 1479 2340 3644 3684 2794 10293
 ... : 112 158 400 556 553 562 1128 1336 675 902 1132 1492 2387 3713 3708 2805 10330
 ... : 112 158 400 556 553 562 1128 1344 681 917 1144 1530 2421 3777 3733 2810 10364
 ... : 112 158 400 556 553 562 1128 1352 696 933 1191 1577 2460 3824 3748 2814 10407
 ... : 112 158 400 556 553 566 1132 1355 704 942 1202 1589 2466 3858 3791 2841 10448
 ... : 112 158 400 556 555 570 1140 1360 710 953 1207 1596 2479 3869 3799 2842 10459
 ... : 112 158 400 556 556 571 1143 1371 721 966 1241 1650 2490 3872 3800 2842 10521
 ... : 112 158 400 556 556 571 1143 1371 720 966 1278 1693 2511 3941 3832 2848 10549
 ... : 112 158 400 556 556 571 1142 1371 723 990 1301 1751 2541 3963 3852 2871 10586
 ... : 112 158 400 556 556 571 1142 1372 724 992 1310 1786 2565 3988 3886 2905 10649
 ... : 112 158 400 556 556 571 1142 1372 724 992 1309 1791 2586 4075 3930 2920 10646
 ... : 112 158 400 556 556 571 1142 1372 723 995 1305 1803 2597 4094 3996 2976 10745
 ... : 112 158 400 556 556 571 1142 1372 723 997 1305 1807 2608 4111 4023 3045 10830
 ... : 112 158 400 556 556 571 1142 1372 723 997 1303 1807 2602 4130 4067 3099 10884
 ... : 112 158 400 556 556 571 1142 1371 728 1004 1317 1816 2618 4153 4128 3201 10940
 ... : 112 158 400 556 556 571 1142 1371 731 1002 1317 1827 2622 4160 4187 3281 11022
 ... : 112 158 400 556 556 571 1142 1369 731 1013 1334 1929 2703 4248 4211 3301 11029
 ... : 112 158 400 556 556 571 1142 1369 731 1013 1334 1939 2727 4319 4315 3366 11092
 ... : 112 158 400 556 556 571 1142 1369 731 1013 1342 1985 2776 4356 4352 3397 11136
 ... : 112 158 400 556 556 571 1142 1368 731 1013 1342 2018 2870 4458 4455 3417 11161
 ... : 112 158 400 556 556 571 1142 1368 731 1013 1342 2019 2896 4540 4581 3597 11263
 ... : 112 158 400 556 556 571 1142 1368 731 1013 1342 2039 2934 4596 4621 3687 11322
 ... : 112 158 400 556 556 571 1142 1368 730 1013 1342 2036 2925 4581 4653 3795 11428
 ... : 112 158 400 556 556 571 1142 1368 730 1013 1342 2034 2920 4580 4676 3956 11536
 ... : 112 158 400 556 556 571 1141 1367 730 1013 1342 2039 2946 4602 4695 3982 11565
 ... : 112 158 400 556 556 571 1141 1367 730 1015 1350 2048 2969 4628 4702 4006 11651
 ... : 112 158 400 556 556 571 1141 1367 730 1016 1351 2049 2999 4658 4742 4049 11749
 ... : 112 158 400 556 556 571 1141 1367 730 1017 1352 2052 3033 4691 4773 4084 11826
 ... : 112 158 400 556 556 571 1140 1368 731 1018 1353 2055 3048 4715 4811 4111 11905
 ... : 112 158 400 556 556 571 1140 1368 731 1018 1353 2060 3082 4748 4842 4158 11947
 ... : 112 158 400 556 556 571 1140 1366 731 1018 1353 2065 3101 4786 4883 4182 12013
 ... : 112 158 400 556 556 571 1140 1366 731 1018 1353 2065 3117 4826 4957 4225 12036
 ... : 112 158 400 556 556 571 1139 1364 740 1003 1358 2070 3122 4845 5009 4279 12103
 ... : 112 158 400 555 556 572 1141 1368 741 1004 1356 2068 3134 4853 5030 4311 12191
 ... : 112 158 400 555 556 572 1141 1368 741 1004 1356 2068 3132 4855 5043 4380 12295
 ... : 112 158 400 555 556 572 1141 1368 741 1004 1355 2068 3138 4870 5100 4448 12378
 ... : 112 158 400 555 556 572 1141 1368 741 1004 1354 2067 3137 4887 5139 4578 12519
 ... : 112 158 400 555 555 572 1141 1367 739 1004 1355 2068 3137 4903 5151 4637 12569
 ... : 112 158 400 555 555 572 1141 1367 739 1006 1363 2073 3147 4925 5189 4672 12604
 ... : 112 158 400 555 555 572 1141 1359 729 1015 1384 2106 3195 4985 5246 4693 12649
 ... : 112 158 400 555 555 572 1140 1356 727 1013 1393 2124 3222 5069 5318 4732 12680
 ... : 112 158 400 555 555 572 1140 1356 727 1010 1395 2124 3221 5082 5361 4791 12743
 ... : 112 158 400 555 555 572 1140 1352 723 1007 1379 2122 3226 5067 5382 4796 12786
 ... : 112 158 400 555 555 572 1140 1352 723 1007 1375 2122 3217 5054 5369 4785 12876
 ... : 112 158 400 555 555 572 1140 1352 723 1007 1372 2120 3207 5018 5362 4880 12957
 ... : 112 158 400 555 555 572 1140 1346 719 1010 1374 2119 3208 5005 5353 4982 13050
 ... : 112 158 400 555 555 572 1140 1346 722 1017 1376 2120 3215 5016 5368 5064 13159
 ... : 112 158 400 555 555 579 1145 1365 731 1026 1380 2128 3233 5027 5382 5095 13224
 ... : 112 158 400 555 555 595 1156 1385 784 1056 1410 2150 3254 5042 5402 5112 13377
 ... : 112 158 400 555 555 595 1156 1384 797 1112 1507 2234 3304 5071 5422 5120 13474
 ... : 112 158 400 555 555 595 1156 1386 830 1235 1582 2259 3315 5073 5427 5137 13634
 ... : 112 158 400 555 555 595 1156 1385 837 1281 1667 2368 3363 5089 5437 5176 13816
 ... : 112 158 400 555 554 595 1156 1384 835 1282 1693 2384 3396 5105 5456 5204 13995
 ... : 112 158 400 555 554 595 1156 1384 835 1289 1706 2423 3454 5133 5493 5256 14125
 ... : 112 158 400 555 554 595 1156 1384 835 1289 1765 2491 3547 5186 5545 5306 14375
 ... : 112 158 400 555 554 595 1156 1384 835 1289 1765 2513 3565 5216 5589 5329 14469
 ... : 112 158 400 555 554 595 1156 1384 848 1377 1886 2632 3643 5236 5615 5340 14756
 ... : 112 158 400 555 554 595 1156 1385 911 1507 2020 2740 3684 5261 5624 5343 14901
 ... : 112 158 400 555 554 595 1156 1384 911 1525 2146 2890 3755 5277 5634 5352 15086
 ... : 112 158 400 555 554 595 1155 1384 911 1525 2147 2922 3796 5309 5705 5368 15210
 ... : 112 158 400 555 554 595 1155 1384 911 1527 2202 3039 3866 5337 5717 5374 15432
 ... : 112 158 400 555 554 595 1155 1384 925 1596 2332 3187 3939 5375 5742 5384 15593
 ... : 112 158 400 555 554 595 1155 1383 941 1610 2394 3288 3989 5429 5770 5401 15715
 ... : 112 158 400 555 554 595 1155 1383 950 1620 2538 3399 4041 5458 5801 5413 15833
 ... : 112 158 400 554 556 597 1158 1386 954 1621 2539 3425 4056 5473 5815 5428 16000
 ... : 112 158 400 554 556 597 1158 1386 954 1621 2539 3425 4061 5482 5852 5466 16135
 ... : 112 158 400 554 558 620 1174 1395 971 1632 2547 3430 4067 5491 5860 5480 16188
 ... : 112 158 400 554 560 626 1175 1410 985 1647 2555 3434 4067 5491 5860 5480 16257
 ... : 112 158 400 554 559 626 1177 1414 997 1656 2562 3442 4073 5502 5866 5483 16315
 ... : 112 158 400 554 562 630 1189 1422 1022 1660 2569 3450 4077 5513 5890 5492 16324
 ... : 112 158 400 554 563 648 1208 1429 1023 1662 2582 3456 4076 5537 5924 5529 16340
 ... : 112 158 400 554 566 653 1217 1438 1031 1679 2600 3468 4087 5552 5958 5559 16368
 ... : 112 158 400 554 568 658 1242 1463 1074 1717 2608 3474 4091 5554 5958 5559 16387
 ... : 112 158 400 556 574 661 1251 1497 1119 1754 2656 3517 4105 5560 5960 5559 16389
