initialized model with 857 latches, 69 inputs and 1 properties
tsim: performed 8 steps
tsim: found cycle from 6
tsim: found 1 constants and 2 latch equivalences
seqsimpl: (857, 69) -> (848, 68)
checking bound 0
checking bound 1
checking bound 2
tdecomp: unrolling 2 cycles
tsim: performed 6 steps
tsim: found cycle from 4
tsim: found 1 constants and 0 latch equivalences
tdecomp: (848, 272) -> (847, 133)
   2 : 131 8
   3 : 130 133 4
 ... : 117 146 164
 ... : 68 168 265
 ... : 18 195 365
 ... : 11 219 519
 ... : 34 271 588
 ... : 59 352 663
 ... : 83 408 735
 ... : 103 445 797
 ... : 123 471 858
 ... : 148 519 937
 ... : 172 574 1029
 ... : 195 622 1123
 ... : 234 670 1216
 ... : 249 723 1300
 ... : 259 817 1407
 ... : 266 908 1512
 ... : 298 993 1609
 ... : 313 1055 1723
   4 : 333 800 1960 164
 ... : 333 800 1921 296
 ... : 333 800 1924 440
 ... : 333 800 1925 641
 ... : 333 800 1933 842
 ... : 333 800 1939 1043
 ... : 333 800 1944 1244
 ... : 333 800 1946 1445
   5 : 333 800 1801 943 792
 ... : 333 800 1801 943 992
 ... : 333 800 1801 943 1193
 ... : 333 800 1801 945 1394
 ... : 333 800 1801 1007 1595
 ... : 336 808 1815 1019 1771
 ... : 336 808 1815 1019 1972
 ... : 336 808 1815 1019 2175
 ... : 336 808 1815 1019 2376
 ... : 336 808 1825 1040 2451
 ... : 336 808 1841 1062 2484
 ... : 336 808 1859 1089 2514
 ... : 336 808 1862 1175 2692
 ... : 336 808 1855 1245 2849
 ... : 336 808 1827 1406 2949
 ... : 336 808 1799 1535 3050
 ... : 336 808 1770 1613 3153
 ... : 336 808 1744 1662 3257
 ... : 336 808 1731 1675 3405
 ... : 336 808 1719 1731 3515
 ... : 336 808 1693 1781 3615
   6 : 336 808 1664 1713 2572 1249
 ... : 340 813 1669 1722 2607 1390
 ... : 340 816 1699 1735 2675 1415
 ... : 340 822 1723 1737 2738 1441
 ... : 340 823 1738 1741 2792 1466
 ... : 340 829 1758 1739 2859 1489
 ... : 340 832 1779 1742 2911 1514
 ... : 340 836 1801 1748 2973 1538
 ... : 340 836 1814 1750 3031 1562
 ... : 340 846 1842 1754 3092 1589
 ... : 340 857 1870 1759 3157 1619
 ... : 340 859 1892 1759 3216 1642
 ... : 340 867 1921 1763 3268 1663
 ... : 340 870 1939 1768 3319 1685
 ... : 340 871 1958 1762 3382 1716
 ... : 340 871 1967 1758 3433 1740
 ... : 340 871 1973 1756 3467 1887
 ... : 340 871 1973 1756 3467 2088
 ... : 340 882 1988 1776 3508 2158
 ... : 340 895 2008 1789 3556 2195
 ... : 340 909 2022 1807 3600 2230
 ... : 340 924 2034 1824 3638 2267
 ... : 340 938 2044 1845 3684 2300
 ... : 340 951 2064 1864 3726 2333
 ... : 340 963 2074 1880 3778 2368
 ... : 340 976 2093 1899 3813 2402
 ... : 340 991 2110 1921 3855 2436
 ... : 340 1007 2134 1941 3899 2467
 ... : 340 1023 2152 1962 3935 2495
 ... : 340 1035 2172 1981 3982 2529
 ... : 340 1046 2190 2000 4024 2563
 ... : 340 1049 2196 2001 4041 2613
 ... : 340 1049 2200 1984 4052 2665
 ... : 344 1055 2211 1967 4042 2713
 ... : 344 1058 2213 1963 4104 2786
 ... : 344 1058 2214 1954 4157 2856
 ... : 344 1058 2214 1951 4214 2930
 ... : 344 1058 2214 1946 4272 3009
 ... : 344 1058 2214 1936 4291 3160
 ... : 344 1058 2214 1936 4295 3361
 ... : 344 1058 2214 1912 4247 3490
 ... : 344 1058 2215 1902 4232 3648
 ... : 344 1069 2238 1906 4295 3680
 ... : 344 1073 2261 1911 4357 3716
 ... : 344 1076 2288 1913 4416 3746
 ... : 344 1082 2312 1913 4475 3773
 ... : 344 1085 2335 1914 4531 3806
 ... : 344 1089 2358 1916 4593 3836
 ... : 344 1096 2386 1918 4647 3862
 ... : 344 1096 2404 1925 4702 3887
 ... : 344 1099 2430 1926 4754 3916
 ... : 346 1109 2449 1935 4805 3955
 ... : 348 1115 2456 1947 4832 4027
 ... : 348 1119 2473 1950 4898 4066
 ... : 348 1124 2489 1958 4958 4102
 ... : 348 1129 2507 1966 5017 4140
 ... : 348 1141 2528 1973 5079 4183
 ... : 348 1145 2541 1978 5146 4217
 ... : 348 1150 2557 1993 5209 4252
 ... : 348 1157 2572 2003 5268 4290
 ... : 348 1165 2590 2011 5334 4327
 ... : 348 1169 2612 2014 5400 4366
 ... : 348 1175 2630 2014 5466 4407
 ... : 348 1181 2652 2022 5536 4444
 ... : 348 1193 2679 2025 5611 4478
 ... : 348 1205 2704 2027 5681 4514
 ... : 348 1220 2729 2039 5744 4548
 ... : 348 1232 2755 2054 5808 4579
 ... : 348 1244 2776 2065 5873 4613
 ... : 348 1252 2797 2069 5940 4647
 ... : 348 1260 2815 2072 6008 4679
 ... : 348 1269 2839 2085 6070 4713
 ... : 348 1279 2862 2087 6133 4748
 ... : 348 1280 2864 2087 6142 4934
 ... : 348 1280 2864 2087 6142 5135
 ... : 348 1280 2864 2087 6141 5336
 ... : 348 1287 2882 2091 6189 5393
 ... : 348 1292 2901 2095 6247 5422
 ... : 348 1308 2922 2105 6301 5444
 ... : 348 1315 2941 2118 6343 5458
 ... : 348 1323 2961 2122 6390 5470
 ... : 348 1335 2986 2125 6443 5491
 ... : 348 1344 3006 2131 6495 5508
 ... : 348 1348 3032 2130 6545 5522
 ... : 348 1361 3063 2134 6594 5542
 ... : 348 1371 3077 2139 6642 5557
 ... : 348 1376 3086 2141 6675 5657
 ... : 352 1389 3107 2160 6721 5718
 ... : 352 1395 3128 2163 6787 5752
 ... : 352 1403 3149 2163 6854 5780
 ... : 352 1408 3180 2170 6920 5818
 ... : 352 1419 3215 2183 6981 5856
 ... : 352 1429 3249 2190 7045 5894
 ... : 352 1442 3288 2194 7119 5928
 ... : 352 1474 3321 2200 7182 5959
 ... : 352 1493 3350 2208 7244 5991
 ... : 352 1501 3374 2213 7313 6023
 ... : 352 1509 3408 2216 7384 6056
 ... : 352 1518 3440 2223 7449 6093
 ... : 352 1530 3474 2229 7513 6126
 ... : 352 1542 3513 2239 7569 6156
 ... : 352 1554 3546 2246 7635 6189
 ... : 352 1568 3569 2255 7700 6217
 ... : 352 1578 3600 2262 7760 6251
 ... : 352 1596 3642 2267 7822 6284
 ... : 352 1609 3668 2271 7884 6312
 ... : 352 1630 3700 2275 7938 6373
 ... : 352 1630 3700 2275 7939 6574
 ... : 352 1631 3701 2277 7942 6750
 ... : 352 1631 3701 2277 7851 6951
 ... : 352 1631 3701 2274 7786 7153
 ... : 352 1631 3703 2258 7775 7228
 ... : 352 1631 3705 2239 7764 7255
 ... : 352 1631 3707 2222 7755 7280
 ... : 352 1631 3709 2202 7750 7306
 ... : 352 1631 3714 2184 7740 7335
 ... : 352 1631 3716 2164 7734 7362
 ... : 352 1631 3716 2161 7728 7536
 ... : 352 1631 3716 2161 7728 7737
 ... : 352 1631 3716 2161 7728 7938
 ... : 356 1640 3722 2177 7758 8047
 ... : 356 1647 3750 2181 7805 8131
 ... : 356 1657 3786 2185 7865 8166
 ... : 356 1661 3824 2190 7935 8201
 ... : 356 1676 3852 2193 7999 8232
 ... : 356 1689 3876 2200 8062 8262
 ... : 356 1703 3909 2206 8127 8294
 ... : 356 1716 3946 2211 8195 8329
 ... : 356 1726 3996 2217 8263 8363
 ... : 356 1734 4014 2220 8325 8392
 ... : 356 1741 4056 2224 8388 8427
 ... : 356 1750 4086 2236 8447 8459
 ... : 356 1762 4110 2238 8512 8489
 ... : 356 1777 4144 2251 8572 8519
 ... : 356 1788 4175 2263 8637 8555
 ... : 356 1799 4207 2273 8696 8594
 ... : 356 1808 4242 2281 8762 8632
 ... : 356 1815 4261 2284 8826 8660
 ... : 356 1820 4293 2291 8894 8695
 ... : 356 1831 4322 2298 8959 8730
 ... : 356 1834 4329 2304 8975 8890
 ... : 356 1834 4329 2304 8975 9091
 ... : 356 1834 4329 2304 8937 9292
 ... : 356 1834 4329 2304 8902 9493
 ... : 356 1834 4329 2304 8902 9694
   7 : 356 1834 4286 2250 6057 9277 3405
 ... : 356 1834 4286 2250 6057 9320 3606
 ... : 356 1835 4286 2251 6058 9530 3788
 ... : 356 1838 4295 2267 6079 9568 3910
 ... : 356 1839 4276 2269 6078 9573 4072
 ... : 356 1839 4276 2269 6078 9576 4273
 ... : 356 1839 4276 2269 6075 9609 4397
 ... : 356 1839 4276 2269 6075 9614 4495
 ... : 356 1839 4276 2269 6075 9617 4606
 ... : 356 1839 4276 2269 6075 9618 4807
 ... : 356 1839 4276 2259 6068 9683 4927
 ... : 356 1839 4276 2251 6062 9759 4967
 ... : 356 1839 4276 2250 6062 9850 5010
 ... : 356 1839 4280 2246 6064 9896 5029
 ... : 356 1839 4280 2243 6059 9927 5102
 ... : 356 1839 4280 2243 6059 9928 5303
 ... : 356 1839 4280 2243 6059 9952 5504
 ... : 356 1839 4280 2243 6059 9953 5705
 ... : 356 1839 4280 2243 6059 9953 5906
 ... : 356 1839 4282 2243 6061 9975 6051
 ... : 356 1839 4283 2243 6063 10043 6143
 ... : 356 1839 4289 2245 6056 10089 6204
 ... : 356 1839 4289 2245 6058 10094 6387
 ... : 356 1839 4290 2245 6057 10139 6472
 ... : 356 1839 4290 2247 6059 10176 6563
 ... : 356 1839 4291 2247 6057 10215 6647
 ... : 356 1839 4294 2249 6051 10248 6732
 ... : 356 1839 4298 2250 6050 10267 6880
 ... : 356 1839 4298 2250 6050 10269 7081
 ... : 356 1839 4297 2250 6050 10275 7273
 ... : 356 1839 4297 2250 6050 10276 7376
 ... : 356 1839 4297 2250 6050 10294 7477
 ... : 356 1839 4297 2250 6050 10303 7628
 ... : 356 1839 4297 2250 6050 10306 7787
 ... : 356 1839 4297 2250 6050 10306 7887
 ... : 356 1839 4297 2250 6050 10307 7987
 ... : 356 1839 4297 2250 6050 10307 8088
 ... : 356 1839 4297 2250 6050 10307 8189
 ... : 356 1839 4297 2250 6050 10319 8324
 ... : 356 1839 4297 2250 6050 10319 8525
 ... : 356 1839 4297 2250 6050 10202 8726
 ... : 356 1839 4297 2250 6050 10268 8828
 ... : 356 1839 4297 2250 6051 10374 8927
 ... : 356 1839 4297 2250 6051 10454 9024
 ... : 356 1839 4297 2250 6053 10546 9116
 ... : 356 1839 4297 2250 6053 10645 9209
 ... : 356 1839 4297 2250 6053 10750 9303
 ... : 356 1839 4297 2250 6053 10836 9396
 ... : 356 1839 4297 2250 6053 10920 9485
 ... : 356 1839 4297 2250 6053 10981 9583
 ... : 356 1839 4297 2250 6053 10935 9683
 ... : 356 1839 4297 2250 6053 10884 9784
 ... : 356 1839 4297 2250 6053 10833 9885
 ... : 356 1839 4297 2250 6053 10785 9985
 ... : 356 1839 4297 2250 6053 10752 10115
 ... : 356 1839 4297 2250 6053 10721 10249
 ... : 356 1839 4297 2250 6053 10673 10349
 ... : 356 1839 4297 2250 6053 10624 10450
 ... : 356 1839 4297 2250 6053 10573 10551
 ... : 356 1839 4297 2250 6053 10523 10651
 ... : 356 1839 4297 2250 6053 10471 10754
 ... : 356 1839 4297 2250 6051 10410 10864
 ... : 356 1839 4297 2250 6051 10230 11051
 ... : 356 1839 4297 2250 6051 10151 11252
 ... : 356 1839 4297 2250 6051 10071 11402
 ... : 356 1839 4297 2250 6051 10108 11493
 ... : 356 1839 4297 2250 6051 10168 11586
 ... : 356 1839 4297 2250 6051 10230 11676
 ... : 356 1839 4297 2250 6053 10269 11760
 ... : 356 1839 4297 2250 6056 10302 11839
 ... : 356 1839 4297 2250 6057 10336 11920
 ... : 356 1839 4297 2250 6058 10373 11997
 ... : 356 1839 4297 2250 6060 10407 12076
 ... : 356 1839 4297 2250 6060 10437 12158
 ... : 356 1839 4297 2250 6061 10449 12264
 ... : 356 1839 4297 2250 6061 10432 12383
 ... : 356 1839 4297 2250 6061 10426 12524
 ... : 356 1839 4297 2250 6062 10481 12621
 ... : 356 1839 4297 2250 6062 10525 12711
 ... : 356 1839 4297 2250 6062 10560 12809
 ... : 356 1839 4297 2250 6062 10579 12943
 ... : 356 1839 4297 2250 6062 10585 13056
 ... : 356 1839 4297 2250 6062 10585 13159
 ... : 356 1839 4297 2250 6062 10601 13258
 ... : 356 1839 4297 2250 6062 10622 13355
 ... : 356 1839 4297 2250 6062 10629 13448
 ... : 356 1839 4297 2250 6062 10642 13597
 ... : 356 1839 4297 2250 6062 10643 13798
 ... : 356 1839 4297 2250 6062 10643 13999
 ... : 356 1839 4297 2250 6062 10643 14200
 ... : 356 1839 4297 2250 6062 10643 14401
   8 : 356 1839 4257 2267 6031 9686 12135 3329
 ... : 356 1839 4257 2267 6031 9686 12299 3527
 ... : 356 1839 4257 2267 6031 9686 12427 3727
 ... : 356 1839 4257 2267 6031 9686 12488 3928
 ... : 356 1839 4257 2267 6031 9686 12438 4129
 ... : 356 1839 4257 2267 6031 9686 12576 4330
 ... : 356 1840 4261 2278 6048 9704 12622 4359
 ... : 356 1841 4269 2296 6064 9725 12664 4384
 ... : 356 1842 4274 2308 6082 9741 12701 4407
 ... : 356 1844 4284 2330 6112 9780 12755 4434
 ... : 356 1844 4291 2348 6138 9822 12811 4458
 ... : 356 1844 4303 2370 6163 9833 12873 4479
 ... : 356 1844 4309 2378 6186 9859 12935 4508
 ... : 356 1845 4316 2403 6213 9873 12977 4532
 ... : 356 1846 4326 2427 6242 9893 13009 4555
 ... : 356 1847 4336 2450 6273 9918 13070 4584
 ... : 356 1847 4339 2469 6300 9939 13126 4603
 ... : 356 1847 4342 2479 6317 9947 13185 4631
 ... : 356 1847 4344 2488 6327 9959 13236 4657
 ... : 356 1847 4357 2512 6351 9974 13291 4679
 ... : 356 1848 4368 2542 6371 9981 13347 4702
 ... : 356 1849 4376 2555 6389 10007 13394 4723
 ... : 356 1850 4384 2571 6411 10021 13429 4748
 ... : 356 1852 4387 2580 6430 10041 13470 4776
 ... : 356 1853 4400 2604 6454 10053 13515 4800
 ... : 356 1855 4407 2619 6474 10071 13559 4826
 ... : 356 1856 4417 2638 6492 10090 13608 4844
 ... : 356 1857 4418 2648 6500 10100 13655 4881
 ... : 356 1857 4423 2659 6511 10112 13687 4898
 ... : 356 1857 4430 2668 6526 10122 13742 4924
 ... : 356 1857 4438 2688 6550 10137 13804 4946
 ... : 356 1857 4444 2705 6575 10150 13874 4971
 ... : 356 1857 4451 2715 6588 10154 13925 4996
 ... : 356 1857 4460 2734 6608 10171 13999 5009
 ... : 356 1857 4465 2756 6628 10180 14059 5028
 ... : 356 1857 4475 2778 6645 10190 14128 5054
 ... : 356 1857 4487 2793 6662 10201 14211 5067
 ... : 356 1857 4494 2813 6680 10208 14270 5090
 ... : 356 1857 4501 2827 6692 10216 14331 5113
 ... : 356 1857 4506 2841 6708 10224 14382 5137
 ... : 356 1857 4515 2867 6729 10235 14448 5159
 ... : 356 1857 4521 2879 6741 10244 14497 5184
 ... : 356 1857 4528 2892 6756 10252 14544 5206
 ... : 356 1857 4539 2908 6775 10262 14611 5233
 ... : 356 1857 4544 2928 6792 10269 14669 5257
 ... : 356 1857 4553 2943 6806 10278 14715 5278
 ... : 356 1857 4558 2962 6820 10282 14766 5304
 ... : 356 1857 4568 2978 6838 10296 14834 5317
 ... : 356 1857 4575 2993 6859 10309 14891 5344
 ... : 356 1857 4582 3007 6874 10317 14938 5368
 ... : 356 1857 4585 3020 6888 10329 14992 5389
 ... : 356 1857 4592 3034 6904 10338 15051 5413
 ... : 356 1857 4600 3047 6925 10343 15105 5433
 ... : 356 1857 4605 3057 6939 10356 15165 5457
 ... : 356 1857 4613 3067 6949 10364 15217 5483
 ... : 356 1857 4618 3078 6963 10371 15263 5509
 ... : 356 1857 4626 3087 6977 10381 15322 5532
 ... : 356 1857 4635 3104 6989 10387 15384 5556
 ... : 356 1857 4650 3133 7009 10398 15452 5577
 ... : 356 1857 4657 3147 7024 10407 15513 5602
 ... : 356 1857 4664 3164 7044 10421 15588 5626
 ... : 356 1857 4676 3181 7059 10433 15670 5646
 ... : 356 1857 4686 3199 7076 10441 15734 5667
 ... : 356 1857 4689 3211 7091 10444 15790 5689
 ... : 356 1857 4696 3235 7111 10458 15863 5717
 ... : 356 1857 4710 3263 7145 10478 15939 5737
 ... : 356 1857 4715 3274 7156 10495 15993 5758
 ... : 356 1857 4724 3288 7172 10504 16050 5789
 ... : 356 1857 4735 3309 7194 10513 16120 5812
 ... : 356 1857 4745 3318 7206 10518 16167 5836
 ... : 356 1857 4750 3332 7222 10522 16223 5868
 ... : 356 1857 4762 3349 7237 10530 16266 5896
 ... : 356 1857 4767 3365 7255 10534 16323 5920
 ... : 356 1857 4772 3370 7265 10539 16382 5948
 ... : 356 1857 4776 3381 7279 10542 16436 5978
 ... : 356 1857 4780 3388 7293 10545 16493 6005
 ... : 356 1857 4787 3401 7304 10547 16540 6037
 ... : 356 1857 4790 3411 7317 10549 16597 6066
 ... : 356 1857 4796 3421 7333 10553 16659 6093
 ... : 356 1857 4802 3435 7345 10556 16719 6124
 ... : 356 1857 4811 3451 7361 10559 16782 6152
 ... : 356 1857 4814 3460 7374 10562 16840 6176
 ... : 356 1857 4815 3469 7383 10571 16905 6207
 ... : 356 1857 4818 3476 7389 10575 16921 6223
 ... : 356 1857 4821 3482 7393 10588 16950 6247
 ... : 356 1857 4825 3490 7397 10593 16973 6271
 ... : 356 1857 4829 3499 7401 10600 16988 6291
 ... : 356 1857 4833 3513 7405 10606 17006 6307
 ... : 356 1857 4836 3520 7409 10616 17034 6335
 ... : 356 1857 4839 3526 7414 10629 17063 6360
 ... : 356 1857 4841 3530 7416 10630 17082 6414
 ... : 356 1857 4841 3530 7416 10630 17096 6517
 ... : 356 1857 4841 3530 7416 10630 17115 6652
 ... : 356 1857 4845 3533 7416 10623 17122 6760
 ... : 356 1857 4851 3536 7416 10615 17120 6797
 ... : 356 1857 4856 3540 7416 10607 17146 6856
 ... : 356 1857 4861 3546 7417 10612 17194 6909
 ... : 356 1857 4867 3552 7417 10617 17234 6966
 ... : 356 1857 4874 3559 7419 10625 17277 7023
 ... : 356 1857 4877 3573 7440 10634 17337 7050
 ... : 356 1860 4891 3591 7461 10648 17374 7073
 ... : 356 1862 4899 3603 7475 10658 17415 7106
 ... : 356 1862 4902 3613 7496 10664 17464 7134
 ... : 356 1862 4907 3621 7512 10666 17519 7164
 ... : 356 1865 4918 3638 7530 10677 17559 7189
 ... : 356 1865 4918 3641 7542 10696 17608 7217
 ... : 356 1865 4923 3659 7560 10701 17664 7250
 ... : 356 1865 4930 3672 7579 10704 17717 7280
 ... : 356 1865 4934 3688 7594 10708 17773 7310
 ... : 356 1865 4941 3698 7607 10710 17835 7339
 ... : 356 1865 4947 3711 7625 10717 17891 7364
 ... : 356 1865 4948 3719 7638 10721 17946 7394
 ... : 356 1865 4951 3727 7654 10729 17999 7415
 ... : 356 1865 4955 3734 7665 10730 18059 7446
 ... : 356 1865 4956 3746 7681 10737 18112 7477
 ... : 356 1865 4963 3765 7700 10744 18167 7507
 ... : 356 1865 4968 3776 7722 10752 18217 7534
 ... : 356 1866 4976 3792 7738 10762 18261 7567
 ... : 356 1868 4985 3805 7758 10781 18300 7588
 ... : 356 1868 4986 3818 7770 10786 18345 7626
 ... : 356 1868 4993 3834 7791 10797 18389 7652
 ... : 356 1868 4996 3843 7807 10808 18437 7679
 ... : 356 1868 4998 3849 7817 10811 18494 7716
 ... : 356 1868 4998 3849 7817 10811 18503 7914
 ... : 356 1868 4998 3849 7817 10811 18503 8115
 ... : 356 1868 4998 3849 7817 10809 18590 8316
 ... : 356 1868 4998 3849 7818 10827 18664 8380
 ... : 356 1868 4998 3849 7819 10845 18722 8434
 ... : 356 1868 4998 3849 7819 10863 18799 8497
 ... : 356 1868 4998 3850 7819 10891 18854 8541
 ... : 356 1868 4998 3850 7817 10919 18921 8590
 ... : 356 1868 4998 3850 7818 10942 18983 8653
 ... : 356 1868 4998 3850 7819 10964 19030 8699
 ... : 356 1868 4998 3850 7816 10993 19116 8755
 ... : 356 1868 4998 3850 7817 11020 19186 8808
 ... : 356 1868 4998 3850 7818 11037 19223 8881
 ... : 356 1868 4998 3850 7821 11075 19278 8927
 ... : 356 1868 4998 3850 7821 11079 19395 9091
 ... : 356 1868 4998 3850 7821 11079 19347 9190
 ... : 356 1868 4998 3850 7821 11079 19296 9291
 ... : 356 1868 4998 3850 7821 11079 19252 9400
 ... : 356 1868 4998 3850 7821 11079 19199 9502
 ... : 356 1868 4998 3850 7821 11079 19148 9604
 ... : 356 1868 4998 3850 7821 11079 19098 9704
 ... : 356 1868 4998 3850 7821 11079 19049 9804
 ... : 356 1868 4998 3850 7821 11079 19199 9989
 ... : 356 1868 4998 3850 7821 11079 19182 10190
 ... : 356 1868 4998 3850 7821 11082 19191 10353
 ... : 356 1868 4998 3850 7814 11090 19190 10435
 ... : 356 1868 4998 3851 7810 11097 19248 10566
 ... : 356 1868 4998 3851 7810 11097 19307 10757
 ... : 356 1868 4998 3851 7810 11097 19257 10857
 ... : 356 1868 4998 3851 7810 11097 19209 10957
 ... : 356 1868 4998 3851 7810 11097 19190 11036
 ... : 356 1868 4998 3851 7810 11097 19197 11109
 ... : 356 1868 4998 3851 7810 11097 19319 11298
 ... : 356 1868 4998 3851 7810 11097 19319 11499
 ... : 356 1868 4998 3851 7810 11097 19386 11709
 ... : 356 1868 4998 3851 7810 11097 19366 11898
 ... : 356 1868 4998 3851 7810 11098 19414 12027
 ... : 356 1868 4998 3851 7810 11098 19494 12103
 ... : 356 1868 4998 3851 7810 11098 19518 12193
 ... : 356 1868 4998 3851 7810 11098 19473 12293
 ... : 356 1868 4998 3851 7810 11098 19432 12396
 ... : 356 1868 4998 3851 7810 11098 19384 12502
 ... : 356 1868 4998 3851 7810 11098 19334 12603
 ... : 356 1868 4998 3851 7810 11098 19292 12704
 ... : 356 1868 4998 3851 7810 11098 19265 12805
 ... : 356 1868 4998 3851 7810 11098 19230 12906
 ... : 356 1868 4998 3851 7810 11098 19228 13006
 ... : 356 1868 4998 3851 7810 11098 19216 13106
 ... : 356 1868 4998 3851 7810 11098 19165 13207
 ... : 356 1868 4998 3851 7810 11098 19114 13308
 ... : 356 1868 4998 3851 7810 11098 19106 13493
 ... : 356 1868 4998 3851 7810 11098 19106 13694
 ... : 356 1868 4998 3851 7810 11097 19105 13895
 ... : 356 1868 4998 3851 7810 11096 19100 14096
 ... : 356 1868 4998 3851 7810 11096 19105 14297
 ... : 356 1868 4998 3851 7810 11092 19213 14498
 ... : 356 1868 4998 3851 7810 11092 19169 14686
 ... : 356 1868 4998 3851 7810 11090 19185 14820
 ... : 356 1868 4998 3851 7810 11089 19228 14942
 ... : 356 1868 4998 3851 7810 11089 19229 15044
 ... : 356 1868 4998 3851 7810 11089 19239 15181
 ... : 356 1868 4998 3851 7810 11089 19246 15382
 ... : 356 1868 4998 3851 7810 11089 19251 15573
 ... : 356 1868 4998 3851 7810 11089 19262 15622
 ... : 356 1868 4998 3851 7810 11087 19305 15728
 ... : 356 1868 4998 3851 7810 11087 19400 15871
 ... : 356 1868 4998 3851 7810 11087 19454 15999
