initialized model with 1660 latches, 144 inputs and 1 properties
tsim: performed 44 steps
tsim: found cycle from 41
checking bound 0
checking bound 1
checking bound 2
tdecomp: unrolling 2 cycles
tsim: performed 42 steps
tsim: found cycle from 39
tsim: found 1 constants and 0 latch equivalences
seqsimpl: found 2 latch equivalences
tdecomp: (1660, 576) -> (1657, 170)
   2 : 2 0
   3 : 8 8 5
   4 : 8 8 2 3
   5 : 8 8 2 1 2
   6 : 8 8 2 1 1 1
   7 : 8 8 2 1 2 1 3
   8 : 8 8 2 1 1 1 2 35
   9 : 8 8 2 1 1 1 2 2 33
 ... : 8 8 2 1 1 2 4 12 116
 ... : 8 8 2 1 1 5 8 22 176
 ... : 8 8 2 1 1 12 17 36 227
 ... : 8 8 2 2 3 15 20 46 297
  10 : 7 8 1 2 3 4 14 31 35 275
 ... : 7 8 1 2 3 4 16 35 42 341
 ... : 7 8 3 3 4 5 33 37 46 384
 ... : 7 9 4 4 10 13 44 40 51 431
 ... : 7 9 4 4 10 13 51 49 68 468
 ... : 7 9 4 4 11 14 54 55 83 522
 ... : 7 10 7 5 17 17 56 57 83 588
 ... : 7 11 8 12 19 22 70 64 84 635
 ... : 10 14 11 21 30 31 82 71 86 656
 ... : 14 24 23 29 33 34 90 79 87 692
 ... : 14 24 33 39 57 41 94 79 89 729
 ... : 14 24 33 41 65 60 107 92 96 760
 ... : 14 24 34 44 71 76 124 116 98 781
 ... : 14 24 34 58 106 94 148 128 99 808
 ... : 14 24 34 58 110 101 181 149 115 832
 ... : 14 24 34 75 125 120 211 165 119 854
 ... : 14 23 33 85 149 141 234 182 121 894
 ... : 14 23 33 95 166 166 269 202 129 922
 ... : 16 25 44 62 125 155 280 212 129 936
 ... : 17 26 45 61 125 129 241 223 143 948
 ... : 17 30 47 70 141 143 259 239 160 967
 ... : 17 30 49 77 160 156 278 259 170 985
 ... : 17 30 50 82 190 175 293 269 173 1008
 ... : 17 30 52 89 202 196 327 287 174 1019
 ... : 17 30 52 91 211 204 328 314 197 1052
 ... : 17 30 56 96 219 228 347 325 198 1069
 ... : 25 38 64 107 239 246 357 324 202 1083
 ... : 25 38 64 105 244 258 388 349 227 1107
 ... : 25 38 64 105 244 256 388 356 250 1152
 ... : 25 37 62 99 239 250 376 368 285 1198
 ... : 25 37 62 99 238 250 378 377 317 1230
 ... : 25 37 62 99 238 248 404 420 353 1253
 ... : 25 36 61 97 240 252 412 434 356 1275
 ... : 23 37 63 98 242 257 424 450 383 1288
 ... : 23 35 65 101 249 274 444 467 397 1299
 ... : 22 34 64 100 260 294 467 467 404 1311
 ... : 21 36 65 97 256 293 479 474 420 1328
 ... : 21 36 65 96 254 296 486 490 444 1338
 ... : 21 36 63 97 263 301 496 507 474 1350
 ... : 40 42 66 98 268 304 509 529 491 1369
 ... : 40 44 69 100 272 312 520 549 511 1385
 ... : 40 44 68 97 274 315 525 573 564 1421
 ... : 40 46 71 106 292 337 540 584 573 1431
 ... : 39 48 73 112 297 349 562 611 596 1445
 ... : 39 48 75 118 311 363 576 628 611 1480
 ... : 38 49 77 126 328 376 592 645 628 1515
 ... : 35 47 84 129 336 397 608 657 640 1523
 ... : 35 47 84 129 336 397 605 670 691 1573
 ... : 37 47 86 133 344 404 611 676 708 1608
 ... : 33 45 82 132 350 411 621 686 733 1639
 ... : 33 45 80 131 351 416 632 704 764 1666
 ... : 33 45 80 134 365 434 663 731 773 1695
 ... : 33 45 80 134 366 434 681 764 813 1725
 ... : 33 45 80 132 379 446 702 775 837 1748
 ... : 32 47 83 133 373 440 672 722 814 1720
 ... : 32 48 84 121 332 412 648 689 791 1664
 ... : 32 48 84 121 328 408 644 708 848 1713
 ... : 32 48 84 119 326 406 640 719 883 1736
 ... : 32 48 82 115 318 406 651 729 914 1752
 ... : 31 47 80 96 305 418 667 724 917 1751
  11 : 12 13 29 27 93 173 228 370 538 421 1629
 ... : 12 13 30 27 93 171 236 376 546 434 1655
 ... : 12 14 32 30 96 177 248 392 557 454 1676
 ... : 12 14 32 32 98 175 256 407 572 470 1709
 ... : 12 14 32 30 99 211 280 434 582 487 1723
 ... : 12 14 33 32 99 209 281 435 590 545 1761
 ... : 12 14 33 32 99 210 283 450 603 565 1790
 ... : 12 14 33 32 101 216 288 471 628 585 1814
 ... : 12 14 31 33 104 221 293 479 639 592 1843
 ... : 12 14 31 32 104 223 295 493 656 614 1878
 ... : 12 14 31 32 104 223 296 499 674 647 1916
 ... : 12 14 31 32 104 223 296 508 706 695 1947
 ... : 12 14 31 32 104 225 298 514 716 726 1987
 ... : 12 14 31 32 104 226 300 531 731 745 2012
 ... : 12 14 31 32 104 226 300 541 737 767 2053
 ... : 12 14 31 32 104 226 301 551 753 790 2070
 ... : 12 14 31 32 104 226 303 556 767 813 2125
 ... : 12 14 31 32 104 226 307 564 778 837 2167
 ... : 12 14 31 32 104 232 315 579 798 860 2180
 ... : 12 15 32 33 107 242 327 585 811 874 2206
 ... : 12 15 31 34 110 248 334 599 829 888 2224
 ... : 12 15 31 34 106 242 330 589 836 918 2249
 ... : 12 15 31 34 105 241 327 599 848 949 2274
  12 : 11 13 19 12 27 109 138 368 387 569 526 1762
  13 : 11 13 19 12 27 109 138 368 386 568 522 278 1489
  14 : 11 13 19 12 27 109 138 368 386 568 520 264 151 1360
  15 : 11 13 19 12 27 109 138 368 386 568 520 264 147 80 1288
 ... : 11 13 19 12 27 109 138 368 386 572 523 278 164 108 1348
 ... : 11 13 19 12 27 109 138 368 386 574 534 289 200 157 1402
 ... : 11 13 19 12 27 109 138 368 386 574 540 297 211 190 1469
 ... : 11 13 19 12 27 109 138 367 386 574 555 315 225 207 1499
 ... : 11 13 19 12 27 109 138 367 386 575 559 328 263 253 1537
 ... : 11 13 19 12 27 109 138 367 387 578 573 362 290 286 1559
 ... : 11 12 19 12 27 108 137 372 404 598 594 378 296 290 1571
 ... : 11 12 19 12 27 108 137 372 406 613 620 413 313 296 1582
 ... : 11 12 19 12 26 106 138 377 412 632 648 457 335 301 1584
 ... : 11 12 19 12 26 106 139 380 416 644 673 486 345 304 1601
 ... : 11 12 19 12 26 106 142 388 423 655 689 506 355 314 1613
 ... : 11 12 19 12 26 106 142 389 435 670 705 529 364 317 1632
 ... : 11 12 19 12 26 108 143 393 444 692 729 547 371 321 1644
 ... : 11 12 19 12 26 108 143 396 452 712 759 598 404 325 1653
 ... : 9 11 17 11 25 106 145 403 465 735 775 604 405 325 1661
 ... : 9 11 17 11 23 107 144 405 474 757 802 619 411 326 1664
 ... : 9 11 17 11 23 107 144 414 499 796 837 638 415 326 1665
 ... : 9 11 17 11 23 108 144 414 499 795 836 647 439 337 1667
 ... : 9 11 17 11 23 108 144 414 500 796 844 693 511 368 1686
 ... : 9 11 17 11 23 108 144 416 506 810 856 727 548 391 1690
 ... : 9 11 17 11 23 108 144 418 509 824 879 775 591 418 1695
 ... : 9 11 17 11 23 108 144 418 510 829 948 850 631 423 1709
 ... : 9 11 17 11 23 111 145 425 520 836 966 864 643 426 1711
 ... : 9 11 17 11 23 112 145 425 531 850 985 871 645 436 1713
 ... : 9 11 19 11 23 112 143 426 534 864 1017 905 660 441 1720
 ... : 9 11 19 11 23 108 141 413 520 862 1043 924 676 443 1727
 ... : 9 11 18 12 23 106 141 405 509 834 1012 917 681 444 1732
 ... : 9 11 18 12 23 106 141 405 509 835 1022 947 757 497 1742
 ... : 9 11 18 12 23 106 141 405 511 842 1035 980 790 519 1753
 ... : 9 11 18 12 23 106 141 406 514 853 1053 1001 809 531 1759
 ... : 9 11 18 12 23 106 141 408 518 868 1068 1019 824 542 1762
 ... : 9 11 18 12 23 106 141 407 525 890 1088 1039 851 561 1769
 ... : 9 11 18 12 23 106 140 414 528 894 1094 1044 899 619 1784
 ... : 9 11 18 12 23 106 140 414 528 894 1097 1055 925 675 1828
 ... : 9 11 18 12 23 106 140 414 526 897 1107 1070 955 683 1843
 ... : 9 11 18 12 23 106 140 414 526 896 1106 1075 980 747 1879
 ... : 9 11 18 12 23 106 140 414 526 896 1102 1075 1004 809 1929
 ... : 9 11 18 12 23 106 140 413 524 889 1105 1081 1029 858 1956
 ... : 9 11 18 12 23 106 140 413 524 889 1111 1098 1065 914 1992
 ... : 9 11 18 12 23 106 140 413 524 889 1112 1102 1095 986 2041
 ... : 9 11 18 12 23 106 140 413 524 889 1110 1113 1120 1025 2078
 ... : 9 11 18 12 23 106 140 413 524 888 1113 1125 1140 1057 2112
 ... : 9 11 18 12 23 106 140 413 524 888 1116 1138 1163 1084 2140
 ... : 9 11 18 12 23 106 140 413 524 889 1125 1150 1174 1108 2161
 ... : 9 11 18 12 23 106 139 413 524 888 1128 1165 1206 1151 2191
 ... : 9 11 18 12 23 106 139 413 524 887 1125 1169 1242 1227 2229
 ... : 9 11 18 12 23 106 139 413 524 887 1128 1178 1282 1279 2257
 ... : 9 11 18 12 23 108 142 419 540 901 1148 1196 1293 1287 2281
 ... : 9 11 18 12 23 108 141 418 538 910 1185 1236 1330 1308 2294
 ... : 9 11 18 12 23 108 141 418 537 910 1202 1273 1379 1361 2326
 ... : 9 11 18 12 23 108 141 418 537 909 1205 1288 1405 1410 2367
 ... : 9 11 18 12 23 108 141 418 537 909 1205 1298 1437 1465 2417
 ... : 9 11 18 12 23 108 141 418 537 908 1198 1300 1476 1530 2465
 ... : 9 11 18 12 23 108 141 418 537 908 1198 1300 1511 1625 2507
 ... : 9 11 18 12 23 108 141 420 538 908 1213 1323 1541 1671 2524
 ... : 9 11 18 12 24 109 143 422 540 913 1219 1344 1576 1691 2533
 ... : 9 11 18 12 24 109 143 422 540 916 1236 1382 1645 1713 2541
 ... : 9 11 18 12 24 109 144 423 543 922 1238 1386 1684 1734 2558
 ... : 9 11 18 12 24 109 144 423 545 932 1257 1414 1733 1798 2565
 ... : 9 11 18 12 24 109 146 430 551 945 1280 1429 1740 1809 2569
 ... : 9 11 18 12 24 109 146 430 551 945 1281 1442 1761 1842 2606
 ... : 9 11 18 12 24 108 143 425 543 934 1268 1453 1771 1863 2635
 ... : 9 11 18 12 24 107 142 424 539 928 1252 1430 1761 1891 2666
 ... : 9 11 18 12 27 110 147 433 544 943 1260 1445 1789 1935 2682
 ... : 9 11 18 12 27 109 144 435 544 960 1284 1474 1826 1948 2689
 ... : 9 11 18 12 27 109 144 446 555 972 1296 1503 1865 1967 2689
 ... : 9 11 18 12 27 109 144 456 576 999 1348 1548 1875 1968 2690
 ... : 9 11 18 12 28 110 147 455 577 1006 1364 1574 1912 2006 2693
 ... : 9 11 18 12 28 109 147 454 575 1003 1361 1580 1935 2045 2722
 ... : 9 11 18 12 28 109 147 454 575 1002 1358 1594 1954 2075 2759
 ... : 9 11 18 12 28 109 147 454 575 1000 1359 1611 1975 2101 2796
 ... : 9 11 18 12 28 109 147 454 575 1000 1365 1620 2011 2126 2829
 ... : 9 11 18 12 28 109 147 453 574 996 1360 1634 2051 2196 2867
 ... : 9 11 18 12 28 109 147 452 576 996 1359 1631 2063 2222 2892
 ... : 9 11 18 12 28 109 147 452 576 997 1367 1676 2112 2261 2904
 ... : 9 11 18 12 28 109 147 452 576 996 1370 1696 2192 2318 2909
 ... : 9 11 18 12 28 109 147 452 576 996 1372 1701 2266 2449 2956
 ... : 9 11 18 12 28 109 147 452 576 996 1368 1697 2297 2579 3015
 ... : 9 11 18 12 28 109 146 450 573 992 1361 1696 2326 2661 3056
 ... : 9 11 18 12 28 109 146 453 574 1011 1384 1721 2350 2687 3076
 ... : 9 11 18 12 28 109 146 455 578 1020 1395 1751 2349 2675 3079
 ... : 9 11 18 12 28 109 146 455 579 1035 1427 1780 2375 2716 3105
 ... : 9 11 18 12 28 109 147 458 588 1046 1432 1789 2416 2739 3110
 ... : 9 11 18 12 28 109 147 458 588 1046 1432 1807 2444 2799 3156
 ... : 9 11 18 12 29 109 149 460 591 1056 1446 1825 2469 2823 3173
 ... : 9 11 18 12 29 109 149 460 591 1055 1448 1851 2518 2902 3231
 ... : 9 11 18 12 29 109 151 460 591 1060 1460 1883 2544 2932 3251
 ... : 9 11 18 12 29 109 152 463 597 1071 1472 1899 2559 2962 3266
 ... : 9 11 18 12 29 109 152 465 601 1075 1475 1917 2575 2983 3283
 ... : 9 11 18 12 29 110 153 464 601 1087 1510 1949 2580 2981 3283
 ... : 9 11 18 12 29 110 153 464 601 1087 1510 1948 2604 3045 3337
 ... : 9 11 18 12 29 110 153 464 601 1087 1510 1946 2635 3091 3396
 ... : 9 11 18 12 29 110 153 464 601 1088 1520 1962 2677 3167 3428
 ... : 9 11 18 12 29 110 154 468 613 1100 1539 2009 2716 3196 3441
 ... : 9 11 18 12 30 109 153 464 610 1113 1561 2029 2739 3214 3450
 ... : 9 11 18 12 30 109 153 464 611 1110 1561 2051 2775 3271 3496
 ... : 9 11 18 12 30 109 153 464 611 1111 1568 2059 2824 3348 3570
 ... : 9 11 18 12 30 109 153 464 611 1111 1568 2063 2854 3417 3621
 ... : 9 11 18 12 30 109 153 464 611 1111 1567 2065 2862 3460 3681
 ... : 9 11 18 12 30 109 153 464 611 1111 1566 2067 2878 3507 3732
 ... : 9 11 18 12 30 109 153 464 611 1115 1573 2092 2907 3556 3767
 ... : 9 11 18 12 30 109 153 464 609 1106 1568 2068 2911 3612 3824
 ... : 9 11 18 12 30 109 153 464 609 1106 1566 2069 2923 3686 3886
 ... : 9 11 18 12 30 109 153 465 612 1116 1574 2091 2941 3714 3903
 ... : 9 11 18 12 30 109 153 469 617 1131 1588 2126 2956 3728 3910
 ... : 9 11 18 12 31 111 163 480 638 1156 1612 2137 2957 3728 3910
 ... : 9 11 18 12 31 111 163 480 640 1171 1646 2205 3004 3733 3911
 ... : 9 11 18 12 31 111 163 480 640 1176 1656 2229 3073 3801 3917
 ... : 9 11 18 12 31 111 163 478 633 1187 1670 2240 3094 3807 3917
 ... : 9 11 18 12 31 111 163 478 633 1186 1672 2256 3154 3873 3952
 ... : 9 11 18 12 31 111 163 477 633 1183 1669 2266 3259 3936 3996
 ... : 9 11 18 12 31 111 163 477 633 1183 1679 2275 3285 4013 4050
 ... : 9 11 18 12 31 111 163 477 633 1186 1685 2299 3325 4053 4064
 ... : 9 11 18 12 31 111 163 477 633 1186 1683 2298 3362 4154 4130
 ... : 9 11 18 12 32 112 162 477 633 1187 1692 2311 3382 4204 4147
 ... : 9 11 18 12 32 112 162 477 633 1187 1693 2313 3401 4255 4200
 ... : 9 11 18 12 33 114 170 480 640 1188 1695 2316 3405 4272 4234
 ... : 9 11 18 12 33 114 171 482 645 1196 1705 2332 3440 4304 4250
 ... : 9 11 18 12 33 114 171 482 644 1195 1707 2340 3496 4407 4298
 ... : 9 11 18 12 33 114 171 484 644 1196 1709 2356 3529 4437 4315
 ... : 9 11 18 12 33 114 171 484 644 1196 1707 2354 3560 4486 4357
 ... : 9 11 18 12 33 115 173 485 646 1198 1711 2357 3578 4511 4393
 ... : 9 11 18 12 33 114 171 486 650 1223 1742 2370 3578 4511 4393
 ... : 9 11 18 12 33 114 172 487 654 1227 1761 2410 3619 4547 4396
 ... : 9 11 18 12 33 114 172 487 655 1229 1774 2435 3650 4577 4424
 ... : 9 11 18 12 33 114 172 487 655 1230 1780 2447 3683 4622 4465
 ... : 9 11 18 12 33 114 172 489 656 1233 1777 2456 3717 4683 4495
 ... : 9 11 18 12 33 114 172 491 658 1241 1791 2472 3745 4732 4521
 ... : 9 11 18 12 33 113 170 502 666 1264 1823 2495 3756 4732 4522
 ... : 9 11 18 12 33 113 170 502 666 1272 1834 2513 3804 4778 4522
 ... : 9 11 18 12 34 114 173 505 668 1288 1855 2529 3837 4806 4522
 ... : 9 11 18 12 34 114 174 507 669 1300 1869 2548 3880 4841 4526
 ... : 9 11 18 12 34 114 174 507 669 1328 1884 2572 3942 4871 4527
 ... : 9 11 18 12 34 114 174 507 672 1351 1904 2603 3990 4902 4530
 ... : 9 11 18 12 34 114 174 507 674 1356 1915 2636 4053 4976 4545
 ... : 9 11 18 12 34 114 174 507 673 1347 1876 2662 4108 5060 4604
 ... : 9 11 18 12 34 114 174 507 673 1345 1875 2676 4117 5089 4621
 ... : 9 11 18 12 34 114 174 507 673 1344 1876 2709 4177 5183 4662
 ... : 9 11 18 12 34 114 174 507 673 1349 1881 2732 4220 5255 4696
 ... : 9 11 18 12 37 117 176 508 676 1358 1901 2754 4230 5265 4723
 ... : 9 11 18 12 37 117 174 510 679 1370 1933 2784 4251 5266 4725
 ... : 9 11 18 12 37 117 182 529 692 1396 1960 2811 4258 5270 4726
 ... : 9 11 18 12 37 117 182 528 694 1403 2000 2848 4279 5274 4727
 ... : 9 11 18 12 37 117 182 528 694 1401 2001 2857 4323 5338 4771
 ... : 9 11 18 12 37 117 182 528 695 1404 2028 2885 4383 5361 4784
 ... : 9 11 18 12 37 117 182 528 695 1402 2027 2911 4471 5400 4803
 ... : 9 11 18 12 37 118 183 530 693 1401 2015 2915 4474 5452 4851
 ... : 9 11 18 12 37 118 183 528 692 1394 1993 2869 4494 5486 4899
 ... : 9 11 18 12 37 118 183 528 693 1400 2002 2887 4517 5528 4933
 ... : 9 11 18 12 37 118 183 528 693 1398 1996 2874 4528 5575 4985
 ... : 9 11 18 12 37 118 183 528 694 1404 2000 2877 4540 5612 5033
 ... : 9 11 18 12 37 118 183 528 694 1406 2004 2895 4587 5674 5065
 ... : 9 11 18 12 37 118 183 528 694 1406 2005 2901 4625 5751 5092
 ... : 9 11 18 12 37 118 183 528 694 1406 2005 2903 4661 5905 5168
 ... : 9 11 18 12 37 118 183 528 694 1406 2010 2925 4727 6007 5202
 ... : 9 11 18 12 37 119 185 530 698 1416 2027 2944 4755 6054 5224
 ... : 9 11 18 12 37 119 185 530 698 1417 2032 2975 4791 6110 5242
 ... : 9 11 18 12 37 119 185 529 701 1423 2034 2979 4811 6185 5287
 ... : 9 11 18 12 38 120 189 543 714 1441 2044 2992 4837 6226 5304
 ... : 9 11 18 12 38 120 188 543 718 1462 2065 3026 4863 6259 5322
 ... : 9 11 18 12 38 120 188 543 718 1462 2065 3027 4879 6309 5380
 ... : 9 11 18 12 38 120 189 545 719 1476 2071 3050 4891 6325 5398
 ... : 9 11 18 12 38 120 189 545 720 1485 2082 3063 4917 6351 5426
 ... : 9 11 18 12 38 120 189 545 720 1485 2081 3059 4926 6407 5477
 ... : 9 11 18 12 38 120 190 547 725 1490 2099 3083 4979 6474 5501
 ... : 9 11 18 12 38 120 190 547 725 1492 2103 3095 5037 6548 5530
 ... : 9 11 18 12 38 120 189 546 724 1496 2109 3099 5110 6707 5565
 ... : 9 11 18 12 38 120 189 546 732 1504 2113 3100 5120 6737 5606
 ... : 9 11 18 12 38 120 189 546 732 1504 2113 3101 5140 6786 5669
 ... : 9 11 18 12 38 120 190 547 736 1510 2129 3122 5181 6875 5704
 ... : 9 11 18 12 38 120 190 549 738 1508 2125 3122 5204 6878 5742
 ... : 9 11 18 12 38 120 190 549 738 1508 2125 3122 5216 6923 5787
 ... : 9 11 18 12 38 120 190 549 738 1508 2127 3121 5240 7010 5842
 ... : 9 11 18 12 38 120 190 549 738 1508 2127 3123 5245 7086 5910
 ... : 9 11 18 12 38 120 190 549 738 1508 2127 3123 5257 7139 5975
 ... : 9 11 18 12 38 120 190 549 739 1508 2132 3128 5277 7187 6027
 ... : 9 11 18 12 38 120 191 550 741 1507 2136 3143 5330 7256 6054
 ... : 9 11 18 12 38 120 191 550 741 1507 2135 3144 5343 7305 6115
  16 : 5 6 14 10 25 86 137 452 540 995 1329 2644 3805 5970 4040 3353
 ... : 5 6 14 10 25 86 137 452 540 995 1329 2644 3805 6011 4178 3438
 ... : 5 6 14 10 25 86 137 452 540 995 1334 2654 3805 6027 4228 3476
 ... : 5 6 14 10 25 86 137 452 540 995 1334 2654 3814 6048 4314 3541
  17 : 4 6 14 10 25 86 136 448 539 996 1329 2641 3736 5800 3597 1991 2419
 ... : 4 6 14 10 25 86 136 448 539 996 1329 2641 3736 5810 3641 2057 2471
 ... : 4 6 14 10 25 86 136 448 539 996 1329 2641 3736 5813 3670 2123 2516
 ... : 4 6 14 10 25 86 136 448 539 996 1329 2641 3739 5827 3714 2193 2555
 ... : 4 6 14 10 25 86 136 448 539 996 1329 2641 3744 5840 3750 2270 2596
 ... : 4 6 14 10 25 86 136 448 539 996 1329 2641 3747 5853 3774 2326 2634
 ... : 4 6 14 10 25 86 136 448 539 996 1329 2641 3748 5867 3810 2373 2680
 ... : 4 6 14 10 25 86 136 448 539 996 1329 2641 3749 5883 3855 2426 2722
 ... : 4 6 14 10 25 86 136 448 539 996 1329 2641 3755 5903 3889 2488 2775
 ... : 4 6 14 10 25 86 136 448 539 996 1329 2641 3760 5915 3926 2574 2829
 ... : 4 6 14 10 25 86 136 448 539 996 1329 2641 3768 5954 3971 2619 2859
 ... : 4 6 14 10 25 86 136 448 539 996 1329 2641 3771 5981 4008 2664 2905
 ... : 4 6 14 10 25 86 136 448 539 996 1329 2640 3770 5995 4057 2707 2942
 ... : 4 6 14 10 25 86 136 448 539 995 1328 2640 3772 5987 4081 2763 2960
 ... : 4 6 14 10 25 86 136 448 538 994 1328 2639 3773 5995 4101 2829 3006
 ... : 4 6 14 10 25 86 136 448 538 994 1328 2639 3778 6022 4131 2881 3058
 ... : 4 6 14 10 25 86 136 448 538 994 1328 2639 3780 6048 4158 2888 3098
 ... : 4 6 14 10 25 86 136 448 538 994 1328 2639 3781 6062 4197 2936 3136
 ... : 4 6 14 10 25 86 136 448 538 994 1328 2639 3785 6089 4228 2981 3176
 ... : 4 6 14 10 25 86 136 448 538 994 1328 2639 3790 6109 4258 3026 3211
 ... : 4 6 14 10 25 86 136 448 538 994 1328 2639 3790 6125 4286 3121 3262
 ... : 4 6 14 10 25 86 136 448 538 994 1328 2639 3796 6145 4324 3185 3294
 ... : 4 6 14 10 25 86 136 448 538 994 1328 2639 3798 6160 4366 3254 3339
 ... : 4 6 14 10 25 86 136 448 538 994 1328 2639 3800 6171 4400 3324 3386
 ... : 4 6 14 10 25 86 136 448 538 994 1328 2639 3803 6190 4441 3410 3430
 ... : 4 6 14 10 25 86 136 448 538 994 1328 2639 3804 6201 4483 3489 3485
 ... : 4 6 14 10 25 86 136 448 538 993 1327 2638 3808 6211 4511 3544 3525
 ... : 4 6 14 10 25 86 136 448 538 993 1327 2638 3808 6217 4539 3614 3573
 ... : 4 6 14 10 25 86 136 448 538 993 1327 2638 3809 6212 4556 3680 3630
 ... : 4 6 14 10 25 86 136 448 538 993 1327 2638 3807 6193 4586 3751 3686
 ... : 4 6 14 10 25 86 136 448 538 993 1327 2638 3807 6184 4604 3805 3735
 ... : 4 6 14 10 25 86 136 448 538 993 1327 2638 3798 6164 4627 3862 3792
 ... : 4 6 14 10 25 86 136 448 538 993 1327 2638 3799 6164 4644 3908 3845
 ... : 4 6 14 10 25 86 136 448 538 993 1327 2638 3799 6170 4637 3960 3901
 ... : 4 6 14 10 25 86 136 448 538 993 1327 2638 3802 6171 4651 3995 3940
 ... : 4 6 14 10 25 86 136 448 538 993 1327 2638 3802 6162 4652 4032 3999
 ... : 4 6 14 10 25 86 136 448 538 993 1327 2638 3802 6159 4671 4069 4050
 ... : 4 6 14 10 25 86 136 448 538 993 1327 2638 3799 6147 4676 4105 4097
 ... : 4 6 14 10 25 86 136 448 538 993 1327 2638 3799 6132 4715 4153 4135
 ... : 4 6 14 10 25 86 136 448 538 993 1327 2638 3802 6133 4730 4205 4182
 ... : 4 6 14 10 25 86 136 444 538 992 1327 2639 3810 6155 4744 4239 4201
 ... : 4 6 14 10 25 86 136 444 538 992 1327 2639 3810 6159 4765 4294 4268
 ... : 4 6 14 10 25 86 136 444 538 992 1326 2639 3812 6170 4782 4342 4313
 ... : 4 6 14 10 25 86 136 444 538 992 1326 2639 3809 6168 4784 4390 4373
  18 : 4 6 14 10 25 86 136 444 535 990 1307 2565 3515 5527 4277 4389 2477 2704
 ... : 4 6 14 10 25 86 136 444 535 990 1307 2565 3515 5527 4276 4415 2578 2808
 ... : 4 6 14 10 25 86 136 444 535 990 1307 2565 3515 5528 4288 4460 2711 2866
 ... : 4 6 14 10 25 86 136 444 535 990 1307 2565 3515 5528 4300 4520 2854 2923
 ... : 4 6 14 10 25 86 136 444 535 990 1307 2565 3515 5529 4305 4561 2928 2995
