initialized model with 504 latches, 45 inputs and 1 properties
tsim: performed 20 steps
tsim: found cycle from 18
checking bound 0
checking bound 1
checking bound 2
tdecomp: unrolling 2 cycles
tsim: performed 18 steps
tsim: found cycle from 16
tsim: found 1 constants and 0 latch equivalences
seqsimpl: found 7 latch equivalences
tdecomp: (504, 180) -> (496, 107)
   2 : 48 73
   3 : 36 53 82
   4 : 35 46 98 96
 ... : 31 44 113 217
   5 : 29 41 68 133 170
 ... : 29 41 68 179 354
   6 : 28 41 68 135 192 233
 ... : 28 41 68 134 250 443
   7 : 28 41 68 132 220 305 250
 ... : 28 41 68 132 221 373 468
 ... : 28 41 68 132 227 449 655
   8 : 28 41 68 120 219 369 417 365
 ... : 28 41 68 120 223 376 539 545
 ... : 28 41 68 121 228 384 622 686
 ... : 28 41 68 121 226 374 692 823
 ... : 27 41 68 121 219 377 748 946
 ... : 27 41 68 121 222 408 794 1002
 ... : 27 41 68 121 225 415 855 1123
   9 : 27 40 68 120 204 334 630 828 664
 ... : 27 40 68 120 204 334 630 973 851
 ... : 27 40 68 120 204 334 629 1046 1062
 ... : 27 41 69 121 209 338 633 1123 1182
 ... : 27 41 69 121 205 336 628 1169 1319
 ... : 27 41 69 121 205 338 624 1269 1477
  10 : 26 39 65 121 197 314 544 1043 979 831
 ... : 26 39 65 121 197 314 544 1023 1052 1044
 ... : 26 39 65 121 197 314 544 981 1063 1201
 ... : 26 39 65 121 197 314 544 956 1160 1423
 ... : 26 39 65 121 197 314 543 941 1249 1632
  11 : 26 39 62 121 194 313 482 683 767 984 1272
 ... : 26 39 62 121 194 313 482 680 759 1120 1489
 ... : 26 39 62 121 194 313 482 679 764 1201 1648
 ... : 26 39 62 121 194 313 479 675 760 1300 1837
 ... : 26 39 62 121 194 313 478 672 751 1369 1981
  12 : 26 39 62 120 195 311 461 601 668 860 830 1707
 ... : 26 39 62 120 195 311 461 605 677 904 919 1775
 ... : 26 39 62 120 195 311 461 605 679 912 1064 1972
 ... : 26 39 62 120 195 311 461 608 685 933 1143 2059
 ... : 26 39 62 120 195 311 461 615 702 955 1249 2131
 ... : 26 39 62 120 195 311 461 615 703 958 1355 2309
  13 : 26 39 62 120 194 311 460 606 673 922 1080 996 1655
 ... : 26 39 62 120 194 311 460 606 674 923 1103 1115 1803
 ... : 26 39 62 120 194 311 460 606 679 937 1133 1248 1879
 ... : 26 39 62 120 194 311 460 606 679 949 1155 1372 1990
 ... : 26 39 62 120 194 311 460 606 678 957 1162 1433 2097
 ... : 26 39 62 120 194 311 460 606 678 965 1179 1561 2263
 ... : 26 39 62 120 194 311 460 606 677 968 1187 1710 2433
 ... : 26 39 62 120 194 311 460 606 677 969 1199 1781 2531
  14 : 26 39 62 119 193 309 443 598 667 923 1147 1477 1126 1779
 ... : 26 39 62 119 193 309 443 598 667 927 1151 1485 1181 1915
 ... : 26 39 62 119 193 309 443 598 667 927 1151 1492 1272 2045
 ... : 26 39 62 119 193 309 443 598 667 927 1152 1507 1382 2164
 ... : 26 39 62 119 193 309 443 598 667 927 1160 1522 1476 2283
 ... : 26 39 62 119 193 309 443 598 667 927 1163 1532 1634 2461
 ... : 26 39 62 119 193 309 443 598 667 929 1169 1544 1739 2575
  15 : 26 39 62 119 193 309 443 597 664 913 1143 1492 1414 1300 1869
 ... : 26 39 62 119 193 309 443 597 664 913 1143 1492 1416 1444 2089
 ... : 26 39 62 119 193 309 443 597 664 913 1143 1497 1438 1518 2169
 ... : 26 39 62 119 193 309 443 597 664 913 1145 1503 1480 1635 2237
 ... : 26 39 62 119 193 309 443 597 664 913 1145 1503 1497 1794 2410
 ... : 26 39 62 119 193 309 443 597 664 913 1145 1506 1505 1904 2577
 ... : 26 39 62 119 193 309 443 597 664 913 1145 1509 1523 1961 2704
 ... : 26 39 62 119 193 309 443 597 664 913 1145 1510 1529 2012 2822
 ... : 26 39 62 119 193 309 443 597 664 913 1152 1520 1540 2092 2945
 ... : 26 39 62 119 193 309 443 597 664 913 1152 1520 1547 2237 3110
  16 : 26 39 62 118 194 309 443 597 664 908 1140 1498 1509 1923 1674 2019
 ... : 26 39 62 118 194 309 443 597 664 909 1144 1505 1512 1933 1816 2140
 ... : 26 39 62 118 194 309 443 597 664 909 1144 1506 1514 1941 1905 2279
 ... : 26 39 62 118 194 309 443 597 666 911 1146 1514 1526 1951 1961 2394
 ... : 26 39 62 118 194 309 443 597 666 911 1147 1515 1528 1964 2133 2567
 ... : 26 39 62 118 194 309 443 597 666 911 1147 1514 1527 1968 2344 2735
 ... : 26 39 62 118 194 309 443 597 666 911 1147 1514 1530 1977 2577 2919
 ... : 26 39 62 118 194 309 443 597 666 911 1147 1514 1535 1999 2648 3007
 ... : 26 39 62 118 194 309 443 597 666 911 1147 1524 1549 2028 2730 3085
 ... : 26 39 62 118 194 309 443 597 666 914 1151 1529 1557 2041 2798 3161
 ... : 26 39 62 118 194 309 443 597 666 914 1151 1527 1559 2046 2935 3320
 ... : 26 39 62 118 194 309 443 597 666 914 1151 1527 1567 2058 2989 3443
  17 : 26 39 62 118 194 309 443 595 666 905 1151 1509 1549 1978 2674 1755 2298
 ... : 26 39 62 118 194 309 443 595 666 902 1151 1509 1549 1976 2673 1851 2512
 ... : 26 39 62 118 194 309 443 595 666 902 1151 1509 1550 1977 2686 1907 2696
 ... : 26 39 62 118 194 309 443 595 666 900 1151 1508 1549 1975 2689 1980 2848
 ... : 26 39 62 118 194 309 443 595 666 896 1151 1507 1548 1978 2707 2068 2982
 ... : 26 39 62 118 194 309 443 595 666 896 1151 1507 1549 1991 2747 2147 3034
 ... : 26 39 62 118 194 309 443 594 666 895 1151 1504 1545 1985 2747 2304 3195
 ... : 26 39 62 118 194 309 443 594 666 895 1151 1504 1545 1988 2778 2413 3311
 ... : 26 39 62 118 194 309 443 594 666 895 1151 1504 1545 1988 2783 2604 3533
 ... : 26 39 62 118 194 309 443 594 666 895 1151 1504 1545 2000 2831 2751 3666
 ... : 26 39 62 118 194 309 443 594 666 895 1151 1504 1545 2001 2838 2897 3829
  18 : 26 39 62 118 194 309 443 592 663 888 1130 1488 1547 1960 2724 2562 1840 2730
 ... : 26 39 62 118 194 309 443 592 663 888 1130 1488 1546 1959 2724 2562 1924 2979
 ... : 26 39 62 118 194 309 443 592 663 888 1130 1488 1548 1962 2724 2566 2055 3131
 ... : 26 39 62 118 194 309 443 592 663 888 1130 1488 1548 1962 2726 2570 2150 3307
 ... : 26 39 62 118 194 309 443 592 663 888 1130 1488 1548 1962 2726 2589 2241 3457
 ... : 26 39 62 118 194 309 443 592 663 888 1130 1488 1548 1962 2726 2635 2347 3578
 ... : 26 39 62 118 194 309 443 592 663 888 1130 1486 1547 1973 2732 2655 2451 3692
 ... : 26 39 62 118 194 309 443 592 663 888 1130 1486 1547 1974 2734 2663 2577 3805
 ... : 26 39 62 118 194 309 443 592 663 888 1130 1487 1549 1978 2745 2687 2635 3910
 ... : 26 39 62 118 194 309 443 592 663 888 1130 1487 1549 1978 2753 2708 2802 4052
 ... : 26 39 62 118 194 309 443 592 663 888 1130 1487 1548 1980 2775 2749 2917 4138
 ... : 26 39 62 118 194 309 443 592 663 888 1130 1487 1548 1980 2775 2763 3015 4273
  19 : 26 39 61 119 194 303 449 589 663 881 1117 1468 1550 1955 2739 2694 2540 2129 2942
 ... : 26 39 61 119 194 303 449 589 663 881 1117 1468 1550 1955 2739 2694 2539 2221 3164
 ... : 26 39 61 119 194 303 449 589 663 881 1117 1468 1550 1955 2739 2698 2552 2274 3262
 ... : 26 39 61 119 194 303 449 589 663 881 1117 1468 1550 1955 2743 2720 2591 2326 3313
 ... : 26 39 61 119 194 303 449 589 663 881 1117 1468 1550 1955 2743 2723 2600 2388 3422
 ... : 26 39 61 119 194 303 449 589 663 881 1117 1468 1550 1956 2747 2728 2608 2461 3567
 ... : 26 39 61 119 194 303 449 589 663 881 1117 1468 1550 1961 2754 2771 2635 2487 3623
 ... : 26 39 61 119 194 303 449 589 663 881 1117 1468 1550 1961 2754 2773 2658 2571 3742
 ... : 26 39 61 119 194 303 449 589 663 881 1117 1468 1550 1961 2754 2779 2676 2675 3878
 ... : 26 39 61 119 194 303 449 589 663 881 1117 1468 1550 1961 2754 2778 2674 2781 4059
 ... : 26 39 61 119 194 303 449 589 663 881 1117 1468 1550 1961 2756 2784 2688 2870 4210
 ... : 26 39 61 119 194 303 449 589 663 881 1117 1468 1550 1961 2756 2783 2704 2953 4404
 ... : 26 39 61 119 194 303 449 589 663 881 1117 1468 1550 1961 2756 2786 2721 3043 4515
 ... : 26 39 61 119 194 303 449 589 663 884 1120 1468 1552 1970 2761 2792 2738 3103 4600
 ... : 26 39 61 119 194 303 449 589 663 884 1120 1468 1552 1970 2762 2797 2754 3197 4715
 ... : 26 39 61 119 194 303 449 589 663 884 1120 1468 1552 1975 2768 2808 2762 3279 4856
 ... : 26 39 61 119 194 303 449 589 663 884 1120 1468 1552 1975 2770 2831 2792 3362 4983
 ... : 26 39 61 119 194 303 449 589 663 884 1120 1468 1552 1975 2770 2847 2821 3466 5092
  20 : 26 39 61 119 194 303 449 589 662 883 1120 1467 1543 1974 2755 2806 2746 2841 2538 3343
 ... : 26 39 61 119 194 303 449 589 662 883 1120 1467 1543 1974 2755 2806 2746 2847 2650 3485
 ... : 26 39 61 119 194 303 449 589 662 883 1120 1467 1544 1976 2760 2810 2749 2873 2778 3565
 ... : 26 39 61 119 194 303 449 589 662 883 1120 1467 1548 1980 2771 2827 2773 2913 2882 3640
 ... : 26 39 61 119 194 303 449 589 662 883 1120 1467 1548 1980 2771 2827 2775 2921 3028 3832
 ... : 26 39 61 119 194 303 449 589 662 883 1120 1467 1548 1980 2771 2830 2789 2962 3144 3922
 ... : 26 39 61 119 194 303 449 589 662 883 1120 1467 1548 1980 2771 2830 2791 2971 3281 4100
 ... : 26 39 61 119 194 303 449 589 662 883 1120 1467 1548 1982 2776 2849 2807 2994 3330 4139
 ... : 26 39 61 119 194 303 449 589 662 883 1120 1467 1548 1982 2776 2854 2813 3012 3408 4268
 ... : 26 39 61 119 194 303 449 589 662 883 1120 1467 1548 1982 2776 2854 2822 3024 3459 4416
 ... : 26 39 61 119 194 303 449 589 662 883 1120 1467 1548 1982 2776 2854 2828 3059 3560 4533
 ... : 26 39 61 119 194 303 449 589 662 883 1120 1467 1548 1982 2776 2854 2838 3085 3637 4658
 ... : 26 39 61 119 194 303 449 589 662 883 1120 1467 1548 1982 2776 2853 2843 3116 3755 4807
 ... : 26 39 61 119 194 303 449 589 662 883 1120 1467 1548 1982 2776 2853 2844 3120 3843 4982
  21 : 26 39 61 119 194 303 449 589 662 883 1118 1468 1539 1983 2764 2835 2822 3029 3287 2522 3338
 ... : 26 39 61 119 194 303 449 589 662 883 1118 1468 1539 1983 2764 2835 2822 3029 3289 2677 3546
 ... : 26 39 61 119 194 303 449 589 662 883 1118 1468 1539 1983 2764 2835 2822 3029 3297 2800 3720
 ... : 26 39 61 119 194 303 449 589 662 883 1118 1468 1539 1983 2764 2835 2828 3032 3302 2869 3883
 ... : 26 39 61 119 194 303 449 589 662 883 1118 1468 1539 1983 2765 2837 2840 3046 3318 2940 4013
 ... : 26 39 61 119 194 303 449 589 662 883 1118 1468 1539 1983 2765 2837 2840 3049 3361 3114 4165
 ... : 26 39 61 119 194 303 449 589 662 883 1118 1468 1539 1983 2765 2837 2843 3057 3419 3321 4276
 ... : 26 39 61 119 194 303 449 589 662 883 1118 1468 1539 1983 2765 2837 2843 3058 3420 3474 4490
 ... : 26 39 61 119 194 303 449 589 662 883 1118 1468 1539 1983 2765 2837 2843 3059 3433 3545 4666
 ... : 26 39 61 119 194 303 449 589 662 883 1118 1468 1539 1983 2765 2837 2843 3061 3453 3748 4824
 ... : 26 39 61 119 194 303 449 589 662 883 1118 1468 1539 1983 2765 2838 2848 3070 3490 3860 4953
 ... : 26 39 61 119 194 303 449 589 662 883 1118 1468 1539 1983 2765 2838 2848 3070 3499 3987 5114
 ... : 26 39 61 119 194 303 449 589 662 883 1118 1468 1539 1983 2765 2838 2848 3076 3523 4088 5190
 ... : 26 39 61 119 194 303 449 589 662 883 1118 1468 1539 1983 2765 2838 2848 3074 3527 4187 5325
 ... : 26 39 61 119 194 303 449 589 662 883 1118 1468 1539 1983 2765 2838 2848 3075 3538 4263 5428
 ... : 26 39 61 119 194 303 449 589 662 883 1118 1468 1539 1983 2765 2838 2850 3088 3573 4354 5510
  22 : 26 39 61 119 194 303 449 589 662 883 1118 1467 1539 1982 2755 2837 2835 3043 3407 3550 2448 4022
 ... : 26 39 61 119 194 303 449 589 662 883 1118 1467 1539 1982 2755 2837 2835 3043 3406 3552 2544 4169
 ... : 26 39 61 119 194 303 449 589 662 883 1118 1467 1539 1982 2759 2853 2854 3078 3423 3572 2622 4289
 ... : 26 39 61 119 194 303 449 589 662 883 1118 1467 1539 1982 2761 2855 2863 3095 3437 3600 2703 4359
 ... : 26 39 61 119 194 303 449 589 662 883 1118 1467 1539 1982 2761 2855 2863 3095 3437 3600 2793 4551
 ... : 26 39 61 119 194 303 449 589 662 883 1118 1467 1539 1982 2761 2855 2863 3095 3440 3602 2843 4682
 ... : 26 39 61 119 194 303 449 589 662 883 1118 1467 1539 1982 2762 2858 2868 3105 3450 3612 2906 4781
 ... : 26 39 61 119 194 303 449 589 662 883 1118 1467 1539 1982 2762 2860 2872 3131 3496 3651 2965 4835
 ... : 26 39 61 119 194 303 449 589 662 883 1118 1467 1539 1982 2762 2860 2872 3132 3496 3676 3100 4957
 ... : 26 39 61 119 194 303 449 589 662 883 1118 1467 1539 1982 2762 2860 2872 3132 3500 3696 3245 5116
 ... : 26 39 61 119 194 303 449 589 662 883 1118 1467 1539 1982 2762 2860 2872 3132 3501 3712 3331 5234
 ... : 26 39 61 119 194 303 449 589 662 883 1118 1467 1539 1982 2762 2860 2872 3132 3501 3734 3428 5359
 ... : 26 39 61 119 194 303 449 589 662 883 1118 1467 1539 1982 2762 2860 2873 3132 3507 3755 3523 5475
 ... : 26 39 61 119 194 303 449 589 662 883 1118 1467 1539 1982 2762 2860 2873 3134 3512 3788 3731 5610
 ... : 26 39 61 119 194 303 449 589 662 883 1118 1467 1539 1982 2762 2860 2873 3134 3512 3798 3827 5791
 ... : 26 39 61 119 194 303 449 589 662 883 1118 1467 1539 1982 2762 2860 2873 3134 3529 3820 3929 5895
 ... : 26 39 61 119 194 303 449 589 662 883 1118 1467 1539 1982 2762 2860 2873 3134 3532 3833 4013 6065
 ... : 26 39 61 119 194 303 449 589 662 883 1118 1467 1539 1982 2762 2860 2873 3134 3532 3839 4132 6231
  23 : 25 38 60 119 194 303 448 589 662 884 1119 1467 1538 1981 2760 2858 2865 3128 3495 3738 3535 2766 4378
 ... : 25 38 60 119 194 303 448 589 662 884 1119 1467 1538 1981 2760 2858 2865 3131 3502 3751 3557 2861 4458
 ... : 25 38 60 119 194 303 448 589 662 884 1119 1467 1538 1981 2760 2858 2865 3131 3502 3761 3594 3086 4623
 ... : 25 38 60 119 194 303 448 589 662 884 1119 1467 1538 1981 2760 2858 2865 3131 3502 3769 3618 3205 4709
 ... : 25 38 60 119 194 303 448 589 662 884 1119 1467 1538 1981 2760 2858 2867 3135 3509 3777 3628 3349 4850
 ... : 25 38 60 119 194 303 448 589 662 884 1119 1467 1538 1981 2760 2858 2867 3135 3509 3777 3631 3516 5054
 ... : 25 38 60 119 194 303 448 589 662 884 1119 1467 1538 1981 2760 2858 2867 3135 3509 3780 3643 3648 5187
 ... : 25 38 60 119 194 303 448 589 662 884 1119 1467 1538 1981 2760 2858 2867 3135 3509 3782 3646 3740 5348
 ... : 25 38 60 119 194 303 448 589 662 884 1119 1467 1538 1981 2760 2858 2867 3135 3510 3788 3664 3813 5470
 ... : 25 38 60 119 194 303 448 589 662 884 1119 1467 1538 1981 2760 2858 2867 3135 3510 3789 3682 3903 5618
 ... : 25 38 60 119 194 303 448 589 662 884 1119 1467 1538 1981 2759 2858 2868 3149 3526 3815 3721 4020 5703
 ... : 25 38 60 119 194 303 448 589 662 884 1119 1467 1538 1981 2759 2858 2868 3149 3526 3818 3750 4202 5836
 ... : 25 38 60 119 194 303 448 589 662 884 1119 1467 1538 1981 2759 2858 2868 3149 3526 3818 3771 4299 5973
 ... : 25 38 60 119 194 303 448 589 662 884 1119 1467 1538 1981 2759 2858 2868 3149 3526 3828 3805 4400 6101
 ... : 25 38 60 119 194 303 448 589 662 884 1119 1467 1538 1981 2759 2858 2868 3149 3526 3828 3804 4506 6328
 ... : 25 38 60 119 194 303 448 589 662 884 1119 1467 1538 1981 2759 2858 2875 3162 3537 3848 3825 4546 6392
 ... : 25 38 60 119 194 303 448 589 662 884 1119 1467 1538 1981 2759 2858 2875 3162 3538 3853 3842 4638 6540
 ... : 25 38 60 119 194 303 448 589 662 884 1119 1467 1538 1981 2759 2858 2875 3162 3545 3863 3854 4714 6664
 ... : 25 38 60 119 194 303 448 589 662 884 1119 1467 1538 1981 2759 2858 2875 3162 3545 3866 3860 4760 6817
 ... : 25 38 60 119 194 303 448 589 662 884 1119 1467 1538 1981 2759 2858 2875 3162 3546 3869 3870 4882 6988
  24 : 25 38 60 119 194 303 448 589 662 884 1118 1467 1538 1979 2752 2859 2872 3139 3539 3807 3754 4026 3411 4688
 ... : 25 38 60 119 194 303 448 589 662 884 1118 1467 1538 1979 2752 2859 2872 3139 3539 3807 3754 4029 3566 4913
 ... : 25 38 60 119 194 303 448 589 662 884 1118 1467 1538 1979 2752 2859 2872 3139 3539 3812 3760 4051 3726 5060
 ... : 25 38 60 119 194 303 448 589 662 884 1118 1467 1538 1979 2752 2859 2872 3139 3540 3820 3770 4072 3822 5160
 ... : 25 38 60 119 194 303 448 589 662 884 1118 1467 1538 1979 2752 2859 2872 3139 3540 3820 3770 4076 3992 5353
 ... : 25 38 60 119 194 303 448 589 662 884 1118 1467 1538 1979 2752 2859 2872 3139 3540 3820 3771 4087 4101 5512
 ... : 25 38 60 119 194 303 448 589 662 884 1118 1467 1538 1979 2752 2859 2872 3139 3542 3824 3776 4092 4169 5688
 ... : 25 38 60 119 194 303 448 589 662 884 1118 1467 1538 1979 2752 2859 2870 3140 3546 3837 3801 4126 4258 5737
 ... : 25 38 60 119 194 303 448 589 662 884 1118 1467 1538 1979 2752 2859 2870 3140 3551 3846 3825 4145 4337 5809
 ... : 25 38 60 119 194 303 448 589 662 884 1118 1467 1538 1979 2752 2859 2870 3142 3555 3852 3841 4173 4420 5882
 ... : 25 38 60 119 194 303 448 589 662 884 1118 1467 1538 1979 2752 2859 2873 3146 3563 3867 3853 4187 4477 6001
 ... : 25 38 60 119 194 303 448 589 662 884 1118 1467 1538 1979 2752 2859 2873 3146 3563 3867 3853 4188 4652 6202
 ... : 25 38 60 119 194 303 448 589 662 884 1118 1467 1538 1979 2752 2859 2873 3146 3564 3879 3880 4222 4733 6256
 ... : 25 38 60 119 194 303 448 589 662 884 1118 1467 1538 1979 2752 2859 2873 3146 3564 3879 3889 4252 4869 6397
 ... : 25 38 60 119 194 303 448 589 662 884 1118 1467 1538 1979 2752 2859 2873 3146 3564 3879 3890 4257 4972 6566
 ... : 25 38 60 119 194 303 448 589 662 884 1118 1467 1538 1979 2752 2859 2873 3146 3564 3879 3889 4261 5093 6728
 ... : 25 38 60 119 194 303 448 589 662 884 1118 1467 1538 1979 2752 2859 2873 3146 3564 3879 3891 4273 5182 6887
 ... : 25 38 60 119 194 303 448 589 662 884 1118 1467 1538 1979 2752 2859 2873 3146 3564 3879 3892 4315 5328 7004
 ... : 25 38 60 119 194 303 448 589 662 884 1118 1467 1538 1979 2752 2859 2873 3146 3564 3879 3891 4317 5438 7163
 ... : 25 38 60 119 194 303 448 589 662 884 1118 1467 1538 1979 2752 2859 2873 3146 3563 3884 3898 4344 5567 7304
 ... : 25 38 60 119 194 303 448 589 662 884 1118 1467 1538 1979 2752 2859 2873 3146 3563 3884 3903 4363 5632 7439
 ... : 25 38 60 119 194 303 448 589 662 884 1118 1467 1538 1979 2752 2859 2873 3146 3563 3889 3909 4382 5723 7606
 ... : 25 38 60 119 194 303 448 589 662 884 1118 1467 1538 1979 2752 2859 2873 3145 3563 3888 3916 4401 5813 7708
 ... : 25 38 60 119 194 303 448 589 662 884 1118 1467 1538 1983 2756 2867 2886 3160 3574 3895 3918 4411 5879 7807
 ... : 25 38 60 119 194 303 448 589 662 884 1118 1467 1538 1986 2756 2875 2900 3183 3617 3957 3968 4434 5897 7816
 ... : 25 38 60 119 194 303 448 589 662 884 1118 1467 1538 1986 2756 2875 2900 3183 3616 3970 4008 4507 6007 7871
 ... : 25 38 60 119 194 303 448 589 662 884 1118 1467 1538 1986 2756 2875 2900 3183 3616 3970 4008 4504 6148 8037
 ... : 25 38 60 119 194 303 448 589 662 884 1118 1467 1538 1986 2756 2875 2900 3183 3616 3970 4017 4523 6229 8133
 ... : 25 38 60 119 194 303 448 589 662 884 1118 1467 1538 1986 2756 2875 2900 3183 3616 3970 4020 4540 6315 8270
  25 : 25 38 60 119 194 303 448 588 663 884 1117 1466 1531 1985 2755 2867 2883 3180 3603 3905 3939 4413 4933 4971 5200
 ... : 25 38 60 119 194 303 448 588 663 884 1117 1466 1531 1985 2755 2867 2883 3180 3603 3905 3939 4413 4933 5139 5421
 ... : 25 38 60 119 194 303 448 588 663 884 1117 1466 1531 1985 2755 2867 2883 3180 3604 3907 3939 4416 4937 5254 5614
 ... : 25 38 60 119 194 303 448 588 663 884 1117 1466 1531 1985 2755 2867 2884 3195 3625 3925 3960 4432 4957 5360 5676
 ... : 25 38 60 119 194 303 448 588 663 884 1117 1466 1531 1985 2755 2868 2884 3201 3655 3958 3984 4460 4987 5382 5702
 ... : 25 38 60 119 194 303 448 588 663 884 1117 1466 1531 1985 2755 2868 2884 3201 3655 3958 3984 4460 4989 5642 5901
 ... : 25 38 60 119 194 303 448 588 663 884 1117 1466 1531 1985 2755 2868 2884 3201 3655 3958 3984 4462 4998 5869 6073
 ... : 25 38 60 119 194 303 448 588 663 884 1117 1466 1531 1985 2755 2868 2884 3201 3655 3958 3984 4462 5008 6000 6207
 ... : 25 38 60 119 194 303 448 588 663 884 1117 1466 1531 1985 2755 2868 2884 3201 3655 3958 3984 4463 5018 6111 6366
 ... : 25 38 60 119 194 303 448 588 663 884 1117 1466 1531 1985 2755 2868 2884 3202 3656 3960 3988 4472 5035 6236 6480
 ... : 25 38 60 119 194 303 448 588 663 884 1117 1466 1531 1985 2755 2868 2884 3202 3657 3964 3994 4491 5054 6291 6527
 ... : 25 38 60 119 194 303 448 588 663 884 1117 1466 1531 1985 2755 2868 2886 3203 3668 3983 4013 4508 5066 6321 6576
 ... : 25 38 60 119 194 303 448 588 663 884 1117 1466 1531 1985 2755 2868 2886 3204 3667 3988 4022 4527 5092 6367 6644
 ... : 25 38 60 119 194 303 448 588 663 884 1117 1466 1531 1985 2755 2868 2887 3208 3670 3991 4026 4529 5101 6422 6722
 ... : 25 38 60 119 194 303 448 588 663 884 1117 1466 1531 1985 2755 2868 2887 3208 3669 3990 4028 4532 5112 6483 6835
 ... : 25 38 60 119 194 303 448 588 663 884 1117 1466 1531 1985 2755 2868 2887 3208 3669 3990 4031 4534 5117 6549 6995
 ... : 25 38 60 119 194 303 448 588 663 884 1117 1466 1531 1985 2755 2868 2887 3208 3671 3993 4039 4545 5133 6603 7125
 ... : 25 38 60 119 194 303 448 588 663 884 1117 1466 1531 1985 2755 2868 2888 3210 3672 3995 4047 4556 5152 6652 7189
 ... : 25 38 60 119 194 303 448 588 663 884 1117 1466 1531 1985 2755 2868 2888 3210 3672 3995 4050 4565 5177 6756 7307
 ... : 25 38 60 119 194 303 448 588 663 884 1117 1466 1531 1985 2755 2868 2888 3210 3672 3995 4049 4565 5181 6890 7479
 ... : 25 38 60 119 194 303 448 588 663 884 1117 1466 1531 1985 2755 2868 2888 3210 3672 3995 4049 4565 5193 7026 7636
 ... : 25 38 60 119 194 303 448 588 663 884 1117 1466 1531 1985 2755 2868 2888 3210 3672 3995 4049 4572 5221 7137 7792
 ... : 25 38 60 119 194 303 448 588 663 884 1117 1466 1531 1985 2755 2868 2888 3210 3672 3995 4048 4586 5255 7259 7909
 ... : 25 38 60 119 194 303 448 588 663 884 1117 1466 1531 1985 2755 2868 2888 3210 3672 3995 4045 4595 5291 7355 7986
 ... : 25 38 60 119 194 303 448 588 663 884 1117 1466 1531 1985 2755 2868 2888 3210 3672 3995 4045 4596 5301 7470 8112
 ... : 25 38 60 119 194 303 448 588 663 884 1117 1466 1531 1985 2755 2868 2888 3210 3672 3995 4045 4596 5302 7608 8318
 ... : 25 38 60 119 194 303 448 588 663 884 1117 1466 1531 1985 2755 2868 2888 3210 3672 3995 4045 4598 5310 7724 8479
  26 : 25 38 60 119 194 296 441 587 662 885 1117 1464 1531 1983 2751 2864 2888 3195 3665 3981 3999 4519 5151 6541 4512 5604
 ... : 25 38 60 119 194 296 441 587 662 885 1117 1464 1531 1983 2751 2864 2888 3195 3665 3981 3999 4519 5158 6566 4680 5761
 ... : 25 38 60 119 194 296 441 587 662 885 1117 1464 1531 1983 2751 2864 2888 3195 3665 3981 3999 4519 5163 6589 4868 5933
 ... : 25 38 60 119 194 296 441 587 662 885 1117 1464 1531 1983 2751 2864 2888 3195 3665 3982 4003 4528 5175 6603 5024 6072
 ... : 25 38 60 119 194 296 441 587 662 885 1117 1464 1531 1983 2751 2864 2888 3195 3665 3983 4005 4529 5190 6626 5128 6197
 ... : 25 38 60 119 194 296 441 587 662 885 1117 1464 1531 1983 2751 2864 2888 3195 3665 3983 4005 4529 5190 6625 5317 6392
 ... : 25 38 60 119 194 296 441 587 662 885 1117 1464 1531 1983 2751 2864 2888 3195 3668 3992 4013 4535 5200 6641 5395 6461
 ... : 25 38 60 119 194 296 441 587 662 885 1117 1464 1531 1983 2751 2864 2888 3195 3668 3992 4013 4535 5200 6649 5600 6650
 ... : 25 38 60 119 194 296 441 587 662 885 1117 1464 1531 1983 2751 2864 2888 3195 3668 3992 4013 4535 5201 6666 5697 6809
 ... : 25 38 60 119 194 296 441 587 662 885 1117 1464 1531 1983 2751 2864 2888 3195 3668 3992 4013 4536 5202 6669 5776 6980
 ... : 25 38 60 119 194 296 441 587 662 885 1117 1464 1531 1983 2751 2864 2888 3195 3667 3991 4012 4534 5203 6686 5890 7138
 ... : 25 38 60 119 194 296 441 587 662 885 1117 1464 1531 1983 2751 2865 2897 3208 3674 3994 4018 4550 5229 6717 5945 7196
 ... : 25 38 60 119 194 296 441 587 662 885 1117 1464 1531 1983 2751 2865 2898 3216 3684 4004 4039 4580 5264 6755 5998 7219
 ... : 25 38 60 119 194 296 441 587 662 885 1117 1464 1531 1983 2751 2865 2898 3216 3684 4004 4039 4582 5266 6758 6055 7360
 ... : 25 38 60 119 194 296 441 587 662 885 1117 1464 1531 1983 2751 2865 2898 3216 3684 4004 4039 4582 5275 6773 6125 7493
 ... : 25 38 60 119 194 296 441 587 662 885 1117 1464 1531 1983 2751 2865 2898 3216 3684 4004 4039 4582 5275 6779 6255 7671
 ... : 25 38 60 119 194 296 441 587 662 885 1117 1464 1531 1983 2751 2865 2898 3216 3684 4004 4039 4582 5276 6778 6362 7836
 ... : 25 38 60 119 194 296 441 587 662 885 1117 1464 1531 1983 2751 2865 2898 3216 3684 4004 4039 4582 5280 6794 6431 7931
 ... : 25 38 60 119 194 296 441 587 662 885 1117 1464 1531 1983 2751 2865 2898 3217 3684 4004 4040 4586 5286 6829 6553 8025
 ... : 25 38 60 119 194 296 441 587 662 885 1117 1464 1531 1983 2751 2865 2898 3217 3684 4004 4040 4586 5286 6829 6739 8222
 ... : 25 38 60 119 194 296 441 587 662 885 1117 1464 1531 1983 2751 2865 2898 3217 3684 4004 4040 4586 5292 6856 6876 8342
 ... : 25 38 60 119 194 296 441 587 662 885 1117 1464 1531 1983 2751 2865 2898 3220 3691 4008 4051 4599 5314 6897 6966 8408
 ... : 25 38 60 119 194 296 441 587 662 885 1117 1464 1531 1983 2751 2865 2898 3220 3691 4014 4070 4627 5338 6921 7072 8501
 ... : 25 38 60 119 194 296 441 587 662 885 1117 1464 1531 1983 2751 2865 2898 3220 3691 4017 4078 4653 5379 6960 7161 8530
 ... : 25 38 60 119 194 296 441 587 662 885 1117 1464 1531 1983 2751 2865 2898 3221 3692 4022 4088 4667 5396 6984 7213 8595
 ... : 25 38 60 119 194 296 441 587 662 885 1117 1464 1531 1983 2751 2865 2898 3221 3692 4022 4088 4667 5406 7016 7328 8737
 ... : 25 38 60 119 194 296 441 587 662 885 1117 1464 1531 1983 2751 2865 2898 3221 3692 4022 4091 4674 5415 7033 7429 8813
 ... : 25 38 60 119 194 296 441 587 662 885 1117 1464 1531 1983 2751 2865 2898 3221 3692 4020 4091 4674 5414 7039 7597 8970
 ... : 25 38 60 119 194 296 441 587 662 885 1117 1464 1531 1983 2751 2865 2898 3221 3692 4020 4091 4674 5430 7085 7712 9057
 ... : 25 38 60 119 194 296 441 587 662 885 1117 1464 1531 1983 2751 2865 2898 3221 3692 4020 4091 4673 5434 7106 7841 9198
 ... : 25 38 60 119 194 296 441 587 662 885 1117 1464 1531 1983 2751 2865 2898 3221 3692 4020 4091 4674 5439 7121 7880 9285
