initialized model with 190 latches, 113 inputs and 1 properties
tsim: performed 10 steps
tsim: found cycle from 8
checking bound 0
checking bound 1
checking bound 2
tdecomp: unrolling 2 cycles
tsim: performed 8 steps
tsim: found cycle from 6
tsim: found 1 constants and 0 latch equivalences
tdecomp: (190, 452) -> (189, 334)
   2 : 26 14
   3 : 17 23 39
   4 : 16 23 16 24
   5 : 16 23 16 7 17
   6 : 16 23 16 6 5 16
   7 : 16 23 16 6 5 9 10
   8 : 16 23 16 6 5 7 7 12
   9 : 15 20 13 9 5 6 18 21 56
  10 : 14 18 11 6 2 3 11 16 10 66
  11 : 14 18 11 6 2 3 11 16 10 9 65
  12 : 10 16 14 6 2 3 10 12 12 11 8 75
  13 : 9 15 12 5 3 4 8 12 14 16 27 24 145
  14 : 9 10 14 6 4 4 8 11 14 14 23 30 28 177
  15 : 8 8 14 4 6 3 8 11 9 11 21 22 43 28 228
  16 : 8 8 14 4 6 3 8 11 9 11 21 22 39 32 42 231
  17 : 8 8 14 4 6 3 8 11 9 10 22 20 36 30 46 46 244
  18 : 8 7 13 4 6 3 8 10 10 10 22 19 32 30 44 34 45 287
  19 : 6 9 13 4 6 3 8 10 10 10 22 19 32 30 44 32 47 44 353
  20 : 6 9 13 4 6 3 8 10 10 10 22 19 31 30 42 32 46 30 52 354
  21 : 6 9 13 4 6 3 8 10 10 10 22 19 31 29 42 32 46 26 45 59 372
  22 : 6 9 13 4 6 3 8 10 10 10 22 19 31 29 42 31 45 25 44 67 65 425
  23 : 6 9 13 4 6 3 8 10 10 10 22 19 31 29 42 31 44 25 44 48 85 97 476
  24 : 6 9 13 4 6 3 8 10 10 10 22 19 31 27 43 30 45 26 44 48 83 103 87 481
  25 : 6 9 13 4 6 3 8 10 10 10 22 19 30 27 44 30 45 25 44 49 78 98 134 89 529
  26 : 5 9 14 4 6 3 8 10 10 10 22 19 30 27 43 31 45 25 44 49 76 99 130 151 127 556
  27 : 5 9 14 4 6 3 8 10 10 10 22 19 29 27 44 30 46 25 44 49 75 98 127 144 102 76 726
  28 : 5 9 14 4 6 3 8 10 10 10 22 19 29 27 44 30 46 25 44 49 74 97 128 143 98 86 69 745
  29 : 5 9 14 4 6 3 8 10 10 10 22 19 29 27 44 30 46 25 41 49 74 97 127 143 94 87 96 122 742
  30 : 5 9 14 4 6 3 8 10 10 10 22 19 29 27 44 30 46 25 40 49 74 97 123 139 91 88 93 192 131 813
  31 : 5 9 14 4 6 3 8 10 10 10 22 19 29 27 44 30 46 25 40 49 74 97 123 138 91 89 89 185 159 161 835
  32 : 5 9 14 4 6 2 7 10 8 8 18 26 29 22 45 29 45 24 37 47 71 91 120 137 86 88 86 172 152 106 97 876
  33 : 5 9 13 5 6 2 7 10 8 8 18 26 29 22 45 29 45 24 37 47 71 91 120 137 84 88 86 172 151 98 82 143 806
  34 : 5 9 13 5 6 2 7 10 8 8 18 26 29 22 45 29 45 24 37 47 71 91 120 137 83 87 87 172 149 89 61 63 66 952
  35 : 5 9 13 5 6 2 7 10 8 8 18 26 29 22 45 29 45 24 37 47 71 91 120 137 83 87 87 172 149 88 61 63 66 234 742
  36 : 5 9 13 5 6 2 7 10 8 8 18 26 29 22 45 29 45 24 37 47 71 91 120 137 83 87 87 171 150 88 61 59 52 66 100 967
  37 : 5 9 13 5 6 2 7 10 8 8 18 26 29 22 45 29 45 24 37 47 71 91 120 137 83 87 87 171 150 88 61 59 51 66 79 85 956
  38 : 5 9 13 5 6 2 7 10 8 8 18 26 29 22 45 29 44 24 37 47 71 91 120 137 83 87 87 171 149 88 61 60 51 62 69 68 62 965
  39 : 5 9 13 5 6 2 7 10 8 8 18 26 29 22 45 29 44 24 37 47 71 91 120 137 83 86 87 171 148 88 59 53 44 52 60 70 57 158 884
  40 : 5 9 13 5 6 2 7 10 8 8 18 26 29 22 45 29 44 24 37 47 71 91 120 137 83 86 85 168 137 83 49 51 45 52 60 70 56 67 124 952
  41 : 5 9 13 5 6 2 7 10 8 8 18 26 29 22 45 29 44 24 37 47 71 91 120 137 83 86 85 168 136 84 49 51 45 52 60 67 49 59 76 296 790
  42 : 5 9 13 5 6 2 7 10 8 8 18 26 29 22 45 29 44 24 37 46 69 90 119 136 81 82 84 167 136 84 49 51 43 34 34 64 74 65 59 118 216 993
  43 : 5 9 13 5 6 2 7 10 8 8 18 26 29 22 45 29 44 24 37 46 69 90 119 135 80 81 84 167 136 84 49 51 43 34 34 60 58 45 47 91 164 130 1159
  44 : 5 9 13 5 6 2 7 10 8 8 18 26 29 22 45 29 44 24 37 46 69 90 119 135 80 81 84 167 136 84 49 51 43 34 34 60 57 45 46 91 160 161 184 1091
  45 : 5 9 13 5 6 2 7 10 8 8 18 26 29 22 45 29 44 24 37 45 70 90 119 135 80 81 82 167 136 84 49 51 43 34 34 60 57 45 46 82 150 158 105 221 1085
  46 : 5 9 13 5 6 2 7 10 8 8 18 26 29 22 45 29 43 24 37 45 70 90 119 133 79 81 79 169 134 85 48 53 44 34 34 60 51 42 46 77 143 159 100 100 123 1167
  47 : 5 9 13 5 6 2 7 10 8 8 18 26 29 22 45 29 43 24 37 45 70 90 119 131 76 81 79 165 129 81 45 49 43 34 34 60 51 42 46 78 142 158 98 98 142 192 1084
  48 : 5 9 13 5 6 2 7 10 8 8 18 26 29 22 45 29 43 24 37 45 70 90 119 131 76 81 79 165 129 81 45 47 43 34 33 47 41 42 46 79 144 158 96 84 84 72 102 1304
  49 : 5 9 13 5 6 2 7 10 8 8 18 26 29 22 45 29 43 24 37 45 70 90 119 131 76 81 79 165 129 81 45 47 43 34 33 47 41 42 46 78 133 153 86 80 79 58 100 249 1153
  50 : 5 9 13 5 6 2 7 10 8 8 18 26 29 22 45 29 42 23 34 44 70 90 118 132 76 81 79 165 129 81 45 47 43 33 32 46 41 40 44 78 128 139 80 63 76 57 92 131 140 1307
  51 : 5 9 13 5 6 2 7 10 8 8 18 26 29 22 45 29 42 22 34 44 70 90 118 132 76 81 78 164 119 74 47 48 44 33 32 46 41 40 44 78 128 139 79 63 75 56 88 117 151 219 1169
  52 : 5 9 13 5 6 2 7 10 8 8 18 26 29 22 45 29 42 22 34 44 70 90 118 132 76 81 77 163 119 74 47 49 44 33 32 46 41 40 44 78 127 134 77 62 73 51 87 101 123 124 181 1307
  53 : 5 9 13 5 6 2 7 10 8 8 18 26 29 22 45 29 42 22 34 44 70 90 118 132 76 81 77 163 119 74 47 49 44 33 32 46 41 40 44 77 128 134 77 62 73 49 86 99 125 123 157 147 1271
  54 : 5 9 13 5 6 2 7 10 8 8 18 26 29 22 45 29 42 22 34 44 70 90 118 132 76 81 77 163 119 74 47 49 44 33 32 46 41 40 44 77 128 134 77 60 71 46 85 95 92 113 172 121 261 1166
  55 : 5 9 13 5 6 2 7 10 8 8 18 26 29 22 45 29 42 22 34 44 70 90 118 132 76 81 77 163 119 74 47 49 44 33 32 46 41 40 42 71 122 129 78 61 71 46 83 92 93 117 170 112 55 132 1409
  56 : 5 9 13 5 6 2 7 10 8 8 18 26 29 22 45 29 42 22 34 44 70 90 118 132 76 81 77 163 119 74 47 49 44 33 32 46 41 40 42 71 122 129 78 61 71 46 83 92 93 117 170 112 55 78 293 1230
  57 : 5 9 13 5 6 2 7 10 8 8 18 26 29 22 45 29 42 22 34 44 70 89 117 134 76 81 77 163 119 74 47 47 42 31 32 46 41 40 42 70 122 125 75 61 71 45 82 82 90 114 155 97 51 65 87 151 1521
  58 : 5 9 13 5 6 2 7 10 8 8 18 26 29 22 45 29 42 22 34 44 70 89 117 134 76 81 77 163 119 74 47 47 42 31 32 46 41 40 42 70 122 125 75 61 71 45 82 82 90 114 155 96 51 64 83 98 155 1480
  59 : 5 9 13 5 6 2 7 10 8 8 18 26 29 22 45 29 42 22 34 44 70 89 117 134 76 81 77 163 119 74 47 47 42 31 32 46 41 40 42 70 122 125 75 61 57 35 41 47 66 55 47 35 32 53 70 69 89 203 1743
  60 : 5 9 13 5 6 2 7 10 8 8 18 26 29 22 45 29 42 22 34 44 70 89 115 133 77 81 77 163 119 74 47 47 42 31 32 46 41 40 42 70 122 125 75 57 55 34 37 39 70 52 58 33 30 49 57 61 77 123 188 1897
  61 : 5 9 13 5 6 2 7 10 8 8 18 26 29 22 45 29 42 22 34 44 70 89 115 133 77 81 77 163 119 74 47 47 42 31 32 46 41 40 42 70 122 125 74 57 53 34 33 35 67 53 56 33 30 49 51 50 67 93 115 130 2103
  62 : 5 9 13 5 6 2 7 10 8 8 18 26 29 22 45 29 42 22 34 44 70 89 115 133 77 81 77 163 119 74 47 47 42 31 32 46 41 40 42 70 122 125 74 57 53 34 33 35 67 53 56 33 30 48 51 51 67 92 112 120 281 1869
  63 : 5 9 13 5 6 2 7 10 8 8 18 26 29 22 45 29 42 22 34 44 70 89 115 133 77 81 77 163 119 74 47 47 42 29 33 46 41 40 42 70 122 125 74 53 48 32 37 37 69 53 56 33 30 41 55 49 63 90 111 104 99 298 1994
  64 : 5 9 13 5 6 2 7 10 8 8 18 26 29 22 45 29 42 22 34 44 70 89 115 133 77 81 77 163 119 74 47 47 42 29 33 46 41 38 41 70 122 125 74 53 48 32 37 37 68 49 56 33 30 41 54 49 63 90 111 91 91 262 357 1949
 ... : 5 9 13 5 6 2 7 10 8 8 18 26 29 22 45 29 42 22 34 44 70 90 115 133 78 81 77 163 120 75 49 48 44 31 35 47 43 40 43 75 123 125 74 53 49 32 37 37 68 49 56 33 30 41 54 49 63 90 111 91 91 261 541 2051
 ... : 5 9 13 5 6 2 7 10 8 8 18 26 29 22 45 29 42 22 34 44 70 89 115 133 78 84 76 163 123 78 55 54 51 39 40 49 45 41 44 77 127 130 77 56 52 36 40 39 69 51 57 34 31 45 55 49 63 90 111 91 91 261 542 2056
  65 : 5 9 13 5 6 2 7 10 8 8 18 26 29 22 45 29 42 22 33 36 63 77 101 90 47 62 60 115 99 70 48 52 47 36 37 50 43 39 41 74 120 123 73 53 51 36 39 42 69 49 47 35 31 44 53 51 62 89 109 77 82 256 314 279 2151
  66 : 5 9 13 5 6 2 7 10 8 7 19 26 29 21 41 29 42 23 33 36 63 77 100 91 47 62 60 113 98 70 48 52 48 36 37 49 43 38 38 73 120 123 73 53 51 36 39 42 69 49 47 35 30 42 52 51 62 89 109 77 82 257 304 270 181 2155
  67 : 5 9 13 5 6 2 7 10 8 7 19 26 29 21 41 28 40 23 33 38 63 77 100 91 47 62 60 113 98 70 48 52 48 36 37 49 43 38 38 73 120 123 73 53 51 36 39 42 69 49 47 35 30 42 52 51 62 89 109 75 78 255 288 253 217 373 1950
  68 : 5 9 13 5 6 2 7 10 8 7 19 26 29 21 41 28 40 23 33 38 63 77 100 91 47 62 60 113 98 70 48 52 48 36 36 49 43 38 38 73 120 123 73 50 52 34 40 42 69 48 45 38 31 43 52 51 63 89 108 74 76 251 274 245 206 265 428 1869
  69 : 5 9 13 5 6 2 7 10 8 7 19 26 29 21 41 28 40 23 33 38 63 77 100 91 47 62 60 113 98 70 47 52 48 35 36 49 43 38 38 73 120 123 73 50 52 34 40 42 69 48 45 36 31 43 51 51 63 88 105 73 78 243 258 226 185 204 263 214 2173
  70 : 5 9 13 5 6 2 7 10 8 7 19 26 29 21 41 28 40 23 33 38 63 77 100 91 47 62 60 113 98 70 47 52 48 35 36 49 43 38 38 73 120 123 73 50 52 34 40 42 69 48 45 36 31 43 51 51 63 88 105 73 78 243 258 223 179 175 198 175 96 2347
  71 : 5 9 13 5 6 2 7 10 8 7 19 26 29 21 41 28 40 23 33 38 63 77 100 91 47 62 60 113 98 70 47 52 48 35 36 49 43 38 38 73 120 123 73 50 52 34 40 42 69 48 45 36 31 43 51 51 63 88 105 73 78 243 256 225 179 172 195 169 103 78 2345
  72 : 5 9 13 5 6 2 7 10 8 7 19 26 29 21 41 28 40 23 33 38 62 76 100 91 47 62 60 113 98 70 47 51 48 35 36 49 42 38 38 73 120 123 72 49 52 34 40 42 69 48 45 36 31 43 51 51 63 88 106 72 78 243 256 225 179 168 192 170 101 105 155 2315
  73 : 5 9 13 5 6 2 7 10 8 7 19 26 29 21 41 28 40 23 33 38 62 76 100 91 47 62 60 113 98 70 47 51 48 35 36 49 42 38 38 73 120 123 72 49 52 34 40 42 69 48 45 36 31 43 51 51 63 88 106 72 78 243 256 225 179 168 192 166 90 98 139 100 2465
  74 : 5 9 13 5 6 2 7 10 8 7 19 26 29 21 41 28 40 23 33 38 62 76 100 91 47 62 60 113 98 70 47 51 48 35 36 49 42 38 38 73 120 123 72 49 52 34 40 42 69 48 45 36 31 43 51 51 63 88 106 72 78 243 256 224 171 165 190 165 92 96 138 116 65 2502
  75 : 5 9 13 5 6 2 7 10 8 7 19 26 29 21 41 28 40 23 33 38 62 76 100 91 47 62 60 113 98 70 47 51 48 35 36 49 42 38 38 73 120 123 72 49 52 34 40 42 69 48 45 36 31 43 51 50 63 88 106 73 78 243 256 224 171 165 190 164 92 96 134 114 79 45 2519
  76 : 5 9 13 5 6 2 7 10 8 7 19 26 29 21 41 28 40 23 33 38 62 76 100 91 47 62 60 113 98 70 47 51 48 35 36 49 42 38 38 73 120 123 72 49 52 34 40 42 69 48 45 36 31 43 51 50 63 88 106 73 78 243 256 224 171 165 190 164 91 94 133 114 69 56 47 2548
  77 : 5 9 13 5 6 2 7 10 8 7 19 26 29 21 41 28 40 23 33 38 62 76 100 91 47 62 60 113 98 70 47 51 48 35 36 49 42 38 38 73 120 123 72 49 52 34 40 42 69 48 45 36 31 43 51 50 63 88 106 73 78 243 256 224 171 165 190 164 91 94 133 114 69 56 49 29 2545
  78 : 5 9 13 5 6 2 7 10 8 7 19 26 29 21 41 28 40 23 33 38 62 76 100 91 47 62 60 113 98 70 47 51 48 35 36 49 42 38 38 73 120 123 72 49 51 33 40 42 69 48 45 36 32 44 51 50 63 88 106 73 78 243 256 224 170 164 194 171 97 98 132 115 64 41 35 28 32 2610
  79 : 5 9 13 5 6 2 7 10 8 7 19 26 29 21 41 28 40 23 33 38 62 76 100 91 47 62 60 113 98 70 47 51 48 35 36 49 42 38 38 73 120 123 72 49 51 33 40 42 69 48 45 36 32 44 51 50 63 88 106 73 78 243 256 224 170 164 194 171 97 98 132 115 64 41 35 28 32 24 2587
  80 : 5 9 13 5 6 2 7 10 8 7 19 26 29 21 41 28 40 23 33 38 62 76 100 91 47 62 60 113 98 70 47 51 48 35 36 49 42 38 38 73 120 123 72 49 51 33 40 42 69 48 45 36 32 44 51 50 63 88 106 73 78 243 256 224 170 164 194 171 97 98 132 115 64 41 35 28 32 20 21 2584
  81 : 5 9 13 5 6 2 7 10 8 7 19 26 29 21 41 28 40 23 33 38 62 76 100 91 47 62 60 113 98 70 47 51 48 35 36 49 42 38 38 73 120 123 72 49 51 33 40 42 69 48 45 36 32 44 51 50 63 88 106 73 78 243 256 224 170 164 194 171 97 98 132 115 64 41 35 28 32 16 21 20 2599
 ... : 5 9 13 5 6 3 8 10 8 7 19 27 30 21 41 28 40 23 33 38 62 76 100 91 47 62 60 113 98 70 47 51 48 35 36 49 42 38 38 73 120 123 72 49 51 33 40 42 69 48 45 36 32 44 51 50 63 88 106 73 78 243 256 225 170 164 194 171 97 98 131 118 68 41 34 29 34 17 23 21 2602
 ... : 5 9 13 5 6 3 7 10 10 9 19 27 29 21 41 27 42 24 34 39 63 77 101 92 48 63 61 114 99 72 49 54 49 37 37 50 43 39 39 75 121 123 72 49 51 33 40 42 69 49 46 37 32 44 51 50 64 90 107 74 79 243 256 225 170 164 194 171 97 98 131 118 68 41 34 29 34 17 23 21 2602
 ... : 5 9 13 5 6 3 8 11 11 11 21 31 33 23 42 29 44 26 38 39 64 78 101 92 48 63 61 114 101 74 49 54 49 39 38 51 44 40 40 76 123 127 75 50 51 33 40 42 69 49 46 37 32 44 51 50 64 90 109 74 79 243 256 225 170 164 194 171 97 98 131 118 68 41 34 29 34 17 23 21 2603
 ... : 5 9 13 5 6 3 8 11 11 11 21 31 34 24 43 30 45 27 39 42 67 78 102 93 48 63 61 115 102 73 50 54 49 36 36 50 44 41 41 77 124 128 75 52 53 36 42 44 71 50 47 38 34 45 52 51 65 90 110 77 79 244 257 225 171 164 194 171 97 98 131 118 68 41 34 29 34 17 23 21 2603
 ... : 5 9 13 5 6 3 8 12 11 11 22 32 34 25 46 31 45 27 40 42 69 79 103 93 50 65 62 117 103 77 50 56 53 41 39 51 44 41 41 78 124 128 75 52 53 36 42 44 71 50 47 38 34 45 52 51 65 90 110 78 81 244 257 225 171 164 194 171 97 98 131 118 68 41 34 29 34 17 23 21 2603
 ... : 5 9 13 5 6 3 8 12 11 11 22 32 34 25 46 31 45 27 39 41 66 78 102 92 49 64 62 118 103 77 50 56 52 40 41 52 43 41 40 79 126 132 79 57 56 37 45 45 71 50 47 38 34 45 52 51 65 90 110 77 80 245 257 225 172 166 197 173 101 98 131 118 68 41 34 29 34 17 23 21 2603
 ... : 5 9 13 5 6 3 8 12 11 11 22 32 34 25 46 31 45 27 39 41 66 78 102 92 49 64 62 118 103 77 50 55 52 38 41 52 43 41 39 75 125 128 79 54 54 36 42 43 72 53 48 40 36 48 55 53 68 97 113 81 86 246 259 226 172 167 197 173 101 98 131 118 68 41 34 29 34 17 23 21 2604
 ... : 5 9 16 8 9 10 12 15 13 13 24 34 37 27 49 36 48 31 42 43 68 81 105 93 49 64 62 118 103 77 50 55 52 38 41 52 43 41 39 75 125 128 79 54 54 36 42 43 72 53 48 40 36 48 55 53 68 97 113 81 86 246 260 226 172 167 197 173 101 98 131 118 68 41 34 29 34 17 23 21 2604
tdecomp: completing cex trace with 2 initial steps
seqsimpl: completing cex trace with simulation
num_solve_calls = 878932
num_solve_sat_calls = 335844
num_solve_unsat_calls = 32270
num_solve_approx_calls = 505623
num_solve_approx_unsat_calls = 282934
num_solve_conflicts = 330822
num_solve_decisions = 59038945
num_solve_propagations = 365654348
avg_solve_conflicts = 1
avg_solve_decisions = 68
avg_solve_propagations = 417
avg_solve_unsat_decisions = 0.459
stddev_solve_unsat_decisions = 2.012
num_added_cubes = 115966
num_subsumed_cubes = 108008
num_mic_down_calls = 110234
num_mic_down_good = 29526
num_added_ctgs = 7483
num_gc_frame = 515
num_reset = 81
num_try_blocking = 459554
get_bad_cube_time = 7.165
rec_block_cube_time = 58.144
propagate_forward_time = 72.410
generalize_model_time = 11.888
generalize_and_push_time = 51.337
ctg_time = 31.113
try_blocking_time = 114.886
reset_time = 3.021
clausify_time = 3.159
preprocess_time = 2.027
solve_time = 112.316
solve_sat_time = 87.391
solve_unsat_time = 24.925
prove_time = 140.065
memory_used_mb = 20
total_time = 140.179
Unsafe
