initialized model with 190 latches, 113 inputs and 1 properties
tsim: performed 10 steps
tsim: found cycle from 8
checking bound 0
checking bound 1
checking bound 2
tdecomp: unrolling 2 cycles
tsim: performed 8 steps
tsim: found cycle from 6
tsim: found 1 constants and 0 latch equivalences
tdecomp: (190, 452) -> (189, 334)
   2 : 19 5
   3 : 19 3 2
   4 : 10 15 34 22
   5 : 10 15 40 11 19
   6 : 9 13 38 28 26 52
   7 : 9 13 38 28 25 18 49
   8 : 9 12 35 25 20 10 7 48
   9 : 9 12 35 25 20 10 7 12 41
  10 : 8 12 31 22 18 9 6 11 15 65
  11 : 8 12 31 22 17 9 6 11 16 10 81
  12 : 8 12 31 22 16 10 6 11 16 10 9 86
  13 : 8 11 28 19 15 10 5 11 15 10 12 11 107
  14 : 6 10 22 17 14 8 5 9 18 15 19 33 21 179
  15 : 6 10 21 17 14 8 5 9 18 15 19 35 37 43 219
  16 : 6 10 21 17 14 8 5 9 18 15 19 35 33 49 26 236
  17 : 6 9 20 16 13 8 5 9 18 15 18 34 32 41 39 38 262
  18 : 6 9 20 16 13 8 5 8 18 15 18 35 32 37 33 54 50 300
  19 : 6 9 20 16 13 8 5 8 18 15 18 35 32 37 32 49 63 56 356
  20 : 6 9 20 16 13 8 5 8 18 15 18 35 32 37 31 47 63 70 75 366
  21 : 6 9 20 16 13 8 5 8 18 15 18 35 31 37 31 45 59 70 66 106 383
  22 : 6 9 20 15 14 7 5 8 12 14 16 28 24 37 24 43 52 54 72 57 101 532
  23 : 6 9 20 15 14 7 5 8 12 14 16 28 24 37 24 42 51 50 74 53 72 114 594
  24 : 6 9 20 15 14 7 5 8 12 14 16 28 24 37 24 42 51 50 73 52 69 106 255 505
  25 : 6 8 19 15 13 7 5 8 12 13 16 28 24 36 25 39 45 36 59 39 51 70 162 99 742
  26 : 6 8 19 15 13 7 5 8 12 13 16 28 24 36 25 39 45 35 60 38 50 63 145 104 108 791
  27 : 6 8 19 15 13 7 5 8 12 13 16 28 24 36 25 39 43 36 60 38 50 61 142 99 130 155 789
  28 : 6 8 19 15 13 7 5 8 12 13 16 27 25 36 25 39 43 36 60 37 50 59 142 98 128 111 170 868
  29 : 5 8 20 15 13 7 5 8 12 13 16 27 25 36 25 39 43 36 60 37 50 59 141 97 127 107 186 170 846
  30 : 5 8 20 15 13 7 5 8 12 13 16 27 24 36 25 39 43 37 60 37 50 58 138 96 126 104 127 122 113 1094
  31 : 5 8 20 15 13 7 5 8 12 13 16 27 24 36 25 39 43 37 60 37 50 58 138 96 124 102 124 115 131 128 1076
  32 : 5 8 20 15 13 7 5 8 12 13 16 27 24 36 25 39 43 37 60 37 50 58 138 96 124 102 124 115 131 120 93 1096
  33 : 5 8 20 15 13 7 5 8 12 13 16 27 24 36 25 39 43 37 60 37 50 57 138 96 124 102 124 115 122 95 69 197 1088
  34 : 5 8 20 15 13 7 5 8 12 13 16 27 24 36 25 39 43 37 60 37 50 57 138 96 124 100 124 117 122 95 66 83 105 1187
  35 : 5 8 20 15 13 7 5 8 12 13 16 27 24 36 25 39 43 37 60 37 50 57 138 96 124 100 124 117 122 95 66 79 99 102 1110
  36 : 5 8 20 15 13 7 5 8 12 13 16 27 24 36 25 39 43 37 60 37 50 57 138 96 124 100 124 117 122 95 66 78 97 73 197 1004
  37 : 5 8 20 15 13 7 5 8 12 13 16 27 24 36 25 39 42 37 61 37 50 57 138 96 124 100 124 117 122 95 63 76 86 64 83 147 1147
  38 : 5 8 20 15 13 7 5 8 12 13 16 27 24 36 25 39 42 37 61 37 50 57 137 96 124 100 124 115 116 88 62 71 81 63 72 139 482 933
  39 : 5 8 20 15 13 7 5 8 12 13 16 26 24 36 25 39 42 37 61 37 50 57 137 96 123 99 123 114 115 81 59 68 79 64 69 132 141 134 1459
  40 : 5 8 20 15 13 7 5 8 12 13 16 26 24 36 25 39 42 37 61 37 50 57 136 96 123 99 123 114 115 80 59 68 79 64 69 132 140 135 593 903
  41 : 5 8 20 15 13 7 5 8 12 13 15 26 24 36 25 39 42 37 53 36 50 55 120 91 120 92 122 116 115 76 62 70 73 61 65 133 139 106 120 178 1520
  42 : 4 8 18 15 13 7 5 8 12 13 15 26 24 36 25 39 42 37 53 36 49 55 120 91 120 91 122 115 114 74 61 68 71 43 53 116 129 69 74 101 86 1690
  43 : 4 8 18 15 13 7 5 8 12 13 15 26 24 36 25 39 42 37 53 36 49 55 120 91 120 91 122 115 114 74 61 68 71 43 53 116 129 69 73 104 96 84 1699
  44 : 4 8 18 15 13 7 5 8 12 13 15 26 24 36 25 39 42 37 53 36 49 55 120 91 120 91 122 115 114 74 61 68 71 43 53 116 129 68 72 104 93 86 400 1463
  45 : 4 8 18 15 13 7 5 8 12 13 15 26 24 36 25 39 42 37 53 36 49 55 120 91 120 91 122 106 98 63 51 43 42 30 42 107 104 59 67 86 91 80 174 338 1724
  46 : 4 8 18 15 13 7 5 8 12 13 15 26 24 36 25 39 42 37 53 36 49 55 120 91 120 91 122 106 96 61 51 43 42 30 42 107 104 59 67 86 91 79 77 206 248 1815
  47 : 4 8 18 15 13 7 5 8 12 13 15 26 24 36 26 39 42 36 52 35 35 40 65 90 106 70 80 81 54 19 33 21 24 18 41 107 101 59 72 90 92 81 72 199 194 185 1822
  48 : 4 8 18 15 13 7 5 8 12 13 15 25 24 36 26 36 42 36 50 34 35 40 66 89 106 68 79 79 52 19 33 22 24 18 41 107 99 60 70 90 92 81 66 191 194 155 93 1913
  49 : 4 8 18 15 13 7 5 8 12 13 15 25 24 36 26 35 41 37 50 34 35 40 66 89 106 68 79 79 52 19 33 22 24 18 41 107 99 60 70 90 92 80 67 187 186 150 125 146 1830
  50 : 4 8 18 15 13 7 5 8 12 13 15 25 24 36 26 35 41 37 50 34 35 40 66 89 106 68 76 77 52 20 33 22 24 18 41 107 99 60 70 89 93 80 67 187 186 142 97 110 135 1894
  51 : 4 8 18 15 13 7 5 8 12 13 15 25 22 35 26 32 35 40 53 37 35 40 65 89 106 68 75 74 47 16 33 22 24 18 41 106 94 59 67 87 91 80 66 184 185 144 98 104 93 99 1941
  52 : 4 8 18 15 13 7 5 8 12 13 15 25 22 35 26 32 35 40 53 37 35 40 65 89 106 68 75 74 47 16 33 22 24 18 41 106 94 59 67 87 91 80 66 182 183 144 99 104 88 83 74 1976
  53 : 4 8 18 15 13 7 5 8 12 13 15 25 22 35 26 32 35 40 53 37 35 40 65 89 106 68 75 74 47 16 33 22 24 18 41 106 94 59 67 87 89 80 66 182 185 144 98 105 88 83 68 116 1916
  54 : 4 8 18 15 13 7 5 8 12 13 15 25 22 35 26 32 35 40 53 37 35 40 65 89 106 68 75 74 47 16 33 22 24 18 41 106 94 59 67 87 89 80 66 182 185 144 98 105 88 78 56 83 169 1865
  55 : 4 8 18 15 13 7 5 8 12 13 15 25 22 35 26 32 35 40 53 37 35 40 65 89 106 68 75 74 47 16 33 22 24 18 41 106 93 59 68 87 89 72 65 182 185 142 96 105 85 76 55 78 118 83 1935
  56 : 4 8 18 15 13 7 5 8 12 13 15 25 22 32 24 30 35 40 54 38 35 40 65 89 106 68 75 74 47 16 33 22 24 18 41 106 93 59 68 87 89 72 65 182 185 142 96 106 85 76 55 77 118 73 74 1942
  57 : 4 8 18 15 13 7 5 8 12 13 15 25 22 32 24 30 35 40 54 38 35 40 65 89 106 68 75 74 47 16 33 22 24 18 41 106 93 59 68 87 89 72 65 182 185 142 96 106 85 76 54 77 117 70 67 49 1958
  58 : 4 8 18 15 13 7 5 8 12 13 15 25 22 32 24 30 35 40 54 37 35 40 65 89 106 68 75 74 47 16 33 22 24 18 41 106 93 59 67 86 88 68 61 181 186 142 96 105 85 72 53 76 116 65 64 40 34 1998
  59 : 4 8 18 15 13 7 5 8 12 13 15 25 22 32 24 30 35 40 54 37 35 40 65 89 106 68 75 74 47 16 33 22 24 18 41 106 93 59 67 86 88 68 61 181 186 142 96 105 85 71 53 75 113 66 51 34 29 40 2020
  60 : 4 8 18 15 13 7 5 8 12 13 15 25 22 32 24 30 35 40 54 37 35 40 65 89 106 68 75 74 47 16 33 22 24 18 41 106 93 59 67 86 88 68 61 181 186 142 96 105 85 71 54 69 115 78 53 35 26 43 29 2019
  61 : 4 8 18 15 13 7 5 8 12 13 15 25 22 32 24 30 35 40 54 37 35 40 65 89 106 68 75 74 47 16 33 22 24 18 41 106 93 59 67 86 88 68 61 181 186 142 96 105 85 71 54 69 115 78 52 35 26 43 30 13 2032
  62 : 4 8 18 15 13 7 5 8 12 13 15 25 22 32 24 30 35 40 54 37 35 40 65 89 106 68 75 74 47 16 33 22 24 18 41 106 93 59 67 86 88 68 61 181 186 142 96 105 85 71 54 69 115 78 51 32 25 41 24 10 7 2055
  63 : 4 8 18 15 13 7 5 8 12 13 15 25 22 32 24 30 35 40 54 37 35 40 65 89 106 68 75 74 47 16 33 22 24 18 41 106 93 59 67 86 88 68 61 181 186 142 96 105 85 71 54 69 115 78 51 32 25 38 25 15 6 7 2049
  64 : 4 8 18 15 13 7 5 8 12 13 15 25 22 32 24 30 35 40 54 37 35 40 65 89 106 68 75 74 47 16 33 22 24 18 41 106 93 59 67 86 88 68 61 181 186 142 96 105 85 71 54 69 115 78 51 32 25 38 25 15 6 7 13 2044
 ... : 4 8 18 15 13 8 9 11 14 15 17 27 25 35 28 33 40 43 59 39 35 40 65 89 107 68 75 74 47 16 33 22 24 18 42 106 93 59 67 86 88 68 61 181 186 142 96 105 85 71 54 69 116 78 56 34 27 40 27 17 8 9 17 2054
 ... : 4 8 18 15 13 8 9 11 14 15 17 27 25 35 28 35 42 45 60 43 40 45 69 95 111 74 82 83 51 17 34 24 25 19 43 106 93 59 67 86 88 68 61 181 186 142 96 105 85 71 56 73 119 81 57 34 27 40 27 17 8 9 17 2055
 ... : 4 8 18 15 13 8 9 12 15 16 17 27 25 35 28 35 43 45 60 43 40 45 69 95 112 74 81 80 52 20 36 25 26 21 43 107 94 61 69 86 88 68 61 181 186 142 96 105 85 71 56 73 121 85 62 44 31 43 27 17 8 9 19 2066
 ... : 4 8 18 15 13 8 9 12 16 17 19 28 28 37 31 39 46 50 66 47 44 49 70 94 106 69 79 82 52 20 36 25 26 24 43 107 94 61 69 88 89 71 63 181 187 142 96 105 85 71 56 73 121 85 62 44 31 43 27 17 8 9 19 2066
 ... : 4 8 18 15 13 8 9 12 16 17 20 31 29 39 34 40 47 51 66 47 44 51 73 97 110 73 85 84 58 27 40 28 29 29 47 109 94 62 70 88 89 71 63 182 187 143 97 105 85 71 56 73 121 86 62 44 31 43 27 17 8 9 19 2066
 ... : 4 8 18 15 13 8 9 12 16 17 20 31 29 39 34 40 47 51 67 47 44 51 73 97 112 73 84 85 58 26 39 27 28 29 49 109 94 60 69 91 91 75 66 183 195 152 104 106 86 71 56 73 121 86 62 44 31 43 27 17 8 9 19 2075
 ... : 4 8 18 15 13 8 9 12 16 17 20 31 28 38 31 41 47 51 67 47 44 51 74 97 112 73 84 85 58 26 40 27 28 29 49 108 95 60 70 91 91 75 66 182 195 151 105 109 88 74 62 78 127 97 67 48 34 51 34 20 16 11 25 2097
 ... : 4 8 18 15 13 8 9 12 16 17 20 31 29 39 32 40 40 52 67 47 47 53 75 100 115 76 84 83 55 28 41 32 30 36 57 113 97 62 74 94 94 77 71 185 197 152 106 109 88 74 62 78 127 97 67 48 34 51 34 20 16 11 25 2097
 ... : 4 8 18 15 13 8 9 12 16 17 20 31 26 39 32 40 40 52 67 47 47 52 75 99 115 76 84 82 54 26 40 30 29 34 54 110 93 62 70 94 93 75 69 187 194 152 104 110 88 76 64 86 130 99 75 54 37 56 37 26 20 15 25 2121
 ... : 4 7 18 14 12 7 11 17 18 21 21 32 26 40 33 40 40 52 67 47 47 52 76 99 115 76 84 82 54 26 40 31 29 34 54 110 93 62 71 93 92 76 69 187 194 152 104 110 88 77 66 87 132 100 77 57 38 58 38 28 22 17 26 2123
 ... : 4 7 18 14 12 7 11 17 18 21 21 33 27 41 35 42 44 53 69 56 50 54 78 102 117 79 84 82 55 28 43 34 32 36 58 112 95 63 72 93 92 76 69 187 194 152 104 110 88 77 66 87 132 100 77 57 38 58 38 28 22 17 26 2123
 ... : 4 7 18 14 12 7 11 16 18 21 21 33 25 37 35 43 45 53 69 56 49 54 78 102 117 79 85 83 56 27 44 33 32 37 59 114 96 63 72 94 93 76 73 191 197 153 105 111 88 77 67 89 135 103 79 57 38 58 38 28 22 17 26 2125
 ... : 4 7 19 15 14 10 12 18 21 25 23 34 28 38 38 41 45 53 69 50 48 56 77 103 117 79 84 84 57 29 46 34 32 37 59 114 96 63 71 95 93 76 73 190 198 153 106 112 88 77 67 90 134 104 81 57 38 58 38 28 22 17 26 2125
 ... : 4 7 19 15 14 10 12 18 21 25 23 35 28 42 38 41 42 55 69 50 47 57 79 104 118 79 84 84 57 29 46 34 32 35 56 103 88 50 53 74 77 62 62 179 188 144 102 105 88 78 67 90 134 104 81 57 38 58 38 28 22 17 27 2129
tdecomp: completing cex trace with 2 initial steps
seqsimpl: completing cex trace with simulation
num_solve_calls = 643720
num_solve_sat_calls = 227892
num_solve_unsat_calls = 23575
num_solve_approx_calls = 347497
num_solve_approx_unsat_calls = 208552
num_solve_conflicts = 218521
num_solve_decisions = 43006303
num_solve_propagations = 259869059
avg_solve_conflicts = 1
avg_solve_decisions = 67
avg_solve_propagations = 404
avg_solve_unsat_decisions = 0.456
stddev_solve_unsat_decisions = 2.424
num_added_cubes = 83998
num_subsumed_cubes = 78202
num_mic_down_calls = 82661
num_mic_down_good = 20951
num_added_ctgs = 5760
num_gc_frame = 402
num_reset = 67
num_try_blocking = 315311
get_bad_cube_time = 5.464
rec_block_cube_time = 43.595
propagate_forward_time = 37.647
generalize_model_time = 9.392
generalize_and_push_time = 37.989
ctg_time = 22.238
try_blocking_time = 71.327
reset_time = 2.065
clausify_time = 2.387
preprocess_time = 1.332
solve_time = 69.869
solve_sat_time = 53.110
solve_unsat_time = 16.759
prove_time = 88.485
memory_used_mb = 16
total_time = 88.597
Unsafe
