1
b0
0000000000000000000000000000000000000000000000000000000000000000000000000000000000000000000000000000000000000000000000000000000000000000000000000000000000000000000000000000000000000000000000
00000001000101010000001000100000000011111100000000000011100000000100100111100000000001110000000011000101010100xxx
000000010001010100000010001000000000111111000000000000111000000001001001111000000000011100000000110001010101000xx
01000001000101011110001000100000000011111100000000000011100000000100100111100000000001110000000011000101010100001
01000001000101011110001000100000000011111100000000000011100000000100100111100000000001110000000011000101010100001
00000001000101011110001000100000000011111100000000000011100000000100100111100000000001110000000011000101010100001
10000001000101011110001000100000000011111100000000000011100000000100100111100000000001110000000011000101010100001
11000001000101011110001000100000000011111100000000000011100000000100100111100000000001110000000011000101010100001
11000001000101011110001000100000000011111100000000000011100000000100100111100000000001110000000011000101010100001
00000001000101011110001000100000000011111100000000000011100000000100100111100000000001110000000011000101010100001
00000001000101011110001000100000000011111100000000000011100000000100100111100000000001110000000011000101010100001
00000001000101011110001000100000000011111100000000000011100000000100100111100000000001110000000011000101010100001
00000001000101011110001000100000000011111100000000000011100000000100100111100000000001110000000011000101010100001
00000011000101011110001000100000000011111100000000000011100000000100100111100000000001110000000011000101010100001
00000011000101011110001000100000000011111100000000000011100000000100100111100000000001110000000011000101010100001
10000011000101011110001000100000000011111100000000000011100000000100100111100000000001110000000011000101010100001
11000011000101011110001000100000000011111100000000000011100000000100100111100000000001110000000011000101010100001
11000011000101011110001000100000000011111100000000000011100000000100100111100000000001110000000011000101010100001
00000011000101011110001000100000000011111100000000000011100000000100100111100000000001110000000011000101010100001
00000011000101011110001000100000000011111100000000000011100000000100100111100000000001110000000011000101010100001
01000011000101011110001000100000000011111100000000000011100000000100100111100000000001110000000011000101010100001
01000011000101011110001000100000000011111100000000000011100000000100100111100000000001110000000011000101010100001
00000011000101011110001000100000000011111100000000000011100000000100100111100000000001110000000011000101010100001
00000011000101011110001000100000000011111100000000000011100000000100100111100000000001110000000011000101010100001
00000011000101011010001000100000000011111100000000000011100000000100100111100000000001110000000011000101010100001
00000011000101011000001000100000000011111100000000000011100000000100100111100000000001110000000011000101010100001
00000011000101011000001000100000000011111100000000000011100000000100100111100000000001110000000011000101010100001
00000011000101011000001000100000000011111100000000000011100000000100100111100000000001110000000011000101010100001
10000011000101011000001000100000000011111100000000000011100000000100100111100000000001110000000011000101010100001
11000011000101011000001000100000000011111100000000000011100000000100100111100000000001110000000011000101010100001
11000011000101011000001000100000000011111100000000000011100000000100100111100000000001110000000011000101010100001
00000011000101011000001000100000000011111100000000000011100000000100100111100000000001110000000011000101010100001
00000011000101011000001000100000000011111100000000000011100000000100100111100000000001110000000011000101010100001
00000011000101011000001000100000000011111100000000000011100000000100100111100000000001110000000011000101010100001
00000011000101011000001000100000000011111100000000000011100000000100100111100000000001110000000011000101010100001
00000011000101011000001000100000000011111100000000000011100000000100100111100000000001110000000011000101010100001
00000011000101011000001000100000000011111100000000000011100000000100100111100000000001110000000011000101010100001
10000011000101011000001000100000000011111100000000000011100000000100100111100000000001110000000011000101010100001
11000011000101011000001000100000000011111100000000000011100000000100100111100000000001110000000011000101010100001
11000011000101011000001000100000000011111100000000000011100000000100100111100000000001110000000011000101010100001
00000011000101011000001000100000000011111100000000000011100000000100100111100000000001110000000011000101010100001
10000011000101011000001000100000000011111100000000000011100000000100100111100000000001110000000011000101010100001
10000011000101011000001000100000000011111100000000000011100000000100100111100000000001110000000011000101010100000
10000011000101011000001000100000000011111100000000000011100000000100100111100000000001110000000011000101010100000
00000011000101011000001000100000000011111100000000000011100000000100100111100000000001110000000011000101010100000
00000011000101011000001000100000000011111100000000000011100000000100100111100000000001110000000011000101010100000
00000011000101011000001000100000000011111100000000000011100000000100100111100000000001110000000011000101010100000
00000011000101011000001000100000000011111100000000000011100000000100100111100000000001110000000011000101010100000
00000011000101011000001000100000000011111100000000000011100000000100100111100000000001110000000011000101010100000
00000011000101011000001000100000000011111100000000000011100000000100100111100000000001110000000011000101010100000
10000011000101011000001000100000000011111100000000000011100000000100100111100000000001110000000011000101010100000
11000011000101011000001000100000000011111100000000000011100000000100100111100000000001110000000011000101010100000
11000011000101011000001000100000000011111100000000000011100000000100100111100000000001110000000011000101010100000
00000011000101011000001000100000000011111100000000000011100000000100100111100000000001110000000011000101010100000
10000011000101011000001000100000000011111100000000000011100000000100100111100000000001110000000011000101010100000
10000011000101011000001000100000000011111100000000000011100000000100100111100000000001110000000011000101010100000
10000011000101011000001000100000000011111100000000000011100000000100100111100000000001110000000011000101010100000
00000011000101011000001000100000000011111100000000000011100000000100100111100000000001110000000011000101010100000
00000011000101011000001000100000000011111100000000000011100000000100100111100000000001110000000011000101010100000
00000011000101011000001000100000000011111100000000000011100000000100100111100000000001110000000011000101010100000
00000011000101011000001000100000000011111100000000000011100000000100100111100000000001110000000011000101010100000
00000011000101011000001000100000000011111100000000000011100000000100100111100000000001110000000011000101010100000
00000011000101011000001000100000000011111100000000000011100000000100100111100000000001110000000011000101010100000
10000011000101011000001000100000000011111100000000000011100000000100100111100000000001110000000011000101010100000
11000011000101011000001000100000000011111100000000000011100000000100100111100000000001110000000011000101010100000
11000011000101011000001000100000000011111100000000000011100000000100100111100000000001110000000011000101010100000
00000011000101011000001000100000000011111100000000000011100000000100100111100000000001110000000011000101010100000
00000011000101011000001000100000000011111100000000000011100000000100100111100000000001110000000011000101010100000
00000011000101011000001000100000000011111100000000000011100000000100100111100000000001110000000011000101010100000
00100011000101011000001000100000000011111100000000000011100000000100100111100000000001110000000011000101010100000
00000011000101011000001000100000000011111100000000000011100000000100100111100000000001110000000011000101010100000
10000011000101011000001000100000000011111100000000000011100000000100100111100000000001110000000011000101010100000
10000011000101011000001000100000000011111100000000000011100000000100100111100000000001110000000011000101010100000
10000011000101011000001000100000000011111100000000000011100000000100100111100000000001110000000011000101010100000
00000011000101011000001000100000000011111100000000000011100000000100100111100000000001110000000011000101010100000
00000011000101011000001000100000000011111100000000000011100000000100100111100000000001110000000011000101010100000
00000011000101011000001000100000000011111100000000000011100000000100100111100000000001110000000011000101010100000
00000011000101011000001000100000000011111100000000000011100000000100100111100000000001110000000011000101010100000
00000011000101011000001000100000000011111100000000000011100000000100100111100000000001110000000011000101010100000
00000011000101011100001000100000000011111100000000000011100000000100100111100000000001110000000011000101010100000
00000011000101011100001000100000000011111100000000000011100000000100100111100000000001110000000011000101010100000
00000011000101011100001000100000000011111100000000000011100000000100100111100000000001110000000011000101010100000
00000011000101011100001000100000000011111100000000000011100000000100100111100000000001110000000011000101010100000
00000011000101011100001000100000000011111100000000000011100000000100100111100000000001110000000011000101010100000
00000011000101010100001000100000000011111100000000000011100000000100100111100000000001110000000011000101010101000
00000011000101011100001000100000000011111100000000000011100000000100100111100000000001110000000011000101010100011
00000011000101011100001000100000000011111100000000000011100000000100100111100000000001110000000011000101010100011
00000011000101010100001000100000000011111100000000000011100000000100100111100000000001110000000011000101010100010
00000011000101010100001000100000000011111100000000000011100000000100100111100000000001110000000011000101010100010
00000011000101010100001000100000000011111100000000000011100000000100100111100000000001110000000011000101010100010
00000011000101010100001000100000000011111100000000000011100000000100100111100000000001110000000011000101010100010
01000011000101010100001000100000000011111100000000000011100000000100100111100000000001110000000011000101010100010
01000011000101010100001000100000000011111100000000000011100000000100100111100000000001110000000011000101010100010
00000011000101010100001000100000000011111100000000000011100000000100100111100000000001110000000011000101010100010
00000011000101010100001000100000000011111100000000000011100000000100100111100000000001110000000011000101010100010
00000011000101010100001000100000000011111100000000000011100000000100100111100000000001110000000011000101010100010
00000011000101010100001000100000000011111100000000000011100000000100100111100000000001110000000011000101010100010
00000011000101010100001000100000000011111100000000000011100000000100100111100000000001110000000011000101010100010
00000011000101010100001000100000000011111100000000000011100000000100100111100000000001110000000011000101010100010
00000011000101010100001000100000000011111100000000000011100000000100100111100000000001110000000011000101010100010
01000011000101010100001000100000000011111100000000000011100000000100100111100000000001110000000011000101010100010
01000011000101010100001000100000000011111100000000000011100000000100100111100000000001110000000011000101010100010
00000011010101010100001000100000000011111100000000000011100000000100100111100000000001110000000011000101010100010
00000011000101010100001000100000000011111100000000000011100000000100100111100000000001110000000011000101010100010
00000011000101010100001000100000000011111100000000000011100000000100100111100000000001110000000011000101010100010
00000011000101010100001000100000000011111100000000000011100000000100100111100000000001110000000011000101010100010
00000011000101010100001000100000000011111100000000000011100000000100100111100000000001110000000011000101010100010
00000011000101010100001000100000000011111100000000000011100000000100100111100000000001110000000011000101010100010
00000011000101000100001000100000000011111100000000000011100000000100100111100000000001110000000011000101010101000
00000011110111101110001000100000000011111100000000000011100000000100100111100000000001110000000011000101010100000
00000011011101000100001000100000000011111100000000000011100000000100100111100000000001110000000011000101010100000
00000011110111101110001000100000000011111100000000000011100000000100100111100000000001110000000011000101010100000
0000001100010101010000100010000000001111110000000000001110000000010010011110000000000111000000001100010101010x010
xxxxxxxxxxxxxxxxxxxxxxxxxxxxxxxxxxxxxxxxxxxxxxxxxxxxxxxxxxxxxxxxxxxxxxxxxxxxxxxxxxxxxxxxxxxxxxxxxxxxxxxxxxxxxx1xx
.
