initialized model with 190 latches, 113 inputs and 1 properties
tsim: performed 10 steps
tsim: found cycle from 8
checking bound 0
checking bound 1
checking bound 2
tdecomp: unrolling 2 cycles
tsim: performed 8 steps
tsim: found cycle from 6
tsim: found 1 constants and 0 latch equivalences
tdecomp: (190, 452) -> (189, 334)
   2 : 20 8
   3 : 20 5 3
   4 : 7 18 48 29
   5 : 7 18 48 11 21
   6 : 7 18 48 10 10 15
   7 : 7 18 48 10 24 25 57
   8 : 6 18 45 9 19 24 12 98
   9 : 6 18 45 9 19 24 11 17 88
  10 : 6 17 40 7 18 23 11 16 23 108
  11 : 6 17 41 8 12 17 18 14 16 33 203
  12 : 6 17 41 8 12 17 18 14 16 33 26 185
  13 : 6 17 41 8 12 17 18 14 16 33 22 29 200
 ... : 6 17 47 22 18 29 24 30 29 46 37 101 328
  14 : 6 15 42 21 20 24 17 19 17 35 33 49 36 298
  15 : 6 15 42 21 20 24 17 19 17 35 33 49 38 36 287
  16 : 6 15 42 21 20 24 17 19 17 35 33 49 38 34 27 268
  17 : 6 14 38 20 19 20 12 14 9 29 21 37 25 29 24 15 292
  18 : 6 14 38 20 19 20 13 15 9 35 23 21 31 19 24 36 36 411
 ... : 6 14 41 30 31 35 47 44 29 40 27 23 33 23 33 43 44 450
  19 : 4 9 28 24 17 21 30 23 19 27 17 11 11 21 16 13 5 18 410
  20 : 4 9 28 24 17 21 30 23 19 27 17 11 11 21 16 13 5 18 33 384
  21 : 4 9 28 24 17 21 30 23 19 27 17 11 11 21 16 13 5 18 34 27 367
  22 : 4 9 28 24 17 21 30 23 19 27 17 11 11 21 16 13 5 18 32 28 11 360
  23 : 4 9 28 24 17 21 30 23 19 27 17 11 11 21 16 13 5 18 31 26 20 23 373
 ... : 4 9 28 24 17 21 30 23 19 27 20 11 12 16 24 36 25 35 39 38 37 46 446
  24 : 4 9 25 19 14 21 19 17 15 27 24 12 9 10 12 26 23 52 41 59 47 47 49 520
  25 : 3 9 25 19 14 21 19 17 15 27 24 12 9 10 12 26 23 52 42 58 46 42 51 46 514
  26 : 3 9 25 19 14 21 19 17 15 27 24 12 9 10 12 26 23 52 42 58 46 42 51 57 67 507
  27 : 3 9 25 19 14 21 19 17 15 27 24 12 9 10 12 26 23 52 42 58 44 42 51 56 51 61 525
  28 : 3 9 25 19 14 21 19 17 15 27 24 18 12 11 15 30 30 60 44 57 48 38 46 49 49 78 74 552
  29 : 3 9 25 19 14 21 19 17 15 27 24 18 12 11 15 30 30 60 44 55 49 37 48 51 50 81 107 101 609
  30 : 3 9 25 19 14 21 19 17 15 27 24 18 12 11 15 30 30 60 44 55 49 37 47 51 48 81 96 139 97 686
  31 : 3 9 25 19 14 21 19 17 15 27 24 18 12 11 15 30 30 60 44 55 49 37 47 51 46 81 98 131 105 120 783
 ... : 3 9 25 19 14 21 19 17 15 27 24 18 12 10 15 30 30 60 49 62 54 45 55 57 54 89 109 141 112 158 845
  32 : 3 9 25 19 14 21 19 17 15 27 23 18 12 10 15 30 27 56 49 60 54 46 51 54 50 83 102 135 107 140 275 742
 ... : 3 9 25 19 14 21 19 17 15 27 23 18 12 10 15 30 27 56 50 61 55 46 56 65 59 99 119 149 121 147 355 859
 ... : 3 9 25 19 14 21 19 17 15 27 23 18 12 10 15 30 27 59 50 60 57 48 61 75 61 99 122 149 125 168 388 902
 ... : 3 9 25 19 14 21 19 17 15 27 23 18 12 10 15 35 28 76 71 73 62 61 70 81 65 105 127 155 132 170 407 956
  33 : 3 9 25 18 14 20 20 17 14 29 23 17 12 10 15 31 28 69 76 56 63 61 62 82 82 121 107 140 100 120 214 231 1115
  34 : 3 8 25 17 9 17 16 17 15 30 24 18 11 7 9 13 18 65 65 56 66 63 52 72 86 114 96 123 113 118 162 212 174 1241
  35 : 3 8 25 17 9 17 16 17 15 30 24 18 11 7 9 13 18 65 65 56 66 63 52 73 86 116 98 129 112 125 167 211 189 191 1181
  36 : 3 8 25 17 9 17 16 16 14 28 26 17 12 7 9 13 7 27 64 49 68 64 54 68 75 111 99 114 95 131 171 147 168 177 215 1221
  37 : 3 8 25 16 9 17 16 16 14 28 26 17 12 6 8 11 5 20 15 24 48 54 60 69 75 96 99 113 101 134 160 143 162 188 234 155 1248
  38 : 3 8 25 16 9 17 16 16 14 28 26 17 12 6 8 11 5 20 15 24 48 54 60 68 74 98 99 113 101 134 159 142 162 188 237 205 139 1277
  39 : 3 8 25 16 9 17 16 16 14 28 26 17 12 6 8 11 5 20 15 24 48 54 60 68 74 98 99 112 101 133 160 142 162 188 237 200 196 165 1287
  40 : 3 8 25 16 9 17 16 16 14 28 26 17 12 6 8 11 5 20 15 24 48 53 61 68 74 98 95 112 101 133 157 143 162 188 240 205 186 185 173 1320
  41 : 3 8 25 15 10 17 16 16 14 28 26 17 12 6 8 10 5 20 15 24 48 53 58 68 75 99 95 111 101 133 157 144 165 194 240 207 181 178 194 130 1415
  42 : 3 8 25 15 10 17 16 16 14 28 26 17 12 6 8 10 5 20 15 24 48 53 58 63 73 95 92 106 96 127 152 143 162 174 221 178 144 144 138 158 78 1720
  43 : 3 8 25 15 10 17 16 16 14 28 26 17 12 6 8 10 5 20 15 24 48 53 58 63 73 95 92 106 96 127 152 143 162 174 221 178 144 144 136 155 95 85 1736
  44 : 3 8 25 15 10 17 16 16 14 28 26 17 12 6 8 10 5 20 15 24 48 53 58 63 73 95 92 106 96 127 152 142 159 174 228 178 145 144 136 153 97 89 147 1674
 ... : 3 8 25 15 10 17 16 16 14 28 26 17 12 6 8 10 5 20 15 24 48 53 56 64 72 96 93 109 96 128 156 143 170 186 233 186 152 154 149 171 108 89 181 1777
 ... : 3 8 25 15 10 17 16 16 14 28 26 17 12 6 8 10 5 20 15 24 48 53 56 64 72 96 93 110 100 129 157 143 168 187 234 197 170 165 154 179 118 109 207 1821
  45 : 3 8 25 15 10 17 16 16 14 28 26 17 12 6 8 10 5 20 15 24 48 52 53 61 71 91 87 91 87 118 141 136 148 183 243 184 159 157 157 173 111 109 137 166 1803
  46 : 3 8 25 15 10 17 16 16 14 28 26 17 12 6 8 10 5 20 15 24 48 52 53 61 71 91 87 91 87 118 141 136 148 182 243 185 159 157 157 173 111 107 138 178 163 1701
  47 : 3 8 25 15 10 17 16 16 14 28 26 17 12 6 8 10 5 20 15 24 48 52 53 61 71 91 87 91 87 118 141 136 148 179 246 185 159 157 157 172 105 106 137 180 185 107 1777
  48 : 3 8 25 15 10 17 16 16 14 28 26 17 12 6 8 10 5 20 15 24 48 52 53 61 71 91 86 91 85 106 137 131 130 155 247 219 156 154 152 162 90 94 106 153 157 107 76 1788
  49 : 3 8 25 15 10 17 16 16 14 28 26 17 12 6 8 9 5 20 15 24 48 52 53 61 70 88 86 92 86 105 137 131 130 147 247 215 151 145 156 154 86 87 106 156 160 111 95 59 1871
 ... : 3 8 25 15 10 17 16 16 14 28 26 17 12 6 8 9 5 20 15 24 48 52 53 63 69 86 84 96 92 115 144 138 134 157 256 219 154 150 159 155 93 89 106 156 160 111 95 85 1963
  50 : 3 8 25 15 10 17 16 16 14 28 26 17 12 6 8 9 5 20 15 24 48 52 53 60 68 87 82 91 89 111 141 133 132 154 252 216 157 146 156 152 86 88 111 159 153 109 89 68 59 1968
  51 : 3 8 25 15 10 17 16 16 14 28 26 17 12 6 8 9 5 20 15 24 48 52 52 60 68 87 82 91 89 111 141 133 132 154 252 216 157 146 156 152 86 88 111 159 153 109 89 68 59 30 1961
  52 : 3 8 25 15 10 17 16 16 14 28 26 17 12 6 8 9 5 20 15 24 48 52 52 60 68 87 82 91 89 111 141 133 132 154 252 216 157 146 155 152 86 88 112 159 153 109 89 68 59 27 24 1952
 ... : 3 8 25 15 10 17 16 16 14 28 26 17 12 6 8 9 5 20 15 24 48 52 52 60 68 87 82 91 89 111 141 133 132 154 252 216 158 148 159 156 89 91 118 158 157 112 92 71 58 26 25 1972
 ... : 3 8 25 15 10 17 16 16 14 28 26 17 12 7 8 8 7 24 18 26 49 52 54 63 69 91 84 92 89 111 141 133 132 154 254 219 171 154 162 161 90 91 120 158 161 110 92 71 59 28 27 1977
 ... : 3 8 25 15 10 17 16 16 14 29 25 18 14 9 10 9 7 24 14 28 50 52 56 52 48 73 63 72 67 94 125 121 114 134 253 219 172 154 162 161 90 91 120 158 161 110 92 71 59 28 27 1978
  53 : 3 8 25 14 10 16 12 16 11 19 13 17 21 8 11 9 4 5 5 5 4 20 20 20 29 37 33 35 22 27 38 55 51 56 112 86 71 79 93 109 59 74 108 151 140 105 73 55 48 47 28 31 2003
  54 : 3 8 25 14 10 16 12 16 11 19 13 17 21 8 11 9 4 5 5 5 4 20 20 20 29 37 33 35 22 27 38 55 51 56 112 86 71 79 93 109 58 74 101 142 142 109 80 59 48 47 28 34 25 2016
  55 : 3 8 25 14 10 16 12 16 11 19 13 17 21 8 11 9 4 5 5 5 4 20 20 20 29 37 33 35 22 27 38 55 51 56 112 86 71 79 93 109 58 74 101 142 142 109 80 59 48 47 28 33 28 36 2003
  56 : 3 8 25 14 10 16 12 16 11 19 13 17 21 8 11 9 4 5 5 5 4 20 20 20 29 37 33 35 22 27 38 55 51 56 112 86 71 79 93 109 58 74 101 142 142 109 80 59 48 47 28 32 27 32 21 2007
  57 : 3 8 25 14 10 16 12 16 11 19 13 17 21 8 11 9 4 5 5 5 4 20 20 20 29 37 33 35 22 27 38 55 51 56 112 86 71 79 93 109 58 74 101 142 142 109 80 59 48 47 28 32 27 32 9 21 2009
  58 : 3 8 25 14 10 16 12 16 11 19 13 17 21 8 11 9 4 5 5 5 4 20 20 20 29 37 33 35 22 27 38 55 51 56 112 86 71 79 93 109 59 75 101 146 149 110 78 64 49 46 28 30 23 22 12 20 19 2019
  59 : 3 8 25 14 10 16 12 16 11 19 13 17 21 8 11 9 4 5 5 5 4 20 20 20 29 37 33 35 22 27 38 55 51 56 112 85 70 79 92 109 59 75 101 146 147 112 79 65 52 48 27 31 29 21 15 16 20 38 2056
 ... : 3 8 25 14 10 16 12 16 11 19 13 17 21 8 11 9 4 5 5 5 4 20 20 20 29 37 33 35 22 27 38 55 51 58 112 87 72 80 95 109 58 73 84 132 150 115 79 70 64 46 27 36 35 26 19 18 23 41 2073
  60 : 3 8 25 14 10 16 12 16 11 19 13 17 21 8 11 9 4 5 5 5 4 20 20 20 29 37 33 35 22 27 38 55 51 53 103 89 75 79 67 74 33 61 82 99 114 95 92 65 47 45 34 24 28 28 20 16 18 30 20 2087
  61 : 3 8 25 14 10 16 12 16 11 19 13 17 21 8 11 8 4 5 5 5 4 20 20 20 29 38 33 35 22 27 38 55 51 53 101 84 75 78 66 62 32 56 77 94 116 96 89 60 38 29 22 24 20 20 20 27 34 31 16 16 2102
  62 : 3 8 25 14 10 16 12 16 11 19 13 17 21 8 11 8 4 5 5 5 4 20 20 20 29 37 33 35 22 27 38 55 51 53 101 84 75 78 66 62 32 56 77 93 116 96 89 67 39 32 25 27 22 21 22 26 30 22 15 13 26 2091
  63 : 3 8 25 14 10 16 12 16 11 19 13 17 21 8 11 8 4 5 5 5 4 20 20 20 29 37 33 35 22 27 38 55 51 53 101 84 75 78 66 62 32 56 77 93 116 96 89 67 39 32 25 27 22 21 22 26 30 22 15 13 18 18 2089
  64 : 3 8 25 14 10 16 12 16 11 19 13 17 21 8 11 8 4 5 5 5 4 20 20 20 29 37 33 35 22 27 38 55 51 53 101 84 75 78 66 61 32 56 77 93 116 96 89 67 40 32 25 27 22 21 22 26 30 22 14 12 17 12 19 2083
  65 : 3 8 25 14 10 16 12 16 11 19 13 17 21 8 11 8 4 5 5 5 4 20 20 20 29 37 33 35 22 27 38 55 51 53 101 84 75 78 66 61 32 56 77 93 116 96 89 67 40 32 25 27 22 21 22 26 30 22 14 12 17 12 18 23 2077
  66 : 3 8 25 14 10 16 12 16 11 19 13 17 21 8 11 8 4 5 5 5 4 20 20 20 29 37 33 35 22 27 38 55 51 53 101 84 75 78 66 61 32 56 77 93 116 96 89 67 40 32 25 27 22 21 22 26 30 22 14 12 17 12 18 23 14 2082
  67 : 3 8 25 14 10 16 12 16 11 19 13 17 21 8 11 8 4 5 5 5 4 20 20 20 29 37 33 35 22 27 38 55 51 53 101 84 75 78 66 61 32 56 77 93 116 96 89 67 40 32 27 27 21 20 20 21 33 22 15 15 13 9 17 24 7 25 2096
  68 : 3 8 25 14 10 16 12 16 11 19 13 17 21 8 11 8 4 5 5 5 4 20 20 20 29 37 33 35 22 27 38 55 51 53 101 84 75 78 66 61 32 56 75 93 116 92 91 68 42 32 28 35 23 25 21 24 39 25 20 18 18 11 17 26 10 22 20 2102
  69 : 3 8 25 14 10 16 12 16 11 19 13 17 21 8 11 8 4 5 5 5 4 20 20 20 29 37 33 35 22 27 38 55 51 53 101 84 75 78 66 61 32 56 75 93 116 92 91 68 42 32 28 35 23 25 21 24 39 25 20 18 18 11 17 26 10 22 20 17 2095
 ... : 3 8 25 14 10 16 12 16 11 19 13 17 21 8 11 8 4 5 5 5 4 20 20 20 29 37 33 35 22 27 38 54 53 59 103 88 81 79 66 61 32 56 75 92 116 95 93 74 45 37 32 40 31 34 25 26 46 32 41 28 21 12 18 27 11 23 21 19 2123
 ... : 3 8 25 14 10 16 12 16 11 19 13 17 21 8 11 8 4 5 5 5 4 20 20 20 29 37 33 35 22 27 38 54 53 57 104 89 83 80 67 62 34 57 80 97 120 99 97 77 48 43 38 46 37 41 27 28 49 34 44 31 21 13 18 27 11 23 21 19 2124
 ... : 3 8 25 14 10 16 12 16 11 19 13 17 21 8 11 8 4 5 5 5 4 20 20 20 29 37 33 36 25 27 39 56 53 55 101 89 82 81 70 64 37 56 82 99 122 104 100 82 52 44 41 47 38 41 27 28 49 34 44 31 21 13 18 27 11 23 21 19 2129
 ... : 3 8 25 14 10 16 12 16 11 19 13 17 21 8 11 8 4 5 5 5 4 20 20 20 29 37 33 36 25 27 39 56 53 55 101 88 82 83 67 63 34 56 77 98 127 101 100 84 57 51 45 55 43 43 27 28 49 34 44 31 21 13 18 27 11 23 21 19 2130
 ... : 3 8 25 14 10 16 12 16 11 19 13 17 21 8 11 8 4 5 5 5 4 20 20 20 29 37 33 36 25 27 39 56 53 55 102 89 84 88 69 64 40 65 84 101 130 102 100 84 57 51 45 55 44 43 27 28 51 34 34 33 25 16 26 33 16 27 27 20 2148
 ... : 3 8 25 14 10 16 12 16 11 19 13 17 21 8 11 8 4 5 5 5 4 20 20 20 29 37 33 36 25 27 39 56 53 55 102 89 83 86 68 64 35 60 81 98 122 99 96 78 52 44 37 40 42 44 27 31 51 36 37 36 28 17 27 33 16 27 27 20 2150
 ... : 3 8 25 14 10 16 12 16 11 19 13 17 21 8 11 8 4 5 5 5 4 20 20 20 29 37 33 36 25 27 39 56 53 55 102 89 82 86 68 63 34 61 82 96 121 103 102 80 51 47 40 43 40 49 30 33 53 36 37 36 28 17 27 33 16 27 27 20 2154
  70 : 3 8 25 14 10 16 12 16 11 19 13 17 21 8 11 8 4 5 5 5 4 20 20 20 29 37 33 33 23 29 39 53 30 32 58 64 78 71 78 62 36 35 62 95 113 71 97 80 61 34 37 36 43 31 22 26 46 43 28 30 26 19 22 36 24 28 16 20 18 2166
 ... : 3 8 25 14 10 16 12 16 11 19 13 17 21 9 12 8 4 5 5 5 4 21 23 22 30 39 34 34 26 30 43 56 31 30 57 65 65 61 80 63 36 35 64 97 113 71 97 80 61 35 37 36 43 32 22 26 46 43 28 30 26 19 24 40 26 31 17 20 18 2176
 ... : 3 8 25 14 10 16 12 16 11 19 15 18 24 11 12 9 5 7 6 4 5 22 23 23 30 38 33 33 28 29 41 55 32 33 61 72 67 63 84 71 38 38 66 100 117 74 99 81 61 35 37 36 43 32 22 26 46 43 28 30 26 19 24 40 26 31 17 20 18 2179
 ... : 3 8 25 14 10 16 12 16 11 19 15 18 24 11 12 12 8 8 9 8 9 24 25 24 30 38 33 33 28 30 41 55 32 32 61 71 66 62 87 71 44 42 69 106 121 76 100 88 68 37 38 37 43 32 22 26 46 43 28 30 26 19 24 40 26 31 17 20 18 2183
 ... : 3 8 25 14 10 16 12 16 11 19 15 18 24 11 12 12 8 8 9 8 9 24 25 24 30 38 33 33 28 30 41 55 32 31 60 69 65 62 86 70 42 38 69 107 123 79 104 99 74 42 45 45 48 34 26 29 48 43 28 30 26 19 24 40 26 31 17 20 18 2185
  71 : 3 8 25 14 10 16 12 16 11 19 12 15 11 13 21 9 8 12 11 5 6 12 19 20 27 33 31 30 23 24 33 47 27 25 32 41 40 30 59 44 37 23 45 47 51 52 61 55 56 42 31 38 48 37 36 25 31 30 33 42 33 19 24 37 24 32 17 19 18 22 2155
 ... : 3 8 25 14 10 16 12 16 11 19 12 15 11 13 21 9 8 12 11 5 6 12 19 20 27 33 31 30 23 24 33 47 27 25 32 41 40 30 59 44 37 23 45 47 51 52 61 55 57 36 25 30 28 41 43 35 42 37 37 48 40 24 26 38 26 34 18 20 20 28 2184
 ... : 3 8 24 14 10 15 12 15 10 19 12 15 11 13 19 9 9 11 12 7 7 13 20 22 29 34 33 32 23 24 32 47 27 24 29 37 37 29 52 41 35 20 44 49 54 54 63 56 58 36 25 30 28 40 43 35 43 37 36 50 40 26 27 38 26 34 18 20 20 28 2183
 ... : 3 8 24 17 14 18 13 15 10 19 12 15 11 13 19 9 9 11 13 9 10 15 22 24 32 39 34 32 24 25 32 47 27 23 30 37 37 29 52 41 36 21 41 48 52 49 57 54 58 37 26 31 30 42 43 37 45 38 37 51 40 26 27 38 26 34 18 20 20 28 2184
 ... : 3 8 24 17 14 18 13 15 10 19 12 15 11 13 19 9 9 11 13 9 10 15 22 24 32 39 35 33 25 26 32 47 27 23 30 37 37 29 52 41 36 21 41 48 52 49 57 54 58 37 25 27 26 36 37 29 42 40 33 56 46 33 31 41 28 34 18 20 20 28 2188
 ... : 3 8 24 17 14 18 13 15 10 19 12 16 13 14 21 11 9 11 13 8 11 15 22 22 34 39 35 32 27 27 32 49 31 23 32 39 37 29 52 41 37 21 41 48 52 49 55 51 51 35 25 28 28 37 37 29 42 40 33 56 46 33 31 41 28 34 18 20 20 28 2188
tdecomp: completing cex trace with 2 initial steps
seqsimpl: completing cex trace with simulation
num_solve_calls = 926832
num_solve_sat_calls = 322781
num_solve_unsat_calls = 30381
num_solve_approx_calls = 466234
num_solve_approx_unsat_calls = 278791
num_solve_conflicts = 262417
num_solve_decisions = 63669553
num_solve_propagations = 369882991
avg_solve_conflicts = 1
avg_solve_decisions = 69
avg_solve_propagations = 400
avg_solve_unsat_decisions = 0.442
stddev_solve_unsat_decisions = 1.342
num_added_cubes = 109025
num_subsumed_cubes = 104845
num_mic_down_calls = 116494
num_mic_down_good = 26191
num_added_ctgs = 7552
num_gc_frame = 753
num_reset = 95
num_try_blocking = 430810
get_bad_cube_time = 4.623
rec_block_cube_time = 70.159
propagate_forward_time = 41.997
generalize_model_time = 14.927
generalize_and_push_time = 61.500
ctg_time = 33.681
try_blocking_time = 99.141
reset_time = 2.769
clausify_time = 2.711
preprocess_time = 1.801
solve_time = 93.497
solve_sat_time = 70.467
solve_unsat_time = 23.029
prove_time = 118.600
memory_used_mb = 15
total_time = 118.710
Unsafe
