initialized model with 193 latches, 40 inputs and 1 properties
tsim: performed 10 steps
tsim: found cycle from 8
tsim: found 100 constants and 0 latch equivalences
seqsimpl: (193, 40) -> (93, 40)
checking bound 0
checking bound 1
checking bound 2
tdecomp: unrolling 2 cycles
tsim: reached all X state
tsim: performed 7 steps
tdecomp: no improvement found, reverting original model
   2 : 13 29
   3 : 19 16 26
   4 : 19 26 15 28
   5 : 19 26 23 30 21
   6 : 19 26 23 34 13 22
   7 : 19 26 23 34 31 11 26
   8 : 19 26 26 39 34 34 23 21
   9 : 19 26 26 39 34 34 36 18 20
  10 : 19 26 26 39 34 33 39 41 28 22
  11 : 19 26 26 39 34 33 39 41 63 43 33
  12 : 19 26 26 39 34 33 39 41 69 97 59 40
  13 : 19 26 26 39 34 33 39 41 71 115 141 88 60
  14 : 19 26 26 39 34 33 40 41 71 118 145 142 86 59
 ... : 19 26 26 40 41 53 72 85 121 158 191 194 116 80
  15 : 19 26 26 40 40 52 65 83 113 150 204 208 219 132 55
 ... : 19 26 26 40 40 54 73 101 137 180 259 266 268 254 123
 ... : 19 26 26 40 40 54 73 105 142 187 266 292 294 312 180
  16 : 19 26 26 40 40 54 70 102 145 177 237 256 272 298 161 59
 ... : 19 26 26 40 40 55 80 123 190 219 274 300 284 303 204 88
 ... : 19 26 26 40 40 64 92 146 226 237 288 310 358 405 320 120
 ... : 19 26 26 40 40 65 95 150 255 291 348 351 399 433 394 163
 ... : 19 26 26 40 40 65 96 159 265 307 371 379 423 480 572 255
  17 : 19 26 26 40 40 63 83 132 203 265 316 330 413 449 509 203 158
 ... : 19 26 26 40 40 65 88 137 207 271 321 339 425 453 532 389 225
  18 : 19 26 26 40 39 66 87 134 188 253 303 318 393 427 485 414 218 238
 ... : 19 26 26 40 39 66 87 134 188 253 303 318 393 440 500 437 431 327
  19 : 19 26 26 40 39 66 87 134 188 252 300 318 394 433 478 405 418 248 245
 ... : 19 26 26 40 39 66 87 134 188 252 300 318 391 447 517 451 493 449 301
 ... : 19 26 26 40 39 66 87 134 188 252 301 317 402 466 551 471 503 554 346
 ... : 19 26 26 40 39 66 87 134 188 252 300 316 402 473 554 491 533 620 376
  20 : 19 26 26 40 39 66 87 134 188 252 298 310 364 426 519 471 524 496 258 276
 ... : 19 26 26 40 39 66 87 134 188 252 298 310 364 426 523 503 593 542 485 366
  21 : 19 26 26 40 39 66 87 133 187 251 293 309 361 422 513 499 589 564 591 257 295
 ... : 19 26 26 40 39 66 87 133 187 251 293 309 361 430 536 529 609 590 624 326 331
 ... : 19 26 26 40 39 66 87 133 187 251 293 309 361 429 529 528 607 591 634 518 408
 ... : 19 26 26 40 39 66 87 133 187 251 293 311 364 439 570 580 674 651 702 594 427
 ... : 19 26 26 40 39 66 87 133 187 251 293 311 364 439 584 608 700 688 748 768 486
  22 : 19 26 26 40 39 66 87 133 187 251 293 311 350 437 569 572 635 584 617 625 373 462
 ... : 19 26 26 40 39 66 87 133 187 251 293 311 350 437 569 576 639 594 642 661 541 533
 ... : 19 26 26 40 39 66 87 133 187 251 293 312 353 446 575 600 685 642 697 717 567 538
 ... : 19 26 26 40 39 66 87 133 187 251 293 312 353 446 575 600 686 655 710 750 662 603
 ... : 19 26 26 40 39 66 87 133 187 251 293 312 353 446 576 609 697 686 761 796 746 636
  23 : 19 26 26 40 39 66 87 133 187 251 292 304 352 431 558 586 652 665 712 783 643 385 527
 ... : 19 26 26 40 39 66 87 133 187 251 292 304 352 431 558 586 652 670 732 821 708 527 583
 ... : 19 26 26 40 39 66 87 133 187 251 292 304 352 431 558 586 654 674 746 873 780 692 646
  24 : 19 26 26 40 39 66 87 133 187 251 292 304 352 431 558 586 655 675 746 873 776 709 387 494
 ... : 19 26 26 40 39 66 87 133 187 251 292 304 352 431 556 584 653 673 743 858 770 730 559 580
 ... : 19 26 26 40 39 66 87 133 187 251 292 304 352 431 556 584 653 672 750 870 787 767 726 634
 ... : 19 26 26 40 39 66 87 133 187 251 292 304 352 431 556 584 654 675 768 920 830 812 788 666
  25 : 19 26 26 40 39 66 87 133 187 251 292 304 352 427 551 580 651 669 750 897 809 782 594 415 530
 ... : 19 26 26 40 39 66 87 133 187 251 292 304 352 427 551 580 651 669 750 899 809 796 635 578 615
 ... : 19 26 26 40 39 66 87 133 187 251 292 304 352 427 550 584 656 677 759 913 825 833 686 682 660
 ... : 19 26 26 40 39 66 87 133 187 251 292 304 352 427 559 594 668 703 778 927 872 898 763 772 684
  26 : 19 26 26 40 39 66 87 133 187 251 289 305 343 423 553 588 663 687 754 930 873 891 720 620 351 710
 ... : 19 26 26 40 39 66 87 133 187 251 289 305 343 423 553 588 663 687 754 929 873 894 739 655 504 821
 ... : 19 26 26 40 39 66 87 133 187 251 289 305 343 423 553 588 663 687 759 934 886 915 748 684 628 878
  27 : 19 26 26 40 39 66 87 133 187 251 289 305 343 423 553 587 660 669 756 913 877 896 756 669 568 341 732
 ... : 19 26 26 40 39 66 87 133 191 266 305 305 345 429 563 597 680 685 774 927 885 901 767 674 575 357 741
 ... : 19 26 26 40 39 66 92 139 190 278 306 312 347 440 590 620 702 698 781 932 901 919 768 676 578 367 751
 ... : 19 26 26 40 39 66 92 139 190 278 306 312 347 440 588 621 705 712 790 946 907 928 782 704 621 435 780
 ... : 19 26 26 40 39 66 92 139 190 278 306 312 347 440 588 621 705 712 789 947 920 954 820 726 661 511 815
 ... : 19 26 26 40 39 66 92 139 190 278 306 312 347 440 588 621 706 717 812 958 927 960 842 743 676 549 829
 ... : 19 26 26 40 39 66 92 139 198 271 322 317 355 449 607 638 720 717 811 960 927 962 844 750 699 589 845
 ... : 19 26 26 40 39 66 92 139 198 271 322 317 355 452 613 642 729 737 836 1008 983 979 845 750 698 596 847
 ... : 19 26 26 40 39 66 92 139 198 271 322 317 355 452 613 642 730 736 836 1007 984 985 865 753 705 674 865
 ... : 19 26 26 40 39 66 92 139 198 271 322 317 355 452 613 642 730 736 836 1007 984 983 865 776 733 822 983
 ... : 19 26 26 40 39 66 92 139 198 271 322 317 355 452 613 642 730 736 840 1020 1007 1006 894 805 758 926 1031
 ... : 19 26 26 40 39 68 92 139 209 279 343 350 391 468 629 674 778 774 862 1043 1016 1012 895 805 758 934 1038
 ... : 19 26 26 40 39 68 92 139 209 279 343 350 391 468 629 674 781 777 865 1050 1043 1063 930 843 791 1020 1073
 ... : 19 26 26 40 39 68 92 139 209 279 343 350 391 468 630 674 783 782 881 1063 1062 1088 967 868 834 1073 1103
  28 : 19 26 26 40 39 68 90 134 199 264 330 332 365 429 555 585 695 697 764 860 858 951 818 710 723 667 542 1402
 ... : 19 26 26 40 39 68 90 134 199 264 330 332 365 429 555 585 695 697 764 860 858 953 824 724 750 716 681 1468
 ... : 19 26 26 40 39 68 90 134 199 264 330 332 365 429 555 585 695 697 765 861 859 956 830 722 757 733 788 1522
 ... : 19 26 26 40 39 68 90 134 199 264 330 332 365 429 555 585 695 697 765 861 859 957 834 742 776 749 837 1600
  29 : 19 26 26 40 39 68 90 134 199 264 330 332 365 429 555 585 695 697 763 858 851 953 819 717 724 684 682 479 1452
 ... : 19 26 26 40 39 68 90 134 199 264 330 332 365 429 555 585 695 697 763 858 858 965 825 721 733 675 683 541 1521
 ... : 19 26 26 40 39 68 90 143 203 271 349 362 372 438 570 589 696 705 765 858 861 970 825 722 736 682 706 576 1548
 ... : 19 26 26 40 39 68 90 143 203 271 348 361 380 452 593 651 762 737 785 870 873 978 839 741 757 689 720 590 1563
 ... : 19 26 26 40 39 68 91 142 205 275 353 384 399 455 596 668 779 748 787 869 879 982 844 747 763 702 737 633 1589
 ... : 19 26 26 40 39 68 91 142 205 275 353 384 398 472 616 686 793 767 802 909 932 1036 877 772 772 711 748 640 1604
 ... : 19 26 26 40 39 68 91 142 205 275 353 384 398 472 616 686 793 767 801 907 941 1047 888 792 791 741 771 693 1641
 ... : 19 26 26 40 39 68 91 142 205 275 353 384 398 472 616 686 793 767 804 916 953 1085 930 807 823 780 825 758 1659
 ... : 19 26 26 40 39 68 91 142 205 275 353 384 402 477 629 704 814 799 827 950 967 1094 939 810 823 780 837 804 1697
 ... : 19 26 26 40 39 68 91 142 205 275 353 384 402 477 629 704 818 818 851 977 1008 1154 989 852 834 786 843 808 1708
 ... : 19 26 26 40 39 68 91 142 205 275 353 384 402 477 629 704 817 818 851 976 1016 1158 997 869 881 843 916 911 1764
 ... : 19 26 26 40 39 68 91 142 205 275 353 384 402 477 629 704 817 817 850 976 1019 1161 1001 868 885 849 932 985 1826
 ... : 19 26 26 40 39 68 94 153 221 278 354 389 405 479 637 710 824 819 848 976 1019 1166 1017 881 895 851 946 1013 1847
 ... : 19 26 26 40 39 68 94 153 223 295 363 399 416 500 651 730 851 862 891 1012 1049 1201 1039 887 895 851 947 1013 1866
 ... : 19 26 26 40 39 68 94 153 223 295 363 399 416 499 651 730 851 867 894 1014 1060 1199 1058 912 922 869 965 1055 1904
 ... : 19 26 26 40 39 68 94 153 223 295 363 399 416 499 651 730 850 867 906 1028 1081 1231 1078 940 969 910 991 1080 1915
 ... : 19 26 26 40 39 68 94 153 223 295 363 399 418 500 651 730 868 885 926 1065 1102 1244 1098 963 993 923 1003 1100 1937
 ... : 19 26 26 40 39 68 94 153 223 295 363 399 418 500 651 730 868 885 926 1064 1101 1244 1098 962 1009 967 1048 1170 1990
  30 : 19 26 26 40 39 68 94 151 217 280 326 360 406 476 593 678 842 827 873 970 940 1187 969 820 895 792 892 736 592 2432
 ... : 19 26 26 40 39 68 94 151 217 280 326 360 406 476 593 678 842 827 873 970 940 1187 969 821 897 796 913 776 670 2481
 ... : 19 26 26 40 39 68 94 151 217 280 326 360 406 476 593 678 842 827 873 970 940 1187 969 820 893 798 917 791 745 2517
 ... : 19 26 26 40 39 68 94 151 217 280 326 360 406 476 593 680 845 836 877 978 941 1192 988 835 899 814 921 815 799 2552
 ... : 19 26 26 40 39 68 94 151 217 280 326 360 406 476 597 687 849 867 906 1004 959 1206 1011 845 907 826 931 825 811 2551
 ... : 19 26 26 40 39 68 94 151 218 281 329 362 406 477 598 689 857 876 910 1005 970 1220 1026 851 911 826 932 842 866 2564
  31 : 19 26 26 40 39 68 94 151 218 279 322 356 406 474 596 680 839 844 851 957 929 1159 990 817 808 703 791 785 530 394 2760
 ... : 19 26 26 40 39 68 94 151 218 279 322 356 406 474 596 680 839 844 851 957 929 1159 990 817 811 706 792 799 571 474 2817
  32 : 19 26 26 40 39 68 94 151 218 279 322 356 406 472 583 670 835 848 851 956 924 1151 988 811 774 683 741 790 492 394 300 2799
 ... : 19 26 26 40 39 68 94 151 218 279 322 356 406 472 583 670 835 848 851 956 924 1155 993 819 780 690 748 799 499 408 344 2836
 ... : 19 26 26 40 39 68 94 151 218 279 322 356 406 472 583 670 835 847 851 956 925 1157 992 819 783 697 758 801 507 422 383 2879
 ... : 19 26 26 40 39 68 94 151 218 279 322 356 406 472 583 670 835 847 851 956 925 1157 992 819 782 698 760 809 518 436 417 2925
  33 : 19 26 26 40 39 68 94 151 218 279 322 356 406 472 583 670 834 837 839 940 912 1154 972 780 769 692 706 725 455 395 291 265 2913
 ... : 19 26 26 40 39 68 94 151 218 279 322 356 406 472 583 670 834 837 839 940 912 1154 972 780 769 692 708 724 454 403 296 296 3000
  34 : 19 26 26 40 39 68 94 151 218 279 322 356 406 472 583 669 835 837 839 937 913 1155 972 780 767 684 704 723 444 376 273 205 234 2981
 ... : 19 26 26 40 39 68 94 151 218 279 322 356 406 472 583 669 835 837 839 937 913 1155 972 780 767 684 707 730 452 384 282 214 258 3023
 ... : 19 26 26 40 39 68 94 151 218 279 322 356 406 472 583 669 835 837 839 937 913 1158 984 791 778 699 713 737 458 387 282 216 294 3053
 ... : 19 26 26 40 39 68 94 151 218 279 322 356 406 472 583 669 835 837 839 936 913 1159 985 793 779 702 721 752 467 391 312 251 343 3090
 ... : 19 26 26 40 39 68 94 151 218 279 322 356 406 472 583 669 835 837 839 936 916 1161 985 791 790 716 733 771 477 401 316 255 353 3105
  35 : 19 26 26 40 39 68 94 151 218 279 322 356 406 472 583 669 835 837 838 935 913 1153 967 782 787 697 707 755 414 326 278 241 225 254 3232
 ... : 19 26 26 40 39 68 94 151 218 279 322 356 406 472 583 669 835 837 838 935 913 1153 967 782 787 700 708 755 414 324 286 253 241 276 3263
 ... : 19 26 26 40 39 68 94 151 218 279 322 356 406 472 583 669 835 837 838 935 913 1153 967 782 788 703 710 762 422 329 294 258 246 290 3314
  36 : 19 26 26 40 39 68 94 151 218 279 322 356 406 472 583 669 835 837 838 935 911 1154 967 766 758 685 678 691 411 312 252 231 192 237 299 3292
 ... : 19 26 26 40 39 68 94 151 218 279 322 356 406 472 583 669 835 837 838 935 911 1156 968 768 757 686 682 692 415 313 256 234 196 246 316 3308
 ... : 19 26 26 40 39 68 94 151 218 279 322 356 406 472 583 669 835 837 838 935 911 1156 968 768 757 686 682 691 420 319 260 237 201 256 348 3344
 ... : 19 26 26 40 39 68 94 151 218 279 322 356 406 472 583 669 835 837 838 935 911 1156 968 768 761 702 695 699 427 325 267 239 205 258 351 3355
  37 : 19 26 26 40 39 68 94 151 218 279 322 356 406 472 583 669 835 837 837 935 911 1154 965 763 760 697 680 659 388 301 244 207 172 180 199 240 3476
 ... : 19 26 26 40 39 68 94 151 218 279 322 356 406 472 583 669 835 837 837 935 911 1154 965 767 763 713 683 659 392 304 245 207 176 183 202 275 3499
 ... : 19 26 26 40 39 68 94 151 218 279 322 356 406 472 583 669 835 837 837 935 911 1154 965 767 763 713 682 660 394 304 249 212 184 193 208 289 3548
 ... : 19 26 26 40 39 68 94 151 218 279 322 356 406 472 583 669 835 837 837 935 911 1154 965 767 763 713 684 661 395 301 258 216 192 205 223 308 3591
  38 : 19 26 26 40 39 68 94 151 218 279 322 356 406 472 583 669 835 837 837 935 910 1147 964 765 762 693 665 637 363 244 184 143 150 174 199 247 382 3541
 ... : 19 26 26 40 39 68 94 151 218 279 322 356 406 472 583 669 835 837 837 935 910 1147 964 764 760 692 662 636 363 244 184 143 150 185 204 251 415 3589
 ... : 19 26 26 40 39 68 94 151 218 279 322 356 406 472 583 669 835 837 837 935 910 1147 964 764 760 692 662 636 363 249 186 144 154 192 208 255 426 3628
  39 : 19 26 26 40 39 68 94 151 218 279 322 356 406 472 583 669 834 833 837 934 910 1142 964 748 718 658 645 603 331 239 172 134 130 160 172 228 324 487 3458
 ... : 19 26 26 40 39 68 94 151 218 279 322 356 406 472 583 669 834 833 837 934 910 1142 964 748 718 658 649 608 342 253 182 146 143 173 184 240 339 542 3496
 ... : 19 26 26 40 39 68 94 151 218 279 322 356 406 472 583 669 834 833 837 934 910 1142 964 748 718 658 649 607 343 254 181 147 142 182 190 245 344 581 3544
 ... : 19 26 26 40 39 68 94 151 218 279 322 356 406 472 583 669 834 833 837 934 910 1142 964 748 718 658 650 608 346 259 184 151 140 183 194 248 355 600 3566
  40 : 19 26 26 40 39 68 94 151 218 279 322 356 406 471 584 669 834 833 837 934 909 1142 960 736 691 615 646 564 319 253 177 128 124 165 169 218 264 357 851 3231
  41 : 19 26 26 40 39 68 94 151 218 279 322 356 404 462 572 650 817 821 808 892 862 1108 926 711 652 566 583 539 298 232 135 87 84 134 132 175 198 268 524 970 3002
 ... : 19 26 26 40 39 68 94 151 218 279 322 356 404 462 572 650 817 821 808 892 862 1108 926 711 652 566 583 539 297 232 135 86 84 135 135 178 206 285 542 1038 3049
 ... : 19 26 26 40 39 68 94 151 218 279 322 356 404 462 572 650 817 821 808 892 862 1108 926 711 652 566 583 539 297 232 135 86 84 135 135 178 206 286 542 1087 3108
 ... : 19 26 26 40 39 68 94 151 218 279 322 356 404 462 572 650 817 821 808 892 861 1107 926 711 652 563 578 532 292 233 139 87 85 138 137 180 206 287 542 1095 3118
 ... : 19 26 26 40 39 68 94 151 218 279 322 356 404 462 572 650 817 821 808 892 861 1107 926 711 652 563 578 532 290 230 136 90 87 139 138 181 211 291 541 1119 3131
  42 : 19 26 26 40 39 68 94 151 218 279 322 356 404 462 571 649 816 816 803 880 845 1092 906 669 585 466 512 510 277 206 118 75 68 115 103 142 122 181 298 399 567 3859
 ... : 19 26 26 40 39 68 94 151 218 279 322 356 404 462 571 649 816 816 803 880 845 1092 906 669 585 466 512 510 280 208 118 76 72 116 104 142 121 186 304 405 609 3938
 ... : 19 26 26 40 39 68 94 151 218 279 322 356 404 462 571 649 816 816 803 880 845 1092 905 669 585 465 506 500 273 208 118 77 71 116 102 140 118 185 293 399 629 3931
  43 : 19 26 26 40 39 68 94 151 218 279 322 356 404 462 571 648 816 817 803 880 843 1085 900 666 583 453 460 391 215 159 87 57 52 79 78 107 86 151 199 310 385 875 3600
  44 : 19 26 26 40 39 68 94 151 218 279 322 356 404 462 571 648 816 817 803 879 843 1085 900 666 583 453 460 391 215 159 87 57 52 79 78 107 86 151 199 308 371 689 932 2928
 ... : 19 26 26 40 39 68 94 151 218 279 322 356 404 462 571 648 816 817 803 879 843 1085 900 665 583 453 460 391 215 159 87 57 52 79 78 107 86 151 199 308 377 699 1021 3019
  45 : 19 26 26 40 39 68 94 151 218 279 322 356 404 462 571 648 816 817 802 877 841 1087 900 663 571 448 455 387 215 154 84 57 48 77 77 107 83 151 185 293 349 616 681 953 2554
 ... : 19 26 26 40 39 68 94 151 218 279 322 356 404 462 571 648 816 817 802 877 841 1087 900 663 571 448 455 387 215 154 84 57 48 77 77 107 84 151 187 298 354 621 698 1045 2621
 ... : 19 26 26 40 39 68 94 151 218 279 322 356 404 462 570 648 816 817 802 877 841 1087 900 663 571 448 455 387 215 154 84 57 48 77 77 109 87 153 188 296 359 633 712 1090 2679
  46 : 19 26 26 40 39 68 94 151 217 277 321 356 402 463 569 645 816 818 797 871 838 1088 888 652 563 436 445 373 207 149 77 52 39 60 72 106 95 157 187 239 263 458 612 773 862 2572
 ... : 19 26 26 40 39 68 94 151 217 277 321 356 402 463 569 645 816 818 797 871 838 1088 887 652 562 436 445 373 207 149 77 52 39 60 72 106 95 157 187 237 271 483 647 831 1093 2670
  47 : 19 26 26 40 39 68 94 151 217 277 321 356 402 463 567 637 815 820 796 872 836 1086 889 652 562 435 445 372 207 149 77 52 37 60 72 106 95 157 187 223 202 311 412 570 784 993 2722
 ... : 19 26 26 40 39 68 94 151 217 277 321 356 402 463 567 637 815 820 796 872 836 1086 889 652 562 435 445 372 207 149 77 52 37 60 72 106 95 157 187 223 203 317 412 576 798 1069 2795
 ... : 19 26 26 40 39 68 94 151 217 277 321 356 402 463 567 637 815 820 796 872 835 1085 889 652 562 435 445 372 207 149 77 52 37 60 72 106 92 155 188 224 204 318 420 585 822 1095 2832
  48 : 19 26 26 40 39 68 94 151 217 277 321 356 402 463 566 638 815 820 796 872 834 1083 887 650 562 433 445 372 208 149 75 52 39 60 70 101 79 145 178 192 188 261 360 546 726 764 842 2709
 ... : 19 26 26 40 39 68 94 151 217 277 321 356 402 463 566 638 815 820 796 871 834 1083 886 650 562 433 445 372 208 149 75 52 39 60 70 101 79 145 178 192 190 264 367 554 744 810 965 2772
 ... : 19 26 26 40 39 68 94 151 217 277 321 356 402 463 566 638 815 820 796 871 834 1083 886 650 562 433 445 372 208 149 75 52 39 60 70 101 79 145 178 192 190 266 370 558 759 869 1094 2841
  49 : 19 26 26 40 39 68 94 151 217 277 321 356 402 460 566 633 813 822 798 870 834 1078 880 648 562 433 445 372 208 150 75 52 39 61 70 101 79 144 176 184 172 196 298 406 459 537 473 815 3280
 ... : 19 26 26 40 39 68 94 151 217 277 321 356 402 460 566 633 813 822 798 870 834 1078 880 648 562 433 445 372 208 150 75 52 39 61 70 101 79 144 176 184 171 196 298 405 460 535 478 909 3393
  50 : 19 26 26 40 39 68 94 151 217 277 321 356 402 459 561 627 806 817 795 871 834 1079 877 643 568 431 437 368 207 152 75 52 39 61 68 97 78 150 177 183 168 192 276 373 421 461 426 544 728 3209
 ... : 19 26 26 40 39 68 94 151 217 277 321 356 402 459 561 627 806 817 795 871 834 1079 877 643 568 431 437 368 207 152 75 52 39 61 68 97 78 150 177 183 168 192 276 372 427 470 441 569 815 3278
  51 : 19 26 26 40 39 68 94 151 217 277 321 356 402 458 562 627 806 815 792 868 833 1080 875 644 568 431 438 360 200 142 76 49 49 63 68 92 77 141 152 152 124 129 156 165 178 232 208 257 350 625 4196
 ... : 19 26 26 40 39 68 94 151 217 277 321 356 402 458 562 627 806 815 792 868 833 1080 875 644 568 431 438 360 200 142 76 49 49 63 68 92 77 141 152 152 124 127 159 169 180 235 209 256 352 651 4261
  52 : 19 26 26 40 39 68 94 151 217 277 321 356 402 458 562 627 806 814 792 867 828 1072 871 641 570 431 436 360 199 144 76 49 49 63 68 92 77 141 152 150 117 109 150 158 173 228 185 190 236 361 704 4097
 ... : 19 26 26 40 39 68 94 151 217 277 321 356 402 458 562 627 806 814 792 867 828 1072 871 641 570 431 436 360 199 144 76 49 49 63 68 91 77 141 152 150 117 109 150 156 172 232 193 199 251 369 723 4123
  53 : 19 26 26 40 39 68 94 151 217 277 321 356 402 458 562 627 806 814 792 867 828 1072 871 640 569 431 436 358 197 142 75 49 49 63 68 91 77 135 149 152 117 109 149 152 152 221 177 186 233 323 614 1391 2959
  54 : 19 26 26 40 39 68 94 151 217 277 321 356 402 458 562 627 806 814 791 867 828 1072 871 640 569 431 436 358 197 142 75 49 49 63 68 91 77 135 149 152 111 106 144 152 147 209 167 167 222 308 573 1053 1635 1896
 ... : 19 26 26 40 39 68 94 151 217 277 321 356 402 458 562 627 806 814 791 867 828 1072 871 640 569 431 436 358 197 142 75 49 49 63 68 91 77 135 149 152 111 106 144 152 147 209 168 167 217 305 571 1101 1805 1990
  55 : 19 26 26 40 39 68 94 151 217 277 321 356 402 458 562 627 806 814 790 866 827 1072 871 640 565 429 438 359 197 142 75 49 49 63 68 91 77 135 148 152 109 102 143 151 142 202 159 159 168 234 257 328 532 1259 3150
  56 : 19 26 26 40 39 68 94 151 217 277 321 356 402 458 562 627 806 814 790 866 827 1070 871 638 565 428 441 359 197 139 75 49 49 63 68 91 77 135 148 152 109 102 143 151 137 194 149 156 156 194 286 326 476 685 972 2953
 ... : 19 26 26 40 39 68 94 151 217 277 321 356 402 458 562 627 806 814 790 866 827 1070 871 638 565 428 441 359 197 139 75 49 49 63 68 91 77 135 148 152 109 102 143 151 137 194 151 158 160 196 293 334 484 695 1032 3019
  57 : 19 26 26 40 39 68 94 151 217 277 321 356 402 458 562 627 806 814 790 866 827 1070 871 638 565 427 436 356 198 139 72 48 49 59 66 92 76 129 142 150 112 104 141 152 137 192 153 155 157 190 290 323 475 678 958 1153 2009
  58 : 19 26 26 40 39 68 94 151 217 277 321 356 402 458 562 626 803 810 787 864 827 1065 867 639 564 424 432 352 193 139 72 48 49 59 66 92 76 129 142 151 113 107 140 151 137 192 153 155 157 190 290 321 472 653 861 873 802 1973
 ... : 19 26 26 40 39 68 94 151 217 277 321 356 402 458 562 626 803 810 787 864 827 1065 867 639 564 424 432 352 193 139 72 48 49 59 66 92 76 129 142 151 113 107 140 151 137 192 153 155 157 190 291 322 472 657 877 917 1013 2074
 ... : 19 26 26 40 39 68 94 151 217 277 321 356 402 458 562 626 803 810 787 864 827 1065 865 637 563 424 432 352 193 139 72 48 49 59 66 92 76 129 142 151 113 107 140 151 138 192 151 154 157 194 294 331 479 674 897 935 1060 2104
 ... : 19 26 26 40 39 68 94 151 217 277 321 356 402 458 562 626 803 810 787 864 827 1065 865 637 563 424 432 352 193 139 72 48 49 59 66 92 76 129 142 151 113 107 140 151 137 192 150 154 157 193 293 329 490 680 911 953 1121 2161
 ... : 19 26 26 40 39 68 94 151 217 277 321 356 402 458 562 626 803 810 787 864 826 1064 864 637 563 424 432 352 193 139 72 48 49 59 66 92 76 129 142 151 113 107 140 150 134 186 147 155 162 204 303 343 513 693 927 977 1162 2174
  59 : 19 26 26 40 39 68 94 151 217 277 321 355 401 455 557 627 804 810 787 864 825 1063 863 635 559 422 435 351 195 138 72 48 49 59 66 92 75 129 142 146 107 103 143 137 120 178 123 117 135 152 214 226 328 359 469 616 612 806 3332
 ... : 19 26 26 40 39 68 94 151 217 277 321 355 401 455 557 627 804 810 787 864 825 1063 863 635 559 422 435 351 195 138 72 48 49 59 66 92 75 129 142 146 107 103 143 137 120 178 123 117 135 152 216 231 342 372 481 635 635 892 3386
  60 : 19 26 26 40 39 68 94 151 217 277 321 355 401 455 557 627 803 810 788 864 825 1063 861 635 560 422 435 351 195 138 72 48 49 59 66 92 75 129 142 146 107 103 143 136 118 178 123 117 133 152 215 215 312 324 357 470 485 543 970 3195
 ... : 19 26 26 40 39 68 94 151 217 277 321 355 401 455 557 627 803 810 788 864 825 1063 861 635 560 422 435 351 195 138 72 48 49 59 66 92 75 129 142 146 107 103 143 136 118 178 123 117 133 154 216 216 314 329 354 471 492 553 1020 3246
  61 : 19 26 26 40 39 68 94 151 217 277 321 355 401 455 557 627 803 810 788 864 825 1063 861 635 560 422 435 351 195 138 72 48 49 59 66 92 74 127 142 146 107 103 142 135 117 178 123 116 132 150 203 191 254 291 277 294 335 349 717 799 3450
 ... : 19 26 26 40 39 68 94 151 217 277 321 355 401 455 557 627 803 810 788 864 825 1063 861 635 560 422 435 351 195 138 72 48 49 59 66 92 74 127 142 146 107 103 142 135 117 178 123 116 132 150 203 196 260 297 280 303 343 360 719 845 3504
  62 : 19 26 26 40 39 68 94 151 217 277 321 355 401 455 557 627 803 810 788 864 825 1063 859 633 558 421 432 349 195 137 70 49 50 59 66 92 74 127 145 149 108 103 142 135 117 179 123 116 132 150 203 188 252 298 278 294 341 346 711 610 1079 2758
 ... : 19 26 26 40 39 68 94 151 217 277 321 355 401 455 557 627 803 810 788 864 825 1063 859 633 558 421 432 349 195 137 70 49 50 59 66 92 74 127 145 149 108 103 142 135 117 179 123 116 132 150 203 188 252 297 278 290 342 341 713 613 1100 2838
 ... : 19 26 26 40 39 68 94 151 217 277 321 355 401 455 557 627 803 810 788 864 825 1063 859 633 558 421 432 349 195 137 70 49 50 59 66 92 74 127 145 149 108 103 142 135 117 179 123 116 132 150 202 187 255 300 279 296 344 348 722 620 1118 2857
  63 : 19 26 26 40 39 68 94 151 217 277 321 355 401 455 557 627 803 810 788 863 826 1062 859 630 556 420 431 348 195 137 70 49 50 59 64 92 74 127 145 151 108 103 139 132 114 178 120 112 120 155 207 182 238 296 255 259 315 274 402 482 667 919 2999
 ... : 19 26 26 40 39 68 94 151 217 277 321 355 401 455 557 627 803 810 788 863 826 1062 859 630 556 420 431 348 195 137 70 49 50 59 64 92 74 127 145 151 108 103 139 132 114 179 121 112 118 157 210 186 243 302 256 260 315 274 404 485 674 973 3076
  64 : 19 26 26 40 39 68 94 151 217 277 321 355 401 455 557 627 803 810 788 863 826 1062 859 630 554 417 431 345 195 137 70 49 50 59 64 92 74 127 145 151 108 103 139 132 114 174 117 107 115 137 183 173 227 307 264 259 312 269 406 482 613 651 841 2732
 ... : 19 26 26 40 39 68 94 151 217 277 321 355 401 455 557 627 803 810 788 863 826 1062 859 630 554 417 431 345 195 137 70 49 50 59 64 92 74 127 145 151 108 103 139 132 114 174 117 107 115 137 183 173 227 307 264 259 312 268 406 485 622 674 935 2792
 ... : 19 26 26 40 39 68 94 151 217 277 321 355 401 455 557 627 803 810 788 862 826 1062 859 630 554 417 431 345 195 137 70 49 50 59 64 92 74 127 145 151 108 103 139 132 114 174 117 107 115 137 183 173 227 307 264 259 307 270 417 500 640 704 1003 2847
 ... : 19 26 26 40 39 68 94 151 217 277 321 355 401 455 557 627 803 810 788 862 826 1062 859 630 554 417 431 345 195 137 70 49 50 59 64 92 74 127 145 151 108 103 139 132 114 174 117 107 115 137 183 176 230 309 267 264 315 273 419 511 656 725 1042 2883
  65 : 19 26 26 40 39 68 94 151 217 277 321 355 401 455 557 623 802 814 789 857 825 1057 854 626 551 415 418 330 187 139 71 50 50 59 64 92 74 127 146 152 110 103 138 132 114 173 117 107 115 138 169 181 215 298 263 251 300 265 360 416 456 550 626 866 2990
 ... : 19 26 26 40 39 68 94 151 217 277 321 355 401 455 557 622 802 814 789 857 825 1057 854 625 551 414 418 330 187 139 71 50 50 59 64 92 74 124 145 151 109 102 137 131 114 173 117 107 115 138 169 181 214 297 262 250 299 265 362 419 458 564 640 953 3061
 ... : 19 26 26 40 39 68 94 151 217 277 321 355 401 455 557 622 802 814 789 857 825 1057 854 625 551 414 418 330 187 139 71 50 50 59 64 92 74 124 145 151 109 102 137 131 114 173 117 107 115 138 169 181 214 297 262 250 298 272 377 437 476 588 679 995 3080
 ... : 19 26 26 40 39 68 94 151 217 277 321 355 401 455 557 622 802 814 789 857 825 1057 854 625 551 414 418 330 187 139 71 50 50 59 64 92 74 124 145 151 109 102 137 128 114 173 117 107 115 138 169 181 214 297 262 250 297 273 376 440 486 603 703 1034 3111
  66 : 19 26 26 40 39 68 94 151 217 277 321 355 400 454 557 620 800 812 787 852 820 1055 852 620 532 397 408 328 183 134 70 52 50 59 65 92 75 120 135 143 102 93 129 129 111 176 118 106 111 133 167 181 214 300 245 245 289 245 314 336 355 459 543 646 1076 2984
 ... : 19 26 26 40 39 68 94 151 217 277 321 355 400 454 557 620 800 812 787 852 820 1055 852 620 532 396 408 328 183 134 70 52 50 59 65 92 75 120 135 143 102 93 129 129 111 176 118 106 111 133 167 181 214 300 244 245 289 245 314 337 357 459 547 658 1150 3041
  67 : 19 26 26 40 39 68 94 151 217 277 321 355 400 454 557 620 800 812 787 849 810 1034 853 608 524 387 406 325 182 132 70 52 50 59 65 91 76 120 135 143 100 93 128 129 112 175 118 106 111 133 167 180 214 294 242 235 281 241 304 322 336 444 414 508 529 801 3301
 ... : 19 26 26 40 39 68 94 151 217 277 321 355 400 454 557 620 800 812 787 849 810 1034 853 608 524 387 406 325 181 130 70 52 50 59 65 91 76 120 135 143 100 93 128 129 112 175 118 106 111 133 167 180 214 293 242 235 281 241 304 323 336 447 426 525 548 875 3355
 ... : 19 26 26 40 39 68 94 151 217 277 321 355 400 454 557 620 800 812 787 849 810 1034 853 608 524 387 406 325 181 130 70 52 50 59 65 91 76 120 135 143 100 93 128 129 112 175 118 106 111 133 167 180 214 293 242 235 281 241 306 332 348 455 436 531 561 908 3396
  68 : 19 26 26 40 39 68 94 151 217 277 321 355 400 454 557 620 800 812 786 847 807 1031 852 606 519 379 400 321 179 127 69 52 51 59 65 91 75 120 135 143 100 93 128 126 113 176 120 107 111 133 167 180 214 293 241 236 283 236 300 323 318 427 374 452 511 581 1097 2815
 ... : 19 26 26 40 39 68 94 151 217 277 321 355 400 454 557 620 800 812 786 847 807 1031 852 606 519 379 400 321 179 127 69 52 51 59 65 91 75 120 135 143 100 93 128 126 113 176 120 107 111 133 167 180 214 293 241 236 283 236 299 323 319 424 376 454 513 598 1262 2910
 ... : 19 26 26 40 39 68 94 151 217 277 321 355 400 454 557 620 800 812 786 847 807 1031 852 606 519 379 400 321 179 127 69 52 51 59 65 91 75 120 135 143 100 93 128 126 113 176 120 109 113 135 172 188 218 301 251 252 301 257 319 337 330 433 378 457 519 601 1269 2918
  69 : 19 26 26 40 39 68 94 151 217 277 321 355 399 453 551 620 790 802 781 844 796 1031 855 602 519 377 402 321 180 127 69 52 51 59 65 89 71 119 135 143 100 93 127 126 114 176 120 103 105 118 164 185 198 248 251 236 286 254 216 251 225 230 301 415 498 446 579 742 3545
 ... : 19 26 26 40 39 68 94 151 217 277 321 355 399 453 551 620 790 802 781 844 796 1030 853 602 519 377 402 321 180 127 69 52 51 59 65 89 71 119 135 143 100 93 127 126 114 176 120 103 105 118 164 185 198 248 251 236 286 254 216 250 226 230 301 411 498 460 602 799 3581
 ... : 19 26 26 40 39 68 94 151 217 277 321 355 399 453 551 620 790 802 781 844 796 1030 853 602 519 377 402 321 180 127 69 52 51 59 65 89 71 119 135 143 100 92 126 126 114 176 120 103 105 118 164 185 198 248 251 236 286 254 216 250 226 230 300 406 497 469 631 866 3627
 ... : 19 26 26 40 39 68 94 151 217 277 321 355 399 453 551 620 790 802 781 844 796 1030 853 602 519 377 402 321 180 127 69 52 51 59 65 89 71 119 135 143 100 92 126 126 114 176 120 103 105 118 164 185 198 248 251 236 286 254 216 251 226 235 302 405 498 470 637 907 3669
  70 : 19 26 26 40 39 68 94 151 217 277 321 355 399 453 551 620 789 802 779 844 789 1027 842 581 503 353 388 316 176 129 71 53 50 60 65 89 71 118 135 143 97 89 126 126 113 175 120 106 105 118 164 185 196 246 249 236 285 252 212 237 225 226 282 349 319 341 463 540 644 3902
 ... : 19 26 26 40 39 68 94 151 217 277 321 355 399 453 551 620 789 802 779 844 789 1027 842 580 503 352 388 316 176 129 71 53 50 60 65 89 71 118 135 143 97 89 126 126 113 175 120 106 105 118 164 185 196 246 249 236 285 252 212 237 225 227 279 343 309 343 469 559 728 3954
 ... : 19 26 26 40 39 68 94 151 217 277 321 355 399 453 551 620 789 802 779 844 789 1027 842 580 503 351 388 316 176 129 71 53 50 60 65 89 71 118 135 143 97 89 126 126 113 175 120 106 105 118 164 185 196 246 249 236 285 252 213 238 227 232 282 355 312 355 483 580 767 3977
 ... : 19 26 26 40 39 68 94 151 217 277 321 355 399 453 551 620 789 802 779 844 789 1027 842 580 503 351 388 316 176 129 71 53 50 60 65 89 71 118 135 143 97 89 126 126 113 175 120 106 105 118 164 185 196 246 249 236 285 252 213 236 225 235 279 353 317 358 490 591 815 4014
  71 : 19 26 26 40 39 68 94 151 217 277 321 355 399 453 551 620 789 802 778 844 788 1019 837 578 501 349 387 316 175 129 70 53 47 56 64 90 71 118 134 143 90 89 126 126 113 176 119 106 105 118 164 187 195 244 245 233 283 250 212 233 216 200 228 292 266 279 383 470 458 746 4008
