initialized model with 147 latches, 70 inputs and 1 properties
tsim: performed 10 steps
tsim: found cycle from 8
tsim: found 35 constants and 0 latch equivalences
seqsimpl: (147, 70) -> (112, 70)
checking bound 0
checking bound 1
checking bound 2
tdecomp: unrolling 2 cycles
tsim: reached all X state
tsim: performed 7 steps
tdecomp: no improvement found, reverting original model
   2 : 22 7
   3 : 33 31 11
   4 : 33 39 20 11
   5 : 33 39 75 41 13
   6 : 33 39 75 122 61 14
   7 : 33 39 75 122 192 81 16
   8 : 33 39 75 122 191 357 125 29
   9 : 33 39 75 122 190 356 581 210 30
 ... : 33 39 75 122 190 356 581 882 237
  10 : 33 39 75 122 189 357 576 1012 316 70
 ... : 33 39 75 122 190 364 585 1008 1014 237
  11 : 33 39 70 119 192 364 585 997 1246 356 107
 ... : 33 39 70 119 192 364 586 1001 1261 1203 260
  12 : 33 39 70 118 194 358 583 1004 1248 1361 301 195
 ... : 33 39 70 118 194 358 583 1010 1255 1408 1251 318
  13 : 33 39 70 118 194 358 583 1008 1250 1403 1261 199 262
  14 : 33 39 69 119 194 354 574 1007 1249 1406 1271 1057 189 256
  15 : 33 39 69 119 194 354 574 1007 1248 1406 1285 1081 1181 201 267
seqsimpl: completing cex trace with simulation
num_solve_calls = 968696
num_solve_sat_calls = 292604
num_solve_unsat_calls = 103463
num_solve_approx_calls = 229081
num_solve_approx_unsat_calls = 123939
num_solve_conflicts = 337088
num_solve_decisions = 14450950
num_solve_propagations = 256914379
avg_solve_conflicts = 1
avg_solve_decisions = 15
avg_solve_propagations = 266
avg_solve_unsat_decisions = 0.357
stddev_solve_unsat_decisions = 1.377
num_added_cubes = 12148
num_subsumed_cubes = 2535
num_mic_down_calls = 228119
num_mic_down_good = 101457
num_added_ctgs = 8192
num_gc_frame = 18
num_reset = 86
num_try_blocking = 400716
get_bad_cube_time = 6.059
rec_block_cube_time = 122.122
propagate_forward_time = 22.301
generalize_model_time = 17.359
generalize_and_push_time = 114.710
ctg_time = 75.015
try_blocking_time = 135.920
reset_time = 6.286
clausify_time = 1.045
preprocess_time = 5.339
solve_time = 131.650
solve_sat_time = 104.405
solve_unsat_time = 27.245
prove_time = 150.821
memory_used_mb = 16
total_time = 150.887
Unsafe
