initialized model with 228 latches, 259 inputs and 1 properties
tsim: performed 3 steps
tsim: found cycle from 1
checking bound 0
checking bound 1
checking bound 2
tdecomp: unrolling 2 cycles
tsim: performed 2 steps
tsim: found cycle from 0
tsim: found 1 constants and 0 latch equivalences
tdecomp: (228, 1036) -> (227, 744)
   2 : 5 0
   3 : 16 7 6
   4 : 16 20 4 22
   5 : 16 20 5 3 22
   6 : 16 20 5 4 3 20
   7 : 16 20 5 4 3 2 21
   8 : 16 20 5 4 3 3 2 20
   9 : 16 20 5 4 3 3 2 2 25
  10 : 16 20 5 4 3 3 2 2 2 23
  11 : 16 20 5 4 3 3 2 2 2 7 16
  12 : 16 20 5 4 3 3 2 2 2 4 2 23
  13 : 16 20 5 4 3 3 2 2 2 4 4 4 20
  14 : 16 20 5 4 3 3 2 2 2 4 4 3 4 20
  15 : 16 20 5 4 3 3 2 2 2 4 4 3 2 4 20
  16 : 16 20 5 4 3 3 2 2 2 4 4 3 2 4 3 19
  17 : 16 20 5 4 3 3 2 2 2 4 4 3 2 4 3 3 16
  18 : 16 20 5 4 3 3 2 2 2 4 4 3 2 4 3 2 4 19
  19 : 16 20 5 4 3 3 2 2 2 4 4 3 2 4 3 2 2 2 21
  20 : 16 20 5 4 3 3 2 2 2 4 4 3 2 4 3 2 2 2 3 19
  21 : 16 20 5 4 3 3 2 2 2 4 4 3 2 4 3 2 2 2 2 3 19
  22 : 16 20 5 4 3 3 2 2 2 4 4 3 2 4 3 2 2 2 2 3 2 19
  23 : 16 20 5 4 3 3 2 2 2 4 4 3 2 4 3 2 2 2 2 3 3 2 22
  24 : 16 20 5 4 3 3 2 2 2 4 4 3 2 4 3 2 2 2 2 3 3 2 2 21
  25 : 16 20 5 4 3 3 2 2 2 4 4 3 2 4 3 2 2 2 2 3 3 2 2 2 21
  26 : 16 20 5 4 3 3 2 2 2 4 4 3 2 4 3 2 2 2 2 3 3 2 2 2 2 21
  27 : 16 20 5 4 3 3 2 2 2 4 4 3 2 4 3 2 2 2 2 3 3 2 2 2 3 2 22
  28 : 16 20 5 4 3 3 2 2 2 4 4 3 2 4 3 2 2 2 2 3 3 2 2 2 3 2 2 37
  29 : 16 20 5 4 3 3 2 2 2 3 2 2 2 4 3 2 2 2 2 3 3 2 2 2 3 2 3 1 40
  30 : 16 20 5 4 3 3 2 2 2 3 2 2 2 4 3 2 2 2 2 3 3 2 2 2 3 2 3 1 1 40
  31 : 16 20 5 4 3 3 2 2 2 3 2 2 2 4 3 2 2 2 2 3 3 2 2 2 3 2 3 1 1 1 44
  32 : 16 20 5 4 3 3 2 2 2 3 2 2 2 4 3 2 2 2 2 3 3 2 2 2 3 2 3 1 1 1 1 43
  33 : 16 20 5 4 3 3 2 2 2 3 2 2 2 4 3 2 2 2 2 3 3 2 2 2 3 2 3 1 1 1 1 1 42
  34 : 16 20 5 4 3 3 2 2 2 3 2 2 2 4 3 2 2 2 2 3 3 2 2 2 3 2 3 1 1 1 1 1 1 41
  35 : 16 20 5 4 3 3 2 2 2 3 2 2 2 4 3 2 2 2 2 3 3 2 2 2 3 2 3 1 1 1 1 1 1 1 40
  36 : 16 20 5 4 3 3 2 2 2 3 2 2 2 4 3 2 2 2 2 3 3 2 2 2 3 2 3 1 1 1 1 1 1 1 1 42
  37 : 16 20 5 4 3 3 2 2 2 3 2 2 2 4 3 2 2 2 2 3 3 2 2 2 3 2 3 1 1 1 1 1 1 1 1 1 41
  38 : 16 20 5 4 3 3 2 2 2 3 2 2 2 4 3 2 2 2 2 3 3 2 2 2 3 2 3 1 1 1 1 1 1 1 1 1 1 40
  39 : 16 20 5 4 3 3 2 2 2 3 2 2 2 4 3 2 2 2 2 3 3 2 2 2 3 2 3 1 1 1 1 1 1 1 1 1 1 1 40
  40 : 16 20 5 4 3 3 2 2 2 3 2 2 2 4 3 2 2 2 2 3 3 2 2 2 3 2 3 1 1 1 1 1 1 1 1 1 1 1 1 40
  41 : 16 20 5 4 3 3 2 2 2 3 2 2 2 4 3 2 2 2 2 3 3 2 2 2 3 2 3 1 1 1 1 1 1 1 1 1 1 1 1 1 40
  42 : 16 20 5 4 3 3 2 2 2 3 2 2 2 4 3 2 2 2 2 3 3 2 2 2 3 2 3 1 1 1 1 1 1 1 1 1 1 1 1 1 1 41
  43 : 16 20 5 4 3 3 2 2 2 3 2 2 2 4 3 2 2 2 2 3 3 2 2 2 3 2 3 1 1 1 1 1 1 1 1 1 1 1 1 1 1 1 40
  44 : 16 20 5 4 3 3 2 2 2 3 2 2 2 4 3 2 2 2 2 3 3 2 2 2 3 2 3 1 1 1 1 1 1 1 1 1 1 1 1 1 1 1 1 40
  45 : 16 20 5 4 3 3 2 2 2 3 2 2 2 4 3 2 2 2 2 3 3 2 2 2 3 2 3 1 1 1 1 1 1 1 1 1 1 1 1 1 1 1 1 1 40
  46 : 16 20 5 4 3 3 2 2 2 3 2 2 2 4 3 2 2 2 2 3 3 2 2 2 3 2 3 1 1 1 1 1 1 1 1 1 1 1 1 1 1 1 1 1 1 40
  47 : 16 20 5 4 3 3 2 2 2 3 2 2 2 4 3 2 2 2 2 3 3 2 2 2 3 2 3 1 1 1 1 1 1 1 1 1 1 1 1 1 1 1 1 1 1 1 40
  48 : 16 20 5 4 3 3 2 2 2 3 2 2 2 4 3 2 2 2 2 3 3 2 2 2 3 2 3 1 1 1 1 1 1 1 1 1 1 1 1 1 1 1 1 1 1 1 1 40
  49 : 16 20 5 4 3 3 2 2 2 3 2 2 2 4 3 2 2 2 2 3 3 2 2 2 3 2 3 1 1 1 1 1 1 1 1 1 1 1 1 1 1 1 1 1 1 1 1 1 40
  50 : 16 20 5 4 3 3 2 2 2 3 2 2 2 4 3 2 2 2 2 3 3 2 2 2 3 2 3 1 1 1 1 1 1 1 1 1 1 1 1 1 1 1 1 1 1 1 1 1 1 40
  51 : 16 20 5 4 3 3 2 2 2 3 2 2 2 4 3 2 2 2 2 3 3 2 2 2 3 2 3 1 1 1 1 1 1 1 1 1 1 1 1 1 1 1 1 1 1 1 1 1 1 1 40
  52 : 16 20 5 4 3 3 2 2 2 3 2 2 2 4 3 2 2 2 2 3 3 2 2 2 3 2 3 1 1 1 1 1 1 1 1 1 1 1 1 1 1 1 1 1 1 1 1 1 1 1 1 40
  53 : 16 20 5 4 3 3 2 2 2 3 2 2 2 4 3 2 2 2 2 3 3 2 2 2 3 2 3 1 1 1 1 1 1 1 1 1 1 1 1 1 1 1 1 1 1 1 1 1 1 1 1 1 40
  54 : 16 20 5 4 3 3 2 2 2 3 2 2 2 4 3 2 2 2 2 3 3 2 2 2 3 2 3 1 1 1 1 1 1 1 1 1 1 1 1 1 1 1 1 1 1 1 1 1 1 1 1 1 1 40
  55 : 16 20 5 4 3 3 2 2 2 3 2 2 2 4 3 2 2 2 2 3 3 2 2 2 3 2 3 1 1 1 1 1 1 1 1 1 1 1 1 1 1 1 1 1 1 1 1 1 1 1 1 1 1 1 41
  56 : 16 20 5 4 3 3 2 2 2 3 2 2 2 4 3 2 2 2 2 3 3 2 2 2 3 2 3 1 1 1 1 1 1 1 1 1 1 1 1 1 1 1 1 1 1 1 1 1 1 1 1 1 1 1 1 41
 ... : 16 20 5 4 3 3 2 2 2 3 2 2 2 4 3 2 2 2 2 3 3 2 2 2 3 3 3 2 1 1 1 1 1 1 1 1 2 1 1 2 2 1 1 2 3 2 1 1 2 2 1 1 1 1 1 56
 ... : 16 24 28 13 8 7 8 4 4 3 3 3 2 5 4 2 2 3 2 3 3 2 2 2 3 3 3 2 2 1 2 3 2 3 2 2 3 3 2 2 1 2 3 2 3 2 1 1 2 2 1 1 1 1 1 70
 ... : 16 24 28 13 8 7 9 4 5 5 6 5 8 9 7 9 12 15 12 13 9 11 14 11 13 12 17 17 22 62 10 5 3 3 2 2 3 3 2 2 1 2 3 2 16 6 4 1 2 2 1 1 1 1 2 243
 ... : 16 24 28 13 8 7 9 4 8 8 10 6 7 12 7 10 13 14 13 13 11 10 14 10 16 12 18 17 22 62 8 8 11 9 13 6 3 3 4 4 3 5 5 6 15 8 4 1 2 2 1 1 1 1 2 283
tdecomp: completing cex trace with 2 initial steps
seqsimpl: completing cex trace with simulation
num_solve_calls = 121684
num_solve_sat_calls = 43184
num_solve_unsat_calls = 12250
num_solve_approx_calls = 30521
num_solve_approx_unsat_calls = 18594
num_solve_conflicts = 30468
num_solve_decisions = 15992142
num_solve_propagations = 132908102
avg_solve_conflicts = 1
avg_solve_decisions = 132
avg_solve_propagations = 1093
avg_solve_unsat_decisions = 0.142
stddev_solve_unsat_decisions = 0.812
num_added_cubes = 3066
num_subsumed_cubes = 2217
num_mic_down_calls = 29803
num_mic_down_good = 11842
num_added_ctgs = 921
num_gc_frame = 451
num_reset = 13
num_try_blocking = 46019
get_bad_cube_time = 0.610
rec_block_cube_time = 30.244
propagate_forward_time = 1.860
generalize_model_time = 4.201
generalize_and_push_time = 28.852
ctg_time = 18.363
try_blocking_time = 23.628
reset_time = 0.688
clausify_time = 3.423
preprocess_time = 0.329
solve_time = 28.894
solve_sat_time = 22.338
solve_unsat_time = 6.556
prove_time = 35.933
memory_used_mb = 22
total_time = 36.234
Unsafe
