initialized model with 170 latches, 56 inputs and 1 properties
tsim: performed 6 steps
tsim: found cycle from 4
tsim: found 59 constants and 0 latch equivalences
seqsimpl: (170, 56) -> (101, 56)
checking bound 0
checking bound 1
checking bound 2
tdecomp: unrolling 2 cycles
tsim: reached all X state
tsim: performed 3 steps
tdecomp: no improvement found, reverting original model
   2 : 42 14
   3 : 48 34 29
   4 : 48 39 27 31
   5 : 48 39 28 5 36
   6 : 48 42 28 15 7 33
   7 : 48 42 28 15 8 9 27
 ... : 58 56 54 43 48 49 60
   8 : 54 55 55 41 46 35 27 44
   9 : 54 55 55 36 33 41 44 28 59
 ... : 54 56 60 50 52 75 52 55 77
  10 : 54 55 51 44 46 50 67 89 90 77
  11 : 54 55 51 44 46 50 67 84 102 88 69
  12 : 54 55 51 44 46 50 67 83 101 115 79 81
  13 : 54 55 51 44 46 49 68 84 97 119 118 92 63
  14 : 54 55 51 44 46 49 68 84 97 119 115 152 75 77
  15 : 54 55 50 45 45 50 67 83 96 119 128 178 182 106 74
 ... : 54 55 50 45 45 50 67 83 96 119 131 187 230 292 141
  16 : 54 55 50 45 45 50 67 83 95 117 117 148 204 242 155 118
  17 : 54 55 50 45 45 50 67 83 95 117 117 147 203 238 208 89 103
  18 : 54 55 50 45 45 50 67 83 95 117 116 144 200 233 211 192 140 158
  19 : 54 55 50 45 45 50 67 83 94 118 116 144 200 231 209 184 211 134 156
  20 : 54 55 50 45 45 50 67 83 94 118 116 144 200 231 209 181 224 194 118 140
 ... : 54 55 50 45 45 50 67 83 94 118 116 144 200 231 211 188 240 259 299 198
  21 : 54 55 50 45 45 50 66 82 95 119 116 144 196 226 203 174 203 214 281 175 190
  22 : 54 55 50 45 45 50 66 82 95 119 116 144 196 226 202 175 202 205 270 238 139 156
 ... : 54 55 50 45 45 50 66 82 94 117 116 148 199 231 209 184 206 217 273 243 210 196
 ... : 54 55 50 45 45 50 66 82 93 117 111 150 207 240 206 185 214 218 273 244 210 196
 ... : 54 55 50 45 45 50 66 82 93 117 110 147 206 231 195 154 161 176 216 248 228 199
  23 : 54 55 50 45 45 43 67 80 90 116 104 129 199 211 152 114 108 138 135 110 92 87 512
  24 : 54 55 50 45 45 43 67 80 90 116 104 129 199 211 152 114 107 138 134 105 91 104 103 493
  25 : 54 55 50 45 45 43 67 80 90 116 104 129 199 211 152 114 107 138 135 108 86 97 89 96 509
  26 : 54 55 50 45 45 43 67 80 89 117 103 128 198 212 152 112 108 139 133 116 82 95 90 148 151 472
  27 : 54 55 50 45 45 43 67 80 89 116 103 124 195 212 150 110 109 137 133 117 84 101 91 158 202 148 473
 ... : 54 55 50 45 45 43 67 80 89 116 103 124 195 212 150 110 109 137 133 118 92 104 99 164 221 266 562
  28 : 54 55 50 45 45 43 67 80 89 116 103 124 195 212 149 111 107 136 130 110 86 94 87 93 119 202 136 631
  29 : 54 55 50 45 45 43 67 80 89 116 103 124 195 212 149 111 107 133 126 106 80 95 86 72 93 107 96 142 683
  30 : 54 55 50 45 45 43 67 80 89 116 103 124 195 212 149 111 107 133 126 106 80 95 86 72 93 107 96 95 121 616
  31 : 54 55 50 45 45 43 67 80 89 116 103 124 195 212 149 111 105 133 123 106 80 95 86 72 93 100 89 63 79 88 644
  32 : 54 55 50 45 45 43 67 80 89 116 103 124 195 212 149 111 105 133 122 106 81 95 80 77 93 101 81 73 68 79 93 667
  33 : 54 55 50 45 45 43 67 80 89 116 103 124 195 212 149 111 105 133 120 105 83 96 82 77 98 106 79 51 84 65 60 69 713
  34 : 54 55 50 45 45 43 67 80 89 116 103 124 195 212 149 111 105 133 120 105 83 96 82 77 98 106 79 51 84 64 56 67 95 648
  35 : 54 55 50 45 45 43 67 80 89 116 103 124 195 212 149 111 105 133 120 105 83 96 82 77 98 106 79 51 84 64 56 67 73 89 605
  36 : 54 55 50 45 45 43 67 80 89 116 103 124 195 210 150 112 105 133 120 105 83 94 79 77 101 104 76 52 86 69 56 78 93 98 119 556
  37 : 54 55 50 45 45 43 67 80 89 116 103 124 195 210 148 107 104 131 121 104 83 88 73 63 87 97 83 60 87 69 56 70 67 102 122 113 619
  38 : 54 55 50 45 45 43 67 80 89 116 103 124 195 210 148 107 104 131 121 97 79 87 70 61 87 98 85 61 87 68 54 65 60 74 79 87 150 638
  39 : 54 55 50 45 45 43 67 80 89 116 103 124 195 210 148 107 104 131 121 97 79 87 70 61 82 92 81 64 92 67 59 65 59 56 63 41 29 52 786
  40 : 54 55 50 45 45 43 67 80 89 116 103 124 194 211 148 107 104 131 121 97 79 85 69 61 84 92 81 56 77 57 51 44 44 44 49 32 25 26 74 772
  41 : 54 55 50 45 45 43 67 80 89 116 103 124 194 211 148 107 104 131 121 97 79 85 69 61 84 92 81 56 77 57 51 44 44 44 49 32 25 27 78 126 655
  42 : 54 55 50 45 45 43 67 80 89 116 103 124 194 211 148 107 104 131 121 97 79 85 69 61 84 92 81 56 77 57 51 44 44 44 46 30 21 25 39 53 75 725
  43 : 54 55 50 45 45 43 67 80 89 116 103 124 194 211 148 107 104 131 121 97 79 85 69 61 84 92 81 56 77 57 51 44 44 44 46 30 21 22 17 50 56 86 716
  44 : 54 55 50 45 45 43 67 80 89 116 103 124 194 211 148 107 104 131 121 97 79 85 69 61 84 92 81 56 77 56 51 43 43 40 44 33 22 20 14 24 37 49 130 691
  45 : 54 55 50 45 45 43 67 80 89 116 101 124 193 211 150 107 104 131 120 98 78 85 69 62 83 93 68 60 81 54 52 44 43 40 45 33 21 18 12 24 37 49 98 125 666
  46 : 54 55 50 45 45 43 67 80 89 116 101 124 193 211 150 107 104 131 120 96 75 85 69 63 83 93 68 60 81 54 52 44 43 40 45 33 20 15 4 0 50 39 83 140 694 3
num_solve_calls = 817818
num_solve_sat_calls = 244041
num_solve_unsat_calls = 100397
num_solve_approx_calls = 305006
num_solve_approx_unsat_calls = 158835
num_solve_conflicts = 481966
num_solve_decisions = 9124898
num_solve_propagations = 207294563
avg_solve_conflicts = 1
avg_solve_decisions = 12
avg_solve_propagations = 254
avg_solve_unsat_decisions = 0.546
stddev_solve_unsat_decisions = 1.906
num_added_cubes = 31495
num_subsumed_cubes = 27478
num_mic_down_calls = 152909
num_mic_down_good = 97160
num_added_ctgs = 4506
num_gc_frame = 231
num_reset = 79
num_try_blocking = 367246
get_bad_cube_time = 2.334
rec_block_cube_time = 55.955
propagate_forward_time = 34.755
generalize_model_time = 9.686
generalize_and_push_time = 52.761
ctg_time = 27.413
try_blocking_time = 86.537
reset_time = 1.596
clausify_time = 1.504
preprocess_time = 0.999
solve_time = 83.516
solve_sat_time = 64.020
solve_unsat_time = 19.496
prove_time = 93.997
memory_used_mb = 15
total_time = 94.042
Safe
