initialized model with 228 latches, 259 inputs and 1 properties
tsim: performed 3 steps
tsim: found cycle from 1
checking bound 0
checking bound 1
checking bound 2
tdecomp: unrolling 2 cycles
tsim: performed 2 steps
tsim: found cycle from 0
tsim: found 1 constants and 0 latch equivalences
tdecomp: (228, 1036) -> (227, 744)
   2 : 2 0
   3 : 6 1 3
   4 : 6 1 1 2
   5 : 6 1 1 1 1
   6 : 6 1 1 1 1 1
   7 : 6 1 1 1 1 1 1
   8 : 6 1 1 1 1 3 4 1
   9 : 6 1 1 1 1 3 2 1 8
  10 : 6 1 1 1 1 3 2 1 1 7
  11 : 6 1 1 1 1 3 2 1 1 2 5
  12 : 6 1 1 1 1 3 2 1 1 2 2 3
  13 : 6 1 1 1 1 3 2 1 1 2 1 2 4
  14 : 6 1 1 1 1 3 2 1 1 2 1 1 2 4
  15 : 6 1 1 1 1 3 2 1 1 2 1 1 2 2 3
  16 : 6 1 1 1 1 3 2 1 1 2 1 1 2 1 1 6
  17 : 6 1 1 1 1 3 2 1 1 2 1 1 2 1 1 1 5
  18 : 6 1 1 1 1 3 2 1 1 2 1 1 2 1 1 1 2 3
  19 : 6 1 1 1 1 3 2 1 1 2 1 1 2 1 1 1 1 2 3
  20 : 6 1 1 1 1 3 2 1 1 2 1 1 2 1 1 1 1 2 3 2
  21 : 7 8 5 2 2 2 6 4 5 2 4 2 3 2 3 3 3 3 9 3 10
  22 : 7 8 5 2 2 2 6 4 5 2 4 2 3 2 3 3 3 3 9 4 3 10
  23 : 7 8 5 2 2 2 6 4 5 2 4 2 3 2 3 3 3 3 9 4 3 1 18
  24 : 7 8 5 2 2 2 6 4 5 2 4 2 3 2 3 3 3 3 9 4 3 1 1 17
  25 : 7 8 5 2 2 2 6 4 5 2 4 2 3 2 3 3 3 3 9 4 3 1 1 1 16
  26 : 7 8 5 2 2 2 6 4 5 2 4 2 3 2 3 3 3 3 9 4 3 1 1 1 1 15
  27 : 7 8 5 2 2 2 6 4 5 2 4 2 3 2 3 3 3 3 9 4 3 1 1 1 1 2 17
  28 : 7 8 5 2 2 2 6 4 5 2 4 2 3 2 3 3 3 3 9 4 3 1 1 1 1 1 2 17
  29 : 7 8 5 2 2 2 6 4 5 2 4 2 3 2 3 3 3 3 9 4 3 1 1 1 1 1 1 2 17
  30 : 7 8 5 2 2 2 6 4 5 2 4 2 3 2 3 3 3 3 9 4 3 1 1 1 1 1 1 2 3 15
  31 : 7 8 5 2 2 2 6 4 5 2 4 2 3 2 3 3 3 3 9 4 3 1 1 1 1 1 1 2 1 1 19
  32 : 7 8 5 2 2 2 6 4 5 2 4 2 3 2 3 3 3 3 9 4 3 1 1 1 1 1 1 2 1 1 1 18
  33 : 7 8 5 2 2 2 6 4 5 2 4 2 3 2 3 3 3 3 9 4 3 1 1 1 1 1 1 2 1 1 1 3 15
  34 : 7 8 5 2 2 2 6 4 5 2 4 2 3 2 3 3 3 3 9 4 3 1 1 1 1 1 1 2 1 1 1 1 3 15
  35 : 7 8 5 2 2 2 6 4 5 2 4 2 3 2 3 3 3 3 9 4 3 1 1 1 1 1 1 2 1 1 1 1 3 4 12
 ... : 18 12 12 26 13 9 21 26 25 16 26 33 17 8 4 4 3 3 44 4 4 5 4 2 2 36 26 4 1 1 2 1 3 17 23
 ... : 18 12 12 26 13 9 18 25 23 12 13 28 17 18 25 27 24 33 98 114 94 54 66 31 31 66 87 16 6 2 2 1 3 122 85
 ... : 18 12 12 26 13 9 18 23 22 11 12 27 17 16 20 26 22 38 99 112 94 65 79 112 80 129 126 112 87 48 93 66 40 259 137
  36 : 16 12 13 8 29 8 15 10 14 8 7 19 12 7 17 12 10 21 47 44 144 59 57 51 69 75 56 45 28 27 79 87 39 66 366 387
  37 : 16 12 13 8 29 8 15 10 14 8 7 19 12 7 17 12 10 21 47 44 144 59 57 51 69 75 56 45 28 27 79 87 39 66 366 175 212
  38 : 16 12 13 8 29 8 15 10 14 8 7 19 12 7 17 12 10 21 47 44 143 59 57 51 69 75 56 45 28 27 79 87 39 66 366 175 35 182
  39 : 16 12 13 8 29 8 15 10 14 8 7 19 12 7 17 12 10 21 47 44 143 59 57 51 69 75 56 45 28 27 79 87 39 66 366 175 35 10 172
  40 : 16 12 13 8 29 8 15 10 14 8 7 19 12 7 17 12 10 21 47 44 143 59 57 51 69 75 56 45 28 27 79 87 39 66 366 175 35 9 8 166
  41 : 16 12 13 8 29 8 15 10 14 8 7 19 12 7 17 12 10 21 47 44 143 59 57 51 69 75 56 45 28 27 79 87 39 66 301 205 61 17 8 3 167
 ... : 16 12 13 8 29 8 15 10 14 8 7 19 12 7 18 16 12 26 52 54 144 69 62 68 81 84 66 50 37 35 93 115 77 129 368 289 95 40 17 28 226
  42 : 16 12 13 8 29 8 15 10 14 8 7 19 12 7 18 16 11 26 51 51 146 68 63 62 81 79 63 54 21 10 34 84 120 122 120 121 192 392 200 75 77 377
  43 : 16 12 13 8 29 8 15 10 14 8 7 19 12 7 18 16 11 26 51 51 146 68 63 62 81 79 63 54 21 10 34 84 120 122 120 121 192 392 200 75 71 32 353
  44 : 16 12 13 8 29 8 15 10 14 8 7 19 12 7 18 16 11 26 51 51 146 68 63 62 81 79 63 54 21 10 34 84 120 122 120 121 192 392 200 75 71 29 11 349
  45 : 16 12 13 8 29 8 15 10 14 8 7 19 12 7 18 16 11 26 51 51 146 68 63 62 81 79 63 54 21 10 34 84 120 122 120 121 192 392 200 75 71 29 11 30 323
 ... : 16 12 13 8 29 8 15 10 14 8 7 19 12 7 18 16 11 26 51 51 146 68 63 62 81 79 63 54 21 9 32 84 132 132 124 132 213 419 245 128 148 118 98 107 403
  46 : 16 12 13 8 29 8 15 10 14 8 7 19 12 7 18 16 11 25 52 51 146 68 63 62 81 79 60 47 21 8 28 47 77 162 88 118 147 469 255 119 142 108 74 95 103 509
  47 : 16 12 13 8 29 8 15 10 14 8 7 19 12 7 18 16 11 25 52 51 146 68 63 62 81 79 60 47 21 8 28 47 77 162 88 118 147 469 255 119 142 108 74 95 87 93 435
  48 : 16 12 13 8 29 8 15 10 14 8 7 19 12 7 18 16 11 25 52 51 146 68 63 62 81 79 60 47 21 8 28 47 77 162 88 118 147 469 255 119 142 108 74 95 87 74 84 386
  49 : 16 12 13 8 29 8 15 10 14 8 7 19 12 7 18 16 11 25 51 51 147 68 63 62 81 79 60 47 21 7 28 47 84 161 98 121 146 465 260 113 156 145 129 178 172 223 213 95 552
  50 : 16 12 13 8 29 8 15 10 14 8 7 19 12 7 18 16 11 25 51 51 147 68 63 62 81 79 60 47 21 7 28 47 84 161 98 121 146 465 260 113 156 145 129 178 172 222 205 125 123 455
  51 : 16 12 13 8 29 8 15 10 14 8 7 19 12 7 18 16 11 25 51 51 147 68 63 62 81 79 60 47 21 7 28 47 84 161 98 121 146 465 260 113 156 145 129 175 172 222 206 125 147 49 450
 ... : 16 12 13 8 29 8 15 10 14 8 7 19 12 7 18 16 11 25 51 51 147 68 63 62 81 79 60 47 21 7 28 47 84 161 102 121 156 478 288 153 187 193 179 248 271 346 338 185 167 85 485
 ... : 16 12 13 8 29 8 15 10 14 8 7 19 12 7 18 16 11 25 51 51 147 67 63 62 81 79 60 47 21 6 28 47 84 161 98 121 155 474 291 151 195 197 182 249 289 378 432 409 405 275 525
  52 : 16 12 13 8 29 8 15 10 14 8 7 19 12 6 13 11 8 7 18 12 57 24 32 35 70 42 54 42 12 5 25 41 72 152 86 89 119 363 215 101 107 118 97 141 250 233 350 377 685 593 201 721
  53 : 16 12 13 8 29 8 15 10 14 8 7 19 12 6 13 11 8 7 18 12 57 24 32 35 70 42 54 42 12 5 25 41 72 152 86 89 119 363 215 101 107 118 97 141 250 233 350 376 686 585 251 135 662
 ... : 16 12 13 8 29 8 15 10 14 8 7 19 12 6 13 11 8 7 18 12 57 24 32 35 70 42 54 42 12 5 25 41 72 155 83 91 113 363 209 107 119 121 104 168 280 305 396 424 748 689 460 420 746
  54 : 16 12 13 8 29 8 15 10 14 8 7 19 12 6 13 11 8 7 18 12 57 24 32 35 70 42 54 42 12 5 25 41 70 107 46 29 21 238 113 22 21 26 12 6 27 35 68 34 139 217 110 175 386 1939
  55 : 16 12 13 8 29 8 15 10 14 8 7 19 12 6 13 11 8 7 18 12 57 24 32 35 70 42 54 42 12 5 25 41 70 107 46 29 21 238 113 22 21 26 12 6 27 35 68 34 139 217 110 175 385 649 1282
  56 : 16 12 13 8 29 8 15 10 14 8 7 19 12 6 13 11 8 7 18 12 57 24 32 35 70 42 54 42 12 5 25 41 70 107 46 29 21 238 113 22 21 26 12 6 27 35 68 34 139 217 110 175 385 649 401 881
  57 : 16 12 13 8 29 8 15 10 14 8 7 19 12 6 13 11 8 7 18 12 57 24 32 35 70 42 54 42 12 5 25 41 70 107 46 29 21 238 113 22 21 25 12 6 27 35 68 34 139 217 110 175 381 647 391 192 731
  58 : 16 12 13 8 29 8 15 10 14 8 7 19 12 6 13 11 8 7 18 12 57 24 32 35 70 42 54 42 12 5 25 41 70 107 46 29 21 238 113 22 21 25 12 6 27 35 68 34 139 217 110 175 381 647 391 206 92 647
  59 : 16 12 13 8 29 8 15 10 14 8 7 19 12 6 13 11 8 7 18 12 57 24 32 35 70 42 54 42 12 5 25 41 70 107 46 29 21 238 113 22 21 25 12 6 27 35 68 34 139 217 110 175 381 647 391 206 99 36 622
  60 : 16 12 13 8 29 8 15 10 14 8 7 19 12 6 13 11 8 7 18 12 57 24 32 35 70 42 54 42 12 5 25 41 70 107 46 29 21 238 113 22 21 25 12 6 27 35 68 34 139 217 110 175 381 647 391 206 99 48 14 621
  61 : 16 12 13 8 29 8 15 10 14 8 7 19 12 6 13 11 8 7 18 12 57 24 32 35 70 42 54 42 12 5 25 41 70 107 46 29 21 238 113 22 21 25 12 6 27 35 65 33 139 217 112 175 378 639 368 257 152 84 55 19 625
  62 : 16 12 13 8 29 8 15 10 14 8 7 19 12 6 13 11 8 7 18 12 57 24 32 35 70 42 54 42 12 5 25 41 70 107 46 29 21 238 113 22 21 25 12 6 27 35 65 33 139 217 112 175 378 639 368 257 152 84 55 20 8 625
  63 : 16 12 13 8 29 8 15 10 14 8 7 19 12 6 13 11 8 7 18 12 57 24 32 35 70 42 54 42 12 5 25 41 70 107 46 29 21 238 113 22 21 25 12 6 27 35 65 33 139 217 112 175 378 639 368 257 152 84 55 20 18 4 624
  64 : 16 12 13 8 29 8 15 10 14 8 7 19 12 6 13 11 8 7 18 12 57 24 32 35 70 42 54 42 12 5 25 41 70 107 46 29 21 238 113 22 21 25 12 6 27 35 65 33 139 217 112 175 378 639 368 257 152 84 55 20 18 18 5 623
  65 : 16 12 13 8 29 8 15 10 14 8 7 19 12 6 13 11 8 7 18 12 57 24 32 35 70 42 54 42 12 5 25 41 70 107 46 29 21 238 113 22 21 25 12 6 27 35 65 33 139 217 112 175 378 639 368 257 152 84 55 20 18 18 12 7 619
  66 : 16 12 13 8 29 8 15 10 14 8 7 19 12 6 13 11 8 7 18 12 57 24 32 35 70 42 54 42 12 5 25 41 70 107 46 29 21 238 113 22 21 25 12 6 27 35 65 33 139 217 112 175 378 639 368 257 152 84 55 20 18 18 12 14 4 619
  67 : 16 12 13 8 29 8 15 10 14 8 7 19 12 6 13 11 8 7 18 12 57 24 32 35 70 42 54 42 12 5 25 41 70 107 46 29 21 238 113 22 21 25 12 6 27 35 65 33 139 217 112 175 378 639 368 257 152 84 55 20 18 18 12 14 4 2 619
 ... : 16 12 13 8 29 8 15 10 14 8 7 19 12 6 13 11 8 7 18 12 57 24 32 35 69 42 53 42 12 5 25 41 70 107 46 29 21 238 113 22 21 25 12 6 27 35 65 33 139 216 112 175 379 669 463 417 248 174 143 98 123 132 66 56 46 11 681
  68 : 16 12 13 8 29 8 15 10 14 8 7 19 12 6 13 11 8 7 18 12 57 23 24 19 13 19 44 40 11 5 25 41 70 107 46 29 21 238 88 22 21 25 12 6 27 33 64 33 138 211 97 165 387 519 411 407 300 241 170 126 129 154 77 88 81 113 100 793
  69 : 16 12 13 8 29 8 15 10 14 8 7 19 12 6 13 11 8 7 18 12 57 23 24 19 13 19 44 40 11 5 25 41 70 107 46 29 21 238 88 22 21 25 12 6 27 33 64 33 138 211 97 165 387 519 411 407 300 241 170 126 129 151 77 88 81 113 105 68 740
  70 : 16 12 13 8 29 8 15 10 14 8 7 19 12 6 13 11 8 7 18 12 57 23 24 19 13 19 44 40 11 5 25 41 70 107 46 29 21 238 88 22 21 25 12 6 27 33 64 33 138 211 97 165 387 519 411 407 300 241 170 126 129 151 77 88 81 113 99 74 40 721
 ... : 16 12 13 8 29 8 15 10 14 8 7 19 12 6 13 11 8 7 18 12 57 23 24 19 13 19 44 40 11 5 25 41 70 106 46 29 21 238 88 22 21 25 12 6 27 33 64 33 138 211 97 165 387 529 476 566 490 442 374 412 348 215 116 107 92 122 110 77 51 797
 ... : 16 12 13 8 29 8 15 10 14 8 7 19 12 6 13 11 8 7 18 12 57 23 24 19 13 19 44 40 11 5 25 41 70 106 46 29 21 238 88 22 21 25 12 6 27 33 64 33 138 211 97 165 387 528 476 566 500 455 416 522 470 397 408 328 157 168 139 99 100 951
 ... : 16 12 13 8 29 8 15 10 14 8 7 19 12 6 13 11 8 7 18 12 57 23 24 19 13 19 44 40 11 5 25 41 70 106 46 29 21 238 88 22 21 25 12 6 27 33 64 33 138 211 97 163 385 523 473 557 511 468 459 554 528 488 501 480 312 251 197 123 106 1053
 ... : 16 12 13 8 29 8 15 10 14 8 7 19 12 6 13 11 8 7 18 12 57 23 24 19 13 19 44 40 11 5 25 41 70 106 46 29 21 238 88 22 21 25 12 6 27 33 64 33 138 210 97 163 384 520 472 551 490 452 451 527 514 478 453 426 439 541 549 295 168 1169
 ... : 16 12 13 8 29 8 15 10 14 8 7 19 12 6 13 11 8 7 18 12 57 23 24 19 13 19 44 40 11 5 25 41 70 106 46 29 21 238 88 22 21 25 12 6 27 33 64 33 138 210 97 163 395 538 499 578 510 468 460 553 581 509 489 462 474 551 627 466 394 1298
 ... : 16 12 13 8 29 8 15 10 14 8 7 19 12 6 13 11 8 7 18 12 57 23 24 19 13 19 44 40 11 5 25 41 70 106 46 29 21 238 88 22 21 25 12 6 27 33 64 33 138 210 97 163 395 537 499 578 509 467 457 540 569 504 480 445 445 569 655 561 887 1453
  71 : 16 12 13 8 29 8 15 10 14 8 7 19 12 6 12 11 7 7 18 12 57 23 24 19 14 20 43 41 11 5 25 39 69 102 44 28 21 237 91 22 21 24 12 6 27 33 64 33 138 196 60 132 316 352 419 417 332 208 181 159 152 234 295 276 248 341 388 402 534 743 1820
  72 : 16 12 13 8 29 8 15 10 14 8 7 19 12 6 12 11 7 7 18 12 57 23 24 19 14 20 43 41 11 5 25 39 69 102 44 28 21 237 91 22 21 24 12 6 27 33 64 33 138 196 60 132 316 352 419 417 332 208 181 159 152 233 295 274 251 341 387 398 531 747 500 1324
  73 : 16 12 13 8 29 8 15 10 14 8 7 19 12 6 12 11 7 7 18 12 57 23 24 19 14 20 43 41 11 5 25 39 69 102 44 28 21 237 91 22 21 24 12 6 27 33 64 33 138 196 60 132 316 352 419 417 332 208 181 159 152 233 295 274 251 341 387 397 531 739 485 104 1271
  74 : 16 12 13 8 29 8 15 10 14 8 7 19 12 6 12 11 7 7 18 12 57 23 24 19 14 20 43 41 11 5 25 39 69 102 44 28 21 237 91 22 21 24 12 6 27 33 64 33 138 196 60 132 316 352 419 417 332 208 181 159 152 233 295 274 251 341 387 397 531 739 485 123 14 1263
  75 : 16 12 13 8 29 8 15 10 14 8 7 19 12 6 12 11 7 7 18 12 57 23 24 19 14 20 43 41 11 5 25 39 69 102 44 28 21 237 91 22 21 24 12 6 27 33 64 33 138 196 60 132 316 352 419 417 332 208 181 159 152 233 295 274 251 341 387 397 531 733 487 126 40 17 1261
  76 : 16 12 13 8 29 8 15 10 14 8 7 19 12 6 12 11 7 7 18 12 57 23 24 19 14 20 43 41 11 5 25 39 69 102 44 28 21 237 91 22 21 24 12 6 27 33 64 32 137 196 60 132 316 353 419 417 332 208 181 159 152 233 295 272 246 333 381 369 489 536 444 355 260 309 188 1320
  77 : 16 12 13 8 29 8 15 10 14 8 7 19 12 6 12 11 7 7 18 12 57 23 24 19 14 20 43 41 11 5 25 39 69 102 44 28 21 237 91 22 21 24 12 6 26 33 64 32 137 196 60 132 316 353 419 417 332 192 125 104 72 117 170 162 139 202 247 246 342 427 547 546 261 194 211 157 1494
  78 : 16 12 13 8 29 8 15 10 14 8 7 19 12 6 12 11 7 7 18 12 57 23 24 19 14 20 43 41 11 5 25 39 69 102 44 28 21 237 91 22 21 24 12 6 26 33 64 32 137 196 60 132 316 353 419 417 332 192 125 104 72 117 170 162 139 202 247 245 343 427 547 546 261 194 211 148 137 1369
  79 : 16 12 13 8 29 8 15 10 14 8 7 19 12 6 12 11 7 7 18 12 57 23 24 19 14 20 43 41 11 5 25 39 69 102 44 28 21 237 91 22 21 24 12 6 26 33 64 32 137 196 60 132 316 353 419 417 332 192 125 104 72 117 170 162 139 202 247 245 343 427 547 546 261 194 211 148 136 50 1332
  80 : 16 12 13 8 29 8 15 10 14 8 7 19 12 6 12 11 7 7 18 12 57 23 24 19 14 20 43 41 11 5 25 39 69 102 44 28 21 237 91 22 21 24 12 6 26 33 64 32 137 196 60 132 316 353 419 417 332 192 125 104 72 117 170 162 139 202 247 245 343 427 547 546 261 194 211 148 136 65 13 1332
  81 : 16 12 13 8 29 8 15 10 14 8 7 19 12 6 12 11 7 7 18 12 57 23 24 19 14 20 43 41 11 5 25 39 69 102 44 28 21 237 91 22 21 24 12 6 26 33 64 32 137 196 60 132 316 353 419 417 332 192 125 104 72 117 170 162 139 202 247 245 343 427 547 546 261 194 211 148 136 65 18 7 1332
  82 : 16 12 13 8 29 8 15 10 14 8 7 19 12 6 12 11 7 7 18 12 57 23 24 19 14 20 43 41 11 5 25 39 69 102 44 28 21 237 91 22 21 24 12 6 26 33 64 32 137 196 60 132 316 353 419 417 332 192 125 104 72 117 170 162 139 202 247 245 343 427 547 546 261 194 211 148 136 65 18 8 1 1332
  83 : 16 12 13 8 29 8 15 10 14 8 7 19 12 6 12 11 7 7 18 12 57 23 24 19 14 20 43 41 11 5 25 39 69 102 44 28 21 237 91 22 21 24 12 6 26 33 64 32 137 196 60 132 316 353 419 417 332 192 125 104 72 117 170 162 139 202 247 245 343 427 547 546 261 194 211 148 136 65 18 8 3 4 1331
  84 : 16 12 13 8 29 8 15 10 14 8 7 19 12 6 12 11 7 7 18 12 57 23 24 19 14 20 43 41 11 5 25 39 69 102 44 28 21 237 91 22 21 24 12 6 26 33 64 32 137 196 60 132 316 353 419 417 332 192 125 104 72 117 170 162 139 202 247 245 343 427 547 546 261 194 211 148 136 65 18 8 3 15 3 1331
 ... : 16 12 13 8 29 8 15 10 14 8 7 19 12 6 12 11 7 7 18 12 57 23 24 19 14 20 43 41 11 5 25 39 69 102 44 28 21 237 91 22 21 24 12 6 26 33 64 32 137 196 60 132 316 353 421 418 333 193 125 104 72 125 169 182 160 224 255 276 375 490 580 596 306 235 235 179 146 66 19 8 3 15 11 1398
 ... : 16 12 13 8 29 8 15 10 14 8 7 19 12 6 12 11 7 7 18 12 57 23 24 19 14 20 43 41 11 5 25 39 69 102 44 28 21 237 91 22 21 24 12 6 26 33 64 32 137 196 60 132 316 353 421 418 333 193 125 104 72 124 164 171 154 219 240 270 365 483 581 601 320 288 315 288 279 237 245 162 34 22 12 1456
 ... : 16 12 13 8 29 8 15 10 14 8 7 19 12 6 12 11 7 7 18 12 57 23 24 19 14 20 43 41 11 5 25 39 69 102 44 28 21 237 91 22 21 24 12 6 26 33 64 32 137 196 60 132 316 353 428 426 346 207 130 109 83 132 171 171 165 226 250 274 365 495 591 603 338 324 353 309 284 243 256 170 41 22 12 1487
 ... : 16 12 13 8 29 8 15 10 14 8 7 19 12 6 12 11 7 7 18 12 57 23 24 19 14 20 43 41 11 5 25 39 69 102 44 28 21 237 91 22 21 24 12 6 26 33 64 32 137 196 60 132 316 353 428 426 346 207 129 109 83 132 171 170 165 224 249 272 364 489 588 590 318 300 323 318 305 288 332 298 209 126 46 1562
  85 : 16 12 13 8 29 8 15 10 14 8 7 19 12 6 12 11 7 7 18 12 57 23 24 19 14 20 43 41 11 5 25 39 69 102 44 28 21 237 91 22 21 24 12 6 26 33 64 32 137 190 58 135 316 352 425 422 334 203 131 97 88 121 135 125 123 183 183 160 221 334 332 296 245 214 207 76 50 26 56 72 121 235 337 314 1856
  86 : 16 12 13 8 29 8 15 10 14 8 7 19 12 6 12 11 7 7 18 12 57 23 24 19 14 20 43 41 11 5 25 39 69 102 44 28 21 237 91 22 21 24 12 6 26 33 64 32 137 190 58 135 316 352 425 422 334 203 131 97 88 121 135 125 123 183 183 160 221 334 332 296 245 214 207 76 50 26 56 72 120 231 302 296 246 1694
  87 : 16 12 13 8 29 8 15 10 14 8 7 19 12 6 12 11 7 7 18 12 57 23 24 19 14 20 43 41 11 5 25 39 69 102 44 28 21 237 91 22 21 24 12 6 26 33 64 32 137 190 58 135 316 352 425 422 334 203 131 97 88 121 135 125 123 183 183 160 221 334 332 296 245 214 207 76 50 26 56 72 118 225 274 273 287 84 1669
  88 : 16 12 13 8 29 8 15 10 14 8 7 19 12 6 12 11 7 7 18 12 57 23 24 19 14 20 43 41 11 5 25 39 69 102 44 28 21 237 91 22 21 24 12 6 26 33 64 32 137 190 58 135 316 352 425 422 334 203 131 97 88 121 135 125 123 183 183 160 221 334 332 296 245 214 207 76 50 26 56 72 109 219 267 264 281 92 46 1662
  89 : 16 12 13 8 29 8 15 10 14 8 7 19 12 6 12 11 7 7 18 12 57 23 24 19 14 20 43 41 11 5 25 39 69 102 44 28 21 237 91 22 21 24 12 6 26 33 64 32 137 190 58 135 316 352 425 422 334 203 131 97 88 121 135 125 123 183 183 160 221 334 332 296 245 214 207 76 50 26 56 72 109 218 268 264 281 77 42 57 1637
 ... : 16 12 13 8 29 8 15 10 14 8 7 19 12 6 12 11 7 7 18 12 57 23 24 19 14 20 43 41 11 5 25 39 69 102 44 28 21 237 91 22 21 24 12 6 26 33 64 32 137 190 58 135 316 352 425 422 334 203 131 97 88 121 135 125 123 183 183 160 221 334 332 296 245 214 206 76 50 26 56 72 108 227 250 298 309 203 173 142 1698
  90 : 16 12 13 8 29 8 15 10 14 8 7 19 12 6 12 11 7 7 18 12 57 23 24 19 14 20 43 41 11 5 25 39 69 102 43 28 21 238 91 22 21 24 12 6 26 33 64 32 137 190 58 135 316 352 425 422 334 203 131 97 88 121 135 123 117 183 185 160 220 334 332 296 245 214 205 74 49 26 53 57 83 79 41 48 100 73 89 192 384 2162
  91 : 16 12 13 8 29 8 15 10 14 8 7 19 12 6 12 11 7 7 18 12 57 23 24 19 14 20 43 41 11 5 25 39 69 102 43 28 21 238 91 22 21 24 12 6 26 33 64 32 137 190 58 135 316 352 425 422 334 203 131 97 88 121 135 123 117 183 185 160 220 334 332 296 245 214 205 74 49 26 53 57 83 79 41 48 100 73 89 192 384 177 1985
  92 : 16 12 13 8 29 8 15 10 14 8 7 19 12 6 12 11 7 7 18 12 57 23 24 19 14 20 43 41 11 5 25 39 69 102 43 28 21 238 91 22 21 24 12 6 26 33 64 32 137 190 58 135 316 352 425 422 334 203 131 97 88 121 135 123 117 183 185 160 220 334 332 296 245 214 205 74 49 26 53 57 83 79 41 48 100 73 89 192 384 177 163 1817
  93 : 16 12 13 8 29 8 15 10 14 8 7 19 12 6 12 11 7 7 18 12 57 23 24 19 14 20 43 41 11 5 25 39 69 102 43 28 21 238 91 22 21 24 12 6 26 33 64 32 137 190 58 135 316 352 425 422 334 203 131 97 88 121 135 123 117 183 185 160 220 334 332 296 245 214 205 74 49 26 53 57 83 79 41 48 100 73 89 192 384 172 151 95 1756
  94 : 16 12 13 8 29 8 15 10 14 8 7 19 12 6 12 11 7 7 18 12 57 23 24 19 14 20 43 41 11 5 25 39 69 102 43 28 21 238 91 22 21 24 12 6 26 33 64 32 137 190 58 135 316 352 425 422 334 203 131 97 88 121 135 123 117 183 185 160 220 334 332 296 245 214 205 74 49 26 53 57 83 79 41 48 100 73 89 192 384 172 151 85 48 1734
  95 : 16 12 13 8 29 8 15 10 14 8 7 19 12 6 12 11 7 7 18 12 57 23 24 19 14 20 43 41 11 5 25 39 69 102 43 28 21 238 91 22 21 24 12 6 26 33 64 32 137 190 58 135 316 352 425 422 334 203 131 97 88 121 135 123 117 183 185 160 220 334 332 296 245 214 205 74 49 26 53 57 83 79 41 48 100 73 89 192 384 171 151 86 37 37 1733
  96 : 16 12 13 8 29 8 15 10 14 8 7 19 12 6 12 11 7 7 18 12 57 23 24 19 14 20 43 41 11 5 25 39 69 102 43 28 21 238 91 22 21 24 12 6 26 33 64 32 137 190 58 135 316 352 425 422 334 203 131 97 88 121 135 123 117 183 185 160 220 334 332 296 245 214 205 74 49 26 53 57 83 79 41 48 100 73 89 192 384 171 151 86 37 40 48 1687
  97 : 16 12 13 8 29 8 15 10 14 8 7 19 12 6 12 11 7 7 18 12 57 23 24 19 14 20 43 41 11 5 25 39 69 102 43 28 21 238 91 22 21 24 12 6 26 33 64 32 137 190 58 135 316 352 425 422 334 203 131 97 88 121 135 123 117 182 184 160 220 334 332 296 244 211 203 75 46 25 51 59 86 79 42 48 101 75 86 186 402 166 172 131 137 147 174 139 1787
  98 : 16 12 13 8 29 8 15 10 14 8 7 19 12 6 12 11 7 7 18 12 57 23 24 19 14 20 43 41 11 5 25 39 69 102 43 28 21 238 91 22 21 24 12 6 26 33 64 32 137 190 58 135 316 352 425 422 334 203 131 97 88 121 135 123 117 182 184 160 220 334 332 296 244 211 203 75 46 25 51 59 86 79 42 48 101 75 86 186 402 166 172 131 137 147 174 146 110 1684
  99 : 16 12 13 8 29 8 15 10 14 8 7 19 12 6 12 11 7 7 18 12 57 23 24 19 14 20 43 41 11 5 25 39 69 102 43 28 21 238 91 22 21 24 12 6 26 33 64 32 137 190 58 135 316 352 425 422 334 203 131 97 88 121 135 123 117 182 184 160 220 334 332 296 244 211 203 75 46 25 51 59 86 79 42 48 101 75 86 186 402 166 172 131 137 147 174 145 113 38 1682
 100 : 16 12 13 8 29 8 15 10 14 8 7 19 12 6 12 11 7 7 18 12 57 23 24 19 14 20 43 41 11 5 25 39 69 102 43 28 21 238 91 22 21 24 12 6 26 33 64 32 137 190 58 135 316 352 425 422 334 203 131 97 88 121 135 123 117 182 184 160 220 334 332 296 244 211 203 75 46 25 51 59 86 79 42 48 101 75 86 186 402 166 172 131 137 147 174 146 97 49 21 1686
 101 : 16 12 13 8 29 8 15 10 14 8 7 19 12 6 12 11 7 7 18 12 57 23 24 19 14 20 43 41 11 5 25 39 69 102 43 28 21 238 91 22 21 24 12 6 26 33 64 32 137 190 58 135 316 352 425 422 334 203 131 97 88 121 135 123 117 182 184 160 220 334 332 296 244 211 203 75 46 25 51 59 86 79 42 48 101 75 86 186 402 166 172 131 137 147 174 146 97 49 24 12 1675
 102 : 16 12 13 8 29 8 15 10 14 8 7 19 12 6 12 11 7 7 18 12 57 23 24 19 14 20 43 41 11 5 25 39 69 102 43 28 21 238 91 22 21 24 12 6 26 33 64 32 137 190 58 135 316 352 425 422 334 203 131 97 88 121 135 123 117 182 184 160 220 334 332 296 244 211 203 75 46 25 51 59 86 79 42 48 101 75 86 186 402 166 172 131 137 147 174 146 84 39 11 12 9 1713
 ... : 16 12 13 8 29 8 15 10 14 8 7 19 12 6 12 11 7 7 18 12 57 23 24 19 14 20 43 41 11 5 25 39 69 102 43 28 21 238 91 22 21 24 12 6 26 33 64 32 137 190 58 135 316 352 425 422 334 203 131 97 88 121 135 123 117 182 184 160 220 334 332 296 244 211 203 75 46 25 51 59 87 77 46 56 110 95 108 209 442 260 324 267 232 182 193 168 91 48 43 30 32 1743
 ... : 16 12 13 8 29 8 15 10 14 8 7 19 12 6 12 11 7 7 18 12 57 23 24 19 14 20 43 41 11 5 25 39 69 102 43 28 21 238 91 22 21 24 12 6 26 33 64 32 137 190 58 135 316 352 425 422 334 203 131 97 88 121 135 123 117 182 184 160 220 334 332 296 244 211 203 75 46 25 51 59 87 77 46 56 110 95 108 209 442 258 320 265 244 244 312 329 301 230 153 59 35 1790
 ... : 16 12 13 8 29 8 15 10 14 8 7 19 12 6 12 11 7 7 18 12 57 23 24 19 14 20 43 41 11 5 25 39 69 102 43 28 21 238 91 22 21 24 12 6 26 33 64 32 137 190 58 135 316 352 425 422 334 203 131 97 88 121 135 123 117 182 184 160 220 334 332 296 244 211 203 75 46 25 51 59 87 77 46 56 113 111 127 234 470 297 388 319 291 291 349 379 390 318 333 171 83 1862
 ... : 16 12 13 8 29 8 15 10 14 8 7 19 12 6 12 11 7 7 18 12 57 23 24 19 14 20 43 41 11 5 25 39 69 102 43 28 21 238 91 22 21 24 12 6 26 33 64 32 137 190 58 135 316 352 425 422 334 203 131 97 88 121 135 123 117 182 184 160 220 334 332 296 244 211 203 75 46 25 51 59 87 77 46 56 113 111 126 229 469 305 397 339 295 305 368 391 421 365 423 312 236 1927
 103 : 16 12 13 8 29 8 15 10 14 8 7 19 12 6 12 11 7 7 18 12 57 23 24 19 14 20 43 41 11 5 25 39 69 102 43 28 21 238 88 22 21 24 12 6 26 33 64 32 137 190 58 135 316 352 425 422 333 204 131 97 88 121 135 122 117 181 181 159 221 334 332 296 243 211 204 73 30 7 11 3 0 283 46 56 113 111 126 229 469 305 396 337 292 301 363 386 412 355 432 360 607 2127 4
num_solve_calls = 5069845
num_solve_sat_calls = 1621676
num_solve_unsat_calls = 605310
num_solve_approx_calls = 1642865
num_solve_approx_unsat_calls = 1020582
num_solve_conflicts = 1897918
num_solve_decisions = 608412314
num_solve_propagations = 4919626093
avg_solve_conflicts = 1
avg_solve_decisions = 121
avg_solve_propagations = 971
avg_solve_unsat_decisions = 0.295
stddev_solve_unsat_decisions = 3.531
num_added_cubes = 177818
num_subsumed_cubes = 162445
num_mic_down_calls = 1272046
num_mic_down_good = 601481
num_added_ctgs = 32096
num_gc_frame = 890
num_reset = 388
num_try_blocking = 2162862
get_bad_cube_time = 1.231
rec_block_cube_time = 1133.500
propagate_forward_time = 288.021
generalize_model_time = 119.358
generalize_and_push_time = 1062.226
ctg_time = 772.170
try_blocking_time = 1159.120
reset_time = 60.449
clausify_time = 16.322
preprocess_time = 45.447
solve_time = 1235.852
solve_sat_time = 969.302
solve_unsat_time = 266.551
prove_time = 1427.942
memory_used_mb = 34
total_time = 1428.061
Safe
