initialized model with 149 latches, 36 inputs and 1 properties
tsim: performed 4 steps
tsim: found cycle from 2
tsim: found 52 constants and 0 latch equivalences
seqsimpl: (149, 36) -> (97, 36)
checking bound 0
checking bound 1
checking bound 2
tdecomp: unrolling 2 cycles
tsim: reached all X state
tsim: performed 2 steps
tdecomp: no improvement found, reverting original model
   2 : 35 8
   3 : 40 18 26
   4 : 40 23 13 21
   5 : 40 23 20 15 23
   6 : 40 23 20 27 18 23
   7 : 40 27 23 33 39 39 43
   8 : 40 27 23 33 39 52 36 50
   9 : 40 27 23 33 40 53 57 47 64
  10 : 41 35 24 23 23 25 34 52 40 90
  11 : 41 35 24 23 23 25 34 52 45 18 92
  12 : 41 35 24 23 23 25 34 52 46 28 28 93
  13 : 41 35 24 23 23 25 34 52 47 30 35 33 95
 ... : 41 35 23 23 22 25 34 46 53 60 100 141 144
 ... : 41 37 23 24 23 25 35 44 60 71 121 169 171
  14 : 41 37 23 22 18 21 32 34 47 54 111 143 84 110
 ... : 41 37 23 22 18 21 32 36 50 59 109 178 147 127
  15 : 41 37 23 22 18 21 32 36 48 53 84 123 146 92 165
  16 : 41 37 23 22 18 20 29 33 44 45 76 111 122 90 49 175
  17 : 41 37 23 22 18 20 29 33 44 45 76 111 123 91 56 35 157
  18 : 41 37 23 22 18 20 29 33 44 45 72 97 106 84 51 36 35 198
  19 : 41 37 23 22 18 20 29 33 44 45 72 97 106 84 52 36 44 27 186
  20 : 41 37 23 22 18 20 29 33 44 45 72 97 106 84 53 38 42 34 34 176
  21 : 41 37 23 22 18 20 29 33 44 45 72 97 106 84 53 38 42 34 37 41 156
  22 : 41 37 23 22 18 20 29 33 44 45 72 97 106 84 53 38 42 35 37 45 34 138
  23 : 41 37 23 22 18 20 29 33 44 45 72 97 106 84 53 38 42 35 37 45 37 16 125
 ... : 41 37 23 22 18 20 29 33 44 45 72 97 106 87 60 48 57 54 54 61 55 40 141
 ... : 41 37 23 22 18 20 29 33 44 45 72 97 106 87 60 46 56 63 83 95 96 79 157
  24 : 41 37 23 22 18 20 29 33 44 45 72 97 106 83 50 37 31 41 60 65 54 49 41 200
  25 : 41 37 23 22 18 20 29 33 44 45 72 97 106 83 50 37 31 41 60 63 53 45 41 42 191
  26 : 41 37 23 22 18 20 29 33 44 45 72 97 106 83 50 37 31 41 60 63 52 43 39 42 47 183
  27 : 41 37 23 22 18 20 29 33 44 45 72 97 104 82 50 37 31 37 48 48 35 21 20 17 20 20 256
  28 : 41 37 23 22 18 20 29 33 44 45 72 97 104 82 50 37 31 37 48 48 35 21 20 17 20 20 24 232
  29 : 41 37 23 22 18 20 29 33 44 45 72 97 104 82 50 37 31 37 48 48 35 21 20 17 20 20 23 24 211
  30 : 41 37 23 22 18 20 29 33 44 45 72 97 104 82 50 37 31 37 48 48 35 21 20 17 20 20 22 22 27 191
  31 : 41 37 23 22 18 20 29 33 44 45 72 97 104 82 50 37 31 37 48 48 35 21 20 17 20 20 22 22 28 25 171
  32 : 41 37 23 22 18 20 29 33 44 45 72 97 104 82 50 37 31 37 48 48 35 21 20 17 20 20 22 22 28 25 21 152
  33 : 41 37 23 22 18 20 29 33 44 45 72 97 104 82 50 37 31 37 48 48 35 21 20 17 20 20 22 22 28 25 21 9 143
  34 : 41 37 23 22 18 20 29 33 44 45 72 97 104 82 50 37 31 37 48 48 35 21 20 17 20 20 22 22 28 25 21 9 7 136
 ... : 41 37 23 22 18 20 29 33 44 45 72 97 104 82 50 37 31 37 48 48 35 21 18 14 17 17 19 24 40 43 35 26 13 152
  35 : 41 37 23 22 18 20 29 33 44 45 72 97 104 81 50 38 31 37 48 48 35 21 15 9 6 2 1 1 0 59 25 26 27 190 7
completing final invariant with sub-IC3 call...
num_solve_calls = 159812
num_solve_sat_calls = 64677
num_solve_unsat_calls = 7804
num_solve_approx_calls = 61156
num_solve_approx_unsat_calls = 22708
num_solve_conflicts = 70707
num_solve_decisions = 3915669
num_solve_propagations = 36297111
avg_solve_conflicts = 1
avg_solve_decisions = 25
avg_solve_propagations = 228
avg_solve_unsat_decisions = 0.399
stddev_solve_unsat_decisions = 1.038
num_added_cubes = 8738
num_subsumed_cubes = 7396
num_mic_down_calls = 21989
num_mic_down_good = 6113
num_added_ctgs = 1351
num_gc_frame = 169
num_reset = 20
num_try_blocking = 76572
get_bad_cube_time = 1.318
rec_block_cube_time = 7.228
propagate_forward_time = 3.634
generalize_model_time = 1.703
generalize_and_push_time = 6.600
ctg_time = 3.175
try_blocking_time = 10.394
reset_time = 0.135
clausify_time = 0.430
preprocess_time = 0.066
solve_time = 10.757
solve_sat_time = 8.342
solve_unsat_time = 2.416
prove_time = 12.552
memory_used_mb = 9
total_time = 12.649
Safe
