initialized model with 186 latches, 35 inputs and 1 properties
tsim: performed 11 steps
tsim: found cycle from 9
tsim: found 25 constants and 0 latch equivalences
seqsimpl: (186, 35) -> (161, 35)
checking bound 0
checking bound 1
checking bound 2
tdecomp: unrolling 2 cycles
tsim: reached all X state
tsim: performed 8 steps
tdecomp: no improvement found, reverting original model
   2 : 10 13
   3 : 6 9 13
   4 : 6 7 10 10
   5 : 6 7 10 13 7
   6 : 6 7 10 19 19 13
   7 : 6 7 11 18 31 19 18
   8 : 6 7 15 27 38 37 23 40
   9 : 6 7 15 27 38 37 29 29 35
 ... : 6 7 15 27 38 51 74 84 104
  10 : 6 7 15 27 36 46 88 74 122 85
 ... : 6 10 19 31 41 62 106 108 161 108
  11 : 6 12 25 42 54 62 57 66 152 63 88
  12 : 6 12 25 42 54 62 57 66 152 73 36 74
  13 : 6 12 25 42 54 62 57 66 152 75 58 73 76
 ... : 6 12 25 42 60 58 63 77 128 101 81 97 92
 ... : 6 12 25 42 60 65 120 188 255 129 108 116 94
 ... : 6 12 25 42 60 65 122 210 317 286 202 144 95
 ... : 6 12 25 42 60 65 120 213 328 343 372 246 102
 ... : 6 12 25 42 60 65 120 218 332 342 367 506 214
 ... : 6 12 25 42 60 65 120 219 345 403 459 567 215
 ... : 6 12 25 42 60 65 131 241 380 455 465 666 264
 ... : 6 12 25 42 60 65 131 240 372 492 603 840 294
 ... : 6 12 25 42 60 65 131 240 375 524 647 983 352
 ... : 6 12 25 42 60 65 130 237 397 582 710 1050 387
  14 : 6 12 25 42 60 63 106 150 188 283 359 574 693 443
 ... : 6 12 25 42 67 70 115 158 189 287 404 628 814 495
 ... : 6 12 25 44 77 88 147 211 221 320 413 628 815 496
 ... : 6 12 25 44 88 137 191 296 305 341 413 628 816 500
 ... : 6 12 25 44 88 135 197 309 346 473 460 628 816 501
 ... : 6 12 25 44 88 135 197 306 344 453 603 787 860 502
 ... : 6 12 25 44 88 135 197 306 345 450 627 951 1084 528
 ... : 6 12 25 44 88 135 197 306 349 455 653 1014 1319 602
  15 : 6 12 25 43 78 122 193 278 297 365 508 850 943 674 668
 ... : 6 12 25 43 79 140 214 320 309 377 518 856 987 816 704
 ... : 6 12 25 43 79 143 220 342 373 452 610 884 991 819 704
 ... : 6 12 25 43 79 143 219 341 376 450 625 1005 1171 866 705
 ... : 6 12 25 43 79 143 220 347 403 467 639 1019 1211 976 723
 ... : 6 12 25 43 107 158 225 351 404 478 640 1018 1233 1161 802
 ... : 6 15 24 40 103 169 284 372 406 478 640 1018 1233 1164 803
 ... : 14 24 37 56 128 188 283 377 393 478 642 1018 1233 1165 806
 ... : 14 24 37 56 126 200 258 342 358 449 643 1039 1234 1168 806
 ... : 14 33 53 92 150 205 296 363 395 481 655 1039 1234 1168 808
 ... : 14 33 53 92 153 246 330 406 439 482 617 936 1235 1170 808
 ... : 14 33 53 92 153 246 329 405 437 475 605 926 1165 1154 855
  16 : 14 32 54 83 107 155 237 238 268 410 488 715 952 1072 724 652
 ... : 14 32 54 83 107 155 237 239 311 434 580 753 956 1082 926 734
  17 : 14 32 54 83 107 155 237 243 313 433 548 769 931 1041 962 492 402
 ... : 14 32 54 83 107 155 237 243 313 440 568 794 938 1068 1021 668 480
 ... : 14 32 54 83 107 155 237 243 318 446 588 854 1054 1221 1107 685 482
 ... : 14 32 54 83 107 155 237 243 318 446 592 863 1076 1267 1222 882 530
 ... : 14 32 54 83 107 155 237 243 318 446 592 863 1077 1313 1372 1134 610
  18 : 14 32 54 83 107 155 237 243 318 441 594 840 1001 1186 1203 1162 575 368
 ... : 14 32 54 83 107 155 237 243 318 448 613 870 1008 1270 1338 1240 622 379
 ... : 14 32 54 83 107 155 237 243 318 448 613 870 1052 1360 1491 1327 783 427
 ... : 14 32 54 83 107 155 237 243 318 448 613 873 1074 1432 1577 1485 945 451
 ... : 14 32 54 83 107 155 237 243 318 448 613 873 1075 1453 1650 1649 1154 500
 ... : 14 32 54 83 107 155 237 243 318 448 613 872 1099 1501 1745 1738 1254 545
 ... : 14 32 54 83 107 155 237 243 318 448 613 871 1103 1529 1778 1870 1450 594
  19 : 14 32 54 83 107 155 237 243 318 447 614 858 1012 1349 1565 1793 1441 602 462
 ... : 14 32 54 83 107 155 237 243 318 447 614 858 1012 1348 1589 1827 1591 841 505
 ... : 14 32 54 83 107 155 237 243 318 447 614 858 1012 1367 1654 1915 1702 938 521
 ... : 14 32 54 83 107 155 237 243 318 447 614 858 1012 1370 1686 1950 1785 1151 581
 ... : 14 32 54 83 107 155 237 243 318 447 614 858 1023 1459 1781 2079 1880 1230 599
 ... : 14 32 54 83 107 155 237 243 318 447 614 858 1023 1467 1824 2107 1973 1539 679
 ... : 14 32 54 83 107 155 237 243 318 447 614 858 1023 1467 1847 2152 2061 1722 763
 ... : 14 32 54 83 107 155 237 243 318 447 614 862 1039 1507 1908 2227 2128 1741 763
 ... : 14 32 54 83 107 155 237 243 318 447 614 862 1042 1517 1927 2231 2153 1916 848
  20 : 14 32 54 83 107 155 237 243 318 447 614 851 1004 1461 1820 2086 1918 1841 804 518
 ... : 14 32 54 83 107 155 237 243 318 447 614 850 1004 1480 1851 2134 1930 1880 938 558
 ... : 14 32 54 83 107 155 237 243 318 447 614 850 1004 1479 1857 2172 2058 2099 976 558
 ... : 14 32 54 83 107 155 237 243 318 447 614 850 1004 1479 1857 2172 2054 2187 1481 659
 ... : 14 32 54 83 107 155 237 243 318 447 614 850 1004 1479 1870 2236 2155 2316 1611 693
 ... : 14 32 54 83 107 155 237 243 318 447 614 850 1004 1479 1872 2233 2212 2407 1718 727
 ... : 14 32 54 83 107 155 237 243 318 447 614 850 1004 1481 1877 2268 2286 2490 1909 777
 ... : 14 32 54 83 107 155 237 243 318 447 614 849 1021 1512 1943 2332 2365 2572 1940 778
 ... : 14 32 54 83 107 155 237 243 318 447 614 849 1020 1512 1959 2355 2386 2626 2095 845
 ... : 14 32 54 83 107 155 237 243 318 447 614 849 1019 1518 1965 2398 2471 2712 2217 892
 ... : 14 32 54 83 107 155 237 243 318 447 614 849 1019 1518 1967 2415 2540 2840 2350 915
 ... : 14 32 54 83 107 155 237 243 318 447 614 849 1019 1517 1977 2438 2554 2835 2530 993
  21 : 14 32 54 83 107 155 237 243 318 447 614 845 995 1466 1873 2173 2222 2518 2392 1221 444
 ... : 14 32 54 83 107 155 237 243 318 447 614 845 995 1466 1873 2173 2250 2557 2501 1482 498
 ... : 14 32 54 83 107 155 237 243 318 447 614 845 995 1468 1877 2196 2275 2576 2577 1626 529
 ... : 14 32 54 83 107 155 237 243 318 447 614 850 1010 1511 1974 2346 2424 2625 2580 1626 529
 ... : 14 32 54 83 107 155 237 243 318 447 614 850 1010 1518 1971 2330 2431 2696 2750 1666 529
 ... : 14 32 54 83 107 155 237 243 318 447 614 850 1010 1518 1981 2344 2449 2725 2825 1762 539
 ... : 14 32 54 83 107 155 237 243 318 447 614 850 1010 1517 1981 2343 2452 2717 2848 2104 631
 ... : 14 32 54 83 107 155 237 243 318 447 614 848 1006 1516 2019 2371 2521 2779 2875 2112 631
 ... : 14 32 54 83 107 155 237 243 318 447 614 847 1005 1521 2031 2370 2505 2765 2910 2285 690
 ... : 14 32 54 83 107 155 237 243 318 447 614 847 1004 1516 2017 2376 2519 2820 2983 2378 703
 ... : 14 32 54 83 107 155 237 243 318 447 614 847 1004 1517 2005 2354 2541 2927 3123 2546 733
 ... : 14 32 54 83 107 155 237 243 318 447 614 847 1004 1516 2002 2351 2542 2942 3212 2791 790
 ... : 14 32 54 83 107 155 237 243 318 447 614 847 1004 1528 2041 2380 2551 2965 3282 2903 820
 ... : 14 32 54 83 107 155 237 243 318 447 614 847 1004 1528 2041 2374 2570 2992 3291 2989 869
 ... : 14 32 54 83 107 155 237 243 318 447 614 847 1003 1526 2032 2361 2563 2989 3317 3212 981
  22 : 14 32 54 83 107 155 237 243 318 447 614 844 990 1457 1868 2060 2074 2285 2398 2458 1406 888
 ... : 14 32 54 83 107 155 237 243 318 447 614 844 990 1457 1871 2070 2098 2289 2416 2508 1541 918
 ... : 14 32 54 83 107 155 237 243 318 447 614 844 990 1457 1912 2097 2142 2337 2451 2507 1544 918
 ... : 14 32 54 83 107 155 237 243 318 447 614 844 990 1457 1921 2152 2189 2386 2529 2542 1551 918
 ... : 14 32 54 83 107 155 237 243 318 447 614 844 990 1457 1921 2179 2272 2483 2609 2658 1588 918
 ... : 14 32 54 83 107 155 237 243 318 447 614 844 990 1457 1921 2179 2270 2493 2595 2682 1812 981
 ... : 14 32 54 83 107 155 237 243 318 447 614 844 990 1457 1921 2178 2264 2485 2577 2658 1965 1053
 ... : 14 32 54 83 107 155 237 243 318 447 614 844 990 1457 1931 2220 2305 2504 2599 2623 1993 1069
 ... : 14 32 54 83 107 155 237 243 318 447 614 844 990 1461 1949 2238 2319 2464 2564 2645 2011 1070
 ... : 14 32 54 83 107 155 237 243 318 447 614 844 990 1461 1949 2237 2323 2471 2586 2708 2060 1083
 ... : 14 32 54 83 107 155 237 243 318 447 614 844 990 1461 1949 2237 2320 2460 2563 2705 2202 1164
 ... : 14 32 54 83 107 155 237 243 318 447 614 844 990 1466 1965 2268 2341 2478 2571 2724 2270 1213
 ... : 14 32 54 83 107 155 237 243 318 447 614 844 990 1466 1988 2299 2365 2495 2617 2806 2370 1265
  23 : 14 32 54 83 107 155 237 243 318 447 614 844 983 1454 1958 2224 2245 2320 2326 2362 2009 1154 943
 ... : 14 32 54 83 107 155 237 243 318 447 614 844 983 1454 1958 2224 2244 2327 2339 2389 2097 1271 982
 ... : 14 32 54 83 107 155 237 243 318 447 614 844 983 1454 1958 2225 2252 2343 2385 2446 2177 1434 1033
 ... : 14 32 54 83 107 155 237 243 318 447 614 844 983 1454 1958 2225 2266 2360 2410 2490 2230 1542 1081
 ... : 14 32 54 83 107 155 237 243 318 447 614 844 983 1454 1958 2225 2266 2364 2431 2564 2262 1614 1114
 ... : 14 32 54 83 107 155 237 243 318 447 614 844 983 1454 1958 2225 2266 2367 2436 2678 2556 1703 1126
 ... : 14 32 54 83 107 155 237 243 318 447 614 844 983 1454 1958 2225 2267 2367 2436 2687 2652 2030 1183
 ... : 14 32 54 83 107 155 237 243 318 447 614 844 983 1454 1958 2225 2271 2388 2477 2746 2743 2131 1200
 ... : 14 32 54 83 107 155 237 243 318 447 614 844 983 1454 1958 2225 2270 2395 2479 2775 2805 2226 1245
 ... : 14 32 54 83 107 155 237 243 318 447 614 844 983 1454 1958 2225 2270 2400 2487 2791 2826 2352 1314
  24 : 14 32 54 83 107 155 237 243 318 447 614 844 983 1453 1956 2218 2244 2302 2274 2560 2509 2124 1095 896
 ... : 14 32 54 83 107 155 237 243 318 447 614 844 983 1452 1956 2218 2244 2302 2276 2576 2536 2194 1190 931
 ... : 14 32 54 83 107 155 237 243 318 447 614 844 983 1452 1956 2218 2244 2300 2275 2579 2610 2296 1331 973
 ... : 14 32 54 83 107 155 237 243 318 447 614 844 983 1454 1961 2239 2257 2333 2293 2590 2641 2331 1428 1003
 ... : 14 32 54 83 107 155 237 243 318 447 614 844 983 1454 1962 2247 2271 2362 2353 2713 2751 2354 1428 1003
 ... : 14 32 54 83 107 155 237 243 318 447 614 844 983 1454 1962 2247 2270 2366 2364 2753 2852 2525 1470 1003
 ... : 14 32 54 83 107 155 237 243 318 447 614 844 983 1454 1962 2247 2270 2365 2374 2770 2861 2653 1671 1032
 ... : 14 32 54 83 107 155 237 243 318 447 614 844 983 1454 1962 2246 2268 2364 2377 2788 2906 2760 1959 1084
 ... : 14 32 54 83 107 155 237 243 318 447 614 844 983 1454 1962 2246 2268 2364 2375 2796 2929 2820 2220 1152
 ... : 14 32 54 83 107 155 237 243 318 447 614 844 983 1454 1962 2246 2266 2363 2375 2801 2953 2861 2401 1226
 ... : 14 32 54 83 107 155 237 243 318 447 614 844 983 1454 1962 2246 2266 2362 2363 2778 2958 2889 2493 1293
  25 : 14 32 54 83 107 155 237 243 318 447 614 841 978 1451 1950 2236 2248 2297 2300 2646 2657 2538 2298 1125 881
 ... : 14 32 54 83 107 155 237 243 318 447 614 841 978 1451 1950 2236 2248 2300 2299 2650 2651 2537 2339 1270 928
 ... : 14 32 54 83 107 155 237 243 318 447 614 841 978 1451 1950 2236 2254 2298 2285 2635 2648 2551 2372 1402 981
 ... : 14 32 54 83 107 155 237 243 318 447 614 841 978 1451 1950 2236 2254 2298 2286 2652 2697 2612 2475 1531 1018
 ... : 14 32 54 83 107 155 237 243 318 447 614 841 978 1451 1950 2236 2254 2301 2301 2663 2698 2621 2516 1569 1055
 ... : 14 32 54 83 107 155 237 243 318 447 614 841 978 1451 1950 2236 2254 2303 2310 2683 2726 2697 2593 1686 1081
 ... : 14 32 54 83 107 155 237 243 318 447 614 841 978 1451 1950 2236 2254 2303 2310 2683 2733 2733 2649 1804 1143
 ... : 14 32 54 83 107 155 237 243 318 447 614 841 978 1451 1950 2236 2254 2303 2316 2685 2747 2758 2740 1950 1182
 ... : 14 32 54 83 107 155 237 243 318 447 614 841 978 1451 1950 2236 2254 2303 2318 2691 2757 2795 2827 2082 1227
 ... : 14 32 54 83 107 155 237 243 318 447 614 841 978 1451 1950 2236 2254 2303 2318 2698 2758 2827 2923 2225 1272
 ... : 14 32 54 83 107 155 237 243 318 447 614 841 978 1451 1950 2236 2254 2303 2318 2709 2784 2948 3120 2421 1313
 ... : 14 32 54 83 107 155 237 243 318 447 614 841 978 1451 1950 2236 2257 2318 2338 2753 2832 3005 3198 2449 1323
 ... : 14 32 54 83 107 155 237 243 318 447 614 841 978 1451 1950 2236 2257 2317 2341 2769 2868 3030 3268 2539 1348
 ... : 14 32 54 83 107 155 237 243 318 447 614 841 978 1451 1950 2236 2257 2317 2341 2779 2889 3079 3345 2607 1380
  26 : 14 32 54 83 107 155 237 243 318 444 612 838 975 1451 1949 2235 2249 2296 2305 2693 2709 2866 3062 2498 1155 962
 ... : 14 32 54 83 107 155 237 243 318 444 612 838 975 1451 1949 2235 2249 2296 2305 2695 2716 2870 3077 2575 1366 1013
 ... : 14 32 54 83 107 155 237 243 318 444 612 838 975 1451 1949 2235 2249 2296 2330 2709 2763 2933 3118 2583 1373 1021
 ... : 14 32 54 83 107 155 237 243 318 444 612 838 975 1451 1949 2235 2249 2296 2332 2721 2797 3032 3317 2632 1374 1021
 ... : 14 32 54 83 107 155 237 243 318 444 612 838 975 1451 1949 2235 2249 2296 2332 2721 2796 3063 3387 2867 1423 1021
 ... : 14 32 54 83 107 155 237 243 318 444 612 838 975 1451 1949 2235 2249 2296 2332 2720 2796 3055 3392 2975 1844 1081
 ... : 14 32 54 83 107 155 237 243 318 444 612 838 975 1451 1949 2235 2249 2296 2332 2719 2789 3056 3397 3025 2219 1169
 ... : 14 32 54 83 107 155 237 243 318 444 612 838 975 1451 1949 2235 2249 2296 2332 2719 2790 3063 3429 3107 2386 1233
 ... : 14 32 54 83 107 155 237 243 318 444 612 838 975 1451 1949 2240 2254 2326 2388 2761 2807 3065 3427 3141 2509 1270
 ... : 14 32 54 83 107 155 237 243 318 444 612 838 975 1451 1949 2241 2260 2338 2401 2784 2889 3136 3462 3145 2511 1270
 ... : 14 32 54 83 107 155 237 243 318 444 612 838 975 1451 1949 2241 2259 2338 2404 2799 2899 3161 3583 3217 2516 1270
 ... : 14 32 54 83 107 155 237 243 318 444 612 838 975 1451 1949 2241 2259 2338 2404 2799 2898 3166 3685 3537 2595 1270
 ... : 14 32 54 83 107 155 237 243 318 444 612 838 975 1451 1949 2241 2259 2338 2404 2817 2940 3249 3793 3659 2636 1275
 ... : 14 32 54 83 107 155 237 243 318 444 612 838 975 1451 1949 2241 2259 2338 2403 2812 2955 3312 3904 3837 2698 1277
 ... : 14 32 54 83 107 155 237 243 318 444 612 838 975 1451 1949 2241 2259 2338 2403 2812 2955 3326 3953 3914 2822 1290
 ... : 14 32 54 83 107 155 237 243 318 444 612 838 975 1451 1949 2241 2259 2338 2403 2809 2953 3319 3957 3946 3207 1376
 ... : 14 32 54 83 107 155 237 243 318 444 612 838 975 1451 1949 2241 2259 2338 2403 2809 2952 3318 3990 4088 3548 1455
 ... : 14 32 54 83 107 155 237 243 318 444 612 838 975 1451 1949 2241 2259 2338 2403 2809 2952 3328 4042 4278 3925 1516
 ... : 14 32 54 83 107 155 237 243 318 444 612 838 975 1451 1949 2241 2262 2341 2400 2812 2964 3332 4038 4296 4030 1578
 ... : 14 32 54 83 107 155 237 243 318 444 612 838 975 1451 1948 2241 2262 2339 2393 2796 2943 3315 4030 4345 4163 1616
 ... : 14 32 54 83 107 155 237 243 318 444 612 838 975 1451 1948 2241 2262 2339 2395 2800 2945 3336 4041 4400 4240 1648
  27 : 14 32 54 83 107 155 237 243 318 444 612 838 974 1447 1944 2231 2253 2319 2331 2717 2705 2917 3497 3888 3869 1815 1102
 ... : 14 32 54 83 107 155 237 243 318 444 612 838 974 1447 1944 2231 2253 2319 2331 2717 2709 2921 3527 3952 3928 2004 1152
 ... : 14 32 54 83 107 155 237 243 318 444 612 838 974 1447 1944 2231 2253 2319 2331 2717 2709 2919 3556 4063 4114 2083 1157
 ... : 14 32 54 83 107 155 237 243 318 444 612 838 974 1447 1944 2231 2253 2319 2331 2717 2710 2922 3554 4054 4186 2276 1200
 ... : 14 32 54 83 107 155 237 243 318 444 612 838 974 1447 1944 2231 2253 2319 2331 2717 2708 2919 3550 4082 4299 2516 1257
