initialized model with 88 latches, 85 inputs and 1 properties
tsim: performed 3 steps
tsim: found cycle from 1
tsim: found 32 constants and 0 latch equivalences
seqsimpl: (88, 85) -> (56, 85)
checking bound 0
checking bound 1
checking bound 2
tdecomp: unrolling 2 cycles
tsim: reached all X state
tsim: performed 2 steps
tdecomp: no improvement found, reverting original model
   2 : 10 4
   3 : 11 8 5
   4 : 11 14 14 9
   5 : 5 4 4 5 42
   6 : 5 4 4 4 11 37
   7 : 5 4 4 2 8 12 33
   8 : 5 4 4 2 8 10 11 30
   9 : 5 4 4 2 8 9 16 18 23
  10 : 5 4 4 2 8 9 14 18 22 18
  11 : 5 4 4 2 8 9 14 18 22 36 8
  12 : 5 4 4 2 8 9 14 18 21 35 43 20
  13 : 5 4 4 2 8 9 14 18 21 33 57 32 23
  14 : 5 4 4 2 8 9 14 18 19 32 58 72 64 23
  15 : 5 4 4 2 8 9 14 15 22 31 46 56 72 79 30
  16 : 5 4 4 2 8 9 14 15 22 31 41 43 38 56 27 88
  17 : 5 4 4 2 8 9 14 15 22 31 41 43 38 56 36 24 70
  18 : 5 4 4 2 8 9 14 15 22 31 41 43 38 56 38 25 21 85
  19 : 5 4 4 2 8 9 14 15 22 31 41 43 38 56 38 25 29 6 87
  20 : 5 4 4 2 8 9 14 15 22 31 41 43 37 56 33 21 18 4 1 125
  21 : 5 4 4 2 8 9 14 15 22 31 41 43 37 56 33 21 18 4 1 0 125
num_solve_calls = 64599
num_solve_sat_calls = 13704
num_solve_unsat_calls = 11008
num_solve_approx_calls = 21068
num_solve_approx_unsat_calls = 14666
num_solve_conflicts = 27290
num_solve_decisions = 240699
num_solve_propagations = 13084808
avg_solve_conflicts = 1
avg_solve_decisions = 4
avg_solve_propagations = 203
avg_solve_unsat_decisions = 0.166
stddev_solve_unsat_decisions = 0.972
num_added_cubes = 2162
num_subsumed_cubes = 1669
num_mic_down_calls = 14841
num_mic_down_good = 10596
num_added_ctgs = 506
num_gc_frame = 78
num_reset = 5
num_try_blocking = 25268
get_bad_cube_time = 0.634
rec_block_cube_time = 2.837
propagate_forward_time = 0.782
generalize_model_time = 0.659
generalize_and_push_time = 2.691
ctg_time = 1.422
try_blocking_time = 3.499
reset_time = 0.042
clausify_time = 0.359
preprocess_time = 0.024
solve_time = 3.748
solve_sat_time = 2.531
solve_unsat_time = 1.218
prove_time = 4.604
memory_used_mb = 11
total_time = 4.641
Safe
