initialized model with 127 latches, 147 inputs and 1 properties
tsim: performed 3 steps
tsim: found cycle from 1
checking bound 0
checking bound 1
checking bound 2
tdecomp: unrolling 2 cycles
tsim: performed 2 steps
tsim: found cycle from 0
tsim: found 1 constants and 0 latch equivalences
tdecomp: (127, 588) -> (126, 419)
   2 : 1 0
   3 : 1 1 0
   4 : 1 1 1 0
   5 : 1 1 1 1 0
   6 : 1 1 1 1 1 0
   7 : 1 1 1 1 1 1 0
   8 : 1 1 1 1 1 1 1 0
   9 : 1 1 1 1 1 1 1 1 0
  10 : 1 1 1 1 1 1 1 1 1 0
  11 : 1 1 1 1 1 1 1 1 1 1 0
  12 : 1 1 1 1 1 1 1 1 1 1 1 0
  13 : 1 1 1 1 1 1 1 1 1 1 1 1 0
  14 : 1 1 1 1 1 1 1 1 1 1 1 1 1 0
  15 : 1 1 1 1 1 1 1 1 1 1 1 1 1 1 0
  16 : 1 1 1 1 1 1 1 1 1 1 1 1 1 1 1 0
  17 : 1 1 1 1 1 1 1 1 1 1 1 1 1 1 1 1 0
  18 : 1 1 1 1 1 1 1 1 1 1 1 1 1 1 1 1 1 0
  19 : 1 1 1 1 1 1 1 1 1 1 1 1 1 1 1 1 1 1 0
  20 : 1 1 1 1 1 1 1 1 1 1 1 1 1 1 1 1 1 1 1 0
  21 : 1 1 1 1 1 1 1 1 1 1 1 1 1 1 1 1 1 1 1 1 0
  22 : 1 1 1 1 1 1 1 1 1 1 1 1 1 1 1 1 1 1 1 1 1 1
  23 : 1 1 1 1 1 1 1 1 1 1 1 1 1 1 1 1 1 1 1 1 1 1 1
  24 : 1 1 1 1 1 1 1 1 1 1 1 1 1 1 1 1 1 1 1 1 1 1 1 1
  25 : 1 1 1 1 1 1 1 1 1 1 1 1 1 1 2 8 2 1 1 1 1 1 1 1 9
  26 : 1 1 1 1 1 1 1 1 1 1 1 1 1 1 2 8 2 1 1 1 1 1 1 1 1 8
  27 : 1 1 1 1 1 1 1 1 1 1 1 1 1 1 2 8 2 1 1 1 1 1 1 1 1 1 7
  28 : 1 1 1 1 1 1 1 1 1 1 1 1 1 1 2 8 2 1 1 1 1 1 1 1 1 1 1 8
  29 : 1 1 1 1 1 1 1 1 1 1 1 1 1 1 2 8 2 1 1 1 1 1 1 1 1 1 1 1 8
  30 : 1 1 1 1 1 1 1 1 1 1 1 1 1 1 2 8 2 1 1 1 1 1 1 1 1 1 1 1 1 9
  31 : 1 1 1 1 1 1 1 1 1 1 1 1 1 1 2 8 2 1 1 1 1 1 1 1 1 1 1 1 1 1 9
  32 : 1 1 1 1 1 1 1 1 1 1 1 1 1 1 2 8 2 1 1 1 1 1 1 1 1 1 1 1 1 2 1 9
 ... : 1 1 1 1 1 1 1 1 1 2 3 3 5 8 15 10 12 3 5 11 3 1 1 1 1 2 1 1 1 2 18 254
 ... : 1 1 1 1 1 1 1 1 1 2 3 2 3 5 11 6 7 8 11 11 9 9 27 46 19 2 1 1 1 2 17 288
  33 : 1 1 1 1 1 1 1 1 1 2 2 2 2 2 4 2 5 5 7 3 5 4 4 6 5 4 4 1 1 2 2 1 444
  34 : 1 1 1 1 1 1 1 1 1 2 2 2 2 2 4 2 5 5 7 3 5 4 4 6 5 4 4 1 1 2 2 1 1 430
  35 : 1 1 1 1 1 1 1 1 1 2 2 2 2 2 4 2 5 5 7 3 5 4 4 6 5 4 4 1 1 2 2 1 1 1 430
  36 : 1 1 1 1 1 1 1 1 1 2 2 2 2 2 4 2 5 5 7 3 5 4 4 6 5 4 4 1 1 2 2 1 1 1 1 430
  37 : 1 1 1 1 1 1 1 1 1 2 2 2 2 2 4 2 5 5 7 3 5 4 4 6 5 4 4 1 1 2 2 1 1 1 1 1 431
  38 : 1 1 1 1 1 1 1 1 1 2 2 2 2 2 4 2 5 5 7 3 5 4 4 6 5 4 4 1 1 2 2 1 1 1 1 1 1 430
  39 : 1 1 1 1 1 1 1 1 1 2 2 2 2 2 4 2 5 5 7 3 5 4 4 6 5 4 4 1 1 2 2 1 1 1 1 1 1 1 431
  40 : 1 1 1 1 1 1 1 1 1 2 2 2 2 2 4 2 5 5 7 3 5 4 4 6 5 4 4 1 1 2 2 1 1 1 1 1 1 1 1 432
  41 : 1 1 1 1 1 1 1 1 1 2 2 2 2 2 4 2 5 5 7 3 5 4 4 6 5 4 4 1 1 2 2 1 1 1 1 1 1 1 1 1 433
  42 : 1 1 1 1 1 1 1 1 1 2 2 2 2 2 4 2 5 5 7 3 5 4 4 6 5 4 4 1 1 2 2 1 1 1 1 1 1 1 1 1 1 434
  43 : 1 1 1 1 1 1 1 1 1 2 2 2 2 2 4 2 5 5 7 3 5 4 4 6 5 4 4 1 1 2 2 1 1 1 1 1 1 1 1 1 1 1 434
 ... : 1 1 1 1 1 1 1 1 1 2 2 2 2 2 4 3 6 8 12 3 12 6 7 33 23 3 3 2 1 2 2 1 1 1 2 1 1 2 3 1 1 10 471
 ... : 1 1 1 1 1 1 1 1 1 2 2 2 2 2 4 3 6 8 12 6 16 7 14 12 16 26 104 68 3 2 2 1 1 1 3 2 1 2 3 3 1 9 551
 ... : 1 1 1 1 1 1 1 1 1 2 2 2 2 2 4 3 6 8 12 6 16 7 12 11 13 15 27 65 193 171 22 1 1 1 3 3 2 3 3 4 5 9 640
 ... : 1 1 1 1 1 1 1 1 1 2 2 2 2 2 4 3 6 8 11 6 16 7 11 10 12 12 24 44 120 168 349 347 72 4 4 5 4 3 4 5 6 13 701
 ... : 1 1 1 1 1 1 1 1 1 2 2 2 2 2 4 3 6 8 11 6 14 7 11 9 10 6 18 32 87 111 195 216 336 418 149 7 5 3 4 5 7 14 756
 ... : 1 1 1 1 1 1 1 1 1 2 2 2 2 2 4 3 6 8 10 6 13 5 10 8 10 5 13 18 60 84 152 166 205 209 294 420 148 5 4 5 8 15 825
 ... : 1 1 1 1 1 1 1 1 1 2 4 9 7 6 9 8 21 17 17 17 18 6 10 8 10 5 5 12 53 74 147 152 191 188 200 401 272 29 5 5 8 15 952
 ... : 1 1 1 1 1 1 1 1 1 2 4 9 7 5 8 8 15 9 13 8 35 55 171 211 56 6 5 12 53 74 149 153 191 188 200 395 272 29 5 4 7 14 997
 ... : 1 1 1 1 1 1 1 1 1 2 4 9 7 5 8 8 15 9 13 6 27 29 86 98 122 80 188 130 61 74 150 153 190 189 200 389 274 34 6 2 3 14 982
 ... : 1 1 1 1 1 1 1 1 1 2 4 8 7 5 8 8 13 9 10 5 14 11 53 43 94 49 79 63 103 209 272 157 189 189 201 383 270 36 5 5 3 13 1047
 ... : 1 1 1 1 1 1 1 1 1 2 4 8 7 5 8 8 13 9 10 5 14 11 45 33 85 44 69 64 93 114 314 365 241 193 200 381 283 40 7 5 3 13 1085
 ... : 1 1 1 1 1 1 1 1 1 2 4 8 7 5 8 8 13 9 10 5 14 10 44 29 77 34 62 59 87 111 183 206 417 361 224 379 288 41 7 5 6 13 1097
 ... : 1 1 1 1 1 1 1 1 1 2 4 8 7 5 8 8 13 9 10 5 14 10 40 25 76 45 86 83 105 127 213 252 391 574 364 383 304 54 10 5 8 17 1145
 ... : 1 1 1 1 1 1 1 1 1 2 4 8 7 5 8 8 13 9 10 5 14 10 29 14 68 36 81 80 101 117 198 219 262 261 607 552 322 59 8 5 7 17 1192
 ... : 1 1 1 1 1 1 1 1 1 2 3 8 7 5 8 8 13 9 10 5 14 10 29 11 66 32 78 78 98 109 186 206 247 210 254 540 639 134 9 5 7 18 1205
 ... : 1 1 1 1 1 1 1 1 1 2 3 8 7 5 8 8 13 8 10 5 14 10 28 10 64 26 73 76 95 98 174 193 231 185 220 283 653 392 33 7 7 18 1226
 ... : 1 1 1 1 1 1 1 1 1 2 4 8 12 8 13 12 17 43 45 7 14 10 28 10 64 26 73 76 95 98 174 193 231 185 220 282 656 395 34 7 7 18 1274
 ... : 1 1 1 1 1 1 1 1 1 2 3 8 12 8 13 11 16 15 32 42 149 104 34 10 64 26 73 76 95 98 173 193 231 183 220 282 653 395 34 5 7 19 1305
 ... : 1 1 1 1 1 1 1 1 1 2 3 8 12 8 13 11 16 14 28 29 80 120 223 259 122 33 75 76 94 98 173 193 231 182 219 280 652 401 34 4 7 19 1311
 ... : 1 1 1 1 1 1 1 1 1 2 3 8 12 8 13 11 16 12 28 28 75 103 171 171 209 257 195 78 94 98 172 193 230 182 217 281 654 400 35 5 6 19 1335
 ... : 1 1 1 1 1 1 1 1 1 2 3 8 11 8 13 11 16 11 27 23 67 84 153 152 169 89 130 252 256 108 175 195 231 181 216 276 646 401 37 5 5 18 1352
 ... : 1 1 1 1 1 1 1 1 1 2 3 8 11 8 13 11 16 11 27 23 72 84 154 183 251 133 158 156 353 314 238 210 235 180 214 275 641 416 45 6 4 18 1400
 ... : 1 1 1 1 1 1 1 1 1 2 3 8 11 8 12 11 16 11 22 20 70 83 154 177 256 176 191 175 210 407 458 234 243 178 216 278 640 424 48 6 5 19 1413
 ... : 1 1 1 1 1 1 1 1 1 2 3 8 11 8 12 11 16 11 20 17 66 82 149 176 245 164 179 165 193 151 332 578 389 180 216 278 644 434 55 6 5 19 1446
 ... : 1 1 1 1 1 1 1 1 1 2 3 8 11 8 12 11 16 11 20 15 63 80 144 172 235 159 176 166 184 133 242 288 575 411 230 279 644 459 60 5 4 19 1477
 ... : 1 1 1 1 1 1 1 1 1 2 3 8 11 8 12 11 16 11 20 15 59 76 139 165 263 180 202 191 264 179 317 386 705 556 321 301 662 526 76 9 4 17 1562
 ... : 1 1 1 1 1 1 1 1 1 2 3 8 11 8 12 11 16 11 20 14 59 73 138 160 259 174 195 181 256 167 305 353 435 681 647 340 662 553 87 9 4 17 1595
