initialized model with 1213 latches, 504 inputs and 1 properties
tsim: performed 10 steps
tsim: found cycle from 8
tsim: found 696 constants and 0 latch equivalences
seqsimpl: (1213, 504) -> (509, 504)
checking bound 0
checking bound 1
checking bound 2
tdecomp: unrolling 2 cycles
tsim: reached all X state
tsim: performed 5 steps
tdecomp: no improvement found, reverting original model
   2 : 2 0
   3 : 11 2 2
   4 : 11 11 3 1
   5 : 11 11 4 3 0
   6 : 11 11 4 6 3 1
   7 : 11 11 4 6 6 3 3
   8 : 11 11 4 6 6 4 4 2
   9 : 11 11 4 6 6 4 5 1 4
  10 : 11 11 4 6 6 4 5 2 1 4
  11 : 11 11 4 6 6 4 5 2 1 2 4
  12 : 11 11 4 6 6 2 4 0 5 7 6 0
completing final invariant with sub-IC3 call...
num_solve_calls = 6263
num_solve_sat_calls = 1667
num_solve_unsat_calls = 901
num_solve_approx_calls = 1828
num_solve_approx_unsat_calls = 1069
num_solve_conflicts = 3557
num_solve_decisions = 418971
num_solve_propagations = 8945394
avg_solve_conflicts = 1
avg_solve_decisions = 67
avg_solve_propagations = 1429
avg_solve_unsat_decisions = 0.073
stddev_solve_unsat_decisions = 0.553
num_added_cubes = 105
num_subsumed_cubes = 43
num_mic_down_calls = 1351
num_mic_down_good = 873
num_added_ctgs = 46
num_gc_frame = 24
num_reset = 0
num_try_blocking = 2470
get_bad_cube_time = 0.547
rec_block_cube_time = 1.459
propagate_forward_time = 0.233
generalize_model_time = 0.444
generalize_and_push_time = 1.424
ctg_time = 0.756
try_blocking_time = 1.680
reset_time = 0.000
clausify_time = 1.781
preprocess_time = 0.031
solve_time = 2.011
solve_sat_time = 1.439
solve_unsat_time = 0.572
prove_time = 4.168
memory_used_mb = 28
total_time = 4.665
Safe
