initialized model with 197 latches, 38 inputs and 1 properties
tsim: performed 5 steps
tsim: found cycle from 3
tsim: found 89 constants and 0 latch equivalences
seqsimpl: (197, 38) -> (108, 38)
checking bound 0
checking bound 1
checking bound 2
tdecomp: unrolling 2 cycles
tsim: reached all X state
tsim: performed 2 steps
tdecomp: no improvement found, reverting original model
   2 : 20 1
   3 : 31 15 4
   4 : 31 14 2 4
   5 : 31 14 4 2 6
   6 : 31 14 4 2 3 3
   7 : 31 14 4 2 0 7 0
completing final invariant with sub-IC3 call...
num_solve_calls = 1394
num_solve_sat_calls = 612
num_solve_unsat_calls = 73
num_solve_approx_calls = 485
num_solve_approx_unsat_calls = 175
num_solve_conflicts = 715
num_solve_decisions = 39874
num_solve_propagations = 680338
avg_solve_conflicts = 1
avg_solve_decisions = 29
avg_solve_propagations = 489
avg_solve_unsat_decisions = 0.397
stddev_solve_unsat_decisions = 1.525
num_added_cubes = 93
num_subsumed_cubes = 35
num_mic_down_calls = 160
num_mic_down_good = 31
num_added_ctgs = 26
num_gc_frame = 13
num_reset = 0
num_try_blocking = 577
get_bad_cube_time = 0.074
rec_block_cube_time = 0.033
propagate_forward_time = 0.036
generalize_model_time = 0.039
generalize_and_push_time = 0.029
ctg_time = 0.007
try_blocking_time = 0.068
reset_time = 0.000
clausify_time = 0.188
preprocess_time = 0.004
solve_time = 0.132
solve_sat_time = 0.087
solve_unsat_time = 0.045
prove_time = 0.348
memory_used_mb = 9
total_time = 0.405
Safe
