initialized model with 464 latches, 468 inputs and 1 properties
tsim: performed 3 steps
tsim: found cycle from 1
checking bound 0
checking bound 1
checking bound 2
tdecomp: unrolling 2 cycles
tsim: performed 2 steps
tsim: found cycle from 0
tsim: found 1 constants and 0 latch equivalences
tdecomp: (464, 1872) -> (463, 1398)
   2 : 1 0
   3 : 2 1 0
   4 : 2 2 1 0
   5 : 2 2 3 2 0
   6 : 2 2 3 68 4 3
   7 : 2 2 3 68 161 6 11
   8 : 2 2 3 68 161 653 24 89
   9 : 2 2 3 68 161 653 3222 114 380
  10 : 2 2 3 68 161 653 3282 5424 430 917
