initialized model with 173 latches, 32 inputs and 1 properties
tsim: performed 5 steps
tsim: found cycle from 3
tsim: found 76 constants and 0 latch equivalences
seqsimpl: (173, 32) -> (97, 32)
checking bound 0
checking bound 1
checking bound 2
tdecomp: unrolling 2 cycles
tsim: reached all X state
tsim: performed 2 steps
tdecomp: no improvement found, reverting original model
   2 : 27 1
   3 : 44 34 2
   4 : 44 47 10 10
   5 : 44 47 14 2 11
   6 : 44 47 14 2 2 9
   7 : 44 47 14 2 0 12 0
completing final invariant with sub-IC3 call...
num_solve_calls = 3013
num_solve_sat_calls = 1307
num_solve_unsat_calls = 158
num_solve_approx_calls = 1006
num_solve_approx_unsat_calls = 328
num_solve_conflicts = 777
num_solve_decisions = 77728
num_solve_propagations = 999742
avg_solve_conflicts = 1
avg_solve_decisions = 26
avg_solve_propagations = 332
avg_solve_unsat_decisions = 0.025
stddev_solve_unsat_decisions = 0.251
num_added_cubes = 166
num_subsumed_cubes = 47
num_mic_down_calls = 380
num_mic_down_good = 77
num_added_ctgs = 45
num_gc_frame = 13
num_reset = 0
num_try_blocking = 1270
get_bad_cube_time = 0.085
rec_block_cube_time = 0.080
propagate_forward_time = 0.061
generalize_model_time = 0.056
generalize_and_push_time = 0.076
ctg_time = 0.032
try_blocking_time = 0.136
reset_time = 0.000
clausify_time = 0.143
preprocess_time = 0.004
solve_time = 0.193
solve_sat_time = 0.132
solve_unsat_time = 0.061
prove_time = 0.381
memory_used_mb = 9
total_time = 0.431
Safe
