initialized model with 315 latches, 79 inputs and 1 properties
tsim: performed 10 steps
tsim: found cycle from 8
tsim: found 12 constants and 0 latch equivalences
seqsimpl: (315, 79) -> (303, 79)
checking bound 0
checking bound 1
checking bound 2
tdecomp: unrolling 2 cycles
tsim: reached all X state
tsim: performed 7 steps
tdecomp: no improvement found, reverting original model
   2 : 28 7
   3 : 32 15 4
   4 : 32 19 12 4
   5 : 33 19 16 11 6
   6 : 33 19 16 15 8 3
   7 : 33 19 16 16 19 18 6
   8 : 33 19 16 16 19 28 23 9
 ... : 38 27 30 32 37 54 42 39
   9 : 37 28 28 25 33 52 52 19 29
 ... : 43 31 28 19 23 38 64 43 40
  10 : 42 34 27 16 14 33 50 47 20 43
  11 : 42 34 27 16 14 33 50 47 29 15 41
 ... : 49 37 27 19 20 45 66 58 31 28 50
  12 : 48 40 28 14 22 35 63 80 58 44 25 58
  13 : 48 40 28 14 22 35 63 81 87 84 85 27 58
 ... : 51 42 31 18 31 50 88 110 110 113 113 43 64
 ... : 51 42 31 18 31 52 97 142 213 262 246 65 68
 ... : 51 42 31 18 31 52 96 150 245 336 366 281 98
  14 : 49 43 30 16 31 52 95 146 236 321 339 285 53 76
 ... : 49 43 30 16 31 52 87 152 255 355 398 346 98 105
  15 : 49 43 30 16 30 51 78 136 247 349 367 381 155 67 80
 ... : 49 43 30 16 30 51 78 136 253 373 430 468 229 83 105
  16 : 49 43 30 16 30 51 78 135 245 355 407 478 322 132 38 103
 ... : 49 43 30 16 30 58 108 194 316 472 525 495 328 133 41 107
 ... : 49 43 30 16 30 57 117 217 373 571 711 643 347 135 41 107
 ... : 49 43 30 16 30 57 116 216 368 577 823 964 416 145 41 107
 ... : 49 43 30 16 30 58 123 217 360 573 805 929 576 214 49 107
 ... : 49 43 30 16 30 58 123 217 360 573 805 950 714 482 298 138
 ... : 49 43 30 16 30 58 122 216 363 637 876 1069 884 683 402 151
  17 : 49 43 30 16 30 56 116 209 322 599 800 1025 891 723 514 130 129
 ... : 49 43 30 16 30 56 116 209 322 598 807 1046 934 860 644 179 134
 ... : 49 43 30 16 30 56 116 209 323 599 826 1084 1019 998 773 205 135
 ... : 49 43 30 16 30 56 116 209 323 599 827 1089 1049 1053 920 374 170
  18 : 49 42 30 16 30 56 116 209 322 596 809 1076 1017 1056 982 537 138 145
 ... : 49 42 30 16 30 54 113 211 323 592 818 1124 1075 1132 1001 542 158 158
 ... : 49 42 30 16 30 53 108 212 320 559 768 1107 1070 1132 1006 545 162 159
 ... : 49 42 30 16 30 52 104 205 304 473 640 814 802 855 790 524 170 160
 ... : 49 42 30 16 30 52 106 215 306 486 667 914 954 868 791 524 172 160
 ... : 49 42 30 16 30 52 107 216 324 499 726 1020 1040 884 791 524 176 161
 ... : 49 42 30 16 30 52 106 210 318 490 719 1016 1058 995 941 648 276 177
 ... : 49 42 30 16 30 52 106 210 317 489 716 1004 1077 1032 996 763 535 225
 ... : 49 42 30 16 30 52 106 210 316 487 708 986 1127 1130 1163 840 549 226
  19 : 49 42 30 16 30 50 104 192 272 425 610 788 961 1030 1103 904 655 138 203
 ... : 49 42 30 16 30 50 104 192 272 428 612 794 1002 1155 1303 998 700 252 230
 ... : 49 42 30 16 30 50 104 192 272 428 612 794 1017 1176 1401 1389 1031 281 232
 ... : 49 42 30 16 30 50 104 194 297 473 649 804 1021 1187 1451 1451 1076 377 248
 ... : 49 42 30 16 30 50 103 212 331 512 740 925 1057 1186 1454 1451 1077 377 250
 ... : 49 42 30 16 30 50 103 212 331 514 755 980 1119 1255 1534 1490 1082 378 252
 ... : 49 42 30 16 30 50 103 212 331 518 771 994 1169 1336 1648 1518 1082 378 253
 ... : 49 42 30 16 30 50 103 212 331 518 771 994 1171 1341 1781 1869 1161 381 255
 ... : 49 42 30 16 30 50 103 212 331 518 771 997 1176 1346 1833 2094 1571 441 257
 ... : 49 42 30 16 30 50 103 212 331 518 771 997 1176 1349 1859 2237 1951 504 258
 ... : 49 42 30 16 30 50 103 212 331 518 771 1000 1183 1353 1882 2307 2181 704 284
 ... : 49 42 30 16 30 50 103 212 331 518 772 1003 1193 1360 1889 2327 2349 1111 344
 ... : 49 42 30 16 30 50 103 212 331 518 772 1003 1192 1359 1914 2411 2540 1527 396
 ... : 49 42 30 16 30 50 103 212 331 518 772 1003 1203 1404 1945 2447 2572 1683 443
 ... : 49 42 30 16 30 50 103 213 330 520 773 1013 1212 1420 1986 2517 2635 1695 445
 ... : 49 42 30 16 30 50 103 213 330 520 773 1014 1213 1436 2078 2675 2754 1718 448
 ... : 49 42 30 16 30 50 103 213 330 519 770 1010 1212 1440 2095 2717 2888 1816 464
 ... : 49 42 30 16 30 50 103 213 330 519 770 1009 1213 1457 2124 2773 3025 2023 489
 ... : 49 42 30 16 30 50 103 213 330 518 770 1009 1213 1453 2139 2814 3095 2278 536
 ... : 49 42 30 16 30 50 103 213 330 518 770 1009 1210 1465 2163 2869 3170 2364 558
 ... : 49 42 30 16 30 50 103 213 330 518 770 1009 1210 1467 2177 2938 3311 2640 605
 ... : 49 42 30 16 30 50 103 213 330 517 768 1003 1207 1471 2203 2995 3433 2814 643
  20 : 49 42 30 16 30 50 100 202 306 469 685 936 1159 1365 2053 2800 3130 2684 648 348
 ... : 49 42 30 16 30 50 100 202 306 468 685 939 1167 1376 2068 2856 3225 2760 678 365
 ... : 49 42 30 16 30 50 100 202 306 468 685 932 1167 1379 2086 2903 3285 2899 855 393
 ... : 49 42 30 16 30 50 100 202 306 468 685 932 1167 1383 2118 3018 3453 2942 902 408
 ... : 49 42 30 16 30 50 100 202 306 468 685 932 1167 1382 2122 3036 3519 3163 1129 432
 ... : 49 42 30 16 30 50 100 202 306 468 685 932 1167 1381 2123 3043 3551 3242 1381 476
  21 : 49 42 30 16 30 50 100 202 306 468 682 930 1151 1324 2078 3003 3495 3194 1367 262 329
 ... : 49 42 30 16 30 50 100 202 306 468 682 930 1151 1331 2103 3089 3635 3271 1386 271 335
 ... : 49 42 30 16 30 50 100 202 306 465 678 918 1136 1310 2070 3023 3540 3241 1299 284 353
 ... : 49 42 30 16 30 50 100 202 306 465 678 918 1136 1310 2072 3028 3564 3310 1448 392 384
 ... : 49 42 30 16 30 50 100 202 306 465 679 918 1138 1324 2101 3046 3579 3387 1568 572 418
 ... : 49 42 30 16 30 50 100 202 307 469 685 935 1156 1360 2163 3082 3576 3386 1567 572 419
 ... : 49 42 30 16 30 50 100 202 308 473 690 946 1180 1391 2201 3113 3582 3386 1567 572 423
 ... : 49 42 30 16 30 50 100 202 308 473 691 952 1194 1433 2273 3229 3728 3407 1567 572 423
 ... : 49 42 30 16 30 51 100 207 316 487 704 967 1218 1475 2320 3315 3792 3414 1561 571 422
 ... : 49 42 30 16 30 51 100 207 316 487 707 976 1227 1543 2415 3418 3828 3417 1561 571 426
 ... : 49 42 30 16 30 51 100 207 316 487 707 975 1226 1545 2436 3494 4049 3508 1570 571 429
 ... : 49 42 30 16 30 51 100 207 316 487 707 981 1237 1567 2471 3564 4158 3646 1586 572 431
 ... : 49 42 30 16 30 51 100 207 316 487 708 977 1236 1569 2496 3617 4222 3803 1605 574 435
 ... : 49 42 34 19 38 70 111 211 317 487 716 990 1247 1572 2496 3617 4222 3803 1605 574 435
 ... : 49 42 34 19 38 70 111 211 317 486 715 994 1250 1578 2511 3658 4303 3994 1647 574 437
 ... : 49 42 34 19 38 70 111 211 317 486 715 994 1250 1578 2507 3669 4334 4182 1842 606 437
 ... : 49 42 34 19 38 70 111 211 317 486 715 994 1250 1580 2509 3682 4369 4291 2147 666 440
 ... : 49 42 34 19 38 70 111 211 317 486 715 994 1250 1580 2509 3698 4421 4451 2462 801 453
 ... : 49 42 34 19 38 70 111 211 317 486 715 994 1250 1580 2509 3729 4541 4669 2889 1204 492
 ... : 49 42 34 19 38 70 111 211 317 486 715 994 1250 1580 2509 3732 4553 4697 3039 1525 532
 ... : 49 42 34 19 38 70 111 211 317 486 715 995 1258 1591 2526 3756 4579 4727 3122 1702 557
 ... : 49 42 34 19 38 70 111 211 317 486 715 995 1258 1590 2522 3752 4590 4757 3249 1990 583
 ... : 49 42 34 19 38 70 111 211 317 486 715 995 1260 1604 2567 3861 4734 4902 3309 2013 591
 ... : 49 42 34 19 38 70 111 211 317 486 715 995 1260 1604 2567 3870 4751 5011 3665 2232 616
 ... : 49 42 34 19 38 70 111 211 317 486 715 995 1259 1605 2577 3871 4750 5013 3745 2710 682
 ... : 49 42 34 19 38 70 111 211 317 486 715 995 1259 1605 2576 3880 4780 5064 3847 3011 750
  22 : 49 42 33 18 34 45 82 163 259 406 622 930 1216 1519 2416 3644 4493 4897 3945 2962 630 471
 ... : 49 42 33 18 34 45 82 163 259 406 622 930 1216 1519 2418 3651 4557 4960 3995 2984 730 516
 ... : 49 42 33 18 34 45 82 163 259 406 622 930 1216 1519 2417 3654 4597 5174 4311 3113 749 516
 ... : 49 42 33 18 34 45 82 163 259 406 622 930 1216 1519 2421 3666 4633 5233 4449 3266 785 517
  23 : 49 42 33 18 34 45 82 163 259 406 622 930 1214 1514 2412 3642 4609 5213 4452 3272 813 118 428
 ... : 49 42 33 18 34 45 82 163 259 406 622 930 1214 1514 2412 3642 4608 5247 4507 3414 1045 165 432
 ... : 49 42 33 18 34 45 82 163 259 406 622 930 1214 1514 2412 3642 4613 5255 4567 3600 1435 327 445
 ... : 49 42 33 18 34 45 82 163 259 406 622 930 1214 1514 2412 3642 4611 5249 4554 3605 1590 856 515
 ... : 49 42 33 18 34 45 82 163 259 406 622 930 1214 1512 2411 3642 4609 5239 4557 3621 1726 1035 553
 ... : 49 42 33 18 34 45 82 163 259 406 622 930 1214 1512 2414 3658 4632 5283 4679 3725 1848 1120 579
 ... : 49 42 33 18 34 45 82 163 259 406 622 930 1214 1512 2417 3669 4670 5324 4679 3716 1831 1115 586
 ... : 49 42 33 18 34 45 82 163 259 406 622 930 1214 1512 2417 3669 4669 5346 4727 3768 1873 1153 604
 ... : 49 42 33 18 34 45 82 163 259 406 622 930 1214 1512 2417 3669 4669 5345 4740 3852 2087 1326 627
 ... : 49 42 33 18 34 45 82 163 259 406 622 930 1214 1512 2417 3670 4681 5355 4755 3858 2119 1450 667
  24 : 49 42 33 18 34 45 82 163 259 406 622 929 1214 1507 2416 3651 4669 5344 4694 3779 2066 1435 351 488
 ... : 49 42 33 18 34 45 82 163 259 406 622 929 1214 1507 2416 3650 4699 5423 4878 3923 2115 1450 366 496
 ... : 49 42 33 18 34 45 82 163 259 406 622 929 1214 1507 2416 3650 4715 5522 5274 4124 2153 1452 366 501
 ... : 49 42 33 18 34 45 82 163 259 406 622 929 1214 1507 2416 3650 4713 5542 5398 4455 2572 1501 366 502
 ... : 49 42 33 18 34 45 82 163 259 406 622 929 1214 1507 2418 3654 4716 5565 5460 4604 2807 1627 375 506
 ... : 49 42 33 18 34 45 82 163 259 406 622 929 1214 1507 2418 3654 4716 5604 5690 4894 2922 1639 376 507
 ... : 49 42 33 18 34 45 82 163 259 406 622 929 1214 1507 2418 3654 4716 5631 5801 5213 3301 1683 376 508
 ... : 49 42 33 18 34 45 82 163 259 406 622 929 1214 1507 2418 3654 4716 5631 5810 5309 3593 2204 444 511
 ... : 49 42 33 18 34 45 82 163 259 406 622 929 1214 1507 2418 3654 4718 5638 5859 5372 3731 2552 504 512
 ... : 49 42 33 18 34 45 82 163 259 406 622 929 1214 1507 2418 3654 4718 5648 5901 5456 3900 2843 555 514
 ... : 49 42 33 18 34 45 82 163 259 405 622 929 1214 1507 2418 3654 4718 5684 5991 5613 4166 3069 589 515
 ... : 49 42 33 18 34 45 82 163 259 405 622 929 1214 1507 2418 3653 4715 5681 5994 5654 4339 3561 681 517
 ... : 49 42 33 18 34 45 82 163 259 405 622 929 1214 1507 2418 3670 4744 5721 6066 5805 4375 3561 683 517
 ... : 49 42 33 18 34 45 82 163 259 405 622 929 1214 1507 2418 3681 4778 5762 6163 5931 4589 3607 685 520
