initialized model with 56 latches, 60 inputs and 1 properties
tsim: performed 3 steps
tsim: found cycle from 1
checking bound 0
checking bound 1
checking bound 2
tdecomp: unrolling 2 cycles
tsim: performed 2 steps
tsim: found cycle from 0
tsim: found 1 constants and 0 latch equivalences
tdecomp: (56, 240) -> (55, 174)
   2 : 8 1
   3 : 145 5 2
   4 : 145 79 5 9
   5 : 145 79 49 8 17
 ... : 633 1040 412 114 142
 ... : 708 1519 1051 461 335
 ... : 766 1836 1724 852 418
 ... : 776 2016 2128 1615 595
 ... : 815 2159 2465 2700 838
 ... : 824 2278 2870 3821 1021
 ... : 834 2391 3016 4740 1262
   6 : 817 2164 2777 3596 1563 1247
 ... : 864 2381 3088 3819 1909 1323
 ... : 872 2482 3350 4303 2432 1420
 ... : 903 2664 3705 4641 2711 1505
 ... : 931 2782 4061 5141 3092 1561
 ... : 931 2855 4259 5673 4194 1772
 ... : 945 2957 4499 5954 4761 1930
 ... : 947 3010 4684 6233 5456 2125
 ... : 957 3058 4778 6466 6629 2443
 ... : 983 3183 5029 6789 7114 2594
 ... : 1012 3311 5247 7158 7786 2726
 ... : 1013 3340 5317 7296 8944 2998
 ... : 1020 3374 5378 7440 10097 3266
 ... : 1033 3475 5565 7717 10808 3436
 ... : 1067 3549 5821 8117 11259 3544
 ... : 1084 3607 5933 8411 12116 3747
   7 : 1072 3316 4554 7683 8362 5315 4036
 ... : 1081 3396 4749 8036 8694 5748 4162
 ... : 1091 3441 4876 8291 8988 6123 4235
 ... : 1095 3475 4971 8553 9331 6595 4344
 ... : 1096 3486 4988 8608 9486 7665 4645
 ... : 1102 3504 5032 8718 9665 8507 4860
 ... : 1106 3557 5252 9153 9967 8810 4945
