initialized model with 38 latches, 12 inputs and 1 properties
tsim: reached all X state
tsim: performed 7 steps
checking bound 0
checking bound 1
checking bound 2
tdecomp: unrolling 2 cycles
tsim: reached all X state
tsim: performed 5 steps
tdecomp: no improvement found, reverting original model
   2 : 8 4
   3 : 1 7 11
   4 : 1 6 8 6
   5 : 1 6 10 16 7
   6 : 2 6 8 19 22 5
num_solve_calls = 3033
num_solve_sat_calls = 935
num_solve_unsat_calls = 202
num_solve_approx_calls = 1293
num_solve_approx_unsat_calls = 827
num_solve_conflicts = 5701
num_solve_decisions = 32947
num_solve_propagations = 6862609
avg_solve_conflicts = 2
avg_solve_decisions = 11
avg_solve_propagations = 2263
avg_solve_unsat_decisions = 1.812
stddev_solve_unsat_decisions = 4.098
num_added_cubes = 159
num_subsumed_cubes = 76
num_mic_down_calls = 397
num_mic_down_good = 130
num_added_ctgs = 38
num_gc_frame = 13
num_reset = 0
num_try_blocking = 810
get_bad_cube_time = 0.882
rec_block_cube_time = 0.368
propagate_forward_time = 0.091
generalize_model_time = 0.244
generalize_and_push_time = 0.318
ctg_time = 0.134
try_blocking_time = 0.457
reset_time = 0.000
clausify_time = 0.744
preprocess_time = 0.115
solve_time = 1.327
solve_sat_time = 0.890
solve_unsat_time = 0.437
prove_time = 2.165
memory_used_mb = 26
total_time = 2.445
Unsafe
