initialized model with 28 latches, 8 inputs and 1 properties
tsim: reached all X state
tsim: performed 7 steps
checking bound 0
checking bound 1
checking bound 2
tdecomp: unrolling 2 cycles
tsim: reached all X state
tsim: performed 5 steps
tdecomp: no improvement found, reverting original model
   2 : 4 1
   3 : 3 2 5
   4 : 3 2 3 4
   5 : 3 2 5 14 3
   6 : 3 2 5 17 17 16
   7 : 3 2 5 17 15 3 32
   8 : 3 2 5 17 18 7 28 14
   9 : 3 2 5 17 18 7 19 17 25
  10 : 3 2 5 17 18 7 19 4 3 46
  11 : 3 2 5 17 18 7 19 4 1 0 50
num_solve_calls = 4956
num_solve_sat_calls = 1699
num_solve_unsat_calls = 290
num_solve_approx_calls = 1703
num_solve_approx_unsat_calls = 832
num_solve_conflicts = 5810
num_solve_decisions = 46911
num_solve_propagations = 1844250
avg_solve_conflicts = 2
avg_solve_decisions = 10
avg_solve_propagations = 373
avg_solve_unsat_decisions = 0.741
stddev_solve_unsat_decisions = 1.317
num_added_cubes = 377
num_subsumed_cubes = 251
num_mic_down_calls = 639
num_mic_down_good = 166
num_added_ctgs = 39
num_gc_frame = 34
num_reset = 0
num_try_blocking = 1958
get_bad_cube_time = 0.231
rec_block_cube_time = 0.133
propagate_forward_time = 0.059
generalize_model_time = 0.084
generalize_and_push_time = 0.120
ctg_time = 0.045
try_blocking_time = 0.184
reset_time = 0.000
clausify_time = 0.182
preprocess_time = 0.007
solve_time = 0.406
solve_sat_time = 0.272
solve_unsat_time = 0.134
prove_time = 0.624
memory_used_mb = 8
total_time = 0.648
Safe
