initialized model with 63 latches, 23 inputs and 1 properties
tsim: reached all X state
tsim: performed 5 steps
checking bound 0
checking bound 1
checking bound 2
tdecomp: unrolling 2 cycles
tsim: reached all X state
tsim: performed 4 steps
tdecomp: no improvement found, reverting original model
   2 : 9 1
   3 : 7 9 11
   4 : 7 9 9 4
   5 : 7 9 17 12 11
   6 : 7 8 16 37 37 14
   7 : 7 8 14 36 51 63 27
   8 : 6 5 8 19 44 128 92 39
   9 : 6 5 8 19 41 117 122 112 44
  10 : 6 5 8 19 41 116 116 138 124 60
  11 : 6 5 8 19 41 116 115 131 144 160 73
  12 : 6 5 8 19 41 116 114 125 127 180 164 92
  13 : 6 5 8 19 41 116 114 123 121 161 142 144 142
  14 : 6 5 8 19 41 116 114 122 121 150 122 128 131 190
