initialized model with 2404 latches, 224 inputs and 1 properties
tsim: performed 43 steps
tsim: found cycle from 41
tsim: found 110 constants and 54 latch equivalences
seqsimpl: (2404, 224) -> (2238, 100)
checking bound 0
checking bound 1
checking bound 2
tdecomp: unrolling 2 cycles
tsim: performed 41 steps
tsim: found cycle from 39
tsim: found 1 constants and 0 latch equivalences
tdecomp: (2238, 400) -> (2237, 196)
   2 : 18 23
   3 : 5 5 34
   4 : 5 5 4 30
   5 : 5 5 4 4 26
   6 : 5 5 4 4 15 11
   7 : 5 5 4 6 18 47 45
   8 : 5 5 4 6 18 47 17 28
 ... : 5 5 6 15 32 64 121 123
 ... : 6 6 8 19 36 71 142 166
 ... : 12 11 23 30 41 79 156 199
 ... : 12 12 24 31 43 90 173 222
 ... : 11 11 25 37 48 113 235 258
 ... : 8 18 33 50 55 124 295 283
 ... : 8 21 43 59 59 141 355 308
   9 : 5 19 26 43 33 34 110 170 330
 ... : 5 19 27 59 50 56 129 217 414
 ... : 6 20 30 81 67 106 166 244 425
 ... : 11 24 35 86 76 112 222 290 440
  10 : 11 24 32 58 71 85 178 224 163 352
  11 : 11 24 32 58 71 85 178 221 156 51 335
  12 : 11 24 32 58 71 85 178 221 156 71 25 345
  13 : 11 24 32 58 71 85 178 221 142 75 78 62 386
  14 : 11 24 32 58 71 85 178 221 142 75 78 55 23 385
  15 : 11 24 32 58 71 85 178 221 142 75 78 55 22 16 374
 ... : 11 24 32 58 71 85 178 221 142 73 81 86 65 125 487
  16 : 11 24 32 58 71 85 177 221 135 71 78 85 65 77 62 507
  17 : 11 24 32 58 71 85 177 221 133 68 72 88 65 76 66 22 546
  18 : 11 24 32 58 71 85 177 221 133 68 72 87 63 73 57 6 1 583
  19 : 11 24 32 58 71 85 177 221 133 68 72 87 63 73 57 6 1 1 582
  20 : 11 24 32 58 71 85 177 221 133 68 72 87 63 73 57 6 1 0 583 0
completing final invariant with sub-IC3 call...
num_solve_calls = 117355
num_solve_sat_calls = 42640
num_solve_unsat_calls = 6118
num_solve_approx_calls = 43912
num_solve_approx_unsat_calls = 22254
num_solve_conflicts = 44213
num_solve_decisions = 42126016
num_solve_propagations = 200762780
avg_solve_conflicts = 1
avg_solve_decisions = 359
avg_solve_propagations = 1711
avg_solve_unsat_decisions = 4.529
stddev_solve_unsat_decisions = 119.215
num_added_cubes = 8919
num_subsumed_cubes = 7097
num_mic_down_calls = 17170
num_mic_down_good = 4754
num_added_ctgs = 1555
num_gc_frame = 97
num_reset = 12
num_try_blocking = 52748
get_bad_cube_time = 4.131
rec_block_cube_time = 33.748
propagate_forward_time = 5.557
generalize_model_time = 6.293
generalize_and_push_time = 29.485
ctg_time = 12.293
try_blocking_time = 37.116
reset_time = 1.131
clausify_time = 4.365
preprocess_time = 0.474
solve_time = 38.348
solve_sat_time = 31.500
solve_unsat_time = 6.848
prove_time = 47.446
memory_used_mb = 36
total_time = 49.034
Safe
