initialized model with 5174 latches, 617 inputs and 1 properties
tsim: performed 21 steps
tsim: found cycle from 18
tsim: found 9 constants and 33 latch equivalences
seqsimpl: (5174, 617) -> (4849, 591)
checking bound 0
checking bound 1
checking bound 2
tdecomp: unrolling 2 cycles
tsim: performed 19 steps
tsim: found cycle from 16
tsim: found 2 constants and 0 latch equivalences
tdecomp: (4849, 2364) -> (4753, 1083)
 ... : 200
 ... : 401
 ... : 602
 ... : 803
 ... : 1004
 ... : 1205
 ... : 1406
 ... : 1607
   2 : 1565 86
 ... : 1577 154
 ... : 1550 248
 ... : 1574 318
 ... : 1586 416
 ... : 1610 522
 ... : 1649 634
 ... : 1649 736
 ... : 1692 843
 ... : 1701 945
 ... : 1695 1047
 ... : 1711 1148
 ... : 1723 1250
 ... : 1737 1353
 ... : 1786 1467
 ... : 1822 1570
 ... : 1851 1672
 ... : 1877 1771
 ... : 1918 1878
 ... : 1933 1989
 ... : 1963 2094
 ... : 1993 2204
 ... : 2009 2312
 ... : 2014 2415
 ... : 2031 2521
 ... : 2047 2626
 ... : 2054 2728
 ... : 2059 2831
 ... : 2058 2934
 ... : 2068 3037
 ... : 2085 3142
 ... : 2102 3249
 ... : 2147 3356
 ... : 2174 3469
 ... : 2200 3580
 ... : 2214 3683
 ... : 2236 3790
 ... : 2284 3905
 ... : 2301 4014
 ... : 2305 4116
 ... : 2318 4224
 ... : 2355 4333
 ... : 2370 4441
 ... : 2386 4556
 ... : 2421 4676
 ... : 2448 4788
 ... : 2481 4904
 ... : 2486 5006
 ... : 2497 5108
 ... : 2519 5214
 ... : 2554 5328
 ... : 2562 5434
 ... : 2564 5544
 ... : 2572 5648
 ... : 2576 5755
 ... : 2548 5856
 ... : 2561 5961
 ... : 2572 6074
 ... : 2577 6181
 ... : 2587 6289
 ... : 2601 6397
 ... : 2612 6509
 ... : 2622 6616
 ... : 2633 6723
 ... : 2641 6833
 ... : 2643 6938
 ... : 2637 7046
 ... : 2639 7157
 ... : 2681 7267
 ... : 2630 7368
 ... : 2611 7465
 ... : 2609 7562
 ... : 2608 7667
 ... : 2568 7767
   3 : 1598 4647 4156
 ... : 1595 4668 4337
   4 : 1538 4361 3317 1393
 ... : 1523 4357 3306 1476
 ... : 1501 4357 3308 1524
 ... : 1480 4357 3309 1572
 ... : 1471 4360 3332 1667
 ... : 1471 4360 3342 1791
 ... : 1470 4346 3321 1916
 ... : 1470 4328 3327 2031
 ... : 1470 4325 3372 2157
 ... : 1470 4321 3445 2282
 ... : 1470 4325 3520 2419
 ... : 1470 4319 3601 2566
 ... : 1470 4319 3625 2685
 ... : 1474 4340 3665 2746
 ... : 1474 4340 3708 2899
 ... : 1474 4317 3740 3025
 ... : 1474 4274 3706 3126
 ... : 1474 4246 3689 3233
 ... : 1474 4213 3687 3358
 ... : 1473 4186 3663 3476
 ... : 1473 4184 3697 3612
 ... : 1473 4184 3775 3774
 ... : 1473 4176 3807 3919
 ... : 1473 4177 3854 4045
 ... : 1473 4178 3901 4160
 ... : 1473 4177 3930 4276
 ... : 1473 4173 3964 4398
 ... : 1473 4169 3969 4524
 ... : 1473 4164 4008 4650
 ... : 1473 4161 4034 4805
 ... : 1473 4161 4053 4940
 ... : 1473 4157 4073 5054
 ... : 1473 4153 4100 5169
 ... : 1473 4151 4172 5287
 ... : 1473 4143 4197 5405
 ... : 1473 4142 4225 5533
 ... : 1473 4158 4259 5605
 ... : 1473 4161 4282 5727
 ... : 1473 4149 4307 5852
 ... : 1473 4144 4355 5993
 ... : 1473 4137 4425 6123
 ... : 1473 4136 4460 6253
 ... : 1473 4135 4500 6365
 ... : 1474 4143 4520 6468
 ... : 1477 4150 4553 6555
 ... : 1477 4161 4577 6641
 ... : 1477 4163 4596 6755
 ... : 1477 4164 4573 6867
   5 : 1472 3899 3961 3969 3774
 ... : 1472 3905 3949 3997 3873
 ... : 1472 3905 3935 4123 4014
   6 : 1472 3888 3925 4060 2237 2151
 ... : 1478 3892 3929 4059 2233 2233
 ... : 1486 3907 3956 4099 2247 2280
 ... : 1491 3918 3968 4127 2264 2341
 ... : 1496 3925 3986 4169 2291 2362
 ... : 1493 3930 3994 4202 2306 2405
 ... : 1492 3936 4006 4245 2323 2467
 ... : 1490 3941 4023 4281 2342 2493
tdecomp: completing cex trace with 2 initial steps
seqsimpl: completing cex trace with simulation
num_solve_calls = 738736
num_solve_sat_calls = 257353
num_solve_unsat_calls = 50990
num_solve_approx_calls = 329707
num_solve_approx_unsat_calls = 196449
num_solve_conflicts = 648167
num_solve_decisions = 331224912
num_solve_propagations = 3116424734
avg_solve_conflicts = 1
avg_solve_decisions = 449
avg_solve_propagations = 4219
avg_solve_unsat_decisions = 5.841
stddev_solve_unsat_decisions = 133.308
num_added_cubes = 38438
num_subsumed_cubes = 19803
num_mic_down_calls = 89737
num_mic_down_good = 30960
num_added_ctgs = 4306
num_gc_frame = 10
num_reset = 42
num_try_blocking = 206035
get_bad_cube_time = 229.083
rec_block_cube_time = 481.398
propagate_forward_time = 40.609
generalize_model_time = 146.868
generalize_and_push_time = 379.717
ctg_time = 105.939
try_blocking_time = 458.875
reset_time = 9.434
clausify_time = 7.002
preprocess_time = 4.139
solve_time = 692.118
solve_sat_time = 498.496
solve_unsat_time = 193.621
prove_time = 760.747
memory_used_mb = 73
total_time = 761.933
Unsafe
