1
b0
000000000000000000000000000000000000000000000000000000000000000000000000000000000000000000000000000000000000000
000000000001100110001011101010111100
000000000001100110001001101000111100
000000000001100110000001110000111100
000000000001100110001011111000111100
000000000001100110000011101010101100
000000000001100110000101101000101100
000000000001100110000100110010011100
000000000001100110000100110010011100
000000000001100110001000110010011100
000000000001000110001001110000110000
000000000001000110000001110010101000
000000000001000110001001100000101000
000000000001000110001001111000101000
000000000001000110001001110000001000
000000000001000000000001110000101000
000000000000100111001001111000111100
000000000000000111000001111010111000
000000000000000111000001111010111000
000000000010011001000001101000111000
000000000011100110000001101010101000
000000000010010111000010100000001000
000000000010001011000011100010001000
000000000011111011001011111000101000
000000000010001011000000100010011000
000000000010001000001011111000101000
000000000011011101001011110010101100
000000000000000010001011110010010000
000000000011001101000011110010011100
000000000011001101001011110010011100
000000000011001101000011110000111100
000000000011010100001010110000010100
000000000011010100001001110010101100
000000000001000000000011110010101100
000000000001000000000011110010101100
000000000011000111000011111000101100
000000000011000111001011111000101100
000000000011110111001011111000101100
000000000001010110000011111010101100
000000000001010110000011111010101100
000000000011010110001011111010111000
000000000000110110000011101000111000
000000000001110110001011101000111000
000000000000110110000001100010111000
000000000000101110001011111000111000
000000000010010000000001111010111000
000000000011011010000001111010111000
000000000011011011000001110000111000
000000000000000110001011110000110000
000000000000000110000001110000111000
000000000000000010000001110010101100
000000000000000010000001111010101100
000000000011101010001001111000101000
000000000001000111000001110010111000
000000000000000010011001100000101000
000000000011100111010011101010101000
000000000011011000000001111010111100
000000000001110110001001110010101100
000000000010111100001001100000011100
000000000011111000001011111000111100
000000000011111000001011111000101100
000000000001110110000001110010111100
000000000000010010001001110000111100
000000000000010010001001100010111100
000000000000010010000001111000101100
000000000011001011000001111010101100
000000000011000110001011111010101100
000000000011010011000001110000111100
000000000010000000000001101000100100
000000000011110110001000110000011000
000000000011011110000001110000111100
000000000011110110001001110000111100
000000000000000110000001110000111100
000000000000000110000001110000111100
000000000000000110001011111010111100
000000000011001110000011111010111100
000000000011101100000011111000111100
000000000011100110001001110010101100
000000000001100100000001110010100100
000000000011010001000001111010111100
000000000011010001000001110000111100
000000000010000111001001111000101100
000000000011110011001001100000101100
000000000000000000001001110000101000
000000000010000110001010110010001100
000000000011011111001011110010101100
000000000010011011001011111010111100
000000000011010001000010110000011000
000000000001000011000001111010111000
000000000000000111000001110010101000
000000000011111011000001110010101100
000000000011111011000001111000101100
000000000011110100001001111010111100
000000000011000111001001110000111100
000000000001010110001001110010111100
000000000010010111001001110000111100
000000000000110110001001111010110100
000000000000110110001001111010111100
000000000011110100001001110000111100
000000000011001101001001101000111100
000000000011001101001001111000011100
000000000011110110000001110000111100
000000000011011001000001100010111100
000000000000010000001001110000111000
000000000010010110001001101000111000
000000000010101001000011111000011000
000000000011010111001011111010111000
000000000001100111001011110000111000
000000000011110111001011110000110000
000000000011110111001011111010001000
000000000011100110001011111010001000
000000000011100110001011111000101000
000000000011100110001010110000011000
000000000000000000000011110000111000
000000000010110111001011111010111100
000000000011000011010011111010111100
000000000010110110010011110010111100
000000000001000101011011110000111100
000000000011010111010011101000101000
000000000011010111010011101000101000
000000000010010111010011101000101000
000000000001010111011011101010101100
000000000001110111011011111000101100
000000000011111010011011111000101100
000000000011010110010001111010111000
000000000011010111011011110000111000
000000000000010110011010110000011000
000000000011110110011010100010011100
000000000000010100010001111010111100
000000000011110110011000110000011000
000000000011010110011011111010111000
000000000011010110010011111010111000
000000000011010110010010110000011000
000000000011010000010010110000011000
000000000011010000010010110000011000
000000000011010000010010110000011000
000000000011010000010010110000011000
000000000011010000010010110000011000
000000000011010000010010110000011000
000000000011010000010010110000011000
000000000011010000010010110000011000
000000000011010000010010110000011000
000000000011010000010010110000011000
000000000011010000010010110000011000
000000000011010000010010110000011000
000000000011010000010010110000011000
000000000011010000010010110000011000
000000000011010000010010110000011000
000000000011010000010010110000011000
000000000011010000010010110000011000
000000000011010000010010110000011000
000000000011010000010010110000011000
000000000011010000010010110000011000
000000000011010000010010110000011000
000000000011010000010010110000011000
000000000011010000010010110000011000
000000000011010000010010110000011000
000000000011010000010010110000011000
000000000011010000010010110000011000
000000000011010000010010110000011000
000000000011010000010010110000011000
000000000011010000010011111010101000
000000000011010000010011111010101000
000000000011010000010011111010101000
000000000011010100010011110000101000
000000000011110110010011110000101000
000000000011110110010011110000101000
000000000011110110010011111010101000
000000000011110110010001111010101000
000000000011110111010011111010101000
000000000011110111010011111010101000
000000000011110111010011111010101000
000000000011110111010011111010101000
000000000011110111010011111010101000
000000000011110111010011111010101000
000000000011110111010011111010101000
000000000011110111010011111010101000
000000000011110111010011111010101000
000000000011110111010011111010101000
000000000011110111010011111010101000
000000000011110111010011111010101000
000000000011110111010011111010101000
000000000011110111010011111010101000
000000000011110111010011111010101000
000000000011110111010011111010101000
000000000011110111010011111010101000
000000000011110111010011111010101000
000000000011110111010011111010101000
000000000011110111010011111010101000
000000000011110111010011111010101000
000000000011110111010011111010101000
000000000011110111010011111010101000
000000000011110111010011111010101000
000000000011110111010011111010101000
000000000011110111010011111010101000
000000000011110111010011111010101000
000000000001010111010011111010101000
000000000001010111010011111010101000
000000000001010111010011111010101000
000000000001010110010011111010101000
000000000001010110010001111010101000
000000000001010110010001111010111000
000000000011010110010011101010111000
000000000011010110010001101010111000
000000000011010110010011101010111000
000000000001010111011001101000111000
000000000001010111011011101000111000
000000000001010111011011101000111000
000000000001010111011011101000111000
000000000001010111011001101000111000
000000000011010111011011101000111000
000000000011010111011001101000111000
000000000011010111011011101000111000
000000000011010111011001101000111000
000000000011010111011011101000111000
000000000011010111011011101000111000
000000000011010111011011101000111000
000000000011010111011011101000111000
000000000011010111011011101000111000
000000000011010111011011101000111000
000000000011010111011011101000111000
000000000011010111011011101000111000
000000000011010111011011101000111000
000000000011010111011011101000111000
000000000011010111011011101000111000
000000000011010111011011101000111000
000000000011010111011011101000111000
000000000011010111011011101000111000
000000000011010111011011101000111000
000000000011010111011011101000111000
000000000011010111011011101000111000
000000000011010111011011101000111000
000000000011010111011011101000111000
000000000011010111011011101000111000
000000000011010111011011101000111000
000000000011010111011011101000111000
000000000011010111011011101000111000
000000000011010111011011101000111000
000000000001010110011011100010111000
000000000011110110011011100000011000
000000000011110110011001100000011000
000000000011110110011001100000011000
000000000011110110011011100000011000
000000000011110110011001100000011000
000000000011110110011011100000011000
000000000011110110011001100000011000
000000000011110110011011100000011000
000000000011110110011011100000011000
000000000011110110011011100000011000
000000000011110110011011100000011000
000000000011110110011011100000011000
000000000011110110011001100000011000
000000000011110110011010110000011000
000000000011110110010000110000011000
000000000011110110010010110000011000
000000000011110110010010110000011000
000000000011110110010001111000101000
000000000011010110010011111010111000
000000000011010110010011111010111000
000000000010010111010011111010111000
000000000011010110010011101000111000
000000000011010001010010100010011000
000000000000010000010010100010011000
000000000000000000010011110010101000
000000000000000000010011100000101000
000000000000000000010011101000101000
000000000011010110010011101000111000
000000000011010110010011101000111000
000000000011010110010011101000111000
000000000011010110010011101000111000
000000000011010110010011101000111000
000000000011010110010011101000111000
000000000011010110010011101000111000
000000000011010110010011101000111000
000000000011010110010011101000111000
000000000011010110010011101000111000
000000000011010110010011101000111000
000000000011010110010011101000111000
000000000011010110010011101000111000
000000000011010110010011101000111000
000000000011010110010001101000111000
000000000011110110010011101000111000
000000000011110110010011101000111000
000000000011110110010011100010111000
000000000000010111010011111000111000
000000000000010111010001111000111000
000000000000010111010011111000111000
000000000000010111010011111000111000
000000000000010111010011111000111000
000000000011100111011011111010111000
000000000011100111011011111010111000
000000000011100111011011111010111000
000000000011100111011001111010111000
000000000011100111011001111010111000
000000000011100111011011111010111000
000000000011100111011011111010111000
000000000011100111011011111010111000
000000000011100111011011111010111000
000000000011100111011011111010111000
000000000011100111011011111010111000
000000000011100111011011111010111000
000000000011100111011011111010111000
000000000011100111011011111010111000
000000000011100111011011111010111000
000000000011100111011011111010111000
000000000011100111011011111010111000
000000000011100111011011111010111000
000000000011100111011011111010111000
000000000011100111011011111010111000
000000000011100111011011111010111000
000000000011100111011011111010111000
000000000011100111011011111010111000
000000000011100111011011111010111000
000000000011100111011011111010111000
000000000011100111011011111010111000
000000000011100111011011111010111000
000000000011100111011011111010111000
000000000011100111011011111010111000
000000000011100111011011111010111000
000000000011100111011011111010111000
000000000011100111011001111010111000
000000000011100111011011111010111000
000000000011100111011011111010111000
000000000011100111011011111010111000
000000000011100111011001111010111000
000000000011100111011001111010111000
000000000011100111011011111010111000
000000000011100111011011111010111000
000000000011100111011011111010111000
000000000011100111011011111010111000
000000000011100111011011111010111000
000000000011100111011011111010111000
000000000011100111011001111010111000
000000000011110111011001111010111000
000000000011110111011011111010111000
000000000011110111011011111010111000
000000000011110111011011111010111000
000000000011110111011011111010111000
000000000011110111011011111010111000
000000000011110111011011111010111000
000000000011110111011011111010111000
000000000011110111011011111010111000
000000000011110111011011111010111000
000000000011110111011011111010111000
000000000011110111011011111010111000
000000000011110111011011111010111000
000000000011110111011011111010111000
000000000011110111011011111010111000
000000000011110111011011111010111000
000000000011110111011011111010111000
000000000011110111011011111010111000
000000000011110111011011111010111000
000000000011110111011011111010111000
000000000011110111011011111010111000
000000000011110111011011111010111000
000000000011110111011011111010111000
000000000011110111011011111010111000
000000000011110110011010110000011000
000000000011110010011010110000011000
000000000011110010011010110000011000
000000000011110010011000110000011000
000000000011110010011010110000011000
000000000011110010011011111010111000
000000000011110010011011111010111000
000000000011110110011011111010111000
000000000011110110011001110000111000
000000000011110000011010100010011000
000000000011110110010010110000011000
000000000011110110010000110010001000
000000000011110110010010110000011000
000000000011110110010011110000111000
000000000011110110010011111010111000
000000000011110110010011111010111000
000000000011110110010001111010111000
000000000011110110010011110000111000
000000000011010110010011110000111000
000000000011010110010011110000111000
000000000011010110010011111010111000
000000000011010110010011111010111000
000000000011010111010011111010111000
000000000011010111010011111010111000
000000000011010111010011111010111000
000000000011010111010011111010111000
000000000011010110010011111010111000
000000000011010110010011111010111000
000000000011010110010011100000011000
000000000000010000010011100000011000
000000000000000000010011100010111100
000000000000000000010011100010111100
000000000000000000010011100010111100
000000000000000000010011100010111100
000000000000000000010011100010111100
000000000000000000010011100010111100
000000000000000000010011100010111100
000000000000000000010011100010111100
000000000000000000010011100010111100
000000000000000000010011100010111100
000000000000000000010011100010111100
000000000000000000010011100010111100
000000000000000000010011100010111100
000000000000000000010001100010111100
000000000000000000010011100010111100
000000000000000000010011100010111100
000000000000000000010001100010111100
000000000000000000010011100010111100
000000000000000000010001100010111100
000000000000000000010011100010111100
000000000000000000010011100010111100
000000000000000000010001100010111100
000000000000000000010011100010111100
000000000000000000010011100010111100
000000000000000000010001100010111100
000000000000000000010011100010111100
000000000000000000010001100010111100
000000000000000000010011100010111100
000000000000000000010011100010111100
000000000000000000010001100010111100
000000000000000000010011100010111100
000000000000000000010011100010111100
000000000000000000010011100010111100
000000000000000000010011101000111100
000000000011010110010011101000111000
000000000011010111010011100010111000
000000000011010010010011110000111000
000000000011010110010011110000111000
000000000011010110010010110000011000
000000000011010110010011111010101000
000000000011010110010011111010101000
000000000011010110010011111010101000
000000000011010110010011111010101000
000000000011010111010011111010101000
000000000011010101010011111010101000
000000000011010100010011111010101000
000000000000000110010011110000101000
000000000000000000010011110000101000
000000000000000000010011101010111000
000000000010010110011011101000111000
000000000010010110011011101000111000
000000000010010110011011101000111000
000000000010010110011011101000111000
000000000010010110011001101000111000
000000000010010110011011101000111000
000000000010010110011001101000111000
000000000001010110011001101000111000
000000000001000111011001101000111000
000000000001010111011001100010111000
000000000001010110011011111000111000
000000000010010110010011111010111000
000000000010010110010000100010011000
000000000000110100010001101000111000
000000000000010110010001101000111000
000000000001010111010001101000111000
000000000011010111010011101000111000
000000000010010111010001101010101000
000000000001010111010011100010001000
000000000000000000010011100010111000
000000000000000000010011111000111000
000000000011010111010011111010111100
000000000011010111010011111010111100
000000000011010111010011111010111100
000000000011010111010011111010111100
000000000011010111010011111010111100
000000000011010111010011111010111100
000000000011010111010011111010111100
000000000011000111010011111010111100
000000000011000111010011111010111100
000000000011000111010011111010111100
000000000011000111010011111010111100
000000000011000111010011111010111100
000000000011000111010011111010111100
000000000011000111010011111010111100
000000000011000111010011111010111100
000000000011000111010011111010111100
000000000011000111010011111010111100
000000000011000111010011111010111100
000000000011000111010011111010111100
000000000011000111010011111010111100
000000000011000111010011111010111100
000000000011000111010011111010111100
000000000011000111010011111010111100
000000000011000111010001111010111100
000000000011000111010011111010111100
000000000011000111010011111010111100
000000000011000111010001111010111100
000000000011000111010001111010111100
000000000011000111010001111010111100
000000000011000111010011111010111100
000000000011000111010011111010111100
000000000011000111010011111010111100
000000000011000111010011111010111100
000000000011000111010011111010111100
000000000011000111010001111010111100
000000000011000111010001111010111100
000000000011010111010001111010111100
000000000011010111010011111010111100
000000000011110111010011111010111100
000000000011110010010001111010111100
000000000011110010010011111010111100
000000000011110010010010100010011100
000000000000101000010011111010001100
000000000000010000010011101010011000
000000000000010000010011101010011000
000000000000010000010011101010011000
000000000000010000010011101010011000
000000000000010000010011101010011000
000000000000010000010011101010011000
000000000000010000010011101010011000
000000000000010000010011101010011000
000000000000010000010011101010011000
000000000000010000010011101010011000
000000000000010000010011101010011000
000000000000010000010011101010011000
000000000000010000010011100000011000
000000000010010111010011110010011000
000000000010010111010011110010011000
000000000010010111010011110010011000
000000000010010111010011110010011000
000000000010010111010011110010011000
000000000010010111010011110010011000
000000000010010111010011110010011000
000000000010010111010001110010011000
000000000010010111010011110010011000
000000000010010111010011110010011000
000000000010010111010011110010011000
000000000010010111010011110010011000
000000000010010111010001110010011000
000000000010010111010001110010011000
000000000010010111010011110010011000
000000000010010111010001110010011000
000000000010010111010011110010011000
000000000010010111010011110010111000
000000000010010111010011110010111000
000000000010010111010011110010111000
000000000010010111010001111010111000
000000000010010111010011111010111000
000000000010010111010011111010111000
000000000010010111010011111010111000
000000000010010111010011111010111000
000000000010010111010011111010111000
000000000010010111010011111010111000
000000000010010111010011111010111000
000000000010010111010011111010111000
000000000010010111010011111010111000
000000000010010111010011111010111000
000000000010010111010011111010111000
000000000010010111010011111010111000
000000000010010111010011111010111000
000000000010010111010011111010111000
000000000010010111010011111010111000
000000000010010111010011111010111000
000000000010010111010011111010111000
000000000010000011010011111010111000
000000000011000001010011111010111000
000000000011000001010010100010011000
000000000000000000010011111000011000
000000000011101100010011101000001000
000000000011101100010011101000001000
000000000011101100010011101000001000
000000000011101100010011101000001000
000000000011101100010011101000001000
000000000011101100010001101000001000
000000000011101100010011101000001000
000000000011101100010011101000001000
000000000011101100010001101000001000
000000000011101100010001101000001000
000000000011101100010001101000001000
000000000011101100010001101000001000
000000000011101100010001101000001000
000000000011101100010011101000001000
000000000011101100010011101000001000
000000000011101100010011101000001000
000000000011101100010001101000001000
000000000011101100010001101000001000
000000000011101100010001101000001000
000000000011101100010001101000001000
000000000011101100010011101000001000
000000000011101100010011101000001000
000000000011101100010011101000001000
000000000011101100010011100000101000
000000000011101100010011100000101000
000000000011101100010011100000101000
000000000011101100010011100000101000
000000000011101100010011100000101000
000000000011101100010011100000101000
000000000011101100010011100000101000
000000000011101100010011100000101000
000000000011101100010011100000101000
000000000011101100010011100000101000
000000000011101100010011100000101000
000000000011101100010011100000101000
000000000011101100010011100000101000
000000000011101100010011100000101000
000000000011101100010011100000101000
000000000011101100010011110010101000
000000000011101100010011110010101000
000000000011101100010011110010101000
000000000011101100010011101000100000
000000000011101100010011101000101000
000000000011101100010010100000001000
000000000000100000010011100010111000
000000000011101100010011100010111100
000000000011101100010011100010111100
000000000011101100010011100010111100
000000000011101100010011100010111100
000000000011101100010011100010111100
000000000011101100010011100010111100
000000000011101100010011100010111100
000000000011101100010011100010111100
000000000011101100010011100010111100
000000000000000000010001110010101000
000000000000000000010001110010101000
000000000000000000010001110010101000
000000000000000000010001110010101000
000000000000000000010001110010101000
000000000000000000010001100000101000
000000000000000000010001100000101000
000000000000000000010001100000101000
000000000000000000010000100010101000
000000000000000000010000100010101000
xxxxxxxxxx0xxxxxxxx1x0x0010x10000xxx
xxxxxxxxxx0xxxxxxxx1xxxx1xxxxxxx1xxx
xxxxxxxxxxxxxxxxxxx1xxxxxxxxxxxxxxxx
xxxxxxxxxxxxxxxxxxx1xxxxxxxxxxxxxxxx
xxxxxxxxxxxxxxxxxxxxxxxxxxxxxxxxxxxx
.
