initialized model with 13 latches, 3 inputs and 1 properties
tsim: performed 8 steps
tsim: found cycle from 6
checking bound 0
checking bound 1
checking bound 2
tdecomp: unrolling 2 cycles
tsim: performed 6 steps
tsim: found cycle from 4
tsim: found 1 constants and 0 latch equivalences
tdecomp: (13, 12) -> (12, 6)
   2 : 2 5
   3 : 2 4 3
   4 : 2 4 2 6
   5 : 2 4 2 3 5
   6 : 2 4 2 3 3 8
   7 : 2 4 2 3 3 7 3
   8 : 2 4 2 3 5 7 5 12
   9 : 2 4 2 3 5 7 6 6 11
  10 : 2 4 2 3 5 7 6 6 5 12
  11 : 2 4 2 3 5 7 6 6 4 4 12
  12 : 2 4 2 3 5 7 6 6 4 4 10 6
  13 : 2 4 2 3 5 7 6 6 4 4 8 5 13
  14 : 2 4 2 3 5 7 6 6 4 4 8 5 10 6
  15 : 2 4 2 3 5 7 6 6 4 4 8 5 3 11 6
  16 : 2 4 2 3 5 7 6 6 3 5 7 6 3 12 9 13
  17 : 2 4 2 3 5 7 6 6 3 5 7 6 3 12 7 8 10
  18 : 2 4 2 3 5 7 6 6 3 5 7 6 3 12 7 6 8 11
  19 : 2 4 2 3 5 7 6 6 3 5 7 6 3 12 7 6 2 8 11
  20 : 2 4 2 3 5 7 6 6 3 5 7 6 3 12 7 6 2 4 2 21
  21 : 2 4 2 3 5 7 6 6 3 5 7 6 3 12 7 6 2 4 2 7 15
  22 : 2 4 2 3 5 7 6 6 3 5 7 6 3 12 7 6 2 4 2 3 6 15
  23 : 2 4 2 3 5 7 6 6 3 5 7 6 3 12 7 6 2 4 2 2 6 3 19
  24 : 2 4 2 3 5 7 6 6 3 5 7 6 3 12 7 6 2 4 2 2 6 3 2 19
  25 : 2 4 2 3 5 7 6 6 3 5 7 6 3 12 7 6 2 4 2 2 6 3 2 3 17
  26 : 2 4 2 3 5 7 6 6 3 5 7 6 3 12 7 6 2 4 2 2 6 3 2 1 3 17
  27 : 2 4 2 3 5 7 6 6 3 5 7 6 3 12 7 6 2 4 2 2 6 3 2 1 3 1 20
  28 : 2 4 2 3 5 7 6 6 3 5 7 6 3 12 7 6 2 4 2 2 6 3 2 1 3 1 1 19
  29 : 2 4 2 3 5 7 6 6 3 5 7 6 3 12 7 6 2 4 2 2 6 3 2 1 3 1 1 0 20
completing final invariant with sub-IC3 call...
num_solve_calls = 11314
num_solve_sat_calls = 5080
num_solve_unsat_calls = 344
num_solve_approx_calls = 4183
num_solve_approx_unsat_calls = 1114
num_solve_conflicts = 5944
num_solve_decisions = 59193
num_solve_propagations = 478202
avg_solve_conflicts = 1
avg_solve_decisions = 6
avg_solve_propagations = 43
avg_solve_unsat_decisions = 0.355
stddev_solve_unsat_decisions = 0.802
num_added_cubes = 528
num_subsumed_cubes = 397
num_mic_down_calls = 1008
num_mic_down_good = 194
num_added_ctgs = 22
num_gc_frame = 88
num_reset = 1
num_try_blocking = 5207
get_bad_cube_time = 0.033
rec_block_cube_time = 0.144
propagate_forward_time = 0.083
generalize_model_time = 0.039
generalize_and_push_time = 0.133
ctg_time = 0.042
try_blocking_time = 0.221
reset_time = 0.000
clausify_time = 0.030
preprocess_time = 0.001
solve_time = 0.212
solve_sat_time = 0.155
solve_unsat_time = 0.057
prove_time = 0.298
memory_used_mb = 7
total_time = 0.746
Safe
