initialized model with 54 latches, 8 inputs and 1 properties
tsim: reached all X state
tsim: performed 4 steps
checking bound 0
checking bound 1
checking bound 2
tdecomp: unrolling 2 cycles
tsim: reached all X state
tsim: performed 2 steps
tdecomp: no improvement found, reverting original model
   2 : 30 43
   3 : 19 48 62
   4 : 19 35 79 83
   5 : 19 35 78 149 95
 ... : 21 37 82 264 237
   6 : 23 37 51 147 288 133
 ... : 23 37 51 148 353 324
   7 : 23 40 50 118 171 197 251
   8 : 23 40 50 118 171 185 200 172
 ... : 23 40 50 119 174 189 302 281
   9 : 23 40 49 118 159 138 101 60 384
  10 : 23 40 49 118 159 138 100 54 27 372
  11 : 23 40 49 118 159 138 100 54 27 7 365
  12 : 23 40 49 118 159 138 100 54 27 7 0 365
num_solve_calls = 67001
num_solve_sat_calls = 20690
num_solve_unsat_calls = 5457
num_solve_approx_calls = 23047
num_solve_approx_unsat_calls = 13090
num_solve_conflicts = 41469
num_solve_decisions = 349915
num_solve_propagations = 10693102
avg_solve_conflicts = 1
avg_solve_decisions = 6
avg_solve_propagations = 160
avg_solve_unsat_decisions = 0.624
stddev_solve_unsat_decisions = 1.608
num_added_cubes = 4855
num_subsumed_cubes = 3775
num_mic_down_calls = 10054
num_mic_down_good = 4254
num_added_ctgs = 541
num_gc_frame = 45
num_reset = 6
num_try_blocking = 26800
get_bad_cube_time = 1.025
rec_block_cube_time = 2.484
propagate_forward_time = 0.973
generalize_model_time = 0.680
generalize_and_push_time = 2.277
ctg_time = 1.028
try_blocking_time = 3.294
reset_time = 0.028
clausify_time = 0.099
preprocess_time = 0.016
solve_time = 4.073
solve_sat_time = 2.707
solve_unsat_time = 1.367
prove_time = 4.577
memory_used_mb = 9
total_time = 4.595
Safe
