initialized model with 77 latches, 5 inputs and 1 properties
tsim: performed 7 steps
tsim: found cycle from 5
checking bound 0
checking bound 1
checking bound 2
tdecomp: unrolling 2 cycles
tsim: performed 5 steps
tsim: found cycle from 3
tsim: found 2 constants and 0 latch equivalences
seqsimpl: found 2 latch equivalences
tdecomp: (77, 20) -> (73, 15)
   2 : 21 16
   3 : 27 47 18
   4 : 27 58 47 20
   5 : 30 65 124 70 56
 ... : 30 64 127 239 163
   6 : 30 61 122 318 115 111
   7 : 30 61 122 318 156 44 130
   8 : 30 61 122 318 156 75 35 148
   9 : 30 61 122 318 150 72 47 23 152
  10 : 30 61 122 318 150 72 47 28 11 165
  11 : 30 61 122 318 150 72 47 29 19 11 182
  12 : 30 61 122 318 150 72 47 29 19 18 6 194
  13 : 30 61 122 318 150 72 47 29 19 18 6 9 193
  14 : 30 61 122 318 150 72 47 29 19 18 6 9 7 190
  15 : 30 61 122 318 150 72 47 29 19 18 6 9 4 5 196
  16 : 30 61 122 318 150 72 46 28 19 18 6 9 4 5 3 198
  17 : 30 61 122 318 150 72 46 28 19 18 6 9 4 5 4 0 204
completing final invariant with sub-IC3 call...
num_solve_calls = 55083
num_solve_sat_calls = 23601
num_solve_unsat_calls = 2368
num_solve_approx_calls = 22584
num_solve_approx_unsat_calls = 8084
num_solve_conflicts = 20460
num_solve_decisions = 1260385
num_solve_propagations = 6920638
avg_solve_conflicts = 1
avg_solve_decisions = 23
avg_solve_propagations = 126
avg_solve_unsat_decisions = 0.528
stddev_solve_unsat_decisions = 1.640
num_added_cubes = 3492
num_subsumed_cubes = 2396
num_mic_down_calls = 7372
num_mic_down_good = 1723
num_added_ctgs = 550
num_gc_frame = 66
num_reset = 6
num_try_blocking = 27088
get_bad_cube_time = 0.312
rec_block_cube_time = 1.631
propagate_forward_time = 1.264
generalize_model_time = 0.320
generalize_and_push_time = 1.524
ctg_time = 0.788
try_blocking_time = 2.741
reset_time = 0.023
clausify_time = 0.134
preprocess_time = 0.012
solve_time = 2.800
solve_sat_time = 2.295
solve_unsat_time = 0.505
prove_time = 3.329
memory_used_mb = 10
total_time = 4.371
Safe
