initialized model with 1422 latches, 304 inputs and 1 properties
tsim: performed 41 steps
tsim: found cycle from 39
checking bound 0
checking bound 1
checking bound 2
tdecomp: unrolling 2 cycles
tsim: performed 39 steps
tsim: found cycle from 37
tsim: found 2 constants and 0 latch equivalences
seqsimpl: found 1 latch equivalences
tdecomp: (1422, 1216) -> (1419, 244)
 ... : 200
 ... : 401
   2 : 52 531
   3 : 36 16 560
 ... : 33 18 637
 ... : 33 19 670
   4 : 30 11 98 589
   5 : 28 10 89 76 677
 ... : 28 10 89 75 735
 ... : 28 10 89 71 767
   6 : 28 10 89 27 116 709
 ... : 29 11 89 29 86 830
 ... : 34 10 89 42 87 859
 ... : 36 11 89 54 87 885
 ... : 36 11 89 66 117 915
 ... : 36 12 89 70 163 962
 ... : 37 11 89 77 212 1009
 ... : 37 11 89 77 234 1076
   7 : 36 10 89 75 204 404 798
 ... : 31 8 88 75 204 408 965
 ... : 31 8 88 75 204 410 1140
 ... : 31 8 88 75 204 410 1341
 ... : 31 8 88 76 210 420 1514
 ... : 31 8 88 76 218 462 1610
   8 : 31 7 87 73 212 401 583 1170
   9 : 31 7 87 73 212 401 585 300 924
 ... : 33 10 89 75 214 403 593 311 980
 ... : 33 10 89 75 214 403 616 354 1106
 ... : 33 10 89 75 214 401 701 456 1177
 ... : 33 10 89 75 214 401 712 547 1244
  10 : 32 10 89 75 214 399 586 593 280 1036
 ... : 32 10 89 75 214 399 589 592 294 1159
  11 : 32 9 89 75 214 399 588 585 239 270 970
 ... : 31 9 89 75 214 399 589 588 245 279 1089
 ... : 31 9 89 75 214 399 589 588 246 282 1177
 ... : 31 9 89 75 214 399 589 591 256 310 1246
 ... : 31 9 89 75 214 399 589 597 276 340 1295
 ... : 31 9 89 75 214 399 591 617 319 366 1299
 ... : 32 9 89 75 214 399 604 626 339 384 1335
  12 : 32 7 89 75 214 399 598 615 309 298 443 1005
 ... : 32 7 89 75 214 399 598 615 309 295 414 1185
 ... : 32 7 89 75 214 399 598 619 321 299 429 1274
 ... : 32 7 89 75 214 399 598 619 321 299 447 1324
  13 : 32 7 89 75 214 398 598 617 318 296 292 385 1153
 ... : 32 7 89 75 214 398 602 621 328 300 295 385 1212
  14 : 32 7 89 75 214 398 599 618 319 231 167 193 314 1222
 ... : 32 7 89 75 214 398 599 618 320 236 171 194 252 1353
  15 : 32 7 89 75 214 398 599 617 322 236 181 186 161 370 1143
 ... : 32 7 89 75 214 398 615 624 323 238 185 189 154 370 1170
 ... : 32 7 89 75 214 398 619 624 325 238 186 189 153 296 1271
  16 : 32 7 89 75 214 398 617 626 335 243 180 189 150 197 124 1279
 ... : 32 7 89 75 214 398 617 626 335 243 180 189 150 196 104 1409
 ... : 32 7 89 75 214 398 617 626 335 243 180 189 150 171 105 1494
  17 : 32 7 89 75 214 398 617 625 334 242 177 188 143 174 87 263 1336
 ... : 32 7 89 75 214 398 617 625 334 242 177 188 143 174 80 253 1507
  18 : 32 7 89 75 214 398 617 625 334 242 177 188 143 174 77 195 297 1355
 ... : 32 7 89 75 214 398 617 625 334 242 177 188 143 174 75 175 215 1519
  19 : 31 7 89 75 214 398 617 625 334 242 177 188 143 174 75 111 169 312 1335
 ... : 31 7 89 75 214 398 617 625 334 242 177 188 143 174 75 112 164 280 1506
  20 : 31 7 89 75 214 398 617 625 334 242 177 188 143 174 70 112 158 113 374 1359
 ... : 31 7 89 75 214 398 617 625 334 242 177 188 144 184 74 113 158 106 347 1513
 ... : 31 7 89 75 214 398 617 625 334 249 183 199 173 218 102 120 162 109 355 1549
 ... : 31 7 89 75 214 398 634 637 352 259 194 214 186 218 102 120 162 109 355 1550
 ... : 31 7 89 75 214 398 634 637 352 259 194 215 191 246 153 152 171 112 366 1577
 ... : 31 7 89 75 214 398 634 637 365 287 251 241 205 246 156 152 171 112 366 1578
 ... : 31 7 89 75 214 398 634 637 367 333 282 266 233 257 157 152 171 112 369 1583
 ... : 31 7 89 75 214 398 634 637 367 333 282 266 248 299 192 183 183 112 369 1583
 ... : 31 7 89 75 214 398 634 637 370 336 305 290 258 313 198 194 215 130 376 1595
 ... : 31 7 89 75 214 398 634 637 381 351 347 306 265 320 212 202 218 130 378 1598
 ... : 31 7 89 75 214 398 634 638 402 363 372 336 282 323 214 202 218 130 378 1600
 ... : 31 7 89 75 214 398 634 638 403 372 394 352 301 332 238 209 219 130 378 1602
 ... : 31 7 90 76 216 398 638 646 421 387 438 368 302 332 238 209 219 130 378 1603
 ... : 31 7 90 77 217 399 656 657 430 393 444 375 311 344 248 210 219 130 378 1603
 ... : 31 7 90 77 217 399 656 657 430 402 493 394 325 351 266 220 221 131 379 1603
 ... : 31 7 90 77 217 399 656 657 430 402 494 406 371 389 309 230 236 142 385 1614
 ... : 31 7 90 77 217 399 656 657 427 418 528 428 406 398 310 230 236 142 385 1614
 ... : 32 8 92 78 219 400 667 664 438 425 536 431 422 405 312 230 236 142 385 1614
 ... : 32 8 92 78 219 400 667 664 438 425 538 432 415 415 391 254 239 143 385 1615
 ... : 32 8 92 78 219 400 678 670 437 430 610 453 417 415 392 254 239 143 385 1615
 ... : 32 8 91 78 218 400 683 673 437 430 612 457 426 420 427 269 242 144 385 1615
 ... : 32 8 91 78 218 400 685 675 447 441 645 473 427 419 428 271 242 144 385 1615
 ... : 32 8 91 78 218 400 685 675 446 441 643 471 428 428 433 290 282 169 390 1617
 ... : 32 8 91 78 218 400 685 675 446 441 644 472 439 454 493 328 296 169 390 1627
 ... : 32 8 91 78 218 400 686 676 447 437 664 485 448 459 500 334 334 184 395 1630
 ... : 32 8 91 78 218 400 686 680 451 442 712 514 457 453 503 334 347 188 397 1633
 ... : 32 8 91 78 218 400 686 680 451 442 711 514 458 459 514 338 389 232 409 1640
 ... : 32 8 91 78 218 400 700 690 454 447 729 519 469 469 537 341 391 233 410 1643
 ... : 32 8 91 78 218 400 700 690 454 448 732 523 474 473 538 341 391 233 406 1662
 ... : 32 8 91 78 218 400 702 692 453 448 750 529 481 489 553 346 392 233 406 1670
 ... : 32 8 91 78 218 400 705 693 453 449 767 536 483 500 568 350 393 238 412 1678
 ... : 32 8 91 78 218 400 707 695 460 451 778 538 484 516 591 359 398 240 413 1687
 ... : 32 8 91 78 218 400 716 699 461 454 798 544 484 518 591 359 398 249 409 1708
 ... : 32 8 91 78 218 400 720 703 472 466 829 592 505 521 591 359 398 249 403 1725
 ... : 32 8 91 78 218 400 722 705 473 472 868 599 505 522 591 359 397 249 392 1787
 ... : 32 8 91 78 218 400 722 705 473 472 868 599 505 522 591 359 397 225 407 1923
  21 : 32 8 90 76 218 398 683 685 396 404 793 589 410 472 513 353 364 203 202 598 1635
 ... : 32 8 90 76 218 398 683 685 396 404 793 589 410 472 518 322 365 205 200 539 1765
 ... : 32 8 90 76 218 398 697 694 397 405 806 590 410 472 518 322 365 205 199 541 1775
 ... : 32 8 90 76 218 398 704 699 412 409 807 590 407 473 517 323 368 206 198 528 1797
 ... : 32 8 90 76 218 398 712 703 412 409 807 590 407 478 535 335 374 206 196 518 1827
 ... : 32 8 90 76 218 398 718 706 418 415 820 598 418 481 535 335 374 206 196 518 1830
 ... : 32 8 90 76 218 398 718 706 418 415 820 598 421 483 552 354 405 226 204 512 1846
 ... : 32 8 90 76 218 398 719 707 432 432 840 618 427 489 561 370 429 241 214 515 1850
 ... : 32 8 90 76 218 398 724 708 439 436 841 618 427 489 561 370 429 241 215 516 1858
 ... : 32 8 90 76 218 398 724 711 440 436 841 618 427 489 561 370 428 240 212 441 1982
  22 : 32 8 90 76 218 398 714 702 430 433 845 620 425 484 537 360 407 250 194 169 364 1989
 ... : 32 8 90 76 218 398 714 702 430 434 849 644 448 498 542 367 413 254 193 165 356 2033
 ... : 32 8 90 76 218 398 714 702 430 434 857 672 466 528 564 390 421 254 193 165 356 2034
 ... : 32 8 90 76 218 398 714 702 430 434 859 676 479 530 564 388 421 265 212 180 353 2076
 ... : 32 8 90 76 218 398 714 702 433 435 874 712 509 565 591 398 425 265 212 180 354 2076
 ... : 32 8 90 76 218 398 716 706 440 445 897 723 514 565 591 398 425 265 212 181 354 2077
 ... : 32 8 90 76 218 398 716 706 440 445 897 723 514 565 591 398 425 267 230 215 422 2142
 ... : 32 8 90 76 218 398 716 706 440 445 897 723 514 565 592 404 430 279 242 216 386 2223
  23 : 32 8 90 76 218 398 712 704 433 441 889 720 516 564 588 401 419 274 237 182 221 642 1763
 ... : 32 8 90 76 218 398 712 704 433 441 889 720 516 564 588 401 419 274 237 182 212 516 1959
 ... : 32 8 90 76 218 398 712 704 433 441 889 720 516 564 588 401 418 274 237 182 203 412 2115
  24 : 32 8 89 76 219 398 712 703 433 438 890 720 518 564 588 401 418 274 237 182 193 131 561 1858
 ... : 32 8 89 76 219 398 712 703 433 438 890 720 518 564 588 401 417 274 237 182 193 127 494 2024
 ... : 32 8 89 76 219 398 712 703 433 438 890 720 518 564 588 400 417 274 237 182 192 126 390 2198
  25 : 32 8 89 76 219 398 712 703 433 438 890 720 518 564 588 400 413 273 233 184 188 111 124 364 2123
 ... : 32 8 89 76 219 398 712 703 433 438 890 720 518 564 588 400 413 273 233 184 188 111 113 271 2286
 ... : 32 8 89 76 219 398 732 713 436 439 893 720 518 564 588 400 413 273 233 184 188 111 114 258 2310
  26 : 32 8 89 76 219 398 724 711 437 444 893 720 518 564 588 400 413 273 232 181 187 112 106 118 393 2074
 ... : 32 8 89 76 219 398 724 711 437 444 893 720 518 564 588 400 413 273 232 181 187 112 107 115 354 2254
 ... : 32 8 89 76 219 398 727 714 444 450 911 741 532 568 588 400 413 274 232 181 187 112 107 115 348 2262
 ... : 32 8 89 76 219 398 735 718 453 456 928 744 532 568 588 400 413 274 232 181 187 112 107 116 349 2263
 ... : 32 8 89 76 219 398 735 718 454 459 960 780 555 593 597 402 413 274 232 181 187 112 107 116 339 2286
 ... : 32 8 89 76 219 398 739 720 458 465 972 787 557 594 597 402 413 274 232 181 187 112 107 115 330 2327
  27 : 32 8 89 76 219 398 730 715 449 463 963 777 530 583 602 404 417 275 232 181 184 112 104 102 171 384 2144
 ... : 32 8 89 76 219 398 730 715 449 463 963 777 530 583 602 404 417 275 232 181 184 112 104 101 159 304 2326
  28 : 32 8 89 76 219 398 730 715 449 463 963 777 530 583 602 404 417 275 232 181 184 112 97 86 131 122 487 2111
 ... : 32 8 89 76 219 398 730 715 449 463 963 777 530 583 602 404 417 275 232 181 184 112 97 86 131 113 378 2320
  29 : 32 8 89 76 219 398 729 716 449 463 963 777 530 583 602 404 417 275 232 172 183 100 110 84 119 94 126 496 2208
 ... : 32 8 89 76 219 398 729 716 449 463 963 777 530 583 602 404 417 275 232 172 183 100 110 84 119 94 119 390 2408
 ... : 32 8 89 76 219 398 729 716 449 463 963 777 530 583 602 404 417 275 232 172 183 100 110 84 119 94 113 350 2605
  30 : 32 8 89 76 219 398 729 716 449 463 963 777 530 583 602 404 417 275 230 172 183 100 110 84 119 92 111 153 547 2256
 ... : 32 8 89 76 219 398 729 716 449 463 963 777 530 583 602 404 417 275 230 172 183 100 110 84 119 92 111 148 448 2464
  31 : 32 8 89 76 219 398 729 716 449 463 963 777 530 583 602 404 417 275 230 172 183 100 110 84 119 91 109 135 231 551 2218
 ... : 32 8 89 76 219 398 729 716 449 463 963 777 530 583 602 404 417 275 230 172 183 100 110 84 119 91 109 135 164 566 2352
 ... : 32 8 89 76 219 398 729 716 449 463 963 777 530 583 602 404 417 275 230 172 183 100 110 84 119 91 109 135 162 502 2550
  32 : 32 8 89 76 219 398 729 716 449 463 963 777 529 582 604 404 416 275 230 172 183 100 110 83 112 91 108 133 142 187 384 2522
 ... : 32 8 89 76 219 398 729 716 449 463 963 777 529 582 604 404 416 275 230 172 183 100 110 83 112 91 108 133 142 182 300 2709
 ... : 32 8 89 76 219 398 729 716 449 463 963 777 529 582 604 404 416 275 230 172 183 100 110 83 112 91 108 133 142 177 295 2811
  33 : 32 8 89 76 219 398 729 716 449 463 963 777 529 582 604 404 416 275 230 172 183 100 110 83 112 91 108 128 142 168 148 384 2592
 ... : 32 8 89 76 219 398 729 716 449 463 963 777 529 582 604 404 416 275 230 172 183 100 110 83 112 91 108 128 142 168 146 291 2760
  34 : 32 8 89 76 219 398 729 716 449 463 963 777 527 584 604 404 416 275 230 172 181 102 110 83 112 91 107 128 143 166 137 166 577 2336
 ... : 32 8 89 76 219 398 729 716 449 463 963 777 527 584 604 404 416 275 230 172 181 102 110 83 112 91 107 128 143 166 137 156 465 2527
  35 : 32 8 89 76 219 398 729 716 449 463 963 777 527 584 604 404 416 275 230 172 181 102 110 81 109 92 106 125 144 168 139 151 178 380 2467
 ... : 32 8 89 76 219 398 729 716 449 463 963 777 527 584 604 404 416 275 230 172 181 102 110 81 109 92 106 125 144 168 139 151 175 301 2626
  36 : 32 8 89 76 219 398 729 716 449 463 963 777 527 584 604 404 416 275 230 172 181 102 110 81 109 92 106 125 143 168 139 149 161 79 322 2579
 ... : 32 8 89 76 219 398 729 716 449 463 963 777 527 584 604 404 416 275 230 172 181 102 110 81 109 92 106 125 143 168 139 149 161 73 197 2767
 ... : 32 8 89 76 219 398 729 716 449 463 963 777 527 584 604 404 416 275 230 172 181 102 110 81 109 92 106 125 143 168 139 148 117 75 205 2841
  37 : 32 8 89 76 219 398 729 716 449 463 963 777 527 584 604 404 416 275 230 172 181 102 110 81 109 92 106 122 137 166 133 142 101 66 49 443 2600
 ... : 32 8 89 76 219 398 729 716 449 463 963 777 527 584 604 404 416 275 230 172 181 102 110 81 109 92 106 122 137 166 133 141 101 68 50 313 2797
  38 : 32 8 89 76 219 398 729 716 449 463 963 777 527 584 604 404 415 275 230 172 181 102 110 80 109 92 106 122 133 153 121 123 86 58 27 32 416 2752
 ... : 32 8 89 76 219 398 729 716 449 463 963 777 527 584 604 404 415 275 230 172 181 102 110 80 109 92 106 122 133 153 121 123 86 57 26 26 291 2934
  39 : 32 8 89 76 219 398 729 716 449 463 963 777 527 584 604 404 415 275 230 172 181 102 110 80 109 92 106 122 133 152 122 116 85 56 26 14 74 336 2837
 ... : 32 8 89 76 219 398 729 716 449 463 963 777 527 584 604 404 415 275 230 172 181 102 110 80 109 92 106 122 133 152 122 116 85 56 26 14 12 298 2970
  40 : 32 8 89 76 219 398 729 716 449 463 963 777 526 585 604 404 415 275 230 172 181 101 97 77 107 94 121 123 132 145 115 117 85 55 26 14 7 26 373 2896
 ... : 32 8 89 76 219 398 729 716 449 463 963 777 526 585 604 404 415 275 230 172 181 101 97 77 107 94 121 123 131 145 115 117 85 55 26 14 6 10 276 3062
  41 : 32 8 89 76 219 398 729 716 449 463 963 777 526 585 604 404 415 275 230 172 181 100 97 77 107 94 121 123 128 144 112 107 84 57 38 14 6 9 21 219 3102
  42 : 32 8 89 76 219 398 729 716 449 463 962 778 526 585 604 404 415 275 230 172 181 100 97 77 107 93 118 119 126 144 112 106 84 56 37 14 6 8 7 84 450 2863
 ... : 32 8 89 76 219 398 729 716 449 463 962 778 526 585 604 404 415 275 230 172 181 100 97 77 107 93 118 119 126 144 112 106 84 56 37 14 6 8 7 19 388 3014
  43 : 32 8 89 76 219 398 729 716 449 463 962 778 526 585 604 404 415 275 230 172 181 100 97 77 107 93 118 119 126 144 112 106 84 56 37 14 6 8 7 7 86 435 2912
 ... : 32 8 89 76 219 398 729 716 449 463 962 778 526 585 604 404 415 275 230 172 181 100 97 77 107 93 118 119 126 144 112 106 84 56 38 14 6 8 7 7 31 380 3044
  44 : 32 8 89 76 219 398 729 716 449 463 962 778 526 585 604 404 415 275 230 172 181 100 97 77 107 93 118 119 126 144 112 106 84 56 38 14 6 8 7 7 6 74 408 2976
 ... : 32 8 89 76 219 398 729 716 449 463 962 778 526 585 604 404 415 275 230 172 181 100 97 77 107 93 118 119 126 144 112 106 84 56 38 14 6 8 7 7 6 18 328 3139
  45 : 32 8 89 76 219 398 729 716 449 463 962 778 526 585 604 404 415 275 230 172 181 100 97 77 107 93 118 119 126 144 112 102 82 55 39 14 6 7 7 6 6 7 17 190 3276
  46 : 32 8 89 76 219 398 729 716 449 463 962 778 526 585 604 404 415 275 230 172 181 100 97 77 107 93 118 119 126 144 112 102 82 55 39 14 6 7 7 6 6 6 8 19 385 3083
 ... : 32 8 89 76 219 398 729 716 449 463 962 778 526 585 604 404 415 275 230 172 181 100 97 77 107 93 118 119 126 144 112 102 82 55 39 14 6 7 7 6 6 6 8 13 262 3240
  47 : 32 8 89 76 219 398 729 716 449 463 962 778 526 585 604 404 415 275 230 172 181 100 97 77 107 93 118 119 126 144 112 102 82 55 39 14 6 7 7 6 6 6 7 8 39 493 2981
 ... : 32 8 89 76 219 398 729 716 449 463 962 778 526 585 604 404 415 275 230 172 181 100 97 77 107 93 118 119 126 144 112 102 82 55 39 14 6 7 7 6 6 6 7 8 33 359 3166
  48 : 32 8 89 76 219 398 729 716 449 463 962 778 526 585 604 404 415 275 230 172 181 100 97 77 107 93 118 119 126 144 111 103 82 55 39 14 6 6 6 6 6 6 7 8 27 87 246 3205
 ... : 32 8 89 76 219 398 729 716 449 463 962 778 526 585 604 404 415 275 230 172 181 100 97 77 107 93 118 119 126 144 111 103 82 55 39 14 6 6 6 6 6 6 7 8 25 55 193 3329
  49 : 32 8 89 76 219 398 729 716 449 463 962 778 526 585 604 404 415 275 230 172 181 100 97 77 107 93 118 119 126 144 111 103 80 51 34 14 6 6 6 6 6 6 7 8 25 10 18 370 3183
 ... : 32 8 89 76 219 398 729 716 449 463 962 778 526 585 604 404 415 275 230 172 181 100 97 77 107 93 118 119 126 144 111 103 81 51 34 14 6 6 6 6 6 6 7 9 26 10 16 330 3287
  50 : 32 8 89 76 219 398 729 716 449 463 962 778 526 585 604 404 415 275 230 172 180 98 97 78 107 92 118 119 127 144 111 103 80 51 34 14 6 6 6 6 6 6 7 7 25 7 10 84 371 3185
 ... : 32 8 89 76 219 398 729 716 449 463 962 778 526 585 604 404 415 275 230 172 180 98 97 78 107 92 118 119 127 144 111 103 80 51 34 14 6 6 6 6 6 6 8 7 25 7 10 21 328 3311
  51 : 32 8 89 76 219 398 729 716 449 463 962 778 526 585 604 404 415 275 230 172 180 98 97 78 107 92 118 119 127 144 111 103 80 51 34 14 6 6 6 6 6 6 8 7 25 7 7 8 17 438 3193
 ... : 32 8 89 76 219 398 729 716 449 463 962 778 526 585 604 404 415 275 230 172 180 98 97 78 107 92 118 119 128 144 112 103 80 51 34 14 6 6 6 6 6 6 8 7 24 7 7 8 10 380 3294
