initialized model with 260 latches, 19 inputs and 1 properties
tsim: reached all X state
tsim: performed 11 steps
checking bound 0
checking bound 1
checking bound 2
tdecomp: unrolling 2 cycles
tsim: reached all X state
tsim: performed 9 steps
tdecomp: no improvement found, reverting original model
 ... : 200
   2 : 70 179
   3 : 79 151 174
 ... : 80 200 365
 ... : 80 214 561
   4 : 80 213 312 260
   5 : 80 189 283 77 304
   6 : 80 189 283 73 57 316
   7 : 80 189 283 73 52 50 357
 ... : 82 191 288 76 56 55 440
   8 : 87 192 282 78 63 52 30 477
   9 : 87 192 282 78 61 40 30 29 504
  10 : 87 192 282 75 55 40 31 18 35 567
  11 : 87 192 282 75 55 40 31 18 29 35 569
  12 : 87 192 282 75 55 40 31 15 25 15 25 604
  13 : 87 192 282 75 55 40 31 15 26 20 29 14 636
  14 : 87 192 282 75 55 40 31 15 26 20 29 13 30 613
  15 : 87 192 282 75 55 40 30 15 26 20 27 11 22 39 623
  16 : 87 192 282 75 55 40 29 15 26 20 27 11 22 25 20 652
  17 : 87 192 282 75 55 40 29 15 26 20 27 11 21 23 18 16 658
  18 : 87 192 282 75 55 40 29 15 26 20 27 11 21 21 15 10 8 680
  19 : 87 192 282 75 55 40 29 15 26 20 27 11 21 21 15 10 8 12 668
  20 : 87 192 282 75 55 40 29 15 26 20 27 11 21 21 15 10 8 12 10 662
  21 : 87 192 282 75 55 40 29 15 26 20 27 12 11 22 15 10 8 6 14 8 699
  22 : 87 192 282 75 55 40 29 15 26 20 27 12 11 22 15 10 8 6 14 8 4 695
  23 : 87 192 282 75 55 40 29 15 26 20 27 12 11 17 13 7 6 4 16 9 6 6 700
  24 : 87 192 282 75 55 40 29 15 26 20 27 12 11 17 13 7 6 4 16 9 6 6 3 697
  25 : 87 192 282 75 55 40 29 15 26 20 27 12 11 17 13 7 6 4 16 9 6 6 3 20 677
  26 : 87 192 282 75 55 40 29 15 26 20 27 12 11 17 13 7 6 4 16 9 6 6 3 20 14 675
  27 : 87 192 282 75 55 40 29 15 26 20 27 12 11 17 13 7 6 4 16 8 6 6 3 20 11 13 691
 ... : 87 192 282 75 56 41 30 15 27 28 27 11 11 19 19 7 9 4 15 19 7 6 3 25 16 15 694
  28 : 87 192 282 75 55 40 30 15 24 18 25 10 11 27 20 9 7 5 11 8 6 6 6 24 14 17 11 705
  29 : 87 192 282 75 55 40 30 15 24 18 25 10 11 27 20 9 7 5 11 8 6 6 6 24 14 17 8 12 696
  30 : 87 192 282 75 55 40 30 15 24 18 25 10 11 27 20 9 7 5 11 8 6 6 6 24 14 17 8 12 18 683
  31 : 87 192 282 75 55 40 30 15 24 18 25 10 11 27 20 9 7 5 11 8 6 6 6 24 14 17 8 12 18 6 682
 ... : 87 192 282 75 55 40 30 15 24 20 25 10 11 26 22 9 6 4 10 16 5 5 6 24 23 18 13 20 20 7 685
  32 : 87 192 282 75 55 40 30 15 24 18 25 10 11 19 13 8 3 3 16 10 6 3 4 27 14 15 6 18 22 15 20 708
  33 : 87 192 282 75 55 40 30 15 24 18 25 10 11 19 13 8 3 3 16 10 6 3 4 22 13 13 4 11 25 15 20 18 706
  34 : 87 192 282 75 55 40 30 15 24 18 25 10 11 19 13 8 3 3 16 10 6 3 4 22 13 13 4 11 25 15 20 14 12 706
  35 : 87 192 282 75 55 40 30 15 24 18 25 10 11 19 13 8 3 3 16 10 6 3 4 22 13 13 4 11 25 15 20 14 12 23 684
  36 : 87 192 282 75 55 40 30 15 24 18 25 10 11 19 13 8 3 3 16 10 6 3 4 22 13 13 5 10 22 11 19 14 16 22 22 688
  37 : 87 192 282 75 55 40 30 15 24 18 25 10 11 19 13 8 3 2 15 9 5 3 4 22 13 13 5 10 22 11 19 13 17 18 12 15 720
 ... : 87 192 282 75 55 40 31 21 24 20 24 10 11 19 15 9 5 3 13 11 5 2 4 22 16 15 9 11 21 13 20 13 18 17 12 15 729
 ... : 87 192 282 75 55 40 31 21 24 20 24 10 11 19 15 9 5 3 13 11 5 2 4 22 22 15 8 11 23 18 19 21 24 16 15 23 737
  38 : 87 192 282 75 55 40 31 16 24 18 25 10 11 19 14 8 4 4 7 5 2 2 2 25 15 15 6 13 15 10 6 8 25 24 13 6 6 760
  39 : 87 192 282 75 55 40 31 16 24 18 25 10 11 19 14 8 4 4 7 5 2 2 2 25 15 15 6 13 15 10 6 8 25 24 13 6 6 21 739
  40 : 87 192 282 75 55 40 31 16 24 18 25 10 11 19 14 8 4 4 7 5 2 2 2 25 15 15 6 13 15 10 6 8 25 24 13 6 6 21 14 726
  41 : 87 192 282 75 55 40 31 16 24 18 25 10 11 19 14 8 4 4 7 5 2 2 2 25 15 15 6 13 15 10 6 8 25 24 13 6 6 21 14 4 722
  42 : 87 192 282 75 55 40 19 28 24 18 25 10 11 19 14 8 4 4 7 5 2 2 2 22 7 8 7 7 16 13 8 3 9 28 10 9 3 8 27 6 4 733
  43 : 87 192 282 75 55 40 19 28 24 18 25 10 11 19 14 8 4 4 7 5 2 2 2 22 7 8 7 7 16 13 8 3 9 28 10 9 3 8 27 6 4 3 730
  44 : 87 192 282 75 55 40 19 28 24 18 25 10 11 19 14 8 4 4 7 5 2 2 2 22 7 8 7 7 16 13 8 3 9 28 10 9 3 8 27 6 4 3 14 716
  45 : 87 192 282 75 55 40 19 28 24 18 25 10 11 19 14 8 4 4 7 5 2 2 2 22 7 8 7 7 16 13 8 3 9 28 10 9 3 8 27 6 4 3 14 20 712
  46 : 87 192 282 75 55 40 19 28 24 18 25 10 11 19 14 8 4 4 7 5 2 2 2 22 7 8 7 7 16 13 8 3 9 28 10 9 3 8 27 6 4 3 14 20 42 673
  47 : 87 192 282 75 55 40 19 28 24 18 25 10 11 19 14 8 4 4 7 5 2 2 2 22 7 8 7 7 16 13 8 3 9 28 10 9 3 8 27 6 4 3 14 20 38 34 652
  48 : 87 192 282 75 55 40 19 28 24 18 25 10 11 19 14 8 4 4 7 5 2 2 2 22 7 8 7 7 16 13 8 3 9 28 10 9 3 8 27 6 4 3 14 20 38 34 31 626
  49 : 87 192 282 75 55 40 19 28 24 18 25 10 11 19 14 8 4 4 7 5 2 2 2 22 7 8 7 7 16 13 8 3 9 28 10 9 3 8 27 6 4 3 14 20 38 34 30 25 605
  50 : 87 192 282 75 55 40 19 28 24 18 25 10 11 19 14 8 4 4 7 5 2 2 2 22 7 8 7 7 16 13 8 3 9 28 10 9 3 8 27 6 4 3 14 20 38 34 30 22 23 586
  51 : 87 192 282 75 55 40 19 28 24 18 25 10 11 19 14 8 4 4 7 5 2 2 2 22 7 8 7 7 16 13 8 3 9 28 10 9 3 8 27 6 4 3 14 20 38 34 30 22 23 20 566
  52 : 87 192 282 75 55 40 19 28 24 18 25 10 11 19 14 8 4 4 7 5 2 2 2 22 7 8 7 7 16 13 8 3 9 28 10 9 3 8 27 6 4 3 14 20 38 34 30 22 23 20 8 559
  53 : 87 192 282 75 55 40 19 28 24 18 25 10 11 19 14 8 4 4 7 5 2 2 2 22 7 8 7 7 16 13 8 3 9 28 10 9 3 8 27 6 4 3 14 20 38 34 30 22 23 20 8 0 559
completing final invariant with sub-IC3 call...
num_solve_calls = 195001
num_solve_sat_calls = 74566
num_solve_unsat_calls = 6039
num_solve_approx_calls = 137348
num_solve_approx_unsat_calls = 77485
num_solve_conflicts = 502668
num_solve_decisions = 7695107
num_solve_propagations = 147804891
avg_solve_conflicts = 3
avg_solve_decisions = 40
avg_solve_propagations = 758
avg_solve_unsat_decisions = 0.273
stddev_solve_unsat_decisions = 2.319
num_added_cubes = 36420
num_subsumed_cubes = 34521
num_mic_down_calls = 11400
num_mic_down_good = 3708
num_added_ctgs = 371
num_gc_frame = 447
num_reset = 25
num_try_blocking = 108832
get_bad_cube_time = 21.897
rec_block_cube_time = 5.777
propagate_forward_time = 13.184
generalize_model_time = 2.313
generalize_and_push_time = 4.532
ctg_time = 1.791
try_blocking_time = 17.544
reset_time = 0.308
clausify_time = 1.272
preprocess_time = 0.139
solve_time = 38.424
solve_sat_time = 26.425
solve_unsat_time = 11.999
prove_time = 42.041
memory_used_mb = 11
total_time = 42.250
Safe
