initialized model with 300 latches, 61 inputs and 1 properties
tsim: reached all X state
tsim: performed 20 steps
checking bound 0
checking bound 1
checking bound 2
tdecomp: unrolling 2 cycles
tsim: reached all X state
tsim: performed 18 steps
tdecomp: no improvement found, reverting original model
   2 : 13 54
   3 : 14 22 51
   4 : 13 19 21 56
   5 : 13 18 21 23 85
   6 : 12 17 21 17 18 108
   7 : 12 17 18 15 18 13 110
   8 : 12 17 18 13 17 15 18 131
 ... : 16 19 24 16 17 16 40 165
 ... : 19 22 26 16 20 29 71 174
   9 : 14 18 23 17 18 19 37 31 162
  10 : 13 18 23 17 18 19 37 28 33 168
  11 : 13 19 25 20 20 20 35 21 22 39 174
  12 : 13 19 25 20 21 20 36 28 27 32 53 167
  13 : 13 19 25 20 21 20 36 28 27 32 37 62 161
 ... : 13 20 26 21 26 24 39 32 32 36 44 97 180
  14 : 13 20 26 21 25 25 39 32 32 31 44 65 77 175
  15 : 13 20 26 21 24 25 39 32 32 31 42 51 66 66 218
  16 : 13 20 26 21 24 25 39 32 32 31 41 50 50 42 39 235
 ... : 12 19 23 20 23 23 37 27 33 31 40 43 60 50 68 260
  17 : 12 19 23 20 23 23 37 26 26 24 31 36 48 41 47 50 276
 ... : 12 19 23 20 23 23 37 26 27 26 32 40 54 48 55 73 302
 ... : 12 19 25 20 23 24 40 31 30 32 35 42 52 47 66 86 314
  18 : 12 19 25 20 23 24 40 30 29 28 38 37 39 35 50 33 77 302
  19 : 12 19 25 20 23 24 40 30 29 28 38 37 39 32 47 30 71 65 283
  20 : 12 19 25 20 23 24 40 30 29 27 38 35 38 30 47 29 60 72 90 276
  21 : 12 19 25 20 23 24 40 30 29 27 38 35 38 30 47 29 60 72 76 68 243
 ... : 12 19 25 20 23 24 39 31 32 28 39 37 39 34 50 31 64 80 107 105 276
  22 : 12 19 25 20 23 24 39 31 32 28 39 36 39 34 49 30 66 73 88 90 76 275
  23 : 12 19 25 20 23 24 39 31 32 28 39 36 39 34 49 30 66 68 87 82 56 50 289
 ... : 12 19 25 21 23 25 40 34 39 36 51 47 51 42 51 30 67 67 85 82 56 52 298
 ... : 12 19 25 21 23 25 40 32 35 33 43 40 40 35 50 35 67 68 85 82 56 59 313
 ... : 12 19 25 21 23 27 42 33 34 33 43 41 41 35 51 37 72 75 97 99 71 76 332
 ... : 12 19 25 21 23 27 42 33 34 33 42 45 43 38 55 40 79 93 120 110 80 88 337
 ... : 12 19 25 21 23 27 42 33 34 33 42 45 43 38 55 41 80 100 134 148 108 95 359
  24 : 12 19 25 20 22 27 41 34 32 31 39 40 40 37 51 33 72 78 107 120 104 78 53 408
 ... : 12 19 25 21 24 29 42 35 32 31 39 43 40 37 52 33 72 81 110 126 110 91 69 441
  25 : 12 19 23 21 24 28 40 32 31 31 37 40 39 37 52 35 75 81 107 125 105 82 65 101 402
  26 : 12 19 23 21 24 28 40 32 31 31 37 40 39 37 52 35 75 81 107 122 104 81 64 80 96 383
  27 : 12 19 23 21 24 28 40 32 31 31 37 40 39 37 52 35 75 81 106 121 104 77 64 78 77 69 403
  28 : 12 19 23 21 24 28 40 32 31 31 37 40 39 37 52 35 75 81 105 124 106 85 63 79 92 72 77 379
 ... : 12 19 23 21 24 28 40 32 31 31 37 40 39 37 52 35 75 80 107 127 113 91 72 83 100 83 88 414
  29 : 12 19 23 21 24 28 40 32 31 31 37 40 39 37 50 35 75 77 100 117 120 83 61 74 86 80 70 53 453
  30 : 12 19 23 21 24 28 40 32 31 31 37 40 39 37 50 35 75 76 99 116 119 84 61 74 86 79 59 40 59 434
 ... : 12 19 23 21 24 28 40 32 31 31 37 40 39 37 50 35 75 76 99 117 124 88 72 88 115 107 68 47 64 449
 ... : 12 19 23 21 24 28 40 32 31 31 37 40 39 37 50 35 75 76 99 118 128 92 76 88 115 122 121 93 103 475
 ... : 12 19 23 21 24 28 40 32 31 31 37 40 39 37 50 35 75 76 99 118 128 89 73 85 110 115 126 103 138 525
 ... : 12 19 23 21 24 28 40 32 31 31 37 40 39 37 50 35 77 77 104 127 135 96 76 94 120 130 143 123 174 554
  31 : 12 19 23 21 24 28 40 32 31 31 37 40 39 37 50 35 76 77 102 121 125 77 62 78 101 112 125 117 99 105 642
 ... : 12 19 23 21 24 28 40 32 31 31 37 40 39 37 50 35 76 77 102 121 125 77 62 78 103 115 135 143 118 124 706
 ... : 12 19 23 21 24 28 40 32 31 31 37 40 39 38 50 35 76 79 104 124 130 94 83 100 117 120 145 154 127 132 720
 ... : 12 19 23 21 24 28 40 32 31 31 37 40 39 38 50 35 76 79 104 126 132 96 81 96 128 147 172 187 154 156 734
 ... : 12 19 23 21 24 28 40 32 31 31 37 41 39 38 50 37 79 84 108 140 152 111 85 104 131 148 177 194 163 171 750
 ... : 12 19 23 21 24 28 40 32 31 31 37 41 39 38 50 37 79 84 110 145 160 114 86 104 132 150 184 206 177 193 777
 ... : 12 19 23 21 24 28 40 32 31 31 37 41 39 38 50 37 79 87 122 152 167 125 93 113 146 165 200 219 179 193 777
  32 : 12 19 23 21 24 28 40 32 31 31 37 41 39 38 50 34 76 83 114 140 159 121 91 90 124 144 165 251 199 160 147 767
 ... : 12 19 23 21 24 28 40 32 31 31 37 43 39 38 51 34 76 87 117 145 166 131 106 103 129 147 168 254 205 169 150 770
 ... : 12 19 23 21 24 28 40 32 31 31 37 44 39 38 51 34 76 89 121 148 173 137 118 123 144 159 175 260 212 176 158 777
 ... : 12 19 23 21 24 28 40 32 31 31 37 44 39 38 51 34 76 89 121 148 172 137 120 124 145 161 180 277 235 195 184 787
 ... : 12 19 23 21 24 28 40 32 31 31 37 44 39 38 51 34 76 89 121 149 174 138 121 124 149 176 219 326 272 209 190 790
 ... : 12 19 23 21 24 28 40 32 31 31 37 44 39 38 51 34 76 89 121 149 174 138 121 124 148 175 216 336 300 254 249 814
 ... : 12 19 23 21 24 28 40 32 31 31 37 44 39 38 51 34 76 88 120 150 175 140 123 128 156 188 230 340 307 261 265 833
 ... : 12 19 23 21 24 28 40 32 31 31 37 44 39 38 51 34 76 88 120 150 174 138 122 127 154 188 233 361 349 299 284 842
 ... : 12 19 23 21 24 28 40 32 31 31 37 44 39 38 51 34 76 88 120 150 174 135 119 121 152 189 237 377 400 356 329 853
 ... : 12 19 23 21 24 28 40 32 31 31 37 44 39 38 51 34 76 88 120 150 174 135 119 121 152 191 240 382 409 374 368 898
 ... : 12 19 23 21 24 28 40 32 31 31 37 44 39 38 51 34 76 91 125 161 179 142 124 125 156 196 251 398 430 384 371 907
 ... : 12 19 23 21 24 28 40 32 31 31 37 44 39 38 51 34 78 92 132 165 182 145 127 126 160 200 260 401 434 394 380 919
  33 : 12 19 23 21 24 28 38 32 31 31 37 43 39 37 48 34 78 88 131 166 168 140 110 113 154 184 228 375 358 327 302 335 801
 ... : 12 19 23 21 24 28 38 32 31 31 37 44 39 37 48 34 78 89 137 178 187 157 126 126 164 192 232 379 359 327 302 337 803
 ... : 12 19 23 21 24 28 38 32 31 31 37 44 39 37 48 34 78 89 135 177 189 160 132 131 173 201 252 404 372 338 307 343 817
 ... : 12 19 23 21 24 28 38 32 31 31 37 45 39 37 48 34 78 90 136 179 191 164 142 144 186 220 264 415 380 343 310 343 824
 ... : 12 19 23 21 24 28 38 32 31 31 37 46 39 37 48 34 78 94 144 192 215 191 155 144 185 221 265 424 399 351 313 347 824
 ... : 12 19 23 21 24 28 38 32 31 31 37 46 39 37 48 34 78 94 143 193 222 198 162 160 202 236 273 430 404 351 314 348 831
 ... : 12 19 23 21 24 28 38 32 31 31 37 46 39 37 48 34 78 94 143 193 223 199 161 166 206 241 281 438 423 367 332 355 833
 ... : 12 19 23 21 24 28 38 32 31 31 37 52 39 37 48 34 79 97 142 195 225 202 161 169 206 239 287 454 430 378 349 359 841
 ... : 12 19 23 21 24 28 38 32 31 31 37 52 39 37 48 34 79 97 141 195 224 196 157 159 204 243 301 465 440 392 371 373 846
 ... : 12 19 23 21 24 28 38 32 31 31 37 52 39 37 48 34 79 97 141 195 225 199 157 154 201 238 302 477 465 407 398 414 866
 ... : 12 19 23 21 24 28 38 32 31 31 37 53 39 37 48 34 78 97 141 197 225 203 152 153 186 229 299 484 472 409 401 417 874
 ... : 12 19 23 21 24 28 38 32 31 31 37 53 39 37 48 34 78 97 141 197 225 203 151 153 186 229 299 488 507 455 462 458 884
 ... : 12 19 23 21 24 28 38 32 31 31 37 53 39 37 48 34 78 97 141 197 225 203 151 153 186 230 304 493 520 482 503 537 921
 ... : 12 19 23 21 24 28 38 32 31 31 37 53 39 37 48 34 78 97 141 197 225 203 150 153 186 224 304 506 540 515 544 612 973
 ... : 12 19 23 21 24 28 38 32 31 31 37 53 39 37 48 34 78 97 141 197 225 203 150 154 187 228 308 513 549 530 561 656 1017
 ... : 12 19 23 21 24 28 38 32 31 31 37 53 39 37 48 34 78 97 141 197 225 203 150 154 187 226 303 507 556 539 571 719 1078
 ... : 12 19 23 21 24 28 38 32 31 31 37 53 39 37 48 34 78 97 141 197 225 203 150 155 189 228 303 510 561 543 583 762 1121
 ... : 12 19 23 21 24 28 38 32 31 31 37 54 39 37 48 35 78 99 146 200 228 204 160 165 198 236 303 514 564 546 590 781 1137
 ... : 12 19 23 21 24 28 38 32 31 31 37 55 39 37 48 35 79 103 150 203 231 205 166 167 195 234 326 517 571 548 592 782 1142
 ... : 12 19 23 21 24 28 38 32 31 31 37 56 39 37 48 35 78 105 149 203 229 201 150 148 175 217 321 514 569 558 603 794 1150
 ... : 12 19 23 21 24 28 38 32 31 31 37 56 39 37 48 35 78 105 151 206 232 201 151 148 168 205 309 510 563 542 579 799 1174
 ... : 12 19 23 21 24 28 38 32 31 31 37 56 39 37 48 35 78 105 150 206 232 194 144 142 165 187 260 437 491 490 546 788 1184
 ... : 12 19 23 21 24 28 38 33 33 31 37 56 39 37 48 36 79 108 151 206 232 193 144 142 165 170 237 387 450 448 515 758 1187
  34 : 11 18 22 20 23 27 31 28 27 28 35 52 35 31 42 28 71 105 147 193 227 164 147 132 164 166 189 274 351 332 303 361 491 1168
  35 : 11 18 22 20 23 27 31 28 27 28 35 52 35 31 42 28 71 105 147 193 227 163 147 133 164 166 188 270 346 324 295 351 410 356 872
 ... : 11 18 22 20 23 27 31 28 27 28 35 52 35 31 42 28 71 105 147 193 227 162 147 133 165 167 189 271 348 330 306 369 453 383 896
 ... : 11 18 22 20 23 27 31 28 27 28 35 52 35 31 42 28 71 105 147 193 227 162 146 133 166 170 193 272 350 328 320 371 463 439 934
 ... : 11 18 22 20 23 27 31 28 27 28 35 52 35 31 42 28 71 105 147 193 227 164 148 135 173 174 195 275 351 325 304 373 467 463 943
 ... : 11 18 22 20 23 27 31 28 27 28 35 52 35 31 42 28 71 105 147 193 227 164 148 135 171 179 201 281 364 350 327 385 479 465 956
 ... : 11 18 22 20 23 27 31 28 27 28 35 52 35 31 42 29 73 114 175 199 230 164 148 135 171 179 201 281 364 350 332 395 496 489 975
 ... : 11 18 22 20 23 27 31 28 27 28 35 52 35 31 42 30 75 117 206 224 253 168 148 135 171 179 201 281 364 350 332 395 496 489 975
 ... : 11 18 22 20 23 27 31 28 27 28 35 54 35 31 42 30 75 119 230 256 281 175 148 135 171 179 201 281 364 350 332 395 496 489 975
 ... : 11 18 22 20 23 27 31 28 27 28 35 55 35 31 42 30 75 120 234 263 323 215 168 141 171 187 216 287 364 350 333 395 504 489 975
 ... : 11 18 22 20 23 27 31 28 27 28 35 55 35 31 42 30 75 120 234 293 366 254 218 174 180 187 218 290 364 350 333 395 504 489 977
 ... : 11 18 22 20 23 27 31 28 27 28 35 55 35 31 42 30 75 120 234 291 360 253 220 211 232 212 232 297 367 350 333 395 506 489 977
 ... : 11 18 22 20 23 27 31 28 27 28 35 55 35 31 42 30 75 120 234 289 360 251 216 205 245 253 293 316 375 350 333 395 506 489 978
 ... : 11 18 22 20 23 27 31 28 27 28 35 55 35 31 42 30 75 120 234 289 360 251 214 201 242 252 296 379 450 386 333 395 507 489 978
 ... : 11 18 22 20 23 27 31 28 27 28 35 55 35 31 42 30 75 120 234 289 360 251 214 200 242 253 296 387 463 452 405 409 521 490 984
 ... : 11 18 22 20 23 27 31 28 27 28 35 55 35 31 42 30 75 120 238 289 360 251 214 200 242 253 297 384 461 463 463 477 535 506 987
 ... : 11 18 22 20 23 27 31 28 27 28 35 56 35 31 42 30 76 120 247 320 406 278 232 209 245 261 303 386 461 463 463 477 536 506 987
 ... : 11 18 22 20 23 27 31 28 27 28 35 56 35 31 42 30 76 120 247 317 404 282 232 226 277 287 322 394 463 463 463 477 537 506 987
 ... : 11 18 22 20 23 27 31 28 27 28 35 56 35 31 42 30 76 120 247 317 404 281 228 220 273 280 356 440 511 471 466 479 541 506 988
 ... : 11 18 22 20 23 27 31 28 27 28 35 56 35 31 42 30 76 120 247 317 404 281 228 219 271 280 354 444 540 528 504 493 543 507 990
 ... : 11 18 22 20 23 27 31 28 27 28 35 56 35 31 42 30 76 120 247 317 404 281 228 219 271 280 351 447 547 540 537 548 574 513 995
 ... : 11 18 22 20 23 27 31 28 27 28 35 56 35 31 42 30 76 120 247 317 406 284 234 226 279 287 352 448 547 540 544 567 607 546 1006
 ... : 11 18 22 20 23 27 31 28 27 28 35 56 35 31 42 30 76 120 247 317 406 284 234 226 281 290 352 448 547 540 548 571 630 585 1038
 ... : 11 18 22 20 23 27 31 28 27 28 35 56 35 31 42 30 76 120 247 317 406 284 234 226 285 299 359 456 557 542 552 572 636 601 1069
 ... : 11 18 22 20 23 27 31 28 27 28 35 56 35 31 42 30 76 120 247 317 406 284 234 226 285 299 359 454 561 550 563 632 706 610 1074
 ... : 11 18 22 20 23 27 31 28 27 28 35 56 35 31 42 30 77 123 271 347 425 301 244 229 285 299 362 454 562 550 564 645 716 611 1074
 ... : 11 18 22 20 23 27 31 28 27 28 35 56 35 31 42 30 77 123 272 352 432 300 253 248 319 332 380 462 564 551 565 645 716 611 1074
 ... : 11 18 22 20 23 27 31 28 27 28 35 56 35 31 42 30 77 123 272 352 430 300 252 244 312 332 406 513 613 571 569 646 716 611 1074
 ... : 11 18 22 20 23 27 31 28 27 28 35 56 35 31 42 30 77 123 280 372 446 307 255 253 325 334 406 513 618 591 574 650 716 611 1075
 ... : 11 18 22 20 23 27 31 28 27 28 35 56 35 31 42 30 77 123 280 371 446 307 257 245 324 345 419 531 629 593 574 651 717 611 1075
 ... : 11 18 22 20 23 27 31 28 27 28 35 56 35 31 42 30 77 123 280 371 446 307 257 245 324 343 421 540 637 628 608 660 718 612 1075
 ... : 11 18 22 20 23 27 31 28 27 28 35 56 35 31 42 30 77 123 280 371 446 307 257 245 324 343 421 540 636 625 617 715 775 644 1085
 ... : 11 18 22 20 23 27 31 28 27 28 35 56 35 31 42 30 77 123 280 371 446 307 257 245 324 343 421 540 643 627 618 735 862 712 1094
 ... : 11 18 22 20 23 27 31 28 27 28 35 56 35 31 42 30 77 126 291 383 455 309 257 245 324 344 422 540 643 626 617 737 885 752 1101
 ... : 11 18 22 20 23 27 31 28 27 28 35 58 35 31 42 30 77 134 311 401 476 310 258 245 324 345 422 541 643 626 617 737 885 752 1101
 ... : 11 18 22 20 23 27 31 28 27 28 35 58 35 31 42 30 77 136 324 471 528 320 258 245 324 345 422 543 643 626 617 737 885 752 1101
 ... : 11 18 22 20 23 27 31 28 27 28 35 58 35 31 42 30 77 136 324 473 576 390 298 258 326 354 432 545 643 626 617 737 885 752 1101
 ... : 11 18 22 20 23 27 31 28 27 28 35 58 35 31 42 30 77 136 324 472 572 385 332 305 354 370 441 547 645 626 617 737 885 752 1101
 ... : 11 18 22 20 23 27 31 28 27 28 35 58 35 31 42 30 77 136 324 472 568 385 324 301 390 421 476 557 646 626 617 737 885 752 1101
 ... : 11 18 22 20 23 27 31 28 27 28 35 59 35 31 42 30 77 142 332 474 580 390 323 302 386 421 503 590 658 627 617 737 885 752 1101
 ... : 11 18 22 20 23 27 31 28 27 28 35 59 35 31 42 30 77 142 332 478 590 397 324 314 390 422 518 605 662 627 617 737 885 752 1102
 ... : 11 18 22 20 23 27 31 28 27 28 35 59 35 31 42 30 77 142 332 478 589 395 323 313 386 420 514 631 739 650 619 740 889 752 1102
 ... : 11 18 22 20 23 27 31 28 27 28 35 59 35 31 42 30 77 142 332 478 589 395 323 313 386 420 512 625 760 727 665 753 895 756 1102
 ... : 11 18 22 20 23 27 31 28 27 28 35 59 35 31 42 30 77 142 332 478 589 395 323 313 386 420 511 622 765 739 724 775 900 768 1102
 ... : 11 18 22 20 23 27 31 28 27 28 35 59 35 31 42 30 77 142 332 478 589 393 323 313 386 420 510 623 769 733 734 856 957 798 1106
 ... : 11 18 22 20 23 27 31 28 27 28 35 59 35 31 42 30 77 142 332 478 589 393 323 313 386 420 510 622 768 730 730 861 1046 901 1126
 ... : 11 18 22 20 23 27 31 28 27 28 35 59 35 31 42 30 77 142 332 480 590 397 322 313 390 416 516 627 769 741 733 888 1051 904 1126
 ... : 11 18 22 20 23 27 31 28 27 28 35 59 35 31 42 30 77 142 335 485 610 405 323 313 390 416 515 627 764 720 730 888 1088 948 1129
 ... : 11 18 22 20 23 27 31 28 27 28 35 59 35 31 43 31 78 142 342 489 632 443 351 319 394 420 519 630 764 720 730 888 1088 948 1130
 ... : 11 18 22 20 23 27 31 28 27 28 35 59 35 31 43 31 78 142 345 502 678 535 377 324 397 422 519 630 764 720 730 888 1089 948 1130
 ... : 11 18 22 20 23 27 31 28 27 28 35 59 35 31 43 31 78 144 352 518 726 588 401 330 399 424 523 633 765 720 730 888 1089 948 1130
 ... : 11 18 22 20 23 27 31 28 27 28 35 60 35 31 43 31 78 147 361 538 815 677 439 331 400 426 523 635 766 720 730 888 1089 948 1130
 ... : 11 18 22 20 23 27 31 28 27 28 35 60 35 31 43 31 78 148 365 544 853 716 478 353 403 428 525 638 767 721 730 888 1089 948 1130
 ... : 11 18 22 20 23 27 31 28 27 28 35 60 35 31 43 31 78 149 369 548 865 748 508 390 412 432 535 642 768 721 730 888 1089 948 1130
 ... : 11 18 22 20 23 27 31 28 27 28 35 61 35 31 43 31 78 155 375 553 882 768 537 418 421 435 543 650 768 721 730 888 1089 948 1131
 ... : 11 18 22 20 23 27 31 28 27 28 35 61 35 31 43 31 78 156 379 553 887 776 557 469 433 438 550 659 768 722 730 888 1089 948 1131
 ... : 11 18 22 20 23 27 31 28 27 28 35 61 35 31 43 31 78 156 380 555 887 799 573 529 447 438 555 661 768 723 730 888 1089 948 1132
 ... : 11 18 22 20 23 27 31 28 27 28 35 61 35 31 43 31 78 156 380 554 881 743 550 607 505 449 572 664 768 724 730 888 1089 948 1132
 ... : 11 18 22 20 23 27 31 28 27 28 35 61 35 31 43 31 78 156 380 552 878 738 545 619 527 473 582 668 769 724 730 888 1089 948 1133
 ... : 11 18 22 20 23 27 31 28 27 28 35 61 35 31 43 31 78 156 380 552 875 732 535 608 559 530 599 677 773 725 730 888 1089 948 1133
 ... : 11 18 22 20 23 27 31 28 27 28 35 61 35 31 43 31 78 156 380 551 875 723 531 595 581 582 693 708 773 725 730 888 1089 948 1133
 ... : 11 18 22 20 23 27 31 28 27 28 35 61 35 31 43 31 78 156 380 551 875 722 523 582 608 622 771 720 776 725 730 888 1089 948 1133
 ... : 11 18 22 20 23 27 31 28 27 28 35 61 35 31 43 31 78 156 380 549 875 717 518 565 600 614 885 767 806 730 730 888 1089 948 1133
 ... : 11 18 22 20 23 27 31 28 27 28 35 61 35 31 43 31 78 156 380 549 875 714 517 558 586 600 907 828 856 746 730 889 1089 950 1133
 ... : 11 18 22 20 23 27 31 28 27 28 35 61 35 31 43 31 78 156 380 549 874 714 517 557 584 599 946 905 917 760 730 890 1089 950 1134
 ... : 11 18 22 20 23 27 31 28 27 28 35 61 35 31 43 31 78 156 380 549 873 712 516 556 586 598 950 930 977 780 730 890 1089 950 1134
 ... : 11 18 22 20 23 27 31 28 27 28 35 61 35 31 43 31 78 156 380 549 873 712 516 556 585 597 951 930 1055 827 735 890 1092 952 1135
 ... : 11 18 22 20 23 27 31 28 27 28 35 61 35 31 43 31 78 156 380 549 872 711 515 558 587 601 958 959 1096 866 740 894 1095 952 1136
 ... : 11 18 22 20 23 27 31 28 27 28 35 61 35 31 43 31 78 156 380 549 872 711 515 557 587 604 948 952 1182 927 744 898 1097 952 1137
 ... : 11 18 22 20 23 27 31 28 27 28 35 61 35 31 43 31 78 156 380 549 872 711 514 555 584 604 959 961 1256 993 748 899 1098 952 1137
 ... : 11 18 22 20 23 27 31 28 27 28 35 61 35 31 43 31 78 156 380 549 872 707 517 554 586 608 970 966 1296 1029 752 902 1098 952 1137
 ... : 11 18 22 20 23 27 31 28 27 28 35 61 35 31 43 31 78 156 380 549 872 707 516 553 583 601 971 941 1302 1094 782 912 1106 957 1137
 ... : 11 18 22 20 23 27 31 28 27 28 35 61 35 31 43 31 78 156 380 549 872 707 516 552 582 600 969 936 1286 1176 841 918 1113 960 1140
 ... : 11 18 22 20 23 27 31 28 27 28 35 61 35 31 43 31 78 156 380 549 872 706 516 545 582 595 958 927 1273 1250 916 921 1116 965 1141
 ... : 11 18 22 20 23 27 31 28 27 28 35 61 35 31 43 31 78 156 380 549 871 706 516 540 577 583 949 911 1256 1281 977 950 1125 969 1144
 ... : 11 18 22 20 23 27 31 28 27 28 35 61 35 31 43 31 78 156 380 549 871 706 516 540 576 583 948 912 1251 1280 1048 1054 1142 974 1145
 ... : 11 18 22 20 23 27 31 28 27 28 35 61 35 31 43 31 78 156 380 549 871 706 516 538 576 583 948 909 1252 1299 1086 1126 1151 982 1145
 ... : 11 18 22 20 23 27 31 28 27 28 35 61 35 31 43 31 78 156 380 549 871 706 516 536 576 583 940 907 1251 1298 1086 1184 1177 987 1150
 ... : 11 18 22 20 23 27 31 28 27 28 35 61 35 31 43 31 78 156 380 549 869 704 515 533 574 583 916 893 1217 1260 1067 1239 1266 1005 1151
 ... : 11 18 22 20 23 27 31 28 27 28 35 61 35 31 43 31 78 156 380 549 869 704 515 533 574 583 915 888 1212 1261 1061 1251 1332 1016 1154
 ... : 11 18 22 20 23 27 31 28 27 28 35 61 35 31 43 31 78 156 380 549 868 702 514 531 572 582 914 889 1219 1261 1064 1263 1401 1066 1157
 ... : 11 18 22 20 23 27 31 28 27 28 35 61 35 31 43 31 78 156 380 549 868 702 514 531 572 582 914 889 1218 1265 1047 1241 1461 1150 1162
 ... : 11 18 22 20 23 27 31 28 27 28 35 61 35 31 43 31 78 156 380 549 868 702 513 531 572 582 914 887 1219 1267 1055 1248 1496 1183 1184
 ... : 11 18 22 20 23 27 31 28 27 28 35 61 35 31 43 31 78 157 390 569 891 717 515 532 574 586 917 889 1218 1267 1054 1246 1511 1221 1189
 ... : 11 18 22 20 23 27 31 28 27 28 35 61 35 31 43 31 78 157 391 600 907 743 537 553 609 620 936 899 1221 1269 1055 1246 1511 1221 1189
 ... : 11 18 22 20 23 27 31 28 27 28 35 61 35 31 43 31 78 157 391 600 907 743 535 553 604 623 961 945 1263 1276 1060 1252 1511 1221 1189
 ... : 11 18 22 20 23 27 31 28 27 28 35 61 35 31 43 31 78 158 393 609 914 762 558 574 609 624 960 948 1283 1308 1064 1254 1511 1222 1189
 ... : 11 18 22 20 23 27 31 28 27 28 35 61 35 31 43 31 78 158 393 609 914 756 558 577 624 647 990 981 1305 1323 1065 1254 1511 1222 1190
 ... : 11 18 22 20 23 27 31 28 27 28 35 61 35 31 43 31 78 159 396 619 917 758 565 587 635 657 1012 1003 1318 1334 1067 1256 1512 1225 1190
 ... : 11 18 22 20 23 27 31 28 27 28 35 61 35 31 43 31 78 159 396 619 917 758 565 587 633 656 1014 1014 1358 1373 1093 1267 1517 1226 1192
 ... : 11 18 22 20 23 27 31 28 27 28 35 61 35 31 43 32 78 161 404 630 931 770 569 589 634 657 1015 1017 1364 1399 1117 1279 1518 1231 1193
 ... : 11 18 22 20 23 27 31 28 27 28 35 61 35 31 43 32 78 162 405 632 934 777 573 600 653 681 1030 1026 1371 1402 1118 1280 1518 1231 1194
 ... : 11 18 22 20 23 27 31 28 27 28 35 61 35 31 43 32 78 162 405 632 934 777 573 600 653 675 1025 1032 1384 1433 1140 1290 1524 1232 1194
 ... : 11 18 22 20 23 27 31 28 27 28 35 61 35 31 43 32 79 162 410 637 937 778 573 600 653 675 1025 1031 1382 1448 1181 1345 1530 1241 1195
 ... : 11 18 22 20 23 27 31 28 27 28 37 63 35 31 43 32 81 181 433 657 968 783 574 601 653 678 1025 1031 1382 1448 1181 1345 1530 1241 1195
 ... : 11 18 22 20 23 27 31 28 27 28 37 63 35 31 43 32 81 179 444 672 1033 828 607 606 660 685 1039 1043 1382 1448 1183 1346 1530 1241 1195
 ... : 11 18 22 20 23 27 31 28 27 28 37 63 35 31 43 32 81 179 444 672 1035 837 640 658 697 700 1061 1053 1382 1448 1185 1347 1530 1241 1195
 ... : 11 18 22 20 23 27 31 28 27 28 37 63 35 31 43 32 81 179 444 672 1030 836 638 651 704 744 1119 1114 1407 1453 1189 1347 1530 1241 1195
 ... : 11 18 22 20 23 27 31 28 27 28 37 63 35 31 43 32 81 179 444 672 1029 835 633 651 703 739 1124 1153 1516 1489 1205 1356 1533 1244 1197
 ... : 11 18 22 20 23 27 31 28 27 28 37 63 35 31 43 32 81 179 444 672 1029 835 633 651 703 739 1121 1154 1543 1536 1264 1371 1542 1257 1201
 ... : 11 18 22 20 23 27 31 28 27 28 37 63 35 31 43 32 81 179 444 672 1029 835 633 651 703 738 1121 1158 1542 1546 1322 1433 1559 1272 1205
 ... : 11 18 22 20 23 27 31 28 27 28 37 63 35 31 43 32 81 179 444 672 1029 835 633 651 703 738 1120 1158 1540 1544 1323 1486 1621 1305 1207
 ... : 11 18 22 20 23 27 31 28 27 28 37 65 35 31 43 32 81 185 451 683 1060 846 664 680 716 741 1122 1158 1540 1544 1323 1486 1621 1305 1207
 ... : 11 18 22 20 23 27 31 28 27 28 37 65 35 31 43 32 81 185 451 683 1059 845 655 671 728 765 1169 1191 1566 1555 1326 1488 1621 1305 1209
 ... : 11 18 22 20 23 27 31 28 27 28 37 65 35 31 43 32 81 185 451 683 1058 845 655 670 724 760 1167 1192 1580 1587 1363 1528 1639 1309 1210
 ... : 11 18 22 20 23 27 31 28 27 28 37 65 35 31 43 32 81 185 451 683 1058 845 655 670 723 758 1169 1190 1582 1587 1367 1553 1687 1333 1213
 ... : 11 18 22 20 23 27 31 28 27 28 37 65 35 31 43 32 81 185 452 687 1086 868 661 671 724 758 1169 1191 1581 1585 1367 1555 1749 1399 1216
 ... : 11 18 22 20 23 27 31 28 27 28 37 65 35 31 43 32 81 186 456 695 1157 955 701 676 728 760 1170 1193 1581 1587 1367 1555 1749 1399 1216
 ... : 11 18 22 20 23 27 31 28 27 28 37 65 35 31 43 32 81 186 458 723 1262 1089 751 689 736 763 1191 1197 1581 1588 1367 1555 1749 1399 1216
 ... : 11 18 22 20 23 27 31 28 27 28 37 65 35 31 43 32 81 186 457 727 1333 1293 862 729 738 765 1214 1197 1582 1588 1368 1555 1749 1399 1216
 ... : 11 18 22 20 23 27 31 28 27 28 37 65 35 31 43 32 81 186 458 726 1333 1327 910 783 750 768 1228 1204 1583 1589 1368 1555 1749 1400 1216
 ... : 11 18 22 20 23 27 31 28 27 28 37 65 35 31 43 32 81 186 458 729 1331 1313 906 792 801 773 1246 1207 1583 1589 1368 1555 1749 1400 1216
 ... : 11 18 22 20 23 27 31 28 27 28 37 65 35 31 43 32 81 186 458 729 1329 1310 901 788 805 811 1290 1225 1590 1593 1369 1557 1749 1401 1216
 ... : 11 18 22 20 23 27 31 28 27 28 37 65 35 31 43 32 81 186 458 729 1329 1311 898 795 825 870 1331 1261 1593 1594 1369 1557 1749 1401 1216
 ... : 11 18 22 20 23 27 31 28 27 28 37 65 35 31 43 32 81 186 458 729 1330 1308 893 770 812 903 1345 1281 1593 1594 1369 1557 1749 1401 1216
 ... : 11 18 22 20 23 27 31 28 27 28 37 65 35 31 43 32 81 186 458 729 1329 1306 892 767 812 883 1347 1301 1614 1606 1375 1561 1757 1403 1216
 ... : 11 18 22 20 23 27 31 28 27 28 37 65 35 31 43 32 81 186 458 729 1329 1306 892 766 814 890 1369 1346 1662 1629 1380 1562 1759 1406 1217
 ... : 11 18 22 20 23 27 31 28 27 28 37 65 35 31 43 32 81 186 458 729 1329 1306 891 765 812 885 1363 1352 1676 1666 1384 1580 1780 1409 1219
 ... : 11 18 22 20 23 27 31 28 27 28 37 65 35 31 43 32 81 186 458 729 1329 1306 891 765 811 885 1364 1365 1684 1690 1401 1608 1831 1439 1225
 ... : 11 18 22 20 23 27 31 28 27 28 37 65 35 31 43 32 81 186 458 729 1329 1306 891 765 809 885 1364 1373 1709 1742 1427 1608 1832 1440 1225
 ... : 11 18 22 20 23 27 31 28 27 28 37 65 35 31 43 32 81 186 458 729 1329 1308 892 766 811 885 1374 1410 1741 1808 1464 1615 1835 1442 1225
 ... : 11 18 22 20 23 27 31 28 27 28 37 65 35 31 43 32 81 186 458 729 1328 1307 892 757 810 879 1395 1401 1797 1880 1486 1616 1836 1442 1225
 ... : 11 18 22 20 23 27 31 28 27 28 37 65 35 31 43 32 81 186 458 729 1328 1307 892 757 810 868 1392 1363 1825 1962 1546 1620 1838 1442 1225
 ... : 11 18 22 20 23 27 31 28 27 28 37 65 35 31 43 32 81 186 458 729 1328 1307 892 757 809 867 1393 1363 1830 1998 1624 1672 1855 1451 1229
 ... : 11 18 22 20 23 27 31 28 27 28 37 65 35 31 43 32 81 186 458 729 1328 1307 892 757 809 867 1393 1359 1823 2006 1719 1753 1876 1462 1231
 ... : 11 18 22 20 23 27 31 28 27 28 37 65 35 31 43 32 81 186 458 729 1328 1307 892 757 809 867 1393 1359 1820 2004 1740 1852 1947 1484 1232
 ... : 11 18 22 20 23 27 31 28 27 28 37 65 35 31 43 32 81 186 458 729 1328 1307 892 757 809 867 1395 1361 1823 2015 1775 1957 2030 1501 1233
 ... : 11 18 22 20 23 27 31 28 27 28 37 65 35 31 43 32 81 186 458 729 1328 1307 892 757 809 867 1395 1360 1821 2012 1792 2056 2172 1553 1237
 ... : 11 18 22 20 23 27 31 28 27 28 37 65 35 31 43 32 81 186 458 729 1328 1306 892 757 809 867 1396 1357 1808 2059 1824 2090 2209 1557 1240
 ... : 11 18 22 20 23 27 31 28 27 28 37 65 35 31 43 32 81 186 458 729 1328 1306 892 757 809 867 1396 1357 1797 2095 1848 2117 2228 1559 1242
 ... : 11 18 22 20 23 27 31 28 27 28 37 65 35 31 43 32 81 186 458 729 1328 1306 892 757 809 866 1395 1355 1797 2093 1840 2165 2344 1595 1244
 ... : 11 18 22 20 23 27 31 28 27 28 37 65 35 31 43 32 81 186 458 729 1328 1306 892 757 809 866 1395 1355 1794 2091 1831 2136 2363 1664 1252
 ... : 11 18 22 20 23 27 31 28 27 28 37 65 35 31 43 32 81 186 458 729 1328 1306 892 757 809 866 1394 1355 1797 2087 1820 2096 2406 1755 1258
 ... : 11 18 22 20 23 27 31 28 27 28 37 65 35 31 43 32 81 186 458 729 1325 1305 895 761 820 870 1400 1358 1800 2087 1818 2079 2422 1779 1259
 ... : 11 18 22 20 23 27 31 28 27 28 37 65 35 31 43 32 81 186 458 729 1325 1305 899 762 823 868 1397 1343 1789 2098 1819 2100 2448 1797 1267
 ... : 11 18 22 20 23 27 31 28 27 28 37 65 35 31 43 32 81 186 458 729 1325 1304 899 760 821 859 1376 1318 1785 2089 1841 2115 2518 1898 1270
 ... : 11 18 22 20 23 27 31 28 27 28 37 65 35 31 43 32 81 186 458 729 1325 1304 899 759 820 859 1376 1318 1781 2080 1851 2149 2547 1945 1306
 ... : 11 18 22 20 23 27 31 28 27 28 37 65 35 31 43 32 81 186 458 729 1325 1304 898 759 820 859 1376 1316 1780 2082 1871 2241 2584 1953 1310
 ... : 11 18 22 20 23 27 31 28 27 28 37 65 35 31 43 32 81 186 458 729 1325 1304 898 759 820 859 1375 1315 1778 2080 1894 2253 2653 2001 1319
 ... : 11 18 22 20 23 27 31 28 27 28 37 65 35 31 43 32 81 186 458 729 1324 1302 897 756 819 858 1372 1312 1771 2081 1899 2256 2711 2029 1325
 ... : 11 18 22 20 23 27 31 28 27 28 37 65 35 31 43 32 81 186 458 728 1321 1300 888 755 812 850 1368 1316 1778 2076 1884 2271 2768 2033 1327
 ... : 11 18 22 20 23 27 31 28 27 28 37 65 35 31 43 32 81 186 458 728 1320 1291 887 755 813 848 1369 1318 1774 2070 1865 2296 2817 2036 1352
 ... : 11 18 22 20 23 27 31 28 27 28 37 65 35 31 43 32 81 186 458 728 1320 1291 888 758 819 853 1371 1325 1780 2077 1868 2298 2873 2041 1354
 ... : 11 18 22 20 23 27 31 28 27 28 37 65 35 31 43 32 81 186 458 728 1317 1291 888 760 821 853 1370 1329 1786 2083 1883 2318 2925 2076 1357
 ... : 11 18 22 20 23 27 31 28 27 28 37 65 35 31 43 32 81 186 458 728 1317 1292 888 759 821 853 1370 1330 1760 2061 1859 2322 3038 2081 1375
 ... : 11 18 22 20 23 27 31 28 27 28 37 65 35 31 43 32 81 186 458 728 1317 1288 886 759 821 853 1372 1333 1768 2086 1876 2334 3072 2087 1375
 ... : 11 18 22 20 23 27 31 28 27 28 37 65 35 31 43 32 81 186 458 728 1317 1288 886 760 822 855 1372 1333 1771 2083 1866 2328 3156 2094 1375
 ... : 11 18 22 20 23 27 31 28 27 28 37 65 35 31 43 32 81 186 458 728 1317 1288 885 760 823 855 1392 1339 1779 2095 1886 2358 3223 2100 1375
 ... : 11 18 22 20 23 27 31 28 27 28 37 65 35 31 43 32 81 186 458 728 1317 1288 885 760 823 855 1392 1339 1778 2084 1869 2363 3352 2144 1380
 ... : 11 18 22 20 23 27 31 28 27 28 37 65 35 31 43 32 81 186 458 728 1317 1288 885 760 823 855 1392 1339 1778 2085 1869 2404 3490 2161 1380
 ... : 11 18 22 20 23 27 31 28 27 28 37 65 35 31 43 32 81 186 458 728 1317 1287 885 760 822 854 1391 1337 1778 2082 1867 2412 3626 2180 1383
 ... : 11 18 22 20 23 27 31 28 27 28 37 65 35 31 43 32 81 186 458 728 1317 1287 885 760 822 854 1391 1337 1777 2080 1865 2419 3656 2273 1440
 ... : 11 18 22 20 23 27 31 28 27 28 37 65 35 31 43 32 81 186 458 728 1317 1287 885 760 822 854 1391 1337 1777 2077 1861 2403 3648 2402 1507
 ... : 11 18 22 20 23 27 31 28 27 28 37 65 35 31 43 32 81 186 458 728 1317 1287 885 760 822 854 1391 1336 1775 2071 1857 2389 3660 2571 1566
 ... : 11 18 22 20 23 27 31 28 27 28 37 65 35 31 43 32 81 186 458 728 1319 1288 885 759 824 855 1392 1338 1785 2072 1858 2391 3648 2690 1618
 ... : 11 18 22 20 23 27 31 28 27 28 37 65 35 31 43 32 81 186 458 728 1319 1288 885 759 824 855 1392 1337 1785 2070 1859 2397 3664 2799 1646
 ... : 11 18 22 20 23 27 31 28 27 28 37 65 35 31 43 32 81 186 458 728 1319 1288 885 759 824 855 1392 1337 1785 2069 1853 2380 3647 2957 1730
 ... : 11 18 22 20 23 27 31 28 27 28 37 65 35 31 43 32 81 186 458 728 1319 1288 885 759 824 855 1392 1337 1780 2055 1847 2369 3627 3059 1798
  36 : 11 18 22 20 23 27 31 28 27 28 37 65 35 31 43 31 81 176 453 664 1079 883 568 449 529 609 1335 1505 1316 1755 1234 1742 3132 2283 2684 1669
 ... : 11 18 22 20 23 27 31 28 27 28 37 65 35 31 43 31 81 176 453 664 1079 883 568 449 529 610 1342 1514 1322 1763 1246 1748 3135 2291 2684 1666
 ... : 11 18 22 20 23 27 31 28 27 28 37 65 35 31 43 31 81 176 453 664 1079 883 570 452 535 617 1349 1523 1327 1762 1247 1753 3142 2315 2734 1691
 ... : 11 18 22 20 23 27 31 28 27 28 37 65 35 31 43 31 81 176 454 725 1094 900 573 454 538 621 1357 1535 1356 1780 1249 1753 3142 2315 2734 1691
 ... : 11 18 22 20 23 27 31 28 27 28 37 65 35 31 43 31 81 176 454 725 1105 914 581 455 549 631 1364 1540 1379 1808 1272 1808 3149 2315 2736 1691
 ... : 11 18 22 20 23 27 31 28 27 28 37 65 35 31 43 31 81 176 454 726 1105 917 587 456 551 649 1395 1666 1477 1827 1279 1827 3163 2315 2743 1692
 ... : 11 18 22 20 23 27 31 28 27 28 37 65 35 31 43 31 81 176 454 726 1105 917 587 456 551 649 1395 1675 1542 1933 1340 1884 3184 2321 2750 1694
 ... : 11 18 22 20 23 27 31 28 27 28 37 65 35 31 43 31 81 176 454 726 1105 916 586 455 553 650 1402 1680 1543 1948 1371 1970 3245 2332 2753 1695
 ... : 11 18 22 20 23 27 31 28 27 28 37 65 35 31 43 31 81 176 454 726 1105 916 586 455 553 649 1406 1685 1545 1960 1386 1991 3283 2358 2761 1697
 ... : 11 18 22 20 23 27 31 28 27 28 37 65 35 31 43 31 81 176 455 737 1168 997 615 460 559 651 1413 1693 1547 1960 1387 1991 3286 2362 2761 1698
 ... : 11 18 22 20 23 27 31 28 27 28 37 66 35 31 43 31 81 178 460 745 1201 1086 657 473 567 652 1416 1697 1557 1960 1388 1991 3286 2362 2761 1698
 ... : 11 18 22 20 23 27 31 28 27 28 37 66 35 31 43 31 81 181 462 751 1229 1126 684 495 571 655 1423 1706 1559 1961 1388 1991 3286 2362 2761 1698
 ... : 11 18 22 20 23 27 31 28 27 28 37 66 35 31 43 31 81 183 466 758 1246 1174 714 513 576 658 1423 1706 1560 1961 1388 1991 3286 2362 2761 1699
 ... : 11 18 22 20 23 27 31 28 27 28 37 66 35 31 43 31 81 183 468 760 1253 1235 780 558 581 662 1433 1712 1561 1961 1388 1991 3286 2362 2761 1699
 ... : 11 18 22 20 23 27 31 28 27 28 37 66 35 31 43 31 81 184 468 762 1254 1256 770 576 613 671 1440 1716 1564 1961 1388 1991 3287 2362 2761 1699
 ... : 11 18 22 20 23 27 31 28 27 28 37 66 35 31 43 31 81 184 468 763 1261 1256 763 564 626 681 1452 1747 1565 1961 1388 1991 3287 2362 2761 1699
 ... : 11 18 22 20 23 27 31 28 27 28 37 66 35 31 43 31 81 184 468 763 1261 1255 763 552 627 688 1476 1778 1600 1983 1396 1996 3293 2362 2762 1700
 ... : 11 18 22 20 23 27 31 28 27 28 37 66 35 31 43 31 81 184 468 763 1261 1253 763 551 626 689 1488 1780 1655 2046 1427 1999 3296 2363 2762 1702
 ... : 11 18 22 20 23 27 31 28 27 28 37 66 35 31 43 31 81 184 468 763 1260 1253 763 549 626 688 1485 1765 1684 2083 1477 2007 3302 2368 2767 1702
 ... : 11 18 22 20 23 27 31 28 27 28 37 66 35 31 43 31 81 184 468 763 1260 1253 763 549 626 687 1485 1764 1694 2099 1528 2036 3319 2373 2769 1702
 ... : 11 18 22 20 23 27 31 28 27 28 37 66 35 31 43 31 81 184 468 763 1260 1253 763 549 626 687 1488 1770 1703 2108 1554 2108 3325 2400 2779 1711
 ... : 11 18 22 20 23 27 31 28 27 28 37 66 35 31 43 31 81 184 468 763 1260 1253 763 548 625 685 1487 1766 1702 2108 1566 2233 3401 2425 2782 1711
 ... : 11 18 22 20 23 27 31 28 27 28 37 66 35 31 43 31 81 184 468 762 1260 1253 762 545 607 682 1483 1756 1690 2123 1579 2285 3404 2429 2782 1712
 ... : 11 18 22 20 23 27 31 28 27 28 37 66 35 31 43 31 81 184 468 762 1260 1253 762 545 607 682 1481 1757 1690 2124 1579 2360 3478 2443 2792 1718
 ... : 11 18 22 20 23 27 31 28 27 28 37 66 35 31 43 31 81 184 468 762 1260 1253 762 545 607 682 1481 1760 1699 2132 1584 2362 3550 2509 2821 1725
 ... : 11 18 22 20 23 27 31 28 27 28 37 66 35 31 43 31 81 184 468 762 1260 1253 762 545 607 682 1481 1766 1705 2137 1589 2367 3572 2578 2839 1725
 ... : 11 18 22 20 23 27 31 28 27 28 37 66 35 31 43 31 81 184 468 762 1260 1252 761 545 607 674 1474 1760 1699 2125 1579 2359 3611 2648 2862 1732
 ... : 11 18 22 20 23 27 31 28 27 28 37 66 35 31 43 31 81 184 468 762 1260 1252 761 545 607 674 1474 1760 1696 2126 1575 2362 3708 2735 2917 1737
 ... : 11 18 22 20 23 27 31 28 27 28 37 66 35 31 43 31 81 184 468 762 1257 1249 757 541 602 670 1467 1753 1696 2113 1584 2372 3743 2776 2957 1744
 ... : 11 18 22 20 23 27 31 28 27 28 37 66 35 31 43 31 81 184 468 762 1257 1249 756 540 605 676 1488 1770 1740 2136 1602 2404 3771 2782 2961 1746
 ... : 11 18 22 20 23 27 31 28 27 28 37 66 35 31 43 31 81 184 468 762 1257 1248 756 540 605 680 1500 1773 1745 2150 1623 2417 3818 2823 2971 1747
 ... : 11 18 22 20 23 27 31 28 27 28 37 66 35 31 43 31 81 184 468 762 1257 1248 756 540 603 676 1494 1780 1752 2137 1653 2448 3876 2848 2977 1748
 ... : 11 18 22 20 23 27 31 28 27 28 37 66 35 31 43 31 81 184 468 761 1250 1232 728 532 591 671 1483 1781 1749 2118 1658 2451 3904 2840 2986 1748
 ... : 11 18 22 20 23 27 31 28 27 28 37 66 35 31 43 31 81 184 468 760 1249 1228 727 532 590 671 1479 1778 1757 2131 1664 2459 3956 2851 2993 1750
 ... : 11 18 22 20 23 27 31 28 27 28 37 66 35 31 43 31 81 184 468 760 1249 1228 727 534 590 670 1473 1774 1750 2108 1641 2454 4005 2859 3007 1751
 ... : 11 18 22 20 23 27 31 28 27 28 37 66 35 31 43 31 81 184 468 760 1249 1228 727 534 590 669 1473 1772 1745 2109 1632 2451 4014 2926 3062 1752
 ... : 11 18 22 20 23 27 31 28 27 28 37 66 35 31 43 31 81 184 468 760 1248 1226 726 533 590 669 1468 1748 1720 2083 1600 2403 3981 2931 3077 1753
 ... : 11 18 22 20 23 27 31 28 27 28 37 66 35 31 43 31 81 184 468 760 1248 1225 726 533 590 669 1466 1746 1718 2081 1590 2382 3934 2818 3198 1794
 ... : 11 18 22 20 23 27 31 28 27 28 37 66 35 31 43 31 81 184 468 760 1248 1225 726 533 590 669 1466 1746 1718 2079 1589 2368 3920 2824 3088 1848
 ... : 11 18 22 20 23 27 31 28 27 28 37 66 35 31 43 31 81 184 468 760 1249 1225 734 551 607 675 1470 1752 1735 2080 1589 2367 3928 2816 3143 1869
 ... : 11 18 22 20 23 27 31 28 27 28 37 66 35 31 43 31 81 184 468 760 1249 1227 742 567 618 686 1480 1764 1768 2104 1608 2376 3938 2823 3146 1870
 ... : 11 18 22 20 23 27 31 28 27 28 37 66 35 31 43 31 81 184 468 760 1249 1227 742 566 618 685 1479 1766 1768 2105 1608 2373 3932 2791 3235 1924
 ... : 11 18 22 20 23 27 31 28 27 28 37 66 35 31 43 31 81 184 468 760 1249 1227 742 566 618 685 1479 1766 1770 2105 1614 2384 3951 2830 3290 1946
 ... : 11 18 22 20 23 27 31 28 27 28 37 66 35 31 43 31 81 184 481 772 1275 1268 778 588 636 694 1481 1788 1785 2111 1619 2388 3956 2833 3298 1959
 ... : 11 18 22 20 23 27 31 28 27 28 37 66 35 31 43 31 81 184 481 781 1284 1279 796 607 671 728 1502 1839 1909 2124 1621 2393 3957 2834 3298 1959
 ... : 11 18 22 20 23 27 31 28 27 28 37 66 35 31 43 31 81 184 481 781 1284 1276 792 600 660 723 1494 1832 1911 2152 1664 2453 4074 2864 3337 1964
 ... : 11 18 22 20 23 27 31 28 27 28 37 66 35 31 43 31 81 184 481 784 1282 1280 793 599 657 720 1492 1831 1912 2151 1661 2448 4074 2919 3394 1996
 ... : 11 18 22 20 23 27 31 28 27 28 37 66 35 31 43 31 81 184 481 786 1282 1280 793 599 657 720 1493 1831 1912 2150 1662 2445 4067 2944 3515 2042
  37 : 11 18 22 20 23 27 31 28 27 28 37 66 35 31 42 32 81 184 476 748 1198 1086 657 538 619 663 1369 1549 1823 1800 1424 1821 1720 1493 2043 1451 3853
 ... : 11 18 22 20 23 27 31 28 27 28 37 66 35 31 42 32 81 184 476 748 1198 1085 656 537 620 664 1369 1549 1825 1799 1425 1826 1734 1503 2074 1486 3871
 ... : 11 18 22 20 23 27 31 28 27 28 37 66 35 31 42 32 81 184 476 748 1199 1087 657 537 620 664 1369 1549 1825 1799 1429 1826 1732 1503 2102 1557 3896
 ... : 11 18 22 20 23 27 31 28 27 28 37 66 35 31 42 32 81 184 476 748 1198 1087 657 537 620 664 1368 1550 1826 1800 1431 1830 1743 1526 2143 1622 3921
 ... : 11 18 22 20 23 27 31 28 27 28 37 66 35 31 42 32 81 184 476 748 1198 1087 657 537 620 664 1368 1550 1826 1801 1431 1830 1742 1529 2152 1709 3980
 ... : 11 18 22 20 23 27 31 28 27 28 37 66 35 31 42 32 81 184 476 748 1198 1087 657 537 620 664 1368 1549 1823 1804 1439 1835 1757 1542 2159 1728 3989
 ... : 11 18 22 20 23 27 31 28 27 28 37 66 35 31 42 32 81 184 476 749 1199 1104 661 539 621 666 1374 1555 1825 1803 1439 1835 1748 1534 2177 1748 3997
 ... : 11 18 22 20 23 27 31 28 27 28 37 66 35 31 42 32 81 184 476 749 1199 1104 661 539 621 666 1374 1555 1825 1803 1439 1837 1761 1550 2211 1827 4045
 ... : 11 18 22 20 23 27 31 28 27 28 37 66 35 31 42 32 81 184 476 749 1198 1104 659 536 616 662 1372 1553 1810 1779 1400 1800 1713 1450 2090 1737 4023
 ... : 11 18 22 20 23 27 31 28 27 28 37 66 35 31 42 32 81 184 476 757 1205 1110 669 545 620 664 1371 1555 1813 1777 1397 1801 1699 1451 2088 1738 4024
 ... : 11 18 22 20 23 27 31 28 27 28 37 66 35 31 42 32 81 184 476 757 1206 1115 672 546 627 668 1376 1560 1823 1782 1396 1803 1706 1451 2092 1742 4027
 ... : 11 18 22 20 23 27 31 28 27 28 37 66 35 31 42 32 81 184 476 757 1206 1115 672 546 627 668 1376 1560 1821 1779 1391 1796 1687 1440 2141 1826 4072
  38 : 11 18 22 20 23 27 31 28 27 28 37 66 35 31 42 32 81 184 475 752 1200 1103 669 543 624 668 1375 1551 1801 1771 1355 1706 1560 1269 1919 1580 1677 2845
  39 : 11 18 22 20 23 27 31 28 27 28 37 66 35 31 42 32 81 184 475 752 1200 1103 669 543 624 668 1375 1550 1799 1771 1350 1709 1561 1266 1919 1569 1491 1298 1853
 ... : 11 18 22 20 23 27 31 28 27 28 37 66 35 31 42 32 81 184 475 752 1200 1103 669 543 624 668 1375 1550 1799 1771 1350 1709 1561 1266 1921 1584 1552 1436 1917
 ... : 11 18 22 20 23 27 31 28 27 28 37 66 35 31 42 32 81 184 475 752 1200 1103 669 543 624 668 1375 1550 1799 1771 1351 1708 1562 1267 1930 1608 1597 1542 1967
 ... : 11 18 22 20 23 27 31 28 27 28 37 66 35 31 42 32 81 184 475 752 1200 1103 669 543 624 668 1375 1550 1799 1771 1351 1708 1562 1267 1935 1639 1640 1643 2016
 ... : 11 18 22 20 23 27 31 28 27 28 37 66 35 31 42 32 81 184 475 752 1200 1103 669 543 624 668 1375 1550 1799 1771 1351 1708 1562 1267 1939 1674 1709 1748 2060
  40 : 11 18 22 20 23 27 31 28 27 28 37 66 35 31 42 32 81 184 475 752 1200 1102 669 543 624 668 1375 1548 1798 1771 1351 1707 1556 1257 1884 1663 1690 1587 895 1484
 ... : 11 18 22 20 23 27 31 28 27 28 37 66 35 31 42 32 81 184 475 752 1201 1105 672 549 630 675 1377 1558 1804 1773 1354 1713 1559 1258 1883 1674 1704 1612 938 1515
 ... : 11 18 22 20 23 27 31 28 27 28 37 66 35 31 42 32 81 184 475 752 1201 1104 669 546 630 675 1379 1550 1809 1777 1362 1738 1593 1274 1888 1674 1704 1612 938 1520
 ... : 11 18 22 20 23 27 31 28 27 28 37 66 35 31 42 32 81 184 475 752 1201 1104 669 546 630 675 1379 1549 1807 1778 1368 1744 1605 1297 1913 1682 1708 1614 942 1539
 ... : 11 18 22 20 23 27 31 28 27 28 37 66 35 31 42 32 81 184 475 752 1201 1104 669 546 630 675 1379 1549 1806 1778 1366 1741 1607 1310 1944 1733 1727 1619 950 1551
 ... : 11 18 22 20 23 27 31 28 27 28 37 66 35 31 42 32 81 184 475 752 1201 1104 669 546 630 675 1379 1548 1803 1775 1363 1738 1606 1308 1941 1746 1794 1686 973 1570
 ... : 11 18 22 20 23 27 31 28 27 28 37 66 35 31 42 32 81 184 475 752 1201 1104 669 546 630 675 1379 1548 1803 1777 1364 1739 1610 1312 1944 1749 1798 1721 1054 1611
 ... : 11 18 22 20 23 27 31 28 27 28 37 66 35 31 42 32 81 184 475 752 1201 1104 670 550 642 706 1397 1558 1808 1785 1368 1740 1615 1322 1954 1756 1799 1721 1056 1618
 ... : 11 18 22 20 23 27 31 28 27 28 37 66 35 31 42 32 81 184 475 752 1201 1104 670 551 652 730 1446 1605 1822 1789 1368 1742 1616 1322 1955 1757 1803 1722 1057 1623
 ... : 11 18 22 20 23 27 31 28 27 28 37 66 35 31 42 32 81 184 475 752 1201 1104 670 551 654 740 1452 1621 1846 1811 1377 1742 1616 1324 1955 1758 1803 1723 1057 1625
 ... : 11 18 22 20 23 27 31 28 27 28 37 66 35 31 42 32 81 184 475 752 1201 1104 671 553 656 745 1456 1620 1851 1823 1394 1761 1625 1335 1956 1758 1803 1723 1057 1627
 ... : 11 18 22 20 23 27 31 28 27 28 37 66 35 31 42 32 81 184 475 752 1201 1104 671 553 656 745 1456 1620 1852 1837 1401 1773 1688 1380 1981 1761 1808 1726 1057 1629
 ... : 11 18 22 20 23 27 31 28 27 28 37 66 35 31 42 32 81 184 475 752 1201 1104 671 556 666 776 1470 1634 1859 1839 1403 1776 1695 1394 2004 1771 1808 1726 1059 1635
 ... : 11 18 22 20 23 27 31 28 27 28 37 66 35 31 42 32 81 184 475 752 1201 1104 671 556 666 775 1470 1633 1854 1838 1413 1791 1717 1445 2056 1785 1812 1726 1061 1636
 ... : 11 18 22 20 23 27 31 28 27 28 37 66 35 31 42 32 81 184 475 752 1201 1104 670 556 667 778 1471 1633 1856 1838 1414 1785 1712 1451 2096 1820 1816 1726 1061 1640
 ... : 11 18 22 20 23 27 31 28 27 28 37 66 35 31 42 32 81 184 475 752 1201 1104 670 556 667 778 1471 1632 1856 1838 1415 1783 1729 1490 2159 1860 1830 1726 1062 1643
 ... : 11 18 22 20 23 27 31 28 27 28 37 66 35 31 42 32 81 184 475 752 1201 1104 670 556 667 778 1471 1632 1857 1839 1416 1784 1731 1487 2196 1928 1878 1726 1062 1647
 ... : 11 18 22 20 23 27 31 28 27 28 37 66 35 31 42 32 81 184 475 752 1201 1105 671 560 671 793 1472 1644 1878 1847 1418 1788 1731 1485 2189 1926 1891 1729 1063 1648
 ... : 11 18 22 20 23 27 31 28 27 28 37 66 35 31 42 32 81 184 475 752 1201 1104 670 556 670 791 1473 1635 1864 1842 1424 1794 1729 1464 2168 1902 1878 1730 1065 1654
 ... : 11 18 22 20 23 27 31 28 27 28 37 66 35 31 42 32 81 184 475 752 1201 1104 670 556 670 791 1473 1635 1864 1842 1423 1793 1725 1462 2171 1896 1899 1792 1081 1662
 ... : 11 18 22 20 23 27 31 28 27 28 37 66 35 31 42 32 81 184 475 752 1201 1104 670 556 670 791 1473 1635 1864 1842 1423 1795 1752 1506 2223 1962 1964 1809 1086 1675
 ... : 11 18 22 20 23 27 31 28 27 28 37 66 35 31 42 32 81 184 475 752 1201 1104 670 556 670 791 1473 1635 1864 1842 1423 1794 1752 1505 2221 1966 1986 1898 1171 1688
 ... : 11 18 22 20 23 27 31 28 27 28 37 66 35 31 42 32 81 184 475 752 1201 1104 670 556 669 789 1473 1633 1861 1838 1412 1781 1712 1458 2156 1932 1992 1902 1175 1690
 ... : 11 18 22 20 23 27 31 28 27 28 37 66 35 31 42 32 81 184 475 752 1201 1104 670 556 669 789 1473 1633 1861 1838 1414 1782 1708 1450 2144 1934 1977 1934 1220 1718
 ... : 11 18 22 20 23 27 31 28 27 28 37 66 35 31 42 32 81 184 475 752 1201 1104 671 559 689 833 1514 1652 1876 1846 1421 1785 1708 1451 2144 1936 1980 1934 1221 1724
 ... : 11 18 22 20 23 27 31 28 27 28 37 66 35 31 42 32 81 184 475 752 1201 1104 672 563 700 911 1585 1659 1876 1847 1422 1790 1710 1452 2145 1939 1980 1934 1221 1727
 ... : 11 18 22 20 23 27 31 28 27 28 37 66 35 31 42 32 81 184 475 752 1201 1103 672 563 701 912 1583 1660 1878 1849 1428 1798 1717 1457 2149 1946 1986 1935 1222 1729
 ... : 11 18 22 20 23 27 31 28 27 28 37 66 35 31 42 32 81 184 475 752 1201 1103 672 563 701 912 1583 1660 1877 1850 1433 1820 1753 1493 2172 1965 1996 1942 1223 1729
 ... : 11 18 22 20 23 27 31 28 27 28 37 66 35 31 42 32 81 184 475 752 1201 1103 672 563 701 912 1583 1660 1877 1850 1435 1816 1741 1495 2173 1972 2011 1956 1223 1729
 ... : 11 18 22 20 23 27 31 28 27 28 37 66 35 31 42 32 81 184 475 752 1201 1103 672 563 701 912 1583 1660 1877 1850 1435 1816 1742 1497 2181 1975 2041 2003 1247 1776
 ... : 11 18 22 20 23 27 31 28 27 28 37 66 35 31 42 32 81 184 475 752 1201 1103 672 563 701 912 1583 1660 1877 1850 1435 1816 1741 1491 2175 1982 2038 2043 1356 1825
 ... : 11 18 22 20 23 27 31 28 27 28 37 66 35 31 42 32 81 184 475 752 1201 1103 672 563 701 912 1583 1660 1877 1850 1435 1816 1741 1489 2182 2013 2086 2078 1404 1861
 ... : 11 18 22 20 23 27 31 28 27 28 37 66 35 31 42 32 81 184 475 752 1201 1103 672 563 701 912 1583 1660 1876 1845 1434 1816 1744 1489 2186 2012 2114 2137 1509 1895
 ... : 11 18 22 20 23 27 31 28 27 28 37 66 35 31 42 32 81 184 475 752 1201 1103 672 563 701 912 1582 1660 1876 1845 1433 1816 1739 1474 2177 2005 2105 2162 1589 1953
 ... : 11 18 22 20 23 27 31 28 27 28 37 66 35 31 42 32 81 184 475 752 1201 1103 672 563 701 912 1582 1660 1876 1845 1433 1816 1736 1470 2178 1990 2112 2182 1616 2014
 ... : 11 18 22 20 23 27 31 28 27 28 37 66 35 31 42 32 81 184 475 752 1201 1103 672 563 701 912 1582 1660 1876 1845 1433 1816 1736 1469 2178 1976 2116 2187 1682 2069
 ... : 11 18 22 20 23 27 31 28 27 28 37 66 35 31 42 32 81 184 475 752 1201 1103 672 563 701 912 1582 1660 1876 1845 1433 1816 1736 1469 2167 1961 2128 2245 1805 2113
 ... : 11 18 22 20 23 27 31 28 27 28 37 66 35 31 42 32 81 184 475 752 1201 1103 672 563 701 912 1582 1660 1876 1844 1446 1825 1768 1480 2178 1985 2165 2287 1862 2141
 ... : 11 18 22 20 23 27 31 28 27 28 37 66 35 31 42 32 81 184 475 752 1201 1103 672 563 701 912 1582 1660 1876 1844 1445 1825 1767 1474 2165 1985 2186 2333 1899 2178
 ... : 11 18 22 20 23 27 31 28 27 28 37 66 35 31 42 32 81 184 475 752 1201 1103 672 563 701 912 1582 1660 1876 1844 1445 1825 1767 1477 2170 1996 2246 2374 1922 2199
 ... : 11 18 22 20 23 27 31 28 27 28 37 66 35 31 42 32 81 184 475 752 1201 1103 672 563 701 912 1582 1660 1876 1844 1445 1825 1767 1477 2171 1998 2269 2423 2018 2241
 ... : 11 18 22 20 23 27 31 28 27 28 37 66 35 31 42 32 81 184 475 752 1201 1103 672 563 701 912 1582 1660 1876 1844 1445 1825 1768 1473 2164 1996 2272 2457 2095 2285
  41 : 11 18 22 20 23 27 31 28 27 28 37 66 35 31 42 32 81 184 475 752 1198 1094 672 555 702 888 1560 1639 1864 1798 1407 1763 1603 1292 1794 1404 1915 1989 1701 1620 2307
 ... : 11 18 22 20 23 27 31 28 27 28 37 66 35 31 42 32 81 184 475 752 1198 1094 672 555 702 888 1560 1639 1863 1798 1405 1762 1600 1285 1785 1395 1903 1991 1739 1677 2346
  42 : 11 18 22 20 23 27 31 28 27 28 37 66 35 31 42 32 81 184 475 752 1198 1094 672 555 702 888 1560 1638 1864 1797 1406 1758 1600 1283 1775 1378 1882 1959 1721 1277 937 1931
 ... : 11 18 22 20 23 27 31 28 27 28 37 66 35 31 42 32 81 184 475 752 1198 1094 672 555 702 888 1560 1638 1864 1797 1406 1758 1602 1283 1781 1385 1895 1982 1747 1304 978 1953
 ... : 11 18 22 20 23 27 31 28 27 28 37 66 35 31 42 32 81 184 475 752 1198 1094 672 555 702 888 1560 1638 1864 1797 1407 1759 1606 1293 1791 1401 1918 2006 1772 1320 1017 1964
 ... : 11 18 22 20 23 27 31 28 27 28 37 66 35 31 42 32 81 184 475 755 1199 1097 673 556 704 888 1560 1638 1864 1797 1407 1759 1606 1293 1792 1404 1925 2018 1793 1351 1064 2007
 ... : 11 18 22 20 23 27 31 28 27 28 37 66 35 31 42 32 81 184 475 755 1199 1097 672 555 703 888 1561 1638 1863 1797 1407 1759 1614 1296 1795 1400 1927 2037 1823 1367 1071 2008
 ... : 11 18 22 20 23 27 31 28 27 28 37 66 35 31 42 32 81 184 475 755 1199 1097 672 555 703 888 1561 1638 1863 1798 1420 1767 1669 1378 1850 1423 1961 2041 1824 1373 1071 2008
 ... : 11 18 22 20 23 27 31 28 27 28 37 66 35 31 42 32 81 184 475 755 1199 1097 672 555 703 888 1561 1638 1863 1798 1433 1773 1700 1420 1896 1446 1976 2044 1824 1377 1072 2012
 ... : 11 18 22 20 23 27 31 28 27 28 37 66 35 31 42 32 81 184 475 755 1199 1097 672 555 703 888 1561 1637 1858 1794 1415 1773 1702 1477 2091 1544 2059 2050 1825 1382 1072 2012
 ... : 11 18 22 20 23 27 31 28 27 28 37 66 35 31 42 32 81 184 475 755 1199 1097 672 555 703 888 1561 1637 1858 1794 1415 1773 1708 1493 2171 1688 2151 2060 1825 1386 1072 2012
 ... : 11 18 22 20 23 27 31 28 27 28 37 66 35 31 42 32 81 184 475 755 1199 1097 672 555 703 888 1561 1637 1858 1794 1415 1773 1706 1493 2179 1719 2236 2124 1825 1391 1072 2012
 ... : 11 18 22 20 23 27 31 28 27 28 37 66 35 31 42 32 81 184 475 755 1199 1097 672 555 703 888 1561 1637 1858 1794 1415 1773 1705 1493 2179 1716 2246 2212 1888 1403 1072 2015
 ... : 11 18 22 20 23 27 31 28 27 28 37 66 35 31 42 32 81 184 475 755 1199 1097 672 555 703 888 1561 1637 1858 1794 1415 1773 1705 1493 2179 1721 2261 2274 1966 1457 1076 2020
 ... : 11 18 22 20 23 27 31 28 27 28 37 66 35 31 42 32 81 184 475 755 1199 1097 672 555 703 888 1561 1637 1858 1794 1415 1773 1708 1527 2209 1736 2283 2317 2027 1521 1076 2022
 ... : 11 18 22 20 23 27 31 28 27 28 37 66 35 31 42 32 81 184 475 755 1199 1097 672 555 703 888 1561 1637 1858 1794 1415 1773 1705 1527 2218 1821 2332 2395 2046 1532 1077 2022
 ... : 11 18 22 20 23 27 31 28 27 28 37 66 35 31 42 32 81 184 475 755 1199 1097 672 555 703 888 1561 1637 1858 1794 1415 1773 1705 1526 2238 1829 2339 2484 2093 1587 1084 2023
 ... : 11 18 22 20 23 27 31 28 27 28 37 66 35 31 42 32 81 184 475 755 1199 1097 672 555 703 888 1561 1637 1858 1794 1415 1773 1705 1526 2238 1829 2338 2483 2097 1687 1146 2028
 ... : 11 18 22 20 23 27 31 28 27 28 37 66 35 31 42 32 81 184 475 755 1200 1103 676 560 712 892 1566 1641 1867 1794 1415 1773 1709 1527 2242 1835 2346 2485 2093 1728 1189 2032
 ... : 11 18 22 20 23 27 31 28 27 28 37 66 35 31 42 32 81 184 475 755 1200 1103 676 560 712 892 1566 1641 1866 1794 1413 1771 1703 1516 2231 1826 2346 2489 2110 1747 1228 2061
 ... : 11 18 22 20 23 27 31 28 27 28 37 66 35 31 42 32 81 184 475 755 1200 1103 676 560 712 892 1566 1641 1866 1794 1413 1771 1703 1516 2231 1825 2345 2485 2106 1742 1336 2147
 ... : 11 18 22 20 23 27 31 28 27 28 37 66 35 31 42 32 81 184 475 755 1200 1103 676 560 712 892 1566 1641 1866 1794 1413 1771 1703 1516 2229 1824 2343 2481 2098 1741 1529 2236
 ... : 11 18 22 20 23 27 31 28 27 28 37 66 35 31 42 32 81 184 475 755 1200 1103 676 559 710 890 1562 1640 1864 1794 1411 1775 1712 1537 2247 1830 2354 2489 2102 1744 1529 2238
 ... : 11 18 22 20 23 27 31 28 27 28 37 66 35 31 42 32 81 184 475 755 1200 1109 683 565 719 891 1562 1640 1868 1795 1410 1774 1716 1542 2253 1832 2367 2501 2124 1754 1534 2242
 ... : 11 18 22 20 23 27 31 28 27 28 37 66 35 31 42 32 81 184 475 755 1200 1109 682 563 717 889 1559 1638 1860 1779 1401 1763 1710 1542 2255 1818 2326 2524 2133 1762 1550 2252
 ... : 11 18 22 20 23 27 31 28 27 28 37 66 35 31 42 32 81 184 475 755 1200 1109 683 566 720 891 1561 1641 1871 1796 1407 1770 1712 1535 2247 1814 2320 2515 2136 1773 1554 2257
 ... : 11 18 22 20 23 27 31 28 27 28 37 66 35 31 42 32 81 184 475 755 1200 1109 683 566 720 891 1561 1641 1871 1796 1407 1770 1712 1535 2247 1816 2321 2524 2161 1813 1596 2289
 ... : 11 18 22 20 23 27 31 28 27 28 37 66 35 31 42 32 81 184 475 755 1200 1109 683 566 720 891 1561 1641 1871 1792 1404 1738 1691 1505 2228 1798 2304 2522 2146 1816 1633 2320
 ... : 11 18 22 20 23 27 31 28 27 28 37 66 35 31 42 32 81 184 475 757 1201 1121 704 574 729 897 1567 1641 1902 1796 1406 1745 1707 1551 2261 1805 2306 2522 2146 1816 1635 2323
 ... : 11 18 22 20 23 27 31 28 27 28 37 66 35 31 42 32 81 184 475 757 1202 1128 746 594 738 913 1572 1646 1929 1809 1417 1760 1724 1561 2262 1805 2306 2523 2146 1816 1635 2324
 ... : 11 18 22 20 23 27 31 28 27 28 37 66 35 31 42 32 81 184 475 757 1205 1137 754 598 739 913 1572 1646 1928 1807 1414 1758 1727 1573 2281 1823 2322 2532 2152 1817 1635 2324
 ... : 11 18 22 20 23 27 31 28 27 28 37 66 35 31 42 32 81 184 475 759 1212 1147 758 598 742 916 1571 1647 1926 1803 1409 1748 1714 1548 2280 1831 2336 2541 2153 1823 1638 2329
 ... : 11 18 22 20 23 27 31 28 27 28 37 66 35 31 42 32 81 184 475 759 1212 1147 758 601 743 916 1571 1647 1926 1802 1407 1744 1705 1525 2239 1782 2260 2475 2174 1826 1618 2321
 ... : 11 18 22 20 23 27 31 28 27 28 37 66 35 31 42 32 81 184 475 759 1212 1147 758 601 743 916 1571 1647 1926 1803 1408 1749 1720 1546 2260 1786 2260 2470 2140 1823 1629 2339
 ... : 11 18 22 20 23 27 31 28 27 28 37 66 35 31 42 32 81 184 475 759 1212 1147 758 601 742 914 1568 1646 1920 1794 1388 1711 1669 1468 2182 1725 2180 2486 2143 1823 1629 2339
 ... : 11 18 22 20 23 27 31 28 27 28 37 66 35 31 42 32 81 184 475 759 1212 1147 758 604 763 946 1589 1672 1982 1812 1396 1712 1670 1469 2182 1725 2180 2488 2144 1823 1630 2340
 ... : 11 18 22 20 23 27 31 28 27 28 37 66 35 31 42 32 81 184 475 759 1211 1147 758 604 763 946 1591 1674 1982 1823 1399 1718 1666 1466 2162 1692 2158 2528 2180 1822 1633 2339
 ... : 11 18 22 20 23 27 31 28 27 28 37 66 35 31 42 32 81 184 475 759 1211 1147 758 604 763 946 1591 1674 1982 1823 1400 1717 1663 1448 2143 1673 2091 2470 2147 1842 1648 2356
 ... : 11 18 22 20 23 27 31 28 27 28 37 66 35 31 42 32 81 184 475 759 1211 1147 758 604 763 946 1591 1674 1982 1823 1400 1716 1661 1461 2165 1687 2127 2551 2157 1886 1659 2362
 ... : 11 18 22 20 23 27 31 28 27 28 37 66 35 31 42 32 81 184 475 759 1211 1147 758 604 763 946 1591 1674 1982 1823 1400 1715 1660 1459 2160 1687 2130 2638 2263 2000 1676 2365
 ... : 11 18 22 20 23 27 31 28 27 28 37 66 35 31 42 32 81 184 475 759 1211 1147 758 604 763 946 1591 1674 1982 1823 1400 1715 1658 1457 2153 1692 2133 2703 2408 2093 1696 2369
 ... : 11 18 22 20 23 27 31 28 27 28 37 66 35 31 42 32 81 184 475 759 1211 1147 758 604 763 946 1591 1674 1982 1823 1400 1714 1655 1454 2138 1691 2134 2785 2496 2218 1710 2376
 ... : 11 18 22 20 23 27 31 28 27 28 37 66 35 31 42 32 81 184 475 759 1211 1147 758 604 763 946 1591 1674 1982 1822 1400 1714 1655 1454 2133 1691 2139 2809 2579 2348 1739 2380
 ... : 11 18 22 20 23 27 31 28 27 28 37 66 35 31 42 32 81 184 475 759 1211 1147 758 604 763 946 1591 1674 1982 1822 1400 1714 1655 1454 2133 1691 2139 2802 2587 2412 1846 2395
 ... : 11 18 22 20 23 27 31 28 27 28 37 66 35 31 42 32 81 184 475 759 1211 1147 758 604 763 946 1591 1674 1982 1822 1400 1714 1655 1453 2133 1691 2139 2802 2588 2420 1948 2469
 ... : 11 18 22 20 23 27 31 28 27 28 37 66 35 31 42 32 81 184 475 759 1211 1147 758 604 763 946 1591 1674 1982 1822 1400 1714 1655 1453 2133 1691 2139 2797 2587 2425 2185 2557
 ... : 11 18 22 20 23 27 31 28 27 28 37 66 35 31 42 32 81 184 475 759 1211 1147 758 604 763 946 1591 1674 1982 1822 1400 1714 1655 1453 2131 1692 2153 2809 2629 2444 2296 2605
 ... : 11 18 22 20 23 27 31 28 27 28 37 66 35 31 42 32 81 184 475 759 1211 1147 758 604 763 946 1591 1674 1982 1822 1400 1714 1655 1451 2131 1692 2153 2801 2649 2466 2367 2652
 ... : 11 18 22 20 23 27 31 28 27 28 37 66 35 31 42 32 81 184 475 759 1211 1147 758 604 763 946 1591 1674 1982 1822 1400 1714 1655 1451 2131 1695 2156 2807 2655 2458 2488 2692
 ... : 11 18 22 20 23 27 31 28 27 28 37 66 35 31 42 32 81 184 475 759 1211 1147 759 606 768 960 1598 1687 1999 1837 1417 1734 1664 1452 2133 1697 2156 2807 2655 2458 2489 2692
 ... : 11 18 22 20 23 27 31 28 27 28 37 66 35 31 42 32 81 184 475 759 1211 1147 759 606 768 960 1598 1687 1996 1843 1441 1765 1679 1460 2128 1688 2152 2824 2664 2467 2500 2705
 ... : 11 18 22 20 23 27 31 28 27 28 37 66 35 31 42 32 81 184 475 759 1211 1147 759 606 769 961 1598 1687 1999 1853 1470 1812 1718 1501 2141 1693 2156 2826 2666 2469 2504 2708
 ... : 11 18 22 20 23 27 31 28 27 28 37 66 35 31 42 32 81 184 475 759 1211 1147 759 606 769 961 1598 1687 1999 1852 1470 1819 1750 1556 2192 1721 2172 2835 2675 2472 2506 2708
 ... : 11 18 22 20 23 27 31 28 27 28 37 66 35 31 42 32 81 184 475 759 1211 1147 759 606 769 961 1598 1687 1999 1852 1471 1817 1751 1557 2231 1777 2208 2840 2676 2472 2507 2709
 ... : 11 18 22 20 23 27 31 28 27 28 37 66 35 31 42 32 81 184 475 764 1215 1151 767 630 792 972 1610 1706 2017 1862 1477 1818 1751 1557 2231 1777 2209 2841 2676 2472 2510 2709
 ... : 11 18 22 20 23 27 31 28 27 28 37 66 35 31 42 32 81 184 475 764 1215 1151 767 630 792 972 1614 1715 2044 1886 1495 1846 1772 1571 2234 1777 2212 2841 2676 2472 2511 2709
 ... : 11 18 22 20 23 27 31 28 27 28 37 66 35 31 42 32 81 184 475 764 1215 1151 767 629 792 972 1616 1720 2053 1898 1511 1859 1781 1583 2252 1795 2226 2845 2680 2476 2514 2711
 ... : 11 18 22 20 23 27 31 28 27 28 37 66 35 31 42 32 81 184 475 764 1215 1151 767 629 792 972 1616 1720 2053 1898 1513 1858 1765 1555 2222 1787 2259 2894 2695 2480 2520 2718
 ... : 11 18 22 20 23 27 31 28 27 28 37 66 35 31 42 32 81 184 475 764 1216 1156 771 640 804 988 1636 1748 2108 1914 1522 1859 1774 1562 2221 1781 2255 2893 2695 2480 2520 2718
 ... : 11 18 22 20 23 27 31 28 27 28 37 66 35 31 42 32 81 184 475 764 1216 1156 770 639 802 986 1635 1744 2106 1932 1551 1874 1790 1565 2204 1752 2223 2885 2689 2481 2522 2722
 ... : 11 18 22 20 23 27 31 28 27 28 37 66 35 31 42 32 81 184 475 764 1216 1156 770 639 803 986 1636 1746 2103 1933 1550 1880 1789 1562 2193 1744 2194 2865 2711 2503 2531 2727
 ... : 11 18 22 20 23 27 31 28 27 28 37 66 35 31 42 32 81 184 475 764 1216 1156 770 639 803 989 1638 1748 2103 1930 1548 1868 1793 1595 2244 1761 2200 2865 2711 2503 2531 2728
 ... : 11 18 22 20 23 27 31 28 27 28 37 66 35 31 42 32 81 184 475 764 1216 1156 769 638 801 985 1634 1748 2107 1936 1557 1887 1811 1628 2281 1791 2201 2865 2711 2505 2531 2728
 ... : 11 18 22 20 23 27 31 28 27 28 37 66 35 31 42 32 81 184 475 764 1216 1159 772 639 803 988 1634 1748 2107 1935 1555 1885 1807 1620 2284 1833 2234 2875 2719 2507 2536 2736
 ... : 11 18 22 20 23 27 31 28 27 28 37 66 35 31 42 32 81 184 475 764 1216 1159 772 639 803 988 1634 1748 2106 1935 1542 1865 1804 1607 2267 1788 2217 2876 2733 2512 2538 2739
 ... : 11 18 22 20 23 27 31 28 27 28 37 66 35 31 42 32 81 184 475 764 1216 1159 771 638 803 993 1636 1746 2093 1901 1487 1818 1768 1568 2230 1748 2184 2849 2718 2512 2538 2740
 ... : 11 18 22 20 23 27 31 28 27 28 37 66 35 31 42 32 81 184 475 764 1216 1158 772 641 806 997 1639 1747 2093 1902 1487 1818 1761 1559 2230 1748 2196 2870 2751 2520 2539 2749
 ... : 11 18 22 20 23 27 31 28 27 28 37 66 35 31 42 32 81 184 475 764 1215 1158 772 641 806 997 1639 1747 2094 1904 1486 1817 1753 1548 2212 1738 2185 2849 2697 2529 2572 2766
 ... : 11 18 22 20 23 27 31 28 27 28 37 66 35 31 42 32 81 184 475 764 1215 1158 772 641 806 997 1639 1747 2094 1904 1486 1817 1752 1549 2266 1763 2196 2893 2705 2546 2590 2774
 ... : 11 18 22 20 23 27 31 28 27 28 37 66 35 31 42 32 81 184 475 764 1215 1158 772 641 806 997 1639 1747 2094 1901 1481 1812 1749 1541 2246 1737 2186 2885 2690 2545 2614 2774
 ... : 11 18 22 20 23 27 31 28 27 28 37 66 35 31 42 32 81 184 475 764 1215 1158 772 641 807 996 1638 1748 2095 1904 1486 1817 1777 1594 2271 1749 2184 2886 2698 2549 2632 2784
 ... : 11 18 22 20 23 27 31 28 27 28 37 66 35 31 42 32 81 184 475 765 1215 1158 772 640 803 994 1637 1746 2093 1896 1467 1783 1734 1567 2256 1742 2169 2883 2700 2550 2633 2790
 ... : 11 18 22 20 23 27 31 28 27 28 37 66 35 31 42 32 81 184 475 765 1215 1158 772 639 803 986 1627 1742 2094 1901 1476 1791 1738 1575 2261 1744 2170 2882 2689 2552 2633 2791
 ... : 11 18 22 20 23 27 31 28 27 28 37 66 35 31 42 32 81 184 475 765 1214 1158 771 639 803 986 1627 1742 2092 1899 1472 1789 1732 1566 2246 1734 2139 2862 2661 2541 2677 2831
 ... : 11 18 22 20 23 27 31 28 27 28 37 66 35 31 42 32 81 184 475 765 1214 1158 771 639 803 986 1627 1742 2092 1899 1471 1788 1731 1566 2244 1734 2136 2876 2703 2674 2852 2871
  43 : 11 18 22 20 23 27 31 28 27 28 37 66 35 31 42 32 81 184 475 760 1192 1152 766 629 799 967 1644 1729 2066 1849 1387 1639 1609 1267 1517 1425 1477 1952 1295 1140 1615 1559 3828
  44 : 11 18 22 20 23 27 31 28 27 28 37 66 35 31 42 32 81 184 475 760 1192 1152 766 629 799 967 1644 1728 2066 1849 1387 1640 1609 1257 1518 1431 1476 1947 1290 1134 1616 1560 1038 2785
  45 : 11 18 22 20 23 27 31 28 27 28 37 66 35 31 42 32 81 184 475 760 1192 1152 766 629 799 967 1644 1728 2066 1849 1387 1640 1609 1257 1518 1431 1475 1947 1290 1135 1616 1558 1035 665 2137
  46 : 11 18 22 20 23 27 31 28 27 28 37 66 35 31 42 32 81 184 475 760 1192 1152 766 629 799 967 1644 1728 2066 1849 1387 1640 1609 1257 1518 1431 1475 1947 1290 1135 1616 1557 1032 593 291 1943
  47 : 11 18 22 20 23 27 31 28 27 28 37 66 35 31 42 32 81 184 475 760 1192 1152 766 629 799 967 1644 1728 2066 1849 1387 1640 1609 1257 1518 1431 1475 1947 1269 1104 1598 1543 1046 640 303 284 1728
 ... : 11 18 22 20 23 27 31 28 27 28 37 66 35 31 42 32 81 184 475 760 1192 1152 766 629 799 967 1644 1728 2066 1849 1387 1640 1609 1257 1518 1433 1482 1970 1294 1128 1612 1555 1061 649 330 336 1756
 ... : 11 18 22 20 23 27 31 28 27 28 37 66 35 31 42 32 81 184 475 760 1192 1152 766 629 799 967 1644 1728 2066 1849 1387 1640 1609 1257 1518 1434 1478 1967 1294 1140 1659 1575 1072 650 331 337 1758
 ... : 11 18 22 20 23 27 31 28 27 28 37 66 35 31 42 32 81 184 475 760 1192 1152 766 629 799 967 1644 1728 2066 1849 1387 1640 1609 1257 1518 1434 1478 1967 1293 1143 1658 1579 1096 695 353 346 1798
 ... : 11 18 22 20 23 27 31 28 27 28 37 66 35 31 42 32 81 184 475 760 1192 1152 766 629 799 967 1644 1728 2066 1849 1387 1640 1609 1257 1522 1434 1478 1974 1299 1146 1662 1585 1109 705 370 370 1820
 ... : 11 18 22 20 23 27 31 28 27 28 37 66 35 31 42 32 81 184 475 760 1192 1152 766 629 799 967 1644 1728 2066 1849 1387 1639 1609 1257 1520 1433 1480 1975 1293 1133 1651 1596 1118 716 379 393 1839
 ... : 11 18 22 20 23 27 31 28 27 28 37 66 35 31 42 32 81 184 475 760 1192 1152 766 629 799 967 1644 1728 2066 1849 1387 1639 1609 1257 1520 1433 1487 2012 1370 1181 1665 1618 1130 717 379 393 1839
 ... : 11 18 22 20 23 27 31 28 27 28 37 66 35 31 42 32 81 184 475 760 1192 1152 766 629 799 967 1644 1728 2066 1849 1387 1639 1609 1257 1520 1433 1487 2056 1439 1233 1679 1631 1147 717 381 393 1839
 ... : 11 18 22 20 23 27 31 28 27 28 37 66 35 31 42 32 81 184 475 760 1192 1152 766 629 799 967 1644 1728 2066 1849 1387 1639 1609 1257 1520 1433 1484 2054 1448 1282 1710 1649 1170 720 383 395 1847
 ... : 11 18 22 20 23 27 31 28 27 28 37 66 35 31 42 32 81 184 475 760 1192 1152 766 629 799 967 1644 1728 2066 1849 1385 1638 1609 1256 1520 1433 1484 2048 1448 1282 1710 1637 1225 765 441 420 1857
 ... : 11 18 22 20 23 27 31 28 27 28 37 66 35 31 42 32 81 184 475 760 1192 1152 766 629 799 967 1644 1728 2066 1849 1385 1638 1609 1256 1520 1433 1484 2048 1447 1284 1731 1651 1274 770 450 432 1877
 ... : 11 18 22 20 23 27 31 28 27 28 37 66 35 31 42 32 81 184 475 760 1192 1152 766 629 799 967 1644 1728 2066 1849 1385 1638 1609 1256 1520 1433 1484 2047 1442 1275 1765 1671 1385 782 451 432 1877
 ... : 11 18 22 20 23 27 31 28 27 28 37 66 35 31 42 32 81 184 475 760 1192 1152 766 629 799 967 1644 1728 2066 1849 1385 1638 1608 1256 1520 1433 1484 2049 1442 1274 1817 1688 1421 784 453 432 1877
 ... : 11 18 22 20 23 27 31 28 27 28 37 66 35 31 42 32 81 184 475 760 1192 1152 766 629 799 967 1644 1728 2066 1849 1385 1638 1608 1254 1520 1432 1480 2048 1438 1275 1842 1706 1484 790 453 432 1879
 ... : 11 18 22 20 23 27 31 28 27 28 37 66 35 31 42 32 81 184 475 760 1192 1152 766 629 799 967 1644 1728 2066 1849 1385 1638 1608 1254 1520 1432 1480 2041 1434 1261 1825 1719 1507 840 487 437 1879
 ... : 11 18 22 20 23 27 31 28 27 28 37 66 35 31 42 32 81 184 475 760 1192 1152 766 629 799 967 1644 1728 2066 1849 1384 1638 1607 1254 1520 1431 1478 2040 1428 1258 1819 1731 1527 966 533 440 1875
 ... : 11 18 22 20 23 27 31 28 27 28 37 66 35 31 42 32 81 184 475 760 1192 1152 766 629 799 967 1644 1728 2066 1849 1384 1638 1607 1254 1520 1431 1477 2020 1422 1261 1816 1715 1526 1057 589 459 1881
 ... : 11 18 22 20 23 27 31 28 27 28 37 66 35 31 42 32 81 184 475 760 1192 1152 766 629 799 967 1644 1728 2066 1849 1383 1638 1601 1254 1512 1425 1468 1968 1410 1242 1779 1701 1484 1060 647 468 1887
 ... : 11 18 22 20 23 27 31 28 27 28 37 66 35 31 42 32 81 184 475 760 1192 1152 766 629 799 967 1644 1728 2066 1849 1382 1638 1599 1254 1510 1424 1465 1940 1409 1238 1763 1699 1481 1063 695 502 1904
 ... : 11 18 22 20 23 27 31 28 27 28 37 66 35 31 42 32 81 184 475 760 1192 1152 766 629 799 967 1644 1728 2066 1849 1382 1636 1588 1237 1476 1373 1421 1886 1353 1190 1740 1668 1422 1024 696 503 1904
 ... : 11 18 22 20 23 27 31 28 27 28 37 66 35 31 42 32 81 184 475 760 1192 1152 766 629 799 967 1644 1728 2066 1849 1382 1636 1581 1236 1464 1370 1403 1859 1337 1170 1716 1624 1385 960 732 589 1906
 ... : 11 18 22 20 23 27 31 28 27 28 37 66 35 31 42 32 81 184 475 760 1192 1152 766 629 799 967 1644 1728 2066 1849 1381 1636 1574 1235 1457 1364 1388 1845 1312 1141 1703 1604 1341 926 721 691 2000
 ... : 11 18 22 20 23 27 31 28 27 28 37 66 35 31 42 32 81 184 475 760 1192 1152 766 629 799 967 1644 1728 2066 1849 1381 1636 1573 1225 1450 1363 1384 1834 1306 1132 1709 1596 1338 931 728 720 2050
 ... : 11 18 22 20 23 27 31 28 27 28 37 66 35 31 42 32 81 184 475 760 1192 1152 766 629 799 967 1644 1728 2066 1849 1381 1636 1572 1225 1445 1363 1383 1819 1302 1122 1697 1593 1323 918 723 799 2116
  48 : 11 18 22 20 23 27 31 28 27 28 37 66 35 31 42 32 81 184 475 760 1192 1151 766 629 799 966 1644 1729 2062 1826 1341 1487 1268 858 668 623 592 326 370 290 287 324 298 346 246 198 245 8625
  49 : 11 18 22 20 23 27 31 28 27 28 37 66 35 31 42 32 81 184 475 760 1192 1151 766 629 799 966 1644 1729 2062 1824 1341 1487 1263 855 660 628 595 325 369 291 287 323 298 347 246 197 221 1039 7609
  50 : 11 18 22 20 23 27 31 28 27 28 37 66 35 31 42 32 81 184 475 760 1192 1151 766 629 799 966 1644 1729 2062 1824 1341 1487 1263 855 660 628 595 325 369 291 287 321 293 343 244 196 218 1041 636 6986
  51 : 11 18 22 20 23 27 31 28 27 28 37 66 35 31 42 32 81 184 475 760 1192 1151 766 629 799 966 1644 1729 2062 1824 1341 1487 1263 855 660 628 595 325 369 291 287 321 293 343 244 196 218 1041 635 396 6596
 ... : 11 18 22 20 23 27 31 28 27 28 37 66 35 31 42 32 81 184 475 760 1192 1151 766 629 799 966 1644 1729 2062 1824 1341 1487 1263 855 660 628 595 325 369 291 287 321 293 343 244 196 227 1071 679 470 6642
  52 : 11 18 22 20 23 27 31 28 27 28 37 66 35 31 42 32 81 184 475 760 1192 1151 766 629 799 966 1644 1729 2062 1824 1341 1487 1263 855 660 628 595 324 370 291 287 321 293 343 244 196 200 1065 681 408 718 6045
  53 : 11 18 22 20 23 27 31 28 27 28 37 66 35 31 42 32 81 184 475 760 1192 1151 766 629 799 966 1644 1729 2062 1824 1341 1487 1263 855 660 628 595 324 370 291 287 321 293 343 244 196 200 1065 681 405 710 239 5836
 ... : 11 18 22 20 23 27 31 28 27 28 37 66 35 31 42 32 81 184 475 760 1192 1151 766 629 799 966 1644 1729 2062 1824 1341 1487 1263 855 660 628 595 324 370 291 287 321 293 343 244 196 204 1076 709 453 751 304 5854
 ... : 11 18 22 20 23 27 31 28 27 28 37 66 35 31 42 32 81 184 475 760 1192 1151 766 629 799 966 1644 1729 2062 1824 1341 1487 1263 855 660 628 595 324 370 291 287 321 293 343 244 196 221 1087 724 480 787 367 5881
 ... : 11 18 22 20 23 27 31 28 27 28 37 66 35 31 42 32 81 184 475 760 1192 1151 766 629 799 966 1644 1729 2062 1824 1341 1487 1263 855 660 628 595 324 370 290 287 324 293 343 244 196 226 1097 733 484 796 409 5925
 ... : 11 18 22 20 23 27 31 28 27 28 37 66 35 31 42 32 81 184 475 760 1192 1151 766 629 799 966 1644 1729 2062 1824 1341 1487 1263 855 660 628 595 324 370 293 295 334 306 351 254 216 236 1110 759 502 802 418 5935
 ... : 11 18 22 20 23 27 31 28 27 28 37 66 35 31 42 32 81 184 475 760 1192 1151 766 629 799 966 1644 1729 2062 1824 1341 1487 1263 855 660 628 595 324 370 293 295 333 305 352 253 227 244 1118 782 531 836 491 5970
 ... : 11 18 22 20 23 27 31 28 27 28 37 66 35 31 42 32 81 184 475 760 1192 1151 766 629 799 966 1644 1729 2062 1824 1341 1487 1263 855 660 628 595 324 370 293 295 333 305 352 253 227 244 1134 797 544 853 544 6000
  54 : 11 18 22 20 23 27 31 28 27 28 37 66 35 31 42 32 81 184 475 759 1192 1152 765 629 799 966 1644 1730 2061 1824 1341 1487 1258 827 607 606 588 311 352 300 288 234 351 438 253 247 246 861 828 401 567 350 459 6566
 ... : 11 18 22 20 23 27 31 28 27 28 37 66 35 31 42 32 81 184 475 759 1192 1152 765 629 799 966 1644 1730 2061 1824 1341 1487 1258 827 607 606 588 311 352 300 288 237 352 443 261 257 266 887 862 428 605 425 481 6574
 ... : 11 18 22 20 23 27 31 28 27 28 37 66 35 31 42 32 81 184 475 759 1192 1152 765 629 799 966 1644 1730 2061 1824 1341 1487 1258 827 607 606 588 311 352 300 288 237 352 444 264 266 281 907 901 467 634 489 544 6593
 ... : 11 18 22 20 23 27 31 28 27 28 37 66 35 31 42 32 81 184 475 759 1192 1152 765 629 799 966 1644 1730 2061 1824 1341 1487 1258 827 607 606 588 311 352 300 288 237 352 444 264 266 286 910 914 487 660 546 634 6636
 ... : 11 18 22 20 23 27 31 28 27 28 37 66 35 31 42 32 81 184 475 759 1192 1152 765 629 799 966 1644 1730 2061 1824 1341 1487 1258 827 607 606 588 311 352 299 289 242 359 450 272 272 293 919 918 485 668 580 707 6702
 ... : 11 18 22 20 23 27 31 28 27 28 37 66 35 31 42 32 81 184 475 759 1192 1152 765 629 799 966 1644 1730 2061 1824 1340 1487 1258 827 607 606 588 311 352 299 289 242 359 451 270 283 310 935 934 512 694 589 715 6746
 ... : 11 18 22 20 23 27 31 28 27 28 37 66 35 31 42 32 81 184 475 759 1192 1152 765 629 799 966 1644 1730 2061 1824 1340 1487 1258 827 607 606 588 311 352 299 289 242 359 451 270 283 310 934 933 518 709 628 808 6808
 ... : 11 18 22 20 23 27 31 28 27 28 37 66 35 31 42 32 81 184 475 759 1192 1152 765 629 799 966 1644 1730 2061 1824 1340 1487 1258 827 607 606 588 311 352 299 289 242 359 451 270 283 310 938 943 524 719 664 869 6837
 ... : 11 18 22 20 23 27 31 28 27 28 37 66 35 31 42 32 81 184 475 759 1192 1152 765 629 799 966 1644 1730 2061 1824 1340 1487 1258 827 607 606 588 311 353 304 298 253 367 457 270 284 312 943 947 544 742 681 898 6864
 ... : 11 18 22 20 23 27 31 28 27 28 37 66 35 31 42 32 81 184 475 759 1192 1152 765 629 799 966 1644 1730 2061 1824 1340 1487 1258 828 610 617 597 316 355 303 304 267 382 461 270 284 314 947 951 555 745 682 898 6879
 ... : 11 18 22 20 23 27 31 28 27 28 37 66 35 31 42 32 81 184 475 759 1192 1152 765 629 799 966 1644 1730 2061 1824 1340 1487 1258 828 610 617 597 316 355 305 301 257 387 486 297 314 324 954 957 554 746 684 900 6886
 ... : 11 18 22 20 23 27 31 28 27 28 37 66 35 31 42 32 81 184 475 759 1192 1152 765 629 799 966 1644 1730 2061 1824 1340 1487 1258 828 610 617 597 316 355 305 301 255 383 493 306 345 382 979 972 556 747 685 900 6892
 ... : 11 18 22 20 23 27 31 28 27 28 37 66 35 31 42 32 81 184 475 759 1192 1152 765 629 799 966 1644 1730 2061 1824 1340 1487 1258 828 610 617 597 316 355 305 301 255 383 491 303 343 386 1027 1036 603 752 691 909 6898
 ... : 11 18 22 20 23 27 31 28 27 28 37 66 35 31 42 32 81 184 475 759 1192 1152 765 629 799 966 1644 1730 2061 1824 1340 1487 1258 828 610 617 597 316 355 305 300 252 381 489 311 357 407 1030 1039 620 768 692 914 6900
 ... : 11 18 22 20 23 27 31 28 27 28 37 66 35 31 42 32 81 184 475 759 1192 1152 765 629 799 966 1644 1730 2061 1824 1340 1487 1258 828 610 617 597 316 355 305 300 251 381 489 311 356 407 1033 1039 650 799 712 925 6922
 ... : 11 18 22 20 23 27 31 28 27 28 37 66 35 31 42 32 81 184 475 759 1192 1152 765 629 799 966 1644 1730 2061 1824 1340 1487 1258 828 610 617 597 316 355 305 300 251 380 489 311 356 407 1033 1043 666 841 776 959 6931
 ... : 11 18 22 20 23 27 31 28 27 28 37 66 35 31 42 32 81 184 475 759 1192 1152 765 629 799 966 1644 1730 2061 1824 1340 1487 1258 828 610 617 597 316 355 305 300 251 380 487 308 360 412 1033 1041 688 872 812 995 6936
 ... : 11 18 22 20 23 27 31 28 27 28 37 66 35 31 42 32 81 184 475 759 1192 1152 765 629 799 966 1644 1730 2061 1824 1340 1487 1258 828 610 617 597 316 355 305 300 251 380 487 308 360 412 1033 1036 680 878 867 1086 6994
 ... : 11 18 22 20 23 27 31 28 27 28 37 66 35 31 42 32 81 184 475 759 1192 1152 765 629 799 966 1644 1730 2061 1824 1340 1487 1258 828 610 617 596 316 355 305 300 251 381 487 308 360 412 1032 1037 697 905 875 1157 7063
 ... : 11 18 22 20 23 27 31 28 27 28 37 66 35 31 42 32 81 184 475 759 1192 1152 765 629 799 966 1644 1730 2061 1824 1340 1487 1258 828 611 619 595 311 358 310 306 267 404 498 317 366 412 1033 1042 698 908 875 1157 7064
 ... : 11 18 22 20 23 27 31 28 27 28 37 66 35 31 42 32 81 184 475 759 1192 1152 765 629 799 966 1644 1730 2061 1824 1340 1487 1258 827 613 619 597 312 357 309 304 270 408 505 329 384 424 1042 1067 718 916 875 1160 7072
 ... : 11 18 22 20 23 27 31 28 27 28 37 66 35 31 42 32 81 184 475 759 1192 1152 765 629 799 966 1644 1730 2061 1824 1340 1487 1258 827 613 619 597 312 357 309 304 270 409 505 334 390 437 1063 1085 756 975 920 1182 7086
 ... : 11 18 22 20 23 27 31 28 27 28 37 66 35 31 42 32 81 184 475 759 1192 1152 765 629 799 966 1644 1730 2061 1824 1340 1487 1258 827 613 619 596 311 352 307 304 270 410 514 340 402 443 1085 1102 764 976 920 1184 7093
 ... : 11 18 22 20 23 27 31 28 27 28 37 66 35 31 42 32 81 184 475 759 1192 1152 765 629 799 966 1644 1730 2061 1824 1340 1487 1258 827 613 619 596 311 352 307 303 269 409 509 340 408 452 1109 1132 814 1007 938 1191 7105
 ... : 11 18 22 20 23 27 31 28 27 28 37 66 35 31 42 32 81 184 475 759 1192 1152 765 629 799 966 1644 1730 2061 1824 1340 1487 1258 827 613 619 596 311 352 307 303 266 408 507 345 417 472 1117 1151 835 1051 979 1206 7109
 ... : 11 18 22 20 23 27 31 28 27 28 37 66 35 31 42 32 81 184 475 759 1192 1152 765 629 799 966 1644 1730 2061 1824 1340 1487 1258 827 613 619 596 311 352 307 303 266 408 507 345 416 472 1117 1156 851 1086 1079 1293 7146
 ... : 11 18 22 20 23 27 31 28 27 28 37 66 35 31 42 32 81 184 475 759 1192 1152 765 629 798 966 1644 1730 2061 1824 1340 1486 1257 825 606 609 587 303 341 284 263 223 364 466 307 355 445 1096 1143 826 1073 1094 1317 7065
 ... : 11 18 22 20 23 27 31 28 27 28 37 66 35 31 42 32 81 184 475 759 1192 1152 765 629 798 966 1644 1730 2061 1823 1340 1486 1257 825 606 609 587 303 341 284 263 223 364 466 307 355 445 1098 1148 839 1091 1172 1396 7076
 ... : 11 18 22 20 23 27 31 28 27 28 37 66 35 31 42 32 81 184 475 759 1192 1152 765 629 798 966 1644 1730 2061 1823 1340 1486 1257 825 606 609 587 303 340 278 253 204 340 431 248 223 273 877 968 605 869 892 1146 7071
