initialized model with 4135 latches, 115 inputs and 1 properties
tsim: performed 15 steps
tsim: found cycle from 12
tsim: found 0 constants and 2 latch equivalences
seqsimpl: found 38 latch equivalences
seqsimpl: (4135, 115) -> (4095, 113)
checking bound 0
checking bound 1
checking bound 2
tdecomp: unrolling 2 cycles
tsim: performed 13 steps
tsim: found cycle from 10
tsim: found 1 constants and 0 latch equivalences
tdecomp: (4095, 452) -> (4094, 324)
 ... : 200
 ... : 401
 ... : 602
 ... : 803
 ... : 1004
 ... : 1205
 ... : 1406
 ... : 1607
 ... : 1808
 ... : 2009
 ... : 2210
 ... : 2411
 ... : 2612
 ... : 2813
 ... : 3014
 ... : 3215
 ... : 3416
 ... : 3617
 ... : 3818
 ... : 4019
 ... : 4220
 ... : 4421
 ... : 4622
 ... : 4823
 ... : 5024
 ... : 5225
 ... : 5426
 ... : 5627
 ... : 5828
 ... : 6029
 ... : 6230
 ... : 6431
 ... : 6632
 ... : 6833
 ... : 7034
 ... : 7235
 ... : 7436
 ... : 7637
 ... : 7838
 ... : 8039
 ... : 8240
 ... : 8441
   2 : 6204 2324
 ... : 6294 2520
 ... : 6502 2685
 ... : 6829 2838
 ... : 7740 3029
 ... : 8201 3207
 ... : 8519 3374
 ... : 9092 3569
 ... : 9774 3765
 ... : 10118 3924
 ... : 10400 4058
 ... : 10664 4157
 ... : 10955 4324
 ... : 11495 4501
 ... : 11846 4690
 ... : 12266 4873
   3 : 12095 2027 3045
 ... : 12094 2052 3215
