initialized model with 200 latches, 200 inputs and 1 properties
tsim: reached all X state
tsim: performed 2 steps
checking bound 0
checking bound 1
checking bound 2
tdecomp: unrolling 2 cycles
tsim: reached all X state
tsim: performed 2 steps
tdecomp: no improvement found, reverting original model
num_solve_calls = 5
num_solve_sat_calls = 1
num_solve_unsat_calls = 0
num_solve_approx_calls = 0
num_solve_approx_unsat_calls = 0
num_solve_conflicts = 7328
num_solve_decisions = 72137
num_solve_propagations = 3729667
avg_solve_conflicts = 1466
avg_solve_decisions = 14428
avg_solve_propagations = 745934
avg_solve_unsat_decisions = 0.000
stddev_solve_unsat_decisions = 0.000
num_added_cubes = 0
num_subsumed_cubes = 0
num_mic_down_calls = 0
num_mic_down_good = 0
num_added_ctgs = 0
num_gc_frame = 0
num_reset = 0
num_try_blocking = 0
get_bad_cube_time = 0.000
rec_block_cube_time = 0.000
propagate_forward_time = 0.000
generalize_model_time = 0.000
generalize_and_push_time = 0.000
ctg_time = 0.000
try_blocking_time = 0.000
reset_time = 0.000
clausify_time = 1.434
preprocess_time = 0.061
solve_time = 0.780
solve_sat_time = 0.339
solve_unsat_time = 0.441
prove_time = 2.330
memory_used_mb = 48
total_time = 3.213
Unsafe
