initialized model with 1850 latches, 34 inputs and 1 properties
tsim: reached all X state
tsim: performed 13 steps
checking bound 0
checking bound 1
checking bound 2
tdecomp: unrolling 2 cycles
tsim: reached all X state
tsim: performed 13 steps
tdecomp: no improvement found, reverting original model
 ... : 200
   2 : 101 262
 ... : 211 352
 ... : 231 459
   3 : 191 172 334
 ... : 260 294 402
 ... : 291 599 478
 ... : 300 820 547
   4 : 266 756 234 446
 ... : 269 871 606 566
 ... : 270 882 626 630
   5 : 259 854 551 237 472
 ... : 255 947 988 517 832
 ... : 267 1086 1169 670 1417
 ... : 259 1046 1975 1189 3114
 ... : 259 1049 1987 1248 3183
   6 : 236 940 1891 1161 599 2878
 ... : 239 969 2017 1337 734 2962
 ... : 242 1037 2144 1467 1062 3174
 ... : 242 1158 2229 1743 1358 3600
 ... : 241 1157 2335 1877 1453 3875
 ... : 238 1148 2381 1967 1679 3925
 ... : 242 1154 2402 2057 1903 3956
   7 : 221 1079 2333 2005 1761 584 3636
 ... : 221 1079 2334 2035 1930 914 3791
 ... : 221 1079 2343 2231 2213 1097 4370
 ... : 221 1079 2370 2272 2527 1573 5265
 ... : 221 1079 2431 2506 2708 1753 5993
 ... : 221 1079 2550 2611 3095 2248 6797
 ... : 221 1079 2558 2655 3228 2383 7872
 ... : 223 1161 2897 3014 3469 2658 9979
 ... : 221 1160 2891 3049 3545 2817 10779
 ... : 221 1159 3135 3373 3705 2875 11724
 ... : 221 1159 3143 3473 4003 3066 13381
 ... : 221 1159 3248 3695 4118 3198 14373
 ... : 221 1158 3435 3906 4260 3225 15882
 ... : 221 1158 3565 4194 4464 3301 17677
 ... : 221 1158 3565 4304 4774 3554 19400
 ... : 221 1158 3619 4353 4911 3750 20319
 ... : 219 1178 3754 4392 4915 3811 20909
 ... : 219 1178 3836 4491 5037 4044 21714
 ... : 218 1177 3819 4522 5170 4247 22143
 ... : 218 1186 3829 4560 5234 4416 22210
   8 : 200 1108 3544 4302 4903 3177 3065 20517
 ... : 202 1113 3552 4320 4939 3326 3247 20704
 ... : 204 1120 3556 4325 4942 3416 3383 20871
 ... : 204 1123 3561 4337 4964 3626 3752 21137
