initialized model with 212 latches, 213 inputs and 1 properties
tsim: performed 21 steps
tsim: found cycle from 19
checking bound 0
checking bound 1
checking bound 2
tdecomp: unrolling 2 cycles
tsim: performed 19 steps
tsim: found cycle from 17
tsim: found 1 constants and 0 latch equivalences
tdecomp: (212, 852) -> (206, 244)
   2 : 6 2
   3 : 7 6 6
   4 : 7 6 7 4
   5 : 7 6 7 1 3
   6 : 7 6 7 1 1 2
   7 : 7 6 7 1 1 0 2
num_solve_calls = 395
num_solve_sat_calls = 157
num_solve_unsat_calls = 24
num_solve_approx_calls = 197
num_solve_approx_unsat_calls = 84
num_solve_conflicts = 259
num_solve_decisions = 38437
num_solve_propagations = 251932
avg_solve_conflicts = 1
avg_solve_decisions = 98
avg_solve_propagations = 638
avg_solve_unsat_decisions = 0.000
stddev_solve_unsat_decisions = 0.000
num_added_cubes = 49
num_subsumed_cubes = 25
num_mic_down_calls = 18
num_mic_down_good = 5
num_added_ctgs = 7
num_gc_frame = 14
num_reset = 0
num_try_blocking = 184
get_bad_cube_time = 0.031
rec_block_cube_time = 0.006
propagate_forward_time = 0.009
generalize_model_time = 0.015
generalize_and_push_time = 0.006
ctg_time = 0.003
try_blocking_time = 0.014
reset_time = 0.000
clausify_time = 0.129
preprocess_time = 0.006
solve_time = 0.042
solve_sat_time = 0.024
solve_unsat_time = 0.018
prove_time = 0.193
memory_used_mb = 9
total_time = 0.239
Safe
