initialized model with 212 latches, 213 inputs and 1 properties
tsim: performed 21 steps
tsim: found cycle from 19
checking bound 0
checking bound 1
checking bound 2
tdecomp: unrolling 2 cycles
tsim: performed 19 steps
tsim: found cycle from 17
tsim: found 1 constants and 0 latch equivalences
tdecomp: (212, 852) -> (206, 244)
   2 : 7 4
   3 : 6 5 3
   4 : 6 5 7 1
   5 : 6 5 7 6 6
   6 : 5 5 8 10 7 17
   7 : 5 5 8 10 6 1 21
   8 : 5 5 8 10 6 1 0 21
completing final invariant with sub-IC3 call...
num_solve_calls = 1339
num_solve_sat_calls = 460
num_solve_unsat_calls = 76
num_solve_approx_calls = 506
num_solve_approx_unsat_calls = 266
num_solve_conflicts = 413
num_solve_decisions = 115244
num_solve_propagations = 612748
avg_solve_conflicts = 1
avg_solve_decisions = 87
avg_solve_propagations = 458
avg_solve_unsat_decisions = 0.158
stddev_solve_unsat_decisions = 0.518
num_added_cubes = 138
num_subsumed_cubes = 82
num_mic_down_calls = 146
num_mic_down_good = 33
num_added_ctgs = 19
num_gc_frame = 21
num_reset = 0
num_try_blocking = 544
get_bad_cube_time = 0.044
rec_block_cube_time = 0.051
propagate_forward_time = 0.017
generalize_model_time = 0.036
generalize_and_push_time = 0.050
ctg_time = 0.017
try_blocking_time = 0.067
reset_time = 0.000
clausify_time = 0.113
preprocess_time = 0.006
solve_time = 0.089
solve_sat_time = 0.060
solve_unsat_time = 0.029
prove_time = 0.248
memory_used_mb = 9
total_time = 0.324
Safe
