initialized model with 212 latches, 213 inputs and 1 properties
tsim: performed 21 steps
tsim: found cycle from 19
checking bound 0
checking bound 1
checking bound 2
tdecomp: unrolling 2 cycles
tsim: performed 19 steps
tsim: found cycle from 17
tsim: found 1 constants and 0 latch equivalences
tdecomp: (212, 852) -> (206, 244)
   2 : 10 1
   3 : 8 7 0
   4 : 8 7 3 7
   5 : 8 7 3 0 7
completing final invariant with sub-IC3 call...
num_solve_calls = 378
num_solve_sat_calls = 125
num_solve_unsat_calls = 26
num_solve_approx_calls = 150
num_solve_approx_unsat_calls = 78
num_solve_conflicts = 213
num_solve_decisions = 36541
num_solve_propagations = 230878
avg_solve_conflicts = 1
avg_solve_decisions = 97
avg_solve_propagations = 611
avg_solve_unsat_decisions = 0.000
stddev_solve_unsat_decisions = 0.000
num_added_cubes = 47
num_subsumed_cubes = 22
num_mic_down_calls = 25
num_mic_down_good = 5
num_added_ctgs = 7
num_gc_frame = 9
num_reset = 0
num_try_blocking = 147
get_bad_cube_time = 0.024
rec_block_cube_time = 0.010
propagate_forward_time = 0.006
generalize_model_time = 0.014
generalize_and_push_time = 0.009
ctg_time = 0.003
try_blocking_time = 0.015
reset_time = 0.000
clausify_time = 0.086
preprocess_time = 0.006
solve_time = 0.031
solve_sat_time = 0.018
solve_unsat_time = 0.013
prove_time = 0.147
memory_used_mb = 9
total_time = 0.241
Safe
