initialized model with 29 latches, 34 inputs and 1 properties
tsim: performed 4 steps
tsim: found cycle from 2
checking bound 0
checking bound 1
checking bound 2
tdecomp: unrolling 2 cycles
tsim: performed 3 steps
tsim: found cycle from 1
tsim: found 1 constants and 0 latch equivalences
tdecomp: (29, 136) -> (28, 85)
   2 : 4 1
   3 : 4 0 5
completing final invariant with sub-IC3 call...
num_solve_calls = 199
num_solve_sat_calls = 64
num_solve_unsat_calls = 22
num_solve_approx_calls = 52
num_solve_approx_unsat_calls = 42
num_solve_conflicts = 1263
num_solve_decisions = 7646
num_solve_propagations = 165946
avg_solve_conflicts = 7
avg_solve_decisions = 39
avg_solve_propagations = 834
avg_solve_unsat_decisions = 3.273
stddev_solve_unsat_decisions = 9.706
num_added_cubes = 17
num_subsumed_cubes = 8
num_mic_down_calls = 36
num_mic_down_good = 15
num_added_ctgs = 2
num_gc_frame = 6
num_reset = 0
num_try_blocking = 48
get_bad_cube_time = 0.021
rec_block_cube_time = 0.005
propagate_forward_time = 0.002
generalize_model_time = 0.005
generalize_and_push_time = 0.005
ctg_time = 0.002
try_blocking_time = 0.003
reset_time = 0.000
clausify_time = 0.064
preprocess_time = 0.003
solve_time = 0.034
solve_sat_time = 0.021
solve_unsat_time = 0.013
prove_time = 0.109
memory_used_mb = 8
total_time = 0.168
Safe
