initialized model with 16 latches, 10 inputs and 1 properties
tsim: reached all X state
tsim: performed 9 steps
checking bound 0
checking bound 1
checking bound 2
tdecomp: unrolling 2 cycles
tsim: reached all X state
tsim: performed 7 steps
tdecomp: no improvement found, reverting original model
   2 : 2 14
   3 : 2 2 16
   4 : 2 2 2 14
   5 : 2 2 2 2 18
   6 : 2 2 2 2 2 16
   7 : 2 2 2 2 2 2 14
   8 : 2 2 2 2 2 1 2 14
   9 : 2 2 2 2 2 1 2 2 16
  10 : 2 2 2 2 2 1 2 2 2 14
  11 : 2 2 2 2 2 1 2 2 1 2 14
  12 : 2 2 2 2 2 1 2 2 1 2 1 16
  13 : 2 2 2 2 2 1 2 2 1 2 1 2 14
  14 : 2 2 2 2 2 1 2 2 1 2 1 2 2 14
  15 : 2 2 2 2 2 1 2 2 1 2 1 2 1 2 14
  16 : 2 2 2 2 2 1 2 2 1 2 1 2 1 2 1 16
  17 : 2 2 2 2 2 1 2 2 1 2 1 2 1 2 1 2 14
  18 : 2 2 2 2 2 1 2 2 1 2 1 2 1 2 1 1 2 14
  19 : 2 2 2 2 2 1 2 2 1 2 1 2 1 2 1 1 2 2 16
  20 : 2 2 2 2 2 1 2 2 1 2 1 2 1 2 1 1 2 2 0 16
num_solve_calls = 1634
num_solve_sat_calls = 544
num_solve_unsat_calls = 65
num_solve_approx_calls = 1012
num_solve_approx_unsat_calls = 641
num_solve_conflicts = 4490
num_solve_decisions = 13634
num_solve_propagations = 326699
avg_solve_conflicts = 3
avg_solve_decisions = 9
avg_solve_propagations = 200
avg_solve_unsat_decisions = 0.000
stddev_solve_unsat_decisions = 0.000
num_added_cubes = 338
num_subsumed_cubes = 292
num_mic_down_calls = 89
num_mic_down_good = 15
num_added_ctgs = 4
num_gc_frame = 85
num_reset = 0
num_try_blocking = 786
get_bad_cube_time = 0.054
rec_block_cube_time = 0.007
propagate_forward_time = 0.014
generalize_model_time = 0.004
generalize_and_push_time = 0.006
ctg_time = 0.004
try_blocking_time = 0.017
reset_time = 0.000
clausify_time = 0.059
preprocess_time = 0.000
solve_time = 0.069
solve_sat_time = 0.025
solve_unsat_time = 0.044
prove_time = 0.144
memory_used_mb = 6
total_time = 0.155
Safe
