initialized model with 43 latches, 3 inputs and 1 properties
tsim: reached all X state
tsim: performed 6 steps
checking bound 0
checking bound 1
checking bound 2
tdecomp: unrolling 2 cycles
tsim: reached all X state
tsim: performed 4 steps
tdecomp: no improvement found, reverting original model
   2 : 6 8
   3 : 8 3 23
   4 : 8 2 15 24
   5 : 8 2 7 8 35
   6 : 9 2 8 9 7 35
   7 : 9 2 8 9 7 3 33
   8 : 9 2 8 2 4 3 13 43
   9 : 9 2 8 2 4 3 13 17 35
  10 : 9 2 8 2 4 3 13 13 11 51
  11 : 9 2 8 2 4 3 13 13 4 4 72
  12 : 9 2 8 2 4 3 13 13 4 4 3 69
  13 : 9 2 8 2 4 3 13 13 4 4 3 1 68
  14 : 9 2 8 2 4 3 13 13 4 4 3 1 0 68
completing final invariant with sub-IC3 call...
num_solve_calls = 5153
num_solve_sat_calls = 1632
num_solve_unsat_calls = 251
num_solve_approx_calls = 2404
num_solve_approx_unsat_calls = 1577
num_solve_conflicts = 3775
num_solve_decisions = 31905
num_solve_propagations = 557811
avg_solve_conflicts = 1
avg_solve_decisions = 7
avg_solve_propagations = 109
avg_solve_unsat_decisions = 0.108
stddev_solve_unsat_decisions = 0.514
num_added_cubes = 777
num_subsumed_cubes = 643
num_mic_down_calls = 479
num_mic_down_good = 124
num_added_ctgs = 39
num_gc_frame = 63
num_reset = 0
num_try_blocking = 2132
get_bad_cube_time = 0.072
rec_block_cube_time = 0.045
propagate_forward_time = 0.040
generalize_model_time = 0.020
generalize_and_push_time = 0.038
ctg_time = 0.012
try_blocking_time = 0.080
reset_time = 0.000
clausify_time = 0.049
preprocess_time = 0.000
solve_time = 0.137
solve_sat_time = 0.085
solve_unsat_time = 0.052
prove_time = 0.216
memory_used_mb = 8
total_time = 0.578
Safe
