initialized model with 159 latches, 17 inputs and 1 properties
tsim: reached all X state
tsim: performed 10 steps
checking bound 0
checking bound 1
checking bound 2
tdecomp: unrolling 2 cycles
tsim: reached all X state
tsim: performed 8 steps
tdecomp: no improvement found, reverting original model
   2 : 80 105
   3 : 69 131 130
   4 : 68 120 141 149
 ... : 67 125 166 302
   5 : 67 125 176 274 197
 ... : 67 125 176 320 401
   6 : 67 125 176 321 336 236
 ... : 67 125 178 326 455 417
   7 : 67 124 175 322 456 373 230
 ... : 67 124 176 326 461 583 390
   8 : 67 124 176 324 459 555 230 211
 ... : 67 124 176 324 459 575 423 363
 ... : 67 124 176 324 462 604 676 509
 ... : 67 124 177 325 468 648 825 561
   9 : 67 124 177 326 464 638 765 350 291
 ... : 67 124 177 326 464 637 843 642 424
  10 : 67 124 177 326 462 635 838 636 177 264
 ... : 67 124 177 326 462 644 877 809 364 319
 ... : 67 124 177 327 468 694 1028 981 402 325
 ... : 67 124 177 328 475 738 1117 1161 465 325
 ... : 67 124 177 328 475 739 1128 1340 836 379
 ... : 67 124 177 328 475 739 1131 1397 1133 461
  11 : 67 124 177 324 464 723 1061 1342 1033 296 291
 ... : 67 124 179 329 467 712 1072 1385 1131 386 346
 ... : 67 124 179 329 467 712 1071 1394 1293 713 405
 ... : 67 124 179 329 466 713 1072 1407 1366 853 465
 ... : 67 124 179 330 470 724 1142 1593 1566 905 470
 ... : 67 124 179 330 470 725 1150 1644 1750 974 481
  12 : 67 123 178 317 461 720 1097 1540 1634 1012 230 314
 ... : 67 123 178 317 461 720 1096 1540 1653 1102 401 389
 ... : 67 123 178 317 461 721 1099 1547 1698 1236 630 451
 ... : 67 123 178 317 461 721 1113 1609 1805 1355 753 477
 ... : 67 123 178 317 461 721 1117 1625 1881 1715 1114 517
 ... : 67 123 178 317 461 720 1129 1667 2015 1998 1249 541
 ... : 67 123 178 317 461 723 1154 1748 2233 2370 1429 556
  13 : 67 123 178 316 458 716 1139 1724 2080 2378 1472 323 385
 ... : 67 123 178 316 458 716 1139 1724 2090 2431 1594 522 459
 ... : 67 123 178 316 458 716 1150 1743 2138 2589 1776 610 484
 ... : 67 123 178 317 461 719 1159 1751 2164 2704 1977 922 513
 ... : 67 123 178 317 461 719 1163 1762 2192 2809 2197 1143 541
 ... : 67 123 178 317 461 719 1163 1770 2231 2890 2351 1292 585
 ... : 67 123 178 317 461 719 1163 1774 2255 2957 2462 1456 650
 ... : 67 123 178 317 461 719 1163 1776 2289 3059 2641 1602 675
 ... : 67 123 178 317 461 719 1171 1789 2336 3142 2726 1724 706
 ... : 67 123 178 317 461 719 1171 1789 2378 3241 3010 1957 749
 ... : 67 123 178 317 461 719 1171 1799 2399 3299 3217 2251 807
 ... : 67 123 178 317 461 720 1179 1822 2452 3413 3314 2447 842
 ... : 67 123 178 317 461 720 1179 1826 2457 3475 3626 2859 879
 ... : 67 123 178 317 461 720 1179 1835 2484 3478 3573 2912 921
 ... : 67 123 178 317 461 720 1179 1834 2504 3556 3744 3202 970
  14 : 67 123 178 317 459 717 1165 1766 2226 3221 3225 2868 763 440
 ... : 67 123 178 317 459 717 1165 1766 2224 3228 3273 2955 812 478
 ... : 67 123 178 317 459 717 1165 1768 2241 3300 3394 3071 861 485
 ... : 67 123 181 322 459 714 1161 1767 2236 3299 3397 3077 866 501
  15 : 67 122 179 319 460 715 1157 1756 2207 3042 3284 3039 985 261 425
 ... : 67 123 181 321 461 722 1172 1803 2270 3098 3353 3080 1007 276 426
 ... : 67 123 180 320 461 722 1173 1803 2271 3097 3348 3104 1203 462 468
 ... : 67 123 180 320 462 724 1176 1803 2281 3142 3476 3346 1542 513 470
  16 : 66 123 180 320 462 724 1175 1801 2259 3094 3364 3189 1537 604 112 417
 ... : 66 123 180 320 463 727 1180 1838 2295 3166 3430 3215 1539 607 115 433
  17 : 66 123 179 320 459 729 1179 1838 2290 3164 3434 3212 1531 610 121 32 415
  18 : 66 123 179 320 459 729 1179 1838 2290 3164 3434 3209 1532 611 121 31 19 415
 ... : 66 123 179 320 459 730 1192 1869 2304 3166 3453 3236 1587 694 142 38 28 422
 ... : 66 123 179 320 459 730 1192 1871 2311 3224 3562 3350 1693 802 184 39 28 422
 ... : 66 123 179 320 459 730 1191 1909 2342 3262 3650 3397 1704 803 185 41 32 422
  19 : 66 123 178 320 459 726 1176 1894 2347 3239 3590 3390 1731 820 188 30 19 23 429
  20 : 66 123 178 320 459 726 1176 1894 2347 3239 3590 3390 1731 820 188 30 19 21 37 411
  21 : 66 123 178 320 459 726 1176 1894 2347 3239 3590 3390 1731 820 188 30 19 21 30 42 404
  22 : 66 123 178 320 459 726 1176 1894 2347 3237 3588 3384 1731 830 212 73 69 42 39 47 62 417
  23 : 66 123 178 320 459 726 1176 1894 2347 3237 3588 3383 1729 833 212 73 69 42 39 47 64 25 408
  24 : 66 123 178 320 459 726 1176 1894 2347 3237 3588 3383 1729 833 212 73 69 42 39 47 60 22 21 402
 ... : 66 123 178 320 459 726 1176 1894 2347 3237 3588 3383 1729 832 212 78 84 55 55 74 87 64 57 411
 ... : 66 123 178 320 459 726 1176 1894 2347 3237 3588 3383 1729 832 216 102 100 81 97 118 130 99 86 431
 ... : 66 123 178 320 459 726 1176 1894 2347 3237 3588 3383 1729 832 216 102 102 89 102 129 169 134 131 454
  25 : 66 123 178 320 459 726 1176 1894 2347 3236 3584 3377 1705 849 225 99 98 84 94 125 155 108 93 116 475
 ... : 66 123 178 320 459 726 1176 1894 2347 3236 3583 3375 1705 848 238 145 126 102 103 131 162 112 94 132 490
 ... : 66 123 178 320 459 726 1176 1894 2347 3236 3583 3375 1705 893 276 186 149 127 132 169 209 135 110 146 495
 ... : 66 123 178 320 459 726 1176 1894 2347 3236 3583 3375 1706 919 339 249 186 177 143 173 225 148 137 155 500
 ... : 66 123 178 320 459 726 1176 1894 2347 3236 3583 3375 1706 919 338 248 181 185 184 289 347 289 226 184 502
 ... : 66 123 178 320 459 726 1176 1894 2347 3236 3583 3375 1706 938 358 251 194 188 208 321 404 340 234 190 502
 ... : 66 123 178 320 459 726 1176 1894 2347 3236 3583 3375 1706 938 358 251 201 191 216 343 441 353 341 309 510
 ... : 66 123 178 320 459 726 1176 1894 2347 3236 3583 3375 1706 938 358 250 199 194 253 388 468 397 411 425 567
 ... : 66 123 178 320 459 726 1176 1894 2347 3236 3583 3375 1706 938 375 273 230 236 293 422 477 396 404 531 636
 ... : 66 123 178 320 459 726 1176 1894 2347 3236 3583 3375 1706 938 378 302 280 278 358 501 568 442 415 532 658
 ... : 66 123 178 320 459 726 1176 1894 2347 3236 3583 3375 1706 938 381 317 298 309 414 580 630 463 445 542 658
 ... : 66 123 178 320 459 726 1176 1894 2347 3236 3583 3375 1706 938 381 317 300 314 422 607 671 540 512 608 704
 ... : 66 123 178 320 459 726 1176 1894 2347 3236 3583 3375 1728 992 441 374 327 352 440 608 670 547 519 657 767
 ... : 66 123 178 320 459 726 1176 1894 2347 3236 3583 3375 1740 1026 515 484 481 471 475 612 670 547 519 657 776
 ... : 66 123 178 320 459 726 1176 1894 2347 3236 3583 3374 1740 1029 531 505 520 561 554 650 682 547 519 657 780
 ... : 66 123 178 320 459 726 1176 1894 2347 3236 3583 3375 1756 1036 539 505 545 607 663 749 715 548 520 657 785
 ... : 66 123 178 320 459 726 1176 1894 2347 3236 3583 3375 1756 1038 545 519 582 653 733 806 725 548 520 657 785
 ... : 66 123 178 320 459 726 1176 1894 2347 3236 3583 3375 1756 1048 577 563 645 714 807 889 755 549 520 657 787
 ... : 66 123 178 320 459 726 1176 1894 2347 3236 3583 3375 1756 1048 581 573 665 722 838 999 852 551 520 660 795
 ... : 66 123 178 320 459 726 1176 1894 2347 3236 3583 3375 1756 1048 582 576 672 745 892 1097 1000 592 523 663 816
 ... : 66 123 178 320 459 726 1176 1894 2347 3236 3583 3375 1756 1052 588 593 711 837 1010 1303 1160 662 532 664 822
 ... : 66 123 178 320 459 726 1176 1894 2347 3236 3583 3375 1756 1052 600 616 753 899 1107 1469 1344 745 550 667 827
 ... : 66 123 178 320 459 726 1176 1894 2347 3236 3583 3375 1756 1052 600 615 755 899 1111 1507 1513 864 564 674 838
 ... : 66 123 178 320 459 726 1176 1894 2347 3236 3583 3375 1756 1052 613 647 793 944 1170 1538 1571 930 571 675 842
 ... : 66 123 178 320 459 726 1176 1894 2347 3236 3583 3375 1756 1051 619 658 807 976 1217 1622 1641 976 584 678 848
 ... : 66 123 178 320 459 726 1176 1894 2347 3236 3583 3375 1756 1051 624 666 816 976 1215 1634 1663 1146 721 703 867
 ... : 66 123 178 320 459 726 1176 1894 2347 3236 3583 3375 1756 1051 624 668 828 1017 1308 1832 1825 1247 747 704 871
 ... : 66 123 178 320 459 726 1176 1894 2347 3236 3583 3375 1756 1051 638 735 891 1085 1397 1897 1886 1284 755 704 872
 ... : 66 123 178 320 459 726 1176 1894 2347 3236 3583 3375 1756 1051 638 742 909 1133 1449 2030 2024 1443 820 710 875
 ... : 66 123 178 320 459 726 1176 1894 2347 3236 3583 3375 1756 1051 638 742 912 1145 1489 2125 2175 1629 957 719 878
 ... : 66 123 178 320 459 726 1176 1894 2347 3236 3583 3375 1761 1061 656 760 953 1189 1512 2143 2181 1643 977 720 879
 ... : 66 123 178 320 459 726 1176 1894 2347 3236 3583 3375 1788 1099 714 816 995 1232 1554 2172 2205 1649 980 720 879
 ... : 66 123 178 320 459 726 1176 1894 2347 3236 3583 3375 1788 1098 733 844 1033 1270 1625 2236 2218 1637 987 722 879
 ... : 66 123 178 320 459 726 1176 1894 2347 3236 3583 3375 1795 1112 765 852 1045 1291 1652 2278 2349 1722 1006 724 880
 ... : 66 123 178 320 459 726 1176 1894 2347 3236 3583 3375 1795 1118 771 862 1071 1380 1747 2345 2385 1731 1013 733 881
 ... : 66 123 178 320 459 726 1176 1894 2347 3236 3583 3375 1795 1117 782 881 1084 1398 1780 2441 2465 1795 1025 740 881
 ... : 66 123 178 320 459 726 1176 1894 2347 3236 3583 3375 1795 1116 790 893 1095 1409 1790 2474 2546 1896 1081 746 882
 ... : 66 123 178 320 459 726 1176 1894 2347 3236 3583 3375 1795 1116 790 891 1085 1383 1758 2431 2493 1928 1141 774 883
 ... : 66 123 178 320 459 726 1176 1894 2347 3236 3583 3375 1795 1116 790 891 1083 1366 1732 2405 2485 1947 1309 887 887
 ... : 66 123 178 320 459 726 1176 1894 2347 3236 3583 3375 1795 1116 790 891 1081 1363 1725 2383 2453 1915 1339 994 895
 ... : 66 123 178 320 459 726 1176 1894 2347 3236 3583 3375 1795 1116 790 891 1081 1362 1730 2402 2494 1990 1439 1152 924
 ... : 66 123 178 320 459 726 1176 1894 2347 3236 3583 3375 1795 1115 790 890 1081 1357 1726 2412 2541 2056 1521 1312 980
 ... : 66 123 178 320 459 726 1176 1894 2347 3236 3583 3375 1797 1118 798 906 1108 1381 1741 2423 2526 2047 1487 1405 1077
 ... : 66 123 178 320 459 726 1176 1894 2347 3236 3583 3375 1800 1137 826 943 1159 1441 1839 2503 2567 2065 1492 1405 1077
 ... : 66 123 178 320 459 726 1176 1894 2347 3236 3583 3375 1804 1149 861 992 1206 1473 1865 2581 2633 2098 1501 1406 1078
 ... : 66 123 178 320 459 726 1176 1894 2347 3236 3583 3375 1804 1149 860 991 1211 1482 1888 2711 2833 2282 1590 1431 1082
 ... : 66 123 178 320 459 726 1176 1894 2347 3236 3583 3373 1803 1146 863 1010 1238 1515 1927 2764 2885 2375 1655 1438 1085
 ... : 66 123 178 320 459 726 1176 1894 2347 3236 3583 3373 1803 1146 863 1010 1236 1511 1921 2753 2944 2535 1844 1512 1088
 ... : 66 123 178 320 459 726 1176 1894 2347 3236 3583 3373 1803 1146 863 1010 1236 1511 1926 2756 2952 2545 2068 1794 1129
 ... : 66 123 178 320 459 726 1176 1894 2347 3236 3583 3373 1803 1146 863 1010 1239 1521 1927 2756 2951 2554 2135 2115 1263
 ... : 66 123 178 320 459 726 1176 1894 2347 3236 3583 3373 1803 1147 865 1009 1238 1530 1944 2768 2995 2621 2227 2170 1271
 ... : 66 123 178 320 459 726 1176 1894 2347 3236 3583 3373 1803 1147 865 1007 1235 1537 1942 2763 2988 2656 2285 2234 1275
 ... : 66 123 178 320 459 726 1176 1894 2347 3236 3583 3373 1803 1147 865 1007 1239 1548 1949 2743 2981 2649 2274 2347 1339
 ... : 66 123 178 320 459 726 1176 1894 2347 3236 3583 3373 1803 1147 865 1008 1242 1552 1953 2751 3004 2675 2300 2411 1379
 ... : 66 123 178 320 459 726 1176 1894 2347 3236 3583 3373 1803 1147 865 1008 1241 1552 1960 2762 3030 2685 2323 2460 1392
 ... : 66 123 178 320 459 726 1176 1894 2347 3236 3583 3373 1803 1147 865 1008 1241 1561 1966 2774 3056 2721 2370 2508 1411
 ... : 66 123 178 320 459 726 1176 1894 2347 3236 3583 3373 1803 1147 868 1015 1260 1575 1990 2800 3109 2758 2384 2515 1433
 ... : 66 123 178 320 459 726 1176 1894 2347 3236 3583 3373 1803 1147 873 1027 1302 1612 2041 2847 3141 2792 2404 2528 1458
 ... : 66 123 178 320 459 726 1176 1894 2347 3236 3583 3373 1803 1147 887 1047 1337 1648 2066 2879 3171 2812 2412 2533 1463
 ... : 66 123 178 320 459 726 1176 1894 2347 3236 3583 3373 1803 1147 909 1094 1468 1857 2242 2926 3176 2817 2419 2536 1463
 ... : 66 123 178 320 459 726 1176 1894 2347 3236 3583 3373 1803 1147 951 1204 1571 1935 2300 2956 3189 2818 2419 2536 1464
 ... : 66 123 178 320 459 726 1176 1894 2347 3236 3583 3373 1803 1147 950 1201 1586 2009 2371 3032 3249 2824 2419 2536 1464
 ... : 66 123 178 320 459 726 1176 1894 2347 3236 3583 3373 1803 1147 950 1203 1591 2021 2411 3150 3314 2769 2428 2536 1464
 ... : 66 123 178 320 459 726 1176 1894 2347 3236 3583 3373 1803 1147 950 1203 1595 2043 2510 3285 3441 2829 2438 2537 1464
 ... : 66 123 178 320 459 726 1176 1894 2347 3236 3583 3373 1803 1147 950 1202 1595 2042 2507 3314 3489 2956 2534 2543 1466
 ... : 66 123 178 320 459 726 1176 1894 2347 3236 3583 3373 1803 1147 950 1202 1594 2041 2513 3413 3632 3086 2531 2565 1479
 ... : 66 123 178 320 459 726 1176 1894 2347 3236 3583 3373 1803 1147 950 1202 1594 2041 2523 3466 3678 3139 2617 2621 1494
 ... : 66 123 178 320 459 726 1176 1894 2347 3236 3583 3373 1803 1150 955 1206 1602 2052 2546 3527 3879 3273 2661 2653 1498
 ... : 66 123 178 320 459 726 1176 1894 2347 3236 3583 3373 1803 1150 955 1206 1611 2054 2546 3555 3952 3398 2761 2765 1531
 ... : 66 123 178 320 459 726 1176 1894 2347 3236 3583 3373 1803 1150 955 1206 1614 2059 2581 3617 4035 3480 2824 2874 1574
 ... : 66 123 178 320 459 726 1176 1894 2347 3236 3583 3373 1803 1150 955 1206 1614 2059 2583 3635 4064 3504 2832 2975 1634
  26 : 66 123 178 320 459 726 1176 1890 2343 3222 3511 3273 1694 1241 844 1041 1328 1662 2105 2662 2993 2949 2344 1836 1531 2273
  27 : 66 123 178 320 459 726 1176 1890 2343 3222 3517 3292 1703 1244 843 1020 1221 1550 1941 2414 2780 2760 2127 1497 1138 497 2432
  28 : 66 123 178 320 459 726 1176 1890 2343 3222 3517 3292 1703 1243 844 1020 1221 1550 1940 2413 2769 2757 2122 1495 1135 501 1543 891
  29 : 66 123 178 320 459 726 1176 1890 2343 3222 3517 3292 1703 1243 844 1020 1221 1550 1940 2413 2769 2757 2122 1495 1135 501 418 343 1665
  30 : 66 123 178 320 459 726 1176 1890 2343 3222 3517 3292 1703 1243 844 1020 1221 1550 1940 2413 2769 2757 2122 1494 1135 501 418 343 1060 605
