initialized model with 1120 latches, 1112 inputs and 1 properties
tsim: performed 10 steps
tsim: found cycle from 7
checking bound 0
checking bound 1
checking bound 2
tdecomp: unrolling 2 cycles
tsim: performed 8 steps
tsim: found cycle from 5
tsim: found 2 constants and 0 latch equivalences
tdecomp: (1120, 4448) -> (652, 2317)
   2 : 5 3
   3 : 11 2 6
   4 : 11 3 2 11
   5 : 7 3 3 5 83
   6 : 7 3 3 5 1 82
   7 : 7 3 3 5 1 1 81
   8 : 7 3 3 2 1 1 1 185
   9 : 7 3 3 2 1 1 1 16 234
  10 : 7 3 3 2 1 1 1 1 16 246
  11 : 7 3 3 2 1 1 1 1 20 20 238
  12 : 7 3 3 2 1 1 1 1 20 20 3 235
  13 : 7 3 3 2 1 1 1 1 20 15 4 4 274
  14 : 7 3 3 2 1 1 1 1 20 11 4 6 32 398
  15 : 7 3 3 2 1 1 1 1 20 11 4 6 12 45 558
  16 : 7 3 3 2 1 1 1 1 20 10 3 4 11 45 31 712
  17 : 7 3 3 2 1 1 1 1 20 10 3 4 11 45 29 11 703
 ... : 7 3 3 2 1 1 1 1 20 10 3 4 11 45 64 485 1638
 ... : 7 3 3 2 1 1 1 1 20 10 3 4 11 74 130 1272 2698
 ... : 7 3 3 2 1 1 1 1 20 10 3 4 11 76 137 1604 3472
 ... : 7 3 3 2 1 1 1 1 19 10 3 4 10 136 196 2165 4731
  18 : 7 3 3 2 1 1 1 1 2 4 18 7 8 3 8 38 384 5742
  19 : 7 3 3 2 1 1 1 1 2 3 18 7 8 3 8 18 296 396 5433
  20 : 7 3 3 2 1 1 1 1 2 3 18 7 8 3 8 15 294 395 120 5314
 ... : 7 3 3 2 1 1 1 1 2 3 18 7 8 3 8 15 289 475 880 5905
  21 : 7 3 3 2 1 1 1 1 2 3 17 4 8 6 6 12 229 335 565 610 6092
  22 : 7 3 3 2 1 1 1 1 2 3 17 4 8 6 6 12 229 327 554 632 308 6077
 ... : 7 3 3 2 1 1 1 1 2 3 17 4 8 6 6 12 229 339 572 735 1262 6578
 ... : 7 3 3 2 1 1 1 1 2 3 17 4 8 6 6 12 229 315 594 787 2119 7099
  23 : 7 3 3 2 1 1 1 1 2 3 16 4 8 3 6 14 174 214 456 652 1021 1095 7105
  24 : 7 3 3 2 1 1 1 1 2 3 16 4 8 3 6 14 174 210 457 606 954 865 455 7022
 ... : 7 3 3 2 1 1 1 1 2 3 16 4 8 3 6 14 174 210 457 606 957 949 1573 7911
 ... : 7 3 3 2 1 1 1 1 2 3 16 4 8 3 6 14 174 210 457 605 976 1037 2466 9497
  25 : 7 3 3 2 1 1 1 1 2 3 16 4 8 3 5 14 175 210 456 565 871 910 1131 905 11038
  26 : 7 3 3 2 1 1 1 1 2 3 16 4 8 3 5 14 175 210 452 561 871 909 1077 1001 369 11109
