initialized model with 7436 latches, 7426 inputs and 1 properties
tsim: performed 5 steps
tsim: found cycle from 2
checking bound 0
checking bound 1
checking bound 2
tdecomp: unrolling 2 cycles
tsim: performed 4 steps
tsim: found cycle from 1
tsim: found 2 constants and 0 latch equivalences
tdecomp: (7436, 29704) -> (3949, 15206)
   2 : 31 7
   3 : 31 1 11
   4 : 31 1 1 10
   5 : 31 1 1 1 9
   6 : 29 1 1 1 1 42
   7 : 29 1 1 1 1 1 55
   8 : 23 1 1 1 1 2 1 128
   9 : 23 1 1 1 1 2 1 1 127
  10 : 21 1 1 1 1 2 1 1 2 160
  11 : 21 1 1 1 1 2 1 1 2 1 159
