initialized model with 358 latches, 353 inputs and 1 properties
tsim: performed 5 steps
tsim: found cycle from 2
checking bound 0
checking bound 1
checking bound 2
tdecomp: unrolling 2 cycles
tsim: performed 3 steps
tsim: found cycle from 0
tsim: found 2 constants and 0 latch equivalences
tdecomp: (358, 1412) -> (238, 786)
   2 : 1 2
   3 : 1 1 3
   4 : 1 1 1 2
   5 : 1 1 1 1 25
   6 : 1 1 1 1 2 54
   7 : 1 1 1 1 2 1 67
   8 : 1 1 1 1 2 1 1 66
   9 : 1 1 1 1 2 1 1 1 65
  10 : 1 1 1 1 2 1 1 1 3 62
  11 : 1 1 1 1 2 1 1 1 2 3 66
  12 : 1 1 1 1 2 1 1 1 1 1 1 72
  13 : 1 1 1 1 2 1 1 1 1 1 1 3 69
  14 : 1 1 1 1 2 1 1 1 1 1 1 3 26 62
  15 : 1 1 1 1 2 1 1 1 1 1 1 3 27 11 79
  16 : 1 1 1 1 2 1 1 1 1 1 1 3 27 11 3 76
  17 : 1 1 1 1 2 1 1 1 1 1 1 3 27 11 12 12 84
  18 : 1 1 1 1 1 1 1 1 1 1 1 3 27 11 12 21 41 214
  19 : 1 1 1 1 1 1 1 1 1 1 1 3 27 11 12 21 10 45 236
  20 : 1 1 1 1 1 1 1 1 1 1 1 3 27 11 12 21 10 47 29 321
  21 : 1 1 1 1 1 1 1 1 1 1 1 3 27 11 12 21 10 47 28 28 372
  22 : 1 1 1 1 1 1 1 1 1 1 1 3 27 11 12 21 10 49 43 76 81 800
  23 : 1 1 1 1 1 1 1 1 1 1 1 3 27 11 12 21 10 49 43 72 29 64 823
 ... : 1 1 1 1 1 1 1 1 1 1 1 3 27 11 12 21 10 60 84 170 156 595 1562
  24 : 1 1 1 1 1 1 1 1 1 1 1 3 26 12 12 21 10 75 73 142 112 287 337 2079
  25 : 1 1 1 1 1 1 1 1 1 1 1 3 26 12 12 21 10 75 67 142 112 276 386 74 2133
  26 : 1 1 1 1 1 1 1 1 1 1 1 3 22 13 15 21 10 75 67 139 113 280 418 398 402 2823
  27 : 1 1 1 1 1 1 1 1 1 1 1 3 22 13 15 21 10 75 67 139 113 279 413 376 438 169 2818
 ... : 1 1 1 1 1 1 1 1 1 1 1 3 22 13 15 21 10 75 67 139 113 279 422 404 548 845 3765
 ... : 1 1 1 1 1 1 1 1 1 1 1 3 22 13 15 21 10 75 67 139 114 285 498 547 705 1189 4159
  28 : 1 1 1 1 1 1 1 1 1 1 1 3 22 13 15 21 10 75 67 139 114 279 466 497 630 626 462 4311
  29 : 1 1 1 1 1 1 1 1 1 1 1 3 22 13 15 21 10 75 67 139 114 279 466 497 630 621 450 300 4108
 ... : 1 1 1 1 1 1 1 1 1 1 1 3 22 13 15 21 10 75 67 139 114 278 464 493 610 662 561 742 4450
  30 : 1 1 1 1 1 1 1 1 1 1 1 3 22 13 15 21 10 75 67 139 114 265 456 435 553 437 383 270 190 4591
  31 : 1 1 1 1 1 1 1 1 1 1 1 3 22 13 15 21 10 75 67 139 114 265 456 434 554 437 383 254 178 117 4506
  32 : 1 1 1 1 1 1 1 1 1 1 1 3 22 13 15 21 10 75 67 139 114 265 455 432 552 437 373 249 137 124 63 4927
  33 : 1 1 1 1 1 1 1 1 1 1 1 3 22 13 15 21 10 75 67 139 114 265 455 432 552 437 373 249 137 124 63 24 4894
  34 : 1 1 1 1 1 1 1 1 1 1 1 3 22 13 15 21 10 75 67 139 114 265 455 432 552 437 373 249 136 124 63 24 20 4870
  35 : 1 1 1 1 1 1 1 1 1 1 1 3 22 13 15 21 10 75 67 139 114 265 455 432 552 437 373 249 136 124 51 37 58 52 5001
  36 : 1 1 1 1 1 1 1 1 1 1 1 3 22 13 15 21 10 75 67 139 114 265 455 432 551 434 364 231 134 111 71 35 19 48 43 5384
  37 : 1 1 1 1 1 1 1 1 1 1 1 3 22 13 15 21 10 66 67 142 114 268 455 429 552 436 364 230 134 110 71 36 19 48 43 48 5339
 ... : 1 1 1 1 1 1 1 1 1 1 1 3 22 13 15 21 10 66 67 142 114 268 455 429 552 436 391 312 211 190 128 71 54 83 86 313 5733
 ... : 1 1 1 1 1 1 1 1 1 1 1 3 22 13 15 21 10 66 67 142 114 268 456 438 582 475 428 377 309 295 265 145 75 86 88 436 5947
  38 : 1 1 1 1 1 1 1 1 1 1 1 3 22 13 15 21 10 66 67 142 114 268 450 400 572 396 359 247 253 212 122 109 48 19 80 111 125 6764
  39 : 1 1 1 1 1 1 1 1 1 1 1 3 22 13 15 21 10 66 67 142 114 268 450 400 572 396 358 247 253 212 122 109 48 19 80 111 123 70 6682
  40 : 1 1 1 1 1 1 1 1 1 1 1 3 22 13 15 21 10 66 67 142 114 268 450 400 572 396 358 245 253 212 122 109 48 19 80 111 123 68 40 6635
  41 : 1 1 1 1 1 1 1 1 1 1 1 3 22 13 15 21 10 66 67 142 114 268 450 400 572 396 358 245 253 212 122 109 48 19 80 111 123 68 40 75 6558
  42 : 1 1 1 1 1 1 1 1 1 1 1 3 22 13 15 21 10 66 67 142 114 268 450 400 572 396 358 245 253 212 122 109 48 19 80 111 123 67 46 19 77 6566
 ... : 1 1 1 1 1 1 1 1 1 1 1 3 22 13 15 21 10 66 67 142 114 268 450 400 572 402 367 262 266 225 138 113 49 19 80 112 127 79 57 55 468 6993
 ... : 1 1 1 1 1 1 1 1 1 1 1 3 22 13 15 21 10 66 67 142 114 268 449 400 572 408 376 260 282 248 155 125 88 51 120 185 174 138 84 66 569 7236
 ... : 1 1 1 1 1 1 1 1 1 1 1 3 22 13 15 21 10 66 67 142 114 268 449 400 572 408 376 259 285 266 190 169 117 80 144 207 218 159 89 67 624 7348
 ... : 1 1 1 1 1 1 1 1 1 1 1 3 22 13 15 21 10 66 67 142 114 268 449 400 572 408 376 259 285 271 194 169 119 88 178 240 357 233 98 68 667 7526
 ... : 1 1 1 1 1 1 1 1 1 1 1 3 22 13 15 21 10 66 67 142 114 268 449 400 572 408 377 261 291 274 234 178 133 88 186 251 454 522 201 81 717 7709
 ... : 1 1 1 1 1 1 1 1 1 1 1 3 22 13 15 21 10 66 67 142 114 268 449 400 581 425 397 279 279 256 249 221 219 147 236 306 469 603 217 96 785 7953
 ... : 1 1 1 1 1 1 1 1 1 1 1 3 22 13 15 21 10 66 67 142 114 268 449 400 581 441 406 285 283 263 262 232 234 168 263 340 485 618 220 97 815 8048
 ... : 1 1 1 1 1 1 1 1 1 1 1 3 22 13 15 21 10 66 67 142 114 268 449 403 591 491 524 458 414 435 384 271 249 181 267 350 495 650 228 100 853 8175
 ... : 1 1 1 1 1 1 1 1 1 1 1 3 22 13 15 21 10 66 67 142 114 268 449 403 591 491 524 457 408 445 385 305 309 321 382 456 577 683 236 113 892 8322
 ... : 1 1 1 1 1 1 1 1 1 1 1 3 22 13 15 21 10 66 67 142 114 268 449 402 591 491 522 474 444 506 439 341 344 356 403 458 646 809 288 126 931 8551
 ... : 1 1 1 1 1 1 1 1 1 1 1 3 22 13 15 21 10 66 67 142 114 268 449 402 601 509 537 503 528 570 520 407 385 375 405 461 653 818 293 133 956 8673
 ... : 1 1 1 1 1 1 1 1 1 1 1 3 22 13 15 21 10 66 67 142 114 268 449 402 601 509 537 526 551 607 628 588 495 515 509 514 658 838 303 151 1002 8846
 ... : 1 1 1 1 1 1 1 1 1 1 1 3 22 13 15 21 10 66 67 142 114 268 449 401 610 526 554 545 583 645 656 650 572 654 680 630 667 843 308 159 1042 8954
 ... : 1 1 1 1 1 1 1 1 1 1 1 3 22 13 15 21 10 66 67 142 114 268 449 401 610 526 554 544 582 644 655 646 584 724 833 1004 975 946 316 166 1071 9082
 ... : 1 1 1 1 1 1 1 1 1 1 1 3 22 13 15 21 10 66 67 142 114 268 449 401 610 526 554 544 582 643 655 659 585 734 873 1105 1171 1339 498 185 1124 9241
 ... : 1 1 1 1 1 1 1 1 1 1 1 3 22 13 15 21 10 66 67 142 114 268 449 401 610 526 553 544 581 643 654 659 585 742 925 1231 1321 1597 687 203 1162 9386
 ... : 1 1 1 1 1 1 1 1 1 1 1 3 22 13 15 21 10 66 67 142 114 268 449 401 610 526 553 551 599 655 660 673 607 772 989 1331 1447 1800 894 248 1216 9524
 ... : 1 1 1 1 1 1 1 1 1 1 1 3 22 13 15 21 10 66 67 142 114 268 449 401 610 526 553 551 599 654 659 671 606 772 934 1267 1434 1843 1364 698 1375 9721
 ... : 1 1 1 1 1 1 1 1 1 1 1 3 22 13 15 21 10 66 67 142 114 268 449 401 610 526 553 551 599 652 658 671 604 772 937 1292 1481 1881 1473 941 1721 9868
 ... : 1 1 1 1 1 1 1 1 1 1 1 3 22 13 15 21 10 66 67 142 114 268 449 401 610 526 553 551 599 652 657 673 608 786 951 1343 1614 2020 1570 1156 1978 10077
 ... : 1 1 1 1 1 1 1 1 1 1 1 3 22 13 15 21 10 66 67 142 114 268 450 402 611 535 537 522 575 647 659 686 658 886 1046 1453 1737 2115 1585 1166 2012 10158
 ... : 1 1 1 1 1 1 1 1 1 1 1 3 22 13 15 21 10 66 67 142 114 268 450 402 611 535 534 531 585 633 695 730 688 975 1148 1579 1867 2232 1634 1182 2057 10294
 ... : 1 1 1 1 1 1 1 1 1 1 1 3 22 13 15 21 10 66 67 142 114 268 450 402 611 535 534 530 583 633 685 747 719 1037 1195 1615 1924 2410 1750 1216 2112 10368
 ... : 1 1 1 1 1 1 1 1 1 1 1 3 22 13 15 21 10 66 67 142 114 268 450 402 611 535 534 529 578 623 661 707 679 976 1154 1609 1918 2468 1860 1236 2151 10484
 ... : 1 1 1 1 1 1 1 1 1 1 1 3 22 13 15 21 10 66 67 142 114 268 450 402 611 539 560 617 743 767 785 765 695 997 1158 1609 1927 2469 1861 1243 2211 10660
 ... : 1 1 1 1 1 1 1 1 1 1 1 3 22 13 15 21 10 66 67 142 114 268 450 407 612 552 566 671 804 921 903 825 712 999 1160 1612 1930 2470 1866 1247 2268 10820
 ... : 1 1 1 1 1 1 1 1 1 1 1 3 22 13 15 21 10 66 67 142 114 268 450 407 612 552 565 663 805 956 975 952 981 1226 1235 1620 1938 2477 1875 1254 2330 10990
 ... : 1 1 1 1 1 1 1 1 1 1 1 3 22 13 15 21 10 66 67 142 114 268 450 407 612 552 565 661 813 988 1027 995 1051 1318 1433 1778 2000 2499 1879 1260 2383 11099
 ... : 1 1 1 1 1 1 1 1 1 1 1 3 22 13 15 21 10 66 67 142 114 268 450 407 612 552 565 661 813 997 1043 1007 1085 1341 1466 1837 2044 2623 1947 1311 2435 11232
 ... : 1 1 1 1 1 1 1 1 1 1 1 3 22 13 15 21 10 66 67 142 114 268 450 407 612 552 565 661 812 977 1035 1043 1157 1416 1570 1943 2128 2698 2024 1361 2503 11439
 ... : 1 1 1 1 1 1 1 1 1 1 1 3 22 13 15 21 10 66 67 142 114 268 450 407 612 552 565 659 812 974 1065 1131 1344 1735 1894 2060 2193 2728 2030 1368 2597 11669
 ... : 1 1 1 1 1 1 1 1 1 1 1 3 22 13 15 21 10 66 67 142 114 268 450 407 612 552 564 659 811 982 1077 1149 1399 1875 2432 2522 2296 2744 2041 1377 2732 11950
 ... : 1 1 1 1 1 1 1 1 1 1 1 3 22 13 15 21 10 66 67 142 114 268 450 407 612 552 564 659 811 980 1076 1147 1399 1878 2477 2848 3052 3071 2121 1392 2832 12220
