initialized model with 36 latches, 31 inputs and 1 properties
tsim: performed 5 steps
tsim: found cycle from 2
tsim: found 0 constants and 1 latch equivalences
seqsimpl: (36, 31) -> (22, 31)
checking bound 0
checking bound 1
checking bound 2
tdecomp: unrolling 2 cycles
tsim: performed 3 steps
tsim: found cycle from 0
tsim: found 2 constants and 0 latch equivalences
tdecomp: (22, 124) -> (20, 72)
   2 : 2 18
   3 : 3 0 19
completing final invariant with sub-IC3 call...
num_solve_calls = 690
num_solve_sat_calls = 328
num_solve_unsat_calls = 42
num_solve_approx_calls = 317
num_solve_approx_unsat_calls = 195
num_solve_conflicts = 393
num_solve_decisions = 5888
num_solve_propagations = 82347
avg_solve_conflicts = 1
avg_solve_decisions = 9
avg_solve_propagations = 120
avg_solve_unsat_decisions = 0.000
stddev_solve_unsat_decisions = 0.000
num_added_cubes = 59
num_subsumed_cubes = 37
num_mic_down_calls = 103
num_mic_down_good = 21
num_added_ctgs = 1
num_gc_frame = 11
num_reset = 0
num_try_blocking = 88
get_bad_cube_time = 0.006
rec_block_cube_time = 0.009
propagate_forward_time = 0.000
generalize_model_time = 0.004
generalize_and_push_time = 0.005
ctg_time = 0.001
try_blocking_time = 0.005
reset_time = 0.000
clausify_time = 0.013
preprocess_time = 0.001
solve_time = 0.010
solve_sat_time = 0.005
solve_unsat_time = 0.005
prove_time = 0.036
memory_used_mb = 6
total_time = 0.057
Safe
