initialized model with 961 latches, 890 inputs and 1 properties
tsim: performed 12 steps
tsim: found cycle from 9
tsim: found 2 constants and 0 latch equivalences
seqsimpl: (961, 890) -> (636, 890)
checking bound 0
checking bound 1
checking bound 2
tdecomp: unrolling 2 cycles
tsim: performed 10 steps
tsim: found cycle from 7
tsim: found 2 constants and 0 latch equivalences
tdecomp: (636, 3560) -> (634, 1954)
   2 : 1 6
   3 : 1 1 22
   4 : 1 1 1 21
   5 : 1 1 1 1 20
   6 : 1 1 1 1 1 29
   7 : 1 1 1 1 1 1 37
   8 : 1 1 1 1 1 1 1 36
   9 : 1 1 1 1 1 1 1 1 35
  10 : 1 1 1 1 1 1 1 1 1 54
  11 : 1 1 1 1 1 1 1 1 1 1 106
  12 : 1 1 1 1 1 1 1 1 1 1 1 105
  13 : 1 1 1 1 1 1 1 1 1 1 1 1 120
  14 : 1 1 1 1 1 1 1 1 1 1 1 1 2 142
  15 : 1 1 1 1 1 1 1 1 1 1 1 1 1 1 218
  16 : 1 1 1 1 1 1 1 1 1 1 1 1 1 1 2 260
  17 : 1 1 1 1 1 1 1 1 1 1 1 1 1 1 2 102 389
  18 : 1 1 1 1 1 1 1 1 1 1 1 1 1 1 2 19 49 643
  19 : 1 1 1 1 1 1 1 1 1 1 1 1 1 1 2 19 49 87 553
  20 : 1 1 1 1 1 1 1 1 1 1 1 1 1 1 2 11 45 53 36 592
  21 : 1 1 1 1 1 1 1 1 1 1 1 1 1 1 2 11 45 53 35 133 460
  22 : 1 1 1 1 1 1 1 1 1 1 1 1 1 1 2 3 44 43 38 53 228 462
  23 : 1 1 1 1 1 1 1 1 1 1 1 1 1 1 2 3 28 18 49 48 39 253 691
  24 : 1 1 1 1 1 1 1 1 1 1 1 1 1 1 2 3 28 18 49 48 39 253 122 569
  25 : 1 1 1 1 1 1 1 1 1 1 1 1 1 1 2 3 28 18 49 30 38 104 324 165 809
 ... : 1 1 1 1 1 1 1 1 1 1 1 1 1 1 2 3 28 18 49 30 38 94 309 689 1270
 ... : 1 1 1 1 1 1 1 1 1 1 1 1 1 1 2 3 28 18 45 33 41 96 313 779 1343
 ... : 1 1 1 1 1 1 1 1 1 1 1 1 1 1 2 3 28 18 45 33 40 92 296 872 1508
  26 : 1 1 1 1 1 1 1 1 1 1 1 1 1 1 2 3 26 18 31 15 30 34 151 187 529 1727
  27 : 1 1 1 1 1 1 1 1 1 1 1 1 1 1 2 3 26 18 31 15 30 34 150 108 644 488 1572
 ... : 1 1 1 1 1 1 1 1 1 1 1 1 1 1 2 3 26 18 31 15 30 34 150 110 644 1235 2110
 ... : 1 1 1 1 1 1 1 1 1 1 1 1 1 1 2 3 26 18 31 15 30 34 150 110 648 1538 2420
 ... : 1 1 1 1 1 1 1 1 1 1 1 1 1 1 2 3 26 18 31 15 30 34 152 110 648 1748 2663
 ... : 1 1 1 1 1 1 1 1 1 1 1 1 1 1 2 3 26 18 31 15 30 34 152 110 651 1915 2816
  28 : 1 1 1 1 1 1 1 1 1 1 1 1 1 1 2 3 26 18 25 13 31 40 150 92 607 1019 1908 2285
  29 : 1 1 1 1 1 1 1 1 1 1 1 1 1 1 2 3 26 18 25 13 31 40 150 90 605 954 1897 1058 2227
 ... : 1 1 1 1 1 1 1 1 1 1 1 1 1 1 2 3 26 18 25 13 31 40 150 90 605 957 1882 2798 2571
 ... : 1 1 1 1 1 1 1 1 1 1 1 1 1 1 2 3 26 18 25 13 31 40 150 90 605 958 1925 3732 2774
 ... : 1 1 1 1 1 1 1 1 1 1 1 1 1 1 2 3 26 18 25 13 31 40 150 90 605 956 1965 5030 3110
 ... : 1 1 1 1 1 1 1 1 1 1 1 1 1 1 2 3 26 18 25 13 31 40 150 90 605 958 1987 5648 3300
 ... : 1 1 1 1 1 1 1 1 1 1 1 1 1 1 2 3 26 18 25 13 31 40 150 89 604 954 1990 6234 3509
 ... : 1 1 1 1 1 1 1 1 1 1 1 1 1 1 2 3 26 18 25 13 31 40 150 89 604 952 2007 6460 3601
 ... : 1 1 1 1 1 1 1 1 1 1 1 1 1 1 2 3 26 18 25 13 31 40 150 89 604 953 2021 6944 3825
 ... : 1 1 1 1 1 1 1 1 1 1 1 1 1 1 2 3 26 18 25 13 31 40 150 89 604 954 2055 7311 3964
  30 : 1 1 1 1 1 1 1 1 1 1 1 1 1 1 2 3 26 18 25 13 31 26 142 85 606 812 1473 2423 3938 5639
 ... : 1 1 1 1 1 1 1 1 1 1 1 1 1 1 2 3 26 18 25 13 31 26 142 85 606 809 1491 2506 4277 5975
  31 : 1 1 1 1 1 1 1 1 1 1 1 1 1 1 2 3 26 18 25 13 31 26 142 85 606 792 1448 2278 4304 2247 4703
 ... : 1 1 1 1 1 1 1 1 1 1 1 1 1 1 2 3 26 18 25 13 31 26 142 85 606 792 1452 2282 4345 3377 4917
 ... : 1 1 1 1 1 1 1 1 1 1 1 1 1 1 2 3 26 18 25 13 31 26 142 85 606 792 1452 2283 4355 4148 5031
 ... : 1 1 1 1 1 1 1 1 1 1 1 1 1 1 2 3 26 18 25 13 31 26 142 85 606 792 1452 2281 4449 5009 5160
 ... : 1 1 1 1 1 1 1 1 1 1 1 1 1 1 2 3 26 18 25 13 31 26 142 85 606 792 1451 2280 4526 5562 5253
 ... : 1 1 1 1 1 1 1 1 1 1 1 1 1 1 2 3 26 18 25 13 31 26 142 85 606 792 1455 2286 4593 6183 5365
 ... : 1 1 1 1 1 1 1 1 1 1 1 1 1 1 2 3 26 18 25 13 31 26 142 85 606 792 1453 2284 4606 6811 5519
 ... : 1 1 1 1 1 1 1 1 1 1 1 1 1 1 2 3 26 18 25 13 31 26 142 85 606 792 1454 2292 4648 7313 5611
 ... : 1 1 1 1 1 1 1 1 1 1 1 1 1 1 2 3 26 18 25 13 31 26 142 85 606 792 1460 2300 4682 7523 5664
 ... : 1 1 1 1 1 1 1 1 1 1 1 1 1 1 2 3 26 18 25 13 31 26 142 85 606 792 1478 2312 4710 7781 5753
 ... : 1 1 1 1 1 1 1 1 1 1 1 1 1 1 2 3 26 18 25 13 31 26 142 85 606 792 1478 2310 4723 8188 5882
 ... : 1 1 1 1 1 1 1 1 1 1 1 1 1 1 2 3 26 18 25 13 31 26 142 85 606 792 1478 2305 4731 9068 6143
 ... : 1 1 1 1 1 1 1 1 1 1 1 1 1 1 2 3 26 18 25 13 31 26 142 85 606 792 1477 2304 4765 10117 6372
 ... : 1 1 1 1 1 1 1 1 1 1 1 1 1 1 2 3 26 18 25 13 31 26 142 85 606 792 1477 2304 4762 11092 6609
 ... : 1 1 1 1 1 1 1 1 1 1 1 1 1 1 2 3 26 18 25 13 31 26 142 85 606 792 1477 2301 4770 11700 6801
 ... : 1 1 1 1 1 1 1 1 1 1 1 1 1 1 2 3 26 18 25 13 31 26 142 85 606 792 1477 2298 4810 12057 6913
 ... : 1 1 1 1 1 1 1 1 1 1 1 1 1 1 2 3 26 18 25 13 31 26 142 85 606 792 1477 2298 4809 12707 7105
 ... : 1 1 1 1 1 1 1 1 1 1 1 1 1 1 2 3 26 18 25 13 31 26 142 85 606 792 1477 2295 4799 13224 7325
  32 : 1 1 1 1 1 1 1 1 1 1 1 1 1 1 2 3 26 18 25 13 31 26 142 85 606 767 1412 2024 4170 5196 8884 7640
 ... : 1 1 1 1 1 1 1 1 1 1 1 1 1 1 2 3 26 18 25 13 31 26 142 85 606 767 1412 2024 4170 5213 9737 8149
 ... : 1 1 1 1 1 1 1 1 1 1 1 1 1 1 2 3 26 18 25 13 31 26 142 85 606 767 1410 2024 4170 5212 10404 8594
 ... : 1 1 1 1 1 1 1 1 1 1 1 1 1 1 2 3 26 18 25 13 31 26 142 85 606 767 1410 2024 4170 5207 11356 9068
  33 : 1 1 1 1 1 1 1 1 1 1 1 1 1 1 2 3 26 18 25 13 31 26 142 85 606 761 1403 2003 4168 5019 10580 4456 5930
