initialized model with 647 latches, 642 inputs and 1 properties
tsim: performed 5 steps
tsim: found cycle from 2
tsim: found 0 constants and 1 latch equivalences
seqsimpl: (647, 642) -> (392, 642)
checking bound 0
checking bound 1
checking bound 2
tdecomp: unrolling 2 cycles
tsim: performed 3 steps
tsim: found cycle from 0
tsim: found 2 constants and 0 latch equivalences
tdecomp: (392, 2568) -> (390, 1445)
 ... : 200
   2 : 154 82
 ... : 297 278
   3 : 216 161 193
   4 : 216 169 165 165
   5 : 216 152 284 99 275
   6 : 216 152 284 117 64 276
   7 : 216 152 284 109 106 59 303
   8 : 216 152 284 108 95 87 51 307
   9 : 216 152 284 108 95 86 53 43 355
  10 : 216 152 284 108 95 86 53 34 30 353
  11 : 216 152 284 108 95 86 53 34 30 28 350
  12 : 216 152 284 108 90 88 65 51 48 35 31 387
  13 : 220 152 289 115 91 88 66 52 51 36 37 57 408
  14 : 220 152 289 115 91 88 66 52 51 36 37 58 30 396
  15 : 220 152 289 115 91 88 66 52 51 36 37 58 32 43 415
  16 : 220 152 289 115 91 88 66 52 51 36 37 58 32 51 35 400
  17 : 220 152 289 115 91 88 66 52 51 36 37 58 32 51 28 30 425
  18 : 220 152 289 115 91 88 66 52 51 36 37 58 32 51 28 21 18 424
  19 : 220 152 289 115 91 88 66 52 51 36 37 58 32 51 28 21 14 13 424
  20 : 220 152 289 115 91 88 66 52 51 36 37 58 32 51 28 21 14 13 17 411
  21 : 220 152 289 115 91 88 66 52 51 36 37 58 32 51 28 21 14 13 26 24 410
  22 : 220 152 289 115 91 88 66 52 51 36 37 58 32 51 28 21 14 13 26 19 21 417
  23 : 220 152 289 115 91 88 66 52 51 36 37 58 32 51 28 21 14 13 26 19 15 30 404
  24 : 220 152 289 115 91 88 66 52 51 36 37 58 32 51 28 21 14 13 26 19 15 13 22 420
  25 : 220 152 289 115 91 88 66 52 51 36 37 58 32 51 28 21 14 13 26 19 15 13 17 15 441
  26 : 220 152 289 115 91 88 66 52 51 36 37 58 32 51 28 21 14 13 26 19 15 13 17 13 16 440
  27 : 220 152 289 115 91 88 66 52 51 36 37 58 32 51 28 21 14 13 26 19 15 13 17 13 19 36 418
 ... : 220 152 289 115 91 88 66 52 51 36 37 61 36 63 33 33 17 14 26 18 15 16 15 10 17 43 452
  28 : 220 152 289 115 91 88 66 52 51 36 40 60 29 61 33 32 16 16 25 16 13 15 13 8 13 27 24 455
  29 : 220 152 289 115 91 88 66 52 51 36 40 60 29 61 33 32 16 16 25 16 13 15 13 8 13 27 13 20 453
  30 : 220 152 289 115 91 88 66 52 51 36 40 60 29 61 33 32 16 16 25 16 13 15 13 8 13 27 13 10 20 449
  31 : 220 152 289 115 91 88 66 52 51 36 40 60 29 61 33 32 16 16 25 16 13 15 13 8 13 27 13 10 12 21 460
  32 : 220 152 289 115 91 88 66 52 51 36 40 61 29 68 33 30 15 20 25 15 14 17 14 8 12 26 13 10 12 16 22 463
  33 : 220 152 289 115 91 88 66 52 51 36 40 61 29 68 33 30 15 20 25 15 14 17 14 8 12 26 13 10 12 16 14 20 465
  34 : 220 152 289 115 91 88 66 52 51 36 40 61 29 68 33 30 15 20 25 15 14 17 14 8 12 26 13 10 12 16 14 18 11 468
  35 : 220 152 289 115 91 88 66 52 51 36 40 61 29 68 33 30 15 20 25 15 14 17 14 8 12 26 13 10 12 16 14 18 8 15 460
  36 : 220 152 289 115 91 88 66 52 51 36 40 61 29 68 33 30 15 20 25 15 14 17 14 8 12 26 13 10 12 17 15 13 12 15 18 465
  37 : 220 152 289 115 91 88 66 52 51 36 40 61 29 68 33 30 15 20 25 15 14 17 14 8 12 26 13 10 12 17 15 13 12 14 16 26 457
  38 : 220 152 289 115 91 88 66 52 51 36 40 61 29 68 33 30 15 20 25 15 14 17 14 8 12 26 13 10 12 17 15 13 12 14 16 17 13 463
 ... : 220 152 289 115 91 88 66 52 51 36 40 61 29 68 33 30 15 20 24 18 17 21 23 10 18 24 18 13 18 17 21 16 18 16 20 19 15 478
  39 : 220 152 289 115 91 88 66 52 51 36 40 61 29 68 33 30 15 20 16 20 13 19 13 10 8 18 10 10 14 14 11 13 11 13 17 12 10 16 478
  40 : 220 152 289 115 91 88 66 52 51 36 40 61 29 68 33 30 15 20 16 20 13 19 13 10 8 18 10 10 14 14 11 13 11 13 17 12 10 10 17 473
  41 : 220 152 289 115 91 88 66 52 51 36 40 61 29 68 33 30 15 20 16 20 13 19 13 10 8 18 10 10 14 14 11 13 11 13 17 12 10 10 13 11 469
  42 : 220 152 289 115 91 88 66 52 51 36 40 61 29 68 33 30 15 20 16 20 13 19 13 10 8 18 10 10 14 14 11 13 11 13 17 12 10 10 13 12 18 462
  43 : 220 152 289 115 91 88 66 52 51 36 40 61 29 68 33 30 15 20 16 20 13 19 13 10 8 18 10 10 14 14 11 13 11 13 17 12 10 10 13 11 12 26 464
  44 : 220 152 289 115 91 88 66 52 51 36 40 61 29 68 33 30 15 20 16 20 13 19 13 10 8 18 10 10 14 14 11 13 11 13 17 12 10 11 14 9 12 20 25 459
  45 : 220 152 289 115 91 88 66 52 51 36 40 61 29 68 33 30 15 20 16 20 13 19 13 10 8 18 10 10 14 14 11 13 11 13 17 12 10 11 14 9 12 18 15 30 458
 ... : 220 152 289 115 91 88 66 52 51 36 40 61 29 68 33 30 15 20 16 20 13 19 13 10 8 18 10 10 14 15 17 23 21 14 17 15 13 10 14 10 12 18 17 44 474
  46 : 220 152 289 115 91 88 66 52 51 36 40 61 29 68 33 30 15 20 16 20 13 19 13 10 8 18 10 10 12 18 16 14 15 14 15 15 13 9 13 10 12 16 14 21 34 467
  47 : 220 152 289 115 91 88 66 52 51 36 40 61 29 68 33 30 15 20 16 20 13 19 13 10 8 18 10 10 12 18 16 14 15 14 15 15 13 9 13 10 12 16 14 20 20 26 496
  48 : 220 152 289 115 91 88 66 52 51 36 40 61 29 68 33 30 15 20 16 20 13 19 13 10 8 18 10 10 12 18 16 14 15 14 15 15 13 9 13 10 12 16 14 20 19 26 20 494
  49 : 220 152 289 115 91 88 66 52 51 36 40 61 29 68 33 30 15 20 16 20 13 19 13 10 8 18 10 10 12 18 16 14 15 14 15 15 13 9 13 10 12 16 14 20 19 25 17 37 477
  50 : 220 152 289 115 91 88 66 52 51 36 40 61 29 68 33 30 15 20 16 20 13 19 13 10 8 18 10 10 12 18 16 14 15 13 10 17 15 11 16 12 15 16 15 21 21 24 17 21 18 494
  51 : 220 152 289 115 91 88 66 52 51 36 40 61 29 68 33 30 15 20 16 20 13 19 13 10 8 18 10 10 12 18 16 14 15 13 10 17 15 11 16 12 15 16 15 21 21 24 17 21 14 12 497
  52 : 220 152 289 115 91 88 66 52 51 36 40 61 29 68 33 30 15 20 16 20 13 19 13 10 8 18 10 10 12 18 16 14 15 13 10 17 15 11 16 12 15 16 15 21 21 24 17 21 13 7 13 494
  53 : 220 152 289 115 91 88 66 52 51 36 40 61 29 68 33 30 15 20 16 20 13 19 13 10 8 18 10 10 12 18 16 14 15 13 10 17 15 11 16 12 15 16 15 21 21 24 17 21 13 7 13 19 488
  54 : 220 152 289 115 91 88 66 52 51 36 40 61 29 68 33 30 15 20 16 20 13 19 13 10 8 18 10 10 12 18 16 14 15 13 10 17 15 11 16 12 15 16 15 21 21 23 14 18 13 13 16 16 27 519
 ... : 220 152 289 115 91 88 66 52 51 36 40 61 29 68 33 30 15 20 16 20 13 19 13 10 8 18 10 10 12 18 16 14 16 14 13 25 14 14 16 12 16 15 17 25 23 25 15 18 14 14 14 16 20 537
  55 : 220 152 289 115 91 88 66 52 51 36 40 61 29 68 33 30 15 20 16 20 13 19 13 10 8 18 10 10 12 18 16 14 16 14 12 24 14 13 12 11 17 14 16 18 20 17 14 19 14 19 10 14 17 19 522
  56 : 220 152 289 115 91 88 66 52 51 36 40 61 29 68 33 30 15 20 16 20 13 19 13 10 8 18 10 10 12 18 16 14 16 14 12 24 14 13 12 11 17 14 16 18 20 17 14 19 14 19 10 14 14 11 15 524
  57 : 220 152 289 115 91 88 66 52 51 36 40 61 29 68 33 30 15 20 16 20 13 19 13 10 8 18 10 10 12 18 16 14 16 14 12 24 14 13 12 11 17 14 16 18 20 17 14 19 14 19 10 14 13 11 14 19 523
  58 : 220 152 289 115 91 88 66 52 51 36 40 61 29 68 33 30 15 20 16 20 13 19 13 10 8 18 10 10 12 18 16 14 16 14 12 24 14 13 12 11 17 14 16 18 20 17 14 19 14 19 10 14 13 11 14 14 13 524
  59 : 220 152 289 115 91 88 66 52 51 36 40 61 29 68 33 30 15 20 16 20 13 19 13 10 8 18 10 10 12 18 16 14 16 14 12 24 14 13 12 11 17 14 16 18 20 17 14 19 14 19 10 14 14 12 9 14 17 13 531
  60 : 220 152 289 115 91 88 66 52 51 36 40 61 29 68 33 30 15 20 16 20 13 19 13 10 8 18 10 10 12 18 16 14 16 14 12 24 14 13 12 11 17 14 16 18 20 17 14 19 14 19 10 14 14 12 9 14 17 9 12 525
  61 : 220 152 289 115 91 88 66 52 51 36 40 61 29 68 33 30 15 20 16 20 13 19 13 10 8 18 10 10 12 18 16 14 16 14 12 24 14 13 12 11 17 14 16 18 20 17 14 19 14 19 10 14 14 12 9 14 17 9 11 25 512
 ... : 220 152 289 115 91 88 66 52 51 36 40 63 35 72 35 30 15 20 16 20 13 19 13 10 8 18 11 13 12 18 16 14 16 14 12 24 14 13 12 11 17 14 16 18 20 17 14 19 15 19 10 14 14 12 8 16 18 9 11 24 530
tdecomp: completing cex trace with 2 initial steps
seqsimpl: completing cex trace with simulation
num_solve_calls = 406093
num_solve_sat_calls = 187888
num_solve_unsat_calls = 8529
num_solve_approx_calls = 296202
num_solve_approx_unsat_calls = 148726
num_solve_conflicts = 130738
num_solve_decisions = 53394475
num_solve_propagations = 564784540
avg_solve_conflicts = 1
avg_solve_decisions = 132
avg_solve_propagations = 1391
avg_solve_unsat_decisions = 3.002
stddev_solve_unsat_decisions = 32.714
num_added_cubes = 31623
num_subsumed_cubes = 28900
num_mic_down_calls = 27696
num_mic_down_good = 6314
num_added_ctgs = 2500
num_gc_frame = 410
num_reset = 35
num_try_blocking = 161879
get_bad_cube_time = 10.204
rec_block_cube_time = 88.436
propagate_forward_time = 34.384
generalize_model_time = 12.474
generalize_and_push_time = 51.622
ctg_time = 27.716
try_blocking_time = 103.374
reset_time = 2.223
clausify_time = 4.098
preprocess_time = 1.074
solve_time = 121.151
solve_sat_time = 103.196
solve_unsat_time = 17.954
prove_time = 136.238
memory_used_mb = 27
total_time = 136.522
Unsafe
