initialized model with 647 latches, 642 inputs and 1 properties
tsim: performed 5 steps
tsim: found cycle from 2
tsim: found 0 constants and 1 latch equivalences
seqsimpl: (647, 642) -> (392, 642)
checking bound 0
checking bound 1
checking bound 2
tdecomp: unrolling 2 cycles
tsim: performed 3 steps
tsim: found cycle from 0
tsim: found 2 constants and 0 latch equivalences
tdecomp: (392, 2568) -> (390, 1445)
 ... : 200
   2 : 162 74
 ... : 332 244
   3 : 234 182 168
   4 : 232 183 166 172
   5 : 232 166 268 102 257
   6 : 232 166 264 97 64 262
   7 : 232 166 264 95 84 48 304
   8 : 232 166 264 95 83 57 38 302
   9 : 232 166 263 94 85 58 39 46 313
  10 : 232 166 263 93 86 57 39 29 32 359
  11 : 232 166 263 93 86 57 39 29 27 40 342
  12 : 232 166 262 93 84 64 48 59 39 78 62 394
  13 : 232 166 262 94 95 81 73 77 50 83 60 39 440
  14 : 232 166 262 94 95 81 73 77 50 83 60 35 29 429
  15 : 232 166 262 94 95 81 73 77 50 83 60 35 40 31 444
  16 : 232 166 262 94 95 81 73 77 50 83 60 35 40 31 30 424
  17 : 232 166 262 94 94 81 73 77 50 83 60 35 40 31 31 18 466
  18 : 232 166 262 94 94 81 73 77 50 83 60 35 40 31 31 19 31 446
  19 : 232 166 262 94 94 81 73 77 50 91 66 55 51 44 34 18 19 18 474
  20 : 232 166 262 94 94 81 73 77 50 91 66 55 51 44 34 18 19 20 27 450
 ... : 232 166 262 94 94 81 73 78 54 96 75 87 73 79 60 46 31 33 48 484
  21 : 232 166 262 94 94 81 73 78 58 106 77 77 64 79 59 40 27 30 17 16 519
  22 : 232 166 262 94 94 81 73 78 58 106 77 77 64 79 59 40 27 30 17 17 25 501
  23 : 232 166 262 94 94 81 73 78 61 115 78 80 76 85 66 52 31 35 19 22 44 27 543
  24 : 232 166 262 94 94 81 73 78 61 115 78 80 76 85 66 52 31 35 19 22 44 20 44 519
  25 : 232 166 262 94 94 81 73 78 61 115 78 80 76 85 66 52 31 35 19 22 43 18 31 53 526
  26 : 232 166 262 94 94 81 73 78 61 115 78 80 76 85 66 52 31 35 19 22 43 18 31 28 33 529
  27 : 232 166 262 94 94 81 73 78 61 115 79 85 80 84 65 57 29 37 24 23 23 18 14 12 14 34 550
  28 : 232 166 262 94 94 81 73 78 61 115 79 85 80 84 65 57 29 37 24 23 23 18 14 12 14 13 13 565
  29 : 232 166 262 94 94 81 73 78 61 115 79 85 80 84 65 57 29 37 24 23 23 18 14 12 14 13 13 23 553
 ... : 232 166 262 94 94 81 73 78 61 115 82 88 92 93 67 61 38 54 34 28 27 33 16 15 16 13 20 39 590
  30 : 232 166 262 94 94 81 73 78 61 115 82 88 92 90 67 59 38 49 32 25 25 26 16 12 17 13 15 23 36 580
  31 : 232 166 262 94 94 81 73 78 61 115 82 88 92 90 67 59 38 49 32 25 25 26 16 12 17 13 15 23 16 14 605
  32 : 232 166 262 94 94 81 73 78 61 115 82 88 92 90 67 59 38 49 32 25 25 26 16 12 17 13 15 23 16 8 12 602
  33 : 232 166 262 94 94 81 73 78 61 115 82 88 92 90 67 59 38 49 32 25 25 26 16 12 17 13 15 23 16 8 9 17 601
  34 : 232 166 262 94 94 81 73 78 61 115 82 88 92 90 67 59 38 49 32 25 25 26 16 12 17 13 15 23 16 8 9 15 35 587
  35 : 232 166 262 94 94 81 73 78 61 115 82 88 92 90 67 59 38 49 32 29 23 27 16 10 15 14 14 20 18 9 9 14 14 12 615
  36 : 232 166 262 94 94 81 73 78 61 115 82 88 92 90 67 59 38 49 32 29 23 27 16 10 15 14 14 20 18 9 9 14 14 16 16 611
  37 : 232 166 262 94 94 81 73 78 61 115 82 88 92 90 67 59 38 49 34 29 22 30 29 23 12 12 10 13 16 7 11 13 14 13 24 26 650
  38 : 232 166 262 94 94 81 73 78 61 115 82 88 92 90 67 59 38 49 34 29 22 30 29 23 12 12 10 13 16 7 11 13 14 12 22 19 21 656
  39 : 232 166 262 94 94 81 73 78 61 115 82 88 92 90 67 59 38 49 34 29 22 30 29 23 12 12 10 13 16 7 11 13 14 12 22 17 19 15 652
  40 : 232 166 262 94 94 81 73 78 61 115 82 88 92 90 67 59 38 49 34 29 22 30 29 23 12 12 10 13 16 7 11 13 14 12 22 17 18 14 14 648
  41 : 232 166 262 94 94 81 73 78 61 115 82 88 92 90 67 59 38 49 34 29 22 30 29 23 12 12 10 13 16 7 11 13 14 12 22 17 18 13 14 31 632
  42 : 232 166 262 94 94 81 73 78 61 115 82 88 92 90 67 59 38 49 34 29 22 30 29 23 11 13 10 13 16 7 11 13 14 12 22 17 15 12 12 25 17 692
  43 : 232 166 262 94 94 81 73 78 61 115 82 88 92 90 67 59 38 49 34 29 22 30 29 23 11 13 10 13 16 7 11 13 14 9 22 16 16 15 9 26 15 17 697
  44 : 232 166 262 94 94 81 73 78 61 115 82 88 92 90 67 59 38 49 34 29 22 30 29 23 11 13 10 13 16 7 11 12 13 9 15 8 12 15 12 21 12 10 33 681
  45 : 232 166 262 94 94 81 73 78 61 115 82 88 92 90 67 59 38 49 34 29 22 30 29 23 11 13 10 13 16 7 11 12 13 9 15 8 12 15 12 21 12 10 16 22 679
  46 : 232 166 262 94 94 81 73 78 61 115 82 88 92 90 67 59 38 49 34 29 22 30 29 23 11 13 10 13 16 7 11 12 13 9 15 8 12 15 12 21 12 10 16 16 25 677
  47 : 232 166 262 94 94 81 73 78 61 115 82 88 92 90 67 59 38 49 34 29 22 30 29 23 11 13 10 13 16 7 11 12 13 9 15 8 12 15 12 21 12 10 16 12 28 26 696
  48 : 232 166 262 94 94 81 73 78 61 115 82 88 92 90 67 59 38 49 34 29 22 30 29 23 11 13 10 13 16 7 11 12 13 9 15 8 12 15 12 21 12 10 16 12 27 22 14 705
 ... : 232 166 262 94 94 81 73 78 61 115 82 88 92 90 67 59 38 50 35 30 22 30 29 23 11 13 12 14 17 8 13 13 13 11 17 11 13 15 12 21 14 11 16 13 27 22 19 720
 ... : 232 166 262 99 95 91 83 82 64 118 87 97 99 102 79 70 44 51 35 31 22 30 29 23 11 13 12 14 17 8 13 13 13 11 17 11 13 15 12 21 14 11 16 13 27 22 19 723
 ... : 232 166 262 99 95 91 83 84 66 120 87 100 100 102 77 68 43 54 36 32 21 32 32 24 13 13 13 15 17 9 14 14 14 10 16 10 16 12 11 11 12 10 17 13 27 23 20 723
  49 : 232 166 262 97 97 90 77 85 68 121 89 101 98 103 76 69 42 54 35 30 22 30 27 21 13 13 11 13 12 13 13 12 14 10 14 10 13 16 11 13 13 9 17 10 17 18 18 18 706
 ... : 232 166 262 103 104 95 77 85 71 126 90 101 98 103 76 69 42 54 35 30 22 30 27 21 12 15 11 13 12 13 13 12 14 10 16 13 14 18 11 13 14 11 19 13 19 19 25 22 729
  50 : 232 166 262 122 125 101 77 85 66 128 93 103 100 105 76 69 43 54 35 30 22 30 27 21 12 15 11 11 11 13 13 12 14 10 15 11 13 15 11 12 14 8 18 10 15 16 18 12 12 712
  51 : 232 166 262 122 125 101 77 85 66 128 93 103 100 105 76 69 43 54 35 30 22 30 27 21 12 15 11 11 11 13 13 12 14 10 15 11 13 15 11 12 14 8 18 10 15 16 18 12 8 18 698
  52 : 232 166 262 122 125 101 77 85 66 128 93 103 100 105 76 69 43 54 35 30 22 30 27 21 12 15 11 11 11 13 13 12 14 10 15 11 13 15 11 12 14 8 18 10 15 16 18 12 8 23 31 679
  53 : 232 166 262 122 125 101 77 85 66 128 93 103 100 105 76 69 43 54 35 30 22 30 27 21 12 15 11 11 11 13 13 12 14 10 15 11 13 15 11 12 14 8 18 10 15 16 18 12 8 25 27 16 710
 ... : 232 166 262 122 125 101 77 85 66 128 93 103 100 105 76 69 43 54 35 30 22 30 27 21 12 15 11 11 11 13 13 12 14 11 16 17 13 17 14 12 12 9 18 16 15 14 23 13 12 27 30 26 737
  54 : 232 166 262 122 125 112 79 89 67 121 96 111 102 110 77 69 43 54 35 30 22 30 27 21 10 19 13 12 12 16 14 17 15 11 14 15 11 16 11 8 14 7 15 12 9 12 18 13 7 27 23 16 23 738
  55 : 232 166 262 122 125 112 79 89 67 121 96 111 102 110 77 69 43 54 35 30 22 30 27 21 10 19 13 12 12 16 14 17 15 11 14 15 11 16 11 8 14 7 15 12 9 12 18 13 7 27 23 16 21 18 737
  56 : 232 166 262 122 125 112 79 89 67 121 96 111 102 110 77 69 43 54 35 30 22 30 27 21 10 19 13 12 12 16 14 17 15 11 14 15 11 16 11 8 14 7 15 12 9 12 18 13 7 27 23 16 21 15 17 733
  57 : 232 166 262 122 125 112 79 89 67 121 96 111 102 110 77 69 43 54 35 30 22 30 27 21 10 19 13 12 12 16 14 17 15 11 14 15 11 16 11 8 14 7 15 12 9 12 18 13 7 27 23 15 20 12 9 9 741
  58 : 232 166 262 122 125 112 79 89 67 121 96 111 102 110 77 69 43 54 35 30 22 30 27 21 10 19 13 12 12 16 14 17 15 11 14 15 11 16 11 8 14 7 15 12 9 12 18 13 7 27 23 15 20 12 9 8 8 735
  59 : 232 166 262 122 125 112 79 89 67 121 96 111 102 110 77 69 43 54 35 30 22 30 27 21 10 19 13 12 12 16 14 17 15 11 14 15 11 16 11 8 14 7 15 12 9 12 18 13 7 27 23 15 20 12 9 8 5 26 717
tdecomp: completing cex trace with 2 initial steps
seqsimpl: completing cex trace with simulation
num_solve_calls = 499523
num_solve_sat_calls = 227094
num_solve_unsat_calls = 12493
num_solve_approx_calls = 335839
num_solve_approx_unsat_calls = 166859
num_solve_conflicts = 158821
num_solve_decisions = 75565022
num_solve_propagations = 694367379
avg_solve_conflicts = 1
avg_solve_decisions = 152
avg_solve_propagations = 1391
avg_solve_unsat_decisions = 1.715
stddev_solve_unsat_decisions = 23.799
num_added_cubes = 39728
num_subsumed_cubes = 36258
num_mic_down_calls = 41743
num_mic_down_good = 9742
num_added_ctgs = 3548
num_gc_frame = 449
num_reset = 45
num_try_blocking = 207618
get_bad_cube_time = 9.775
rec_block_cube_time = 111.084
propagate_forward_time = 40.903
generalize_model_time = 16.718
generalize_and_push_time = 73.015
ctg_time = 39.595
try_blocking_time = 127.558
reset_time = 2.903
clausify_time = 4.249
preprocess_time = 1.436
solve_time = 146.004
solve_sat_time = 122.923
solve_unsat_time = 23.080
prove_time = 164.795
memory_used_mb = 26
total_time = 165.080
Unsafe
