initialized model with 165 latches, 148 inputs and 1 properties
tsim: reached all X state
tsim: performed 4 steps
checking bound 0
checking bound 1
checking bound 2
tdecomp: unrolling 2 cycles
tsim: reached all X state
tsim: performed 3 steps
tdecomp: no improvement found, reverting original model
   2 : 2 8
   3 : 4 4 14
   4 : 4 4 4 10
   5 : 4 4 4 2 8
   6 : 4 4 4 2 3 19
   7 : 4 4 4 2 3 3 16
   8 : 3 3 3 2 2 3 3 23
 ... : 8 13 15 12 12 8 11 29
 ... : 8 14 13 13 14 16 21 39
   9 : 8 14 9 13 13 12 13 10 45
  10 : 8 14 9 13 13 12 13 10 4 42
  11 : 8 14 9 13 13 12 13 10 4 5 37
  12 : 8 14 10 15 16 14 14 11 5 6 9 36
  13 : 8 14 10 15 16 15 16 12 4 6 4 5 45
  14 : 8 14 10 15 16 15 16 12 4 6 4 5 4 41
  15 : 8 14 10 15 16 15 16 12 4 6 4 5 4 4 37
  16 : 8 14 10 15 16 15 16 12 4 6 4 5 4 4 4 33
  17 : 8 14 10 15 16 15 16 12 4 6 4 5 4 4 4 5 28
  18 : 8 14 10 15 16 15 16 12 4 6 4 5 4 5 7 11 9 30
  19 : 8 14 10 15 16 15 16 12 4 6 4 5 4 5 7 11 9 7 24
 ... : 8 14 10 15 16 15 15 10 6 13 22 27 24 13 10 11 11 8 28
 ... : 8 14 10 15 16 15 15 10 9 22 31 31 39 36 35 21 12 8 29
 ... : 8 14 10 15 16 15 15 10 11 27 36 48 51 43 58 63 27 9 29
 ... : 8 14 10 15 16 15 15 13 13 25 42 54 56 55 75 93 31 9 37
 ... : 8 14 10 15 16 15 15 13 13 24 37 47 51 51 73 128 45 11 41
 ... : 8 14 10 15 16 15 15 13 13 24 36 48 56 55 84 143 58 15 42
  20 : 8 14 10 15 16 15 15 13 12 21 29 41 47 49 47 116 65 39 16 85
  21 : 8 14 10 15 16 15 15 13 12 21 29 41 47 49 47 116 65 39 16 23 68
  22 : 8 14 10 15 16 15 15 13 12 21 29 41 47 49 47 116 65 39 16 23 25 43
  23 : 8 14 10 15 16 15 15 13 12 21 29 41 47 49 47 116 65 39 16 23 27 21 25
  24 : 8 14 10 15 16 15 15 13 12 21 29 41 47 49 47 116 65 39 16 24 28 20 14 17
 ... : 8 14 10 15 16 15 15 13 12 21 29 41 47 49 47 116 65 39 31 42 41 42 37 24
 ... : 8 14 10 15 16 15 15 16 12 22 30 41 46 54 49 125 67 38 34 40 38 37 58 49
 ... : 8 14 10 15 16 15 16 17 17 26 38 53 54 60 59 131 79 39 34 40 38 37 58 49
 ... : 8 14 10 15 16 15 16 17 17 26 38 53 54 65 72 159 130 67 35 40 38 37 58 49
 ... : 8 14 10 15 16 15 16 17 17 26 38 53 54 65 76 167 144 76 58 66 42 38 58 49
 ... : 8 14 10 15 16 15 16 17 17 26 38 53 54 65 76 167 140 68 49 42 46 52 90 69
  25 : 8 14 10 15 16 15 16 17 17 26 36 54 49 64 71 149 135 57 39 23 19 25 40 19 180
  26 : 8 14 10 15 16 15 16 17 17 26 36 54 49 64 71 149 135 57 39 23 19 25 40 19 17 166
  27 : 8 14 10 15 16 15 16 17 17 26 36 54 49 64 71 149 135 57 39 23 19 25 40 19 17 27 139
  28 : 8 14 10 15 16 15 16 17 17 26 36 54 49 64 71 149 135 57 39 23 19 25 40 19 17 27 23 116
  29 : 8 14 10 15 16 15 16 17 17 26 36 54 49 64 71 149 135 57 39 23 19 25 40 19 17 27 23 24 93
  30 : 8 14 10 15 16 15 16 17 17 26 36 54 49 64 71 149 135 57 39 23 19 25 40 19 17 28 23 23 33 66
  31 : 8 14 10 15 16 15 16 17 17 26 36 54 49 64 71 149 135 57 39 23 19 25 40 19 17 28 23 23 33 22 44
  32 : 8 14 10 15 16 15 16 17 17 26 36 54 49 64 71 149 135 57 39 23 19 25 40 19 17 28 23 23 33 22 15 29
 ... : 8 14 10 15 16 15 16 17 17 26 36 54 49 64 71 149 135 60 40 28 24 27 41 28 36 54 43 36 37 28 16 29
 ... : 8 14 10 15 16 15 18 23 30 47 46 57 56 81 81 149 135 60 40 28 24 27 41 28 36 54 43 36 37 28 16 29
 ... : 8 15 11 16 20 26 36 39 47 51 46 57 56 81 81 149 135 60 40 28 24 27 41 28 36 54 43 36 37 28 16 29
 ... : 8 16 14 17 21 26 33 39 64 58 46 57 56 81 81 149 135 60 40 28 24 27 41 28 36 54 43 36 37 28 16 29
 ... : 8 17 16 18 22 27 34 37 70 82 60 57 56 81 81 149 135 60 40 28 24 27 41 28 36 54 43 36 37 28 16 29
 ... : 8 17 17 19 23 28 37 40 73 92 77 60 57 81 81 149 135 60 40 28 24 27 41 28 36 54 43 36 37 28 16 29
 ... : 8 17 18 20 23 27 35 41 76 110 102 72 57 81 81 149 135 60 40 28 24 27 41 28 36 54 43 36 37 28 16 30
 ... : 8 17 18 20 23 24 28 36 64 102 97 100 89 82 82 150 135 60 40 28 24 27 41 28 36 54 43 36 37 28 16 30
 ... : 8 17 18 19 21 20 23 30 53 80 76 79 72 91 94 154 135 60 40 28 24 27 41 28 36 54 43 36 37 28 16 30
 ... : 8 17 18 19 21 20 23 30 53 80 76 79 73 99 120 218 161 60 40 28 24 27 41 28 36 54 43 36 37 28 16 30
 ... : 8 17 18 19 21 20 23 30 53 80 76 81 80 120 136 251 190 60 40 28 24 27 41 28 36 54 43 36 37 28 16 30
 ... : 8 17 18 19 21 20 21 28 46 68 66 81 92 120 140 245 198 68 40 28 24 27 41 28 36 54 43 36 37 28 16 30
 ... : 8 17 18 19 21 20 21 28 44 61 70 78 92 138 175 258 198 70 40 28 24 27 41 28 36 54 43 36 37 28 16 30
 ... : 8 17 18 19 21 20 21 28 44 61 69 78 91 131 165 311 253 94 41 29 24 27 41 28 36 54 43 36 37 28 16 30
 ... : 8 17 18 19 21 20 21 28 43 61 66 73 89 132 170 332 259 110 50 31 24 27 41 28 36 54 43 36 37 28 16 30
 ... : 8 17 18 19 21 20 21 28 43 61 66 72 87 128 168 335 294 155 62 31 24 27 41 28 36 54 43 36 37 28 16 30
 ... : 8 17 18 19 21 20 21 28 43 61 66 72 87 128 168 355 346 202 83 33 24 27 41 28 36 54 43 36 37 28 16 30
 ... : 8 17 18 19 21 20 21 27 43 61 70 75 88 139 175 348 332 203 87 35 24 27 41 28 36 54 43 36 37 28 16 30
 ... : 8 17 18 19 21 20 21 27 43 61 70 75 88 139 178 348 364 237 103 35 24 27 41 28 36 54 43 36 37 28 16 30
 ... : 8 17 18 19 21 20 21 27 43 61 70 75 88 141 177 361 388 252 113 42 24 27 41 28 36 54 43 36 37 28 16 30
 ... : 8 17 18 19 21 20 21 27 43 61 70 75 88 141 177 362 403 292 169 42 24 27 41 28 36 54 43 36 37 28 16 30
 ... : 8 17 18 19 21 20 21 27 43 60 69 76 90 141 170 358 408 311 213 50 24 27 41 28 36 54 43 36 37 28 16 30
 ... : 8 17 18 19 21 20 21 27 43 60 69 76 89 141 170 361 413 352 259 85 24 27 41 28 36 54 43 36 37 28 16 30
 ... : 8 17 18 19 21 20 21 27 43 60 69 76 89 141 170 362 416 374 318 123 24 27 41 28 36 54 43 36 37 28 16 31
 ... : 8 17 18 19 21 20 21 27 43 60 69 76 89 141 170 362 415 375 369 192 24 27 41 28 36 54 43 36 37 28 16 31
 ... : 8 17 18 19 21 20 21 27 43 60 69 76 89 141 170 362 411 371 372 288 44 27 41 28 36 54 43 36 37 28 16 31
 ... : 8 17 18 19 21 20 21 26 41 56 64 76 91 146 178 352 408 381 381 369 84 27 41 28 36 54 43 36 37 28 16 31
 ... : 8 17 18 19 21 20 21 25 41 56 62 69 78 121 158 322 370 321 358 370 115 29 41 28 36 54 43 36 37 28 16 31
 ... : 8 17 18 19 21 20 21 25 41 56 62 69 77 119 153 314 365 311 347 375 159 46 41 28 36 54 43 36 37 28 16 31
 ... : 8 17 18 19 21 20 21 25 41 56 60 67 76 114 148 300 342 294 320 346 163 79 54 28 36 54 43 36 37 28 16 31
 ... : 8 17 18 19 21 20 21 25 40 55 60 67 75 110 138 287 335 293 343 412 184 96 79 29 36 54 43 36 37 28 16 31
 ... : 8 17 18 19 21 20 21 25 40 55 60 67 75 109 137 280 319 291 328 372 183 105 105 32 36 54 43 36 37 28 16 31
 ... : 8 17 18 19 21 20 21 25 39 53 59 67 72 107 136 266 301 288 325 365 174 110 135 65 39 54 43 36 37 28 16 31
 ... : 8 17 18 19 21 20 21 25 39 53 59 67 72 107 136 266 301 291 334 371 183 109 138 100 49 55 43 36 37 28 16 31
 ... : 8 17 18 19 21 20 21 25 39 53 58 67 72 107 136 266 301 289 321 380 202 141 163 113 49 55 43 36 37 28 16 31
 ... : 8 17 18 19 21 20 21 25 39 53 58 67 72 107 136 266 301 289 320 379 200 143 172 158 96 55 43 36 37 28 16 31
 ... : 8 17 18 19 21 20 21 25 39 53 58 67 72 107 136 266 295 287 318 378 200 145 159 159 137 69 48 36 37 28 16 31
 ... : 8 17 18 19 21 20 21 25 39 53 58 67 72 107 136 266 294 285 305 377 226 175 183 180 137 69 48 36 37 28 16 31
 ... : 8 17 18 19 21 20 21 25 39 53 58 67 72 107 136 266 294 285 305 377 226 172 184 199 209 121 48 36 37 28 16 31
 ... : 8 17 18 19 21 20 21 25 39 53 58 67 72 106 135 262 283 264 268 304 193 167 178 180 213 125 48 36 37 28 16 31
 ... : 8 17 18 19 21 20 21 25 39 53 58 67 72 106 135 262 283 263 267 301 190 164 168 154 183 209 79 36 37 28 16 31
 ... : 8 17 18 19 21 20 21 25 39 53 58 67 72 106 135 262 283 263 266 296 186 162 164 157 168 213 154 38 37 28 16 31
 ... : 8 17 18 19 21 20 21 25 39 53 58 67 72 106 135 262 283 263 266 295 187 166 165 162 170 218 187 66 37 28 16 31
 ... : 8 17 18 19 21 20 21 25 39 53 58 66 75 113 144 267 284 267 262 291 188 167 164 160 171 215 196 71 39 28 16 31
 ... : 8 17 18 19 21 20 21 25 39 53 58 66 75 113 144 267 283 264 263 294 192 170 172 159 163 198 201 77 39 28 16 33
 ... : 8 17 18 19 21 20 21 25 39 53 58 66 77 114 144 267 284 265 264 282 193 171 173 158 163 196 205 84 39 28 16 33
 ... : 8 17 18 19 21 20 21 25 39 53 58 66 77 114 142 265 284 265 256 264 178 163 181 159 149 184 207 86 39 28 16 33
 ... : 8 17 18 19 21 20 21 25 39 53 58 66 77 114 142 265 284 265 254 260 172 159 177 180 192 207 211 94 39 28 16 33
 ... : 8 17 18 19 21 20 21 25 39 53 58 66 77 114 142 265 284 264 253 258 172 158 178 217 247 283 272 104 39 28 16 33
 ... : 8 17 18 19 21 20 21 25 39 53 58 66 77 114 142 265 283 264 248 254 172 158 181 228 262 305 281 108 39 29 16 33
 ... : 8 17 18 19 21 20 21 25 39 53 58 66 77 114 142 265 283 264 248 252 165 154 178 233 251 283 294 138 39 29 16 33
 ... : 8 17 18 19 21 20 21 25 39 53 58 66 77 114 142 265 283 264 248 252 165 154 178 233 254 290 362 200 39 29 16 33
 ... : 8 17 18 19 21 20 21 25 39 53 58 66 77 114 142 265 283 264 248 252 162 154 178 231 254 295 383 271 51 29 16 33
 ... : 8 17 18 19 21 20 21 25 39 53 58 66 77 114 142 265 283 264 247 246 162 153 176 228 251 292 385 366 129 29 16 33
 ... : 8 17 18 19 21 20 21 25 39 53 58 66 77 114 142 265 283 264 247 246 162 153 175 227 249 286 367 401 233 29 16 33
 ... : 8 17 18 19 21 20 21 25 39 53 58 66 77 114 142 265 283 264 247 246 162 153 175 224 245 278 367 424 306 39 18 33
 ... : 8 17 18 19 21 20 21 25 39 53 58 66 77 114 142 265 280 261 248 245 165 161 193 242 252 279 364 422 416 82 18 33
 ... : 8 17 18 19 21 20 21 24 39 50 61 86 102 128 149 267 280 261 248 245 165 161 193 242 252 279 364 422 416 82 18 34
 ... : 8 17 18 19 21 19 20 23 37 48 58 81 92 123 152 270 288 270 250 245 165 161 193 242 252 279 364 422 416 82 18 34
 ... : 8 17 18 19 21 19 20 23 36 46 57 84 94 130 158 278 295 275 254 247 166 161 193 242 252 279 364 422 416 82 18 34
 ... : 8 17 18 19 21 19 20 22 34 45 57 81 92 122 150 281 305 293 283 259 169 161 193 242 252 279 364 422 416 82 18 34
 ... : 8 17 18 19 21 19 20 22 34 45 57 81 92 122 150 283 306 294 286 283 215 171 194 242 252 279 364 422 416 82 18 34
 ... : 8 17 18 19 21 19 20 22 34 45 57 81 92 122 150 283 306 294 288 278 207 197 237 242 252 279 364 422 416 82 18 34
 ... : 8 17 18 19 21 19 20 22 34 45 57 81 92 122 150 283 306 292 286 274 200 186 244 298 265 280 364 422 416 82 18 34
 ... : 8 17 18 19 21 19 20 22 34 45 57 81 92 122 151 283 305 293 283 271 195 186 239 307 270 280 364 422 416 82 18 34
 ... : 8 17 18 19 21 19 20 22 34 45 57 81 92 122 151 283 305 293 282 267 191 181 224 290 327 320 366 422 416 82 18 34
 ... : 8 17 18 19 21 19 20 22 34 45 57 81 92 122 151 283 305 292 280 268 194 181 222 279 306 320 395 444 417 82 18 34
 ... : 8 17 18 19 21 19 20 22 34 45 57 81 92 122 151 283 305 291 280 267 192 181 221 274 301 313 390 460 466 105 18 34
 ... : 8 17 18 19 21 19 20 22 34 45 57 81 92 122 151 283 305 291 280 267 192 181 221 273 300 309 387 472 542 157 18 34
 ... : 8 17 18 19 21 19 20 22 34 45 57 81 92 122 151 283 305 291 280 267 192 181 219 272 300 309 392 501 660 223 18 34
 ... : 8 17 18 19 21 19 20 22 34 45 57 81 92 122 151 283 305 291 280 267 192 181 219 272 300 307 395 501 742 318 18 34
 ... : 8 17 18 19 21 19 20 22 34 45 57 81 92 122 151 283 305 291 280 266 192 180 216 271 300 304 389 502 802 374 31 34
 ... : 8 17 18 19 21 19 20 22 34 45 57 81 92 122 151 283 305 291 280 266 192 180 215 269 295 296 359 470 774 411 83 37
 ... : 8 17 18 19 21 19 20 22 34 45 57 81 92 122 151 283 305 291 279 266 190 175 215 267 291 293 352 464 784 479 123 37
 ... : 8 17 18 19 21 19 20 22 34 45 57 81 92 122 151 283 305 291 279 266 190 175 214 272 292 293 361 485 831 497 126 37
 ... : 8 17 18 19 21 19 20 22 34 45 57 81 92 122 151 283 305 291 279 266 190 175 214 285 316 322 380 482 834 519 128 37
 ... : 8 17 18 19 21 19 20 22 34 45 57 81 92 122 151 283 305 291 279 266 190 175 214 282 311 330 406 499 839 519 128 37
 ... : 8 17 18 19 21 19 20 22 34 45 57 81 92 122 151 283 305 291 279 266 190 175 214 282 311 323 411 504 864 531 128 37
 ... : 8 17 18 19 21 19 20 22 34 45 57 81 92 122 151 283 305 291 279 266 190 174 213 277 300 313 391 455 773 552 159 37
 ... : 8 17 18 19 21 19 20 22 34 45 57 81 92 125 152 283 305 287 273 268 193 178 217 276 300 321 382 442 764 570 187 37
 ... : 8 17 18 19 21 19 20 22 34 44 56 77 93 130 156 287 312 297 284 282 203 179 217 276 300 321 382 442 764 570 187 37
 ... : 8 17 18 19 21 19 20 22 34 44 56 77 93 130 157 287 314 297 286 284 207 197 249 284 300 321 382 442 764 570 187 37
 ... : 8 17 18 19 21 19 20 22 34 44 56 77 93 130 156 287 314 297 290 285 209 195 240 310 331 327 382 442 764 570 187 37
 ... : 8 17 18 19 21 19 20 22 34 44 56 77 93 130 156 287 314 297 289 285 207 191 240 297 336 414 431 444 763 570 187 40
 ... : 8 17 18 19 21 19 20 22 34 44 56 77 93 130 156 287 314 297 289 285 207 188 240 297 335 411 488 519 764 570 187 40
 ... : 8 17 18 19 21 19 20 22 34 44 56 77 93 130 156 287 314 296 288 284 207 186 236 296 332 411 482 549 811 573 189 40
 ... : 8 17 18 19 21 19 20 22 34 44 56 77 93 130 156 287 311 295 284 282 208 187 238 282 318 407 477 547 850 576 191 50
 ... : 8 17 18 19 21 19 20 22 34 44 56 77 93 130 156 287 311 295 283 280 206 187 242 293 327 422 492 564 857 578 191 50
 ... : 8 17 18 19 21 19 20 22 34 44 56 77 93 130 156 287 311 295 283 279 203 186 241 289 324 409 474 543 854 600 194 51
 ... : 8 17 18 19 21 19 20 22 34 44 56 77 93 130 156 287 311 295 283 279 203 186 241 289 323 400 460 528 916 686 197 51
 ... : 8 17 18 19 21 19 20 22 34 44 56 77 93 130 156 287 311 295 283 278 202 186 239 289 320 391 454 513 884 760 235 53
 ... : 8 17 18 19 21 19 20 22 34 44 56 77 93 130 156 287 311 295 283 278 202 186 239 289 320 386 450 507 871 800 315 57
 ... : 8 17 18 19 21 19 20 22 34 44 56 77 93 130 156 287 311 295 283 278 202 186 238 289 319 385 452 509 882 837 376 58
 ... : 8 17 18 19 21 19 20 22 34 44 56 77 93 130 156 287 311 295 283 278 202 186 238 289 319 381 447 498 849 822 451 58
 ... : 8 17 18 19 21 19 20 22 34 44 56 77 93 130 156 287 311 295 283 278 202 186 237 289 318 381 446 495 845 812 463 59
 ... : 8 17 18 19 21 19 20 22 34 44 56 77 93 130 156 287 311 295 283 278 202 186 237 288 315 377 448 497 832 809 482 72
 ... : 8 17 18 19 21 19 20 22 34 44 56 77 93 130 156 287 311 295 283 278 202 186 236 286 311 375 444 485 809 784 531 143
 ... : 8 17 18 19 21 19 20 22 34 44 56 77 93 130 156 287 311 295 283 278 202 186 236 286 311 374 437 467 760 735 566 211
 ... : 8 17 18 19 21 19 20 22 34 44 56 77 93 130 156 287 311 295 283 278 202 186 236 286 311 373 434 455 745 703 603 271
 ... : 8 17 18 19 21 19 20 22 34 44 56 77 93 130 156 287 311 295 283 278 202 186 236 286 311 373 434 454 735 691 651 332
 ... : 8 17 18 19 21 19 20 22 34 44 56 77 93 130 156 287 311 295 283 277 202 186 236 285 309 366 422 437 708 679 642 423
num_solve_calls = 717118
num_solve_sat_calls = 259746
num_solve_unsat_calls = 34429
num_solve_approx_calls = 170438
num_solve_approx_unsat_calls = 56489
num_solve_conflicts = 188736
num_solve_decisions = 41552980
num_solve_propagations = 166513266
avg_solve_conflicts = 1
avg_solve_decisions = 58
avg_solve_propagations = 233
avg_solve_unsat_decisions = 0.928
stddev_solve_unsat_decisions = 1.433
num_added_cubes = 19878
num_subsumed_cubes = 12782
num_mic_down_calls = 114619
num_mic_down_good = 22918
num_added_ctgs = 6104
num_gc_frame = 186
num_reset = 96
num_try_blocking = 289416
get_bad_cube_time = 0.056
rec_block_cube_time = 55.991
propagate_forward_time = 1.460
generalize_model_time = 10.221
generalize_and_push_time = 46.087
ctg_time = 20.298
try_blocking_time = 50.361
reset_time = 2.568
clausify_time = 0.656
preprocess_time = 2.005
solve_time = 44.282
solve_sat_time = 33.296
solve_unsat_time = 10.986
prove_time = 57.711
memory_used_mb = 27
total_time = 57.754
Unsafe
