1
b0
00000000000000000000000000000000000000000000000000000000000000000000000000000000000000000000000000000000000000000000000000000000000000000000000000000000000000000000000000000000000000000000000000000000000000000000000000000000000000000000000000000
1000000000000000000000000000000000000000000000000000000000000000000000000000000000000000000000000000000000001000101111011111100011000000000000000000000001000000000000111111101101100111000111000000010000111101001101111001
0110000000000000000000000000000000000000000000000000000000000000000000000000000000000000000000000000000000000000101111011111100011000000000000000000000001000000000000111111101101100111000111000000010000111101001101111001
0110000000000000000000000000000000000000000000000000000000000000000000000000000000000000000000000000000000000000101111011111100011000000000000000000000001000000000000111111101101100111000111000000010000111101001101111001
0110000000000000000000000000000000000000000000000000000000000000000000000000000000000000000000000000000000000000101111011111100011000000000000000000000001000000000000111111101101100111000111000000010000001101001101111001
0110000000000000000000000000000000000000000000000000000000000000000000000000000000000000000000000000000000000000101111011111100011000000000000000000000001000000000000111111101101100111000111000000010000001101001101111001
0110000000000000000000000000000000000000000000000000000000000000000000000000000000000000000000000000000000000000101111011111100011000000000000000000000001000000000000111111101101100111000111000000010000001001001101111001
0110000000000000000000000000000000000000000000000000000000000000000000000000000000000000000000000000000000000000101111011111100011000000000000000000000001000000000000111111101101100111000111000000010000001001001101111001
1000000000000000000000000000000000000000000000000000000000000000000000000000000000000000000000000000000000000000101111011111100011000000000000000000000001000000000000011111101101100111000111000000010000001000001101111001
1000000000000000000000000000000000000000000000000000000000000000000000000000000000000000000000000000000000000000101111011111100011000000000000000000000001000000000000011111101101100111000111000000010000001000001101101001
1011000000000000000000000000000000000000000000000000000000000000000000000000000000000000000000000000000000000000101111011111100011000000000000000000000001000000000000011111101101100111000111000000010000001000001101101001
1000000000000000000000000000000000000000000000000000000000000000000000000000000000000000000000000000000000000000101111011111100011000000000000000000000001000000000000011111101101100111000111000000010000001000001101111001
1011000000000000000000000000000000000000000000000000000000000000000000000000000000000000000000000000000000000000101111011111100011000000000000000000000001000000000000011111101101100111000111000000010000001000001101111001
1000000000000000000000000000000000000000000000000000000000000000000000000000000000000000000000000000000000000000100111011111100011000000000000000000000001000000000000011111101101100111000111000000010000001000001101111001
1011000000000000000000000000000000000000000000000000000000000000000000000000000000000000000000000000000000000000100111011111100011000000000000000000000001000000000000011111101101100111000111000000010000001000001101111001
1011000000000000000000000000000000000000000000000000000000000000000000000000000000000000000000000000000000000000100111011111100011000000000000000000000001000000000000011111101101100111000111000000010000001000001101111001
1011000000000000000000000000000000000000000000000000000000000000000000000000000000000000000000000000000000000000100011011111100011000000000000000000000001000000000000001111101101100111000111000000010000001000001101111001
1011000000000000000000000000000000000000000000000000000000000000000000000000000000000000000000000000000000000000100011011111100011000000000000000000000001000000000000001111101101100111000111000000010000001000001101111001
1011000000000000000000000000000000000000000000000000000000000000000000000000000000000000000000000000000000000000100011011111100011000000000000000000000001000000000000001111101101100111000111000000010000001000001101111001
1011000000000000000000000000000000000000000000000000000000000000000000000000000000000000000000000000000000000000100011011111100011000000000000000000000001000000000000001111101101100111000111000000010000001000001101111001
1011000000000000000000000000000000000000000000000000000000000000000000000000000000000000000000000000000000000000100011011111100011000000000000000000000001000000000000001111101101100111000111000000010000001000001101111001
1011000000000000000000000000000000000000000000000000000000000000000000000000000000000000000000000000000000000000100011011111100011000000000000000000000001000000000000001111101101100111000111000000010000001000001101111001
1011000000000000000000000000000000000000000000000000000000000000000000000000000000000000000000000000000000000000100011011110100111000000000000000000000001000000000000001111101101100111000111000000010000001000001101111001
1011000000000000000000000000000000000000000000000000000000000000000000000000000000000000000000000000000000000000101110010010101111000000000000000000000001000000000000001111101101100111000111000000010000001000001101111001
1011000000000000000000000000000000000000000000000000000000000000000000000000000000000000000000000000000000000000101110010010101111000000000000000000000001000000000000001111101101100111000111000000010000001000001101111001
1011000000000000000000000000000000000000000000000000000000000000000000000000000000000000000000000000000000000000101110010010101111000000000000000000000001000000000000001111101101100111000111000000010000001000001101111001
1011000000000000000000000000000000000000000000000000000000000000000000000000000000000000000000000000000000000000101110010010101111000000000000000000000001000000000000001111101101100111000111000000010000001000001101111001
0110000000000000000000000000000000000000000000000000000000000000000000000000000000000000000000000000000000000000101110010010100111000000000000000000000001000000000000001111101101100111000111000000010000001000001101111001
0110000000000000000000000000000000000000000000000000000000000000000000000000000000000000000000000000000000000000101110010010100111000000000000000000000001000000000000001111101101100111000111000000010000001000001101111001
0110000000000000000000000000000000000000000000000000000000000000000000000000000000000000000000000000000000000000101110010010100111000000000000000000000001000000000000001111101101100111000111000000010000001000001101111001
0110000000000000000000000000000000000000000000000000000000000000000000000000000000000000000000000000000000000000101110010010100111000000000000000000000001000000000000001111101101100111000111000000010000001000001101111001
1011000000000000000000000000000000000000000000000000000000000000000000000000000000000000000000000000000000000000101110010010100111000000000000000000000001000000000000001111101101100111000111000000010000001000001101111001
1000000000000000000000000000000000000000000000000000000000000000000000000000000000000000000000000000000000000000101110010010100111000000000000000000000001000000000000001111101101100111000111000000010000001000001101111001
1000000000000000000000000000000000000000000000000000000000000000000000000000000000000000000000000000000000000000001101010000100111000000000000000000000001000000000000001111101101100111000111000000010000000000001101111001
1000000000000000000000000000000000000000000000000000000000000000000000000000000000000000000000000000000000000000001101010000100111000000000000000000000001000000000000001111101100100111000111000000010000000000001101111001
1000000000000000000000000000000000000000000000000000000000000000000000000000000000000000000000000000000000000000001101010000100111000000000000000000000001000000000000001111101100100111000111000000010000000000001101111001
1011000000000000000000000000000000000000000000000000000000000000000000000000000000000000000000000000000000000000001101010000100111000000000000000000000001000000000000001111101100100111000111000000010000000000001101111001
1000000000000000000000000000000000000000000000000000000000000000000000000000000000000000000000000000000000000000001111010000100111000000000000000000000001000000000000001111101100100111000111000000010000000000001101111001
1011000000000000000000000000000000000000000000000000000000000000000000000000000000000000000000000000000000000000101111010000101010000000000000000000000001000000000000000111101001000111000111000000010000000000001101111001
1011000000000000000000000000000000000000000000000000000000000000000000000000000000000000000000000000000000000000001111000000101010000000000000000000000001000000000000000111101000000111000111000000010000000000001101111001
0110000000000000000000000000000000000000000000000000000000000000000000000000000000000000000000000000000000000000001110011010101011000000000000000000000001000000000000001111101001000111000111000000010000000000001101111001
1000000000000000000000000000000000000000000000000000000000000000000000000000000000000000000000000000000000000000101111000010101010000000000000000000000001000000000000000111101001000111000111000000010000001001001001111001
0110000000000000000000000000000000000000000000000000000000000000000000000000000000000000000000000000000000000000101101011000101010000000000000000000000000000100010000100101101011100010000111000000010000000101000000110001
1011000000000000000000000000000000000000000000000000000000000000000000000000000000000000000000000000000000000000001100010000101001000000000000000000000000000100010000100101101111100010000111000000010000000101001000110000
1000000000000000000000000000000000000000000000000000000000000000000000000000000000000000000000000000000000000000001100010000101001000000000000000000000000000100010000101101101011100010000111000000010000000101001100110000
1000000000000000000000000000000000000000000000000000000000000000000000000000000000000000000000000000000000000000001111111000101001000000000000000000000000000100010000100101100011000010000111000000010000000101001100110000
0111000000000000000000000000000000000000000000000000000000000000000000000000000000000000000000000000000000000000001111111000101001000000000000000000000000000000010000101101101000100010000111000000010000001101001100110000
1011000000000000000000000000000000000000000000000000000000000000000000000000000000000000000000000000000000000000001111111000101001000000000000000000000000000000010000100101101000100010001111000000010000001101001100110000
1000000000000000000000000000000000000000000000000000000000000000000000000000000000000000000000000000000000000000001110111000101001000000000000000000000000000000010000101101101000100010001011000000000000000101001000110000
1011000000000000000000000000000000000000000000000000000000000000000000000000000000000000000000000000000000000000001111111010101000000000000000000000000000000000000000100001001100100010000100000000000000000101001100100000
1000000000000000000000000000000000000000000000000000000000000000000000000000000000000000000000000000000000000000001100111010101000000000000000000000000000000000000000100101101100100010000100000000000000000101001000100000
0111000000000000000000000000000000000000000000000000000000000000000000000000000000000000000000000000000000000000001010110010101001000000000000000000000101101010101000111000110000001101000001000100010000000000001100100000
0111000000000000000000000000000000000000000000000000000000000000000000000000000000000000000000000000000000000000001010110010101001000000000000000000000101101010101000111000110010001111000001000100010000001000001100100000
1011000000000000000000000000000000000000000000000000000000000000000000000000000000000000000000000000000000000000001010110010101001000000000000000000000101101010101000111100110010001111000000000100010000000000001100100000
1011000000000000000000000000000000000000000000000000000000000000000000000000000000000000000000000000000000000000001010110010101001000000000000000000000101101010101000011100110010001111000000000100010000000000001100000000
1000000000000000000000000000000000000000000000000000000000000000000000000000000000000000000000000000000000000000001010110010101001000000000000000000000101101010101000111000110000001111000000000100010000000000001000000000
0110000000000000000000000000000000000000000000000000000000000000000000000000000000000000000000000000000000000000001010110010101001000000000000000000000101101010101000111100110010101101000000000100010000000000001000110000
0110000000000000000000000000000000000000000000000000000000000000000000000000000000000000000000000000000000000000001100110010101101000111000111111111000000111111111111000100111011011110001000001011101111111100101111100111
0110000000000000000000000000000000000000000000000000000000000000000000000000000000000000000000000000000000000000001100110010101101000111000111111111000000111111111111000100111011011111001000001011101111111100101111100111
0110000xx00x00xxx0000x000xx00x00xxx0000x000xx00x00xxx0100x000xx00x00xxx0000x000xx00x00xxx0000x000xx00x00xxx0000x000xx00x00xxx0000x000xx00x00xxx0000x000xx00x00xxx0000x00000000000x00010000000000000x00000000011010001x101000
0110000xxxxxx0xxx00x0x000xxxxxx0xxx00x0x000xxxxxx0xxx00x0x000xxxxxx0xxx00x0x000xxxxxx0xxx00x0x000xxxxxx0xxx00x0x000xxxxxx0xxx00x0x000xxxxxx0xxx00x0x000xxxxxx0xxx00x0x0000xx10x01xx0010x0000xx00x00xx0110x0000xx10x00xx0110x
0110000xxxxxxxxxx0xxxx000xxxxxxxxxx0xxxx000xxxxxxxxxx0xxxx000xxxxxxxxxx0xxxx000xxxxxxxxxx0xxxx000xxxxxxxxxx0xxxx000xxxxxxxxxx0xxxx000xxxxxxxxxx0xxxx000xxxxxxxxxx0xxxx000xxx0xxxxxx0x00x000xxx0xxxxxx0x01x000xxx0xxxxxx0x11x
0000xxxxxxxxxxxxxxxxxxxxxxxxxxxxxxxxxxxxxxxxxxxxxxxxxxxxxxxxxxxxxxxxxxxxxxxxxxxxxxxxxxxxxxxxxxxxxxxxxxxxxxxxxxxxxxxxxxxxxxxxxxxxxxxxxxxxxxxxxxxxxxxxxxxxxxxxxxxxxxxxxxxxxxxxxxxxxxxxxx0xxxxxxxxxxxxxxxxx1xxxxxxxxxxxxxxxxx1x
xxxxxxxxxxxxxxxxxxxxxxxxxxxxxxxxxxxxxxxxxxxxxxxxxxxxxxxxxxxxxxxxxxxxxxxxxxxxxxxxxxxxxxxxxxxxxxxxxxxxxxxxxxxxxxxxxxxxxxxxxxxxxxxxxxxxxxxxxxxxxxxxxxxxxxxxxxxxxxxxxxxxxxxxxxxxxxxxxxxxxxxxxxxxxxxxxxxxxxxxxxxxxxxxxxxxxxxxxxxx
.
