initialized model with 245 latches, 220 inputs and 1 properties
tsim: reached all X state
tsim: performed 4 steps
checking bound 0
checking bound 1
checking bound 2
tdecomp: unrolling 2 cycles
tsim: reached all X state
tsim: performed 3 steps
tdecomp: no improvement found, reverting original model
   2 : 2 8
   3 : 4 4 14
   4 : 4 4 4 10
   5 : 4 4 4 2 8
   6 : 4 4 5 4 5 21
   7 : 4 4 5 4 5 3 18
   8 : 3 3 4 4 4 3 3 25
 ... : 6 15 13 14 11 9 9 27
   9 : 6 10 6 9 9 8 8 5 40
  10 : 6 10 6 9 9 8 8 5 4 37
  11 : 6 10 6 9 9 8 8 5 4 4 33
 ... : 6 10 9 11 15 13 11 8 11 14 41
  12 : 6 10 8 12 13 12 12 7 6 9 10 38
  13 : 6 10 8 12 13 12 12 7 6 9 11 11 31
 ... : 6 11 9 13 14 14 17 18 24 26 17 25 36
 ... : 6 11 9 13 16 21 33 29 41 53 20 26 43
 ... : 6 13 13 17 23 30 40 35 49 60 20 26 43
 ... : 6 13 13 18 26 31 39 37 53 67 31 31 45
 ... : 6 13 13 18 21 25 32 33 46 43 35 37 57
  14 : 6 13 13 17 20 21 22 16 15 19 18 16 14 92
  15 : 6 13 13 17 20 21 22 16 15 19 18 16 14 5 87
  16 : 6 13 13 17 20 21 22 16 15 19 18 16 14 5 8 79
  17 : 6 13 13 17 20 21 22 16 15 19 18 16 14 5 9 10 72
 ... : 6 13 13 17 20 22 26 25 23 29 31 22 16 8 10 15 81
 ... : 6 13 13 17 20 22 26 25 24 35 37 44 42 23 13 17 82
 ... : 6 13 13 17 20 22 26 25 24 35 37 43 43 34 35 40 93
  18 : 6 13 13 17 20 22 24 24 26 29 31 37 36 36 38 39 35 94
  19 : 6 13 13 17 20 22 24 24 26 29 31 37 36 36 38 39 35 23 75
  20 : 6 13 13 17 20 22 24 24 26 29 31 37 36 36 39 43 45 36 26 73
  21 : 6 13 13 17 20 22 24 24 26 29 31 37 36 36 39 42 45 35 27 17 63
  22 : 6 13 13 17 20 22 24 24 26 29 31 37 36 37 42 44 48 39 29 21 17 55
 ... : 6 13 13 17 20 22 24 24 26 30 37 48 45 38 43 45 50 44 36 29 26 69
 ... : 6 13 13 17 20 22 24 24 26 30 37 48 46 40 48 60 65 65 41 38 38 79
 ... : 6 13 13 17 20 22 24 24 26 30 36 46 45 46 56 76 111 98 57 41 38 79
 ... : 6 13 13 17 20 22 24 24 26 30 36 46 45 46 56 73 113 114 86 74 50 80
 ... : 6 13 13 17 20 22 24 24 26 29 34 42 41 41 50 63 105 116 88 71 67 109
  23 : 6 13 13 17 20 22 24 24 25 29 32 39 35 32 40 45 63 57 55 58 60 76 121
 ... : 6 13 13 17 20 22 24 24 25 29 32 39 35 34 51 61 84 88 62 65 70 86 128
 ... : 6 13 13 17 20 22 24 24 25 29 32 39 38 38 52 64 89 110 88 83 77 95 128
 ... : 6 13 13 17 21 24 28 28 29 29 32 39 39 38 52 64 92 120 99 101 80 99 138
 ... : 6 13 13 17 20 22 26 22 30 23 26 32 36 38 62 74 99 123 99 101 80 99 138
 ... : 6 13 13 17 20 22 26 22 30 23 26 32 37 40 62 73 105 138 121 126 91 101 138
 ... : 6 13 13 17 20 22 26 22 30 22 25 30 35 42 62 74 105 135 125 131 115 124 148
num_solve_calls = 86346
num_solve_sat_calls = 32108
num_solve_unsat_calls = 3944
num_solve_approx_calls = 25707
num_solve_approx_unsat_calls = 10014
num_solve_conflicts = 17326
num_solve_decisions = 6925066
num_solve_propagations = 25289033
avg_solve_conflicts = 1
avg_solve_decisions = 81
avg_solve_propagations = 293
avg_solve_unsat_decisions = 0.440
stddev_solve_unsat_decisions = 0.973
num_added_cubes = 4674
num_subsumed_cubes = 3272
num_mic_down_calls = 11071
num_mic_down_good = 1738
num_added_ctgs = 722
num_gc_frame = 139
num_reset = 11
num_try_blocking = 36003
get_bad_cube_time = 0.097
rec_block_cube_time = 5.449
propagate_forward_time = 0.552
generalize_model_time = 1.357
generalize_and_push_time = 4.401
ctg_time = 1.602
try_blocking_time = 5.672
reset_time = 0.109
clausify_time = 0.285
preprocess_time = 0.046
solve_time = 4.965
solve_sat_time = 3.628
solve_unsat_time = 1.337
prove_time = 6.316
memory_used_mb = 11
total_time = 6.376
Unsafe
