initialized model with 65 latches, 63 inputs and 1 properties
tsim: performed 3 steps
tsim: found cycle from 1
checking bound 0
checking bound 1
checking bound 2
tdecomp: unrolling 2 cycles
tsim: performed 2 steps
tsim: found cycle from 0
tsim: found 1 constants and 0 latch equivalences
tdecomp: (65, 252) -> (64, 189)
   2 : 0 1
completing final invariant with sub-IC3 call...
num_solve_calls = 18
num_solve_sat_calls = 5
num_solve_unsat_calls = 1
num_solve_approx_calls = 3
num_solve_approx_unsat_calls = 3
num_solve_conflicts = 63
num_solve_decisions = 1381
num_solve_propagations = 19631
avg_solve_conflicts = 4
avg_solve_decisions = 77
avg_solve_propagations = 1091
avg_solve_unsat_decisions = 0.000
stddev_solve_unsat_decisions = 0.000
num_added_cubes = 2
num_subsumed_cubes = 1
num_mic_down_calls = 2
num_mic_down_good = 0
num_added_ctgs = 0
num_gc_frame = 3
num_reset = 0
num_try_blocking = 2
get_bad_cube_time = 0.004
rec_block_cube_time = 0.000
propagate_forward_time = 0.000
generalize_model_time = 0.001
generalize_and_push_time = 0.000
ctg_time = 0.000
try_blocking_time = 0.000
reset_time = 0.000
clausify_time = 0.132
preprocess_time = 0.017
solve_time = 0.005
solve_sat_time = 0.002
solve_unsat_time = 0.003
prove_time = 0.163
memory_used_mb = 9
total_time = 0.253
Safe
