initialized model with 75 latches, 73 inputs and 1 properties
tsim: performed 3 steps
tsim: found cycle from 1
checking bound 0
checking bound 1
checking bound 2
tdecomp: unrolling 2 cycles
tsim: performed 2 steps
tsim: found cycle from 0
tsim: found 1 constants and 0 latch equivalences
tdecomp: (75, 292) -> (74, 219)
   2 : 0 4
completing final invariant with sub-IC3 call...
num_solve_calls = 117
num_solve_sat_calls = 21
num_solve_unsat_calls = 5
num_solve_approx_calls = 72
num_solve_approx_unsat_calls = 71
num_solve_conflicts = 212
num_solve_decisions = 4521
num_solve_propagations = 223999
avg_solve_conflicts = 2
avg_solve_decisions = 39
avg_solve_propagations = 1915
avg_solve_unsat_decisions = 0.000
stddev_solve_unsat_decisions = 0.000
num_added_cubes = 8
num_subsumed_cubes = 4
num_mic_down_calls = 9
num_mic_down_good = 1
num_added_ctgs = 0
num_gc_frame = 5
num_reset = 0
num_try_blocking = 9
get_bad_cube_time = 0.024
rec_block_cube_time = 0.009
propagate_forward_time = 0.000
generalize_model_time = 0.008
generalize_and_push_time = 0.004
ctg_time = 0.000
try_blocking_time = 0.004
reset_time = 0.000
clausify_time = 0.468
preprocess_time = 0.048
solve_time = 0.038
solve_sat_time = 0.017
solve_unsat_time = 0.021
prove_time = 0.579
memory_used_mb = 16
total_time = 0.863
Safe
