initialized model with 57 latches, 61 inputs and 1 properties
tsim: performed 3 steps
tsim: found cycle from 1
checking bound 0
checking bound 1
checking bound 2
tdecomp: unrolling 2 cycles
tsim: performed 2 steps
tsim: found cycle from 0
tsim: found 1 constants and 0 latch equivalences
tdecomp: (57, 244) -> (56, 165)
   2 : 0 5
completing final invariant with sub-IC3 call...
num_solve_calls = 70
num_solve_sat_calls = 25
num_solve_unsat_calls = 6
num_solve_approx_calls = 16
num_solve_approx_unsat_calls = 16
num_solve_conflicts = 277
num_solve_decisions = 3959
num_solve_propagations = 72944
avg_solve_conflicts = 4
avg_solve_decisions = 57
avg_solve_propagations = 1043
avg_solve_unsat_decisions = 5.333
stddev_solve_unsat_decisions = 8.847
num_added_cubes = 10
num_subsumed_cubes = 5
num_mic_down_calls = 11
num_mic_down_good = 1
num_added_ctgs = 0
num_gc_frame = 5
num_reset = 0
num_try_blocking = 11
get_bad_cube_time = 0.008
rec_block_cube_time = 0.002
propagate_forward_time = 0.000
generalize_model_time = 0.004
generalize_and_push_time = 0.001
ctg_time = 0.000
try_blocking_time = 0.001
reset_time = 0.000
clausify_time = 0.101
preprocess_time = 0.013
solve_time = 0.012
solve_sat_time = 0.005
solve_unsat_time = 0.007
prove_time = 0.140
memory_used_mb = 9
total_time = 0.220
Safe
