initialized model with 13 latches, 4 inputs and 1 properties
tsim: performed 130 steps
tsim: found cycle from 128
checking bound 0
checking bound 1
checking bound 2
tdecomp: unrolling 2 cycles
tsim: performed 128 steps
tsim: found cycle from 126
tdecomp: no improvement found, reverting original model
   2 : 1 0
   3 : 1 1 0
   4 : 1 1 1 0
   5 : 1 1 1 1 0
   6 : 1 1 1 1 1 0
   7 : 1 1 1 1 1 1 0
   8 : 1 1 1 1 1 1 1 0
   9 : 1 1 1 1 1 1 1 1 0
  10 : 1 1 1 1 1 1 1 1 1 0
  11 : 1 1 1 1 1 1 1 1 1 1 0
  12 : 1 1 1 1 1 1 1 1 1 1 1 0
  13 : 1 1 1 1 1 1 1 1 1 1 1 1 0
  14 : 1 1 1 1 1 1 1 1 1 1 1 1 1 0
  15 : 1 1 1 1 1 1 1 1 1 1 1 1 1 1 0
  16 : 1 1 1 1 1 1 1 1 1 1 1 1 1 1 1 0
  17 : 1 1 1 1 1 1 1 1 1 1 1 1 1 1 1 1 0
  18 : 1 1 1 1 1 1 1 1 1 1 1 1 1 1 1 1 1 0
  19 : 1 1 1 1 1 1 1 1 1 1 1 1 1 1 1 1 1 1 0
  20 : 1 1 1 1 1 1 1 1 1 1 1 1 1 1 1 1 1 1 1 0
  21 : 1 1 1 1 1 1 1 1 1 1 1 1 1 1 1 1 1 1 1 1 0
  22 : 1 1 1 1 1 1 1 1 1 1 1 1 1 1 1 1 1 1 1 1 1 0
  23 : 1 1 1 1 1 1 1 1 1 1 1 1 1 1 1 1 1 1 1 1 1 1 0
  24 : 1 1 1 1 1 1 1 1 1 1 1 1 1 1 1 1 1 1 1 1 1 1 1 0
  25 : 1 1 1 1 1 1 1 1 1 1 1 1 1 1 1 1 1 1 1 1 1 1 1 1 1
  26 : 1 1 1 1 1 1 1 1 1 1 1 1 1 1 1 1 1 1 1 1 1 1 1 1 1 0
 ... : 1 1 1 1 1 2 3 3 1 1 2 2 3 3 1 1 2 2 3 1 1 2 1 1 2 0
 ... : 4 1 4 2 2 2 3 2 1 1 1 1 2 3 1 1 2 2 3 1 1 2 1 1 2 0
  27 : 4 1 4 1 1 1 3 1 1 1 1 3 2 2 1 1 1 1 3 1 1 1 1 1 1 1 4
  28 : 4 1 4 1 1 1 3 1 1 1 1 3 2 2 1 1 1 1 3 1 1 1 1 1 1 1 1 3
  29 : 4 1 4 1 1 1 3 1 1 1 1 3 2 2 1 1 1 1 3 1 1 1 1 1 1 1 1 1 3
  30 : 4 1 4 1 1 1 3 1 1 1 1 3 2 2 1 1 1 1 3 1 1 1 1 1 1 1 1 1 1 3
  31 : 4 1 4 1 1 1 3 1 1 1 1 3 2 2 1 1 1 1 3 1 1 1 1 1 1 1 1 1 1 1 4
  32 : 4 1 4 1 1 1 3 1 1 1 1 3 2 2 1 1 1 1 3 1 1 1 1 1 1 1 1 1 1 1 1 3
  33 : 4 1 4 1 1 1 3 1 1 1 1 3 2 2 1 1 1 1 1 1 1 1 3 1 1 1 1 1 1 1 1 1 3
  34 : 4 1 4 1 1 1 3 1 1 1 1 3 2 2 1 1 1 1 1 1 1 1 3 1 1 1 1 1 1 1 1 1 1 4
  35 : 4 1 4 1 1 1 3 1 1 1 1 3 2 2 1 1 1 1 1 1 1 1 3 1 1 1 1 1 1 1 1 1 1 1 3
  36 : 4 1 4 1 1 1 3 1 1 1 1 3 2 2 1 1 1 1 1 1 1 1 3 1 1 1 1 1 1 1 1 1 1 1 1 3
  37 : 4 1 4 1 1 1 3 1 1 1 1 3 2 2 1 1 1 1 1 1 1 1 3 1 1 1 1 1 1 1 1 1 1 1 1 1 3
  38 : 4 1 4 1 1 1 3 1 1 1 1 3 2 2 1 1 1 1 1 1 1 1 3 1 1 1 1 1 1 1 1 1 1 1 1 1 1 3
  39 : 4 1 4 1 1 1 3 1 1 1 1 3 2 2 1 1 1 1 1 1 1 1 3 1 1 1 1 1 1 1 1 1 1 1 1 1 1 1 3
  40 : 4 1 4 1 1 1 3 1 1 1 1 3 2 2 1 1 1 1 1 1 1 1 3 1 1 1 1 1 1 1 1 1 1 1 1 1 1 1 1 3
  41 : 4 1 4 1 1 1 3 1 1 1 1 3 2 2 1 1 1 1 1 1 1 1 3 1 1 1 1 1 1 1 1 1 1 1 1 1 1 1 1 1 3
  42 : 4 1 4 1 1 1 3 1 1 1 1 3 2 2 1 1 1 1 1 1 1 1 3 1 1 1 1 1 1 1 1 1 1 1 1 1 1 1 1 1 1 3
  43 : 4 1 4 1 1 1 3 1 1 1 1 3 2 2 1 1 1 1 1 1 1 1 3 1 1 1 1 1 1 1 1 1 1 1 1 1 1 1 1 1 1 1 3
  44 : 4 1 4 1 1 1 3 1 1 1 1 3 2 2 1 1 1 1 1 1 1 1 3 1 1 1 1 1 1 1 1 1 1 1 1 1 1 1 1 1 1 1 1 4
  45 : 4 1 4 1 1 1 3 1 1 1 1 3 2 2 1 1 1 1 1 1 1 1 3 1 1 1 1 1 1 1 1 1 1 1 1 1 1 1 1 1 1 1 1 1 3
 ... : 4 1 4 1 1 1 3 1 1 1 1 3 2 2 1 1 1 1 1 1 1 1 4 2 1 1 1 1 2 3 2 1 1 2 2 2 1 1 1 1 2 1 1 2 3
 ... : 6 1 6 1 1 2 4 1 2 2 1 4 1 1 1 2 2 1 1 1 1 1 4 3 1 1 1 1 2 3 2 1 1 2 2 2 1 1 1 1 2 1 1 2 3
  46 : 7 1 7 1 1 1 2 1 1 1 1 4 1 1 1 1 1 1 1 1 1 1 2 1 1 1 1 1 1 1 4 1 1 1 1 1 1 1 1 1 1 1 1 1 1 6
  47 : 7 1 7 1 1 1 2 1 1 1 1 4 1 1 1 1 1 1 1 1 1 1 2 1 1 1 1 1 1 1 4 1 1 1 1 1 1 1 1 1 1 1 1 1 1 3 3
  48 : 7 1 7 1 1 1 2 1 1 1 1 4 1 1 1 1 1 1 1 1 1 1 2 1 1 1 1 1 1 1 4 1 1 1 1 1 1 1 1 1 1 1 1 1 1 3 3 0
  49 : 7 1 7 1 1 1 2 1 1 1 1 4 1 1 1 1 1 1 1 1 1 1 2 1 1 1 1 1 1 1 4 1 1 1 1 1 1 1 1 1 1 1 1 1 1 3 0 6 0
num_solve_calls = 19707
num_solve_sat_calls = 7869
num_solve_unsat_calls = 698
num_solve_approx_calls = 5961
num_solve_approx_unsat_calls = 1866
num_solve_conflicts = 1250
num_solve_decisions = 70942
num_solve_propagations = 817821
avg_solve_conflicts = 1
avg_solve_decisions = 4
avg_solve_propagations = 42
avg_solve_unsat_decisions = 0.085
stddev_solve_unsat_decisions = 0.394
num_added_cubes = 777
num_subsumed_cubes = 703
num_mic_down_calls = 2386
num_mic_down_good = 283
num_added_ctgs = 222
num_gc_frame = 608
num_reset = 4
num_try_blocking = 8575
get_bad_cube_time = 0.005
rec_block_cube_time = 0.293
propagate_forward_time = 0.044
generalize_model_time = 0.058
generalize_and_push_time = 0.247
ctg_time = 0.112
try_blocking_time = 0.316
reset_time = 0.002
clausify_time = 0.062
preprocess_time = 0.000
solve_time = 0.266
solve_sat_time = 0.199
solve_unsat_time = 0.067
prove_time = 0.402
memory_used_mb = 8
total_time = 0.413
Safe
