initialized model with 440 latches, 0 inputs and 1 properties
tsim: performed 22 steps
tsim: found cycle from 20
tsim: found 400 constants and 6 latch equivalences
seqsimpl: (440, 0) -> (11, 0)
checking bound 0
checking bound 1
checking bound 2
tdecomp: unrolling 2 cycles
tsim: performed 20 steps
tsim: found cycle from 18
tdecomp: no improvement found, reverting original model
   2 : 0 0
completing final invariant with sub-IC3 call...
num_solve_calls = 6
num_solve_sat_calls = 0
num_solve_unsat_calls = 0
num_solve_approx_calls = 0
num_solve_approx_unsat_calls = 0
num_solve_conflicts = 22
num_solve_decisions = 54
num_solve_propagations = 3632
avg_solve_conflicts = 4
avg_solve_decisions = 9
avg_solve_propagations = 606
avg_solve_unsat_decisions = 0.000
stddev_solve_unsat_decisions = 0.000
num_added_cubes = 0
num_subsumed_cubes = 0
num_mic_down_calls = 0
num_mic_down_good = 0
num_added_ctgs = 0
num_gc_frame = 0
num_reset = 0
num_try_blocking = 0
get_bad_cube_time = 0.001
rec_block_cube_time = 0.000
propagate_forward_time = 0.000
generalize_model_time = 0.000
generalize_and_push_time = 0.000
ctg_time = 0.000
try_blocking_time = 0.000
reset_time = 0.000
clausify_time = 0.063
preprocess_time = 0.005
solve_time = 0.001
solve_sat_time = 0.000
solve_unsat_time = 0.001
prove_time = 0.076
memory_used_mb = 8
total_time = 0.207
Safe
