initialized model with 84 latches, 32 inputs and 1 properties
tsim: performed 10 steps
tsim: found cycle from 8
tsim: found 2 constants and 0 latch equivalences
seqsimpl: (84, 32) -> (82, 32)
checking bound 0
checking bound 1
checking bound 2
tdecomp: unrolling 2 cycles
tsim: reached all X state
tsim: performed 7 steps
tdecomp: no improvement found, reverting original model
   2 : 2 1
   3 : 1 2 1
   4 : 1 2 2 1
   5 : 1 2 3 1 1
 ... : 1 2 22 16 20
   6 : 1 2 36 6 43 4
   7 : 1 2 36 6 43 3 1
   8 : 1 2 36 6 43 4 1 1
   9 : 1 2 36 6 43 4 1 1 1
  10 : 1 2 36 6 43 4 1 1 1 1
  11 : 1 2 36 6 42 6 3 3 6 5 4
  12 : 1 2 36 6 9 41 9 8 11 10 9 26
  13 : 1 2 36 6 9 41 9 8 11 10 9 13 13
  14 : 1 2 36 6 9 41 9 8 11 10 9 13 9 5
  15 : 1 2 36 6 9 41 9 8 11 10 9 7 8 7 10
  16 : 1 2 36 6 9 41 9 8 11 10 9 7 7 6 6 10
  17 : 1 2 36 6 9 41 9 8 11 10 9 7 7 6 5 4 11
  18 : 1 2 36 6 9 41 9 8 11 10 9 7 7 6 5 4 5 13
  19 : 1 2 36 6 9 41 9 8 11 10 9 7 7 6 5 4 5 3 14
  20 : 1 2 36 6 9 41 9 8 11 10 9 7 7 6 5 4 5 3 3 13
  21 : 1 2 36 6 9 41 9 8 11 10 9 7 7 6 5 4 5 3 3 3 15
 ... : 1 2 36 6 10 42 10 10 13 12 11 12 12 9 10 10 9 14 11 19 22
  22 : 1 2 36 6 10 42 9 11 13 11 11 10 10 8 7 8 8 11 15 11 11 43
  23 : 1 2 36 6 10 42 9 11 13 11 11 10 10 8 7 8 8 11 15 11 11 6 39
  24 : 1 2 36 6 10 42 9 11 13 11 11 10 10 8 7 8 8 11 15 11 11 6 5 35
  25 : 1 2 36 6 10 42 9 11 13 11 11 10 10 8 7 8 8 11 15 11 11 6 6 3 33
  26 : 1 2 36 6 10 42 9 11 13 11 11 10 10 8 7 8 8 11 15 12 11 7 6 12 12 39
  27 : 1 2 36 6 10 42 9 11 13 11 10 10 11 8 7 8 8 11 12 13 13 8 7 13 16 6 44
  28 : 1 2 36 6 10 42 9 11 13 11 10 10 11 8 7 8 9 12 12 13 13 8 10 14 18 11 8 46
  29 : 1 2 36 6 10 42 9 11 13 11 10 10 11 9 7 8 8 11 12 12 14 9 9 15 18 11 7 7 47
  30 : 1 2 36 6 10 42 9 11 13 11 10 10 11 9 7 8 8 11 12 12 14 10 8 15 16 13 10 9 10 68
  31 : 1 2 36 6 10 42 9 11 13 11 10 10 11 9 7 8 8 11 12 12 16 11 8 15 20 16 12 11 13 16 74
  32 : 1 2 36 6 10 42 9 11 13 11 10 10 11 9 7 8 8 11 12 12 15 9 7 12 10 9 10 10 15 17 16 83
  33 : 1 2 36 6 10 42 9 11 13 11 10 10 11 9 7 8 8 11 12 12 15 9 7 12 10 9 10 10 15 19 18 9 81
  34 : 1 2 36 6 10 42 9 11 13 11 10 10 11 9 7 8 8 11 12 12 15 9 7 12 10 9 10 10 15 17 14 7 7 94
  35 : 1 2 36 6 10 42 9 11 13 11 10 10 11 9 7 8 8 11 12 12 13 9 7 12 10 9 12 10 15 16 14 10 8 10 88
  36 : 1 2 36 6 10 42 9 11 13 11 10 10 11 9 7 8 8 11 12 12 13 9 7 12 10 9 12 10 15 16 13 10 8 9 8 84
  37 : 1 2 36 6 10 42 9 11 13 11 10 10 11 9 7 8 8 11 12 12 13 9 7 12 10 9 12 10 15 16 13 10 8 8 8 9 82
 ... : 1 2 36 6 9 41 8 9 11 10 9 8 8 7 5 6 6 9 10 7 9 8 6 12 11 10 9 11 17 21 19 16 13 9 8 11 87
  38 : 1 2 36 6 9 4 39 10 11 10 9 8 8 7 5 6 6 9 8 7 7 5 4 7 6 4 4 3 2 2 2 3 3 2 2 4 6 123
  39 : 1 2 36 6 9 4 39 10 11 10 9 8 8 7 5 6 6 9 8 7 7 5 4 7 6 4 4 3 2 2 2 3 3 2 2 4 3 1 126
  40 : 1 2 36 6 9 4 39 10 11 10 9 8 8 7 5 6 6 9 8 7 7 5 4 7 6 4 4 3 2 2 2 3 3 2 2 4 3 1 3 123
  41 : 1 2 36 6 9 4 39 10 11 10 9 8 8 7 5 6 6 9 8 7 7 5 4 7 6 4 4 3 2 2 2 3 3 2 2 4 3 1 1 3 123
  42 : 1 2 36 6 9 4 39 10 11 10 9 8 8 7 5 6 6 9 8 7 7 5 4 7 6 4 4 3 2 2 2 3 3 2 2 4 3 1 1 3 2 122
  43 : 1 2 36 6 9 4 39 10 11 10 9 8 8 7 5 6 6 9 8 7 7 5 4 7 6 4 4 3 2 2 2 3 3 2 2 4 3 1 1 3 2 1 122
  44 : 1 2 36 6 9 4 39 10 11 10 9 8 8 7 5 6 6 9 8 7 7 5 4 7 6 4 4 3 2 2 2 3 3 2 2 4 3 1 1 3 2 1 1 122
  45 : 1 2 36 6 9 4 39 10 11 10 9 8 8 7 5 6 6 9 8 7 7 5 4 7 6 4 4 3 2 2 2 3 3 2 2 4 3 1 1 3 2 1 1 8 115
  46 : 1 2 36 6 9 4 39 10 11 10 9 8 8 7 5 6 6 9 8 7 7 5 4 7 6 4 4 3 2 2 2 3 3 2 2 4 3 1 1 3 2 1 1 8 10 109
  47 : 1 2 36 6 9 4 39 10 11 10 9 8 8 7 5 6 6 9 8 7 7 5 4 7 6 4 4 3 2 2 2 3 3 2 2 4 3 1 1 3 2 1 1 1 8 10 111
  48 : 1 2 36 6 9 4 39 10 11 10 9 8 8 7 5 6 6 9 8 7 7 5 4 7 6 4 4 3 2 2 2 3 3 2 2 4 3 1 1 3 2 1 1 1 8 10 6 105
  49 : 1 2 36 6 9 4 39 10 11 10 9 8 8 7 5 6 6 9 8 7 7 5 4 7 6 4 4 3 2 2 2 3 3 2 2 4 3 1 1 3 2 1 1 1 8 10 6 4 101
  50 : 1 2 36 6 9 4 39 10 11 10 9 8 8 7 5 6 6 9 8 7 7 5 4 7 6 4 4 3 2 2 2 3 3 2 2 4 3 1 1 3 2 1 1 1 8 7 6 5 8 111
  51 : 1 2 36 6 9 4 39 10 11 10 9 8 8 7 5 6 6 9 8 7 7 5 4 7 6 4 4 3 2 2 2 3 3 2 2 4 3 1 1 3 2 1 1 1 8 7 6 5 8 4 107
  52 : 1 2 36 6 9 4 39 10 11 10 9 8 8 7 5 6 6 9 8 7 7 5 4 7 6 4 4 3 2 2 2 3 3 2 2 4 3 1 1 3 2 1 1 1 8 7 6 5 9 5 4 107
  53 : 1 2 36 6 9 4 39 10 11 10 9 7 10 7 5 6 6 9 8 6 7 5 2 3 7 4 4 3 2 2 2 2 2 2 2 4 2 1 1 3 2 1 1 1 7 6 6 5 9 6 4 4 114
  54 : 1 2 36 6 9 4 39 10 11 10 9 7 10 7 5 6 6 9 8 6 7 5 2 3 7 4 4 3 2 2 2 2 2 2 2 4 2 1 1 3 2 1 1 1 7 6 6 5 9 8 4 5 6 122
  55 : 1 2 36 6 9 4 39 10 11 10 9 7 10 7 5 6 6 9 8 6 7 5 2 3 7 4 4 3 2 2 2 2 2 2 2 4 2 1 1 3 2 1 1 1 7 6 6 5 9 8 4 5 6 5 117
 ... : 1 2 36 6 9 4 39 10 11 10 9 7 10 7 5 6 6 9 8 6 7 5 2 3 7 4 4 3 2 2 2 2 2 2 2 4 2 1 1 3 2 1 1 1 7 6 6 5 9 8 4 5 6 22 158
 ... : 1 2 36 6 9 4 39 10 11 10 9 7 10 7 5 6 6 9 8 6 7 5 2 3 7 4 4 3 2 2 2 2 2 2 2 4 2 1 1 3 2 1 1 1 7 6 6 5 9 8 4 5 6 39 202
  56 : 1 2 36 6 9 4 39 10 11 10 9 7 10 7 5 6 6 9 8 6 7 5 2 3 7 4 4 3 2 2 2 2 2 2 2 4 2 1 1 3 2 1 1 1 7 6 6 5 9 8 4 5 6 4 0 258
num_solve_calls = 91397
num_solve_sat_calls = 37052
num_solve_unsat_calls = 3230
num_solve_approx_calls = 36674
num_solve_approx_unsat_calls = 13311
num_solve_conflicts = 27536
num_solve_decisions = 3015240
num_solve_propagations = 17513887
avg_solve_conflicts = 1
avg_solve_decisions = 33
avg_solve_propagations = 192
avg_solve_unsat_decisions = 0.723
stddev_solve_unsat_decisions = 2.118
num_added_cubes = 5545
num_subsumed_cubes = 4961
num_mic_down_calls = 8261
num_mic_down_good = 2396
num_added_ctgs = 366
num_gc_frame = 360
num_reset = 12
num_try_blocking = 43677
get_bad_cube_time = 0.233
rec_block_cube_time = 3.605
propagate_forward_time = 1.880
generalize_model_time = 0.741
generalize_and_push_time = 3.247
ctg_time = 1.407
try_blocking_time = 5.281
reset_time = 0.061
clausify_time = 0.589
preprocess_time = 0.027
solve_time = 5.081
solve_sat_time = 3.958
solve_unsat_time = 1.123
prove_time = 6.295
memory_used_mb = 11
total_time = 6.314
Safe
