initialized model with 326 latches, 293 inputs and 1 properties
tsim: reached all X state
tsim: performed 4 steps
checking bound 0
checking bound 1
checking bound 2
tdecomp: unrolling 2 cycles
tsim: reached all X state
tsim: performed 3 steps
tdecomp: no improvement found, reverting original model
   2 : 15 60
 ... : 30 116
   3 : 30 30 105
   4 : 30 30 30 75
   5 : 30 30 30 15 60
 ... : 33 33 34 23 81
 ... : 37 35 36 28 107
 ... : 39 39 40 35 131
   6 : 29 29 30 15 28 155
   7 : 29 29 30 15 28 29 126
 ... : 21 22 23 16 21 41 162
   8 : 16 16 17 15 15 17 17 194
   9 : 16 16 17 16 16 16 16 18 195
  10 : 16 16 17 16 16 16 16 18 8 188
  11 : 16 16 17 16 16 16 16 18 8 2 186
 ... : 17 17 19 19 20 19 23 25 16 2 186
  12 : 16 17 18 19 18 18 17 19 10 4 6 185
  13 : 16 17 18 19 19 19 19 18 8 3 1 1 197
  14 : 16 17 18 19 19 19 19 18 8 3 1 1 2 195
  15 : 16 17 18 19 19 19 19 18 8 3 1 1 2 2 193
  16 : 16 17 18 19 19 19 19 18 8 3 1 1 2 2 3 190
  17 : 16 17 18 19 19 19 19 18 8 3 1 1 2 2 3 3 187
  18 : 16 17 18 19 19 19 19 18 8 3 1 1 2 2 3 3 2 185
  19 : 16 17 18 19 19 19 19 18 8 3 1 1 2 2 3 3 2 2 183
  20 : 16 17 18 19 19 19 19 18 8 3 1 1 2 2 3 3 2 2 2 181
 ... : 16 17 18 19 19 19 19 18 8 7 14 26 44 51 21 6 10 5 3 183
 ... : 16 17 18 19 19 19 19 18 9 9 16 30 54 83 98 56 20 5 3 183
 ... : 16 17 18 19 19 19 19 18 9 9 16 36 57 87 116 150 101 26 3 183
 ... : 16 17 18 19 19 19 19 18 9 9 16 36 59 89 121 182 141 71 7 183
 ... : 16 17 18 19 19 19 19 18 9 9 16 36 59 88 124 211 212 124 22 183
 ... : 16 17 18 19 19 19 19 22 19 29 31 44 65 90 126 213 231 131 22 183
 ... : 16 17 18 19 19 19 19 22 19 28 31 43 63 85 120 182 199 165 77 184
 ... : 16 17 18 19 19 19 19 22 19 28 31 43 63 85 120 175 198 187 129 209
 ... : 16 17 18 19 19 19 19 22 19 28 31 50 76 94 128 185 207 206 174 236
 ... : 16 17 18 19 19 19 19 22 19 28 31 50 76 105 139 191 216 227 184 239
 ... : 16 17 18 19 19 19 19 22 19 28 31 50 76 106 138 205 245 276 223 242
 ... : 16 17 18 19 19 19 19 22 19 28 31 50 76 106 138 204 238 274 263 310
  21 : 16 17 18 19 19 19 19 22 19 25 31 51 74 103 128 188 164 206 207 105 249
  22 : 16 17 18 19 19 19 19 22 19 25 31 51 74 103 128 188 164 206 207 102 31 222
 ... : 16 17 18 19 19 19 19 22 18 24 29 43 53 76 118 187 164 206 217 103 70 246
 ... : 16 17 18 19 19 19 19 22 18 22 26 35 47 57 75 152 172 221 219 105 70 246
 ... : 16 17 18 19 19 19 19 22 18 22 25 33 47 58 71 143 179 258 247 105 71 247
 ... : 16 17 18 19 19 19 19 22 18 22 25 33 47 57 72 148 189 270 294 165 72 247
 ... : 16 17 18 19 19 19 19 22 18 22 25 31 42 55 75 151 189 272 311 183 118 247
 ... : 16 17 18 19 19 19 20 22 18 27 34 38 49 62 79 154 194 280 311 194 118 247
 ... : 16 17 18 19 19 19 20 22 18 27 34 38 48 60 78 151 192 276 314 209 199 251
 ... : 16 17 18 19 19 19 20 22 18 27 34 38 48 60 78 151 189 272 305 203 237 324
  23 : 16 17 18 19 19 19 20 22 18 24 22 19 28 38 49 84 116 151 143 102 122 209 332
  24 : 16 17 18 19 19 19 20 22 18 24 22 19 28 38 49 84 116 151 143 102 122 209 135 203
  25 : 16 17 18 19 19 19 20 22 18 24 22 19 28 38 49 84 116 151 143 102 122 210 139 32 183
 ... : 16 17 18 19 19 19 20 22 18 24 22 19 28 38 49 84 116 151 143 102 122 210 186 120 211
  26 : 16 17 18 19 19 19 20 22 18 24 22 19 28 38 49 84 116 151 143 102 117 166 199 168 84 187
  27 : 16 17 18 19 19 19 20 22 18 24 22 19 28 38 49 84 116 151 143 103 115 159 194 151 75 16 177
 ... : 16 17 18 19 19 19 20 22 18 24 22 19 28 38 49 84 116 151 143 103 115 157 201 186 154 48 182
 ... : 16 17 18 19 19 19 20 22 18 24 22 19 28 38 49 84 116 151 143 103 115 159 199 178 159 90 202
 ... : 16 17 18 19 19 19 21 23 18 25 33 32 36 36 49 84 117 153 145 115 126 167 200 178 159 90 203
 ... : 16 17 18 19 19 19 21 23 18 25 30 31 35 44 69 105 137 162 148 116 126 167 200 178 159 90 203
 ... : 16 17 18 19 19 19 21 23 18 25 30 31 35 45 69 109 139 168 163 128 141 181 203 178 159 90 203
 ... : 16 17 18 19 19 19 21 23 18 25 30 31 35 45 69 106 136 173 163 134 148 192 221 186 166 92 203
 ... : 16 17 18 19 19 19 21 23 18 25 30 31 35 45 69 106 136 170 160 128 148 191 220 211 193 107 204
 ... : 16 17 18 19 19 19 21 23 18 25 30 31 35 45 69 109 139 173 168 141 158 198 228 215 201 125 215
 ... : 16 17 18 19 19 19 21 23 18 25 30 31 35 45 69 110 140 178 172 150 169 209 241 230 215 136 215
 ... : 16 17 18 19 19 19 21 23 18 25 30 31 35 45 69 110 140 178 172 150 169 211 245 234 236 188 258
  28 : 16 17 18 19 19 19 21 23 18 23 22 25 23 24 31 49 57 48 58 80 119 193 216 200 187 196 107 229
  29 : 16 17 18 19 19 19 21 23 18 23 22 25 23 24 31 49 57 48 58 80 119 193 216 200 187 196 106 45 187
  30 : 16 17 18 19 19 19 21 23 18 23 22 25 23 24 31 49 57 48 58 80 119 193 216 201 185 189 107 61 36 178
 ... : 16 17 18 19 19 19 21 23 18 23 22 25 23 24 31 49 57 48 58 80 119 193 216 215 221 258 179 73 37 182
 ... : 16 17 18 19 19 19 21 23 18 23 22 25 23 24 31 49 57 48 58 80 119 192 235 247 248 294 217 86 37 182
 ... : 16 17 18 19 19 19 21 23 18 23 22 25 23 24 31 49 57 48 58 80 119 194 237 258 276 357 282 117 38 182
 ... : 16 17 18 19 19 19 21 23 18 23 22 25 23 24 31 49 57 48 58 80 119 194 242 272 298 368 369 170 39 182
 ... : 16 17 18 19 19 19 21 23 18 23 22 25 23 24 31 49 57 48 58 80 119 194 242 279 334 480 441 175 39 182
 ... : 16 17 18 19 19 19 21 23 18 23 22 25 23 24 31 49 60 56 65 87 132 205 251 279 330 484 481 195 39 182
 ... : 16 17 18 19 19 19 21 25 21 31 32 41 41 41 51 77 85 67 73 96 132 205 251 279 330 484 481 195 39 182
 ... : 16 17 18 19 19 19 21 24 19 28 30 37 56 53 59 86 102 112 95 97 132 205 251 279 330 484 481 195 39 182
 ... : 16 17 18 19 19 19 23 28 27 34 37 46 68 64 71 98 111 117 95 97 132 205 251 279 330 484 481 195 39 183
 ... : 16 17 18 19 19 19 23 28 28 40 45 54 78 76 81 111 126 133 95 97 132 205 251 279 330 484 481 195 39 185
 ... : 16 17 18 19 19 19 24 33 35 48 56 65 93 85 93 130 135 133 95 97 132 205 251 279 330 484 481 195 39 188
 ... : 16 17 18 19 19 19 24 33 35 48 56 67 95 85 90 125 139 151 135 120 134 205 251 279 330 484 481 195 39 186
 ... : 16 17 18 19 19 19 24 33 35 48 56 67 95 85 90 126 144 167 159 142 143 210 253 281 331 485 482 195 39 186
 ... : 16 17 18 19 19 19 24 33 35 48 56 67 95 85 90 130 148 164 159 166 186 242 256 282 331 485 485 198 41 187
 ... : 16 17 18 19 19 19 24 33 35 48 56 67 95 85 90 130 148 163 163 178 222 299 277 283 331 485 485 198 41 187
 ... : 16 17 18 19 19 19 24 33 35 48 56 67 95 85 90 130 148 162 163 188 258 368 336 290 331 485 485 198 41 187
 ... : 16 17 18 19 19 19 24 33 35 48 56 67 95 85 90 130 148 162 162 191 262 389 387 328 337 485 485 198 41 190
 ... : 16 17 18 19 19 19 24 33 35 48 56 67 95 85 90 130 148 162 162 191 262 393 468 411 338 485 485 198 41 193
 ... : 16 17 18 19 19 19 24 33 35 48 56 67 95 85 90 130 148 162 162 191 260 395 488 476 352 485 485 198 41 201
 ... : 16 17 18 19 19 19 24 33 35 48 56 67 95 85 90 130 148 162 162 191 260 398 509 541 400 488 485 198 41 202
 ... : 16 17 18 19 19 19 24 33 35 48 56 67 95 85 90 130 148 162 162 191 260 401 525 565 466 497 485 198 41 205
 ... : 16 17 18 19 19 19 24 33 35 48 56 67 95 85 90 130 148 162 162 191 260 402 530 584 513 537 486 198 41 212
 ... : 16 17 18 19 19 19 24 33 35 48 56 67 95 85 90 130 148 162 162 191 260 402 530 588 535 633 545 213 41 213
 ... : 16 17 18 19 19 19 24 33 35 48 56 67 95 85 90 130 148 162 162 191 259 400 528 594 552 642 550 237 41 218
 ... : 16 17 18 19 19 19 24 33 35 48 56 67 95 85 90 130 148 162 162 191 260 399 530 593 538 633 555 270 42 218
 ... : 16 17 18 19 19 19 24 33 35 48 56 67 95 85 90 130 148 162 162 191 260 398 527 585 548 660 603 297 42 218
 ... : 16 17 18 19 19 19 24 33 35 48 56 67 95 85 90 130 148 162 162 191 260 398 527 580 534 621 567 370 72 220
 ... : 16 17 18 19 19 19 24 33 35 48 56 67 95 85 90 130 148 162 162 191 260 397 526 578 532 609 572 456 138 220
 ... : 16 17 18 19 19 19 24 33 35 48 56 67 95 85 90 130 148 162 162 191 260 396 521 564 511 562 520 438 156 221
 ... : 16 17 18 19 19 19 24 33 35 48 56 67 95 85 90 130 148 162 162 191 260 396 521 564 511 560 519 461 180 226
 ... : 16 17 18 19 19 19 24 33 35 48 56 67 95 85 90 130 148 162 162 191 260 402 539 588 527 555 510 434 291 269
 ... : 16 17 18 19 19 19 24 33 35 48 56 67 95 85 90 130 148 162 162 191 263 408 557 588 542 598 564 450 292 270
 ... : 16 17 18 19 19 19 24 33 35 48 56 67 95 85 90 130 148 162 162 191 263 408 557 588 542 601 574 466 326 295
 ... : 16 17 18 19 19 19 24 33 35 48 56 67 95 85 90 130 148 162 162 191 261 407 553 604 555 623 593 467 326 295
 ... : 16 17 18 19 19 19 24 33 35 48 56 67 95 85 90 130 148 162 162 191 261 403 547 602 558 636 619 483 327 299
 ... : 16 17 18 19 19 19 24 33 35 48 56 67 95 85 90 130 148 162 162 191 261 400 540 608 588 661 644 491 332 303
 ... : 16 17 18 19 19 19 24 33 35 48 56 67 95 85 90 130 148 162 162 191 261 400 540 608 590 665 666 582 399 310
  31 : 16 17 18 19 19 19 24 33 35 48 55 66 92 83 87 124 138 150 149 155 215 271 327 436 477 532 455 446 339 192 336
  32 : 16 17 18 19 19 19 24 33 35 48 55 66 92 83 87 124 138 150 149 155 215 271 327 436 477 532 455 446 339 191 102 239
  33 : 16 17 18 19 19 19 24 33 35 48 55 66 92 83 87 124 138 150 149 155 215 271 327 436 477 532 455 446 338 197 102 66 211
 ... : 16 17 18 19 19 19 24 33 35 48 55 66 92 83 87 124 138 150 149 155 215 271 327 435 477 547 469 474 384 215 116 79 230
 ... : 16 17 18 19 19 19 24 33 35 48 55 66 92 83 87 124 138 150 149 156 218 273 332 439 479 556 488 501 441 252 122 83 230
 ... : 16 17 18 19 19 19 24 33 35 48 55 66 92 83 87 124 138 150 149 156 218 273 332 442 482 561 493 517 481 264 123 92 230
 ... : 16 17 18 19 19 19 24 33 35 48 55 66 92 83 87 124 138 150 149 156 218 273 332 442 482 561 492 515 472 297 190 140 232
 ... : 16 17 18 19 19 19 24 33 35 48 55 66 92 83 87 124 138 150 149 156 218 273 332 442 482 561 492 514 467 324 251 233 251
 ... : 16 17 18 19 19 19 24 33 35 48 55 66 92 83 87 124 138 150 149 156 218 273 332 442 482 561 492 514 480 371 288 297 274
 ... : 16 17 18 19 19 19 24 33 35 48 55 66 92 83 87 124 138 150 149 156 218 273 332 446 493 577 505 515 481 369 294 370 311
  34 : 16 17 18 19 19 19 24 33 35 48 55 66 92 83 87 124 138 150 149 156 218 272 332 438 490 574 504 516 454 340 284 331 169 229
 ... : 16 17 18 19 19 19 24 33 35 48 55 66 92 83 87 124 138 150 149 156 218 272 332 438 490 574 510 537 499 381 328 352 179 239
 ... : 16 17 18 19 19 19 24 33 35 48 55 66 92 83 87 124 138 150 149 156 218 272 332 438 490 574 511 536 502 409 389 386 179 239
 ... : 16 17 18 19 19 19 24 33 35 48 55 66 92 83 87 124 138 150 149 156 218 272 332 438 490 577 513 544 505 412 403 447 220 239
 ... : 16 17 18 19 19 19 24 33 35 48 55 66 92 83 87 124 138 150 149 156 218 272 332 438 490 577 514 552 523 427 415 475 248 239
 ... : 16 17 18 19 19 19 24 33 35 48 55 66 92 83 87 124 138 150 149 156 218 272 332 438 490 577 514 554 531 431 419 484 355 288
 ... : 16 17 18 19 19 19 24 33 35 48 55 66 92 83 87 124 138 150 149 156 218 272 332 438 490 577 514 556 538 429 422 491 401 324
 ... : 16 17 18 19 19 19 24 33 35 48 55 66 92 83 87 124 138 150 149 156 218 273 337 439 497 591 531 591 592 454 427 491 402 324
 ... : 16 17 18 19 19 19 24 33 35 48 55 66 92 83 87 124 138 150 149 156 218 273 345 446 505 602 540 612 627 472 427 491 402 324
 ... : 16 17 18 19 19 19 24 33 35 48 55 66 92 83 87 124 138 150 149 156 218 273 343 442 507 603 541 623 663 542 441 491 402 324
 ... : 16 17 18 19 19 19 24 33 35 48 55 66 92 83 87 124 138 150 149 156 218 274 346 449 517 632 580 633 671 553 445 491 402 324
 ... : 16 17 18 19 19 19 24 33 35 48 55 66 92 83 87 124 138 150 149 156 218 274 346 451 515 636 612 691 727 567 446 491 402 324
 ... : 16 17 18 19 19 19 24 33 35 48 55 66 92 83 87 124 138 150 149 156 218 274 346 451 516 636 611 707 797 638 461 491 402 324
 ... : 16 17 18 19 19 19 24 33 35 48 55 66 92 83 87 124 138 150 149 160 236 297 361 454 519 641 614 715 803 645 478 494 402 324
 ... : 16 17 18 19 19 19 24 33 35 48 55 66 92 84 89 129 143 158 164 169 252 307 371 454 519 641 614 715 803 645 478 494 402 324
 ... : 16 17 18 19 19 19 24 33 35 48 55 66 92 87 93 135 155 167 176 176 267 327 389 461 521 641 614 715 803 645 478 494 402 324
 ... : 16 17 18 19 19 19 24 33 35 48 55 67 97 99 116 160 163 173 176 178 270 328 389 461 521 641 614 715 803 645 478 494 402 324
 ... : 16 17 18 19 19 19 24 33 35 47 53 66 94 97 111 159 171 195 196 184 276 338 399 467 521 641 614 715 803 645 478 494 402 324
 ... : 16 17 18 19 19 19 24 33 35 47 53 66 94 97 111 159 171 195 195 190 280 345 412 484 541 652 616 715 803 645 478 494 402 324
 ... : 16 17 18 19 19 19 24 33 35 47 53 66 94 97 111 159 171 194 196 201 289 348 417 495 549 673 644 721 808 647 480 494 402 324
 ... : 16 17 18 19 19 19 24 33 35 47 52 64 92 95 111 161 173 195 199 202 291 352 424 500 555 673 648 730 810 647 481 494 402 324
 ... : 16 17 18 19 19 19 24 33 35 47 52 64 92 95 111 161 173 195 199 202 291 352 424 499 555 673 648 722 814 726 590 497 402 324
 ... : 16 17 18 19 19 19 24 33 35 47 52 64 92 95 111 161 173 195 199 202 291 352 424 499 555 673 647 720 810 746 691 529 402 324
 ... : 16 17 18 19 19 19 24 33 35 47 52 64 92 95 111 161 173 195 199 202 291 352 424 499 555 672 647 717 799 739 718 560 406 324
 ... : 16 17 18 19 19 19 24 33 35 47 52 64 92 95 111 161 173 195 199 202 291 352 424 499 554 673 652 729 800 769 799 605 407 324
 ... : 16 17 18 19 19 19 24 33 35 47 52 64 92 95 111 161 173 195 199 202 291 352 424 499 552 675 660 767 855 802 809 605 407 324
 ... : 16 17 18 19 19 19 24 33 35 47 52 64 92 95 111 161 173 195 199 202 291 352 424 499 552 673 657 767 861 815 840 624 407 324
 ... : 16 17 18 19 19 19 24 33 35 47 52 64 92 95 111 161 173 195 199 202 291 352 424 499 552 672 658 772 868 827 887 660 411 324
 ... : 16 17 18 19 19 19 24 33 35 47 52 64 92 95 111 161 173 195 199 202 291 352 424 499 552 672 658 771 867 854 976 725 411 324
 ... : 16 17 18 19 19 19 24 33 35 47 52 64 92 95 111 161 173 195 199 202 291 352 424 499 552 672 659 771 857 841 977 813 414 324
 ... : 16 17 18 19 19 19 24 33 35 47 52 64 92 95 111 161 173 195 199 202 291 352 424 499 552 668 663 779 871 848 979 827 414 324
 ... : 16 17 18 19 19 19 24 33 35 47 52 64 92 95 111 161 173 196 201 206 296 359 427 494 543 668 662 777 881 886 998 828 414 324
 ... : 16 17 18 19 19 19 24 33 35 47 52 64 92 95 111 161 175 199 204 208 296 359 441 500 546 685 686 786 882 886 998 828 414 324
 ... : 16 17 18 19 19 19 24 33 35 47 52 64 92 95 111 161 175 199 204 208 296 359 441 509 545 695 688 800 901 898 1000 828 415 324
 ... : 16 17 18 19 19 19 24 33 35 47 52 64 92 95 111 161 175 199 204 208 296 359 441 509 542 689 685 814 932 931 1036 828 415 324
 ... : 16 17 18 19 19 19 24 33 35 47 52 64 92 95 111 161 175 199 204 208 296 359 441 509 540 681 672 813 925 922 1049 848 417 324
 ... : 16 17 18 19 19 19 24 33 35 47 52 64 92 95 111 161 175 199 204 208 296 359 441 509 540 679 666 809 948 974 1115 875 417 324
 ... : 16 17 18 19 19 19 24 33 35 47 52 64 92 95 111 161 175 199 204 208 296 359 441 509 540 681 659 805 938 967 1126 913 417 324
 ... : 16 17 18 19 19 19 24 33 35 47 52 64 92 95 111 161 175 199 204 208 296 359 441 509 540 680 654 803 931 960 1138 1024 471 324
 ... : 16 17 18 19 19 19 24 33 35 47 52 64 92 95 111 161 175 199 204 208 296 359 441 509 540 680 654 801 933 951 1140 1091 535 324
 ... : 16 17 18 19 19 19 24 33 35 47 52 64 92 95 111 161 175 199 204 208 296 359 441 508 540 680 654 801 933 949 1128 1117 590 325
 ... : 16 17 18 19 19 19 24 33 35 47 52 64 92 95 111 161 175 199 204 208 296 359 441 508 540 680 654 800 930 941 1115 1120 720 357
 ... : 16 17 18 19 19 19 24 33 35 47 52 64 92 95 111 161 175 199 204 208 296 359 441 508 540 680 654 799 917 931 1097 1112 843 423
 ... : 16 17 18 19 19 19 24 33 35 47 52 64 92 95 111 161 175 199 204 208 296 359 441 508 540 680 654 798 914 926 1085 1107 866 486
 ... : 16 17 18 19 19 19 24 33 35 47 52 64 92 95 111 161 175 199 204 208 296 359 441 508 540 679 655 797 911 911 1072 1128 882 549
 ... : 16 17 18 19 19 19 24 33 35 47 52 64 92 95 111 161 175 199 204 208 296 359 441 508 538 680 659 800 912 925 1093 1155 894 550
 ... : 16 17 18 19 19 19 24 33 35 47 52 64 92 95 111 161 175 199 204 208 296 361 447 536 568 693 665 830 944 928 1093 1155 894 550
 ... : 16 17 18 19 19 19 24 33 35 47 52 64 92 95 111 161 183 215 221 225 316 364 451 537 581 705 666 830 944 928 1093 1155 894 550
 ... : 16 17 18 19 19 19 24 33 35 47 52 64 92 95 111 161 183 216 232 252 356 380 452 537 581 705 666 830 944 928 1093 1155 894 550
 ... : 16 17 18 19 19 19 24 33 35 47 52 64 92 95 111 161 183 220 247 265 393 406 455 539 581 705 666 830 944 928 1093 1155 894 550
 ... : 16 17 18 19 19 19 24 33 35 47 52 64 92 95 111 161 183 220 247 263 415 470 459 543 581 705 666 830 944 928 1093 1155 894 550
 ... : 16 17 18 19 19 19 24 33 35 47 52 64 92 95 111 161 183 220 249 284 421 537 466 543 581 705 666 830 944 928 1093 1155 894 550
 ... : 16 17 18 19 19 19 24 33 35 47 52 64 92 95 111 161 183 220 249 281 423 565 487 543 581 713 669 832 946 929 1094 1155 894 550
 ... : 16 17 18 19 19 19 24 33 35 47 52 64 92 95 111 161 183 220 249 281 423 560 485 543 583 716 673 833 947 937 1097 1156 897 556
 ... : 16 17 18 19 19 19 24 33 35 47 52 64 92 95 111 161 183 220 249 281 423 560 485 543 583 715 667 826 935 931 1096 1210 938 556
 ... : 16 17 18 19 19 19 24 33 35 47 52 64 92 95 111 161 183 220 249 281 423 560 485 542 582 716 666 824 937 923 1080 1228 987 566
 ... : 16 17 18 19 19 19 24 33 35 47 52 64 92 95 111 161 183 220 249 281 423 560 485 542 581 714 665 819 942 942 1129 1270 998 566
 ... : 16 17 18 19 19 19 24 33 35 47 52 64 92 95 111 161 183 220 249 281 423 560 485 542 581 714 665 817 938 939 1130 1328 1037 568
 ... : 16 17 18 19 19 19 24 33 35 47 52 64 92 95 111 161 183 220 249 281 423 560 485 542 581 714 663 811 920 918 1122 1344 1092 614
  35 : 16 17 18 19 19 19 24 33 35 47 52 64 90 92 103 149 166 195 224 261 351 431 491 461 486 584 548 501 606 573 617 761 811 857 617
  36 : 16 17 18 19 19 19 24 33 35 47 52 64 90 92 103 149 166 195 224 261 351 431 491 461 486 584 548 501 606 573 617 761 811 856 369 254
  37 : 16 17 18 19 19 19 24 33 35 47 52 64 90 92 103 149 166 195 224 261 351 431 491 461 486 584 548 501 606 573 617 761 811 854 368 61 202
 ... : 16 17 18 19 19 19 24 33 35 47 52 64 90 92 103 149 166 195 224 261 351 436 493 464 489 579 553 507 610 580 616 762 806 852 372 67 208
 ... : 16 17 18 19 19 19 24 33 35 47 52 64 90 92 103 149 166 195 224 261 351 436 493 464 488 578 550 500 615 575 609 778 825 855 377 68 209
 ... : 16 17 18 19 19 19 24 33 35 47 52 64 90 92 103 149 166 195 224 261 351 436 493 464 487 581 563 517 628 597 611 773 826 869 390 70 210
 ... : 16 17 18 19 19 19 24 33 35 47 52 64 90 92 103 149 166 195 224 261 351 434 493 464 486 581 564 519 628 611 639 780 831 881 393 70 210
 ... : 16 17 18 19 19 19 24 33 35 47 52 64 90 92 103 149 166 195 224 261 351 434 493 464 486 581 563 519 627 610 636 766 841 907 438 70 210
 ... : 16 17 18 19 19 19 24 33 35 47 52 64 90 92 103 149 166 195 224 261 351 434 493 464 486 581 563 518 627 610 635 760 825 883 540 144 211
 ... : 16 17 18 19 19 19 24 33 35 47 52 64 90 92 103 149 166 195 224 261 351 434 493 464 486 581 563 518 627 610 633 755 817 864 560 254 257
 ... : 16 17 18 19 19 19 24 33 35 47 52 64 90 92 103 149 166 195 224 261 351 433 492 463 485 581 562 518 626 609 628 747 805 860 588 314 295
  38 : 16 17 18 19 19 19 24 33 35 47 52 64 90 92 103 149 166 195 224 261 351 432 488 445 469 558 462 401 468 504 544 567 621 664 660 361 267 235
  39 : 16 17 18 19 19 19 24 33 35 47 52 64 90 92 103 149 166 195 224 261 351 432 488 445 469 558 462 401 468 504 544 567 621 664 656 362 270 36 208
 ... : 16 17 18 19 19 19 24 33 35 47 52 64 90 92 103 149 166 195 224 261 351 432 488 445 469 558 462 401 469 506 546 581 636 667 675 384 293 67 231
 ... : 16 17 18 19 19 19 24 33 35 47 52 64 90 92 103 149 166 195 224 261 352 435 489 456 493 593 493 420 474 509 548 581 636 667 675 384 293 67 231
 ... : 16 17 18 19 19 19 24 33 35 47 52 64 90 92 103 149 166 195 224 261 352 435 489 456 492 596 508 457 534 537 552 583 637 667 676 384 293 67 231
 ... : 16 17 18 19 19 19 24 33 35 47 52 64 90 92 103 149 166 195 224 261 352 435 489 456 492 597 511 464 551 569 589 594 643 668 676 384 293 67 231
 ... : 16 17 18 19 19 19 24 33 35 47 52 64 90 92 103 149 166 195 224 261 352 435 489 456 492 597 511 464 551 579 636 627 651 673 678 384 295 67 231
 ... : 16 17 18 19 19 19 24 33 35 47 52 64 90 92 103 149 166 195 224 261 352 435 489 456 492 597 511 464 550 582 656 697 656 673 678 384 295 67 231
 ... : 16 17 18 19 19 19 24 33 35 47 52 64 90 92 103 149 166 195 224 261 352 435 489 456 492 597 511 464 553 587 679 728 675 674 678 384 295 67 231
 ... : 16 17 18 19 19 19 24 33 35 47 52 64 90 92 103 149 166 195 224 261 352 435 489 456 492 597 511 464 553 585 675 750 740 677 678 384 295 67 231
 ... : 16 17 18 19 19 19 24 33 35 47 52 64 90 92 103 149 166 195 224 261 352 435 489 456 492 597 511 464 550 583 654 718 777 736 682 384 295 67 231
 ... : 16 17 18 19 19 19 24 33 35 47 52 64 90 92 103 149 166 195 224 261 352 435 489 456 492 597 511 464 549 585 655 708 768 795 690 385 295 67 231
 ... : 16 17 18 19 19 19 24 33 35 47 52 64 90 92 103 149 166 195 224 261 352 435 489 456 492 597 511 464 549 585 660 762 871 897 705 385 295 67 231
 ... : 16 17 18 19 19 19 24 33 35 47 52 64 90 92 103 149 166 195 224 261 352 435 489 456 492 597 511 464 552 589 671 765 904 988 731 385 295 67 231
 ... : 16 17 18 19 19 19 24 33 35 47 52 64 90 92 103 149 166 195 224 261 352 435 489 456 492 597 511 464 552 589 670 771 926 1055 796 385 295 67 231
 ... : 16 17 18 19 19 19 24 33 35 47 52 64 90 92 103 149 166 195 224 261 352 435 489 456 492 597 511 464 551 588 670 766 927 1063 854 385 295 67 231
 ... : 16 17 18 19 19 19 24 33 35 47 52 64 90 92 103 149 166 195 224 261 352 435 489 456 492 597 511 464 550 586 661 756 920 1054 891 394 295 67 231
 ... : 16 17 18 19 19 19 24 33 35 47 52 64 90 92 103 149 166 195 224 261 352 435 489 456 492 597 511 464 550 586 659 758 920 1067 957 456 295 67 231
 ... : 16 17 18 19 19 19 24 33 35 47 52 64 90 92 103 149 166 195 224 261 352 435 489 456 492 597 511 464 550 585 659 755 910 1084 1065 568 295 67 231
 ... : 16 17 18 19 19 19 24 33 35 47 52 64 90 92 103 149 166 195 224 261 352 435 489 456 492 597 511 464 550 585 659 755 911 1086 1098 693 318 67 231
 ... : 16 17 18 19 19 19 24 33 35 47 52 64 90 92 103 149 166 195 224 261 352 435 489 456 492 597 511 464 550 585 659 755 912 1086 1124 817 370 67 231
 ... : 16 17 18 19 19 19 24 33 35 47 52 64 90 92 103 149 166 195 224 261 352 435 489 456 492 597 511 464 550 585 658 750 915 1090 1131 840 396 67 231
 ... : 16 17 18 19 19 19 24 33 35 47 52 64 90 92 103 149 166 195 224 261 352 435 489 456 492 597 511 464 550 580 657 740 906 1076 1148 925 480 67 231
 ... : 16 17 18 19 19 19 24 33 35 47 52 64 90 92 103 149 166 195 224 261 352 435 489 456 492 597 511 464 550 580 656 740 907 1080 1170 1066 564 68 231
 ... : 16 17 18 19 19 19 24 33 35 47 52 64 90 92 103 149 166 195 224 261 352 435 493 461 496 601 512 460 558 597 666 740 910 1085 1193 1104 585 68 231
 ... : 16 17 18 19 19 19 24 33 35 47 52 64 90 92 103 149 166 195 224 261 352 435 493 461 493 609 521 466 570 611 682 752 915 1083 1203 1104 585 68 231
 ... : 16 17 18 19 19 19 24 33 35 47 52 64 90 92 103 149 166 195 224 261 352 435 493 461 493 607 519 463 567 615 700 772 925 1077 1208 1102 585 68 231
 ... : 16 17 18 19 19 19 24 33 35 47 52 64 90 92 103 149 166 195 224 261 352 435 493 461 493 604 521 470 573 613 706 781 935 1085 1209 1102 585 68 231
 ... : 16 17 18 19 19 19 24 33 35 47 52 64 90 92 103 149 166 195 224 261 352 435 493 461 493 603 518 468 563 608 698 768 941 1107 1248 1121 587 68 231
 ... : 16 17 18 19 19 19 24 33 35 47 52 64 90 92 103 149 166 195 224 261 352 435 493 461 493 603 518 467 562 607 694 764 937 1095 1279 1212 657 68 231
 ... : 16 17 18 19 19 19 24 33 35 47 52 64 90 92 103 149 166 195 224 261 352 435 493 461 501 606 524 477 573 619 704 765 938 1096 1283 1212 659 77 232
 ... : 16 17 18 19 19 19 24 33 35 47 52 64 90 92 103 149 166 195 224 261 352 435 493 462 502 614 534 485 577 626 712 766 938 1095 1304 1212 659 77 232
 ... : 16 17 18 19 19 19 24 33 35 47 52 64 90 92 103 149 166 195 224 261 352 435 493 462 502 614 540 495 587 635 724 784 951 1095 1314 1210 659 77 232
 ... : 16 17 18 19 19 19 24 33 35 47 52 64 90 92 103 149 166 195 224 261 352 435 493 462 501 614 545 500 592 634 727 789 951 1108 1330 1215 656 77 232
 ... : 16 17 18 19 19 19 24 33 35 47 52 64 90 92 103 149 166 195 224 261 352 435 493 462 501 614 545 500 589 635 728 790 966 1134 1379 1241 657 77 232
 ... : 16 17 18 19 19 19 24 33 35 47 52 64 90 92 103 149 166 195 224 261 352 435 493 462 501 614 545 500 590 639 735 795 967 1145 1387 1276 666 77 232
 ... : 16 17 18 19 19 19 24 33 35 47 52 64 90 92 103 149 166 195 224 261 352 435 493 462 501 614 545 500 590 638 735 793 965 1153 1405 1356 724 80 232
 ... : 16 17 18 19 19 19 24 33 35 47 52 64 90 92 103 149 166 195 224 261 352 435 493 462 501 614 545 500 590 638 735 793 965 1152 1406 1418 831 91 232
 ... : 16 17 18 19 19 19 24 33 35 47 52 64 90 92 103 149 166 195 224 261 352 435 493 462 501 614 545 500 590 638 735 790 965 1161 1428 1497 928 105 232
 ... : 16 17 18 19 19 19 24 33 35 47 52 64 90 92 103 149 166 195 224 261 352 435 493 462 501 614 545 500 590 638 735 790 965 1161 1423 1510 1041 163 232
 ... : 16 17 18 19 19 19 24 33 35 47 52 64 90 92 103 149 166 195 224 261 352 435 493 462 501 614 545 500 590 638 735 790 965 1161 1425 1528 1140 234 232
 ... : 16 17 18 19 19 19 24 33 35 47 52 64 90 92 103 149 166 195 224 261 352 435 493 462 501 614 545 500 590 638 735 790 965 1164 1433 1545 1215 294 232
 ... : 16 17 18 19 19 19 24 33 35 47 52 64 90 92 103 149 166 195 224 261 352 435 493 462 501 614 550 507 595 639 738 793 982 1188 1457 1547 1264 316 232
 ... : 16 17 18 19 19 19 24 33 35 47 52 64 90 92 103 149 166 195 224 261 352 435 493 462 501 614 550 506 597 644 740 793 982 1190 1494 1609 1293 317 232
 ... : 16 17 18 19 19 19 24 33 35 47 52 64 90 92 103 149 166 195 224 261 352 435 493 462 501 614 550 506 597 644 740 793 983 1189 1509 1644 1372 349 232
 ... : 16 17 18 19 19 19 24 33 35 47 52 64 90 92 103 149 166 195 224 261 352 435 493 462 501 614 550 507 599 646 745 805 995 1213 1533 1657 1374 349 232
 ... : 16 17 18 19 19 19 24 33 35 47 52 64 90 92 103 149 166 195 224 261 352 435 493 462 501 614 550 507 599 645 744 805 994 1210 1538 1694 1440 383 232
 ... : 16 17 18 19 19 19 24 33 35 47 52 64 90 92 103 149 166 195 224 261 352 435 493 462 501 614 550 507 599 645 744 805 994 1209 1538 1682 1542 444 232
 ... : 16 17 18 19 19 19 24 33 35 47 52 64 90 92 103 149 166 195 224 261 352 435 493 462 501 614 550 507 599 645 744 805 994 1208 1537 1687 1639 511 232
 ... : 16 17 18 19 19 19 24 33 35 47 52 64 90 92 103 149 166 195 224 261 352 435 493 462 501 614 550 506 597 645 743 805 994 1208 1537 1709 1710 569 232
 ... : 16 17 18 19 19 19 24 33 35 47 52 64 90 92 103 149 166 195 224 261 352 435 493 462 501 614 550 506 597 645 743 805 994 1207 1534 1738 1804 659 232
 ... : 16 17 18 19 19 19 24 33 35 47 52 64 90 92 103 149 166 195 224 261 352 435 493 462 501 614 550 506 597 645 743 804 992 1206 1535 1708 1824 763 232
 ... : 16 17 18 19 19 19 24 33 35 47 52 64 90 92 103 149 166 195 224 261 352 435 493 462 501 614 550 506 597 645 743 804 990 1205 1534 1694 1837 832 232
 ... : 16 17 18 19 19 19 24 33 35 47 52 64 90 92 103 149 166 195 224 261 352 435 493 462 501 614 550 506 597 645 743 804 990 1205 1533 1685 1868 961 247
 ... : 16 17 18 19 19 19 24 33 35 47 52 64 90 92 103 149 166 195 224 261 352 435 493 462 501 614 550 506 597 644 743 804 993 1214 1546 1683 1900 1081 284
 ... : 16 17 18 19 19 19 24 33 35 47 52 64 90 92 103 149 166 195 224 261 352 435 493 462 501 614 550 506 597 644 743 804 993 1214 1550 1707 1962 1190 299
 ... : 16 17 18 19 19 19 24 33 35 47 52 64 90 92 103 149 166 195 224 261 352 435 493 462 501 614 550 506 597 644 743 804 993 1213 1550 1705 2005 1379 350
 ... : 16 17 18 19 19 19 24 33 35 47 52 64 90 92 103 149 166 195 224 261 352 435 493 462 501 614 550 506 597 644 743 804 992 1209 1554 1724 2105 1488 367
 ... : 16 17 18 19 19 19 24 33 35 47 52 64 90 92 103 149 166 195 224 261 352 435 493 462 501 614 550 506 597 644 743 804 992 1208 1554 1718 2091 1644 438
 ... : 16 17 18 19 19 19 24 33 35 47 52 64 90 92 103 149 166 195 224 261 352 435 493 462 501 614 550 506 597 644 743 804 991 1198 1552 1702 2040 1697 552
 ... : 16 17 18 19 19 19 24 33 35 47 52 64 90 92 103 149 166 195 224 261 352 435 493 462 501 614 550 506 597 644 743 803 991 1195 1552 1683 2013 1821 634
 ... : 16 17 18 19 19 19 24 33 35 47 52 64 90 92 103 149 166 195 224 261 352 435 493 462 501 614 550 506 595 640 740 802 991 1195 1552 1683 2037 1955 697
 ... : 16 17 18 19 19 19 24 33 35 47 52 64 90 92 103 149 166 195 224 261 352 435 493 462 501 614 550 506 595 640 739 801 989 1191 1557 1685 2034 2062 747
 ... : 16 17 18 19 19 19 24 33 35 47 52 64 90 92 103 149 166 195 224 261 352 435 493 462 501 614 550 506 595 640 739 804 1028 1241 1618 1689 2034 2062 747
 ... : 16 17 18 19 19 19 24 33 35 47 52 64 90 92 103 149 166 195 224 261 352 435 493 462 501 614 550 506 595 640 737 804 1031 1265 1688 1741 2035 2062 747
 ... : 16 17 18 19 19 19 24 33 35 47 52 64 90 92 103 149 166 195 224 261 352 435 493 462 501 614 550 506 595 639 737 804 1032 1269 1739 1811 2048 2063 747
 ... : 16 17 18 19 19 19 24 33 35 47 52 64 90 92 103 149 166 195 224 261 352 435 493 462 501 614 550 506 595 639 737 804 1033 1282 1766 1897 2108 2066 747
 ... : 16 17 18 19 19 19 24 33 35 47 52 64 90 92 103 149 166 195 224 261 352 435 493 462 501 614 550 506 595 639 737 804 1032 1285 1775 1938 2207 2071 747
 ... : 16 17 18 19 19 19 24 33 35 47 52 64 90 92 103 149 166 195 224 261 352 435 493 462 501 614 550 506 595 639 737 804 1041 1297 1811 1973 2265 2085 747
 ... : 16 17 18 19 19 19 24 33 35 47 52 64 90 92 103 149 166 195 224 261 352 435 493 462 501 614 550 506 595 639 737 804 1041 1296 1820 2025 2345 2159 747
 ... : 16 17 18 19 19 19 24 33 35 47 52 64 90 92 103 149 166 195 224 261 352 435 493 462 501 614 550 506 595 639 737 804 1041 1296 1814 2007 2418 2285 747
 ... : 16 17 18 19 19 19 24 33 35 47 52 64 90 92 103 149 166 195 224 261 352 435 493 462 501 614 550 506 595 639 737 804 1045 1295 1818 2048 2497 2351 747
 ... : 16 17 18 19 19 19 24 33 35 47 52 64 90 92 103 149 166 195 224 261 352 435 493 462 501 614 550 506 595 639 737 804 1045 1295 1818 2066 2619 2503 777
 ... : 16 17 18 19 19 19 24 33 35 47 52 64 90 92 103 149 166 195 224 261 352 435 493 462 501 614 550 506 595 639 737 804 1045 1295 1820 2078 2683 2697 823
 ... : 16 17 18 19 19 19 24 33 35 47 52 64 90 92 103 149 166 195 224 261 352 435 493 462 501 614 550 506 595 639 737 804 1045 1297 1823 2078 2709 2838 879
 ... : 16 17 18 19 19 19 24 33 35 47 52 64 90 92 103 149 166 195 224 261 352 435 493 462 501 614 550 506 595 639 736 804 1045 1297 1844 2120 2754 2889 904
 ... : 16 17 18 19 19 19 24 33 35 47 52 64 90 92 103 149 166 195 224 261 352 435 493 462 501 614 550 506 595 639 736 804 1045 1299 1852 2126 2774 3021 945
 ... : 16 17 18 19 19 19 24 33 35 47 52 64 90 92 103 149 166 195 224 261 352 435 493 462 501 614 550 506 595 639 736 804 1045 1299 1854 2129 2780 3113 995
 ... : 16 17 18 19 19 19 24 33 35 47 52 64 90 92 103 149 166 195 224 261 352 435 493 462 501 614 550 506 595 639 736 804 1045 1299 1853 2128 2787 3204 1062
 ... : 16 17 18 19 19 19 24 33 35 47 52 64 90 92 103 149 166 195 224 261 352 435 493 462 501 614 550 506 595 639 736 804 1045 1298 1852 2123 2759 3228 1213
 ... : 16 17 18 19 19 19 24 33 35 47 52 64 90 92 103 149 166 195 224 261 352 435 493 462 501 614 550 506 595 639 736 804 1045 1298 1851 2131 2757 3266 1314
 ... : 16 17 18 19 19 19 24 33 35 47 52 64 90 92 103 149 166 195 224 261 352 435 493 462 501 614 550 506 595 639 736 804 1045 1298 1850 2126 2755 3344 1393
 ... : 16 17 18 19 19 19 24 33 35 47 52 64 90 92 103 149 166 195 224 261 352 435 493 462 501 614 550 506 595 639 736 804 1045 1298 1849 2126 2743 3408 1466
 ... : 16 17 18 19 19 19 24 33 35 47 52 64 90 92 103 149 166 195 224 261 352 435 493 462 501 614 550 506 595 639 736 804 1045 1298 1849 2121 2711 3405 1598
 ... : 16 17 18 19 19 19 24 33 35 47 52 64 90 92 103 149 166 195 224 261 352 435 493 462 501 614 550 506 595 639 736 804 1045 1296 1849 2116 2682 3401 1705
  40 : 16 17 18 19 19 19 24 33 35 47 52 64 90 92 103 149 166 195 224 261 352 435 493 459 488 582 511 485 534 561 616 725 924 1059 1765 1408 1447 2313 2763 1837
 ... : 16 17 18 19 19 19 24 33 35 47 52 64 90 92 103 149 166 195 224 261 352 435 493 459 488 582 511 493 539 572 622 734 940 1093 1794 1436 1470 2331 2775 1840
 ... : 16 17 18 19 19 19 24 33 35 47 52 64 90 92 103 149 166 195 224 261 352 435 493 460 502 621 593 572 620 603 625 734 940 1093 1794 1436 1470 2331 2775 1840
 ... : 16 17 18 19 19 19 24 33 35 47 52 64 90 92 103 149 166 195 224 261 352 435 493 460 506 631 637 675 674 606 625 734 940 1093 1794 1436 1470 2331 2775 1840
 ... : 16 17 18 19 19 19 24 33 35 47 52 64 90 92 103 149 166 195 224 261 352 435 493 460 506 653 700 736 696 606 625 735 940 1093 1794 1436 1470 2331 2775 1840
 ... : 16 17 18 19 19 19 24 33 35 47 52 64 90 92 103 149 166 195 224 261 352 435 493 460 517 696 779 816 719 606 625 735 940 1093 1794 1436 1470 2331 2775 1840
 ... : 16 17 18 19 19 19 24 33 35 47 52 64 90 92 103 149 166 195 224 261 352 435 493 460 516 710 828 901 767 608 625 735 940 1093 1794 1436 1470 2331 2775 1840
 ... : 16 17 18 19 19 19 24 33 35 47 52 64 90 92 103 149 166 195 224 261 352 435 493 460 516 707 861 960 829 658 625 735 940 1093 1794 1436 1470 2331 2775 1840
 ... : 16 17 18 19 19 19 24 33 35 47 52 64 90 92 103 149 166 195 224 261 352 434 493 460 516 709 901 1023 910 682 626 735 940 1093 1794 1436 1470 2331 2775 1840
 ... : 16 17 18 19 19 19 24 33 35 47 52 64 90 92 103 149 166 195 224 261 352 434 498 469 524 709 903 1074 1002 716 626 735 940 1093 1794 1436 1470 2331 2775 1840
 ... : 16 17 18 19 19 19 24 33 35 47 52 64 90 92 103 149 166 195 224 261 354 438 530 530 588 745 903 1074 1002 716 626 735 940 1093 1794 1436 1470 2331 2775 1840
 ... : 16 17 18 19 19 19 24 33 35 47 52 64 90 92 103 149 166 195 227 273 364 461 542 547 604 788 925 1074 1002 716 626 735 940 1093 1794 1436 1470 2331 2775 1840
 ... : 16 17 18 19 19 19 24 33 35 47 52 64 90 92 103 149 166 195 227 273 364 459 540 546 603 792 954 1100 1070 740 628 735 940 1093 1794 1436 1470 2331 2775 1840
 ... : 16 17 18 19 19 19 24 33 35 47 52 64 90 92 103 149 166 195 227 273 364 459 540 546 603 791 961 1149 1185 826 630 735 940 1093 1794 1436 1470 2331 2775 1840
 ... : 16 17 18 19 19 19 24 33 35 47 52 64 90 92 103 149 166 195 227 273 364 459 540 546 603 791 993 1197 1386 921 631 735 940 1093 1794 1436 1470 2331 2775 1840
 ... : 16 17 18 19 19 19 24 33 35 47 52 64 90 92 103 149 166 195 227 273 364 459 540 546 603 823 1062 1292 1449 955 631 735 940 1093 1794 1436 1470 2331 2775 1840
 ... : 16 17 18 19 19 19 24 33 35 47 52 64 90 92 103 149 166 195 227 273 364 459 540 546 603 823 1081 1389 1570 1008 634 735 940 1093 1794 1436 1470 2331 2775 1840
 ... : 16 17 18 19 19 19 24 33 35 47 52 64 90 92 103 149 166 195 227 273 364 459 540 546 603 823 1107 1524 1724 1055 634 735 940 1093 1794 1436 1470 2331 2775 1840
 ... : 16 17 18 19 19 19 24 33 35 47 52 64 90 92 103 149 166 195 227 273 364 459 540 546 603 823 1106 1528 1789 1248 688 737 940 1093 1794 1436 1470 2331 2775 1840
 ... : 16 17 18 19 19 19 24 33 35 47 52 64 90 92 103 149 166 195 227 273 364 459 540 546 603 823 1106 1524 1825 1408 764 738 940 1093 1794 1436 1470 2331 2775 1840
 ... : 16 17 18 19 19 19 24 33 35 47 52 64 90 92 103 149 166 195 227 273 364 459 540 546 603 823 1106 1521 1890 1561 854 738 941 1093 1794 1436 1470 2331 2775 1840
 ... : 16 17 18 19 19 19 24 33 35 47 52 64 90 92 103 149 166 195 227 273 364 459 540 546 603 823 1114 1586 1962 1646 879 738 941 1093 1794 1436 1470 2331 2775 1840
 ... : 16 17 18 19 19 19 24 33 35 47 52 64 90 92 103 149 166 195 227 273 364 459 540 546 603 823 1125 1661 2009 1735 925 738 941 1093 1794 1436 1470 2331 2775 1840
 ... : 16 17 18 19 19 19 24 33 35 47 52 64 90 92 103 149 166 195 227 273 364 459 540 546 603 823 1132 1745 2094 1787 948 738 941 1093 1794 1436 1470 2331 2775 1841
 ... : 16 17 18 19 19 19 24 33 35 47 52 64 90 92 103 149 166 195 227 273 364 459 540 546 603 823 1161 1838 2172 1819 980 738 941 1093 1794 1436 1470 2331 2775 1841
 ... : 16 17 18 19 19 19 24 33 35 47 52 64 90 92 103 149 166 195 227 273 364 459 540 546 603 823 1176 1936 2280 1883 983 738 941 1093 1794 1436 1470 2331 2775 1841
 ... : 16 17 18 19 19 19 24 33 35 47 52 64 90 92 103 149 166 195 227 273 364 459 540 546 603 823 1176 1950 2340 2001 1039 738 941 1093 1794 1436 1470 2331 2775 1841
 ... : 16 17 18 19 19 19 24 33 35 47 52 64 90 92 103 149 166 195 227 273 364 459 540 546 603 823 1175 1957 2374 2057 1132 739 941 1093 1794 1436 1470 2331 2775 1841
 ... : 16 17 18 19 19 19 24 33 35 47 52 64 90 92 103 149 166 195 227 273 364 459 540 546 603 823 1175 1988 2422 2112 1205 739 941 1093 1794 1436 1470 2331 2775 1841
 ... : 16 17 18 19 19 19 24 33 35 47 52 64 90 92 103 149 166 195 227 273 364 459 540 546 603 823 1176 2033 2524 2205 1249 739 941 1093 1794 1436 1470 2331 2775 1841
 ... : 16 17 18 19 19 19 24 33 35 47 52 64 90 92 103 149 166 195 227 273 364 459 540 546 603 823 1175 2055 2652 2299 1280 739 941 1093 1794 1436 1470 2331 2775 1841
 ... : 16 17 18 19 19 19 24 33 35 47 52 64 90 92 103 149 166 195 227 273 364 459 540 546 603 823 1175 2054 2686 2388 1368 739 941 1093 1794 1436 1470 2331 2775 1841
 ... : 16 17 18 19 19 19 24 33 35 47 52 64 90 92 103 149 166 195 227 273 364 459 540 546 603 823 1175 2079 2776 2472 1439 739 941 1093 1794 1436 1470 2331 2775 1841
 ... : 16 17 18 19 19 19 24 33 35 47 52 64 90 92 103 149 166 195 227 273 364 459 540 546 603 823 1175 2079 2787 2629 1536 739 941 1093 1794 1436 1470 2331 2775 1841
 ... : 16 17 18 19 19 19 24 33 35 47 52 64 90 92 103 149 166 195 227 273 364 459 540 546 603 835 1181 2078 2770 2746 1668 739 941 1093 1794 1436 1470 2331 2775 1841
 ... : 16 17 18 19 19 19 24 33 35 47 52 64 90 92 103 149 166 195 227 273 364 459 540 546 603 837 1183 2115 2799 2771 1711 742 942 1093 1794 1436 1470 2331 2775 1841
 ... : 16 17 18 19 19 19 24 33 35 47 52 64 90 92 103 149 166 195 227 273 364 459 540 546 603 837 1183 2150 2912 2869 1757 742 942 1093 1794 1436 1470 2331 2775 1841
 ... : 16 17 18 19 19 19 24 33 35 47 52 64 90 92 103 149 166 195 227 273 364 459 540 546 603 837 1182 2208 3074 2962 1788 742 942 1093 1794 1436 1470 2331 2775 1841
 ... : 16 17 18 19 19 19 24 33 35 47 52 64 90 92 103 149 166 195 227 273 364 459 540 546 603 837 1182 2219 3161 3082 1852 746 942 1093 1794 1436 1470 2331 2775 1841
 ... : 16 17 18 19 19 19 24 33 35 47 52 64 90 92 103 149 166 195 227 273 364 459 540 546 603 837 1182 2217 3164 3187 2007 784 942 1093 1794 1436 1470 2331 2775 1841
 ... : 16 17 18 19 19 19 24 33 35 47 52 64 90 92 103 149 166 195 227 273 364 459 540 546 603 837 1182 2217 3163 3251 2158 858 944 1093 1794 1436 1470 2331 2775 1841
 ... : 16 17 18 19 19 19 24 33 35 47 52 64 90 92 103 149 166 195 227 273 364 459 540 546 603 837 1182 2216 3161 3298 2224 926 944 1093 1794 1436 1470 2331 2775 1841
 ... : 16 17 18 19 19 19 24 33 35 47 52 64 90 92 103 149 166 195 227 273 364 459 540 546 603 837 1182 2216 3161 3339 2313 1000 944 1093 1794 1436 1470 2331 2775 1841
 ... : 16 17 18 19 19 19 24 33 35 47 52 64 90 92 103 149 166 195 227 273 364 459 540 546 603 837 1182 2216 3165 3385 2332 1059 944 1093 1794 1436 1470 2331 2775 1841
 ... : 16 17 18 19 19 19 24 33 35 47 52 64 90 92 103 149 166 195 227 273 364 459 540 546 603 837 1182 2250 3236 3486 2404 1083 944 1093 1794 1436 1470 2331 2775 1841
 ... : 16 17 18 19 19 19 24 33 35 47 52 64 90 92 103 149 166 195 227 273 364 459 540 546 603 837 1182 2268 3329 3588 2472 1105 944 1093 1794 1436 1470 2331 2775 1841
 ... : 16 17 18 19 19 19 24 33 35 47 52 64 90 92 103 149 166 195 227 273 364 459 540 546 603 837 1182 2269 3342 3663 2566 1161 944 1093 1794 1436 1470 2331 2775 1841
 ... : 16 17 18 19 19 19 24 33 35 47 52 64 90 92 103 149 166 195 227 273 364 459 540 546 603 837 1182 2266 3349 3708 2621 1227 944 1093 1794 1436 1470 2331 2775 1841
 ... : 16 17 18 19 19 19 24 33 35 47 52 64 90 92 103 149 166 195 227 273 364 459 540 546 603 837 1182 2266 3350 3760 2745 1301 944 1093 1794 1436 1470 2331 2775 1841
 ... : 16 17 18 19 19 19 24 33 35 47 52 64 90 92 103 149 166 195 227 273 364 459 540 546 603 837 1182 2276 3403 3812 2809 1345 944 1093 1794 1436 1470 2331 2775 1841
 ... : 16 17 18 19 19 19 24 33 35 47 52 64 90 92 103 149 166 195 227 273 364 459 540 546 603 837 1182 2275 3407 3818 2833 1399 951 1093 1794 1436 1470 2331 2775 1841
 ... : 16 17 18 19 19 19 24 33 35 47 52 64 90 92 103 149 166 195 227 273 364 459 540 546 603 837 1182 2278 3468 3914 2922 1454 951 1093 1794 1436 1470 2331 2775 1841
 ... : 16 17 18 19 19 19 24 33 35 47 52 64 90 92 103 149 166 195 227 273 364 459 540 546 603 837 1182 2278 3502 3992 3019 1499 952 1093 1794 1436 1470 2331 2775 1841
 ... : 16 17 18 19 19 19 24 33 35 47 52 64 90 92 103 149 166 195 227 273 364 459 540 546 603 837 1182 2278 3512 4049 3107 1560 952 1093 1794 1436 1470 2331 2775 1841
 ... : 16 17 18 19 19 19 24 33 35 47 52 64 90 92 103 149 166 195 227 273 364 459 540 546 603 837 1182 2284 3532 4087 3244 1628 953 1093 1794 1436 1470 2331 2775 1841
 ... : 16 17 18 19 19 19 24 33 35 47 52 64 90 92 103 149 166 195 227 273 364 459 540 546 603 837 1182 2294 3600 4174 3328 1661 955 1093 1794 1436 1470 2331 2775 1841
 ... : 16 17 18 19 19 19 24 33 35 47 52 64 90 92 103 149 166 195 227 273 364 459 540 546 603 837 1182 2294 3619 4236 3408 1710 955 1093 1794 1436 1470 2331 2775 1841
 ... : 16 17 18 19 19 19 24 33 35 47 52 64 90 92 103 149 166 195 227 273 364 459 540 546 603 837 1182 2294 3620 4287 3523 1790 955 1093 1794 1436 1470 2331 2775 1841
 ... : 16 17 18 19 19 19 24 33 35 47 52 64 90 92 103 149 166 195 227 273 364 459 540 546 603 837 1182 2294 3620 4331 3626 1874 955 1093 1794 1436 1470 2331 2775 1841
 ... : 16 17 18 19 19 19 24 33 35 47 52 64 90 92 103 149 166 195 227 273 364 459 540 546 603 837 1193 2323 3622 4333 3687 1941 960 1095 1794 1436 1470 2331 2775 1841
 ... : 16 17 18 19 19 19 24 33 35 47 52 64 90 92 103 149 166 195 227 273 364 459 540 546 603 829 1188 2322 3625 4334 3697 1949 960 1097 1796 1438 1470 2331 2775 1841
 ... : 16 17 18 19 19 19 24 33 35 47 52 64 90 92 103 149 166 195 227 273 364 459 540 546 603 829 1188 2322 3625 4335 3687 1980 961 1098 1796 1438 1470 2331 2775 1841
 ... : 16 17 18 19 19 19 24 33 35 47 52 64 90 92 103 149 166 195 227 273 364 459 540 546 603 829 1188 2322 3625 4335 3684 1996 962 1098 1796 1438 1470 2331 2775 1841
 ... : 16 17 18 19 19 19 24 33 35 47 52 64 90 92 103 149 166 195 227 273 364 459 540 546 603 829 1188 2322 3625 4335 3681 2005 962 1098 1796 1438 1470 2331 2775 1841
 ... : 16 17 18 19 19 19 24 33 35 47 52 64 90 92 103 149 166 195 227 273 364 459 540 546 603 829 1188 2330 3676 4409 3702 2007 962 1098 1796 1438 1470 2331 2775 1841
 ... : 16 17 18 19 19 19 24 33 35 47 52 64 90 92 103 149 166 195 227 273 364 459 540 546 603 829 1188 2333 3741 4581 3815 2024 962 1097 1795 1438 1473 2333 2775 1841
 ... : 16 17 18 19 19 19 24 33 35 47 52 64 90 92 103 149 166 195 227 273 364 459 540 546 603 829 1187 2331 3742 4614 3946 2071 969 1097 1795 1438 1472 2333 2776 1841
 ... : 16 17 18 19 19 19 24 33 35 47 52 64 90 92 103 149 166 195 227 273 364 459 540 546 603 829 1187 2331 3742 4614 3946 2071 969 1097 1795 1438 1472 2333 2776 1841
 ... : 16 17 18 19 19 19 24 33 35 47 52 64 90 92 103 149 166 195 227 273 364 459 540 546 603 829 1187 2330 3742 4614 3946 2071 969 1097 1795 1437 1473 2333 2776 1841
 ... : 16 17 18 19 19 19 24 33 35 47 52 64 90 92 103 149 166 195 227 273 364 459 540 546 603 829 1187 2330 3742 4614 3946 2071 969 1097 1795 1437 1473 2333 2776 1841
 ... : 16 17 18 19 19 19 24 33 35 47 52 64 90 92 103 149 166 195 227 273 364 459 540 546 603 829 1187 2330 3742 4614 3946 2071 969 1097 1795 1437 1473 2333 2776 1841
 ... : 16 17 18 19 19 19 24 33 35 47 52 64 90 92 103 149 166 195 227 273 364 459 540 546 603 829 1187 2330 3742 4614 3946 2071 969 1097 1795 1437 1473 2333 2776 1841
 ... : 16 17 18 19 19 19 24 33 35 47 52 64 90 92 103 149 166 195 227 273 364 459 540 546 603 829 1187 2330 3742 4614 3946 2077 975 1100 1821 1460 1491 2345 2776 1841
 ... : 16 17 18 19 19 19 24 33 35 47 52 64 90 92 103 149 166 195 227 273 364 459 540 546 603 829 1187 2330 3742 4614 3946 2077 975 1100 1820 1483 1596 2424 2818 1842
 ... : 16 17 18 19 19 19 24 33 35 47 52 64 90 92 103 149 166 195 227 273 364 459 540 546 603 829 1187 2330 3742 4614 3946 2077 975 1100 1825 1525 1682 2497 2856 1864
 ... : 16 17 18 19 19 19 24 33 35 47 52 64 90 92 103 149 166 195 227 273 364 459 540 546 603 829 1187 2330 3742 4614 3946 2077 975 1107 1843 1573 1763 2625 2921 1868
 ... : 16 17 18 19 19 19 24 33 35 47 52 64 90 92 103 149 166 195 227 273 364 459 540 546 603 829 1187 2330 3742 4614 3946 2077 975 1107 1843 1573 1765 2661 3106 1918
 ... : 16 17 18 19 19 19 24 33 35 47 52 64 90 92 103 149 166 195 227 273 364 459 540 546 603 829 1187 2330 3742 4614 3946 2077 975 1107 1843 1573 1773 2660 3152 1956
 ... : 16 17 18 19 19 19 24 33 35 47 52 64 90 92 103 149 166 195 227 273 364 459 540 546 603 829 1187 2330 3742 4614 3948 2082 987 1123 1859 1593 1800 2685 3176 1968
 ... : 16 17 18 19 19 19 24 33 35 47 52 64 90 92 103 149 166 195 227 273 364 459 540 546 603 829 1187 2337 3750 4623 3953 2093 1011 1168 1888 1598 1800 2689 3176 1968
 ... : 16 17 18 19 19 19 24 33 35 47 52 64 90 92 103 149 166 195 227 273 364 459 540 546 603 829 1187 2337 3750 4623 3953 2097 1022 1216 1958 1681 1810 2689 3176 1968
 ... : 16 17 18 19 19 19 24 33 35 47 52 64 90 92 103 149 166 195 227 273 364 459 540 546 603 829 1187 2337 3750 4623 3953 2103 1038 1243 2017 1802 1846 2692 3176 1968
 ... : 16 17 18 19 19 19 24 33 35 47 52 64 90 92 103 149 166 195 227 273 364 459 540 546 603 829 1187 2337 3750 4623 3953 2103 1038 1244 2037 1870 1934 2707 3176 1968
 ... : 16 17 18 19 19 19 24 33 35 47 52 64 90 92 103 149 166 195 227 273 364 459 540 546 603 844 1201 2359 3765 4626 3953 2103 1039 1245 2043 1909 1967 2708 3176 1968
 ... : 16 17 18 19 19 19 24 33 35 47 52 64 90 92 103 149 166 195 227 273 417 564 621 582 619 854 1206 2359 3765 4626 3953 2103 1039 1245 2043 1909 1967 2708 3176 1968
 ... : 16 17 18 19 19 19 24 33 35 47 52 64 90 92 103 149 166 195 227 273 417 613 734 667 669 855 1206 2359 3765 4626 3953 2103 1039 1245 2043 1909 1967 2708 3176 1968
 ... : 16 17 18 19 19 19 24 33 35 47 52 64 90 92 103 149 166 195 227 273 417 619 795 784 765 863 1206 2359 3765 4626 3953 2103 1039 1245 2043 1909 1967 2708 3176 1968
 ... : 16 17 18 19 19 19 24 33 35 47 52 64 90 92 103 149 166 195 227 273 417 638 863 905 845 868 1206 2359 3765 4626 3953 2103 1039 1245 2043 1909 1967 2708 3176 1968
 ... : 16 17 18 19 19 19 24 33 35 47 52 64 90 92 103 149 166 195 227 273 417 641 875 960 960 941 1206 2359 3765 4626 3953 2103 1039 1245 2043 1909 1967 2708 3176 1968
 ... : 16 17 18 19 19 19 24 33 35 47 52 64 90 92 103 149 166 195 227 273 417 641 881 1024 1073 1022 1207 2359 3765 4626 3953 2103 1039 1245 2043 1909 1967 2708 3176 1968
 ... : 16 17 18 19 19 19 24 33 35 47 52 64 90 92 103 149 166 195 227 273 417 641 889 1064 1167 1106 1207 2359 3765 4626 3953 2103 1039 1245 2043 1909 1967 2708 3176 1968
 ... : 16 17 18 19 19 19 24 33 35 47 52 64 90 92 103 149 166 195 227 273 417 640 889 1108 1249 1218 1208 2359 3765 4626 3953 2103 1039 1245 2043 1909 1967 2708 3176 1968
 ... : 16 17 18 19 19 19 24 33 35 47 52 64 90 92 103 149 166 195 227 273 417 640 888 1134 1409 1303 1228 2359 3765 4626 3953 2103 1039 1245 2043 1909 1967 2708 3176 1968
 ... : 16 17 18 19 19 19 24 33 35 47 52 64 90 92 103 149 166 195 227 273 417 640 888 1134 1459 1421 1280 2357 3765 4626 3953 2103 1039 1245 2043 1909 1967 2708 3176 1968
 ... : 16 17 18 19 19 19 24 33 35 47 52 64 90 92 103 149 166 195 227 273 417 640 887 1133 1482 1515 1353 2359 3765 4626 3953 2103 1039 1245 2043 1909 1967 2708 3176 1968
 ... : 16 17 18 19 19 19 24 33 35 47 52 64 90 92 103 149 166 195 227 273 417 640 887 1134 1528 1594 1419 2359 3765 4626 3953 2103 1039 1245 2043 1909 1967 2708 3176 1968
 ... : 16 17 18 19 19 19 24 33 35 47 52 64 90 92 103 149 166 195 227 273 417 640 887 1130 1587 1699 1472 2359 3765 4626 3953 2103 1039 1245 2043 1909 1967 2708 3176 1968
 ... : 16 17 18 19 19 19 24 33 35 47 52 64 90 92 103 149 166 195 227 273 417 653 935 1171 1631 1740 1510 2359 3765 4626 3953 2103 1039 1245 2043 1909 1967 2708 3176 1968
 ... : 16 17 18 19 19 19 24 33 35 47 52 64 90 92 103 149 166 195 227 273 417 653 938 1211 1689 1841 1548 2359 3765 4626 3953 2103 1039 1245 2043 1909 1967 2708 3176 1968
 ... : 16 17 18 19 19 19 24 33 35 47 52 64 90 92 103 149 166 195 227 273 417 653 938 1212 1712 1880 1636 2359 3765 4626 3953 2103 1039 1245 2043 1909 1967 2708 3176 1968
 ... : 16 17 18 19 19 19 24 33 35 47 52 64 90 92 103 149 166 195 227 273 417 653 938 1210 1733 1976 1732 2361 3765 4626 3953 2103 1039 1245 2043 1909 1967 2708 3176 1968
 ... : 16 17 18 19 19 19 24 33 35 47 52 64 90 92 103 149 166 195 227 273 417 653 938 1208 1695 1953 1927 2366 3765 4626 3953 2103 1039 1245 2043 1909 1967 2708 3176 1968
 ... : 16 17 18 19 19 19 24 33 35 47 52 64 90 92 103 149 166 195 227 273 417 655 959 1239 1707 1969 1987 2369 3765 4630 3955 2104 1039 1245 2043 1909 1967 2708 3176 1968
 ... : 16 17 18 19 19 19 24 33 35 47 52 64 90 92 103 149 166 195 227 273 417 654 958 1279 1781 2039 2009 2370 3765 4630 3955 2104 1039 1245 2043 1909 1967 2708 3176 1968
 ... : 16 17 18 19 19 19 24 33 35 47 52 64 90 92 103 149 166 195 227 273 417 654 961 1281 1794 2092 2095 2374 3765 4630 3955 2104 1039 1245 2043 1909 1967 2708 3176 1968
 ... : 16 17 18 19 19 19 24 33 35 47 52 64 90 92 103 149 166 195 227 273 417 654 961 1288 1803 2119 2157 2406 3765 4630 3955 2104 1039 1245 2043 1909 1967 2708 3176 1968
 ... : 16 17 18 19 19 19 24 33 35 47 52 64 90 92 103 149 166 195 227 273 417 654 961 1288 1803 2149 2214 2469 3765 4630 3955 2104 1039 1245 2043 1909 1967 2708 3176 1968
 ... : 16 17 18 19 19 19 24 33 35 47 52 64 90 92 103 149 166 195 227 273 417 654 961 1288 1805 2160 2283 2540 3765 4630 3955 2104 1039 1245 2043 1909 1967 2708 3176 1968
 ... : 16 17 18 19 19 19 24 33 35 47 52 64 90 92 103 149 166 195 227 273 417 654 961 1287 1813 2171 2344 2606 3765 4630 3955 2104 1039 1245 2043 1909 1967 2708 3176 1968
 ... : 16 17 18 19 19 19 24 33 35 47 52 64 90 92 103 149 166 195 227 273 417 654 961 1287 1809 2183 2387 2692 3766 4630 3955 2104 1039 1245 2043 1909 1967 2708 3176 1968
 ... : 16 17 18 19 19 19 24 33 35 47 52 64 90 92 103 149 166 195 227 273 417 654 961 1291 1814 2201 2436 2744 3770 4630 3955 2104 1039 1245 2043 1909 1967 2708 3176 1968
 ... : 16 17 18 19 19 19 24 33 35 47 52 64 90 92 103 149 166 195 227 273 417 654 961 1291 1828 2211 2492 2803 3770 4630 3955 2104 1039 1245 2043 1909 1967 2708 3176 1968
 ... : 16 17 18 19 19 19 24 33 35 47 52 64 90 92 103 149 166 195 227 273 417 654 961 1291 1828 2233 2494 2904 3771 4630 3955 2104 1039 1245 2043 1909 1967 2708 3176 1968
 ... : 16 17 18 19 19 19 24 33 35 47 52 64 90 92 103 149 166 195 227 273 417 654 961 1291 1827 2252 2515 2984 3771 4630 3955 2104 1039 1245 2043 1909 1967 2708 3176 1968
 ... : 16 17 18 19 19 19 24 33 35 47 52 64 90 92 103 149 166 195 227 273 417 654 961 1291 1827 2275 2568 3053 3764 4630 3955 2104 1039 1245 2043 1909 1967 2708 3176 1968
 ... : 16 17 18 19 19 19 24 33 35 47 52 64 90 92 103 149 166 195 227 273 417 654 961 1286 1819 2270 2578 3203 3765 4630 3955 2104 1039 1245 2043 1909 1967 2708 3176 1968
 ... : 16 17 18 19 19 19 24 33 35 47 52 64 90 92 103 149 166 195 227 273 417 654 960 1286 1817 2262 2628 3356 3767 4630 3955 2104 1039 1245 2043 1909 1967 2708 3176 1968
 ... : 16 17 18 19 19 19 24 33 35 47 52 64 90 92 103 149 166 195 227 273 417 654 960 1286 1847 2302 2661 3393 3768 4630 3955 2104 1039 1245 2043 1909 1967 2708 3176 1968
 ... : 16 17 18 19 19 19 24 33 35 47 52 64 90 92 103 149 166 195 227 273 417 654 960 1286 1847 2296 2657 3517 3770 4630 3955 2104 1039 1245 2043 1909 1967 2708 3176 1968
 ... : 16 17 18 19 19 19 24 33 35 47 52 64 90 92 103 149 166 195 227 273 417 654 960 1286 1844 2287 2602 3682 3776 4630 3955 2104 1039 1245 2043 1909 1967 2708 3176 1968
 ... : 16 17 18 19 19 19 24 33 35 47 52 64 90 92 103 149 166 195 227 273 417 654 960 1289 1847 2311 2636 3797 3778 4630 3955 2104 1039 1245 2043 1909 1967 2708 3176 1968
 ... : 16 17 18 19 19 19 24 33 35 47 52 64 90 92 103 149 166 195 227 273 417 659 984 1361 1941 2372 2639 3797 3778 4630 3955 2104 1039 1245 2043 1909 1967 2708 3176 1968
 ... : 16 17 18 19 19 19 24 33 35 47 52 64 90 92 103 149 166 195 227 273 417 659 985 1367 1966 2449 2703 3797 3778 4630 3955 2104 1039 1245 2043 1909 1967 2708 3176 1968
 ... : 16 17 18 19 19 19 24 33 35 47 52 64 90 92 103 149 166 195 227 273 417 658 986 1372 1973 2457 2788 3800 3778 4630 3955 2104 1039 1245 2043 1909 1967 2708 3176 1968
 ... : 16 17 18 19 19 19 24 33 35 47 52 64 90 92 103 149 166 195 227 273 417 658 986 1374 2009 2530 2855 3814 3778 4630 3955 2104 1039 1245 2043 1909 1967 2708 3176 1968
 ... : 16 17 18 19 19 19 24 33 35 47 52 64 90 92 103 149 166 195 227 273 417 658 986 1372 2007 2520 2880 3927 3780 4630 3955 2104 1039 1245 2043 1909 1967 2708 3176 1968
 ... : 16 17 18 19 19 19 24 33 35 47 52 64 90 92 103 149 166 195 227 273 417 658 987 1376 2017 2553 2918 3956 3780 4630 3955 2104 1039 1245 2043 1909 1967 2708 3176 1968
 ... : 16 17 18 19 19 19 24 33 35 47 52 64 90 92 103 149 166 195 227 273 417 658 987 1376 2011 2556 2924 3928 3780 4633 3959 2106 1039 1245 2043 1909 1967 2708 3176 1968
 ... : 16 17 18 19 19 19 24 33 35 47 52 64 90 92 103 149 166 195 227 273 417 658 995 1390 2036 2567 2925 3987 3780 4633 3959 2106 1039 1245 2043 1909 1967 2708 3176 1968
 ... : 16 17 18 19 19 19 24 33 35 47 52 64 90 92 103 149 166 195 227 273 417 658 995 1392 2044 2588 2968 4049 3782 4633 3959 2106 1039 1245 2043 1909 1967 2708 3176 1968
 ... : 16 17 18 19 19 19 24 33 35 47 52 64 90 92 103 149 166 195 227 273 417 658 1010 1440 2086 2628 2985 4080 3790 4633 3959 2106 1039 1245 2043 1909 1967 2708 3176 1968
 ... : 16 17 18 19 19 19 24 33 35 47 52 64 90 92 103 149 166 195 227 273 417 658 1010 1452 2121 2696 3020 4082 3790 4633 3959 2106 1039 1245 2043 1909 1967 2708 3176 1968
 ... : 16 17 18 19 19 19 24 33 35 47 52 64 90 92 103 149 166 195 227 273 417 658 1009 1452 2130 2676 3114 4097 3790 4633 3959 2106 1039 1245 2043 1909 1967 2708 3176 1968
 ... : 16 17 18 19 19 19 24 33 35 47 52 64 90 92 103 149 166 195 227 273 417 658 1009 1452 2139 2705 3158 4154 3792 4633 3959 2106 1039 1245 2043 1909 1967 2708 3176 1968
 ... : 16 17 18 19 19 19 24 33 35 47 52 64 90 92 103 149 166 195 227 273 417 666 1015 1473 2151 2708 3122 4242 3802 4633 3959 2106 1039 1245 2043 1909 1967 2708 3176 1968
 ... : 16 17 18 19 19 19 24 33 35 47 52 64 90 92 103 149 166 195 227 273 417 668 1022 1489 2186 2768 3152 4246 3802 4633 3959 2106 1039 1245 2043 1909 1967 2708 3176 1968
 ... : 16 17 18 19 19 19 24 33 35 47 52 64 90 92 103 149 166 195 227 273 417 668 1022 1502 2222 2789 3207 4253 3802 4633 3959 2106 1039 1245 2043 1909 1967 2708 3176 1968
 ... : 16 17 18 19 19 19 24 33 35 47 52 64 90 92 103 149 166 195 227 273 417 668 1022 1502 2230 2798 3238 4312 3802 4633 3959 2106 1039 1245 2043 1909 1967 2708 3176 1968
 ... : 16 17 18 19 19 19 24 33 35 47 52 64 90 92 103 149 166 195 227 273 417 668 1022 1502 2230 2818 3262 4391 3802 4633 3959 2106 1039 1245 2043 1909 1967 2708 3176 1968
 ... : 16 17 18 19 19 19 24 33 35 47 52 64 90 92 103 149 166 195 227 273 417 668 1037 1518 2251 2841 3295 4425 3804 4633 3959 2106 1039 1245 2043 1909 1967 2708 3176 1968
 ... : 16 17 18 19 19 19 24 33 35 47 52 64 90 92 103 149 166 195 227 273 416 666 1032 1538 2301 2909 3310 4425 3804 4633 3959 2106 1039 1245 2043 1909 1967 2708 3176 1968
 ... : 16 17 18 19 19 19 24 33 35 47 52 64 90 92 103 149 166 195 227 273 416 666 1032 1542 2315 2949 3393 4428 3805 4633 3959 2106 1039 1245 2043 1909 1967 2708 3176 1968
 ... : 16 17 18 19 19 19 24 33 35 47 52 64 90 92 103 149 166 195 227 273 416 666 1031 1549 2328 2964 3436 4474 3805 4633 3959 2106 1039 1245 2043 1909 1967 2708 3176 1968
 ... : 16 17 18 19 19 19 24 33 35 47 52 64 90 92 103 149 166 195 227 273 416 666 1031 1549 2327 2950 3400 4582 3806 4633 3959 2106 1039 1245 2043 1909 1967 2708 3176 1968
 ... : 16 17 18 19 19 19 24 33 35 47 52 64 90 92 103 149 166 195 227 273 416 666 1031 1548 2332 2968 3429 4633 3808 4633 3959 2106 1039 1245 2043 1909 1967 2708 3176 1968
 ... : 16 17 18 19 19 19 24 33 35 47 52 64 90 92 103 149 166 195 227 273 416 666 1031 1552 2345 2999 3471 4680 3812 4633 3959 2106 1039 1245 2043 1909 1967 2708 3176 1968
