initialized model with 933 latches, 364 inputs and 1 properties
tsim: performed 17 steps
tsim: found cycle from 15
checking bound 0
checking bound 1
checking bound 2
tdecomp: unrolling 2 cycles
tsim: performed 15 steps
tsim: found cycle from 13
tsim: found 1 constants and 0 latch equivalences
tdecomp: (933, 1456) -> (932, 334)
 ... : 200
   2 : 179 107
   3 : 13 171 149
   4 : 13 171 33 122
 ... : 14 178 138 212
   5 : 11 166 130 166 160
 ... : 11 166 132 301 345
 ... : 12 167 141 337 416
   6 : 9 21 20 112 282 271
   7 : 8 9 14 102 187 213 269
 ... : 8 9 14 102 181 284 468
 ... : 8 8 12 102 178 310 592
 ... : 8 8 12 103 172 371 690
   8 : 7 6 10 91 135 247 545 346
 ... : 7 6 10 91 135 246 701 543
 ... : 7 6 9 90 123 219 667 666
   9 : 7 5 8 68 108 160 430 617 300
 ... : 7 5 8 68 108 160 430 679 491
 ... : 7 5 8 68 108 160 430 722 692
 ... : 7 5 8 68 108 160 430 774 891
 ... : 7 5 8 68 108 160 429 834 1058
 ... : 7 5 8 68 108 160 427 855 1251
 ... : 7 5 8 68 108 160 428 891 1443
  10 : 3 6 10 69 106 156 403 865 1338 304
 ... : 3 6 10 69 106 156 403 865 1632 508
 ... : 3 6 10 69 106 156 403 865 1916 709
 ... : 3 6 10 69 106 156 403 865 2170 910
 ... : 3 6 10 69 106 156 403 865 2363 1109
 ... : 3 6 10 69 106 156 404 868 2589 1301
 ... : 3 6 10 69 106 156 404 868 2771 1492
 ... : 3 6 10 69 106 156 404 868 2903 1693
 ... : 3 6 10 69 106 156 404 869 3072 1878
 ... : 3 6 10 69 106 156 404 869 3172 2079
 ... : 3 6 10 69 106 156 404 869 3326 2280
 ... : 3 6 10 69 106 156 404 869 3433 2481
 ... : 3 6 10 69 106 156 404 869 3507 2682
 ... : 3 6 10 69 106 156 404 871 3609 2859
 ... : 3 6 10 69 106 156 404 875 3667 3030
 ... : 3 6 10 69 106 156 403 875 3736 3220
 ... : 3 6 10 69 106 156 403 884 3865 3373
 ... : 3 6 10 69 106 156 403 888 3902 3510
 ... : 3 6 10 69 106 156 403 888 4032 3703
 ... : 3 6 10 69 106 156 403 888 4077 3904
 ... : 3 6 10 69 106 156 403 892 4158 4097
 ... : 3 6 10 69 106 156 403 893 4229 4243
 ... : 3 6 10 69 106 156 403 894 4268 4353
 ... : 3 6 10 69 106 156 403 894 4335 4497
  11 : 3 6 10 69 103 157 382 902 3930 4467 536
 ... : 3 6 10 69 103 157 382 902 3930 4697 740
 ... : 3 6 10 69 103 157 382 902 3930 4932 945
 ... : 3 6 10 69 103 157 382 902 3930 5259 1151
 ... : 3 6 10 69 103 157 382 902 3930 5487 1340
 ... : 3 6 10 69 103 157 382 902 3930 5938 1545
 ... : 3 6 10 69 102 157 382 902 3930 6127 1746
 ... : 3 6 10 69 102 157 382 902 3930 6293 1952
 ... : 3 6 10 69 102 157 382 902 3930 6564 2160
 ... : 3 6 10 69 102 157 382 902 3931 6862 2352
 ... : 3 6 10 69 102 157 382 902 3931 7177 2563
 ... : 3 6 10 69 102 157 382 902 3931 7553 2757
 ... : 3 6 10 69 102 157 382 902 3931 7771 2956
 ... : 3 6 10 69 102 157 382 902 3931 8072 3151
 ... : 3 6 10 69 102 157 382 902 3934 8268 3337
 ... : 3 6 10 69 102 157 382 902 3934 8500 3539
 ... : 3 6 10 69 102 157 382 902 3940 8632 3713
 ... : 3 6 10 69 102 157 382 902 3940 8716 3915
 ... : 3 6 10 69 102 157 382 902 3940 8827 4108
 ... : 3 6 10 69 102 157 382 902 3940 8909 4306
 ... : 3 6 10 69 102 157 382 902 3944 9016 4491
 ... : 3 6 10 69 102 157 382 902 3944 9093 4693
 ... : 3 6 10 69 102 157 382 902 3947 9265 4882
 ... : 3 6 10 69 102 157 382 907 3960 9415 5031
 ... : 3 6 10 69 102 157 382 907 3960 9487 5232
 ... : 3 6 10 69 102 157 382 907 3962 9682 5424
 ... : 3 6 10 69 102 157 382 907 3967 9841 5611
 ... : 3 6 10 69 102 157 382 907 3967 10021 5811
 ... : 3 6 10 69 102 157 382 907 3967 10398 6012
 ... : 3 6 10 69 102 157 382 907 3967 10545 6211
 ... : 3 6 10 69 102 157 382 907 3967 10717 6410
 ... : 3 6 10 69 102 157 382 907 3967 10869 6612
 ... : 3 6 10 69 102 157 382 907 3967 11060 6814
  12 : 3 6 10 69 101 158 380 901 3957 9679 6124 2198
 ... : 3 6 10 69 101 158 380 901 3957 9678 7118 2412
 ... : 3 6 10 69 101 158 380 901 3957 9678 8236 2633
 ... : 3 6 10 69 101 158 380 901 3957 9678 9117 2848
 ... : 3 6 10 69 101 158 380 901 3957 9678 9859 3061
 ... : 3 6 10 69 101 158 380 901 3957 9677 10659 3271
 ... : 3 6 10 69 101 158 380 901 3957 9677 11164 3479
 ... : 3 6 10 69 101 158 380 901 3957 9677 11673 3690
 ... : 3 6 10 69 101 158 380 901 3957 9677 12013 3895
 ... : 3 6 10 69 101 158 380 901 3957 9677 12670 4103
 ... : 3 6 10 69 101 158 380 901 3957 9677 12966 4306
 ... : 3 6 10 69 101 158 380 901 3957 9677 13454 4511
 ... : 3 6 10 69 101 158 380 901 3957 9676 13892 4720
 ... : 3 6 10 69 101 158 380 901 3957 9677 14488 4928
 ... : 3 6 10 69 101 158 380 901 3957 9677 15034 5131
 ... : 3 6 10 69 101 158 380 901 3957 9677 15660 5347
 ... : 3 6 10 69 101 158 380 901 3957 9678 16102 5539
 ... : 3 6 10 69 101 158 380 901 3957 9678 16935 5751
 ... : 3 6 10 69 101 158 380 901 3957 9675 17453 5966
 ... : 3 6 10 69 101 158 380 901 3957 9675 17706 6171
 ... : 3 6 10 69 101 158 380 901 3957 9675 17882 6381
 ... : 3 6 10 69 101 158 380 901 3957 9673 18004 6592
 ... : 3 6 10 69 101 158 380 901 3957 9673 18232 6796
 ... : 3 6 10 69 101 158 380 901 3957 9673 18473 6997
 ... : 3 6 10 69 101 158 380 901 3957 9673 18889 7194
 ... : 3 6 10 69 101 158 380 901 3957 9673 19204 7403
 ... : 3 6 10 69 101 158 380 901 3957 9673 19402 7599
 ... : 3 6 10 69 101 158 380 901 3957 9677 20544 7797
 ... : 3 6 10 69 101 158 380 901 3957 9678 21451 7999
 ... : 3 6 10 69 101 158 380 901 3957 9683 21935 8185
 ... : 3 6 10 69 101 158 380 901 3957 9683 22115 8407
 ... : 3 6 10 69 101 158 380 901 3957 9683 22314 8609
 ... : 3 6 10 69 101 158 380 901 3957 9683 22520 8813
 ... : 3 6 10 69 101 158 380 901 3957 9683 23726 9019
 ... : 3 6 10 69 101 158 380 901 3957 9683 24429 9225
 ... : 3 6 10 69 101 158 380 901 3957 9690 24790 9406
 ... : 3 6 10 69 101 158 380 901 3957 9691 25187 9604
 ... : 3 6 10 69 101 158 380 901 3957 9691 25466 9799
 ... : 3 6 10 69 101 158 380 901 3957 9693 25986 9982
 ... : 3 6 10 69 101 158 380 901 3957 9708 26531 10154
 ... : 3 6 10 69 101 158 380 901 3960 9727 27069 10307
 ... : 3 6 10 69 101 158 380 904 3973 9822 27328 10374
 ... : 3 6 10 69 101 158 380 911 3996 9846 27553 10527
 ... : 3 6 10 69 101 158 380 911 3996 9846 28071 10731
 ... : 3 6 10 69 101 158 380 911 3996 9846 28188 10923
 ... : 3 6 10 69 101 158 380 911 3996 9846 28285 11125
 ... : 3 6 10 69 101 158 380 911 3996 9846 28614 11322
