initialized model with 934 latches, 364 inputs and 1 properties
tsim: performed 17 steps
tsim: found cycle from 15
checking bound 0
checking bound 1
checking bound 2
tdecomp: unrolling 2 cycles
tsim: performed 15 steps
tsim: found cycle from 13
tsim: found 1 constants and 0 latch equivalences
tdecomp: (934, 1456) -> (933, 338)
 ... : 200
   2 : 181 78
   3 : 21 70 226
   4 : 12 51 225 161
   5 : 12 51 230 40 138
 ... : 12 51 202 250 328
 ... : 10 45 189 342 414
   6 : 7 31 80 176 320 272
   7 : 7 31 80 176 238 277 202
 ... : 7 31 80 178 306 554 288
 ... : 7 31 77 175 373 864 339
 ... : 7 31 75 176 406 957 380
 ... : 7 31 74 176 418 1118 547
 ... : 7 31 74 179 421 1127 565
 ... : 7 31 73 175 416 1195 753
 ... : 7 31 73 187 430 1323 867
 ... : 7 31 73 189 436 1394 928
 ... : 7 30 69 184 414 1299 1007
   8 : 6 17 8 48 99 678 822 331
 ... : 6 17 8 48 99 677 1019 531
 ... : 6 17 8 48 99 686 1335 711
 ... : 6 17 8 48 99 697 1573 837
 ... : 6 17 8 48 99 693 1678 1031
 ... : 6 17 8 48 98 694 1808 1211
 ... : 6 17 8 48 97 693 1911 1364
 ... : 6 17 8 48 99 705 2049 1447
 ... : 6 17 8 48 99 712 2226 1539
 ... : 6 17 8 48 99 713 2286 1726
 ... : 6 17 8 48 99 709 2361 1911
 ... : 6 17 8 48 98 704 2403 2088
 ... : 6 17 8 48 95 706 2472 2245
 ... : 6 17 8 48 95 705 2519 2428
 ... : 6 17 8 48 91 691 2583 2538
 ... : 6 17 8 48 90 688 2625 2716
 ... : 6 17 8 48 90 687 2685 2906
 ... : 6 17 8 48 90 686 2721 3103
   9 : 3 17 9 47 70 424 2088 3026 517
 ... : 3 17 9 47 70 424 2088 3304 717
 ... : 3 17 9 47 70 424 2088 3551 918
 ... : 3 17 9 47 70 424 2088 3780 1118
 ... : 3 17 9 47 70 425 2094 3946 1281
 ... : 3 17 9 47 70 425 2094 4130 1478
 ... : 3 17 9 47 70 425 2094 4313 1682
 ... : 3 17 9 47 70 425 2093 4474 1882
 ... : 3 17 9 47 70 425 2092 4572 2080
 ... : 3 17 9 47 70 425 2092 4672 2274
 ... : 3 17 9 47 70 425 2088 4853 2468
 ... : 3 17 9 47 70 425 2087 4932 2668
 ... : 3 17 9 47 70 425 2087 5021 2869
 ... : 3 17 9 47 70 425 2087 5171 3071
 ... : 3 17 9 47 70 425 2093 5234 3207
 ... : 3 17 9 47 70 425 2093 5373 3388
 ... : 3 17 9 47 70 425 2093 5418 3575
 ... : 3 17 9 47 70 425 2093 5525 3758
 ... : 3 17 9 47 70 425 2091 5620 3950
 ... : 3 17 9 47 70 425 2091 5712 4129
 ... : 3 17 9 47 70 425 2089 5768 4316
 ... : 3 17 9 47 70 425 2089 5846 4511
 ... : 3 17 9 47 70 425 2089 5921 4704
 ... : 3 17 9 47 70 425 2072 5947 4903
 ... : 3 17 9 47 70 425 2072 5979 5095
 ... : 3 17 9 47 70 425 2071 6080 5295
  10 : 2 7 8 44 66 370 1955 5668 5164 713
 ... : 2 7 8 44 66 370 1955 5668 5596 920
 ... : 2 7 8 44 66 370 1955 5668 6015 1121
 ... : 2 7 8 44 66 370 1955 5667 6551 1322
 ... : 2 7 8 44 66 370 1955 5666 6849 1528
 ... : 2 7 8 44 66 370 1955 5666 7066 1731
 ... : 2 7 8 44 66 370 1955 5666 7340 1908
 ... : 2 7 8 44 66 370 1955 5666 7604 2114
 ... : 2 7 8 44 66 370 1955 5667 7913 2306
 ... : 2 7 8 44 66 370 1955 5670 8164 2483
 ... : 2 7 8 44 66 370 1955 5670 8426 2685
 ... : 2 7 8 44 66 370 1955 5670 8661 2888
 ... : 2 7 8 44 66 370 1955 5670 8872 3084
 ... : 2 7 8 44 66 370 1955 5670 9043 3280
 ... : 2 7 8 44 66 370 1955 5676 9167 3451
 ... : 2 7 8 44 66 370 1955 5676 9268 3655
 ... : 2 7 8 44 66 370 1955 5676 9478 3855
 ... : 2 7 8 44 66 370 1955 5676 9585 4058
 ... : 2 7 8 44 66 370 1955 5676 9785 4262
 ... : 2 7 8 44 66 370 1955 5676 9879 4459
 ... : 2 7 8 44 66 370 1955 5676 9986 4657
 ... : 2 7 8 44 66 370 1955 5675 10028 4859
 ... : 2 7 8 44 66 370 1955 5675 10147 5054
 ... : 2 7 8 44 67 372 1958 5681 10267 5223
 ... : 2 7 8 44 67 372 1958 5688 10433 5392
 ... : 2 7 8 44 67 372 1958 5688 10605 5593
 ... : 2 7 8 44 67 372 1958 5688 10757 5799
 ... : 2 7 8 44 67 372 1958 5688 10865 6005
 ... : 2 7 8 44 67 372 1958 5688 10992 6206
 ... : 2 7 8 44 67 372 1958 5688 11117 6366
 ... : 2 7 8 44 67 372 1958 5692 11272 6555
 ... : 2 7 8 44 67 372 1958 5693 11427 6736
 ... : 2 7 8 44 67 372 1958 5693 11648 6933
 ... : 2 7 8 44 67 372 1958 5693 11867 7128
 ... : 2 7 8 44 67 372 1958 5696 11993 7321
 ... : 2 7 8 44 67 372 1958 5696 12239 7522
 ... : 2 7 8 44 67 372 1956 5700 12426 7704
 ... : 2 7 8 44 67 372 1956 5701 12710 7892
 ... : 2 7 8 44 67 372 1956 5701 12931 8085
  11 : 2 7 8 44 61 364 1926 5687 11612 7469 2285
 ... : 2 7 8 44 61 364 1926 5687 11611 7841 2492
 ... : 2 7 8 44 61 364 1926 5687 11611 7981 2694
 ... : 2 7 8 44 61 364 1926 5687 11610 8282 2900
 ... : 2 7 8 44 61 364 1926 5687 11617 8631 3074
 ... : 2 7 8 44 61 364 1927 5692 11627 8773 3150
 ... : 2 7 8 44 61 364 1927 5692 11627 8993 3353
 ... : 2 7 8 44 61 364 1927 5692 11627 9114 3546
 ... : 2 7 8 44 61 364 1927 5692 11627 9298 3750
 ... : 2 7 8 44 61 364 1927 5692 11628 9489 3951
 ... : 2 7 8 44 61 364 1927 5692 11627 9705 4149
 ... : 2 7 8 44 61 364 1927 5692 11627 9872 4362
 ... : 2 7 8 44 61 364 1927 5692 11627 9942 4565
 ... : 2 7 8 44 61 364 1927 5692 11627 10245 4784
 ... : 2 7 8 44 61 364 1927 5692 11631 10479 4979
 ... : 2 7 8 44 61 364 1927 5692 11635 10704 5155
 ... : 2 7 8 44 61 364 1927 5692 11635 10899 5362
 ... : 2 7 8 44 61 364 1927 5692 11634 11135 5572
 ... : 2 7 8 44 61 364 1927 5692 11634 11300 5774
 ... : 2 7 8 44 61 364 1927 5692 11634 11512 5986
 ... : 2 7 8 44 61 364 1927 5692 11634 11809 6196
 ... : 2 7 8 44 61 364 1927 5692 11634 11973 6410
 ... : 2 7 8 44 61 364 1927 5692 11634 12064 6617
 ... : 2 7 8 44 61 364 1927 5692 11637 12237 6812
 ... : 2 7 8 44 61 364 1927 5692 11638 12412 7010
 ... : 2 7 8 44 61 364 1927 5692 11663 12581 7183
 ... : 2 7 8 44 61 364 1927 5692 11663 12759 7388
 ... : 2 7 8 44 61 364 1927 5692 11663 12885 7594
 ... : 2 7 8 44 61 364 1927 5692 11663 13077 7799
 ... : 2 7 8 44 61 364 1927 5692 11663 13257 8005
 ... : 2 7 8 44 61 364 1927 5692 11663 13450 8217
 ... : 2 7 8 44 61 364 1927 5692 11663 13698 8447
