initialized model with 933 latches, 364 inputs and 1 properties
tsim: performed 17 steps
tsim: found cycle from 15
checking bound 0
checking bound 1
checking bound 2
tdecomp: unrolling 2 cycles
tsim: performed 15 steps
tsim: found cycle from 13
tsim: found 1 constants and 0 latch equivalences
tdecomp: (933, 1456) -> (932, 334)
 ... : 200
   2 : 139 144
   3 : 28 115 155
 ... : 21 135 305
   4 : 13 43 179 185
 ... : 13 40 261 353
   5 : 13 28 182 255 190
 ... : 13 28 179 384 327
   6 : 13 3 54 160 360 192
 ... : 13 3 54 151 436 349
 ... : 13 3 54 149 441 540
 ... : 13 3 51 136 437 574
   7 : 11 3 9 77 140 314 319
 ... : 11 3 9 79 140 325 392
   8 : 11 3 9 55 51 135 292 228
 ... : 11 3 9 55 51 135 303 409
 ... : 11 3 9 55 51 132 347 467
   9 : 10 3 9 54 44 109 210 275 321
 ... : 10 3 9 54 44 109 210 351 516
 ... : 10 3 9 54 44 109 214 450 667
 ... : 10 3 9 54 45 109 214 476 808
  10 : 10 3 9 53 39 101 194 427 738 271
 ... : 10 3 9 53 39 101 194 427 862 474
 ... : 10 3 9 53 39 101 194 427 930 675
 ... : 10 3 9 53 39 101 194 427 1072 877
 ... : 10 3 9 53 39 101 194 428 1189 1056
 ... : 10 3 9 53 39 101 194 428 1286 1257
 ... : 10 3 9 53 39 101 193 428 1357 1459
 ... : 10 3 9 53 39 101 192 427 1455 1662
 ... : 10 3 9 53 39 101 192 427 1513 1863
 ... : 10 3 9 53 39 101 192 427 1548 2065
 ... : 10 3 9 53 38 101 192 427 1593 2267
 ... : 10 3 9 53 38 101 192 427 1636 2468
  11 : 10 3 9 53 36 98 191 423 1544 2352 284
 ... : 10 3 9 53 36 98 191 423 1544 2679 485
 ... : 10 3 9 53 36 98 191 423 1544 2902 687
 ... : 10 3 9 53 36 98 191 423 1544 3182 885
 ... : 10 3 9 53 36 98 191 423 1544 3353 1087
 ... : 10 3 9 53 36 98 191 423 1544 3484 1287
 ... : 10 3 9 53 36 98 191 423 1544 3585 1488
 ... : 10 3 9 53 36 98 191 423 1544 3746 1689
 ... : 10 3 9 53 36 98 191 423 1544 3873 1888
 ... : 10 3 9 53 36 98 191 423 1544 3996 2089
 ... : 10 3 9 53 36 98 191 423 1544 4057 2290
 ... : 10 3 9 53 36 98 191 423 1544 4169 2492
 ... : 10 3 9 53 36 98 191 423 1544 4326 2693
 ... : 10 3 9 53 36 98 191 423 1544 4451 2894
 ... : 10 3 9 53 36 98 191 423 1544 4549 3095
 ... : 10 3 9 53 36 98 191 423 1544 4636 3295
 ... : 10 3 9 53 36 98 191 423 1544 4716 3496
 ... : 10 3 9 53 36 98 191 423 1538 4817 3668
 ... : 10 3 9 53 36 98 191 423 1538 4911 3869
 ... : 10 3 9 53 36 98 191 423 1538 4976 4070
 ... : 10 3 9 53 36 98 191 423 1538 5037 4268
 ... : 10 3 9 53 36 98 191 423 1538 5099 4469
 ... : 10 3 9 53 36 98 191 423 1538 5179 4670
 ... : 10 3 9 53 36 98 191 423 1538 5236 4873
 ... : 10 3 9 53 36 98 191 423 1538 5327 5074
 ... : 10 3 9 53 36 98 191 423 1538 5412 5275
 ... : 10 3 9 53 36 98 191 423 1538 5477 5476
 ... : 10 3 9 53 36 98 191 423 1538 5572 5675
 ... : 10 3 9 53 36 98 191 423 1538 5641 5876
 ... : 10 3 9 53 36 98 191 423 1538 5720 6077
 ... : 10 3 9 53 36 98 191 423 1538 5805 6276
 ... : 10 3 9 53 36 98 191 423 1538 5848 6477
  12 : 10 3 9 53 35 95 185 414 1529 5275 6737 517
 ... : 10 3 9 53 35 95 185 414 1529 5275 7624 728
 ... : 10 3 9 53 35 95 185 414 1529 5273 8624 939
 ... : 10 3 9 53 35 95 185 414 1529 5273 9223 1145
 ... : 10 3 9 53 35 95 185 414 1529 5273 9836 1352
 ... : 10 3 9 53 35 95 185 414 1529 5272 10681 1553
 ... : 10 3 9 53 35 95 185 414 1529 5272 11392 1757
 ... : 10 3 9 53 35 95 185 414 1529 5272 11888 1959
 ... : 10 3 9 53 35 95 185 414 1529 5272 12571 2162
 ... : 10 3 9 53 35 95 185 414 1529 5272 13101 2367
 ... : 10 3 9 53 35 95 185 414 1529 5272 13655 2569
 ... : 10 3 9 53 35 95 185 414 1529 5272 14052 2774
 ... : 10 3 9 53 35 95 185 414 1529 5272 14457 2977
 ... : 10 3 9 53 35 95 185 414 1529 5272 14935 3183
 ... : 10 3 9 53 35 95 185 414 1529 5272 15165 3388
 ... : 10 3 9 53 35 95 185 414 1529 5272 15619 3592
 ... : 10 3 9 53 35 95 185 414 1529 5272 16133 3794
 ... : 10 3 9 53 35 95 185 414 1529 5272 16641 3996
 ... : 10 3 9 53 35 95 185 414 1529 5272 17336 4200
 ... : 10 3 9 53 35 95 185 414 1529 5272 17887 4398
 ... : 10 3 9 53 35 95 185 414 1529 5272 18111 4601
 ... : 10 3 9 53 35 95 185 414 1529 5271 18492 4803
 ... : 10 3 9 53 35 95 185 414 1529 5271 18850 5006
 ... : 10 3 9 53 35 95 185 414 1529 5270 19133 5214
 ... : 10 3 9 53 35 95 185 414 1529 5270 19471 5418
 ... : 10 3 9 53 35 95 185 414 1529 5270 19768 5619
 ... : 10 3 9 53 35 95 185 415 1529 5269 20021 5806
 ... : 10 3 9 53 35 95 185 415 1529 5269 20248 6008
 ... : 10 3 9 53 35 95 185 415 1529 5269 20497 6209
 ... : 10 3 9 53 35 95 185 415 1529 5269 20763 6410
 ... : 10 3 9 53 35 95 185 415 1529 5269 20989 6610
 ... : 10 3 9 53 35 95 185 415 1529 5269 21438 6813
 ... : 10 3 9 53 35 95 185 415 1529 5269 21775 7015
 ... : 10 3 9 53 35 95 185 415 1529 5269 22138 7218
 ... : 10 3 9 53 35 95 185 415 1529 5269 22720 7421
 ... : 10 3 9 53 35 95 185 415 1529 5269 23038 7624
 ... : 10 3 9 53 35 95 185 415 1529 5269 23193 7831
 ... : 10 3 9 53 35 95 185 415 1529 5269 23410 8033
 ... : 10 3 9 53 35 95 185 415 1529 5269 23727 8235
 ... : 10 3 9 53 35 95 185 415 1529 5269 24018 8435
 ... : 10 3 9 53 35 95 185 415 1529 5269 24227 8637
 ... : 10 3 9 53 35 95 185 415 1529 5269 24546 8840
 ... : 10 3 9 53 35 95 185 415 1529 5269 24805 9044
 ... : 10 3 9 53 35 95 185 415 1529 5269 24980 9244
 ... : 10 3 9 53 35 95 185 415 1529 5270 25153 9440
 ... : 10 3 9 53 35 95 185 415 1529 5270 25424 9641
 ... : 10 3 9 53 35 95 185 415 1529 5270 25853 9851
 ... : 10 3 9 53 35 95 185 415 1529 5270 26389 10050
 ... : 10 3 9 53 35 95 185 415 1529 5270 26720 10251
 ... : 10 3 9 53 35 95 185 415 1529 5270 26979 10457
 ... : 10 3 9 53 35 95 185 415 1529 5269 27385 10657
 ... : 10 3 9 53 35 95 185 415 1529 5273 27697 10848
 ... : 10 3 9 53 35 95 185 415 1529 5274 28155 11038
 ... : 10 3 9 53 35 95 185 415 1529 5274 28603 11244
 ... : 10 3 9 53 35 95 185 415 1529 5274 28884 11440
 ... : 10 3 9 53 35 95 185 415 1529 5272 29217 11640
  13 : 10 3 9 53 35 95 185 413 1522 5216 27328 11572 2368
 ... : 10 3 9 53 35 95 185 413 1522 5216 27328 12500 2543
 ... : 10 3 9 53 35 95 185 413 1522 5216 27336 13347 2726
 ... : 10 3 9 53 35 95 185 413 1522 5216 27346 14401 2933
 ... : 10 3 9 53 35 95 185 413 1522 5216 27346 15672 3159
 ... : 10 3 9 53 35 95 185 413 1522 5216 27346 16949 3371
 ... : 10 3 9 53 35 95 185 413 1522 5216 27346 18695 3590
 ... : 10 3 9 53 35 95 185 413 1522 5216 27346 19672 3797
 ... : 10 3 9 53 35 95 185 413 1522 5216 27346 20504 4002
 ... : 10 3 9 53 35 95 185 413 1522 5216 27346 21074 4209
 ... : 10 3 9 53 35 95 185 413 1522 5216 27345 21733 4426
