initialized model with 933 latches, 364 inputs and 1 properties
tsim: performed 17 steps
tsim: found cycle from 15
checking bound 0
checking bound 1
checking bound 2
tdecomp: unrolling 2 cycles
tsim: performed 15 steps
tsim: found cycle from 13
tsim: found 1 constants and 0 latch equivalences
tdecomp: (933, 1456) -> (932, 338)
 ... : 200
   2 : 224 69
   3 : 29 23 282
   4 : 29 23 59 223
 ... : 29 15 53 328
   5 : 19 4 26 96 250
   6 : 19 4 26 99 116 211
 ... : 19 4 25 99 175 382
 ... : 19 5 22 93 151 423
   7 : 18 5 2 44 38 60 431
 ... : 17 5 2 52 47 76 499
 ... : 17 5 2 64 61 101 530
   8 : 17 5 2 67 58 54 198 394
 ... : 17 5 2 67 57 54 196 590
 ... : 17 5 2 67 57 54 184 695
   9 : 17 5 2 67 52 52 92 434 320
 ... : 17 5 2 67 52 52 92 506 519
 ... : 17 5 2 67 52 52 92 527 720
 ... : 17 5 2 67 52 52 92 544 921
 ... : 17 5 2 67 52 52 92 573 1107
 ... : 17 5 2 67 52 52 92 599 1308
 ... : 17 5 2 67 52 52 91 615 1504
 ... : 17 5 2 67 53 52 91 636 1651
  10 : 16 5 2 67 49 53 91 595 1438 337
 ... : 16 5 2 67 49 53 91 595 1665 537
 ... : 16 5 2 67 50 54 92 597 1779 723
 ... : 16 5 2 67 50 54 92 597 1865 925
 ... : 16 5 2 67 50 54 92 597 1983 1126
 ... : 16 5 2 67 50 54 92 597 2043 1327
 ... : 16 5 2 67 50 54 92 597 2112 1528
 ... : 16 5 2 67 50 54 92 597 2174 1728
 ... : 16 5 2 67 50 54 92 597 2268 1929
 ... : 16 5 2 67 50 54 92 597 2306 2130
 ... : 16 5 2 67 50 54 92 597 2362 2331
 ... : 16 5 2 67 50 54 92 597 2432 2532
 ... : 16 5 2 67 50 54 92 596 2465 2733
 ... : 16 5 2 67 50 54 92 596 2505 2933
 ... : 16 5 2 67 50 54 92 596 2558 3134
 ... : 16 5 2 67 50 54 92 596 2601 3334
 ... : 16 5 2 67 50 54 92 597 2624 3499
 ... : 16 5 2 67 50 54 92 597 2666 3678
 ... : 16 5 2 67 50 54 92 597 2720 3872
 ... : 16 5 2 67 50 54 92 597 2761 4060
 ... : 16 5 2 67 50 54 92 596 2758 4254
 ... : 16 5 2 67 50 54 92 597 2789 4441
 ... : 16 5 2 67 50 54 92 599 2833 4562
 ... : 16 5 2 67 50 54 92 607 2880 4664
 ... : 16 5 2 66 49 53 91 611 2890 4812
  11 : 16 5 2 66 48 52 85 556 2305 5066 198
 ... : 16 5 2 66 48 52 85 556 2305 5398 399
 ... : 16 5 2 66 48 52 85 556 2305 5792 599
 ... : 16 5 2 66 48 52 85 556 2305 5931 800
 ... : 16 5 2 66 48 52 85 556 2305 6108 1002
 ... : 16 5 2 66 48 52 85 556 2304 6409 1203
 ... : 16 5 2 66 48 52 85 556 2294 6520 1403
 ... : 16 5 2 66 48 52 85 556 2289 6706 1604
 ... : 16 5 2 66 48 52 85 556 2283 6930 1802
 ... : 16 5 2 66 48 52 85 556 2280 7129 2003
 ... : 16 5 2 66 48 52 85 556 2267 7343 2204
 ... : 16 5 2 66 48 52 85 556 2266 7485 2405
 ... : 16 5 2 66 48 52 85 556 2264 7630 2606
 ... : 16 5 2 66 48 52 85 556 2261 7749 2807
 ... : 16 5 2 66 48 52 85 556 2253 7902 3008
 ... : 16 5 2 66 48 52 85 556 2248 8003 3209
 ... : 16 5 2 66 48 52 85 556 2245 8100 3410
 ... : 16 5 2 66 48 52 85 556 2244 8163 3611
 ... : 16 5 2 66 48 52 85 556 2242 8264 3811
 ... : 16 5 2 66 48 52 85 556 2242 8316 4012
 ... : 16 5 2 66 48 52 85 556 2240 8375 4213
 ... : 16 5 2 66 48 52 85 556 2239 8468 4414
 ... : 16 5 2 66 48 52 85 556 2237 8577 4615
 ... : 16 5 2 66 48 52 85 556 2236 8688 4816
 ... : 16 5 2 66 48 52 85 556 2236 8724 5018
 ... : 16 5 2 66 48 52 85 556 2236 8794 5219
 ... : 16 5 2 66 48 52 85 556 2236 8850 5413
 ... : 16 5 2 66 48 52 85 556 2235 8866 5614
 ... : 16 5 2 66 48 52 85 556 2235 8913 5815
 ... : 16 5 2 66 48 52 85 556 2234 9018 6016
 ... : 16 5 2 66 48 52 85 556 2234 9077 6217
 ... : 16 5 2 66 48 52 85 556 2234 9190 6417
 ... : 16 5 2 66 48 52 85 556 2234 9222 6619
 ... : 16 5 2 66 48 52 85 556 2234 9257 6820
 ... : 16 5 2 66 48 52 85 556 2234 9298 7021
 ... : 16 5 2 66 48 52 85 556 2233 9354 7222
 ... : 16 5 2 66 48 52 85 556 2233 9412 7422
 ... : 16 5 2 66 48 52 85 556 2233 9453 7623
 ... : 16 5 2 66 48 52 85 556 2233 9483 7824
 ... : 16 5 2 66 48 52 85 556 2232 9541 8023
 ... : 16 5 2 66 48 52 85 556 2231 9557 8225
 ... : 16 5 2 66 48 52 85 556 2232 9628 8421
 ... : 16 5 2 66 48 52 85 556 2231 9703 8621
 ... : 16 5 2 66 48 52 85 556 2231 9740 8822
 ... : 16 5 2 66 48 52 85 556 2231 9815 9021
 ... : 16 5 2 66 48 52 85 556 2231 9833 9222
 ... : 16 5 2 66 48 52 85 556 2231 9924 9423
 ... : 16 5 2 66 48 52 85 556 2231 10008 9623
 ... : 16 5 2 66 48 52 85 556 2230 10071 9824
 ... : 16 5 2 66 48 52 85 556 2230 10107 10025
 ... : 16 5 2 66 48 52 85 556 2230 10133 10226
 ... : 16 5 2 66 48 52 85 556 2228 10169 10424
 ... : 16 5 2 66 48 52 85 556 2228 10194 10625
 ... : 16 5 2 66 48 52 85 556 2228 10212 10826
 ... : 16 5 2 66 48 52 85 556 2228 10226 11028
 ... : 16 5 2 66 48 52 85 556 2228 10240 11229
 ... : 16 5 2 66 48 52 85 556 2228 10255 11430
 ... : 16 5 2 66 48 52 85 556 2228 10263 11631
  12 : 16 5 2 66 48 50 78 500 1900 9740 11903 362
 ... : 16 5 2 66 48 50 78 500 1900 9740 13102 563
 ... : 16 5 2 66 48 50 78 500 1900 9740 14147 769
 ... : 16 5 2 66 48 50 78 500 1900 9740 14897 976
 ... : 16 5 2 66 48 50 78 500 1900 9740 15921 1177
 ... : 16 5 2 66 48 50 78 500 1900 9740 16484 1376
 ... : 16 5 2 66 48 50 78 500 1900 9740 17094 1579
 ... : 16 5 2 66 48 50 78 500 1900 9740 17852 1782
 ... : 16 5 2 66 48 50 78 500 1900 9740 18600 1985
 ... : 16 5 2 66 48 50 78 500 1900 9740 19096 2186
 ... : 16 5 2 66 48 50 78 500 1900 9740 19603 2388
 ... : 16 5 2 66 48 50 78 500 1900 9740 20029 2589
 ... : 16 5 2 66 48 50 78 500 1900 9740 20718 2792
 ... : 16 5 2 66 48 50 78 500 1900 9740 21345 2993
 ... : 16 5 2 66 48 50 78 500 1900 9740 21876 3194
 ... : 16 5 2 66 48 50 78 500 1900 9740 22459 3396
 ... : 16 5 2 66 48 50 78 500 1900 9740 22812 3597
 ... : 16 5 2 66 48 50 78 500 1900 9740 23368 3798
 ... : 16 5 2 66 48 50 78 500 1900 9740 23788 3999
 ... : 16 5 2 66 48 50 78 500 1900 9746 24378 4182
 ... : 16 5 2 66 48 50 78 500 1900 9745 24927 4387
 ... : 16 5 2 66 48 50 78 500 1900 9744 25501 4590
 ... : 16 5 2 66 48 50 78 500 1900 9744 25989 4790
 ... : 16 5 2 66 48 50 78 500 1900 9744 26329 4992
 ... : 16 5 2 66 48 50 78 500 1900 9744 26855 5193
 ... : 16 5 2 66 48 50 78 500 1900 9744 27508 5394
 ... : 16 5 2 66 48 50 78 500 1900 9744 27933 5595
 ... : 16 5 2 66 48 50 78 500 1900 9743 28397 5797
 ... : 16 5 2 66 48 50 78 500 1900 9743 28841 5995
 ... : 16 5 2 66 48 50 78 500 1900 9743 29285 6195
 ... : 16 5 2 66 48 50 78 500 1900 9743 29733 6397
 ... : 16 5 2 66 48 50 78 500 1900 9743 30164 6597
 ... : 16 5 2 66 48 50 78 500 1900 9743 30674 6799
 ... : 16 5 2 66 48 50 78 500 1900 9743 31093 6999
