initialized model with 934 latches, 364 inputs and 1 properties
tsim: performed 17 steps
tsim: found cycle from 15
checking bound 0
checking bound 1
checking bound 2
tdecomp: unrolling 2 cycles
tsim: performed 15 steps
tsim: found cycle from 13
tsim: found 1 constants and 0 latch equivalences
tdecomp: (934, 1456) -> (933, 336)
 ... : 200
   2 : 99 241
   3 : 36 53 278
   4 : 32 56 110 194
   5 : 32 56 139 61 182
 ... : 31 46 128 236 328
   6 : 18 13 14 69 175 304
 ... : 18 12 12 66 257 492
   7 : 17 11 8 47 107 246 359
 ... : 17 11 8 47 111 328 479
 ... : 17 11 8 47 109 336 564
 ... : 17 11 9 50 124 311 603
 ... : 17 9 8 51 126 270 639
 ... : 17 9 8 51 117 243 649
 ... : 17 9 8 51 116 231 665
 ... : 17 9 8 51 115 228 680
 ... : 17 9 8 51 115 220 696
 ... : 17 9 8 51 114 213 709
   8 : 17 5 3 38 54 71 176 446
 ... : 15 4 3 38 56 72 207 588
 ... : 15 4 3 38 72 85 232 630
 ... : 15 4 3 38 80 90 253 723
 ... : 15 4 3 36 79 88 260 773
   9 : 15 3 3 36 69 77 219 360 436
 ... : 15 3 3 36 69 77 219 483 627
 ... : 15 3 3 36 69 77 219 562 812
 ... : 15 3 3 36 69 77 219 657 997
 ... : 15 3 3 36 73 81 227 753 1129
 ... : 15 3 3 36 73 81 227 802 1304
 ... : 15 3 3 36 73 81 227 841 1497
 ... : 15 3 3 36 73 81 244 869 1557
 ... : 15 3 3 36 74 82 253 912 1627
 ... : 15 3 3 36 76 84 266 970 1685
 ... : 15 3 3 36 77 85 274 994 1741
 ... : 15 3 3 36 79 87 282 1047 1785
 ... : 15 3 3 36 79 87 285 1084 1824
  10 : 15 3 3 36 77 87 285 885 1783 279
 ... : 15 3 3 36 77 87 285 885 2260 479
 ... : 15 3 3 36 77 87 285 885 2570 680
 ... : 15 3 3 36 77 87 285 885 2794 881
 ... : 15 3 3 36 77 87 285 886 2851 1032
 ... : 15 3 3 36 77 87 285 886 3073 1228
 ... : 15 3 3 36 77 87 285 877 3090 1419
 ... : 15 3 3 36 77 87 285 868 3076 1582
 ... : 15 3 3 36 77 87 285 866 3071 1774
 ... : 15 3 3 36 77 87 285 864 3001 1940
 ... : 15 3 3 36 77 87 285 854 2980 2105
 ... : 15 3 3 36 77 87 285 850 3007 2279
 ... : 15 3 3 36 77 87 285 847 3029 2470
 ... : 15 3 3 36 77 87 284 832 3075 2642
 ... : 15 3 3 36 77 87 284 827 2990 2839
 ... : 15 3 3 36 77 87 284 825 3002 3025
 ... : 15 3 3 36 77 87 283 826 3122 3158
 ... : 15 3 3 36 77 86 285 824 3052 3333
 ... : 15 3 3 36 77 86 285 824 3064 3527
 ... : 15 3 3 36 77 86 285 823 3083 3698
 ... : 15 3 3 36 77 86 285 824 3097 3889
 ... : 15 3 3 36 77 86 283 822 3102 4071
 ... : 15 3 3 36 77 86 283 821 3109 4223
 ... : 15 3 3 36 77 86 283 820 3119 4413
 ... : 15 3 3 36 77 86 283 818 3136 4605
  11 : 15 3 3 36 62 44 85 438 1665 5111 411
 ... : 15 3 3 36 62 44 85 438 1665 5315 611
 ... : 15 3 3 36 62 44 85 438 1665 5441 812
 ... : 15 3 3 36 62 44 85 438 1665 5499 1013
 ... : 15 3 3 36 62 44 85 438 1665 5609 1214
 ... : 15 3 3 36 62 44 85 438 1665 5672 1414
 ... : 15 3 3 36 62 44 85 438 1665 5787 1615
 ... : 15 3 3 36 62 44 85 438 1665 5872 1816
 ... : 15 3 3 36 62 44 85 438 1665 5914 2017
 ... : 15 3 3 36 62 44 85 438 1665 6002 2218
 ... : 15 3 3 36 62 44 85 438 1665 6139 2419
 ... : 15 3 3 36 62 44 85 438 1665 6254 2620
 ... : 15 3 3 36 62 44 85 438 1665 6357 2820
 ... : 15 3 3 36 62 44 85 438 1665 6441 3021
 ... : 15 3 3 36 62 44 85 438 1665 6545 3222
 ... : 15 3 3 36 62 44 85 438 1665 6659 3423
 ... : 15 3 3 36 62 44 85 438 1665 6836 3625
 ... : 15 3 3 36 62 44 85 438 1665 6959 3826
 ... : 15 3 3 36 62 44 85 438 1665 7073 4027
 ... : 15 3 3 36 62 44 85 438 1665 7146 4228
 ... : 15 3 3 36 62 44 85 438 1665 7244 4429
 ... : 15 3 3 36 62 44 85 438 1664 7375 4630
 ... : 15 3 3 36 62 44 85 438 1662 7491 4831
 ... : 15 3 3 36 62 44 85 438 1662 7545 5032
 ... : 15 3 3 36 62 44 85 438 1662 7581 5233
 ... : 15 3 3 36 62 44 85 438 1662 7625 5434
 ... : 15 3 3 36 62 44 85 438 1612 7666 5617
 ... : 15 3 3 36 62 44 85 438 1612 7703 5817
 ... : 15 3 3 36 62 44 85 438 1612 7749 6018
 ... : 15 3 3 36 62 44 85 438 1612 7784 6217
 ... : 15 3 3 36 62 44 85 438 1612 7803 6418
 ... : 15 3 3 36 62 44 85 438 1612 7884 6601
 ... : 15 3 3 36 62 44 85 438 1612 7921 6802
 ... : 15 3 3 36 62 44 85 438 1612 8029 7003
 ... : 15 3 3 36 62 44 85 438 1609 8108 7204
 ... : 15 3 3 36 62 44 85 438 1609 8167 7393
 ... : 15 3 3 36 62 44 85 438 1609 8241 7594
 ... : 15 3 3 36 62 44 85 438 1609 8287 7795
 ... : 15 3 3 36 62 44 85 438 1609 8308 7994
 ... : 15 3 3 36 62 44 85 438 1609 8366 8195
 ... : 15 3 3 36 62 44 85 438 1609 8438 8397
 ... : 15 3 3 36 62 44 85 438 1608 8544 8595
 ... : 15 3 3 36 62 44 85 438 1611 8600 8785
 ... : 15 3 3 36 62 44 85 438 1613 8668 8972
 ... : 15 3 3 36 62 44 85 438 1614 8693 9086
 ... : 15 3 3 36 62 44 85 438 1614 8716 9283
 ... : 15 3 3 36 62 44 85 438 1614 8781 9486
 ... : 15 3 3 36 62 44 85 438 1614 8838 9686
 ... : 15 3 3 36 62 44 85 438 1614 8971 9886
 ... : 15 3 3 36 62 44 85 438 1614 9050 10087
 ... : 15 3 3 36 62 44 85 438 1614 9084 10274
 ... : 15 3 3 36 62 44 85 438 1614 9111 10475
 ... : 15 3 3 36 62 44 85 438 1614 9125 10664
 ... : 15 3 3 36 62 44 85 438 1614 9176 10865
 ... : 15 3 3 36 62 44 85 438 1614 9227 11065
 ... : 15 3 3 36 62 44 85 440 1620 9288 11227
 ... : 15 3 3 36 62 44 85 440 1620 9341 11428
 ... : 15 3 3 36 62 44 85 440 1620 9368 11627
 ... : 15 3 3 36 62 44 85 439 1619 9460 11827
 ... : 15 3 3 36 62 44 85 439 1620 9503 12015
 ... : 15 3 3 36 62 44 84 441 1629 9572 12147
 ... : 15 3 3 36 62 44 84 441 1629 9600 12348
 ... : 15 3 3 36 62 44 84 441 1629 9688 12549
 ... : 15 3 3 36 62 44 84 441 1629 9761 12750
 ... : 15 3 3 36 62 44 84 441 1629 9814 12951
 ... : 15 3 3 36 62 44 84 441 1629 9837 13152
 ... : 15 3 3 36 62 44 84 441 1637 9889 13309
 ... : 15 3 3 36 62 44 84 445 1643 9945 13468
 ... : 15 3 3 36 62 44 84 445 1643 10029 13663
 ... : 15 3 3 36 62 44 84 445 1643 10094 13840
 ... : 15 3 3 36 62 44 84 445 1644 10178 13971
 ... : 15 3 3 36 62 44 84 445 1645 10237 14108
 ... : 15 3 3 36 62 44 84 445 1644 10288 14297
 ... : 15 3 3 36 62 44 84 445 1644 10315 14497
 ... : 15 3 3 36 62 44 84 445 1644 10445 14684
 ... : 15 3 3 36 62 44 84 445 1643 10563 14878
 ... : 15 3 3 36 62 44 84 445 1643 10627 15071
 ... : 15 3 3 36 62 44 84 445 1644 10740 15230
 ... : 15 3 3 36 62 44 84 445 1646 10836 15359
 ... : 15 3 3 36 62 44 84 445 1646 10926 15543
 ... : 15 3 3 36 62 44 84 445 1645 11041 15738
 ... : 15 3 3 36 62 44 84 445 1645 11079 15939
 ... : 15 3 3 36 62 44 84 445 1645 11115 16140
 ... : 15 3 3 36 62 44 84 445 1645 11153 16341
 ... : 15 3 3 36 62 44 84 447 1645 11224 16530
 ... : 15 3 3 36 62 44 84 447 1645 11261 16692
 ... : 15 3 3 36 62 44 84 447 1645 11295 16893
 ... : 15 3 3 36 62 44 84 447 1646 11368 17044
 ... : 15 3 3 36 62 44 84 447 1646 11424 17233
 ... : 15 3 3 36 62 44 84 447 1646 11466 17384
 ... : 15 3 3 36 62 44 84 447 1646 11503 17586
 ... : 15 3 3 36 62 44 84 447 1646 11598 17787
  12 : 15 3 3 36 58 42 81 416 1360 10950 17423 952
 ... : 15 3 3 36 58 42 81 416 1360 10950 18441 1153
 ... : 15 3 3 36 58 42 81 416 1360 10950 19619 1356
 ... : 15 3 3 36 58 42 81 416 1360 10950 20371 1560
 ... : 15 3 3 36 58 42 81 416 1360 10950 21048 1761
 ... : 15 3 3 36 58 42 81 416 1360 10950 21513 1961
 ... : 15 3 3 36 58 42 81 416 1360 10950 22094 2164
 ... : 15 3 3 36 58 42 81 416 1360 10950 22466 2366
 ... : 15 3 3 36 58 42 81 416 1360 10950 22747 2569
 ... : 15 3 3 36 58 42 81 416 1360 10950 23125 2773
 ... : 15 3 3 36 58 42 81 416 1360 10950 23813 2974
 ... : 15 3 3 36 58 42 81 416 1360 10950 24195 3175
 ... : 15 3 3 36 58 42 81 416 1360 10950 24702 3375
 ... : 15 3 3 36 58 42 81 416 1360 10950 25081 3576
 ... : 15 3 3 36 58 42 81 416 1360 10950 25414 3777
 ... : 15 3 3 36 58 42 81 416 1360 10950 25810 3980
 ... : 15 3 3 36 58 42 81 416 1360 10950 26130 4180
 ... : 15 3 3 36 58 42 81 416 1360 10950 26357 4381
 ... : 15 3 3 36 58 42 81 416 1360 10950 26749 4584
 ... : 15 3 3 36 58 42 81 416 1360 10950 27099 4785
 ... : 15 3 3 36 58 42 81 416 1360 10950 27766 4984
 ... : 15 3 3 36 58 42 81 416 1360 10950 28134 5185
 ... : 15 3 3 36 58 42 81 416 1360 10950 28395 5386
 ... : 15 3 3 36 58 42 81 416 1360 10950 28670 5588
 ... : 15 3 3 36 58 42 81 416 1360 10950 29175 5789
 ... : 15 3 3 36 58 42 81 416 1360 10949 29371 5990
 ... : 15 3 3 36 58 42 81 416 1360 10949 29691 6190
 ... : 15 3 3 36 58 42 81 416 1360 10949 30094 6391
 ... : 15 3 3 36 58 42 81 416 1360 10949 30370 6592
