initialized model with 934 latches, 364 inputs and 1 properties
tsim: performed 17 steps
tsim: found cycle from 15
checking bound 0
checking bound 1
checking bound 2
tdecomp: unrolling 2 cycles
tsim: performed 15 steps
tsim: found cycle from 13
tsim: found 1 constants and 0 latch equivalences
tdecomp: (934, 1456) -> (933, 352)
 ... : 200
   2 : 97 276
   3 : 33 73 327
   4 : 27 69 209 231
   5 : 27 69 250 103 204
 ... : 27 68 280 339 297
 ... : 27 68 313 667 397
 ... : 27 68 331 920 505
 ... : 27 68 353 1015 573
 ... : 27 63 329 888 712
 ... : 25 46 216 580 785
   6 : 16 14 21 108 431 540
 ... : 16 14 20 108 424 726
 ... : 16 14 19 105 366 877
   7 : 14 7 11 64 136 234 558
 ... : 14 7 11 64 140 261 718
   8 : 14 6 10 60 104 155 314 467
 ... : 14 6 10 60 104 153 367 677
 ... : 13 5 10 60 104 154 422 844
 ... : 13 5 10 60 104 155 455 1014
 ... : 13 4 10 60 105 157 498 1111
   9 : 12 4 10 60 101 146 443 891 273
 ... : 12 4 10 60 101 146 443 940 473
 ... : 12 4 10 60 101 146 443 1034 674
 ... : 12 4 10 60 101 146 442 1080 876
 ... : 12 4 10 60 101 146 442 1165 1077
 ... : 12 4 10 60 101 147 444 1234 1254
 ... : 12 4 10 60 101 146 429 1202 1441
 ... : 12 4 10 60 101 146 423 1229 1637
 ... : 12 4 10 60 101 146 416 1241 1838
 ... : 12 6 12 62 106 154 419 1291 1912
  10 : 12 5 13 61 104 97 234 977 1892 271
 ... : 12 5 13 61 104 97 234 977 2199 471
 ... : 12 5 13 61 104 97 234 977 2358 673
 ... : 12 5 13 61 104 97 234 977 2434 875
 ... : 12 5 13 61 104 97 234 977 2621 1076
 ... : 12 5 13 61 104 97 234 977 2742 1278
 ... : 12 5 13 61 104 97 234 977 2829 1478
 ... : 12 5 13 61 104 97 234 977 2905 1679
 ... : 12 5 13 61 104 97 234 977 3027 1879
 ... : 12 5 13 61 104 97 234 977 3085 2081
 ... : 12 5 13 61 104 97 234 977 3148 2282
 ... : 12 5 13 61 104 97 234 977 3181 2483
 ... : 12 5 13 61 104 97 234 977 3244 2684
 ... : 12 5 13 61 104 97 234 977 3312 2885
 ... : 12 5 13 61 104 97 234 977 3423 3086
 ... : 12 5 13 61 104 97 234 977 3456 3287
 ... : 12 5 13 61 104 97 234 977 3511 3488
 ... : 12 5 13 61 104 97 234 977 3553 3689
 ... : 12 5 13 61 104 97 234 977 3605 3890
 ... : 12 5 13 61 104 97 234 977 3654 4091
 ... : 12 5 13 61 104 97 234 977 3695 4292
 ... : 12 5 13 61 104 97 234 977 3753 4493
 ... : 12 5 13 61 104 97 234 977 3801 4693
 ... : 12 5 13 61 104 97 234 977 3843 4894
 ... : 12 5 13 61 104 97 234 977 3893 5096
 ... : 12 5 13 61 104 97 234 977 3956 5297
 ... : 12 5 13 61 104 97 234 977 4017 5497
 ... : 12 5 13 61 104 97 234 976 4082 5689
 ... : 12 5 13 61 104 95 232 974 4074 5825
 ... : 12 5 13 61 104 95 232 973 4114 5991
 ... : 12 5 13 61 104 95 232 973 4146 6189
  11 : 12 5 13 61 103 93 225 935 3564 6211 583
 ... : 12 5 13 61 103 93 225 935 3564 6694 785
 ... : 12 5 13 61 103 93 225 935 3564 6978 986
 ... : 12 5 13 61 103 93 225 935 3564 7247 1187
 ... : 12 5 13 61 103 93 225 935 3563 7394 1386
 ... : 12 5 13 61 103 93 225 935 3562 7654 1585
 ... : 12 5 13 61 103 93 225 935 3562 7869 1778
 ... : 12 5 13 61 103 93 225 935 3561 8043 1966
 ... : 12 5 13 61 103 93 225 935 3561 8134 2152
 ... : 12 5 13 61 103 93 225 935 3561 8306 2354
 ... : 12 5 13 61 103 93 225 935 3561 8470 2551
 ... : 12 5 13 61 103 93 225 935 3561 8692 2750
 ... : 12 5 13 61 103 93 225 935 3560 8822 2948
 ... : 12 5 13 61 103 93 225 935 3560 8991 3149
 ... : 12 5 13 61 103 93 225 935 3560 9128 3349
 ... : 12 5 13 61 103 93 225 935 3560 9244 3550
 ... : 12 5 13 61 103 93 225 935 3559 9376 3752
 ... : 12 5 13 61 103 93 225 935 3559 9539 3953
 ... : 12 5 13 61 103 93 225 935 3559 9641 4153
 ... : 12 5 13 61 103 93 225 935 3559 9742 4353
 ... : 12 5 13 61 103 93 225 935 3558 9830 4555
 ... : 12 5 13 61 103 93 225 935 3558 9937 4756
 ... : 12 5 13 61 103 93 225 935 3557 10043 4957
 ... : 12 5 13 61 103 93 225 935 3556 10136 5158
 ... : 12 5 13 61 103 93 225 935 3555 10227 5359
 ... : 12 5 13 61 103 93 225 935 3555 10330 5561
 ... : 12 5 13 61 103 93 225 935 3554 10394 5720
 ... : 12 5 13 61 103 93 225 935 3554 10503 5920
 ... : 12 5 13 61 103 93 225 935 3554 10573 6121
 ... : 12 5 13 61 103 93 225 935 3554 10741 6320
 ... : 12 5 13 61 103 93 225 935 3553 10810 6521
 ... : 12 5 13 61 103 93 225 935 3553 10892 6720
 ... : 12 5 13 61 103 93 225 935 3553 10948 6921
 ... : 12 5 13 61 103 93 225 935 3553 11030 7122
 ... : 12 5 13 61 103 93 225 935 3553 11123 7321
 ... : 12 5 13 61 103 93 225 935 3553 11202 7521
 ... : 12 5 13 61 103 93 225 935 3553 11267 7721
 ... : 12 5 13 61 103 93 225 935 3553 11366 7922
 ... : 12 5 13 61 103 93 225 935 3553 11404 8117
 ... : 12 5 13 61 103 93 225 935 3552 11448 8315
 ... : 12 5 13 61 103 93 225 935 3552 11479 8516
 ... : 12 5 13 61 103 93 225 935 3551 11530 8717
 ... : 12 5 13 61 103 93 225 935 3551 11582 8913
 ... : 12 5 13 61 103 93 225 935 3551 11709 9112
 ... : 12 5 13 61 103 93 225 935 3551 11804 9313
 ... : 12 5 13 61 103 93 225 935 3551 11871 9513
 ... : 12 5 13 61 103 93 225 935 3551 11965 9714
 ... : 12 5 13 61 103 93 225 935 3550 12015 9915
 ... : 12 5 13 61 103 93 225 935 3549 12110 10117
 ... : 12 5 13 61 103 93 225 935 3549 12186 10317
 ... : 12 5 13 61 103 93 225 935 3549 12319 10518
 ... : 12 5 13 61 103 93 225 935 3549 12412 10719
 ... : 12 5 13 61 104 95 228 943 3559 12564 10867
 ... : 12 5 13 61 104 95 228 943 3558 12594 11069
 ... : 12 5 13 61 104 95 228 943 3558 12655 11269
 ... : 12 5 13 61 104 95 228 943 3558 12721 11470
 ... : 12 5 13 61 104 95 228 943 3558 12784 11671
 ... : 12 5 13 61 104 95 228 943 3558 12850 11871
 ... : 12 5 13 61 104 95 228 943 3558 12917 12051
 ... : 12 5 13 61 104 95 228 943 3557 12959 12252
 ... : 12 5 13 61 104 95 228 943 3557 13017 12443
 ... : 12 5 13 61 104 95 228 943 3557 13065 12643
 ... : 12 5 13 61 104 95 228 943 3557 13115 12844
 ... : 12 5 13 61 104 95 228 945 3567 13211 13031
 ... : 12 5 13 61 104 95 228 945 3566 13284 13233
 ... : 12 5 13 61 104 95 228 945 3566 13319 13432
 ... : 12 5 13 61 104 95 228 945 3566 13345 13633
 ... : 12 5 13 61 104 95 231 952 3575 13378 13804
 ... : 12 5 13 61 104 95 231 954 3580 13503 13983
 ... : 12 5 13 61 104 95 231 954 3582 13558 14137
 ... : 12 5 13 61 104 95 231 954 3582 13616 14301
 ... : 12 5 13 61 104 95 231 954 3582 13672 14501
 ... : 12 5 13 61 104 95 231 954 3582 13761 14702
 ... : 12 5 13 61 104 95 231 954 3582 13827 14904
 ... : 12 5 13 61 104 95 231 954 3581 13862 15105
 ... : 12 5 13 61 104 95 231 954 3580 13933 15304
 ... : 12 5 13 61 104 95 231 954 3571 13983 15484
 ... : 12 5 13 61 104 95 231 954 3571 14038 15683
  12 : 12 4 12 56 43 96 215 779 2659 11688 15584 785
 ... : 12 4 12 56 43 96 215 779 2659 11688 16741 986
 ... : 12 4 12 56 43 96 215 779 2659 11688 17686 1193
 ... : 12 4 12 56 43 96 215 779 2659 11688 18208 1395
 ... : 12 4 12 56 43 96 215 779 2659 11688 18892 1597
 ... : 12 4 12 56 43 96 215 779 2659 11688 19579 1798
 ... : 12 4 12 56 43 96 215 779 2659 11688 20432 1999
 ... : 12 4 12 56 43 96 215 779 2659 11688 20937 2204
 ... : 12 4 12 56 43 96 215 779 2659 11688 21330 2406
