initialized model with 934 latches, 364 inputs and 1 properties
tsim: performed 17 steps
tsim: found cycle from 15
checking bound 0
checking bound 1
checking bound 2
tdecomp: unrolling 2 cycles
tsim: performed 15 steps
tsim: found cycle from 13
tsim: found 1 constants and 0 latch equivalences
tdecomp: (934, 1456) -> (933, 338)
 ... : 200
 ... : 401
   2 : 59 437
   3 : 21 13 502
   4 : 19 7 45 467
   5 : 18 7 13 41 467
   6 : 17 6 13 47 412 250
 ... : 17 6 13 47 442 451
 ... : 17 6 13 47 495 593
   7 : 17 6 13 47 413 466 285
 ... : 17 6 13 47 413 520 485
 ... : 17 6 13 47 413 532 638
 ... : 17 6 13 47 413 538 751
   8 : 17 6 13 47 408 387 611 324
 ... : 17 6 13 47 408 387 654 525
 ... : 17 6 13 47 408 387 663 731
 ... : 17 6 13 47 408 390 712 927
 ... : 16 5 13 47 408 389 722 1128
 ... : 15 4 13 47 408 388 767 1330
 ... : 15 4 13 47 408 386 800 1521
 ... : 15 4 13 47 408 385 822 1722
 ... : 15 4 13 47 408 384 843 1924
 ... : 15 4 13 47 408 384 858 2123
 ... : 15 4 13 47 408 384 887 2326
 ... : 15 4 13 47 408 384 941 2526
 ... : 15 4 13 47 408 384 969 2726
 ... : 15 4 13 47 408 384 980 2927
 ... : 15 4 13 47 408 384 984 3127
   9 : 15 4 13 47 380 339 947 2952 324
 ... : 15 4 13 47 380 339 946 3126 536
 ... : 15 4 13 47 380 339 946 3315 735
 ... : 15 4 13 47 380 339 946 3483 939
 ... : 15 4 13 47 380 339 946 3608 1139
 ... : 15 4 13 47 380 339 945 3711 1337
 ... : 15 4 13 47 380 339 944 3783 1539
 ... : 15 4 13 47 380 339 944 3857 1740
 ... : 15 4 13 47 380 339 944 3943 1940
 ... : 15 4 13 47 380 339 944 4066 2142
 ... : 15 4 13 47 380 339 944 4154 2342
 ... : 15 4 13 47 380 339 943 4217 2543
 ... : 15 4 13 47 380 339 943 4262 2743
 ... : 15 4 13 47 380 339 943 4326 2939
 ... : 15 4 13 47 380 339 943 4367 3129
 ... : 15 4 13 47 380 339 942 4453 3329
 ... : 15 4 13 47 380 339 942 4512 3530
 ... : 15 4 13 47 380 339 942 4552 3722
 ... : 15 4 13 47 380 339 942 4585 3917
 ... : 15 4 13 47 380 339 942 4612 4118
 ... : 15 4 13 47 380 339 942 4653 4319
 ... : 15 4 13 47 380 339 942 4697 4518
 ... : 15 4 13 47 380 339 942 4718 4713
 ... : 15 4 13 47 380 339 942 4749 4909
 ... : 15 4 13 47 380 339 942 4799 5107
 ... : 15 4 13 47 380 339 942 4801 5308
 ... : 15 4 13 47 380 339 942 4824 5508
 ... : 15 4 13 47 380 339 942 4851 5709
 ... : 15 4 13 47 380 339 942 4875 5910
 ... : 15 4 13 47 380 339 942 4902 6112
 ... : 15 4 13 47 380 339 942 4931 6313
 ... : 15 4 13 47 380 339 940 4952 6514
 ... : 15 4 13 47 380 339 940 5010 6713
 ... : 15 4 13 47 380 339 940 5040 6912
 ... : 15 4 13 47 380 339 940 5046 7111
 ... : 15 4 13 47 380 339 940 5075 7311
 ... : 15 4 13 47 380 339 940 5112 7512
 ... : 15 4 13 47 380 339 940 5149 7674
 ... : 15 4 13 47 380 339 940 5154 7874
 ... : 15 4 13 47 380 339 940 5173 8064
 ... : 15 4 13 47 380 339 939 5212 8265
 ... : 15 4 13 47 380 339 939 5229 8466
 ... : 15 4 13 47 380 339 938 5236 8660
 ... : 15 4 13 47 381 338 939 5244 8838
 ... : 15 4 13 47 381 338 939 5260 9039
 ... : 15 4 13 47 381 338 939 5288 9237
 ... : 15 4 13 47 381 338 939 5317 9435
  10 : 15 4 13 47 178 181 954 4802 9140 840
 ... : 15 4 13 47 178 181 954 4802 9718 1082
 ... : 15 4 13 47 178 181 954 4802 10292 1311
 ... : 15 4 13 47 178 181 954 4789 10901 1539
 ... : 15 4 13 47 178 181 954 4790 11382 1748
 ... : 15 4 13 47 178 181 957 4797 11840 1899
 ... : 15 4 13 47 178 181 957 4797 12371 2111
 ... : 15 4 13 47 178 181 957 4780 12847 2320
 ... : 15 4 13 47 178 181 957 4780 13275 2524
 ... : 15 4 13 47 178 181 957 4780 13669 2726
 ... : 15 4 13 47 178 181 957 4780 13951 2928
 ... : 15 4 13 47 178 181 957 4780 14364 3133
 ... : 15 4 13 47 178 181 957 4780 14833 3335
 ... : 15 4 13 47 178 181 957 4780 15159 3536
 ... : 15 4 13 47 178 181 957 4780 15445 3737
 ... : 15 4 13 47 178 181 957 4780 15660 3938
 ... : 15 4 13 47 178 181 957 4780 16210 4139
 ... : 15 4 13 47 178 181 957 4780 16492 4341
 ... : 15 4 13 47 178 181 957 4780 16753 4542
 ... : 15 4 13 47 178 181 957 4780 17040 4745
 ... : 15 4 13 47 178 181 957 4780 17213 4945
 ... : 15 4 13 47 183 181 979 4810 17270 4983
 ... : 15 4 13 47 183 181 979 4810 17456 5184
 ... : 15 4 13 47 183 181 979 4810 17715 5385
 ... : 15 4 13 47 183 181 979 4810 17964 5585
 ... : 15 4 13 47 183 181 979 4810 18141 5786
 ... : 15 4 13 47 183 181 979 4810 18440 5986
 ... : 15 4 13 47 183 181 979 4810 18721 6187
 ... : 15 4 13 47 183 181 979 4810 19025 6388
 ... : 15 4 13 47 183 181 979 4810 19420 6589
 ... : 15 4 13 47 183 181 979 4810 19647 6790
 ... : 15 4 13 47 183 181 979 4810 19790 6990
 ... : 15 4 13 47 183 181 979 4810 20002 7191
 ... : 15 4 13 47 183 181 979 4810 20245 7392
 ... : 15 4 13 47 183 181 979 4810 20445 7593
 ... : 15 4 13 47 183 181 979 4810 20571 7794
 ... : 15 4 13 47 183 181 979 4810 20741 7995
 ... : 15 4 13 47 183 181 979 4810 21021 8197
 ... : 15 4 13 47 183 181 979 4810 21194 8398
 ... : 15 4 13 47 183 181 979 4810 21452 8599
 ... : 15 4 13 47 183 181 979 4810 21563 8800
 ... : 15 4 13 47 183 181 979 4810 21665 9001
 ... : 15 4 13 47 183 181 979 4810 21860 9202
 ... : 15 4 13 47 183 181 979 4810 22062 9403
 ... : 15 4 13 47 183 181 979 4810 22225 9604
 ... : 15 4 13 47 183 181 979 4809 22445 9805
 ... : 15 4 13 47 183 181 979 4809 22586 10006
 ... : 15 4 13 47 183 181 979 4809 22732 10207
 ... : 15 4 13 47 183 181 979 4809 22857 10405
 ... : 15 4 13 47 183 181 979 4809 23003 10605
 ... : 15 4 13 47 183 181 979 4809 23195 10806
 ... : 15 4 13 47 183 181 979 4809 23401 11005
 ... : 15 4 13 47 183 181 979 4809 23569 11206
 ... : 15 4 13 47 183 181 979 4809 23759 11405
 ... : 15 4 13 47 183 181 979 4809 23918 11606
 ... : 15 4 13 47 183 181 979 4809 24148 11806
 ... : 15 4 13 47 183 181 979 4809 24243 12007
 ... : 15 4 13 47 183 181 979 4809 24357 12208
 ... : 15 4 13 47 183 181 979 4809 24426 12409
 ... : 15 4 13 47 183 181 979 4809 24584 12610
 ... : 15 4 13 47 183 181 979 4809 24719 12811
 ... : 15 4 13 47 183 181 979 4809 24894 13000
 ... : 15 4 13 47 183 181 979 4809 25077 13200
 ... : 15 4 13 47 183 181 979 4809 25260 13399
 ... : 15 4 13 47 183 181 979 4809 25456 13600
 ... : 15 4 12 45 175 179 973 4628 21649 13118
 ... : 15 4 12 45 175 179 972 4523 19711 12881
 ... : 15 4 12 45 175 179 968 4418 17676 12549
 ... : 15 4 12 45 174 179 965 4390 17293 12538
  11 : 14 3 2 35 20 83 429 1235 3880 8950 3111
 ... : 14 3 2 35 20 83 429 1235 3870 9181 3299
 ... : 14 3 2 35 20 83 429 1235 3868 9380 3494
 ... : 14 3 2 35 20 83 429 1235 3867 9521 3686
 ... : 14 3 2 35 20 83 429 1235 3867 9673 3884
 ... : 14 3 2 35 20 83 429 1235 3867 9882 4086
 ... : 14 3 2 35 20 83 429 1235 3866 10034 4286
 ... : 14 3 2 35 20 83 429 1235 3858 10188 4487
 ... : 14 3 2 35 20 83 429 1235 3858 10286 4688
 ... : 14 3 2 35 20 83 429 1235 3857 10403 4889
 ... : 14 3 2 35 20 83 429 1235 3857 10559 5091
 ... : 14 3 2 35 20 83 429 1235 3855 10662 5290
 ... : 14 3 2 35 20 83 429 1235 3855 10731 5491
 ... : 14 3 2 35 20 83 429 1235 3855 10765 5692
 ... : 14 3 2 35 20 83 429 1235 3855 10857 5892
 ... : 14 3 2 35 20 83 429 1235 3853 11004 6089
 ... : 14 3 2 35 20 83 429 1235 3852 11062 6289
 ... : 14 3 2 35 20 83 429 1235 3851 11195 6488
 ... : 14 3 2 35 20 83 429 1235 3850 11267 6690
 ... : 14 3 2 35 20 83 429 1235 3846 11440 6891
 ... : 14 3 2 35 20 83 429 1235 3842 11459 7075
 ... : 14 3 2 35 20 83 429 1235 3841 11498 7251
 ... : 14 3 2 35 20 83 429 1235 3840 11658 7452
 ... : 14 3 2 35 20 83 429 1235 3837 11747 7652
 ... : 14 3 2 35 20 83 429 1235 3837 11838 7851
 ... : 14 3 2 35 20 83 429 1235 3837 11884 8052
 ... : 14 3 2 35 20 83 429 1235 3836 11921 8253
 ... : 14 3 2 35 20 83 429 1235 3826 12005 8453
 ... : 14 3 2 35 20 83 429 1235 3826 12066 8653
 ... : 14 3 2 35 20 83 429 1235 3824 12147 8852
 ... : 14 3 2 35 20 83 429 1235 3822 12213 9045
 ... : 14 3 2 35 20 83 429 1235 3822 12317 9247
 ... : 14 3 2 35 20 83 429 1235 3821 12498 9446
 ... : 14 3 2 35 20 83 428 1196 3829 12735 9614
 ... : 14 3 2 35 20 83 429 1192 3805 12784 9750
 ... : 14 3 2 35 20 83 429 1192 3804 12820 9951
 ... : 14 3 2 35 20 83 429 1192 3804 12864 10150
 ... : 14 3 2 35 20 82 428 1190 3803 12919 10323
 ... : 14 3 2 35 20 82 428 1190 3803 12973 10521
 ... : 14 3 2 35 20 82 428 1190 3803 13010 10720
