initialized model with 933 latches, 364 inputs and 1 properties
tsim: performed 17 steps
tsim: found cycle from 15
checking bound 0
checking bound 1
checking bound 2
tdecomp: unrolling 2 cycles
tsim: performed 15 steps
tsim: found cycle from 13
tsim: found 1 constants and 0 latch equivalences
tdecomp: (933, 1456) -> (932, 338)
 ... : 200
   2 : 187 58
   3 : 10 147 109
   4 : 10 147 92 68
   5 : 8 139 57 65 80
 ... : 7 138 69 82 208
 ... : 6 127 41 99 292
   6 : 5 3 5 60 156 254
 ... : 5 3 5 61 154 421
   7 : 5 3 5 55 103 144 332
 ... : 5 3 5 61 105 131 423
 ... : 5 3 4 60 102 140 476
   8 : 5 2 3 54 56 59 122 385
 ... : 4 2 4 54 59 63 131 514
   9 : 4 2 4 54 51 58 96 204 356
 ... : 4 2 4 54 51 58 96 264 529
 ... : 4 2 4 54 51 58 97 310 695
  10 : 4 2 4 54 51 58 97 307 451 305
 ... : 4 2 4 54 51 58 97 307 620 504
 ... : 4 2 4 54 51 58 97 307 689 697
 ... : 4 2 4 54 51 58 97 307 732 898
 ... : 4 2 4 54 51 58 97 307 817 1099
 ... : 4 2 4 54 51 58 97 309 911 1277
 ... : 4 2 4 54 51 58 97 309 979 1478
 ... : 4 2 4 54 51 58 97 309 1064 1678
 ... : 4 2 4 54 51 58 97 305 1069 1867
  11 : 4 2 4 54 51 58 92 299 969 1862 164
 ... : 4 2 4 54 51 58 92 299 969 2013 364
 ... : 4 2 4 54 51 58 92 299 969 2096 551
 ... : 4 2 4 54 51 58 92 299 969 2253 752
 ... : 4 2 4 54 51 58 92 299 969 2401 945
 ... : 4 2 4 54 51 58 92 299 969 2661 1149
 ... : 4 2 4 54 51 58 92 299 969 2929 1313
 ... : 4 2 4 54 51 58 92 299 969 3040 1513
 ... : 4 2 4 54 51 58 92 299 969 3170 1714
 ... : 4 2 4 54 51 58 92 299 967 3296 1915
 ... : 4 2 4 54 51 58 92 299 968 3371 2112
 ... : 4 2 4 54 51 58 92 299 970 3473 2285
 ... : 4 2 4 54 51 58 92 299 972 3534 2469
 ... : 4 2 4 54 51 58 92 299 971 3578 2648
 ... : 4 2 4 54 51 58 92 299 967 3630 2821
 ... : 4 2 4 54 51 58 92 299 969 3700 3005
 ... : 4 2 4 54 51 58 92 299 967 3771 3201
 ... : 4 2 4 54 51 58 92 299 967 3815 3340
 ... : 4 2 4 54 51 58 92 299 967 3870 3518
 ... : 4 2 4 54 51 58 92 299 967 3888 3717
 ... : 4 2 4 54 51 58 92 299 967 3938 3912
 ... : 4 2 4 54 51 58 92 299 967 4000 4061
 ... : 4 2 4 54 51 58 92 299 968 4059 4230
 ... : 4 2 4 54 51 58 92 299 968 4112 4413
 ... : 4 2 4 54 51 58 92 299 968 4147 4613
 ... : 4 2 4 54 51 58 92 299 968 4172 4814
  12 : 4 2 4 53 45 57 87 269 939 3731 4998 423
 ... : 4 2 4 53 45 57 87 269 939 3731 5705 623
 ... : 4 2 4 53 45 57 87 269 939 3732 6519 818
 ... : 4 2 4 53 45 57 87 269 939 3732 7493 1020
 ... : 4 2 4 53 45 57 87 269 939 3732 7994 1223
 ... : 4 2 4 53 45 57 87 269 939 3732 8841 1424
 ... : 4 2 4 53 45 57 87 269 939 3732 9386 1626
 ... : 4 2 4 53 45 57 87 269 939 3732 9793 1827
 ... : 4 2 4 53 45 57 87 269 939 3732 10364 2029
 ... : 4 2 4 53 45 57 87 269 939 3732 10764 2231
 ... : 4 2 4 53 45 57 87 269 939 3732 11033 2433
 ... : 4 2 4 53 45 57 87 269 939 3732 11513 2638
 ... : 4 2 4 53 45 57 87 269 939 3732 11998 2839
 ... : 4 2 4 53 45 57 87 269 939 3732 12550 3039
 ... : 4 2 4 53 45 57 87 269 939 3732 12967 3239
 ... : 4 2 4 53 45 57 87 269 939 3732 13249 3440
 ... : 4 2 4 53 45 57 87 269 939 3732 13768 3642
 ... : 4 2 4 53 45 57 87 269 939 3732 14312 3845
 ... : 4 2 4 53 45 57 87 269 939 3732 14750 4046
 ... : 4 2 4 53 45 57 87 269 939 3733 15058 4221
 ... : 4 2 4 53 45 57 87 269 939 3733 15513 4412
 ... : 4 2 4 53 45 57 87 269 939 3733 15794 4612
 ... : 4 2 4 53 45 57 87 269 939 3733 16091 4814
 ... : 4 2 4 53 45 57 87 269 939 3733 16425 5025
 ... : 4 2 4 53 45 57 87 269 939 3733 16843 5225
 ... : 4 2 4 53 45 57 87 269 939 3733 17077 5426
 ... : 4 2 4 53 45 57 87 269 939 3733 17155 5627
 ... : 4 2 4 53 45 57 87 269 939 3733 17342 5826
 ... : 4 2 4 53 45 57 87 269 939 3733 17494 6020
 ... : 4 2 4 53 45 57 87 269 939 3733 17794 6220
 ... : 4 2 4 53 45 57 87 269 939 3736 18037 6405
 ... : 4 2 4 53 45 57 87 269 939 3736 18163 6607
 ... : 4 2 4 53 45 57 87 269 939 3739 18367 6735
 ... : 4 2 4 53 45 57 87 269 939 3739 18694 6936
 ... : 4 2 4 53 45 57 87 269 939 3739 18917 7133
 ... : 4 2 4 53 45 57 87 269 939 3739 19062 7331
 ... : 4 2 4 53 45 57 87 269 939 3739 19361 7532
 ... : 4 2 4 53 45 57 87 269 939 3739 19645 7734
 ... : 4 2 4 53 45 57 87 269 939 3742 19852 7881
 ... : 4 2 4 53 45 57 87 269 939 3742 19951 8080
 ... : 4 2 4 53 45 57 87 269 939 3742 20187 8282
 ... : 4 2 4 53 45 57 87 269 939 3742 20247 8481
 ... : 4 2 4 53 45 57 87 269 939 3740 20340 8682
 ... : 4 2 4 53 45 57 87 269 939 3740 20408 8883
 ... : 4 2 4 53 45 57 87 269 939 3740 20523 9090
 ... : 4 2 4 53 45 57 87 269 941 3747 20668 9280
 ... : 4 2 4 53 45 57 87 269 941 3747 20788 9478
 ... : 4 2 4 53 45 57 87 269 941 3747 20878 9681
 ... : 4 2 4 53 45 57 87 270 943 3753 21088 9852
 ... : 4 2 4 53 45 57 87 270 943 3753 21256 10052
  13 : 4 2 4 53 44 56 86 245 884 3708 19999 9582 1888
 ... : 4 2 4 53 44 56 86 245 884 3708 19999 11358 2101
 ... : 4 2 4 53 44 56 86 245 884 3708 19999 13652 2316
 ... : 4 2 4 53 44 56 86 245 884 3708 19999 15957 2531
 ... : 4 2 4 53 44 56 86 245 884 3708 19998 17185 2747
 ... : 4 2 4 53 44 56 86 245 884 3708 19998 18826 2960
 ... : 4 2 4 53 44 56 86 245 884 3708 19998 20823 3174
 ... : 4 2 4 53 44 56 86 245 884 3708 19998 21884 3387
 ... : 4 2 4 53 44 56 86 245 884 3708 19998 24294 3599
