initialized model with 933 latches, 364 inputs and 1 properties
tsim: performed 17 steps
tsim: found cycle from 15
checking bound 0
checking bound 1
checking bound 2
tdecomp: unrolling 2 cycles
tsim: performed 15 steps
tsim: found cycle from 13
tsim: found 1 constants and 0 latch equivalences
tdecomp: (933, 1456) -> (932, 338)
 ... : 200
   2 : 205 106
   3 : 21 21 313
   4 : 21 20 70 244
   5 : 20 20 34 93 249
   6 : 18 16 33 116 206 227
 ... : 18 15 33 104 300 328
 ... : 18 15 32 103 344 461
 ... : 17 13 28 93 271 579
   7 : 14 6 5 46 47 98 432
 ... : 14 6 5 58 65 95 500
 ... : 14 6 5 68 80 96 542
   8 : 14 6 5 68 76 51 235 358
 ... : 14 6 5 68 76 52 165 504
 ... : 14 6 5 68 76 53 157 583
   9 : 12 6 5 68 75 47 52 387 329
 ... : 12 6 5 68 75 46 48 404 523
 ... : 12 6 5 68 75 45 46 415 691
 ... : 12 6 5 68 83 45 54 435 780
  10 : 10 4 5 68 70 40 48 395 519 337
 ... : 10 4 5 68 70 40 48 395 573 537
 ... : 10 4 5 68 70 40 48 395 620 738
 ... : 10 4 5 68 70 40 48 395 685 939
 ... : 10 4 5 68 70 40 48 395 716 1140
 ... : 10 4 5 68 70 40 48 395 755 1341
 ... : 10 4 5 68 70 40 49 394 822 1523
 ... : 10 4 5 68 70 40 49 394 890 1724
 ... : 10 4 5 68 70 40 49 394 941 1922
 ... : 10 4 5 68 70 40 49 394 972 2114
 ... : 10 4 5 68 70 40 49 394 995 2315
 ... : 10 4 5 68 70 40 49 394 1003 2515
  11 : 10 4 5 68 68 40 48 397 793 2490 284
 ... : 10 4 5 68 68 40 48 397 793 2713 484
 ... : 10 4 5 68 68 40 48 397 793 2894 671
 ... : 10 4 5 68 68 40 48 397 793 3107 871
 ... : 10 4 5 68 68 40 48 397 793 3222 1072
 ... : 10 4 5 68 68 40 48 397 793 3383 1273
 ... : 10 4 5 68 68 40 48 397 792 3542 1472
 ... : 10 4 5 68 68 40 48 397 791 3685 1671
 ... : 10 4 5 68 68 40 48 397 791 3762 1873
 ... : 10 4 5 68 68 40 48 397 789 3899 2074
 ... : 10 4 5 68 68 40 48 397 787 4053 2273
 ... : 10 4 5 68 68 40 48 397 787 4206 2474
 ... : 10 4 5 68 68 40 48 397 787 4263 2675
 ... : 10 4 5 68 68 40 48 397 787 4334 2872
 ... : 10 4 5 68 68 40 48 397 787 4416 3074
 ... : 10 4 5 68 68 40 48 397 787 4482 3274
 ... : 10 4 5 68 68 40 48 397 787 4569 3475
 ... : 10 4 5 68 68 40 48 397 787 4620 3674
 ... : 10 4 5 68 68 40 48 397 794 4649 3812
 ... : 10 4 5 68 68 40 48 397 794 4678 4013
 ... : 10 4 5 68 68 40 48 397 794 4735 4214
 ... : 10 4 5 68 68 40 48 397 794 4807 4415
 ... : 10 4 5 68 68 40 48 397 794 4905 4616
 ... : 10 4 5 68 68 40 48 397 793 4999 4816
 ... : 10 4 5 68 68 40 48 397 793 5134 5012
 ... : 10 4 5 68 68 40 48 397 793 5172 5212
 ... : 10 4 5 68 68 40 48 397 793 5225 5413
 ... : 10 4 5 68 68 40 48 397 792 5251 5614
 ... : 10 4 5 68 68 40 48 397 791 5287 5815
 ... : 10 4 5 68 68 40 48 397 791 5304 6016
 ... : 10 4 5 68 68 40 48 397 790 5372 6214
 ... : 10 4 5 68 68 40 48 397 790 5427 6415
 ... : 10 4 5 68 68 40 48 397 790 5495 6616
 ... : 10 4 5 68 68 40 48 397 790 5557 6815
 ... : 10 4 5 68 68 40 48 397 790 5616 7014
 ... : 10 4 5 68 68 40 48 397 790 5661 7215
 ... : 10 4 5 68 68 40 48 397 790 5694 7416
 ... : 10 4 5 68 68 40 48 397 790 5725 7617
 ... : 10 4 5 68 68 40 48 397 790 5752 7816
 ... : 10 4 5 68 68 40 48 397 798 5788 7979
 ... : 10 4 5 68 68 40 48 397 798 5829 8176
 ... : 10 4 5 68 68 40 48 397 798 5856 8377
 ... : 10 4 5 68 68 40 48 397 798 5876 8574
 ... : 10 4 5 68 68 40 48 397 797 5915 8775
 ... : 10 4 5 68 68 40 48 397 797 5944 8975
 ... : 10 4 5 68 68 40 48 397 797 5970 9174
  12 : 10 4 5 68 67 40 48 396 769 5747 8774 848
 ... : 10 4 5 68 67 40 48 396 769 5747 9625 1049
 ... : 10 4 5 68 67 40 48 396 769 5747 10257 1250
 ... : 10 4 5 68 67 40 48 396 769 5747 10825 1456
 ... : 10 4 5 68 67 40 48 396 769 5747 11390 1658
 ... : 10 4 5 68 67 40 48 396 769 5747 11744 1859
 ... : 10 4 5 68 67 40 48 396 769 5747 11917 2061
 ... : 10 4 5 68 67 40 48 396 769 5747 12112 2262
 ... : 10 4 5 68 67 40 48 396 769 5747 12875 2463
 ... : 10 4 5 68 67 40 48 396 769 5747 13348 2673
 ... : 10 4 5 68 67 40 48 396 769 5747 13792 2876
 ... : 10 4 5 68 67 40 48 396 769 5747 14304 3076
 ... : 10 4 5 68 67 40 48 396 769 5747 15122 3276
 ... : 10 4 5 68 67 40 48 396 769 5747 15378 3479
 ... : 10 4 5 68 67 40 48 396 769 5747 15809 3671
 ... : 10 4 5 68 67 40 48 396 769 5747 16184 3872
 ... : 10 4 5 68 67 40 48 396 769 5747 16598 4073
 ... : 10 4 5 68 67 40 48 396 769 5747 17102 4270
 ... : 10 4 5 68 67 40 48 396 769 5747 17439 4471
 ... : 10 4 5 68 67 40 48 396 769 5747 17806 4668
 ... : 10 4 5 68 67 40 48 396 769 5747 18084 4870
 ... : 10 4 5 68 67 40 48 396 769 5757 18399 5008
 ... : 10 4 5 68 67 40 48 396 770 5777 18671 5138
 ... : 10 4 5 68 67 40 48 396 770 5777 19048 5339
 ... : 10 4 5 68 67 40 48 396 770 5777 19429 5540
 ... : 10 4 5 68 67 40 48 396 770 5777 19854 5741
 ... : 10 4 5 68 67 40 48 396 770 5777 20272 5943
 ... : 10 4 5 68 67 40 48 396 770 5777 20603 6151
 ... : 10 4 5 68 67 40 48 396 770 5777 21050 6353
 ... : 10 4 5 68 67 40 48 396 770 5777 21524 6554
 ... : 10 4 5 68 67 40 48 396 770 5777 21861 6755
 ... : 10 4 5 68 67 40 48 396 770 5777 22254 6958
 ... : 10 4 5 68 67 40 48 396 770 5777 22515 7159
 ... : 10 4 5 68 67 40 48 396 770 5777 22647 7344
 ... : 10 4 5 68 67 40 48 396 770 5777 22908 7543
 ... : 10 4 5 68 67 40 48 396 770 5777 23060 7744
 ... : 10 4 5 68 67 40 48 396 770 5777 23279 7945
 ... : 10 4 5 68 67 40 48 396 770 5777 23472 8146
 ... : 10 4 5 68 67 40 48 396 770 5777 23660 8347
 ... : 10 4 5 68 67 40 48 396 770 5777 24502 8549
 ... : 10 4 5 68 67 40 48 396 770 5777 24743 8756
 ... : 10 4 5 68 67 40 48 396 770 5777 25179 8956
 ... : 10 4 5 68 67 40 48 396 770 5777 25641 9157
 ... : 10 4 5 68 67 40 48 396 770 5777 26187 9358
 ... : 10 4 5 68 67 40 48 396 770 5777 26773 9560
 ... : 10 4 5 68 67 40 48 396 770 5777 26978 9763
 ... : 10 4 5 68 67 40 48 396 770 5777 27221 9967
 ... : 10 4 5 68 67 40 48 396 770 5777 27499 10168
 ... : 10 4 5 68 67 40 48 396 770 5777 27672 10371
 ... : 10 4 5 68 67 40 48 396 770 5777 28039 10572
 ... : 10 4 5 68 67 40 48 396 770 5777 28154 10773
 ... : 10 4 5 68 67 40 48 396 772 5779 28269 10958
 ... : 10 4 5 68 67 40 48 396 772 5779 28402 11159
 ... : 10 4 5 68 67 40 48 396 772 5779 28757 11360
 ... : 10 4 5 68 67 40 48 396 772 5779 28890 11561
 ... : 10 4 5 68 67 40 48 396 772 5779 29183 11767
 ... : 10 4 5 68 67 40 48 396 772 5780 29329 11957
 ... : 10 4 5 68 67 40 48 396 772 5780 29570 12158
 ... : 10 4 5 68 67 40 48 396 772 5780 29760 12356
 ... : 10 4 5 68 67 40 48 396 772 5779 29957 12557
 ... : 10 4 5 68 67 40 48 396 772 5779 30053 12753
 ... : 10 4 5 68 67 40 48 396 772 5779 30233 12954
 ... : 10 4 5 68 67 40 48 396 772 5780 30399 13151
