initialized model with 933 latches, 364 inputs and 1 properties
tsim: performed 17 steps
tsim: found cycle from 15
checking bound 0
checking bound 1
checking bound 2
tdecomp: unrolling 2 cycles
tsim: performed 15 steps
tsim: found cycle from 13
tsim: found 1 constants and 0 latch equivalences
tdecomp: (933, 1456) -> (932, 338)
 ... : 200
   2 : 198 134
   3 : 9 30 328
   4 : 9 30 91 249
   5 : 9 30 80 84 248
   6 : 9 30 80 108 106 225
 ... : 7 27 72 100 254 385
 ... : 7 22 61 94 300 472
 ... : 7 15 47 79 281 513
   7 : 5 3 2 47 50 56 479
 ... : 5 3 2 52 64 81 565
   8 : 5 3 2 52 71 69 215 399
 ... : 5 3 2 52 71 69 214 554
 ... : 5 3 2 52 71 66 244 626
   9 : 5 3 2 52 62 69 208 344 327
 ... : 5 3 2 52 62 69 208 375 527
 ... : 5 3 2 52 62 69 209 428 719
 ... : 5 3 2 52 62 69 211 484 898
 ... : 5 3 2 52 62 69 211 536 1065
  10 : 5 3 2 52 61 69 202 487 875 270
 ... : 5 3 2 52 61 69 202 487 1061 470
 ... : 5 3 2 52 61 69 202 487 1216 671
 ... : 5 3 2 52 61 69 202 487 1312 872
 ... : 5 3 2 52 61 69 202 489 1417 1068
 ... : 5 3 2 52 61 69 202 489 1511 1269
 ... : 5 3 2 52 61 69 202 489 1620 1465
 ... : 5 3 2 52 61 69 202 489 1713 1664
 ... : 5 3 2 52 61 69 201 469 1702 1861
 ... : 5 3 2 52 61 69 201 459 1621 2042
 ... : 5 3 2 52 61 68 200 458 1621 2211
 ... : 5 3 2 52 61 68 199 459 1616 2392
 ... : 5 3 2 52 61 68 198 455 1583 2571
 ... : 5 3 2 52 61 68 198 453 1587 2727
 ... : 5 3 2 52 61 68 197 453 1566 2906
 ... : 5 3 2 52 61 68 197 453 1559 3069
  11 : 4 3 2 52 49 46 73 262 837 3014 445
 ... : 4 3 2 52 49 46 73 262 837 3127 644
 ... : 4 3 2 52 49 46 73 262 836 3282 845
 ... : 4 3 2 52 49 46 73 262 836 3354 1043
 ... : 4 3 2 52 49 46 73 262 836 3460 1244
 ... : 4 3 2 52 49 46 73 262 836 3587 1445
 ... : 4 3 2 52 49 46 73 262 836 3667 1646
 ... : 4 3 2 52 49 46 73 262 836 3721 1847
 ... : 4 3 2 52 49 46 73 262 836 3812 2047
 ... : 4 3 2 52 49 46 73 262 836 3893 2248
 ... : 4 3 2 52 49 46 73 262 836 4000 2449
 ... : 4 3 2 52 49 46 73 262 836 4056 2650
 ... : 4 3 2 52 49 46 73 262 836 4148 2851
 ... : 4 3 2 52 49 46 73 262 836 4183 3052
 ... : 4 3 2 52 49 46 73 262 836 4253 3253
 ... : 4 3 2 52 49 46 73 262 836 4323 3455
 ... : 4 3 2 52 49 46 73 262 836 4372 3656
 ... : 4 3 2 52 49 46 73 262 836 4437 3857
 ... : 4 3 2 52 49 46 73 262 836 4478 4058
 ... : 4 3 2 52 49 46 73 262 836 4514 4259
 ... : 4 3 2 52 49 46 73 262 836 4547 4460
 ... : 4 3 2 52 49 46 73 262 836 4565 4647
 ... : 4 3 2 52 49 46 73 262 837 4600 4846
 ... : 4 3 2 52 49 46 73 262 837 4622 5046
 ... : 4 3 2 52 49 46 73 262 836 4634 5242
 ... : 4 3 2 52 49 46 73 262 836 4660 5440
 ... : 4 3 2 52 49 46 73 262 836 4697 5641
 ... : 4 3 2 52 49 46 73 262 836 4726 5842
 ... : 4 3 2 52 49 46 73 262 836 4756 6041
 ... : 4 3 2 52 49 46 73 262 836 4793 6241
 ... : 4 3 2 52 49 46 73 262 836 4819 6442
 ... : 4 3 2 52 49 46 73 262 836 4847 6642
 ... : 4 3 2 52 49 46 73 262 836 4864 6843
  12 : 4 3 2 52 48 45 73 258 773 4515 6984 397
 ... : 4 3 2 52 48 45 73 258 773 4515 7754 597
 ... : 4 3 2 52 48 45 73 258 773 4515 8619 799
 ... : 4 3 2 52 48 45 73 258 773 4515 9233 1005
 ... : 4 3 2 52 48 45 73 258 773 4515 10055 1209
 ... : 4 3 2 52 48 45 73 258 773 4515 10582 1413
 ... : 4 3 2 52 48 45 73 258 773 4515 11011 1613
 ... : 4 3 2 52 48 45 73 258 773 4515 11354 1814
 ... : 4 3 2 52 48 45 73 258 773 4515 11677 2015
 ... : 4 3 2 52 48 45 73 258 773 4515 12142 2219
 ... : 4 3 2 52 48 45 73 258 773 4515 12556 2420
 ... : 4 3 2 52 48 45 73 258 773 4515 12820 2621
 ... : 4 3 2 52 48 45 73 258 773 4515 13487 2821
 ... : 4 3 2 52 48 45 73 258 773 4515 13681 3021
 ... : 4 3 2 52 48 45 73 258 773 4515 13921 3226
 ... : 4 3 2 52 48 45 73 258 773 4515 14406 3426
 ... : 4 3 2 52 48 45 73 258 773 4515 14573 3627
 ... : 4 3 2 52 48 45 73 258 773 4515 14755 3828
 ... : 4 3 2 52 48 45 73 258 773 4515 15051 4029
 ... : 4 3 2 52 48 45 73 258 773 4515 15735 4230
 ... : 4 3 2 52 48 45 73 258 773 4515 16043 4433
 ... : 4 3 2 52 48 45 73 258 773 4515 16314 4634
 ... : 4 3 2 52 48 45 73 258 773 4515 16489 4835
 ... : 4 3 2 52 48 45 73 258 773 4515 16730 5037
 ... : 4 3 2 52 48 45 73 258 773 4515 16919 5229
 ... : 4 3 2 52 48 45 73 258 773 4515 17064 5430
 ... : 4 3 2 52 48 45 73 258 773 4515 17279 5631
 ... : 4 3 2 52 48 45 73 258 773 4515 17444 5832
 ... : 4 3 2 52 48 45 73 258 773 4515 17559 6033
 ... : 4 3 2 52 48 45 73 258 773 4515 17663 6233
 ... : 4 3 2 52 48 45 73 258 773 4515 18172 6434
 ... : 4 3 2 52 48 45 73 258 773 4514 18754 6635
 ... : 4 3 2 52 48 45 73 258 773 4514 18839 6836
 ... : 4 3 2 52 48 45 73 258 773 4514 18955 7038
 ... : 4 3 2 52 48 45 73 258 773 4514 19119 7239
 ... : 4 3 2 52 48 45 73 258 773 4514 19467 7441
 ... : 4 3 2 52 48 45 73 258 773 4514 19580 7639
 ... : 4 3 2 52 48 45 73 258 773 4514 19703 7840
 ... : 4 3 2 52 48 45 73 258 773 4514 19823 8031
 ... : 4 3 2 52 48 45 73 258 773 4514 19934 8232
 ... : 4 3 2 52 48 45 73 258 773 4514 20076 8432
 ... : 4 3 2 52 48 45 73 258 776 4519 20163 8592
 ... : 4 3 2 52 48 45 73 258 776 4519 20649 8792
 ... : 4 3 2 52 48 45 73 258 776 4519 20916 8994
 ... : 4 3 2 52 48 45 73 258 776 4519 21160 9196
 ... : 4 3 2 52 48 45 73 258 776 4518 21445 9400
 ... : 4 3 2 52 48 45 73 258 776 4518 21979 9603
 ... : 4 3 2 52 48 45 73 258 776 4518 22014 9803
 ... : 4 3 2 52 48 45 73 258 776 4518 22140 9999
 ... : 4 3 2 52 48 45 73 258 776 4518 22220 10198
 ... : 4 3 2 52 48 45 73 258 776 4518 22355 10396
 ... : 4 3 2 52 48 45 73 258 776 4518 22673 10598
 ... : 4 3 2 52 48 45 73 258 776 4519 22836 10795
 ... : 4 3 2 52 48 45 73 258 776 4519 22969 11004
 ... : 4 3 2 52 48 45 73 258 776 4519 23259 11204
 ... : 4 3 2 52 48 45 73 258 776 4519 23548 11389
 ... : 4 3 2 52 48 45 73 258 776 4519 24373 11607
 ... : 4 3 2 52 48 45 73 258 776 4519 24506 11802
 ... : 4 3 2 52 48 45 73 258 776 4518 24771 11989
 ... : 4 3 2 52 48 45 73 258 776 4517 24887 12171
 ... : 4 3 2 52 48 45 73 258 776 4517 24993 12363
 ... : 4 3 2 52 48 45 73 258 776 4517 25065 12559
 ... : 4 3 2 52 48 45 73 258 776 4517 25513 12760
 ... : 4 3 2 52 48 45 73 258 776 4517 26466 12961
 ... : 4 3 2 52 48 45 73 258 776 4517 26979 13162
 ... : 4 3 2 52 48 45 73 258 776 4517 27538 13363
 ... : 4 3 2 52 48 45 73 258 776 4517 27683 13563
 ... : 4 3 2 52 48 45 73 258 776 4517 28241 13763
 ... : 4 3 2 52 48 45 73 258 776 4517 28919 13964
 ... : 4 3 2 52 48 45 73 258 776 4517 29716 14165
 ... : 4 3 2 52 48 45 73 258 776 4517 30203 14366
  13 : 4 3 2 50 39 46 62 223 680 4313 28325 14179 2079
 ... : 4 3 2 50 39 46 62 223 680 4313 28325 15294 2286
 ... : 4 3 2 50 39 46 62 223 680 4313 28325 16497 2497
 ... : 4 3 2 50 39 46 62 223 680 4313 28325 17037 2707
 ... : 4 3 2 50 39 46 62 223 680 4313 28324 18103 2917
 ... : 4 3 2 50 39 46 62 223 680 4313 28324 19169 3124
 ... : 4 3 2 50 39 46 62 223 680 4313 28319 19711 3328
