initialized model with 933 latches, 364 inputs and 1 properties
tsim: performed 17 steps
tsim: found cycle from 15
checking bound 0
checking bound 1
checking bound 2
tdecomp: unrolling 2 cycles
tsim: performed 15 steps
tsim: found cycle from 13
tsim: found 1 constants and 0 latch equivalences
tdecomp: (933, 1456) -> (932, 342)
 ... : 200
   2 : 222 40
   3 : 9 46 238
   4 : 8 45 94 180
 ... : 6 37 124 328
   5 : 6 9 6 53 370
   6 : 5 5 3 43 140 288
 ... : 5 5 3 49 118 420
 ... : 5 5 3 55 121 460
   7 : 5 5 2 51 55 88 430
 ... : 5 5 2 60 66 89 513
 ... : 5 5 2 75 83 96 554
   8 : 5 5 2 75 82 65 280 318
 ... : 5 5 2 75 82 64 249 491
 ... : 5 5 2 75 82 63 238 552
   9 : 4 5 3 75 65 56 86 428 324
 ... : 4 5 3 75 64 56 86 474 525
 ... : 4 5 3 75 65 56 88 492 711
 ... : 4 5 3 75 68 56 91 513 856
 ... : 4 5 3 75 68 56 91 544 1051
 ... : 4 5 3 75 68 55 91 563 1247
  10 : 4 4 2 75 65 52 85 539 964 307
 ... : 4 4 2 75 65 52 85 539 1122 507
 ... : 4 4 2 75 65 52 85 539 1179 708
 ... : 4 4 2 75 65 52 85 539 1253 909
 ... : 4 4 2 75 65 52 86 540 1314 1091
 ... : 4 4 2 75 65 52 86 540 1388 1292
 ... : 4 4 2 75 65 52 86 540 1438 1493
 ... : 4 4 2 75 65 52 86 540 1490 1694
 ... : 4 4 2 75 65 52 86 540 1526 1895
 ... : 4 4 2 75 65 52 86 540 1602 2088
 ... : 4 4 2 75 65 52 86 540 1631 2289
 ... : 4 4 2 75 65 52 86 540 1654 2486
 ... : 4 4 2 75 65 52 86 540 1671 2687
 ... : 4 4 2 75 65 51 85 539 1708 2854
 ... : 4 4 2 75 65 51 85 538 1725 3049
 ... : 4 4 2 75 65 51 85 537 1771 3219
 ... : 4 4 2 75 65 51 85 536 1784 3415
  11 : 4 4 2 75 65 51 83 475 1426 3561 337
 ... : 4 4 2 75 65 51 83 475 1425 3733 539
 ... : 4 4 2 75 65 51 83 475 1423 3948 745
 ... : 4 4 2 75 65 51 83 475 1421 4108 946
 ... : 4 4 2 75 65 51 83 475 1419 4237 1147
 ... : 4 4 2 75 65 51 83 475 1418 4356 1348
 ... : 4 4 2 75 65 51 83 475 1415 4588 1549
 ... : 4 4 2 75 65 51 83 475 1413 4720 1750
 ... : 4 4 2 75 65 51 83 475 1413 4806 1951
 ... : 4 4 2 75 65 51 83 475 1413 4871 2152
 ... : 4 4 2 75 65 51 83 475 1411 4924 2353
 ... : 4 4 2 75 65 51 83 475 1411 5005 2554
 ... : 4 4 2 75 65 51 83 475 1411 5087 2756
 ... : 4 4 2 75 65 51 83 475 1411 5190 2957
 ... : 4 4 2 75 65 51 83 475 1411 5254 3159
 ... : 4 4 2 75 65 51 83 475 1411 5303 3360
 ... : 4 4 2 75 65 51 83 475 1410 5363 3561
 ... : 4 4 2 75 65 51 83 475 1410 5424 3762
 ... : 4 4 2 75 65 51 83 475 1410 5462 3963
 ... : 4 4 2 75 65 51 83 475 1410 5514 4160
 ... : 4 4 2 75 65 51 83 475 1410 5595 4361
 ... : 4 4 2 75 65 51 83 475 1410 5678 4561
 ... : 4 4 2 75 65 51 83 475 1410 5760 4760
 ... : 4 4 2 75 65 51 83 475 1410 5804 4961
 ... : 4 4 2 75 65 51 83 475 1410 5846 5162
 ... : 4 4 2 75 65 51 83 475 1409 5920 5363
 ... : 4 4 2 75 65 51 83 475 1408 5996 5561
 ... : 4 4 2 75 65 51 83 475 1408 6058 5761
 ... : 4 4 2 75 65 51 83 475 1408 6121 5963
 ... : 4 4 2 75 65 51 83 475 1408 6163 6160
 ... : 4 4 2 75 65 51 83 475 1408 6193 6361
 ... : 4 4 2 75 65 51 83 475 1408 6233 6562
 ... : 4 4 2 75 65 51 83 475 1408 6255 6762
 ... : 4 4 2 75 65 51 83 476 1412 6293 6926
 ... : 4 4 2 75 65 51 83 476 1412 6330 7123
 ... : 4 4 2 75 65 51 83 476 1412 6349 7324
 ... : 4 4 2 75 65 51 83 476 1412 6380 7517
 ... : 4 4 2 75 65 51 83 476 1412 6380 7718
 ... : 4 4 2 75 65 51 83 476 1412 6393 7917
 ... : 4 4 2 75 65 51 83 476 1411 6466 8112
 ... : 4 4 2 75 65 51 83 476 1411 6508 8312
 ... : 4 4 2 75 65 51 83 476 1412 6544 8500
 ... : 4 4 2 75 65 51 83 476 1411 6604 8698
 ... : 4 4 2 75 65 51 83 476 1409 6522 8850
 ... : 4 4 2 75 65 51 83 476 1409 6563 9047
 ... : 4 4 2 75 65 51 83 476 1409 6587 9181
 ... : 4 4 2 75 65 51 83 476 1409 6599 9380
 ... : 4 4 2 75 65 51 83 476 1409 6612 9581
 ... : 4 4 2 75 65 51 83 476 1409 6622 9781
 ... : 4 4 2 75 65 51 83 476 1408 6654 9977
 ... : 4 4 2 75 65 51 83 476 1408 6672 10178
 ... : 4 4 2 75 65 51 83 476 1408 6685 10379
 ... : 4 4 2 75 65 51 83 476 1408 6699 10576
 ... : 4 4 2 75 65 51 83 476 1407 6725 10776
 ... : 4 4 2 75 65 51 83 476 1407 6727 10977
 ... : 4 4 2 75 65 51 83 476 1407 6732 11178
 ... : 4 4 2 75 65 51 83 476 1407 6749 11379
  12 : 4 4 2 75 65 48 78 440 1218 6487 11169 598
 ... : 4 4 2 75 65 48 78 440 1218 6487 11869 798
 ... : 4 4 2 75 65 48 78 440 1218 6487 12449 1001
 ... : 4 4 2 75 65 48 78 440 1218 6487 13000 1203
 ... : 4 4 2 75 65 48 78 440 1218 6487 13634 1405
 ... : 4 4 2 75 65 48 78 440 1218 6487 14128 1608
 ... : 4 4 2 75 65 48 78 440 1218 6487 14608 1808
 ... : 4 4 2 75 65 48 78 440 1218 6487 15203 2008
 ... : 4 4 2 75 65 48 78 440 1218 6487 15687 2211
 ... : 4 4 2 75 65 48 78 440 1218 6487 16217 2414
 ... : 4 4 2 75 65 48 78 440 1218 6487 16628 2613
 ... : 4 4 2 75 65 48 78 440 1218 6487 16951 2814
 ... : 4 4 2 75 65 48 78 440 1218 6487 17371 3013
 ... : 4 4 2 75 65 48 78 440 1218 6487 17703 3213
 ... : 4 4 2 75 65 48 78 440 1218 6487 17971 3411
 ... : 4 4 2 75 65 48 78 440 1218 6487 18240 3612
 ... : 4 4 2 75 65 48 78 440 1218 6487 18550 3813
 ... : 4 4 2 75 65 48 78 440 1218 6487 18877 4014
 ... : 4 4 2 75 65 48 78 440 1218 6487 19195 4215
 ... : 4 4 2 75 65 48 78 440 1218 6487 19931 4414
 ... : 4 4 2 75 65 48 78 440 1218 6487 20530 4615
 ... : 4 4 2 75 65 48 78 440 1218 6487 20866 4816
 ... : 4 4 2 75 65 48 78 440 1218 6487 21100 5017
 ... : 4 4 2 75 65 48 78 440 1218 6487 21432 5219
 ... : 4 4 2 75 65 48 78 440 1218 6487 21932 5420
 ... : 4 4 2 75 65 48 78 440 1218 6487 22109 5622
 ... : 4 4 2 75 65 48 78 440 1218 6487 22339 5824
 ... : 4 4 2 75 65 48 78 440 1218 6487 22448 6025
 ... : 4 4 2 75 65 48 78 440 1218 6487 22632 6228
 ... : 4 4 2 75 65 48 78 440 1218 6487 22878 6429
 ... : 4 4 2 75 65 48 78 440 1218 6487 23201 6633
 ... : 4 4 2 75 65 48 78 440 1218 6487 23477 6835
 ... : 4 4 2 75 65 48 78 440 1218 6487 23856 7036
 ... : 4 4 2 75 65 48 78 440 1218 6487 24474 7237
 ... : 4 4 2 75 65 48 78 440 1218 6487 24979 7437
 ... : 4 4 2 75 65 48 78 440 1218 6487 25777 7638
 ... : 4 4 2 75 65 48 78 440 1218 6487 26076 7839
 ... : 4 4 2 75 65 48 78 440 1218 6487 26235 8040
 ... : 4 4 2 75 65 48 78 440 1218 6487 26458 8241
 ... : 4 4 2 75 65 48 78 440 1218 6487 27391 8442
 ... : 4 4 2 75 65 48 78 440 1218 6487 28181 8643
 ... : 4 4 2 75 65 48 78 440 1218 6487 28350 8843
 ... : 4 4 2 75 65 48 78 440 1218 6487 28441 9045
 ... : 4 4 2 75 65 48 78 440 1218 6487 28561 9246
 ... : 4 4 2 75 65 48 78 440 1218 6487 28917 9447
 ... : 4 4 2 75 65 48 78 440 1218 6487 29177 9650
 ... : 4 4 2 75 65 48 78 440 1218 6487 29403 9847
 ... : 4 4 2 75 65 48 78 440 1218 6487 29714 10048
 ... : 4 4 2 75 65 48 78 440 1218 6487 29890 10249
 ... : 4 4 2 75 65 48 78 440 1218 6487 30056 10448
 ... : 4 4 2 75 65 48 78 440 1218 6487 30240 10648
 ... : 4 4 2 75 65 48 78 440 1218 6487 30507 10849
 ... : 4 4 2 75 65 48 78 440 1218 6487 30714 11050
 ... : 4 4 2 75 65 48 78 440 1218 6487 31058 11251
 ... : 4 4 2 75 65 48 78 440 1218 6487 31307 11452
 ... : 4 4 2 75 65 48 78 440 1218 6487 31537 11651
 ... : 4 4 2 75 65 48 78 440 1218 6487 31713 11852
 ... : 4 4 2 75 65 48 78 440 1218 6487 32019 12053
 ... : 4 4 2 75 65 48 78 440 1218 6487 32141 12254
 ... : 4 4 2 75 65 48 78 440 1218 6487 32320 12454
 ... : 4 4 2 75 65 48 78 440 1218 6487 32440 12655
 ... : 4 4 2 75 65 48 78 440 1218 6487 32565 12855
 ... : 4 4 2 75 65 48 78 440 1218 6487 32739 13055
 ... : 4 4 2 75 65 48 78 440 1218 6486 33029 13256
