initialized model with 934 latches, 364 inputs and 1 properties
tsim: performed 17 steps
tsim: found cycle from 15
checking bound 0
checking bound 1
checking bound 2
tdecomp: unrolling 2 cycles
tsim: performed 15 steps
tsim: found cycle from 13
tsim: found 1 constants and 0 latch equivalences
tdecomp: (934, 1456) -> (933, 350)
 ... : 200
   2 : 275 73
 ... : 122 272
   3 : 33 91 273
   4 : 23 86 202 263
   5 : 23 86 211 68 215
 ... : 23 86 249 379 330
 ... : 23 86 266 638 436
 ... : 23 78 251 696 589
   6 : 16 39 144 441 439 386
   7 : 16 39 144 439 503 125 347
 ... : 16 39 144 439 530 379 463
 ... : 16 39 144 439 545 565 612
 ... : 16 39 144 450 663 752 697
 ... : 16 39 143 452 759 1039 763
 ... : 16 39 143 472 871 1228 790
 ... : 16 39 143 461 883 1457 881
 ... : 16 39 143 455 909 1796 999
 ... : 16 37 149 479 982 2079 1048
 ... : 16 37 149 486 1051 2373 1112
 ... : 16 36 147 484 1076 2582 1204
 ... : 16 35 145 480 1104 2777 1303
 ... : 16 35 142 452 1100 2919 1442
 ... : 16 35 138 435 1114 2967 1507
 ... : 16 35 136 430 1079 2985 1625
 ... : 16 35 132 420 1075 3030 1666
 ... : 16 35 132 421 1080 2953 1718
   8 : 8 11 20 66 98 489 1131 675
 ... : 8 11 20 66 98 488 1204 875
 ... : 8 11 20 66 98 484 1272 1075
 ... : 8 11 20 66 96 457 1285 1197
 ... : 8 11 20 66 95 451 1256 1351
 ... : 8 11 20 66 95 441 1249 1530
 ... : 8 11 20 66 95 441 1267 1725
 ... : 8 11 20 66 95 437 1294 1916
 ... : 8 11 20 66 91 415 1316 2061
 ... : 8 11 20 66 90 406 1317 2253
 ... : 8 11 20 66 90 402 1335 2448
 ... : 8 11 20 65 92 390 1320 2528
 ... : 8 11 20 65 93 381 1299 2518
 ... : 8 11 20 64 91 343 1230 2486
 ... : 8 11 20 64 91 341 1213 2497
 ... : 8 11 19 64 88 329 1195 2531
 ... : 8 11 19 63 81 264 1062 2466
   9 : 8 10 19 58 53 29 74 603 963
 ... : 8 10 19 58 53 29 74 614 1163
 ... : 8 10 19 58 53 27 73 629 1361
 ... : 8 10 19 58 53 27 73 630 1559
 ... : 8 10 19 58 53 27 73 634 1737
  10 : 8 10 19 58 53 20 73 635 1191 566
 ... : 8 10 19 58 53 20 73 635 1260 766
 ... : 8 10 19 58 53 20 73 635 1312 967
 ... : 8 10 19 58 53 20 73 635 1377 1168
 ... : 8 10 19 58 53 20 73 635 1396 1369
 ... : 8 10 19 58 53 20 73 635 1426 1570
 ... : 8 10 19 58 52 19 72 627 1418 1768
 ... : 8 10 19 58 52 19 72 627 1440 1968
 ... : 8 10 19 58 52 19 72 627 1427 2167
 ... : 8 10 19 58 50 18 71 622 1433 2361
 ... : 8 10 19 58 50 17 71 622 1465 2554
 ... : 8 10 19 58 50 17 71 622 1464 2755
 ... : 8 10 19 58 50 17 71 622 1457 2956
 ... : 8 10 19 58 50 17 71 622 1462 3157
 ... : 8 10 19 58 50 17 71 622 1468 3358
  11 : 8 9 16 52 41 8 59 510 986 3747 128
 ... : 8 9 16 52 41 8 59 510 986 3892 328
 ... : 8 9 16 52 41 8 59 510 986 4061 530
 ... : 8 9 16 52 41 8 59 510 986 4213 731
 ... : 8 9 16 52 41 8 59 510 986 4275 932
 ... : 8 9 16 52 41 8 59 510 986 4315 1133
 ... : 8 9 16 52 41 8 59 510 986 4329 1334
 ... : 8 9 16 52 41 8 59 510 986 4346 1535
 ... : 8 9 16 52 41 8 59 510 986 4357 1736
 ... : 8 9 16 52 41 8 59 510 986 4384 1937
 ... : 8 9 16 52 41 8 59 510 986 4392 2138
 ... : 8 9 16 52 41 8 59 510 986 4412 2339
 ... : 8 9 16 52 41 8 59 510 986 4472 2540
 ... : 8 9 16 52 41 8 59 510 986 4548 2741
 ... : 8 9 16 52 41 8 59 510 986 4636 2942
 ... : 8 9 16 52 41 8 59 510 986 4675 3143
 ... : 8 9 16 52 41 8 59 510 986 4712 3342
 ... : 8 9 16 52 41 8 59 510 986 4775 3543
 ... : 8 9 16 52 40 8 59 510 986 4860 3744
 ... : 8 9 16 52 40 8 59 510 986 4898 3945
 ... : 8 9 16 52 40 8 59 510 986 4931 4146
 ... : 8 9 16 52 40 8 59 510 986 4947 4347
 ... : 8 9 16 52 40 8 59 510 986 5010 4548
 ... : 8 9 16 52 40 8 59 510 986 5062 4749
 ... : 8 9 16 52 40 8 59 510 986 5134 4949
 ... : 8 9 16 52 40 8 59 510 986 5223 5144
 ... : 8 9 16 52 40 8 59 510 986 5299 5346
 ... : 8 9 16 52 40 8 59 510 986 5344 5547
 ... : 8 9 16 52 40 8 59 510 986 5394 5746
 ... : 8 9 16 52 40 8 59 510 986 5410 5947
 ... : 8 9 16 52 40 8 59 510 986 5447 6143
 ... : 8 9 16 52 40 8 59 510 986 5471 6344
 ... : 8 9 16 52 40 8 59 510 986 5497 6545
 ... : 8 9 16 52 40 8 59 510 986 5513 6746
 ... : 8 9 16 52 40 8 59 510 986 5536 6947
 ... : 8 9 16 52 40 8 59 510 986 5577 7147
 ... : 8 9 16 52 40 8 59 510 986 5621 7348
 ... : 8 9 16 52 40 8 59 510 986 5648 7549
 ... : 8 9 16 52 40 8 59 510 986 5682 7750
 ... : 8 9 16 52 40 8 59 510 986 5749 7948
 ... : 8 9 16 52 40 8 59 510 986 5793 8138
 ... : 8 9 16 52 40 8 59 510 986 5844 8334
 ... : 8 9 16 52 40 8 59 510 986 5877 8534
 ... : 8 9 16 52 40 8 59 510 986 5915 8735
 ... : 8 9 16 52 40 8 59 510 985 6025 8935
 ... : 8 9 16 52 40 8 59 510 985 6061 9136
 ... : 8 9 16 52 40 8 59 510 985 6087 9336
 ... : 8 9 16 52 40 8 59 510 985 6125 9537
 ... : 8 9 16 52 40 8 59 510 989 6155 9708
 ... : 8 9 16 52 40 8 59 510 989 6205 9909
 ... : 8 9 16 52 40 8 59 510 989 6244 10110
 ... : 8 9 16 52 40 8 59 510 989 6279 10311
 ... : 8 9 16 52 40 8 59 510 989 6320 10512
 ... : 8 9 16 52 40 8 59 510 989 6342 10713
 ... : 8 9 16 52 40 8 59 510 989 6368 10914
 ... : 8 9 16 52 40 8 59 510 989 6385 11115
 ... : 8 9 16 52 40 8 59 510 989 6418 11316
 ... : 8 9 16 52 40 8 59 510 989 6461 11516
 ... : 8 9 16 52 40 8 59 510 989 6477 11717
 ... : 8 9 16 52 40 8 59 510 989 6511 11918
 ... : 8 9 16 52 40 8 59 510 989 6543 12122
 ... : 8 9 16 52 39 8 59 510 989 6571 12323
 ... : 8 9 16 52 39 8 59 510 989 6618 12524
 ... : 8 9 16 52 39 8 59 510 989 6645 12725
 ... : 8 9 16 52 39 8 59 510 989 6668 12926
 ... : 8 9 16 52 39 8 59 510 989 6679 13127
 ... : 8 9 16 52 39 8 59 510 989 6681 13328
 ... : 8 9 16 52 39 8 59 510 989 6722 13529
 ... : 8 9 16 52 39 8 59 510 989 6738 13730
 ... : 8 9 16 52 39 8 59 510 989 6741 13930
 ... : 8 9 16 52 39 8 59 510 989 6752 14129
 ... : 8 9 16 52 39 8 59 510 989 6788 14328
 ... : 8 9 16 52 39 8 59 510 988 6792 14529
 ... : 8 9 16 52 39 8 59 510 988 6806 14730
 ... : 8 9 16 52 39 8 59 510 988 6815 14931
 ... : 8 9 16 52 39 7 59 510 988 6814 15130
 ... : 8 9 16 52 39 7 59 510 988 6827 15329
 ... : 8 9 16 52 39 7 59 510 988 6829 15530
 ... : 8 9 16 52 39 7 59 510 988 6842 15731
 ... : 8 9 16 52 39 7 59 510 988 6848 15932
 ... : 8 9 16 52 39 7 59 510 988 6852 16133
 ... : 8 9 16 52 39 7 59 510 988 6864 16320
 ... : 8 9 16 52 39 7 59 510 988 6870 16521
 ... : 8 9 16 52 39 7 59 510 988 6870 16719
 ... : 8 9 16 52 39 7 59 510 986 6878 16919
 ... : 8 9 16 52 39 7 59 510 986 6887 17116
 ... : 8 9 16 52 39 7 59 510 986 6894 17316
 ... : 8 9 16 52 39 7 59 510 986 6911 17517
 ... : 8 9 16 52 39 7 59 510 986 6916 17717
 ... : 8 9 16 52 39 7 59 510 986 6922 17918
 ... : 8 9 16 52 39 7 59 510 986 6928 18118
 ... : 8 9 16 52 39 7 59 510 986 6954 18319
 ... : 8 9 16 52 39 7 59 510 985 6964 18516
 ... : 8 9 16 52 39 7 59 510 985 6975 18714
 ... : 8 9 16 52 39 7 59 510 985 6983 18915
 ... : 8 9 16 52 39 7 59 510 985 6985 19115
 ... : 8 9 16 52 39 7 59 510 985 6987 19315
 ... : 8 9 16 52 39 7 59 510 985 6995 19516
 ... : 8 9 16 52 39 7 59 510 985 6999 19717
 ... : 8 9 16 52 39 7 59 510 985 7015 19918
 ... : 8 9 16 52 39 7 59 510 985 7019 20117
 ... : 8 9 16 52 39 7 59 510 985 7022 20318
 ... : 8 9 16 52 39 7 59 510 985 7030 20519
 ... : 8 9 16 52 39 7 59 510 985 7036 20720
 ... : 8 9 16 52 39 7 59 510 985 7038 20921
 ... : 8 9 16 52 39 7 59 510 985 7035 21122
 ... : 8 9 16 52 39 7 59 510 985 7038 21318
 ... : 8 9 16 52 39 7 59 510 985 7042 21519
 ... : 8 9 16 52 39 7 59 510 985 7042 21719
 ... : 8 9 16 52 39 7 59 510 985 7043 21919
 ... : 8 9 16 52 39 7 59 510 985 7043 22120
 ... : 8 9 16 52 39 7 59 510 985 7045 22321
 ... : 8 9 16 52 39 7 59 510 985 7049 22519
 ... : 8 9 17 52 41 10 61 511 990 7091 22637
 ... : 8 9 17 52 41 10 61 511 990 7094 22834
  12 : 6 6 6 45 20 9 57 504 713 6879 22361 754
 ... : 6 6 6 45 20 9 57 504 713 6879 23522 963
 ... : 6 6 6 45 20 9 57 504 713 6879 24067 1170
 ... : 6 6 6 45 20 9 57 504 713 6879 24644 1370
 ... : 6 6 6 45 20 9 57 504 713 6879 25205 1571
 ... : 6 6 6 45 20 9 57 504 713 6879 25698 1774
 ... : 6 6 6 45 20 9 57 504 713 6879 26330 1976
 ... : 6 6 6 45 20 9 57 504 713 6879 26937 2178
 ... : 6 6 6 45 20 9 57 504 713 6879 27530 2382
 ... : 6 6 6 45 20 9 57 504 713 6879 28354 2585
 ... : 6 6 6 45 20 9 57 504 713 6879 28705 2785
 ... : 6 6 6 45 20 9 57 504 713 6879 29243 2983
 ... : 6 6 6 45 20 9 57 504 713 6879 29698 3186
 ... : 6 6 6 45 20 9 57 504 713 6879 30151 3389
 ... : 6 6 6 45 20 9 57 504 713 6879 30566 3590
 ... : 6 6 6 45 20 9 57 504 713 6879 31511 3790
