initialized model with 934 latches, 364 inputs and 1 properties
tsim: performed 17 steps
tsim: found cycle from 15
checking bound 0
checking bound 1
checking bound 2
tdecomp: unrolling 2 cycles
tsim: performed 15 steps
tsim: found cycle from 13
tsim: found 1 constants and 0 latch equivalences
tdecomp: (934, 1456) -> (933, 336)
 ... : 200
   2 : 210 98
   3 : 45 63 291
   4 : 35 74 214 181
   5 : 35 74 274 26 193
 ... : 35 72 315 337 300
 ... : 35 72 326 756 459
 ... : 35 72 338 1075 606
 ... : 34 72 353 1443 776
 ... : 34 71 395 1748 856
   6 : 23 62 318 1380 664 605
   7 : 20 61 290 1225 747 263 541
 ... : 20 61 290 1226 784 453 711
 ... : 20 61 290 1245 932 640 813
 ... : 20 61 290 1234 1077 877 884
 ... : 20 61 291 1311 1225 1064 939
 ... : 20 61 289 1242 1319 1211 1023
 ... : 20 59 279 1122 1340 1379 1051
 ... : 20 59 275 1005 1310 1673 1113
 ... : 19 58 259 951 1323 1790 1155
 ... : 19 58 258 918 1248 1981 1344
 ... : 19 58 256 888 1234 2137 1485
 ... : 19 58 255 851 1208 2247 1585
 ... : 19 56 230 812 1205 2302 1649
 ... : 19 54 216 745 1088 2155 1753
 ... : 19 54 213 725 1033 2105 1848
 ... : 19 53 201 629 878 1845 1768
 ... : 19 52 190 476 618 1226 1624
   8 : 10 4 9 36 50 80 438 424
 ... : 10 4 9 36 50 80 425 614
 ... : 8 2 9 36 55 77 437 676
 ... : 8 2 9 36 61 76 430 738
 ... : 8 2 9 36 68 75 435 772
 ... : 8 2 9 36 67 74 422 828
 ... : 8 2 9 36 68 74 425 855
 ... : 8 2 9 36 68 74 425 884
 ... : 8 2 9 36 66 72 419 920
   9 : 8 2 9 36 51 42 186 663 386
 ... : 8 2 9 36 51 42 185 715 586
 ... : 8 2 9 36 51 42 185 750 785
 ... : 8 2 9 36 51 42 185 795 952
 ... : 8 2 9 36 51 42 184 839 1153
 ... : 8 2 9 36 51 42 184 873 1346
 ... : 8 2 9 36 51 42 183 882 1542
 ... : 8 2 9 36 51 42 183 900 1730
  10 : 7 2 9 36 49 38 166 803 1445 340
 ... : 7 2 9 36 49 38 166 803 1576 540
 ... : 7 2 9 36 49 38 166 803 1679 742
 ... : 7 2 9 36 49 38 166 803 1758 943
 ... : 7 2 9 36 49 38 166 803 1833 1143
 ... : 7 2 9 36 49 38 166 803 1917 1344
 ... : 7 2 9 36 49 38 166 803 2003 1545
 ... : 7 2 9 36 49 38 166 803 2058 1745
 ... : 7 2 9 36 49 38 166 803 2098 1946
 ... : 7 2 9 36 49 38 166 803 2124 2147
 ... : 7 2 9 36 49 38 166 802 2136 2348
 ... : 7 2 9 36 50 39 167 805 2171 2484
 ... : 7 2 9 36 50 39 167 805 2226 2680
 ... : 7 2 9 36 50 39 167 805 2256 2880
 ... : 7 2 9 36 50 39 167 805 2291 3066
 ... : 7 2 9 36 50 39 166 805 2313 3265
 ... : 7 2 9 36 50 39 166 805 2353 3466
 ... : 7 2 9 36 50 39 166 806 2428 3642
 ... : 7 2 9 36 50 39 166 806 2464 3840
 ... : 7 2 9 36 50 39 166 806 2478 4039
 ... : 7 2 9 36 50 39 166 806 2487 4231
 ... : 7 2 9 36 50 39 166 806 2505 4419
  11 : 7 2 9 36 48 38 160 789 2050 4043 511
 ... : 7 2 9 36 48 38 160 789 2050 4127 711
 ... : 7 2 9 36 48 38 160 789 2050 4313 910
 ... : 7 2 9 36 48 38 160 789 2050 4437 1111
 ... : 7 2 9 36 48 38 160 789 2050 4671 1314
 ... : 7 2 9 36 48 38 160 789 2050 4722 1515
 ... : 7 2 9 36 48 38 160 789 2050 4854 1716
 ... : 7 2 9 36 48 38 160 789 2050 4924 1917
 ... : 7 2 9 36 48 38 160 789 2050 5020 2118
 ... : 7 2 9 36 48 38 160 789 2050 5081 2319
 ... : 7 2 9 36 48 38 160 789 2050 5191 2511
 ... : 7 2 9 36 48 38 160 789 2050 5308 2712
 ... : 7 2 9 36 48 38 160 789 2050 5377 2914
 ... : 7 2 9 36 48 38 160 789 2050 5520 3115
 ... : 7 2 9 36 48 38 160 789 2050 5666 3316
 ... : 7 2 9 36 48 38 160 789 2050 5765 3517
 ... : 7 2 9 36 48 38 160 789 2050 5856 3718
 ... : 7 2 9 36 48 38 160 789 2050 5941 3920
 ... : 7 2 9 36 48 38 160 789 2050 6039 4122
 ... : 7 2 9 36 48 38 160 789 2050 6108 4323
 ... : 7 2 9 36 48 38 160 789 2050 6256 4525
 ... : 7 2 9 36 48 38 160 789 2050 6338 4726
 ... : 7 2 9 36 48 38 160 789 2050 6471 4930
 ... : 7 2 9 36 48 38 160 789 2050 6535 5131
 ... : 7 2 9 36 48 38 160 789 2050 6587 5332
 ... : 7 2 9 36 48 38 160 789 2050 6935 5535
 ... : 7 2 9 36 48 38 160 789 2050 6961 5736
 ... : 7 2 9 36 48 38 160 789 2050 7005 5937
 ... : 7 2 9 36 48 38 160 789 2050 7038 6138
 ... : 7 2 9 36 48 38 160 789 2050 7103 6339
 ... : 7 2 9 36 48 38 160 789 2050 7143 6540
 ... : 7 2 9 36 48 38 160 789 2052 7224 6692
 ... : 7 2 9 36 48 38 160 789 2053 7279 6873
 ... : 7 2 9 36 48 38 160 789 2053 7313 7074
 ... : 7 2 9 36 48 38 160 789 2053 7354 7275
 ... : 7 2 9 36 48 38 160 789 2053 7420 7476
 ... : 7 2 9 36 48 38 160 789 2053 7477 7677
 ... : 7 2 9 36 48 38 160 789 2053 7527 7875
 ... : 7 2 9 36 48 38 160 789 2055 7602 8058
 ... : 7 2 9 36 48 38 160 789 2055 7676 8247
 ... : 7 2 9 36 48 38 160 789 2054 7706 8448
 ... : 7 2 9 36 48 38 160 789 2053 7810 8648
 ... : 7 2 9 36 48 38 160 789 2053 7879 8849
 ... : 7 2 9 36 48 38 160 789 2053 7950 9050
 ... : 7 2 9 36 48 38 160 789 2053 7997 9251
 ... : 7 2 9 36 48 38 160 789 2053 8018 9451
 ... : 7 2 9 36 48 38 160 789 2053 8129 9652
 ... : 7 2 9 36 48 38 160 789 2053 8174 9853
 ... : 7 2 9 36 48 38 160 789 2053 8226 10052
 ... : 7 2 9 36 48 38 160 789 2053 8305 10231
 ... : 7 2 9 36 48 38 160 789 2053 8358 10401
 ... : 7 2 9 36 48 38 160 789 2053 8437 10587
 ... : 7 2 9 36 48 38 160 789 2053 8516 10781
 ... : 7 2 9 36 48 38 160 789 2053 8624 10952
 ... : 7 2 9 36 48 38 160 789 2053 8710 11076
 ... : 7 2 9 36 48 38 160 789 2053 8793 11201
 ... : 7 2 9 36 48 38 160 789 2053 8858 11332
 ... : 7 2 9 36 48 38 160 789 2053 8929 11518
 ... : 7 2 9 36 48 38 160 789 2053 8980 11719
 ... : 7 2 9 36 48 38 160 789 2053 9010 11920
 ... : 7 2 9 36 48 38 160 789 2053 9045 12121
 ... : 7 2 9 36 48 38 160 789 2053 9088 12322
 ... : 7 2 9 36 48 38 160 789 2053 9119 12523
 ... : 7 2 9 36 48 38 160 789 2053 9172 12707
 ... : 7 2 9 36 48 38 160 789 2053 9223 12836
 ... : 7 2 9 36 48 38 160 789 2054 9281 12982
 ... : 7 2 9 36 48 38 160 789 2055 9330 13109
 ... : 7 2 9 36 48 38 160 789 2055 9369 13262
 ... : 7 2 9 36 48 38 160 789 2055 9431 13393
 ... : 7 2 9 36 48 38 160 789 2055 9468 13556
 ... : 7 2 9 36 48 38 160 789 2056 9516 13701
 ... : 7 2 9 36 48 38 160 789 2056 9565 13856
 ... : 7 2 9 36 48 38 160 789 2056 9596 14041
 ... : 7 2 9 36 48 38 160 789 2056 9612 14152
 ... : 7 2 9 36 48 38 160 789 2056 9694 14353
 ... : 7 2 9 36 48 38 160 789 2056 9745 14546
 ... : 7 2 9 36 48 38 160 789 2056 9783 14747
 ... : 7 2 9 36 48 38 160 792 2077 9874 14831
 ... : 7 2 9 36 48 38 160 792 2077 9941 15032
 ... : 7 2 9 36 48 38 160 792 2076 9989 15233
 ... : 7 2 9 36 48 38 160 792 2076 10047 15434
 ... : 7 2 9 36 48 38 160 792 2076 10138 15624
 ... : 7 2 9 36 48 38 160 794 2085 10225 15785
 ... : 7 2 9 36 48 38 160 796 2089 10262 15946
  12 : 7 2 9 36 46 35 161 795 2065 9973 15539 796
 ... : 7 2 9 36 46 35 161 795 2065 9973 16289 998
 ... : 7 2 9 36 46 35 161 795 2065 9973 17464 1201
 ... : 7 2 9 36 46 35 161 795 2065 9973 18430 1403
 ... : 7 2 9 36 46 35 161 795 2065 9973 19391 1604
 ... : 7 2 9 36 46 35 161 795 2065 9973 20214 1805
 ... : 7 2 9 36 46 35 161 795 2065 9973 20847 2007
 ... : 7 2 9 36 46 35 161 795 2065 9973 21564 2207
 ... : 7 2 9 36 46 35 161 795 2065 9973 22614 2409
 ... : 7 2 9 36 46 35 161 795 2065 9973 23351 2610
 ... : 7 2 9 36 46 35 161 795 2065 9973 24027 2812
 ... : 7 2 9 36 46 35 161 795 2065 9973 25040 3018
 ... : 7 2 9 36 46 35 161 795 2065 9973 25591 3219
 ... : 7 2 9 36 46 35 161 795 2065 9973 26218 3420
 ... : 7 2 9 36 46 35 161 795 2065 9973 26530 3621
 ... : 7 2 9 36 46 35 161 795 2065 9973 27178 3824
