initialized model with 934 latches, 364 inputs and 1 properties
tsim: performed 17 steps
tsim: found cycle from 15
checking bound 0
checking bound 1
checking bound 2
tdecomp: unrolling 2 cycles
tsim: performed 15 steps
tsim: found cycle from 13
tsim: found 1 constants and 0 latch equivalences
tdecomp: (934, 1456) -> (933, 338)
 ... : 200
   2 : 85 206
   3 : 36 49 239
   4 : 31 54 149 169
   5 : 23 54 216 67 182
 ... : 20 45 168 144 341
 ... : 20 36 152 183 479
   6 : 16 14 45 131 376 290
 ... : 16 14 45 130 475 492
   7 : 11 16 35 103 298 419 347
 ... : 11 16 35 102 307 605 461
 ... : 11 16 35 104 315 678 561
 ... : 11 16 35 104 318 768 637
 ... : 11 16 35 104 323 837 697
 ... : 11 15 35 108 338 980 761
 ... : 11 15 33 104 320 928 932
 ... : 11 15 33 100 301 885 1001
 ... : 11 15 33 101 299 882 1037
 ... : 11 15 33 101 286 777 1013
   8 : 10 11 10 53 105 207 350 426
 ... : 10 11 10 53 105 207 424 579
 ... : 10 11 10 53 105 207 463 742
 ... : 10 11 10 53 116 216 485 884
 ... : 10 11 10 53 118 203 452 800
 ... : 10 11 10 53 118 191 433 853
 ... : 10 11 10 53 121 185 433 892
 ... : 10 11 10 53 121 184 425 931
 ... : 10 11 10 53 119 182 412 968
   9 : 8 10 10 53 66 121 175 580 437
 ... : 8 10 10 53 66 121 175 597 638
 ... : 8 10 10 53 66 121 174 639 837
 ... : 8 10 10 53 66 121 175 668 1019
 ... : 8 10 10 53 66 121 175 681 1161
 ... : 8 10 10 53 66 121 173 703 1347
 ... : 8 10 10 53 66 121 170 749 1494
 ... : 8 10 10 53 66 122 173 795 1663
 ... : 8 10 10 52 67 121 170 797 1767
  10 : 8 10 10 52 56 112 147 738 1228 415
 ... : 8 10 10 52 56 112 147 738 1350 614
 ... : 8 10 10 52 56 112 147 738 1432 816
 ... : 8 10 10 52 56 112 147 738 1479 1017
 ... : 8 10 10 52 56 112 147 738 1553 1218
 ... : 8 10 10 52 56 112 147 738 1675 1419
 ... : 8 10 10 52 56 112 147 738 1749 1620
 ... : 8 10 10 52 56 112 147 738 1844 1821
 ... : 8 10 10 52 56 112 147 738 1911 2014
 ... : 8 10 10 52 56 112 147 738 1975 2213
 ... : 8 10 10 52 56 112 147 738 2031 2412
 ... : 8 10 10 52 56 112 147 738 2073 2609
 ... : 8 10 10 52 56 112 147 738 2103 2809
 ... : 8 10 10 52 56 112 145 738 2192 3010
 ... : 8 10 10 52 56 112 145 738 2235 3210
 ... : 8 10 10 52 56 112 145 736 2270 3409
 ... : 8 10 10 52 56 112 145 735 2302 3601
 ... : 8 10 10 52 56 112 145 735 2342 3793
  11 : 8 10 10 52 49 110 124 711 2162 3689 256
 ... : 8 10 10 52 49 110 124 711 2162 3866 459
 ... : 8 10 10 52 49 110 124 711 2162 3982 660
 ... : 8 10 10 52 49 110 124 711 2162 4244 861
 ... : 8 10 10 52 49 110 124 711 2162 4381 1062
 ... : 8 10 10 52 49 110 124 711 2162 4468 1263
 ... : 8 10 10 52 49 110 124 711 2162 4503 1465
 ... : 8 10 10 52 49 110 124 711 2162 4543 1667
 ... : 8 10 10 52 49 110 124 711 2162 4624 1869
 ... : 8 10 10 52 49 110 124 711 2162 4736 2071
 ... : 8 10 10 52 49 110 124 711 2161 4844 2271
 ... : 8 10 10 52 49 110 124 711 2160 4879 2472
 ... : 8 10 10 52 49 110 124 711 2160 4985 2673
 ... : 8 10 10 52 49 110 124 711 2159 5081 2874
 ... : 8 10 10 52 49 110 124 711 2159 5142 3075
 ... : 8 10 10 52 49 110 124 711 2157 5244 3276
 ... : 8 10 10 52 49 110 124 711 2157 5270 3477
 ... : 8 10 10 52 49 110 124 711 2157 5332 3679
 ... : 8 10 10 52 49 110 124 711 2157 5382 3869
 ... : 8 10 10 52 49 110 124 711 2157 5451 4070
 ... : 8 10 10 52 49 110 124 711 2157 5510 4271
 ... : 8 10 10 52 49 110 124 711 2157 5609 4470
 ... : 8 10 10 52 49 110 124 711 2157 5647 4653
 ... : 8 10 10 52 49 110 124 711 2155 5722 4854
 ... : 8 10 10 52 49 110 124 711 2155 5782 5055
 ... : 8 10 10 52 49 110 124 711 2155 5919 5256
 ... : 8 10 10 52 49 110 124 711 2155 5985 5456
 ... : 8 10 10 52 49 110 124 711 2155 6019 5657
 ... : 8 10 10 52 49 110 124 711 2155 6055 5858
 ... : 8 10 10 52 49 110 124 711 2155 6088 6057
 ... : 8 10 10 52 49 110 124 711 2155 6121 6254
 ... : 8 10 10 52 49 110 124 711 2154 6182 6455
 ... : 8 10 10 52 49 110 124 711 2154 6206 6656
 ... : 8 10 10 52 49 110 124 711 2154 6245 6857
 ... : 8 10 10 52 49 110 124 711 2154 6263 7058
 ... : 8 10 10 52 49 110 124 711 2154 6292 7259
 ... : 8 10 10 52 49 110 124 711 2154 6397 7459
 ... : 8 10 10 52 49 110 124 711 2154 6425 7656
 ... : 8 10 10 52 49 110 124 711 2154 6467 7857
 ... : 8 10 10 52 49 110 124 711 2154 6488 8058
 ... : 8 10 10 52 49 110 124 711 2154 6507 8259
 ... : 8 10 10 52 49 110 124 711 2154 6521 8460
 ... : 8 10 10 52 49 110 124 711 2154 6541 8661
 ... : 8 10 10 52 49 110 124 711 2154 6557 8862
 ... : 8 10 10 52 49 110 124 711 2154 6591 9063
 ... : 8 10 10 52 49 110 124 711 2153 6620 9263
 ... : 8 10 10 52 49 110 124 711 2153 6668 9464
 ... : 8 10 10 52 49 110 124 711 2153 6700 9665
 ... : 8 10 10 52 50 111 129 719 2184 6816 9787
 ... : 8 10 10 52 50 111 129 719 2183 6863 9988
 ... : 8 10 10 52 50 111 129 719 2183 6884 10189
 ... : 8 10 10 52 50 111 129 719 2183 6924 10390
 ... : 8 10 10 52 50 111 129 719 2183 6953 10591
 ... : 8 10 10 52 50 111 129 719 2183 6980 10793
 ... : 8 10 10 52 50 111 129 719 2183 7041 10985
 ... : 8 10 10 52 50 111 129 719 2183 7076 11182
 ... : 8 10 10 52 50 111 129 719 2183 7131 11381
 ... : 8 10 10 52 50 111 129 719 2182 7184 11571
 ... : 8 10 10 52 50 111 129 719 2182 7220 11767
 ... : 8 10 10 52 50 111 129 719 2182 7279 11968
 ... : 8 10 10 52 50 111 129 719 2184 7309 12167
 ... : 8 10 10 52 50 111 129 719 2184 7327 12368
 ... : 8 10 10 52 50 111 129 719 2184 7365 12570
 ... : 8 10 10 52 50 111 129 719 2183 7411 12765
 ... : 8 10 10 52 50 111 129 719 2183 7458 12956
 ... : 8 10 10 52 50 111 129 719 2183 7476 13156
 ... : 8 10 10 52 50 111 129 719 2183 7555 13358
 ... : 8 10 10 52 50 111 129 719 2183 7632 13557
 ... : 8 10 10 52 50 111 129 719 2183 7684 13758
 ... : 8 10 10 52 50 111 129 719 2182 7708 13956
 ... : 8 10 10 52 50 111 129 719 2182 7750 14157
 ... : 8 10 10 52 50 111 129 719 2182 7799 14359
 ... : 8 10 10 52 50 111 129 719 2182 7834 14559
 ... : 8 10 10 52 50 111 129 719 2182 7941 14760
 ... : 8 10 10 52 50 111 129 719 2182 8036 14960
 ... : 8 10 10 52 50 111 129 719 2182 8078 15149
 ... : 8 10 10 52 50 111 129 719 2182 8096 15350
 ... : 8 10 10 52 50 111 129 719 2182 8114 15552
 ... : 8 10 10 52 50 111 129 719 2182 8131 15753
 ... : 8 10 10 52 50 111 129 719 2184 8184 15934
 ... : 8 10 10 52 50 111 129 719 2184 8218 16135
 ... : 8 10 10 52 50 111 129 719 2183 8239 16335
 ... : 8 10 10 52 50 111 129 719 2183 8258 16536
 ... : 8 10 10 52 50 111 129 719 2183 8280 16737
 ... : 8 10 10 52 50 111 129 719 2183 8296 16940
 ... : 8 10 10 52 50 111 129 719 2183 8330 17140
 ... : 8 10 10 52 50 111 129 719 2183 8374 17336
 ... : 8 10 10 52 50 111 129 719 2183 8405 17538
 ... : 8 10 10 52 50 111 129 719 2182 8451 17738
 ... : 8 10 10 52 50 111 129 719 2180 8462 17938
 ... : 8 10 10 52 50 111 129 719 2180 8513 18139
 ... : 8 10 10 52 50 111 129 719 2180 8622 18334
 ... : 8 10 10 52 50 111 129 719 2180 8676 18527
 ... : 8 10 10 52 50 111 129 719 2180 8732 18728
 ... : 8 10 10 52 50 111 129 719 2180 8822 18929
 ... : 8 10 10 52 50 111 129 719 2180 8877 19130
 ... : 8 10 10 52 50 111 129 719 2185 8905 19316
 ... : 8 10 10 52 50 111 129 719 2185 8932 19516
 ... : 8 10 10 52 50 111 129 719 2185 8966 19717
 ... : 8 10 10 52 50 111 129 719 2185 9008 19917
 ... : 8 10 10 52 50 111 129 719 2185 9027 20118
 ... : 8 10 10 52 50 111 129 719 2185 9053 20318
 ... : 8 10 10 52 50 111 129 719 2185 9056 20520
 ... : 8 10 10 52 50 111 129 719 2185 9064 20720
 ... : 8 10 10 52 50 111 129 719 2185 9086 20920
  12 : 8 10 10 52 50 108 126 699 2104 8820 20254 1050
 ... : 8 10 10 52 50 108 126 699 2104 8820 21120 1252
 ... : 8 10 10 52 50 108 126 699 2104 8820 21961 1453
