initialized model with 934 latches, 364 inputs and 1 properties
tsim: performed 17 steps
tsim: found cycle from 15
checking bound 0
checking bound 1
checking bound 2
tdecomp: unrolling 2 cycles
tsim: performed 15 steps
tsim: found cycle from 13
tsim: found 1 constants and 0 latch equivalences
tdecomp: (934, 1456) -> (933, 342)
 ... : 200
   2 : 82 297
   3 : 19 51 339
 ... : 16 64 536
   4 : 12 21 113 470
   5 : 12 18 50 193 360
 ... : 12 18 49 124 558
   6 : 9 10 25 87 346 360
   7 : 9 10 25 87 151 258 419
 ... : 9 10 25 87 151 331 588
 ... : 9 10 25 87 151 364 692
 ... : 9 10 25 87 150 404 900
 ... : 9 10 24 83 143 408 1050
   8 : 8 2 3 46 42 116 143 600
 ... : 8 2 3 46 50 124 178 674
 ... : 8 2 3 44 57 131 206 740
 ... : 8 2 2 42 63 137 227 794
 ... : 8 2 2 42 63 131 234 824
 ... : 8 2 2 42 67 130 247 846
   9 : 8 2 2 35 58 82 83 351 532
 ... : 8 2 2 35 58 82 83 424 722
 ... : 8 2 2 35 58 81 81 483 903
 ... : 8 2 2 34 57 80 81 561 1059
 ... : 8 2 2 34 57 80 81 593 1240
  10 : 8 2 2 33 44 59 61 597 849 492
 ... : 8 2 2 33 44 59 61 597 940 692
 ... : 8 2 2 33 44 59 61 597 976 891
 ... : 8 2 2 33 44 59 61 597 1056 1092
 ... : 8 2 2 33 44 59 61 598 1173 1272
 ... : 8 2 2 33 44 59 61 598 1264 1468
 ... : 8 2 2 33 44 59 61 598 1307 1669
 ... : 8 2 2 33 44 59 61 598 1351 1867
 ... : 8 2 2 33 44 59 61 597 1372 2068
 ... : 8 2 2 33 44 58 61 594 1346 2162
  11 : 8 2 2 33 44 56 49 503 776 2562 211
 ... : 8 2 2 33 44 56 49 503 776 2702 411
 ... : 8 2 2 33 44 56 49 503 776 2887 614
 ... : 8 2 2 33 44 56 49 503 776 2981 815
 ... : 8 2 2 33 44 56 49 503 776 3053 1018
 ... : 8 2 2 33 44 56 49 503 776 3064 1219
 ... : 8 2 2 33 44 56 49 503 776 3158 1419
 ... : 8 2 2 33 44 56 49 503 776 3206 1622
 ... : 8 2 2 33 44 56 49 503 776 3248 1823
 ... : 8 2 2 33 44 56 49 503 776 3263 2024
 ... : 8 2 2 33 44 56 49 503 776 3298 2226
 ... : 8 2 2 33 44 56 49 503 775 3371 2428
 ... : 8 2 2 33 44 56 49 503 775 3396 2629
 ... : 8 2 2 33 44 56 49 503 775 3417 2830
 ... : 8 2 2 33 44 56 49 503 775 3425 3031
 ... : 8 2 2 33 44 56 49 503 775 3444 3233
 ... : 8 2 2 33 44 56 49 503 775 3477 3434
 ... : 8 2 2 33 44 56 49 503 775 3507 3636
 ... : 8 2 2 33 44 56 49 503 774 3537 3837
 ... : 8 2 2 33 44 56 49 503 772 3566 4038
 ... : 8 2 2 33 44 56 49 503 772 3587 4235
 ... : 8 2 2 33 44 56 49 503 772 3615 4436
 ... : 8 2 2 33 44 56 49 503 772 3669 4637
 ... : 8 2 2 33 44 56 49 503 772 3717 4838
 ... : 8 2 2 33 44 56 49 503 772 3740 5038
 ... : 8 2 2 33 44 56 49 503 772 3753 5239
 ... : 8 2 2 33 44 56 49 503 772 3765 5441
 ... : 8 2 2 33 44 56 49 503 772 3780 5643
 ... : 8 2 2 33 44 56 49 503 772 3804 5844
 ... : 8 2 2 33 44 56 49 503 772 3838 6045
 ... : 8 2 2 33 44 56 49 503 772 3866 6246
 ... : 8 2 2 33 44 56 49 503 772 3872 6447
 ... : 8 2 2 33 44 56 49 503 772 3903 6648
 ... : 8 2 2 33 44 56 49 503 772 3924 6843
 ... : 8 2 2 33 44 56 49 503 772 3939 7044
 ... : 8 2 2 33 44 56 49 503 772 3942 7245
 ... : 8 2 2 33 44 56 49 503 772 3957 7441
 ... : 8 2 2 33 44 56 49 503 772 3967 7638
 ... : 8 2 2 33 44 56 49 503 772 3976 7835
 ... : 8 2 2 33 44 56 49 503 772 4026 8030
 ... : 8 2 2 33 44 56 49 503 772 4029 8231
 ... : 8 2 2 33 44 56 49 503 772 4034 8432
 ... : 8 2 2 33 44 56 49 503 772 4040 8633
 ... : 8 2 2 33 44 56 49 503 772 4043 8834
 ... : 8 2 2 33 44 56 49 503 772 4050 9035
 ... : 8 2 2 33 44 56 49 503 772 4062 9236
 ... : 8 2 2 33 44 56 49 503 772 4070 9437
 ... : 8 2 2 33 44 56 49 503 772 4074 9638
 ... : 8 2 2 33 44 56 49 503 772 4080 9839
 ... : 8 2 2 33 44 56 49 503 772 4097 10040
 ... : 8 2 2 33 44 56 49 503 772 4106 10241
 ... : 8 2 2 33 44 56 49 503 772 4121 10441
 ... : 8 2 2 33 44 56 49 503 772 4133 10642
 ... : 8 2 2 33 44 56 49 503 772 4145 10842
 ... : 8 2 2 33 44 56 49 503 772 4149 11043
 ... : 8 2 2 33 44 56 49 503 772 4170 11244
 ... : 8 2 2 33 44 56 49 503 772 4179 11445
 ... : 8 2 2 33 44 56 49 503 772 4192 11646
 ... : 8 2 2 33 44 56 49 503 772 4196 11847
 ... : 8 2 2 33 44 56 49 503 772 4203 12047
 ... : 8 2 2 33 44 56 49 503 772 4216 12248
 ... : 8 2 2 33 44 56 49 503 772 4223 12448
 ... : 8 2 2 33 44 56 49 503 772 4225 12649
 ... : 8 2 2 33 44 56 49 503 772 4236 12850
 ... : 8 2 2 33 44 56 49 503 772 4245 13051
 ... : 8 2 2 33 44 56 49 503 772 4255 13250
 ... : 8 2 2 33 44 56 49 503 772 4260 13451
 ... : 8 2 2 33 44 56 49 503 772 4269 13652
 ... : 8 2 2 33 44 56 49 503 772 4272 13852
 ... : 8 2 2 33 44 56 49 503 772 4275 14053
 ... : 8 2 2 33 44 56 49 503 772 4277 14254
 ... : 8 2 2 33 44 56 49 503 772 4278 14455
 ... : 8 2 2 33 44 56 49 503 771 4309 14654
 ... : 8 2 2 33 44 56 49 503 771 4320 14855
 ... : 8 2 2 33 44 56 49 503 771 4325 15056
 ... : 8 2 2 33 44 56 49 503 772 4341 15252
 ... : 8 2 2 33 44 56 49 503 772 4352 15453
 ... : 8 2 2 33 44 56 49 503 772 4355 15654
 ... : 8 2 6 34 46 58 54 510 788 4438 15676
 ... : 8 2 6 34 46 58 54 510 788 4453 15813
 ... : 8 2 6 34 46 58 54 510 788 4464 15886
 ... : 8 2 6 34 46 58 54 510 787 4474 16002
 ... : 8 2 6 34 46 58 54 510 787 4477 16136
 ... : 8 2 6 34 46 58 54 510 787 4485 16081
 ... : 8 2 6 34 46 58 54 510 787 4490 16235
 ... : 8 2 6 34 46 58 54 510 787 4507 16413
 ... : 8 2 6 34 46 58 54 510 787 4520 16569
 ... : 8 2 6 34 46 58 54 510 787 4522 16740
  12 : 8 2 6 33 46 57 52 508 755 4320 15965 1023
 ... : 8 2 6 33 46 57 52 508 755 4320 16933 1223
 ... : 8 2 6 33 46 57 52 508 755 4320 17625 1424
 ... : 8 2 6 33 46 57 52 508 755 4320 18324 1624
 ... : 8 2 6 33 46 57 52 508 755 4320 19049 1826
 ... : 8 2 6 33 46 57 52 508 755 4320 19549 2026
 ... : 8 2 6 33 46 57 52 508 755 4320 19939 2227
 ... : 8 2 6 33 46 57 52 508 755 4320 20316 2428
 ... : 8 2 6 33 46 57 52 508 755 4320 20639 2631
 ... : 8 2 6 33 46 57 52 508 755 4320 21167 2831
 ... : 8 2 6 33 46 57 52 508 755 4320 21670 3032
 ... : 8 2 6 33 46 57 52 508 755 4320 22216 3233
 ... : 8 2 6 33 46 57 52 508 755 4320 22667 3436
 ... : 8 2 6 33 46 57 52 508 755 4320 23130 3637
 ... : 8 2 6 33 46 57 52 508 755 4320 23473 3837
 ... : 8 2 6 33 46 57 52 508 755 4320 23880 4038
 ... : 8 2 6 33 46 57 52 508 755 4320 24441 4239
 ... : 8 2 6 33 46 57 52 508 755 4320 24858 4439
 ... : 8 2 6 33 46 57 52 508 755 4320 25240 4643
 ... : 8 2 6 33 46 57 52 508 755 4320 25456 4844
 ... : 8 2 6 33 46 57 52 508 755 4320 25738 5045
 ... : 8 2 6 33 46 57 52 508 755 4320 26243 5246
 ... : 8 2 6 33 46 57 52 508 755 4320 26531 5447
 ... : 8 2 6 33 46 57 52 508 755 4320 26889 5645
 ... : 8 2 6 33 46 57 52 508 755 4320 27356 5846
 ... : 8 2 6 33 46 57 52 508 755 4320 27580 6047
 ... : 8 2 6 33 46 57 52 508 755 4320 27778 6248
 ... : 8 2 6 33 46 57 52 508 755 4320 28108 6449
 ... : 8 2 6 33 46 57 52 508 755 4320 28321 6650
 ... : 8 2 6 33 46 57 52 508 755 4320 28563 6851
 ... : 8 2 6 33 46 57 52 508 755 4320 28801 7052
 ... : 8 2 6 33 46 57 52 508 755 4320 28952 7252
 ... : 8 2 6 33 46 57 52 508 755 4320 29253 7458
 ... : 8 2 6 33 46 57 52 508 755 4320 29465 7660
 ... : 8 2 6 33 46 57 52 508 755 4320 29608 7872
 ... : 8 2 6 33 46 57 52 508 755 4320 29896 8073
 ... : 8 2 6 33 46 57 52 508 755 4320 30188 8274
 ... : 8 2 6 33 46 57 52 508 755 4320 30471 8475
 ... : 8 2 6 33 46 57 52 508 755 4320 30643 8676
 ... : 8 2 6 33 46 57 52 508 755 4320 30873 8874
 ... : 8 2 6 33 46 57 52 508 755 4320 31012 9075
 ... : 8 2 6 33 46 57 52 508 755 4320 31212 9275
 ... : 8 2 6 33 46 57 52 508 755 4320 31420 9476
 ... : 8 2 6 33 46 57 52 508 755 4321 31691 9668
 ... : 8 2 6 33 46 57 52 508 755 4321 31817 9869
