initialized model with 1184 latches, 170 inputs and 1 properties
tsim: performed 8 steps
tsim: found cycle from 6
tsim: found 99 constants and 0 latch equivalences
seqsimpl: found 49 latch equivalences
seqsimpl: (1184, 170) -> (938, 169)
checking bound 0
checking bound 1
checking bound 2
tdecomp: unrolling 2 cycles
tsim: performed 7 steps
tsim: found cycle from 5
tsim: found 1 constants and 0 latch equivalences
tdecomp: (938, 676) -> (937, 427)
   2 : 53 5
   3 : 36 32 50
   4 : 36 35 10 48
   5 : 36 35 10 8 44
   6 : 36 41 42 13 34 90
   7 : 36 41 42 13 46 13 98
 ... : 35 53 137 113 74 70 256
 ... : 35 59 181 276 157 100 359
 ... : 33 63 211 304 197 127 399
 ... : 33 63 228 420 267 201 498
 ... : 33 69 262 496 324 227 579
 ... : 33 70 309 563 424 297 681
 ... : 33 71 346 644 552 338 775
 ... : 33 73 371 722 634 425 859
 ... : 33 73 403 794 737 571 966
 ... : 35 72 423 780 697 605 1026
 ... : 35 72 417 769 729 788 1114
 ... : 35 72 429 784 797 1006 1229
 ... : 35 77 461 833 889 1191 1304
 ... : 35 76 458 847 989 1340 1399
 ... : 35 76 464 865 1037 1538 1505
 ... : 35 84 533 968 1105 1581 1546
 ... : 35 88 479 1050 1230 1691 1586
 ... : 35 88 478 1132 1352 1911 1653
 ... : 35 88 478 1147 1467 2282 1761
 ... : 35 93 505 1248 1564 2393 1819
 ... : 34 91 507 1337 1730 2505 1838
 ... : 34 91 489 1375 1833 2653 1864
 ... : 34 90 503 1405 1958 2801 1891
 ... : 34 89 500 1432 2085 2887 1907
 ... : 34 88 491 1405 2243 3263 1997
 ... : 34 88 487 1429 2360 3480 2059
 ... : 34 85 454 1305 2622 3847 2158
 ... : 34 85 454 1331 2773 4110 2224
 ... : 37 88 457 1345 2879 4253 2262
 ... : 37 88 458 1315 2758 4712 2343
 ... : 36 84 436 1303 2800 4962 2420
 ... : 36 83 430 1244 2798 4940 2480
 ... : 37 83 427 1230 2798 4913 2534
 ... : 37 82 419 1222 2824 4981 2609
 ... : 37 82 418 1229 2790 4997 2742
 ... : 37 82 406 1223 2752 4890 2800
   8 : 35 54 203 647 1711 2749 1953 2409
 ... : 35 54 203 647 1716 2764 2399 2557
 ... : 37 56 203 643 1690 2670 2415 2609
 ... : 37 55 199 621 1609 2578 2178 2736
 ... : 37 55 191 616 1600 2551 2119 2757
 ... : 37 55 190 614 1572 2454 1823 2692
 ... : 38 62 197 614 1572 2454 1820 2704
 ... : 38 63 198 612 1551 2397 1729 2744
 ... : 40 63 202 612 1535 2343 1673 2762
 ... : 39 63 195 610 1542 2336 1665 2782
 ... : 40 59 148 466 1262 2322 1667 2788
 ... : 38 60 130 419 940 1877 1672 2788
 ... : 38 59 129 397 865 1887 1706 2791
 ... : 38 59 129 397 860 1783 1740 2793
 ... : 38 59 124 393 847 1839 1964 2841
 ... : 38 59 123 389 833 1879 2097 2891
 ... : 38 59 123 388 830 1912 2290 2959
 ... : 38 59 123 388 831 1931 2586 3031
 ... : 38 59 123 388 831 1993 2827 3080
 ... : 38 59 124 388 823 1867 2924 3139
 ... : 38 59 122 383 814 1881 3157 3201
 ... : 38 58 118 366 812 1908 3400 3248
 ... : 39 59 117 356 772 1833 3454 3276
 ... : 38 58 116 349 765 1820 3556 3322
 ... : 38 58 116 350 756 1837 3691 3365
 ... : 38 58 116 350 758 1866 3843 3405
 ... : 38 58 115 346 746 1867 3854 3424
 ... : 38 58 115 346 746 1866 3854 3442
 ... : 38 58 115 346 746 1866 3866 3454
 ... : 38 58 115 346 746 1866 3878 3470
 ... : 38 58 115 346 746 1866 3882 3485
 ... : 38 58 115 346 746 1866 3894 3499
 ... : 38 58 115 346 746 1866 3906 3514
 ... : 38 58 115 346 746 1866 3921 3526
 ... : 38 58 115 346 746 1866 3934 3540
 ... : 38 58 115 346 746 1866 3940 3553
 ... : 38 58 115 346 746 1866 3949 3565
 ... : 38 58 115 346 746 1866 3961 3579
 ... : 38 58 115 346 746 1866 3972 3591
 ... : 38 58 115 346 746 1866 3985 3604
 ... : 38 58 115 346 746 1866 3998 3617
 ... : 38 58 115 346 746 1866 4013 3629
 ... : 38 58 115 346 746 1866 4018 3642
 ... : 38 58 115 346 746 1865 4007 3654
 ... : 38 58 114 346 743 1859 3954 3667
 ... : 38 58 114 346 743 1859 3963 3679
 ... : 38 58 114 346 743 1859 3969 3692
 ... : 38 58 114 346 743 1859 3973 3705
 ... : 38 58 114 346 743 1859 3973 3717
 ... : 39 58 114 346 743 1859 3974 3729
 ... : 41 58 114 346 743 1859 3977 3743
 ... : 41 58 114 346 743 1859 3977 3756
 ... : 41 58 114 346 743 1859 3977 3768
 ... : 41 58 114 346 743 1859 3982 3780
 ... : 41 58 114 346 743 1859 3988 3794
   9 : 39 37 46 86 379 889 2779 1335 3293
 ... : 39 37 46 86 382 891 2761 1363 3411
 ... : 39 37 46 86 387 893 2762 1380 3520
 ... : 39 37 46 86 387 896 2764 1399 3613
 ... : 39 37 46 86 387 896 2764 1401 3678
 ... : 39 37 46 86 387 896 2764 1399 3715
 ... : 40 37 46 89 390 896 2764 1399 3727
 ... : 43 37 46 90 391 896 2764 1399 3738
 ... : 49 37 46 90 391 896 2764 1399 3748
 ... : 58 37 46 90 391 896 2764 1399 3758
  10 : 62 37 46 90 390 889 2756 1309 1385 2507
 ... : 62 37 46 90 391 888 2756 1308 1447 2662
 ... : 62 37 46 90 392 888 2756 1306 1528 2841
 ... : 62 37 46 90 392 888 2757 1307 1566 2911
 ... : 62 37 46 90 392 886 2749 1292 1568 3027
 ... : 62 37 46 90 392 886 2749 1294 1604 3223
 ... : 62 37 46 90 394 886 2748 1292 1619 3311
 ... : 62 37 46 90 395 886 2745 1291 1633 3483
 ... : 62 37 46 90 395 886 2745 1289 1676 3624
 ... : 62 37 46 90 395 886 2744 1283 1694 3664
 ... : 62 37 46 90 395 886 2744 1283 1715 3756
 ... : 62 37 46 90 395 886 2744 1283 1736 3916
 ... : 62 37 46 90 397 886 2743 1282 1759 3982
 ... : 62 37 46 90 397 886 2743 1282 1775 4053
 ... : 62 37 46 90 397 886 2743 1281 1805 4190
 ... : 62 37 46 90 398 886 2740 1273 1820 4270
