initialized model with 933 latches, 364 inputs and 1 properties
tsim: performed 17 steps
tsim: found cycle from 15
checking bound 0
checking bound 1
checking bound 2
tdecomp: unrolling 2 cycles
tsim: performed 15 steps
tsim: found cycle from 13
tsim: found 1 constants and 0 latch equivalences
tdecomp: (933, 1456) -> (932, 338)
 ... : 200
   2 : 76 191
   3 : 15 26 277
   4 : 14 26 58 229
   5 : 14 26 36 142 186
 ... : 14 26 35 195 306
 ... : 14 23 39 255 393
   6 : 12 6 21 106 156 317
 ... : 12 6 19 96 235 464
   7 : 12 4 6 50 115 229 239
 ... : 12 4 6 49 111 248 372
   8 : 12 3 5 48 103 161 195 288
 ... : 12 3 5 46 102 155 203 472
 ... : 12 3 5 46 101 144 250 565
   9 : 10 2 5 46 91 83 219 311 355
 ... : 10 2 5 46 91 83 219 412 551
 ... : 10 2 5 46 91 85 221 489 632
 ... : 10 2 5 46 91 86 222 518 780
  10 : 10 2 5 45 87 85 206 473 561 275
 ... : 10 2 5 45 87 85 205 473 696 475
 ... : 10 2 5 45 87 85 205 471 795 676
 ... : 10 2 5 45 87 86 206 476 938 830
 ... : 10 2 5 45 87 86 205 472 967 995
 ... : 10 2 5 45 87 86 205 471 997 1171
 ... : 10 2 5 45 87 86 205 468 1056 1352
 ... : 10 2 5 45 87 86 205 467 1072 1546
 ... : 10 2 5 45 87 86 205 467 1101 1747
 ... : 10 2 5 45 87 86 205 467 1152 1948
  11 : 10 2 5 45 85 86 146 371 1040 1803 285
 ... : 10 2 5 45 85 86 146 371 1040 2159 490
 ... : 10 2 5 45 85 86 146 371 1040 2379 692
 ... : 10 2 5 45 85 86 146 371 1040 2580 894
 ... : 10 2 5 45 85 86 146 371 1040 2695 1098
 ... : 10 2 5 45 85 86 146 371 1040 2887 1299
 ... : 10 2 5 45 85 86 146 371 1040 3091 1501
 ... : 10 2 5 45 85 86 146 371 1040 3222 1705
 ... : 10 2 5 45 85 86 146 371 1040 3338 1907
 ... : 10 2 5 45 85 86 146 371 1039 3463 2085
 ... : 10 2 5 45 85 86 146 371 1040 3563 2270
 ... : 10 2 5 45 85 86 146 371 1040 3676 2450
 ... : 10 2 5 45 85 86 146 371 1040 3849 2653
 ... : 10 2 5 45 85 86 146 371 1040 3951 2853
 ... : 10 2 5 45 85 86 146 371 1040 4048 3047
 ... : 10 2 5 45 85 86 146 371 1040 4175 3248
 ... : 10 2 5 45 85 86 146 371 1039 4286 3439
 ... : 10 2 5 45 85 86 145 372 1042 4377 3623
 ... : 10 2 5 45 85 86 145 372 1042 4422 3824
 ... : 10 2 5 45 85 86 145 372 1042 4473 4025
 ... : 10 2 5 45 85 86 145 372 1042 4566 4226
 ... : 10 2 5 45 85 86 145 372 1042 4617 4427
 ... : 10 2 5 45 85 86 145 372 1042 4656 4624
 ... : 10 2 5 45 85 86 145 372 1042 4689 4825
 ... : 10 2 5 45 85 86 145 372 1042 4712 5026
 ... : 10 2 5 45 85 86 145 372 1046 4785 5215
 ... : 10 2 5 45 85 86 145 372 1046 4810 5416
 ... : 10 2 5 45 85 86 145 372 1046 4868 5617
 ... : 10 2 5 45 85 86 145 372 1046 4892 5818
  12 : 10 2 5 44 83 82 135 308 1056 4548 5766 541
 ... : 10 2 5 44 83 82 135 308 1056 4548 6914 745
 ... : 10 2 5 44 83 82 135 308 1056 4548 7656 951
 ... : 10 2 5 44 83 82 135 308 1056 4548 8304 1160
 ... : 10 2 5 44 83 82 135 308 1056 4548 9010 1361
 ... : 10 2 5 44 83 82 135 308 1056 4548 9823 1564
 ... : 10 2 5 44 83 82 135 308 1056 4548 10485 1764
 ... : 10 2 5 44 83 82 135 308 1056 4548 11143 1968
 ... : 10 2 5 44 83 82 135 308 1056 4548 11693 2170
 ... : 10 2 5 44 83 82 135 308 1056 4548 12310 2371
 ... : 10 2 5 44 83 82 135 308 1056 4548 12728 2573
 ... : 10 2 5 44 83 82 135 308 1056 4548 13251 2775
 ... : 10 2 5 44 83 82 135 308 1056 4548 13721 2976
 ... : 10 2 5 44 83 82 135 308 1056 4548 14029 3177
 ... : 10 2 5 44 83 82 135 308 1056 4548 14409 3378
 ... : 10 2 5 44 83 82 135 308 1056 4548 14854 3579
 ... : 10 2 5 44 83 82 135 308 1056 4548 15145 3780
 ... : 10 2 5 44 83 82 135 308 1056 4548 15678 3984
 ... : 10 2 5 44 83 82 135 308 1056 4546 16003 4184
 ... : 10 2 5 44 83 82 135 308 1057 4550 16294 4361
 ... : 10 2 5 44 83 82 135 308 1057 4550 16697 4561
 ... : 10 2 5 44 83 82 135 308 1057 4550 17046 4765
 ... : 10 2 5 44 83 82 135 308 1057 4550 17677 4967
 ... : 10 2 5 44 83 82 135 308 1057 4550 18007 5169
 ... : 10 2 5 44 83 82 135 308 1057 4550 18173 5370
 ... : 10 2 5 44 83 82 135 308 1057 4550 18562 5571
 ... : 10 2 5 44 83 82 135 308 1057 4550 19041 5772
 ... : 10 2 5 44 83 82 135 308 1057 4550 19419 5973
 ... : 10 2 5 44 83 82 135 308 1057 4555 19638 6162
 ... : 10 2 5 44 83 82 135 308 1057 4557 19974 6347
 ... : 10 2 5 44 83 82 135 308 1057 4557 20381 6544
 ... : 10 2 5 44 83 82 135 308 1057 4557 20806 6745
 ... : 10 2 5 44 83 82 135 308 1057 4557 21136 6947
 ... : 10 2 5 44 83 82 135 308 1057 4557 21534 7148
 ... : 10 2 5 44 83 82 135 308 1057 4557 21884 7349
 ... : 10 2 5 44 83 82 135 308 1057 4557 22276 7552
 ... : 10 2 5 44 83 82 135 308 1057 4557 22621 7755
 ... : 10 2 5 44 83 82 135 308 1057 4557 22861 7958
 ... : 10 2 5 44 83 82 135 308 1057 4557 23100 8090
 ... : 10 2 5 44 83 82 135 308 1057 4561 23296 8225
 ... : 10 2 5 44 83 82 135 308 1057 4569 23507 8374
 ... : 10 2 5 44 83 82 135 308 1057 4573 23690 8543
 ... : 10 2 5 44 83 82 135 308 1057 4573 23890 8744
 ... : 10 2 5 44 83 82 135 308 1057 4572 24033 8946
 ... : 10 2 5 44 83 82 135 308 1057 4572 24313 9147
  13 : 10 2 5 44 81 83 133 305 1039 4529 22421 9711 1422
 ... : 10 2 5 44 81 83 133 305 1039 4529 22420 11137 1647
 ... : 10 2 5 44 81 83 133 305 1039 4529 22419 12949 1855
 ... : 10 2 5 44 81 83 133 305 1039 4529 22419 13729 2084
 ... : 10 2 5 44 81 83 133 305 1039 4529 22424 15804 2346
 ... : 10 2 5 44 81 83 133 305 1039 4529 22424 17252 2552
 ... : 10 2 5 44 81 83 133 305 1039 4529 22424 19730 2755
 ... : 10 2 5 44 81 83 133 305 1039 4529 22424 20375 2961
 ... : 10 2 5 44 81 83 133 305 1039 4529 22424 20914 3169
 ... : 10 2 5 44 81 83 133 305 1039 4529 22424 22089 3375
