initialized model with 933 latches, 364 inputs and 1 properties
tsim: performed 17 steps
tsim: found cycle from 15
checking bound 0
checking bound 1
checking bound 2
tdecomp: unrolling 2 cycles
tsim: performed 15 steps
tsim: found cycle from 13
tsim: found 1 constants and 0 latch equivalences
tdecomp: (933, 1456) -> (932, 338)
 ... : 200
   2 : 174 114
   3 : 9 166 162
   4 : 9 168 184 90
 ... : 9 167 277 285
   5 : 7 149 162 177 245
 ... : 7 149 163 244 352
 ... : 7 149 183 306 439
   6 : 7 144 147 152 303 208
 ... : 7 144 144 138 307 399
   7 : 7 137 132 79 126 199 456
 ... : 5 136 132 82 134 233 560
   8 : 5 136 132 86 100 172 190 445
 ... : 4 136 129 85 95 162 211 581
 ... : 6 139 132 90 95 166 228 614
   9 : 5 4 15 60 75 82 188 304 417
 ... : 5 4 15 60 75 81 187 407 608
 ... : 5 4 15 60 75 81 187 488 791
 ... : 5 4 15 60 75 81 185 504 987
 ... : 5 4 15 60 75 81 185 559 1188
 ... : 5 4 15 60 75 81 183 591 1356
  10 : 5 4 15 59 74 76 166 523 1347 84
 ... : 5 4 15 59 74 76 166 523 1408 286
 ... : 5 4 15 59 74 76 166 523 1490 491
 ... : 5 4 15 59 74 76 166 523 1517 651
 ... : 5 4 15 59 74 76 166 522 1628 845
 ... : 5 4 15 59 74 76 166 522 1729 1025
 ... : 5 4 15 59 74 76 166 522 1814 1226
 ... : 5 4 15 59 74 76 166 522 1870 1405
 ... : 5 4 15 59 74 76 166 521 1899 1604
 ... : 5 4 15 59 74 76 166 521 1944 1793
 ... : 5 4 15 59 74 76 166 521 2009 1984
 ... : 5 4 15 59 75 76 167 528 2088 2131
 ... : 5 4 15 59 75 76 167 530 2136 2276
 ... : 5 4 15 59 75 76 168 531 2162 2452
  11 : 5 4 14 49 49 57 113 426 1815 2358 263
 ... : 5 4 14 49 49 57 113 426 1815 2643 466
 ... : 5 4 14 49 49 57 113 426 1815 2839 670
 ... : 5 4 14 49 49 57 113 426 1815 3084 871
 ... : 5 4 14 49 49 57 113 426 1815 3316 1072
 ... : 5 4 14 49 49 57 113 426 1815 3420 1273
 ... : 5 4 14 49 49 56 113 426 1815 3597 1474
 ... : 5 4 14 49 49 56 113 426 1815 3968 1672
 ... : 5 4 14 49 49 56 113 426 1818 4155 1869
 ... : 5 4 14 49 49 56 113 426 1818 4451 2069
 ... : 5 4 14 49 49 56 113 426 1818 4617 2236
 ... : 5 4 14 49 49 56 113 426 1818 4721 2437
 ... : 5 4 14 49 49 56 113 426 1817 4824 2638
 ... : 5 4 14 49 49 56 113 426 1819 4987 2834
 ... : 5 4 14 49 49 56 113 426 1819 5075 2877
 ... : 5 4 14 49 49 56 113 426 1819 5175 3078
 ... : 5 4 14 49 49 56 113 426 1819 5289 3279
 ... : 5 4 14 49 49 56 113 426 1819 5407 3481
 ... : 5 4 14 49 49 56 113 426 1819 5463 3681
 ... : 5 4 14 49 49 56 113 426 1819 5594 3882
 ... : 5 4 14 49 49 56 113 426 1819 5807 4081
 ... : 5 4 14 49 49 56 113 426 1819 5965 4282
 ... : 5 4 14 49 49 56 113 427 1825 6089 4444
 ... : 5 4 14 49 49 56 113 427 1825 6181 4646
 ... : 5 4 14 49 49 56 113 427 1824 6222 4847
 ... : 5 4 14 49 49 56 113 427 1824 6246 5048
 ... : 5 4 14 49 49 56 113 427 1824 6317 5245
  12 : 5 4 14 49 49 56 112 420 1809 5797 5257 635
 ... : 5 4 14 49 49 56 112 420 1809 5797 6156 832
 ... : 5 4 14 49 49 56 112 420 1809 5797 6898 1034
 ... : 5 4 14 49 49 56 112 420 1809 5797 7462 1236
 ... : 5 4 14 49 49 56 112 420 1809 5798 8013 1434
 ... : 5 4 14 49 49 56 112 420 1809 5797 8727 1637
 ... : 5 4 14 49 49 56 112 420 1809 5797 10094 1842
 ... : 5 4 14 49 49 56 112 420 1809 5797 11728 2046
 ... : 5 4 14 49 49 56 112 420 1809 5800 13208 2229
 ... : 5 4 14 49 49 56 112 420 1809 5800 13961 2431
 ... : 5 4 14 49 49 56 112 420 1809 5799 14890 2636
 ... : 5 4 14 49 49 56 112 420 1809 5799 15326 2838
 ... : 5 4 14 49 49 56 112 420 1809 5798 15850 3040
 ... : 5 4 14 49 49 56 112 420 1809 5798 16662 3240
 ... : 5 4 14 49 49 56 112 420 1809 5798 17201 3442
 ... : 5 4 14 49 49 56 112 420 1809 5797 17930 3646
 ... : 5 4 14 49 49 56 112 420 1809 5797 18332 3850
 ... : 5 4 14 49 49 56 112 420 1809 5797 18952 4054
 ... : 5 4 14 49 49 56 112 420 1809 5797 19550 4248
 ... : 5 4 14 49 49 56 112 420 1809 5798 20271 4447
 ... : 5 4 14 49 49 56 112 420 1809 5798 20586 4650
 ... : 5 4 14 49 49 56 112 420 1809 5801 20878 4838
 ... : 5 4 14 49 49 56 112 420 1809 5801 21317 5041
 ... : 5 4 14 49 49 56 112 420 1809 5802 21865 5238
 ... : 5 4 14 49 49 56 112 420 1809 5809 22148 5413
 ... : 5 4 14 49 49 56 112 420 1809 5817 22540 5595
 ... : 5 4 14 49 49 56 112 420 1809 5817 23070 5800
 ... : 5 4 14 49 49 56 112 420 1809 5817 23375 6001
 ... : 5 4 14 49 49 56 112 420 1809 5817 23648 6203
 ... : 5 4 14 49 49 56 112 420 1809 5817 23861 6402
 ... : 5 4 14 49 49 56 112 420 1809 5816 24298 6596
 ... : 5 4 14 49 49 56 112 420 1809 5816 24776 6797
 ... : 5 4 14 49 49 56 112 420 1809 5816 25667 6994
 ... : 5 4 14 49 49 56 112 420 1809 5816 26282 7191
 ... : 5 4 14 49 49 56 112 420 1809 5816 26592 7392
 ... : 5 4 14 49 49 56 112 420 1809 5823 27009 7571
 ... : 5 4 14 49 49 56 112 420 1809 5823 27332 7771
 ... : 5 4 14 49 49 56 112 420 1809 5823 27589 7969
 ... : 5 4 14 49 49 56 112 420 1811 5848 27909 8102
 ... : 5 4 14 49 49 56 112 420 1811 5848 28430 8306
 ... : 5 4 14 49 49 56 112 420 1811 5849 28588 8493
 ... : 5 4 14 49 49 56 112 420 1811 5849 28767 8672
 ... : 5 4 14 49 49 56 112 420 1812 5860 28932 8851
 ... : 5 4 14 49 49 56 112 420 1812 5860 29286 9054
 ... : 5 4 14 49 49 56 112 420 1812 5860 29991 9254
 ... : 5 4 14 49 49 56 112 420 1812 5866 30206 9426
 ... : 5 4 14 49 49 56 112 420 1812 5865 30726 9622
 ... : 5 4 14 49 49 56 112 420 1812 5864 31041 9823
 ... : 5 4 14 49 49 56 112 420 1812 5871 31209 10000
 ... : 5 4 14 49 49 56 112 420 1812 5872 31397 10199
  13 : 5 4 14 49 49 56 112 414 1800 5792 29111 9869 2837
 ... : 5 4 14 49 49 56 112 414 1800 5792 29111 11304 3070
 ... : 5 4 14 49 49 56 112 414 1800 5792 29109 12608 3285
