initialized model with 933 latches, 364 inputs and 1 properties
tsim: performed 17 steps
tsim: found cycle from 15
checking bound 0
checking bound 1
checking bound 2
tdecomp: unrolling 2 cycles
tsim: performed 15 steps
tsim: found cycle from 13
tsim: found 1 constants and 0 latch equivalences
tdecomp: (933, 1456) -> (932, 334)
 ... : 200
   2 : 158 124
   3 : 8 49 235
   4 : 8 42 116 215
   5 : 6 20 53 79 294
 ... : 7 21 47 118 417
   6 : 7 4 5 73 193 244
 ... : 7 4 5 74 206 401
   7 : 7 4 5 71 105 215 256
 ... : 7 4 5 71 89 233 455
 ... : 7 4 5 73 98 252 536
   8 : 7 4 4 53 73 96 208 402
 ... : 7 4 4 53 73 91 247 575
   9 : 7 4 4 53 72 88 201 483 167
 ... : 7 4 4 53 72 88 201 518 367
 ... : 7 4 4 53 72 88 201 577 569
 ... : 7 4 4 53 72 88 201 590 770
 ... : 7 4 4 53 72 88 200 626 971
 ... : 7 4 4 53 72 88 200 711 1170
 ... : 7 4 4 53 72 88 200 770 1342
  10 : 7 4 4 53 71 81 172 725 1404 127
 ... : 7 4 4 53 71 81 172 725 1734 325
 ... : 7 4 4 53 71 81 172 725 2060 532
 ... : 7 4 4 53 71 81 172 725 2362 739
 ... : 7 4 4 53 71 81 172 725 2586 941
 ... : 7 4 4 53 71 81 172 725 2768 1144
 ... : 7 4 4 53 71 81 172 725 2928 1346
 ... : 7 4 4 53 71 81 172 725 3039 1547
 ... : 7 4 4 53 71 81 172 724 3206 1748
 ... : 7 4 4 53 71 81 172 724 3308 1950
 ... : 7 4 4 53 71 81 172 724 3383 2149
 ... : 7 4 4 53 71 81 172 724 3448 2350
 ... : 7 4 4 53 71 81 172 724 3491 2546
 ... : 7 4 4 53 71 81 172 724 3523 2747
 ... : 7 4 4 53 71 81 172 724 3592 2946
 ... : 7 4 4 53 71 81 172 724 3674 3148
 ... : 7 4 4 53 71 81 172 724 3721 3349
 ... : 7 4 4 53 71 81 172 724 3752 3550
  11 : 7 4 4 53 71 76 164 704 3283 3595 437
 ... : 7 4 4 53 71 76 164 704 3279 4133 651
 ... : 7 4 4 53 71 76 164 704 3279 4594 862
 ... : 7 4 4 53 71 76 164 704 3277 5092 1074
 ... : 7 4 4 53 71 76 164 704 3277 5319 1276
 ... : 7 4 4 53 71 76 164 704 3277 5611 1477
 ... : 7 4 4 53 71 76 164 704 3277 5794 1678
 ... : 7 4 4 53 71 76 164 704 3277 5993 1879
 ... : 7 4 4 53 71 76 164 704 3277 6236 2084
 ... : 7 4 4 53 71 76 164 704 3277 6430 2286
 ... : 7 4 4 53 71 76 164 704 3277 6667 2487
 ... : 7 4 4 53 71 76 164 704 3277 6841 2689
 ... : 7 4 4 53 71 76 164 704 3277 7009 2876
 ... : 7 4 4 53 71 76 164 704 3283 7161 3032
 ... : 7 4 4 53 71 76 164 704 3283 7338 3235
 ... : 7 4 4 53 71 76 164 704 3283 7574 3437
 ... : 7 4 4 53 71 76 164 704 3283 7734 3635
 ... : 7 4 4 53 71 76 164 704 3283 7932 3837
 ... : 7 4 4 53 71 76 164 704 3283 8124 4038
 ... : 7 4 4 53 71 76 164 704 3283 8207 4244
 ... : 7 4 4 53 71 76 164 704 3282 8307 4447
 ... : 7 4 4 53 71 76 164 704 3282 8484 4647
 ... : 7 4 4 53 71 76 164 704 3283 8672 4840
 ... : 7 4 4 53 71 76 164 704 3284 8785 4960
 ... : 7 4 4 53 71 76 164 704 3286 8935 5075
 ... : 7 4 4 53 71 76 164 704 3292 9075 5194
 ... : 7 4 4 53 71 76 164 704 3292 9227 5396
 ... : 7 4 4 53 71 76 164 704 3292 9334 5597
 ... : 7 4 4 53 71 76 164 704 3292 9460 5799
 ... : 7 4 4 53 71 76 164 704 3291 9535 5997
 ... : 7 4 4 53 71 76 164 704 3294 9686 6191
 ... : 7 4 4 53 71 76 164 704 3294 9828 6385
 ... : 7 4 4 53 71 76 164 704 3298 9967 6520
 ... : 7 4 4 53 71 76 164 704 3299 10082 6700
 ... : 7 4 4 53 71 76 164 704 3299 10232 6844
 ... : 7 4 4 53 71 76 164 704 3300 10307 6948
 ... : 7 4 4 53 71 76 164 704 3298 10386 7142
 ... : 7 4 4 53 71 76 164 704 3301 10470 7266
 ... : 7 4 4 53 71 76 164 704 3303 10636 7427
  12 : 7 4 4 53 71 61 148 688 3231 9809 6749 1787
 ... : 7 4 4 53 71 61 148 688 3231 9808 7829 2008
 ... : 7 4 4 53 71 61 148 688 3231 9808 8640 2229
 ... : 7 4 4 53 71 61 148 688 3231 9808 9743 2443
 ... : 7 4 4 53 71 61 148 688 3231 9808 10504 2661
 ... : 7 4 4 53 71 61 148 688 3231 9809 11007 2847
 ... : 7 4 4 53 71 61 148 688 3231 9816 11372 3001
 ... : 7 4 4 53 71 61 148 688 3231 9816 11631 3187
 ... : 7 4 4 53 71 61 148 688 3231 9815 11951 3396
 ... : 7 4 4 53 71 61 148 688 3231 9815 12274 3602
 ... : 7 4 4 53 71 61 148 688 3231 9815 12596 3817
 ... : 7 4 4 53 71 61 148 688 3231 9818 13344 4028
 ... : 7 4 4 53 71 61 148 688 3231 9819 14086 4221
 ... : 7 4 4 53 71 61 148 688 3231 9821 14519 4409
 ... : 7 4 4 53 71 61 148 688 3231 9821 15018 4624
 ... : 7 4 4 53 71 61 148 688 3231 9821 15337 4832
 ... : 7 4 4 53 71 61 148 688 3231 9819 16058 5041
 ... : 7 4 4 53 71 61 148 688 3231 9819 16333 5243
 ... : 7 4 4 53 71 61 148 688 3231 9819 16596 5446
 ... : 7 4 4 53 71 61 148 688 3231 9819 16777 5649
 ... : 7 4 4 53 71 61 148 688 3231 9819 17035 5854
 ... : 7 4 4 53 71 61 148 688 3231 9819 17793 6067
 ... : 7 4 4 53 71 61 148 688 3231 9819 18332 6257
 ... : 7 4 4 53 71 61 148 688 3231 9819 19529 6490
 ... : 7 4 4 53 71 61 148 688 3231 9818 19979 6709
 ... : 7 4 4 53 71 61 148 688 3231 9818 20348 6919
 ... : 7 4 4 53 71 61 148 688 3231 9819 20895 7116
 ... : 7 4 4 53 71 61 148 688 3231 9819 21452 7327
 ... : 7 4 4 53 71 61 148 688 3231 9819 22076 7528
 ... : 7 4 4 53 71 61 148 688 3231 9822 22488 7717
 ... : 7 4 4 53 71 61 148 688 3231 9822 22964 7925
 ... : 7 4 4 53 71 61 148 688 3231 9821 23302 8138
 ... : 7 4 4 53 71 61 148 688 3231 9821 23454 8344
 ... : 7 4 4 53 71 61 148 688 3231 9821 23550 8544
 ... : 7 4 4 53 71 61 148 688 3231 9821 23664 8745
 ... : 7 4 4 53 71 61 148 688 3231 9821 23855 8951
 ... : 7 4 4 53 71 61 148 688 3231 9822 24311 9147
 ... : 7 4 4 53 71 61 148 688 3231 9818 24791 9358
 ... : 7 4 4 53 71 61 148 688 3231 9815 25107 9557
 ... : 7 4 4 53 71 61 148 688 3230 9813 25567 9762
  13 : 7 4 2 50 71 46 112 522 2563 7450 21353 9484 3966
 ... : 7 4 2 50 71 46 112 522 2563 7450 21352 10104 4186
 ... : 7 4 2 50 71 46 112 522 2563 7450 21351 10653 4393
 ... : 7 4 2 50 71 46 112 522 2563 7450 21330 10843 4579
 ... : 7 4 2 50 71 46 112 522 2563 7450 21329 11294 4802
 ... : 7 4 2 50 71 46 112 522 2563 7450 21300 11548 5012
 ... : 7 4 2 50 71 46 112 522 2563 7448 21318 12229 5217
 ... : 7 4 2 50 71 46 112 522 2563 7448 21317 13077 5435
 ... : 7 4 2 50 71 46 112 522 2563 7448 21317 14014 5664
