initialized model with 933 latches, 364 inputs and 1 properties
tsim: performed 17 steps
tsim: found cycle from 15
checking bound 0
checking bound 1
checking bound 2
tdecomp: unrolling 2 cycles
tsim: performed 15 steps
tsim: found cycle from 13
tsim: found 1 constants and 0 latch equivalences
tdecomp: (933, 1456) -> (932, 330)
   2 : 160 40
 ... : 80 224
   3 : 7 18 296
   4 : 7 15 90 248
   5 : 5 12 35 104 241
   6 : 5 12 34 110 234 178
 ... : 5 11 31 97 304 330
 ... : 5 10 30 100 308 372
 ... : 5 11 28 102 324 462
 ... : 5 11 27 100 337 545
 ... : 5 8 20 84 306 557
   7 : 5 6 3 56 89 125 462
 ... : 5 6 3 56 97 157 576
 ... : 5 6 3 56 103 170 629
   8 : 5 6 3 56 98 124 261 431
 ... : 5 6 3 56 95 117 218 593
   9 : 3 5 4 51 63 62 80 337 343
 ... : 3 5 4 51 63 62 80 369 541
 ... : 3 5 4 51 63 62 80 398 720
 ... : 3 5 4 51 63 62 80 425 855
 ... : 3 5 4 51 63 62 81 438 951
  10 : 3 5 4 51 61 62 79 405 649 336
 ... : 3 5 4 51 61 62 79 405 760 536
 ... : 3 5 4 51 61 62 79 405 781 737
 ... : 3 5 4 51 61 62 79 405 815 939
 ... : 3 5 4 51 61 62 79 405 854 1140
 ... : 3 5 4 51 61 62 79 405 870 1341
 ... : 3 5 4 51 61 62 79 405 901 1542
 ... : 3 5 4 51 61 62 79 405 915 1743
 ... : 3 5 4 51 61 62 79 405 948 1926
 ... : 3 5 4 51 63 62 80 409 981 2048
 ... : 3 5 4 51 63 62 80 413 1002 2224
 ... : 3 5 4 51 64 62 81 417 1026 2381
 ... : 3 5 4 51 64 62 81 420 1058 2527
 ... : 3 5 4 51 64 62 81 419 1079 2696
 ... : 3 5 4 51 64 62 81 423 1101 2841
  11 : 3 5 4 51 63 60 81 399 735 2877 274
 ... : 3 5 4 51 63 60 81 399 735 3025 471
 ... : 3 5 4 51 63 60 81 399 735 3191 672
 ... : 3 5 4 51 63 60 81 399 735 3320 875
 ... : 3 5 4 51 63 60 81 399 735 3438 1072
 ... : 3 5 4 51 63 60 81 399 735 3591 1272
 ... : 3 5 4 51 63 60 81 399 735 3739 1474
 ... : 3 5 4 51 63 60 81 399 735 3839 1675
 ... : 3 5 4 51 63 60 81 399 735 3941 1876
 ... : 3 5 4 51 63 60 81 399 735 4027 2065
 ... : 3 5 4 51 63 60 81 399 735 4093 2266
 ... : 3 5 4 51 63 60 81 399 735 4139 2467
 ... : 3 5 4 51 63 60 81 399 735 4233 2668
 ... : 3 5 4 51 63 60 81 399 735 4278 2869
 ... : 3 5 4 51 63 60 81 399 735 4328 3070
 ... : 3 5 4 51 63 60 81 399 735 4361 3270
 ... : 3 5 4 51 63 60 81 399 735 4410 3471
 ... : 3 5 4 51 63 60 81 399 735 4458 3665
 ... : 3 5 4 51 63 60 81 399 735 4513 3857
 ... : 3 5 4 51 63 60 81 399 735 4553 4057
 ... : 3 5 4 51 63 60 81 399 735 4576 4257
 ... : 3 5 4 51 63 60 81 399 735 4629 4458
 ... : 3 5 4 51 63 60 81 399 735 4694 4658
 ... : 3 5 4 51 63 60 81 399 735 4720 4859
 ... : 3 5 4 51 63 60 81 399 735 4811 5053
 ... : 3 5 4 51 63 60 81 399 735 4881 5254
 ... : 3 5 4 51 63 60 81 399 735 4896 5455
 ... : 3 5 4 51 63 60 81 399 735 4925 5656
 ... : 3 5 4 51 63 60 81 399 735 4943 5857
 ... : 3 5 4 51 63 60 81 399 735 4979 6058
 ... : 3 5 4 51 63 60 81 399 735 5019 6259
 ... : 3 5 4 51 63 60 81 399 735 5042 6410
 ... : 3 5 4 51 63 60 81 399 735 5080 6597
 ... : 3 5 4 51 63 60 81 399 735 5104 6796
 ... : 3 5 4 51 63 60 81 400 738 5146 6964
 ... : 3 5 4 51 63 60 81 400 738 5173 7167
 ... : 3 5 4 51 63 60 81 400 738 5207 7368
 ... : 3 5 4 51 63 60 81 400 740 5237 7537
 ... : 3 5 4 51 63 60 81 400 740 5254 7738
 ... : 3 5 4 51 63 60 81 400 740 5259 7939
 ... : 3 5 4 51 63 60 81 400 739 5287 8139
 ... : 3 5 4 51 63 60 81 400 739 5312 8340
 ... : 3 5 4 51 63 60 81 400 739 5319 8541
 ... : 3 5 4 51 63 60 81 400 739 5344 8737
  12 : 3 5 4 51 63 55 78 380 688 5138 8151 881
 ... : 3 5 4 51 63 55 78 380 688 5138 8924 1088
 ... : 3 5 4 51 63 55 78 380 688 5138 9483 1314
 ... : 3 5 4 51 63 55 78 380 688 5138 10010 1519
 ... : 3 5 4 51 63 55 78 380 688 5138 10515 1724
 ... : 3 5 4 51 63 55 78 380 688 5138 11542 1925
 ... : 3 5 4 51 63 55 78 380 688 5138 12096 2127
 ... : 3 5 4 51 63 55 78 380 688 5138 12626 2328
 ... : 3 5 4 51 63 55 78 380 688 5138 13407 2531
 ... : 3 5 4 51 63 55 78 380 688 5138 13923 2732
 ... : 3 5 4 51 63 55 78 380 688 5138 14562 2933
 ... : 3 5 4 51 63 55 78 380 688 5138 15058 3134
 ... : 3 5 4 51 63 55 78 380 688 5138 15736 3336
 ... : 3 5 4 51 63 55 78 380 688 5138 16290 3538
 ... : 3 5 4 51 63 55 78 380 688 5138 16803 3744
 ... : 3 5 4 51 63 55 78 380 688 5138 17362 3947
 ... : 3 5 4 51 63 55 78 380 688 5138 17881 4146
 ... : 3 5 4 51 63 55 78 380 687 5137 18210 4348
 ... : 3 5 4 51 63 55 78 380 687 5136 18519 4549
 ... : 3 5 4 51 63 55 78 380 687 5136 18909 4750
 ... : 3 5 4 51 63 55 78 380 687 5136 19319 4943
 ... : 3 5 4 51 63 55 78 380 687 5139 19713 5120
 ... : 3 5 4 51 63 55 78 380 687 5141 20070 5312
 ... : 3 5 4 51 63 55 78 380 687 5141 20277 5513
 ... : 3 5 4 51 63 55 78 380 687 5141 20571 5714
 ... : 3 5 4 51 63 55 78 380 687 5141 20734 5914
 ... : 3 5 4 51 63 55 78 380 687 5140 21007 6114
 ... : 3 5 4 51 63 55 78 380 687 5140 21320 6312
 ... : 3 5 4 51 63 55 78 380 687 5139 21663 6511
 ... : 3 5 4 51 63 55 78 380 687 5139 21980 6710
 ... : 3 5 4 51 63 55 78 380 687 5139 22276 6911
 ... : 3 5 4 51 63 55 78 380 687 5136 22489 7106
 ... : 3 5 4 51 63 55 78 380 688 5143 22885 7278
 ... : 3 5 4 51 63 55 78 380 688 5144 23130 7475
 ... : 3 5 4 51 63 55 78 380 688 5143 23488 7674
 ... : 3 5 4 51 63 55 78 380 688 5143 23648 7853
 ... : 3 5 4 51 63 55 78 380 688 5146 23813 8022
 ... : 3 5 4 51 63 55 78 380 688 5146 23953 8223
 ... : 3 5 4 51 63 55 78 380 688 5146 24359 8425
 ... : 3 5 4 51 63 55 78 380 688 5146 24797 8629
 ... : 3 5 4 51 63 55 78 380 688 5146 25203 8830
 ... : 3 5 4 51 63 55 78 380 688 5146 25511 9028
 ... : 3 5 4 51 63 55 78 380 688 5146 25878 9227
 ... : 3 5 4 51 63 55 78 380 688 5146 26458 9426
 ... : 3 5 4 51 63 55 78 380 688 5146 26624 9627
 ... : 3 5 4 51 63 55 78 380 688 5146 26814 9821
 ... : 3 5 4 51 63 55 78 380 688 5146 27317 10019
 ... : 3 5 4 51 63 55 78 380 688 5146 27580 10220
 ... : 3 5 4 51 63 55 78 380 688 5146 27692 10415
 ... : 3 5 4 51 63 55 78 380 688 5146 27967 10616
 ... : 3 5 4 51 63 55 78 380 688 5148 28159 10788
 ... : 3 5 4 51 63 55 78 380 688 5147 28369 10986
 ... : 3 5 4 51 63 55 78 380 688 5147 28499 11185
 ... : 3 5 4 51 63 55 78 380 688 5147 28764 11385
 ... : 3 5 4 51 63 55 78 380 688 5147 29160 11584
 ... : 3 5 4 51 63 55 78 380 688 5147 29693 11785
 ... : 3 5 4 51 63 55 78 380 688 5147 29871 11986
 ... : 3 5 4 51 63 55 78 380 688 5147 30389 12186
 ... : 3 5 4 51 63 55 78 380 688 5147 30714 12387
 ... : 3 5 4 51 63 55 78 380 688 5147 31060 12589
 ... : 3 5 4 51 63 55 78 380 688 5147 31195 12748
 ... : 3 5 4 51 63 55 78 380 688 5147 31370 12943
 ... : 3 5 4 51 63 55 78 380 689 5152 31532 13124
 ... : 3 5 4 51 63 55 78 380 689 5152 31742 13309
 ... : 3 5 4 51 63 55 78 380 689 5152 31965 13507
 ... : 3 5 4 51 63 55 78 380 689 5152 32566 13708
 ... : 3 5 4 51 63 55 78 380 689 5152 32802 13905
 ... : 3 5 4 51 63 55 78 380 689 5152 33655 14106
 ... : 3 5 4 51 63 55 78 380 689 5152 34320 14306
 ... : 3 5 4 51 63 55 78 380 689 5152 34589 14487
 ... : 3 5 4 51 63 55 78 380 689 5152 34787 14656
 ... : 3 5 4 51 63 55 78 380 689 5152 34938 14839
 ... : 3 5 4 51 63 55 78 380 689 5152 35177 15041
 ... : 3 5 4 51 63 55 78 380 689 5152 35636 15243
 ... : 3 5 4 51 63 55 78 380 689 5152 36258 15444
 ... : 3 5 4 51 63 55 78 380 689 5152 36970 15631
