initialized model with 933 latches, 364 inputs and 1 properties
tsim: performed 17 steps
tsim: found cycle from 15
checking bound 0
checking bound 1
checking bound 2
tdecomp: unrolling 2 cycles
tsim: performed 15 steps
tsim: found cycle from 13
tsim: found 1 constants and 0 latch equivalences
tdecomp: (933, 1456) -> (932, 334)
   2 : 5 0
   3 : 3 40 23
   4 : 3 39 12 12
 ... : 3 39 138 206
   5 : 3 39 107 203 64
   6 : 3 39 107 107 181 54
 ... : 3 41 146 175 258 200
 ... : 3 43 185 313 431 286
 ... : 3 45 221 454 583 320
 ... : 3 46 228 590 989 408
 ... : 2 46 236 660 1243 478
 ... : 2 46 243 726 1338 529
 ... : 2 45 249 760 1349 581
 ... : 2 45 253 785 1446 665
 ... : 2 40 215 607 1368 680
 ... : 2 37 205 529 1241 750
 ... : 2 35 185 438 1019 730
 ... : 2 34 156 335 757 794
   7 : 2 2 10 68 186 222 514
 ... : 2 2 10 68 178 266 612
 ... : 2 2 10 67 164 311 744
   8 : 2 2 10 67 157 273 447 409
 ... : 2 2 10 67 156 273 460 624
 ... : 2 2 10 68 152 268 471 817
   9 : 2 2 10 58 79 132 126 522 386
 ... : 2 2 10 58 78 131 126 547 585
 ... : 2 2 10 58 75 128 124 566 785
 ... : 2 2 10 58 75 127 124 571 985
 ... : 2 2 10 58 75 127 125 583 1051
  10 : 2 2 10 58 74 120 122 521 873 314
 ... : 2 2 10 58 74 120 122 521 963 515
 ... : 2 2 10 58 74 120 122 522 1061 713
 ... : 2 2 10 58 74 120 122 524 1125 898
 ... : 2 2 10 58 74 120 123 526 1174 1059
 ... : 2 2 10 58 74 120 123 526 1222 1263
 ... : 2 2 10 58 74 120 123 528 1305 1455
 ... : 2 2 10 58 74 119 123 529 1377 1632
 ... : 2 2 10 58 74 119 123 529 1413 1808
 ... : 2 2 10 58 74 119 123 528 1437 2007
 ... : 2 2 10 58 74 119 122 527 1449 2168
 ... : 2 2 10 59 75 120 124 540 1501 2255
 ... : 2 2 10 65 76 121 126 565 1535 2294
 ... : 2 2 10 65 79 124 129 585 1565 2349
 ... : 2 2 10 65 80 125 130 603 1614 2419
 ... : 2 2 10 65 80 125 130 603 1638 2613
 ... : 2 2 10 65 80 125 130 606 1677 2803
 ... : 2 2 10 65 80 125 130 606 1680 3003
  11 : 2 2 10 64 66 122 125 590 1421 3101 215
 ... : 2 2 10 64 66 122 123 589 1419 3424 415
 ... : 2 2 10 64 66 122 123 589 1419 3598 617
 ... : 2 2 10 64 66 122 123 589 1419 3733 817
 ... : 2 2 10 64 66 122 123 589 1419 3943 1018
 ... : 2 2 10 64 66 122 123 589 1419 4008 1220
 ... : 2 2 10 64 66 122 123 589 1419 4025 1422
 ... : 2 2 10 64 66 122 123 589 1419 4068 1624
 ... : 2 2 10 64 66 122 123 589 1419 4137 1825
 ... : 2 2 10 64 66 122 123 589 1419 4209 2026
 ... : 2 2 10 64 66 122 123 589 1419 4268 2227
 ... : 2 2 10 64 66 122 123 589 1419 4332 2428
 ... : 2 2 10 64 66 122 123 589 1419 4389 2630
 ... : 2 2 10 64 66 122 123 589 1419 4452 2831
 ... : 2 2 10 64 66 122 123 589 1419 4523 3032
 ... : 2 2 10 64 66 122 123 589 1419 4618 3233
 ... : 2 2 10 64 66 122 123 589 1419 4712 3434
 ... : 2 2 10 64 66 122 123 598 1460 4789 3503
 ... : 2 2 10 64 66 122 123 616 1510 4910 3564
 ... : 2 2 10 64 66 122 123 622 1547 5006 3628
 ... : 2 2 10 64 66 122 123 624 1562 5067 3772
 ... : 2 2 10 64 66 122 123 624 1561 5119 3974
 ... : 2 2 10 64 66 122 123 624 1561 5231 4175
 ... : 2 2 10 64 66 122 123 624 1561 5336 4377
 ... : 2 2 10 64 66 122 123 624 1561 5391 4577
 ... : 2 2 10 64 66 122 123 624 1561 5486 4779
 ... : 2 2 10 64 66 122 123 624 1561 5549 4981
 ... : 2 2 10 64 66 122 123 624 1564 5603 5161
 ... : 2 2 10 64 66 122 123 626 1574 5659 5264
 ... : 2 2 10 64 66 122 123 626 1575 5702 5447
 ... : 2 2 10 64 66 122 123 626 1582 5758 5562
 ... : 2 2 10 64 66 122 123 626 1585 5781 5752
 ... : 2 2 10 64 66 122 123 626 1585 5822 5953
 ... : 2 2 10 64 66 122 123 626 1585 5856 6154
 ... : 2 2 10 64 66 122 123 626 1585 5969 6355
 ... : 2 2 10 64 66 122 123 626 1585 6039 6556
 ... : 2 2 10 64 66 122 123 626 1585 6089 6757
 ... : 2 2 10 64 66 122 123 626 1585 6131 6958
 ... : 2 2 10 64 66 122 123 626 1585 6168 7155
 ... : 2 2 10 64 66 122 123 626 1585 6213 7356
 ... : 2 2 10 64 66 122 123 626 1585 6223 7557
 ... : 2 2 10 64 66 122 123 626 1585 6247 7758
 ... : 2 2 10 64 66 122 123 626 1585 6270 7960
 ... : 2 2 10 64 66 122 123 626 1585 6312 8157
 ... : 2 2 10 64 66 122 123 628 1588 6345 8347
 ... : 2 2 10 64 66 122 123 628 1587 6381 8545
 ... : 2 2 10 64 66 122 123 628 1591 6445 8726
 ... : 2 2 10 64 66 122 123 628 1614 6508 8800
 ... : 2 2 10 64 66 122 123 626 1611 6572 8874
 ... : 2 2 10 64 66 122 123 626 1614 6601 9063
 ... : 2 2 10 64 66 122 123 626 1613 6647 9264
 ... : 2 2 10 64 66 122 123 626 1613 6742 9461
 ... : 2 2 10 64 66 122 123 626 1613 6804 9661
 ... : 2 2 10 64 66 122 123 626 1613 6835 9836
 ... : 2 2 10 64 66 122 123 626 1613 6897 10036
 ... : 2 2 10 64 66 122 123 626 1612 6934 10237
 ... : 2 2 10 64 66 122 123 626 1612 6974 10436
 ... : 2 2 10 64 66 122 123 626 1612 6985 10636
 ... : 2 2 10 64 66 122 123 626 1612 7016 10836
 ... : 2 2 10 64 66 122 123 626 1611 7057 11036
 ... : 2 2 10 64 66 122 123 626 1611 7092 11231
 ... : 2 2 10 64 66 122 123 626 1611 7127 11432
 ... : 2 2 10 64 66 122 123 626 1611 7124 11633
 ... : 2 2 10 64 66 122 123 627 1615 7186 11823
 ... : 2 2 10 64 66 122 123 627 1615 7281 12022
 ... : 2 2 10 64 66 122 123 627 1615 7326 12223
 ... : 2 2 10 64 66 122 123 627 1615 7330 12424
 ... : 2 2 10 64 66 122 123 627 1614 7351 12621
 ... : 2 2 10 64 66 122 123 627 1614 7378 12822
 ... : 2 2 10 64 66 122 123 627 1614 7401 13023
 ... : 2 2 10 64 66 122 123 627 1614 7408 13224
 ... : 2 2 10 64 66 122 123 627 1613 7424 13424
 ... : 2 2 10 64 66 122 123 627 1619 7521 13508
 ... : 2 2 10 64 66 122 123 627 1633 7618 13622
 ... : 2 2 10 64 66 122 123 627 1634 7653 13815
 ... : 2 2 10 64 66 122 123 627 1634 7664 14016
 ... : 2 2 10 64 66 122 123 627 1634 7668 14213
 ... : 2 2 10 64 66 122 123 627 1633 7690 14411
  12 : 2 2 10 63 34 61 108 623 1430 7455 14339 616
 ... : 2 2 10 63 34 61 108 623 1430 7455 15173 815
 ... : 2 2 10 63 34 61 108 623 1430 7455 15690 1015
 ... : 2 2 10 63 34 61 108 623 1430 7455 16169 1218
 ... : 2 2 10 63 34 61 108 623 1430 7455 16654 1419
 ... : 2 2 10 63 34 61 108 623 1430 7455 17151 1621
 ... : 2 2 10 63 34 61 108 623 1430 7455 17737 1822
 ... : 2 2 10 63 34 61 108 623 1430 7455 18404 2033
 ... : 2 2 10 63 34 61 108 623 1430 7455 18852 2234
 ... : 2 2 10 63 34 61 108 623 1430 7455 18980 2436
 ... : 2 2 10 63 34 61 108 623 1430 7455 19434 2648
 ... : 2 2 10 63 34 61 108 623 1430 7455 19667 2852
 ... : 2 2 10 63 34 61 108 623 1430 7455 19706 3053
 ... : 2 2 10 63 34 61 108 623 1430 7455 20279 3261
 ... : 2 2 10 63 34 61 108 623 1430 7455 20867 3478
 ... : 2 2 10 63 34 61 108 623 1430 7455 21374 3683
 ... : 2 2 10 63 34 61 108 623 1430 7455 21755 3887
 ... : 2 2 10 63 34 61 108 623 1430 7455 22402 4091
 ... : 2 2 10 63 34 61 108 623 1430 7455 22683 4292
 ... : 2 2 10 63 34 61 108 623 1430 7455 22953 4494
 ... : 2 2 10 63 34 61 108 623 1430 7455 23156 4696
 ... : 2 2 10 63 34 61 108 623 1430 7455 23291 4897
 ... : 2 2 10 63 34 61 108 623 1430 7455 23696 5096
 ... : 2 2 10 63 34 61 108 623 1430 7455 24019 5298
 ... : 2 2 10 63 34 61 108 623 1430 7455 24235 5498
