initialized model with 933 latches, 364 inputs and 1 properties
tsim: performed 17 steps
tsim: found cycle from 15
checking bound 0
checking bound 1
checking bound 2
tdecomp: unrolling 2 cycles
tsim: performed 15 steps
tsim: found cycle from 13
tsim: found 1 constants and 0 latch equivalences
tdecomp: (933, 1456) -> (932, 338)
 ... : 200
   2 : 164 105
   3 : 9 51 293
   4 : 9 51 105 209
   5 : 9 24 69 285 145
 ... : 9 23 61 312 310
   6 : 7 14 47 141 257 240
 ... : 7 14 46 132 300 396
 ... : 7 13 44 132 333 531
 ... : 7 13 35 125 332 570
   7 : 5 10 8 53 144 326 359
 ... : 5 10 9 53 146 357 499
 ... : 5 10 11 55 148 376 568
   8 : 5 8 11 42 57 233 363 301
 ... : 5 8 11 42 56 233 424 503
 ... : 5 8 11 42 59 234 462 628
   9 : 5 8 11 42 57 229 333 388 336
 ... : 5 8 11 42 57 229 333 494 529
 ... : 5 8 11 42 57 229 333 581 732
 ... : 5 8 11 42 59 230 337 622 886
  10 : 5 8 9 39 54 109 323 449 759 340
 ... : 5 8 9 39 54 109 323 449 874 548
 ... : 5 8 9 39 54 109 323 449 984 752
 ... : 5 8 9 39 54 109 323 449 1025 955
 ... : 5 8 9 39 54 109 323 449 1104 1162
 ... : 5 8 9 39 54 109 323 449 1171 1364
 ... : 5 8 9 39 54 109 322 444 1262 1565
 ... : 5 8 9 39 54 109 322 444 1300 1766
 ... : 5 8 9 39 54 109 322 444 1359 1966
 ... : 5 8 9 39 54 109 319 439 1405 2065
 ... : 5 8 9 39 54 109 319 437 1433 2254
  11 : 5 3 4 35 40 55 160 306 994 2078 273
 ... : 5 3 4 35 40 55 160 306 993 2453 473
 ... : 5 3 4 35 40 55 160 306 992 2571 674
 ... : 5 3 4 35 40 55 160 306 992 2834 875
 ... : 5 3 4 35 40 55 160 306 992 2987 1076
 ... : 5 3 4 35 40 55 160 306 992 3166 1277
 ... : 5 3 4 35 40 55 160 306 992 3222 1479
 ... : 5 3 4 35 40 55 160 306 992 3283 1681
 ... : 5 3 4 35 40 55 160 306 992 3391 1882
 ... : 5 3 4 35 40 55 160 306 991 3482 2083
 ... : 5 3 4 35 40 55 160 306 991 3539 2284
 ... : 5 3 4 35 40 55 160 306 991 3628 2484
 ... : 5 3 4 35 40 55 160 306 990 3738 2685
 ... : 5 3 4 35 40 55 160 306 989 3804 2886
 ... : 5 3 4 35 40 55 160 306 989 3877 3087
 ... : 5 3 4 35 40 55 160 306 989 3969 3288
 ... : 5 3 4 35 40 55 160 306 989 4037 3486
 ... : 5 3 4 35 40 55 160 306 989 4121 3687
 ... : 5 3 4 35 40 55 160 306 989 4164 3888
 ... : 5 3 4 35 40 55 160 306 989 4220 4088
 ... : 5 3 4 35 40 55 160 306 990 4278 4286
 ... : 5 3 4 35 40 55 160 306 990 4353 4487
 ... : 5 3 4 35 40 55 160 306 990 4441 4688
 ... : 5 3 4 35 40 55 160 306 990 4523 4889
 ... : 5 3 4 35 40 55 160 306 990 4554 5009
 ... : 5 3 4 35 40 55 160 307 998 4582 5165
 ... : 5 3 4 35 40 55 160 307 997 4616 5367
 ... : 5 3 4 35 40 55 160 307 997 4661 5479
  12 : 5 3 4 35 39 51 104 281 674 3818 5696 601
 ... : 5 3 4 35 39 51 104 281 674 3818 6299 805
 ... : 5 3 4 35 39 51 104 281 674 3818 7135 1011
 ... : 5 3 4 35 39 51 104 281 674 3817 7808 1217
 ... : 5 3 4 35 39 51 104 281 674 3816 8496 1418
 ... : 5 3 4 35 39 51 104 281 674 3816 9114 1625
 ... : 5 3 4 35 39 51 104 281 674 3816 9889 1829
 ... : 5 3 4 35 39 51 104 281 674 3816 10263 2031
 ... : 5 3 4 35 39 51 104 281 674 3816 10746 2232
 ... : 5 3 4 35 39 51 104 281 674 3816 11329 2437
 ... : 5 3 4 35 39 51 104 281 674 3815 11597 2642
 ... : 5 3 4 35 39 51 104 281 674 3815 12020 2843
 ... : 5 3 4 35 39 51 104 281 674 3815 12525 3045
 ... : 5 3 4 35 39 51 104 281 674 3815 12917 3246
 ... : 5 3 4 35 39 51 104 281 674 3815 13515 3453
 ... : 5 3 4 35 39 51 104 281 674 3815 13903 3654
 ... : 5 3 4 35 39 51 104 281 674 3815 14329 3857
 ... : 5 3 4 35 39 51 104 281 674 3815 14522 4061
 ... : 5 3 4 35 39 51 104 281 674 3815 14831 4263
 ... : 5 3 4 35 39 51 104 281 674 3815 15197 4462
 ... : 5 3 4 35 39 51 104 281 674 3815 15368 4662
 ... : 5 3 4 35 39 51 104 281 674 3815 15836 4865
 ... : 5 3 4 35 39 51 104 281 674 3815 16356 5061
 ... : 5 3 4 35 39 51 104 281 674 3815 16578 5263
 ... : 5 3 4 35 39 51 104 281 674 3814 16798 5462
 ... : 5 3 4 35 39 51 104 281 674 3814 17147 5665
 ... : 5 3 4 35 39 51 104 281 674 3814 17416 5865
 ... : 5 3 4 35 39 51 104 281 674 3814 17547 6067
 ... : 5 3 4 35 39 51 104 281 674 3814 17764 6268
 ... : 5 3 4 35 39 51 104 281 674 3814 17997 6469
 ... : 5 3 4 35 39 51 104 281 674 3814 18212 6671
 ... : 5 3 4 35 39 51 104 281 674 3814 18429 6875
 ... : 5 3 4 35 39 51 104 281 674 3814 18786 7076
 ... : 5 3 4 35 39 51 104 281 678 3824 18993 7237
 ... : 5 3 4 35 39 51 104 281 678 3824 19184 7439
 ... : 5 3 4 35 39 51 104 281 678 3824 19452 7640
 ... : 5 3 4 35 39 51 104 281 678 3826 19790 7833
 ... : 5 3 4 35 39 51 104 281 678 3827 19955 7959
 ... : 5 3 4 35 39 51 104 281 678 3831 20134 8116
 ... : 5 3 4 35 39 51 104 281 678 3833 20252 8236
 ... : 5 3 4 35 39 51 104 281 678 3835 20396 8386
 ... : 5 3 4 35 39 51 104 281 678 3838 20525 8536
 ... : 5 3 4 35 39 51 104 281 678 3839 20638 8685
 ... : 5 3 4 35 39 51 104 281 681 3851 20811 8852
 ... : 5 3 4 35 39 51 104 281 681 3851 21135 9053
 ... : 5 3 4 35 39 51 104 281 681 3852 21541 9250
  13 : 5 3 4 35 38 52 103 280 669 3844 19930 9151 1967
 ... : 5 3 4 35 38 52 103 280 669 3844 19931 10110 2227
 ... : 5 3 4 35 38 52 103 280 669 3844 19930 11051 2451
 ... : 5 3 4 35 38 52 103 280 669 3844 19938 11478 2665
 ... : 5 3 4 35 38 52 103 280 669 3844 19938 11913 2892
 ... : 5 3 4 35 38 52 103 280 669 3844 19938 13737 3119
 ... : 5 3 4 35 38 52 103 280 669 3844 19938 14877 3332
 ... : 5 3 4 35 38 52 103 280 669 3844 19938 16614 3564
 ... : 5 3 4 35 38 52 103 280 669 3844 19937 17508 3794
 ... : 5 3 4 35 38 52 103 280 669 3844 19936 18807 4004
 ... : 5 3 4 35 38 52 103 280 669 3844 19936 19422 4220
 ... : 5 3 4 35 38 52 103 280 669 3844 19936 20222 4427
 ... : 5 3 4 35 38 52 103 280 669 3844 19938 20613 4628
 ... : 5 3 4 35 38 52 103 280 669 3844 19938 21422 4840
 ... : 5 3 4 35 38 52 103 280 669 3844 19938 22241 5048
 ... : 5 3 4 35 38 52 103 280 669 3844 19938 22861 5258
 ... : 5 3 4 35 38 52 103 280 669 3844 19937 23299 5467
 ... : 5 3 4 35 38 52 103 280 669 3844 19937 24214 5681
 ... : 5 3 4 35 38 52 103 280 669 3844 19937 24746 5890
 ... : 5 3 4 35 38 52 103 280 669 3844 19937 26001 6105
 ... : 5 3 4 35 38 52 103 280 669 3844 19937 26894 6319
 ... : 5 3 4 35 38 52 103 280 669 3844 19937 27281 6522
 ... : 5 3 4 35 38 52 103 280 669 3844 19937 27880 6750
