initialized model with 3519 latches, 1071 inputs and 1 properties
tsim: performed 9 steps
tsim: found cycle from 7
checking bound 0
checking bound 1
checking bound 2
tdecomp: unrolling 2 cycles
tsim: performed 7 steps
tsim: found cycle from 5
tsim: found 2 constants and 0 latch equivalences
tdecomp: (3519, 4284) -> (3447, 2758)
 ... : 200
 ... : 401
 ... : 602
 ... : 803
 ... : 1004
 ... : 1205
 ... : 1406
 ... : 1607
 ... : 1808
tdecomp: completing cex trace with 2 initial steps
seqsimpl: completing cex trace with simulation
num_solve_calls = 820008
num_solve_sat_calls = 217582
num_solve_unsat_calls = 2697
num_solve_approx_calls = 801684
num_solve_approx_unsat_calls = 591047
num_solve_conflicts = 16163
num_solve_decisions = 40202383
num_solve_propagations = 1308154842
avg_solve_conflicts = 1
avg_solve_decisions = 50
avg_solve_propagations = 1596
avg_solve_unsat_decisions = 0.094
stddev_solve_unsat_decisions = 2.581
num_added_cubes = 1906
num_subsumed_cubes = 0
num_mic_down_calls = 3057
num_mic_down_good = 791
num_added_ctgs = 0
num_gc_frame = 1
num_reset = 0
num_try_blocking = 3237
get_bad_cube_time = 73.834
rec_block_cube_time = 129.269
propagate_forward_time = 0.000
generalize_model_time = 34.372
generalize_and_push_time = 6.447
ctg_time = 0.437
try_blocking_time = 125.585
reset_time = 0.000
clausify_time = 2.174
preprocess_time = 0.091
solve_time = 184.066
solve_sat_time = 137.275
solve_unsat_time = 46.791
prove_time = 205.212
memory_used_mb = 118
total_time = 206.607
Unsafe
