initialized model with 13594 latches, 13729 inputs and 1 properties
tsim: performed 14 steps
tsim: found cycle from 12
tsim: found 2 constants and 0 latch equivalences
seqsimpl: (13594, 13729) -> (13541, 13721)
checking bound 0
checking bound 1
checking bound 2
tdecomp: unrolling 2 cycles
tsim: performed 12 steps
tsim: found cycle from 10
tsim: found 1 constants and 0 latch equivalences
tdecomp: (13541, 54884) -> (13540, 34483)
   2 : 1 0
   3 : 1 1 0
   4 : 1 1 1 139
   5 : 1 1 1 1 139
   6 : 1 1 1 1 58 98
 ... : 1 1 1 1 71 298
 ... : 1 1 1 1 71 499
 ... : 1 1 1 1 68 700
 ... : 1 1 1 1 68 904
 ... : 1 1 1 1 68 1105
 ... : 1 1 1 1 68 1306
 ... : 1 1 1 1 68 1507
 ... : 1 1 1 1 68 1708
 ... : 1 1 1 1 68 1909
   7 : 1 1 1 1 68 1620 456
 ... : 1 1 1 1 68 1662 683
 ... : 1 1 1 1 68 1753 892
 ... : 1 1 1 1 68 1863 1112
 ... : 1 1 1 1 68 1936 1321
