initialized model with 3519 latches, 1071 inputs and 1 properties
tsim: performed 9 steps
tsim: found cycle from 7
checking bound 0
checking bound 1
checking bound 2
tdecomp: unrolling 2 cycles
tsim: performed 7 steps
tsim: found cycle from 5
tsim: found 2 constants and 0 latch equivalences
tdecomp: (3519, 4284) -> (3467, 2793)
 ... : 200
 ... : 401
 ... : 602
 ... : 803
 ... : 1004
 ... : 1205
 ... : 1406
 ... : 1607
 ... : 1808
   2 : 934 1065
 ... : 882 1267
   3 : 697 808 786
 ... : 694 816 994
 ... : 693 821 1232
 ... : 692 824 1462
   4 : 692 636 430 1309
 ... : 692 636 432 1537
 ... : 692 636 440 1751
   5 : 692 628 376 478 1475
 ... : 691 623 362 484 1679
   6 : 691 620 339 374 750 1130
 ... : 691 620 339 372 850 1396
 ... : 691 620 339 372 718 1600
 ... : 691 620 339 363 790 1905
 ... : 691 620 339 357 1038 2284
 ... : 691 620 339 349 1226 2609
 ... : 691 620 339 349 1394 2953
   7 : 691 620 339 348 922 1155 2272
 ... : 691 620 339 347 912 1083 2497
 ... : 691 620 339 347 908 981 2727
 ... : 691 620 339 347 898 1112 3131
 ... : 691 620 339 347 895 1170 3493
 ... : 691 620 339 347 893 1254 3925
 ... : 691 620 339 347 887 1375 4494
 ... : 691 620 339 347 884 1498 5028
 ... : 691 620 339 347 883 1602 5435
 ... : 691 620 339 347 882 1673 5841
   8 : 691 619 339 345 685 1245 682 6241
   9 : 691 619 339 345 684 1241 646 853 5688
 ... : 691 619 339 345 684 1241 645 861 6256
 ... : 691 619 339 345 684 1241 644 871 6750
 ... : 691 619 339 345 684 1241 642 863 7202
 ... : 691 619 339 345 684 1241 642 867 7603
 ... : 691 619 339 345 684 1241 641 870 8018
 ... : 691 619 339 345 684 1241 641 872 8445
 ... : 691 619 339 345 684 1241 640 880 8843
 ... : 691 619 339 345 684 1241 639 888 9272
 ... : 691 619 339 345 684 1241 636 902 9690
 ... : 691 619 339 345 684 1241 636 906 10042
 ... : 691 619 339 345 684 1241 635 906 10367
 ... : 691 619 339 345 684 1241 632 915 10814
 ... : 691 619 339 345 684 1241 623 939 11202
 ... : 691 619 339 345 684 1241 622 965 11569
 ... : 691 619 339 345 684 1241 622 966 11862
 ... : 691 619 339 345 684 1241 621 978 12198
 ... : 691 619 339 345 684 1241 620 978 12497
 ... : 691 619 339 345 684 1241 619 978 12801
 ... : 691 619 339 345 684 1241 619 978 13152
 ... : 691 619 339 345 684 1241 617 974 13457
 ... : 691 619 339 345 684 1241 616 1013 13825
 ... : 691 619 339 345 684 1241 616 1019 14204
 ... : 691 619 339 345 684 1241 616 1019 14419
 ... : 691 619 339 345 684 1241 615 1025 14703
 ... : 691 619 339 345 684 1241 614 1026 15067
 ... : 691 619 339 345 684 1241 614 1026 15369
 ... : 691 619 339 345 684 1241 614 1028 15794
 ... : 691 619 339 345 684 1241 614 1030 16062
 ... : 691 619 339 345 684 1241 614 1030 16278
 ... : 691 619 339 345 684 1241 614 1030 16538
 ... : 691 619 339 345 684 1241 614 1031 16786
 ... : 691 619 339 345 684 1241 614 1031 17071
 ... : 691 619 339 345 684 1241 614 1061 17372
 ... : 691 619 339 345 684 1241 614 1060 17629
 ... : 691 619 339 345 684 1241 614 1060 17900
 ... : 691 619 339 345 684 1241 614 1061 18203
 ... : 691 619 339 345 684 1241 614 1061 18457
 ... : 691 619 339 345 684 1241 612 1067 18796
 ... : 691 619 339 345 684 1241 612 1067 19038
 ... : 691 619 339 345 684 1241 612 1070 19307
 ... : 691 619 339 345 684 1241 612 1071 19554
 ... : 691 619 339 345 684 1241 612 1075 19804
 ... : 691 619 339 345 684 1241 612 1075 20073
 ... : 691 619 339 345 684 1241 611 1084 20316
 ... : 691 619 339 345 684 1241 611 1089 20608
 ... : 691 619 339 345 684 1241 611 1090 20863
 ... : 691 619 339 345 684 1241 610 1091 21088
