initialized model with 25715 latches, 15127 inputs and 1 properties
tsim: performed 19 steps
tsim: found cycle from 17
tsim: found 5 constants and 121 latch equivalences
seqsimpl: found 292 latch equivalences
seqsimpl: (25715, 15127) -> (24915, 15127)
checking bound 0
checking bound 1
checking bound 2
tdecomp: unrolling 2 cycles
tsim: performed 17 steps
tsim: found cycle from 15
tsim: found 2 constants and 0 latch equivalences
tdecomp: (24915, 60508) -> (24913, 39751)
 ... : 200
 ... : 401
 ... : 602
 ... : 803
 ... : 1004
 ... : 1205
 ... : 1406
 ... : 1607
 ... : 1808
 ... : 2009
 ... : 2210
   2 : 1398 848
 ... : 1559 1051
