initialized model with 3519 latches, 1071 inputs and 1 properties
tsim: performed 9 steps
tsim: found cycle from 7
checking bound 0
checking bound 1
checking bound 2
tdecomp: unrolling 2 cycles
tsim: performed 7 steps
tsim: found cycle from 5
tsim: found 2 constants and 0 latch equivalences
tdecomp: (3519, 4284) -> (3464, 2769)
 ... : 200
 ... : 401
 ... : 602
 ... : 803
 ... : 1004
 ... : 1205
 ... : 1406
 ... : 1607
 ... : 1808
   2 : 1109 705
 ... : 1113 906
 ... : 1111 1109
 ... : 1106 1314
 ... : 1102 1515
 ... : 1102 1716
 ... : 1115 1916
 ... : 1124 2114
 ... : 1129 2322
 ... : 1127 2526
 ... : 1127 2731
 ... : 1128 2942
 ... : 1115 3150
 ... : 1092 3354
   3 : 948 1923 1681
 ... : 948 2122 1884
 ... : 948 2214 2090
 ... : 948 2305 2291
 ... : 948 2346 2494
 ... : 948 2368 2696
 ... : 948 2404 2902
 ... : 948 2478 3106
 ... : 948 2516 3307
 ... : 948 2565 3510
 ... : 947 2633 3711
 ... : 947 2786 3915
 ... : 947 2840 4116
 ... : 947 2867 4321
 ... : 947 2937 4525
 ... : 947 3005 4729
 ... : 947 3075 4927
 ... : 947 3188 5134
 ... : 947 3300 5336
 ... : 947 3334 5536
 ... : 947 3395 5737
 ... : 947 3449 5943
 ... : 947 3509 6147
 ... : 947 3610 6352
 ... : 947 3706 6553
 ... : 947 3790 6755
 ... : 947 3844 6955
 ... : 947 3970 7161
 ... : 947 4055 7363
 ... : 946 4137 7559
 ... : 946 4218 7762
 ... : 946 4368 7968
 ... : 946 4498 8164
 ... : 946 4708 8357
 ... : 946 4796 8566
 ... : 946 4864 8772
 ... : 945 4973 8966
 ... : 945 5111 9171
 ... : 945 5235 9382
 ... : 945 5313 9578
 ... : 945 5511 9785
 ... : 945 5631 9984
 ... : 944 5766 10197
 ... : 944 5799 10392
 ... : 943 5772 10600
 ... : 943 5839 10800
 ... : 943 5835 11008
   4 : 935 4561 7779 4399
 ... : 935 4561 7895 4603
 ... : 935 4561 7928 4802
 ... : 935 4561 7957 5007
 ... : 935 4561 8006 5208
 ... : 935 4561 8025 5390
 ... : 935 4561 8040 5600
 ... : 935 4561 8105 5804
 ... : 935 4561 8132 6015
 ... : 935 4561 8207 6223
 ... : 935 4561 8328 6424
 ... : 935 4561 8357 6636
 ... : 935 4561 8374 6829
 ... : 935 4561 8427 7038
 ... : 935 4561 8453 7245
 ... : 935 4561 8520 7444
 ... : 935 4561 8578 7654
 ... : 935 4561 8609 7858
