initialized model with 3519 latches, 1071 inputs and 1 properties
tsim: performed 9 steps
tsim: found cycle from 7
checking bound 0
checking bound 1
checking bound 2
tdecomp: unrolling 2 cycles
tsim: performed 7 steps
tsim: found cycle from 5
tsim: found 2 constants and 0 latch equivalences
tdecomp: (3519, 4284) -> (3468, 2793)
 ... : 200
 ... : 401
 ... : 602
 ... : 803
 ... : 1004
 ... : 1205
 ... : 1406
 ... : 1607
 ... : 1808
   2 : 704 1166
 ... : 717 1367
 ... : 730 1568
 ... : 760 1771
 ... : 777 1972
 ... : 805 2174
 ... : 799 2376
   3 : 711 1241 1263
 ... : 709 1330 1499
 ... : 708 1393 1711
 ... : 706 1461 1912
 ... : 706 1567 2117
   4 : 703 1425 1375 936
   5 : 703 1425 1499 445 706
 ... : 703 1425 1492 596 987
 ... : 703 1425 1491 678 1327
 ... : 703 1425 1490 784 1612
   6 : 703 1423 1470 647 313 1478
 ... : 703 1423 1470 649 330 1711
 ... : 703 1423 1466 669 376 1887
 ... : 703 1423 1467 689 426 2076
 ... : 703 1423 1466 721 512 2320
 ... : 703 1423 1460 733 557 2508
 ... : 703 1423 1458 744 591 2721
 ... : 703 1423 1456 781 658 2960
 ... : 703 1423 1455 791 703 3144
 ... : 703 1423 1452 798 737 3424
 ... : 703 1423 1452 809 761 3581
 ... : 703 1423 1452 823 794 3756
 ... : 703 1423 1452 835 826 3911
 ... : 703 1422 1452 855 868 4076
 ... : 703 1422 1452 863 906 4270
 ... : 703 1422 1452 911 986 4449
 ... : 703 1422 1451 986 1112 4678
 ... : 703 1422 1448 1015 1215 4877
 ... : 702 1422 1447 1032 1274 5041
 ... : 702 1422 1447 1043 1311 5166
 ... : 702 1422 1447 1062 1376 5309
 ... : 702 1422 1447 1086 1438 5428
 ... : 702 1422 1447 1105 1471 5572
 ... : 702 1422 1447 1119 1510 5682
 ... : 702 1422 1447 1129 1560 5809
 ... : 702 1422 1447 1140 1596 5903
 ... : 702 1422 1447 1157 1649 6036
 ... : 702 1422 1447 1177 1698 6144
 ... : 702 1422 1447 1189 1819 6365
 ... : 702 1422 1447 1282 1979 6617
 ... : 702 1422 1445 1303 2123 6937
 ... : 702 1422 1445 1314 2195 7044
 ... : 702 1422 1445 1329 2237 7195
 ... : 702 1422 1445 1354 2299 7317
 ... : 702 1422 1445 1368 2357 7414
 ... : 702 1422 1445 1377 2397 7501
 ... : 702 1422 1445 1399 2446 7625
 ... : 702 1422 1436 1428 2525 7780
 ... : 702 1422 1443 1444 2563 7846
 ... : 702 1422 1440 1452 2621 7928
 ... : 702 1422 1436 1464 2675 8041
 ... : 702 1422 1425 1494 2723 8202
 ... : 702 1422 1425 1498 2773 8298
 ... : 702 1422 1422 1502 2832 8405
 ... : 702 1422 1420 1508 2869 8501
 ... : 702 1422 1410 1507 2993 8608
 ... : 702 1422 1406 1513 2963 8684
 ... : 702 1422 1403 1525 3064 8776
 ... : 702 1422 1397 1544 3114 8869
 ... : 702 1422 1383 1552 3306 8999
 ... : 702 1422 1382 1564 3338 9079
 ... : 702 1422 1382 1583 3408 9198
 ... : 702 1422 1382 1587 3457 9296
 ... : 702 1422 1382 1601 3514 9385
 ... : 702 1422 1382 1601 3537 9466
 ... : 702 1422 1381 1602 3539 9531
 ... : 702 1422 1380 1608 3606 9674
 ... : 702 1422 1378 1625 3682 9846
 ... : 702 1422 1375 1646 3741 9987
 ... : 702 1422 1374 1650 3784 10109
 ... : 702 1422 1373 1666 3839 10278
 ... : 702 1422 1373 1682 3942 10461
 ... : 702 1422 1373 1685 3975 10550
 ... : 702 1422 1370 1690 4011 10735
 ... : 702 1422 1369 1701 4043 10838
 ... : 702 1422 1361 1744 4130 11013
 ... : 702 1422 1359 1776 4184 11106
 ... : 702 1422 1359 1810 4271 11227
 ... : 702 1422 1359 1815 4289 11311
 ... : 702 1422 1358 1815 4309 11393
 ... : 702 1422 1357 1822 4373 11500
 ... : 702 1422 1357 1856 4504 11777
 ... : 702 1422 1354 1877 4665 11926
 ... : 702 1422 1352 1932 4877 12138
 ... : 702 1422 1352 1939 4917 12235
 ... : 702 1422 1352 1945 4964 12333
 ... : 702 1422 1351 1949 5018 12386
 ... : 702 1422 1350 1958 5086 12478
 ... : 702 1422 1350 1964 5109 12555
 ... : 702 1422 1349 1963 5128 12661
 ... : 702 1422 1349 1963 5144 12741
 ... : 702 1422 1349 1957 5144 12816
 ... : 702 1422 1348 1958 5157 12903
 ... : 702 1422 1348 1964 5193 12990
 ... : 702 1422 1348 1989 5306 13101
 ... : 702 1422 1347 1991 5410 13363
 ... : 702 1422 1345 2010 5569 13524
 ... : 702 1422 1345 2025 5688 13626
 ... : 702 1422 1345 2034 5732 13721
 ... : 702 1422 1345 2045 5780 13804
 ... : 702 1422 1345 2045 5795 13879
 ... : 702 1421 1344 2043 5824 13988
 ... : 702 1421 1342 2046 5876 14071
 ... : 702 1421 1340 2065 5934 14204
 ... : 702 1421 1340 2072 5912 14275
 ... : 702 1421 1340 2077 5954 14378
 ... : 702 1421 1338 2085 6021 14467
 ... : 702 1421 1336 2094 6131 14578
 ... : 702 1421 1331 2102 6178 14695
 ... : 702 1421 1332 2116 6240 14827
 ... : 702 1421 1332 2119 6274 14902
 ... : 702 1421 1331 2126 6322 14981
 ... : 702 1421 1331 2131 6368 15062
 ... : 702 1421 1331 2133 6405 15141
 ... : 702 1421 1311 2157 6432 15228
 ... : 702 1421 1311 2166 6494 15295
 ... : 702 1421 1311 2169 6533 15369
 ... : 702 1421 1311 2169 6536 15429
 ... : 702 1421 1309 2173 6569 15511
 ... : 702 1421 1309 2179 6618 15587
 ... : 702 1421 1309 2180 6634 15660
 ... : 702 1421 1306 2188 6645 15719
 ... : 702 1421 1306 2189 6621 15791
 ... : 702 1421 1306 2188 6638 15869
 ... : 702 1421 1306 2188 6656 15938
 ... : 702 1421 1305 2189 6662 16013
 ... : 702 1421 1305 2194 6740 16101
 ... : 702 1421 1305 2198 6768 16184
 ... : 702 1421 1305 2198 6794 16278
 ... : 702 1421 1305 2198 6815 16362
 ... : 702 1421 1305 2199 6835 16442
 ... : 702 1421 1304 2198 6873 16534
 ... : 702 1421 1303 2198 6883 16618
 ... : 702 1421 1303 2198 6892 16690
 ... : 702 1421 1303 2198 6908 16780
 ... : 702 1421 1303 2198 6925 16855
 ... : 702 1421 1303 2209 6945 16936
 ... : 701 1421 1302 2212 6975 17037
 ... : 701 1421 1302 2211 6980 17090
 ... : 701 1421 1302 2211 6981 17163
 ... : 701 1421 1300 2219 7012 17259
 ... : 701 1421 1298 2223 7030 17340
 ... : 701 1421 1298 2221 7035 17416
 ... : 701 1421 1298 2223 7070 17494
 ... : 701 1421 1298 2229 7098 17566
 ... : 701 1421 1298 2226 7107 17640
 ... : 701 1421 1298 2228 7122 17723
 ... : 701 1421 1298 2228 7138 17793
 ... : 701 1421 1290 2242 7185 17877
 ... : 701 1421 1281 2260 7303 17927
 ... : 701 1421 1281 2262 7324 18002
 ... : 701 1421 1281 2267 7358 18078
 ... : 701 1421 1281 2268 7504 18246
 ... : 701 1421 1281 2273 7619 18457
 ... : 701 1421 1276 2294 7729 18706
 ... : 701 1421 1276 2296 7797 18865
