initialized model with 3519 latches, 1071 inputs and 1 properties
tsim: performed 9 steps
tsim: found cycle from 7
checking bound 0
checking bound 1
checking bound 2
tdecomp: unrolling 2 cycles
tsim: performed 7 steps
tsim: found cycle from 5
tsim: found 2 constants and 0 latch equivalences
tdecomp: (3519, 4284) -> (3456, 2760)
 ... : 200
 ... : 401
 ... : 602
   2 : 520 139
 ... : 608 339
 ... : 606 539
 ... : 602 741
 ... : 647 945
 ... : 700 1146
 ... : 715 1346
   3 : 657 1174 253
 ... : 655 1344 461
 ... : 654 1466 665
 ... : 653 1610 882
 ... : 651 1705 1097
 ... : 651 1799 1303
 ... : 651 1956 1525
 ... : 650 2048 1730
 ... : 650 2123 1932
 ... : 650 2252 2136
 ... : 649 2326 2340
 ... : 649 2413 2555
 ... : 648 2498 2766
 ... : 645 2569 2969
 ... : 645 2611 3176
 ... : 640 2659 3384
 ... : 638 2689 3590
 ... : 636 2754 3798
 ... : 634 2866 4003
 ... : 632 2902 4211
 ... : 628 2947 4420
 ... : 624 2987 4639
 ... : 616 3028 4863
 ... : 604 3061 5082
   4 : 601 2916 3833 1468
 ... : 601 2916 3911 1706
 ... : 601 2912 3969 1932
 ... : 601 2912 4044 2165
 ... : 601 2912 4185 2396
 ... : 601 2912 4292 2693
 ... : 601 2912 4389 2906
 ... : 601 2912 4467 3146
 ... : 600 2912 4562 3374
 ... : 600 2912 4621 3600
 ... : 600 2912 4671 3831
 ... : 600 2912 4709 4049
 ... : 600 2912 4740 4266
 ... : 600 2912 4756 4483
 ... : 600 2911 4866 4733
 ... : 599 2911 4905 4951
 ... : 599 2911 4990 5175
 ... : 599 2911 5045 5402
 ... : 599 2911 5109 5649
 ... : 599 2910 5128 5878
 ... : 599 2910 5178 6113
 ... : 599 2910 5234 6359
 ... : 599 2910 5273 6610
 ... : 599 2910 5342 6846
 ... : 599 2910 5381 7068
 ... : 599 2910 5420 7299
   5 : 592 2902 4719 4017 4023
 ... : 592 2902 4719 4113 4261
 ... : 592 2902 4718 4252 4495
   6 : 590 2901 4706 4108 872 4156
 ... : 590 2901 4706 4108 1007 4726
 ... : 590 2901 4706 4108 1086 5123
   7 : 587 2899 4709 4098 1040 443 5184
 ... : 587 2899 4709 4098 1036 714 6068
 ... : 587 2899 4709 4098 1036 847 6615
 ... : 587 2899 4709 4098 1036 946 6971
 ... : 587 2899 4709 4098 1036 1026 7550
   8 : 584 2899 4704 4095 1026 982 609 7389
 ... : 584 2899 4704 4095 1026 982 925 7815
 ... : 584 2899 4704 4095 1026 979 1235 8484
 ... : 584 2899 4704 4095 1026 977 1423 9062
 ... : 584 2899 4704 4095 1026 977 1674 9674
 ... : 584 2899 4704 4095 1026 975 1842 10067
 ... : 584 2899 4704 4095 1026 975 1883 10274
 ... : 584 2899 4704 4094 1024 974 1900 10606
   9 : 580 2899 4697 4091 995 966 1726 614 10192
 ... : 580 2899 4697 4091 995 966 1726 746 10534
 ... : 580 2899 4697 4091 995 966 1726 746 10679
 ... : 580 2899 4697 4091 995 966 1726 753 10792
 ... : 580 2899 4697 4091 995 966 1726 770 10954
 ... : 580 2899 4697 4091 995 966 1726 771 11108
 ... : 580 2899 4697 4091 995 966 1726 771 11226
 ... : 580 2899 4697 4091 995 966 1728 779 11357
 ... : 580 2899 4697 4091 995 966 1728 779 11482
 ... : 580 2899 4697 4091 995 966 1729 795 11669
 ... : 580 2899 4697 4091 995 966 1729 809 11785
 ... : 580 2899 4697 4091 995 966 1730 823 11928
 ... : 580 2899 4697 4091 995 966 1730 836 12083
