initialized model with 2915 latches, 1515 inputs and 1 properties
tsim: performed 25 steps
tsim: found cycle from 8
tsim: found 0 constants and 14 latch equivalences
seqsimpl: found 4 latch equivalences
seqsimpl: (2915, 1515) -> (2888, 1515)
checking bound 0
checking bound 1
checking bound 2
tdecomp: unrolling 2 cycles
tsim: performed 23 steps
tsim: found cycle from 6
tsim: found 2 constants and 0 latch equivalences
seqsimpl: found 2 latch equivalences
tdecomp: (2888, 6060) -> (2884, 3540)
 ... : 200
 ... : 401
   2 : 423 125
 ... : 564 325
 ... : 724 526
 ... : 1019 727
   3 : 803 824 290
 ... : 800 1220 490
 ... : 795 1457 699
 ... : 790 1836 910
 ... : 785 2232 1116
 ... : 784 2544 1329
   4 : 762 2330 1398 354
 ... : 762 2322 2373 583
 ... : 762 2318 3120 796
 ... : 762 2313 3699 1010
 ... : 762 2307 4758 1217
 ... : 762 2298 5804 1436
 ... : 762 2292 6341 1657
 ... : 761 2286 7239 1865
 ... : 761 2283 8269 2086
   5 : 749 2197 7493 2804 603
 ... : 749 2197 7485 4066 866
 ... : 749 2197 7483 5220 1106
 ... : 749 2197 7477 7202 1357
 ... : 749 2197 7474 8857 1602
