initialized model with 25715 latches, 15127 inputs and 1 properties
tsim: performed 19 steps
tsim: found cycle from 17
tsim: found 5 constants and 121 latch equivalences
seqsimpl: found 292 latch equivalences
seqsimpl: (25715, 15127) -> (24793, 15127)
checking bound 0
checking bound 1
checking bound 2
tdecomp: unrolling 2 cycles
tsim: performed 17 steps
tsim: found cycle from 15
tsim: found 2 constants and 0 latch equivalences
tdecomp: (24793, 60508) -> (24791, 39751)
   2 : 34 2
 ... : 356 197
 ... : 642 400
 ... : 832 600
 ... : 1005 805
 ... : 1332 997
 ... : 1550 1199
 ... : 1790 1397
   3 : 791 999 1538
 ... : 789 994 1749
