initialized model with 2915 latches, 1515 inputs and 1 properties
tsim: performed 25 steps
tsim: found cycle from 8
tsim: found 0 constants and 14 latch equivalences
seqsimpl: found 4 latch equivalences
seqsimpl: (2915, 1515) -> (2892, 1515)
checking bound 0
checking bound 1
checking bound 2
tdecomp: unrolling 2 cycles
tsim: performed 23 steps
tsim: found cycle from 6
tsim: found 2 constants and 0 latch equivalences
seqsimpl: found 2 latch equivalences
tdecomp: (2892, 6060) -> (2888, 3540)
 ... : 200
   2 : 194 62
 ... : 444 253
 ... : 674 399
 ... : 844 489
   3 : 776 611 151
 ... : 768 1054 352
 ... : 754 2138 545
 ... : 770 2667 685
 ... : 766 3327 882
 ... : 763 3485 981
 ... : 772 3825 1125
   4 : 732 3258 1531 271
 ... : 732 3241 2484 485
 ... : 732 3236 3621 691
 ... : 732 3228 4779 895
 ... : 732 3223 6174 1106
 ... : 729 3222 6737 1270
 ... : 729 3231 7629 1465
 ... : 728 3236 8554 1655
 ... : 728 3241 9345 1821
 ... : 727 3243 10422 2001
   5 : 721 3139 9564 2897 325
 ... : 721 3139 9546 5448 589
