initialized model with 3519 latches, 1071 inputs and 1 properties
tsim: performed 9 steps
tsim: found cycle from 7
checking bound 0
checking bound 1
checking bound 2
tdecomp: unrolling 2 cycles
tsim: performed 7 steps
tsim: found cycle from 5
tsim: found 2 constants and 0 latch equivalences
tdecomp: (3519, 4284) -> (3468, 2794)
 ... : 200
 ... : 401
 ... : 602
 ... : 803
 ... : 1004
 ... : 1205
 ... : 1406
 ... : 1607
 ... : 1808
 ... : 2009
 ... : 2210
 ... : 2411
 ... : 2612
 ... : 2813
   2 : 1775 1066
 ... : 1806 1273
 ... : 1818 1482
 ... : 1825 1688
 ... : 1833 1896
 ... : 1836 2107
 ... : 1839 2317
 ... : 1852 2523
 ... : 1856 2732
 ... : 1873 2943
 ... : 1892 3160
 ... : 1898 3370
 ... : 1927 3575
 ... : 1935 3780
 ... : 1942 3990
 ... : 1950 4201
 ... : 1961 4405
 ... : 1972 4610
 ... : 1996 4818
 ... : 2028 5023
 ... : 2036 5229
 ... : 2047 5434
 ... : 2060 5641
 ... : 2064 5846
 ... : 2072 6050
 ... : 2075 6258
 ... : 2085 6461
 ... : 2106 6662
 ... : 2124 6867
 ... : 2138 7069
 ... : 2142 7271
   3 : 2131 4988 2449
 ... : 2131 5022 2681
 ... : 2131 5024 2907
 ... : 2130 5020 3136
 ... : 2130 5010 3363
 ... : 2130 4992 3596
 ... : 2130 4907 3822
 ... : 2130 4904 4046
 ... : 2130 4879 4257
 ... : 2130 4831 4476
 ... : 2130 4769 4704
 ... : 2130 4730 4929
 ... : 2130 4665 5148
 ... : 2130 4607 5377
 ... : 2130 4539 5594
 ... : 2130 4458 5812
 ... : 2130 4423 6035
 ... : 2130 4331 6266
 ... : 2130 4253 6489
 ... : 2130 4198 6703
 ... : 2130 4126 6932
 ... : 2130 4051 7147
 ... : 2130 3982 7357
 ... : 2130 3915 7571
 ... : 2130 3857 7780
 ... : 2130 3807 7994
 ... : 2130 3741 8208
 ... : 2130 3670 8431
 ... : 2130 3607 8643
 ... : 2130 3550 8853
 ... : 2130 3496 9063
 ... : 2130 3424 9273
 ... : 2130 3360 9488
 ... : 2129 3307 9697
   4 : 2073 2011 2143 9007
   5 : 2030 2009 2132 586 8477
   6 : 2030 2009 2132 560 95 8445
   7 : 2030 2009 2132 560 65 185 8382
 ... : 2030 2009 2132 560 64 180 9430
   8 : 2030 2009 2132 558 43 39 94 9795
   9 : 2030 2009 2132 558 42 37 35 33 10357
  10 : 2030 2009 2131 558 42 35 32 22 14 11072
  11 : 2030 2009 2131 558 42 34 32 22 3 18 11393
  12 : 2030 2009 2131 558 41 33 22 20 3 4 117 11855
  13 : 2030 2009 2131 558 41 33 22 20 3 3 4 119 12687
  14 : 2030 2009 2131 558 41 29 22 20 3 3 4 10 29 13087
  15 : 2030 2009 2131 558 41 29 17 15 3 3 2 4 24 90 13413
 ... : 2030 2009 2131 558 41 29 17 15 3 3 2 4 23 54 14086
  16 : 2030 2009 2131 558 41 29 17 15 3 2 2 1 21 6 30 14279
  17 : 2030 2009 2131 558 41 29 17 15 2 2 2 0 21 6 30 14280 1
completing final invariant with sub-IC3 call...
