initialized model with 142 latches, 7 inputs and 1 properties
tsim: reached all X state
tsim: performed 3 steps
checking bound 0
checking bound 1
checking bound 2
tdecomp: unrolling 2 cycles
tsim: reached all X state
tsim: performed 2 steps
tdecomp: no improvement found, reverting original model
   2 : 9 8
   3 : 16 17 9
   4 : 18 16 48 14
   5 : 18 17 61 89 23
   6 : 18 17 62 78 126 69
   7 : 17 17 61 76 135 155 110
 ... : 17 17 61 75 135 148 300
   8 : 17 17 61 75 136 111 339 78
 ... : 17 17 61 75 136 111 378 274
 ... : 17 17 61 75 136 111 388 456
   9 : 17 17 61 75 136 111 379 358 197
 ... : 18 18 63 77 136 115 391 398 342
 ... : 18 18 63 76 138 117 398 439 487
 ... : 18 18 63 76 138 117 399 453 671
  10 : 18 18 63 75 138 115 406 293 575 280
 ... : 18 18 63 75 140 118 411 299 656 412
 ... : 18 18 63 75 140 118 411 300 685 598
 ... : 18 18 63 75 140 118 411 300 699 799
 ... : 18 18 63 75 140 118 411 302 727 974
 ... : 18 18 63 75 140 118 411 301 729 1173
  11 : 18 18 63 75 140 117 408 282 614 841 665
 ... : 18 18 63 75 140 117 408 282 612 899 841
 ... : 18 18 63 75 140 117 408 282 612 925 1036
 ... : 18 18 63 75 140 117 408 284 617 962 1151
 ... : 18 18 63 75 140 117 408 287 622 993 1287
  12 : 18 18 63 75 140 117 406 290 612 804 955 665
 ... : 18 18 63 75 140 117 406 290 621 816 994 771
 ... : 18 18 63 75 140 117 406 290 621 816 1066 950
 ... : 18 18 63 75 140 117 406 290 619 815 1115 1133
 ... : 18 18 63 75 140 117 406 290 618 814 1148 1326
 ... : 18 18 63 75 140 117 406 290 618 813 1163 1524
 ... : 18 18 63 75 140 117 405 290 618 812 1182 1715
 ... : 18 18 63 75 140 117 405 290 618 811 1187 1911
 ... : 18 18 63 75 140 117 405 290 618 814 1224 2057
 ... : 18 18 63 75 140 117 405 290 618 814 1237 2256
  13 : 18 18 63 75 140 117 401 288 603 752 1145 1584 929
 ... : 18 18 63 75 140 117 401 288 603 752 1146 1627 1099
 ... : 18 18 63 75 140 117 401 288 603 752 1147 1650 1277
 ... : 18 18 63 75 140 117 401 288 603 752 1147 1701 1472
 ... : 18 18 63 75 140 117 401 288 604 755 1149 1753 1628
 ... : 18 18 63 75 140 117 401 288 603 754 1148 1804 1810
 ... : 18 18 63 75 140 117 401 288 603 753 1153 1846 1946
 ... : 18 18 63 75 140 117 401 289 602 754 1168 1875 2066
 ... : 18 18 63 75 140 117 401 289 602 754 1167 1907 2257
  14 : 18 18 63 75 140 117 400 286 604 724 1176 1359 1895 1065
 ... : 18 18 63 75 140 117 400 286 604 724 1178 1364 1985 1238
 ... : 18 18 63 75 140 117 400 286 604 724 1178 1364 2010 1415
 ... : 18 18 63 75 140 117 400 286 604 724 1178 1362 2034 1611
 ... : 18 18 63 75 140 117 400 286 604 724 1178 1359 2060 1810
 ... : 18 18 63 75 140 117 400 286 604 724 1179 1359 2076 2005
 ... : 18 18 63 75 140 117 400 286 604 724 1179 1359 2112 2206
 ... : 18 18 63 75 140 117 400 286 604 724 1179 1359 2144 2412
 ... : 18 18 63 75 140 117 400 286 604 724 1181 1366 2176 2579
 ... : 18 18 63 75 140 117 400 286 604 724 1189 1376 2218 2716
 ... : 18 18 63 75 140 117 400 286 604 724 1190 1375 2257 2891
 ... : 18 18 63 75 140 117 400 286 604 724 1192 1378 2278 3070
 ... : 18 18 63 75 140 117 400 286 604 724 1193 1377 2300 3261
 ... : 18 18 63 75 140 117 400 286 604 724 1197 1381 2333 3412
 ... : 18 18 63 75 140 117 400 286 604 724 1197 1383 2361 3602
 ... : 18 18 63 75 140 117 400 286 604 724 1197 1385 2381 3786
  15 : 18 18 63 75 140 117 400 285 604 715 1197 1309 1984 2469 1840
 ... : 18 18 63 75 140 117 400 285 604 715 1197 1309 1985 2542 2011
 ... : 18 18 63 75 140 117 400 285 604 715 1197 1308 1985 2575 2203
 ... : 18 18 63 75 140 117 400 285 604 715 1197 1308 1985 2612 2394
 ... : 18 18 63 75 140 117 400 285 604 715 1197 1308 1984 2630 2590
 ... : 18 18 63 75 140 117 400 285 604 715 1197 1308 1985 2654 2801
 ... : 18 18 63 75 140 117 400 285 604 715 1200 1309 1993 2688 2940
 ... : 18 18 63 75 140 117 400 285 604 715 1202 1309 1998 2696 3044
 ... : 18 18 63 75 140 117 400 285 604 715 1202 1309 2002 2717 3152
 ... : 18 18 63 75 140 117 400 285 604 715 1205 1312 2010 2742 3286
 ... : 18 18 63 75 140 117 400 285 604 715 1206 1318 2019 2780 3405
 ... : 18 18 63 75 140 117 400 285 604 715 1206 1321 2029 2809 3543
  16 : 18 18 63 75 140 117 400 285 601 713 1204 1307 2015 1712 3154 1599
 ... : 18 18 63 75 140 117 400 285 601 713 1204 1307 2015 1712 3210 1780
 ... : 18 18 63 75 140 117 400 285 601 713 1204 1307 2015 1712 3255 1980
 ... : 18 18 63 75 140 117 400 285 601 713 1204 1307 2013 1712 3301 2178
 ... : 18 18 63 75 140 117 400 285 601 713 1204 1307 2013 1710 3346 2389
 ... : 18 18 63 75 140 117 400 285 601 713 1204 1307 2013 1709 3377 2595
 ... : 18 18 63 75 140 117 400 285 601 713 1204 1307 2013 1709 3391 2798
 ... : 18 18 63 75 140 117 400 285 601 713 1204 1307 2013 1709 3424 2987
 ... : 18 18 63 75 140 117 400 285 601 713 1204 1307 2013 1707 3453 3175
 ... : 18 18 63 75 140 117 400 285 601 713 1204 1307 2013 1707 3482 3378
 ... : 18 18 63 75 140 117 400 285 601 713 1204 1307 2014 1708 3497 3567
 ... : 18 18 63 75 140 117 400 285 601 713 1204 1307 2014 1707 3506 3774
 ... : 18 18 63 75 140 117 400 285 601 713 1204 1307 2014 1706 3531 3981
 ... : 18 18 63 75 140 117 400 285 601 713 1204 1310 2017 1710 3550 4146
 ... : 18 18 63 75 140 117 400 285 601 713 1204 1313 2024 1722 3575 4244
 ... : 18 18 63 75 140 117 400 285 601 713 1204 1313 2026 1723 3591 4424
 ... : 18 18 63 75 140 117 400 285 601 713 1206 1314 2032 1723 3601 4569
 ... : 18 18 63 75 140 117 400 285 601 713 1206 1314 2032 1723 3604 4778
 ... : 18 18 63 75 140 117 400 285 601 713 1207 1315 2037 1724 3627 4927
 ... : 18 18 63 75 140 117 400 285 601 713 1207 1315 2037 1725 3651 5115
 ... : 18 18 63 75 140 117 400 285 601 713 1211 1315 2045 1724 3674 5230
 ... : 18 18 63 75 140 117 400 285 601 713 1212 1315 2047 1719 3684 5396
  17 : 18 18 63 75 140 117 400 284 601 710 1214 1297 2026 1539 3162 3924 2339
 ... : 18 18 63 75 140 117 400 284 601 710 1214 1297 2026 1539 3162 4022 2520
 ... : 18 18 63 75 140 117 400 284 601 710 1214 1297 2026 1539 3162 4130 2702
 ... : 18 18 63 75 140 117 400 284 601 710 1214 1297 2026 1540 3164 4176 2865
 ... : 18 18 63 75 140 117 400 284 601 710 1214 1297 2026 1540 3166 4219 3040
 ... : 18 18 63 75 140 117 400 284 601 710 1214 1297 2026 1540 3166 4232 3234
 ... : 18 18 63 75 140 117 400 284 601 710 1214 1297 2026 1539 3165 4252 3422
 ... : 18 18 63 75 140 117 400 284 601 710 1214 1297 2026 1538 3164 4275 3624
 ... : 18 18 63 75 140 117 400 284 601 710 1214 1297 2026 1538 3164 4304 3804
 ... : 18 18 63 75 140 117 400 284 601 710 1214 1297 2026 1538 3172 4333 3946
 ... : 18 18 63 75 140 117 400 284 601 710 1214 1298 2028 1538 3183 4363 4056
 ... : 18 18 63 75 140 117 400 284 601 710 1216 1299 2033 1541 3193 4385 4160
 ... : 18 18 63 75 140 117 400 284 601 710 1220 1299 2044 1545 3206 4404 4227
 ... : 18 18 63 75 140 117 400 284 601 710 1222 1299 2048 1545 3212 4424 4362
 ... : 18 18 63 75 140 117 400 284 601 710 1222 1300 2053 1553 3217 4443 4488
 ... : 18 18 63 75 140 117 400 284 601 710 1222 1301 2056 1556 3222 4458 4620
 ... : 18 18 63 75 140 117 400 284 601 710 1222 1301 2057 1556 3222 4481 4807
  18 : 18 18 63 75 140 117 400 284 601 708 1221 1303 2064 1523 3221 2440 3860 3123
 ... : 18 18 63 75 140 117 400 284 601 708 1221 1303 2064 1523 3221 2437 3905 3334
 ... : 18 18 63 75 140 117 400 284 601 708 1221 1303 2064 1523 3221 2437 3972 3541
 ... : 18 18 63 75 140 117 400 284 601 708 1221 1303 2064 1523 3221 2437 4003 3743
 ... : 18 18 63 75 140 117 400 284 601 708 1221 1304 2065 1524 3223 2439 4021 3916
 ... : 18 18 63 75 140 117 400 284 601 708 1221 1304 2065 1524 3223 2439 4064 4120
 ... : 18 18 63 75 140 117 400 284 601 708 1221 1304 2065 1524 3223 2438 4081 4323
 ... : 18 18 63 75 140 117 400 284 601 708 1221 1304 2065 1524 3223 2438 4086 4530
 ... : 18 18 63 75 140 117 400 284 601 708 1221 1304 2065 1524 3223 2435 4114 4737
 ... : 18 18 63 75 140 117 400 284 601 708 1221 1304 2065 1524 3223 2436 4142 4935
 ... : 18 18 63 75 140 117 400 284 601 708 1221 1304 2065 1524 3229 2438 4188 5066
 ... : 18 18 63 75 140 117 400 284 601 708 1221 1304 2065 1524 3229 2437 4217 5225
 ... : 18 18 63 75 140 117 400 284 601 708 1221 1305 2068 1529 3237 2442 4235 5357
 ... : 18 18 63 75 140 117 400 284 601 708 1221 1306 2069 1529 3240 2445 4247 5512
 ... : 18 18 63 75 140 117 400 284 601 708 1221 1306 2069 1529 3241 2444 4275 5700
 ... : 18 18 63 75 140 117 400 284 601 708 1221 1309 2072 1534 3246 2444 4290 5814
 ... : 18 18 63 75 140 117 400 284 601 708 1221 1311 2074 1537 3251 2452 4300 5946
 ... : 18 18 63 75 140 117 400 284 601 708 1221 1311 2074 1537 3253 2453 4311 6121
 ... : 18 18 63 75 140 117 400 284 601 708 1221 1311 2075 1540 3260 2463 4327 6252
 ... : 18 18 63 75 140 117 400 284 601 708 1221 1311 2078 1544 3268 2472 4347 6387
  19 : 18 18 63 75 140 117 400 284 601 708 1221 1307 2078 1546 3268 2243 3756 4032 3332
 ... : 18 18 63 75 140 117 400 284 601 708 1221 1307 2078 1546 3268 2243 3755 4084 3495
 ... : 18 18 63 75 140 117 400 284 601 708 1221 1307 2078 1546 3268 2243 3755 4124 3626
 ... : 18 18 63 75 140 117 400 284 601 708 1221 1307 2078 1546 3268 2243 3756 4195 3796
 ... : 18 18 63 75 140 117 400 284 601 708 1221 1307 2078 1546 3268 2243 3755 4260 3976
 ... : 18 18 63 75 140 117 400 284 601 708 1221 1307 2078 1546 3268 2243 3754 4297 4168
 ... : 18 18 63 75 140 117 400 284 601 708 1221 1307 2078 1546 3268 2243 3756 4344 4331
 ... : 18 18 63 75 140 117 400 284 601 708 1221 1307 2078 1546 3272 2242 3760 4377 4482
 ... : 18 18 63 75 140 117 400 284 601 708 1221 1307 2078 1546 3272 2241 3760 4403 4676
 ... : 18 18 63 75 140 117 400 284 601 708 1221 1307 2078 1546 3272 2241 3760 4426 4853
 ... : 18 18 63 75 140 117 400 284 601 708 1221 1307 2078 1546 3272 2240 3760 4459 5049
 ... : 18 18 63 75 140 117 400 284 601 708 1221 1307 2078 1546 3272 2240 3761 4483 5197
 ... : 18 18 63 75 140 117 400 284 601 708 1221 1308 2079 1548 3272 2241 3761 4493 5369
 ... : 18 18 63 75 140 117 400 284 601 708 1221 1308 2084 1556 3281 2253 3773 4510 5412
 ... : 18 18 63 75 140 117 400 284 601 708 1221 1308 2087 1561 3289 2258 3790 4534 5487
 ... : 18 18 63 75 140 117 400 284 601 708 1221 1308 2087 1561 3297 2262 3807 4555 5570
 ... : 18 18 63 75 140 117 400 284 601 708 1221 1309 2088 1562 3299 2264 3813 4576 5676
 ... : 18 18 63 75 140 117 400 284 601 708 1221 1312 2090 1563 3305 2270 3819 4596 5758
 ... : 18 18 63 75 140 117 400 284 601 708 1221 1314 2092 1564 3312 2271 3823 4613 5842
 ... : 18 18 63 75 140 117 400 284 601 708 1221 1314 2092 1564 3313 2271 3824 4635 6011
  20 : 18 18 63 75 140 117 400 284 601 707 1222 1311 2094 1560 3304 2204 3735 3068 3147 4723
 ... : 18 18 63 75 140 117 400 284 601 707 1222 1311 2094 1560 3304 2204 3735 3067 3181 4916
 ... : 18 18 63 75 140 117 400 284 601 707 1222 1311 2094 1560 3305 2204 3738 3070 3204 5091
 ... : 18 18 63 75 140 117 400 284 601 707 1222 1311 2098 1570 3312 2208 3744 3077 3229 5129
 ... : 18 18 63 75 140 117 400 284 601 707 1222 1311 2101 1577 3317 2211 3752 3085 3260 5172
 ... : 18 18 63 75 140 117 400 284 601 707 1222 1311 2101 1577 3317 2211 3752 3080 3297 5356
 ... : 18 18 63 75 140 117 400 284 601 707 1222 1311 2101 1577 3317 2211 3752 3079 3322 5565
 ... : 18 18 63 75 140 117 400 284 601 707 1222 1311 2101 1577 3317 2211 3754 3080 3346 5742
 ... : 18 18 63 75 140 117 400 284 601 707 1222 1311 2101 1577 3317 2211 3754 3079 3361 5931
 ... : 18 18 63 75 140 117 400 284 601 707 1222 1311 2101 1577 3317 2211 3754 3077 3388 6132
 ... : 18 18 63 75 140 117 400 284 601 707 1222 1311 2101 1577 3317 2210 3750 3075 3404 6333
 ... : 18 18 63 75 140 117 400 284 601 707 1222 1311 2101 1577 3319 2213 3753 3076 3422 6512
 ... : 18 18 63 75 140 117 400 284 601 707 1222 1311 2101 1577 3321 2214 3759 3074 3447 6616
 ... : 18 18 63 75 140 117 400 284 601 707 1222 1311 2101 1577 3324 2215 3768 3079 3474 6687
 ... : 18 18 63 75 140 117 400 284 601 707 1222 1311 2101 1578 3325 2217 3775 3090 3504 6773
 ... : 18 18 63 75 140 117 400 284 601 707 1222 1311 2101 1578 3329 2219 3780 3094 3531 6903
 ... : 18 18 63 75 140 117 400 284 601 707 1222 1311 2101 1578 3331 2220 3783 3095 3542 7059
 ... : 18 18 63 75 140 117 400 284 601 707 1222 1311 2101 1578 3331 2220 3783 3094 3550 7238
 ... : 18 18 63 75 140 117 400 284 601 707 1222 1311 2101 1578 3337 2223 3791 3100 3570 7333
  21 : 18 18 63 75 140 117 400 283 601 706 1221 1311 2102 1576 3336 2167 3790 2839 2687 4222 4311
 ... : 18 18 63 75 140 117 400 283 601 706 1221 1311 2102 1576 3336 2167 3790 2839 2689 4265 4496
 ... : 18 18 63 75 140 117 400 283 601 706 1221 1311 2102 1576 3336 2167 3790 2838 2689 4315 4694
 ... : 18 18 63 75 140 117 400 283 601 706 1221 1311 2102 1576 3336 2167 3789 2837 2689 4356 4874
 ... : 18 18 63 75 140 117 400 283 601 706 1221 1311 2102 1576 3336 2167 3789 2838 2691 4409 5052
 ... : 18 18 63 75 140 117 400 283 601 706 1221 1311 2102 1576 3338 2167 3789 2837 2694 4437 5182
 ... : 18 18 63 75 140 117 400 283 601 706 1221 1311 2102 1576 3338 2167 3789 2837 2688 4455 5325
 ... : 18 18 63 75 140 117 400 283 601 706 1221 1311 2102 1576 3338 2167 3791 2838 2698 4483 5399
 ... : 18 18 63 75 140 117 400 283 601 706 1221 1311 2102 1576 3338 2166 3793 2838 2702 4493 5534
 ... : 18 18 63 75 140 117 400 283 601 706 1221 1311 2102 1576 3338 2166 3798 2838 2711 4507 5635
 ... : 18 18 63 75 140 117 400 283 601 706 1221 1311 2102 1576 3339 2166 3800 2839 2714 4540 5764
 ... : 18 18 63 75 140 117 400 283 601 706 1221 1311 2102 1576 3341 2166 3803 2840 2719 4559 5891
 ... : 18 18 63 75 140 117 400 283 601 706 1221 1311 2102 1576 3343 2166 3804 2841 2719 4581 6027
 ... : 18 18 63 75 140 117 400 283 601 706 1221 1311 2102 1576 3346 2167 3810 2844 2725 4597 6148
 ... : 18 18 63 75 140 117 400 283 601 706 1221 1311 2102 1576 3349 2167 3818 2846 2733 4628 6245
 ... : 18 18 63 75 140 117 400 283 601 706 1221 1311 2102 1576 3353 2169 3824 2848 2739 4639 6380
 ... : 18 18 63 75 140 117 400 283 601 706 1221 1311 2102 1576 3359 2172 3833 2851 2747 4659 6491
 ... : 18 18 63 75 140 117 400 283 601 706 1221 1311 2104 1579 3366 2176 3838 2857 2752 4682 6558
 ... : 18 18 63 75 140 117 400 283 601 706 1221 1311 2107 1582 3372 2182 3843 2863 2757 4700 6593
 ... : 18 18 63 75 140 117 400 283 601 706 1221 1311 2109 1585 3375 2185 3845 2868 2762 4714 6677
 ... : 18 18 63 75 140 117 400 283 601 706 1221 1311 2109 1585 3375 2185 3845 2868 2762 4730 6869
  22 : 18 18 63 75 140 117 400 283 599 705 1218 1298 2121 1587 3374 2174 3827 2777 2582 3292 3396 5223
 ... : 18 18 63 75 140 117 400 283 599 705 1218 1298 2121 1587 3374 2174 3827 2777 2581 3291 3429 5393
 ... : 18 18 63 75 140 117 400 283 599 705 1218 1298 2121 1587 3378 2176 3830 2778 2583 3297 3466 5480
 ... : 18 18 63 75 140 117 400 283 599 705 1218 1298 2121 1587 3384 2181 3840 2783 2595 3300 3493 5539
 ... : 18 18 63 75 140 117 400 283 599 705 1218 1298 2121 1587 3384 2181 3840 2783 2595 3300 3524 5727
 ... : 18 18 63 75 140 117 400 283 599 705 1218 1298 2121 1587 3386 2181 3844 2782 2597 3301 3560 5865
 ... : 18 18 63 75 140 117 400 283 599 705 1218 1298 2121 1587 3386 2181 3847 2783 2603 3305 3589 5963
 ... : 18 18 63 75 140 117 400 283 599 705 1218 1298 2121 1587 3386 2181 3847 2782 2602 3305 3612 6125
 ... : 18 18 63 75 140 117 400 283 599 705 1218 1298 2121 1587 3386 2181 3847 2782 2605 3308 3631 6270
 ... : 18 18 63 75 140 117 400 283 599 705 1218 1298 2121 1587 3386 2181 3847 2782 2605 3309 3638 6466
 ... : 18 18 63 75 140 117 400 283 599 705 1218 1298 2121 1587 3386 2181 3849 2784 2609 3311 3670 6619
 ... : 18 18 63 75 140 117 400 283 599 705 1218 1298 2121 1587 3386 2181 3852 2784 2615 3324 3694 6710
 ... : 18 18 63 75 140 117 400 283 599 705 1218 1298 2121 1587 3388 2182 3857 2785 2620 3326 3719 6838
 ... : 18 18 63 75 140 117 400 283 599 705 1218 1298 2121 1587 3388 2182 3857 2784 2619 3321 3733 7032
 ... : 18 18 63 75 140 117 400 283 599 705 1218 1298 2121 1587 3392 2183 3866 2786 2629 3325 3755 7106
 ... : 18 18 63 75 140 117 400 283 599 705 1218 1298 2121 1587 3392 2183 3866 2786 2629 3325 3762 7308
 ... : 18 18 63 75 140 117 400 283 599 705 1218 1298 2121 1587 3392 2183 3866 2786 2629 3322 3789 7509
 ... : 18 18 63 75 140 117 400 283 599 705 1218 1298 2121 1587 3392 2183 3866 2787 2630 3322 3808 7688
 ... : 18 18 63 75 140 117 400 283 599 705 1218 1298 2121 1587 3392 2183 3866 2787 2637 3330 3833 7774
 ... : 18 18 63 75 140 117 400 283 599 705 1218 1298 2121 1587 3392 2183 3866 2786 2633 3327 3839 7950
 ... : 18 18 63 75 140 117 400 283 599 705 1218 1298 2121 1587 3392 2183 3866 2786 2633 3325 3852 8157
 ... : 18 18 63 75 140 117 400 283 599 705 1218 1298 2121 1587 3392 2183 3866 2786 2633 3326 3874 8358
 ... : 18 18 63 75 140 117 400 283 599 705 1218 1298 2121 1587 3392 2183 3866 2786 2633 3326 3884 8552
 ... : 18 18 63 75 140 117 400 283 599 705 1218 1298 2121 1587 3392 2183 3866 2786 2633 3323 3901 8749
 ... : 18 18 63 75 140 117 400 283 599 705 1218 1298 2121 1587 3392 2183 3866 2786 2633 3322 3916 8953
 ... : 18 18 63 75 140 117 400 283 599 705 1218 1298 2121 1587 3392 2183 3866 2786 2633 3322 3919 9155
 ... : 18 18 63 75 140 117 400 283 599 705 1218 1298 2121 1587 3396 2184 3869 2786 2636 3323 3936 9267
 ... : 18 18 63 75 140 117 400 283 599 705 1218 1298 2121 1587 3396 2184 3869 2786 2636 3322 3954 9474
 ... : 18 18 63 75 140 117 400 283 599 705 1218 1298 2121 1587 3396 2184 3869 2786 2636 3321 3955 9681
  23 : 18 18 63 75 140 117 400 283 599 703 1215 1297 2120 1587 3399 2184 3865 2726 2593 3042 2561 4639 6942
 ... : 18 18 63 75 140 117 400 283 599 703 1215 1297 2120 1587 3399 2184 3865 2726 2596 3044 2561 4668 7105
 ... : 18 18 63 75 140 117 400 283 599 703 1215 1297 2120 1587 3399 2184 3865 2726 2596 3043 2561 4702 7272
 ... : 18 18 63 75 140 117 400 283 599 703 1215 1297 2120 1587 3399 2184 3865 2726 2596 3043 2561 4726 7469
 ... : 18 18 63 75 140 117 400 283 599 703 1215 1297 2120 1587 3399 2184 3865 2726 2596 3043 2563 4749 7667
 ... : 18 18 63 75 140 117 400 283 599 703 1215 1297 2120 1587 3399 2184 3865 2726 2599 3044 2573 4787 7803
 ... : 18 18 63 75 140 117 400 283 599 703 1215 1297 2120 1587 3399 2184 3865 2726 2606 3047 2589 4814 7843
 ... : 18 18 63 75 140 117 400 283 599 703 1215 1297 2120 1587 3399 2184 3866 2726 2608 3048 2588 4834 7965
 ... : 18 18 63 75 140 117 400 283 599 703 1215 1297 2120 1587 3399 2184 3866 2726 2607 3048 2587 4858 8124
 ... : 18 18 63 75 140 117 400 283 599 703 1215 1297 2120 1587 3399 2184 3867 2726 2611 3048 2587 4873 8254
 ... : 18 18 63 75 140 117 400 283 599 703 1215 1297 2120 1587 3399 2184 3871 2730 2619 3060 2594 4898 8288
 ... : 18 18 63 75 140 117 400 283 599 703 1215 1297 2120 1587 3403 2184 3879 2730 2627 3065 2600 4913 8339
 ... : 18 18 63 75 140 117 400 283 599 703 1215 1297 2120 1587 3407 2185 3887 2730 2634 3066 2613 4924 8367
 ... : 18 18 63 75 140 117 400 283 599 703 1215 1297 2120 1587 3407 2185 3887 2730 2634 3066 2616 4947 8539
 ... : 18 18 63 75 140 117 400 283 599 703 1215 1297 2120 1587 3407 2185 3888 2730 2636 3067 2620 4958 8670
 ... : 18 18 63 75 140 117 400 283 599 703 1215 1297 2120 1587 3407 2185 3888 2730 2636 3067 2617 4959 8869
 ... : 18 18 63 75 140 117 400 283 599 703 1215 1297 2120 1587 3408 2185 3889 2730 2638 3068 2619 4971 8993
 ... : 18 18 63 75 140 117 400 283 599 703 1215 1297 2120 1587 3408 2185 3889 2730 2638 3068 2619 4987 9094
 ... : 18 18 63 75 140 117 400 283 599 703 1215 1297 2120 1587 3411 2185 3892 2731 2643 3070 2622 4996 9165
 ... : 18 18 63 75 140 117 400 283 599 703 1215 1297 2120 1587 3414 2185 3894 2730 2648 3072 2623 5007 9264
  24 : 18 18 63 75 140 117 400 283 599 703 1215 1292 2123 1584 3414 2175 3889 2720 2638 3015 2502 3111 4319 7132
 ... : 18 18 63 75 140 117 400 283 599 703 1215 1292 2123 1584 3414 2175 3889 2720 2638 3015 2502 3112 4357 7308
 ... : 18 18 63 75 140 117 400 283 599 703 1215 1292 2123 1584 3414 2175 3889 2720 2638 3015 2501 3110 4384 7509
 ... : 18 18 63 75 140 117 400 283 599 703 1215 1292 2123 1584 3414 2175 3889 2720 2638 3015 2501 3110 4417 7707
 ... : 18 18 63 75 140 117 400 283 599 703 1215 1292 2123 1584 3414 2175 3889 2720 2638 3015 2501 3108 4447 7901
 ... : 18 18 63 75 140 117 400 283 599 703 1215 1292 2123 1584 3414 2175 3889 2720 2638 3015 2499 3106 4487 8111
 ... : 18 18 63 75 140 117 400 283 599 703 1215 1292 2123 1584 3414 2175 3889 2720 2638 3015 2499 3104 4511 8329
 ... : 18 18 63 75 140 117 400 283 599 703 1215 1292 2123 1584 3414 2175 3889 2720 2638 3015 2498 3104 4541 8521
 ... : 18 18 63 75 140 117 400 283 599 703 1215 1292 2123 1584 3415 2175 3892 2721 2640 3014 2500 3102 4566 8617
 ... : 18 18 63 75 140 117 400 283 599 703 1215 1292 2123 1584 3416 2175 3894 2721 2642 3014 2500 3101 4586 8758
 ... : 18 18 63 75 140 117 400 283 599 703 1215 1292 2123 1584 3416 2175 3896 2721 2645 3014 2501 3106 4597 8895
 ... : 18 18 63 75 140 117 400 283 599 703 1215 1292 2123 1584 3416 2175 3896 2721 2645 3014 2501 3104 4612 9104
 ... : 18 18 63 75 140 117 400 283 599 703 1215 1292 2123 1584 3416 2175 3897 2722 2647 3017 2503 3104 4640 9241
 ... : 18 18 63 75 140 117 400 283 599 703 1215 1292 2123 1584 3416 2175 3899 2724 2651 3019 2505 3109 4667 9309
 ... : 18 18 63 75 140 117 400 283 599 703 1215 1292 2123 1584 3416 2175 3899 2724 2652 3019 2511 3113 4683 9434
 ... : 18 18 63 75 140 117 400 283 599 703 1215 1292 2123 1584 3416 2175 3899 2724 2653 3018 2517 3114 4703 9554
 ... : 18 18 63 75 140 117 400 283 599 703 1215 1292 2123 1584 3416 2175 3899 2724 2653 3018 2522 3114 4726 9703
 ... : 18 18 63 75 140 117 400 283 599 703 1215 1292 2123 1584 3416 2175 3899 2724 2654 3020 2527 3116 4741 9869
 ... : 18 18 63 75 140 117 400 283 599 703 1215 1292 2123 1584 3416 2175 3899 2724 2654 3020 2526 3111 4745 10066
 ... : 18 18 63 75 140 117 400 283 599 703 1215 1292 2123 1584 3416 2175 3899 2724 2654 3020 2528 3113 4757 10253
 ... : 18 18 63 75 140 117 400 283 599 703 1215 1292 2123 1584 3416 2175 3900 2725 2657 3023 2533 3117 4768 10379
 ... : 18 18 63 75 140 117 400 283 599 703 1215 1292 2123 1584 3416 2175 3902 2726 2661 3026 2536 3116 4775 10497
 ... : 18 18 63 75 140 117 400 283 599 703 1215 1292 2123 1584 3416 2175 3906 2726 2667 3032 2536 3122 4799 10542
 ... : 18 18 63 75 140 117 400 283 599 703 1215 1292 2123 1584 3419 2175 3912 2727 2672 3033 2541 3126 4812 10624
 ... : 18 18 63 75 140 117 400 283 599 703 1215 1292 2123 1584 3422 2175 3918 2726 2678 3037 2550 3131 4828 10686
 ... : 18 18 63 75 140 117 400 283 599 703 1215 1292 2123 1584 3422 2175 3918 2726 2678 3037 2550 3132 4838 10878
 ... : 18 18 63 75 140 117 400 283 599 703 1215 1292 2123 1584 3422 2175 3918 2726 2680 3039 2555 3138 4846 11028
  25 : 18 18 63 75 140 117 400 283 599 703 1211 1291 2116 1574 3429 2158 3906 2722 2679 3012 2497 2786 3424 5695 7209
 ... : 18 18 63 75 140 117 400 283 599 703 1211 1291 2116 1574 3429 2158 3906 2722 2679 3012 2494 2785 3427 5739 7390
 ... : 18 18 63 75 140 117 400 283 599 703 1211 1291 2116 1574 3429 2158 3906 2722 2679 3012 2494 2784 3428 5780 7550
 ... : 18 18 63 75 140 117 400 283 599 703 1211 1291 2116 1574 3429 2158 3906 2722 2679 3012 2494 2784 3426 5814 7730
 ... : 18 18 63 75 140 117 400 283 599 703 1211 1291 2116 1574 3429 2158 3906 2722 2679 3012 2494 2782 3427 5851 7914
 ... : 18 18 63 75 140 117 400 283 599 703 1211 1291 2116 1574 3429 2158 3906 2722 2679 3012 2494 2781 3427 5894 8107
 ... : 18 18 63 75 140 117 400 283 599 703 1211 1291 2116 1574 3429 2158 3906 2722 2679 3012 2494 2781 3427 5918 8301
 ... : 18 18 63 75 140 117 400 283 599 703 1211 1291 2116 1574 3429 2158 3906 2722 2679 3012 2502 2783 3437 5933 8400
 ... : 18 18 63 75 140 117 400 283 599 703 1211 1291 2116 1574 3429 2158 3906 2722 2679 3012 2504 2784 3442 5941 8518
 ... : 18 18 63 75 140 117 400 283 599 703 1211 1291 2116 1574 3429 2158 3906 2722 2679 3012 2503 2784 3450 5957 8632
 ... : 18 18 63 75 140 117 400 283 599 703 1211 1291 2116 1574 3430 2158 3908 2722 2681 3013 2506 2783 3452 5982 8742
 ... : 18 18 63 75 140 117 400 283 599 703 1211 1291 2116 1574 3434 2158 3916 2722 2690 3018 2514 2786 3464 5993 8757
 ... : 18 18 63 75 140 117 400 283 599 703 1211 1291 2116 1574 3436 2158 3922 2723 2696 3022 2519 2789 3473 6001 8807
 ... : 18 18 63 75 140 117 400 283 599 703 1211 1291 2116 1574 3436 2158 3922 2723 2696 3022 2519 2788 3472 6016 8967
 ... : 18 18 63 75 140 117 400 283 599 703 1211 1291 2116 1574 3436 2158 3923 2724 2699 3024 2524 2791 3476 6038 9098
 ... : 18 18 63 75 140 117 400 283 599 703 1211 1291 2116 1574 3436 2158 3923 2724 2703 3028 2539 2804 3492 6057 9126
 ... : 18 18 63 75 140 117 400 283 599 703 1211 1291 2116 1574 3436 2158 3924 2724 2706 3031 2545 2809 3496 6099 9207
 ... : 18 18 63 75 140 117 400 283 599 703 1211 1291 2116 1574 3436 2158 3924 2724 2708 3034 2546 2808 3497 6122 9367
 ... : 18 18 63 75 140 117 400 283 599 703 1211 1291 2116 1574 3436 2158 3924 2724 2708 3034 2546 2810 3496 6137 9532
 ... : 18 18 63 75 140 117 400 283 599 703 1211 1291 2116 1574 3436 2158 3924 2724 2708 3034 2546 2809 3496 6138 9725
 ... : 18 18 63 75 140 117 400 283 599 703 1211 1291 2116 1574 3436 2158 3924 2724 2709 3035 2549 2812 3498 6141 9892
 ... : 18 18 63 75 140 117 400 283 599 703 1211 1291 2116 1574 3436 2158 3924 2724 2709 3035 2549 2813 3495 6159 10064
 ... : 18 18 63 75 140 117 400 283 599 703 1211 1291 2116 1574 3436 2158 3924 2724 2709 3035 2549 2814 3495 6173 10236
 ... : 18 18 63 75 140 117 400 283 599 703 1211 1291 2116 1574 3436 2158 3925 2725 2711 3037 2550 2816 3499 6190 10371
 ... : 18 18 63 75 140 117 400 283 599 703 1211 1291 2116 1574 3436 2158 3928 2727 2715 3044 2552 2821 3501 6200 10477
 ... : 18 18 63 75 140 117 400 283 599 703 1211 1291 2116 1574 3436 2158 3929 2727 2717 3046 2553 2820 3506 6224 10582
 ... : 18 18 63 75 140 117 400 283 599 703 1211 1291 2116 1574 3436 2158 3930 2728 2718 3046 2554 2823 3510 6244 10719
 ... : 18 18 63 75 140 117 400 283 599 703 1211 1291 2116 1574 3436 2158 3930 2728 2718 3046 2554 2821 3507 6250 10900
