initialized model with 59 latches, 23 inputs and 1 properties
tsim: reached all X state
tsim: performed 17 steps
checking bound 0
checking bound 1
checking bound 2
tdecomp: unrolling 2 cycles
tsim: reached all X state
tsim: performed 15 steps
tdecomp: no improvement found, reverting original model
   2 : 12 2
   3 : 1 3 12
   4 : 1 3 4 15
   5 : 1 3 4 14 5
   6 : 1 3 4 4 14 4
   7 : 1 3 4 4 14 13 3
   8 : 1 3 4 4 14 36 47 60
   9 : 1 3 3 3 13 31 22 20 135
  10 : 1 3 3 3 13 31 20 22 63 91
  11 : 1 3 3 3 13 31 23 25 26 66 111
  12 : 1 3 3 3 13 31 23 25 26 28 91 74
 ... : 1 3 3 3 13 31 22 24 28 28 104 200
 ... : 1 3 3 3 13 31 24 26 30 30 109 340
 ... : 1 3 3 3 13 31 26 29 31 31 117 498
 ... : 1 3 3 3 13 31 26 29 31 31 117 699
  13 : 1 3 3 3 13 31 25 28 31 31 106 271 622
 ... : 1 3 3 3 13 31 25 28 32 32 109 172 739
 ... : 1 3 3 3 13 31 25 28 32 32 108 69 869
 ... : 1 3 3 3 13 31 25 28 32 32 108 69 920
 ... : 1 3 3 3 13 31 25 28 32 32 107 67 973
 ... : 1 3 3 3 13 31 25 28 32 32 107 67 1024
 ... : 1 3 3 3 13 31 25 28 32 32 107 67 1074
  14 : 1 3 3 3 13 31 25 28 32 32 107 65 233 874
 ... : 1 3 3 3 13 31 25 33 33 34 108 74 237 936
 ... : 1 3 3 3 13 31 25 36 34 36 109 82 260 1008
 ... : 1 3 3 3 13 31 25 40 39 39 114 96 245 1080
 ... : 1 3 3 3 13 31 25 41 40 41 114 96 223 1138
 ... : 1 3 3 3 13 31 25 41 40 42 115 99 168 1219
  15 : 1 3 3 3 13 31 23 39 37 41 114 96 89 127 1197
  16 : 1 3 3 3 13 31 23 39 37 41 114 97 90 57 102 1183
  17 : 1 3 3 3 13 31 23 39 37 41 114 97 90 57 56 305 951
 ... : 1 3 3 3 13 31 23 39 37 41 114 96 89 57 58 215 1090
  18 : 1 3 3 3 13 31 23 39 36 36 113 97 89 54 54 44 278 997
 ... : 1 3 3 3 13 31 23 39 36 36 113 97 91 56 55 47 289 1037
 ... : 1 3 3 3 13 31 23 39 36 36 113 97 91 56 56 46 103 1227
  19 : 1 3 3 3 13 31 23 39 36 36 113 97 91 55 56 44 43 236 1054
 ... : 1 3 3 3 13 31 23 39 36 36 113 97 91 55 56 44 43 246 1091
 ... : 1 3 3 3 13 31 23 39 36 36 113 97 91 55 56 45 45 250 1108
 ... : 1 3 3 3 13 31 23 39 36 36 113 97 92 55 57 45 45 254 1127
 ... : 1 3 3 3 13 31 23 39 36 36 113 97 92 55 58 45 45 255 1142
 ... : 1 3 3 3 13 31 23 39 36 36 113 97 92 55 58 45 45 264 1159
 ... : 1 3 3 3 13 31 23 39 36 36 113 97 92 55 58 45 45 267 1175
 ... : 1 3 3 3 13 31 23 39 36 36 113 97 92 55 58 45 45 270 1189
 ... : 1 3 3 3 13 31 23 39 36 36 113 97 92 55 58 45 45 271 1204
 ... : 1 3 3 3 13 31 23 39 36 36 113 97 93 55 58 45 45 278 1218
 ... : 1 3 3 3 13 31 23 39 36 36 113 97 94 55 58 45 45 283 1232
 ... : 1 3 3 3 13 31 23 39 36 36 113 97 94 55 58 45 45 289 1247
 ... : 1 3 3 3 13 31 23 39 36 36 113 97 94 55 58 45 45 290 1263
 ... : 1 3 3 3 13 31 23 39 36 36 113 97 94 55 58 45 45 294 1277
 ... : 1 3 3 3 13 31 23 39 36 36 113 97 94 55 58 45 45 298 1294
 ... : 1 3 3 3 13 31 23 39 36 36 113 97 94 55 58 45 45 305 1310
  20 : 1 3 3 3 13 31 23 39 36 36 113 97 94 55 58 45 44 40 3 1572
  21 : 1 3 3 3 13 31 23 39 36 36 113 97 94 55 58 45 44 40 3 112 1460
  22 : 1 3 3 3 13 31 23 39 36 36 113 97 94 55 58 45 44 40 3 112 18 1442
  23 : 1 3 3 3 13 31 23 39 36 36 113 97 94 55 58 45 44 40 3 112 18 15 1427
  24 : 1 3 3 3 13 31 23 39 36 36 113 97 94 55 58 45 44 40 3 112 18 15 5 1422
  25 : 1 3 3 3 13 31 23 39 36 36 113 97 94 55 58 45 44 40 3 112 18 15 5 1 1421
  26 : 1 3 3 3 13 31 23 39 36 36 113 97 94 55 58 45 44 40 3 112 18 15 5 1 1 1420
  27 : 1 3 3 3 13 31 23 39 36 36 113 97 94 55 58 45 44 40 3 112 18 15 5 1 1 1 1419
  28 : 1 3 3 3 13 31 23 39 36 36 113 97 94 55 58 45 44 40 3 112 18 15 5 1 1 1 1 1418
  29 : 1 3 3 3 13 31 23 39 36 36 113 97 94 55 58 45 44 40 3 112 18 15 5 1 1 1 1 1 1417
  30 : 1 3 3 3 13 31 23 39 36 36 113 97 94 55 58 45 44 40 3 112 18 15 5 1 1 1 1 1 0 1417
completing final invariant with sub-IC3 call...
num_solve_calls = 602291
num_solve_sat_calls = 211993
num_solve_unsat_calls = 15189
num_solve_approx_calls = 172706
num_solve_approx_unsat_calls = 65465
num_solve_conflicts = 209760
num_solve_decisions = 10999792
num_solve_propagations = 109455386
avg_solve_conflicts = 1
avg_solve_decisions = 19
avg_solve_propagations = 182
avg_solve_unsat_decisions = 0.770
stddev_solve_unsat_decisions = 2.839
num_added_cubes = 27734
num_subsumed_cubes = 25425
num_mic_down_calls = 52555
num_mic_down_good = 11547
num_added_ctgs = 446
num_gc_frame = 181
num_reset = 62
num_try_blocking = 244881
get_bad_cube_time = 3.583
rec_block_cube_time = 34.841
propagate_forward_time = 10.382
generalize_model_time = 8.570
generalize_and_push_time = 31.431
ctg_time = 11.452
try_blocking_time = 41.783
reset_time = 1.839
clausify_time = 1.098
preprocess_time = 1.373
solve_time = 42.568
solve_sat_time = 28.654
solve_unsat_time = 13.914
prove_time = 49.428
memory_used_mb = 27
total_time = 49.665
Safe
