initialized model with 98 latches, 9 inputs and 1 properties
tsim: reached all X state
tsim: performed 8 steps
checking bound 0
checking bound 1
checking bound 2
tdecomp: unrolling 2 cycles
tsim: reached all X state
tsim: performed 6 steps
tdecomp: no improvement found, reverting original model
   2 : 2 1
   3 : 1 2 2
   4 : 1 2 3 5
   5 : 1 1 1 4 6
   6 : 1 1 1 2 4 5
   7 : 1 1 1 1 1 1 11
   8 : 1 1 1 1 1 1 2 9
   9 : 1 1 1 1 1 1 2 4 5
num_solve_calls = 670
num_solve_sat_calls = 178
num_solve_unsat_calls = 39
num_solve_approx_calls = 255
num_solve_approx_unsat_calls = 183
num_solve_conflicts = 651
num_solve_decisions = 17069
num_solve_propagations = 202706
avg_solve_conflicts = 1
avg_solve_decisions = 26
avg_solve_propagations = 303
avg_solve_unsat_decisions = 0.077
stddev_solve_unsat_decisions = 0.270
num_added_cubes = 88
num_subsumed_cubes = 69
num_mic_down_calls = 63
num_mic_down_good = 16
num_added_ctgs = 10
num_gc_frame = 30
num_reset = 0
num_try_blocking = 249
get_bad_cube_time = 0.028
rec_block_cube_time = 0.015
propagate_forward_time = 0.006
generalize_model_time = 0.011
generalize_and_push_time = 0.007
ctg_time = 0.001
try_blocking_time = 0.020
reset_time = 0.000
clausify_time = 0.291
preprocess_time = 0.019
solve_time = 0.048
solve_sat_time = 0.031
solve_unsat_time = 0.017
prove_time = 0.357
memory_used_mb = 11
total_time = 0.431
Unsafe
