initialized model with 236 latches, 32 inputs and 1 properties
tsim: performed 13 steps
tsim: found cycle from 7
checking bound 0
checking bound 1
checking bound 2
tdecomp: unrolling 2 cycles
tsim: performed 11 steps
tsim: found cycle from 5
tdecomp: no improvement found, reverting original model
   2 : 9 16
   3 : 9 0 16
completing final invariant with sub-IC3 call...
num_solve_calls = 239
num_solve_sat_calls = 43
num_solve_unsat_calls = 25
num_solve_approx_calls = 107
num_solve_approx_unsat_calls = 89
num_solve_conflicts = 181
num_solve_decisions = 10645
num_solve_propagations = 343601
avg_solve_conflicts = 1
avg_solve_decisions = 45
avg_solve_propagations = 1438
avg_solve_unsat_decisions = 0.000
stddev_solve_unsat_decisions = 0.000
num_added_cubes = 57
num_subsumed_cubes = 32
num_mic_down_calls = 0
num_mic_down_good = 0
num_added_ctgs = 0
num_gc_frame = 9
num_reset = 0
num_try_blocking = 75
get_bad_cube_time = 0.048
rec_block_cube_time = 0.004
propagate_forward_time = 0.001
generalize_model_time = 0.024
generalize_and_push_time = 0.000
ctg_time = 0.000
try_blocking_time = 0.004
reset_time = 0.000
clausify_time = 0.289
preprocess_time = 0.037
solve_time = 0.051
solve_sat_time = 0.022
solve_unsat_time = 0.029
prove_time = 0.394
memory_used_mb = 13
total_time = 2.088
Safe
