initialized model with 16 latches, 22 inputs and 1 properties
tsim: reached all X state
tsim: performed 3 steps
checking bound 0
checking bound 1
checking bound 2
tdecomp: unrolling 2 cycles
tsim: reached all X state
tsim: performed 2 steps
tdecomp: no improvement found, reverting original model
   2 : 3 0
   3 : 4 4 0
   4 : 4 4 1 5
   5 : 4 4 0 9 0
num_solve_calls = 523
num_solve_sat_calls = 181
num_solve_unsat_calls = 26
num_solve_approx_calls = 116
num_solve_approx_unsat_calls = 52
num_solve_conflicts = 2600
num_solve_decisions = 11139
num_solve_propagations = 478808
avg_solve_conflicts = 5
avg_solve_decisions = 22
avg_solve_propagations = 916
avg_solve_unsat_decisions = 1.231
stddev_solve_unsat_decisions = 1.478
num_added_cubes = 30
num_subsumed_cubes = 13
num_mic_down_calls = 71
num_mic_down_good = 9
num_added_ctgs = 6
num_gc_frame = 10
num_reset = 0
num_try_blocking = 178
get_bad_cube_time = 0.063
rec_block_cube_time = 0.016
propagate_forward_time = 0.003
generalize_model_time = 0.009
generalize_and_push_time = 0.015
ctg_time = 0.008
try_blocking_time = 0.018
reset_time = 0.000
clausify_time = 0.117
preprocess_time = 0.003
solve_time = 0.082
solve_sat_time = 0.052
solve_unsat_time = 0.030
prove_time = 0.217
memory_used_mb = 8
total_time = 0.245
Safe
