initialized model with 75 latches, 16 inputs and 1 properties
tsim: reached all X state
tsim: performed 5 steps
checking bound 0
checking bound 1
checking bound 2
tdecomp: unrolling 2 cycles
tsim: reached all X state
tsim: performed 3 steps
tdecomp: no improvement found, reverting original model
   2 : 0 0
completing final invariant with sub-IC3 call...
num_solve_calls = 6
num_solve_sat_calls = 0
num_solve_unsat_calls = 0
num_solve_approx_calls = 0
num_solve_approx_unsat_calls = 0
num_solve_conflicts = 306
num_solve_decisions = 1040
num_solve_propagations = 34555
avg_solve_conflicts = 51
avg_solve_decisions = 174
avg_solve_propagations = 5760
avg_solve_unsat_decisions = 0.000
stddev_solve_unsat_decisions = 0.000
num_added_cubes = 0
num_subsumed_cubes = 0
num_mic_down_calls = 0
num_mic_down_good = 0
num_added_ctgs = 0
num_gc_frame = 0
num_reset = 0
num_try_blocking = 0
get_bad_cube_time = 0.003
rec_block_cube_time = 0.000
propagate_forward_time = 0.000
generalize_model_time = 0.000
generalize_and_push_time = 0.000
ctg_time = 0.000
try_blocking_time = 0.000
reset_time = 0.000
clausify_time = 0.111
preprocess_time = 0.010
solve_time = 0.006
solve_sat_time = 0.000
solve_unsat_time = 0.006
prove_time = 0.136
memory_used_mb = 9
total_time = 0.221
Safe
