initialized model with 34 latches, 2 inputs and 1 properties
tsim: reached all X state
tsim: performed 6 steps
checking bound 0
checking bound 1
checking bound 2
tdecomp: unrolling 2 cycles
tsim: reached all X state
tsim: performed 4 steps
tdecomp: no improvement found, reverting original model
   2 : 5 0
   3 : 6 9 1
   4 : 6 13 8 0
   5 : 6 13 14 16 6
   6 : 6 13 14 17 14 10
   7 : 6 13 14 17 13 9 10
   8 : 6 13 14 17 13 9 4 16
   9 : 6 13 14 17 13 9 5 2 16
  10 : 6 13 14 17 13 9 5 2 3 15
  11 : 6 13 14 17 13 9 5 2 1 1 19
  12 : 6 13 14 17 13 9 5 2 1 0 21 0
completing final invariant with sub-IC3 call...
num_solve_calls = 4401
num_solve_sat_calls = 1699
num_solve_unsat_calls = 280
num_solve_approx_calls = 1535
num_solve_approx_unsat_calls = 584
num_solve_conflicts = 5713
num_solve_decisions = 51216
num_solve_propagations = 950313
avg_solve_conflicts = 2
avg_solve_decisions = 12
avg_solve_propagations = 216
avg_solve_unsat_decisions = 1.046
stddev_solve_unsat_decisions = 1.836
num_added_cubes = 232
num_subsumed_cubes = 131
num_mic_down_calls = 619
num_mic_down_good = 200
num_added_ctgs = 45
num_gc_frame = 28
num_reset = 0
num_try_blocking = 1901
get_bad_cube_time = 0.117
rec_block_cube_time = 0.091
propagate_forward_time = 0.063
generalize_model_time = 0.035
generalize_and_push_time = 0.085
ctg_time = 0.032
try_blocking_time = 0.146
reset_time = 0.000
clausify_time = 0.141
preprocess_time = 0.003
solve_time = 0.254
solve_sat_time = 0.173
solve_unsat_time = 0.081
prove_time = 0.429
memory_used_mb = 8
total_time = 0.528
Safe
