initialized model with 16 latches, 22 inputs and 1 properties
tsim: reached all X state
tsim: performed 3 steps
checking bound 0
checking bound 1
checking bound 2
tdecomp: unrolling 2 cycles
tsim: reached all X state
tsim: performed 2 steps
tdecomp: no improvement found, reverting original model
   2 : 3 0
   3 : 6 3 1
   4 : 6 3 1 8
   5 : 6 3 0 11 0
num_solve_calls = 667
num_solve_sat_calls = 232
num_solve_unsat_calls = 33
num_solve_approx_calls = 149
num_solve_approx_unsat_calls = 63
num_solve_conflicts = 2934
num_solve_decisions = 13432
num_solve_propagations = 539781
avg_solve_conflicts = 5
avg_solve_decisions = 21
avg_solve_propagations = 810
avg_solve_unsat_decisions = 1.273
stddev_solve_unsat_decisions = 1.825
num_added_cubes = 35
num_subsumed_cubes = 15
num_mic_down_calls = 82
num_mic_down_good = 13
num_added_ctgs = 6
num_gc_frame = 10
num_reset = 0
num_try_blocking = 227
get_bad_cube_time = 0.075
rec_block_cube_time = 0.020
propagate_forward_time = 0.003
generalize_model_time = 0.015
generalize_and_push_time = 0.020
ctg_time = 0.007
try_blocking_time = 0.023
reset_time = 0.000
clausify_time = 0.123
preprocess_time = 0.003
solve_time = 0.098
solve_sat_time = 0.069
solve_unsat_time = 0.029
prove_time = 0.236
memory_used_mb = 8
total_time = 0.264
Safe
