initialized model with 34 latches, 2 inputs and 1 properties
tsim: reached all X state
tsim: performed 6 steps
checking bound 0
checking bound 1
checking bound 2
tdecomp: unrolling 2 cycles
tsim: reached all X state
tsim: performed 4 steps
tdecomp: no improvement found, reverting original model
   2 : 5 0
   3 : 5 8 1
   4 : 5 8 7 4
   5 : 5 8 6 9 1
   6 : 5 8 6 14 8 2
   7 : 5 8 6 14 14 11 3
   8 : 5 8 6 13 13 13 12 8
   9 : 5 8 6 13 13 13 13 10 7
  10 : 5 8 6 13 13 13 13 15 7 9
  11 : 5 8 6 13 13 12 11 20 15 12 10
  12 : 5 8 6 13 13 12 11 20 15 13 7 13
  13 : 5 8 6 13 13 12 11 20 15 13 4 10 11
  14 : 5 8 6 13 13 12 11 20 14 12 6 3 1 26
  15 : 5 8 6 13 13 9 8 13 14 8 6 2 2 0 25
completing final invariant with sub-IC3 call...
num_solve_calls = 7752
num_solve_sat_calls = 3014
num_solve_unsat_calls = 381
num_solve_approx_calls = 2693
num_solve_approx_unsat_calls = 1092
num_solve_conflicts = 4586
num_solve_decisions = 88547
num_solve_propagations = 990028
avg_solve_conflicts = 1
avg_solve_decisions = 12
avg_solve_propagations = 128
avg_solve_unsat_decisions = 0.861
stddev_solve_unsat_decisions = 1.289
num_added_cubes = 454
num_subsumed_cubes = 322
num_mic_down_calls = 1139
num_mic_down_good = 270
num_added_ctgs = 95
num_gc_frame = 47
num_reset = 0
num_try_blocking = 3446
get_bad_cube_time = 0.059
rec_block_cube_time = 0.221
propagate_forward_time = 0.116
generalize_model_time = 0.058
generalize_and_push_time = 0.208
ctg_time = 0.095
try_blocking_time = 0.329
reset_time = 0.000
clausify_time = 0.154
preprocess_time = 0.003
solve_time = 0.367
solve_sat_time = 0.266
solve_unsat_time = 0.101
prove_time = 0.568
memory_used_mb = 8
total_time = 0.846
Safe
