initialized model with 1143 latches, 1190 inputs and 1 properties
tsim: performed 6 steps
tsim: found cycle from 4
checking bound 0
checking bound 1
checking bound 2
tdecomp: unrolling 2 cycles
tsim: performed 4 steps
tsim: found cycle from 2
tsim: found 2 constants and 0 latch equivalences
tdecomp: (1143, 4760) -> (900, 2827)
   2 : 16 11
   3 : 19 27 10
 ... : 19 111 210
   4 : 19 34 320 43
   5 : 19 33 266 68 25
   6 : 19 33 263 96 3 34
   7 : 19 33 263 94 25 1 71
   8 : 19 33 263 94 25 1 0 71
completing final invariant with sub-IC3 call...
num_solve_calls = 31942
num_solve_sat_calls = 12245
num_solve_unsat_calls = 1112
num_solve_approx_calls = 20104
num_solve_approx_unsat_calls = 12003
num_solve_conflicts = 16216
num_solve_decisions = 12093697
num_solve_propagations = 189644458
avg_solve_conflicts = 1
avg_solve_decisions = 379
avg_solve_propagations = 5938
avg_solve_unsat_decisions = 2.223
stddev_solve_unsat_decisions = 31.208
num_added_cubes = 995
num_subsumed_cubes = 489
num_mic_down_calls = 3171
num_mic_down_good = 759
num_added_ctgs = 222
num_gc_frame = 27
num_reset = 1
num_try_blocking = 6546
get_bad_cube_time = 17.936
rec_block_cube_time = 23.417
propagate_forward_time = 1.739
generalize_model_time = 12.301
generalize_and_push_time = 18.663
ctg_time = 7.585
try_blocking_time = 17.628
reset_time = 0.625
clausify_time = 6.765
preprocess_time = 0.692
solve_time = 40.338
solve_sat_time = 27.547
solve_unsat_time = 12.791
prove_time = 50.305
memory_used_mb = 98
total_time = 59.667
Safe
