initialized model with 27 latches, 12 inputs and 1 properties
tsim: performed 34 steps
tsim: found cycle from 32
checking bound 0
checking bound 1
checking bound 2
tdecomp: unrolling 2 cycles
tsim: performed 32 steps
tsim: found cycle from 30
tdecomp: no improvement found, reverting original model
   2 : 1 0
   3 : 1 1 0
   4 : 1 1 1 0
   5 : 1 1 1 1 0
   6 : 1 1 1 1 1 0
   7 : 1 1 1 1 1 1 0
   8 : 1 1 1 1 1 1 1 0
   9 : 1 1 1 1 1 1 1 1 0
  10 : 1 1 1 1 1 1 1 1 1 0
  11 : 1 1 1 1 1 1 1 1 1 1 0
  12 : 1 1 1 1 1 1 1 1 1 1 1 1
  13 : 1 1 1 1 1 1 1 1 1 1 1 1 0
  14 : 2 1 2 1 1 1 1 1 1 1 1 1 1 1
  15 : 4 1 4 1 1 1 2 1 1 2 1 1 1 1 8
  16 : 4 1 4 1 1 1 2 1 1 2 1 1 1 1 1 8
  17 : 4 1 4 1 1 1 2 1 1 2 1 1 1 1 1 1 8
  18 : 4 1 4 1 1 1 2 1 1 2 1 1 1 1 1 1 1 9
  19 : 4 1 4 1 1 1 2 1 1 2 1 1 1 1 1 1 1 1 8
  20 : 8 3 10 1 1 1 2 1 1 1 1 1 1 2 1 1 1 1 1 11
  21 : 8 3 10 1 1 1 2 1 1 1 1 1 1 1 2 1 1 1 1 1 11
  22 : 8 3 10 1 1 1 2 1 1 1 1 1 1 1 2 1 1 1 1 1 1 11
  23 : 8 3 10 1 1 1 2 1 1 1 1 1 1 1 2 1 1 1 1 1 1 1 11
  24 : 8 3 10 1 1 1 2 1 1 1 1 1 1 1 2 1 1 1 1 1 1 1 1 11
  25 : 8 3 10 1 1 1 2 1 1 1 1 1 1 1 2 1 1 1 1 1 1 1 1 1 12
  26 : 8 3 10 1 1 1 2 1 1 1 1 1 1 1 2 1 1 1 1 1 1 1 1 1 1 11
  27 : 10 3 12 1 1 1 3 1 1 1 1 1 1 1 3 1 1 1 1 1 1 1 1 1 1 1 13
  28 : 12 3 14 1 1 1 4 1 1 1 1 1 1 1 4 1 1 1 1 1 1 1 1 1 1 1 6 9
  29 : 12 3 14 1 1 1 4 1 1 1 1 1 1 1 4 1 1 1 1 1 1 1 1 1 1 1 6 7 2
  30 : 12 3 14 1 1 1 4 1 1 1 1 1 1 1 4 1 1 1 1 1 1 1 1 1 1 1 6 0 15 0
num_solve_calls = 8334
num_solve_sat_calls = 3343
num_solve_unsat_calls = 276
num_solve_approx_calls = 3018
num_solve_approx_unsat_calls = 1349
num_solve_conflicts = 1358
num_solve_decisions = 68332
num_solve_propagations = 418577
avg_solve_conflicts = 1
avg_solve_decisions = 9
avg_solve_propagations = 51
avg_solve_unsat_decisions = 0.341
stddev_solve_unsat_decisions = 1.482
num_added_cubes = 366
num_subsumed_cubes = 287
num_mic_down_calls = 956
num_mic_down_good = 143
num_added_ctgs = 57
num_gc_frame = 184
num_reset = 1
num_try_blocking = 3350
get_bad_cube_time = 0.006
rec_block_cube_time = 0.136
propagate_forward_time = 0.042
generalize_model_time = 0.034
generalize_and_push_time = 0.114
ctg_time = 0.055
try_blocking_time = 0.167
reset_time = 0.001
clausify_time = 0.073
preprocess_time = 0.000
solve_time = 0.150
solve_sat_time = 0.115
solve_unsat_time = 0.035
prove_time = 0.272
memory_used_mb = 8
total_time = 0.286
Safe
