initialized model with 130 latches, 66 inputs and 1 properties
tsim: performed 128 steps
tsim: found cycle from 63
tsim: found 0 constants and 5 latch equivalences
seqsimpl: (130, 66) -> (125, 66)
checking bound 0
checking bound 1
checking bound 2
tdecomp: unrolling 2 cycles
tsim: performed 126 steps
tsim: found cycle from 61
tsim: found 1 constants and 0 latch equivalences
tdecomp: (125, 264) -> (124, 197)
   2 : 9 23
   3 : 9 8 25
   4 : 9 8 7 19
   5 : 8 5 8 6 68
   6 : 8 5 8 8 12 67
   7 : 8 5 8 8 9 10 66
   8 : 8 5 8 8 9 5 11 76
   9 : 8 5 8 8 9 4 8 33 65
  10 : 8 5 8 8 9 4 8 19 24 83
  11 : 8 5 8 8 9 4 8 19 11 11 98
  12 : 8 5 8 8 9 4 8 18 8 7 8 109
  13 : 8 5 8 8 9 4 8 18 8 7 6 17 99
  14 : 7 4 8 7 6 4 8 15 6 4 4 9 25 120
  15 : 7 4 8 6 6 4 8 15 6 4 4 9 23 40 91
  16 : 7 4 7 6 6 4 8 15 6 4 4 9 22 23 37 122
  17 : 7 4 7 5 6 4 7 14 7 4 4 9 20 24 33 60 138
  18 : 7 4 7 5 6 4 7 14 6 5 4 9 20 24 32 33 46 166
  19 : 7 4 7 5 6 4 7 13 6 5 4 9 20 21 30 22 30 57 203
  20 : 7 4 7 5 6 4 7 13 6 5 4 9 20 21 30 22 27 30 77 194
  21 : 7 4 7 5 6 4 7 13 6 4 5 9 19 17 30 21 29 19 40 97 256
  22 : 7 4 7 4 5 3 3 13 6 4 5 9 19 17 29 21 28 19 35 67 57 270
  23 : 7 4 7 4 5 3 3 13 6 4 5 9 19 17 29 21 28 18 32 50 34 74 298
  24 : 7 4 7 4 5 3 3 13 6 4 5 9 19 17 28 22 28 18 32 49 31 70 84 256
  25 : 7 4 7 4 5 3 3 13 6 4 5 9 19 17 28 20 27 19 32 43 25 42 26 49 381
  26 : 7 4 7 4 5 3 3 13 6 4 5 9 19 17 28 20 27 19 32 43 25 41 25 47 84 328
  27 : 7 4 7 4 5 3 3 13 6 4 5 9 19 17 28 20 27 19 32 43 25 36 26 38 67 104 325
  28 : 7 4 7 4 4 3 3 12 6 4 4 9 18 17 26 16 20 16 35 43 25 36 24 33 54 69 116 312
  29 : 7 4 7 4 4 3 3 12 6 4 4 9 18 17 26 16 20 16 35 28 23 33 17 32 46 64 99 118 346
  30 : 7 4 7 4 4 3 3 12 6 4 4 9 18 17 26 16 20 16 34 27 21 30 17 31 40 61 94 85 110 380
  31 : 7 4 7 4 4 3 3 12 6 4 4 9 18 17 26 16 20 16 33 26 19 26 12 22 24 34 68 47 27 86 531
  32 : 7 4 7 4 4 3 3 12 6 4 4 9 18 17 26 16 20 16 33 25 18 24 12 22 24 34 68 46 24 77 118 455
  33 : 7 4 7 4 4 3 3 12 6 4 4 9 18 17 26 16 20 16 33 25 18 24 12 22 24 34 68 45 23 74 76 144 419
  34 : 7 4 7 4 4 3 3 12 6 4 4 9 18 17 26 16 20 15 31 21 16 23 11 13 22 32 69 42 16 65 66 73 118 480
  35 : 7 4 7 4 4 3 3 12 6 4 4 9 18 17 26 16 20 15 31 21 16 23 11 13 22 32 69 42 16 65 63 71 95 126 442
  36 : 7 4 7 4 4 3 3 12 6 4 4 9 18 17 26 16 20 15 31 21 16 23 11 13 22 32 68 42 14 63 61 66 78 88 129 475
  37 : 7 4 7 4 4 3 3 12 6 4 4 9 18 17 26 16 19 13 30 21 16 24 11 13 22 32 68 42 14 63 57 45 71 60 101 130 567
  38 : 7 4 7 4 4 3 3 12 6 4 4 9 18 17 26 16 19 13 30 21 16 24 11 13 22 32 68 42 14 63 57 45 71 60 100 112 152 503
  39 : 7 4 7 4 4 3 3 12 6 4 4 9 18 17 26 16 19 13 30 21 16 24 11 13 22 32 68 42 14 63 57 45 69 56 90 82 88 149 528
  40 : 7 4 7 4 4 3 3 12 6 4 4 9 18 17 26 16 19 13 30 21 16 24 11 13 21 32 69 42 14 63 55 45 69 56 89 74 53 105 182 502
  41 : 7 4 7 4 4 3 3 12 6 4 4 9 18 17 26 16 19 13 30 21 16 24 11 11 21 32 69 42 14 63 55 45 70 56 89 69 45 65 77 130 603
  42 : 7 4 7 4 4 3 3 12 6 4 4 9 18 17 26 16 19 13 30 21 16 24 11 11 21 32 69 42 14 62 53 44 57 53 81 56 50 38 77 86 177 582
  43 : 7 4 7 4 4 3 3 12 6 4 4 9 18 17 26 16 19 13 30 21 16 24 11 11 21 32 69 42 14 62 53 44 57 52 81 56 50 37 68 58 106 170 591
  44 : 7 4 7 4 4 3 3 12 6 4 4 9 18 17 26 16 19 13 30 21 16 23 10 8 17 29 66 36 8 53 41 35 43 27 50 47 32 42 25 35 51 54 75 930
  45 : 7 4 7 4 4 3 3 12 6 4 4 9 18 17 26 16 19 12 28 21 16 24 10 7 17 29 66 36 8 53 41 36 47 28 53 49 36 46 28 39 55 59 77 171 780
  46 : 7 4 7 4 4 3 3 12 6 4 4 9 18 17 26 16 19 12 28 21 16 24 10 7 17 29 66 36 8 53 41 36 47 28 53 49 36 46 28 39 53 57 72 137 180 687
  47 : 7 4 7 4 4 3 3 12 6 4 4 9 18 17 26 16 19 12 28 20 16 24 10 7 17 29 64 35 7 51 40 35 46 30 54 50 37 46 30 39 55 58 67 82 130 176 754
  48 : 7 4 7 4 4 3 3 12 6 4 4 9 18 17 26 16 19 12 28 20 16 24 10 7 17 29 64 35 7 51 40 35 46 30 52 49 37 46 29 35 52 51 60 69 93 126 188 721
  49 : 7 4 7 4 4 3 3 12 6 4 4 9 18 17 26 16 19 12 28 20 16 24 10 7 17 29 64 35 7 51 40 35 46 30 52 49 37 46 29 35 52 51 60 69 93 123 177 209 589
  50 : 7 4 7 4 4 3 3 12 6 4 4 9 18 17 26 16 19 12 28 20 16 24 10 7 17 29 64 35 7 51 40 33 44 28 52 48 34 44 28 35 55 52 57 71 70 106 94 168 261 650
  51 : 7 4 7 4 4 3 3 12 6 4 4 9 18 17 26 16 19 12 28 20 16 24 10 7 17 29 64 35 7 51 40 33 44 28 52 48 34 44 28 35 55 52 57 71 70 97 78 153 243 284 459
  52 : 7 4 7 4 4 3 3 12 6 4 4 9 18 17 26 16 19 12 28 20 16 24 10 7 17 29 64 35 7 51 40 29 43 27 50 38 32 49 30 31 55 51 59 63 66 82 76 88 158 172 238 728
  53 : 7 4 7 4 4 3 3 12 6 4 4 9 18 17 26 16 19 12 28 20 16 24 10 7 17 29 64 35 7 51 40 29 43 27 50 38 32 49 30 31 55 51 59 63 66 82 73 85 152 155 215 234 604
  54 : 7 4 7 4 4 3 3 12 6 4 4 9 18 17 26 16 19 12 28 20 16 24 10 7 17 29 64 35 7 51 40 29 41 27 51 39 32 49 30 31 55 51 59 63 66 82 73 81 153 150 219 214 199 490
  55 : 7 4 7 4 4 3 3 12 6 4 4 9 18 17 26 16 19 12 28 20 16 24 10 7 17 29 64 35 7 51 40 29 40 26 51 38 32 50 31 31 55 51 58 56 61 64 55 59 107 123 185 180 176 192 699
  56 : 7 4 7 4 4 3 3 12 6 4 4 9 18 17 26 16 19 12 28 20 16 24 10 7 17 29 64 35 7 51 40 29 40 26 51 38 32 50 31 31 55 51 58 56 61 64 55 59 106 123 181 171 167 166 198 570
  57 : 7 4 7 4 4 3 3 12 6 4 4 9 18 17 25 16 19 12 29 20 16 24 10 7 17 28 62 30 6 48 38 33 40 28 44 33 34 46 39 26 52 63 55 50 65 62 53 59 96 131 183 160 151 158 187 174 525
  58 : 7 4 7 4 4 3 3 12 6 4 4 9 18 17 24 16 19 12 29 21 16 24 10 7 17 28 60 30 6 47 38 33 39 27 45 33 33 47 38 27 51 63 55 50 65 62 53 58 96 131 183 157 146 153 168 97 134 599
  59 : 7 4 7 4 4 3 3 12 6 4 4 9 18 17 24 16 19 12 29 21 16 24 10 7 17 28 60 30 6 46 38 33 39 27 45 35 35 48 39 25 51 63 53 53 66 62 54 59 95 121 183 149 143 157 173 95 94 110 674
  60 : 7 4 7 4 4 3 3 12 6 4 4 9 18 17 24 16 19 12 29 21 16 24 10 7 17 28 60 30 6 46 38 33 39 27 45 35 35 48 38 25 51 63 51 52 63 65 56 59 95 121 183 149 143 157 173 93 90 103 119 612
  61 : 7 4 7 4 4 3 3 12 6 4 4 9 18 17 24 16 19 12 29 21 16 24 10 7 17 28 60 30 6 46 38 33 38 27 43 35 35 47 38 26 52 64 52 52 63 65 56 59 95 121 183 149 140 152 165 83 62 97 74 64 693
  62 : 7 4 7 4 4 3 3 12 6 4 4 9 18 17 24 16 19 12 29 21 16 24 10 7 17 28 60 30 6 46 38 33 38 27 43 35 32 44 37 25 51 63 51 47 57 54 56 68 105 123 169 150 135 155 161 95 65 89 60 55 98 678
  63 : 7 4 7 4 4 3 3 12 6 4 4 9 18 17 24 16 19 12 29 21 16 24 10 7 17 28 60 30 6 46 38 33 38 27 43 35 32 44 37 25 50 63 49 45 55 49 52 60 100 122 156 153 127 168 174 106 65 85 60 50 84 96 660
  64 : 7 4 7 4 4 3 3 12 6 4 4 9 18 17 24 16 19 12 29 21 16 24 10 7 17 28 60 30 6 46 38 33 38 27 43 35 32 44 37 25 50 62 49 45 56 49 52 59 99 121 155 152 122 169 174 106 63 84 60 52 71 61 80 726
  65 : 7 4 7 4 4 3 3 12 6 4 4 9 18 17 24 16 19 12 29 21 16 24 10 7 17 28 60 30 6 46 38 33 38 27 43 35 32 44 37 25 50 62 49 45 56 49 52 59 99 121 155 152 120 157 164 104 59 79 60 50 57 50 54 61 805
  66 : 7 4 7 4 4 3 3 12 6 4 4 9 18 17 24 16 19 12 29 21 16 24 10 7 17 28 60 30 6 46 38 33 38 27 43 35 32 44 37 25 50 62 49 45 56 49 52 59 99 121 155 152 120 157 162 105 59 79 59 49 56 47 52 53 68 767
  67 : 7 4 7 4 4 3 3 12 6 4 4 9 18 17 24 16 19 12 29 21 16 24 10 7 17 28 60 30 6 46 38 33 38 27 43 35 32 44 37 25 50 62 49 45 52 48 51 63 97 121 156 154 119 154 159 104 59 80 60 53 46 43 57 49 54 89 803
  68 : 7 4 7 4 4 3 3 12 6 4 4 9 18 17 24 16 19 12 29 21 16 24 10 7 17 28 60 30 6 46 38 33 38 27 43 35 32 44 37 25 50 62 49 45 52 48 51 63 97 121 156 154 118 153 159 105 59 80 60 51 43 41 56 44 51 60 61 810
  69 : 7 4 7 4 4 3 3 12 6 4 4 9 18 17 24 16 19 12 29 21 16 24 10 7 17 28 60 30 6 46 38 33 38 27 43 35 32 44 37 25 50 62 49 45 52 48 51 63 97 121 156 154 118 153 159 105 59 80 60 51 43 41 54 41 47 38 44 43 829
  70 : 7 4 7 4 4 3 3 12 6 4 4 9 18 17 24 16 19 12 29 21 16 24 10 7 17 28 60 30 6 46 38 33 38 27 43 35 32 44 37 25 50 62 49 45 52 48 51 63 97 121 156 154 118 153 159 105 59 80 60 51 43 41 54 41 47 38 44 43 71 768
  71 : 7 4 7 4 4 3 3 12 6 4 4 9 18 17 24 16 19 12 29 21 16 24 10 7 17 28 60 30 6 46 38 30 38 25 44 37 32 42 39 25 50 62 49 46 52 48 51 63 96 121 154 154 118 153 158 105 58 80 60 52 42 41 54 41 47 38 36 31 31 63 800
  72 : 7 4 7 4 4 3 3 12 6 4 4 9 18 17 24 16 19 12 29 21 16 24 10 7 17 28 60 30 6 46 38 30 38 25 44 37 32 42 39 25 50 62 49 46 52 48 51 63 96 121 154 154 117 151 159 102 56 79 62 49 44 41 40 53 49 51 45 29 41 42 109 813
  73 : 7 4 7 4 4 3 3 12 6 4 4 9 18 17 24 16 19 12 29 21 16 24 10 7 17 28 60 30 6 46 38 30 38 25 44 36 31 37 34 25 45 55 48 47 55 50 52 59 98 120 148 151 119 146 148 107 62 84 67 51 40 45 40 36 60 54 51 31 36 41 52 83 877
  74 : 7 4 7 4 4 3 3 12 6 4 4 9 18 17 24 16 19 12 29 21 16 24 10 7 17 28 60 30 6 46 38 30 38 25 44 36 31 37 34 25 45 55 48 46 52 44 51 57 97 122 148 152 122 150 148 105 62 81 67 48 43 42 42 37 38 60 57 34 37 37 59 45 80 857
  75 : 7 4 7 4 4 3 3 12 6 4 4 9 18 17 24 16 19 12 29 21 16 24 10 7 17 28 60 30 6 46 38 30 38 25 44 36 31 37 34 25 45 55 48 46 52 44 51 57 97 122 148 152 122 150 148 105 62 81 67 48 43 42 42 37 38 60 56 34 37 37 58 42 77 149 727
  76 : 7 4 7 4 4 3 3 12 6 4 4 9 18 17 24 16 19 12 29 21 16 24 10 7 17 28 60 30 6 46 38 30 38 25 44 36 31 37 34 25 45 55 48 46 52 44 48 54 94 117 147 150 121 147 148 105 65 78 63 43 35 42 39 38 41 43 49 25 33 50 55 49 67 91 164 712
  77 : 7 4 7 4 4 3 3 12 6 4 4 9 18 17 24 16 19 12 29 21 16 24 10 7 17 28 60 30 6 46 38 30 38 25 44 36 31 37 34 25 45 55 48 46 52 44 48 54 94 117 144 150 120 150 149 104 60 78 63 43 35 42 40 37 42 42 47 21 12 35 27 28 29 28 20 20 1102
  78 : 7 4 7 4 4 3 3 12 6 4 4 9 18 17 24 16 19 12 29 21 16 24 10 7 17 28 60 30 6 46 38 30 38 25 44 36 31 37 34 25 45 55 48 46 52 44 48 54 94 117 144 150 120 150 149 104 60 78 63 43 35 42 40 37 42 42 47 21 12 35 26 28 29 28 20 20 35 1068
  79 : 7 4 7 4 4 3 3 12 6 4 4 9 18 17 24 16 19 12 29 21 16 24 10 7 17 28 60 30 6 46 38 30 38 25 44 36 31 37 34 25 45 55 48 46 52 44 48 54 94 117 144 150 120 150 149 104 60 78 63 43 34 38 39 31 35 36 48 24 12 20 17 32 35 35 23 21 26 17 1072
  80 : 7 4 7 4 4 3 3 12 6 4 4 9 18 17 24 16 19 12 29 21 16 24 10 7 17 28 60 30 6 46 38 30 38 25 44 36 31 37 34 25 45 55 48 46 52 44 48 54 94 117 144 150 120 150 149 104 60 78 63 43 34 38 39 31 35 36 48 24 12 20 17 32 35 35 23 21 26 17 29 1044
  81 : 7 4 7 4 4 3 3 12 6 4 4 9 18 17 24 16 19 12 29 21 16 24 10 7 17 28 60 30 6 46 38 30 38 25 44 36 31 37 34 25 45 55 48 46 52 44 48 54 94 117 144 150 120 150 149 104 60 78 63 43 34 38 39 31 35 36 48 24 12 20 17 32 35 35 23 21 26 17 29 33 1012
  82 : 7 4 7 4 4 3 3 12 6 4 4 9 18 17 24 16 19 12 29 21 16 24 10 7 17 28 60 30 6 46 38 30 38 25 44 36 31 37 34 25 45 55 48 46 52 44 48 54 94 117 144 150 120 150 149 104 60 78 63 43 34 38 39 31 35 36 47 22 10 21 12 17 36 37 27 21 17 22 9 26 25 1025
  83 : 7 4 7 4 4 3 3 12 6 4 4 9 18 17 24 16 19 12 29 21 16 24 10 7 17 28 60 30 6 46 38 30 38 25 44 36 31 37 34 25 45 55 48 46 52 44 48 54 94 117 144 150 120 150 149 104 60 78 63 43 34 38 39 31 35 36 47 22 10 21 12 17 36 37 27 21 17 22 9 26 25 20 1007
  84 : 7 4 7 4 4 3 3 12 6 4 4 9 18 17 24 16 19 12 29 21 16 24 10 7 17 28 60 30 6 46 38 30 38 25 44 36 31 37 34 25 45 55 48 46 52 44 48 54 94 117 144 150 120 150 149 104 60 78 63 43 34 38 39 31 35 36 47 22 10 21 12 17 36 37 27 21 17 22 9 26 25 20 7 1004
  85 : 7 4 7 4 4 3 3 12 6 4 4 9 18 17 24 16 19 12 29 21 16 24 10 7 17 28 60 30 6 46 38 30 38 25 44 36 31 37 34 25 45 55 48 46 52 44 48 54 94 117 144 150 120 150 149 104 60 78 63 43 34 38 39 31 35 36 47 22 10 21 12 17 36 37 27 21 17 22 9 26 25 20 7 9 994
  86 : 7 4 7 4 4 3 3 12 6 4 4 9 18 17 24 16 19 12 29 21 16 24 10 7 17 28 60 30 6 46 38 30 38 25 44 36 31 37 34 25 45 55 48 46 52 44 48 54 94 117 144 150 120 150 149 104 60 78 63 43 34 38 39 31 35 36 47 22 10 21 12 17 36 37 27 21 17 22 9 26 25 20 7 9 32 962
  87 : 7 4 7 4 4 3 3 12 6 4 4 9 18 17 24 16 19 12 29 21 16 24 10 7 17 28 60 30 6 46 38 30 38 25 44 36 31 37 34 25 45 55 48 46 52 44 48 54 94 117 144 150 120 150 149 104 60 78 63 43 34 38 39 31 35 36 47 22 10 21 12 17 36 37 27 21 17 22 9 26 25 20 7 9 23 33 946
  88 : 7 4 7 4 4 3 3 12 6 4 4 9 18 17 24 16 19 12 29 21 16 24 10 7 17 28 60 30 6 46 38 30 38 25 44 36 31 37 34 25 45 55 48 46 52 44 48 54 94 117 144 150 120 150 149 104 60 78 63 43 34 38 39 31 35 36 47 22 10 21 12 17 36 37 27 21 17 22 9 26 25 20 7 7 10 32 45 923
  89 : 7 4 7 4 4 3 3 12 6 4 4 9 18 17 24 16 19 12 29 21 16 24 10 7 17 28 60 30 6 46 38 30 38 25 44 36 31 37 34 25 45 55 48 46 52 44 48 54 94 117 144 150 120 150 149 104 60 78 63 43 34 38 39 31 35 36 47 22 10 21 12 17 36 37 27 21 17 22 9 26 25 20 7 7 10 32 35 23 912
  90 : 7 4 7 4 4 3 3 12 6 4 4 9 18 17 24 16 19 12 29 21 16 24 10 7 17 28 60 30 6 46 38 30 38 25 44 36 31 37 34 25 45 55 48 46 52 44 48 54 94 117 144 150 120 150 149 104 60 78 63 43 34 38 39 31 35 36 47 22 10 21 12 17 36 37 27 18 12 22 10 26 25 19 6 7 10 29 37 27 34 895
  91 : 7 4 7 4 4 3 3 12 6 4 4 9 18 17 24 16 19 12 29 21 16 24 10 7 17 28 60 30 6 46 38 30 38 25 44 36 31 37 34 25 45 55 48 46 52 44 48 54 94 117 144 150 120 150 149 104 60 78 63 43 33 38 38 29 34 35 47 23 12 23 12 13 38 29 33 17 11 18 15 18 26 19 14 6 6 5 10 29 49 34 921
  92 : 7 4 7 4 4 3 3 12 6 4 4 9 18 17 24 16 19 12 29 21 16 24 10 7 17 28 60 30 6 46 38 30 38 25 44 36 31 37 34 25 45 55 48 46 52 44 48 54 94 117 144 150 120 150 149 104 60 78 63 43 33 38 38 29 34 35 47 23 12 23 12 13 38 29 33 17 11 18 15 18 26 19 14 6 6 5 10 29 40 32 28 912
  93 : 7 4 7 4 4 3 3 12 6 4 4 9 18 17 24 16 19 12 29 21 16 24 10 7 17 28 60 30 6 46 38 30 38 25 44 36 31 37 34 25 45 55 48 46 52 44 48 54 94 117 144 150 120 150 149 104 60 78 63 43 33 38 38 29 34 35 47 23 12 23 12 13 38 29 33 17 11 18 15 18 26 19 14 6 6 5 10 29 40 32 28 27 886
  94 : 7 4 7 4 4 3 3 12 6 4 4 9 18 17 24 16 19 12 29 21 16 24 10 7 17 28 60 30 6 46 38 30 38 25 44 36 31 37 34 25 45 55 48 46 52 44 48 54 94 117 144 150 120 150 149 104 60 78 63 43 33 38 38 29 34 35 47 23 12 23 12 13 38 29 33 17 11 18 15 18 26 19 14 6 6 5 10 29 39 31 27 20 21 885
  95 : 7 4 7 4 4 3 3 12 6 4 4 9 18 17 24 16 19 12 29 21 16 24 10 7 17 28 60 30 6 46 38 30 38 25 44 36 31 37 34 25 45 55 48 46 52 44 48 54 94 116 144 149 120 150 149 104 60 78 63 43 33 38 38 29 34 35 47 23 12 23 12 13 38 29 33 17 11 18 15 18 26 20 15 6 6 5 10 29 40 31 27 20 18 26 878
  96 : 7 4 7 4 4 3 3 12 6 4 4 9 18 17 24 16 19 12 29 21 16 24 10 7 17 28 60 30 6 46 38 30 38 25 44 36 31 37 34 25 45 55 48 46 52 44 48 54 94 116 144 149 120 150 149 104 60 78 63 43 33 38 38 29 34 35 47 23 12 23 12 13 38 29 33 17 11 18 15 18 26 20 15 6 6 5 10 29 38 29 27 21 17 22 30 885
  97 : 7 4 7 4 4 3 3 12 6 4 4 9 18 17 24 16 19 12 29 21 16 24 10 7 17 28 60 30 6 46 38 30 38 25 44 36 31 37 34 25 45 55 48 46 52 44 48 54 94 116 144 149 120 150 149 104 60 78 63 43 33 38 38 29 34 35 47 23 12 23 12 13 38 29 33 17 11 18 15 18 26 20 15 6 6 5 10 29 38 29 27 21 17 21 20 19 903
  98 : 7 4 7 4 4 3 3 12 6 4 4 9 18 17 24 16 19 12 29 21 16 24 10 7 17 28 60 30 6 46 38 30 38 25 44 36 31 37 34 25 45 55 48 46 52 44 48 54 94 116 144 149 120 150 149 104 60 78 63 43 33 38 38 29 34 35 47 23 12 23 12 13 38 29 33 17 11 18 15 18 26 20 15 6 6 5 10 29 38 29 27 21 17 21 20 18 33 883
  99 : 7 4 7 4 4 3 3 12 6 4 4 9 18 17 24 16 19 12 29 21 16 24 10 7 17 27 60 29 5 45 37 30 38 25 44 36 31 37 34 25 46 55 49 47 52 44 48 54 93 116 144 149 120 150 149 104 60 78 63 43 33 38 38 29 34 34 47 23 12 23 12 13 38 29 33 17 11 18 15 17 27 20 15 6 6 5 10 28 38 29 27 20 16 20 19 17 31 22 891
 100 : 7 4 7 4 4 3 3 12 6 4 4 9 18 17 24 16 19 12 29 21 16 24 10 7 17 27 60 29 5 45 37 30 38 25 44 36 31 37 34 25 46 55 49 47 52 44 48 54 93 116 144 149 120 150 149 104 60 78 63 43 33 38 38 29 34 34 47 23 12 23 12 13 38 29 33 17 11 18 15 17 27 20 15 6 6 5 10 28 38 29 27 20 16 20 18 16 31 20 17 899
 101 : 7 4 7 4 4 3 3 12 6 4 4 9 18 17 24 16 19 12 29 21 16 24 10 7 17 27 60 29 5 45 37 30 38 25 44 36 31 37 34 25 46 55 49 47 52 44 48 54 93 116 144 149 120 150 149 104 60 78 63 43 33 38 38 29 34 34 47 23 12 23 12 13 38 29 33 17 11 18 15 17 27 20 15 6 6 5 10 28 38 29 27 20 16 20 18 16 31 20 20 22 898
 102 : 7 4 7 4 4 3 3 12 6 4 4 9 18 17 24 16 19 12 29 21 16 24 10 7 17 27 60 29 5 45 37 30 38 25 44 36 31 37 34 25 46 55 49 47 52 44 48 54 93 116 144 149 120 150 149 104 60 78 63 43 33 38 38 29 34 34 47 23 12 23 12 13 38 29 33 17 11 18 15 17 27 20 15 6 6 5 10 28 38 29 27 20 16 20 18 16 31 19 20 13 22 898
 103 : 7 4 7 4 4 3 3 12 6 4 4 9 18 17 24 16 19 12 29 21 16 24 10 7 17 27 60 29 5 45 37 30 38 25 44 36 31 37 34 25 46 55 49 47 52 44 48 54 93 116 144 149 120 150 149 104 60 78 63 43 33 38 38 29 34 34 47 23 12 23 12 13 38 29 33 17 11 18 15 17 27 20 15 6 6 5 10 28 38 29 27 20 16 20 18 16 31 23 21 13 21 17 908
 104 : 7 4 7 4 4 3 3 12 6 4 4 9 18 17 24 16 19 12 29 21 16 24 10 7 17 27 60 29 5 45 37 30 38 25 44 36 31 37 34 25 46 55 49 47 52 44 48 54 93 116 144 149 120 150 149 104 60 78 63 43 33 38 38 29 34 34 47 23 12 23 12 13 38 29 33 17 11 18 15 17 27 20 15 6 6 5 10 28 38 29 27 20 16 20 18 16 31 23 21 13 21 14 16 907
 105 : 7 4 7 4 4 3 3 12 6 4 4 9 18 17 24 16 19 12 29 21 16 24 10 7 17 27 60 29 5 45 37 30 38 25 44 36 31 37 34 25 46 55 49 47 52 44 48 54 93 116 144 149 120 150 149 104 60 78 63 43 33 38 38 29 34 34 47 23 12 23 12 13 38 29 33 17 11 18 15 17 27 20 15 6 6 5 10 28 38 29 27 20 16 20 18 16 30 22 18 11 18 13 16 17 919
 106 : 7 4 7 4 4 3 3 12 6 4 4 9 18 17 24 16 19 12 29 21 16 24 10 7 17 27 60 29 5 45 37 30 38 25 44 36 31 37 34 25 46 55 49 47 52 44 48 54 93 116 144 149 120 150 149 104 60 78 63 43 33 38 38 29 34 34 47 23 12 23 12 13 38 29 33 17 11 18 15 17 27 20 15 6 6 5 10 28 38 29 27 20 16 20 18 16 30 22 18 11 17 12 14 19 19 918
 107 : 7 4 7 4 4 3 3 12 6 4 4 9 18 17 24 16 19 12 29 21 16 24 10 7 17 27 60 29 5 45 37 30 38 25 44 36 31 37 34 25 46 55 49 47 52 44 47 53 93 117 144 149 120 150 149 104 60 78 63 43 33 38 38 29 34 34 47 23 12 23 12 13 38 29 33 17 11 18 15 17 27 20 15 6 6 5 10 28 38 29 27 20 16 20 18 16 30 22 18 11 17 12 14 19 16 20 910
 108 : 7 4 7 4 4 3 3 12 6 4 4 9 18 17 24 16 19 12 29 21 16 24 10 7 17 27 60 29 5 45 37 30 38 25 44 36 31 37 34 25 46 55 49 47 52 44 47 53 93 117 144 149 120 150 149 104 60 78 63 43 33 38 38 29 34 34 47 23 12 23 12 13 38 29 33 17 11 18 15 17 27 20 15 6 6 5 10 28 38 29 27 20 16 20 16 15 30 22 18 11 17 12 14 19 16 18 13 914
 109 : 7 4 7 4 4 3 3 12 6 4 4 9 18 17 24 16 19 12 29 21 16 24 10 7 17 27 60 29 5 45 37 30 38 25 44 36 31 37 34 25 46 55 49 47 52 44 47 53 93 117 144 149 120 150 149 104 60 78 63 43 33 38 38 29 34 34 47 23 12 23 12 13 38 29 33 17 11 18 15 16 27 20 15 6 6 5 10 28 38 29 27 20 15 20 15 15 31 26 20 13 17 14 14 17 13 17 12 13 948
 110 : 7 4 7 4 4 3 3 12 6 4 4 9 18 17 24 16 19 12 29 21 16 24 10 7 17 27 60 29 5 45 37 30 38 25 44 36 31 37 34 25 46 55 49 47 52 44 47 53 93 117 144 149 120 150 149 104 60 78 63 43 33 38 38 29 34 34 47 23 12 23 12 13 38 29 33 17 11 18 15 16 27 20 15 6 6 5 10 28 38 29 27 20 15 20 15 15 31 26 20 13 17 14 14 17 12 17 14 11 15 954
 111 : 7 4 7 4 4 3 3 12 6 4 4 9 18 17 24 16 19 12 29 21 16 24 10 7 17 27 60 29 5 45 37 30 38 25 44 36 31 37 34 25 46 55 49 47 52 44 47 53 93 117 144 149 120 150 149 104 60 78 63 43 33 38 38 29 34 34 47 23 12 23 12 13 38 29 33 17 11 18 15 16 27 20 15 6 6 5 10 28 38 29 27 20 15 20 15 15 31 26 20 13 17 14 14 17 12 17 14 11 15 10 951
 112 : 7 4 7 4 4 3 3 12 6 4 4 9 18 17 24 16 19 12 29 21 16 24 10 7 17 27 60 29 5 45 37 30 38 25 44 36 31 37 34 25 46 55 49 47 52 44 47 53 93 117 144 149 120 150 149 104 60 78 63 43 33 38 38 29 34 34 47 23 12 23 12 13 38 29 33 17 11 18 15 16 27 20 15 6 6 5 10 28 38 29 27 20 15 20 15 14 32 28 21 14 15 11 10 12 10 11 9 8 12 11 30 971
 113 : 7 4 7 4 4 3 3 12 6 4 4 9 18 17 24 16 19 12 29 21 16 24 10 7 17 27 60 29 5 45 37 30 38 25 44 36 31 37 34 25 46 55 49 47 52 44 47 53 93 117 144 149 120 150 149 104 60 78 63 43 33 38 38 29 34 34 47 23 12 23 12 13 38 29 33 17 11 18 15 16 27 20 15 6 6 5 10 28 38 29 27 20 15 20 15 14 32 28 21 14 15 11 10 12 10 11 9 8 12 11 14 19 974
 114 : 7 4 7 4 4 3 3 12 6 4 4 9 18 17 24 16 19 12 29 21 16 24 10 7 17 27 60 29 5 45 37 30 38 25 44 36 31 37 34 25 46 55 49 47 52 44 47 53 93 117 144 149 120 150 149 104 60 78 63 43 33 38 38 29 34 34 47 23 12 23 12 13 38 29 33 17 11 18 15 16 27 20 15 6 6 5 10 28 38 29 27 20 15 20 15 14 32 28 21 14 15 11 10 12 10 11 9 8 12 11 14 15 10 972
 115 : 7 4 7 4 4 3 3 12 6 4 4 9 18 17 24 16 19 12 29 21 16 24 10 7 17 27 60 29 5 45 37 30 38 25 44 36 31 37 34 25 46 55 49 47 52 44 47 53 93 117 144 149 120 150 149 104 60 78 63 43 33 38 38 29 34 34 47 23 12 23 12 13 38 29 33 17 11 18 15 16 27 20 15 6 6 5 10 28 38 29 27 20 15 20 15 14 32 28 21 14 15 11 10 12 10 11 9 8 12 11 14 15 12 14 966
 116 : 7 4 7 4 4 3 3 12 6 4 4 9 18 17 24 16 19 12 29 21 16 24 10 7 17 27 60 29 5 45 37 30 38 25 44 36 31 37 34 25 46 55 49 47 52 44 47 53 93 117 144 149 120 150 149 104 60 78 63 43 33 38 38 29 34 34 47 23 12 23 12 13 38 29 33 17 11 18 15 16 27 20 15 6 6 5 10 28 38 29 27 20 15 20 15 14 32 28 21 14 15 11 10 12 10 11 9 8 12 11 14 15 12 11 7 973
 117 : 7 4 7 4 4 3 3 12 6 4 4 9 18 17 24 16 19 12 29 21 16 24 10 7 17 27 60 29 5 45 37 30 38 25 44 36 31 37 34 25 46 55 49 47 52 44 47 53 93 117 144 149 120 150 149 104 60 78 63 43 33 38 38 29 34 34 47 23 12 23 12 13 38 29 33 17 11 18 15 16 27 20 15 6 6 5 10 28 32 25 29 23 8 25 18 11 24 29 27 14 12 12 15 7 10 14 9 8 10 10 13 11 14 12 8 7 993
 118 : 7 4 7 4 4 3 3 12 6 4 4 9 18 17 24 16 19 12 29 21 16 24 10 7 17 27 60 29 5 45 37 30 38 25 44 36 31 37 34 25 46 55 49 47 52 44 47 53 93 117 144 149 120 150 149 104 60 78 63 43 33 38 38 29 34 34 47 23 12 23 12 13 38 29 33 17 11 18 15 16 27 20 15 6 6 5 10 28 32 25 29 23 8 25 18 11 24 29 27 14 12 12 15 7 10 14 9 8 10 10 13 11 14 12 8 10 13 982
 119 : 7 4 7 4 4 3 3 12 6 4 4 9 18 17 24 16 19 12 29 21 16 24 10 7 17 27 60 29 5 45 37 30 38 25 44 36 31 37 34 25 45 55 49 47 52 44 47 53 93 117 144 149 120 150 149 104 60 78 63 43 33 38 38 29 34 34 47 23 12 23 12 13 38 29 33 16 11 18 15 16 26 20 15 6 6 5 10 28 32 25 29 23 8 25 19 11 24 27 29 13 13 12 15 7 10 14 9 8 10 10 13 11 14 12 8 10 8 13 980
 120 : 7 4 7 4 4 3 3 12 6 4 4 9 18 17 24 16 19 12 29 21 16 24 10 7 17 27 60 29 5 45 37 30 38 25 44 36 31 37 34 25 45 55 49 47 52 44 47 53 93 117 144 149 120 150 149 104 60 78 63 43 33 38 38 29 34 34 47 23 12 23 12 13 38 29 33 16 11 18 15 16 26 20 15 6 6 5 10 28 32 25 29 23 8 25 19 11 24 27 29 13 13 12 15 7 10 14 9 8 10 10 13 11 14 12 8 10 6 6 13 985
 ... : 7 4 7 4 4 3 3 12 6 4 4 9 18 17 24 16 19 12 29 21 16 24 10 7 17 27 60 29 5 45 37 30 38 25 44 36 31 37 34 25 45 55 49 47 52 44 47 53 93 117 144 149 120 150 149 104 60 78 63 43 33 38 38 29 34 34 47 23 12 23 12 13 38 29 33 16 11 18 15 16 26 20 15 6 6 5 10 28 32 25 29 23 8 25 19 11 24 29 30 13 13 12 15 7 10 14 9 8 10 10 13 11 14 12 8 10 6 6 14 993
tdecomp: completing cex trace with 2 initial steps
seqsimpl: completing cex trace with simulation
num_solve_calls = 713353
num_solve_sat_calls = 333969
num_solve_unsat_calls = 20812
num_solve_approx_calls = 512169
num_solve_approx_unsat_calls = 229966
num_solve_conflicts = 353722
num_solve_decisions = 38068963
num_solve_propagations = 256503575
avg_solve_conflicts = 1
avg_solve_decisions = 54
avg_solve_propagations = 360
avg_solve_unsat_decisions = 0.587
stddev_solve_unsat_decisions = 1.406
num_added_cubes = 101532
num_subsumed_cubes = 96979
num_mic_down_calls = 48982
num_mic_down_good = 18311
num_added_ctgs = 3455
num_gc_frame = 882
num_reset = 93
num_try_blocking = 434151
get_bad_cube_time = 4.635
rec_block_cube_time = 21.124
propagate_forward_time = 66.767
generalize_model_time = 5.323
generalize_and_push_time = 18.299
ctg_time = 9.518
try_blocking_time = 80.392
reset_time = 1.663
clausify_time = 2.463
preprocess_time = 1.035
solve_time = 80.795
solve_sat_time = 67.822
solve_unsat_time = 12.973
prove_time = 94.471
memory_used_mb = 15
total_time = 94.558
Unsafe
