1
b0
0000000000000000000000000000000000000000000000000000000000000000000000000000000000000000000000000000000000000000000000000000000000
10000110100110000110000110101011010001000010000110000110111111000x
110001101001100001100001101010110100010000100001100001101111110000
110001101001100001100001101010110100010000100001100001101111110000
110001101001100001100001101010110100010000100001100001101111110000
110001101001100001100001101010110100010000100001100001101111110000
110001101001100001100001101010110100010000100001100001101111110000
110001101001100001100001101010110100010000100001100001101111110000
110001101001100001100001101010110100010000100001100001101111110000
110001101001100001100001101010110100010000100001100001101111110000
110001101001100001100001101010110100010000100001100001101111110000
110001101001100001100001101010110100010000100001100001101111110000
110001101001100001100001101010110100010000100001100001101111110000
110001101001100001100001101010110100010000100001100001101111110000
110001101001100001100001101010110100010000100001100001101111110000
110001101001100001100001101010110100010000100001100001101111110000
110001101001100001100001101010110100010000100001100001101111110000
110001101001100001100001101010110100010000100001100001101111110000
110001101001100001100001101010110100010000100001100001101111110000
110001101001100001100001101010110100010000100001100001101111110000
110001101001100001100001101010110100010000100001100001101111110000
110001101001100001100001101010110100010000100001100001101111110000
110001101001100001100001101010110100010000100001100001101111110000
110001101001100001100001101010110100010000100001100001101111110000
110001101001100001100001101010110100010000100001100001101111110000
110001101001100001100001101010110100010000100001100001101111110000
110001101001100001100001101010110100010000100001100001101111110000
110001101001100001100001101010110100010000100001100001101111110000
110001101001100001100001101010110100010000100001100001101111110000
110001101001100001100001101010110100010000100001100001101111110000
110001101001100001100001101010110100010000100001100001101111110000
110001101001100001100001101010110100010000100001100001101111110000
110001101001100001100001101010110100010000100001100001101111110000
110001101001100001100001101010110100010000100001100001101111110000
110001101001100001100001101010110100010000100001100001101111110000
110001101001100001100001101010110100010000100001100001101111110000
110001101001100001100001101010110100010000100001100001101111110000
110001101001100001100001101010110100010000100001100001101111110000
110001101001100001100001101010110100010000100001100001101111110000
110001101001100001100001101010110100010000100001100001101111110000
110001101001100001100001101010110100010000100001100001101111110000
110001101001100001100001101010110100010000100001100001101111110000
110001101001100001100001101010110100010000100001100001101111110000
110001101001100001100001101010110100010000100001100001101111110000
110001101001100001100001101010110100010000100001100001101111110000
110001101001100001100001101010110100010000100001100001101111110000
110001101001100001100001101010110100010000100001100001101111110000
110001101001100001100001101010110100010000100001100001101111110000
110001101001100001100001101010110100010000100001100001101111110000
110001101001100001100001101010110100010000100001100001101111110000
110001101001100001100001101010110100010000100001100001101111110000
110001101001100001100001101010110100010000100001100001101111110000
110001101001100001100001101010110100010000100001100001101111110000
110001101001100001100001101010110100010000100001100001101111110000
110001101001100001100001101010110100010000100001100001101111110000
110001101001100001100001101010110100010000100001100001101111110000
110001101001100001100001101010110100010000100001100001101111110000
110001101001100001100001101010110100010000100001100001101111110000
110001101001100001100001101010110100010000100001100001101111110000
110001101001100001100001101010110100010000100001100001101111110000
110001101001100001100001101010110100010000100001100001101111110000
110001101001100001100001101010110100010000100001100001101111110000
110001101001100001100001101010110100010000100001100001101111110000
010001101001100001100001101010110100010000100001100001101111110010
110001101001100001100001101010110100010000100001100001101111110100
110001101001100001100001101010110100010000100001100001101111110100
110001101001100001100001101010110100010000100001100001101111110100
110001101001100001100001101010110100010000100001100001101111110100
110001101001100001100001101010110100010000100001100001101111110100
110001101001100001100001101010110100010000100001100001101111110100
110001101001100001100001101010110100010000100001100001101111110100
110001101001100001100001101010110100010000100001100001101111110100
110001101001100001100001101010110100010000100001100001101111110100
110001101001100001100001101010110100010000100001100001101111110100
110001101001100001100001101010110100010000100001100001101111110100
110001101001100001100001101010110100010000100001100001101111110100
110001101001100001100001101010110100010000100001100001101111110100
110001101001100001100001101010110100010000100001100001101111110100
110001101001100001100001101010110100010000100001100001101111110100
110001101001100001100001101010110100010000100001100001101111110100
110001101001100001100001101010110100010000100001100001101111110100
110001101001100001100001101010110100010000100001100001101111110100
110001101001100001100001101010110100010000100001100001101111110100
110001101001100001100001101010110100010000100001100001101111110100
110001101001100001100001101010110100010000100001100001101111110100
110001101001100001100001101010110100010000100001100001101111110100
110001101001100001100001101010110100010000100001100001101111110100
110001101001100001100001101010110100010000100001100001101111110100
110001101001100001100001101010110100010000100001100001101111110100
110001101001100001100001101010110100010000100001100001101111110100
110001101001100001100001101010110100010000100001100001101111110100
110001101001100001100001101010110100010000100001100001101111110100
110001101001100001100001101010110100010000100001100001101111110100
110001101001100001100001101010110100010000100001100001101111110100
110001101001100001100001101010110100010000100001100001101111110100
110001101001100001100001101010110100010000100001100001101111110100
110001101001100001100001101010110100010000100001100001101111110100
110001101001100001100001101010110100010000100001100001101111110100
110001101001100001100001101010110100010000100001100001101111110100
110001101001100001100001101010110100010000100001100001101111110100
110001101001100001100001101010110100010000100001100001101111110100
110001101001100001100001101010110100010000100001100001101111110100
110001101001100001100001101010110100010000100001100001101111110100
110001101001100001100001101010110100010000100001100001101111110100
110001101001100001100001101010110100010000100001100001101111110100
110001101001100001100001101010110100010000100001100001101111110100
110001101001100001100001101010110100010000100001100001101111110100
110001101001100001100001101010110100010000100001100001101111110100
110001101001100001100001101010110100010000100001100001101111110100
110001101001100001100001101010110100010000100001100001101111110100
110001101001100001100001101010110100010000100001100001101111110100
110001101001100001100001101010110100010000100001100001101111110100
110001101001100001100001101010110100010000100001100001101111110100
110001101001100001100001101010110100010000100001100001101111110100
110001101001100001100001101010110100010000100001100001101111110100
110001101001100001100001101010110100010000100001100001101111110100
110001101001100001100001101010110100010000100001100001101111110100
110001101001100001100001101010110100010000100001100001101111110100
110001101001100001100001101010110100010000100001100001101111110100
110001101001100001100001101010110100010000100001100001101111110100
110001101001100001100001101010110100010000100001100001101111110100
110001101001100001100001101010110100010000100001100001101111110100
110001101001100001100001101010110100010000100001100001101111110100
110001101001100001100001101010110100010000100001100001101111110100
100001101001100001100001101010110100010000100001100001101111110100
100001101001100001100001101010110100010000100001100001101111110100
100001101001100001100001101010110100010000100001100001101111110100
0100011010011000011000011010101101000100001000011000011011111101x0
xxxxxxxxxxxxxxxxxxxxxxxxxxxxxxxxxxxxxxxxxxxxxxxxxxxxxxxxxxxxxxxxx1
.
