1
b0
0000000000000000000000000000000000000000000000000000000000000000000000000000000000000000000000000000000000000000000000000000000000000000000000000000000000000000
001000001000000000011001010111101000001110101101010101000100011011001000011000000100100x
1111000011111111000110010101111010000011101011010101010001000110110010000110000001001000
1111100011111111000110010101111010000011101011010101010001000110110010000110000001001000
1111100011111111000110010101111010000011101011010101010001000110110010000110000001001000
1111100011011111000110010101111010000011101011010101010001000110110010000110000001001000
1111100011011111000110010101111010000011101011010101010001000110110010000110000001001000
1111100011011111000110010101111010000011101011010101010001000110110010000110000001001000
1111100011011111000110010101111010000011101011010101010001000110110010000110000001001000
1111100011011111000110010101111010000011101011010101010001000110110010000110000001001000
1111100011011111000110010101111010000011101011010101010001000110110010000110000001001000
1111100011011111000110010101111010000011101011010101010001000110110010000110000001001000
1111100011011111000110010101111010000011101011010101010001000110110010000110000001001000
1111100011011111000110010101111010000011101011010101010001000110110010000110000001001000
1111100010011111000110010101111010000011101011010101010001000110110010000110000001001000
1111100010010001000110010101111010000011101011010101010001000110110010000110000001001000
1111100010010001000110010101111010000011101011010101010001000110110010000110000001001000
1111100010010000000110010101111010000011101011010101010001000110110010000110000001001000
0001100000010000000110010101111010000011101011010101010001000110110010000110000001001010
1111111111111111000110010101111010000011101011010101010001000110110010000110000001000000
1111111111111111000110010101111010000011101011010101010001000110110010000110000001000000
1111111111111111000110010101111010000011101011010101010001000110110010000110000001000000
1111111111111111000110010101111010000011101011010101010001000110110010000110000001000000
1111111111111111000110010101111010000011101011010101010001000110110010000110000001000000
1111111111111111000110010101111010000011101011010101010001000110110010000110000001000000
1111111111111111000110010101111010000011101011010101010001000110110010000110000001000000
1111111111111111000110010101111010000011101011010101010001000110110010000110000001000000
1111111111111111000110010101111010000011101011010101010001000110110010000110000001000000
1111111111111111000110010101111010000011101011010101010001000110110010000110000001000000
1111111111111111000110010101111010000011101011010101010001000110110010000110000001000000
1111111111111111000110010101111010000011101011010101010001000110110010000110000001000000
1111111111111111000110010101111010000011101011010101010001000110110010000110000001000000
1111111111111111000110010101111010000011101011010101010001000110110010000110000001000000
1111111111111111000110010101111010000011101011010101010001000110110010000110000001000000
1111111111111111000110010101111010000011101011010101010001000110110010000110000001000000
1111111111111111000110010101111010000011101011010101010001000110110010000110000001000000
1111111111111111000110010101111010000011101011010101010001000110110010000110000001000000
1111111111111111000110010101111010000011101011010101010001000110110010000110000001000000
1111111111111111000110010101111010000011101011010101010001000110110010000110000001000000
1111111111111111000110010101111010000011101011010101010001000110110010000110000001000000
1111111111111111000110010101111010000011101011010101010001000110110010000110000001000000
1111111111111111000110010101111010000011101011010101010001000110110010000110000001000000
1111111111111111000110010101111010000011101011010101010001000110110010000110000001000000
1111111111111111000110010101111010000011101011010101010001000110110010000110000001000000
1111111111111111000110010101111010000011101011010101010001000110110010000110000001000000
1111111111111111000110010101111010000011101011010101010001000110110010000110000001000000
1111111111111111000110010101111010000011101011010101010001000110110010000110000001000000
1111111111111111000110010101111010000011101011010101010001000110110010000110000001000000
1111111111111111000110010101111010000011101011010101010001000110110010000110000001000000
1111111111111111000110010101111010000011101011010101010001000110110010000110000001000000
1111111111111111000110010101111010000011101011010101010001000110110010000110000001000000
1111111111111111000110010101111010000011101011010101010001000110110010000110000001000000
1111111111111111000110010101111010000011101011010101010001000110110010000110000001000000
1111111111111111000110010101111010000011101011010101010001000110110010000110000001000000
1111111111111111000110010101111010000011101011010101010001000110110010000110000001000000
1111111111111111000110010101111010000011101011010101010001000110110010000110000001000000
1111111111111111000110010101111010000011101011010101010001000110110010000110000001000000
1111111111111111000110010101111010000011101011010101010001000110110010000110000001000000
1111111111111111000110010101111010000011101011010101010001000110110010000110000001000000
1111111111111111000110010101111010000011101011010101010001000110110010000110000001000000
1111111111111111000110010101111010000011101011010101010001000110110010000110000001000000
1111111111111111000110010101111010000011101011010101010001000110110010000110000001000000
1111111111111111000110010101111010000011101011010101010001000110110010000110000001000000
1111111111111111000110010101111010000011101011010101010001000110110010000110000001000000
1111111111111111000110010101111010000011101011010101010001000110110010000110000001000000
1111111111111111000110010101111010000011101011010101010001000110110010000110000001000000
1111111111111111000110010101111010000011101011010101010001000110110010000110000001000000
1111111111111111000110010101111010000011101011010101010001000110110010000110000001000000
1111111111111111000110010101111010000011101011010101010001000110110010000110000001000000
1111111111111111000110010101111010000011101011010101010001000110110010000110000001000000
1111111111111111000110010101111010000011101011010101010001000110110010000110000001000000
1111111111111111000110010101111010000011101011010101010001000110110010000110000001000000
1111111111111111000110010101111010000011101011010101010001000110110010000110000001000000
1111111111111111000110010101111010000011101011010101010001000110110010000110000001000000
1111111111111111000110010101111010000011101011010101010001000110110010000110000001000000
1111111111111111000110010101111010000011101011010101010001000110110010000110000001000000
1111111111111111000110010101111010000011101011010101010001000110110010000110000001000000
1111111111111111000110010101111010000011101011010101010001000110110010000110000001000000
1111111010011111000110010101111010000011101011010101010001000110110010000110000001000000
1011111111111111000110010101111010000011101011010101010001000110110010000110000001000000
1000000010011111000110010101111010000011101011010101010001000110110010000110000001000000
1111111111111110000110010101111010000011101011010101010001000110110010000110000001000000
00011000000100000001100101011110100000111010110101010100010001101100100001100000010000x0
xxxxxxxxxxxxxxxxxxxxxxxxxxxxxxxxxxxxxxxxxxxxxxxxxxxxxxxxxxxxxxxxxxxxxxxxxxxxxxxxxxxxxxx1
.
