initialized model with 20 latches, 4 inputs and 1 properties
tsim: performed 220 steps
checking bound 0
checking bound 1
checking bound 2
tdecomp: unrolling 2 cycles
tsim: performed 219 steps
tsim: found 1 constants and 0 latch equivalences
tdecomp: (20, 16) -> (19, 11)
   2 : 1 0
   3 : 1 1 0
   4 : 1 1 1 0
   5 : 1 1 1 1 0
   6 : 1 1 1 1 1 0
   7 : 1 1 1 1 1 1 0
   8 : 1 1 1 1 1 1 1 0
   9 : 1 1 1 1 1 1 1 1 0
  10 : 1 1 1 1 1 1 1 1 1 0
  11 : 1 1 1 1 1 1 1 1 1 1 0
  12 : 1 1 1 1 1 1 1 1 1 1 1 0
  13 : 1 1 1 1 1 1 1 1 1 1 1 1 0
  14 : 1 1 1 1 1 1 1 1 1 1 1 1 1 0
  15 : 1 1 1 1 1 1 1 1 1 1 1 1 1 1 0
  16 : 1 1 1 1 1 1 1 1 1 1 1 1 1 1 1 0
  17 : 1 1 1 1 1 1 1 1 1 1 1 1 1 1 1 1 0
  18 : 1 1 1 1 1 1 1 1 1 1 1 1 1 1 1 1 1 0
  19 : 1 1 1 1 1 1 1 1 1 1 1 1 1 1 1 1 1 1 0
  20 : 1 1 1 1 1 1 1 1 1 1 1 1 1 1 1 1 1 1 1 0
  21 : 1 1 1 1 1 1 1 1 1 1 1 1 1 1 1 1 1 1 1 1 0
  22 : 1 1 1 1 1 1 1 1 1 1 1 1 1 1 1 1 1 1 1 1 1 0
  23 : 1 1 1 1 1 1 1 1 1 1 1 1 1 1 1 1 1 1 1 1 1 1 0
  24 : 1 1 1 1 1 1 1 1 1 1 1 1 1 1 1 1 1 1 1 1 1 1 1 0
  25 : 1 1 1 1 1 1 1 1 1 1 1 1 1 1 1 1 1 1 1 1 1 1 1 1 0
  26 : 1 1 1 1 1 1 1 1 1 1 1 1 1 1 1 1 1 1 1 1 1 1 1 1 1 0
  27 : 1 1 1 1 1 1 1 1 1 1 1 1 1 1 1 1 1 1 1 1 1 1 1 1 1 1 0
  28 : 1 1 1 1 1 1 1 1 1 1 1 1 1 1 1 1 1 1 1 1 1 1 1 1 1 1 1 0
  29 : 1 1 1 1 1 1 1 1 1 1 1 1 1 1 1 1 1 1 1 1 1 1 1 1 1 1 1 1 0
  30 : 1 1 1 1 1 1 1 1 1 1 1 1 1 1 1 1 1 1 1 1 1 1 1 1 1 1 1 1 1 0
  31 : 1 1 1 1 1 1 1 1 1 1 1 1 1 1 1 1 1 1 1 1 1 1 1 1 1 1 1 1 1 1 0
  32 : 1 1 1 1 1 1 1 1 1 1 1 1 1 1 1 1 1 1 1 1 1 1 1 1 1 1 1 1 1 1 1 0
  33 : 1 1 1 1 1 1 1 1 1 1 1 1 1 1 1 1 1 1 1 1 1 1 1 1 1 1 1 1 1 1 1 1 0
  34 : 1 1 1 1 1 1 1 1 1 1 1 1 1 1 1 1 1 1 1 1 1 1 1 1 1 1 1 1 1 1 1 1 1 0
  35 : 1 1 1 1 1 1 1 1 1 1 1 1 1 1 1 1 1 1 1 1 1 1 1 1 1 1 1 1 1 1 1 1 1 1 0
  36 : 1 1 1 1 1 1 1 1 1 1 1 1 1 1 1 1 1 1 1 1 1 1 1 1 1 1 1 1 1 1 1 1 1 1 1 0
  37 : 1 1 1 1 1 1 1 1 1 1 1 1 1 1 1 1 1 1 1 1 1 1 1 1 1 1 1 1 1 1 1 1 1 1 1 1 0
  38 : 1 1 1 1 1 1 1 1 1 1 1 1 1 1 1 1 1 1 1 1 1 1 1 1 1 1 1 1 1 1 1 1 1 1 1 1 1 0
  39 : 1 1 1 1 1 1 1 1 1 1 1 1 1 1 1 1 1 1 1 1 1 1 1 1 1 1 1 1 1 1 1 1 1 1 1 1 1 1 0
  40 : 1 1 1 1 1 1 1 1 1 1 1 1 1 1 1 1 1 1 1 1 1 1 1 1 1 1 1 1 1 1 1 1 1 1 1 1 1 1 1 0
  41 : 1 1 1 1 1 1 1 1 1 1 1 1 1 1 1 1 1 1 1 1 1 1 1 1 1 1 1 1 1 1 1 1 1 1 1 1 1 1 1 1 0
  42 : 1 1 1 1 1 1 1 1 1 1 1 1 1 1 1 1 1 1 1 1 1 1 1 1 1 1 1 1 1 1 1 1 1 1 1 1 1 1 1 1 1 0
  43 : 1 1 1 1 1 1 1 1 1 1 1 1 1 1 1 1 1 1 1 1 1 1 1 1 1 1 1 1 1 1 1 1 1 1 1 1 1 1 1 1 1 1 0
  44 : 1 1 1 1 1 1 1 1 1 1 1 1 1 1 1 1 1 1 1 1 1 1 1 1 1 1 1 1 1 1 1 1 1 1 1 1 1 1 1 1 1 1 1 0
  45 : 1 1 1 1 1 1 1 1 1 1 1 1 1 1 1 1 1 1 1 1 1 1 1 1 1 1 1 1 1 1 1 1 1 1 1 1 1 1 1 1 1 1 1 1 0
  46 : 1 1 1 1 1 1 1 1 1 1 1 1 1 1 1 1 1 1 1 1 1 1 1 1 1 1 1 1 1 1 1 1 1 1 1 1 1 1 1 1 1 1 1 1 1 0
  47 : 1 1 1 1 1 1 1 1 1 1 1 1 1 1 1 1 1 1 1 1 1 1 1 1 1 1 1 1 1 1 1 1 1 1 1 1 1 1 1 1 1 1 1 1 1 1 0
  48 : 1 1 1 1 1 1 1 1 1 1 1 1 1 1 1 1 1 1 1 1 1 1 1 1 1 1 1 1 1 1 1 1 1 1 1 1 1 1 1 1 1 1 1 1 1 1 1 0
  49 : 1 1 1 1 1 1 1 1 1 1 1 1 1 1 1 1 1 1 1 1 1 1 1 1 1 1 1 1 1 1 1 1 1 1 1 1 1 1 1 1 1 1 1 1 1 1 1 1 0
  50 : 1 1 1 1 1 1 1 1 1 1 1 1 1 1 1 1 1 1 1 1 1 1 1 1 1 1 1 1 1 1 1 1 1 1 1 1 1 1 1 1 1 1 1 1 1 1 1 1 1 0
  51 : 1 1 1 1 1 1 1 1 1 1 1 1 1 1 1 1 1 1 1 1 1 1 1 1 1 1 1 1 1 1 1 1 1 1 1 1 1 1 1 1 1 1 1 1 1 1 1 1 1 1 0
  52 : 1 1 1 1 1 1 1 1 1 1 1 1 1 1 1 1 1 1 1 1 1 1 1 1 1 1 1 1 1 1 1 1 1 1 1 1 1 1 1 1 1 1 1 1 1 1 1 1 1 1 1 0
  53 : 1 1 1 1 1 1 1 1 1 1 1 1 1 1 1 1 1 1 1 1 1 1 1 1 1 1 1 1 1 1 1 1 1 1 1 1 1 1 1 1 1 1 1 1 1 1 1 1 1 1 1 1 0
  54 : 1 1 1 1 1 1 1 1 1 1 1 1 1 1 1 1 1 1 1 1 1 1 1 1 1 1 1 1 1 1 1 1 1 1 1 1 1 1 1 1 1 1 1 1 1 1 1 1 1 1 1 1 1 0
  55 : 1 1 1 1 1 1 1 1 1 1 1 1 1 1 1 1 1 1 1 1 1 1 1 1 1 1 1 1 1 1 1 1 1 1 1 1 1 1 1 1 1 1 1 1 1 1 1 1 1 1 1 1 1 1 0
  56 : 1 1 1 1 1 1 1 1 1 1 1 1 1 1 1 1 1 1 1 1 1 1 1 1 1 1 1 1 1 1 1 1 1 1 1 1 1 1 1 1 1 1 1 1 1 1 1 1 1 1 1 1 1 1 1 0
  57 : 1 1 1 1 1 1 1 1 1 1 1 1 1 1 1 1 1 1 1 1 1 1 1 1 1 1 1 1 1 1 1 1 1 1 1 1 1 1 1 1 1 1 1 1 1 1 1 1 1 1 1 1 1 1 1 1 0
  58 : 1 1 1 1 1 1 1 1 1 1 1 1 1 1 1 1 1 1 1 1 1 1 1 1 1 1 1 1 1 1 1 1 1 1 1 1 1 1 1 1 1 1 1 1 1 1 1 1 1 1 1 1 1 1 1 1 1 0
  59 : 1 1 1 1 1 1 1 1 1 1 1 1 1 1 1 1 1 1 1 1 1 1 1 1 1 1 1 1 1 1 1 1 1 1 1 1 1 1 1 1 1 1 1 1 1 1 1 1 1 1 1 1 1 1 1 1 1 1 0
  60 : 1 1 1 1 1 1 1 1 1 1 1 1 1 1 1 1 1 1 1 1 1 1 1 1 1 1 1 1 1 1 1 1 1 1 1 1 1 1 1 1 1 1 1 1 1 1 1 1 1 1 1 1 1 1 1 1 1 1 1 0
  61 : 1 1 1 1 1 1 1 1 1 1 1 1 1 1 1 1 1 1 1 1 1 1 1 1 1 1 1 1 1 1 1 1 1 1 1 1 1 1 1 1 1 1 1 1 1 1 1 1 1 1 1 1 1 1 1 1 1 1 1 1 0
  62 : 1 1 1 1 1 1 1 1 1 1 1 1 1 1 1 1 1 1 1 1 1 1 1 1 1 1 1 1 1 1 1 1 1 1 1 1 1 1 1 1 1 1 1 1 1 1 1 1 1 1 1 1 1 1 1 1 1 1 1 1 1 0
  63 : 1 1 1 1 1 1 1 1 1 1 1 1 1 1 1 1 1 1 1 1 1 1 1 1 1 1 1 1 1 1 1 1 1 1 1 1 1 1 1 1 1 1 1 1 1 1 1 1 1 1 1 1 1 1 1 1 1 1 1 1 1 1 1
  64 : 1 1 1 1 1 1 1 1 1 1 1 1 1 1 1 1 1 1 1 1 1 1 1 1 1 1 1 1 1 1 1 1 1 1 1 1 1 1 1 1 1 1 1 1 1 1 1 1 1 1 1 1 1 1 1 1 1 1 1 1 1 1 1 0
 ... : 1 1 1 1 1 1 1 1 1 1 1 1 1 1 1 1 1 1 1 1 1 1 1 1 1 1 1 1 1 1 1 1 1 1 1 1 1 1 1 1 1 1 1 2 3 3 1 1 2 2 3 3 1 1 2 2 3 1 1 2 1 1 2 0
 ... : 1 1 1 1 1 1 1 1 1 1 1 1 1 1 1 1 1 1 1 1 1 1 1 1 1 1 1 1 1 1 1 1 1 1 1 1 1 3 3 1 1 2 2 3 4 3 1 1 2 2 3 3 1 1 2 2 3 1 1 2 1 1 2 0
 ... : 1 1 1 1 1 1 1 1 1 1 1 1 1 1 1 1 1 1 1 1 1 1 1 1 1 1 1 1 1 1 1 1 1 1 1 2 3 4 3 1 1 2 2 3 4 3 1 1 2 2 3 3 1 1 2 2 3 1 1 2 1 1 2 0
 ... : 1 1 1 1 1 1 1 1 1 1 1 1 1 1 1 1 1 1 1 1 1 1 1 1 1 1 1 2 2 4 3 1 1 2 2 3 4 4 3 1 1 2 2 3 4 3 1 1 2 2 3 3 1 1 2 2 3 1 1 2 1 1 2 0
 ... : 1 1 1 1 1 1 1 1 1 1 1 1 1 1 1 1 1 1 1 1 1 1 1 1 1 1 1 2 4 4 3 1 1 2 2 3 4 4 3 1 1 2 2 3 4 3 1 1 2 2 3 3 1 1 2 2 3 1 1 2 1 1 2 0
 ... : 1 1 1 1 1 1 1 1 1 1 1 1 1 1 1 1 1 1 1 1 1 1 1 1 1 1 1 2 4 4 3 1 1 2 2 3 4 4 3 1 1 2 2 3 4 3 1 1 2 2 3 3 1 1 2 2 3 1 1 2 1 1 2 0
 ... : 1 1 1 1 1 1 1 1 1 1 1 1 1 1 1 1 1 1 1 1 1 1 1 1 1 2 2 4 4 4 3 1 1 2 2 3 4 4 3 1 1 2 2 3 4 3 1 1 2 2 3 3 1 1 2 2 3 1 1 2 1 1 2 0
 ... : 1 1 1 1 1 1 1 1 1 1 1 1 1 1 1 1 1 2 2 3 4 3 1 1 2 2 3 4 4 4 3 1 1 2 2 3 4 4 3 1 1 2 2 3 4 3 1 1 2 2 3 3 1 1 2 2 3 1 1 2 1 1 2 0
 ... : 1 1 1 1 1 1 1 1 1 1 1 1 1 1 1 1 1 1 3 4 4 3 1 1 2 2 3 4 4 4 3 1 1 2 2 3 4 4 3 1 1 2 2 3 4 3 1 1 2 2 3 3 1 1 2 2 3 1 1 2 1 1 2 0
 ... : 1 1 1 1 1 1 1 1 1 1 1 1 1 1 1 1 1 1 1 4 4 3 1 1 2 2 3 4 4 4 3 1 1 2 2 3 4 4 3 1 1 2 2 3 4 3 1 1 2 2 3 3 1 1 2 2 3 1 1 2 1 1 2 0
 ... : 1 1 1 1 1 1 1 1 1 1 1 1 1 1 1 1 1 1 1 4 4 3 1 1 2 2 3 4 4 4 3 1 1 2 2 3 4 4 3 1 1 2 2 3 4 3 1 1 2 2 3 3 1 1 2 2 3 1 1 2 1 1 2 0
 ... : 1 1 1 1 1 1 1 1 1 1 1 1 1 1 1 1 1 1 1 4 4 3 1 1 2 2 3 4 4 4 3 1 1 2 2 3 4 4 3 1 1 2 2 3 4 3 1 1 2 2 3 3 1 1 2 2 3 1 1 2 1 1 2 0
 ... : 1 1 1 1 1 1 1 1 1 1 1 1 1 1 1 1 1 1 1 4 4 3 1 1 2 2 3 4 4 4 3 1 1 2 2 3 4 4 3 1 1 2 2 3 4 3 1 1 2 2 3 3 1 1 2 2 3 1 1 2 1 1 2 0
 ... : 1 1 1 1 1 1 1 1 1 1 1 1 1 1 1 1 1 1 3 4 4 3 1 1 2 2 3 4 4 4 3 1 1 2 2 3 4 4 3 1 1 2 2 3 4 3 1 1 2 2 3 3 1 1 2 2 3 1 1 2 1 1 2 0
 ... : 1 1 1 1 1 1 1 1 1 2 2 3 1 1 2 2 3 4 4 4 4 3 1 1 2 2 3 4 4 4 3 1 1 2 2 3 4 4 3 1 1 2 2 3 4 3 1 1 2 2 3 3 1 1 2 2 3 1 1 2 1 1 2 0
 ... : 1 1 1 1 1 1 1 1 2 2 4 3 1 1 2 2 3 4 4 4 4 3 1 1 2 2 3 4 4 4 3 1 1 2 2 3 4 4 3 1 1 2 2 3 4 3 1 1 2 2 3 3 1 1 2 2 3 1 1 2 1 1 2 0
 ... : 1 1 1 1 1 1 1 1 1 2 4 3 1 1 2 2 3 4 4 4 4 3 1 1 2 2 3 4 4 4 3 1 1 2 2 3 4 4 3 1 1 2 2 3 4 3 1 1 2 2 3 3 1 1 2 2 3 1 1 2 1 1 2 0
 ... : 1 1 1 1 1 1 1 1 2 4 4 3 1 1 2 2 3 4 4 4 4 3 1 1 2 2 3 4 4 4 3 1 1 2 2 3 4 4 3 1 1 2 2 3 4 3 1 1 2 2 3 3 1 1 2 2 3 1 1 2 1 1 2 0
 ... : 1 1 1 1 1 1 1 1 1 2 4 3 1 1 2 2 3 4 4 4 4 3 1 1 2 2 3 4 4 4 3 1 1 2 2 3 4 4 3 1 1 2 2 3 4 3 1 1 2 2 3 3 1 1 2 2 3 1 1 2 1 1 2 0
 ... : 1 1 1 1 1 1 1 1 2 4 4 3 1 1 2 2 3 4 4 4 4 3 1 1 2 2 3 4 4 4 3 1 1 2 2 3 4 4 3 1 1 2 2 3 4 3 1 1 2 2 3 3 1 1 2 2 3 1 1 2 1 1 2 0
 ... : 1 1 1 1 1 1 1 2 2 4 4 3 1 1 2 2 3 4 4 4 4 3 1 1 2 2 3 4 4 4 3 1 1 2 2 3 4 4 3 1 1 2 2 3 4 3 1 1 2 2 3 3 1 1 2 2 3 1 1 2 1 1 2 0
 ... : 1 1 1 1 1 1 2 2 4 4 4 3 1 1 2 2 3 4 4 4 4 3 1 1 2 2 3 4 4 4 3 1 1 2 2 3 4 4 3 1 1 2 2 3 4 3 1 1 2 2 3 3 1 1 2 2 3 1 1 2 1 1 2 0
 ... : 1 1 1 1 1 1 1 1 1 2 4 3 1 1 2 2 3 4 4 4 4 3 1 1 2 2 3 4 4 4 3 1 1 2 2 3 4 4 3 1 1 2 2 3 4 3 1 1 2 2 3 3 1 1 2 2 3 1 1 2 1 1 2 0
 ... : 1 1 1 1 1 1 1 2 2 4 4 3 1 1 2 2 3 4 4 4 4 3 1 1 2 2 3 4 4 4 3 1 1 2 2 3 4 4 3 1 1 2 2 3 4 3 1 1 2 2 3 3 1 1 2 2 3 1 1 2 1 1 2 0
 ... : 1 1 1 1 1 1 1 2 2 4 4 3 1 1 2 2 3 4 4 4 4 3 1 1 2 2 3 4 4 4 3 1 1 2 2 3 4 4 3 1 1 2 2 3 4 3 1 1 2 2 3 3 1 1 2 2 3 1 1 2 1 1 2 0
 ... : 1 1 1 1 1 1 2 3 4 4 4 3 1 1 2 2 3 4 4 4 4 3 1 1 2 2 3 4 4 4 3 1 1 2 2 3 4 4 3 1 1 2 2 3 4 3 1 1 2 2 3 3 1 1 2 2 3 1 1 2 1 1 2 0
 ... : 1 1 1 1 1 1 1 2 2 4 4 3 1 1 2 2 3 4 4 4 4 3 1 1 2 2 3 4 4 4 3 1 1 2 2 3 4 4 3 1 1 2 2 3 4 3 1 1 2 2 3 3 1 1 2 2 3 1 1 2 1 1 2 0
 ... : 1 1 1 1 1 1 2 3 4 4 4 3 1 1 2 2 3 4 4 4 4 3 1 1 2 2 3 4 4 4 3 1 1 2 2 3 4 4 3 1 1 2 2 3 4 3 1 1 2 2 3 3 1 1 2 2 3 1 1 2 1 1 2 0
 ... : 1 1 1 1 1 1 2 3 4 4 4 3 1 1 2 2 3 4 4 4 4 3 1 1 2 2 3 4 4 4 3 1 1 2 2 3 4 4 3 1 1 2 2 3 4 3 1 1 2 2 3 3 1 1 2 2 3 1 1 2 1 1 2 0
 ... : 1 1 1 1 2 2 3 4 4 4 4 3 1 1 2 2 3 4 4 4 4 3 1 1 2 2 3 4 4 4 3 1 1 2 2 3 4 4 3 1 1 2 2 3 4 3 1 1 2 2 3 3 1 1 2 2 3 1 1 2 1 1 2 0
 ... : 1 1 1 2 2 3 4 4 4 4 4 3 1 1 2 2 3 4 4 4 4 3 1 1 2 2 3 4 4 4 3 1 1 2 2 3 4 4 3 1 1 2 2 3 4 3 1 1 2 2 3 3 1 1 2 2 3 1 1 2 1 1 4 0
 ... : 1 1 1 2 2 3 4 4 4 4 4 3 1 1 2 2 3 4 4 4 4 3 1 1 2 2 3 4 4 4 3 1 1 2 2 3 4 4 3 1 1 2 2 3 4 3 1 1 2 1 1 1 1 1 2 1 1 2 1 1 2 2 4 0
 ... : 1 1 1 2 2 3 4 4 4 4 4 3 1 1 2 2 3 4 4 4 4 3 1 1 2 2 3 4 4 4 3 1 1 2 2 3 4 4 3 1 1 1 1 1 2 1 1 2 1 1 2 1 1 2 3 1 1 2 1 1 2 2 4 0
 ... : 1 1 1 2 2 3 4 4 4 4 4 3 1 1 2 2 3 4 4 4 4 3 1 1 2 2 3 4 4 4 3 1 1 2 2 3 3 1 1 1 1 1 1 1 1 1 1 2 2 2 1 1 1 2 3 1 1 2 1 1 2 2 4 0
 ... : 1 1 1 2 2 3 4 4 4 4 4 3 1 1 2 2 3 4 4 4 4 3 1 1 2 2 3 4 4 3 1 1 1 1 1 1 1 1 2 2 1 1 2 1 1 2 3 2 3 2 1 1 1 2 3 1 1 2 1 1 2 2 4 0
 ... : 1 1 1 2 2 3 4 4 4 4 4 3 1 1 2 2 3 4 4 4 4 3 1 1 2 2 3 4 3 1 1 1 1 1 1 1 1 1 1 1 1 1 2 1 1 2 3 2 3 2 1 1 1 2 3 1 1 2 1 1 2 2 4 0
 ... : 1 1 1 2 2 3 4 4 4 4 4 3 1 1 2 2 3 4 4 4 4 3 1 1 2 2 3 4 3 1 1 1 1 1 1 2 2 1 1 2 2 3 4 3 1 2 3 2 3 2 1 1 1 2 3 1 1 2 1 1 2 2 4 0
 ... : 1 1 1 2 2 3 4 4 4 4 4 3 1 1 2 2 3 4 4 4 4 3 1 1 2 2 3 3 1 1 1 1 1 2 3 1 1 2 2 3 2 1 4 3 1 2 3 2 3 2 1 1 1 2 3 1 1 2 1 1 2 2 4 0
 ... : 1 1 1 2 2 3 4 4 4 4 4 3 1 1 2 2 3 4 4 4 3 1 1 1 1 1 1 1 2 2 3 1 1 2 1 1 2 3 2 3 2 1 4 3 1 2 3 2 3 2 1 1 1 2 3 1 1 2 1 1 2 2 4 0
 ... : 1 1 1 2 2 3 4 4 4 4 4 3 1 1 2 2 3 4 4 4 3 1 1 1 1 1 1 1 2 4 3 1 1 2 1 1 2 3 2 3 2 1 4 3 1 2 3 2 3 2 1 1 1 2 3 1 1 2 1 1 2 2 4 0
 ... : 1 1 1 2 2 3 4 4 4 4 4 3 1 1 2 2 3 4 4 3 1 1 1 1 1 1 1 1 1 1 1 1 1 1 1 2 1 1 2 3 2 1 4 3 1 2 3 2 3 2 1 1 1 2 3 1 1 2 1 1 2 2 4 0
 ... : 1 1 1 2 2 3 4 4 4 4 4 3 1 1 2 2 3 4 4 3 1 1 1 1 1 1 1 1 1 1 1 1 1 1 2 4 2 1 2 3 2 1 4 3 1 2 3 2 3 2 1 1 1 2 3 1 1 2 1 1 2 2 4 0
 ... : 1 1 1 2 2 3 4 4 4 4 4 3 1 1 2 2 3 4 4 3 1 1 1 1 1 1 1 2 3 1 1 2 2 3 4 4 2 1 2 3 2 1 4 3 1 2 3 2 3 2 1 1 1 2 3 1 1 2 1 1 2 2 4 0
 ... : 1 1 1 2 2 3 4 4 4 4 4 3 1 1 2 2 3 4 3 1 1 1 1 1 1 1 1 1 1 1 1 2 2 3 4 4 2 1 2 3 2 1 4 3 1 2 3 2 3 2 1 1 1 2 3 1 1 2 1 1 2 2 4 0
 ... : 1 1 1 2 2 3 4 4 4 4 4 3 1 1 2 2 3 4 3 1 1 1 1 1 2 2 3 1 1 2 2 3 4 3 4 4 2 1 2 3 2 1 4 3 1 2 3 2 3 2 1 1 1 2 3 1 1 2 1 1 2 2 4 0
 ... : 1 1 1 2 2 3 4 4 4 4 4 3 1 1 2 2 2 1 1 1 1 1 1 1 1 1 2 2 2 3 2 1 4 3 4 4 2 1 2 3 2 1 4 3 1 2 3 2 3 2 1 1 1 2 3 1 1 2 1 1 2 2 4 0
 ... : 1 1 1 2 2 3 4 4 4 4 3 1 1 1 1 1 1 1 2 2 3 3 1 2 1 1 2 3 2 3 2 1 4 3 4 4 2 1 2 3 2 1 4 3 1 2 3 2 3 2 1 1 1 2 3 1 1 2 1 1 2 2 4 0
 ... : 1 1 1 2 2 3 4 4 4 4 3 1 1 1 1 1 1 1 1 3 4 3 1 2 1 1 2 3 2 3 2 1 4 3 4 4 2 1 2 3 2 1 4 3 1 2 3 2 3 2 1 1 1 2 3 1 1 2 1 1 2 2 4 0
 ... : 1 1 1 2 2 3 4 4 4 4 3 1 1 1 1 1 1 1 1 3 4 3 1 2 1 1 2 3 2 3 2 1 4 3 4 4 2 1 2 3 2 1 4 3 1 2 3 2 3 2 1 1 1 2 3 1 1 2 1 1 2 2 4 0
 ... : 1 1 1 2 2 3 4 4 4 4 3 1 1 1 1 1 1 2 3 4 4 3 1 2 1 1 2 3 2 3 2 1 4 3 4 4 2 1 2 3 2 1 4 3 1 2 3 2 3 2 1 1 1 2 3 1 1 2 1 1 2 2 4 0
 ... : 1 1 1 2 2 3 4 4 4 3 1 1 1 1 1 1 1 1 1 1 1 1 1 1 1 1 2 2 3 3 2 1 4 3 4 4 2 1 2 3 2 1 4 3 1 2 3 2 3 2 1 1 1 2 3 1 1 2 1 1 2 2 4 0
 ... : 1 1 1 2 2 3 4 4 4 3 1 1 1 1 1 1 1 1 1 1 1 1 1 1 1 2 3 4 3 3 2 1 4 3 4 4 2 1 2 3 2 1 4 3 1 2 3 2 3 2 1 1 1 2 3 1 1 2 1 1 2 2 4 0
 ... : 1 1 1 2 2 3 4 4 4 3 1 1 1 1 1 1 1 1 1 1 1 1 1 1 1 2 3 4 3 3 2 1 4 3 4 4 2 1 2 3 2 1 4 3 1 2 3 2 3 2 1 1 1 2 3 1 1 2 1 1 2 2 4 0
 ... : 1 1 1 2 2 3 4 4 4 3 1 1 1 1 1 1 1 1 1 1 1 1 1 2 2 3 4 4 3 3 2 1 4 3 4 4 2 1 2 3 2 1 4 3 1 2 3 2 3 2 1 1 1 2 3 1 1 2 1 1 2 2 4 0
 ... : 1 1 1 2 2 3 4 4 4 3 1 1 1 1 1 1 1 2 3 3 1 1 2 2 3 4 4 4 3 3 2 1 4 3 4 4 2 1 2 3 2 1 4 3 1 2 3 2 3 2 1 1 1 2 3 1 1 2 1 1 2 2 4 0
 ... : 1 1 1 2 2 3 4 4 4 3 1 1 1 1 1 1 2 4 4 3 1 1 2 2 3 4 4 4 3 3 2 1 4 3 4 4 2 1 2 3 2 1 4 3 1 2 3 2 3 2 1 1 1 2 3 1 1 2 1 1 2 2 4 0
 ... : 1 1 1 2 2 3 4 4 3 1 1 1 1 1 1 1 1 1 1 1 1 1 1 1 3 2 1 4 3 3 2 1 4 3 4 4 2 1 2 3 2 1 4 3 1 2 3 2 3 2 1 1 1 2 3 1 1 2 1 1 2 2 4 0
 ... : 1 1 1 2 2 3 4 4 3 1 1 1 1 1 1 1 1 1 1 1 1 1 1 3 4 2 1 4 3 3 2 1 4 3 4 4 2 1 2 3 2 1 4 3 1 2 3 2 3 2 1 1 1 2 3 1 1 2 1 1 2 2 4 0
 ... : 1 1 1 2 2 3 4 4 3 1 1 1 1 1 2 2 4 3 1 1 2 2 3 4 4 2 1 4 3 3 2 1 4 3 4 4 2 1 2 3 2 1 4 3 1 2 3 2 3 2 1 1 1 2 3 1 1 2 1 1 2 2 4 0
 ... : 1 1 1 2 2 3 4 3 1 1 1 1 1 1 1 1 1 1 1 1 2 3 3 4 4 2 1 4 3 3 2 1 4 3 4 4 2 1 2 3 2 1 4 3 1 2 3 2 3 2 1 1 1 2 3 1 1 2 1 1 2 2 4 0
 ... : 1 1 1 2 2 3 3 1 1 1 1 1 1 1 1 1 1 1 2 2 1 4 3 4 4 2 1 4 3 3 2 1 4 3 4 4 2 1 2 3 2 1 4 3 1 2 3 2 3 2 1 1 1 2 3 1 1 2 1 1 2 2 4 0
 ... : 1 1 1 1 1 1 2 1 1 2 1 1 2 1 1 2 3 2 3 2 1 4 3 4 4 2 1 4 3 3 2 1 4 3 4 4 2 1 2 3 2 1 4 3 1 2 3 2 3 2 1 1 1 2 3 1 1 2 1 1 2 2 4 0
 ... : 1 1 1 1 1 1 2 1 1 2 1 1 2 1 1 2 3 2 3 2 1 4 3 4 4 2 1 4 3 3 2 1 4 3 4 4 2 1 2 3 2 1 3 1 1 1 1 1 1 1 1 1 1 2 2 1 1 2 1 1 2 2 5 0
 ... : 1 1 1 1 1 1 2 1 1 2 1 1 2 1 1 2 3 2 3 2 1 4 3 4 4 2 1 4 3 3 2 1 4 3 4 4 2 1 2 3 2 1 3 1 1 1 1 1 1 2 2 3 3 2 1 2 2 3 3 1 1 2 5 0
 ... : 1 1 1 1 1 1 2 1 1 2 1 1 2 1 1 2 3 2 3 2 1 4 3 4 4 2 1 4 3 3 2 1 4 3 4 4 2 1 2 3 2 1 1 1 1 1 1 1 1 1 2 2 3 1 1 2 2 3 3 1 1 2 5 0
 ... : 1 1 1 1 1 1 2 1 1 2 1 1 2 1 1 2 3 2 3 2 1 4 3 4 4 2 1 4 3 3 2 1 4 3 4 4 2 1 2 2 1 1 1 1 1 1 2 2 2 1 2 2 3 2 2 2 2 3 3 1 1 2 5 0
 ... : 1 1 1 1 1 1 2 1 1 2 1 1 2 1 1 2 3 2 3 2 1 4 3 4 4 2 1 4 3 3 2 1 4 3 4 3 1 1 1 1 1 1 1 1 1 1 1 1 1 1 1 2 2 3 1 1 2 3 1 1 1 2 5 0
 ... : 1 1 1 1 1 1 2 1 1 2 1 1 2 1 1 2 3 2 3 2 1 4 3 4 4 2 1 4 3 3 2 1 4 3 4 3 1 1 1 1 1 1 1 1 2 2 3 1 1 2 2 3 4 3 1 1 2 3 1 1 1 2 5 0
 ... : 1 1 1 1 1 1 2 1 1 2 1 1 2 1 1 2 3 2 3 2 1 4 3 4 4 2 1 4 3 3 2 1 4 3 4 3 1 1 1 1 1 1 1 2 3 4 3 1 1 2 2 3 4 3 1 1 2 3 1 1 1 2 5 0
 ... : 1 1 1 1 1 1 2 1 1 2 1 1 2 1 1 2 3 2 3 2 1 4 3 4 4 2 1 4 3 3 2 1 4 3 3 1 1 1 1 1 2 2 3 4 4 4 3 1 1 2 2 3 4 3 1 1 2 3 1 1 1 2 5 0
 ... : 1 1 1 1 1 1 2 1 1 2 1 1 2 1 1 2 3 2 3 2 1 4 3 4 4 2 1 4 3 3 2 1 4 3 1 1 1 1 1 1 1 1 1 2 3 2 4 3 1 2 2 3 4 3 1 1 2 3 1 1 1 2 5 0
 ... : 1 1 1 1 1 1 2 1 1 2 1 1 2 1 1 2 3 2 3 2 1 4 3 4 4 2 1 4 3 3 2 1 3 1 1 1 1 1 1 1 1 1 1 1 1 2 2 1 1 1 1 1 1 2 2 3 3 2 2 1 1 2 5 0
  65 : 1 1 1 1 1 1 1 1 1 1 1 1 1 1 1 1 1 1 1 2 1 2 1 1 1 1 1 2 1 1 1 1 2 1 1 1 1 1 1 1 1 1 1 1 1 1 1 1 1 1 1 1 1 1 1 1 1 1 1 1 1 1 1 1 5
  66 : 1 1 1 1 1 1 1 1 1 1 1 1 1 1 1 1 1 1 1 2 1 2 1 1 1 1 1 2 1 1 1 1 2 1 1 1 1 1 1 1 1 1 1 1 1 1 1 1 1 1 1 1 1 1 1 1 1 1 1 1 1 1 1 1 1 4
  67 : 1 1 1 1 1 1 1 1 1 1 1 1 1 1 1 1 1 1 1 2 1 2 1 1 1 1 1 2 1 1 1 1 2 1 1 1 1 1 1 1 1 1 1 1 1 1 1 1 1 1 1 1 1 1 1 1 1 1 1 1 1 1 1 1 1 1 3
  68 : 1 1 1 1 1 1 1 1 1 1 1 1 1 1 1 1 1 1 1 2 1 2 1 1 1 1 1 2 1 1 1 1 2 1 1 1 1 1 1 1 1 1 1 1 1 1 1 1 1 1 1 1 1 1 1 1 1 1 1 1 1 1 1 1 1 1 1 3
  69 : 1 1 1 1 1 1 1 1 1 1 1 1 1 1 1 1 1 1 1 2 1 2 1 1 1 1 1 2 1 1 1 1 2 1 1 1 1 1 1 1 1 1 1 1 1 1 1 1 1 1 1 1 1 1 1 1 1 1 1 1 1 1 1 1 1 1 1 1 3
  70 : 1 1 1 1 1 1 1 1 1 1 1 1 1 1 1 1 1 1 1 2 1 2 1 1 1 1 1 2 1 1 1 1 2 1 1 1 1 1 1 1 1 1 1 1 1 1 1 1 1 1 1 1 1 1 1 1 1 1 1 1 1 1 1 1 1 1 1 1 1 3
  71 : 1 1 1 1 1 1 1 1 1 1 1 1 1 1 1 1 1 1 1 2 1 2 1 1 1 1 1 2 1 1 1 1 2 1 1 1 1 1 1 1 1 1 1 1 1 1 1 1 1 1 1 1 1 1 1 1 1 1 1 1 1 1 1 1 1 1 1 1 1 1 3
  72 : 1 1 1 1 1 1 1 1 1 1 1 1 1 1 1 1 1 1 1 2 1 2 1 1 1 1 1 2 1 1 1 1 2 1 1 1 1 1 1 1 1 1 1 1 1 1 1 1 1 1 1 1 1 1 1 1 1 1 1 1 1 1 1 1 1 1 1 1 1 1 1 3
  73 : 1 1 1 1 1 1 1 1 1 1 1 1 1 1 1 1 1 1 1 2 1 2 1 1 1 1 1 2 1 1 1 1 2 1 1 1 1 1 1 1 1 1 1 1 1 1 1 1 1 1 1 1 1 1 1 1 1 1 1 1 1 1 1 1 1 1 1 1 1 1 1 1 3
  74 : 1 1 1 1 1 1 1 1 1 1 1 1 1 1 1 1 1 1 1 2 1 2 1 1 1 1 1 2 1 1 1 1 2 1 1 1 1 1 1 1 1 1 1 1 1 1 1 1 1 1 1 1 1 1 1 1 1 1 1 1 1 1 1 1 1 1 1 1 1 1 1 1 1 3
  75 : 1 1 1 1 1 1 1 1 1 1 1 1 1 1 1 1 1 1 1 2 1 2 1 1 1 1 1 2 1 1 1 1 2 1 1 1 1 1 1 1 1 1 1 1 1 1 1 1 1 1 1 1 1 1 1 1 1 1 1 1 1 1 1 1 1 1 1 1 1 1 1 1 1 1 3
  76 : 1 1 1 1 1 1 1 1 1 1 1 1 1 1 1 1 1 1 1 2 1 2 1 1 1 1 1 2 1 1 1 1 2 1 1 1 1 1 1 1 1 1 1 1 1 1 1 1 1 1 1 1 1 1 1 1 1 1 1 1 1 1 1 1 1 1 1 1 1 1 1 1 1 1 1 3
  77 : 1 1 1 1 1 1 1 1 1 1 1 1 1 1 1 1 1 1 1 2 1 2 1 1 1 1 1 2 1 1 1 1 2 1 1 1 1 1 1 1 1 1 1 1 1 1 1 1 1 1 1 1 1 1 1 1 1 1 1 1 1 1 1 1 1 1 1 1 1 1 1 1 1 1 1 1 3
  78 : 1 1 1 1 1 1 1 1 1 1 1 1 1 1 1 1 1 1 1 2 1 2 1 1 1 1 1 2 1 1 1 1 2 1 1 1 1 1 1 1 1 1 1 1 1 1 1 1 1 1 1 1 1 1 1 1 1 1 1 1 1 1 1 1 1 1 1 1 1 1 1 1 1 1 1 1 1 3
  79 : 1 1 1 1 1 1 1 1 1 1 1 1 1 1 1 1 1 1 1 2 1 2 1 1 1 1 1 2 1 1 1 1 2 1 1 1 1 1 1 1 1 1 1 1 1 1 1 1 1 1 1 1 1 1 1 1 1 1 1 1 1 1 1 1 1 1 1 1 1 1 1 1 1 1 1 1 1 1 3
  80 : 1 1 1 1 1 1 1 1 1 1 1 1 1 1 1 1 1 1 1 2 1 2 1 1 1 1 1 2 1 1 1 1 2 1 1 1 1 1 1 1 1 1 1 1 1 1 1 1 1 1 1 1 1 1 1 1 1 1 1 1 1 1 1 1 1 1 1 1 1 1 1 1 1 1 1 1 1 1 1 3
  81 : 1 1 1 1 1 1 1 1 1 1 1 1 1 1 1 1 1 1 1 2 1 2 1 1 1 1 1 2 1 1 1 1 2 1 1 1 1 1 1 1 1 1 1 1 1 1 1 1 1 1 1 1 1 1 1 1 1 1 1 1 1 1 1 1 1 1 1 1 1 1 1 1 1 1 1 1 1 1 1 1 3
  82 : 1 1 1 1 1 1 1 1 1 1 1 1 1 1 1 1 1 1 1 2 1 2 1 1 1 1 1 2 1 1 1 1 2 1 1 1 1 1 1 1 1 1 1 1 1 1 1 1 1 1 1 1 1 1 1 1 1 1 1 1 1 1 1 1 1 1 1 1 1 1 1 1 1 1 1 1 1 1 1 1 1 3
  83 : 1 1 1 1 1 1 1 1 1 1 1 1 1 1 1 1 1 1 1 2 1 2 1 1 1 1 1 2 1 1 1 1 2 1 1 1 1 1 1 1 1 1 1 1 1 1 1 1 1 1 1 1 1 1 1 1 1 1 1 1 1 1 1 1 1 1 1 1 1 1 1 1 1 1 1 1 1 1 1 1 1 1 3
  84 : 1 1 1 1 1 1 1 1 1 1 1 1 1 1 1 1 1 1 1 2 1 2 1 1 1 1 1 2 1 1 1 1 2 1 1 1 1 1 1 1 1 1 1 1 1 1 1 1 1 1 1 1 1 1 1 1 1 1 1 1 1 1 1 1 1 1 1 1 1 1 1 1 1 1 1 1 1 1 1 1 1 1 1 3
  85 : 1 1 1 1 1 1 1 1 1 1 1 1 1 1 1 1 1 1 1 2 1 2 1 1 1 1 1 2 1 1 1 1 2 1 1 1 1 1 1 1 1 1 1 1 1 1 1 1 1 1 1 1 1 1 1 1 1 1 1 1 1 1 1 1 1 1 1 1 1 1 1 1 1 1 1 1 1 1 1 1 1 1 1 1 3
  86 : 1 1 1 1 1 1 1 1 1 1 1 1 1 1 1 1 1 1 1 2 1 2 1 1 1 1 1 2 1 1 1 1 2 1 1 1 1 1 1 1 1 1 1 1 1 1 1 1 1 1 1 1 1 1 1 1 1 1 1 1 1 1 1 1 1 1 1 1 1 1 1 1 1 1 1 1 1 1 1 1 1 1 1 1 1 3
  87 : 1 1 1 1 1 1 1 1 1 1 1 1 1 1 1 1 1 1 1 2 1 2 1 1 1 1 1 2 1 1 1 1 2 1 1 1 1 1 1 1 1 1 1 1 1 1 1 1 1 1 1 1 1 1 1 1 1 1 1 1 1 1 1 1 1 1 1 1 1 1 1 1 1 1 1 1 1 1 1 1 1 1 1 1 1 1 3
  88 : 1 1 1 1 1 1 1 1 1 1 1 1 1 1 1 1 1 1 1 2 1 2 1 1 1 1 1 2 1 1 1 1 2 1 1 1 1 1 1 1 1 1 1 1 1 1 1 1 1 1 1 1 1 1 1 1 1 1 1 1 1 1 1 1 1 1 1 1 1 1 1 1 1 1 1 1 1 1 1 1 1 1 1 1 1 1 1 3
  89 : 1 1 1 1 1 1 1 1 1 1 1 1 1 1 1 1 1 1 1 2 1 2 1 1 1 1 1 2 1 1 1 1 2 1 1 1 1 1 1 1 1 1 1 1 1 1 1 1 1 1 1 1 1 1 1 1 1 1 1 1 1 1 1 1 1 1 1 1 1 1 1 1 1 1 1 1 1 1 1 1 1 1 1 1 1 1 1 1 3
  90 : 1 1 1 1 1 1 1 1 1 1 1 1 1 1 1 1 1 1 1 2 1 2 1 1 1 1 1 2 1 1 1 1 2 1 1 1 1 1 1 1 1 1 1 1 1 1 1 1 1 1 1 1 1 1 1 1 1 1 1 1 1 1 1 1 1 1 1 1 1 1 1 1 1 1 1 1 1 1 1 1 1 1 1 1 1 1 1 1 1 3
  91 : 1 1 1 1 1 1 1 1 1 1 1 1 1 1 1 1 1 1 1 2 1 2 1 1 1 1 1 2 1 1 1 1 2 1 1 1 1 1 1 1 1 1 1 1 1 1 1 1 1 1 1 1 1 1 1 1 1 1 1 1 1 1 1 1 1 1 1 1 1 1 1 1 1 1 1 1 1 1 1 1 1 1 1 1 1 1 1 1 1 1 3
  92 : 1 1 1 1 1 1 1 1 1 1 1 1 1 1 1 1 1 1 1 2 1 2 1 1 1 1 1 2 1 1 1 1 2 1 1 1 1 1 1 1 1 1 1 1 1 1 1 1 1 1 1 1 1 1 1 1 1 1 1 1 1 1 1 1 1 1 1 1 1 1 1 1 1 1 1 1 1 1 1 1 1 1 1 1 1 1 1 1 1 1 1 3
  93 : 1 1 1 1 1 1 1 1 1 1 1 1 1 1 1 1 1 1 1 2 1 2 1 1 1 1 1 2 1 1 1 1 2 1 1 1 1 1 1 1 1 1 1 1 1 1 1 1 1 1 1 1 1 1 1 1 1 1 1 1 1 1 1 1 1 1 1 1 1 1 1 1 1 1 1 1 1 1 1 1 1 1 1 1 1 1 1 1 1 1 1 1 4
  94 : 1 1 1 1 1 1 1 1 1 1 1 1 1 1 1 1 1 1 1 2 1 2 1 1 1 1 1 2 1 1 1 1 2 1 1 1 1 1 1 1 1 1 1 1 1 1 1 1 1 1 1 1 1 1 1 1 1 1 1 1 1 1 1 1 1 1 1 1 1 1 1 1 1 1 1 1 1 1 1 1 1 1 1 1 1 1 1 1 1 1 1 1 1 3
  95 : 1 1 1 1 1 1 1 1 1 1 1 1 1 1 1 1 1 1 1 2 1 2 1 1 1 1 1 2 1 1 1 1 2 1 1 1 1 1 1 1 1 1 1 1 1 1 1 1 1 1 1 1 1 1 1 1 1 1 1 1 1 1 1 1 1 1 1 1 1 1 1 1 1 1 1 1 1 1 1 1 1 1 1 1 1 1 1 1 1 1 1 1 1 1 3
  96 : 1 1 1 1 1 1 1 1 1 1 1 1 1 1 1 1 1 1 1 2 1 2 1 1 1 1 1 2 1 1 1 1 2 1 1 1 1 1 1 1 1 1 1 1 1 1 1 1 1 1 1 1 1 1 1 1 1 1 1 1 1 1 1 1 1 1 1 1 1 1 1 1 1 1 1 1 1 1 1 1 1 1 1 1 1 1 1 1 1 1 1 1 1 1 1 3
  97 : 1 1 1 1 1 1 1 1 1 1 1 1 1 1 1 1 1 1 1 2 1 2 1 1 1 1 1 2 1 1 1 1 2 1 1 1 1 1 1 1 1 1 1 1 1 1 1 1 1 1 1 1 1 1 1 1 1 1 1 1 1 1 1 1 1 1 1 1 1 1 1 1 1 1 1 1 1 1 1 1 1 1 1 1 1 1 1 1 1 1 1 1 1 1 1 1 3
  98 : 1 1 1 1 1 1 1 1 1 1 1 1 1 1 1 1 1 1 1 2 1 2 1 1 1 1 1 2 1 1 1 1 2 1 1 1 1 1 1 1 1 1 1 1 1 1 1 1 1 1 1 1 1 1 1 1 1 1 1 1 1 1 1 1 1 1 1 1 1 1 1 1 1 1 1 1 1 1 1 1 1 1 1 1 1 1 1 1 1 1 1 1 1 1 1 1 1 3
  99 : 1 1 1 1 1 1 1 1 1 1 1 1 1 1 1 1 1 1 1 2 1 2 1 1 1 1 1 2 1 1 1 1 2 1 1 1 1 1 1 1 1 1 1 1 1 1 1 1 1 1 1 1 1 1 1 1 1 1 1 1 1 1 1 1 1 1 1 1 1 1 1 1 1 1 1 1 1 1 1 1 1 1 1 1 1 1 1 1 1 1 1 1 1 1 1 1 1 1 3
 100 : 1 1 1 1 1 1 1 1 1 1 1 1 1 1 1 1 1 1 1 2 1 2 1 1 1 1 1 2 1 1 1 1 2 1 1 1 1 1 1 1 1 1 1 1 1 1 1 1 1 1 1 1 1 1 1 1 1 1 1 1 1 1 1 1 1 1 1 1 1 1 1 1 1 1 1 1 1 1 1 1 1 1 1 1 1 1 1 1 1 1 1 1 1 1 1 1 1 1 1 3
 101 : 1 1 1 1 1 1 1 1 1 1 1 1 1 1 1 1 1 1 1 2 1 2 1 1 1 1 1 2 1 1 1 1 2 1 1 1 1 1 1 1 1 1 1 1 1 1 1 1 1 1 1 1 1 1 1 1 1 1 1 1 1 1 1 1 1 1 1 1 1 1 1 1 1 1 1 1 1 1 1 1 1 1 1 1 1 1 1 1 1 1 1 1 1 1 1 1 1 1 1 1 4
 102 : 1 1 1 1 1 1 1 1 1 1 1 1 1 1 1 1 1 1 1 2 1 2 1 1 1 1 1 2 1 1 1 1 2 1 1 1 1 1 1 1 1 1 1 1 1 1 1 1 1 1 1 1 1 1 1 1 1 1 1 1 1 1 1 1 1 1 1 1 1 1 1 1 1 1 1 1 1 1 1 1 1 1 1 1 1 1 1 1 1 1 1 1 1 1 1 1 1 1 1 1 1 3
 103 : 1 1 1 1 1 1 1 1 1 1 1 1 1 1 1 1 1 1 1 2 1 2 1 1 1 1 1 2 1 1 1 1 2 1 1 1 1 1 1 1 1 1 1 1 1 1 1 1 1 1 1 1 1 1 1 1 1 1 1 1 1 1 1 1 1 1 1 1 1 1 1 1 1 1 1 1 1 1 1 1 1 1 1 1 1 1 1 1 1 1 1 1 1 1 1 1 1 1 1 1 1 1 3
 104 : 1 1 1 1 1 1 1 1 1 1 1 1 1 1 1 1 1 1 1 2 1 2 1 1 1 1 1 2 1 1 1 1 2 1 1 1 1 1 1 1 1 1 1 1 1 1 1 1 1 1 1 1 1 1 1 1 1 1 1 1 1 1 1 1 1 1 1 1 1 1 1 1 1 1 1 1 1 1 1 1 1 1 1 1 1 1 1 1 1 1 1 1 1 1 1 1 1 1 1 1 1 1 1 3
 105 : 1 1 1 1 1 1 1 1 1 1 1 1 1 1 1 1 1 1 1 2 1 2 1 1 1 1 1 2 1 1 1 1 2 1 1 1 1 1 1 1 1 1 1 1 1 1 1 1 1 1 1 1 1 1 1 1 1 1 1 1 1 1 1 1 1 1 1 1 1 1 1 1 1 1 1 1 1 1 1 1 1 1 1 1 1 1 1 1 1 1 1 1 1 1 1 1 1 1 1 1 1 1 1 1 3
 106 : 1 1 1 1 1 1 1 1 1 1 1 1 1 1 1 1 1 1 1 2 1 2 1 1 1 1 1 2 1 1 1 1 2 1 1 1 1 1 1 1 1 1 1 1 1 1 1 1 1 1 1 1 1 1 1 1 1 1 1 1 1 1 1 1 1 1 1 1 1 1 1 1 1 1 1 1 1 1 1 1 1 1 1 1 1 1 1 1 1 1 1 1 1 1 1 1 1 1 1 1 1 1 1 1 1 3
 107 : 1 1 1 1 1 1 1 1 1 1 1 1 1 1 1 1 1 1 1 2 1 2 1 1 1 1 1 2 1 1 1 1 2 1 1 1 1 1 1 1 1 1 1 1 1 1 1 1 1 1 1 1 1 1 1 1 1 1 1 1 1 1 1 1 1 1 1 1 1 1 1 1 1 1 1 1 1 1 1 1 1 1 1 1 1 1 1 1 1 1 1 1 1 1 1 1 1 1 1 1 1 1 1 1 1 1 3
 108 : 1 1 1 1 1 1 1 1 1 1 1 1 1 1 1 1 1 1 1 2 1 2 1 1 1 1 1 2 1 1 1 1 2 1 1 1 1 1 1 1 1 1 1 1 1 1 1 1 1 1 1 1 1 1 1 1 1 1 1 1 1 1 1 1 1 1 1 1 1 1 1 1 1 1 1 1 1 1 1 1 1 1 1 1 1 1 1 1 1 1 1 1 1 1 1 1 1 1 1 1 1 1 1 1 1 1 1 3
 109 : 1 1 1 1 1 1 1 1 1 1 1 1 1 1 1 1 1 1 1 2 1 2 1 1 1 1 1 2 1 1 1 1 2 1 1 1 1 1 1 1 1 1 1 1 1 1 1 1 1 1 1 1 1 1 1 1 1 1 1 1 1 1 1 1 1 1 1 1 1 1 1 1 1 1 1 1 1 1 1 1 1 1 1 1 1 1 1 1 1 1 1 1 1 1 1 1 1 1 1 1 1 1 1 1 1 1 1 1 3
 110 : 1 1 1 1 1 1 1 1 1 1 1 1 1 1 1 1 1 1 1 2 1 2 1 1 1 1 1 2 1 1 1 1 2 1 1 1 1 1 1 1 1 1 1 1 1 1 1 1 1 1 1 1 1 1 1 1 1 1 1 1 1 1 1 1 1 1 1 1 1 1 1 1 1 1 1 1 1 1 1 1 1 1 1 1 1 1 1 1 1 1 1 1 1 1 1 1 1 1 1 1 1 1 1 1 1 1 1 1 1 3
 111 : 1 1 1 1 1 1 1 1 1 1 1 1 1 1 1 1 1 1 1 2 1 2 1 1 1 1 1 2 1 1 1 1 2 1 1 1 1 1 1 1 1 1 1 1 1 1 1 1 1 1 1 1 1 1 1 1 1 1 1 1 1 1 1 1 1 1 1 1 1 1 1 1 1 1 1 1 1 1 1 1 1 1 1 1 1 1 1 1 1 1 1 1 1 1 1 1 1 1 1 1 1 1 1 1 1 1 1 1 1 1 3
 112 : 1 1 1 1 1 1 1 1 1 1 1 1 1 1 1 1 1 1 1 2 1 2 1 1 1 1 1 2 1 1 1 1 2 1 1 1 1 1 1 1 1 1 1 1 1 1 1 1 1 1 1 1 1 1 1 1 1 1 1 1 1 1 1 1 1 1 1 1 1 1 1 1 1 1 1 1 1 1 1 1 1 1 1 1 1 1 1 1 1 1 1 1 1 1 1 1 1 1 1 1 1 1 1 1 1 1 1 1 1 1 1 3
 113 : 1 1 1 1 1 1 1 1 1 1 1 1 1 1 1 1 1 1 1 2 1 2 1 1 1 1 1 2 1 1 1 1 2 1 1 1 1 1 1 1 1 1 1 1 1 1 1 1 1 1 1 1 1 1 1 1 1 1 1 1 1 1 1 1 1 1 1 1 1 1 1 1 1 1 1 1 1 1 1 1 1 1 1 1 1 1 1 1 1 1 1 1 1 1 1 1 1 1 1 1 1 1 1 1 1 1 1 1 1 1 1 1 3
 114 : 1 1 1 1 1 1 1 1 1 1 1 1 1 1 1 1 1 1 1 2 1 2 1 1 1 1 1 2 1 1 1 1 2 1 1 1 1 1 1 1 1 1 1 1 1 1 1 1 1 1 1 1 1 1 1 1 1 1 1 1 1 1 1 1 1 1 1 1 1 1 1 1 1 1 1 1 1 1 1 1 1 1 1 1 1 1 1 1 1 1 1 1 1 1 1 1 1 1 1 1 1 1 1 1 1 1 1 1 1 1 1 1 1 3
 115 : 1 1 1 1 1 1 1 1 1 1 1 1 1 1 1 1 1 1 1 2 1 2 1 1 1 1 1 2 1 1 1 1 2 1 1 1 1 1 1 1 1 1 1 1 1 1 1 1 1 1 1 1 1 1 1 1 1 1 1 1 1 1 1 1 1 1 1 1 1 1 1 1 1 1 1 1 1 1 1 1 1 1 1 1 1 1 1 1 1 1 1 1 1 1 1 1 1 1 1 1 1 1 1 1 1 1 1 1 1 1 1 1 1 1 3
 116 : 1 1 1 1 1 1 1 1 1 1 1 1 1 1 1 1 1 1 1 2 1 2 1 1 1 1 1 2 1 1 1 1 2 1 1 1 1 1 1 1 1 1 1 1 1 1 1 1 1 1 1 1 1 1 1 1 1 1 1 1 1 1 1 1 1 1 1 1 1 1 1 1 1 1 1 1 1 1 1 1 1 1 1 1 1 1 1 1 1 1 1 1 1 1 1 1 1 1 1 1 1 1 1 1 1 1 1 1 1 1 1 1 1 1 1 3
 117 : 1 1 1 1 1 1 1 1 1 1 1 1 1 1 1 1 1 1 1 2 1 2 1 1 1 1 1 2 1 1 1 1 2 1 1 1 1 1 1 1 1 1 1 1 1 1 1 1 1 1 1 1 1 1 1 1 1 1 1 1 1 1 1 1 1 1 1 1 1 1 1 1 1 1 1 1 1 1 1 1 1 1 1 1 1 1 1 1 1 1 1 1 1 1 1 1 1 1 1 1 1 1 1 1 1 1 1 1 1 1 1 1 1 1 1 1 4
 118 : 1 1 1 1 1 1 1 1 1 1 1 1 1 1 1 1 1 1 1 2 1 2 1 1 1 1 1 2 1 1 1 1 2 1 1 1 1 1 1 1 1 1 1 1 1 1 1 1 1 1 1 1 1 1 1 1 1 1 1 1 1 1 1 1 1 1 1 1 1 1 1 1 1 1 1 1 1 1 1 1 1 1 1 1 1 1 1 1 1 1 1 1 1 1 1 1 1 1 1 1 1 1 1 1 1 1 1 1 1 1 1 1 1 1 1 1 1 3
 ... : 1 1 1 1 1 1 1 1 1 1 1 1 1 1 1 1 1 1 1 2 1 2 1 1 1 1 1 2 1 1 1 1 2 1 1 1 1 1 1 1 1 1 1 1 1 1 1 1 1 1 1 1 1 1 1 1 1 1 1 1 1 1 1 1 1 1 1 1 1 1 1 1 1 1 1 1 1 1 1 1 1 1 1 1 1 1 1 1 1 1 1 1 1 1 1 1 2 3 3 1 1 2 2 3 3 3 1 1 2 2 3 1 1 2 1 1 2 3
 ... : 1 1 1 1 1 1 1 1 1 1 1 1 1 1 1 1 1 1 1 2 1 2 1 1 1 1 1 2 1 1 1 1 2 1 1 1 1 1 1 1 1 1 1 1 1 1 1 1 1 1 1 1 1 1 1 1 1 1 1 1 1 1 1 1 1 1 1 1 1 1 1 1 1 1 1 1 1 1 1 1 1 1 1 1 1 1 1 1 1 3 3 1 1 2 2 3 3 3 3 1 1 2 2 3 3 3 1 1 2 2 3 1 1 2 1 1 2 3
 ... : 1 1 1 1 1 1 1 1 1 1 1 1 1 1 1 1 1 1 1 2 1 2 1 1 1 1 1 2 1 1 1 1 2 1 1 1 1 1 1 1 1 1 1 1 1 1 1 1 1 1 1 1 1 1 1 1 1 1 1 1 1 1 1 1 1 1 1 1 1 1 1 1 1 1 1 1 1 1 1 1 1 1 1 1 1 1 1 2 3 4 3 1 1 2 2 3 3 3 3 1 1 2 2 3 3 3 1 1 2 2 3 1 1 2 1 1 2 3
 ... : 1 1 1 1 1 1 1 1 1 1 1 1 1 1 1 1 1 1 1 2 1 2 1 1 1 1 1 2 1 1 1 1 2 1 1 1 1 1 1 1 1 1 1 1 1 1 1 1 1 1 1 1 1 1 1 1 1 1 1 1 1 1 1 1 1 1 1 1 1 1 1 1 1 1 1 1 1 1 1 1 2 4 3 1 1 2 2 3 4 4 3 1 1 2 2 3 3 3 3 1 1 2 2 3 3 3 1 1 2 2 3 1 1 2 1 1 2 3
 ... : 1 1 1 1 1 1 1 1 1 1 1 1 1 1 1 1 1 1 1 2 1 2 1 1 1 1 1 2 1 1 1 1 2 1 1 1 1 1 1 1 1 1 1 1 1 1 1 1 1 1 1 1 1 1 1 1 1 1 1 1 1 1 1 1 1 1 1 1 1 1 1 1 1 1 1 1 1 1 1 2 4 4 3 1 1 2 2 3 4 4 3 1 1 2 2 3 3 3 3 1 1 2 2 3 3 3 1 1 2 2 3 1 1 2 1 1 2 3
 ... : 1 1 1 1 1 1 1 1 1 1 1 1 1 1 1 1 1 1 1 2 1 2 1 1 1 1 1 2 1 1 1 1 2 1 1 1 1 1 1 1 1 1 1 1 1 1 1 1 1 1 1 1 1 1 1 1 1 1 1 1 1 1 1 1 1 1 1 1 1 1 1 1 1 1 1 1 1 1 1 2 4 4 3 1 1 2 2 3 4 4 3 1 1 2 2 3 3 3 3 1 1 2 2 3 3 3 1 1 2 2 3 1 1 2 1 1 2 3
 ... : 1 1 1 1 1 1 1 1 1 1 1 1 1 1 1 1 1 1 1 2 1 2 1 1 1 1 1 2 1 1 1 1 2 1 1 1 1 1 1 1 1 1 1 1 1 1 1 1 1 1 1 1 1 1 1 1 1 1 1 1 1 1 1 1 1 1 1 1 1 1 1 1 1 1 1 1 1 2 2 4 4 4 3 1 1 2 2 3 4 4 3 1 1 2 2 3 3 3 3 1 1 2 2 3 3 3 1 1 2 2 3 1 1 2 1 1 2 3
 ... : 1 1 1 1 1 1 1 1 1 1 1 1 1 1 1 1 1 1 1 2 1 2 1 1 1 1 1 2 1 1 1 1 2 1 1 1 1 1 1 1 1 1 1 1 1 1 1 1 1 1 1 1 1 1 1 1 1 1 1 1 1 1 1 1 1 1 1 1 1 1 1 3 4 3 1 1 2 2 3 4 4 4 3 1 1 2 2 3 4 4 3 1 1 2 2 3 3 3 3 1 1 2 2 3 3 3 1 1 2 2 3 1 1 2 1 1 2 3
 ... : 1 1 1 1 1 1 1 1 1 1 1 1 1 1 1 1 1 1 1 2 1 2 1 1 1 1 1 2 1 1 1 1 2 1 1 1 1 1 1 1 1 1 1 1 1 1 1 1 1 1 1 1 1 1 1 1 1 1 1 1 1 1 1 1 1 1 1 1 1 2 3 4 4 3 1 1 2 2 3 4 4 4 3 1 1 2 2 3 4 4 3 1 1 2 2 3 3 3 3 1 1 2 2 3 3 3 1 1 2 2 3 1 1 2 1 1 2 3
 ... : 1 1 1 1 1 1 1 1 1 1 1 1 1 1 1 1 1 1 1 2 1 2 1 1 1 1 1 2 1 1 1 1 2 1 1 1 1 1 1 1 1 1 1 1 1 1 1 1 1 1 1 1 1 1 1 1 1 1 1 1 1 1 1 1 1 1 1 1 1 1 1 1 1 2 2 3 3 1 1 2 2 2 1 1 1 2 2 3 4 4 3 1 1 2 2 3 3 3 3 1 1 2 2 3 3 3 1 1 2 2 3 1 1 2 1 1 2 3
 ... : 1 1 1 1 1 1 1 1 1 1 1 1 1 1 1 1 1 1 1 2 1 2 1 1 1 1 1 2 1 1 1 1 2 1 1 1 1 1 1 1 1 1 1 1 1 1 1 2 1 1 2 2 2 1 2 1 1 2 2 3 3 1 1 2 2 2 2 2 2 1 1 3 1 2 2 3 3 1 1 2 2 2 1 1 1 2 2 3 4 4 3 1 1 2 2 3 3 3 3 1 1 2 2 3 3 3 1 1 2 2 3 1 1 2 1 1 2 3
 ... : 1 1 1 1 1 1 1 1 1 1 1 1 1 1 1 1 1 1 1 2 1 2 1 1 1 1 1 2 1 1 1 1 2 1 1 1 1 1 1 1 1 1 1 1 1 1 1 2 3 3 2 1 2 1 2 1 1 2 2 3 3 1 1 2 2 2 2 2 2 1 1 3 1 2 2 3 3 1 1 2 2 2 1 1 1 2 2 3 4 4 3 1 1 2 2 3 3 3 3 1 1 2 2 3 3 3 1 1 2 2 3 1 1 2 1 1 2 3
 ... : 1 1 1 1 1 1 1 1 1 1 1 1 1 1 1 1 1 1 1 2 1 2 1 1 1 1 1 2 1 1 1 1 1 1 1 1 1 1 1 1 3 2 1 1 1 1 2 2 3 3 2 1 2 1 2 1 1 2 2 3 3 1 1 2 2 2 2 2 2 1 1 3 1 2 2 3 3 1 1 2 2 2 1 1 1 2 2 3 4 4 3 1 1 2 2 3 3 3 3 1 1 2 2 3 3 3 1 1 2 2 3 1 1 2 1 1 2 3
 ... : 1 1 1 1 1 1 1 1 1 1 1 1 1 1 1 1 1 1 1 2 1 2 1 1 1 1 1 2 1 1 1 1 1 1 1 1 1 1 2 3 3 1 1 2 2 4 1 1 2 3 2 1 2 1 2 1 1 2 2 3 3 1 1 2 2 2 2 2 2 1 1 3 1 2 2 3 3 1 1 2 2 2 1 1 1 2 2 3 4 4 3 1 1 2 2 3 3 3 3 1 1 2 2 3 3 3 1 1 2 2 3 1 1 2 1 1 2 3
 ... : 1 1 1 1 1 1 1 1 1 1 1 1 1 1 1 1 1 1 1 2 1 2 1 1 1 1 1 2 1 1 1 1 1 1 1 1 1 2 4 4 3 1 1 2 2 4 1 1 2 3 2 1 2 1 2 1 1 2 2 3 3 1 1 2 2 2 2 2 2 1 1 3 1 2 2 3 3 1 1 2 2 2 1 1 1 2 2 3 4 4 3 1 1 2 2 3 3 3 3 1 1 2 2 3 3 3 1 1 2 2 3 1 1 2 1 1 2 3
 ... : 1 1 1 1 1 1 1 1 1 1 1 1 1 1 1 1 1 1 1 2 1 2 1 1 1 1 1 2 1 1 1 1 1 1 1 1 1 1 2 4 3 1 1 2 2 4 1 1 2 3 2 1 2 1 2 1 1 2 2 3 3 1 1 2 2 2 2 2 2 1 1 3 1 2 2 3 3 1 1 2 2 2 1 1 1 2 2 3 4 4 3 1 1 2 2 3 3 3 3 1 1 2 2 3 3 3 1 1 2 2 3 1 1 2 1 1 2 3
 ... : 1 1 1 1 1 1 1 1 1 1 1 1 1 1 1 1 1 1 1 2 1 2 1 1 1 1 1 2 1 1 1 1 1 1 1 1 1 2 4 4 3 1 1 2 2 4 1 1 2 3 2 1 2 1 2 1 1 2 2 3 3 1 1 2 2 2 2 2 2 1 1 3 1 2 2 3 3 1 1 2 2 2 1 1 1 2 2 3 4 4 3 1 1 2 2 3 3 3 3 1 1 2 2 3 3 3 1 1 2 2 3 1 1 2 1 1 2 3
 ... : 1 1 1 1 1 1 1 1 1 1 1 1 1 1 1 1 1 1 1 2 1 2 1 1 1 1 1 2 1 1 1 1 1 1 1 1 2 2 4 4 3 1 1 2 2 4 1 1 2 3 2 1 2 1 2 1 1 2 2 3 3 1 1 2 2 2 2 2 2 1 1 3 1 2 2 3 3 1 1 2 2 2 1 1 1 2 2 3 4 4 3 1 1 2 2 3 3 3 3 1 1 2 2 3 3 3 1 1 2 2 3 1 1 2 1 1 2 3
 ... : 1 1 1 1 1 1 1 1 1 1 1 1 1 1 1 1 1 1 1 2 1 2 1 1 1 1 1 2 1 1 1 1 1 1 1 2 2 4 4 4 3 1 1 2 2 4 1 1 2 3 2 1 2 1 2 1 1 2 2 3 3 1 1 2 2 2 2 2 2 1 1 3 1 2 2 3 3 1 1 2 2 2 1 1 1 2 2 3 4 4 3 1 1 2 2 3 3 3 3 1 1 2 2 3 3 3 1 1 2 2 3 1 1 2 1 1 2 3
 ... : 1 1 1 1 1 1 1 1 1 1 1 1 1 1 1 1 1 1 1 2 1 2 1 1 1 1 1 2 1 1 1 1 1 1 1 2 4 4 4 4 3 1 1 2 2 4 1 1 2 3 2 1 2 1 2 1 1 2 2 3 3 1 1 2 2 2 2 2 2 1 1 3 1 2 2 3 3 1 1 2 2 2 1 1 1 2 2 3 4 4 3 1 1 2 2 3 3 3 3 1 1 2 2 3 3 3 1 1 2 2 3 1 1 2 1 1 2 3
 ... : 1 1 1 1 1 1 1 1 1 1 1 1 1 1 1 1 1 1 1 2 1 2 1 1 1 1 1 1 1 1 1 1 1 1 1 1 1 2 1 1 3 2 1 1 2 2 2 1 2 3 2 1 2 1 2 1 1 2 2 3 3 1 1 2 2 2 2 2 2 1 1 3 1 2 2 3 3 1 1 2 2 2 1 1 1 2 2 3 4 4 3 1 1 2 2 3 3 3 3 1 1 2 2 3 3 3 1 1 2 2 3 1 1 2 1 1 2 3
 ... : 1 1 1 1 1 1 1 1 1 1 1 1 1 1 1 1 1 1 1 2 1 2 1 1 1 1 1 1 1 1 1 1 1 1 1 1 1 1 1 2 2 1 1 1 2 2 2 1 2 3 2 1 2 1 2 1 1 2 2 3 3 1 1 2 2 2 2 2 2 1 1 3 1 2 2 3 3 1 1 2 2 2 1 1 1 2 2 3 4 4 3 1 1 2 2 3 3 3 3 1 1 2 2 3 3 3 1 1 2 2 3 1 1 2 1 1 2 3
 ... : 1 1 1 1 1 1 1 1 1 1 1 1 1 1 1 1 1 1 1 2 1 2 1 1 1 1 1 1 1 1 1 1 2 4 3 1 1 2 2 3 3 1 1 1 2 2 2 1 2 3 2 1 2 1 2 1 1 2 2 3 3 1 1 2 2 2 2 2 2 1 1 3 1 2 2 3 3 1 1 2 2 2 1 1 1 2 2 3 4 4 3 1 1 2 2 3 3 3 3 1 1 2 2 3 3 3 1 1 2 2 3 1 1 2 1 1 2 3
 ... : 1 1 1 1 1 1 1 1 1 1 1 1 1 1 1 1 1 1 1 2 1 2 1 1 1 1 1 1 1 1 1 1 1 2 4 2 1 2 2 3 3 1 1 1 2 2 2 1 2 3 2 1 2 1 2 1 1 2 2 3 3 1 1 2 2 2 2 2 2 1 1 3 1 2 2 3 3 1 1 2 2 2 1 1 1 2 2 3 4 4 3 1 1 2 2 3 3 3 3 1 1 2 2 3 3 3 1 1 2 2 3 1 1 2 1 1 2 3
 ... : 1 1 1 1 1 1 1 1 1 1 1 1 1 1 1 1 1 1 1 2 1 2 1 1 1 1 1 1 1 1 1 1 2 4 4 2 1 2 2 3 3 1 1 1 2 2 2 1 2 3 2 1 2 1 2 1 1 2 2 3 3 1 1 2 2 2 2 2 2 1 1 3 1 2 2 3 3 1 1 2 2 2 1 1 1 2 2 3 4 4 3 1 1 2 2 3 3 3 3 1 1 2 2 3 3 3 1 1 2 2 3 1 1 2 1 1 2 3
 ... : 1 1 1 1 1 1 1 1 1 1 1 1 1 1 1 1 1 1 1 2 1 2 1 1 1 1 1 1 1 1 1 1 2 4 4 2 1 2 2 3 3 1 1 1 2 2 2 1 2 3 2 1 2 1 2 1 1 2 2 3 3 1 1 2 2 2 2 2 2 1 1 3 1 2 2 3 3 1 1 2 2 2 1 1 1 2 2 3 4 4 3 1 1 2 2 3 3 3 3 1 1 2 2 3 3 3 1 1 2 2 3 1 1 2 1 1 2 3
 ... : 1 1 1 1 1 1 1 1 1 1 1 1 1 1 1 1 1 1 1 2 1 2 1 1 1 1 1 1 1 1 2 2 4 4 4 2 1 2 2 3 3 1 1 1 2 2 2 1 2 3 2 1 2 1 2 1 1 2 2 3 3 1 1 2 2 2 2 2 2 1 1 3 1 2 2 3 3 1 1 2 2 2 1 1 1 2 2 3 4 4 3 1 1 2 2 3 3 3 3 1 1 2 2 3 3 3 1 1 2 2 3 1 1 2 1 1 2 3
 ... : 1 1 1 1 1 1 1 1 1 1 1 1 1 1 1 1 1 1 1 2 1 2 1 1 1 1 1 1 1 2 3 4 4 4 4 2 1 2 2 3 3 1 1 1 2 2 2 1 2 3 2 1 2 1 2 1 1 2 2 3 3 1 1 2 2 2 2 2 2 1 1 3 1 2 2 3 3 1 1 2 2 2 1 1 1 2 2 3 4 4 3 1 1 2 2 3 3 3 3 1 1 2 2 3 3 3 1 1 2 2 3 1 1 2 1 1 2 3
 ... : 1 1 1 1 1 1 1 1 1 1 1 1 1 1 1 1 1 1 1 1 1 1 1 1 1 1 1 1 1 1 1 1 3 2 4 2 1 2 2 3 3 1 1 1 2 2 2 1 2 3 2 1 2 1 2 1 1 2 2 3 3 1 1 2 2 2 2 2 2 1 1 3 1 2 2 3 3 1 1 2 2 2 1 1 1 2 2 3 4 4 3 1 1 2 2 3 3 3 3 1 1 2 2 3 3 3 1 1 2 2 3 1 1 2 1 1 2 3
 ... : 1 1 1 1 1 1 1 1 1 1 1 1 1 1 1 1 1 1 1 1 1 1 1 1 1 1 1 1 1 1 1 1 1 1 3 2 1 2 2 3 3 1 1 1 2 2 2 1 2 3 2 1 2 1 2 1 1 2 2 3 3 1 1 2 2 2 2 2 2 1 1 3 1 2 2 3 3 1 1 2 2 2 1 1 1 2 2 3 4 4 3 1 1 2 2 3 3 3 3 1 1 2 2 3 3 3 1 1 2 2 3 1 1 2 1 1 2 3
 ... : 1 1 1 1 1 1 1 1 1 1 1 1 1 1 1 1 1 1 1 1 1 1 3 3 1 1 2 3 2 2 2 3 1 1 3 3 3 2 2 3 3 1 1 1 2 2 2 1 2 3 2 1 2 1 2 1 1 2 2 3 3 1 1 2 2 2 2 2 2 1 1 3 1 2 2 3 3 1 1 2 2 2 1 1 1 2 2 3 4 4 3 1 1 2 2 3 3 3 3 1 1 2 2 3 3 3 1 1 2 2 3 1 1 2 1 1 2 3
 ... : 1 1 1 1 1 1 1 1 1 1 1 2 2 1 2 1 1 2 2 1 1 2 3 3 1 1 2 3 2 2 2 3 1 1 3 3 3 2 2 3 3 1 1 1 2 2 2 1 2 3 2 1 2 1 2 1 1 2 2 3 3 1 1 2 2 2 2 2 2 1 1 3 1 2 2 3 3 1 1 2 2 2 1 1 1 2 2 3 4 4 3 1 1 2 2 3 3 3 3 1 1 2 2 3 3 3 1 1 2 2 3 1 1 2 1 1 2 4
 119 : 1 1 1 1 1 1 1 1 1 1 1 1 1 1 1 1 1 1 1 1 1 1 1 1 1 1 1 1 1 1 1 1 1 1 1 1 1 1 1 1 1 1 1 1 1 1 1 1 1 1 1 1 1 1 1 1 1 1 1 1 1 1 1 1 1 1 1 1 1 1 1 1 1 1 1 1 1 1 1 1 1 1 1 1 1 1 1 1 1 1 1 1 1 1 1 1 1 1 1 1 1 1 1 1 1 1 1 1 1 1 1 1 1 1 1 1 1 1 4
 120 : 1 1 1 1 1 1 1 1 1 1 1 1 1 1 1 1 1 1 1 1 1 1 1 1 1 1 1 1 1 1 1 1 1 1 1 1 1 1 1 1 1 1 1 1 1 1 1 1 1 1 1 1 1 1 1 1 1 1 1 1 1 1 1 1 1 1 1 1 1 1 1 1 1 1 1 1 1 1 1 1 1 1 1 1 1 1 1 1 1 1 1 1 1 1 1 1 1 1 1 1 1 1 1 1 1 1 1 1 1 1 1 1 1 1 1 1 1 1 3 1
 121 : 1 1 1 1 1 1 1 1 1 1 1 1 1 1 1 1 1 1 1 1 1 1 1 1 1 1 1 1 1 1 1 1 1 1 1 1 1 1 1 1 1 1 1 1 1 1 1 1 1 1 1 1 1 1 1 1 1 1 1 1 1 1 1 1 1 1 1 1 1 1 1 1 1 1 1 1 1 1 1 1 1 1 1 1 1 1 1 1 1 1 1 1 1 1 1 1 1 1 1 1 1 1 1 1 1 1 1 1 1 1 1 1 1 1 1 1 1 1 1 3 1
 122 : 1 1 1 1 1 1 1 1 1 1 1 1 1 1 1 1 1 1 1 1 1 1 1 1 1 1 1 1 1 1 1 1 1 1 1 1 1 1 1 1 1 1 1 1 1 1 1 1 1 1 1 1 1 1 1 1 1 1 1 1 1 1 1 1 1 1 1 1 1 1 1 1 1 1 1 1 1 1 1 1 1 1 1 1 1 1 1 1 1 1 1 1 1 1 1 1 1 1 1 1 1 1 1 1 1 1 1 1 1 1 1 1 1 1 1 1 1 1 1 1 3 1
 123 : 1 1 1 1 1 1 1 1 1 1 1 1 1 1 1 1 1 1 1 1 1 1 1 1 1 1 1 1 1 1 1 1 1 1 1 1 1 1 1 1 1 1 1 1 1 1 1 1 1 1 1 1 1 1 1 1 1 1 1 1 1 1 1 1 1 1 1 1 1 1 1 1 1 1 1 1 1 1 1 1 1 1 1 1 1 1 1 1 1 1 1 1 1 1 1 1 1 1 1 1 1 1 1 1 1 1 1 1 1 1 1 1 1 1 1 1 1 1 1 1 3 3 0
 124 : 1 1 1 1 1 1 1 1 1 1 1 1 1 1 1 1 1 1 1 1 1 1 1 1 1 1 1 1 1 1 1 1 1 1 1 1 1 1 1 1 1 1 1 1 1 1 1 1 1 1 1 1 1 1 1 1 1 1 1 1 1 1 1 1 1 1 1 1 1 1 1 1 1 1 1 1 1 1 1 1 1 1 1 1 1 1 1 1 1 1 1 1 1 1 1 1 1 1 1 1 1 1 1 1 1 1 1 1 1 1 1 1 1 1 1 1 1 1 1 1 3 2 0 8
num_solve_calls = 420911
num_solve_sat_calls = 159457
num_solve_unsat_calls = 12610
num_solve_approx_calls = 94028
num_solve_approx_unsat_calls = 25156
num_solve_conflicts = 18556
num_solve_decisions = 3082552
num_solve_propagations = 31823659
avg_solve_conflicts = 1
avg_solve_decisions = 8
avg_solve_propagations = 76
avg_solve_unsat_decisions = 0.010
stddev_solve_unsat_decisions = 0.110
num_added_cubes = 12819
num_subsumed_cubes = 12686
num_mic_down_calls = 67358
num_mic_down_good = 5014
num_added_ctgs = 4903
num_gc_frame = 11118
num_reset = 163
num_try_blocking = 175654
get_bad_cube_time = 0.015
rec_block_cube_time = 7.790
propagate_forward_time = 0.371
generalize_model_time = 1.615
generalize_and_push_time = 6.721
ctg_time = 3.064
try_blocking_time = 7.491
reset_time = 0.181
clausify_time = 0.278
preprocess_time = 0.057
solve_time = 6.183
solve_sat_time = 4.519
solve_unsat_time = 1.664
prove_time = 8.337
memory_used_mb = 8
total_time = 8.350
Safe
