initialized model with 18 latches, 4 inputs and 1 properties
tsim: performed 218 steps
checking bound 0
checking bound 1
checking bound 2
tdecomp: unrolling 2 cycles
tsim: performed 217 steps
tsim: found 1 constants and 0 latch equivalences
tdecomp: (18, 16) -> (17, 11)
   2 : 1 0
   3 : 1 1 0
   4 : 1 1 1 0
   5 : 1 1 1 1 0
   6 : 1 1 1 1 1 0
   7 : 1 1 1 1 1 1 0
   8 : 1 1 1 1 1 1 1 0
   9 : 1 1 1 1 1 1 1 1 0
  10 : 1 1 1 1 1 1 1 1 1 0
  11 : 1 1 1 1 1 1 1 1 1 1 0
  12 : 1 1 1 1 1 1 1 1 1 1 1 0
  13 : 1 1 1 1 1 1 1 1 1 1 1 1 0
  14 : 1 1 1 1 1 1 1 1 1 1 1 1 1 0
  15 : 1 1 1 1 1 1 1 1 1 1 1 1 1 1 0
  16 : 1 1 1 1 1 1 1 1 1 1 1 1 1 1 1 0
  17 : 1 1 1 1 1 1 1 1 1 1 1 1 1 1 1 1 0
  18 : 1 1 1 1 1 1 1 1 1 1 1 1 1 1 1 1 1 0
  19 : 1 1 1 1 1 1 1 1 1 1 1 1 1 1 1 1 1 1 0
  20 : 1 1 1 1 1 1 1 1 1 1 1 1 1 1 1 1 1 1 1 0
  21 : 1 1 1 1 1 1 1 1 1 1 1 1 1 1 1 1 1 1 1 1 0
  22 : 1 1 1 1 1 1 1 1 1 1 1 1 1 1 1 1 1 1 1 1 1 0
  23 : 1 1 1 1 1 1 1 1 1 1 1 1 1 1 1 1 1 1 1 1 1 1 0
  24 : 1 1 1 1 1 1 1 1 1 1 1 1 1 1 1 1 1 1 1 1 1 1 1 0
  25 : 1 1 1 1 1 1 1 1 1 1 1 1 1 1 1 1 1 1 1 1 1 1 1 1 0
  26 : 1 1 1 1 1 1 1 1 1 1 1 1 1 1 1 1 1 1 1 1 1 1 1 1 1 0
  27 : 1 1 1 1 1 1 1 1 1 1 1 1 1 1 1 1 1 1 1 1 1 1 1 1 1 1 0
  28 : 1 1 1 1 1 1 1 1 1 1 1 1 1 1 1 1 1 1 1 1 1 1 1 1 1 1 1 0
  29 : 1 1 1 1 1 1 1 1 1 1 1 1 1 1 1 1 1 1 1 1 1 1 1 1 1 1 1 1 0
  30 : 1 1 1 1 1 1 1 1 1 1 1 1 1 1 1 1 1 1 1 1 1 1 1 1 1 1 1 1 1 0
  31 : 1 1 1 1 1 1 1 1 1 1 1 1 1 1 1 1 1 1 1 1 1 1 1 1 1 1 1 1 1 1 0
  32 : 1 1 1 1 1 1 1 1 1 1 1 1 1 1 1 1 1 1 1 1 1 1 1 1 1 1 1 1 1 1 1 0
  33 : 1 1 1 1 1 1 1 1 1 1 1 1 1 1 1 1 1 1 1 1 1 1 1 1 1 1 1 1 1 1 1 1 0
  34 : 1 1 1 1 1 1 1 1 1 1 1 1 1 1 1 1 1 1 1 1 1 1 1 1 1 1 1 1 1 1 1 1 1 0
  35 : 1 1 1 1 1 1 1 1 1 1 1 1 1 1 1 1 1 1 1 1 1 1 1 1 1 1 1 1 1 1 1 1 1 1 0
  36 : 1 1 1 1 1 1 1 1 1 1 1 1 1 1 1 1 1 1 1 1 1 1 1 1 1 1 1 1 1 1 1 1 1 1 1 0
  37 : 1 1 1 1 1 1 1 1 1 1 1 1 1 1 1 1 1 1 1 1 1 1 1 1 1 1 1 1 1 1 1 1 1 1 1 1 0
  38 : 1 1 1 1 1 1 1 1 1 1 1 1 1 1 1 1 1 1 1 1 1 1 1 1 1 1 1 1 1 1 1 1 1 1 1 1 1 0
  39 : 1 1 1 1 1 1 1 1 1 1 1 1 1 1 1 1 1 1 1 1 1 1 1 1 1 1 1 1 1 1 1 1 1 1 1 1 1 1 0
  40 : 1 1 1 1 1 1 1 1 1 1 1 1 1 1 1 1 1 1 1 1 1 1 1 1 1 1 1 1 1 1 1 1 1 1 1 1 1 1 1 0
  41 : 1 1 1 1 1 1 1 1 1 1 1 1 1 1 1 1 1 1 1 1 1 1 1 1 1 1 1 1 1 1 1 1 1 1 1 1 1 1 1 1 0
  42 : 1 1 1 1 1 1 1 1 1 1 1 1 1 1 1 1 1 1 1 1 1 1 1 1 1 1 1 1 1 1 1 1 1 1 1 1 1 1 1 1 1 1
  43 : 1 1 1 1 1 1 1 1 1 1 1 1 1 1 1 1 1 1 1 1 1 1 1 1 1 1 1 1 1 1 1 1 1 1 1 1 1 1 1 1 1 1 0
 ... : 1 1 1 1 1 1 1 1 1 1 1 1 1 1 1 1 1 1 1 1 1 1 2 3 3 1 1 2 2 3 3 1 1 2 2 3 1 1 2 1 1 2 0
 ... : 1 1 1 1 1 1 1 1 1 1 1 1 1 1 1 1 3 3 1 1 2 2 3 4 3 1 1 2 2 3 3 1 1 2 2 3 1 1 2 1 1 2 0
 ... : 1 1 1 1 1 1 1 1 1 1 1 1 1 1 2 3 4 3 1 1 2 2 3 4 3 1 1 2 2 3 3 1 1 2 2 3 1 1 2 1 1 2 0
 ... : 1 1 1 1 1 1 2 2 4 3 1 1 2 2 3 4 4 3 1 1 2 2 3 4 3 1 1 2 2 3 3 1 1 2 2 3 1 1 2 1 1 2 0
 ... : 1 1 1 1 1 1 2 4 4 3 1 1 2 2 3 4 4 3 1 1 2 2 3 4 3 1 1 2 2 3 3 1 1 2 2 3 1 1 2 1 1 2 0
 ... : 1 1 1 1 1 1 2 4 4 3 1 1 2 2 3 4 4 3 1 1 2 2 3 4 3 1 1 2 2 3 3 1 1 2 2 3 1 1 2 1 1 2 0
 ... : 1 1 1 1 2 2 4 4 4 3 1 1 2 2 3 4 4 3 1 1 2 2 3 4 3 1 1 2 2 3 3 1 1 2 2 3 1 1 2 1 1 2 0
  44 : 1 1 1 1 1 1 1 1 1 1 1 1 1 1 1 1 1 1 1 1 1 1 1 1 1 1 1 1 1 1 1 1 1 1 1 1 1 1 1 1 1 1 1 2
 ... : 1 1 1 1 1 1 1 1 1 1 1 1 1 1 1 1 1 1 1 1 1 1 1 1 1 1 1 1 1 1 2 3 2 2 2 2 3 1 2 2 2 1 1 2
 ... : 1 1 1 1 1 1 1 1 1 1 1 1 1 1 1 1 1 1 1 1 1 1 2 2 3 3 3 2 2 3 3 3 2 2 2 2 3 1 2 2 2 1 1 2
 ... : 1 1 1 1 1 1 1 1 1 1 1 1 1 1 1 1 1 1 1 1 1 2 3 4 4 3 3 2 2 3 3 3 2 2 2 2 3 1 2 2 2 1 1 2
 ... : 1 1 1 1 1 1 1 1 1 1 1 1 1 1 1 1 2 4 2 1 2 3 3 4 4 3 3 2 2 3 3 3 2 2 2 2 3 1 2 2 2 1 1 2
 ... : 1 1 1 1 1 1 1 1 1 1 1 1 1 1 1 2 4 4 2 1 2 3 3 4 4 3 3 2 2 3 3 3 2 2 2 2 3 1 2 2 2 1 1 2
 ... : 1 1 1 1 1 1 1 1 1 1 1 1 1 2 2 4 4 4 2 1 2 3 3 4 4 3 3 2 2 3 3 3 2 2 2 2 3 1 2 2 2 1 1 2
 ... : 1 1 1 1 1 1 1 1 2 2 2 2 3 3 4 4 4 4 2 1 2 3 3 4 4 3 3 2 2 3 3 3 2 2 2 2 3 1 2 2 2 1 1 2
  45 : 1 1 1 1 1 1 1 1 1 1 1 1 1 1 1 1 1 1 1 1 1 1 1 1 1 1 1 1 1 1 1 1 1 1 1 1 1 1 1 1 1 1 1 1 3
  46 : 1 1 1 1 1 1 1 1 1 1 1 1 1 1 1 1 1 1 1 1 1 1 1 1 1 1 1 1 1 1 1 1 1 1 1 1 1 1 1 1 1 1 1 1 1 4
  47 : 1 1 1 1 1 1 1 1 1 1 1 1 1 1 1 1 1 1 1 1 1 1 1 1 1 1 1 1 1 1 1 1 1 1 1 1 1 1 1 1 1 1 1 1 1 1 3
  48 : 1 1 1 1 1 1 1 1 1 1 1 1 1 1 1 1 1 1 1 1 1 1 1 1 1 1 1 1 1 1 1 1 1 1 1 1 1 1 1 1 1 1 1 1 1 1 1 4
  49 : 1 1 1 1 1 1 1 1 1 1 1 1 1 1 1 1 1 1 1 1 1 1 1 1 1 1 1 1 1 1 1 1 1 1 1 1 1 1 1 1 1 1 1 1 1 1 1 1 3
 ... : 1 1 1 1 1 1 1 1 1 1 1 1 1 1 1 1 1 1 1 1 1 1 1 1 1 1 1 1 1 1 1 1 1 1 1 1 1 1 1 1 2 2 1 2 2 1 1 3 3
 ... : 1 1 1 1 1 1 1 1 1 1 1 1 1 1 1 1 1 1 1 1 1 1 1 1 1 1 1 1 1 1 1 1 1 1 1 1 2 1 1 2 1 2 1 2 2 1 1 3 3
 ... : 1 1 1 1 1 1 1 1 1 1 1 1 1 1 1 1 1 1 1 1 1 1 1 1 1 1 1 1 1 1 1 1 1 1 1 1 2 1 1 1 2 2 1 2 2 1 1 3 3
 ... : 1 1 1 1 1 1 1 1 1 1 1 1 1 1 1 1 1 1 1 1 1 1 1 1 1 1 1 1 1 2 1 1 1 1 1 1 1 1 2 1 1 2 1 1 2 1 1 3 3
 ... : 1 1 1 1 1 1 1 1 1 1 1 1 1 1 1 1 1 1 1 1 1 1 1 1 3 3 1 1 2 1 1 1 1 1 1 3 3 1 2 2 2 2 1 1 1 1 1 3 3
 ... : 1 1 1 1 1 1 1 1 1 1 1 1 1 1 1 1 1 1 1 1 1 1 2 3 2 1 1 1 1 1 1 1 2 3 2 1 2 1 1 2 2 2 1 1 1 1 1 3 3
 ... : 1 1 1 1 1 1 1 1 1 1 1 1 1 1 1 1 1 1 1 1 1 1 2 2 1 1 1 1 1 1 1 2 1 1 2 1 1 2 2 2 2 2 1 1 1 1 1 3 3
 ... : 1 1 1 1 1 1 1 1 1 1 1 1 1 1 1 1 1 1 1 1 1 1 1 1 1 2 2 3 1 2 1 1 2 2 2 1 1 2 2 2 2 2 1 1 1 1 1 3 3
 ... : 1 1 1 1 1 1 1 1 1 1 1 1 1 1 1 1 1 2 1 1 1 1 1 1 1 1 1 2 1 2 2 3 2 2 2 1 1 2 2 2 2 2 1 1 1 1 1 3 3
 ... : 1 1 1 1 1 1 1 1 1 1 1 2 2 1 1 4 2 1 1 2 1 1 1 2 2 2 3 2 1 2 2 3 2 2 2 1 1 2 2 2 2 2 1 1 1 1 1 3 4
  50 : 1 1 1 1 1 1 1 1 1 1 1 1 1 1 1 1 1 1 1 1 1 1 1 1 1 1 1 1 1 1 1 1 1 1 1 1 1 1 1 1 1 1 1 1 1 1 1 1 3 1
  51 : 1 1 1 1 1 1 1 1 1 1 1 1 1 1 1 1 1 1 1 1 1 1 1 1 1 1 1 1 1 1 1 1 1 1 1 1 1 1 1 1 1 1 1 1 1 1 1 1 1 1 5
  52 : 1 1 1 1 1 1 1 1 1 1 1 1 1 1 1 1 1 1 1 1 1 1 1 1 1 1 1 1 1 1 1 1 1 1 1 1 1 1 1 1 1 1 1 1 1 1 1 1 1 1 1 4
  53 : 1 1 1 1 1 1 1 1 1 1 1 1 1 1 1 1 1 1 1 1 1 1 1 1 1 1 1 1 1 1 1 1 1 1 1 1 1 1 1 1 1 1 1 1 1 1 1 1 1 1 1 3 1
  54 : 1 1 1 1 1 1 1 1 1 1 1 1 1 1 1 1 1 1 1 1 1 1 1 1 1 1 1 1 1 1 1 1 1 1 1 1 1 1 1 1 1 1 1 1 1 1 1 1 1 1 1 1 1 4
  55 : 1 1 1 1 1 1 1 1 1 1 1 1 1 1 1 1 1 1 1 1 1 1 1 1 1 1 1 1 1 1 1 1 1 1 1 1 1 1 1 1 1 1 1 1 1 1 1 1 1 1 1 1 1 3 1
  56 : 1 1 1 1 1 1 1 1 1 1 1 1 1 1 1 1 1 1 1 1 1 1 1 1 1 1 1 1 1 1 1 1 1 1 1 1 1 1 1 1 1 1 1 1 1 1 1 1 1 1 1 1 1 1 1 5
  57 : 1 1 1 1 1 1 1 1 1 1 1 1 1 1 1 1 1 1 1 1 1 1 1 1 1 1 1 1 1 1 1 1 1 1 1 1 1 1 1 1 1 1 1 1 1 1 1 1 1 1 1 1 1 1 1 1 4
  58 : 1 1 1 1 1 1 1 1 1 1 1 1 1 1 1 1 1 1 1 1 1 1 1 1 1 1 1 1 1 1 1 1 1 1 1 1 1 1 1 1 1 1 1 1 1 1 1 1 1 1 1 1 1 1 1 1 3 1
  59 : 1 1 1 1 1 1 1 1 1 1 1 1 1 1 1 1 1 1 1 1 1 1 1 1 1 1 1 1 1 1 1 1 1 1 1 1 1 1 1 1 1 1 1 1 1 1 1 1 1 1 1 1 1 1 1 1 1 1 5
  60 : 1 1 1 1 1 1 1 1 1 1 1 1 1 1 1 1 1 1 1 1 1 1 1 1 1 1 1 1 1 1 1 1 1 1 1 1 1 1 1 1 1 1 1 1 1 1 1 1 1 1 1 1 1 1 1 1 1 1 1 4
  61 : 1 1 1 1 1 1 1 1 1 1 1 1 1 1 1 1 1 1 1 1 1 1 1 1 1 1 1 1 1 1 1 1 1 1 1 1 1 1 1 1 1 1 1 1 1 1 1 1 1 1 1 1 1 1 1 1 1 1 1 3 1
  62 : 1 1 1 1 1 1 1 1 1 1 1 1 1 1 1 1 1 1 1 1 1 1 1 1 1 1 1 1 1 1 1 1 1 1 1 1 1 1 1 1 1 1 1 1 1 1 1 1 1 1 1 1 1 1 1 1 1 1 1 1 3 1
  63 : 1 1 1 1 1 1 1 1 1 1 1 1 1 1 1 1 1 1 1 1 1 1 1 1 1 1 1 1 1 1 1 1 1 1 1 1 1 1 1 1 1 1 1 1 1 1 1 1 1 1 1 1 1 1 1 1 1 1 1 1 1 3 1
  64 : 1 1 1 1 1 1 1 1 1 1 1 1 1 1 1 1 1 1 1 1 1 1 1 1 1 1 1 1 1 1 1 1 1 1 1 1 1 1 1 1 1 1 1 1 1 1 1 1 1 1 1 1 1 1 1 1 1 1 1 1 1 1 3 1
  65 : 1 1 1 1 1 1 1 1 1 1 1 1 1 1 1 1 1 1 1 1 1 1 1 1 1 1 1 1 1 1 1 1 1 1 1 1 1 1 1 1 1 1 1 1 1 1 1 1 1 1 1 1 1 1 1 1 1 1 1 1 1 1 3 3 0
  66 : 1 1 1 1 1 1 1 1 1 1 1 1 1 1 1 1 1 1 1 1 1 1 1 1 1 1 1 1 1 1 1 1 1 1 1 1 1 1 1 1 1 1 1 1 1 1 1 1 1 1 1 1 1 1 1 1 1 1 1 1 1 1 3 3 0 6
num_solve_calls = 86756
num_solve_sat_calls = 32598
num_solve_unsat_calls = 2983
num_solve_approx_calls = 20439
num_solve_approx_unsat_calls = 6237
num_solve_conflicts = 4341
num_solve_decisions = 607531
num_solve_propagations = 4567325
avg_solve_conflicts = 1
avg_solve_decisions = 8
avg_solve_propagations = 53
avg_solve_unsat_decisions = 0.010
stddev_solve_unsat_decisions = 0.184
num_added_cubes = 3105
num_subsumed_cubes = 3031
num_mic_down_calls = 12795
num_mic_down_good = 1180
num_added_ctgs = 1122
num_gc_frame = 2682
num_reset = 23
num_try_blocking = 35977
get_bad_cube_time = 0.014
rec_block_cube_time = 1.435
propagate_forward_time = 0.078
generalize_model_time = 0.320
generalize_and_push_time = 1.208
ctg_time = 0.528
try_blocking_time = 1.407
reset_time = 0.023
clausify_time = 0.085
preprocess_time = 0.009
solve_time = 1.184
solve_sat_time = 0.853
solve_unsat_time = 0.331
prove_time = 1.611
memory_used_mb = 7
total_time = 1.623
Safe
