initialized model with 17 latches, 4 inputs and 1 properties
tsim: performed 217 steps
checking bound 0
checking bound 1
checking bound 2
tdecomp: unrolling 2 cycles
tsim: performed 216 steps
tsim: found 1 constants and 0 latch equivalences
tdecomp: (17, 16) -> (16, 11)
   2 : 1 0
   3 : 1 1 0
   4 : 1 1 1 0
   5 : 1 1 1 1 0
   6 : 1 1 1 1 1 0
   7 : 1 1 1 1 1 1 0
   8 : 1 1 1 1 1 1 1 0
   9 : 1 1 1 1 1 1 1 1 0
  10 : 1 1 1 1 1 1 1 1 1 0
  11 : 1 1 1 1 1 1 1 1 1 1 0
  12 : 1 1 1 1 1 1 1 1 1 1 1 0
  13 : 1 1 1 1 1 1 1 1 1 1 1 1 0
  14 : 1 1 1 1 1 1 1 1 1 1 1 1 1 0
  15 : 1 1 1 1 1 1 1 1 1 1 1 1 1 1 0
  16 : 1 1 1 1 1 1 1 1 1 1 1 1 1 1 1 0
  17 : 1 1 1 1 1 1 1 1 1 1 1 1 1 1 1 1 0
  18 : 1 1 1 1 1 1 1 1 1 1 1 1 1 1 1 1 1 0
  19 : 1 1 1 1 1 1 1 1 1 1 1 1 1 1 1 1 1 1 0
  20 : 1 1 1 1 1 1 1 1 1 1 1 1 1 1 1 1 1 1 1 0
  21 : 1 1 1 1 1 1 1 1 1 1 1 1 1 1 1 1 1 1 1 1 0
  22 : 1 1 1 1 1 1 1 1 1 1 1 1 1 1 1 1 1 1 1 1 1 0
  23 : 1 1 1 1 1 1 1 1 1 1 1 1 1 1 1 1 1 1 1 1 1 1 0
  24 : 1 1 1 1 1 1 1 1 1 1 1 1 1 1 1 1 1 1 1 1 1 1 1 0
  25 : 1 1 1 1 1 1 1 1 1 1 1 1 1 1 1 1 1 1 1 1 1 1 1 1 0
  26 : 1 1 1 1 1 1 1 1 1 1 1 1 1 1 1 1 1 1 1 1 1 1 1 1 1 0
  27 : 1 1 1 1 1 1 1 1 1 1 1 1 1 1 1 1 1 1 1 1 1 1 1 1 1 1 0
  28 : 1 1 1 1 1 1 1 1 1 1 1 1 1 1 1 1 1 1 1 1 1 1 1 1 1 1 1 0
  29 : 1 1 1 1 1 1 1 1 1 1 1 1 1 1 1 1 1 1 1 1 1 1 1 1 1 1 1 1 0
  30 : 1 1 1 1 1 1 1 1 1 1 1 1 1 1 1 1 1 1 1 1 1 1 1 1 1 1 1 1 1 0
  31 : 1 1 1 1 1 1 1 1 1 1 1 1 1 1 1 1 1 1 1 1 1 1 1 1 1 1 1 1 1 1 0
  32 : 1 1 1 1 1 1 1 1 1 1 1 1 1 1 1 1 1 1 1 1 1 1 1 1 1 1 1 1 1 1 1 0
  33 : 1 1 1 1 1 1 1 1 1 1 1 1 1 1 1 1 1 1 1 1 1 1 1 1 1 1 1 1 1 1 1 1 1
  34 : 1 1 1 1 1 1 1 1 1 1 1 1 1 1 1 1 1 1 1 1 1 1 1 1 1 1 1 1 1 1 1 1 1 0
 ... : 1 1 1 1 1 1 1 1 1 1 1 1 1 2 3 3 1 1 2 2 3 3 1 1 2 2 3 1 1 2 1 1 2 0
 ... : 1 1 1 1 1 1 1 3 3 1 1 2 2 3 4 3 1 1 2 2 3 3 1 1 2 2 3 1 1 2 1 1 2 0
 ... : 1 1 1 1 1 2 3 4 3 1 1 2 2 3 4 3 1 1 2 2 3 3 1 1 2 2 3 1 1 2 1 1 2 0
  35 : 1 1 1 1 1 1 1 1 1 1 1 1 1 1 1 1 1 1 1 1 1 1 1 1 1 1 1 1 1 1 1 1 1 1 2
 ... : 1 1 1 1 1 1 1 1 1 1 1 1 1 1 1 1 1 1 1 1 1 2 3 2 2 2 2 3 1 2 2 2 1 1 2
 ... : 1 1 1 1 1 1 1 1 1 1 1 1 1 2 2 3 3 3 2 2 3 3 3 2 2 2 2 3 1 2 2 2 1 1 2
 ... : 1 1 1 1 1 1 1 1 1 1 1 1 2 3 4 4 3 3 2 2 3 3 3 2 2 2 2 3 1 2 2 2 1 1 2
  36 : 1 1 1 1 1 1 1 1 1 1 1 1 1 1 1 1 1 1 1 1 1 1 1 1 1 1 1 1 1 1 1 1 1 1 1 3
  37 : 1 1 1 1 1 1 1 1 1 1 1 1 1 1 1 1 1 1 1 1 1 1 1 1 1 1 1 1 1 1 1 1 1 1 1 1 4
  38 : 1 1 1 1 1 1 1 1 1 1 1 1 1 1 1 1 1 1 1 1 1 1 1 1 1 1 1 1 1 1 1 1 1 1 1 1 1 3
  39 : 1 1 1 1 1 1 1 1 1 1 1 1 1 1 1 1 1 1 1 1 1 1 1 1 1 1 1 1 1 1 1 1 1 1 1 1 1 1 4
  40 : 1 1 1 1 1 1 1 1 1 1 1 1 1 1 1 1 1 1 1 1 1 1 1 1 1 1 1 1 1 1 1 1 1 1 1 1 1 1 1 3
 ... : 1 1 1 1 1 1 1 1 1 1 1 1 1 1 1 1 1 1 1 1 1 1 1 1 1 1 1 1 1 1 1 1 1 1 2 2 1 1 3 3
 ... : 1 1 1 1 1 1 1 1 1 1 1 1 1 1 1 1 1 1 1 1 1 1 1 1 1 1 1 1 1 1 1 1 1 1 1 1 1 1 3 3
 ... : 1 1 1 1 1 1 1 1 1 1 1 1 1 1 1 1 1 1 1 2 2 2 1 1 1 1 1 1 2 2 2 2 2 1 1 1 1 1 3 3
 ... : 1 1 1 1 1 1 1 1 1 1 1 1 1 1 1 1 2 2 2 3 1 1 2 1 1 2 1 1 2 2 2 2 2 1 1 1 1 1 3 3
  41 : 1 1 1 1 1 1 1 1 1 1 1 1 1 1 1 1 1 1 1 2 1 1 1 1 1 1 1 1 1 1 1 1 1 1 1 1 1 1 1 1 5
  42 : 1 1 1 1 1 1 1 1 1 1 1 1 1 1 1 1 1 1 1 2 1 1 1 1 1 1 1 1 1 1 1 1 1 1 1 1 1 1 1 1 1 4
  43 : 1 1 1 1 1 1 1 1 1 1 1 1 1 1 1 1 1 1 1 2 1 1 1 1 1 1 1 1 1 1 1 1 1 1 1 1 1 1 1 1 1 3 1
  44 : 1 1 1 1 1 1 1 1 1 1 1 1 1 1 1 1 1 1 1 2 1 1 1 1 1 1 1 1 1 1 1 1 1 1 1 1 1 1 1 1 1 1 1 5
  45 : 1 1 1 1 1 1 1 1 1 1 1 1 1 1 1 1 1 1 1 2 1 1 1 1 1 1 1 1 1 1 1 1 1 1 1 1 1 1 1 1 1 1 1 1 4
  46 : 1 1 1 1 1 1 1 1 1 1 1 1 1 1 1 1 1 1 1 2 1 1 1 1 1 1 1 1 1 1 1 1 1 1 1 1 1 1 1 1 1 1 1 1 3 1
  47 : 1 1 1 1 1 1 1 1 1 1 1 1 1 1 1 1 1 1 1 2 1 1 1 1 1 1 1 1 1 1 1 1 1 1 1 1 1 1 1 1 1 1 1 1 1 3 1
  48 : 1 1 1 1 1 1 1 1 1 1 1 1 1 1 1 1 1 1 1 2 1 1 1 1 1 1 1 1 1 1 1 1 1 1 1 1 1 1 1 1 1 1 1 1 1 1 3 1
  49 : 1 1 1 1 1 1 1 1 1 1 1 1 1 1 1 1 1 1 1 2 1 1 1 1 1 1 1 1 1 1 1 1 1 1 1 1 1 1 1 1 1 1 1 1 1 1 1 3 1
  50 : 1 1 1 1 1 1 1 1 1 1 1 1 1 1 1 1 1 1 1 2 1 1 1 1 1 1 1 1 1 1 1 1 1 1 1 1 1 1 1 1 1 1 1 1 1 1 1 3 3 0
  51 : 1 1 1 1 1 1 1 1 1 1 1 1 1 1 1 1 1 1 1 2 1 1 1 1 1 1 1 1 1 1 1 1 1 1 1 1 1 1 1 1 1 1 1 1 1 1 1 3 3 0 6
num_solve_calls = 36706
num_solve_sat_calls = 13784
num_solve_unsat_calls = 1388
num_solve_approx_calls = 9125
num_solve_approx_unsat_calls = 3010
num_solve_conflicts = 2198
num_solve_decisions = 250566
num_solve_propagations = 1710441
avg_solve_conflicts = 1
avg_solve_decisions = 7
avg_solve_propagations = 47
avg_solve_unsat_decisions = 0.006
stddev_solve_unsat_decisions = 0.089
num_added_cubes = 1472
num_subsumed_cubes = 1412
num_mic_down_calls = 5339
num_mic_down_good = 542
num_added_ctgs = 505
num_gc_frame = 1280
num_reset = 8
num_try_blocking = 15291
get_bad_cube_time = 0.007
rec_block_cube_time = 0.590
propagate_forward_time = 0.042
generalize_model_time = 0.150
generalize_and_push_time = 0.472
ctg_time = 0.198
try_blocking_time = 0.585
reset_time = 0.007
clausify_time = 0.062
preprocess_time = 0.003
solve_time = 0.489
solve_sat_time = 0.337
solve_unsat_time = 0.152
prove_time = 0.705
memory_used_mb = 7
total_time = 0.717
Safe
