initialized model with 239 latches, 14 inputs and 1 properties
tsim: performed 9 steps
tsim: found cycle from 7
tsim: found 33 constants and 0 latch equivalences
seqsimpl: (239, 14) -> (42, 14)
checking bound 0
checking bound 1
checking bound 2
tdecomp: unrolling 2 cycles
tsim: performed 7 steps
tsim: found cycle from 5
tsim: found 2 constants and 0 latch equivalences
tdecomp: (42, 56) -> (40, 24)
   2 : 5 1
   3 : 2 2 6
   4 : 2 4 4 8
   5 : 2 4 4 0 8
num_solve_calls = 415
num_solve_sat_calls = 105
num_solve_unsat_calls = 27
num_solve_approx_calls = 195
num_solve_approx_unsat_calls = 153
num_solve_conflicts = 1362
num_solve_decisions = 10000
num_solve_propagations = 398352
avg_solve_conflicts = 4
avg_solve_decisions = 25
avg_solve_propagations = 960
avg_solve_unsat_decisions = 0.148
stddev_solve_unsat_decisions = 0.770
num_added_cubes = 47
num_subsumed_cubes = 29
num_mic_down_calls = 31
num_mic_down_good = 9
num_added_ctgs = 5
num_gc_frame = 14
num_reset = 0
num_try_blocking = 109
get_bad_cube_time = 0.066
rec_block_cube_time = 0.000
propagate_forward_time = 0.003
generalize_model_time = 0.018
generalize_and_push_time = 0.000
ctg_time = 0.000
try_blocking_time = 0.003
reset_time = 0.000
clausify_time = 0.191
preprocess_time = 0.006
solve_time = 0.068
solve_sat_time = 0.040
solve_unsat_time = 0.028
prove_time = 0.279
memory_used_mb = 9
total_time = 0.318
Safe
