initialized model with 312 latches, 9 inputs and 1 properties
tsim: performed 6 steps
tsim: found cycle from 4
tsim: found 16 constants and 0 latch equivalences
seqsimpl: (312, 9) -> (14, 9)
checking bound 0
checking bound 1
checking bound 2
tdecomp: unrolling 2 cycles
tsim: reached all X state
tsim: performed 4 steps
tdecomp: no improvement found, reverting original model
   2 : 1 0
   3 : 1 1 1
   4 : 1 1 1 0
seqsimpl: completing cex trace with simulation
num_solve_calls = 173
num_solve_sat_calls = 38
num_solve_unsat_calls = 11
num_solve_approx_calls = 41
num_solve_approx_unsat_calls = 33
num_solve_conflicts = 158
num_solve_decisions = 1335
num_solve_propagations = 31525
avg_solve_conflicts = 1
avg_solve_decisions = 8
avg_solve_propagations = 183
avg_solve_unsat_decisions = 0.000
stddev_solve_unsat_decisions = 0.000
num_added_cubes = 12
num_subsumed_cubes = 4
num_mic_down_calls = 3
num_mic_down_good = 1
num_added_ctgs = 1
num_gc_frame = 7
num_reset = 0
num_try_blocking = 50
get_bad_cube_time = 0.005
rec_block_cube_time = 0.000
propagate_forward_time = 0.000
generalize_model_time = 0.004
generalize_and_push_time = 0.000
ctg_time = 0.000
try_blocking_time = 0.000
reset_time = 0.000
clausify_time = 0.052
preprocess_time = 0.002
solve_time = 0.005
solve_sat_time = 0.000
solve_unsat_time = 0.005
prove_time = 0.062
memory_used_mb = 7
total_time = 0.107
Unsafe
