initialized model with 37 latches, 8 inputs and 1 properties
tsim: reached all X state
tsim: performed 4 steps
checking bound 0
checking bound 1
checking bound 2
tdecomp: unrolling 2 cycles
tsim: reached all X state
tsim: performed 2 steps
tdecomp: no improvement found, reverting original model
   2 : 11 11
   3 : 9 12 13
   4 : 9 17 27 14
   5 : 9 18 35 31 36
   6 : 9 18 33 32 12 51
   7 : 9 18 31 32 11 6 63
   8 : 9 18 31 32 11 9 6 64
   9 : 9 18 28 30 14 11 3 0 75
completing final invariant with sub-IC3 call...
num_solve_calls = 6131
num_solve_sat_calls = 2057
num_solve_unsat_calls = 359
num_solve_approx_calls = 2283
num_solve_approx_unsat_calls = 1333
num_solve_conflicts = 8526
num_solve_decisions = 69739
num_solve_propagations = 2259978
avg_solve_conflicts = 2
avg_solve_decisions = 12
avg_solve_propagations = 369
avg_solve_unsat_decisions = 0.284
stddev_solve_unsat_decisions = 0.860
num_added_cubes = 603
num_subsumed_cubes = 415
num_mic_down_calls = 850
num_mic_down_good = 231
num_added_ctgs = 79
num_gc_frame = 32
num_reset = 0
num_try_blocking = 2471
get_bad_cube_time = 0.284
rec_block_cube_time = 0.178
propagate_forward_time = 0.097
generalize_model_time = 0.098
generalize_and_push_time = 0.164
ctg_time = 0.069
try_blocking_time = 0.266
reset_time = 0.000
clausify_time = 0.172
preprocess_time = 0.006
solve_time = 0.531
solve_sat_time = 0.387
solve_unsat_time = 0.144
prove_time = 0.753
memory_used_mb = 9
total_time = 0.928
Safe
