initialized model with 40 latches, 28 inputs and 1 properties
tsim: performed 5 steps
tsim: found cycle from 3
checking bound 0
checking bound 1
checking bound 2
tdecomp: unrolling 2 cycles
tsim: performed 3 steps
tsim: found cycle from 1
tsim: found 1 constants and 0 latch equivalences
tdecomp: (40, 112) -> (35, 60)
   2 : 0 0
completing final invariant with sub-IC3 call...
num_solve_calls = 6
num_solve_sat_calls = 0
num_solve_unsat_calls = 0
num_solve_approx_calls = 0
num_solve_approx_unsat_calls = 0
num_solve_conflicts = 51
num_solve_decisions = 177
num_solve_propagations = 3129
avg_solve_conflicts = 9
avg_solve_decisions = 30
avg_solve_propagations = 522
avg_solve_unsat_decisions = 0.000
stddev_solve_unsat_decisions = 0.000
num_added_cubes = 0
num_subsumed_cubes = 0
num_mic_down_calls = 0
num_mic_down_good = 0
num_added_ctgs = 0
num_gc_frame = 0
num_reset = 0
num_try_blocking = 0
get_bad_cube_time = 0.001
rec_block_cube_time = 0.000
propagate_forward_time = 0.000
generalize_model_time = 0.000
generalize_and_push_time = 0.000
ctg_time = 0.000
try_blocking_time = 0.000
reset_time = 0.000
clausify_time = 0.067
preprocess_time = 0.005
solve_time = 0.002
solve_sat_time = 0.000
solve_unsat_time = 0.002
prove_time = 0.083
memory_used_mb = 8
total_time = 0.126
Safe
